[2025-12-24T08:47:46.274+0000] {processor.py:186} INFO - Started process (PID=40) to work on /opt/airflow/dags/etl_datalake_dag.py
[2025-12-24T08:47:46.275+0000] {processor.py:914} INFO - Processing file /opt/airflow/dags/etl_datalake_dag.py for tasks to queue
[2025-12-24T08:47:46.277+0000] {logging_mixin.py:190} INFO - [2025-12-24T08:47:46.276+0000] {dagbag.py:588} INFO - Filling up the DagBag from /opt/airflow/dags/etl_datalake_dag.py
[2025-12-24T08:47:46.297+0000] {processor.py:925} INFO - DAG(s) 'etl_datalake_hive_iceberg' retrieved from /opt/airflow/dags/etl_datalake_dag.py
[2025-12-24T08:47:46.341+0000] {logging_mixin.py:190} INFO - [2025-12-24T08:47:46.341+0000] {dag.py:3239} INFO - Sync 1 DAGs
[2025-12-24T08:47:46.380+0000] {logging_mixin.py:190} INFO - [2025-12-24T08:47:46.379+0000] {dag.py:4180} INFO - Setting next_dagrun for etl_datalake_hive_iceberg to 2025-12-23T00:00:00+00:00, run_after=2025-12-24T00:00:00+00:00
[2025-12-24T08:47:46.405+0000] {processor.py:208} INFO - Processing /opt/airflow/dags/etl_datalake_dag.py took 0.138 seconds
[2025-12-24T08:48:17.239+0000] {processor.py:186} INFO - Started process (PID=44) to work on /opt/airflow/dags/etl_datalake_dag.py
[2025-12-24T08:48:17.239+0000] {processor.py:914} INFO - Processing file /opt/airflow/dags/etl_datalake_dag.py for tasks to queue
[2025-12-24T08:48:17.241+0000] {logging_mixin.py:190} INFO - [2025-12-24T08:48:17.241+0000] {dagbag.py:588} INFO - Filling up the DagBag from /opt/airflow/dags/etl_datalake_dag.py
[2025-12-24T08:48:17.264+0000] {processor.py:925} INFO - DAG(s) 'etl_datalake_hive_iceberg' retrieved from /opt/airflow/dags/etl_datalake_dag.py
[2025-12-24T08:48:17.328+0000] {logging_mixin.py:190} INFO - [2025-12-24T08:48:17.328+0000] {dag.py:3239} INFO - Sync 1 DAGs
[2025-12-24T08:48:17.366+0000] {logging_mixin.py:190} INFO - [2025-12-24T08:48:17.366+0000] {dag.py:4180} INFO - Setting next_dagrun for etl_datalake_hive_iceberg to 2025-12-23T00:00:00+00:00, run_after=2025-12-24T00:00:00+00:00
[2025-12-24T08:48:17.422+0000] {processor.py:208} INFO - Processing /opt/airflow/dags/etl_datalake_dag.py took 0.188 seconds
[2025-12-24T08:48:48.038+0000] {processor.py:186} INFO - Started process (PID=48) to work on /opt/airflow/dags/etl_datalake_dag.py
[2025-12-24T08:48:48.039+0000] {processor.py:914} INFO - Processing file /opt/airflow/dags/etl_datalake_dag.py for tasks to queue
[2025-12-24T08:48:48.041+0000] {logging_mixin.py:190} INFO - [2025-12-24T08:48:48.040+0000] {dagbag.py:588} INFO - Filling up the DagBag from /opt/airflow/dags/etl_datalake_dag.py
[2025-12-24T08:48:48.064+0000] {processor.py:925} INFO - DAG(s) 'etl_datalake_hive_iceberg' retrieved from /opt/airflow/dags/etl_datalake_dag.py
[2025-12-24T08:48:48.117+0000] {logging_mixin.py:190} INFO - [2025-12-24T08:48:48.116+0000] {dag.py:3239} INFO - Sync 1 DAGs
[2025-12-24T08:48:48.157+0000] {logging_mixin.py:190} INFO - [2025-12-24T08:48:48.156+0000] {dag.py:4180} INFO - Setting next_dagrun for etl_datalake_hive_iceberg to 2025-12-23T00:00:00+00:00, run_after=2025-12-24T00:00:00+00:00
[2025-12-24T08:48:48.207+0000] {processor.py:208} INFO - Processing /opt/airflow/dags/etl_datalake_dag.py took 0.176 seconds
[2025-12-24T08:49:18.770+0000] {processor.py:186} INFO - Started process (PID=52) to work on /opt/airflow/dags/etl_datalake_dag.py
[2025-12-24T08:49:18.773+0000] {processor.py:914} INFO - Processing file /opt/airflow/dags/etl_datalake_dag.py for tasks to queue
[2025-12-24T08:49:18.776+0000] {logging_mixin.py:190} INFO - [2025-12-24T08:49:18.776+0000] {dagbag.py:588} INFO - Filling up the DagBag from /opt/airflow/dags/etl_datalake_dag.py
[2025-12-24T08:49:18.823+0000] {processor.py:925} INFO - DAG(s) 'etl_datalake_hive_iceberg' retrieved from /opt/airflow/dags/etl_datalake_dag.py
[2025-12-24T08:49:18.918+0000] {logging_mixin.py:190} INFO - [2025-12-24T08:49:18.917+0000] {dag.py:3239} INFO - Sync 1 DAGs
[2025-12-24T08:49:18.964+0000] {logging_mixin.py:190} INFO - [2025-12-24T08:49:18.964+0000] {dag.py:4180} INFO - Setting next_dagrun for etl_datalake_hive_iceberg to 2025-12-23T00:00:00+00:00, run_after=2025-12-24T00:00:00+00:00
[2025-12-24T08:49:19.063+0000] {processor.py:208} INFO - Processing /opt/airflow/dags/etl_datalake_dag.py took 0.306 seconds
[2025-12-24T08:49:49.278+0000] {processor.py:186} INFO - Started process (PID=56) to work on /opt/airflow/dags/etl_datalake_dag.py
[2025-12-24T08:49:49.279+0000] {processor.py:914} INFO - Processing file /opt/airflow/dags/etl_datalake_dag.py for tasks to queue
[2025-12-24T08:49:49.281+0000] {logging_mixin.py:190} INFO - [2025-12-24T08:49:49.281+0000] {dagbag.py:588} INFO - Filling up the DagBag from /opt/airflow/dags/etl_datalake_dag.py
[2025-12-24T08:49:49.308+0000] {processor.py:925} INFO - DAG(s) 'etl_datalake_hive_iceberg' retrieved from /opt/airflow/dags/etl_datalake_dag.py
[2025-12-24T08:49:49.357+0000] {logging_mixin.py:190} INFO - [2025-12-24T08:49:49.357+0000] {dag.py:3239} INFO - Sync 1 DAGs
[2025-12-24T08:49:49.399+0000] {logging_mixin.py:190} INFO - [2025-12-24T08:49:49.399+0000] {dag.py:4180} INFO - Setting next_dagrun for etl_datalake_hive_iceberg to 2025-12-23T00:00:00+00:00, run_after=2025-12-24T00:00:00+00:00
[2025-12-24T08:49:49.445+0000] {processor.py:208} INFO - Processing /opt/airflow/dags/etl_datalake_dag.py took 0.173 seconds
[2025-12-24T08:50:19.516+0000] {processor.py:186} INFO - Started process (PID=60) to work on /opt/airflow/dags/etl_datalake_dag.py
[2025-12-24T08:50:19.517+0000] {processor.py:914} INFO - Processing file /opt/airflow/dags/etl_datalake_dag.py for tasks to queue
[2025-12-24T08:50:19.520+0000] {logging_mixin.py:190} INFO - [2025-12-24T08:50:19.520+0000] {dagbag.py:588} INFO - Filling up the DagBag from /opt/airflow/dags/etl_datalake_dag.py
[2025-12-24T08:50:19.550+0000] {processor.py:925} INFO - DAG(s) 'etl_datalake_hive_iceberg' retrieved from /opt/airflow/dags/etl_datalake_dag.py
[2025-12-24T08:50:19.606+0000] {logging_mixin.py:190} INFO - [2025-12-24T08:50:19.606+0000] {dag.py:3239} INFO - Sync 1 DAGs
[2025-12-24T08:50:19.661+0000] {logging_mixin.py:190} INFO - [2025-12-24T08:50:19.660+0000] {dag.py:4180} INFO - Setting next_dagrun for etl_datalake_hive_iceberg to 2025-12-23T00:00:00+00:00, run_after=2025-12-24T00:00:00+00:00
[2025-12-24T08:50:19.714+0000] {processor.py:208} INFO - Processing /opt/airflow/dags/etl_datalake_dag.py took 0.206 seconds
[2025-12-24T08:50:50.333+0000] {processor.py:186} INFO - Started process (PID=64) to work on /opt/airflow/dags/etl_datalake_dag.py
[2025-12-24T08:50:50.334+0000] {processor.py:914} INFO - Processing file /opt/airflow/dags/etl_datalake_dag.py for tasks to queue
[2025-12-24T08:50:50.336+0000] {logging_mixin.py:190} INFO - [2025-12-24T08:50:50.336+0000] {dagbag.py:588} INFO - Filling up the DagBag from /opt/airflow/dags/etl_datalake_dag.py
[2025-12-24T08:50:50.370+0000] {processor.py:925} INFO - DAG(s) 'etl_datalake_hive_iceberg' retrieved from /opt/airflow/dags/etl_datalake_dag.py
[2025-12-24T08:50:50.423+0000] {logging_mixin.py:190} INFO - [2025-12-24T08:50:50.423+0000] {dag.py:3239} INFO - Sync 1 DAGs
[2025-12-24T08:50:50.469+0000] {logging_mixin.py:190} INFO - [2025-12-24T08:50:50.469+0000] {dag.py:4180} INFO - Setting next_dagrun for etl_datalake_hive_iceberg to 2025-12-23T00:00:00+00:00, run_after=2025-12-24T00:00:00+00:00
[2025-12-24T08:50:50.508+0000] {processor.py:208} INFO - Processing /opt/airflow/dags/etl_datalake_dag.py took 0.182 seconds
[2025-12-24T08:51:20.772+0000] {processor.py:186} INFO - Started process (PID=68) to work on /opt/airflow/dags/etl_datalake_dag.py
[2025-12-24T08:51:20.772+0000] {processor.py:914} INFO - Processing file /opt/airflow/dags/etl_datalake_dag.py for tasks to queue
[2025-12-24T08:51:20.774+0000] {logging_mixin.py:190} INFO - [2025-12-24T08:51:20.773+0000] {dagbag.py:588} INFO - Filling up the DagBag from /opt/airflow/dags/etl_datalake_dag.py
[2025-12-24T08:51:20.793+0000] {processor.py:925} INFO - DAG(s) 'etl_datalake_hive_iceberg' retrieved from /opt/airflow/dags/etl_datalake_dag.py
[2025-12-24T08:51:20.832+0000] {logging_mixin.py:190} INFO - [2025-12-24T08:51:20.831+0000] {dag.py:3239} INFO - Sync 1 DAGs
[2025-12-24T08:51:20.870+0000] {logging_mixin.py:190} INFO - [2025-12-24T08:51:20.870+0000] {dag.py:4180} INFO - Setting next_dagrun for etl_datalake_hive_iceberg to 2025-12-23T00:00:00+00:00, run_after=2025-12-24T00:00:00+00:00
[2025-12-24T08:51:20.920+0000] {processor.py:208} INFO - Processing /opt/airflow/dags/etl_datalake_dag.py took 0.154 seconds
[2025-12-24T08:51:51.266+0000] {processor.py:186} INFO - Started process (PID=72) to work on /opt/airflow/dags/etl_datalake_dag.py
[2025-12-24T08:51:51.267+0000] {processor.py:914} INFO - Processing file /opt/airflow/dags/etl_datalake_dag.py for tasks to queue
[2025-12-24T08:51:51.268+0000] {logging_mixin.py:190} INFO - [2025-12-24T08:51:51.268+0000] {dagbag.py:588} INFO - Filling up the DagBag from /opt/airflow/dags/etl_datalake_dag.py
[2025-12-24T08:51:51.285+0000] {processor.py:925} INFO - DAG(s) 'etl_datalake_hive_iceberg' retrieved from /opt/airflow/dags/etl_datalake_dag.py
[2025-12-24T08:51:51.321+0000] {logging_mixin.py:190} INFO - [2025-12-24T08:51:51.321+0000] {dag.py:3239} INFO - Sync 1 DAGs
[2025-12-24T08:51:51.357+0000] {logging_mixin.py:190} INFO - [2025-12-24T08:51:51.357+0000] {dag.py:4180} INFO - Setting next_dagrun for etl_datalake_hive_iceberg to 2025-12-23T00:00:00+00:00, run_after=2025-12-24T00:00:00+00:00
[2025-12-24T08:51:51.392+0000] {processor.py:208} INFO - Processing /opt/airflow/dags/etl_datalake_dag.py took 0.131 seconds
[2025-12-24T08:52:22.344+0000] {processor.py:186} INFO - Started process (PID=76) to work on /opt/airflow/dags/etl_datalake_dag.py
[2025-12-24T08:52:22.345+0000] {processor.py:914} INFO - Processing file /opt/airflow/dags/etl_datalake_dag.py for tasks to queue
[2025-12-24T08:52:22.346+0000] {logging_mixin.py:190} INFO - [2025-12-24T08:52:22.345+0000] {dagbag.py:588} INFO - Filling up the DagBag from /opt/airflow/dags/etl_datalake_dag.py
[2025-12-24T08:52:22.377+0000] {processor.py:925} INFO - DAG(s) 'etl_datalake_hive_iceberg' retrieved from /opt/airflow/dags/etl_datalake_dag.py
[2025-12-24T08:52:22.419+0000] {logging_mixin.py:190} INFO - [2025-12-24T08:52:22.419+0000] {dag.py:3239} INFO - Sync 1 DAGs
[2025-12-24T08:52:22.452+0000] {logging_mixin.py:190} INFO - [2025-12-24T08:52:22.452+0000] {dag.py:4180} INFO - Setting next_dagrun for etl_datalake_hive_iceberg to 2025-12-23T00:00:00+00:00, run_after=2025-12-24T00:00:00+00:00
[2025-12-24T08:52:22.486+0000] {processor.py:208} INFO - Processing /opt/airflow/dags/etl_datalake_dag.py took 0.147 seconds
[2025-12-24T08:52:53.181+0000] {processor.py:186} INFO - Started process (PID=80) to work on /opt/airflow/dags/etl_datalake_dag.py
[2025-12-24T08:52:53.181+0000] {processor.py:914} INFO - Processing file /opt/airflow/dags/etl_datalake_dag.py for tasks to queue
[2025-12-24T08:52:53.183+0000] {logging_mixin.py:190} INFO - [2025-12-24T08:52:53.182+0000] {dagbag.py:588} INFO - Filling up the DagBag from /opt/airflow/dags/etl_datalake_dag.py
[2025-12-24T08:52:53.202+0000] {processor.py:925} INFO - DAG(s) 'etl_datalake_hive_iceberg' retrieved from /opt/airflow/dags/etl_datalake_dag.py
[2025-12-24T08:52:53.257+0000] {logging_mixin.py:190} INFO - [2025-12-24T08:52:53.257+0000] {dag.py:3239} INFO - Sync 1 DAGs
[2025-12-24T08:52:53.292+0000] {logging_mixin.py:190} INFO - [2025-12-24T08:52:53.292+0000] {dag.py:4180} INFO - Setting next_dagrun for etl_datalake_hive_iceberg to 2025-12-23T00:00:00+00:00, run_after=2025-12-24T00:00:00+00:00
[2025-12-24T08:52:53.358+0000] {processor.py:208} INFO - Processing /opt/airflow/dags/etl_datalake_dag.py took 0.183 seconds
[2025-12-24T08:53:23.696+0000] {processor.py:186} INFO - Started process (PID=84) to work on /opt/airflow/dags/etl_datalake_dag.py
[2025-12-24T08:53:23.697+0000] {processor.py:914} INFO - Processing file /opt/airflow/dags/etl_datalake_dag.py for tasks to queue
[2025-12-24T08:53:23.699+0000] {logging_mixin.py:190} INFO - [2025-12-24T08:53:23.699+0000] {dagbag.py:588} INFO - Filling up the DagBag from /opt/airflow/dags/etl_datalake_dag.py
[2025-12-24T08:53:23.726+0000] {processor.py:925} INFO - DAG(s) 'etl_datalake_hive_iceberg' retrieved from /opt/airflow/dags/etl_datalake_dag.py
[2025-12-24T08:53:23.780+0000] {logging_mixin.py:190} INFO - [2025-12-24T08:53:23.779+0000] {dag.py:3239} INFO - Sync 1 DAGs
[2025-12-24T08:53:23.832+0000] {logging_mixin.py:190} INFO - [2025-12-24T08:53:23.832+0000] {dag.py:4180} INFO - Setting next_dagrun for etl_datalake_hive_iceberg to 2025-12-23T00:00:00+00:00, run_after=2025-12-24T00:00:00+00:00
[2025-12-24T08:53:23.893+0000] {processor.py:208} INFO - Processing /opt/airflow/dags/etl_datalake_dag.py took 0.206 seconds
[2025-12-24T08:53:54.000+0000] {processor.py:186} INFO - Started process (PID=88) to work on /opt/airflow/dags/etl_datalake_dag.py
[2025-12-24T08:53:54.001+0000] {processor.py:914} INFO - Processing file /opt/airflow/dags/etl_datalake_dag.py for tasks to queue
[2025-12-24T08:53:54.002+0000] {logging_mixin.py:190} INFO - [2025-12-24T08:53:54.002+0000] {dagbag.py:588} INFO - Filling up the DagBag from /opt/airflow/dags/etl_datalake_dag.py
[2025-12-24T08:53:54.031+0000] {processor.py:925} INFO - DAG(s) 'etl_datalake_hive_iceberg' retrieved from /opt/airflow/dags/etl_datalake_dag.py
[2025-12-24T08:53:54.086+0000] {logging_mixin.py:190} INFO - [2025-12-24T08:53:54.086+0000] {dag.py:3239} INFO - Sync 1 DAGs
[2025-12-24T08:53:54.136+0000] {logging_mixin.py:190} INFO - [2025-12-24T08:53:54.135+0000] {dag.py:4180} INFO - Setting next_dagrun for etl_datalake_hive_iceberg to 2025-12-23T00:00:00+00:00, run_after=2025-12-24T00:00:00+00:00
[2025-12-24T08:53:54.179+0000] {processor.py:208} INFO - Processing /opt/airflow/dags/etl_datalake_dag.py took 0.187 seconds
[2025-12-24T08:54:25.002+0000] {processor.py:186} INFO - Started process (PID=92) to work on /opt/airflow/dags/etl_datalake_dag.py
[2025-12-24T08:54:25.003+0000] {processor.py:914} INFO - Processing file /opt/airflow/dags/etl_datalake_dag.py for tasks to queue
[2025-12-24T08:54:25.005+0000] {logging_mixin.py:190} INFO - [2025-12-24T08:54:25.005+0000] {dagbag.py:588} INFO - Filling up the DagBag from /opt/airflow/dags/etl_datalake_dag.py
[2025-12-24T08:54:25.031+0000] {processor.py:925} INFO - DAG(s) 'etl_datalake_hive_iceberg' retrieved from /opt/airflow/dags/etl_datalake_dag.py
[2025-12-24T08:54:25.097+0000] {logging_mixin.py:190} INFO - [2025-12-24T08:54:25.097+0000] {dag.py:3239} INFO - Sync 1 DAGs
[2025-12-24T08:54:25.150+0000] {logging_mixin.py:190} INFO - [2025-12-24T08:54:25.150+0000] {dag.py:4180} INFO - Setting next_dagrun for etl_datalake_hive_iceberg to 2025-12-23T00:00:00+00:00, run_after=2025-12-24T00:00:00+00:00
[2025-12-24T08:54:25.194+0000] {processor.py:208} INFO - Processing /opt/airflow/dags/etl_datalake_dag.py took 0.199 seconds
[2025-12-24T08:54:55.726+0000] {processor.py:186} INFO - Started process (PID=96) to work on /opt/airflow/dags/etl_datalake_dag.py
[2025-12-24T08:54:55.727+0000] {processor.py:914} INFO - Processing file /opt/airflow/dags/etl_datalake_dag.py for tasks to queue
[2025-12-24T08:54:55.729+0000] {logging_mixin.py:190} INFO - [2025-12-24T08:54:55.728+0000] {dagbag.py:588} INFO - Filling up the DagBag from /opt/airflow/dags/etl_datalake_dag.py
[2025-12-24T08:54:55.769+0000] {processor.py:925} INFO - DAG(s) 'etl_datalake_hive_iceberg' retrieved from /opt/airflow/dags/etl_datalake_dag.py
[2025-12-24T08:54:55.851+0000] {logging_mixin.py:190} INFO - [2025-12-24T08:54:55.850+0000] {dag.py:3239} INFO - Sync 1 DAGs
[2025-12-24T08:54:55.908+0000] {logging_mixin.py:190} INFO - [2025-12-24T08:54:55.907+0000] {dag.py:4180} INFO - Setting next_dagrun for etl_datalake_hive_iceberg to 2025-12-23T00:00:00+00:00, run_after=2025-12-24T00:00:00+00:00
[2025-12-24T08:54:55.980+0000] {processor.py:208} INFO - Processing /opt/airflow/dags/etl_datalake_dag.py took 0.267 seconds
[2025-12-24T08:55:26.075+0000] {processor.py:186} INFO - Started process (PID=100) to work on /opt/airflow/dags/etl_datalake_dag.py
[2025-12-24T08:55:26.076+0000] {processor.py:914} INFO - Processing file /opt/airflow/dags/etl_datalake_dag.py for tasks to queue
[2025-12-24T08:55:26.078+0000] {logging_mixin.py:190} INFO - [2025-12-24T08:55:26.078+0000] {dagbag.py:588} INFO - Filling up the DagBag from /opt/airflow/dags/etl_datalake_dag.py
[2025-12-24T08:55:26.114+0000] {processor.py:925} INFO - DAG(s) 'etl_datalake_hive_iceberg' retrieved from /opt/airflow/dags/etl_datalake_dag.py
[2025-12-24T08:55:26.182+0000] {logging_mixin.py:190} INFO - [2025-12-24T08:55:26.181+0000] {dag.py:3239} INFO - Sync 1 DAGs
[2025-12-24T08:55:26.232+0000] {logging_mixin.py:190} INFO - [2025-12-24T08:55:26.231+0000] {dag.py:4180} INFO - Setting next_dagrun for etl_datalake_hive_iceberg to 2025-12-23T00:00:00+00:00, run_after=2025-12-24T00:00:00+00:00
[2025-12-24T08:55:26.277+0000] {processor.py:208} INFO - Processing /opt/airflow/dags/etl_datalake_dag.py took 0.209 seconds
[2025-12-24T08:55:56.890+0000] {processor.py:186} INFO - Started process (PID=104) to work on /opt/airflow/dags/etl_datalake_dag.py
[2025-12-24T08:55:56.891+0000] {processor.py:914} INFO - Processing file /opt/airflow/dags/etl_datalake_dag.py for tasks to queue
[2025-12-24T08:55:56.892+0000] {logging_mixin.py:190} INFO - [2025-12-24T08:55:56.892+0000] {dagbag.py:588} INFO - Filling up the DagBag from /opt/airflow/dags/etl_datalake_dag.py
[2025-12-24T08:55:56.911+0000] {processor.py:925} INFO - DAG(s) 'etl_datalake_hive_iceberg' retrieved from /opt/airflow/dags/etl_datalake_dag.py
[2025-12-24T08:55:56.950+0000] {logging_mixin.py:190} INFO - [2025-12-24T08:55:56.950+0000] {dag.py:3239} INFO - Sync 1 DAGs
[2025-12-24T08:55:56.982+0000] {logging_mixin.py:190} INFO - [2025-12-24T08:55:56.982+0000] {dag.py:4180} INFO - Setting next_dagrun for etl_datalake_hive_iceberg to 2025-12-23T00:00:00+00:00, run_after=2025-12-24T00:00:00+00:00
[2025-12-24T08:55:57.047+0000] {processor.py:208} INFO - Processing /opt/airflow/dags/etl_datalake_dag.py took 0.163 seconds
[2025-12-24T08:56:27.768+0000] {processor.py:186} INFO - Started process (PID=108) to work on /opt/airflow/dags/etl_datalake_dag.py
[2025-12-24T08:56:27.769+0000] {processor.py:914} INFO - Processing file /opt/airflow/dags/etl_datalake_dag.py for tasks to queue
[2025-12-24T08:56:27.771+0000] {logging_mixin.py:190} INFO - [2025-12-24T08:56:27.770+0000] {dagbag.py:588} INFO - Filling up the DagBag from /opt/airflow/dags/etl_datalake_dag.py
[2025-12-24T08:56:27.794+0000] {processor.py:925} INFO - DAG(s) 'etl_datalake_hive_iceberg' retrieved from /opt/airflow/dags/etl_datalake_dag.py
[2025-12-24T08:56:27.843+0000] {logging_mixin.py:190} INFO - [2025-12-24T08:56:27.843+0000] {dag.py:3239} INFO - Sync 1 DAGs
[2025-12-24T08:56:27.887+0000] {logging_mixin.py:190} INFO - [2025-12-24T08:56:27.887+0000] {dag.py:4180} INFO - Setting next_dagrun for etl_datalake_hive_iceberg to 2025-12-23T00:00:00+00:00, run_after=2025-12-24T00:00:00+00:00
[2025-12-24T08:56:27.928+0000] {processor.py:208} INFO - Processing /opt/airflow/dags/etl_datalake_dag.py took 0.166 seconds
[2025-12-24T08:56:58.466+0000] {processor.py:186} INFO - Started process (PID=112) to work on /opt/airflow/dags/etl_datalake_dag.py
[2025-12-24T08:56:58.467+0000] {processor.py:914} INFO - Processing file /opt/airflow/dags/etl_datalake_dag.py for tasks to queue
[2025-12-24T08:56:58.468+0000] {logging_mixin.py:190} INFO - [2025-12-24T08:56:58.468+0000] {dagbag.py:588} INFO - Filling up the DagBag from /opt/airflow/dags/etl_datalake_dag.py
[2025-12-24T08:56:58.488+0000] {processor.py:925} INFO - DAG(s) 'etl_datalake_hive_iceberg' retrieved from /opt/airflow/dags/etl_datalake_dag.py
[2025-12-24T08:56:58.529+0000] {logging_mixin.py:190} INFO - [2025-12-24T08:56:58.528+0000] {dag.py:3239} INFO - Sync 1 DAGs
[2025-12-24T08:56:58.566+0000] {logging_mixin.py:190} INFO - [2025-12-24T08:56:58.566+0000] {dag.py:4180} INFO - Setting next_dagrun for etl_datalake_hive_iceberg to 2025-12-23T00:00:00+00:00, run_after=2025-12-24T00:00:00+00:00
[2025-12-24T08:56:58.615+0000] {processor.py:208} INFO - Processing /opt/airflow/dags/etl_datalake_dag.py took 0.156 seconds
[2025-12-24T08:57:29.122+0000] {processor.py:186} INFO - Started process (PID=116) to work on /opt/airflow/dags/etl_datalake_dag.py
[2025-12-24T08:57:29.122+0000] {processor.py:914} INFO - Processing file /opt/airflow/dags/etl_datalake_dag.py for tasks to queue
[2025-12-24T08:57:29.123+0000] {logging_mixin.py:190} INFO - [2025-12-24T08:57:29.123+0000] {dagbag.py:588} INFO - Filling up the DagBag from /opt/airflow/dags/etl_datalake_dag.py
[2025-12-24T08:57:29.141+0000] {processor.py:925} INFO - DAG(s) 'etl_datalake_hive_iceberg' retrieved from /opt/airflow/dags/etl_datalake_dag.py
[2025-12-24T08:57:29.175+0000] {logging_mixin.py:190} INFO - [2025-12-24T08:57:29.175+0000] {dag.py:3239} INFO - Sync 1 DAGs
[2025-12-24T08:57:29.206+0000] {logging_mixin.py:190} INFO - [2025-12-24T08:57:29.206+0000] {dag.py:4180} INFO - Setting next_dagrun for etl_datalake_hive_iceberg to 2025-12-23T00:00:00+00:00, run_after=2025-12-24T00:00:00+00:00
[2025-12-24T08:57:29.262+0000] {processor.py:208} INFO - Processing /opt/airflow/dags/etl_datalake_dag.py took 0.146 seconds
[2025-12-24T08:58:00.013+0000] {processor.py:186} INFO - Started process (PID=120) to work on /opt/airflow/dags/etl_datalake_dag.py
[2025-12-24T08:58:00.013+0000] {processor.py:914} INFO - Processing file /opt/airflow/dags/etl_datalake_dag.py for tasks to queue
[2025-12-24T08:58:00.015+0000] {logging_mixin.py:190} INFO - [2025-12-24T08:58:00.014+0000] {dagbag.py:588} INFO - Filling up the DagBag from /opt/airflow/dags/etl_datalake_dag.py
[2025-12-24T08:58:00.032+0000] {processor.py:925} INFO - DAG(s) 'etl_datalake_hive_iceberg' retrieved from /opt/airflow/dags/etl_datalake_dag.py
[2025-12-24T08:58:00.070+0000] {logging_mixin.py:190} INFO - [2025-12-24T08:58:00.069+0000] {dag.py:3239} INFO - Sync 1 DAGs
[2025-12-24T08:58:00.104+0000] {logging_mixin.py:190} INFO - [2025-12-24T08:58:00.104+0000] {dag.py:4180} INFO - Setting next_dagrun for etl_datalake_hive_iceberg to 2025-12-23T00:00:00+00:00, run_after=2025-12-24T00:00:00+00:00
[2025-12-24T08:58:00.154+0000] {processor.py:208} INFO - Processing /opt/airflow/dags/etl_datalake_dag.py took 0.146 seconds
[2025-12-24T08:58:30.780+0000] {processor.py:186} INFO - Started process (PID=124) to work on /opt/airflow/dags/etl_datalake_dag.py
[2025-12-24T08:58:30.781+0000] {processor.py:914} INFO - Processing file /opt/airflow/dags/etl_datalake_dag.py for tasks to queue
[2025-12-24T08:58:30.782+0000] {logging_mixin.py:190} INFO - [2025-12-24T08:58:30.782+0000] {dagbag.py:588} INFO - Filling up the DagBag from /opt/airflow/dags/etl_datalake_dag.py
[2025-12-24T08:58:30.800+0000] {processor.py:925} INFO - DAG(s) 'etl_datalake_hive_iceberg' retrieved from /opt/airflow/dags/etl_datalake_dag.py
[2025-12-24T08:58:30.837+0000] {logging_mixin.py:190} INFO - [2025-12-24T08:58:30.837+0000] {dag.py:3239} INFO - Sync 1 DAGs
[2025-12-24T08:58:30.871+0000] {logging_mixin.py:190} INFO - [2025-12-24T08:58:30.871+0000] {dag.py:4180} INFO - Setting next_dagrun for etl_datalake_hive_iceberg to 2025-12-23T00:00:00+00:00, run_after=2025-12-24T00:00:00+00:00
[2025-12-24T08:58:30.916+0000] {processor.py:208} INFO - Processing /opt/airflow/dags/etl_datalake_dag.py took 0.141 seconds
[2025-12-24T08:59:01.405+0000] {processor.py:186} INFO - Started process (PID=128) to work on /opt/airflow/dags/etl_datalake_dag.py
[2025-12-24T08:59:01.406+0000] {processor.py:914} INFO - Processing file /opt/airflow/dags/etl_datalake_dag.py for tasks to queue
[2025-12-24T08:59:01.408+0000] {logging_mixin.py:190} INFO - [2025-12-24T08:59:01.407+0000] {dagbag.py:588} INFO - Filling up the DagBag from /opt/airflow/dags/etl_datalake_dag.py
[2025-12-24T08:59:01.432+0000] {processor.py:925} INFO - DAG(s) 'etl_datalake_hive_iceberg' retrieved from /opt/airflow/dags/etl_datalake_dag.py
[2025-12-24T08:59:01.480+0000] {logging_mixin.py:190} INFO - [2025-12-24T08:59:01.480+0000] {dag.py:3239} INFO - Sync 1 DAGs
[2025-12-24T08:59:01.518+0000] {logging_mixin.py:190} INFO - [2025-12-24T08:59:01.518+0000] {dag.py:4180} INFO - Setting next_dagrun for etl_datalake_hive_iceberg to 2025-12-23T00:00:00+00:00, run_after=2025-12-24T00:00:00+00:00
[2025-12-24T08:59:01.558+0000] {processor.py:208} INFO - Processing /opt/airflow/dags/etl_datalake_dag.py took 0.161 seconds
[2025-12-24T08:59:31.890+0000] {processor.py:186} INFO - Started process (PID=132) to work on /opt/airflow/dags/etl_datalake_dag.py
[2025-12-24T08:59:31.891+0000] {processor.py:914} INFO - Processing file /opt/airflow/dags/etl_datalake_dag.py for tasks to queue
[2025-12-24T08:59:31.894+0000] {logging_mixin.py:190} INFO - [2025-12-24T08:59:31.894+0000] {dagbag.py:588} INFO - Filling up the DagBag from /opt/airflow/dags/etl_datalake_dag.py
[2025-12-24T08:59:31.926+0000] {processor.py:925} INFO - DAG(s) 'etl_datalake_hive_iceberg' retrieved from /opt/airflow/dags/etl_datalake_dag.py
[2025-12-24T08:59:31.985+0000] {logging_mixin.py:190} INFO - [2025-12-24T08:59:31.984+0000] {dag.py:3239} INFO - Sync 1 DAGs
[2025-12-24T08:59:32.032+0000] {logging_mixin.py:190} INFO - [2025-12-24T08:59:32.032+0000] {dag.py:4180} INFO - Setting next_dagrun for etl_datalake_hive_iceberg to 2025-12-23T00:00:00+00:00, run_after=2025-12-24T00:00:00+00:00
[2025-12-24T08:59:32.086+0000] {processor.py:208} INFO - Processing /opt/airflow/dags/etl_datalake_dag.py took 0.208 seconds
[2025-12-24T09:00:02.334+0000] {processor.py:186} INFO - Started process (PID=136) to work on /opt/airflow/dags/etl_datalake_dag.py
[2025-12-24T09:00:02.335+0000] {processor.py:914} INFO - Processing file /opt/airflow/dags/etl_datalake_dag.py for tasks to queue
[2025-12-24T09:00:02.337+0000] {logging_mixin.py:190} INFO - [2025-12-24T09:00:02.336+0000] {dagbag.py:588} INFO - Filling up the DagBag from /opt/airflow/dags/etl_datalake_dag.py
[2025-12-24T09:00:02.367+0000] {processor.py:925} INFO - DAG(s) 'etl_datalake_hive_iceberg' retrieved from /opt/airflow/dags/etl_datalake_dag.py
[2025-12-24T09:00:02.455+0000] {logging_mixin.py:190} INFO - [2025-12-24T09:00:02.454+0000] {dag.py:3239} INFO - Sync 1 DAGs
[2025-12-24T09:00:02.525+0000] {logging_mixin.py:190} INFO - [2025-12-24T09:00:02.525+0000] {dag.py:4180} INFO - Setting next_dagrun for etl_datalake_hive_iceberg to 2025-12-23T00:00:00+00:00, run_after=2025-12-24T00:00:00+00:00
[2025-12-24T09:00:02.595+0000] {processor.py:208} INFO - Processing /opt/airflow/dags/etl_datalake_dag.py took 0.272 seconds
[2025-12-24T09:00:33.029+0000] {processor.py:186} INFO - Started process (PID=140) to work on /opt/airflow/dags/etl_datalake_dag.py
[2025-12-24T09:00:33.030+0000] {processor.py:914} INFO - Processing file /opt/airflow/dags/etl_datalake_dag.py for tasks to queue
[2025-12-24T09:00:33.031+0000] {logging_mixin.py:190} INFO - [2025-12-24T09:00:33.031+0000] {dagbag.py:588} INFO - Filling up the DagBag from /opt/airflow/dags/etl_datalake_dag.py
[2025-12-24T09:00:33.057+0000] {processor.py:925} INFO - DAG(s) 'etl_datalake_hive_iceberg' retrieved from /opt/airflow/dags/etl_datalake_dag.py
[2025-12-24T09:00:33.103+0000] {logging_mixin.py:190} INFO - [2025-12-24T09:00:33.103+0000] {dag.py:3239} INFO - Sync 1 DAGs
[2025-12-24T09:00:33.147+0000] {logging_mixin.py:190} INFO - [2025-12-24T09:00:33.147+0000] {dag.py:4180} INFO - Setting next_dagrun for etl_datalake_hive_iceberg to 2025-12-23T00:00:00+00:00, run_after=2025-12-24T00:00:00+00:00
[2025-12-24T09:00:33.187+0000] {processor.py:208} INFO - Processing /opt/airflow/dags/etl_datalake_dag.py took 0.166 seconds
[2025-12-24T09:01:03.307+0000] {processor.py:186} INFO - Started process (PID=144) to work on /opt/airflow/dags/etl_datalake_dag.py
[2025-12-24T09:01:03.308+0000] {processor.py:914} INFO - Processing file /opt/airflow/dags/etl_datalake_dag.py for tasks to queue
[2025-12-24T09:01:03.310+0000] {logging_mixin.py:190} INFO - [2025-12-24T09:01:03.309+0000] {dagbag.py:588} INFO - Filling up the DagBag from /opt/airflow/dags/etl_datalake_dag.py
[2025-12-24T09:01:03.345+0000] {processor.py:925} INFO - DAG(s) 'etl_datalake_hive_iceberg' retrieved from /opt/airflow/dags/etl_datalake_dag.py
[2025-12-24T09:01:03.423+0000] {logging_mixin.py:190} INFO - [2025-12-24T09:01:03.423+0000] {dag.py:3239} INFO - Sync 1 DAGs
[2025-12-24T09:01:03.478+0000] {logging_mixin.py:190} INFO - [2025-12-24T09:01:03.478+0000] {dag.py:4180} INFO - Setting next_dagrun for etl_datalake_hive_iceberg to 2025-12-23T00:00:00+00:00, run_after=2025-12-24T00:00:00+00:00
[2025-12-24T09:01:03.558+0000] {processor.py:208} INFO - Processing /opt/airflow/dags/etl_datalake_dag.py took 0.263 seconds
[2025-12-24T09:01:33.928+0000] {processor.py:186} INFO - Started process (PID=148) to work on /opt/airflow/dags/etl_datalake_dag.py
[2025-12-24T09:01:33.929+0000] {processor.py:914} INFO - Processing file /opt/airflow/dags/etl_datalake_dag.py for tasks to queue
[2025-12-24T09:01:33.931+0000] {logging_mixin.py:190} INFO - [2025-12-24T09:01:33.931+0000] {dagbag.py:588} INFO - Filling up the DagBag from /opt/airflow/dags/etl_datalake_dag.py
[2025-12-24T09:01:33.959+0000] {processor.py:925} INFO - DAG(s) 'etl_datalake_hive_iceberg' retrieved from /opt/airflow/dags/etl_datalake_dag.py
[2025-12-24T09:01:34.009+0000] {logging_mixin.py:190} INFO - [2025-12-24T09:01:34.008+0000] {dag.py:3239} INFO - Sync 1 DAGs
[2025-12-24T09:01:34.048+0000] {logging_mixin.py:190} INFO - [2025-12-24T09:01:34.048+0000] {dag.py:4180} INFO - Setting next_dagrun for etl_datalake_hive_iceberg to 2025-12-23T00:00:00+00:00, run_after=2025-12-24T00:00:00+00:00
[2025-12-24T09:01:34.086+0000] {processor.py:208} INFO - Processing /opt/airflow/dags/etl_datalake_dag.py took 0.168 seconds
[2025-12-24T09:02:04.589+0000] {processor.py:186} INFO - Started process (PID=152) to work on /opt/airflow/dags/etl_datalake_dag.py
[2025-12-24T09:02:04.590+0000] {processor.py:914} INFO - Processing file /opt/airflow/dags/etl_datalake_dag.py for tasks to queue
[2025-12-24T09:02:04.592+0000] {logging_mixin.py:190} INFO - [2025-12-24T09:02:04.592+0000] {dagbag.py:588} INFO - Filling up the DagBag from /opt/airflow/dags/etl_datalake_dag.py
[2025-12-24T09:02:04.627+0000] {processor.py:925} INFO - DAG(s) 'etl_datalake_hive_iceberg' retrieved from /opt/airflow/dags/etl_datalake_dag.py
[2025-12-24T09:02:04.682+0000] {logging_mixin.py:190} INFO - [2025-12-24T09:02:04.682+0000] {dag.py:3239} INFO - Sync 1 DAGs
[2025-12-24T09:02:04.725+0000] {logging_mixin.py:190} INFO - [2025-12-24T09:02:04.725+0000] {dag.py:4180} INFO - Setting next_dagrun for etl_datalake_hive_iceberg to 2025-12-23T00:00:00+00:00, run_after=2025-12-24T00:00:00+00:00
[2025-12-24T09:02:04.763+0000] {processor.py:208} INFO - Processing /opt/airflow/dags/etl_datalake_dag.py took 0.183 seconds
[2025-12-24T09:02:35.345+0000] {processor.py:186} INFO - Started process (PID=156) to work on /opt/airflow/dags/etl_datalake_dag.py
[2025-12-24T09:02:35.346+0000] {processor.py:914} INFO - Processing file /opt/airflow/dags/etl_datalake_dag.py for tasks to queue
[2025-12-24T09:02:35.348+0000] {logging_mixin.py:190} INFO - [2025-12-24T09:02:35.348+0000] {dagbag.py:588} INFO - Filling up the DagBag from /opt/airflow/dags/etl_datalake_dag.py
[2025-12-24T09:02:35.370+0000] {processor.py:925} INFO - DAG(s) 'etl_datalake_hive_iceberg' retrieved from /opt/airflow/dags/etl_datalake_dag.py
[2025-12-24T09:02:35.408+0000] {logging_mixin.py:190} INFO - [2025-12-24T09:02:35.408+0000] {dag.py:3239} INFO - Sync 1 DAGs
[2025-12-24T09:02:35.441+0000] {logging_mixin.py:190} INFO - [2025-12-24T09:02:35.441+0000] {dag.py:4180} INFO - Setting next_dagrun for etl_datalake_hive_iceberg to 2025-12-23T00:00:00+00:00, run_after=2025-12-24T00:00:00+00:00
[2025-12-24T09:02:35.473+0000] {processor.py:208} INFO - Processing /opt/airflow/dags/etl_datalake_dag.py took 0.137 seconds
[2025-12-24T09:03:06.046+0000] {processor.py:186} INFO - Started process (PID=160) to work on /opt/airflow/dags/etl_datalake_dag.py
[2025-12-24T09:03:06.047+0000] {processor.py:914} INFO - Processing file /opt/airflow/dags/etl_datalake_dag.py for tasks to queue
[2025-12-24T09:03:06.050+0000] {logging_mixin.py:190} INFO - [2025-12-24T09:03:06.048+0000] {dagbag.py:588} INFO - Filling up the DagBag from /opt/airflow/dags/etl_datalake_dag.py
[2025-12-24T09:03:06.079+0000] {processor.py:925} INFO - DAG(s) 'etl_datalake_hive_iceberg' retrieved from /opt/airflow/dags/etl_datalake_dag.py
[2025-12-24T09:03:06.128+0000] {logging_mixin.py:190} INFO - [2025-12-24T09:03:06.128+0000] {dag.py:3239} INFO - Sync 1 DAGs
[2025-12-24T09:03:06.173+0000] {logging_mixin.py:190} INFO - [2025-12-24T09:03:06.172+0000] {dag.py:4180} INFO - Setting next_dagrun for etl_datalake_hive_iceberg to 2025-12-23T00:00:00+00:00, run_after=2025-12-24T00:00:00+00:00
[2025-12-24T09:03:06.206+0000] {processor.py:208} INFO - Processing /opt/airflow/dags/etl_datalake_dag.py took 0.168 seconds
[2025-12-24T09:03:36.465+0000] {processor.py:186} INFO - Started process (PID=164) to work on /opt/airflow/dags/etl_datalake_dag.py
[2025-12-24T09:03:36.466+0000] {processor.py:914} INFO - Processing file /opt/airflow/dags/etl_datalake_dag.py for tasks to queue
[2025-12-24T09:03:36.467+0000] {logging_mixin.py:190} INFO - [2025-12-24T09:03:36.467+0000] {dagbag.py:588} INFO - Filling up the DagBag from /opt/airflow/dags/etl_datalake_dag.py
[2025-12-24T09:03:36.494+0000] {processor.py:925} INFO - DAG(s) 'etl_datalake_hive_iceberg' retrieved from /opt/airflow/dags/etl_datalake_dag.py
[2025-12-24T09:03:36.537+0000] {logging_mixin.py:190} INFO - [2025-12-24T09:03:36.537+0000] {dag.py:3239} INFO - Sync 1 DAGs
[2025-12-24T09:03:36.568+0000] {logging_mixin.py:190} INFO - [2025-12-24T09:03:36.568+0000] {dag.py:4180} INFO - Setting next_dagrun for etl_datalake_hive_iceberg to 2025-12-23T00:00:00+00:00, run_after=2025-12-24T00:00:00+00:00
[2025-12-24T09:03:36.591+0000] {processor.py:208} INFO - Processing /opt/airflow/dags/etl_datalake_dag.py took 0.133 seconds
[2025-12-24T09:04:06.903+0000] {processor.py:186} INFO - Started process (PID=168) to work on /opt/airflow/dags/etl_datalake_dag.py
[2025-12-24T09:04:06.904+0000] {processor.py:914} INFO - Processing file /opt/airflow/dags/etl_datalake_dag.py for tasks to queue
[2025-12-24T09:04:06.906+0000] {logging_mixin.py:190} INFO - [2025-12-24T09:04:06.905+0000] {dagbag.py:588} INFO - Filling up the DagBag from /opt/airflow/dags/etl_datalake_dag.py
[2025-12-24T09:04:06.934+0000] {processor.py:925} INFO - DAG(s) 'etl_datalake_hive_iceberg' retrieved from /opt/airflow/dags/etl_datalake_dag.py
[2025-12-24T09:04:06.993+0000] {logging_mixin.py:190} INFO - [2025-12-24T09:04:06.993+0000] {dag.py:3239} INFO - Sync 1 DAGs
[2025-12-24T09:04:07.052+0000] {logging_mixin.py:190} INFO - [2025-12-24T09:04:07.051+0000] {dag.py:4180} INFO - Setting next_dagrun for etl_datalake_hive_iceberg to 2025-12-23T00:00:00+00:00, run_after=2025-12-24T00:00:00+00:00
[2025-12-24T09:04:07.102+0000] {processor.py:208} INFO - Processing /opt/airflow/dags/etl_datalake_dag.py took 0.208 seconds
[2025-12-24T09:04:37.902+0000] {processor.py:186} INFO - Started process (PID=172) to work on /opt/airflow/dags/etl_datalake_dag.py
[2025-12-24T09:04:37.903+0000] {processor.py:914} INFO - Processing file /opt/airflow/dags/etl_datalake_dag.py for tasks to queue
[2025-12-24T09:04:37.906+0000] {logging_mixin.py:190} INFO - [2025-12-24T09:04:37.906+0000] {dagbag.py:588} INFO - Filling up the DagBag from /opt/airflow/dags/etl_datalake_dag.py
[2025-12-24T09:04:37.940+0000] {processor.py:925} INFO - DAG(s) 'etl_datalake_hive_iceberg' retrieved from /opt/airflow/dags/etl_datalake_dag.py
[2025-12-24T09:04:38.013+0000] {logging_mixin.py:190} INFO - [2025-12-24T09:04:38.013+0000] {dag.py:3239} INFO - Sync 1 DAGs
[2025-12-24T09:04:38.072+0000] {logging_mixin.py:190} INFO - [2025-12-24T09:04:38.072+0000] {dag.py:4180} INFO - Setting next_dagrun for etl_datalake_hive_iceberg to 2025-12-23T00:00:00+00:00, run_after=2025-12-24T00:00:00+00:00
[2025-12-24T09:04:38.114+0000] {processor.py:208} INFO - Processing /opt/airflow/dags/etl_datalake_dag.py took 0.223 seconds
[2025-12-24T09:05:08.473+0000] {processor.py:186} INFO - Started process (PID=176) to work on /opt/airflow/dags/etl_datalake_dag.py
[2025-12-24T09:05:08.474+0000] {processor.py:914} INFO - Processing file /opt/airflow/dags/etl_datalake_dag.py for tasks to queue
[2025-12-24T09:05:08.476+0000] {logging_mixin.py:190} INFO - [2025-12-24T09:05:08.475+0000] {dagbag.py:588} INFO - Filling up the DagBag from /opt/airflow/dags/etl_datalake_dag.py
[2025-12-24T09:05:08.508+0000] {processor.py:925} INFO - DAG(s) 'etl_datalake_hive_iceberg' retrieved from /opt/airflow/dags/etl_datalake_dag.py
[2025-12-24T09:05:08.565+0000] {logging_mixin.py:190} INFO - [2025-12-24T09:05:08.565+0000] {dag.py:3239} INFO - Sync 1 DAGs
[2025-12-24T09:05:08.608+0000] {logging_mixin.py:190} INFO - [2025-12-24T09:05:08.608+0000] {dag.py:4180} INFO - Setting next_dagrun for etl_datalake_hive_iceberg to 2025-12-23T00:00:00+00:00, run_after=2025-12-24T00:00:00+00:00
[2025-12-24T09:05:08.655+0000] {processor.py:208} INFO - Processing /opt/airflow/dags/etl_datalake_dag.py took 0.192 seconds
[2025-12-24T09:05:39.279+0000] {processor.py:186} INFO - Started process (PID=180) to work on /opt/airflow/dags/etl_datalake_dag.py
[2025-12-24T09:05:39.281+0000] {processor.py:914} INFO - Processing file /opt/airflow/dags/etl_datalake_dag.py for tasks to queue
[2025-12-24T09:05:39.283+0000] {logging_mixin.py:190} INFO - [2025-12-24T09:05:39.282+0000] {dagbag.py:588} INFO - Filling up the DagBag from /opt/airflow/dags/etl_datalake_dag.py
[2025-12-24T09:05:39.312+0000] {processor.py:925} INFO - DAG(s) 'etl_datalake_hive_iceberg' retrieved from /opt/airflow/dags/etl_datalake_dag.py
[2025-12-24T09:05:39.375+0000] {logging_mixin.py:190} INFO - [2025-12-24T09:05:39.375+0000] {dag.py:3239} INFO - Sync 1 DAGs
[2025-12-24T09:05:39.425+0000] {logging_mixin.py:190} INFO - [2025-12-24T09:05:39.425+0000] {dag.py:4180} INFO - Setting next_dagrun for etl_datalake_hive_iceberg to 2025-12-23T00:00:00+00:00, run_after=2025-12-24T00:00:00+00:00
[2025-12-24T09:05:39.461+0000] {processor.py:208} INFO - Processing /opt/airflow/dags/etl_datalake_dag.py took 0.193 seconds
[2025-12-24T09:06:15.894+0000] {processor.py:186} INFO - Started process (PID=184) to work on /opt/airflow/dags/etl_datalake_dag.py
[2025-12-24T09:06:15.895+0000] {processor.py:914} INFO - Processing file /opt/airflow/dags/etl_datalake_dag.py for tasks to queue
[2025-12-24T09:06:15.897+0000] {logging_mixin.py:190} INFO - [2025-12-24T09:06:15.897+0000] {dagbag.py:588} INFO - Filling up the DagBag from /opt/airflow/dags/etl_datalake_dag.py
[2025-12-24T09:06:15.925+0000] {processor.py:925} INFO - DAG(s) 'etl_datalake_hive_iceberg' retrieved from /opt/airflow/dags/etl_datalake_dag.py
[2025-12-24T09:06:15.976+0000] {logging_mixin.py:190} INFO - [2025-12-24T09:06:15.976+0000] {dag.py:3239} INFO - Sync 1 DAGs
[2025-12-24T09:06:16.030+0000] {logging_mixin.py:190} INFO - [2025-12-24T09:06:16.029+0000] {dag.py:4180} INFO - Setting next_dagrun for etl_datalake_hive_iceberg to 2025-12-23T00:00:00+00:00, run_after=2025-12-24T00:00:00+00:00
[2025-12-24T09:06:16.065+0000] {processor.py:208} INFO - Processing /opt/airflow/dags/etl_datalake_dag.py took 0.180 seconds
[2025-12-24T09:06:46.598+0000] {processor.py:186} INFO - Started process (PID=188) to work on /opt/airflow/dags/etl_datalake_dag.py
[2025-12-24T09:06:46.599+0000] {processor.py:914} INFO - Processing file /opt/airflow/dags/etl_datalake_dag.py for tasks to queue
[2025-12-24T09:06:46.600+0000] {logging_mixin.py:190} INFO - [2025-12-24T09:06:46.600+0000] {dagbag.py:588} INFO - Filling up the DagBag from /opt/airflow/dags/etl_datalake_dag.py
[2025-12-24T09:06:46.627+0000] {processor.py:925} INFO - DAG(s) 'etl_datalake_hive_iceberg' retrieved from /opt/airflow/dags/etl_datalake_dag.py
[2025-12-24T09:06:46.688+0000] {logging_mixin.py:190} INFO - [2025-12-24T09:06:46.688+0000] {dag.py:3239} INFO - Sync 1 DAGs
[2025-12-24T09:06:46.731+0000] {logging_mixin.py:190} INFO - [2025-12-24T09:06:46.731+0000] {dag.py:4180} INFO - Setting next_dagrun for etl_datalake_hive_iceberg to 2025-12-23T00:00:00+00:00, run_after=2025-12-24T00:00:00+00:00
[2025-12-24T09:06:46.767+0000] {processor.py:208} INFO - Processing /opt/airflow/dags/etl_datalake_dag.py took 0.178 seconds
[2025-12-24T09:07:17.823+0000] {processor.py:186} INFO - Started process (PID=192) to work on /opt/airflow/dags/etl_datalake_dag.py
[2025-12-24T09:07:17.824+0000] {processor.py:914} INFO - Processing file /opt/airflow/dags/etl_datalake_dag.py for tasks to queue
[2025-12-24T09:07:17.826+0000] {logging_mixin.py:190} INFO - [2025-12-24T09:07:17.825+0000] {dagbag.py:588} INFO - Filling up the DagBag from /opt/airflow/dags/etl_datalake_dag.py
[2025-12-24T09:07:17.861+0000] {processor.py:925} INFO - DAG(s) 'etl_datalake_hive_iceberg' retrieved from /opt/airflow/dags/etl_datalake_dag.py
[2025-12-24T09:07:17.937+0000] {logging_mixin.py:190} INFO - [2025-12-24T09:07:17.937+0000] {dag.py:3239} INFO - Sync 1 DAGs
[2025-12-24T09:07:18.001+0000] {logging_mixin.py:190} INFO - [2025-12-24T09:07:18.001+0000] {dag.py:4180} INFO - Setting next_dagrun for etl_datalake_hive_iceberg to 2025-12-23T00:00:00+00:00, run_after=2025-12-24T00:00:00+00:00
[2025-12-24T09:07:18.055+0000] {processor.py:208} INFO - Processing /opt/airflow/dags/etl_datalake_dag.py took 0.242 seconds
[2025-12-24T09:07:48.185+0000] {processor.py:186} INFO - Started process (PID=196) to work on /opt/airflow/dags/etl_datalake_dag.py
[2025-12-24T09:07:48.187+0000] {processor.py:914} INFO - Processing file /opt/airflow/dags/etl_datalake_dag.py for tasks to queue
[2025-12-24T09:07:48.190+0000] {logging_mixin.py:190} INFO - [2025-12-24T09:07:48.189+0000] {dagbag.py:588} INFO - Filling up the DagBag from /opt/airflow/dags/etl_datalake_dag.py
[2025-12-24T09:07:48.236+0000] {processor.py:925} INFO - DAG(s) 'etl_datalake_hive_iceberg' retrieved from /opt/airflow/dags/etl_datalake_dag.py
[2025-12-24T09:07:48.343+0000] {logging_mixin.py:190} INFO - [2025-12-24T09:07:48.343+0000] {dag.py:3239} INFO - Sync 1 DAGs
[2025-12-24T09:07:48.434+0000] {logging_mixin.py:190} INFO - [2025-12-24T09:07:48.433+0000] {dag.py:4180} INFO - Setting next_dagrun for etl_datalake_hive_iceberg to 2025-12-23T00:00:00+00:00, run_after=2025-12-24T00:00:00+00:00
[2025-12-24T09:07:48.494+0000] {processor.py:208} INFO - Processing /opt/airflow/dags/etl_datalake_dag.py took 0.321 seconds
[2025-12-24T09:08:19.298+0000] {processor.py:186} INFO - Started process (PID=200) to work on /opt/airflow/dags/etl_datalake_dag.py
[2025-12-24T09:08:19.299+0000] {processor.py:914} INFO - Processing file /opt/airflow/dags/etl_datalake_dag.py for tasks to queue
[2025-12-24T09:08:19.302+0000] {logging_mixin.py:190} INFO - [2025-12-24T09:08:19.301+0000] {dagbag.py:588} INFO - Filling up the DagBag from /opt/airflow/dags/etl_datalake_dag.py
[2025-12-24T09:08:19.347+0000] {processor.py:925} INFO - DAG(s) 'etl_datalake_hive_iceberg' retrieved from /opt/airflow/dags/etl_datalake_dag.py
[2025-12-24T09:08:19.415+0000] {logging_mixin.py:190} INFO - [2025-12-24T09:08:19.414+0000] {dag.py:3239} INFO - Sync 1 DAGs
[2025-12-24T09:08:19.518+0000] {logging_mixin.py:190} INFO - [2025-12-24T09:08:19.518+0000] {dag.py:4180} INFO - Setting next_dagrun for etl_datalake_hive_iceberg to 2025-12-23T00:00:00+00:00, run_after=2025-12-24T00:00:00+00:00
[2025-12-24T09:08:19.631+0000] {processor.py:208} INFO - Processing /opt/airflow/dags/etl_datalake_dag.py took 0.347 seconds
[2025-12-24T09:08:50.244+0000] {processor.py:186} INFO - Started process (PID=204) to work on /opt/airflow/dags/etl_datalake_dag.py
[2025-12-24T09:08:50.245+0000] {processor.py:914} INFO - Processing file /opt/airflow/dags/etl_datalake_dag.py for tasks to queue
[2025-12-24T09:08:50.247+0000] {logging_mixin.py:190} INFO - [2025-12-24T09:08:50.247+0000] {dagbag.py:588} INFO - Filling up the DagBag from /opt/airflow/dags/etl_datalake_dag.py
[2025-12-24T09:08:50.274+0000] {processor.py:925} INFO - DAG(s) 'etl_datalake_hive_iceberg' retrieved from /opt/airflow/dags/etl_datalake_dag.py
[2025-12-24T09:08:50.339+0000] {logging_mixin.py:190} INFO - [2025-12-24T09:08:50.339+0000] {dag.py:3239} INFO - Sync 1 DAGs
[2025-12-24T09:08:50.402+0000] {logging_mixin.py:190} INFO - [2025-12-24T09:08:50.402+0000] {dag.py:4180} INFO - Setting next_dagrun for etl_datalake_hive_iceberg to 2025-12-23T00:00:00+00:00, run_after=2025-12-24T00:00:00+00:00
[2025-12-24T09:08:50.450+0000] {processor.py:208} INFO - Processing /opt/airflow/dags/etl_datalake_dag.py took 0.216 seconds
[2025-12-24T09:09:20.984+0000] {processor.py:186} INFO - Started process (PID=208) to work on /opt/airflow/dags/etl_datalake_dag.py
[2025-12-24T09:09:20.985+0000] {processor.py:914} INFO - Processing file /opt/airflow/dags/etl_datalake_dag.py for tasks to queue
[2025-12-24T09:09:20.990+0000] {logging_mixin.py:190} INFO - [2025-12-24T09:09:20.989+0000] {dagbag.py:588} INFO - Filling up the DagBag from /opt/airflow/dags/etl_datalake_dag.py
[2025-12-24T09:09:21.026+0000] {processor.py:925} INFO - DAG(s) 'etl_datalake_hive_iceberg' retrieved from /opt/airflow/dags/etl_datalake_dag.py
[2025-12-24T09:09:21.113+0000] {logging_mixin.py:190} INFO - [2025-12-24T09:09:21.112+0000] {dag.py:3239} INFO - Sync 1 DAGs
[2025-12-24T09:09:21.283+0000] {logging_mixin.py:190} INFO - [2025-12-24T09:09:21.283+0000] {dag.py:4180} INFO - Setting next_dagrun for etl_datalake_hive_iceberg to 2025-12-23T00:00:00+00:00, run_after=2025-12-24T00:00:00+00:00
[2025-12-24T09:09:21.364+0000] {processor.py:208} INFO - Processing /opt/airflow/dags/etl_datalake_dag.py took 0.393 seconds
[2025-12-24T09:09:51.548+0000] {processor.py:186} INFO - Started process (PID=212) to work on /opt/airflow/dags/etl_datalake_dag.py
[2025-12-24T09:09:51.549+0000] {processor.py:914} INFO - Processing file /opt/airflow/dags/etl_datalake_dag.py for tasks to queue
[2025-12-24T09:09:51.552+0000] {logging_mixin.py:190} INFO - [2025-12-24T09:09:51.551+0000] {dagbag.py:588} INFO - Filling up the DagBag from /opt/airflow/dags/etl_datalake_dag.py
[2025-12-24T09:09:51.587+0000] {processor.py:925} INFO - DAG(s) 'etl_datalake_hive_iceberg' retrieved from /opt/airflow/dags/etl_datalake_dag.py
[2025-12-24T09:09:51.669+0000] {logging_mixin.py:190} INFO - [2025-12-24T09:09:51.668+0000] {dag.py:3239} INFO - Sync 1 DAGs
[2025-12-24T09:09:51.726+0000] {logging_mixin.py:190} INFO - [2025-12-24T09:09:51.726+0000] {dag.py:4180} INFO - Setting next_dagrun for etl_datalake_hive_iceberg to 2025-12-23T00:00:00+00:00, run_after=2025-12-24T00:00:00+00:00
[2025-12-24T09:09:51.771+0000] {processor.py:208} INFO - Processing /opt/airflow/dags/etl_datalake_dag.py took 0.233 seconds
[2025-12-24T09:10:22.163+0000] {processor.py:186} INFO - Started process (PID=216) to work on /opt/airflow/dags/etl_datalake_dag.py
[2025-12-24T09:10:22.164+0000] {processor.py:914} INFO - Processing file /opt/airflow/dags/etl_datalake_dag.py for tasks to queue
[2025-12-24T09:10:22.166+0000] {logging_mixin.py:190} INFO - [2025-12-24T09:10:22.166+0000] {dagbag.py:588} INFO - Filling up the DagBag from /opt/airflow/dags/etl_datalake_dag.py
[2025-12-24T09:10:22.203+0000] {processor.py:925} INFO - DAG(s) 'etl_datalake_hive_iceberg' retrieved from /opt/airflow/dags/etl_datalake_dag.py
[2025-12-24T09:10:22.283+0000] {logging_mixin.py:190} INFO - [2025-12-24T09:10:22.283+0000] {dag.py:3239} INFO - Sync 1 DAGs
[2025-12-24T09:10:22.349+0000] {logging_mixin.py:190} INFO - [2025-12-24T09:10:22.348+0000] {dag.py:4180} INFO - Setting next_dagrun for etl_datalake_hive_iceberg to 2025-12-23T00:00:00+00:00, run_after=2025-12-24T00:00:00+00:00
[2025-12-24T09:10:22.391+0000] {processor.py:208} INFO - Processing /opt/airflow/dags/etl_datalake_dag.py took 0.238 seconds
[2025-12-24T09:10:52.915+0000] {processor.py:186} INFO - Started process (PID=220) to work on /opt/airflow/dags/etl_datalake_dag.py
[2025-12-24T09:10:52.917+0000] {processor.py:914} INFO - Processing file /opt/airflow/dags/etl_datalake_dag.py for tasks to queue
[2025-12-24T09:10:52.921+0000] {logging_mixin.py:190} INFO - [2025-12-24T09:10:52.920+0000] {dagbag.py:588} INFO - Filling up the DagBag from /opt/airflow/dags/etl_datalake_dag.py
[2025-12-24T09:10:52.977+0000] {processor.py:925} INFO - DAG(s) 'etl_datalake_hive_iceberg' retrieved from /opt/airflow/dags/etl_datalake_dag.py
[2025-12-24T09:10:53.129+0000] {logging_mixin.py:190} INFO - [2025-12-24T09:10:53.128+0000] {dag.py:3239} INFO - Sync 1 DAGs
[2025-12-24T09:10:53.236+0000] {logging_mixin.py:190} INFO - [2025-12-24T09:10:53.235+0000] {dag.py:4180} INFO - Setting next_dagrun for etl_datalake_hive_iceberg to 2025-12-23T00:00:00+00:00, run_after=2025-12-24T00:00:00+00:00
[2025-12-24T09:10:53.326+0000] {processor.py:208} INFO - Processing /opt/airflow/dags/etl_datalake_dag.py took 0.429 seconds
[2025-12-24T09:11:23.524+0000] {processor.py:186} INFO - Started process (PID=224) to work on /opt/airflow/dags/etl_datalake_dag.py
[2025-12-24T09:11:23.525+0000] {processor.py:914} INFO - Processing file /opt/airflow/dags/etl_datalake_dag.py for tasks to queue
[2025-12-24T09:11:23.526+0000] {logging_mixin.py:190} INFO - [2025-12-24T09:11:23.526+0000] {dagbag.py:588} INFO - Filling up the DagBag from /opt/airflow/dags/etl_datalake_dag.py
[2025-12-24T09:11:23.555+0000] {processor.py:925} INFO - DAG(s) 'etl_datalake_hive_iceberg' retrieved from /opt/airflow/dags/etl_datalake_dag.py
[2025-12-24T09:11:23.604+0000] {logging_mixin.py:190} INFO - [2025-12-24T09:11:23.604+0000] {dag.py:3239} INFO - Sync 1 DAGs
[2025-12-24T09:11:23.655+0000] {logging_mixin.py:190} INFO - [2025-12-24T09:11:23.654+0000] {dag.py:4180} INFO - Setting next_dagrun for etl_datalake_hive_iceberg to 2025-12-23T00:00:00+00:00, run_after=2025-12-24T00:00:00+00:00
[2025-12-24T09:11:23.729+0000] {processor.py:208} INFO - Processing /opt/airflow/dags/etl_datalake_dag.py took 0.212 seconds
[2025-12-24T09:11:53.993+0000] {processor.py:186} INFO - Started process (PID=228) to work on /opt/airflow/dags/etl_datalake_dag.py
[2025-12-24T09:11:53.994+0000] {processor.py:914} INFO - Processing file /opt/airflow/dags/etl_datalake_dag.py for tasks to queue
[2025-12-24T09:11:53.996+0000] {logging_mixin.py:190} INFO - [2025-12-24T09:11:53.995+0000] {dagbag.py:588} INFO - Filling up the DagBag from /opt/airflow/dags/etl_datalake_dag.py
[2025-12-24T09:11:54.019+0000] {processor.py:925} INFO - DAG(s) 'etl_datalake_hive_iceberg' retrieved from /opt/airflow/dags/etl_datalake_dag.py
[2025-12-24T09:11:54.067+0000] {logging_mixin.py:190} INFO - [2025-12-24T09:11:54.067+0000] {dag.py:3239} INFO - Sync 1 DAGs
[2025-12-24T09:11:54.112+0000] {logging_mixin.py:190} INFO - [2025-12-24T09:11:54.112+0000] {dag.py:4180} INFO - Setting next_dagrun for etl_datalake_hive_iceberg to 2025-12-23T00:00:00+00:00, run_after=2025-12-24T00:00:00+00:00
[2025-12-24T09:11:54.177+0000] {processor.py:208} INFO - Processing /opt/airflow/dags/etl_datalake_dag.py took 0.192 seconds
[2025-12-24T09:12:24.292+0000] {processor.py:186} INFO - Started process (PID=232) to work on /opt/airflow/dags/etl_datalake_dag.py
[2025-12-24T09:12:24.293+0000] {processor.py:914} INFO - Processing file /opt/airflow/dags/etl_datalake_dag.py for tasks to queue
[2025-12-24T09:12:24.295+0000] {logging_mixin.py:190} INFO - [2025-12-24T09:12:24.294+0000] {dagbag.py:588} INFO - Filling up the DagBag from /opt/airflow/dags/etl_datalake_dag.py
[2025-12-24T09:12:24.319+0000] {processor.py:925} INFO - DAG(s) 'etl_datalake_hive_iceberg' retrieved from /opt/airflow/dags/etl_datalake_dag.py
[2025-12-24T09:12:24.369+0000] {logging_mixin.py:190} INFO - [2025-12-24T09:12:24.369+0000] {dag.py:3239} INFO - Sync 1 DAGs
[2025-12-24T09:12:24.410+0000] {logging_mixin.py:190} INFO - [2025-12-24T09:12:24.410+0000] {dag.py:4180} INFO - Setting next_dagrun for etl_datalake_hive_iceberg to 2025-12-23T00:00:00+00:00, run_after=2025-12-24T00:00:00+00:00
[2025-12-24T09:12:24.463+0000] {processor.py:208} INFO - Processing /opt/airflow/dags/etl_datalake_dag.py took 0.180 seconds
[2025-12-24T09:12:55.030+0000] {processor.py:186} INFO - Started process (PID=236) to work on /opt/airflow/dags/etl_datalake_dag.py
[2025-12-24T09:12:55.032+0000] {processor.py:914} INFO - Processing file /opt/airflow/dags/etl_datalake_dag.py for tasks to queue
[2025-12-24T09:12:55.034+0000] {logging_mixin.py:190} INFO - [2025-12-24T09:12:55.033+0000] {dagbag.py:588} INFO - Filling up the DagBag from /opt/airflow/dags/etl_datalake_dag.py
[2025-12-24T09:12:55.079+0000] {processor.py:925} INFO - DAG(s) 'etl_datalake_hive_iceberg' retrieved from /opt/airflow/dags/etl_datalake_dag.py
[2025-12-24T09:12:55.148+0000] {logging_mixin.py:190} INFO - [2025-12-24T09:12:55.148+0000] {dag.py:3239} INFO - Sync 1 DAGs
[2025-12-24T09:12:55.181+0000] {logging_mixin.py:190} INFO - [2025-12-24T09:12:55.181+0000] {dag.py:4180} INFO - Setting next_dagrun for etl_datalake_hive_iceberg to 2025-12-23T00:00:00+00:00, run_after=2025-12-24T00:00:00+00:00
[2025-12-24T09:12:55.216+0000] {processor.py:208} INFO - Processing /opt/airflow/dags/etl_datalake_dag.py took 0.195 seconds
[2025-12-24T09:13:25.410+0000] {processor.py:186} INFO - Started process (PID=240) to work on /opt/airflow/dags/etl_datalake_dag.py
[2025-12-24T09:13:25.411+0000] {processor.py:914} INFO - Processing file /opt/airflow/dags/etl_datalake_dag.py for tasks to queue
[2025-12-24T09:13:25.412+0000] {logging_mixin.py:190} INFO - [2025-12-24T09:13:25.412+0000] {dagbag.py:588} INFO - Filling up the DagBag from /opt/airflow/dags/etl_datalake_dag.py
[2025-12-24T09:13:25.428+0000] {processor.py:925} INFO - DAG(s) 'etl_datalake_hive_iceberg' retrieved from /opt/airflow/dags/etl_datalake_dag.py
[2025-12-24T09:13:25.462+0000] {logging_mixin.py:190} INFO - [2025-12-24T09:13:25.462+0000] {dag.py:3239} INFO - Sync 1 DAGs
[2025-12-24T09:13:25.500+0000] {logging_mixin.py:190} INFO - [2025-12-24T09:13:25.500+0000] {dag.py:4180} INFO - Setting next_dagrun for etl_datalake_hive_iceberg to 2025-12-23T00:00:00+00:00, run_after=2025-12-24T00:00:00+00:00
[2025-12-24T09:13:25.532+0000] {processor.py:208} INFO - Processing /opt/airflow/dags/etl_datalake_dag.py took 0.127 seconds
[2025-12-24T09:13:55.626+0000] {processor.py:186} INFO - Started process (PID=244) to work on /opt/airflow/dags/etl_datalake_dag.py
[2025-12-24T09:13:55.627+0000] {processor.py:914} INFO - Processing file /opt/airflow/dags/etl_datalake_dag.py for tasks to queue
[2025-12-24T09:13:55.628+0000] {logging_mixin.py:190} INFO - [2025-12-24T09:13:55.628+0000] {dagbag.py:588} INFO - Filling up the DagBag from /opt/airflow/dags/etl_datalake_dag.py
[2025-12-24T09:13:55.643+0000] {processor.py:925} INFO - DAG(s) 'etl_datalake_hive_iceberg' retrieved from /opt/airflow/dags/etl_datalake_dag.py
[2025-12-24T09:13:55.686+0000] {logging_mixin.py:190} INFO - [2025-12-24T09:13:55.686+0000] {dag.py:3239} INFO - Sync 1 DAGs
[2025-12-24T09:13:55.733+0000] {logging_mixin.py:190} INFO - [2025-12-24T09:13:55.733+0000] {dag.py:4180} INFO - Setting next_dagrun for etl_datalake_hive_iceberg to 2025-12-23T00:00:00+00:00, run_after=2025-12-24T00:00:00+00:00
[2025-12-24T09:13:55.772+0000] {processor.py:208} INFO - Processing /opt/airflow/dags/etl_datalake_dag.py took 0.152 seconds
[2025-12-24T09:14:26.024+0000] {processor.py:186} INFO - Started process (PID=248) to work on /opt/airflow/dags/etl_datalake_dag.py
[2025-12-24T09:14:26.025+0000] {processor.py:914} INFO - Processing file /opt/airflow/dags/etl_datalake_dag.py for tasks to queue
[2025-12-24T09:14:26.026+0000] {logging_mixin.py:190} INFO - [2025-12-24T09:14:26.026+0000] {dagbag.py:588} INFO - Filling up the DagBag from /opt/airflow/dags/etl_datalake_dag.py
[2025-12-24T09:14:26.042+0000] {processor.py:925} INFO - DAG(s) 'etl_datalake_hive_iceberg' retrieved from /opt/airflow/dags/etl_datalake_dag.py
[2025-12-24T09:14:26.083+0000] {logging_mixin.py:190} INFO - [2025-12-24T09:14:26.082+0000] {dag.py:3239} INFO - Sync 1 DAGs
[2025-12-24T09:14:26.125+0000] {logging_mixin.py:190} INFO - [2025-12-24T09:14:26.125+0000] {dag.py:4180} INFO - Setting next_dagrun for etl_datalake_hive_iceberg to 2025-12-23T00:00:00+00:00, run_after=2025-12-24T00:00:00+00:00
[2025-12-24T09:14:26.170+0000] {processor.py:208} INFO - Processing /opt/airflow/dags/etl_datalake_dag.py took 0.151 seconds
[2025-12-24T09:14:56.905+0000] {processor.py:186} INFO - Started process (PID=252) to work on /opt/airflow/dags/etl_datalake_dag.py
[2025-12-24T09:14:56.906+0000] {processor.py:914} INFO - Processing file /opt/airflow/dags/etl_datalake_dag.py for tasks to queue
[2025-12-24T09:14:56.908+0000] {logging_mixin.py:190} INFO - [2025-12-24T09:14:56.907+0000] {dagbag.py:588} INFO - Filling up the DagBag from /opt/airflow/dags/etl_datalake_dag.py
[2025-12-24T09:14:56.951+0000] {processor.py:925} INFO - DAG(s) 'etl_datalake_hive_iceberg' retrieved from /opt/airflow/dags/etl_datalake_dag.py
[2025-12-24T09:14:57.034+0000] {logging_mixin.py:190} INFO - [2025-12-24T09:14:57.034+0000] {dag.py:3239} INFO - Sync 1 DAGs
[2025-12-24T09:14:57.097+0000] {logging_mixin.py:190} INFO - [2025-12-24T09:14:57.097+0000] {dag.py:4180} INFO - Setting next_dagrun for etl_datalake_hive_iceberg to 2025-12-23T00:00:00+00:00, run_after=2025-12-24T00:00:00+00:00
[2025-12-24T09:14:57.165+0000] {processor.py:208} INFO - Processing /opt/airflow/dags/etl_datalake_dag.py took 0.269 seconds
[2025-12-24T09:15:27.770+0000] {processor.py:186} INFO - Started process (PID=256) to work on /opt/airflow/dags/etl_datalake_dag.py
[2025-12-24T09:15:27.772+0000] {processor.py:914} INFO - Processing file /opt/airflow/dags/etl_datalake_dag.py for tasks to queue
[2025-12-24T09:15:27.778+0000] {logging_mixin.py:190} INFO - [2025-12-24T09:15:27.778+0000] {dagbag.py:588} INFO - Filling up the DagBag from /opt/airflow/dags/etl_datalake_dag.py
[2025-12-24T09:15:27.821+0000] {processor.py:925} INFO - DAG(s) 'etl_datalake_hive_iceberg' retrieved from /opt/airflow/dags/etl_datalake_dag.py
[2025-12-24T09:15:27.903+0000] {logging_mixin.py:190} INFO - [2025-12-24T09:15:27.903+0000] {dag.py:3239} INFO - Sync 1 DAGs
[2025-12-24T09:15:27.952+0000] {logging_mixin.py:190} INFO - [2025-12-24T09:15:27.952+0000] {dag.py:4180} INFO - Setting next_dagrun for etl_datalake_hive_iceberg to 2025-12-23T00:00:00+00:00, run_after=2025-12-24T00:00:00+00:00
[2025-12-24T09:15:28.027+0000] {processor.py:208} INFO - Processing /opt/airflow/dags/etl_datalake_dag.py took 0.279 seconds
[2025-12-24T09:15:58.898+0000] {processor.py:186} INFO - Started process (PID=260) to work on /opt/airflow/dags/etl_datalake_dag.py
[2025-12-24T09:15:58.899+0000] {processor.py:914} INFO - Processing file /opt/airflow/dags/etl_datalake_dag.py for tasks to queue
[2025-12-24T09:15:58.900+0000] {logging_mixin.py:190} INFO - [2025-12-24T09:15:58.900+0000] {dagbag.py:588} INFO - Filling up the DagBag from /opt/airflow/dags/etl_datalake_dag.py
[2025-12-24T09:15:58.923+0000] {processor.py:925} INFO - DAG(s) 'etl_datalake_hive_iceberg' retrieved from /opt/airflow/dags/etl_datalake_dag.py
[2025-12-24T09:15:58.961+0000] {logging_mixin.py:190} INFO - [2025-12-24T09:15:58.961+0000] {dag.py:3239} INFO - Sync 1 DAGs
[2025-12-24T09:15:58.992+0000] {logging_mixin.py:190} INFO - [2025-12-24T09:15:58.992+0000] {dag.py:4180} INFO - Setting next_dagrun for etl_datalake_hive_iceberg to 2025-12-23T00:00:00+00:00, run_after=2025-12-24T00:00:00+00:00
[2025-12-24T09:15:59.053+0000] {processor.py:208} INFO - Processing /opt/airflow/dags/etl_datalake_dag.py took 0.163 seconds
[2025-12-24T09:16:29.190+0000] {processor.py:186} INFO - Started process (PID=264) to work on /opt/airflow/dags/etl_datalake_dag.py
[2025-12-24T09:16:29.191+0000] {processor.py:914} INFO - Processing file /opt/airflow/dags/etl_datalake_dag.py for tasks to queue
[2025-12-24T09:16:29.192+0000] {logging_mixin.py:190} INFO - [2025-12-24T09:16:29.192+0000] {dagbag.py:588} INFO - Filling up the DagBag from /opt/airflow/dags/etl_datalake_dag.py
[2025-12-24T09:16:29.213+0000] {processor.py:925} INFO - DAG(s) 'etl_datalake_hive_iceberg' retrieved from /opt/airflow/dags/etl_datalake_dag.py
[2025-12-24T09:16:29.260+0000] {logging_mixin.py:190} INFO - [2025-12-24T09:16:29.260+0000] {dag.py:3239} INFO - Sync 1 DAGs
[2025-12-24T09:16:29.302+0000] {logging_mixin.py:190} INFO - [2025-12-24T09:16:29.302+0000] {dag.py:4180} INFO - Setting next_dagrun for etl_datalake_hive_iceberg to 2025-12-23T00:00:00+00:00, run_after=2025-12-24T00:00:00+00:00
[2025-12-24T09:16:29.349+0000] {processor.py:208} INFO - Processing /opt/airflow/dags/etl_datalake_dag.py took 0.165 seconds
[2025-12-24T09:16:59.628+0000] {processor.py:186} INFO - Started process (PID=268) to work on /opt/airflow/dags/etl_datalake_dag.py
[2025-12-24T09:16:59.628+0000] {processor.py:914} INFO - Processing file /opt/airflow/dags/etl_datalake_dag.py for tasks to queue
[2025-12-24T09:16:59.631+0000] {logging_mixin.py:190} INFO - [2025-12-24T09:16:59.630+0000] {dagbag.py:588} INFO - Filling up the DagBag from /opt/airflow/dags/etl_datalake_dag.py
[2025-12-24T09:16:59.656+0000] {processor.py:925} INFO - DAG(s) 'etl_datalake_hive_iceberg' retrieved from /opt/airflow/dags/etl_datalake_dag.py
[2025-12-24T09:16:59.703+0000] {logging_mixin.py:190} INFO - [2025-12-24T09:16:59.703+0000] {dag.py:3239} INFO - Sync 1 DAGs
[2025-12-24T09:16:59.732+0000] {logging_mixin.py:190} INFO - [2025-12-24T09:16:59.732+0000] {dag.py:4180} INFO - Setting next_dagrun for etl_datalake_hive_iceberg to 2025-12-23T00:00:00+00:00, run_after=2025-12-24T00:00:00+00:00
[2025-12-24T09:16:59.771+0000] {processor.py:208} INFO - Processing /opt/airflow/dags/etl_datalake_dag.py took 0.150 seconds
[2025-12-24T09:17:30.232+0000] {processor.py:186} INFO - Started process (PID=272) to work on /opt/airflow/dags/etl_datalake_dag.py
[2025-12-24T09:17:30.233+0000] {processor.py:914} INFO - Processing file /opt/airflow/dags/etl_datalake_dag.py for tasks to queue
[2025-12-24T09:17:30.236+0000] {logging_mixin.py:190} INFO - [2025-12-24T09:17:30.235+0000] {dagbag.py:588} INFO - Filling up the DagBag from /opt/airflow/dags/etl_datalake_dag.py
[2025-12-24T09:17:30.268+0000] {processor.py:925} INFO - DAG(s) 'etl_datalake_hive_iceberg' retrieved from /opt/airflow/dags/etl_datalake_dag.py
[2025-12-24T09:17:30.331+0000] {logging_mixin.py:190} INFO - [2025-12-24T09:17:30.331+0000] {dag.py:3239} INFO - Sync 1 DAGs
[2025-12-24T09:17:30.372+0000] {logging_mixin.py:190} INFO - [2025-12-24T09:17:30.372+0000] {dag.py:4180} INFO - Setting next_dagrun for etl_datalake_hive_iceberg to 2025-12-23T00:00:00+00:00, run_after=2025-12-24T00:00:00+00:00
[2025-12-24T09:17:30.469+0000] {processor.py:208} INFO - Processing /opt/airflow/dags/etl_datalake_dag.py took 0.249 seconds
