[2026-03-01T08:34:25.180+0000] {local_task_job_runner.py:123} INFO - ::group::Pre task execution logs
[2026-03-01T08:34:25.218+0000] {taskinstance.py:2614} INFO - Dependencies all met for dep_context=non-requeueable deps ti=<TaskInstance: crawl_etl_itjob.load_bronze scheduled__2026-02-28T02:00:00+00:00 [queued]>
[2026-03-01T08:34:25.228+0000] {taskinstance.py:2614} INFO - Dependencies all met for dep_context=requeueable deps ti=<TaskInstance: crawl_etl_itjob.load_bronze scheduled__2026-02-28T02:00:00+00:00 [queued]>
[2026-03-01T08:34:25.228+0000] {taskinstance.py:2867} INFO - Starting attempt 1 of 2
[2026-03-01T08:34:25.240+0000] {taskinstance.py:2890} INFO - Executing <Task(BashOperator): load_bronze> on 2026-02-28 02:00:00+00:00
[2026-03-01T08:34:25.245+0000] {standard_task_runner.py:72} INFO - Started process 109 to run task
[2026-03-01T08:34:25.249+0000] {standard_task_runner.py:104} INFO - Running: ['***', 'tasks', 'run', 'crawl_etl_itjob', 'load_bronze', 'scheduled__2026-02-28T02:00:00+00:00', '--job-id', '603', '--raw', '--subdir', 'DAGS_FOLDER/Crawl_ETL_ITJob.py', '--cfg-path', '/tmp/tmp5zdxnkoe']
[2026-03-01T08:34:25.250+0000] {standard_task_runner.py:105} INFO - Job 603: Subtask load_bronze
[2026-03-01T08:34:25.275+0000] {warnings.py:109} WARNING - /home/***/.local/lib/python3.8/site-packages/***/settings.py:209: DeprecationWarning: The sql_alchemy_conn option in [core] has been moved to the sql_alchemy_conn option in [database] - the old setting has been used, but please update your config.
  SQL_ALCHEMY_CONN = conf.get("database", "SQL_ALCHEMY_CONN")

[2026-03-01T08:34:25.354+0000] {task_command.py:467} INFO - Running <TaskInstance: crawl_etl_itjob.load_bronze scheduled__2026-02-28T02:00:00+00:00 [running]> on host 19d569223134
[2026-03-01T08:34:25.355+0000] {warnings.py:109} WARNING - /home/***/.local/lib/python3.8/site-packages/***/settings.py:470: DeprecationWarning: The sql_alchemy_conn option in [core] has been moved to the sql_alchemy_conn option in [database] - the old setting has been used, but please update your config.
  if conf.get("database", "sql_alchemy_conn") == "none://":

[2026-03-01T08:34:25.494+0000] {taskinstance.py:3134} INFO - Exporting env vars: AIRFLOW_CTX_DAG_EMAIL='hoa856856@gmail.com' AIRFLOW_CTX_DAG_OWNER='***' AIRFLOW_CTX_DAG_ID='crawl_etl_itjob' AIRFLOW_CTX_TASK_ID='load_bronze' AIRFLOW_CTX_EXECUTION_DATE='2026-02-28T02:00:00+00:00' AIRFLOW_CTX_TRY_NUMBER='1' AIRFLOW_CTX_DAG_RUN_ID='scheduled__2026-02-28T02:00:00+00:00'
[2026-03-01T08:34:25.495+0000] {taskinstance.py:732} INFO - ::endgroup::
[2026-03-01T08:34:25.505+0000] {subprocess.py:78} INFO - Tmp dir root location: /tmp
[2026-03-01T08:34:25.506+0000] {subprocess.py:88} INFO - Running command: ['/bin/bash', '-c', "\n        docker exec spark-submit bash -c '\n        /opt/spark/bin/spark-submit         --master spark://spark-master:7077         --deploy-mode client         --packages org.apache.iceberg:iceberg-spark-runtime-3.5_2.12:1.5.0,org.apache.hadoop:hadoop-aws:3.3.4,com.amazonaws:aws-java-sdk-bundle:1.12.262         /opt/spark/scripts/Load_Bronze.py\n        '\n        "]
[2026-03-01T08:34:25.515+0000] {subprocess.py:99} INFO - Output:
[2026-03-01T08:34:28.365+0000] {subprocess.py:106} INFO - :: loading settings :: url = jar:file:/opt/spark/jars/ivy-2.5.1.jar!/org/apache/ivy/core/settings/ivysettings.xml
[2026-03-01T08:34:28.509+0000] {subprocess.py:106} INFO - Ivy Default Cache set to: /home/spark/.ivy2/cache
[2026-03-01T08:34:28.510+0000] {subprocess.py:106} INFO - The jars for the packages stored in: /home/spark/.ivy2/jars
[2026-03-01T08:34:28.520+0000] {subprocess.py:106} INFO - org.apache.iceberg#iceberg-spark-runtime-3.5_2.12 added as a dependency
[2026-03-01T08:34:28.520+0000] {subprocess.py:106} INFO - org.apache.hadoop#hadoop-aws added as a dependency
[2026-03-01T08:34:28.522+0000] {subprocess.py:106} INFO - com.amazonaws#aws-java-sdk-bundle added as a dependency
[2026-03-01T08:34:28.523+0000] {subprocess.py:106} INFO - :: resolving dependencies :: org.apache.spark#spark-submit-parent-773f9dab-bf5b-42a5-9b0a-76b82752a906;1.0
[2026-03-01T08:34:28.524+0000] {subprocess.py:106} INFO - 	confs: [default]
[2026-03-01T08:34:28.714+0000] {subprocess.py:106} INFO - 	found org.apache.iceberg#iceberg-spark-runtime-3.5_2.12;1.5.0 in central
[2026-03-01T08:34:28.850+0000] {subprocess.py:106} INFO - 	found org.apache.hadoop#hadoop-aws;3.3.4 in central
[2026-03-01T08:34:28.907+0000] {subprocess.py:106} INFO - 	found com.amazonaws#aws-java-sdk-bundle;1.12.262 in central
[2026-03-01T08:34:28.978+0000] {subprocess.py:106} INFO - 	found org.wildfly.openssl#wildfly-openssl;1.0.7.Final in central
[2026-03-01T08:34:29.029+0000] {subprocess.py:106} INFO - :: resolution report :: resolve 480ms :: artifacts dl 27ms
[2026-03-01T08:34:29.030+0000] {subprocess.py:106} INFO - 	:: modules in use:
[2026-03-01T08:34:29.031+0000] {subprocess.py:106} INFO - 	com.amazonaws#aws-java-sdk-bundle;1.12.262 from central in [default]
[2026-03-01T08:34:29.032+0000] {subprocess.py:106} INFO - 	org.apache.hadoop#hadoop-aws;3.3.4 from central in [default]
[2026-03-01T08:34:29.033+0000] {subprocess.py:106} INFO - 	org.apache.iceberg#iceberg-spark-runtime-3.5_2.12;1.5.0 from central in [default]
[2026-03-01T08:34:29.034+0000] {subprocess.py:106} INFO - 	org.wildfly.openssl#wildfly-openssl;1.0.7.Final from central in [default]
[2026-03-01T08:34:29.035+0000] {subprocess.py:106} INFO - 	---------------------------------------------------------------------
[2026-03-01T08:34:29.035+0000] {subprocess.py:106} INFO - 	|                  |            modules            ||   artifacts   |
[2026-03-01T08:34:29.036+0000] {subprocess.py:106} INFO - 	|       conf       | number| search|dwnlded|evicted|| number|dwnlded|
[2026-03-01T08:34:29.039+0000] {subprocess.py:106} INFO - 	---------------------------------------------------------------------
[2026-03-01T08:34:29.041+0000] {subprocess.py:106} INFO - 	|      default     |   4   |   0   |   0   |   0   ||   4   |   0   |
[2026-03-01T08:34:29.044+0000] {subprocess.py:106} INFO - 	---------------------------------------------------------------------
[2026-03-01T08:34:29.056+0000] {subprocess.py:106} INFO - :: retrieving :: org.apache.spark#spark-submit-parent-773f9dab-bf5b-42a5-9b0a-76b82752a906
[2026-03-01T08:34:29.072+0000] {subprocess.py:106} INFO - 	confs: [default]
[2026-03-01T08:34:29.077+0000] {subprocess.py:106} INFO - 	0 artifacts copied, 4 already retrieved (0kB/10ms)
[2026-03-01T08:34:29.497+0000] {subprocess.py:106} INFO - 26/03/01 08:34:29 WARN NativeCodeLoader: Unable to load native-hadoop library for your platform... using builtin-java classes where applicable
[2026-03-01T08:34:31.051+0000] {subprocess.py:106} INFO - 26/03/01 08:34:31 INFO SparkContext: Running Spark version 3.5.3
[2026-03-01T08:34:31.052+0000] {subprocess.py:106} INFO - 26/03/01 08:34:31 INFO SparkContext: OS info Linux, 6.6.87.2-microsoft-standard-WSL2, amd64
[2026-03-01T08:34:31.053+0000] {subprocess.py:106} INFO - 26/03/01 08:34:31 INFO SparkContext: Java version 11.0.24
[2026-03-01T08:34:31.101+0000] {subprocess.py:106} INFO - 26/03/01 08:34:31 INFO ResourceUtils: ==============================================================
[2026-03-01T08:34:31.102+0000] {subprocess.py:106} INFO - 26/03/01 08:34:31 INFO ResourceUtils: No custom resources configured for spark.driver.
[2026-03-01T08:34:31.108+0000] {subprocess.py:106} INFO - 26/03/01 08:34:31 INFO ResourceUtils: ==============================================================
[2026-03-01T08:34:31.109+0000] {subprocess.py:106} INFO - 26/03/01 08:34:31 INFO SparkContext: Submitted application: Load_Bronze_MinIO_Iceberg
[2026-03-01T08:34:31.174+0000] {subprocess.py:106} INFO - 26/03/01 08:34:31 INFO ResourceProfile: Default ResourceProfile created, executor resources: Map(memory -> name: memory, amount: 1024, script: , vendor: , offHeap -> name: offHeap, amount: 0, script: , vendor: ), task resources: Map(cpus -> name: cpus, amount: 1.0)
[2026-03-01T08:34:31.199+0000] {subprocess.py:106} INFO - 26/03/01 08:34:31 INFO ResourceProfile: Limiting resource is cpu
[2026-03-01T08:34:31.201+0000] {subprocess.py:106} INFO - 26/03/01 08:34:31 INFO ResourceProfileManager: Added ResourceProfile id: 0
[2026-03-01T08:34:31.318+0000] {subprocess.py:106} INFO - 26/03/01 08:34:31 INFO SecurityManager: Changing view acls to: spark
[2026-03-01T08:34:31.320+0000] {subprocess.py:106} INFO - 26/03/01 08:34:31 INFO SecurityManager: Changing modify acls to: spark
[2026-03-01T08:34:31.321+0000] {subprocess.py:106} INFO - 26/03/01 08:34:31 INFO SecurityManager: Changing view acls groups to:
[2026-03-01T08:34:31.324+0000] {subprocess.py:106} INFO - 26/03/01 08:34:31 INFO SecurityManager: Changing modify acls groups to:
[2026-03-01T08:34:31.328+0000] {subprocess.py:106} INFO - 26/03/01 08:34:31 INFO SecurityManager: SecurityManager: authentication disabled; ui acls disabled; users with view permissions: spark; groups with view permissions: EMPTY; users with modify permissions: spark; groups with modify permissions: EMPTY
[2026-03-01T08:34:31.697+0000] {subprocess.py:106} INFO - 26/03/01 08:34:31 INFO Utils: Successfully started service 'sparkDriver' on port 36767.
[2026-03-01T08:34:31.737+0000] {subprocess.py:106} INFO - 26/03/01 08:34:31 INFO SparkEnv: Registering MapOutputTracker
[2026-03-01T08:34:31.781+0000] {subprocess.py:106} INFO - 26/03/01 08:34:31 INFO SparkEnv: Registering BlockManagerMaster
[2026-03-01T08:34:31.806+0000] {subprocess.py:106} INFO - 26/03/01 08:34:31 INFO BlockManagerMasterEndpoint: Using org.apache.spark.storage.DefaultTopologyMapper for getting topology information
[2026-03-01T08:34:31.807+0000] {subprocess.py:106} INFO - 26/03/01 08:34:31 INFO BlockManagerMasterEndpoint: BlockManagerMasterEndpoint up
[2026-03-01T08:34:31.817+0000] {subprocess.py:106} INFO - 26/03/01 08:34:31 INFO SparkEnv: Registering BlockManagerMasterHeartbeat
[2026-03-01T08:34:31.868+0000] {subprocess.py:106} INFO - 26/03/01 08:34:31 INFO DiskBlockManager: Created local directory at /tmp/blockmgr-3c5b556f-d037-45a9-8821-ce28371ac9bd
[2026-03-01T08:34:31.892+0000] {subprocess.py:106} INFO - 26/03/01 08:34:31 INFO MemoryStore: MemoryStore started with capacity 434.4 MiB
[2026-03-01T08:34:31.915+0000] {subprocess.py:106} INFO - 26/03/01 08:34:31 INFO SparkEnv: Registering OutputCommitCoordinator
[2026-03-01T08:34:32.104+0000] {subprocess.py:106} INFO - 26/03/01 08:34:32 INFO JettyUtils: Start Jetty 0.0.0.0:4040 for SparkUI
[2026-03-01T08:34:32.186+0000] {subprocess.py:106} INFO - 26/03/01 08:34:32 INFO Utils: Successfully started service 'SparkUI' on port 4040.
[2026-03-01T08:34:32.242+0000] {subprocess.py:106} INFO - 26/03/01 08:34:32 INFO SparkContext: Added JAR file:///home/spark/.ivy2/jars/org.apache.iceberg_iceberg-spark-runtime-3.5_2.12-1.5.0.jar at spark://499f1d118d82:36767/jars/org.apache.iceberg_iceberg-spark-runtime-3.5_2.12-1.5.0.jar with timestamp 1772354071033
[2026-03-01T08:34:32.243+0000] {subprocess.py:106} INFO - 26/03/01 08:34:32 INFO SparkContext: Added JAR file:///home/spark/.ivy2/jars/org.apache.hadoop_hadoop-aws-3.3.4.jar at spark://499f1d118d82:36767/jars/org.apache.hadoop_hadoop-aws-3.3.4.jar with timestamp 1772354071033
[2026-03-01T08:34:32.243+0000] {subprocess.py:106} INFO - 26/03/01 08:34:32 INFO SparkContext: Added JAR file:///home/spark/.ivy2/jars/com.amazonaws_aws-java-sdk-bundle-1.12.262.jar at spark://499f1d118d82:36767/jars/com.amazonaws_aws-java-sdk-bundle-1.12.262.jar with timestamp 1772354071033
[2026-03-01T08:34:32.244+0000] {subprocess.py:106} INFO - 26/03/01 08:34:32 INFO SparkContext: Added JAR file:///home/spark/.ivy2/jars/org.wildfly.openssl_wildfly-openssl-1.0.7.Final.jar at spark://499f1d118d82:36767/jars/org.wildfly.openssl_wildfly-openssl-1.0.7.Final.jar with timestamp 1772354071033
[2026-03-01T08:34:32.249+0000] {subprocess.py:106} INFO - 26/03/01 08:34:32 INFO SparkContext: Added file file:///home/spark/.ivy2/jars/org.apache.iceberg_iceberg-spark-runtime-3.5_2.12-1.5.0.jar at spark://499f1d118d82:36767/files/org.apache.iceberg_iceberg-spark-runtime-3.5_2.12-1.5.0.jar with timestamp 1772354071033
[2026-03-01T08:34:32.252+0000] {subprocess.py:106} INFO - 26/03/01 08:34:32 INFO Utils: Copying /home/spark/.ivy2/jars/org.apache.iceberg_iceberg-spark-runtime-3.5_2.12-1.5.0.jar to /tmp/spark-050e9383-12a6-4902-99dd-42a66e316c44/userFiles-3d59b960-485b-400d-a454-dabbf9c9cf59/org.apache.iceberg_iceberg-spark-runtime-3.5_2.12-1.5.0.jar
[2026-03-01T08:34:32.328+0000] {subprocess.py:106} INFO - 26/03/01 08:34:32 INFO SparkContext: Added file file:///home/spark/.ivy2/jars/org.apache.hadoop_hadoop-aws-3.3.4.jar at spark://499f1d118d82:36767/files/org.apache.hadoop_hadoop-aws-3.3.4.jar with timestamp 1772354071033
[2026-03-01T08:34:32.329+0000] {subprocess.py:106} INFO - 26/03/01 08:34:32 INFO Utils: Copying /home/spark/.ivy2/jars/org.apache.hadoop_hadoop-aws-3.3.4.jar to /tmp/spark-050e9383-12a6-4902-99dd-42a66e316c44/userFiles-3d59b960-485b-400d-a454-dabbf9c9cf59/org.apache.hadoop_hadoop-aws-3.3.4.jar
[2026-03-01T08:34:32.335+0000] {subprocess.py:106} INFO - 26/03/01 08:34:32 INFO SparkContext: Added file file:///home/spark/.ivy2/jars/com.amazonaws_aws-java-sdk-bundle-1.12.262.jar at spark://499f1d118d82:36767/files/com.amazonaws_aws-java-sdk-bundle-1.12.262.jar with timestamp 1772354071033
[2026-03-01T08:34:32.336+0000] {subprocess.py:106} INFO - 26/03/01 08:34:32 INFO Utils: Copying /home/spark/.ivy2/jars/com.amazonaws_aws-java-sdk-bundle-1.12.262.jar to /tmp/spark-050e9383-12a6-4902-99dd-42a66e316c44/userFiles-3d59b960-485b-400d-a454-dabbf9c9cf59/com.amazonaws_aws-java-sdk-bundle-1.12.262.jar
[2026-03-01T08:34:32.754+0000] {subprocess.py:106} INFO - 26/03/01 08:34:32 INFO SparkContext: Added file file:///home/spark/.ivy2/jars/org.wildfly.openssl_wildfly-openssl-1.0.7.Final.jar at spark://499f1d118d82:36767/files/org.wildfly.openssl_wildfly-openssl-1.0.7.Final.jar with timestamp 1772354071033
[2026-03-01T08:34:32.757+0000] {subprocess.py:106} INFO - 26/03/01 08:34:32 INFO Utils: Copying /home/spark/.ivy2/jars/org.wildfly.openssl_wildfly-openssl-1.0.7.Final.jar to /tmp/spark-050e9383-12a6-4902-99dd-42a66e316c44/userFiles-3d59b960-485b-400d-a454-dabbf9c9cf59/org.wildfly.openssl_wildfly-openssl-1.0.7.Final.jar
[2026-03-01T08:34:32.884+0000] {subprocess.py:106} INFO - 26/03/01 08:34:32 INFO StandaloneAppClient$ClientEndpoint: Connecting to master spark://spark-master:7077...
[2026-03-01T08:34:32.960+0000] {subprocess.py:106} INFO - 26/03/01 08:34:32 INFO TransportClientFactory: Successfully created connection to spark-master/172.30.0.6:7077 after 38 ms (0 ms spent in bootstraps)
[2026-03-01T08:34:33.102+0000] {subprocess.py:106} INFO - 26/03/01 08:34:33 INFO StandaloneSchedulerBackend: Connected to Spark cluster with app ID app-20260301083433-0003
[2026-03-01T08:34:33.112+0000] {subprocess.py:106} INFO - 26/03/01 08:34:33 INFO StandaloneAppClient$ClientEndpoint: Executor added: app-20260301083433-0003/0 on worker-20260301081656-172.30.0.7-44833 (172.30.0.7:44833) with 1 core(s)
[2026-03-01T08:34:33.119+0000] {subprocess.py:106} INFO - 26/03/01 08:34:33 INFO StandaloneSchedulerBackend: Granted executor ID app-20260301083433-0003/0 on hostPort 172.30.0.7:44833 with 1 core(s), 1024.0 MiB RAM
[2026-03-01T08:34:33.126+0000] {subprocess.py:106} INFO - 26/03/01 08:34:33 INFO Utils: Successfully started service 'org.apache.spark.network.netty.NettyBlockTransferService' on port 46827.
[2026-03-01T08:34:33.130+0000] {subprocess.py:106} INFO - 26/03/01 08:34:33 INFO NettyBlockTransferService: Server created on 499f1d118d82:46827
[2026-03-01T08:34:33.131+0000] {subprocess.py:106} INFO - 26/03/01 08:34:33 INFO BlockManager: Using org.apache.spark.storage.RandomBlockReplicationPolicy for block replication policy
[2026-03-01T08:34:33.150+0000] {subprocess.py:106} INFO - 26/03/01 08:34:33 INFO BlockManagerMaster: Registering BlockManager BlockManagerId(driver, 499f1d118d82, 46827, None)
[2026-03-01T08:34:33.158+0000] {subprocess.py:106} INFO - 26/03/01 08:34:33 INFO BlockManagerMasterEndpoint: Registering block manager 499f1d118d82:46827 with 434.4 MiB RAM, BlockManagerId(driver, 499f1d118d82, 46827, None)
[2026-03-01T08:34:33.168+0000] {subprocess.py:106} INFO - 26/03/01 08:34:33 INFO BlockManagerMaster: Registered BlockManager BlockManagerId(driver, 499f1d118d82, 46827, None)
[2026-03-01T08:34:33.175+0000] {subprocess.py:106} INFO - 26/03/01 08:34:33 INFO BlockManager: Initialized BlockManager: BlockManagerId(driver, 499f1d118d82, 46827, None)
[2026-03-01T08:34:33.242+0000] {subprocess.py:106} INFO - 26/03/01 08:34:33 INFO StandaloneAppClient$ClientEndpoint: Executor updated: app-20260301083433-0003/0 is now RUNNING
[2026-03-01T08:34:33.645+0000] {subprocess.py:106} INFO - 26/03/01 08:34:33 INFO StandaloneSchedulerBackend: SchedulerBackend is ready for scheduling beginning after reached minRegisteredResourcesRatio: 0.0
[2026-03-01T08:34:34.049+0000] {subprocess.py:106} INFO - Reading data from: s3a://warehouse/raw/itviec_jobs_full.csv
[2026-03-01T08:34:34.056+0000] {subprocess.py:106} INFO - 26/03/01 08:34:34 INFO SharedState: Setting hive.metastore.warehouse.dir ('null') to the value of spark.sql.warehouse.dir.
[2026-03-01T08:34:34.063+0000] {subprocess.py:106} INFO - 26/03/01 08:34:34 INFO SharedState: Warehouse path is 'file:/opt/spark/work-dir/spark-warehouse'.
[2026-03-01T08:34:38.695+0000] {subprocess.py:106} INFO - 26/03/01 08:34:38 WARN MetricsConfig: Cannot locate configuration: tried hadoop-metrics2-s3a-file-system.properties,hadoop-metrics2.properties
[2026-03-01T08:34:38.735+0000] {subprocess.py:106} INFO - 26/03/01 08:34:38 INFO MetricsSystemImpl: Scheduled Metric snapshot period at 10 second(s).
[2026-03-01T08:34:38.736+0000] {subprocess.py:106} INFO - 26/03/01 08:34:38 INFO MetricsSystemImpl: s3a-file-system metrics system started
[2026-03-01T08:34:41.204+0000] {subprocess.py:106} INFO - 26/03/01 08:34:41 INFO StandaloneSchedulerBackend$StandaloneDriverEndpoint: Registered executor NettyRpcEndpointRef(spark-client://Executor) (172.30.0.7:44324) with ID 0,  ResourceProfileId 0
[2026-03-01T08:34:41.426+0000] {subprocess.py:106} INFO - 26/03/01 08:34:41 INFO BlockManagerMasterEndpoint: Registering block manager 172.30.0.7:40935 with 434.4 MiB RAM, BlockManagerId(0, 172.30.0.7, 40935, None)
[2026-03-01T08:34:41.635+0000] {subprocess.py:106} INFO - 26/03/01 08:34:41 INFO InMemoryFileIndex: It took 240 ms to list leaf files for 1 paths.
[2026-03-01T08:34:41.923+0000] {subprocess.py:106} INFO - 26/03/01 08:34:41 INFO MemoryStore: Block broadcast_0 stored as values in memory (estimated size 206.5 KiB, free 434.2 MiB)
[2026-03-01T08:34:42.044+0000] {subprocess.py:106} INFO - 26/03/01 08:34:42 INFO MemoryStore: Block broadcast_0_piece0 stored as bytes in memory (estimated size 36.1 KiB, free 434.2 MiB)
[2026-03-01T08:34:42.052+0000] {subprocess.py:106} INFO - 26/03/01 08:34:42 INFO BlockManagerInfo: Added broadcast_0_piece0 in memory on 499f1d118d82:46827 (size: 36.1 KiB, free: 434.4 MiB)
[2026-03-01T08:34:42.063+0000] {subprocess.py:106} INFO - 26/03/01 08:34:42 INFO SparkContext: Created broadcast 0 from csv at <unknown>:0
[2026-03-01T08:34:42.763+0000] {subprocess.py:106} INFO - 26/03/01 08:34:42 INFO FileInputFormat: Total input files to process : 1
[2026-03-01T08:34:42.774+0000] {subprocess.py:106} INFO - 26/03/01 08:34:42 INFO FileInputFormat: Total input files to process : 1
[2026-03-01T08:34:42.846+0000] {subprocess.py:106} INFO - 26/03/01 08:34:42 INFO SparkContext: Starting job: csv at <unknown>:0
[2026-03-01T08:34:42.876+0000] {subprocess.py:106} INFO - 26/03/01 08:34:42 INFO DAGScheduler: Got job 0 (csv at <unknown>:0) with 1 output partitions
[2026-03-01T08:34:42.877+0000] {subprocess.py:106} INFO - 26/03/01 08:34:42 INFO DAGScheduler: Final stage: ResultStage 0 (csv at <unknown>:0)
[2026-03-01T08:34:42.878+0000] {subprocess.py:106} INFO - 26/03/01 08:34:42 INFO DAGScheduler: Parents of final stage: List()
[2026-03-01T08:34:42.882+0000] {subprocess.py:106} INFO - 26/03/01 08:34:42 INFO DAGScheduler: Missing parents: List()
[2026-03-01T08:34:42.893+0000] {subprocess.py:106} INFO - 26/03/01 08:34:42 INFO DAGScheduler: Submitting ResultStage 0 (MapPartitionsRDD[2] at csv at <unknown>:0), which has no missing parents
[2026-03-01T08:34:42.931+0000] {subprocess.py:106} INFO - 26/03/01 08:34:42 INFO MemoryStore: Block broadcast_1 stored as values in memory (estimated size 7.6 KiB, free 434.2 MiB)
[2026-03-01T08:34:42.958+0000] {subprocess.py:106} INFO - 26/03/01 08:34:42 INFO MemoryStore: Block broadcast_1_piece0 stored as bytes in memory (estimated size 4.4 KiB, free 434.2 MiB)
[2026-03-01T08:34:42.960+0000] {subprocess.py:106} INFO - 26/03/01 08:34:42 INFO BlockManagerInfo: Added broadcast_1_piece0 in memory on 499f1d118d82:46827 (size: 4.4 KiB, free: 434.4 MiB)
[2026-03-01T08:34:42.962+0000] {subprocess.py:106} INFO - 26/03/01 08:34:42 INFO SparkContext: Created broadcast 1 from broadcast at DAGScheduler.scala:1585
[2026-03-01T08:34:42.997+0000] {subprocess.py:106} INFO - 26/03/01 08:34:42 INFO DAGScheduler: Submitting 1 missing tasks from ResultStage 0 (MapPartitionsRDD[2] at csv at <unknown>:0) (first 15 tasks are for partitions Vector(0))
[2026-03-01T08:34:43.001+0000] {subprocess.py:106} INFO - 26/03/01 08:34:42 INFO TaskSchedulerImpl: Adding task set 0.0 with 1 tasks resource profile 0
[2026-03-01T08:34:48.924+0000] {subprocess.py:106} INFO - 26/03/01 08:34:48 INFO TaskSetManager: Starting task 0.0 in stage 0.0 (TID 0) (172.30.0.7, executor 0, partition 0, PROCESS_LOCAL, 10108 bytes)
[2026-03-01T08:34:49.342+0000] {subprocess.py:106} INFO - 26/03/01 08:34:49 INFO BlockManagerInfo: Added broadcast_1_piece0 in memory on 172.30.0.7:40935 (size: 4.4 KiB, free: 434.4 MiB)
[2026-03-01T08:34:49.710+0000] {subprocess.py:106} INFO - 26/03/01 08:34:49 INFO BlockManagerInfo: Added broadcast_0_piece0 in memory on 172.30.0.7:40935 (size: 36.1 KiB, free: 434.4 MiB)
[2026-03-01T08:34:52.603+0000] {subprocess.py:106} INFO - 26/03/01 08:34:52 INFO TaskSetManager: Finished task 0.0 in stage 0.0 (TID 0) in 3714 ms on 172.30.0.7 (executor 0) (1/1)
[2026-03-01T08:34:52.606+0000] {subprocess.py:106} INFO - 26/03/01 08:34:52 INFO TaskSchedulerImpl: Removed TaskSet 0.0, whose tasks have all completed, from pool
[2026-03-01T08:34:52.612+0000] {subprocess.py:106} INFO - 26/03/01 08:34:52 INFO DAGScheduler: ResultStage 0 (csv at <unknown>:0) finished in 9.689 s
[2026-03-01T08:34:52.617+0000] {subprocess.py:106} INFO - 26/03/01 08:34:52 INFO DAGScheduler: Job 0 is finished. Cancelling potential speculative or zombie tasks for this job
[2026-03-01T08:34:52.618+0000] {subprocess.py:106} INFO - 26/03/01 08:34:52 INFO TaskSchedulerImpl: Killing all running tasks in stage 0: Stage finished
[2026-03-01T08:34:52.621+0000] {subprocess.py:106} INFO - 26/03/01 08:34:52 INFO DAGScheduler: Job 0 finished: csv at <unknown>:0, took 9.773678 s
[2026-03-01T08:34:52.673+0000] {subprocess.py:106} INFO - 26/03/01 08:34:52 INFO SparkContext: Starting job: csv at <unknown>:0
[2026-03-01T08:34:52.675+0000] {subprocess.py:106} INFO - 26/03/01 08:34:52 INFO DAGScheduler: Got job 1 (csv at <unknown>:0) with 1 output partitions
[2026-03-01T08:34:52.676+0000] {subprocess.py:106} INFO - 26/03/01 08:34:52 INFO DAGScheduler: Final stage: ResultStage 1 (csv at <unknown>:0)
[2026-03-01T08:34:52.678+0000] {subprocess.py:106} INFO - 26/03/01 08:34:52 INFO DAGScheduler: Parents of final stage: List()
[2026-03-01T08:34:52.680+0000] {subprocess.py:106} INFO - 26/03/01 08:34:52 INFO DAGScheduler: Missing parents: List()
[2026-03-01T08:34:52.681+0000] {subprocess.py:106} INFO - 26/03/01 08:34:52 INFO DAGScheduler: Submitting ResultStage 1 (MapPartitionsRDD[3] at csv at <unknown>:0), which has no missing parents
[2026-03-01T08:34:52.682+0000] {subprocess.py:106} INFO - 26/03/01 08:34:52 INFO MemoryStore: Block broadcast_2 stored as values in memory (estimated size 10.1 KiB, free 434.1 MiB)
[2026-03-01T08:34:52.684+0000] {subprocess.py:106} INFO - 26/03/01 08:34:52 INFO MemoryStore: Block broadcast_2_piece0 stored as bytes in memory (estimated size 5.4 KiB, free 434.1 MiB)
[2026-03-01T08:34:52.687+0000] {subprocess.py:106} INFO - 26/03/01 08:34:52 INFO BlockManagerInfo: Added broadcast_2_piece0 in memory on 499f1d118d82:46827 (size: 5.4 KiB, free: 434.4 MiB)
[2026-03-01T08:34:52.688+0000] {subprocess.py:106} INFO - 26/03/01 08:34:52 INFO SparkContext: Created broadcast 2 from broadcast at DAGScheduler.scala:1585
[2026-03-01T08:34:52.692+0000] {subprocess.py:106} INFO - 26/03/01 08:34:52 INFO DAGScheduler: Submitting 1 missing tasks from ResultStage 1 (MapPartitionsRDD[3] at csv at <unknown>:0) (first 15 tasks are for partitions Vector(0))
[2026-03-01T08:34:52.692+0000] {subprocess.py:106} INFO - 26/03/01 08:34:52 INFO TaskSchedulerImpl: Adding task set 1.0 with 1 tasks resource profile 0
[2026-03-01T08:34:52.695+0000] {subprocess.py:106} INFO - 26/03/01 08:34:52 INFO TaskSetManager: Starting task 0.0 in stage 1.0 (TID 1) (172.30.0.7, executor 0, partition 0, PROCESS_LOCAL, 10108 bytes)
[2026-03-01T08:34:52.737+0000] {subprocess.py:106} INFO - 26/03/01 08:34:52 INFO BlockManagerInfo: Added broadcast_2_piece0 in memory on 172.30.0.7:40935 (size: 5.4 KiB, free: 434.4 MiB)
[2026-03-01T08:34:54.955+0000] {subprocess.py:106} INFO - 26/03/01 08:34:54 INFO TaskSetManager: Finished task 0.0 in stage 1.0 (TID 1) in 2259 ms on 172.30.0.7 (executor 0) (1/1)
[2026-03-01T08:34:54.963+0000] {subprocess.py:106} INFO - 26/03/01 08:34:54 INFO TaskSchedulerImpl: Removed TaskSet 1.0, whose tasks have all completed, from pool
[2026-03-01T08:34:54.964+0000] {subprocess.py:106} INFO - 26/03/01 08:34:54 INFO DAGScheduler: ResultStage 1 (csv at <unknown>:0) finished in 2.275 s
[2026-03-01T08:34:54.964+0000] {subprocess.py:106} INFO - 26/03/01 08:34:54 INFO DAGScheduler: Job 1 is finished. Cancelling potential speculative or zombie tasks for this job
[2026-03-01T08:34:54.969+0000] {subprocess.py:106} INFO - 26/03/01 08:34:54 INFO TaskSchedulerImpl: Killing all running tasks in stage 1: Stage finished
[2026-03-01T08:34:54.983+0000] {subprocess.py:106} INFO - 26/03/01 08:34:54 INFO DAGScheduler: Job 1 finished: csv at <unknown>:0, took 1.294127 s
[2026-03-01T08:34:55.558+0000] {subprocess.py:106} INFO - 26/03/01 08:34:55 INFO BlockManagerInfo: Removed broadcast_0_piece0 on 172.30.0.7:40935 in memory (size: 36.1 KiB, free: 434.4 MiB)
[2026-03-01T08:34:55.576+0000] {subprocess.py:106} INFO - 26/03/01 08:34:55 INFO BlockManagerInfo: Removed broadcast_0_piece0 on 499f1d118d82:46827 in memory (size: 36.1 KiB, free: 434.4 MiB)
[2026-03-01T08:34:55.593+0000] {subprocess.py:106} INFO - 26/03/01 08:34:55 INFO BlockManagerInfo: Removed broadcast_2_piece0 on 499f1d118d82:46827 in memory (size: 5.4 KiB, free: 434.4 MiB)
[2026-03-01T08:34:55.594+0000] {subprocess.py:106} INFO - 26/03/01 08:34:55 INFO BlockManagerInfo: Removed broadcast_2_piece0 on 172.30.0.7:40935 in memory (size: 5.4 KiB, free: 434.4 MiB)
[2026-03-01T08:34:55.611+0000] {subprocess.py:106} INFO - 26/03/01 08:34:55 INFO BlockManagerInfo: Removed broadcast_1_piece0 on 499f1d118d82:46827 in memory (size: 4.4 KiB, free: 434.4 MiB)
[2026-03-01T08:34:55.621+0000] {subprocess.py:106} INFO - 26/03/01 08:34:55 INFO BlockManagerInfo: Removed broadcast_1_piece0 on 172.30.0.7:40935 in memory (size: 4.4 KiB, free: 434.4 MiB)
[2026-03-01T08:34:57.106+0000] {subprocess.py:106} INFO - 26/03/01 08:34:57 INFO FileSourceStrategy: Pushed Filters:
[2026-03-01T08:34:57.110+0000] {subprocess.py:106} INFO - 26/03/01 08:34:57 INFO FileSourceStrategy: Post-Scan Filters:
[2026-03-01T08:34:57.862+0000] {subprocess.py:106} INFO - 26/03/01 08:34:57 INFO CodeGenerator: Code generated in 401.600431 ms
[2026-03-01T08:34:57.887+0000] {subprocess.py:106} INFO - 26/03/01 08:34:57 INFO MemoryStore: Block broadcast_3 stored as values in memory (estimated size 205.7 KiB, free 434.2 MiB)
[2026-03-01T08:34:57.918+0000] {subprocess.py:106} INFO - 26/03/01 08:34:57 INFO MemoryStore: Block broadcast_3_piece0 stored as bytes in memory (estimated size 36.1 KiB, free 434.2 MiB)
[2026-03-01T08:34:57.922+0000] {subprocess.py:106} INFO - 26/03/01 08:34:57 INFO BlockManagerInfo: Added broadcast_3_piece0 in memory on 499f1d118d82:46827 (size: 36.1 KiB, free: 434.4 MiB)
[2026-03-01T08:34:57.925+0000] {subprocess.py:106} INFO - 26/03/01 08:34:57 INFO SparkContext: Created broadcast 3 from count at <unknown>:0
[2026-03-01T08:34:57.986+0000] {subprocess.py:106} INFO - 26/03/01 08:34:57 INFO FileSourceScanExec: Planning scan with bin packing, max size: 4194304 bytes, open cost is considered as scanning 4194304 bytes.
[2026-03-01T08:34:58.093+0000] {subprocess.py:106} INFO - 26/03/01 08:34:58 INFO DAGScheduler: Registering RDD 7 (count at <unknown>:0) as input to shuffle 0
[2026-03-01T08:34:58.105+0000] {subprocess.py:106} INFO - 26/03/01 08:34:58 INFO DAGScheduler: Got map stage job 2 (count at <unknown>:0) with 1 output partitions
[2026-03-01T08:34:58.106+0000] {subprocess.py:106} INFO - 26/03/01 08:34:58 INFO DAGScheduler: Final stage: ShuffleMapStage 2 (count at <unknown>:0)
[2026-03-01T08:34:58.107+0000] {subprocess.py:106} INFO - 26/03/01 08:34:58 INFO DAGScheduler: Parents of final stage: List()
[2026-03-01T08:34:58.109+0000] {subprocess.py:106} INFO - 26/03/01 08:34:58 INFO DAGScheduler: Missing parents: List()
[2026-03-01T08:34:58.112+0000] {subprocess.py:106} INFO - 26/03/01 08:34:58 INFO DAGScheduler: Submitting ShuffleMapStage 2 (MapPartitionsRDD[7] at count at <unknown>:0), which has no missing parents
[2026-03-01T08:34:58.195+0000] {subprocess.py:106} INFO - 26/03/01 08:34:58 INFO MemoryStore: Block broadcast_4 stored as values in memory (estimated size 18.1 KiB, free 434.1 MiB)
[2026-03-01T08:34:58.218+0000] {subprocess.py:106} INFO - 26/03/01 08:34:58 INFO MemoryStore: Block broadcast_4_piece0 stored as bytes in memory (estimated size 8.9 KiB, free 434.1 MiB)
[2026-03-01T08:34:58.222+0000] {subprocess.py:106} INFO - 26/03/01 08:34:58 INFO BlockManagerInfo: Added broadcast_4_piece0 in memory on 499f1d118d82:46827 (size: 8.9 KiB, free: 434.4 MiB)
[2026-03-01T08:34:58.223+0000] {subprocess.py:106} INFO - 26/03/01 08:34:58 INFO SparkContext: Created broadcast 4 from broadcast at DAGScheduler.scala:1585
[2026-03-01T08:34:58.246+0000] {subprocess.py:106} INFO - 26/03/01 08:34:58 INFO DAGScheduler: Submitting 1 missing tasks from ShuffleMapStage 2 (MapPartitionsRDD[7] at count at <unknown>:0) (first 15 tasks are for partitions Vector(0))
[2026-03-01T08:34:58.246+0000] {subprocess.py:106} INFO - 26/03/01 08:34:58 INFO TaskSchedulerImpl: Adding task set 2.0 with 1 tasks resource profile 0
[2026-03-01T08:34:58.248+0000] {subprocess.py:106} INFO - 26/03/01 08:34:58 INFO TaskSetManager: Starting task 0.0 in stage 2.0 (TID 2) (172.30.0.7, executor 0, partition 0, PROCESS_LOCAL, 10568 bytes)
[2026-03-01T08:34:58.351+0000] {subprocess.py:106} INFO - 26/03/01 08:34:58 INFO BlockManagerInfo: Added broadcast_4_piece0 in memory on 172.30.0.7:40935 (size: 8.9 KiB, free: 434.4 MiB)
[2026-03-01T08:34:59.269+0000] {subprocess.py:106} INFO - 26/03/01 08:34:59 INFO BlockManagerInfo: Added broadcast_3_piece0 in memory on 172.30.0.7:40935 (size: 36.1 KiB, free: 434.4 MiB)
[2026-03-01T08:34:59.498+0000] {subprocess.py:106} INFO - 26/03/01 08:34:59 INFO TaskSetManager: Finished task 0.0 in stage 2.0 (TID 2) in 1265 ms on 172.30.0.7 (executor 0) (1/1)
[2026-03-01T08:34:59.501+0000] {subprocess.py:106} INFO - 26/03/01 08:34:59 INFO TaskSchedulerImpl: Removed TaskSet 2.0, whose tasks have all completed, from pool
[2026-03-01T08:34:59.503+0000] {subprocess.py:106} INFO - 26/03/01 08:34:59 INFO DAGScheduler: ShuffleMapStage 2 (count at <unknown>:0) finished in 1.378 s
[2026-03-01T08:34:59.504+0000] {subprocess.py:106} INFO - 26/03/01 08:34:59 INFO DAGScheduler: looking for newly runnable stages
[2026-03-01T08:34:59.504+0000] {subprocess.py:106} INFO - 26/03/01 08:34:59 INFO DAGScheduler: running: Set()
[2026-03-01T08:34:59.505+0000] {subprocess.py:106} INFO - 26/03/01 08:34:59 INFO DAGScheduler: waiting: Set()
[2026-03-01T08:34:59.507+0000] {subprocess.py:106} INFO - 26/03/01 08:34:59 INFO DAGScheduler: failed: Set()
[2026-03-01T08:34:59.593+0000] {subprocess.py:106} INFO - 26/03/01 08:34:59 INFO CodeGenerator: Code generated in 25.668148 ms
[2026-03-01T08:34:59.641+0000] {subprocess.py:106} INFO - 26/03/01 08:34:59 INFO SparkContext: Starting job: count at <unknown>:0
[2026-03-01T08:34:59.645+0000] {subprocess.py:106} INFO - 26/03/01 08:34:59 INFO DAGScheduler: Got job 3 (count at <unknown>:0) with 1 output partitions
[2026-03-01T08:34:59.646+0000] {subprocess.py:106} INFO - 26/03/01 08:34:59 INFO DAGScheduler: Final stage: ResultStage 4 (count at <unknown>:0)
[2026-03-01T08:34:59.647+0000] {subprocess.py:106} INFO - 26/03/01 08:34:59 INFO DAGScheduler: Parents of final stage: List(ShuffleMapStage 3)
[2026-03-01T08:34:59.648+0000] {subprocess.py:106} INFO - 26/03/01 08:34:59 INFO DAGScheduler: Missing parents: List()
[2026-03-01T08:34:59.649+0000] {subprocess.py:106} INFO - 26/03/01 08:34:59 INFO DAGScheduler: Submitting ResultStage 4 (MapPartitionsRDD[10] at count at <unknown>:0), which has no missing parents
[2026-03-01T08:34:59.664+0000] {subprocess.py:106} INFO - 26/03/01 08:34:59 INFO MemoryStore: Block broadcast_5 stored as values in memory (estimated size 12.5 KiB, free 434.1 MiB)
[2026-03-01T08:34:59.686+0000] {subprocess.py:106} INFO - 26/03/01 08:34:59 INFO MemoryStore: Block broadcast_5_piece0 stored as bytes in memory (estimated size 5.9 KiB, free 434.1 MiB)
[2026-03-01T08:34:59.691+0000] {subprocess.py:106} INFO - 26/03/01 08:34:59 INFO BlockManagerInfo: Added broadcast_5_piece0 in memory on 499f1d118d82:46827 (size: 5.9 KiB, free: 434.4 MiB)
[2026-03-01T08:34:59.692+0000] {subprocess.py:106} INFO - 26/03/01 08:34:59 INFO SparkContext: Created broadcast 5 from broadcast at DAGScheduler.scala:1585
[2026-03-01T08:34:59.693+0000] {subprocess.py:106} INFO - 26/03/01 08:34:59 INFO BlockManagerInfo: Removed broadcast_4_piece0 on 499f1d118d82:46827 in memory (size: 8.9 KiB, free: 434.4 MiB)
[2026-03-01T08:34:59.696+0000] {subprocess.py:106} INFO - 26/03/01 08:34:59 INFO DAGScheduler: Submitting 1 missing tasks from ResultStage 4 (MapPartitionsRDD[10] at count at <unknown>:0) (first 15 tasks are for partitions Vector(0))
[2026-03-01T08:34:59.698+0000] {subprocess.py:106} INFO - 26/03/01 08:34:59 INFO TaskSchedulerImpl: Adding task set 4.0 with 1 tasks resource profile 0
[2026-03-01T08:34:59.699+0000] {subprocess.py:106} INFO - 26/03/01 08:34:59 INFO BlockManagerInfo: Removed broadcast_4_piece0 on 172.30.0.7:40935 in memory (size: 8.9 KiB, free: 434.4 MiB)
[2026-03-01T08:34:59.712+0000] {subprocess.py:106} INFO - 26/03/01 08:34:59 INFO TaskSetManager: Starting task 0.0 in stage 4.0 (TID 3) (172.30.0.7, executor 0, partition 0, NODE_LOCAL, 9976 bytes)
[2026-03-01T08:34:59.791+0000] {subprocess.py:106} INFO - 26/03/01 08:34:59 INFO BlockManagerInfo: Added broadcast_5_piece0 in memory on 172.30.0.7:40935 (size: 5.9 KiB, free: 434.4 MiB)
[2026-03-01T08:34:59.839+0000] {subprocess.py:106} INFO - 26/03/01 08:34:59 INFO MapOutputTrackerMasterEndpoint: Asked to send map output locations for shuffle 0 to 172.30.0.7:44324
[2026-03-01T08:35:00.030+0000] {subprocess.py:106} INFO - 26/03/01 08:35:00 INFO TaskSetManager: Finished task 0.0 in stage 4.0 (TID 3) in 326 ms on 172.30.0.7 (executor 0) (1/1)
[2026-03-01T08:35:00.032+0000] {subprocess.py:106} INFO - 26/03/01 08:35:00 INFO TaskSchedulerImpl: Removed TaskSet 4.0, whose tasks have all completed, from pool
[2026-03-01T08:35:00.036+0000] {subprocess.py:106} INFO - 26/03/01 08:35:00 INFO DAGScheduler: ResultStage 4 (count at <unknown>:0) finished in 0.371 s
[2026-03-01T08:35:00.037+0000] {subprocess.py:106} INFO - 26/03/01 08:35:00 INFO DAGScheduler: Job 3 is finished. Cancelling potential speculative or zombie tasks for this job
[2026-03-01T08:35:00.037+0000] {subprocess.py:106} INFO - 26/03/01 08:35:00 INFO TaskSchedulerImpl: Killing all running tasks in stage 4: Stage finished
[2026-03-01T08:35:00.038+0000] {subprocess.py:106} INFO - 26/03/01 08:35:00 INFO DAGScheduler: Job 3 finished: count at <unknown>:0, took 0.393056 s
[2026-03-01T08:35:00.045+0000] {subprocess.py:106} INFO -  Record loaded from CSV: 8135
[2026-03-01T08:35:00.051+0000] {subprocess.py:106} INFO - root
[2026-03-01T08:35:00.052+0000] {subprocess.py:106} INFO -  |-- job_title: string (nullable = true)
[2026-03-01T08:35:00.053+0000] {subprocess.py:106} INFO -  |-- company_name: string (nullable = true)
[2026-03-01T08:35:00.054+0000] {subprocess.py:106} INFO -  |-- location: string (nullable = true)
[2026-03-01T08:35:00.055+0000] {subprocess.py:106} INFO -  |-- skills_required: string (nullable = true)
[2026-03-01T08:35:00.055+0000] {subprocess.py:106} INFO -  |-- date_posted: timestamp (nullable = true)
[2026-03-01T08:35:00.056+0000] {subprocess.py:106} INFO -  |-- job_link: string (nullable = true)
[2026-03-01T08:35:00.057+0000] {subprocess.py:106} INFO -  |-- job_category: string (nullable = true)
[2026-03-01T08:35:00.058+0000] {subprocess.py:106} INFO -  |-- work_mode: string (nullable = true)
[2026-03-01T08:35:00.059+0000] {subprocess.py:106} INFO -  |-- crawl_date: timestamp (nullable = true)
[2026-03-01T08:35:00.059+0000] {subprocess.py:106} INFO -  |-- date_only: date (nullable = true)
[2026-03-01T08:35:00.060+0000] {subprocess.py:106} INFO - 
[2026-03-01T08:35:00.572+0000] {subprocess.py:106} INFO - 26/03/01 08:35:00 INFO HiveConf: Found configuration file null
[2026-03-01T08:35:00.624+0000] {subprocess.py:106} INFO - 26/03/01 08:35:00 INFO BlockManagerInfo: Removed broadcast_5_piece0 on 499f1d118d82:46827 in memory (size: 5.9 KiB, free: 434.4 MiB)
[2026-03-01T08:35:00.628+0000] {subprocess.py:106} INFO - 26/03/01 08:35:00 INFO BlockManagerInfo: Removed broadcast_5_piece0 on 172.30.0.7:40935 in memory (size: 5.9 KiB, free: 434.4 MiB)
[2026-03-01T08:35:00.642+0000] {subprocess.py:106} INFO - 26/03/01 08:35:00 INFO BlockManagerInfo: Removed broadcast_3_piece0 on 499f1d118d82:46827 in memory (size: 36.1 KiB, free: 434.4 MiB)
[2026-03-01T08:35:00.643+0000] {subprocess.py:106} INFO - 26/03/01 08:35:00 INFO BlockManagerInfo: Removed broadcast_3_piece0 on 172.30.0.7:40935 in memory (size: 36.1 KiB, free: 434.4 MiB)
[2026-03-01T08:35:00.795+0000] {subprocess.py:106} INFO - 26/03/01 08:35:00 INFO metastore: Trying to connect to metastore with URI thrift://hive-metastore:9083
[2026-03-01T08:35:00.830+0000] {subprocess.py:106} INFO - 26/03/01 08:35:00 INFO metastore: Opened a connection to metastore, current connections: 1
[2026-03-01T08:35:00.866+0000] {subprocess.py:106} INFO - 26/03/01 08:35:00 INFO metastore: Connected to metastore.
[2026-03-01T08:35:01.119+0000] {subprocess.py:106} INFO - 26/03/01 08:35:01 INFO BaseMetastoreTableOperations: Refreshing table metadata from new version: s3a://warehouse/iceberg_data/bronze.db/it_jobs_raw/metadata/00004-d2a87962-68b1-4b69-a282-cf049d907f6b.metadata.json
[2026-03-01T08:35:01.645+0000] {subprocess.py:106} INFO - 26/03/01 08:35:01 INFO BaseMetastoreCatalog: Table loaded by catalog: iceberg.bronze.it_jobs_raw
[2026-03-01T08:35:01.654+0000] {subprocess.py:106} INFO - Table iceberg.bronze.it_jobs_raw exists. Checking for new records...
[2026-03-01T08:35:02.008+0000] {subprocess.py:106} INFO - 26/03/01 08:35:02 INFO V2ScanRelationPushDown:
[2026-03-01T08:35:02.008+0000] {subprocess.py:106} INFO - Pushing operators to iceberg.bronze.it_jobs_raw
[2026-03-01T08:35:02.009+0000] {subprocess.py:106} INFO - Pushed Filters: job_link IS NOT NULL
[2026-03-01T08:35:02.010+0000] {subprocess.py:106} INFO - Post-Scan Filters: isnotnull(job_link#79)
[2026-03-01T08:35:02.011+0000] {subprocess.py:106} INFO - 
[2026-03-01T08:35:02.066+0000] {subprocess.py:106} INFO - 26/03/01 08:35:02 INFO V2ScanRelationPushDown:
[2026-03-01T08:35:02.067+0000] {subprocess.py:106} INFO - Output: job_link#79
[2026-03-01T08:35:02.067+0000] {subprocess.py:106} INFO - 
[2026-03-01T08:35:02.086+0000] {subprocess.py:106} INFO - 26/03/01 08:35:02 INFO SnapshotScan: Scanning table iceberg.bronze.it_jobs_raw snapshot 2183305538868742636 created at 2026-03-01T08:18:58.466+00:00 with filter job_link IS NOT NULL
[2026-03-01T08:35:02.359+0000] {subprocess.py:106} INFO - 26/03/01 08:35:02 INFO BaseDistributedDataScan: Planning file tasks locally for table iceberg.bronze.it_jobs_raw
[2026-03-01T08:35:02.566+0000] {subprocess.py:106} INFO - 26/03/01 08:35:02 INFO SparkPartitioningAwareScan: Reporting UnknownPartitioning with 2 partition(s) for table iceberg.bronze.it_jobs_raw
[2026-03-01T08:35:02.640+0000] {subprocess.py:106} INFO - 26/03/01 08:35:02 INFO FileSourceStrategy: Pushed Filters:
[2026-03-01T08:35:02.641+0000] {subprocess.py:106} INFO - 26/03/01 08:35:02 INFO FileSourceStrategy: Post-Scan Filters:
[2026-03-01T08:35:02.658+0000] {subprocess.py:106} INFO - 26/03/01 08:35:02 INFO MemoryStore: Block broadcast_6 stored as values in memory (estimated size 32.0 KiB, free 434.4 MiB)
[2026-03-01T08:35:02.691+0000] {subprocess.py:106} INFO - 26/03/01 08:35:02 INFO MemoryStore: Block broadcast_6_piece0 stored as bytes in memory (estimated size 30.2 KiB, free 434.3 MiB)
[2026-03-01T08:35:02.693+0000] {subprocess.py:106} INFO - 26/03/01 08:35:02 INFO BlockManagerInfo: Added broadcast_6_piece0 in memory on 499f1d118d82:46827 (size: 30.2 KiB, free: 434.4 MiB)
[2026-03-01T08:35:02.698+0000] {subprocess.py:106} INFO - 26/03/01 08:35:02 INFO SparkContext: Created broadcast 6 from broadcast at SparkBatch.java:79
[2026-03-01T08:35:02.723+0000] {subprocess.py:106} INFO - 26/03/01 08:35:02 INFO MemoryStore: Block broadcast_7 stored as values in memory (estimated size 32.0 KiB, free 434.3 MiB)
[2026-03-01T08:35:02.728+0000] {subprocess.py:106} INFO - 26/03/01 08:35:02 INFO MemoryStore: Block broadcast_7_piece0 stored as bytes in memory (estimated size 30.2 KiB, free 434.3 MiB)
[2026-03-01T08:35:02.746+0000] {subprocess.py:106} INFO - 26/03/01 08:35:02 INFO BlockManagerInfo: Added broadcast_7_piece0 in memory on 499f1d118d82:46827 (size: 30.2 KiB, free: 434.3 MiB)
[2026-03-01T08:35:02.749+0000] {subprocess.py:106} INFO - 26/03/01 08:35:02 INFO SparkContext: Created broadcast 7 from broadcast at SparkBatch.java:79
[2026-03-01T08:35:02.917+0000] {subprocess.py:106} INFO - 26/03/01 08:35:02 INFO CodeGenerator: Code generated in 38.484614 ms
[2026-03-01T08:35:02.977+0000] {subprocess.py:106} INFO - 26/03/01 08:35:02 INFO SparkContext: Starting job: $anonfun$withThreadLocalCaptured$1 at <unknown>:0
[2026-03-01T08:35:02.981+0000] {subprocess.py:106} INFO - 26/03/01 08:35:02 INFO DAGScheduler: Got job 4 ($anonfun$withThreadLocalCaptured$1 at <unknown>:0) with 2 output partitions
[2026-03-01T08:35:02.983+0000] {subprocess.py:106} INFO - 26/03/01 08:35:02 INFO DAGScheduler: Final stage: ResultStage 5 ($anonfun$withThreadLocalCaptured$1 at <unknown>:0)
[2026-03-01T08:35:02.984+0000] {subprocess.py:106} INFO - 26/03/01 08:35:02 INFO DAGScheduler: Parents of final stage: List()
[2026-03-01T08:35:02.984+0000] {subprocess.py:106} INFO - 26/03/01 08:35:02 INFO DAGScheduler: Missing parents: List()
[2026-03-01T08:35:02.985+0000] {subprocess.py:106} INFO - 26/03/01 08:35:02 INFO DAGScheduler: Submitting ResultStage 5 (MapPartitionsRDD[14] at $anonfun$withThreadLocalCaptured$1 at <unknown>:0), which has no missing parents
[2026-03-01T08:35:02.989+0000] {subprocess.py:106} INFO - 26/03/01 08:35:02 INFO MemoryStore: Block broadcast_8 stored as values in memory (estimated size 13.7 KiB, free 434.3 MiB)
[2026-03-01T08:35:03.005+0000] {subprocess.py:106} INFO - 26/03/01 08:35:03 INFO MemoryStore: Block broadcast_8_piece0 stored as bytes in memory (estimated size 5.5 KiB, free 434.3 MiB)
[2026-03-01T08:35:03.007+0000] {subprocess.py:106} INFO - 26/03/01 08:35:03 INFO BlockManagerInfo: Added broadcast_8_piece0 in memory on 499f1d118d82:46827 (size: 5.5 KiB, free: 434.3 MiB)
[2026-03-01T08:35:03.011+0000] {subprocess.py:106} INFO - 26/03/01 08:35:03 INFO SparkContext: Created broadcast 8 from broadcast at DAGScheduler.scala:1585
[2026-03-01T08:35:03.012+0000] {subprocess.py:106} INFO - 26/03/01 08:35:03 INFO DAGScheduler: Submitting 2 missing tasks from ResultStage 5 (MapPartitionsRDD[14] at $anonfun$withThreadLocalCaptured$1 at <unknown>:0) (first 15 tasks are for partitions Vector(0, 1))
[2026-03-01T08:35:03.013+0000] {subprocess.py:106} INFO - 26/03/01 08:35:03 INFO TaskSchedulerImpl: Adding task set 5.0 with 2 tasks resource profile 0
[2026-03-01T08:35:03.043+0000] {subprocess.py:106} INFO - 26/03/01 08:35:03 INFO TaskSetManager: Starting task 0.0 in stage 5.0 (TID 4) (172.30.0.7, executor 0, partition 0, PROCESS_LOCAL, 16343 bytes)
[2026-03-01T08:35:03.647+0000] {subprocess.py:106} INFO - 26/03/01 08:35:03 INFO BlockManagerInfo: Added broadcast_8_piece0 in memory on 172.30.0.7:40935 (size: 5.5 KiB, free: 434.4 MiB)
[2026-03-01T08:35:03.751+0000] {subprocess.py:106} INFO - 26/03/01 08:35:03 INFO BlockManagerInfo: Added broadcast_7_piece0 in memory on 172.30.0.7:40935 (size: 30.2 KiB, free: 434.4 MiB)
[2026-03-01T08:35:05.990+0000] {subprocess.py:106} INFO - 26/03/01 08:35:05 INFO TaskSetManager: Starting task 1.0 in stage 5.0 (TID 5) (172.30.0.7, executor 0, partition 1, PROCESS_LOCAL, 14966 bytes)
[2026-03-01T08:35:05.994+0000] {subprocess.py:106} INFO - 26/03/01 08:35:05 INFO TaskSetManager: Finished task 0.0 in stage 5.0 (TID 4) in 2981 ms on 172.30.0.7 (executor 0) (1/2)
[2026-03-01T08:35:06.087+0000] {subprocess.py:106} INFO - 26/03/01 08:35:06 INFO TaskSetManager: Finished task 1.0 in stage 5.0 (TID 5) in 97 ms on 172.30.0.7 (executor 0) (2/2)
[2026-03-01T08:35:06.088+0000] {subprocess.py:106} INFO - 26/03/01 08:35:06 INFO TaskSchedulerImpl: Removed TaskSet 5.0, whose tasks have all completed, from pool
[2026-03-01T08:35:06.089+0000] {subprocess.py:106} INFO - 26/03/01 08:35:06 INFO DAGScheduler: ResultStage 5 ($anonfun$withThreadLocalCaptured$1 at <unknown>:0) finished in 3.101 s
[2026-03-01T08:35:06.090+0000] {subprocess.py:106} INFO - 26/03/01 08:35:06 INFO DAGScheduler: Job 4 is finished. Cancelling potential speculative or zombie tasks for this job
[2026-03-01T08:35:06.091+0000] {subprocess.py:106} INFO - 26/03/01 08:35:06 INFO TaskSchedulerImpl: Killing all running tasks in stage 5: Stage finished
[2026-03-01T08:35:06.092+0000] {subprocess.py:106} INFO - 26/03/01 08:35:06 INFO DAGScheduler: Job 4 finished: $anonfun$withThreadLocalCaptured$1 at <unknown>:0, took 3.111580 s
[2026-03-01T08:35:06.128+0000] {subprocess.py:106} INFO - 26/03/01 08:35:06 INFO CodeGenerator: Code generated in 12.593833 ms
[2026-03-01T08:35:06.150+0000] {subprocess.py:106} INFO - 26/03/01 08:35:06 INFO BlockManagerInfo: Removed broadcast_8_piece0 on 499f1d118d82:46827 in memory (size: 5.5 KiB, free: 434.3 MiB)
[2026-03-01T08:35:06.153+0000] {subprocess.py:106} INFO - 26/03/01 08:35:06 INFO BlockManagerInfo: Removed broadcast_8_piece0 on 172.30.0.7:40935 in memory (size: 5.5 KiB, free: 434.4 MiB)
[2026-03-01T08:35:06.232+0000] {subprocess.py:106} INFO - 26/03/01 08:35:06 INFO MemoryStore: Block broadcast_9_piece0 stored as bytes in memory (estimated size 473.6 KiB, free 433.8 MiB)
[2026-03-01T08:35:06.234+0000] {subprocess.py:106} INFO - 26/03/01 08:35:06 INFO BlockManagerInfo: Added broadcast_9_piece0 in memory on 499f1d118d82:46827 (size: 473.6 KiB, free: 433.9 MiB)
[2026-03-01T08:35:06.236+0000] {subprocess.py:106} INFO - 26/03/01 08:35:06 INFO SparkContext: Created broadcast 9 from $anonfun$withThreadLocalCaptured$1 at <unknown>:0
[2026-03-01T08:35:06.246+0000] {subprocess.py:106} INFO - 26/03/01 08:35:06 INFO FileSourceStrategy: Pushed Filters:
[2026-03-01T08:35:06.247+0000] {subprocess.py:106} INFO - 26/03/01 08:35:06 INFO FileSourceStrategy: Post-Scan Filters:
[2026-03-01T08:35:06.305+0000] {subprocess.py:106} INFO - 26/03/01 08:35:06 INFO CodeGenerator: Code generated in 19.614167 ms
[2026-03-01T08:35:06.311+0000] {subprocess.py:106} INFO - 26/03/01 08:35:06 INFO MemoryStore: Block broadcast_10 stored as values in memory (estimated size 205.7 KiB, free 433.6 MiB)
[2026-03-01T08:35:06.339+0000] {subprocess.py:106} INFO - 26/03/01 08:35:06 INFO MemoryStore: Block broadcast_10_piece0 stored as bytes in memory (estimated size 36.1 KiB, free 433.6 MiB)
[2026-03-01T08:35:06.340+0000] {subprocess.py:106} INFO - 26/03/01 08:35:06 INFO BlockManagerInfo: Added broadcast_10_piece0 in memory on 499f1d118d82:46827 (size: 36.1 KiB, free: 433.8 MiB)
[2026-03-01T08:35:06.342+0000] {subprocess.py:106} INFO - 26/03/01 08:35:06 INFO SparkContext: Created broadcast 10 from count at <unknown>:0
[2026-03-01T08:35:06.346+0000] {subprocess.py:106} INFO - 26/03/01 08:35:06 INFO FileSourceScanExec: Planning scan with bin packing, max size: 4194304 bytes, open cost is considered as scanning 4194304 bytes.
[2026-03-01T08:35:06.360+0000] {subprocess.py:106} INFO - 26/03/01 08:35:06 INFO DAGScheduler: Registering RDD 18 (count at <unknown>:0) as input to shuffle 1
[2026-03-01T08:35:06.361+0000] {subprocess.py:106} INFO - 26/03/01 08:35:06 INFO DAGScheduler: Got map stage job 5 (count at <unknown>:0) with 1 output partitions
[2026-03-01T08:35:06.362+0000] {subprocess.py:106} INFO - 26/03/01 08:35:06 INFO DAGScheduler: Final stage: ShuffleMapStage 6 (count at <unknown>:0)
[2026-03-01T08:35:06.363+0000] {subprocess.py:106} INFO - 26/03/01 08:35:06 INFO DAGScheduler: Parents of final stage: List()
[2026-03-01T08:35:06.366+0000] {subprocess.py:106} INFO - 26/03/01 08:35:06 INFO DAGScheduler: Missing parents: List()
[2026-03-01T08:35:06.367+0000] {subprocess.py:106} INFO - 26/03/01 08:35:06 INFO DAGScheduler: Submitting ShuffleMapStage 6 (MapPartitionsRDD[18] at count at <unknown>:0), which has no missing parents
[2026-03-01T08:35:06.374+0000] {subprocess.py:106} INFO - 26/03/01 08:35:06 INFO MemoryStore: Block broadcast_11 stored as values in memory (estimated size 20.2 KiB, free 433.6 MiB)
[2026-03-01T08:35:06.377+0000] {subprocess.py:106} INFO - 26/03/01 08:35:06 INFO MemoryStore: Block broadcast_11_piece0 stored as bytes in memory (estimated size 9.7 KiB, free 433.6 MiB)
[2026-03-01T08:35:06.379+0000] {subprocess.py:106} INFO - 26/03/01 08:35:06 INFO BlockManagerInfo: Added broadcast_11_piece0 in memory on 499f1d118d82:46827 (size: 9.7 KiB, free: 433.8 MiB)
[2026-03-01T08:35:06.384+0000] {subprocess.py:106} INFO - 26/03/01 08:35:06 INFO SparkContext: Created broadcast 11 from broadcast at DAGScheduler.scala:1585
[2026-03-01T08:35:06.385+0000] {subprocess.py:106} INFO - 26/03/01 08:35:06 INFO DAGScheduler: Submitting 1 missing tasks from ShuffleMapStage 6 (MapPartitionsRDD[18] at count at <unknown>:0) (first 15 tasks are for partitions Vector(0))
[2026-03-01T08:35:06.386+0000] {subprocess.py:106} INFO - 26/03/01 08:35:06 INFO TaskSchedulerImpl: Adding task set 6.0 with 1 tasks resource profile 0
[2026-03-01T08:35:06.386+0000] {subprocess.py:106} INFO - 26/03/01 08:35:06 INFO TaskSetManager: Starting task 0.0 in stage 6.0 (TID 6) (172.30.0.7, executor 0, partition 0, PROCESS_LOCAL, 10568 bytes)
[2026-03-01T08:35:06.430+0000] {subprocess.py:106} INFO - 26/03/01 08:35:06 INFO BlockManagerInfo: Added broadcast_11_piece0 in memory on 172.30.0.7:40935 (size: 9.7 KiB, free: 434.4 MiB)
[2026-03-01T08:35:06.497+0000] {subprocess.py:106} INFO - 26/03/01 08:35:06 INFO BlockManagerInfo: Added broadcast_9_piece0 in memory on 172.30.0.7:40935 (size: 473.6 KiB, free: 433.9 MiB)
[2026-03-01T08:35:06.718+0000] {subprocess.py:106} INFO - 26/03/01 08:35:06 INFO BlockManagerInfo: Added broadcast_10_piece0 in memory on 172.30.0.7:40935 (size: 36.1 KiB, free: 433.9 MiB)
[2026-03-01T08:35:06.868+0000] {subprocess.py:106} INFO - 26/03/01 08:35:06 INFO TaskSetManager: Finished task 0.0 in stage 6.0 (TID 6) in 482 ms on 172.30.0.7 (executor 0) (1/1)
[2026-03-01T08:35:06.871+0000] {subprocess.py:106} INFO - 26/03/01 08:35:06 INFO TaskSchedulerImpl: Removed TaskSet 6.0, whose tasks have all completed, from pool
[2026-03-01T08:35:06.872+0000] {subprocess.py:106} INFO - 26/03/01 08:35:06 INFO DAGScheduler: ShuffleMapStage 6 (count at <unknown>:0) finished in 0.498 s
[2026-03-01T08:35:06.873+0000] {subprocess.py:106} INFO - 26/03/01 08:35:06 INFO DAGScheduler: looking for newly runnable stages
[2026-03-01T08:35:06.875+0000] {subprocess.py:106} INFO - 26/03/01 08:35:06 INFO DAGScheduler: running: Set()
[2026-03-01T08:35:06.877+0000] {subprocess.py:106} INFO - 26/03/01 08:35:06 INFO DAGScheduler: waiting: Set()
[2026-03-01T08:35:06.881+0000] {subprocess.py:106} INFO - 26/03/01 08:35:06 INFO DAGScheduler: failed: Set()
[2026-03-01T08:35:06.914+0000] {subprocess.py:106} INFO - 26/03/01 08:35:06 INFO CodeGenerator: Code generated in 18.732219 ms
[2026-03-01T08:35:06.939+0000] {subprocess.py:106} INFO - 26/03/01 08:35:06 INFO SparkContext: Starting job: count at <unknown>:0
[2026-03-01T08:35:06.942+0000] {subprocess.py:106} INFO - 26/03/01 08:35:06 INFO DAGScheduler: Got job 6 (count at <unknown>:0) with 1 output partitions
[2026-03-01T08:35:06.943+0000] {subprocess.py:106} INFO - 26/03/01 08:35:06 INFO DAGScheduler: Final stage: ResultStage 8 (count at <unknown>:0)
[2026-03-01T08:35:06.944+0000] {subprocess.py:106} INFO - 26/03/01 08:35:06 INFO DAGScheduler: Parents of final stage: List(ShuffleMapStage 7)
[2026-03-01T08:35:06.945+0000] {subprocess.py:106} INFO - 26/03/01 08:35:06 INFO DAGScheduler: Missing parents: List()
[2026-03-01T08:35:06.947+0000] {subprocess.py:106} INFO - 26/03/01 08:35:06 INFO DAGScheduler: Submitting ResultStage 8 (MapPartitionsRDD[21] at count at <unknown>:0), which has no missing parents
[2026-03-01T08:35:06.950+0000] {subprocess.py:106} INFO - 26/03/01 08:35:06 INFO MemoryStore: Block broadcast_12 stored as values in memory (estimated size 12.5 KiB, free 433.5 MiB)
[2026-03-01T08:35:06.965+0000] {subprocess.py:106} INFO - 26/03/01 08:35:06 INFO MemoryStore: Block broadcast_12_piece0 stored as bytes in memory (estimated size 5.9 KiB, free 433.5 MiB)
[2026-03-01T08:35:06.970+0000] {subprocess.py:106} INFO - 26/03/01 08:35:06 INFO BlockManagerInfo: Added broadcast_12_piece0 in memory on 499f1d118d82:46827 (size: 5.9 KiB, free: 433.8 MiB)
[2026-03-01T08:35:06.973+0000] {subprocess.py:106} INFO - 26/03/01 08:35:06 INFO SparkContext: Created broadcast 12 from broadcast at DAGScheduler.scala:1585
[2026-03-01T08:35:06.976+0000] {subprocess.py:106} INFO - 26/03/01 08:35:06 INFO DAGScheduler: Submitting 1 missing tasks from ResultStage 8 (MapPartitionsRDD[21] at count at <unknown>:0) (first 15 tasks are for partitions Vector(0))
[2026-03-01T08:35:06.977+0000] {subprocess.py:106} INFO - 26/03/01 08:35:06 INFO TaskSchedulerImpl: Adding task set 8.0 with 1 tasks resource profile 0
[2026-03-01T08:35:06.978+0000] {subprocess.py:106} INFO - 26/03/01 08:35:06 INFO BlockManagerInfo: Removed broadcast_11_piece0 on 172.30.0.7:40935 in memory (size: 9.7 KiB, free: 433.9 MiB)
[2026-03-01T08:35:06.978+0000] {subprocess.py:106} INFO - 26/03/01 08:35:06 INFO TaskSetManager: Starting task 0.0 in stage 8.0 (TID 7) (172.30.0.7, executor 0, partition 0, NODE_LOCAL, 9976 bytes)
[2026-03-01T08:35:06.979+0000] {subprocess.py:106} INFO - 26/03/01 08:35:06 INFO BlockManagerInfo: Removed broadcast_11_piece0 on 499f1d118d82:46827 in memory (size: 9.7 KiB, free: 433.8 MiB)
[2026-03-01T08:35:07.000+0000] {subprocess.py:106} INFO - 26/03/01 08:35:06 INFO BlockManagerInfo: Added broadcast_12_piece0 in memory on 172.30.0.7:40935 (size: 5.9 KiB, free: 433.9 MiB)
[2026-03-01T08:35:07.012+0000] {subprocess.py:106} INFO - 26/03/01 08:35:07 INFO MapOutputTrackerMasterEndpoint: Asked to send map output locations for shuffle 1 to 172.30.0.7:44324
[2026-03-01T08:35:07.061+0000] {subprocess.py:106} INFO - 26/03/01 08:35:07 INFO TaskSetManager: Finished task 0.0 in stage 8.0 (TID 7) in 86 ms on 172.30.0.7 (executor 0) (1/1)
[2026-03-01T08:35:07.066+0000] {subprocess.py:106} INFO - 26/03/01 08:35:07 INFO TaskSchedulerImpl: Removed TaskSet 8.0, whose tasks have all completed, from pool
[2026-03-01T08:35:07.068+0000] {subprocess.py:106} INFO - 26/03/01 08:35:07 INFO DAGScheduler: ResultStage 8 (count at <unknown>:0) finished in 0.116 s
[2026-03-01T08:35:07.070+0000] {subprocess.py:106} INFO - 26/03/01 08:35:07 INFO DAGScheduler: Job 6 is finished. Cancelling potential speculative or zombie tasks for this job
[2026-03-01T08:35:07.075+0000] {subprocess.py:106} INFO - 26/03/01 08:35:07 INFO TaskSchedulerImpl: Killing all running tasks in stage 8: Stage finished
[2026-03-01T08:35:07.076+0000] {subprocess.py:106} INFO - 26/03/01 08:35:07 INFO DAGScheduler: Job 6 finished: count at <unknown>:0, took 0.127929 s
[2026-03-01T08:35:07.086+0000] {subprocess.py:106} INFO -  New records to append: 36
[2026-03-01T08:35:07.228+0000] {subprocess.py:106} INFO - 26/03/01 08:35:07 INFO V2ScanRelationPushDown:
[2026-03-01T08:35:07.229+0000] {subprocess.py:106} INFO - Pushing operators to iceberg.bronze.it_jobs_raw
[2026-03-01T08:35:07.229+0000] {subprocess.py:106} INFO - Pushed Filters: job_link IS NOT NULL
[2026-03-01T08:35:07.230+0000] {subprocess.py:106} INFO - Post-Scan Filters: isnotnull(job_link#79)
[2026-03-01T08:35:07.231+0000] {subprocess.py:106} INFO - 
[2026-03-01T08:35:07.231+0000] {subprocess.py:106} INFO - 26/03/01 08:35:07 INFO V2ScanRelationPushDown:
[2026-03-01T08:35:07.232+0000] {subprocess.py:106} INFO - Output: job_link#79
[2026-03-01T08:35:07.233+0000] {subprocess.py:106} INFO - 
[2026-03-01T08:35:07.233+0000] {subprocess.py:106} INFO - 26/03/01 08:35:07 INFO SnapshotScan: Scanning table iceberg.bronze.it_jobs_raw snapshot 2183305538868742636 created at 2026-03-01T08:18:58.466+00:00 with filter job_link IS NOT NULL
[2026-03-01T08:35:07.234+0000] {subprocess.py:106} INFO - 26/03/01 08:35:07 INFO BaseDistributedDataScan: Planning file tasks locally for table iceberg.bronze.it_jobs_raw
[2026-03-01T08:35:07.291+0000] {subprocess.py:106} INFO - 26/03/01 08:35:07 INFO SparkPartitioningAwareScan: Reporting UnknownPartitioning with 2 partition(s) for table iceberg.bronze.it_jobs_raw
[2026-03-01T08:35:07.326+0000] {subprocess.py:106} INFO - 26/03/01 08:35:07 INFO SparkWrite: Requesting 0 bytes advisory partition size for table iceberg.bronze.it_jobs_raw
[2026-03-01T08:35:07.326+0000] {subprocess.py:106} INFO - 26/03/01 08:35:07 INFO SparkWrite: Requesting UnspecifiedDistribution as write distribution for table iceberg.bronze.it_jobs_raw
[2026-03-01T08:35:07.327+0000] {subprocess.py:106} INFO - 26/03/01 08:35:07 INFO SparkWrite: Requesting [] as write ordering for table iceberg.bronze.it_jobs_raw
[2026-03-01T08:35:07.350+0000] {subprocess.py:106} INFO - 26/03/01 08:35:07 INFO FileSourceStrategy: Pushed Filters:
[2026-03-01T08:35:07.351+0000] {subprocess.py:106} INFO - 26/03/01 08:35:07 INFO FileSourceStrategy: Post-Scan Filters:
[2026-03-01T08:35:07.355+0000] {subprocess.py:106} INFO - 26/03/01 08:35:07 INFO MemoryStore: Block broadcast_13 stored as values in memory (estimated size 32.0 KiB, free 433.5 MiB)
[2026-03-01T08:35:07.371+0000] {subprocess.py:106} INFO - 26/03/01 08:35:07 INFO MemoryStore: Block broadcast_13_piece0 stored as bytes in memory (estimated size 30.2 KiB, free 433.5 MiB)
[2026-03-01T08:35:07.377+0000] {subprocess.py:106} INFO - 26/03/01 08:35:07 INFO BlockManagerInfo: Added broadcast_13_piece0 in memory on 499f1d118d82:46827 (size: 30.2 KiB, free: 433.8 MiB)
[2026-03-01T08:35:07.379+0000] {subprocess.py:106} INFO - 26/03/01 08:35:07 INFO BlockManagerInfo: Removed broadcast_12_piece0 on 499f1d118d82:46827 in memory (size: 5.9 KiB, free: 433.8 MiB)
[2026-03-01T08:35:07.380+0000] {subprocess.py:106} INFO - 26/03/01 08:35:07 INFO SparkContext: Created broadcast 13 from broadcast at SparkBatch.java:79
[2026-03-01T08:35:07.381+0000] {subprocess.py:106} INFO - 26/03/01 08:35:07 INFO BlockManagerInfo: Removed broadcast_12_piece0 on 172.30.0.7:40935 in memory (size: 5.9 KiB, free: 433.9 MiB)
[2026-03-01T08:35:07.392+0000] {subprocess.py:106} INFO - 26/03/01 08:35:07 INFO MemoryStore: Block broadcast_14 stored as values in memory (estimated size 32.0 KiB, free 433.5 MiB)
[2026-03-01T08:35:07.399+0000] {subprocess.py:106} INFO - 26/03/01 08:35:07 INFO MemoryStore: Block broadcast_14_piece0 stored as bytes in memory (estimated size 30.2 KiB, free 433.5 MiB)
[2026-03-01T08:35:07.400+0000] {subprocess.py:106} INFO - 26/03/01 08:35:07 INFO BlockManagerInfo: Added broadcast_14_piece0 in memory on 499f1d118d82:46827 (size: 30.2 KiB, free: 433.8 MiB)
[2026-03-01T08:35:07.402+0000] {subprocess.py:106} INFO - 26/03/01 08:35:07 INFO SparkContext: Created broadcast 14 from broadcast at SparkBatch.java:79
[2026-03-01T08:35:07.495+0000] {subprocess.py:106} INFO - 26/03/01 08:35:07 INFO SparkContext: Starting job: $anonfun$withThreadLocalCaptured$1 at <unknown>:0
[2026-03-01T08:35:07.499+0000] {subprocess.py:106} INFO - 26/03/01 08:35:07 INFO DAGScheduler: Got job 7 ($anonfun$withThreadLocalCaptured$1 at <unknown>:0) with 2 output partitions
[2026-03-01T08:35:07.500+0000] {subprocess.py:106} INFO - 26/03/01 08:35:07 INFO DAGScheduler: Final stage: ResultStage 9 ($anonfun$withThreadLocalCaptured$1 at <unknown>:0)
[2026-03-01T08:35:07.501+0000] {subprocess.py:106} INFO - 26/03/01 08:35:07 INFO DAGScheduler: Parents of final stage: List()
[2026-03-01T08:35:07.501+0000] {subprocess.py:106} INFO - 26/03/01 08:35:07 INFO DAGScheduler: Missing parents: List()
[2026-03-01T08:35:07.502+0000] {subprocess.py:106} INFO - 26/03/01 08:35:07 INFO DAGScheduler: Submitting ResultStage 9 (MapPartitionsRDD[25] at $anonfun$withThreadLocalCaptured$1 at <unknown>:0), which has no missing parents
[2026-03-01T08:35:07.508+0000] {subprocess.py:106} INFO - 26/03/01 08:35:07 INFO MemoryStore: Block broadcast_15 stored as values in memory (estimated size 13.7 KiB, free 433.4 MiB)
[2026-03-01T08:35:07.533+0000] {subprocess.py:106} INFO - 26/03/01 08:35:07 INFO MemoryStore: Block broadcast_15_piece0 stored as bytes in memory (estimated size 5.5 KiB, free 433.4 MiB)
[2026-03-01T08:35:07.535+0000] {subprocess.py:106} INFO - 26/03/01 08:35:07 INFO BlockManagerInfo: Added broadcast_15_piece0 in memory on 499f1d118d82:46827 (size: 5.5 KiB, free: 433.8 MiB)
[2026-03-01T08:35:07.538+0000] {subprocess.py:106} INFO - 26/03/01 08:35:07 INFO SparkContext: Created broadcast 15 from broadcast at DAGScheduler.scala:1585
[2026-03-01T08:35:07.539+0000] {subprocess.py:106} INFO - 26/03/01 08:35:07 INFO DAGScheduler: Submitting 2 missing tasks from ResultStage 9 (MapPartitionsRDD[25] at $anonfun$withThreadLocalCaptured$1 at <unknown>:0) (first 15 tasks are for partitions Vector(0, 1))
[2026-03-01T08:35:07.540+0000] {subprocess.py:106} INFO - 26/03/01 08:35:07 INFO TaskSchedulerImpl: Adding task set 9.0 with 2 tasks resource profile 0
[2026-03-01T08:35:07.541+0000] {subprocess.py:106} INFO - 26/03/01 08:35:07 INFO TaskSetManager: Starting task 0.0 in stage 9.0 (TID 8) (172.30.0.7, executor 0, partition 0, PROCESS_LOCAL, 16343 bytes)
[2026-03-01T08:35:07.594+0000] {subprocess.py:106} INFO - 26/03/01 08:35:07 INFO BlockManagerInfo: Added broadcast_15_piece0 in memory on 172.30.0.7:40935 (size: 5.5 KiB, free: 433.9 MiB)
[2026-03-01T08:35:07.627+0000] {subprocess.py:106} INFO - 26/03/01 08:35:07 INFO BlockManagerInfo: Added broadcast_14_piece0 in memory on 172.30.0.7:40935 (size: 30.2 KiB, free: 433.8 MiB)
[2026-03-01T08:35:07.966+0000] {subprocess.py:106} INFO - 26/03/01 08:35:07 INFO TaskSetManager: Starting task 1.0 in stage 9.0 (TID 9) (172.30.0.7, executor 0, partition 1, PROCESS_LOCAL, 14966 bytes)
[2026-03-01T08:35:07.969+0000] {subprocess.py:106} INFO - 26/03/01 08:35:07 INFO TaskSetManager: Finished task 0.0 in stage 9.0 (TID 8) in 429 ms on 172.30.0.7 (executor 0) (1/2)
[2026-03-01T08:35:08.125+0000] {subprocess.py:106} INFO - 26/03/01 08:35:08 INFO TaskSetManager: Finished task 1.0 in stage 9.0 (TID 9) in 164 ms on 172.30.0.7 (executor 0) (2/2)
[2026-03-01T08:35:08.126+0000] {subprocess.py:106} INFO - 26/03/01 08:35:08 INFO TaskSchedulerImpl: Removed TaskSet 9.0, whose tasks have all completed, from pool
[2026-03-01T08:35:08.126+0000] {subprocess.py:106} INFO - 26/03/01 08:35:08 INFO DAGScheduler: ResultStage 9 ($anonfun$withThreadLocalCaptured$1 at <unknown>:0) finished in 0.619 s
[2026-03-01T08:35:08.127+0000] {subprocess.py:106} INFO - 26/03/01 08:35:08 INFO DAGScheduler: Job 7 is finished. Cancelling potential speculative or zombie tasks for this job
[2026-03-01T08:35:08.127+0000] {subprocess.py:106} INFO - 26/03/01 08:35:08 INFO TaskSchedulerImpl: Killing all running tasks in stage 9: Stage finished
[2026-03-01T08:35:08.128+0000] {subprocess.py:106} INFO - 26/03/01 08:35:08 INFO DAGScheduler: Job 7 finished: $anonfun$withThreadLocalCaptured$1 at <unknown>:0, took 0.628331 s
[2026-03-01T08:35:08.199+0000] {subprocess.py:106} INFO - 26/03/01 08:35:08 INFO BlockManagerInfo: Removed broadcast_15_piece0 on 172.30.0.7:40935 in memory (size: 5.5 KiB, free: 433.8 MiB)
[2026-03-01T08:35:08.221+0000] {subprocess.py:106} INFO - 26/03/01 08:35:08 INFO BlockManagerInfo: Removed broadcast_15_piece0 on 499f1d118d82:46827 in memory (size: 5.5 KiB, free: 433.8 MiB)
[2026-03-01T08:35:08.288+0000] {subprocess.py:106} INFO - 26/03/01 08:35:08 INFO MemoryStore: Block broadcast_16_piece0 stored as bytes in memory (estimated size 473.8 KiB, free 433.0 MiB)
[2026-03-01T08:35:08.289+0000] {subprocess.py:106} INFO - 26/03/01 08:35:08 INFO BlockManagerInfo: Added broadcast_16_piece0 in memory on 499f1d118d82:46827 (size: 473.8 KiB, free: 433.3 MiB)
[2026-03-01T08:35:08.309+0000] {subprocess.py:106} INFO - 26/03/01 08:35:08 INFO SparkContext: Created broadcast 16 from $anonfun$withThreadLocalCaptured$1 at <unknown>:0
[2026-03-01T08:35:08.312+0000] {subprocess.py:106} INFO - 26/03/01 08:35:08 INFO FileSourceStrategy: Pushed Filters:
[2026-03-01T08:35:08.313+0000] {subprocess.py:106} INFO - 26/03/01 08:35:08 INFO FileSourceStrategy: Post-Scan Filters:
[2026-03-01T08:35:08.409+0000] {subprocess.py:106} INFO - 26/03/01 08:35:08 INFO CodeGenerator: Code generated in 54.913077 ms
[2026-03-01T08:35:08.418+0000] {subprocess.py:106} INFO - 26/03/01 08:35:08 INFO MemoryStore: Block broadcast_17 stored as values in memory (estimated size 205.7 KiB, free 432.8 MiB)
[2026-03-01T08:35:08.474+0000] {subprocess.py:106} INFO - 26/03/01 08:35:08 INFO MemoryStore: Block broadcast_17_piece0 stored as bytes in memory (estimated size 36.1 KiB, free 432.8 MiB)
[2026-03-01T08:35:08.478+0000] {subprocess.py:106} INFO - 26/03/01 08:35:08 INFO BlockManagerInfo: Added broadcast_17_piece0 in memory on 499f1d118d82:46827 (size: 36.1 KiB, free: 433.3 MiB)
[2026-03-01T08:35:08.480+0000] {subprocess.py:106} INFO - 26/03/01 08:35:08 INFO SparkContext: Created broadcast 17 from append at <unknown>:0
[2026-03-01T08:35:08.482+0000] {subprocess.py:106} INFO - 26/03/01 08:35:08 INFO FileSourceScanExec: Planning scan with bin packing, max size: 4194304 bytes, open cost is considered as scanning 4194304 bytes.
[2026-03-01T08:35:08.493+0000] {subprocess.py:106} INFO - 26/03/01 08:35:08 INFO MemoryStore: Block broadcast_18 stored as values in memory (estimated size 32.0 KiB, free 432.7 MiB)
[2026-03-01T08:35:08.502+0000] {subprocess.py:106} INFO - 26/03/01 08:35:08 INFO MemoryStore: Block broadcast_18_piece0 stored as bytes in memory (estimated size 30.2 KiB, free 432.7 MiB)
[2026-03-01T08:35:08.503+0000] {subprocess.py:106} INFO - 26/03/01 08:35:08 INFO BlockManagerInfo: Added broadcast_18_piece0 in memory on 499f1d118d82:46827 (size: 30.2 KiB, free: 433.3 MiB)
[2026-03-01T08:35:08.504+0000] {subprocess.py:106} INFO - 26/03/01 08:35:08 INFO SparkContext: Created broadcast 18 from broadcast at SparkWrite.java:193
[2026-03-01T08:35:08.508+0000] {subprocess.py:106} INFO - 26/03/01 08:35:08 INFO AppendDataExec: Start processing data source write support: IcebergBatchWrite(table=iceberg.bronze.it_jobs_raw, format=PARQUET). The input RDD has 1 partitions.
[2026-03-01T08:35:08.537+0000] {subprocess.py:106} INFO - 26/03/01 08:35:08 INFO SparkContext: Starting job: append at <unknown>:0
[2026-03-01T08:35:08.538+0000] {subprocess.py:106} INFO - 26/03/01 08:35:08 INFO DAGScheduler: Got job 8 (append at <unknown>:0) with 1 output partitions
[2026-03-01T08:35:08.539+0000] {subprocess.py:106} INFO - 26/03/01 08:35:08 INFO DAGScheduler: Final stage: ResultStage 10 (append at <unknown>:0)
[2026-03-01T08:35:08.540+0000] {subprocess.py:106} INFO - 26/03/01 08:35:08 INFO DAGScheduler: Parents of final stage: List()
[2026-03-01T08:35:08.544+0000] {subprocess.py:106} INFO - 26/03/01 08:35:08 INFO DAGScheduler: Missing parents: List()
[2026-03-01T08:35:08.550+0000] {subprocess.py:106} INFO - 26/03/01 08:35:08 INFO DAGScheduler: Submitting ResultStage 10 (MapPartitionsRDD[28] at append at <unknown>:0), which has no missing parents
[2026-03-01T08:35:08.559+0000] {subprocess.py:106} INFO - 26/03/01 08:35:08 INFO MemoryStore: Block broadcast_19 stored as values in memory (estimated size 22.8 KiB, free 432.7 MiB)
[2026-03-01T08:35:08.560+0000] {subprocess.py:106} INFO - 26/03/01 08:35:08 INFO MemoryStore: Block broadcast_19_piece0 stored as bytes in memory (estimated size 10.2 KiB, free 432.7 MiB)
[2026-03-01T08:35:08.564+0000] {subprocess.py:106} INFO - 26/03/01 08:35:08 INFO BlockManagerInfo: Added broadcast_19_piece0 in memory on 499f1d118d82:46827 (size: 10.2 KiB, free: 433.2 MiB)
[2026-03-01T08:35:08.565+0000] {subprocess.py:106} INFO - 26/03/01 08:35:08 INFO SparkContext: Created broadcast 19 from broadcast at DAGScheduler.scala:1585
[2026-03-01T08:35:08.566+0000] {subprocess.py:106} INFO - 26/03/01 08:35:08 INFO DAGScheduler: Submitting 1 missing tasks from ResultStage 10 (MapPartitionsRDD[28] at append at <unknown>:0) (first 15 tasks are for partitions Vector(0))
[2026-03-01T08:35:08.567+0000] {subprocess.py:106} INFO - 26/03/01 08:35:08 INFO TaskSchedulerImpl: Adding task set 10.0 with 1 tasks resource profile 0
[2026-03-01T08:35:08.570+0000] {subprocess.py:106} INFO - 26/03/01 08:35:08 INFO TaskSetManager: Starting task 0.0 in stage 10.0 (TID 10) (172.30.0.7, executor 0, partition 0, PROCESS_LOCAL, 10579 bytes)
[2026-03-01T08:35:08.601+0000] {subprocess.py:106} INFO - 26/03/01 08:35:08 INFO BlockManagerInfo: Added broadcast_19_piece0 in memory on 172.30.0.7:40935 (size: 10.2 KiB, free: 433.8 MiB)
[2026-03-01T08:35:08.700+0000] {subprocess.py:106} INFO - 26/03/01 08:35:08 INFO BlockManagerInfo: Added broadcast_16_piece0 in memory on 172.30.0.7:40935 (size: 473.8 KiB, free: 433.4 MiB)
[2026-03-01T08:35:08.747+0000] {subprocess.py:106} INFO - 26/03/01 08:35:08 INFO BlockManagerInfo: Added broadcast_18_piece0 in memory on 172.30.0.7:40935 (size: 30.2 KiB, free: 433.3 MiB)
[2026-03-01T08:35:09.165+0000] {subprocess.py:106} INFO - 26/03/01 08:35:09 INFO BlockManagerInfo: Added broadcast_17_piece0 in memory on 172.30.0.7:40935 (size: 36.1 KiB, free: 433.3 MiB)
[2026-03-01T08:35:09.901+0000] {subprocess.py:106} INFO - 26/03/01 08:35:09 INFO TaskSetManager: Finished task 0.0 in stage 10.0 (TID 10) in 1333 ms on 172.30.0.7 (executor 0) (1/1)
[2026-03-01T08:35:09.906+0000] {subprocess.py:106} INFO - 26/03/01 08:35:09 INFO TaskSchedulerImpl: Removed TaskSet 10.0, whose tasks have all completed, from pool
[2026-03-01T08:35:09.907+0000] {subprocess.py:106} INFO - 26/03/01 08:35:09 INFO DAGScheduler: ResultStage 10 (append at <unknown>:0) finished in 1.350 s
[2026-03-01T08:35:09.907+0000] {subprocess.py:106} INFO - 26/03/01 08:35:09 INFO DAGScheduler: Job 8 is finished. Cancelling potential speculative or zombie tasks for this job
[2026-03-01T08:35:09.908+0000] {subprocess.py:106} INFO - 26/03/01 08:35:09 INFO TaskSchedulerImpl: Killing all running tasks in stage 10: Stage finished
[2026-03-01T08:35:09.908+0000] {subprocess.py:106} INFO - 26/03/01 08:35:09 INFO DAGScheduler: Job 8 finished: append at <unknown>:0, took 1.368353 s
[2026-03-01T08:35:09.908+0000] {subprocess.py:106} INFO - 26/03/01 08:35:09 INFO AppendDataExec: Data source write support IcebergBatchWrite(table=iceberg.bronze.it_jobs_raw, format=PARQUET) is committing.
[2026-03-01T08:35:09.932+0000] {subprocess.py:106} INFO - 26/03/01 08:35:09 INFO SparkWrite: Committing append with 1 new data files to table iceberg.bronze.it_jobs_raw
[2026-03-01T08:35:10.646+0000] {subprocess.py:106} INFO - 26/03/01 08:35:10 INFO BlockManagerInfo: Removed broadcast_19_piece0 on 499f1d118d82:46827 in memory (size: 10.2 KiB, free: 433.3 MiB)
[2026-03-01T08:35:10.647+0000] {subprocess.py:106} INFO - 26/03/01 08:35:10 INFO BlockManagerInfo: Removed broadcast_19_piece0 on 172.30.0.7:40935 in memory (size: 10.2 KiB, free: 433.3 MiB)
[2026-03-01T08:35:10.845+0000] {subprocess.py:106} INFO - 26/03/01 08:35:10 INFO HiveTableOperations: Committed to table iceberg.bronze.it_jobs_raw with the new metadata location s3a://warehouse/iceberg_data/bronze.db/it_jobs_raw/metadata/00005-4ceb6eae-59e5-498a-91cb-f8c008015701.metadata.json
[2026-03-01T08:35:10.846+0000] {subprocess.py:106} INFO - 26/03/01 08:35:10 INFO BaseMetastoreTableOperations: Successfully committed to table iceberg.bronze.it_jobs_raw in 396 ms
[2026-03-01T08:35:10.846+0000] {subprocess.py:106} INFO - 26/03/01 08:35:10 INFO SnapshotProducer: Committed snapshot 4543296748629600444 (MergeAppend)
[2026-03-01T08:35:10.860+0000] {subprocess.py:106} INFO - 26/03/01 08:35:10 INFO BaseMetastoreTableOperations: Refreshing table metadata from new version: s3a://warehouse/iceberg_data/bronze.db/it_jobs_raw/metadata/00005-4ceb6eae-59e5-498a-91cb-f8c008015701.metadata.json
[2026-03-01T08:35:10.954+0000] {subprocess.py:106} INFO - 26/03/01 08:35:10 INFO LoggingMetricsReporter: Received metrics report: CommitReport{tableName=iceberg.bronze.it_jobs_raw, snapshotId=4543296748629600444, sequenceNumber=6, operation=append, commitMetrics=CommitMetricsResult{totalDuration=TimerResult{timeUnit=NANOSECONDS, totalDuration=PT0.991249925S, count=1}, attempts=CounterResult{unit=COUNT, value=1}, addedDataFiles=CounterResult{unit=COUNT, value=1}, removedDataFiles=null, totalDataFiles=CounterResult{unit=COUNT, value=6}, addedDeleteFiles=null, addedEqualityDeleteFiles=null, addedPositionalDeleteFiles=null, removedDeleteFiles=null, removedEqualityDeleteFiles=null, removedPositionalDeleteFiles=null, totalDeleteFiles=CounterResult{unit=COUNT, value=0}, addedRecords=CounterResult{unit=COUNT, value=36}, removedRecords=null, totalRecords=CounterResult{unit=COUNT, value=8135}, addedFilesSizeInBytes=CounterResult{unit=BYTES, value=8628}, removedFilesSizeInBytes=null, totalFilesSizeInBytes=CounterResult{unit=BYTES, value=371260}, addedPositionalDeletes=null, removedPositionalDeletes=null, totalPositionalDeletes=CounterResult{unit=COUNT, value=0}, addedEqualityDeletes=null, removedEqualityDeletes=null, totalEqualityDeletes=CounterResult{unit=COUNT, value=0}}, metadata={engine-version=3.5.3, app-id=app-20260301083433-0003, engine-name=spark, iceberg-version=Apache Iceberg 1.6.1 (commit 8e9d59d299be42b0bca9461457cd1e95dbaad086)}}
[2026-03-01T08:35:10.957+0000] {subprocess.py:106} INFO - 26/03/01 08:35:10 INFO SparkWrite: Committed in 1020 ms
[2026-03-01T08:35:10.958+0000] {subprocess.py:106} INFO - 26/03/01 08:35:10 INFO AppendDataExec: Data source write support IcebergBatchWrite(table=iceberg.bronze.it_jobs_raw, format=PARQUET) committed.
[2026-03-01T08:35:10.962+0000] {subprocess.py:106} INFO - Append success.
[2026-03-01T08:35:10.964+0000] {subprocess.py:106} INFO - Process finished. Data available at: iceberg.bronze.it_jobs_raw
[2026-03-01T08:35:10.965+0000] {subprocess.py:106} INFO - 26/03/01 08:35:10 INFO SparkContext: SparkContext is stopping with exitCode 0.
[2026-03-01T08:35:10.982+0000] {subprocess.py:106} INFO - 26/03/01 08:35:10 INFO SparkUI: Stopped Spark web UI at http://499f1d118d82:4040
[2026-03-01T08:35:10.991+0000] {subprocess.py:106} INFO - 26/03/01 08:35:10 INFO StandaloneSchedulerBackend: Shutting down all executors
[2026-03-01T08:35:10.996+0000] {subprocess.py:106} INFO - 26/03/01 08:35:10 INFO StandaloneSchedulerBackend$StandaloneDriverEndpoint: Asking each executor to shut down
[2026-03-01T08:35:11.026+0000] {subprocess.py:106} INFO - 26/03/01 08:35:11 INFO MapOutputTrackerMasterEndpoint: MapOutputTrackerMasterEndpoint stopped!
[2026-03-01T08:35:11.062+0000] {subprocess.py:106} INFO - 26/03/01 08:35:11 INFO MemoryStore: MemoryStore cleared
[2026-03-01T08:35:11.065+0000] {subprocess.py:106} INFO - 26/03/01 08:35:11 INFO BlockManager: BlockManager stopped
[2026-03-01T08:35:11.070+0000] {subprocess.py:106} INFO - 26/03/01 08:35:11 INFO BlockManagerMaster: BlockManagerMaster stopped
[2026-03-01T08:35:11.078+0000] {subprocess.py:106} INFO - 26/03/01 08:35:11 INFO OutputCommitCoordinator$OutputCommitCoordinatorEndpoint: OutputCommitCoordinator stopped!
[2026-03-01T08:35:11.131+0000] {subprocess.py:106} INFO - 26/03/01 08:35:11 INFO SparkContext: Successfully stopped SparkContext
[2026-03-01T08:35:11.377+0000] {subprocess.py:106} INFO - 26/03/01 08:35:11 INFO ShutdownHookManager: Shutdown hook called
[2026-03-01T08:35:11.378+0000] {subprocess.py:106} INFO - 26/03/01 08:35:11 INFO ShutdownHookManager: Deleting directory /tmp/spark-050e9383-12a6-4902-99dd-42a66e316c44
[2026-03-01T08:35:11.379+0000] {subprocess.py:106} INFO - 26/03/01 08:35:11 INFO ShutdownHookManager: Deleting directory /tmp/spark-a2e3487f-106a-4894-afa5-442fabcf716c
[2026-03-01T08:35:11.384+0000] {subprocess.py:106} INFO - 26/03/01 08:35:11 INFO ShutdownHookManager: Deleting directory /tmp/spark-050e9383-12a6-4902-99dd-42a66e316c44/pyspark-27081cba-e5a3-4978-b7e6-68d34238e05e
[2026-03-01T08:35:11.394+0000] {subprocess.py:106} INFO - 26/03/01 08:35:11 INFO MetricsSystemImpl: Stopping s3a-file-system metrics system...
[2026-03-01T08:35:11.395+0000] {subprocess.py:106} INFO - 26/03/01 08:35:11 INFO MetricsSystemImpl: s3a-file-system metrics system stopped.
[2026-03-01T08:35:11.396+0000] {subprocess.py:106} INFO - 26/03/01 08:35:11 INFO MetricsSystemImpl: s3a-file-system metrics system shutdown complete.
[2026-03-01T08:35:11.516+0000] {subprocess.py:110} INFO - Command exited with return code 0
[2026-03-01T08:35:11.638+0000] {taskinstance.py:341} INFO - ::group::Post task execution logs
[2026-03-01T08:35:11.639+0000] {taskinstance.py:353} INFO - Marking task as SUCCESS. dag_id=crawl_etl_itjob, task_id=load_bronze, run_id=scheduled__2026-02-28T02:00:00+00:00, execution_date=20260228T020000, start_date=20260301T083425, end_date=20260301T083511
[2026-03-01T08:35:11.776+0000] {local_task_job_runner.py:266} INFO - Task exited with return code 0
[2026-03-01T08:35:11.840+0000] {taskinstance.py:3901} INFO - 1 downstream tasks scheduled from follow-on schedule check
[2026-03-01T08:35:11.852+0000] {local_task_job_runner.py:245} INFO - ::endgroup::
