[2025-10-29T08:54:52.809+0000] {local_task_job_runner.py:123} INFO - ::group::Pre task execution logs
[2025-10-29T08:54:52.848+0000] {taskinstance.py:2614} INFO - Dependencies all met for dep_context=non-requeueable deps ti=<TaskInstance: crawl_etl_itjob.clean_silver scheduled__2025-10-28T02:00:00+00:00 [queued]>
[2025-10-29T08:54:52.858+0000] {taskinstance.py:2614} INFO - Dependencies all met for dep_context=requeueable deps ti=<TaskInstance: crawl_etl_itjob.clean_silver scheduled__2025-10-28T02:00:00+00:00 [queued]>
[2025-10-29T08:54:52.858+0000] {taskinstance.py:2867} INFO - Starting attempt 1 of 2
[2025-10-29T08:54:52.871+0000] {taskinstance.py:2890} INFO - Executing <Task(BashOperator): clean_silver> on 2025-10-28 02:00:00+00:00
[2025-10-29T08:54:52.875+0000] {standard_task_runner.py:72} INFO - Started process 71 to run task
[2025-10-29T08:54:52.879+0000] {standard_task_runner.py:104} INFO - Running: ['***', 'tasks', 'run', 'crawl_etl_itjob', 'clean_silver', 'scheduled__2025-10-28T02:00:00+00:00', '--job-id', '46', '--raw', '--subdir', 'DAGS_FOLDER/Crawl_ETL_ITJob.py', '--cfg-path', '/tmp/tmpl2pd7tjt']
[2025-10-29T08:54:52.881+0000] {standard_task_runner.py:105} INFO - Job 46: Subtask clean_silver
[2025-10-29T08:54:52.903+0000] {warnings.py:109} WARNING - /home/***/.local/lib/python3.8/site-packages/***/settings.py:209: DeprecationWarning: The sql_alchemy_conn option in [core] has been moved to the sql_alchemy_conn option in [database] - the old setting has been used, but please update your config.
  SQL_ALCHEMY_CONN = conf.get("database", "SQL_ALCHEMY_CONN")

[2025-10-29T08:54:52.981+0000] {task_command.py:467} INFO - Running <TaskInstance: crawl_etl_itjob.clean_silver scheduled__2025-10-28T02:00:00+00:00 [running]> on host a1de7f96d4f1
[2025-10-29T08:54:52.982+0000] {warnings.py:109} WARNING - /home/***/.local/lib/python3.8/site-packages/***/settings.py:470: DeprecationWarning: The sql_alchemy_conn option in [core] has been moved to the sql_alchemy_conn option in [database] - the old setting has been used, but please update your config.
  if conf.get("database", "sql_alchemy_conn") == "none://":

[2025-10-29T08:54:53.101+0000] {taskinstance.py:3134} INFO - Exporting env vars: AIRFLOW_CTX_DAG_EMAIL='alert@datateam.local' AIRFLOW_CTX_DAG_OWNER='***' AIRFLOW_CTX_DAG_ID='crawl_etl_itjob' AIRFLOW_CTX_TASK_ID='clean_silver' AIRFLOW_CTX_EXECUTION_DATE='2025-10-28T02:00:00+00:00' AIRFLOW_CTX_TRY_NUMBER='1' AIRFLOW_CTX_DAG_RUN_ID='scheduled__2025-10-28T02:00:00+00:00'
[2025-10-29T08:54:53.102+0000] {taskinstance.py:732} INFO - ::endgroup::
[2025-10-29T08:54:53.114+0000] {subprocess.py:78} INFO - Tmp dir root location: /tmp
[2025-10-29T08:54:53.116+0000] {subprocess.py:88} INFO - Running command: ['/bin/bash', '-c', "\n        docker exec spark-submit bash -c '\n        /opt/spark/bin/spark-submit         --master spark://spark-master:7077         --deploy-mode client         --packages org.apache.iceberg:iceberg-spark-runtime-3.5_2.12:1.5.0         /opt/spark/scripts/Clean_Silver.py\n        '\n        "]
[2025-10-29T08:54:53.126+0000] {subprocess.py:99} INFO - Output:
[2025-10-29T08:54:54.901+0000] {subprocess.py:106} INFO - :: loading settings :: url = jar:file:/opt/spark/jars/ivy-2.5.1.jar!/org/apache/ivy/core/settings/ivysettings.xml
[2025-10-29T08:54:55.054+0000] {subprocess.py:106} INFO - Ivy Default Cache set to: /home/spark/.ivy2/cache
[2025-10-29T08:54:55.055+0000] {subprocess.py:106} INFO - The jars for the packages stored in: /home/spark/.ivy2/jars
[2025-10-29T08:54:55.067+0000] {subprocess.py:106} INFO - org.apache.iceberg#iceberg-spark-runtime-3.5_2.12 added as a dependency
[2025-10-29T08:54:55.074+0000] {subprocess.py:106} INFO - :: resolving dependencies :: org.apache.spark#spark-submit-parent-bb4c84b1-a304-41c0-a987-9ddad837669a;1.0
[2025-10-29T08:54:55.075+0000] {subprocess.py:106} INFO - 	confs: [default]
[2025-10-29T08:54:55.258+0000] {subprocess.py:106} INFO - 	found org.apache.iceberg#iceberg-spark-runtime-3.5_2.12;1.5.0 in central
[2025-10-29T08:54:55.276+0000] {subprocess.py:106} INFO - :: resolution report :: resolve 203ms :: artifacts dl 4ms
[2025-10-29T08:54:55.277+0000] {subprocess.py:106} INFO - 	:: modules in use:
[2025-10-29T08:54:55.277+0000] {subprocess.py:106} INFO - 	org.apache.iceberg#iceberg-spark-runtime-3.5_2.12;1.5.0 from central in [default]
[2025-10-29T08:54:55.278+0000] {subprocess.py:106} INFO - 	---------------------------------------------------------------------
[2025-10-29T08:54:55.278+0000] {subprocess.py:106} INFO - 	|                  |            modules            ||   artifacts   |
[2025-10-29T08:54:55.278+0000] {subprocess.py:106} INFO - 	|       conf       | number| search|dwnlded|evicted|| number|dwnlded|
[2025-10-29T08:54:55.279+0000] {subprocess.py:106} INFO - 	---------------------------------------------------------------------
[2025-10-29T08:54:55.279+0000] {subprocess.py:106} INFO - 	|      default     |   1   |   0   |   0   |   0   ||   1   |   0   |
[2025-10-29T08:54:55.281+0000] {subprocess.py:106} INFO - 	---------------------------------------------------------------------
[2025-10-29T08:54:55.281+0000] {subprocess.py:106} INFO - :: retrieving :: org.apache.spark#spark-submit-parent-bb4c84b1-a304-41c0-a987-9ddad837669a
[2025-10-29T08:54:55.282+0000] {subprocess.py:106} INFO - 	confs: [default]
[2025-10-29T08:54:55.286+0000] {subprocess.py:106} INFO - 	0 artifacts copied, 1 already retrieved (0kB/6ms)
[2025-10-29T08:54:55.534+0000] {subprocess.py:106} INFO - 25/10/29 08:54:55 WARN NativeCodeLoader: Unable to load native-hadoop library for your platform... using builtin-java classes where applicable
[2025-10-29T08:54:56.493+0000] {subprocess.py:106} INFO - 25/10/29 08:54:56 INFO SparkContext: Running Spark version 3.5.3
[2025-10-29T08:54:56.494+0000] {subprocess.py:106} INFO - 25/10/29 08:54:56 INFO SparkContext: OS info Linux, 6.6.87.2-microsoft-standard-WSL2, amd64
[2025-10-29T08:54:56.494+0000] {subprocess.py:106} INFO - 25/10/29 08:54:56 INFO SparkContext: Java version 11.0.24
[2025-10-29T08:54:56.515+0000] {subprocess.py:106} INFO - 25/10/29 08:54:56 INFO ResourceUtils: ==============================================================
[2025-10-29T08:54:56.516+0000] {subprocess.py:106} INFO - 25/10/29 08:54:56 INFO ResourceUtils: No custom resources configured for spark.driver.
[2025-10-29T08:54:56.516+0000] {subprocess.py:106} INFO - 25/10/29 08:54:56 INFO ResourceUtils: ==============================================================
[2025-10-29T08:54:56.517+0000] {subprocess.py:106} INFO - 25/10/29 08:54:56 INFO SparkContext: Submitted application: Clean_Silver_Hive_Iceberg
[2025-10-29T08:54:56.542+0000] {subprocess.py:106} INFO - 25/10/29 08:54:56 INFO ResourceProfile: Default ResourceProfile created, executor resources: Map(memory -> name: memory, amount: 1024, script: , vendor: , offHeap -> name: offHeap, amount: 0, script: , vendor: ), task resources: Map(cpus -> name: cpus, amount: 1.0)
[2025-10-29T08:54:56.554+0000] {subprocess.py:106} INFO - 25/10/29 08:54:56 INFO ResourceProfile: Limiting resource is cpu
[2025-10-29T08:54:56.555+0000] {subprocess.py:106} INFO - 25/10/29 08:54:56 INFO ResourceProfileManager: Added ResourceProfile id: 0
[2025-10-29T08:54:56.633+0000] {subprocess.py:106} INFO - 25/10/29 08:54:56 INFO SecurityManager: Changing view acls to: spark
[2025-10-29T08:54:56.634+0000] {subprocess.py:106} INFO - 25/10/29 08:54:56 INFO SecurityManager: Changing modify acls to: spark
[2025-10-29T08:54:56.636+0000] {subprocess.py:106} INFO - 25/10/29 08:54:56 INFO SecurityManager: Changing view acls groups to:
[2025-10-29T08:54:56.636+0000] {subprocess.py:106} INFO - 25/10/29 08:54:56 INFO SecurityManager: Changing modify acls groups to:
[2025-10-29T08:54:56.637+0000] {subprocess.py:106} INFO - 25/10/29 08:54:56 INFO SecurityManager: SecurityManager: authentication disabled; ui acls disabled; users with view permissions: spark; groups with view permissions: EMPTY; users with modify permissions: spark; groups with modify permissions: EMPTY
[2025-10-29T08:54:56.921+0000] {subprocess.py:106} INFO - 25/10/29 08:54:56 INFO Utils: Successfully started service 'sparkDriver' on port 43667.
[2025-10-29T08:54:56.946+0000] {subprocess.py:106} INFO - 25/10/29 08:54:56 INFO SparkEnv: Registering MapOutputTracker
[2025-10-29T08:54:56.972+0000] {subprocess.py:106} INFO - 25/10/29 08:54:56 INFO SparkEnv: Registering BlockManagerMaster
[2025-10-29T08:54:56.987+0000] {subprocess.py:106} INFO - 25/10/29 08:54:56 INFO BlockManagerMasterEndpoint: Using org.apache.spark.storage.DefaultTopologyMapper for getting topology information
[2025-10-29T08:54:56.988+0000] {subprocess.py:106} INFO - 25/10/29 08:54:56 INFO BlockManagerMasterEndpoint: BlockManagerMasterEndpoint up
[2025-10-29T08:54:56.992+0000] {subprocess.py:106} INFO - 25/10/29 08:54:56 INFO SparkEnv: Registering BlockManagerMasterHeartbeat
[2025-10-29T08:54:57.012+0000] {subprocess.py:106} INFO - 25/10/29 08:54:57 INFO DiskBlockManager: Created local directory at /tmp/blockmgr-c422c4db-69c2-492f-8a9c-4b675a19ec6b
[2025-10-29T08:54:57.026+0000] {subprocess.py:106} INFO - 25/10/29 08:54:57 INFO MemoryStore: MemoryStore started with capacity 434.4 MiB
[2025-10-29T08:54:57.046+0000] {subprocess.py:106} INFO - 25/10/29 08:54:57 INFO SparkEnv: Registering OutputCommitCoordinator
[2025-10-29T08:54:57.220+0000] {subprocess.py:106} INFO - 25/10/29 08:54:57 INFO JettyUtils: Start Jetty 0.0.0.0:4040 for SparkUI
[2025-10-29T08:54:57.284+0000] {subprocess.py:106} INFO - 25/10/29 08:54:57 INFO Utils: Successfully started service 'SparkUI' on port 4040.
[2025-10-29T08:54:57.325+0000] {subprocess.py:106} INFO - 25/10/29 08:54:57 INFO SparkContext: Added JAR file:///home/spark/.ivy2/jars/org.apache.iceberg_iceberg-spark-runtime-3.5_2.12-1.5.0.jar at spark://68d0d8c522fe:43667/jars/org.apache.iceberg_iceberg-spark-runtime-3.5_2.12-1.5.0.jar with timestamp 1761728096485
[2025-10-29T08:54:57.330+0000] {subprocess.py:106} INFO - 25/10/29 08:54:57 INFO SparkContext: Added file file:///home/spark/.ivy2/jars/org.apache.iceberg_iceberg-spark-runtime-3.5_2.12-1.5.0.jar at spark://68d0d8c522fe:43667/files/org.apache.iceberg_iceberg-spark-runtime-3.5_2.12-1.5.0.jar with timestamp 1761728096485
[2025-10-29T08:54:57.332+0000] {subprocess.py:106} INFO - 25/10/29 08:54:57 INFO Utils: Copying /home/spark/.ivy2/jars/org.apache.iceberg_iceberg-spark-runtime-3.5_2.12-1.5.0.jar to /tmp/spark-bb0d5f16-f316-4232-b0f0-c12630e505da/userFiles-b8d07cdd-1dc2-4f37-ae5c-ccc08fd47790/org.apache.iceberg_iceberg-spark-runtime-3.5_2.12-1.5.0.jar
[2025-10-29T08:54:57.509+0000] {subprocess.py:106} INFO - 25/10/29 08:54:57 INFO StandaloneAppClient$ClientEndpoint: Connecting to master spark://spark-master:7077...
[2025-10-29T08:54:57.551+0000] {subprocess.py:106} INFO - 25/10/29 08:54:57 INFO TransportClientFactory: Successfully created connection to spark-master/172.30.0.6:7077 after 24 ms (0 ms spent in bootstraps)
[2025-10-29T08:54:57.632+0000] {subprocess.py:106} INFO - 25/10/29 08:54:57 INFO StandaloneSchedulerBackend: Connected to Spark cluster with app ID app-20251029085457-0001
[2025-10-29T08:54:57.643+0000] {subprocess.py:106} INFO - 25/10/29 08:54:57 INFO StandaloneAppClient$ClientEndpoint: Executor added: app-20251029085457-0001/0 on worker-20251029082456-172.30.0.7-36933 (172.30.0.7:36933) with 1 core(s)
[2025-10-29T08:54:57.646+0000] {subprocess.py:106} INFO - 25/10/29 08:54:57 INFO StandaloneSchedulerBackend: Granted executor ID app-20251029085457-0001/0 on hostPort 172.30.0.7:36933 with 1 core(s), 1024.0 MiB RAM
[2025-10-29T08:54:57.648+0000] {subprocess.py:106} INFO - 25/10/29 08:54:57 INFO Utils: Successfully started service 'org.apache.spark.network.netty.NettyBlockTransferService' on port 46331.
[2025-10-29T08:54:57.649+0000] {subprocess.py:106} INFO - 25/10/29 08:54:57 INFO NettyBlockTransferService: Server created on 68d0d8c522fe:46331
[2025-10-29T08:54:57.652+0000] {subprocess.py:106} INFO - 25/10/29 08:54:57 INFO BlockManager: Using org.apache.spark.storage.RandomBlockReplicationPolicy for block replication policy
[2025-10-29T08:54:57.663+0000] {subprocess.py:106} INFO - 25/10/29 08:54:57 INFO BlockManagerMaster: Registering BlockManager BlockManagerId(driver, 68d0d8c522fe, 46331, None)
[2025-10-29T08:54:57.666+0000] {subprocess.py:106} INFO - 25/10/29 08:54:57 INFO BlockManagerMasterEndpoint: Registering block manager 68d0d8c522fe:46331 with 434.4 MiB RAM, BlockManagerId(driver, 68d0d8c522fe, 46331, None)
[2025-10-29T08:54:57.672+0000] {subprocess.py:106} INFO - 25/10/29 08:54:57 INFO BlockManagerMaster: Registered BlockManager BlockManagerId(driver, 68d0d8c522fe, 46331, None)
[2025-10-29T08:54:57.675+0000] {subprocess.py:106} INFO - 25/10/29 08:54:57 INFO BlockManager: Initialized BlockManager: BlockManagerId(driver, 68d0d8c522fe, 46331, None)
[2025-10-29T08:54:57.696+0000] {subprocess.py:106} INFO - 25/10/29 08:54:57 INFO StandaloneAppClient$ClientEndpoint: Executor updated: app-20251029085457-0001/0 is now RUNNING
[2025-10-29T08:54:57.984+0000] {subprocess.py:106} INFO - 25/10/29 08:54:57 INFO StandaloneSchedulerBackend: SchedulerBackend is ready for scheduling beginning after reached minRegisteredResourcesRatio: 0.0
[2025-10-29T08:54:58.367+0000] {subprocess.py:106} INFO - 25/10/29 08:54:58 INFO SharedState: Setting hive.metastore.warehouse.dir ('null') to the value of spark.sql.warehouse.dir.
[2025-10-29T08:54:58.373+0000] {subprocess.py:106} INFO - 25/10/29 08:54:58 INFO SharedState: Warehouse path is 'file:/opt/spark/work-dir/spark-warehouse'.
[2025-10-29T08:55:01.099+0000] {subprocess.py:106} INFO - 25/10/29 08:55:01 INFO HiveConf: Found configuration file null
[2025-10-29T08:55:01.328+0000] {subprocess.py:106} INFO - 25/10/29 08:55:01 INFO metastore: Trying to connect to metastore with URI thrift://hive-metastore:9083
[2025-10-29T08:55:01.360+0000] {subprocess.py:106} INFO - 25/10/29 08:55:01 INFO metastore: Opened a connection to metastore, current connections: 1
[2025-10-29T08:55:01.393+0000] {subprocess.py:106} INFO - 25/10/29 08:55:01 INFO metastore: Connected to metastore.
[2025-10-29T08:55:01.525+0000] {subprocess.py:106} INFO - 25/10/29 08:55:01 INFO StandaloneSchedulerBackend$StandaloneDriverEndpoint: Registered executor NettyRpcEndpointRef(spark-client://Executor) (172.30.0.7:56584) with ID 0,  ResourceProfileId 0
[2025-10-29T08:55:01.636+0000] {subprocess.py:106} INFO - 25/10/29 08:55:01 INFO BlockManagerMasterEndpoint: Registering block manager 172.30.0.7:44499 with 434.4 MiB RAM, BlockManagerId(0, 172.30.0.7, 44499, None)
[2025-10-29T08:55:01.783+0000] {subprocess.py:106} INFO - 25/10/29 08:55:01 INFO BaseMetastoreTableOperations: Refreshing table metadata from new version: hdfs://dinhhoa-master:9000/user/ndh/warehouse/bronze.db/it_jobs_raw/metadata/00000-1fa5c1ee-3139-4dc9-9578-01d6412482eb.metadata.json
[2025-10-29T08:55:02.859+0000] {subprocess.py:106} INFO - 25/10/29 08:55:02 INFO BaseMetastoreCatalog: Table loaded by catalog: hive_catalog.bronze.it_jobs_raw
[2025-10-29T08:55:03.886+0000] {subprocess.py:106} INFO - 25/10/29 08:55:03 INFO SnapshotScan: Scanning table hive_catalog.bronze.it_jobs_raw snapshot 8198059378177547907 created at 2025-10-28T21:12:54.697+00:00 with filter true
[2025-10-29T08:55:04.078+0000] {subprocess.py:106} INFO - 25/10/29 08:55:04 INFO BaseDistributedDataScan: Planning file tasks locally for table hive_catalog.bronze.it_jobs_raw
[2025-10-29T08:55:04.225+0000] {subprocess.py:106} INFO - 25/10/29 08:55:04 INFO V2ScanRelationPushDown:
[2025-10-29T08:55:04.225+0000] {subprocess.py:106} INFO - Pushing operators to hive_catalog.bronze.it_jobs_raw
[2025-10-29T08:55:04.226+0000] {subprocess.py:106} INFO - Pushed Aggregate Functions:
[2025-10-29T08:55:04.227+0000] {subprocess.py:106} INFO -  COUNT(*)
[2025-10-29T08:55:04.227+0000] {subprocess.py:106} INFO - Pushed Group by:
[2025-10-29T08:55:04.227+0000] {subprocess.py:106} INFO - 
[2025-10-29T08:55:04.228+0000] {subprocess.py:106} INFO - 
[2025-10-29T08:55:05.162+0000] {subprocess.py:106} INFO - 25/10/29 08:55:05 INFO CodeGenerator: Code generated in 233.768942 ms
[2025-10-29T08:55:05.183+0000] {subprocess.py:106} INFO - 25/10/29 08:55:05 INFO CodeGenerator: Code generated in 10.405159 ms
[2025-10-29T08:55:05.275+0000] {subprocess.py:106} INFO - 25/10/29 08:55:05 INFO DAGScheduler: Registering RDD 2 (count at <unknown>:0) as input to shuffle 0
[2025-10-29T08:55:05.280+0000] {subprocess.py:106} INFO - 25/10/29 08:55:05 INFO DAGScheduler: Got map stage job 0 (count at <unknown>:0) with 1 output partitions
[2025-10-29T08:55:05.281+0000] {subprocess.py:106} INFO - 25/10/29 08:55:05 INFO DAGScheduler: Final stage: ShuffleMapStage 0 (count at <unknown>:0)
[2025-10-29T08:55:05.282+0000] {subprocess.py:106} INFO - 25/10/29 08:55:05 INFO DAGScheduler: Parents of final stage: List()
[2025-10-29T08:55:05.284+0000] {subprocess.py:106} INFO - 25/10/29 08:55:05 INFO DAGScheduler: Missing parents: List()
[2025-10-29T08:55:05.289+0000] {subprocess.py:106} INFO - 25/10/29 08:55:05 INFO DAGScheduler: Submitting ShuffleMapStage 0 (MapPartitionsRDD[2] at count at <unknown>:0), which has no missing parents
[2025-10-29T08:55:05.393+0000] {subprocess.py:106} INFO - 25/10/29 08:55:05 INFO MemoryStore: Block broadcast_0 stored as values in memory (estimated size 12.6 KiB, free 434.4 MiB)
[2025-10-29T08:55:05.427+0000] {subprocess.py:106} INFO - 25/10/29 08:55:05 INFO MemoryStore: Block broadcast_0_piece0 stored as bytes in memory (estimated size 6.2 KiB, free 434.4 MiB)
[2025-10-29T08:55:05.431+0000] {subprocess.py:106} INFO - 25/10/29 08:55:05 INFO BlockManagerInfo: Added broadcast_0_piece0 in memory on 68d0d8c522fe:46331 (size: 6.2 KiB, free: 434.4 MiB)
[2025-10-29T08:55:05.518+0000] {subprocess.py:106} INFO - 25/10/29 08:55:05 INFO SparkContext: Created broadcast 0 from broadcast at DAGScheduler.scala:1585
[2025-10-29T08:55:05.519+0000] {subprocess.py:106} INFO - 25/10/29 08:55:05 INFO DAGScheduler: Submitting 1 missing tasks from ShuffleMapStage 0 (MapPartitionsRDD[2] at count at <unknown>:0) (first 15 tasks are for partitions Vector(0))
[2025-10-29T08:55:05.520+0000] {subprocess.py:106} INFO - 25/10/29 08:55:05 INFO TaskSchedulerImpl: Adding task set 0.0 with 1 tasks resource profile 0
[2025-10-29T08:55:05.565+0000] {subprocess.py:106} INFO - 25/10/29 08:55:05 INFO TaskSetManager: Starting task 0.0 in stage 0.0 (TID 0) (172.30.0.7, executor 0, partition 0, PROCESS_LOCAL, 9492 bytes)
[2025-10-29T08:55:05.841+0000] {subprocess.py:106} INFO - 25/10/29 08:55:05 INFO BlockManagerInfo: Added broadcast_0_piece0 in memory on 172.30.0.7:44499 (size: 6.2 KiB, free: 434.4 MiB)
[2025-10-29T08:55:06.492+0000] {subprocess.py:106} INFO - 25/10/29 08:55:06 INFO TaskSetManager: Finished task 0.0 in stage 0.0 (TID 0) in 952 ms on 172.30.0.7 (executor 0) (1/1)
[2025-10-29T08:55:06.496+0000] {subprocess.py:106} INFO - 25/10/29 08:55:06 INFO TaskSchedulerImpl: Removed TaskSet 0.0, whose tasks have all completed, from pool
[2025-10-29T08:55:06.505+0000] {subprocess.py:106} INFO - 25/10/29 08:55:06 INFO DAGScheduler: ShuffleMapStage 0 (count at <unknown>:0) finished in 1.200 s
[2025-10-29T08:55:06.506+0000] {subprocess.py:106} INFO - 25/10/29 08:55:06 INFO DAGScheduler: looking for newly runnable stages
[2025-10-29T08:55:06.510+0000] {subprocess.py:106} INFO - 25/10/29 08:55:06 INFO DAGScheduler: running: Set()
[2025-10-29T08:55:06.511+0000] {subprocess.py:106} INFO - 25/10/29 08:55:06 INFO DAGScheduler: waiting: Set()
[2025-10-29T08:55:06.512+0000] {subprocess.py:106} INFO - 25/10/29 08:55:06 INFO DAGScheduler: failed: Set()
[2025-10-29T08:55:06.586+0000] {subprocess.py:106} INFO - 25/10/29 08:55:06 INFO CodeGenerator: Code generated in 23.260107 ms
[2025-10-29T08:55:06.649+0000] {subprocess.py:106} INFO - 25/10/29 08:55:06 INFO SparkContext: Starting job: count at <unknown>:0
[2025-10-29T08:55:06.653+0000] {subprocess.py:106} INFO - 25/10/29 08:55:06 INFO DAGScheduler: Got job 1 (count at <unknown>:0) with 1 output partitions
[2025-10-29T08:55:06.654+0000] {subprocess.py:106} INFO - 25/10/29 08:55:06 INFO DAGScheduler: Final stage: ResultStage 2 (count at <unknown>:0)
[2025-10-29T08:55:06.655+0000] {subprocess.py:106} INFO - 25/10/29 08:55:06 INFO DAGScheduler: Parents of final stage: List(ShuffleMapStage 1)
[2025-10-29T08:55:06.655+0000] {subprocess.py:106} INFO - 25/10/29 08:55:06 INFO DAGScheduler: Missing parents: List()
[2025-10-29T08:55:06.658+0000] {subprocess.py:106} INFO - 25/10/29 08:55:06 INFO DAGScheduler: Submitting ResultStage 2 (MapPartitionsRDD[5] at count at <unknown>:0), which has no missing parents
[2025-10-29T08:55:06.668+0000] {subprocess.py:106} INFO - 25/10/29 08:55:06 INFO MemoryStore: Block broadcast_1 stored as values in memory (estimated size 13.7 KiB, free 434.4 MiB)
[2025-10-29T08:55:06.670+0000] {subprocess.py:106} INFO - 25/10/29 08:55:06 INFO MemoryStore: Block broadcast_1_piece0 stored as bytes in memory (estimated size 6.3 KiB, free 434.4 MiB)
[2025-10-29T08:55:06.671+0000] {subprocess.py:106} INFO - 25/10/29 08:55:06 INFO BlockManagerInfo: Added broadcast_1_piece0 in memory on 68d0d8c522fe:46331 (size: 6.3 KiB, free: 434.4 MiB)
[2025-10-29T08:55:06.672+0000] {subprocess.py:106} INFO - 25/10/29 08:55:06 INFO SparkContext: Created broadcast 1 from broadcast at DAGScheduler.scala:1585
[2025-10-29T08:55:06.675+0000] {subprocess.py:106} INFO - 25/10/29 08:55:06 INFO DAGScheduler: Submitting 1 missing tasks from ResultStage 2 (MapPartitionsRDD[5] at count at <unknown>:0) (first 15 tasks are for partitions Vector(0))
[2025-10-29T08:55:06.675+0000] {subprocess.py:106} INFO - 25/10/29 08:55:06 INFO TaskSchedulerImpl: Adding task set 2.0 with 1 tasks resource profile 0
[2025-10-29T08:55:06.683+0000] {subprocess.py:106} INFO - 25/10/29 08:55:06 INFO TaskSetManager: Starting task 0.0 in stage 2.0 (TID 1) (172.30.0.7, executor 0, partition 0, NODE_LOCAL, 9331 bytes)
[2025-10-29T08:55:06.706+0000] {subprocess.py:106} INFO - 25/10/29 08:55:06 INFO BlockManagerInfo: Added broadcast_1_piece0 in memory on 172.30.0.7:44499 (size: 6.3 KiB, free: 434.4 MiB)
[2025-10-29T08:55:06.785+0000] {subprocess.py:106} INFO - 25/10/29 08:55:06 INFO MapOutputTrackerMasterEndpoint: Asked to send map output locations for shuffle 0 to 172.30.0.7:56584
[2025-10-29T08:55:06.948+0000] {subprocess.py:106} INFO - 25/10/29 08:55:06 INFO TaskSetManager: Finished task 0.0 in stage 2.0 (TID 1) in 267 ms on 172.30.0.7 (executor 0) (1/1)
[2025-10-29T08:55:06.949+0000] {subprocess.py:106} INFO - 25/10/29 08:55:06 INFO TaskSchedulerImpl: Removed TaskSet 2.0, whose tasks have all completed, from pool
[2025-10-29T08:55:06.951+0000] {subprocess.py:106} INFO - 25/10/29 08:55:06 INFO DAGScheduler: ResultStage 2 (count at <unknown>:0) finished in 0.284 s
[2025-10-29T08:55:06.953+0000] {subprocess.py:106} INFO - 25/10/29 08:55:06 INFO DAGScheduler: Job 1 is finished. Cancelling potential speculative or zombie tasks for this job
[2025-10-29T08:55:06.955+0000] {subprocess.py:106} INFO - 25/10/29 08:55:06 INFO TaskSchedulerImpl: Killing all running tasks in stage 2: Stage finished
[2025-10-29T08:55:06.959+0000] {subprocess.py:106} INFO - 25/10/29 08:55:06 INFO DAGScheduler: Job 1 finished: count at <unknown>:0, took 0.306554 s
[2025-10-29T08:55:06.969+0000] {subprocess.py:106} INFO - 📦 Bronze record count: 2103
[2025-10-29T08:55:06.974+0000] {subprocess.py:106} INFO - root
[2025-10-29T08:55:06.975+0000] {subprocess.py:106} INFO -  |-- job_title: string (nullable = true)
[2025-10-29T08:55:06.978+0000] {subprocess.py:106} INFO -  |-- company_name: string (nullable = true)
[2025-10-29T08:55:06.979+0000] {subprocess.py:106} INFO -  |-- location: string (nullable = true)
[2025-10-29T08:55:06.980+0000] {subprocess.py:106} INFO -  |-- skills_required: string (nullable = true)
[2025-10-29T08:55:06.986+0000] {subprocess.py:106} INFO -  |-- date_posted: string (nullable = true)
[2025-10-29T08:55:06.987+0000] {subprocess.py:106} INFO -  |-- job_link: string (nullable = true)
[2025-10-29T08:55:06.988+0000] {subprocess.py:106} INFO -  |-- job_category: string (nullable = true)
[2025-10-29T08:55:06.989+0000] {subprocess.py:106} INFO -  |-- work_mode: string (nullable = true)
[2025-10-29T08:55:06.989+0000] {subprocess.py:106} INFO -  |-- crawl_date: string (nullable = true)
[2025-10-29T08:55:06.990+0000] {subprocess.py:106} INFO -  |-- ingest_time: timestamp (nullable = true)
[2025-10-29T08:55:06.991+0000] {subprocess.py:106} INFO -  |-- source: string (nullable = true)
[2025-10-29T08:55:06.995+0000] {subprocess.py:106} INFO - 
[2025-10-29T08:55:07.532+0000] {subprocess.py:106} INFO - 25/10/29 08:55:07 INFO BlockManagerInfo: Removed broadcast_0_piece0 on 68d0d8c522fe:46331 in memory (size: 6.2 KiB, free: 434.4 MiB)
[2025-10-29T08:55:07.543+0000] {subprocess.py:106} INFO - 25/10/29 08:55:07 INFO BlockManagerInfo: Removed broadcast_0_piece0 on 172.30.0.7:44499 in memory (size: 6.2 KiB, free: 434.4 MiB)
[2025-10-29T08:55:07.562+0000] {subprocess.py:106} INFO - 25/10/29 08:55:07 INFO BlockManagerInfo: Removed broadcast_1_piece0 on 68d0d8c522fe:46331 in memory (size: 6.3 KiB, free: 434.4 MiB)
[2025-10-29T08:55:07.566+0000] {subprocess.py:106} INFO - 25/10/29 08:55:07 INFO BlockManagerInfo: Removed broadcast_1_piece0 on 172.30.0.7:44499 in memory (size: 6.3 KiB, free: 434.4 MiB)
[2025-10-29T08:55:07.873+0000] {subprocess.py:106} INFO - 25/10/29 08:55:07 INFO BaseMetastoreTableOperations: Refreshing table metadata from new version: hdfs://dinhhoa-master:9000/user/ndh/warehouse/silver.db/it_jobs_clean/metadata/00000-a3b8eb4f-bc71-4045-8e94-804ada558254.metadata.json
[2025-10-29T08:55:07.945+0000] {subprocess.py:106} INFO - 25/10/29 08:55:07 INFO BaseMetastoreCatalog: Table loaded by catalog: hive_catalog.silver.it_jobs_clean
[2025-10-29T08:55:07.954+0000] {subprocess.py:106} INFO - 25/10/29 08:55:07 INFO BaseMetastoreCatalog: Table properties set at catalog level through catalog properties: {}
[2025-10-29T08:55:07.956+0000] {subprocess.py:106} INFO - 25/10/29 08:55:07 INFO BaseMetastoreCatalog: Table properties enforced at catalog level through catalog properties: {}
[2025-10-29T08:55:07.990+0000] {subprocess.py:106} INFO - 25/10/29 08:55:07 INFO BaseMetastoreTableOperations: Refreshing table metadata from new version: hdfs://dinhhoa-master:9000/user/ndh/warehouse/silver.db/it_jobs_clean/metadata/00000-a3b8eb4f-bc71-4045-8e94-804ada558254.metadata.json
[2025-10-29T08:55:08.237+0000] {subprocess.py:106} INFO - 25/10/29 08:55:08 INFO V2ScanRelationPushDown:
[2025-10-29T08:55:08.237+0000] {subprocess.py:106} INFO - Pushing operators to hive_catalog.bronze.it_jobs_raw
[2025-10-29T08:55:08.238+0000] {subprocess.py:106} INFO - Pushed Filters: date_posted IS NOT NULL, job_link IS NOT NULL, NOT (job_link = '')
[2025-10-29T08:55:08.239+0000] {subprocess.py:106} INFO - Post-Scan Filters: isnotnull(date_posted#4),isnotnull(upper(trim(company_name#1, None))),NOT (upper(trim(company_name#1, None)) = ),isnotnull(job_link#5),NOT (job_link#5 = ),isnotnull(initcap(trim(job_title#0, None))),NOT (initcap(trim(job_title#0, None)) = ),isnotnull(cast(date_posted#4 as date)),(size(split(trim(location#2, None),  - , -1), true) > 0),isnotnull(split(trim(location#2, None),  - , -1))
[2025-10-29T08:55:08.239+0000] {subprocess.py:106} INFO - 
[2025-10-29T08:55:08.280+0000] {subprocess.py:106} INFO - 25/10/29 08:55:08 INFO V2ScanRelationPushDown:
[2025-10-29T08:55:08.281+0000] {subprocess.py:106} INFO - Output: job_title#0, company_name#1, location#2, skills_required#3, date_posted#4, job_link#5, job_category#6, work_mode#7, crawl_date#8, ingest_time#9, source#10
[2025-10-29T08:55:08.282+0000] {subprocess.py:106} INFO - 
[2025-10-29T08:55:08.295+0000] {subprocess.py:106} INFO - 25/10/29 08:55:08 INFO SnapshotScan: Scanning table hive_catalog.bronze.it_jobs_raw snapshot 8198059378177547907 created at 2025-10-28T21:12:54.697+00:00 with filter ((date_posted IS NOT NULL AND job_link IS NOT NULL) AND NOT (job_link = (hash-00000000)))
[2025-10-29T08:55:08.303+0000] {subprocess.py:106} INFO - 25/10/29 08:55:08 INFO BaseDistributedDataScan: Planning file tasks locally for table hive_catalog.bronze.it_jobs_raw
[2025-10-29T08:55:08.345+0000] {subprocess.py:106} INFO - 25/10/29 08:55:08 INFO SparkPartitioningAwareScan: Reporting UnknownPartitioning with 1 partition(s) for table hive_catalog.bronze.it_jobs_raw
[2025-10-29T08:55:08.369+0000] {subprocess.py:106} INFO - 25/10/29 08:55:08 INFO SparkWrite: Requesting 0 bytes advisory partition size for table silver.it_jobs_clean
[2025-10-29T08:55:08.369+0000] {subprocess.py:106} INFO - 25/10/29 08:55:08 INFO SparkWrite: Requesting UnspecifiedDistribution as write distribution for table silver.it_jobs_clean
[2025-10-29T08:55:08.371+0000] {subprocess.py:106} INFO - 25/10/29 08:55:08 INFO SparkWrite: Requesting [] as write ordering for table silver.it_jobs_clean
[2025-10-29T08:55:08.453+0000] {subprocess.py:106} INFO - 25/10/29 08:55:08 INFO MemoryStore: Block broadcast_2 stored as values in memory (estimated size 32.0 KiB, free 434.4 MiB)
[2025-10-29T08:55:08.469+0000] {subprocess.py:106} INFO - 25/10/29 08:55:08 INFO MemoryStore: Block broadcast_2_piece0 stored as bytes in memory (estimated size 29.8 KiB, free 434.3 MiB)
[2025-10-29T08:55:08.471+0000] {subprocess.py:106} INFO - 25/10/29 08:55:08 INFO BlockManagerInfo: Added broadcast_2_piece0 in memory on 68d0d8c522fe:46331 (size: 29.8 KiB, free: 434.4 MiB)
[2025-10-29T08:55:08.472+0000] {subprocess.py:106} INFO - 25/10/29 08:55:08 INFO SparkContext: Created broadcast 2 from broadcast at SparkBatch.java:79
[2025-10-29T08:55:08.498+0000] {subprocess.py:106} INFO - 25/10/29 08:55:08 INFO MemoryStore: Block broadcast_3 stored as values in memory (estimated size 32.0 KiB, free 434.3 MiB)
[2025-10-29T08:55:08.502+0000] {subprocess.py:106} INFO - 25/10/29 08:55:08 INFO MemoryStore: Block broadcast_3_piece0 stored as bytes in memory (estimated size 29.8 KiB, free 434.3 MiB)
[2025-10-29T08:55:08.502+0000] {subprocess.py:106} INFO - 25/10/29 08:55:08 INFO BlockManagerInfo: Added broadcast_3_piece0 in memory on 68d0d8c522fe:46331 (size: 29.8 KiB, free: 434.3 MiB)
[2025-10-29T08:55:08.504+0000] {subprocess.py:106} INFO - 25/10/29 08:55:08 INFO SparkContext: Created broadcast 3 from broadcast at SparkBatch.java:79
[2025-10-29T08:55:08.633+0000] {subprocess.py:106} INFO - 25/10/29 08:55:08 INFO CodeGenerator: Code generated in 22.871575 ms
[2025-10-29T08:55:08.824+0000] {subprocess.py:106} INFO - 25/10/29 08:55:08 INFO CodeGenerator: Code generated in 79.508189 ms
[2025-10-29T08:55:08.934+0000] {subprocess.py:106} INFO - 25/10/29 08:55:08 INFO DAGScheduler: Registering RDD 12 (createOrReplace at <unknown>:0) as input to shuffle 1
[2025-10-29T08:55:08.935+0000] {subprocess.py:106} INFO - 25/10/29 08:55:08 INFO DAGScheduler: Got map stage job 2 (createOrReplace at <unknown>:0) with 1 output partitions
[2025-10-29T08:55:08.936+0000] {subprocess.py:106} INFO - 25/10/29 08:55:08 INFO DAGScheduler: Final stage: ShuffleMapStage 3 (createOrReplace at <unknown>:0)
[2025-10-29T08:55:08.937+0000] {subprocess.py:106} INFO - 25/10/29 08:55:08 INFO DAGScheduler: Parents of final stage: List()
[2025-10-29T08:55:08.938+0000] {subprocess.py:106} INFO - 25/10/29 08:55:08 INFO DAGScheduler: Missing parents: List()
[2025-10-29T08:55:08.939+0000] {subprocess.py:106} INFO - 25/10/29 08:55:08 INFO DAGScheduler: Submitting ShuffleMapStage 3 (MapPartitionsRDD[12] at createOrReplace at <unknown>:0), which has no missing parents
[2025-10-29T08:55:08.960+0000] {subprocess.py:106} INFO - 25/10/29 08:55:08 INFO MemoryStore: Block broadcast_4 stored as values in memory (estimated size 71.6 KiB, free 434.2 MiB)
[2025-10-29T08:55:08.962+0000] {subprocess.py:106} INFO - 25/10/29 08:55:08 INFO MemoryStore: Block broadcast_4_piece0 stored as bytes in memory (estimated size 26.7 KiB, free 434.2 MiB)
[2025-10-29T08:55:08.963+0000] {subprocess.py:106} INFO - 25/10/29 08:55:08 INFO BlockManagerInfo: Added broadcast_4_piece0 in memory on 68d0d8c522fe:46331 (size: 26.7 KiB, free: 434.3 MiB)
[2025-10-29T08:55:08.964+0000] {subprocess.py:106} INFO - 25/10/29 08:55:08 INFO SparkContext: Created broadcast 4 from broadcast at DAGScheduler.scala:1585
[2025-10-29T08:55:08.965+0000] {subprocess.py:106} INFO - 25/10/29 08:55:08 INFO DAGScheduler: Submitting 1 missing tasks from ShuffleMapStage 3 (MapPartitionsRDD[12] at createOrReplace at <unknown>:0) (first 15 tasks are for partitions Vector(0))
[2025-10-29T08:55:08.965+0000] {subprocess.py:106} INFO - 25/10/29 08:55:08 INFO TaskSchedulerImpl: Adding task set 3.0 with 1 tasks resource profile 0
[2025-10-29T08:55:08.983+0000] {subprocess.py:106} INFO - 25/10/29 08:55:08 INFO TaskSetManager: Starting task 0.0 in stage 3.0 (TID 2) (172.30.0.7, executor 0, partition 0, ANY, 15305 bytes)
[2025-10-29T08:55:09.784+0000] {subprocess.py:106} INFO - 25/10/29 08:55:09 INFO BlockManagerInfo: Added broadcast_4_piece0 in memory on 172.30.0.7:44499 (size: 26.7 KiB, free: 434.4 MiB)
[2025-10-29T08:55:11.173+0000] {subprocess.py:106} INFO - 25/10/29 08:55:11 INFO BlockManagerInfo: Added broadcast_3_piece0 in memory on 172.30.0.7:44499 (size: 29.8 KiB, free: 434.3 MiB)
[2025-10-29T08:55:13.721+0000] {subprocess.py:106} INFO - 25/10/29 08:55:13 INFO TaskSetManager: Finished task 0.0 in stage 3.0 (TID 2) in 4754 ms on 172.30.0.7 (executor 0) (1/1)
[2025-10-29T08:55:13.721+0000] {subprocess.py:106} INFO - 25/10/29 08:55:13 INFO TaskSchedulerImpl: Removed TaskSet 3.0, whose tasks have all completed, from pool
[2025-10-29T08:55:13.722+0000] {subprocess.py:106} INFO - 25/10/29 08:55:13 INFO DAGScheduler: ShuffleMapStage 3 (createOrReplace at <unknown>:0) finished in 4.781 s
[2025-10-29T08:55:13.723+0000] {subprocess.py:106} INFO - 25/10/29 08:55:13 INFO DAGScheduler: looking for newly runnable stages
[2025-10-29T08:55:13.724+0000] {subprocess.py:106} INFO - 25/10/29 08:55:13 INFO DAGScheduler: running: Set()
[2025-10-29T08:55:13.725+0000] {subprocess.py:106} INFO - 25/10/29 08:55:13 INFO DAGScheduler: waiting: Set()
[2025-10-29T08:55:13.725+0000] {subprocess.py:106} INFO - 25/10/29 08:55:13 INFO DAGScheduler: failed: Set()
[2025-10-29T08:55:13.740+0000] {subprocess.py:106} INFO - 25/10/29 08:55:13 INFO ShufflePartitionsUtil: For shuffle(1), advisory target size: 67108864, actual target size 1048576, minimum partition size: 1048576
[2025-10-29T08:55:13.807+0000] {subprocess.py:106} INFO - 25/10/29 08:55:13 INFO CodeGenerator: Code generated in 18.73797 ms
[2025-10-29T08:55:13.861+0000] {subprocess.py:106} INFO - 25/10/29 08:55:13 INFO MemoryStore: Block broadcast_5 stored as values in memory (estimated size 32.0 KiB, free 434.2 MiB)
[2025-10-29T08:55:13.873+0000] {subprocess.py:106} INFO - 25/10/29 08:55:13 INFO MemoryStore: Block broadcast_5_piece0 stored as bytes in memory (estimated size 29.6 KiB, free 434.1 MiB)
[2025-10-29T08:55:13.875+0000] {subprocess.py:106} INFO - 25/10/29 08:55:13 INFO BlockManagerInfo: Added broadcast_5_piece0 in memory on 68d0d8c522fe:46331 (size: 29.6 KiB, free: 434.3 MiB)
[2025-10-29T08:55:13.876+0000] {subprocess.py:106} INFO - 25/10/29 08:55:13 INFO BlockManagerInfo: Removed broadcast_4_piece0 on 68d0d8c522fe:46331 in memory (size: 26.7 KiB, free: 434.3 MiB)
[2025-10-29T08:55:13.877+0000] {subprocess.py:106} INFO - 25/10/29 08:55:13 INFO SparkContext: Created broadcast 5 from broadcast at SparkWrite.java:193
[2025-10-29T08:55:13.883+0000] {subprocess.py:106} INFO - 25/10/29 08:55:13 INFO BlockManagerInfo: Removed broadcast_4_piece0 on 172.30.0.7:44499 in memory (size: 26.7 KiB, free: 434.4 MiB)
[2025-10-29T08:55:13.884+0000] {subprocess.py:106} INFO - 25/10/29 08:55:13 INFO AppendDataExec: Start processing data source write support: IcebergBatchWrite(table=silver.it_jobs_clean, format=PARQUET). The input RDD has 1 partitions.
[2025-10-29T08:55:13.907+0000] {subprocess.py:106} INFO - 25/10/29 08:55:13 INFO SparkContext: Starting job: createOrReplace at <unknown>:0
[2025-10-29T08:55:13.910+0000] {subprocess.py:106} INFO - 25/10/29 08:55:13 INFO DAGScheduler: Got job 3 (createOrReplace at <unknown>:0) with 1 output partitions
[2025-10-29T08:55:13.911+0000] {subprocess.py:106} INFO - 25/10/29 08:55:13 INFO DAGScheduler: Final stage: ResultStage 5 (createOrReplace at <unknown>:0)
[2025-10-29T08:55:13.912+0000] {subprocess.py:106} INFO - 25/10/29 08:55:13 INFO DAGScheduler: Parents of final stage: List(ShuffleMapStage 4)
[2025-10-29T08:55:13.913+0000] {subprocess.py:106} INFO - 25/10/29 08:55:13 INFO DAGScheduler: Missing parents: List()
[2025-10-29T08:55:13.914+0000] {subprocess.py:106} INFO - 25/10/29 08:55:13 INFO DAGScheduler: Submitting ResultStage 5 (MapPartitionsRDD[15] at createOrReplace at <unknown>:0), which has no missing parents
[2025-10-29T08:55:13.967+0000] {subprocess.py:106} INFO - 25/10/29 08:55:13 INFO MemoryStore: Block broadcast_6 stored as values in memory (estimated size 65.1 KiB, free 434.2 MiB)
[2025-10-29T08:55:13.968+0000] {subprocess.py:106} INFO - 25/10/29 08:55:13 INFO MemoryStore: Block broadcast_6_piece0 stored as bytes in memory (estimated size 26.5 KiB, free 434.1 MiB)
[2025-10-29T08:55:13.968+0000] {subprocess.py:106} INFO - 25/10/29 08:55:13 INFO BlockManagerInfo: Added broadcast_6_piece0 in memory on 68d0d8c522fe:46331 (size: 26.5 KiB, free: 434.3 MiB)
[2025-10-29T08:55:13.969+0000] {subprocess.py:106} INFO - 25/10/29 08:55:13 INFO SparkContext: Created broadcast 6 from broadcast at DAGScheduler.scala:1585
[2025-10-29T08:55:13.971+0000] {subprocess.py:106} INFO - 25/10/29 08:55:13 INFO DAGScheduler: Submitting 1 missing tasks from ResultStage 5 (MapPartitionsRDD[15] at createOrReplace at <unknown>:0) (first 15 tasks are for partitions Vector(0))
[2025-10-29T08:55:13.972+0000] {subprocess.py:106} INFO - 25/10/29 08:55:13 INFO TaskSchedulerImpl: Adding task set 5.0 with 1 tasks resource profile 0
[2025-10-29T08:55:13.975+0000] {subprocess.py:106} INFO - 25/10/29 08:55:13 INFO TaskSetManager: Starting task 0.0 in stage 5.0 (TID 3) (172.30.0.7, executor 0, partition 0, NODE_LOCAL, 9331 bytes)
[2025-10-29T08:55:14.016+0000] {subprocess.py:106} INFO - 25/10/29 08:55:14 INFO BlockManagerInfo: Added broadcast_6_piece0 in memory on 172.30.0.7:44499 (size: 26.5 KiB, free: 434.3 MiB)
[2025-10-29T08:55:14.095+0000] {subprocess.py:106} INFO - 25/10/29 08:55:14 INFO MapOutputTrackerMasterEndpoint: Asked to send map output locations for shuffle 1 to 172.30.0.7:56584
[2025-10-29T08:55:14.466+0000] {subprocess.py:106} INFO - 25/10/29 08:55:14 INFO BlockManagerInfo: Added broadcast_5_piece0 in memory on 172.30.0.7:44499 (size: 29.6 KiB, free: 434.3 MiB)
[2025-10-29T08:55:15.810+0000] {subprocess.py:106} INFO - 25/10/29 08:55:15 INFO TaskSetManager: Finished task 0.0 in stage 5.0 (TID 3) in 1836 ms on 172.30.0.7 (executor 0) (1/1)
[2025-10-29T08:55:15.813+0000] {subprocess.py:106} INFO - 25/10/29 08:55:15 INFO TaskSchedulerImpl: Removed TaskSet 5.0, whose tasks have all completed, from pool
[2025-10-29T08:55:15.822+0000] {subprocess.py:106} INFO - 25/10/29 08:55:15 INFO DAGScheduler: ResultStage 5 (createOrReplace at <unknown>:0) finished in 1.870 s
[2025-10-29T08:55:15.823+0000] {subprocess.py:106} INFO - 25/10/29 08:55:15 INFO DAGScheduler: Job 3 is finished. Cancelling potential speculative or zombie tasks for this job
[2025-10-29T08:55:15.824+0000] {subprocess.py:106} INFO - 25/10/29 08:55:15 INFO TaskSchedulerImpl: Killing all running tasks in stage 5: Stage finished
[2025-10-29T08:55:15.825+0000] {subprocess.py:106} INFO - 25/10/29 08:55:15 INFO DAGScheduler: Job 3 finished: createOrReplace at <unknown>:0, took 1.908813 s
[2025-10-29T08:55:15.825+0000] {subprocess.py:106} INFO - 25/10/29 08:55:15 INFO AppendDataExec: Data source write support IcebergBatchWrite(table=silver.it_jobs_clean, format=PARQUET) is committing.
[2025-10-29T08:55:15.847+0000] {subprocess.py:106} INFO - 25/10/29 08:55:15 INFO SparkWrite: Committing append with 1 new data files to table silver.it_jobs_clean
[2025-10-29T08:55:16.141+0000] {subprocess.py:106} INFO - 25/10/29 08:55:16 INFO SnapshotProducer: Committed snapshot 1082422864756506082 (MergeAppend)
[2025-10-29T08:55:16.178+0000] {subprocess.py:106} INFO - 25/10/29 08:55:16 INFO LoggingMetricsReporter: Received metrics report: CommitReport{tableName=silver.it_jobs_clean, snapshotId=1082422864756506082, sequenceNumber=2, operation=append, commitMetrics=CommitMetricsResult{totalDuration=TimerResult{timeUnit=NANOSECONDS, totalDuration=PT0.320620078S, count=1}, attempts=CounterResult{unit=COUNT, value=1}, addedDataFiles=CounterResult{unit=COUNT, value=1}, removedDataFiles=null, totalDataFiles=CounterResult{unit=COUNT, value=1}, addedDeleteFiles=null, addedEqualityDeleteFiles=null, addedPositionalDeleteFiles=null, removedDeleteFiles=null, removedEqualityDeleteFiles=null, removedPositionalDeleteFiles=null, totalDeleteFiles=CounterResult{unit=COUNT, value=0}, addedRecords=CounterResult{unit=COUNT, value=2097}, removedRecords=null, totalRecords=CounterResult{unit=COUNT, value=2097}, addedFilesSizeInBytes=CounterResult{unit=BYTES, value=83675}, removedFilesSizeInBytes=null, totalFilesSizeInBytes=CounterResult{unit=BYTES, value=83675}, addedPositionalDeletes=null, removedPositionalDeletes=null, totalPositionalDeletes=CounterResult{unit=COUNT, value=0}, addedEqualityDeletes=null, removedEqualityDeletes=null, totalEqualityDeletes=CounterResult{unit=COUNT, value=0}}, metadata={engine-version=3.5.3, app-id=app-20251029085457-0001, engine-name=spark, iceberg-version=Apache Iceberg 1.6.1 (commit 8e9d59d299be42b0bca9461457cd1e95dbaad086)}}
[2025-10-29T08:55:16.178+0000] {subprocess.py:106} INFO - 25/10/29 08:55:16 INFO SparkWrite: Committed in 329 ms
[2025-10-29T08:55:16.179+0000] {subprocess.py:106} INFO - 25/10/29 08:55:16 INFO AppendDataExec: Data source write support IcebergBatchWrite(table=silver.it_jobs_clean, format=PARQUET) committed.
[2025-10-29T08:55:18.940+0000] {subprocess.py:106} INFO - 25/10/29 08:55:18 INFO HiveTableOperations: Committed to table hive_catalog.silver.it_jobs_clean with the new metadata location hdfs://dinhhoa-master:9000/user/ndh/warehouse/silver.db/it_jobs_clean/metadata/00001-20f54988-b748-43ce-b9df-f7a0f0be26ea.metadata.json
[2025-10-29T08:55:18.942+0000] {subprocess.py:106} INFO - 25/10/29 08:55:18 INFO BaseMetastoreTableOperations: Successfully committed to table hive_catalog.silver.it_jobs_clean in 2739 ms
[2025-10-29T08:55:18.944+0000] {subprocess.py:106} INFO -  Cleaned data successfully written to Silver!
[2025-10-29T08:55:19.000+0000] {subprocess.py:106} INFO - 25/10/29 08:55:18 INFO V2ScanRelationPushDown:
[2025-10-29T08:55:19.001+0000] {subprocess.py:106} INFO - Pushing operators to hive_catalog.bronze.it_jobs_raw
[2025-10-29T08:55:19.002+0000] {subprocess.py:106} INFO - Pushed Filters: date_posted IS NOT NULL, job_link IS NOT NULL, NOT (job_link = '')
[2025-10-29T08:55:19.003+0000] {subprocess.py:106} INFO - Post-Scan Filters: isnotnull(date_posted#4),isnotnull(upper(trim(company_name#1, None))),NOT (upper(trim(company_name#1, None)) = ),isnotnull(job_link#5),NOT (job_link#5 = ),isnotnull(initcap(trim(job_title#0, None))),NOT (initcap(trim(job_title#0, None)) = ),isnotnull(cast(date_posted#4 as date)),(size(split(trim(location#2, None),  - , -1), true) > 0),isnotnull(split(trim(location#2, None),  - , -1))
[2025-10-29T08:55:19.003+0000] {subprocess.py:106} INFO - 
[2025-10-29T08:55:19.004+0000] {subprocess.py:106} INFO - 25/10/29 08:55:19 INFO V2ScanRelationPushDown:
[2025-10-29T08:55:19.005+0000] {subprocess.py:106} INFO - Output: job_title#0, company_name#1, location#2, date_posted#4, job_link#5
[2025-10-29T08:55:19.006+0000] {subprocess.py:106} INFO - 
[2025-10-29T08:55:19.006+0000] {subprocess.py:106} INFO - 25/10/29 08:55:19 INFO SnapshotScan: Scanning table hive_catalog.bronze.it_jobs_raw snapshot 8198059378177547907 created at 2025-10-28T21:12:54.697+00:00 with filter ((date_posted IS NOT NULL AND job_link IS NOT NULL) AND NOT (job_link = (hash-00000000)))
[2025-10-29T08:55:19.007+0000] {subprocess.py:106} INFO - 25/10/29 08:55:19 INFO BaseDistributedDataScan: Planning file tasks locally for table hive_catalog.bronze.it_jobs_raw
[2025-10-29T08:55:19.037+0000] {subprocess.py:106} INFO - 25/10/29 08:55:19 INFO SparkPartitioningAwareScan: Reporting UnknownPartitioning with 1 partition(s) for table hive_catalog.bronze.it_jobs_raw
[2025-10-29T08:55:19.050+0000] {subprocess.py:106} INFO - 25/10/29 08:55:19 INFO MemoryStore: Block broadcast_7 stored as values in memory (estimated size 32.0 KiB, free 434.1 MiB)
[2025-10-29T08:55:19.061+0000] {subprocess.py:106} INFO - 25/10/29 08:55:19 INFO MemoryStore: Block broadcast_7_piece0 stored as bytes in memory (estimated size 29.8 KiB, free 434.1 MiB)
[2025-10-29T08:55:19.066+0000] {subprocess.py:106} INFO - 25/10/29 08:55:19 INFO BlockManagerInfo: Removed broadcast_6_piece0 on 68d0d8c522fe:46331 in memory (size: 26.5 KiB, free: 434.3 MiB)
[2025-10-29T08:55:19.067+0000] {subprocess.py:106} INFO - 25/10/29 08:55:19 INFO BlockManagerInfo: Added broadcast_7_piece0 in memory on 68d0d8c522fe:46331 (size: 29.8 KiB, free: 434.3 MiB)
[2025-10-29T08:55:19.068+0000] {subprocess.py:106} INFO - 25/10/29 08:55:19 INFO SparkContext: Created broadcast 7 from broadcast at SparkBatch.java:79
[2025-10-29T08:55:19.069+0000] {subprocess.py:106} INFO - 25/10/29 08:55:19 INFO BlockManagerInfo: Removed broadcast_6_piece0 on 172.30.0.7:44499 in memory (size: 26.5 KiB, free: 434.3 MiB)
[2025-10-29T08:55:19.080+0000] {subprocess.py:106} INFO - 25/10/29 08:55:19 INFO BlockManagerInfo: Removed broadcast_5_piece0 on 68d0d8c522fe:46331 in memory (size: 29.6 KiB, free: 434.3 MiB)
[2025-10-29T08:55:19.082+0000] {subprocess.py:106} INFO - 25/10/29 08:55:19 INFO BlockManagerInfo: Removed broadcast_5_piece0 on 172.30.0.7:44499 in memory (size: 29.6 KiB, free: 434.4 MiB)
[2025-10-29T08:55:19.086+0000] {subprocess.py:106} INFO - 25/10/29 08:55:19 INFO MemoryStore: Block broadcast_8 stored as values in memory (estimated size 32.0 KiB, free 434.2 MiB)
[2025-10-29T08:55:19.090+0000] {subprocess.py:106} INFO - 25/10/29 08:55:19 INFO MemoryStore: Block broadcast_8_piece0 stored as bytes in memory (estimated size 29.8 KiB, free 434.2 MiB)
[2025-10-29T08:55:19.093+0000] {subprocess.py:106} INFO - 25/10/29 08:55:19 INFO BlockManagerInfo: Added broadcast_8_piece0 in memory on 68d0d8c522fe:46331 (size: 29.8 KiB, free: 434.3 MiB)
[2025-10-29T08:55:19.095+0000] {subprocess.py:106} INFO - 25/10/29 08:55:19 INFO SparkContext: Created broadcast 8 from broadcast at SparkBatch.java:79
[2025-10-29T08:55:19.315+0000] {subprocess.py:106} INFO - 25/10/29 08:55:19 INFO CodeGenerator: Code generated in 114.189343 ms
[2025-10-29T08:55:19.339+0000] {subprocess.py:106} INFO - 25/10/29 08:55:19 INFO DAGScheduler: Registering RDD 19 (count at <unknown>:0) as input to shuffle 2
[2025-10-29T08:55:19.340+0000] {subprocess.py:106} INFO - 25/10/29 08:55:19 INFO DAGScheduler: Got map stage job 4 (count at <unknown>:0) with 1 output partitions
[2025-10-29T08:55:19.341+0000] {subprocess.py:106} INFO - 25/10/29 08:55:19 INFO DAGScheduler: Final stage: ShuffleMapStage 6 (count at <unknown>:0)
[2025-10-29T08:55:19.342+0000] {subprocess.py:106} INFO - 25/10/29 08:55:19 INFO DAGScheduler: Parents of final stage: List()
[2025-10-29T08:55:19.343+0000] {subprocess.py:106} INFO - 25/10/29 08:55:19 INFO DAGScheduler: Missing parents: List()
[2025-10-29T08:55:19.344+0000] {subprocess.py:106} INFO - 25/10/29 08:55:19 INFO DAGScheduler: Submitting ShuffleMapStage 6 (MapPartitionsRDD[19] at count at <unknown>:0), which has no missing parents
[2025-10-29T08:55:19.348+0000] {subprocess.py:106} INFO - 25/10/29 08:55:19 INFO MemoryStore: Block broadcast_9 stored as values in memory (estimated size 56.9 KiB, free 434.1 MiB)
[2025-10-29T08:55:19.367+0000] {subprocess.py:106} INFO - 25/10/29 08:55:19 INFO MemoryStore: Block broadcast_9_piece0 stored as bytes in memory (estimated size 22.6 KiB, free 434.1 MiB)
[2025-10-29T08:55:19.368+0000] {subprocess.py:106} INFO - 25/10/29 08:55:19 INFO BlockManagerInfo: Added broadcast_9_piece0 in memory on 68d0d8c522fe:46331 (size: 22.6 KiB, free: 434.3 MiB)
[2025-10-29T08:55:19.369+0000] {subprocess.py:106} INFO - 25/10/29 08:55:19 INFO SparkContext: Created broadcast 9 from broadcast at DAGScheduler.scala:1585
[2025-10-29T08:55:19.370+0000] {subprocess.py:106} INFO - 25/10/29 08:55:19 INFO DAGScheduler: Submitting 1 missing tasks from ShuffleMapStage 6 (MapPartitionsRDD[19] at count at <unknown>:0) (first 15 tasks are for partitions Vector(0))
[2025-10-29T08:55:19.371+0000] {subprocess.py:106} INFO - 25/10/29 08:55:19 INFO TaskSchedulerImpl: Adding task set 6.0 with 1 tasks resource profile 0
[2025-10-29T08:55:19.373+0000] {subprocess.py:106} INFO - 25/10/29 08:55:19 INFO TaskSetManager: Starting task 0.0 in stage 6.0 (TID 4) (172.30.0.7, executor 0, partition 0, ANY, 14923 bytes)
[2025-10-29T08:55:19.402+0000] {subprocess.py:106} INFO - 25/10/29 08:55:19 INFO BlockManagerInfo: Added broadcast_9_piece0 in memory on 172.30.0.7:44499 (size: 22.6 KiB, free: 434.3 MiB)
[2025-10-29T08:55:19.614+0000] {subprocess.py:106} INFO - 25/10/29 08:55:19 INFO BlockManagerInfo: Added broadcast_8_piece0 in memory on 172.30.0.7:44499 (size: 29.8 KiB, free: 434.3 MiB)
[2025-10-29T08:55:19.861+0000] {subprocess.py:106} INFO - 25/10/29 08:55:19 INFO TaskSetManager: Finished task 0.0 in stage 6.0 (TID 4) in 489 ms on 172.30.0.7 (executor 0) (1/1)
[2025-10-29T08:55:19.862+0000] {subprocess.py:106} INFO - 25/10/29 08:55:19 INFO TaskSchedulerImpl: Removed TaskSet 6.0, whose tasks have all completed, from pool
[2025-10-29T08:55:19.864+0000] {subprocess.py:106} INFO - 25/10/29 08:55:19 INFO DAGScheduler: ShuffleMapStage 6 (count at <unknown>:0) finished in 0.518 s
[2025-10-29T08:55:19.865+0000] {subprocess.py:106} INFO - 25/10/29 08:55:19 INFO DAGScheduler: looking for newly runnable stages
[2025-10-29T08:55:19.866+0000] {subprocess.py:106} INFO - 25/10/29 08:55:19 INFO DAGScheduler: running: Set()
[2025-10-29T08:55:19.866+0000] {subprocess.py:106} INFO - 25/10/29 08:55:19 INFO DAGScheduler: waiting: Set()
[2025-10-29T08:55:19.867+0000] {subprocess.py:106} INFO - 25/10/29 08:55:19 INFO DAGScheduler: failed: Set()
[2025-10-29T08:55:19.876+0000] {subprocess.py:106} INFO - 25/10/29 08:55:19 INFO ShufflePartitionsUtil: For shuffle(2), advisory target size: 67108864, actual target size 1048576, minimum partition size: 1048576
[2025-10-29T08:55:19.935+0000] {subprocess.py:106} INFO - 25/10/29 08:55:19 INFO CodeGenerator: Code generated in 40.787148 ms
[2025-10-29T08:55:19.963+0000] {subprocess.py:106} INFO - 25/10/29 08:55:19 INFO DAGScheduler: Registering RDD 22 (count at <unknown>:0) as input to shuffle 3
[2025-10-29T08:55:19.963+0000] {subprocess.py:106} INFO - 25/10/29 08:55:19 INFO DAGScheduler: Got map stage job 5 (count at <unknown>:0) with 1 output partitions
[2025-10-29T08:55:19.970+0000] {subprocess.py:106} INFO - 25/10/29 08:55:19 INFO DAGScheduler: Final stage: ShuffleMapStage 8 (count at <unknown>:0)
[2025-10-29T08:55:19.971+0000] {subprocess.py:106} INFO - 25/10/29 08:55:19 INFO DAGScheduler: Parents of final stage: List(ShuffleMapStage 7)
[2025-10-29T08:55:19.972+0000] {subprocess.py:106} INFO - 25/10/29 08:55:19 INFO DAGScheduler: Missing parents: List()
[2025-10-29T08:55:19.972+0000] {subprocess.py:106} INFO - 25/10/29 08:55:19 INFO DAGScheduler: Submitting ShuffleMapStage 8 (MapPartitionsRDD[22] at count at <unknown>:0), which has no missing parents
[2025-10-29T08:55:19.982+0000] {subprocess.py:106} INFO - 25/10/29 08:55:19 INFO MemoryStore: Block broadcast_10 stored as values in memory (estimated size 54.2 KiB, free 434.0 MiB)
[2025-10-29T08:55:20.005+0000] {subprocess.py:106} INFO - 25/10/29 08:55:19 INFO MemoryStore: Block broadcast_10_piece0 stored as bytes in memory (estimated size 23.5 KiB, free 434.0 MiB)
[2025-10-29T08:55:20.010+0000] {subprocess.py:106} INFO - 25/10/29 08:55:20 INFO BlockManagerInfo: Added broadcast_10_piece0 in memory on 68d0d8c522fe:46331 (size: 23.5 KiB, free: 434.2 MiB)
[2025-10-29T08:55:20.011+0000] {subprocess.py:106} INFO - 25/10/29 08:55:20 INFO BlockManagerInfo: Removed broadcast_9_piece0 on 68d0d8c522fe:46331 in memory (size: 22.6 KiB, free: 434.3 MiB)
[2025-10-29T08:55:20.012+0000] {subprocess.py:106} INFO - 25/10/29 08:55:20 INFO SparkContext: Created broadcast 10 from broadcast at DAGScheduler.scala:1585
[2025-10-29T08:55:20.013+0000] {subprocess.py:106} INFO - 25/10/29 08:55:20 INFO DAGScheduler: Submitting 1 missing tasks from ShuffleMapStage 8 (MapPartitionsRDD[22] at count at <unknown>:0) (first 15 tasks are for partitions Vector(0))
[2025-10-29T08:55:20.014+0000] {subprocess.py:106} INFO - 25/10/29 08:55:20 INFO TaskSchedulerImpl: Adding task set 8.0 with 1 tasks resource profile 0
[2025-10-29T08:55:20.014+0000] {subprocess.py:106} INFO - 25/10/29 08:55:20 INFO BlockManagerInfo: Removed broadcast_9_piece0 on 172.30.0.7:44499 in memory (size: 22.6 KiB, free: 434.3 MiB)
[2025-10-29T08:55:20.016+0000] {subprocess.py:106} INFO - 25/10/29 08:55:20 INFO TaskSetManager: Starting task 0.0 in stage 8.0 (TID 5) (172.30.0.7, executor 0, partition 0, NODE_LOCAL, 9320 bytes)
[2025-10-29T08:55:20.037+0000] {subprocess.py:106} INFO - 25/10/29 08:55:20 INFO BlockManagerInfo: Added broadcast_10_piece0 in memory on 172.30.0.7:44499 (size: 23.5 KiB, free: 434.3 MiB)
[2025-10-29T08:55:20.074+0000] {subprocess.py:106} INFO - 25/10/29 08:55:20 INFO BlockManagerInfo: Removed broadcast_2_piece0 on 68d0d8c522fe:46331 in memory (size: 29.8 KiB, free: 434.3 MiB)
[2025-10-29T08:55:20.076+0000] {subprocess.py:106} INFO - 25/10/29 08:55:20 INFO MapOutputTrackerMasterEndpoint: Asked to send map output locations for shuffle 2 to 172.30.0.7:56584
[2025-10-29T08:55:20.146+0000] {subprocess.py:106} INFO - 25/10/29 08:55:20 INFO TaskSetManager: Finished task 0.0 in stage 8.0 (TID 5) in 133 ms on 172.30.0.7 (executor 0) (1/1)
[2025-10-29T08:55:20.152+0000] {subprocess.py:106} INFO - 25/10/29 08:55:20 INFO DAGScheduler: ShuffleMapStage 8 (count at <unknown>:0) finished in 0.171 s
[2025-10-29T08:55:20.152+0000] {subprocess.py:106} INFO - 25/10/29 08:55:20 INFO DAGScheduler: looking for newly runnable stages
[2025-10-29T08:55:20.153+0000] {subprocess.py:106} INFO - 25/10/29 08:55:20 INFO DAGScheduler: running: Set()
[2025-10-29T08:55:20.154+0000] {subprocess.py:106} INFO - 25/10/29 08:55:20 INFO DAGScheduler: waiting: Set()
[2025-10-29T08:55:20.155+0000] {subprocess.py:106} INFO - 25/10/29 08:55:20 INFO DAGScheduler: failed: Set()
[2025-10-29T08:55:20.156+0000] {subprocess.py:106} INFO - 25/10/29 08:55:20 INFO TaskSchedulerImpl: Removed TaskSet 8.0, whose tasks have all completed, from pool
[2025-10-29T08:55:20.177+0000] {subprocess.py:106} INFO - 25/10/29 08:55:20 INFO CodeGenerator: Code generated in 11.289587 ms
[2025-10-29T08:55:20.196+0000] {subprocess.py:106} INFO - 25/10/29 08:55:20 INFO SparkContext: Starting job: count at <unknown>:0
[2025-10-29T08:55:20.198+0000] {subprocess.py:106} INFO - 25/10/29 08:55:20 INFO DAGScheduler: Got job 6 (count at <unknown>:0) with 1 output partitions
[2025-10-29T08:55:20.201+0000] {subprocess.py:106} INFO - 25/10/29 08:55:20 INFO DAGScheduler: Final stage: ResultStage 11 (count at <unknown>:0)
[2025-10-29T08:55:20.201+0000] {subprocess.py:106} INFO - 25/10/29 08:55:20 INFO DAGScheduler: Parents of final stage: List(ShuffleMapStage 10)
[2025-10-29T08:55:20.202+0000] {subprocess.py:106} INFO - 25/10/29 08:55:20 INFO DAGScheduler: Missing parents: List()
[2025-10-29T08:55:20.203+0000] {subprocess.py:106} INFO - 25/10/29 08:55:20 INFO DAGScheduler: Submitting ResultStage 11 (MapPartitionsRDD[25] at count at <unknown>:0), which has no missing parents
[2025-10-29T08:55:20.203+0000] {subprocess.py:106} INFO - 25/10/29 08:55:20 INFO MemoryStore: Block broadcast_11 stored as values in memory (estimated size 12.5 KiB, free 434.1 MiB)
[2025-10-29T08:55:20.218+0000] {subprocess.py:106} INFO - 25/10/29 08:55:20 INFO MemoryStore: Block broadcast_11_piece0 stored as bytes in memory (estimated size 5.9 KiB, free 434.1 MiB)
[2025-10-29T08:55:20.223+0000] {subprocess.py:106} INFO - 25/10/29 08:55:20 INFO BlockManagerInfo: Added broadcast_11_piece0 in memory on 68d0d8c522fe:46331 (size: 5.9 KiB, free: 434.3 MiB)
[2025-10-29T08:55:20.224+0000] {subprocess.py:106} INFO - 25/10/29 08:55:20 INFO SparkContext: Created broadcast 11 from broadcast at DAGScheduler.scala:1585
[2025-10-29T08:55:20.225+0000] {subprocess.py:106} INFO - 25/10/29 08:55:20 INFO DAGScheduler: Submitting 1 missing tasks from ResultStage 11 (MapPartitionsRDD[25] at count at <unknown>:0) (first 15 tasks are for partitions Vector(0))
[2025-10-29T08:55:20.225+0000] {subprocess.py:106} INFO - 25/10/29 08:55:20 INFO TaskSchedulerImpl: Adding task set 11.0 with 1 tasks resource profile 0
[2025-10-29T08:55:20.226+0000] {subprocess.py:106} INFO - 25/10/29 08:55:20 INFO BlockManagerInfo: Removed broadcast_10_piece0 on 68d0d8c522fe:46331 in memory (size: 23.5 KiB, free: 434.3 MiB)
[2025-10-29T08:55:20.226+0000] {subprocess.py:106} INFO - 25/10/29 08:55:20 INFO BlockManagerInfo: Removed broadcast_10_piece0 on 172.30.0.7:44499 in memory (size: 23.5 KiB, free: 434.3 MiB)
[2025-10-29T08:55:20.229+0000] {subprocess.py:106} INFO - 25/10/29 08:55:20 INFO TaskSetManager: Starting task 0.0 in stage 11.0 (TID 6) (172.30.0.7, executor 0, partition 0, NODE_LOCAL, 9331 bytes)
[2025-10-29T08:55:20.255+0000] {subprocess.py:106} INFO - 25/10/29 08:55:20 INFO BlockManagerInfo: Added broadcast_11_piece0 in memory on 172.30.0.7:44499 (size: 5.9 KiB, free: 434.3 MiB)
[2025-10-29T08:55:20.260+0000] {subprocess.py:106} INFO - 25/10/29 08:55:20 INFO MapOutputTrackerMasterEndpoint: Asked to send map output locations for shuffle 3 to 172.30.0.7:56584
[2025-10-29T08:55:20.282+0000] {subprocess.py:106} INFO - 25/10/29 08:55:20 INFO BlockManagerInfo: Removed broadcast_3_piece0 on 68d0d8c522fe:46331 in memory (size: 29.8 KiB, free: 434.3 MiB)
[2025-10-29T08:55:20.295+0000] {subprocess.py:106} INFO - 25/10/29 08:55:20 INFO BlockManagerInfo: Removed broadcast_3_piece0 on 172.30.0.7:44499 in memory (size: 29.8 KiB, free: 434.4 MiB)
[2025-10-29T08:55:20.327+0000] {subprocess.py:106} INFO - 25/10/29 08:55:20 INFO TaskSetManager: Finished task 0.0 in stage 11.0 (TID 6) in 92 ms on 172.30.0.7 (executor 0) (1/1)
[2025-10-29T08:55:20.328+0000] {subprocess.py:106} INFO - 25/10/29 08:55:20 INFO TaskSchedulerImpl: Removed TaskSet 11.0, whose tasks have all completed, from pool
[2025-10-29T08:55:20.330+0000] {subprocess.py:106} INFO - 25/10/29 08:55:20 INFO DAGScheduler: ResultStage 11 (count at <unknown>:0) finished in 0.121 s
[2025-10-29T08:55:20.331+0000] {subprocess.py:106} INFO - 25/10/29 08:55:20 INFO DAGScheduler: Job 6 is finished. Cancelling potential speculative or zombie tasks for this job
[2025-10-29T08:55:20.331+0000] {subprocess.py:106} INFO - 25/10/29 08:55:20 INFO TaskSchedulerImpl: Killing all running tasks in stage 11: Stage finished
[2025-10-29T08:55:20.332+0000] {subprocess.py:106} INFO - 25/10/29 08:55:20 INFO DAGScheduler: Job 6 finished: count at <unknown>:0, took 0.129245 s
[2025-10-29T08:55:20.341+0000] {subprocess.py:106} INFO -  Record count after cleaning: 2097
[2025-10-29T08:55:20.342+0000] {subprocess.py:106} INFO - 25/10/29 08:55:20 INFO SparkContext: SparkContext is stopping with exitCode 0.
[2025-10-29T08:55:20.369+0000] {subprocess.py:106} INFO - 25/10/29 08:55:20 INFO SparkUI: Stopped Spark web UI at http://68d0d8c522fe:4040
[2025-10-29T08:55:20.377+0000] {subprocess.py:106} INFO - 25/10/29 08:55:20 INFO StandaloneSchedulerBackend: Shutting down all executors
[2025-10-29T08:55:20.383+0000] {subprocess.py:106} INFO - 25/10/29 08:55:20 INFO StandaloneSchedulerBackend$StandaloneDriverEndpoint: Asking each executor to shut down
[2025-10-29T08:55:20.407+0000] {subprocess.py:106} INFO - 25/10/29 08:55:20 INFO MapOutputTrackerMasterEndpoint: MapOutputTrackerMasterEndpoint stopped!
[2025-10-29T08:55:20.430+0000] {subprocess.py:106} INFO - 25/10/29 08:55:20 INFO MemoryStore: MemoryStore cleared
[2025-10-29T08:55:20.431+0000] {subprocess.py:106} INFO - 25/10/29 08:55:20 INFO BlockManager: BlockManager stopped
[2025-10-29T08:55:20.435+0000] {subprocess.py:106} INFO - 25/10/29 08:55:20 INFO BlockManagerMaster: BlockManagerMaster stopped
[2025-10-29T08:55:20.440+0000] {subprocess.py:106} INFO - 25/10/29 08:55:20 INFO OutputCommitCoordinator$OutputCommitCoordinatorEndpoint: OutputCommitCoordinator stopped!
[2025-10-29T08:55:20.465+0000] {subprocess.py:106} INFO - 25/10/29 08:55:20 INFO SparkContext: Successfully stopped SparkContext
[2025-10-29T08:55:20.619+0000] {subprocess.py:106} INFO - 25/10/29 08:55:20 INFO ShutdownHookManager: Shutdown hook called
[2025-10-29T08:55:20.620+0000] {subprocess.py:106} INFO - 25/10/29 08:55:20 INFO ShutdownHookManager: Deleting directory /tmp/spark-bb0d5f16-f316-4232-b0f0-c12630e505da
[2025-10-29T08:55:20.623+0000] {subprocess.py:106} INFO - 25/10/29 08:55:20 INFO ShutdownHookManager: Deleting directory /tmp/spark-5c8f3305-c84c-4d99-b3ac-dc517f509672
[2025-10-29T08:55:20.627+0000] {subprocess.py:106} INFO - 25/10/29 08:55:20 INFO ShutdownHookManager: Deleting directory /tmp/spark-bb0d5f16-f316-4232-b0f0-c12630e505da/pyspark-e72e963d-9602-477e-8137-80727733bd2c
[2025-10-29T08:55:20.707+0000] {subprocess.py:110} INFO - Command exited with return code 0
[2025-10-29T08:55:20.766+0000] {taskinstance.py:341} INFO - ::group::Post task execution logs
[2025-10-29T08:55:20.766+0000] {taskinstance.py:353} INFO - Marking task as SUCCESS. dag_id=crawl_etl_itjob, task_id=clean_silver, run_id=scheduled__2025-10-28T02:00:00+00:00, execution_date=20251028T020000, start_date=20251029T085452, end_date=20251029T085520
[2025-10-29T08:55:20.841+0000] {local_task_job_runner.py:266} INFO - Task exited with return code 0
[2025-10-29T08:55:20.874+0000] {taskinstance.py:3901} INFO - 1 downstream tasks scheduled from follow-on schedule check
[2025-10-29T08:55:20.877+0000] {local_task_job_runner.py:245} INFO - ::endgroup::
