[2025-11-05T13:50:53.426+0000] {processor.py:186} INFO - Started process (PID=37) to work on /opt/airflow/dags/ETL_Without_Crawl.py
[2025-11-05T13:50:53.428+0000] {processor.py:914} INFO - Processing file /opt/airflow/dags/ETL_Without_Crawl.py for tasks to queue
[2025-11-05T13:50:53.430+0000] {logging_mixin.py:190} INFO - [2025-11-05T13:50:53.429+0000] {dagbag.py:588} INFO - Filling up the DagBag from /opt/airflow/dags/ETL_Without_Crawl.py
[2025-11-05T13:50:53.487+0000] {processor.py:925} INFO - DAG(s) 'etl_without_crawl' retrieved from /opt/airflow/dags/ETL_Without_Crawl.py
[2025-11-05T13:50:53.689+0000] {logging_mixin.py:190} INFO - [2025-11-05T13:50:53.688+0000] {dag.py:3239} INFO - Sync 1 DAGs
[2025-11-05T13:50:54.058+0000] {logging_mixin.py:190} INFO - [2025-11-05T13:50:54.058+0000] {dag.py:4180} INFO - Setting next_dagrun for etl_without_crawl to None, run_after=None
[2025-11-05T13:50:54.157+0000] {processor.py:208} INFO - Processing /opt/airflow/dags/ETL_Without_Crawl.py took 0.747 seconds
[2025-11-05T13:51:24.622+0000] {processor.py:186} INFO - Started process (PID=41) to work on /opt/airflow/dags/ETL_Without_Crawl.py
[2025-11-05T13:51:24.623+0000] {processor.py:914} INFO - Processing file /opt/airflow/dags/ETL_Without_Crawl.py for tasks to queue
[2025-11-05T13:51:24.629+0000] {logging_mixin.py:190} INFO - [2025-11-05T13:51:24.628+0000] {dagbag.py:588} INFO - Filling up the DagBag from /opt/airflow/dags/ETL_Without_Crawl.py
[2025-11-05T13:51:24.687+0000] {processor.py:925} INFO - DAG(s) 'etl_without_crawl' retrieved from /opt/airflow/dags/ETL_Without_Crawl.py
[2025-11-05T13:51:24.831+0000] {logging_mixin.py:190} INFO - [2025-11-05T13:51:24.830+0000] {dag.py:3239} INFO - Sync 1 DAGs
[2025-11-05T13:51:24.921+0000] {logging_mixin.py:190} INFO - [2025-11-05T13:51:24.921+0000] {dag.py:4180} INFO - Setting next_dagrun for etl_without_crawl to None, run_after=None
[2025-11-05T13:51:25.032+0000] {processor.py:208} INFO - Processing /opt/airflow/dags/ETL_Without_Crawl.py took 0.431 seconds
[2025-11-05T13:51:55.528+0000] {processor.py:186} INFO - Started process (PID=45) to work on /opt/airflow/dags/ETL_Without_Crawl.py
[2025-11-05T13:51:55.529+0000] {processor.py:914} INFO - Processing file /opt/airflow/dags/ETL_Without_Crawl.py for tasks to queue
[2025-11-05T13:51:55.532+0000] {logging_mixin.py:190} INFO - [2025-11-05T13:51:55.531+0000] {dagbag.py:588} INFO - Filling up the DagBag from /opt/airflow/dags/ETL_Without_Crawl.py
[2025-11-05T13:51:55.561+0000] {processor.py:925} INFO - DAG(s) 'etl_without_crawl' retrieved from /opt/airflow/dags/ETL_Without_Crawl.py
[2025-11-05T13:51:55.640+0000] {logging_mixin.py:190} INFO - [2025-11-05T13:51:55.640+0000] {dag.py:3239} INFO - Sync 1 DAGs
[2025-11-05T13:51:55.681+0000] {logging_mixin.py:190} INFO - [2025-11-05T13:51:55.681+0000] {dag.py:4180} INFO - Setting next_dagrun for etl_without_crawl to None, run_after=None
[2025-11-05T13:51:55.735+0000] {processor.py:208} INFO - Processing /opt/airflow/dags/ETL_Without_Crawl.py took 0.219 seconds
[2025-11-05T13:52:26.062+0000] {processor.py:186} INFO - Started process (PID=49) to work on /opt/airflow/dags/ETL_Without_Crawl.py
[2025-11-05T13:52:26.063+0000] {processor.py:914} INFO - Processing file /opt/airflow/dags/ETL_Without_Crawl.py for tasks to queue
[2025-11-05T13:52:26.065+0000] {logging_mixin.py:190} INFO - [2025-11-05T13:52:26.065+0000] {dagbag.py:588} INFO - Filling up the DagBag from /opt/airflow/dags/ETL_Without_Crawl.py
[2025-11-05T13:52:26.092+0000] {processor.py:925} INFO - DAG(s) 'etl_without_crawl' retrieved from /opt/airflow/dags/ETL_Without_Crawl.py
[2025-11-05T13:52:26.147+0000] {logging_mixin.py:190} INFO - [2025-11-05T13:52:26.146+0000] {dag.py:3239} INFO - Sync 1 DAGs
[2025-11-05T13:52:26.178+0000] {logging_mixin.py:190} INFO - [2025-11-05T13:52:26.178+0000] {dag.py:4180} INFO - Setting next_dagrun for etl_without_crawl to None, run_after=None
[2025-11-05T13:52:26.226+0000] {processor.py:208} INFO - Processing /opt/airflow/dags/ETL_Without_Crawl.py took 0.175 seconds
[2025-11-05T13:52:56.573+0000] {processor.py:186} INFO - Started process (PID=53) to work on /opt/airflow/dags/ETL_Without_Crawl.py
[2025-11-05T13:52:56.574+0000] {processor.py:914} INFO - Processing file /opt/airflow/dags/ETL_Without_Crawl.py for tasks to queue
[2025-11-05T13:52:56.576+0000] {logging_mixin.py:190} INFO - [2025-11-05T13:52:56.576+0000] {dagbag.py:588} INFO - Filling up the DagBag from /opt/airflow/dags/ETL_Without_Crawl.py
[2025-11-05T13:52:56.596+0000] {processor.py:925} INFO - DAG(s) 'etl_without_crawl' retrieved from /opt/airflow/dags/ETL_Without_Crawl.py
[2025-11-05T13:52:56.651+0000] {logging_mixin.py:190} INFO - [2025-11-05T13:52:56.651+0000] {dag.py:3239} INFO - Sync 1 DAGs
[2025-11-05T13:52:56.676+0000] {logging_mixin.py:190} INFO - [2025-11-05T13:52:56.675+0000] {dag.py:4180} INFO - Setting next_dagrun for etl_without_crawl to None, run_after=None
[2025-11-05T13:52:56.714+0000] {processor.py:208} INFO - Processing /opt/airflow/dags/ETL_Without_Crawl.py took 0.147 seconds
[2025-11-05T13:53:27.072+0000] {processor.py:186} INFO - Started process (PID=57) to work on /opt/airflow/dags/ETL_Without_Crawl.py
[2025-11-05T13:53:27.073+0000] {processor.py:914} INFO - Processing file /opt/airflow/dags/ETL_Without_Crawl.py for tasks to queue
[2025-11-05T13:53:27.076+0000] {logging_mixin.py:190} INFO - [2025-11-05T13:53:27.076+0000] {dagbag.py:588} INFO - Filling up the DagBag from /opt/airflow/dags/ETL_Without_Crawl.py
[2025-11-05T13:53:27.114+0000] {processor.py:925} INFO - DAG(s) 'etl_without_crawl' retrieved from /opt/airflow/dags/ETL_Without_Crawl.py
[2025-11-05T13:53:27.215+0000] {logging_mixin.py:190} INFO - [2025-11-05T13:53:27.214+0000] {dag.py:3239} INFO - Sync 1 DAGs
[2025-11-05T13:53:27.279+0000] {logging_mixin.py:190} INFO - [2025-11-05T13:53:27.278+0000] {dag.py:4180} INFO - Setting next_dagrun for etl_without_crawl to None, run_after=None
[2025-11-05T13:53:27.328+0000] {processor.py:208} INFO - Processing /opt/airflow/dags/ETL_Without_Crawl.py took 0.270 seconds
[2025-11-05T13:53:57.784+0000] {processor.py:186} INFO - Started process (PID=61) to work on /opt/airflow/dags/ETL_Without_Crawl.py
[2025-11-05T13:53:57.785+0000] {processor.py:914} INFO - Processing file /opt/airflow/dags/ETL_Without_Crawl.py for tasks to queue
[2025-11-05T13:53:57.788+0000] {logging_mixin.py:190} INFO - [2025-11-05T13:53:57.787+0000] {dagbag.py:588} INFO - Filling up the DagBag from /opt/airflow/dags/ETL_Without_Crawl.py
[2025-11-05T13:53:57.842+0000] {processor.py:925} INFO - DAG(s) 'etl_without_crawl' retrieved from /opt/airflow/dags/ETL_Without_Crawl.py
[2025-11-05T13:53:57.943+0000] {logging_mixin.py:190} INFO - [2025-11-05T13:53:57.943+0000] {dag.py:3239} INFO - Sync 1 DAGs
[2025-11-05T13:53:57.971+0000] {logging_mixin.py:190} INFO - [2025-11-05T13:53:57.971+0000] {dag.py:4180} INFO - Setting next_dagrun for etl_without_crawl to None, run_after=None
[2025-11-05T13:53:58.011+0000] {processor.py:208} INFO - Processing /opt/airflow/dags/ETL_Without_Crawl.py took 0.239 seconds
[2025-11-05T13:54:28.263+0000] {processor.py:186} INFO - Started process (PID=65) to work on /opt/airflow/dags/ETL_Without_Crawl.py
[2025-11-05T13:54:28.264+0000] {processor.py:914} INFO - Processing file /opt/airflow/dags/ETL_Without_Crawl.py for tasks to queue
[2025-11-05T13:54:28.266+0000] {logging_mixin.py:190} INFO - [2025-11-05T13:54:28.266+0000] {dagbag.py:588} INFO - Filling up the DagBag from /opt/airflow/dags/ETL_Without_Crawl.py
[2025-11-05T13:54:28.300+0000] {processor.py:925} INFO - DAG(s) 'etl_without_crawl' retrieved from /opt/airflow/dags/ETL_Without_Crawl.py
[2025-11-05T13:54:28.373+0000] {logging_mixin.py:190} INFO - [2025-11-05T13:54:28.373+0000] {dag.py:3239} INFO - Sync 1 DAGs
[2025-11-05T13:54:28.402+0000] {logging_mixin.py:190} INFO - [2025-11-05T13:54:28.401+0000] {dag.py:4180} INFO - Setting next_dagrun for etl_without_crawl to None, run_after=None
[2025-11-05T13:54:28.448+0000] {processor.py:208} INFO - Processing /opt/airflow/dags/ETL_Without_Crawl.py took 0.195 seconds
[2025-11-05T13:55:05.262+0000] {processor.py:186} INFO - Started process (PID=69) to work on /opt/airflow/dags/ETL_Without_Crawl.py
[2025-11-05T13:55:05.265+0000] {processor.py:914} INFO - Processing file /opt/airflow/dags/ETL_Without_Crawl.py for tasks to queue
[2025-11-05T13:55:05.267+0000] {logging_mixin.py:190} INFO - [2025-11-05T13:55:05.267+0000] {dagbag.py:588} INFO - Filling up the DagBag from /opt/airflow/dags/ETL_Without_Crawl.py
[2025-11-05T13:55:05.294+0000] {processor.py:925} INFO - DAG(s) 'etl_without_crawl' retrieved from /opt/airflow/dags/ETL_Without_Crawl.py
[2025-11-05T13:55:05.359+0000] {logging_mixin.py:190} INFO - [2025-11-05T13:55:05.359+0000] {dag.py:3239} INFO - Sync 1 DAGs
[2025-11-05T13:55:05.405+0000] {logging_mixin.py:190} INFO - [2025-11-05T13:55:05.405+0000] {dag.py:4180} INFO - Setting next_dagrun for etl_without_crawl to None, run_after=None
[2025-11-05T13:55:05.458+0000] {processor.py:208} INFO - Processing /opt/airflow/dags/ETL_Without_Crawl.py took 0.209 seconds
[2025-11-05T13:55:36.474+0000] {processor.py:186} INFO - Started process (PID=73) to work on /opt/airflow/dags/ETL_Without_Crawl.py
[2025-11-05T13:55:36.475+0000] {processor.py:914} INFO - Processing file /opt/airflow/dags/ETL_Without_Crawl.py for tasks to queue
[2025-11-05T13:55:36.477+0000] {logging_mixin.py:190} INFO - [2025-11-05T13:55:36.476+0000] {dagbag.py:588} INFO - Filling up the DagBag from /opt/airflow/dags/ETL_Without_Crawl.py
[2025-11-05T13:55:36.503+0000] {processor.py:925} INFO - DAG(s) 'etl_without_crawl' retrieved from /opt/airflow/dags/ETL_Without_Crawl.py
[2025-11-05T13:55:36.565+0000] {logging_mixin.py:190} INFO - [2025-11-05T13:55:36.565+0000] {dag.py:3239} INFO - Sync 1 DAGs
[2025-11-05T13:55:36.593+0000] {logging_mixin.py:190} INFO - [2025-11-05T13:55:36.593+0000] {dag.py:4180} INFO - Setting next_dagrun for etl_without_crawl to None, run_after=None
[2025-11-05T13:55:36.629+0000] {processor.py:208} INFO - Processing /opt/airflow/dags/ETL_Without_Crawl.py took 0.161 seconds
[2025-11-05T13:56:06.849+0000] {processor.py:186} INFO - Started process (PID=77) to work on /opt/airflow/dags/ETL_Without_Crawl.py
[2025-11-05T13:56:06.855+0000] {processor.py:914} INFO - Processing file /opt/airflow/dags/ETL_Without_Crawl.py for tasks to queue
[2025-11-05T13:56:06.859+0000] {logging_mixin.py:190} INFO - [2025-11-05T13:56:06.858+0000] {dagbag.py:588} INFO - Filling up the DagBag from /opt/airflow/dags/ETL_Without_Crawl.py
[2025-11-05T13:56:06.904+0000] {processor.py:925} INFO - DAG(s) 'etl_without_crawl' retrieved from /opt/airflow/dags/ETL_Without_Crawl.py
[2025-11-05T13:56:06.982+0000] {logging_mixin.py:190} INFO - [2025-11-05T13:56:06.982+0000] {dag.py:3239} INFO - Sync 1 DAGs
[2025-11-05T13:56:07.018+0000] {logging_mixin.py:190} INFO - [2025-11-05T13:56:07.018+0000] {dag.py:4180} INFO - Setting next_dagrun for etl_without_crawl to None, run_after=None
[2025-11-05T13:56:07.078+0000] {processor.py:208} INFO - Processing /opt/airflow/dags/ETL_Without_Crawl.py took 0.250 seconds
[2025-11-05T13:56:37.514+0000] {processor.py:186} INFO - Started process (PID=81) to work on /opt/airflow/dags/ETL_Without_Crawl.py
[2025-11-05T13:56:37.516+0000] {processor.py:914} INFO - Processing file /opt/airflow/dags/ETL_Without_Crawl.py for tasks to queue
[2025-11-05T13:56:37.519+0000] {logging_mixin.py:190} INFO - [2025-11-05T13:56:37.518+0000] {dagbag.py:588} INFO - Filling up the DagBag from /opt/airflow/dags/ETL_Without_Crawl.py
[2025-11-05T13:56:37.551+0000] {processor.py:925} INFO - DAG(s) 'etl_without_crawl' retrieved from /opt/airflow/dags/ETL_Without_Crawl.py
[2025-11-05T13:56:37.626+0000] {logging_mixin.py:190} INFO - [2025-11-05T13:56:37.625+0000] {dag.py:3239} INFO - Sync 1 DAGs
[2025-11-05T13:56:37.662+0000] {logging_mixin.py:190} INFO - [2025-11-05T13:56:37.662+0000] {dag.py:4180} INFO - Setting next_dagrun for etl_without_crawl to None, run_after=None
[2025-11-05T13:56:37.718+0000] {processor.py:208} INFO - Processing /opt/airflow/dags/ETL_Without_Crawl.py took 0.219 seconds
[2025-11-05T13:57:08.240+0000] {processor.py:186} INFO - Started process (PID=85) to work on /opt/airflow/dags/ETL_Without_Crawl.py
[2025-11-05T13:57:08.241+0000] {processor.py:914} INFO - Processing file /opt/airflow/dags/ETL_Without_Crawl.py for tasks to queue
[2025-11-05T13:57:08.242+0000] {logging_mixin.py:190} INFO - [2025-11-05T13:57:08.242+0000] {dagbag.py:588} INFO - Filling up the DagBag from /opt/airflow/dags/ETL_Without_Crawl.py
[2025-11-05T13:57:08.264+0000] {processor.py:925} INFO - DAG(s) 'etl_without_crawl' retrieved from /opt/airflow/dags/ETL_Without_Crawl.py
[2025-11-05T13:57:08.323+0000] {logging_mixin.py:190} INFO - [2025-11-05T13:57:08.323+0000] {dag.py:3239} INFO - Sync 1 DAGs
[2025-11-05T13:57:08.354+0000] {logging_mixin.py:190} INFO - [2025-11-05T13:57:08.354+0000] {dag.py:4180} INFO - Setting next_dagrun for etl_without_crawl to None, run_after=None
[2025-11-05T13:57:08.404+0000] {processor.py:208} INFO - Processing /opt/airflow/dags/ETL_Without_Crawl.py took 0.170 seconds
[2025-11-05T13:57:39.110+0000] {processor.py:186} INFO - Started process (PID=89) to work on /opt/airflow/dags/ETL_Without_Crawl.py
[2025-11-05T13:57:39.112+0000] {processor.py:914} INFO - Processing file /opt/airflow/dags/ETL_Without_Crawl.py for tasks to queue
[2025-11-05T13:57:39.115+0000] {logging_mixin.py:190} INFO - [2025-11-05T13:57:39.115+0000] {dagbag.py:588} INFO - Filling up the DagBag from /opt/airflow/dags/ETL_Without_Crawl.py
[2025-11-05T13:57:39.160+0000] {processor.py:925} INFO - DAG(s) 'etl_without_crawl' retrieved from /opt/airflow/dags/ETL_Without_Crawl.py
[2025-11-05T13:57:39.237+0000] {logging_mixin.py:190} INFO - [2025-11-05T13:57:39.236+0000] {dag.py:3239} INFO - Sync 1 DAGs
[2025-11-05T13:57:39.266+0000] {logging_mixin.py:190} INFO - [2025-11-05T13:57:39.266+0000] {dag.py:4180} INFO - Setting next_dagrun for etl_without_crawl to None, run_after=None
[2025-11-05T13:57:39.313+0000] {processor.py:208} INFO - Processing /opt/airflow/dags/ETL_Without_Crawl.py took 0.220 seconds
[2025-11-05T13:58:09.447+0000] {processor.py:186} INFO - Started process (PID=93) to work on /opt/airflow/dags/ETL_Without_Crawl.py
[2025-11-05T13:58:09.448+0000] {processor.py:914} INFO - Processing file /opt/airflow/dags/ETL_Without_Crawl.py for tasks to queue
[2025-11-05T13:58:09.452+0000] {logging_mixin.py:190} INFO - [2025-11-05T13:58:09.451+0000] {dagbag.py:588} INFO - Filling up the DagBag from /opt/airflow/dags/ETL_Without_Crawl.py
[2025-11-05T13:58:09.485+0000] {processor.py:925} INFO - DAG(s) 'etl_without_crawl' retrieved from /opt/airflow/dags/ETL_Without_Crawl.py
[2025-11-05T13:58:09.548+0000] {logging_mixin.py:190} INFO - [2025-11-05T13:58:09.547+0000] {dag.py:3239} INFO - Sync 1 DAGs
[2025-11-05T13:58:09.585+0000] {logging_mixin.py:190} INFO - [2025-11-05T13:58:09.584+0000] {dag.py:4180} INFO - Setting next_dagrun for etl_without_crawl to None, run_after=None
[2025-11-05T13:58:09.622+0000] {processor.py:208} INFO - Processing /opt/airflow/dags/ETL_Without_Crawl.py took 0.186 seconds
[2025-11-05T13:58:39.835+0000] {processor.py:186} INFO - Started process (PID=97) to work on /opt/airflow/dags/ETL_Without_Crawl.py
[2025-11-05T13:58:39.837+0000] {processor.py:914} INFO - Processing file /opt/airflow/dags/ETL_Without_Crawl.py for tasks to queue
[2025-11-05T13:58:39.839+0000] {logging_mixin.py:190} INFO - [2025-11-05T13:58:39.838+0000] {dagbag.py:588} INFO - Filling up the DagBag from /opt/airflow/dags/ETL_Without_Crawl.py
[2025-11-05T13:58:39.867+0000] {processor.py:925} INFO - DAG(s) 'etl_without_crawl' retrieved from /opt/airflow/dags/ETL_Without_Crawl.py
[2025-11-05T13:58:39.937+0000] {logging_mixin.py:190} INFO - [2025-11-05T13:58:39.937+0000] {dag.py:3239} INFO - Sync 1 DAGs
[2025-11-05T13:58:39.974+0000] {logging_mixin.py:190} INFO - [2025-11-05T13:58:39.973+0000] {dag.py:4180} INFO - Setting next_dagrun for etl_without_crawl to None, run_after=None
[2025-11-05T13:58:40.027+0000] {processor.py:208} INFO - Processing /opt/airflow/dags/ETL_Without_Crawl.py took 0.207 seconds
[2025-11-05T13:59:10.196+0000] {processor.py:186} INFO - Started process (PID=101) to work on /opt/airflow/dags/ETL_Without_Crawl.py
[2025-11-05T13:59:10.199+0000] {processor.py:914} INFO - Processing file /opt/airflow/dags/ETL_Without_Crawl.py for tasks to queue
[2025-11-05T13:59:10.202+0000] {logging_mixin.py:190} INFO - [2025-11-05T13:59:10.202+0000] {dagbag.py:588} INFO - Filling up the DagBag from /opt/airflow/dags/ETL_Without_Crawl.py
[2025-11-05T13:59:10.230+0000] {processor.py:925} INFO - DAG(s) 'etl_without_crawl' retrieved from /opt/airflow/dags/ETL_Without_Crawl.py
[2025-11-05T13:59:10.297+0000] {logging_mixin.py:190} INFO - [2025-11-05T13:59:10.296+0000] {dag.py:3239} INFO - Sync 1 DAGs
[2025-11-05T13:59:10.343+0000] {logging_mixin.py:190} INFO - [2025-11-05T13:59:10.342+0000] {dag.py:4180} INFO - Setting next_dagrun for etl_without_crawl to None, run_after=None
[2025-11-05T13:59:10.413+0000] {processor.py:208} INFO - Processing /opt/airflow/dags/ETL_Without_Crawl.py took 0.226 seconds
[2025-11-05T13:59:40.716+0000] {processor.py:186} INFO - Started process (PID=105) to work on /opt/airflow/dags/ETL_Without_Crawl.py
[2025-11-05T13:59:40.717+0000] {processor.py:914} INFO - Processing file /opt/airflow/dags/ETL_Without_Crawl.py for tasks to queue
[2025-11-05T13:59:40.719+0000] {logging_mixin.py:190} INFO - [2025-11-05T13:59:40.719+0000] {dagbag.py:588} INFO - Filling up the DagBag from /opt/airflow/dags/ETL_Without_Crawl.py
[2025-11-05T13:59:40.759+0000] {processor.py:925} INFO - DAG(s) 'etl_without_crawl' retrieved from /opt/airflow/dags/ETL_Without_Crawl.py
[2025-11-05T13:59:40.855+0000] {logging_mixin.py:190} INFO - [2025-11-05T13:59:40.855+0000] {dag.py:3239} INFO - Sync 1 DAGs
[2025-11-05T13:59:40.885+0000] {logging_mixin.py:190} INFO - [2025-11-05T13:59:40.885+0000] {dag.py:4180} INFO - Setting next_dagrun for etl_without_crawl to None, run_after=None
[2025-11-05T13:59:40.933+0000] {processor.py:208} INFO - Processing /opt/airflow/dags/ETL_Without_Crawl.py took 0.231 seconds
[2025-11-05T14:00:11.308+0000] {processor.py:186} INFO - Started process (PID=109) to work on /opt/airflow/dags/ETL_Without_Crawl.py
[2025-11-05T14:00:11.309+0000] {processor.py:914} INFO - Processing file /opt/airflow/dags/ETL_Without_Crawl.py for tasks to queue
[2025-11-05T14:00:11.311+0000] {logging_mixin.py:190} INFO - [2025-11-05T14:00:11.311+0000] {dagbag.py:588} INFO - Filling up the DagBag from /opt/airflow/dags/ETL_Without_Crawl.py
[2025-11-05T14:00:11.339+0000] {processor.py:925} INFO - DAG(s) 'etl_without_crawl' retrieved from /opt/airflow/dags/ETL_Without_Crawl.py
[2025-11-05T14:00:11.390+0000] {logging_mixin.py:190} INFO - [2025-11-05T14:00:11.390+0000] {dag.py:3239} INFO - Sync 1 DAGs
[2025-11-05T14:00:11.417+0000] {logging_mixin.py:190} INFO - [2025-11-05T14:00:11.417+0000] {dag.py:4180} INFO - Setting next_dagrun for etl_without_crawl to None, run_after=None
[2025-11-05T14:00:11.458+0000] {processor.py:208} INFO - Processing /opt/airflow/dags/ETL_Without_Crawl.py took 0.160 seconds
[2025-11-05T14:00:42.788+0000] {processor.py:186} INFO - Started process (PID=113) to work on /opt/airflow/dags/ETL_Without_Crawl.py
[2025-11-05T14:00:42.789+0000] {processor.py:914} INFO - Processing file /opt/airflow/dags/ETL_Without_Crawl.py for tasks to queue
[2025-11-05T14:00:42.791+0000] {logging_mixin.py:190} INFO - [2025-11-05T14:00:42.790+0000] {dagbag.py:588} INFO - Filling up the DagBag from /opt/airflow/dags/ETL_Without_Crawl.py
[2025-11-05T14:00:42.815+0000] {processor.py:925} INFO - DAG(s) 'etl_without_crawl' retrieved from /opt/airflow/dags/ETL_Without_Crawl.py
[2025-11-05T14:00:42.878+0000] {logging_mixin.py:190} INFO - [2025-11-05T14:00:42.877+0000] {dag.py:3239} INFO - Sync 1 DAGs
[2025-11-05T14:00:42.903+0000] {logging_mixin.py:190} INFO - [2025-11-05T14:00:42.903+0000] {dag.py:4180} INFO - Setting next_dagrun for etl_without_crawl to None, run_after=None
[2025-11-05T14:00:42.953+0000] {processor.py:208} INFO - Processing /opt/airflow/dags/ETL_Without_Crawl.py took 0.178 seconds
[2025-11-05T14:01:15.394+0000] {processor.py:186} INFO - Started process (PID=117) to work on /opt/airflow/dags/ETL_Without_Crawl.py
[2025-11-05T14:01:15.395+0000] {processor.py:914} INFO - Processing file /opt/airflow/dags/ETL_Without_Crawl.py for tasks to queue
[2025-11-05T14:01:15.397+0000] {logging_mixin.py:190} INFO - [2025-11-05T14:01:15.397+0000] {dagbag.py:588} INFO - Filling up the DagBag from /opt/airflow/dags/ETL_Without_Crawl.py
[2025-11-05T14:01:15.433+0000] {processor.py:925} INFO - DAG(s) 'etl_without_crawl' retrieved from /opt/airflow/dags/ETL_Without_Crawl.py
[2025-11-05T14:01:15.494+0000] {logging_mixin.py:190} INFO - [2025-11-05T14:01:15.493+0000] {dag.py:3239} INFO - Sync 1 DAGs
[2025-11-05T14:01:15.522+0000] {logging_mixin.py:190} INFO - [2025-11-05T14:01:15.522+0000] {dag.py:4180} INFO - Setting next_dagrun for etl_without_crawl to None, run_after=None
[2025-11-05T14:01:15.574+0000] {processor.py:208} INFO - Processing /opt/airflow/dags/ETL_Without_Crawl.py took 0.190 seconds
[2025-11-05T14:01:47.928+0000] {processor.py:186} INFO - Started process (PID=121) to work on /opt/airflow/dags/ETL_Without_Crawl.py
[2025-11-05T14:01:47.930+0000] {processor.py:914} INFO - Processing file /opt/airflow/dags/ETL_Without_Crawl.py for tasks to queue
[2025-11-05T14:01:47.932+0000] {logging_mixin.py:190} INFO - [2025-11-05T14:01:47.931+0000] {dagbag.py:588} INFO - Filling up the DagBag from /opt/airflow/dags/ETL_Without_Crawl.py
[2025-11-05T14:01:47.969+0000] {processor.py:925} INFO - DAG(s) 'etl_without_crawl' retrieved from /opt/airflow/dags/ETL_Without_Crawl.py
[2025-11-05T14:01:48.029+0000] {logging_mixin.py:190} INFO - [2025-11-05T14:01:48.028+0000] {dag.py:3239} INFO - Sync 1 DAGs
[2025-11-05T14:01:48.059+0000] {logging_mixin.py:190} INFO - [2025-11-05T14:01:48.059+0000] {dag.py:4180} INFO - Setting next_dagrun for etl_without_crawl to None, run_after=None
[2025-11-05T14:01:48.105+0000] {processor.py:208} INFO - Processing /opt/airflow/dags/ETL_Without_Crawl.py took 0.186 seconds
[2025-11-05T14:02:20.642+0000] {processor.py:186} INFO - Started process (PID=125) to work on /opt/airflow/dags/ETL_Without_Crawl.py
[2025-11-05T14:02:20.643+0000] {processor.py:914} INFO - Processing file /opt/airflow/dags/ETL_Without_Crawl.py for tasks to queue
[2025-11-05T14:02:20.646+0000] {logging_mixin.py:190} INFO - [2025-11-05T14:02:20.645+0000] {dagbag.py:588} INFO - Filling up the DagBag from /opt/airflow/dags/ETL_Without_Crawl.py
[2025-11-05T14:02:20.694+0000] {processor.py:925} INFO - DAG(s) 'etl_without_crawl' retrieved from /opt/airflow/dags/ETL_Without_Crawl.py
[2025-11-05T14:02:20.798+0000] {logging_mixin.py:190} INFO - [2025-11-05T14:02:20.798+0000] {dag.py:3239} INFO - Sync 1 DAGs
[2025-11-05T14:02:20.857+0000] {logging_mixin.py:190} INFO - [2025-11-05T14:02:20.856+0000] {dag.py:4180} INFO - Setting next_dagrun for etl_without_crawl to None, run_after=None
[2025-11-05T14:02:20.902+0000] {processor.py:208} INFO - Processing /opt/airflow/dags/ETL_Without_Crawl.py took 0.283 seconds
[2025-11-05T14:02:53.516+0000] {processor.py:186} INFO - Started process (PID=129) to work on /opt/airflow/dags/ETL_Without_Crawl.py
[2025-11-05T14:02:53.517+0000] {processor.py:914} INFO - Processing file /opt/airflow/dags/ETL_Without_Crawl.py for tasks to queue
[2025-11-05T14:02:53.526+0000] {logging_mixin.py:190} INFO - [2025-11-05T14:02:53.526+0000] {dagbag.py:588} INFO - Filling up the DagBag from /opt/airflow/dags/ETL_Without_Crawl.py
[2025-11-05T14:02:53.628+0000] {processor.py:925} INFO - DAG(s) 'etl_without_crawl' retrieved from /opt/airflow/dags/ETL_Without_Crawl.py
[2025-11-05T14:02:53.770+0000] {logging_mixin.py:190} INFO - [2025-11-05T14:02:53.770+0000] {dag.py:3239} INFO - Sync 1 DAGs
[2025-11-05T14:02:53.822+0000] {logging_mixin.py:190} INFO - [2025-11-05T14:02:53.822+0000] {dag.py:4180} INFO - Setting next_dagrun for etl_without_crawl to None, run_after=None
[2025-11-05T14:02:53.919+0000] {processor.py:208} INFO - Processing /opt/airflow/dags/ETL_Without_Crawl.py took 0.423 seconds
[2025-11-05T14:03:26.495+0000] {processor.py:186} INFO - Started process (PID=133) to work on /opt/airflow/dags/ETL_Without_Crawl.py
[2025-11-05T14:03:26.497+0000] {processor.py:914} INFO - Processing file /opt/airflow/dags/ETL_Without_Crawl.py for tasks to queue
[2025-11-05T14:03:26.500+0000] {logging_mixin.py:190} INFO - [2025-11-05T14:03:26.499+0000] {dagbag.py:588} INFO - Filling up the DagBag from /opt/airflow/dags/ETL_Without_Crawl.py
[2025-11-05T14:03:26.540+0000] {processor.py:925} INFO - DAG(s) 'etl_without_crawl' retrieved from /opt/airflow/dags/ETL_Without_Crawl.py
[2025-11-05T14:03:26.617+0000] {logging_mixin.py:190} INFO - [2025-11-05T14:03:26.617+0000] {dag.py:3239} INFO - Sync 1 DAGs
[2025-11-05T14:03:26.653+0000] {logging_mixin.py:190} INFO - [2025-11-05T14:03:26.653+0000] {dag.py:4180} INFO - Setting next_dagrun for etl_without_crawl to None, run_after=None
[2025-11-05T14:03:26.728+0000] {processor.py:208} INFO - Processing /opt/airflow/dags/ETL_Without_Crawl.py took 0.241 seconds
[2025-11-05T14:03:59.167+0000] {processor.py:186} INFO - Started process (PID=137) to work on /opt/airflow/dags/ETL_Without_Crawl.py
[2025-11-05T14:03:59.167+0000] {processor.py:914} INFO - Processing file /opt/airflow/dags/ETL_Without_Crawl.py for tasks to queue
[2025-11-05T14:03:59.173+0000] {logging_mixin.py:190} INFO - [2025-11-05T14:03:59.171+0000] {dagbag.py:588} INFO - Filling up the DagBag from /opt/airflow/dags/ETL_Without_Crawl.py
[2025-11-05T14:03:59.213+0000] {processor.py:925} INFO - DAG(s) 'etl_without_crawl' retrieved from /opt/airflow/dags/ETL_Without_Crawl.py
[2025-11-05T14:03:59.323+0000] {logging_mixin.py:190} INFO - [2025-11-05T14:03:59.323+0000] {dag.py:3239} INFO - Sync 1 DAGs
[2025-11-05T14:03:59.360+0000] {logging_mixin.py:190} INFO - [2025-11-05T14:03:59.360+0000] {dag.py:4180} INFO - Setting next_dagrun for etl_without_crawl to None, run_after=None
[2025-11-05T14:03:59.401+0000] {processor.py:208} INFO - Processing /opt/airflow/dags/ETL_Without_Crawl.py took 0.246 seconds
[2025-11-05T14:04:31.662+0000] {processor.py:186} INFO - Started process (PID=141) to work on /opt/airflow/dags/ETL_Without_Crawl.py
[2025-11-05T14:04:31.664+0000] {processor.py:914} INFO - Processing file /opt/airflow/dags/ETL_Without_Crawl.py for tasks to queue
[2025-11-05T14:04:31.666+0000] {logging_mixin.py:190} INFO - [2025-11-05T14:04:31.666+0000] {dagbag.py:588} INFO - Filling up the DagBag from /opt/airflow/dags/ETL_Without_Crawl.py
[2025-11-05T14:04:31.693+0000] {processor.py:925} INFO - DAG(s) 'etl_without_crawl' retrieved from /opt/airflow/dags/ETL_Without_Crawl.py
[2025-11-05T14:04:31.741+0000] {logging_mixin.py:190} INFO - [2025-11-05T14:04:31.741+0000] {dag.py:3239} INFO - Sync 1 DAGs
[2025-11-05T14:04:31.763+0000] {logging_mixin.py:190} INFO - [2025-11-05T14:04:31.763+0000] {dag.py:4180} INFO - Setting next_dagrun for etl_without_crawl to None, run_after=None
[2025-11-05T14:04:31.801+0000] {processor.py:208} INFO - Processing /opt/airflow/dags/ETL_Without_Crawl.py took 0.146 seconds
[2025-11-05T14:05:05.130+0000] {processor.py:186} INFO - Started process (PID=145) to work on /opt/airflow/dags/ETL_Without_Crawl.py
[2025-11-05T14:05:05.132+0000] {processor.py:914} INFO - Processing file /opt/airflow/dags/ETL_Without_Crawl.py for tasks to queue
[2025-11-05T14:05:05.135+0000] {logging_mixin.py:190} INFO - [2025-11-05T14:05:05.134+0000] {dagbag.py:588} INFO - Filling up the DagBag from /opt/airflow/dags/ETL_Without_Crawl.py
[2025-11-05T14:05:05.166+0000] {processor.py:925} INFO - DAG(s) 'etl_without_crawl' retrieved from /opt/airflow/dags/ETL_Without_Crawl.py
[2025-11-05T14:05:05.255+0000] {logging_mixin.py:190} INFO - [2025-11-05T14:05:05.254+0000] {dag.py:3239} INFO - Sync 1 DAGs
[2025-11-05T14:05:05.288+0000] {logging_mixin.py:190} INFO - [2025-11-05T14:05:05.288+0000] {dag.py:4180} INFO - Setting next_dagrun for etl_without_crawl to None, run_after=None
[2025-11-05T14:05:05.333+0000] {processor.py:208} INFO - Processing /opt/airflow/dags/ETL_Without_Crawl.py took 0.214 seconds
[2025-11-05T14:05:37.646+0000] {processor.py:186} INFO - Started process (PID=149) to work on /opt/airflow/dags/ETL_Without_Crawl.py
[2025-11-05T14:05:37.647+0000] {processor.py:914} INFO - Processing file /opt/airflow/dags/ETL_Without_Crawl.py for tasks to queue
[2025-11-05T14:05:37.648+0000] {logging_mixin.py:190} INFO - [2025-11-05T14:05:37.647+0000] {dagbag.py:588} INFO - Filling up the DagBag from /opt/airflow/dags/ETL_Without_Crawl.py
[2025-11-05T14:05:37.667+0000] {processor.py:925} INFO - DAG(s) 'etl_without_crawl' retrieved from /opt/airflow/dags/ETL_Without_Crawl.py
[2025-11-05T14:05:37.714+0000] {logging_mixin.py:190} INFO - [2025-11-05T14:05:37.714+0000] {dag.py:3239} INFO - Sync 1 DAGs
[2025-11-05T14:05:37.739+0000] {logging_mixin.py:190} INFO - [2025-11-05T14:05:37.739+0000] {dag.py:4180} INFO - Setting next_dagrun for etl_without_crawl to None, run_after=None
[2025-11-05T14:05:37.778+0000] {processor.py:208} INFO - Processing /opt/airflow/dags/ETL_Without_Crawl.py took 0.142 seconds
[2025-11-05T14:06:10.030+0000] {processor.py:186} INFO - Started process (PID=153) to work on /opt/airflow/dags/ETL_Without_Crawl.py
[2025-11-05T14:06:10.031+0000] {processor.py:914} INFO - Processing file /opt/airflow/dags/ETL_Without_Crawl.py for tasks to queue
[2025-11-05T14:06:10.033+0000] {logging_mixin.py:190} INFO - [2025-11-05T14:06:10.032+0000] {dagbag.py:588} INFO - Filling up the DagBag from /opt/airflow/dags/ETL_Without_Crawl.py
[2025-11-05T14:06:10.051+0000] {processor.py:925} INFO - DAG(s) 'etl_without_crawl' retrieved from /opt/airflow/dags/ETL_Without_Crawl.py
[2025-11-05T14:06:10.100+0000] {logging_mixin.py:190} INFO - [2025-11-05T14:06:10.100+0000] {dag.py:3239} INFO - Sync 1 DAGs
[2025-11-05T14:06:10.130+0000] {logging_mixin.py:190} INFO - [2025-11-05T14:06:10.130+0000] {dag.py:4180} INFO - Setting next_dagrun for etl_without_crawl to None, run_after=None
[2025-11-05T14:06:10.167+0000] {processor.py:208} INFO - Processing /opt/airflow/dags/ETL_Without_Crawl.py took 0.144 seconds
[2025-11-05T14:06:42.519+0000] {processor.py:186} INFO - Started process (PID=157) to work on /opt/airflow/dags/ETL_Without_Crawl.py
[2025-11-05T14:06:42.520+0000] {processor.py:914} INFO - Processing file /opt/airflow/dags/ETL_Without_Crawl.py for tasks to queue
[2025-11-05T14:06:42.524+0000] {logging_mixin.py:190} INFO - [2025-11-05T14:06:42.524+0000] {dagbag.py:588} INFO - Filling up the DagBag from /opt/airflow/dags/ETL_Without_Crawl.py
[2025-11-05T14:06:42.549+0000] {processor.py:925} INFO - DAG(s) 'etl_without_crawl' retrieved from /opt/airflow/dags/ETL_Without_Crawl.py
[2025-11-05T14:06:42.600+0000] {logging_mixin.py:190} INFO - [2025-11-05T14:06:42.599+0000] {dag.py:3239} INFO - Sync 1 DAGs
[2025-11-05T14:06:42.623+0000] {logging_mixin.py:190} INFO - [2025-11-05T14:06:42.622+0000] {dag.py:4180} INFO - Setting next_dagrun for etl_without_crawl to None, run_after=None
[2025-11-05T14:06:42.662+0000] {processor.py:208} INFO - Processing /opt/airflow/dags/ETL_Without_Crawl.py took 0.150 seconds
[2025-11-05T14:07:16.062+0000] {processor.py:186} INFO - Started process (PID=161) to work on /opt/airflow/dags/ETL_Without_Crawl.py
[2025-11-05T14:07:16.063+0000] {processor.py:914} INFO - Processing file /opt/airflow/dags/ETL_Without_Crawl.py for tasks to queue
[2025-11-05T14:07:16.065+0000] {logging_mixin.py:190} INFO - [2025-11-05T14:07:16.065+0000] {dagbag.py:588} INFO - Filling up the DagBag from /opt/airflow/dags/ETL_Without_Crawl.py
[2025-11-05T14:07:16.093+0000] {processor.py:925} INFO - DAG(s) 'etl_without_crawl' retrieved from /opt/airflow/dags/ETL_Without_Crawl.py
[2025-11-05T14:07:16.178+0000] {logging_mixin.py:190} INFO - [2025-11-05T14:07:16.178+0000] {dag.py:3239} INFO - Sync 1 DAGs
[2025-11-05T14:07:16.214+0000] {logging_mixin.py:190} INFO - [2025-11-05T14:07:16.214+0000] {dag.py:4180} INFO - Setting next_dagrun for etl_without_crawl to None, run_after=None
[2025-11-05T14:07:16.260+0000] {processor.py:208} INFO - Processing /opt/airflow/dags/ETL_Without_Crawl.py took 0.208 seconds
[2025-11-05T14:07:48.714+0000] {processor.py:186} INFO - Started process (PID=165) to work on /opt/airflow/dags/ETL_Without_Crawl.py
[2025-11-05T14:07:48.715+0000] {processor.py:914} INFO - Processing file /opt/airflow/dags/ETL_Without_Crawl.py for tasks to queue
[2025-11-05T14:07:48.716+0000] {logging_mixin.py:190} INFO - [2025-11-05T14:07:48.716+0000] {dagbag.py:588} INFO - Filling up the DagBag from /opt/airflow/dags/ETL_Without_Crawl.py
[2025-11-05T14:07:48.747+0000] {processor.py:925} INFO - DAG(s) 'etl_without_crawl' retrieved from /opt/airflow/dags/ETL_Without_Crawl.py
[2025-11-05T14:07:48.802+0000] {logging_mixin.py:190} INFO - [2025-11-05T14:07:48.802+0000] {dag.py:3239} INFO - Sync 1 DAGs
[2025-11-05T14:07:48.830+0000] {logging_mixin.py:190} INFO - [2025-11-05T14:07:48.830+0000] {dag.py:4180} INFO - Setting next_dagrun for etl_without_crawl to None, run_after=None
[2025-11-05T14:07:48.869+0000] {processor.py:208} INFO - Processing /opt/airflow/dags/ETL_Without_Crawl.py took 0.167 seconds
[2025-11-05T14:08:21.131+0000] {processor.py:186} INFO - Started process (PID=169) to work on /opt/airflow/dags/ETL_Without_Crawl.py
[2025-11-05T14:08:21.132+0000] {processor.py:914} INFO - Processing file /opt/airflow/dags/ETL_Without_Crawl.py for tasks to queue
[2025-11-05T14:08:21.134+0000] {logging_mixin.py:190} INFO - [2025-11-05T14:08:21.134+0000] {dagbag.py:588} INFO - Filling up the DagBag from /opt/airflow/dags/ETL_Without_Crawl.py
[2025-11-05T14:08:21.152+0000] {processor.py:925} INFO - DAG(s) 'etl_without_crawl' retrieved from /opt/airflow/dags/ETL_Without_Crawl.py
[2025-11-05T14:08:21.205+0000] {logging_mixin.py:190} INFO - [2025-11-05T14:08:21.205+0000] {dag.py:3239} INFO - Sync 1 DAGs
[2025-11-05T14:08:21.230+0000] {logging_mixin.py:190} INFO - [2025-11-05T14:08:21.230+0000] {dag.py:4180} INFO - Setting next_dagrun for etl_without_crawl to None, run_after=None
[2025-11-05T14:08:21.269+0000] {processor.py:208} INFO - Processing /opt/airflow/dags/ETL_Without_Crawl.py took 0.145 seconds
[2025-11-05T14:08:53.752+0000] {processor.py:186} INFO - Started process (PID=173) to work on /opt/airflow/dags/ETL_Without_Crawl.py
[2025-11-05T14:08:53.753+0000] {processor.py:914} INFO - Processing file /opt/airflow/dags/ETL_Without_Crawl.py for tasks to queue
[2025-11-05T14:08:53.755+0000] {logging_mixin.py:190} INFO - [2025-11-05T14:08:53.755+0000] {dagbag.py:588} INFO - Filling up the DagBag from /opt/airflow/dags/ETL_Without_Crawl.py
[2025-11-05T14:08:53.805+0000] {processor.py:925} INFO - DAG(s) 'etl_without_crawl' retrieved from /opt/airflow/dags/ETL_Without_Crawl.py
[2025-11-05T14:08:53.892+0000] {logging_mixin.py:190} INFO - [2025-11-05T14:08:53.891+0000] {dag.py:3239} INFO - Sync 1 DAGs
[2025-11-05T14:08:53.932+0000] {logging_mixin.py:190} INFO - [2025-11-05T14:08:53.932+0000] {dag.py:4180} INFO - Setting next_dagrun for etl_without_crawl to None, run_after=None
[2025-11-05T14:08:54.015+0000] {processor.py:208} INFO - Processing /opt/airflow/dags/ETL_Without_Crawl.py took 0.277 seconds
[2025-11-05T14:09:26.342+0000] {processor.py:186} INFO - Started process (PID=177) to work on /opt/airflow/dags/ETL_Without_Crawl.py
[2025-11-05T14:09:26.343+0000] {processor.py:914} INFO - Processing file /opt/airflow/dags/ETL_Without_Crawl.py for tasks to queue
[2025-11-05T14:09:26.347+0000] {logging_mixin.py:190} INFO - [2025-11-05T14:09:26.347+0000] {dagbag.py:588} INFO - Filling up the DagBag from /opt/airflow/dags/ETL_Without_Crawl.py
[2025-11-05T14:09:26.375+0000] {processor.py:925} INFO - DAG(s) 'etl_without_crawl' retrieved from /opt/airflow/dags/ETL_Without_Crawl.py
[2025-11-05T14:09:26.469+0000] {logging_mixin.py:190} INFO - [2025-11-05T14:09:26.468+0000] {dag.py:3239} INFO - Sync 1 DAGs
[2025-11-05T14:09:26.509+0000] {logging_mixin.py:190} INFO - [2025-11-05T14:09:26.509+0000] {dag.py:4180} INFO - Setting next_dagrun for etl_without_crawl to None, run_after=None
[2025-11-05T14:09:26.571+0000] {processor.py:208} INFO - Processing /opt/airflow/dags/ETL_Without_Crawl.py took 0.240 seconds
[2025-11-05T14:09:59.006+0000] {processor.py:186} INFO - Started process (PID=181) to work on /opt/airflow/dags/ETL_Without_Crawl.py
[2025-11-05T14:09:59.007+0000] {processor.py:914} INFO - Processing file /opt/airflow/dags/ETL_Without_Crawl.py for tasks to queue
[2025-11-05T14:09:59.009+0000] {logging_mixin.py:190} INFO - [2025-11-05T14:09:59.009+0000] {dagbag.py:588} INFO - Filling up the DagBag from /opt/airflow/dags/ETL_Without_Crawl.py
[2025-11-05T14:09:59.029+0000] {processor.py:925} INFO - DAG(s) 'etl_without_crawl' retrieved from /opt/airflow/dags/ETL_Without_Crawl.py
[2025-11-05T14:09:59.081+0000] {logging_mixin.py:190} INFO - [2025-11-05T14:09:59.081+0000] {dag.py:3239} INFO - Sync 1 DAGs
[2025-11-05T14:09:59.115+0000] {logging_mixin.py:190} INFO - [2025-11-05T14:09:59.114+0000] {dag.py:4180} INFO - Setting next_dagrun for etl_without_crawl to None, run_after=None
[2025-11-05T14:09:59.200+0000] {processor.py:208} INFO - Processing /opt/airflow/dags/ETL_Without_Crawl.py took 0.202 seconds
[2025-11-05T14:10:31.915+0000] {processor.py:186} INFO - Started process (PID=185) to work on /opt/airflow/dags/ETL_Without_Crawl.py
[2025-11-05T14:10:31.917+0000] {processor.py:914} INFO - Processing file /opt/airflow/dags/ETL_Without_Crawl.py for tasks to queue
[2025-11-05T14:10:31.920+0000] {logging_mixin.py:190} INFO - [2025-11-05T14:10:31.919+0000] {dagbag.py:588} INFO - Filling up the DagBag from /opt/airflow/dags/ETL_Without_Crawl.py
[2025-11-05T14:10:31.945+0000] {processor.py:925} INFO - DAG(s) 'etl_without_crawl' retrieved from /opt/airflow/dags/ETL_Without_Crawl.py
[2025-11-05T14:10:32.013+0000] {logging_mixin.py:190} INFO - [2025-11-05T14:10:32.013+0000] {dag.py:3239} INFO - Sync 1 DAGs
[2025-11-05T14:10:32.038+0000] {logging_mixin.py:190} INFO - [2025-11-05T14:10:32.038+0000] {dag.py:4180} INFO - Setting next_dagrun for etl_without_crawl to None, run_after=None
[2025-11-05T14:10:32.088+0000] {processor.py:208} INFO - Processing /opt/airflow/dags/ETL_Without_Crawl.py took 0.181 seconds
[2025-11-05T14:11:04.375+0000] {processor.py:186} INFO - Started process (PID=189) to work on /opt/airflow/dags/ETL_Without_Crawl.py
[2025-11-05T14:11:04.376+0000] {processor.py:914} INFO - Processing file /opt/airflow/dags/ETL_Without_Crawl.py for tasks to queue
[2025-11-05T14:11:04.377+0000] {logging_mixin.py:190} INFO - [2025-11-05T14:11:04.377+0000] {dagbag.py:588} INFO - Filling up the DagBag from /opt/airflow/dags/ETL_Without_Crawl.py
[2025-11-05T14:11:04.395+0000] {processor.py:925} INFO - DAG(s) 'etl_without_crawl' retrieved from /opt/airflow/dags/ETL_Without_Crawl.py
[2025-11-05T14:11:04.454+0000] {logging_mixin.py:190} INFO - [2025-11-05T14:11:04.454+0000] {dag.py:3239} INFO - Sync 1 DAGs
[2025-11-05T14:11:04.479+0000] {logging_mixin.py:190} INFO - [2025-11-05T14:11:04.479+0000] {dag.py:4180} INFO - Setting next_dagrun for etl_without_crawl to None, run_after=None
[2025-11-05T14:11:04.518+0000] {processor.py:208} INFO - Processing /opt/airflow/dags/ETL_Without_Crawl.py took 0.151 seconds
[2025-11-05T14:11:36.915+0000] {processor.py:186} INFO - Started process (PID=193) to work on /opt/airflow/dags/ETL_Without_Crawl.py
[2025-11-05T14:11:36.916+0000] {processor.py:914} INFO - Processing file /opt/airflow/dags/ETL_Without_Crawl.py for tasks to queue
[2025-11-05T14:11:36.918+0000] {logging_mixin.py:190} INFO - [2025-11-05T14:11:36.918+0000] {dagbag.py:588} INFO - Filling up the DagBag from /opt/airflow/dags/ETL_Without_Crawl.py
[2025-11-05T14:11:36.940+0000] {processor.py:925} INFO - DAG(s) 'etl_without_crawl' retrieved from /opt/airflow/dags/ETL_Without_Crawl.py
[2025-11-05T14:11:36.996+0000] {logging_mixin.py:190} INFO - [2025-11-05T14:11:36.996+0000] {dag.py:3239} INFO - Sync 1 DAGs
[2025-11-05T14:11:37.028+0000] {logging_mixin.py:190} INFO - [2025-11-05T14:11:37.028+0000] {dag.py:4180} INFO - Setting next_dagrun for etl_without_crawl to None, run_after=None
[2025-11-05T14:11:37.072+0000] {processor.py:208} INFO - Processing /opt/airflow/dags/ETL_Without_Crawl.py took 0.167 seconds
[2025-11-05T14:12:10.428+0000] {processor.py:186} INFO - Started process (PID=197) to work on /opt/airflow/dags/ETL_Without_Crawl.py
[2025-11-05T14:12:10.429+0000] {processor.py:914} INFO - Processing file /opt/airflow/dags/ETL_Without_Crawl.py for tasks to queue
[2025-11-05T14:12:10.431+0000] {logging_mixin.py:190} INFO - [2025-11-05T14:12:10.431+0000] {dagbag.py:588} INFO - Filling up the DagBag from /opt/airflow/dags/ETL_Without_Crawl.py
[2025-11-05T14:12:10.456+0000] {processor.py:925} INFO - DAG(s) 'etl_without_crawl' retrieved from /opt/airflow/dags/ETL_Without_Crawl.py
[2025-11-05T14:12:10.513+0000] {logging_mixin.py:190} INFO - [2025-11-05T14:12:10.513+0000] {dag.py:3239} INFO - Sync 1 DAGs
[2025-11-05T14:12:10.560+0000] {logging_mixin.py:190} INFO - [2025-11-05T14:12:10.560+0000] {dag.py:4180} INFO - Setting next_dagrun for etl_without_crawl to None, run_after=None
[2025-11-05T14:12:10.658+0000] {processor.py:208} INFO - Processing /opt/airflow/dags/ETL_Without_Crawl.py took 0.239 seconds
[2025-11-05T14:12:42.462+0000] {processor.py:186} INFO - Started process (PID=201) to work on /opt/airflow/dags/ETL_Without_Crawl.py
[2025-11-05T14:12:42.463+0000] {processor.py:914} INFO - Processing file /opt/airflow/dags/ETL_Without_Crawl.py for tasks to queue
[2025-11-05T14:12:42.465+0000] {logging_mixin.py:190} INFO - [2025-11-05T14:12:42.464+0000] {dagbag.py:588} INFO - Filling up the DagBag from /opt/airflow/dags/ETL_Without_Crawl.py
[2025-11-05T14:12:42.513+0000] {processor.py:925} INFO - DAG(s) 'etl_without_crawl' retrieved from /opt/airflow/dags/ETL_Without_Crawl.py
[2025-11-05T14:12:42.587+0000] {logging_mixin.py:190} INFO - [2025-11-05T14:12:42.586+0000] {dag.py:3239} INFO - Sync 1 DAGs
[2025-11-05T14:12:42.678+0000] {logging_mixin.py:190} INFO - [2025-11-05T14:12:42.678+0000] {dag.py:4180} INFO - Setting next_dagrun for etl_without_crawl to None, run_after=None
[2025-11-05T14:12:42.752+0000] {processor.py:208} INFO - Processing /opt/airflow/dags/ETL_Without_Crawl.py took 0.303 seconds
[2025-11-05T14:13:16.080+0000] {processor.py:186} INFO - Started process (PID=205) to work on /opt/airflow/dags/ETL_Without_Crawl.py
[2025-11-05T14:13:16.082+0000] {processor.py:914} INFO - Processing file /opt/airflow/dags/ETL_Without_Crawl.py for tasks to queue
[2025-11-05T14:13:16.097+0000] {logging_mixin.py:190} INFO - [2025-11-05T14:13:16.097+0000] {dagbag.py:588} INFO - Filling up the DagBag from /opt/airflow/dags/ETL_Without_Crawl.py
[2025-11-05T14:13:16.255+0000] {processor.py:925} INFO - DAG(s) 'etl_without_crawl' retrieved from /opt/airflow/dags/ETL_Without_Crawl.py
[2025-11-05T14:13:17.056+0000] {logging_mixin.py:190} INFO - [2025-11-05T14:13:17.055+0000] {dag.py:3239} INFO - Sync 1 DAGs
[2025-11-05T14:13:18.036+0000] {logging_mixin.py:190} INFO - [2025-11-05T14:13:18.035+0000] {dag.py:4180} INFO - Setting next_dagrun for etl_without_crawl to None, run_after=None
[2025-11-05T14:13:18.588+0000] {processor.py:208} INFO - Processing /opt/airflow/dags/ETL_Without_Crawl.py took 2.572 seconds
[2025-11-05T14:13:49.658+0000] {processor.py:186} INFO - Started process (PID=209) to work on /opt/airflow/dags/ETL_Without_Crawl.py
[2025-11-05T14:13:49.662+0000] {processor.py:914} INFO - Processing file /opt/airflow/dags/ETL_Without_Crawl.py for tasks to queue
[2025-11-05T14:13:49.673+0000] {logging_mixin.py:190} INFO - [2025-11-05T14:13:49.672+0000] {dagbag.py:588} INFO - Filling up the DagBag from /opt/airflow/dags/ETL_Without_Crawl.py
[2025-11-05T14:13:49.775+0000] {processor.py:925} INFO - DAG(s) 'etl_without_crawl' retrieved from /opt/airflow/dags/ETL_Without_Crawl.py
[2025-11-05T14:13:49.910+0000] {logging_mixin.py:190} INFO - [2025-11-05T14:13:49.910+0000] {dag.py:3239} INFO - Sync 1 DAGs
[2025-11-05T14:13:49.960+0000] {logging_mixin.py:190} INFO - [2025-11-05T14:13:49.960+0000] {dag.py:4180} INFO - Setting next_dagrun for etl_without_crawl to None, run_after=None
[2025-11-05T14:13:50.046+0000] {processor.py:208} INFO - Processing /opt/airflow/dags/ETL_Without_Crawl.py took 0.413 seconds
[2025-11-05T14:14:21.040+0000] {processor.py:186} INFO - Started process (PID=213) to work on /opt/airflow/dags/ETL_Without_Crawl.py
[2025-11-05T14:14:21.042+0000] {processor.py:914} INFO - Processing file /opt/airflow/dags/ETL_Without_Crawl.py for tasks to queue
[2025-11-05T14:14:21.046+0000] {logging_mixin.py:190} INFO - [2025-11-05T14:14:21.045+0000] {dagbag.py:588} INFO - Filling up the DagBag from /opt/airflow/dags/ETL_Without_Crawl.py
[2025-11-05T14:14:21.104+0000] {processor.py:925} INFO - DAG(s) 'etl_without_crawl' retrieved from /opt/airflow/dags/ETL_Without_Crawl.py
[2025-11-05T14:14:21.221+0000] {logging_mixin.py:190} INFO - [2025-11-05T14:14:21.221+0000] {dag.py:3239} INFO - Sync 1 DAGs
[2025-11-05T14:14:21.271+0000] {logging_mixin.py:190} INFO - [2025-11-05T14:14:21.269+0000] {dag.py:4180} INFO - Setting next_dagrun for etl_without_crawl to None, run_after=None
[2025-11-05T14:14:21.333+0000] {processor.py:208} INFO - Processing /opt/airflow/dags/ETL_Without_Crawl.py took 0.312 seconds
[2025-11-05T14:14:54.154+0000] {processor.py:186} INFO - Started process (PID=217) to work on /opt/airflow/dags/ETL_Without_Crawl.py
[2025-11-05T14:14:54.156+0000] {processor.py:914} INFO - Processing file /opt/airflow/dags/ETL_Without_Crawl.py for tasks to queue
[2025-11-05T14:14:54.158+0000] {logging_mixin.py:190} INFO - [2025-11-05T14:14:54.157+0000] {dagbag.py:588} INFO - Filling up the DagBag from /opt/airflow/dags/ETL_Without_Crawl.py
[2025-11-05T14:14:54.193+0000] {processor.py:925} INFO - DAG(s) 'etl_without_crawl' retrieved from /opt/airflow/dags/ETL_Without_Crawl.py
[2025-11-05T14:14:54.311+0000] {logging_mixin.py:190} INFO - [2025-11-05T14:14:54.311+0000] {dag.py:3239} INFO - Sync 1 DAGs
[2025-11-05T14:14:54.354+0000] {logging_mixin.py:190} INFO - [2025-11-05T14:14:54.353+0000] {dag.py:4180} INFO - Setting next_dagrun for etl_without_crawl to None, run_after=None
[2025-11-05T14:14:54.468+0000] {processor.py:208} INFO - Processing /opt/airflow/dags/ETL_Without_Crawl.py took 0.325 seconds
[2025-11-05T14:15:24.857+0000] {processor.py:186} INFO - Started process (PID=221) to work on /opt/airflow/dags/ETL_Without_Crawl.py
[2025-11-05T14:15:24.858+0000] {processor.py:914} INFO - Processing file /opt/airflow/dags/ETL_Without_Crawl.py for tasks to queue
[2025-11-05T14:15:24.862+0000] {logging_mixin.py:190} INFO - [2025-11-05T14:15:24.861+0000] {dagbag.py:588} INFO - Filling up the DagBag from /opt/airflow/dags/ETL_Without_Crawl.py
[2025-11-05T14:15:24.924+0000] {processor.py:925} INFO - DAG(s) 'etl_without_crawl' retrieved from /opt/airflow/dags/ETL_Without_Crawl.py
[2025-11-05T14:15:25.061+0000] {logging_mixin.py:190} INFO - [2025-11-05T14:15:25.061+0000] {dag.py:3239} INFO - Sync 1 DAGs
[2025-11-05T14:15:25.129+0000] {logging_mixin.py:190} INFO - [2025-11-05T14:15:25.128+0000] {dag.py:4180} INFO - Setting next_dagrun for etl_without_crawl to None, run_after=None
[2025-11-05T14:15:25.207+0000] {processor.py:208} INFO - Processing /opt/airflow/dags/ETL_Without_Crawl.py took 0.367 seconds
[2025-11-05T14:15:55.641+0000] {processor.py:186} INFO - Started process (PID=225) to work on /opt/airflow/dags/ETL_Without_Crawl.py
[2025-11-05T14:15:55.644+0000] {processor.py:914} INFO - Processing file /opt/airflow/dags/ETL_Without_Crawl.py for tasks to queue
[2025-11-05T14:15:55.650+0000] {logging_mixin.py:190} INFO - [2025-11-05T14:15:55.647+0000] {dagbag.py:588} INFO - Filling up the DagBag from /opt/airflow/dags/ETL_Without_Crawl.py
[2025-11-05T14:15:55.713+0000] {processor.py:925} INFO - DAG(s) 'etl_without_crawl' retrieved from /opt/airflow/dags/ETL_Without_Crawl.py
[2025-11-05T14:15:55.900+0000] {logging_mixin.py:190} INFO - [2025-11-05T14:15:55.900+0000] {dag.py:3239} INFO - Sync 1 DAGs
[2025-11-05T14:15:55.943+0000] {logging_mixin.py:190} INFO - [2025-11-05T14:15:55.943+0000] {dag.py:4180} INFO - Setting next_dagrun for etl_without_crawl to None, run_after=None
[2025-11-05T14:15:56.005+0000] {processor.py:208} INFO - Processing /opt/airflow/dags/ETL_Without_Crawl.py took 0.381 seconds
[2025-11-05T14:16:26.410+0000] {processor.py:186} INFO - Started process (PID=229) to work on /opt/airflow/dags/ETL_Without_Crawl.py
[2025-11-05T14:16:26.412+0000] {processor.py:914} INFO - Processing file /opt/airflow/dags/ETL_Without_Crawl.py for tasks to queue
[2025-11-05T14:16:26.417+0000] {logging_mixin.py:190} INFO - [2025-11-05T14:16:26.417+0000] {dagbag.py:588} INFO - Filling up the DagBag from /opt/airflow/dags/ETL_Without_Crawl.py
[2025-11-05T14:16:26.455+0000] {processor.py:925} INFO - DAG(s) 'etl_without_crawl' retrieved from /opt/airflow/dags/ETL_Without_Crawl.py
[2025-11-05T14:16:26.546+0000] {logging_mixin.py:190} INFO - [2025-11-05T14:16:26.545+0000] {dag.py:3239} INFO - Sync 1 DAGs
[2025-11-05T14:16:26.619+0000] {logging_mixin.py:190} INFO - [2025-11-05T14:16:26.618+0000] {dag.py:4180} INFO - Setting next_dagrun for etl_without_crawl to None, run_after=None
[2025-11-05T14:16:26.703+0000] {processor.py:208} INFO - Processing /opt/airflow/dags/ETL_Without_Crawl.py took 0.306 seconds
[2025-11-05T14:16:57.736+0000] {processor.py:186} INFO - Started process (PID=233) to work on /opt/airflow/dags/ETL_Without_Crawl.py
[2025-11-05T14:16:57.737+0000] {processor.py:914} INFO - Processing file /opt/airflow/dags/ETL_Without_Crawl.py for tasks to queue
[2025-11-05T14:16:57.742+0000] {logging_mixin.py:190} INFO - [2025-11-05T14:16:57.742+0000] {dagbag.py:588} INFO - Filling up the DagBag from /opt/airflow/dags/ETL_Without_Crawl.py
[2025-11-05T14:16:57.815+0000] {processor.py:925} INFO - DAG(s) 'etl_without_crawl' retrieved from /opt/airflow/dags/ETL_Without_Crawl.py
[2025-11-05T14:16:57.973+0000] {logging_mixin.py:190} INFO - [2025-11-05T14:16:57.972+0000] {dag.py:3239} INFO - Sync 1 DAGs
[2025-11-05T14:16:58.039+0000] {logging_mixin.py:190} INFO - [2025-11-05T14:16:58.039+0000] {dag.py:4180} INFO - Setting next_dagrun for etl_without_crawl to None, run_after=None
[2025-11-05T14:16:58.167+0000] {processor.py:208} INFO - Processing /opt/airflow/dags/ETL_Without_Crawl.py took 0.449 seconds
[2025-11-05T14:17:28.574+0000] {processor.py:186} INFO - Started process (PID=237) to work on /opt/airflow/dags/ETL_Without_Crawl.py
[2025-11-05T14:17:28.576+0000] {processor.py:914} INFO - Processing file /opt/airflow/dags/ETL_Without_Crawl.py for tasks to queue
[2025-11-05T14:17:28.578+0000] {logging_mixin.py:190} INFO - [2025-11-05T14:17:28.577+0000] {dagbag.py:588} INFO - Filling up the DagBag from /opt/airflow/dags/ETL_Without_Crawl.py
[2025-11-05T14:17:28.604+0000] {processor.py:925} INFO - DAG(s) 'etl_without_crawl' retrieved from /opt/airflow/dags/ETL_Without_Crawl.py
[2025-11-05T14:17:28.678+0000] {logging_mixin.py:190} INFO - [2025-11-05T14:17:28.677+0000] {dag.py:3239} INFO - Sync 1 DAGs
[2025-11-05T14:17:28.705+0000] {logging_mixin.py:190} INFO - [2025-11-05T14:17:28.704+0000] {dag.py:4180} INFO - Setting next_dagrun for etl_without_crawl to None, run_after=None
[2025-11-05T14:17:28.749+0000] {processor.py:208} INFO - Processing /opt/airflow/dags/ETL_Without_Crawl.py took 0.184 seconds
[2025-11-05T14:17:58.979+0000] {processor.py:186} INFO - Started process (PID=241) to work on /opt/airflow/dags/ETL_Without_Crawl.py
[2025-11-05T14:17:58.984+0000] {processor.py:914} INFO - Processing file /opt/airflow/dags/ETL_Without_Crawl.py for tasks to queue
[2025-11-05T14:17:58.991+0000] {logging_mixin.py:190} INFO - [2025-11-05T14:17:58.990+0000] {dagbag.py:588} INFO - Filling up the DagBag from /opt/airflow/dags/ETL_Without_Crawl.py
[2025-11-05T14:17:59.057+0000] {processor.py:925} INFO - DAG(s) 'etl_without_crawl' retrieved from /opt/airflow/dags/ETL_Without_Crawl.py
[2025-11-05T14:17:59.238+0000] {logging_mixin.py:190} INFO - [2025-11-05T14:17:59.237+0000] {dag.py:3239} INFO - Sync 1 DAGs
[2025-11-05T14:17:59.352+0000] {logging_mixin.py:190} INFO - [2025-11-05T14:17:59.352+0000] {dag.py:4180} INFO - Setting next_dagrun for etl_without_crawl to None, run_after=None
[2025-11-05T14:17:59.446+0000] {processor.py:208} INFO - Processing /opt/airflow/dags/ETL_Without_Crawl.py took 0.489 seconds
[2025-11-05T14:18:29.997+0000] {processor.py:186} INFO - Started process (PID=245) to work on /opt/airflow/dags/ETL_Without_Crawl.py
[2025-11-05T14:18:29.999+0000] {processor.py:914} INFO - Processing file /opt/airflow/dags/ETL_Without_Crawl.py for tasks to queue
[2025-11-05T14:18:30.003+0000] {logging_mixin.py:190} INFO - [2025-11-05T14:18:30.002+0000] {dagbag.py:588} INFO - Filling up the DagBag from /opt/airflow/dags/ETL_Without_Crawl.py
[2025-11-05T14:18:30.154+0000] {processor.py:925} INFO - DAG(s) 'etl_without_crawl' retrieved from /opt/airflow/dags/ETL_Without_Crawl.py
[2025-11-05T14:18:30.422+0000] {logging_mixin.py:190} INFO - [2025-11-05T14:18:30.422+0000] {dag.py:3239} INFO - Sync 1 DAGs
[2025-11-05T14:18:30.623+0000] {logging_mixin.py:190} INFO - [2025-11-05T14:18:30.623+0000] {dag.py:4180} INFO - Setting next_dagrun for etl_without_crawl to None, run_after=None
[2025-11-05T14:18:30.814+0000] {processor.py:208} INFO - Processing /opt/airflow/dags/ETL_Without_Crawl.py took 0.838 seconds
[2025-11-05T14:19:01.322+0000] {processor.py:186} INFO - Started process (PID=249) to work on /opt/airflow/dags/ETL_Without_Crawl.py
[2025-11-05T14:19:01.323+0000] {processor.py:914} INFO - Processing file /opt/airflow/dags/ETL_Without_Crawl.py for tasks to queue
[2025-11-05T14:19:01.326+0000] {logging_mixin.py:190} INFO - [2025-11-05T14:19:01.326+0000] {dagbag.py:588} INFO - Filling up the DagBag from /opt/airflow/dags/ETL_Without_Crawl.py
[2025-11-05T14:19:01.358+0000] {processor.py:925} INFO - DAG(s) 'etl_without_crawl' retrieved from /opt/airflow/dags/ETL_Without_Crawl.py
[2025-11-05T14:19:01.448+0000] {logging_mixin.py:190} INFO - [2025-11-05T14:19:01.448+0000] {dag.py:3239} INFO - Sync 1 DAGs
[2025-11-05T14:19:01.521+0000] {logging_mixin.py:190} INFO - [2025-11-05T14:19:01.521+0000] {dag.py:4180} INFO - Setting next_dagrun for etl_without_crawl to None, run_after=None
[2025-11-05T14:19:01.628+0000] {processor.py:208} INFO - Processing /opt/airflow/dags/ETL_Without_Crawl.py took 0.318 seconds
[2025-11-05T14:19:32.046+0000] {processor.py:186} INFO - Started process (PID=253) to work on /opt/airflow/dags/ETL_Without_Crawl.py
[2025-11-05T14:19:32.047+0000] {processor.py:914} INFO - Processing file /opt/airflow/dags/ETL_Without_Crawl.py for tasks to queue
[2025-11-05T14:19:32.053+0000] {logging_mixin.py:190} INFO - [2025-11-05T14:19:32.052+0000] {dagbag.py:588} INFO - Filling up the DagBag from /opt/airflow/dags/ETL_Without_Crawl.py
[2025-11-05T14:19:32.094+0000] {processor.py:925} INFO - DAG(s) 'etl_without_crawl' retrieved from /opt/airflow/dags/ETL_Without_Crawl.py
[2025-11-05T14:19:32.188+0000] {logging_mixin.py:190} INFO - [2025-11-05T14:19:32.188+0000] {dag.py:3239} INFO - Sync 1 DAGs
[2025-11-05T14:19:32.238+0000] {logging_mixin.py:190} INFO - [2025-11-05T14:19:32.237+0000] {dag.py:4180} INFO - Setting next_dagrun for etl_without_crawl to None, run_after=None
[2025-11-05T14:19:32.310+0000] {processor.py:208} INFO - Processing /opt/airflow/dags/ETL_Without_Crawl.py took 0.276 seconds
[2025-11-05T14:20:02.704+0000] {processor.py:186} INFO - Started process (PID=257) to work on /opt/airflow/dags/ETL_Without_Crawl.py
[2025-11-05T14:20:02.705+0000] {processor.py:914} INFO - Processing file /opt/airflow/dags/ETL_Without_Crawl.py for tasks to queue
[2025-11-05T14:20:02.709+0000] {logging_mixin.py:190} INFO - [2025-11-05T14:20:02.708+0000] {dagbag.py:588} INFO - Filling up the DagBag from /opt/airflow/dags/ETL_Without_Crawl.py
[2025-11-05T14:20:02.744+0000] {processor.py:925} INFO - DAG(s) 'etl_without_crawl' retrieved from /opt/airflow/dags/ETL_Without_Crawl.py
[2025-11-05T14:20:02.828+0000] {logging_mixin.py:190} INFO - [2025-11-05T14:20:02.827+0000] {dag.py:3239} INFO - Sync 1 DAGs
[2025-11-05T14:20:02.877+0000] {logging_mixin.py:190} INFO - [2025-11-05T14:20:02.876+0000] {dag.py:4180} INFO - Setting next_dagrun for etl_without_crawl to None, run_after=None
[2025-11-05T14:20:02.962+0000] {processor.py:208} INFO - Processing /opt/airflow/dags/ETL_Without_Crawl.py took 0.271 seconds
[2025-11-05T14:20:33.646+0000] {processor.py:186} INFO - Started process (PID=261) to work on /opt/airflow/dags/ETL_Without_Crawl.py
[2025-11-05T14:20:33.647+0000] {processor.py:914} INFO - Processing file /opt/airflow/dags/ETL_Without_Crawl.py for tasks to queue
[2025-11-05T14:20:33.650+0000] {logging_mixin.py:190} INFO - [2025-11-05T14:20:33.649+0000] {dagbag.py:588} INFO - Filling up the DagBag from /opt/airflow/dags/ETL_Without_Crawl.py
[2025-11-05T14:20:33.687+0000] {processor.py:925} INFO - DAG(s) 'etl_without_crawl' retrieved from /opt/airflow/dags/ETL_Without_Crawl.py
[2025-11-05T14:20:33.777+0000] {logging_mixin.py:190} INFO - [2025-11-05T14:20:33.776+0000] {dag.py:3239} INFO - Sync 1 DAGs
[2025-11-05T14:20:33.829+0000] {logging_mixin.py:190} INFO - [2025-11-05T14:20:33.828+0000] {dag.py:4180} INFO - Setting next_dagrun for etl_without_crawl to None, run_after=None
[2025-11-05T14:20:33.900+0000] {processor.py:208} INFO - Processing /opt/airflow/dags/ETL_Without_Crawl.py took 0.266 seconds
[2025-11-05T14:21:04.656+0000] {processor.py:186} INFO - Started process (PID=265) to work on /opt/airflow/dags/ETL_Without_Crawl.py
[2025-11-05T14:21:04.659+0000] {processor.py:914} INFO - Processing file /opt/airflow/dags/ETL_Without_Crawl.py for tasks to queue
[2025-11-05T14:21:04.663+0000] {logging_mixin.py:190} INFO - [2025-11-05T14:21:04.662+0000] {dagbag.py:588} INFO - Filling up the DagBag from /opt/airflow/dags/ETL_Without_Crawl.py
[2025-11-05T14:21:04.707+0000] {processor.py:925} INFO - DAG(s) 'etl_without_crawl' retrieved from /opt/airflow/dags/ETL_Without_Crawl.py
[2025-11-05T14:21:04.796+0000] {logging_mixin.py:190} INFO - [2025-11-05T14:21:04.796+0000] {dag.py:3239} INFO - Sync 1 DAGs
[2025-11-05T14:21:04.889+0000] {logging_mixin.py:190} INFO - [2025-11-05T14:21:04.889+0000] {dag.py:4180} INFO - Setting next_dagrun for etl_without_crawl to None, run_after=None
[2025-11-05T14:21:04.959+0000] {processor.py:208} INFO - Processing /opt/airflow/dags/ETL_Without_Crawl.py took 0.321 seconds
[2025-11-05T14:21:35.772+0000] {processor.py:186} INFO - Started process (PID=269) to work on /opt/airflow/dags/ETL_Without_Crawl.py
[2025-11-05T14:21:35.773+0000] {processor.py:914} INFO - Processing file /opt/airflow/dags/ETL_Without_Crawl.py for tasks to queue
[2025-11-05T14:21:35.785+0000] {logging_mixin.py:190} INFO - [2025-11-05T14:21:35.778+0000] {dagbag.py:588} INFO - Filling up the DagBag from /opt/airflow/dags/ETL_Without_Crawl.py
[2025-11-05T14:21:36.118+0000] {processor.py:925} INFO - DAG(s) 'etl_without_crawl' retrieved from /opt/airflow/dags/ETL_Without_Crawl.py
[2025-11-05T14:21:36.815+0000] {logging_mixin.py:190} INFO - [2025-11-05T14:21:36.815+0000] {dag.py:3239} INFO - Sync 1 DAGs
[2025-11-05T14:21:37.038+0000] {logging_mixin.py:190} INFO - [2025-11-05T14:21:37.037+0000] {dag.py:4180} INFO - Setting next_dagrun for etl_without_crawl to None, run_after=None
[2025-11-05T14:21:37.218+0000] {processor.py:208} INFO - Processing /opt/airflow/dags/ETL_Without_Crawl.py took 1.492 seconds
[2025-11-05T14:22:08.024+0000] {processor.py:186} INFO - Started process (PID=273) to work on /opt/airflow/dags/ETL_Without_Crawl.py
[2025-11-05T14:22:08.026+0000] {processor.py:914} INFO - Processing file /opt/airflow/dags/ETL_Without_Crawl.py for tasks to queue
[2025-11-05T14:22:08.047+0000] {logging_mixin.py:190} INFO - [2025-11-05T14:22:08.040+0000] {dagbag.py:588} INFO - Filling up the DagBag from /opt/airflow/dags/ETL_Without_Crawl.py
[2025-11-05T14:22:08.356+0000] {processor.py:925} INFO - DAG(s) 'etl_without_crawl' retrieved from /opt/airflow/dags/ETL_Without_Crawl.py
[2025-11-05T14:22:08.989+0000] {logging_mixin.py:190} INFO - [2025-11-05T14:22:08.989+0000] {dag.py:3239} INFO - Sync 1 DAGs
[2025-11-05T14:22:09.161+0000] {logging_mixin.py:190} INFO - [2025-11-05T14:22:09.161+0000] {dag.py:4180} INFO - Setting next_dagrun for etl_without_crawl to None, run_after=None
[2025-11-05T14:22:09.310+0000] {processor.py:208} INFO - Processing /opt/airflow/dags/ETL_Without_Crawl.py took 1.425 seconds
[2025-11-05T14:22:39.566+0000] {processor.py:186} INFO - Started process (PID=277) to work on /opt/airflow/dags/ETL_Without_Crawl.py
[2025-11-05T14:22:39.568+0000] {processor.py:914} INFO - Processing file /opt/airflow/dags/ETL_Without_Crawl.py for tasks to queue
[2025-11-05T14:22:39.574+0000] {logging_mixin.py:190} INFO - [2025-11-05T14:22:39.573+0000] {dagbag.py:588} INFO - Filling up the DagBag from /opt/airflow/dags/ETL_Without_Crawl.py
[2025-11-05T14:22:39.669+0000] {processor.py:925} INFO - DAG(s) 'etl_without_crawl' retrieved from /opt/airflow/dags/ETL_Without_Crawl.py
[2025-11-05T14:22:39.863+0000] {logging_mixin.py:190} INFO - [2025-11-05T14:22:39.862+0000] {dag.py:3239} INFO - Sync 1 DAGs
[2025-11-05T14:22:39.971+0000] {logging_mixin.py:190} INFO - [2025-11-05T14:22:39.970+0000] {dag.py:4180} INFO - Setting next_dagrun for etl_without_crawl to None, run_after=None
[2025-11-05T14:22:40.151+0000] {processor.py:208} INFO - Processing /opt/airflow/dags/ETL_Without_Crawl.py took 0.603 seconds
[2025-11-05T14:23:10.492+0000] {processor.py:186} INFO - Started process (PID=281) to work on /opt/airflow/dags/ETL_Without_Crawl.py
[2025-11-05T14:23:10.493+0000] {processor.py:914} INFO - Processing file /opt/airflow/dags/ETL_Without_Crawl.py for tasks to queue
[2025-11-05T14:23:10.499+0000] {logging_mixin.py:190} INFO - [2025-11-05T14:23:10.498+0000] {dagbag.py:588} INFO - Filling up the DagBag from /opt/airflow/dags/ETL_Without_Crawl.py
[2025-11-05T14:23:10.559+0000] {processor.py:925} INFO - DAG(s) 'etl_without_crawl' retrieved from /opt/airflow/dags/ETL_Without_Crawl.py
[2025-11-05T14:23:10.891+0000] {logging_mixin.py:190} INFO - [2025-11-05T14:23:10.890+0000] {dag.py:3239} INFO - Sync 1 DAGs
[2025-11-05T14:23:11.099+0000] {logging_mixin.py:190} INFO - [2025-11-05T14:23:11.098+0000] {dag.py:4180} INFO - Setting next_dagrun for etl_without_crawl to None, run_after=None
[2025-11-05T14:23:11.297+0000] {processor.py:208} INFO - Processing /opt/airflow/dags/ETL_Without_Crawl.py took 0.861 seconds
[2025-11-05T14:23:42.268+0000] {processor.py:186} INFO - Started process (PID=285) to work on /opt/airflow/dags/ETL_Without_Crawl.py
[2025-11-05T14:23:42.269+0000] {processor.py:914} INFO - Processing file /opt/airflow/dags/ETL_Without_Crawl.py for tasks to queue
[2025-11-05T14:23:42.271+0000] {logging_mixin.py:190} INFO - [2025-11-05T14:23:42.271+0000] {dagbag.py:588} INFO - Filling up the DagBag from /opt/airflow/dags/ETL_Without_Crawl.py
[2025-11-05T14:23:42.300+0000] {processor.py:925} INFO - DAG(s) 'etl_without_crawl' retrieved from /opt/airflow/dags/ETL_Without_Crawl.py
[2025-11-05T14:23:42.387+0000] {logging_mixin.py:190} INFO - [2025-11-05T14:23:42.387+0000] {dag.py:3239} INFO - Sync 1 DAGs
[2025-11-05T14:23:42.424+0000] {logging_mixin.py:190} INFO - [2025-11-05T14:23:42.424+0000] {dag.py:4180} INFO - Setting next_dagrun for etl_without_crawl to None, run_after=None
[2025-11-05T14:23:42.493+0000] {processor.py:208} INFO - Processing /opt/airflow/dags/ETL_Without_Crawl.py took 0.239 seconds
[2025-11-05T14:24:13.127+0000] {processor.py:186} INFO - Started process (PID=289) to work on /opt/airflow/dags/ETL_Without_Crawl.py
[2025-11-05T14:24:13.134+0000] {processor.py:914} INFO - Processing file /opt/airflow/dags/ETL_Without_Crawl.py for tasks to queue
[2025-11-05T14:24:13.153+0000] {logging_mixin.py:190} INFO - [2025-11-05T14:24:13.152+0000] {dagbag.py:588} INFO - Filling up the DagBag from /opt/airflow/dags/ETL_Without_Crawl.py
[2025-11-05T14:24:13.344+0000] {processor.py:925} INFO - DAG(s) 'etl_without_crawl' retrieved from /opt/airflow/dags/ETL_Without_Crawl.py
[2025-11-05T14:24:13.778+0000] {logging_mixin.py:190} INFO - [2025-11-05T14:24:13.778+0000] {dag.py:3239} INFO - Sync 1 DAGs
[2025-11-05T14:24:14.033+0000] {logging_mixin.py:190} INFO - [2025-11-05T14:24:14.033+0000] {dag.py:4180} INFO - Setting next_dagrun for etl_without_crawl to None, run_after=None
[2025-11-05T14:24:14.254+0000] {processor.py:208} INFO - Processing /opt/airflow/dags/ETL_Without_Crawl.py took 1.196 seconds
[2025-11-05T14:24:44.599+0000] {processor.py:186} INFO - Started process (PID=293) to work on /opt/airflow/dags/ETL_Without_Crawl.py
[2025-11-05T14:24:44.602+0000] {processor.py:914} INFO - Processing file /opt/airflow/dags/ETL_Without_Crawl.py for tasks to queue
[2025-11-05T14:24:44.609+0000] {logging_mixin.py:190} INFO - [2025-11-05T14:24:44.608+0000] {dagbag.py:588} INFO - Filling up the DagBag from /opt/airflow/dags/ETL_Without_Crawl.py
[2025-11-05T14:24:44.753+0000] {processor.py:925} INFO - DAG(s) 'etl_without_crawl' retrieved from /opt/airflow/dags/ETL_Without_Crawl.py
[2025-11-05T14:24:44.947+0000] {logging_mixin.py:190} INFO - [2025-11-05T14:24:44.947+0000] {dag.py:3239} INFO - Sync 1 DAGs
[2025-11-05T14:24:45.138+0000] {logging_mixin.py:190} INFO - [2025-11-05T14:24:45.138+0000] {dag.py:4180} INFO - Setting next_dagrun for etl_without_crawl to None, run_after=None
[2025-11-05T14:24:45.255+0000] {processor.py:208} INFO - Processing /opt/airflow/dags/ETL_Without_Crawl.py took 0.703 seconds
[2025-11-05T14:25:15.487+0000] {processor.py:186} INFO - Started process (PID=297) to work on /opt/airflow/dags/ETL_Without_Crawl.py
[2025-11-05T14:25:15.489+0000] {processor.py:914} INFO - Processing file /opt/airflow/dags/ETL_Without_Crawl.py for tasks to queue
[2025-11-05T14:25:15.492+0000] {logging_mixin.py:190} INFO - [2025-11-05T14:25:15.491+0000] {dagbag.py:588} INFO - Filling up the DagBag from /opt/airflow/dags/ETL_Without_Crawl.py
[2025-11-05T14:25:15.533+0000] {processor.py:925} INFO - DAG(s) 'etl_without_crawl' retrieved from /opt/airflow/dags/ETL_Without_Crawl.py
[2025-11-05T14:25:15.635+0000] {logging_mixin.py:190} INFO - [2025-11-05T14:25:15.635+0000] {dag.py:3239} INFO - Sync 1 DAGs
[2025-11-05T14:25:15.683+0000] {logging_mixin.py:190} INFO - [2025-11-05T14:25:15.683+0000] {dag.py:4180} INFO - Setting next_dagrun for etl_without_crawl to None, run_after=None
[2025-11-05T14:25:15.736+0000] {processor.py:208} INFO - Processing /opt/airflow/dags/ETL_Without_Crawl.py took 0.262 seconds
[2025-11-05T14:25:46.188+0000] {processor.py:186} INFO - Started process (PID=301) to work on /opt/airflow/dags/ETL_Without_Crawl.py
[2025-11-05T14:25:46.189+0000] {processor.py:914} INFO - Processing file /opt/airflow/dags/ETL_Without_Crawl.py for tasks to queue
[2025-11-05T14:25:46.191+0000] {logging_mixin.py:190} INFO - [2025-11-05T14:25:46.190+0000] {dagbag.py:588} INFO - Filling up the DagBag from /opt/airflow/dags/ETL_Without_Crawl.py
[2025-11-05T14:25:46.227+0000] {processor.py:925} INFO - DAG(s) 'etl_without_crawl' retrieved from /opt/airflow/dags/ETL_Without_Crawl.py
[2025-11-05T14:25:46.316+0000] {logging_mixin.py:190} INFO - [2025-11-05T14:25:46.315+0000] {dag.py:3239} INFO - Sync 1 DAGs
[2025-11-05T14:25:42.199+0000] {logging_mixin.py:190} INFO - [2025-11-05T14:25:42.199+0000] {dag.py:4180} INFO - Setting next_dagrun for etl_without_crawl to None, run_after=None
[2025-11-05T14:25:42.262+0000] {processor.py:208} INFO - Processing /opt/airflow/dags/ETL_Without_Crawl.py took 0.241 seconds
[2025-11-05T14:26:12.395+0000] {processor.py:186} INFO - Started process (PID=305) to work on /opt/airflow/dags/ETL_Without_Crawl.py
[2025-11-05T14:26:12.396+0000] {processor.py:914} INFO - Processing file /opt/airflow/dags/ETL_Without_Crawl.py for tasks to queue
[2025-11-05T14:26:12.399+0000] {logging_mixin.py:190} INFO - [2025-11-05T14:26:12.399+0000] {dagbag.py:588} INFO - Filling up the DagBag from /opt/airflow/dags/ETL_Without_Crawl.py
[2025-11-05T14:26:12.426+0000] {processor.py:925} INFO - DAG(s) 'etl_without_crawl' retrieved from /opt/airflow/dags/ETL_Without_Crawl.py
[2025-11-05T14:26:12.495+0000] {logging_mixin.py:190} INFO - [2025-11-05T14:26:12.495+0000] {dag.py:3239} INFO - Sync 1 DAGs
[2025-11-05T14:26:12.558+0000] {logging_mixin.py:190} INFO - [2025-11-05T14:26:12.558+0000] {dag.py:4180} INFO - Setting next_dagrun for etl_without_crawl to None, run_after=None
[2025-11-05T14:26:12.619+0000] {processor.py:208} INFO - Processing /opt/airflow/dags/ETL_Without_Crawl.py took 0.232 seconds
[2025-11-05T14:26:42.985+0000] {processor.py:186} INFO - Started process (PID=309) to work on /opt/airflow/dags/ETL_Without_Crawl.py
[2025-11-05T14:26:42.986+0000] {processor.py:914} INFO - Processing file /opt/airflow/dags/ETL_Without_Crawl.py for tasks to queue
[2025-11-05T14:26:42.988+0000] {logging_mixin.py:190} INFO - [2025-11-05T14:26:42.988+0000] {dagbag.py:588} INFO - Filling up the DagBag from /opt/airflow/dags/ETL_Without_Crawl.py
[2025-11-05T14:26:43.023+0000] {processor.py:925} INFO - DAG(s) 'etl_without_crawl' retrieved from /opt/airflow/dags/ETL_Without_Crawl.py
[2025-11-05T14:26:43.095+0000] {logging_mixin.py:190} INFO - [2025-11-05T14:26:43.095+0000] {dag.py:3239} INFO - Sync 1 DAGs
[2025-11-05T14:26:43.129+0000] {logging_mixin.py:190} INFO - [2025-11-05T14:26:43.129+0000] {dag.py:4180} INFO - Setting next_dagrun for etl_without_crawl to None, run_after=None
[2025-11-05T14:26:43.184+0000] {processor.py:208} INFO - Processing /opt/airflow/dags/ETL_Without_Crawl.py took 0.210 seconds
[2025-11-05T14:27:13.625+0000] {processor.py:186} INFO - Started process (PID=313) to work on /opt/airflow/dags/ETL_Without_Crawl.py
[2025-11-05T14:27:13.626+0000] {processor.py:914} INFO - Processing file /opt/airflow/dags/ETL_Without_Crawl.py for tasks to queue
[2025-11-05T14:27:13.629+0000] {logging_mixin.py:190} INFO - [2025-11-05T14:27:13.628+0000] {dagbag.py:588} INFO - Filling up the DagBag from /opt/airflow/dags/ETL_Without_Crawl.py
[2025-11-05T14:27:13.665+0000] {processor.py:925} INFO - DAG(s) 'etl_without_crawl' retrieved from /opt/airflow/dags/ETL_Without_Crawl.py
[2025-11-05T14:27:13.751+0000] {logging_mixin.py:190} INFO - [2025-11-05T14:27:13.751+0000] {dag.py:3239} INFO - Sync 1 DAGs
[2025-11-05T14:27:13.801+0000] {logging_mixin.py:190} INFO - [2025-11-05T14:27:13.800+0000] {dag.py:4180} INFO - Setting next_dagrun for etl_without_crawl to None, run_after=None
[2025-11-05T14:27:13.863+0000] {processor.py:208} INFO - Processing /opt/airflow/dags/ETL_Without_Crawl.py took 0.251 seconds
[2025-11-05T14:27:44.298+0000] {processor.py:186} INFO - Started process (PID=317) to work on /opt/airflow/dags/ETL_Without_Crawl.py
[2025-11-05T14:27:44.299+0000] {processor.py:914} INFO - Processing file /opt/airflow/dags/ETL_Without_Crawl.py for tasks to queue
[2025-11-05T14:27:44.302+0000] {logging_mixin.py:190} INFO - [2025-11-05T14:27:44.301+0000] {dagbag.py:588} INFO - Filling up the DagBag from /opt/airflow/dags/ETL_Without_Crawl.py
[2025-11-05T14:27:44.338+0000] {processor.py:925} INFO - DAG(s) 'etl_without_crawl' retrieved from /opt/airflow/dags/ETL_Without_Crawl.py
[2025-11-05T14:27:44.429+0000] {logging_mixin.py:190} INFO - [2025-11-05T14:27:44.428+0000] {dag.py:3239} INFO - Sync 1 DAGs
[2025-11-05T14:27:44.465+0000] {logging_mixin.py:190} INFO - [2025-11-05T14:27:44.465+0000] {dag.py:4180} INFO - Setting next_dagrun for etl_without_crawl to None, run_after=None
[2025-11-05T14:27:44.522+0000] {processor.py:208} INFO - Processing /opt/airflow/dags/ETL_Without_Crawl.py took 0.235 seconds
[2025-11-05T14:28:14.684+0000] {processor.py:186} INFO - Started process (PID=321) to work on /opt/airflow/dags/ETL_Without_Crawl.py
[2025-11-05T14:28:14.684+0000] {processor.py:914} INFO - Processing file /opt/airflow/dags/ETL_Without_Crawl.py for tasks to queue
[2025-11-05T14:28:14.687+0000] {logging_mixin.py:190} INFO - [2025-11-05T14:28:14.686+0000] {dagbag.py:588} INFO - Filling up the DagBag from /opt/airflow/dags/ETL_Without_Crawl.py
[2025-11-05T14:28:14.727+0000] {processor.py:925} INFO - DAG(s) 'etl_without_crawl' retrieved from /opt/airflow/dags/ETL_Without_Crawl.py
[2025-11-05T14:28:14.833+0000] {logging_mixin.py:190} INFO - [2025-11-05T14:28:14.833+0000] {dag.py:3239} INFO - Sync 1 DAGs
[2025-11-05T14:28:14.879+0000] {logging_mixin.py:190} INFO - [2025-11-05T14:28:14.879+0000] {dag.py:4180} INFO - Setting next_dagrun for etl_without_crawl to None, run_after=None
[2025-11-05T14:28:14.944+0000] {processor.py:208} INFO - Processing /opt/airflow/dags/ETL_Without_Crawl.py took 0.268 seconds
[2025-11-05T14:28:45.111+0000] {processor.py:186} INFO - Started process (PID=325) to work on /opt/airflow/dags/ETL_Without_Crawl.py
[2025-11-05T14:28:45.112+0000] {processor.py:914} INFO - Processing file /opt/airflow/dags/ETL_Without_Crawl.py for tasks to queue
[2025-11-05T14:28:45.113+0000] {logging_mixin.py:190} INFO - [2025-11-05T14:28:45.113+0000] {dagbag.py:588} INFO - Filling up the DagBag from /opt/airflow/dags/ETL_Without_Crawl.py
[2025-11-05T14:28:45.142+0000] {processor.py:925} INFO - DAG(s) 'etl_without_crawl' retrieved from /opt/airflow/dags/ETL_Without_Crawl.py
[2025-11-05T14:28:45.224+0000] {logging_mixin.py:190} INFO - [2025-11-05T14:28:45.223+0000] {dag.py:3239} INFO - Sync 1 DAGs
[2025-11-05T14:28:45.281+0000] {logging_mixin.py:190} INFO - [2025-11-05T14:28:45.281+0000] {dag.py:4180} INFO - Setting next_dagrun for etl_without_crawl to None, run_after=None
[2025-11-05T14:28:45.381+0000] {processor.py:208} INFO - Processing /opt/airflow/dags/ETL_Without_Crawl.py took 0.280 seconds
[2025-11-05T14:29:15.926+0000] {processor.py:186} INFO - Started process (PID=329) to work on /opt/airflow/dags/ETL_Without_Crawl.py
[2025-11-05T14:29:15.928+0000] {processor.py:914} INFO - Processing file /opt/airflow/dags/ETL_Without_Crawl.py for tasks to queue
[2025-11-05T14:29:15.930+0000] {logging_mixin.py:190} INFO - [2025-11-05T14:29:15.930+0000] {dagbag.py:588} INFO - Filling up the DagBag from /opt/airflow/dags/ETL_Without_Crawl.py
[2025-11-05T14:29:15.976+0000] {processor.py:925} INFO - DAG(s) 'etl_without_crawl' retrieved from /opt/airflow/dags/ETL_Without_Crawl.py
[2025-11-05T14:29:16.069+0000] {logging_mixin.py:190} INFO - [2025-11-05T14:29:16.069+0000] {dag.py:3239} INFO - Sync 1 DAGs
[2025-11-05T14:29:16.111+0000] {logging_mixin.py:190} INFO - [2025-11-05T14:29:16.111+0000] {dag.py:4180} INFO - Setting next_dagrun for etl_without_crawl to None, run_after=None
[2025-11-05T14:29:16.168+0000] {processor.py:208} INFO - Processing /opt/airflow/dags/ETL_Without_Crawl.py took 0.260 seconds
[2025-11-05T14:29:46.521+0000] {processor.py:186} INFO - Started process (PID=333) to work on /opt/airflow/dags/ETL_Without_Crawl.py
[2025-11-05T14:29:46.522+0000] {processor.py:914} INFO - Processing file /opt/airflow/dags/ETL_Without_Crawl.py for tasks to queue
[2025-11-05T14:29:46.525+0000] {logging_mixin.py:190} INFO - [2025-11-05T14:29:46.524+0000] {dagbag.py:588} INFO - Filling up the DagBag from /opt/airflow/dags/ETL_Without_Crawl.py
[2025-11-05T14:29:46.559+0000] {processor.py:925} INFO - DAG(s) 'etl_without_crawl' retrieved from /opt/airflow/dags/ETL_Without_Crawl.py
[2025-11-05T14:29:46.631+0000] {logging_mixin.py:190} INFO - [2025-11-05T14:29:46.630+0000] {dag.py:3239} INFO - Sync 1 DAGs
[2025-11-05T14:29:46.668+0000] {logging_mixin.py:190} INFO - [2025-11-05T14:29:46.668+0000] {dag.py:4180} INFO - Setting next_dagrun for etl_without_crawl to None, run_after=None
[2025-11-05T14:29:46.720+0000] {processor.py:208} INFO - Processing /opt/airflow/dags/ETL_Without_Crawl.py took 0.211 seconds
[2025-11-05T14:30:17.184+0000] {processor.py:186} INFO - Started process (PID=337) to work on /opt/airflow/dags/ETL_Without_Crawl.py
[2025-11-05T14:30:17.185+0000] {processor.py:914} INFO - Processing file /opt/airflow/dags/ETL_Without_Crawl.py for tasks to queue
[2025-11-05T14:30:17.189+0000] {logging_mixin.py:190} INFO - [2025-11-05T14:30:17.188+0000] {dagbag.py:588} INFO - Filling up the DagBag from /opt/airflow/dags/ETL_Without_Crawl.py
[2025-11-05T14:30:17.224+0000] {processor.py:925} INFO - DAG(s) 'etl_without_crawl' retrieved from /opt/airflow/dags/ETL_Without_Crawl.py
[2025-11-05T14:30:17.293+0000] {logging_mixin.py:190} INFO - [2025-11-05T14:30:17.292+0000] {dag.py:3239} INFO - Sync 1 DAGs
[2025-11-05T14:30:17.337+0000] {logging_mixin.py:190} INFO - [2025-11-05T14:30:17.337+0000] {dag.py:4180} INFO - Setting next_dagrun for etl_without_crawl to None, run_after=None
[2025-11-05T14:30:17.400+0000] {processor.py:208} INFO - Processing /opt/airflow/dags/ETL_Without_Crawl.py took 0.229 seconds
[2025-11-05T14:30:48.197+0000] {processor.py:186} INFO - Started process (PID=341) to work on /opt/airflow/dags/ETL_Without_Crawl.py
[2025-11-05T14:30:48.198+0000] {processor.py:914} INFO - Processing file /opt/airflow/dags/ETL_Without_Crawl.py for tasks to queue
[2025-11-05T14:30:48.202+0000] {logging_mixin.py:190} INFO - [2025-11-05T14:30:48.200+0000] {dagbag.py:588} INFO - Filling up the DagBag from /opt/airflow/dags/ETL_Without_Crawl.py
[2025-11-05T14:30:48.240+0000] {processor.py:925} INFO - DAG(s) 'etl_without_crawl' retrieved from /opt/airflow/dags/ETL_Without_Crawl.py
[2025-11-05T14:30:48.338+0000] {logging_mixin.py:190} INFO - [2025-11-05T14:30:48.338+0000] {dag.py:3239} INFO - Sync 1 DAGs
[2025-11-05T14:30:48.384+0000] {logging_mixin.py:190} INFO - [2025-11-05T14:30:48.384+0000] {dag.py:4180} INFO - Setting next_dagrun for etl_without_crawl to None, run_after=None
[2025-11-05T14:30:48.445+0000] {processor.py:208} INFO - Processing /opt/airflow/dags/ETL_Without_Crawl.py took 0.259 seconds
[2025-11-05T14:31:19.246+0000] {processor.py:186} INFO - Started process (PID=345) to work on /opt/airflow/dags/ETL_Without_Crawl.py
[2025-11-05T14:31:19.247+0000] {processor.py:914} INFO - Processing file /opt/airflow/dags/ETL_Without_Crawl.py for tasks to queue
[2025-11-05T14:31:19.251+0000] {logging_mixin.py:190} INFO - [2025-11-05T14:31:19.250+0000] {dagbag.py:588} INFO - Filling up the DagBag from /opt/airflow/dags/ETL_Without_Crawl.py
[2025-11-05T14:31:19.281+0000] {processor.py:925} INFO - DAG(s) 'etl_without_crawl' retrieved from /opt/airflow/dags/ETL_Without_Crawl.py
[2025-11-05T14:31:19.359+0000] {logging_mixin.py:190} INFO - [2025-11-05T14:31:19.358+0000] {dag.py:3239} INFO - Sync 1 DAGs
[2025-11-05T14:31:19.400+0000] {logging_mixin.py:190} INFO - [2025-11-05T14:31:19.399+0000] {dag.py:4180} INFO - Setting next_dagrun for etl_without_crawl to None, run_after=None
[2025-11-05T14:31:19.470+0000] {processor.py:208} INFO - Processing /opt/airflow/dags/ETL_Without_Crawl.py took 0.236 seconds
[2025-11-05T14:31:49.708+0000] {processor.py:186} INFO - Started process (PID=349) to work on /opt/airflow/dags/ETL_Without_Crawl.py
[2025-11-05T14:31:49.713+0000] {processor.py:914} INFO - Processing file /opt/airflow/dags/ETL_Without_Crawl.py for tasks to queue
[2025-11-05T14:31:49.721+0000] {logging_mixin.py:190} INFO - [2025-11-05T14:31:49.721+0000] {dagbag.py:588} INFO - Filling up the DagBag from /opt/airflow/dags/ETL_Without_Crawl.py
[2025-11-05T14:31:49.801+0000] {processor.py:925} INFO - DAG(s) 'etl_without_crawl' retrieved from /opt/airflow/dags/ETL_Without_Crawl.py
[2025-11-05T14:31:49.913+0000] {logging_mixin.py:190} INFO - [2025-11-05T14:31:49.913+0000] {dag.py:3239} INFO - Sync 1 DAGs
[2025-11-05T14:31:49.968+0000] {logging_mixin.py:190} INFO - [2025-11-05T14:31:49.967+0000] {dag.py:4180} INFO - Setting next_dagrun for etl_without_crawl to None, run_after=None
[2025-11-05T14:31:50.039+0000] {processor.py:208} INFO - Processing /opt/airflow/dags/ETL_Without_Crawl.py took 0.349 seconds
[2025-11-05T14:32:21.258+0000] {processor.py:186} INFO - Started process (PID=351) to work on /opt/airflow/dags/ETL_Without_Crawl.py
[2025-11-05T14:32:21.260+0000] {processor.py:914} INFO - Processing file /opt/airflow/dags/ETL_Without_Crawl.py for tasks to queue
[2025-11-05T14:32:21.263+0000] {logging_mixin.py:190} INFO - [2025-11-05T14:32:21.263+0000] {dagbag.py:588} INFO - Filling up the DagBag from /opt/airflow/dags/ETL_Without_Crawl.py
[2025-11-05T14:32:21.301+0000] {processor.py:925} INFO - DAG(s) 'etl_without_crawl' retrieved from /opt/airflow/dags/ETL_Without_Crawl.py
[2025-11-05T14:32:21.394+0000] {logging_mixin.py:190} INFO - [2025-11-05T14:32:21.393+0000] {dag.py:3239} INFO - Sync 1 DAGs
[2025-11-05T14:32:21.443+0000] {logging_mixin.py:190} INFO - [2025-11-05T14:32:21.443+0000] {dag.py:4180} INFO - Setting next_dagrun for etl_without_crawl to None, run_after=None
[2025-11-05T14:32:21.529+0000] {processor.py:208} INFO - Processing /opt/airflow/dags/ETL_Without_Crawl.py took 0.282 seconds
[2025-11-05T14:32:54.134+0000] {processor.py:186} INFO - Started process (PID=355) to work on /opt/airflow/dags/ETL_Without_Crawl.py
[2025-11-05T14:32:54.135+0000] {processor.py:914} INFO - Processing file /opt/airflow/dags/ETL_Without_Crawl.py for tasks to queue
[2025-11-05T14:32:54.137+0000] {logging_mixin.py:190} INFO - [2025-11-05T14:32:54.136+0000] {dagbag.py:588} INFO - Filling up the DagBag from /opt/airflow/dags/ETL_Without_Crawl.py
[2025-11-05T14:32:54.168+0000] {processor.py:925} INFO - DAG(s) 'etl_without_crawl' retrieved from /opt/airflow/dags/ETL_Without_Crawl.py
[2025-11-05T14:32:54.251+0000] {logging_mixin.py:190} INFO - [2025-11-05T14:32:54.250+0000] {dag.py:3239} INFO - Sync 1 DAGs
[2025-11-05T14:32:54.297+0000] {logging_mixin.py:190} INFO - [2025-11-05T14:32:54.297+0000] {dag.py:4180} INFO - Setting next_dagrun for etl_without_crawl to None, run_after=None
[2025-11-05T14:32:54.359+0000] {processor.py:208} INFO - Processing /opt/airflow/dags/ETL_Without_Crawl.py took 0.236 seconds
[2025-11-05T14:33:27.160+0000] {processor.py:186} INFO - Started process (PID=359) to work on /opt/airflow/dags/ETL_Without_Crawl.py
[2025-11-05T14:33:27.162+0000] {processor.py:914} INFO - Processing file /opt/airflow/dags/ETL_Without_Crawl.py for tasks to queue
[2025-11-05T14:33:27.165+0000] {logging_mixin.py:190} INFO - [2025-11-05T14:33:27.164+0000] {dagbag.py:588} INFO - Filling up the DagBag from /opt/airflow/dags/ETL_Without_Crawl.py
[2025-11-05T14:33:27.195+0000] {processor.py:925} INFO - DAG(s) 'etl_without_crawl' retrieved from /opt/airflow/dags/ETL_Without_Crawl.py
[2025-11-05T14:33:27.278+0000] {logging_mixin.py:190} INFO - [2025-11-05T14:33:27.277+0000] {dag.py:3239} INFO - Sync 1 DAGs
[2025-11-05T14:33:27.328+0000] {logging_mixin.py:190} INFO - [2025-11-05T14:33:27.327+0000] {dag.py:4180} INFO - Setting next_dagrun for etl_without_crawl to None, run_after=None
[2025-11-05T14:33:27.418+0000] {processor.py:208} INFO - Processing /opt/airflow/dags/ETL_Without_Crawl.py took 0.273 seconds
