[2025-11-05T13:50:54.234+0000] {processor.py:186} INFO - Started process (PID=39) to work on /opt/airflow/dags/system_dag.py
[2025-11-05T13:50:54.235+0000] {processor.py:914} INFO - Processing file /opt/airflow/dags/system_dag.py for tasks to queue
[2025-11-05T13:50:54.238+0000] {logging_mixin.py:190} INFO - [2025-11-05T13:50:54.237+0000] {dagbag.py:588} INFO - Filling up the DagBag from /opt/airflow/dags/system_dag.py
[2025-11-05T13:50:54.278+0000] {processor.py:925} INFO - DAG(s) 'system_dag' retrieved from /opt/airflow/dags/system_dag.py
[2025-11-05T13:50:54.396+0000] {logging_mixin.py:190} INFO - [2025-11-05T13:50:54.394+0000] {dag.py:3239} INFO - Sync 1 DAGs
[2025-11-05T13:50:54.484+0000] {logging_mixin.py:190} INFO - [2025-11-05T13:50:54.483+0000] {dag.py:4180} INFO - Setting next_dagrun for system_dag to 2025-11-04T00:00:00+00:00, run_after=2025-11-05T00:00:00+00:00
[2025-11-05T13:50:54.542+0000] {processor.py:208} INFO - Processing /opt/airflow/dags/system_dag.py took 0.321 seconds
[2025-11-05T13:51:25.124+0000] {processor.py:186} INFO - Started process (PID=43) to work on /opt/airflow/dags/system_dag.py
[2025-11-05T13:51:25.125+0000] {processor.py:914} INFO - Processing file /opt/airflow/dags/system_dag.py for tasks to queue
[2025-11-05T13:51:25.127+0000] {logging_mixin.py:190} INFO - [2025-11-05T13:51:25.126+0000] {dagbag.py:588} INFO - Filling up the DagBag from /opt/airflow/dags/system_dag.py
[2025-11-05T13:51:25.176+0000] {processor.py:925} INFO - DAG(s) 'system_dag' retrieved from /opt/airflow/dags/system_dag.py
[2025-11-05T13:51:25.243+0000] {logging_mixin.py:190} INFO - [2025-11-05T13:51:25.243+0000] {dag.py:3239} INFO - Sync 1 DAGs
[2025-11-05T13:51:25.298+0000] {logging_mixin.py:190} INFO - [2025-11-05T13:51:25.298+0000] {dag.py:4180} INFO - Setting next_dagrun for system_dag to 2025-11-04T00:00:00+00:00, run_after=2025-11-05T00:00:00+00:00
[2025-11-05T13:51:25.368+0000] {processor.py:208} INFO - Processing /opt/airflow/dags/system_dag.py took 0.253 seconds
[2025-11-05T13:51:55.799+0000] {processor.py:186} INFO - Started process (PID=47) to work on /opt/airflow/dags/system_dag.py
[2025-11-05T13:51:55.800+0000] {processor.py:914} INFO - Processing file /opt/airflow/dags/system_dag.py for tasks to queue
[2025-11-05T13:51:55.803+0000] {logging_mixin.py:190} INFO - [2025-11-05T13:51:55.802+0000] {dagbag.py:588} INFO - Filling up the DagBag from /opt/airflow/dags/system_dag.py
[2025-11-05T13:51:55.833+0000] {processor.py:925} INFO - DAG(s) 'system_dag' retrieved from /opt/airflow/dags/system_dag.py
[2025-11-05T13:51:55.894+0000] {logging_mixin.py:190} INFO - [2025-11-05T13:51:55.893+0000] {dag.py:3239} INFO - Sync 1 DAGs
[2025-11-05T13:51:55.939+0000] {logging_mixin.py:190} INFO - [2025-11-05T13:51:55.939+0000] {dag.py:4180} INFO - Setting next_dagrun for system_dag to 2025-11-04T00:00:00+00:00, run_after=2025-11-05T00:00:00+00:00
[2025-11-05T13:51:55.975+0000] {processor.py:208} INFO - Processing /opt/airflow/dags/system_dag.py took 0.186 seconds
[2025-11-05T13:52:26.280+0000] {processor.py:186} INFO - Started process (PID=51) to work on /opt/airflow/dags/system_dag.py
[2025-11-05T13:52:26.281+0000] {processor.py:914} INFO - Processing file /opt/airflow/dags/system_dag.py for tasks to queue
[2025-11-05T13:52:26.285+0000] {logging_mixin.py:190} INFO - [2025-11-05T13:52:26.284+0000] {dagbag.py:588} INFO - Filling up the DagBag from /opt/airflow/dags/system_dag.py
[2025-11-05T13:52:26.312+0000] {processor.py:925} INFO - DAG(s) 'system_dag' retrieved from /opt/airflow/dags/system_dag.py
[2025-11-05T13:52:26.367+0000] {logging_mixin.py:190} INFO - [2025-11-05T13:52:26.366+0000] {dag.py:3239} INFO - Sync 1 DAGs
[2025-11-05T13:52:26.415+0000] {logging_mixin.py:190} INFO - [2025-11-05T13:52:26.415+0000] {dag.py:4180} INFO - Setting next_dagrun for system_dag to 2025-11-04T00:00:00+00:00, run_after=2025-11-05T00:00:00+00:00
[2025-11-05T13:52:26.456+0000] {processor.py:208} INFO - Processing /opt/airflow/dags/system_dag.py took 0.186 seconds
[2025-11-05T13:52:56.761+0000] {processor.py:186} INFO - Started process (PID=55) to work on /opt/airflow/dags/system_dag.py
[2025-11-05T13:52:56.762+0000] {processor.py:914} INFO - Processing file /opt/airflow/dags/system_dag.py for tasks to queue
[2025-11-05T13:52:56.763+0000] {logging_mixin.py:190} INFO - [2025-11-05T13:52:56.763+0000] {dagbag.py:588} INFO - Filling up the DagBag from /opt/airflow/dags/system_dag.py
[2025-11-05T13:52:56.790+0000] {processor.py:925} INFO - DAG(s) 'system_dag' retrieved from /opt/airflow/dags/system_dag.py
[2025-11-05T13:52:56.845+0000] {logging_mixin.py:190} INFO - [2025-11-05T13:52:56.844+0000] {dag.py:3239} INFO - Sync 1 DAGs
[2025-11-05T13:52:56.881+0000] {logging_mixin.py:190} INFO - [2025-11-05T13:52:56.881+0000] {dag.py:4180} INFO - Setting next_dagrun for system_dag to 2025-11-04T00:00:00+00:00, run_after=2025-11-05T00:00:00+00:00
[2025-11-05T13:52:56.921+0000] {processor.py:208} INFO - Processing /opt/airflow/dags/system_dag.py took 0.168 seconds
[2025-11-05T13:53:27.403+0000] {processor.py:186} INFO - Started process (PID=59) to work on /opt/airflow/dags/system_dag.py
[2025-11-05T13:53:27.404+0000] {processor.py:914} INFO - Processing file /opt/airflow/dags/system_dag.py for tasks to queue
[2025-11-05T13:53:27.406+0000] {logging_mixin.py:190} INFO - [2025-11-05T13:53:27.406+0000] {dagbag.py:588} INFO - Filling up the DagBag from /opt/airflow/dags/system_dag.py
[2025-11-05T13:53:27.453+0000] {processor.py:925} INFO - DAG(s) 'system_dag' retrieved from /opt/airflow/dags/system_dag.py
[2025-11-05T13:53:27.544+0000] {logging_mixin.py:190} INFO - [2025-11-05T13:53:27.543+0000] {dag.py:3239} INFO - Sync 1 DAGs
[2025-11-05T13:53:27.620+0000] {logging_mixin.py:190} INFO - [2025-11-05T13:53:27.620+0000] {dag.py:4180} INFO - Setting next_dagrun for system_dag to 2025-11-04T00:00:00+00:00, run_after=2025-11-05T00:00:00+00:00
[2025-11-05T13:53:27.673+0000] {processor.py:208} INFO - Processing /opt/airflow/dags/system_dag.py took 0.282 seconds
[2025-11-05T13:53:58.058+0000] {processor.py:186} INFO - Started process (PID=63) to work on /opt/airflow/dags/system_dag.py
[2025-11-05T13:53:58.059+0000] {processor.py:914} INFO - Processing file /opt/airflow/dags/system_dag.py for tasks to queue
[2025-11-05T13:53:58.060+0000] {logging_mixin.py:190} INFO - [2025-11-05T13:53:58.060+0000] {dagbag.py:588} INFO - Filling up the DagBag from /opt/airflow/dags/system_dag.py
[2025-11-05T13:53:58.094+0000] {processor.py:925} INFO - DAG(s) 'system_dag' retrieved from /opt/airflow/dags/system_dag.py
[2025-11-05T13:53:58.151+0000] {logging_mixin.py:190} INFO - [2025-11-05T13:53:58.150+0000] {dag.py:3239} INFO - Sync 1 DAGs
[2025-11-05T13:53:58.198+0000] {logging_mixin.py:190} INFO - [2025-11-05T13:53:58.198+0000] {dag.py:4180} INFO - Setting next_dagrun for system_dag to 2025-11-04T00:00:00+00:00, run_after=2025-11-05T00:00:00+00:00
[2025-11-05T13:53:58.235+0000] {processor.py:208} INFO - Processing /opt/airflow/dags/system_dag.py took 0.185 seconds
[2025-11-05T13:54:28.507+0000] {processor.py:186} INFO - Started process (PID=67) to work on /opt/airflow/dags/system_dag.py
[2025-11-05T13:54:28.508+0000] {processor.py:914} INFO - Processing file /opt/airflow/dags/system_dag.py for tasks to queue
[2025-11-05T13:54:28.509+0000] {logging_mixin.py:190} INFO - [2025-11-05T13:54:28.509+0000] {dagbag.py:588} INFO - Filling up the DagBag from /opt/airflow/dags/system_dag.py
[2025-11-05T13:54:28.548+0000] {processor.py:925} INFO - DAG(s) 'system_dag' retrieved from /opt/airflow/dags/system_dag.py
[2025-11-05T13:54:28.597+0000] {logging_mixin.py:190} INFO - [2025-11-05T13:54:28.596+0000] {dag.py:3239} INFO - Sync 1 DAGs
[2025-11-05T13:54:28.652+0000] {logging_mixin.py:190} INFO - [2025-11-05T13:54:28.652+0000] {dag.py:4180} INFO - Setting next_dagrun for system_dag to 2025-11-04T00:00:00+00:00, run_after=2025-11-05T00:00:00+00:00
[2025-11-05T13:54:28.709+0000] {processor.py:208} INFO - Processing /opt/airflow/dags/system_dag.py took 0.213 seconds
[2025-11-05T13:55:05.522+0000] {processor.py:186} INFO - Started process (PID=71) to work on /opt/airflow/dags/system_dag.py
[2025-11-05T13:55:05.524+0000] {processor.py:914} INFO - Processing file /opt/airflow/dags/system_dag.py for tasks to queue
[2025-11-05T13:55:05.525+0000] {logging_mixin.py:190} INFO - [2025-11-05T13:55:05.525+0000] {dagbag.py:588} INFO - Filling up the DagBag from /opt/airflow/dags/system_dag.py
[2025-11-05T13:55:05.561+0000] {processor.py:925} INFO - DAG(s) 'system_dag' retrieved from /opt/airflow/dags/system_dag.py
[2025-11-05T13:55:05.642+0000] {logging_mixin.py:190} INFO - [2025-11-05T13:55:05.642+0000] {dag.py:3239} INFO - Sync 1 DAGs
[2025-11-05T13:55:05.698+0000] {logging_mixin.py:190} INFO - [2025-11-05T13:55:05.697+0000] {dag.py:4180} INFO - Setting next_dagrun for system_dag to 2025-11-04T00:00:00+00:00, run_after=2025-11-05T00:00:00+00:00
[2025-11-05T13:55:05.754+0000] {processor.py:208} INFO - Processing /opt/airflow/dags/system_dag.py took 0.241 seconds
[2025-11-05T13:55:36.672+0000] {processor.py:186} INFO - Started process (PID=75) to work on /opt/airflow/dags/system_dag.py
[2025-11-05T13:55:36.673+0000] {processor.py:914} INFO - Processing file /opt/airflow/dags/system_dag.py for tasks to queue
[2025-11-05T13:55:36.675+0000] {logging_mixin.py:190} INFO - [2025-11-05T13:55:36.674+0000] {dagbag.py:588} INFO - Filling up the DagBag from /opt/airflow/dags/system_dag.py
[2025-11-05T13:55:36.705+0000] {processor.py:925} INFO - DAG(s) 'system_dag' retrieved from /opt/airflow/dags/system_dag.py
[2025-11-05T13:55:36.775+0000] {logging_mixin.py:190} INFO - [2025-11-05T13:55:36.775+0000] {dag.py:3239} INFO - Sync 1 DAGs
[2025-11-05T13:55:36.828+0000] {logging_mixin.py:190} INFO - [2025-11-05T13:55:36.828+0000] {dag.py:4180} INFO - Setting next_dagrun for system_dag to 2025-11-04T00:00:00+00:00, run_after=2025-11-05T00:00:00+00:00
[2025-11-05T13:55:36.874+0000] {processor.py:208} INFO - Processing /opt/airflow/dags/system_dag.py took 0.210 seconds
[2025-11-05T13:56:07.232+0000] {processor.py:186} INFO - Started process (PID=79) to work on /opt/airflow/dags/system_dag.py
[2025-11-05T13:56:07.237+0000] {processor.py:914} INFO - Processing file /opt/airflow/dags/system_dag.py for tasks to queue
[2025-11-05T13:56:07.240+0000] {logging_mixin.py:190} INFO - [2025-11-05T13:56:07.240+0000] {dagbag.py:588} INFO - Filling up the DagBag from /opt/airflow/dags/system_dag.py
[2025-11-05T13:56:07.367+0000] {processor.py:925} INFO - DAG(s) 'system_dag' retrieved from /opt/airflow/dags/system_dag.py
[2025-11-05T13:56:07.483+0000] {logging_mixin.py:190} INFO - [2025-11-05T13:56:07.483+0000] {dag.py:3239} INFO - Sync 1 DAGs
[2025-11-05T13:56:07.593+0000] {logging_mixin.py:190} INFO - [2025-11-05T13:56:07.592+0000] {dag.py:4180} INFO - Setting next_dagrun for system_dag to 2025-11-04T00:00:00+00:00, run_after=2025-11-05T00:00:00+00:00
[2025-11-05T13:56:07.692+0000] {processor.py:208} INFO - Processing /opt/airflow/dags/system_dag.py took 0.480 seconds
[2025-11-05T13:56:37.796+0000] {processor.py:186} INFO - Started process (PID=83) to work on /opt/airflow/dags/system_dag.py
[2025-11-05T13:56:37.797+0000] {processor.py:914} INFO - Processing file /opt/airflow/dags/system_dag.py for tasks to queue
[2025-11-05T13:56:37.800+0000] {logging_mixin.py:190} INFO - [2025-11-05T13:56:37.800+0000] {dagbag.py:588} INFO - Filling up the DagBag from /opt/airflow/dags/system_dag.py
[2025-11-05T13:56:37.838+0000] {processor.py:925} INFO - DAG(s) 'system_dag' retrieved from /opt/airflow/dags/system_dag.py
[2025-11-05T13:56:37.908+0000] {logging_mixin.py:190} INFO - [2025-11-05T13:56:37.907+0000] {dag.py:3239} INFO - Sync 1 DAGs
[2025-11-05T13:56:37.960+0000] {logging_mixin.py:190} INFO - [2025-11-05T13:56:37.960+0000] {dag.py:4180} INFO - Setting next_dagrun for system_dag to 2025-11-04T00:00:00+00:00, run_after=2025-11-05T00:00:00+00:00
[2025-11-05T13:56:38.011+0000] {processor.py:208} INFO - Processing /opt/airflow/dags/system_dag.py took 0.224 seconds
[2025-11-05T13:57:08.462+0000] {processor.py:186} INFO - Started process (PID=87) to work on /opt/airflow/dags/system_dag.py
[2025-11-05T13:57:08.463+0000] {processor.py:914} INFO - Processing file /opt/airflow/dags/system_dag.py for tasks to queue
[2025-11-05T13:57:08.465+0000] {logging_mixin.py:190} INFO - [2025-11-05T13:57:08.465+0000] {dagbag.py:588} INFO - Filling up the DagBag from /opt/airflow/dags/system_dag.py
[2025-11-05T13:57:08.495+0000] {processor.py:925} INFO - DAG(s) 'system_dag' retrieved from /opt/airflow/dags/system_dag.py
[2025-11-05T13:57:08.612+0000] {logging_mixin.py:190} INFO - [2025-11-05T13:57:08.610+0000] {dag.py:3239} INFO - Sync 1 DAGs
[2025-11-05T13:57:08.726+0000] {logging_mixin.py:190} INFO - [2025-11-05T13:57:08.725+0000] {dag.py:4180} INFO - Setting next_dagrun for system_dag to 2025-11-04T00:00:00+00:00, run_after=2025-11-05T00:00:00+00:00
[2025-11-05T13:57:08.819+0000] {processor.py:208} INFO - Processing /opt/airflow/dags/system_dag.py took 0.366 seconds
[2025-11-05T13:57:39.376+0000] {processor.py:186} INFO - Started process (PID=91) to work on /opt/airflow/dags/system_dag.py
[2025-11-05T13:57:39.377+0000] {processor.py:914} INFO - Processing file /opt/airflow/dags/system_dag.py for tasks to queue
[2025-11-05T13:57:39.379+0000] {logging_mixin.py:190} INFO - [2025-11-05T13:57:39.379+0000] {dagbag.py:588} INFO - Filling up the DagBag from /opt/airflow/dags/system_dag.py
[2025-11-05T13:57:39.411+0000] {processor.py:925} INFO - DAG(s) 'system_dag' retrieved from /opt/airflow/dags/system_dag.py
[2025-11-05T13:57:39.480+0000] {logging_mixin.py:190} INFO - [2025-11-05T13:57:39.479+0000] {dag.py:3239} INFO - Sync 1 DAGs
[2025-11-05T13:57:39.517+0000] {logging_mixin.py:190} INFO - [2025-11-05T13:57:39.517+0000] {dag.py:4180} INFO - Setting next_dagrun for system_dag to 2025-11-04T00:00:00+00:00, run_after=2025-11-05T00:00:00+00:00
[2025-11-05T13:57:39.545+0000] {processor.py:208} INFO - Processing /opt/airflow/dags/system_dag.py took 0.179 seconds
[2025-11-05T13:58:09.685+0000] {processor.py:186} INFO - Started process (PID=95) to work on /opt/airflow/dags/system_dag.py
[2025-11-05T13:58:09.686+0000] {processor.py:914} INFO - Processing file /opt/airflow/dags/system_dag.py for tasks to queue
[2025-11-05T13:58:09.690+0000] {logging_mixin.py:190} INFO - [2025-11-05T13:58:09.688+0000] {dagbag.py:588} INFO - Filling up the DagBag from /opt/airflow/dags/system_dag.py
[2025-11-05T13:58:09.723+0000] {processor.py:925} INFO - DAG(s) 'system_dag' retrieved from /opt/airflow/dags/system_dag.py
[2025-11-05T13:58:09.775+0000] {logging_mixin.py:190} INFO - [2025-11-05T13:58:09.775+0000] {dag.py:3239} INFO - Sync 1 DAGs
[2025-11-05T13:58:09.825+0000] {logging_mixin.py:190} INFO - [2025-11-05T13:58:09.825+0000] {dag.py:4180} INFO - Setting next_dagrun for system_dag to 2025-11-04T00:00:00+00:00, run_after=2025-11-05T00:00:00+00:00
[2025-11-05T13:58:09.858+0000] {processor.py:208} INFO - Processing /opt/airflow/dags/system_dag.py took 0.186 seconds
[2025-11-05T13:58:40.083+0000] {processor.py:186} INFO - Started process (PID=99) to work on /opt/airflow/dags/system_dag.py
[2025-11-05T13:58:40.084+0000] {processor.py:914} INFO - Processing file /opt/airflow/dags/system_dag.py for tasks to queue
[2025-11-05T13:58:40.086+0000] {logging_mixin.py:190} INFO - [2025-11-05T13:58:40.085+0000] {dagbag.py:588} INFO - Filling up the DagBag from /opt/airflow/dags/system_dag.py
[2025-11-05T13:58:40.125+0000] {processor.py:925} INFO - DAG(s) 'system_dag' retrieved from /opt/airflow/dags/system_dag.py
[2025-11-05T13:58:40.220+0000] {logging_mixin.py:190} INFO - [2025-11-05T13:58:40.220+0000] {dag.py:3239} INFO - Sync 1 DAGs
[2025-11-05T13:58:40.304+0000] {logging_mixin.py:190} INFO - [2025-11-05T13:58:40.304+0000] {dag.py:4180} INFO - Setting next_dagrun for system_dag to 2025-11-04T00:00:00+00:00, run_after=2025-11-05T00:00:00+00:00
[2025-11-05T13:58:40.359+0000] {processor.py:208} INFO - Processing /opt/airflow/dags/system_dag.py took 0.287 seconds
[2025-11-05T13:59:10.515+0000] {processor.py:186} INFO - Started process (PID=103) to work on /opt/airflow/dags/system_dag.py
[2025-11-05T13:59:10.516+0000] {processor.py:914} INFO - Processing file /opt/airflow/dags/system_dag.py for tasks to queue
[2025-11-05T13:59:10.519+0000] {logging_mixin.py:190} INFO - [2025-11-05T13:59:10.518+0000] {dagbag.py:588} INFO - Filling up the DagBag from /opt/airflow/dags/system_dag.py
[2025-11-05T13:59:10.605+0000] {processor.py:925} INFO - DAG(s) 'system_dag' retrieved from /opt/airflow/dags/system_dag.py
[2025-11-05T13:59:10.690+0000] {logging_mixin.py:190} INFO - [2025-11-05T13:59:10.690+0000] {dag.py:3239} INFO - Sync 1 DAGs
[2025-11-05T13:59:10.751+0000] {logging_mixin.py:190} INFO - [2025-11-05T13:59:10.751+0000] {dag.py:4180} INFO - Setting next_dagrun for system_dag to 2025-11-04T00:00:00+00:00, run_after=2025-11-05T00:00:00+00:00
[2025-11-05T13:59:10.795+0000] {processor.py:208} INFO - Processing /opt/airflow/dags/system_dag.py took 0.295 seconds
[2025-11-05T13:59:40.980+0000] {processor.py:186} INFO - Started process (PID=107) to work on /opt/airflow/dags/system_dag.py
[2025-11-05T13:59:40.981+0000] {processor.py:914} INFO - Processing file /opt/airflow/dags/system_dag.py for tasks to queue
[2025-11-05T13:59:40.982+0000] {logging_mixin.py:190} INFO - [2025-11-05T13:59:40.982+0000] {dagbag.py:588} INFO - Filling up the DagBag from /opt/airflow/dags/system_dag.py
[2025-11-05T13:59:41.007+0000] {processor.py:925} INFO - DAG(s) 'system_dag' retrieved from /opt/airflow/dags/system_dag.py
[2025-11-05T13:59:41.051+0000] {logging_mixin.py:190} INFO - [2025-11-05T13:59:41.051+0000] {dag.py:3239} INFO - Sync 1 DAGs
[2025-11-05T13:59:41.102+0000] {logging_mixin.py:190} INFO - [2025-11-05T13:59:41.102+0000] {dag.py:4180} INFO - Setting next_dagrun for system_dag to 2025-11-04T00:00:00+00:00, run_after=2025-11-05T00:00:00+00:00
[2025-11-05T13:59:41.140+0000] {processor.py:208} INFO - Processing /opt/airflow/dags/system_dag.py took 0.168 seconds
[2025-11-05T14:00:11.501+0000] {processor.py:186} INFO - Started process (PID=111) to work on /opt/airflow/dags/system_dag.py
[2025-11-05T14:00:11.502+0000] {processor.py:914} INFO - Processing file /opt/airflow/dags/system_dag.py for tasks to queue
[2025-11-05T14:00:11.504+0000] {logging_mixin.py:190} INFO - [2025-11-05T14:00:11.503+0000] {dagbag.py:588} INFO - Filling up the DagBag from /opt/airflow/dags/system_dag.py
[2025-11-05T14:00:11.530+0000] {processor.py:925} INFO - DAG(s) 'system_dag' retrieved from /opt/airflow/dags/system_dag.py
[2025-11-05T14:00:11.574+0000] {logging_mixin.py:190} INFO - [2025-11-05T14:00:11.573+0000] {dag.py:3239} INFO - Sync 1 DAGs
[2025-11-05T14:00:11.612+0000] {logging_mixin.py:190} INFO - [2025-11-05T14:00:11.612+0000] {dag.py:4180} INFO - Setting next_dagrun for system_dag to 2025-11-04T00:00:00+00:00, run_after=2025-11-05T00:00:00+00:00
[2025-11-05T14:00:11.642+0000] {processor.py:208} INFO - Processing /opt/airflow/dags/system_dag.py took 0.151 seconds
[2025-11-05T14:00:43.016+0000] {processor.py:186} INFO - Started process (PID=115) to work on /opt/airflow/dags/system_dag.py
[2025-11-05T14:00:43.017+0000] {processor.py:914} INFO - Processing file /opt/airflow/dags/system_dag.py for tasks to queue
[2025-11-05T14:00:43.019+0000] {logging_mixin.py:190} INFO - [2025-11-05T14:00:43.019+0000] {dagbag.py:588} INFO - Filling up the DagBag from /opt/airflow/dags/system_dag.py
[2025-11-05T14:00:43.054+0000] {processor.py:925} INFO - DAG(s) 'system_dag' retrieved from /opt/airflow/dags/system_dag.py
[2025-11-05T14:00:43.129+0000] {logging_mixin.py:190} INFO - [2025-11-05T14:00:43.128+0000] {dag.py:3239} INFO - Sync 1 DAGs
[2025-11-05T14:00:43.191+0000] {logging_mixin.py:190} INFO - [2025-11-05T14:00:43.191+0000] {dag.py:4180} INFO - Setting next_dagrun for system_dag to 2025-11-04T00:00:00+00:00, run_after=2025-11-05T00:00:00+00:00
[2025-11-05T14:00:43.240+0000] {processor.py:208} INFO - Processing /opt/airflow/dags/system_dag.py took 0.232 seconds
[2025-11-05T14:01:15.627+0000] {processor.py:186} INFO - Started process (PID=119) to work on /opt/airflow/dags/system_dag.py
[2025-11-05T14:01:15.628+0000] {processor.py:914} INFO - Processing file /opt/airflow/dags/system_dag.py for tasks to queue
[2025-11-05T14:01:15.629+0000] {logging_mixin.py:190} INFO - [2025-11-05T14:01:15.629+0000] {dagbag.py:588} INFO - Filling up the DagBag from /opt/airflow/dags/system_dag.py
[2025-11-05T14:01:15.651+0000] {processor.py:925} INFO - DAG(s) 'system_dag' retrieved from /opt/airflow/dags/system_dag.py
[2025-11-05T14:01:15.694+0000] {logging_mixin.py:190} INFO - [2025-11-05T14:01:15.694+0000] {dag.py:3239} INFO - Sync 1 DAGs
[2025-11-05T14:01:15.731+0000] {logging_mixin.py:190} INFO - [2025-11-05T14:01:15.731+0000] {dag.py:4180} INFO - Setting next_dagrun for system_dag to 2025-11-04T00:00:00+00:00, run_after=2025-11-05T00:00:00+00:00
[2025-11-05T14:01:15.755+0000] {processor.py:208} INFO - Processing /opt/airflow/dags/system_dag.py took 0.138 seconds
[2025-11-05T14:01:48.166+0000] {processor.py:186} INFO - Started process (PID=123) to work on /opt/airflow/dags/system_dag.py
[2025-11-05T14:01:48.167+0000] {processor.py:914} INFO - Processing file /opt/airflow/dags/system_dag.py for tasks to queue
[2025-11-05T14:01:48.169+0000] {logging_mixin.py:190} INFO - [2025-11-05T14:01:48.169+0000] {dagbag.py:588} INFO - Filling up the DagBag from /opt/airflow/dags/system_dag.py
[2025-11-05T14:01:48.200+0000] {processor.py:925} INFO - DAG(s) 'system_dag' retrieved from /opt/airflow/dags/system_dag.py
[2025-11-05T14:01:48.264+0000] {logging_mixin.py:190} INFO - [2025-11-05T14:01:48.263+0000] {dag.py:3239} INFO - Sync 1 DAGs
[2025-11-05T14:01:48.321+0000] {logging_mixin.py:190} INFO - [2025-11-05T14:01:48.321+0000] {dag.py:4180} INFO - Setting next_dagrun for system_dag to 2025-11-04T00:00:00+00:00, run_after=2025-11-05T00:00:00+00:00
[2025-11-05T14:01:48.356+0000] {processor.py:208} INFO - Processing /opt/airflow/dags/system_dag.py took 0.204 seconds
[2025-11-05T14:02:20.960+0000] {processor.py:186} INFO - Started process (PID=127) to work on /opt/airflow/dags/system_dag.py
[2025-11-05T14:02:20.962+0000] {processor.py:914} INFO - Processing file /opt/airflow/dags/system_dag.py for tasks to queue
[2025-11-05T14:02:20.964+0000] {logging_mixin.py:190} INFO - [2025-11-05T14:02:20.963+0000] {dagbag.py:588} INFO - Filling up the DagBag from /opt/airflow/dags/system_dag.py
[2025-11-05T14:02:20.996+0000] {processor.py:925} INFO - DAG(s) 'system_dag' retrieved from /opt/airflow/dags/system_dag.py
[2025-11-05T14:02:21.073+0000] {logging_mixin.py:190} INFO - [2025-11-05T14:02:21.073+0000] {dag.py:3239} INFO - Sync 1 DAGs
[2025-11-05T14:02:21.174+0000] {logging_mixin.py:190} INFO - [2025-11-05T14:02:21.173+0000] {dag.py:4180} INFO - Setting next_dagrun for system_dag to 2025-11-04T00:00:00+00:00, run_after=2025-11-05T00:00:00+00:00
[2025-11-05T14:02:21.219+0000] {processor.py:208} INFO - Processing /opt/airflow/dags/system_dag.py took 0.273 seconds
[2025-11-05T14:02:54.022+0000] {processor.py:186} INFO - Started process (PID=131) to work on /opt/airflow/dags/system_dag.py
[2025-11-05T14:02:54.024+0000] {processor.py:914} INFO - Processing file /opt/airflow/dags/system_dag.py for tasks to queue
[2025-11-05T14:02:54.027+0000] {logging_mixin.py:190} INFO - [2025-11-05T14:02:54.026+0000] {dagbag.py:588} INFO - Filling up the DagBag from /opt/airflow/dags/system_dag.py
[2025-11-05T14:02:54.076+0000] {processor.py:925} INFO - DAG(s) 'system_dag' retrieved from /opt/airflow/dags/system_dag.py
[2025-11-05T14:02:54.169+0000] {logging_mixin.py:190} INFO - [2025-11-05T14:02:54.168+0000] {dag.py:3239} INFO - Sync 1 DAGs
[2025-11-05T14:02:54.304+0000] {logging_mixin.py:190} INFO - [2025-11-05T14:02:54.304+0000] {dag.py:4180} INFO - Setting next_dagrun for system_dag to 2025-11-04T00:00:00+00:00, run_after=2025-11-05T00:00:00+00:00
[2025-11-05T14:02:54.366+0000] {processor.py:208} INFO - Processing /opt/airflow/dags/system_dag.py took 0.359 seconds
[2025-11-05T14:03:26.800+0000] {processor.py:186} INFO - Started process (PID=135) to work on /opt/airflow/dags/system_dag.py
[2025-11-05T14:03:26.801+0000] {processor.py:914} INFO - Processing file /opt/airflow/dags/system_dag.py for tasks to queue
[2025-11-05T14:03:26.804+0000] {logging_mixin.py:190} INFO - [2025-11-05T14:03:26.804+0000] {dagbag.py:588} INFO - Filling up the DagBag from /opt/airflow/dags/system_dag.py
[2025-11-05T14:03:26.841+0000] {processor.py:925} INFO - DAG(s) 'system_dag' retrieved from /opt/airflow/dags/system_dag.py
[2025-11-05T14:03:26.903+0000] {logging_mixin.py:190} INFO - [2025-11-05T14:03:26.903+0000] {dag.py:3239} INFO - Sync 1 DAGs
[2025-11-05T14:03:26.960+0000] {logging_mixin.py:190} INFO - [2025-11-05T14:03:26.960+0000] {dag.py:4180} INFO - Setting next_dagrun for system_dag to 2025-11-04T00:00:00+00:00, run_after=2025-11-05T00:00:00+00:00
[2025-11-05T14:03:27.006+0000] {processor.py:208} INFO - Processing /opt/airflow/dags/system_dag.py took 0.214 seconds
[2025-11-05T14:03:59.438+0000] {processor.py:186} INFO - Started process (PID=139) to work on /opt/airflow/dags/system_dag.py
[2025-11-05T14:03:59.439+0000] {processor.py:914} INFO - Processing file /opt/airflow/dags/system_dag.py for tasks to queue
[2025-11-05T14:03:59.441+0000] {logging_mixin.py:190} INFO - [2025-11-05T14:03:59.440+0000] {dagbag.py:588} INFO - Filling up the DagBag from /opt/airflow/dags/system_dag.py
[2025-11-05T14:03:59.469+0000] {processor.py:925} INFO - DAG(s) 'system_dag' retrieved from /opt/airflow/dags/system_dag.py
[2025-11-05T14:03:59.526+0000] {logging_mixin.py:190} INFO - [2025-11-05T14:03:59.526+0000] {dag.py:3239} INFO - Sync 1 DAGs
[2025-11-05T14:03:59.572+0000] {logging_mixin.py:190} INFO - [2025-11-05T14:03:59.572+0000] {dag.py:4180} INFO - Setting next_dagrun for system_dag to 2025-11-04T00:00:00+00:00, run_after=2025-11-05T00:00:00+00:00
[2025-11-05T14:03:59.618+0000] {processor.py:208} INFO - Processing /opt/airflow/dags/system_dag.py took 0.188 seconds
[2025-11-05T14:04:31.842+0000] {processor.py:186} INFO - Started process (PID=143) to work on /opt/airflow/dags/system_dag.py
[2025-11-05T14:04:31.843+0000] {processor.py:914} INFO - Processing file /opt/airflow/dags/system_dag.py for tasks to queue
[2025-11-05T14:04:31.845+0000] {logging_mixin.py:190} INFO - [2025-11-05T14:04:31.844+0000] {dagbag.py:588} INFO - Filling up the DagBag from /opt/airflow/dags/system_dag.py
[2025-11-05T14:04:31.874+0000] {processor.py:925} INFO - DAG(s) 'system_dag' retrieved from /opt/airflow/dags/system_dag.py
[2025-11-05T14:04:31.924+0000] {logging_mixin.py:190} INFO - [2025-11-05T14:04:31.924+0000] {dag.py:3239} INFO - Sync 1 DAGs
[2025-11-05T14:04:31.965+0000] {logging_mixin.py:190} INFO - [2025-11-05T14:04:31.965+0000] {dag.py:4180} INFO - Setting next_dagrun for system_dag to 2025-11-04T00:00:00+00:00, run_after=2025-11-05T00:00:00+00:00
[2025-11-05T14:04:31.994+0000] {processor.py:208} INFO - Processing /opt/airflow/dags/system_dag.py took 0.160 seconds
[2025-11-05T14:05:05.384+0000] {processor.py:186} INFO - Started process (PID=147) to work on /opt/airflow/dags/system_dag.py
[2025-11-05T14:05:05.388+0000] {processor.py:914} INFO - Processing file /opt/airflow/dags/system_dag.py for tasks to queue
[2025-11-05T14:05:05.392+0000] {logging_mixin.py:190} INFO - [2025-11-05T14:05:05.392+0000] {dagbag.py:588} INFO - Filling up the DagBag from /opt/airflow/dags/system_dag.py
[2025-11-05T14:05:05.425+0000] {processor.py:925} INFO - DAG(s) 'system_dag' retrieved from /opt/airflow/dags/system_dag.py
[2025-11-05T14:05:05.489+0000] {logging_mixin.py:190} INFO - [2025-11-05T14:05:05.489+0000] {dag.py:3239} INFO - Sync 1 DAGs
[2025-11-05T14:05:05.550+0000] {logging_mixin.py:190} INFO - [2025-11-05T14:05:05.550+0000] {dag.py:4180} INFO - Setting next_dagrun for system_dag to 2025-11-04T00:00:00+00:00, run_after=2025-11-05T00:00:00+00:00
[2025-11-05T14:05:05.590+0000] {processor.py:208} INFO - Processing /opt/airflow/dags/system_dag.py took 0.215 seconds
[2025-11-05T14:05:37.822+0000] {processor.py:186} INFO - Started process (PID=151) to work on /opt/airflow/dags/system_dag.py
[2025-11-05T14:05:37.823+0000] {processor.py:914} INFO - Processing file /opt/airflow/dags/system_dag.py for tasks to queue
[2025-11-05T14:05:37.825+0000] {logging_mixin.py:190} INFO - [2025-11-05T14:05:37.825+0000] {dagbag.py:588} INFO - Filling up the DagBag from /opt/airflow/dags/system_dag.py
[2025-11-05T14:05:37.849+0000] {processor.py:925} INFO - DAG(s) 'system_dag' retrieved from /opt/airflow/dags/system_dag.py
[2025-11-05T14:05:37.898+0000] {logging_mixin.py:190} INFO - [2025-11-05T14:05:37.898+0000] {dag.py:3239} INFO - Sync 1 DAGs
[2025-11-05T14:05:37.942+0000] {logging_mixin.py:190} INFO - [2025-11-05T14:05:37.941+0000] {dag.py:4180} INFO - Setting next_dagrun for system_dag to 2025-11-04T00:00:00+00:00, run_after=2025-11-05T00:00:00+00:00
[2025-11-05T14:05:37.985+0000] {processor.py:208} INFO - Processing /opt/airflow/dags/system_dag.py took 0.171 seconds
[2025-11-05T14:06:10.205+0000] {processor.py:186} INFO - Started process (PID=155) to work on /opt/airflow/dags/system_dag.py
[2025-11-05T14:06:10.206+0000] {processor.py:914} INFO - Processing file /opt/airflow/dags/system_dag.py for tasks to queue
[2025-11-05T14:06:10.208+0000] {logging_mixin.py:190} INFO - [2025-11-05T14:06:10.207+0000] {dagbag.py:588} INFO - Filling up the DagBag from /opt/airflow/dags/system_dag.py
[2025-11-05T14:06:10.235+0000] {processor.py:925} INFO - DAG(s) 'system_dag' retrieved from /opt/airflow/dags/system_dag.py
[2025-11-05T14:06:10.288+0000] {logging_mixin.py:190} INFO - [2025-11-05T14:06:10.287+0000] {dag.py:3239} INFO - Sync 1 DAGs
[2025-11-05T14:06:10.367+0000] {logging_mixin.py:190} INFO - [2025-11-05T14:06:10.367+0000] {dag.py:4180} INFO - Setting next_dagrun for system_dag to 2025-11-04T00:00:00+00:00, run_after=2025-11-05T00:00:00+00:00
[2025-11-05T14:06:10.432+0000] {processor.py:208} INFO - Processing /opt/airflow/dags/system_dag.py took 0.238 seconds
[2025-11-05T14:06:42.713+0000] {processor.py:186} INFO - Started process (PID=159) to work on /opt/airflow/dags/system_dag.py
[2025-11-05T14:06:42.714+0000] {processor.py:914} INFO - Processing file /opt/airflow/dags/system_dag.py for tasks to queue
[2025-11-05T14:06:42.716+0000] {logging_mixin.py:190} INFO - [2025-11-05T14:06:42.716+0000] {dagbag.py:588} INFO - Filling up the DagBag from /opt/airflow/dags/system_dag.py
[2025-11-05T14:06:42.741+0000] {processor.py:925} INFO - DAG(s) 'system_dag' retrieved from /opt/airflow/dags/system_dag.py
[2025-11-05T14:06:42.819+0000] {logging_mixin.py:190} INFO - [2025-11-05T14:06:42.818+0000] {dag.py:3239} INFO - Sync 1 DAGs
[2025-11-05T14:06:42.861+0000] {logging_mixin.py:190} INFO - [2025-11-05T14:06:42.861+0000] {dag.py:4180} INFO - Setting next_dagrun for system_dag to 2025-11-04T00:00:00+00:00, run_after=2025-11-05T00:00:00+00:00
[2025-11-05T14:06:42.899+0000] {processor.py:208} INFO - Processing /opt/airflow/dags/system_dag.py took 0.192 seconds
[2025-11-05T14:07:16.321+0000] {processor.py:186} INFO - Started process (PID=163) to work on /opt/airflow/dags/system_dag.py
[2025-11-05T14:07:16.322+0000] {processor.py:914} INFO - Processing file /opt/airflow/dags/system_dag.py for tasks to queue
[2025-11-05T14:07:16.323+0000] {logging_mixin.py:190} INFO - [2025-11-05T14:07:16.323+0000] {dagbag.py:588} INFO - Filling up the DagBag from /opt/airflow/dags/system_dag.py
[2025-11-05T14:07:16.353+0000] {processor.py:925} INFO - DAG(s) 'system_dag' retrieved from /opt/airflow/dags/system_dag.py
[2025-11-05T14:07:16.420+0000] {logging_mixin.py:190} INFO - [2025-11-05T14:07:16.420+0000] {dag.py:3239} INFO - Sync 1 DAGs
[2025-11-05T14:07:16.473+0000] {logging_mixin.py:190} INFO - [2025-11-05T14:07:16.472+0000] {dag.py:4180} INFO - Setting next_dagrun for system_dag to 2025-11-04T00:00:00+00:00, run_after=2025-11-05T00:00:00+00:00
[2025-11-05T14:07:16.514+0000] {processor.py:208} INFO - Processing /opt/airflow/dags/system_dag.py took 0.201 seconds
[2025-11-05T14:07:48.916+0000] {processor.py:186} INFO - Started process (PID=167) to work on /opt/airflow/dags/system_dag.py
[2025-11-05T14:07:48.917+0000] {processor.py:914} INFO - Processing file /opt/airflow/dags/system_dag.py for tasks to queue
[2025-11-05T14:07:48.921+0000] {logging_mixin.py:190} INFO - [2025-11-05T14:07:48.920+0000] {dagbag.py:588} INFO - Filling up the DagBag from /opt/airflow/dags/system_dag.py
[2025-11-05T14:07:48.950+0000] {processor.py:925} INFO - DAG(s) 'system_dag' retrieved from /opt/airflow/dags/system_dag.py
[2025-11-05T14:07:48.996+0000] {logging_mixin.py:190} INFO - [2025-11-05T14:07:48.996+0000] {dag.py:3239} INFO - Sync 1 DAGs
[2025-11-05T14:07:49.034+0000] {logging_mixin.py:190} INFO - [2025-11-05T14:07:49.034+0000] {dag.py:4180} INFO - Setting next_dagrun for system_dag to 2025-11-04T00:00:00+00:00, run_after=2025-11-05T00:00:00+00:00
[2025-11-05T14:07:49.064+0000] {processor.py:208} INFO - Processing /opt/airflow/dags/system_dag.py took 0.155 seconds
[2025-11-05T14:08:21.349+0000] {processor.py:186} INFO - Started process (PID=171) to work on /opt/airflow/dags/system_dag.py
[2025-11-05T14:08:21.351+0000] {processor.py:914} INFO - Processing file /opt/airflow/dags/system_dag.py for tasks to queue
[2025-11-05T14:08:21.353+0000] {logging_mixin.py:190} INFO - [2025-11-05T14:08:21.353+0000] {dagbag.py:588} INFO - Filling up the DagBag from /opt/airflow/dags/system_dag.py
[2025-11-05T14:08:21.412+0000] {processor.py:925} INFO - DAG(s) 'system_dag' retrieved from /opt/airflow/dags/system_dag.py
[2025-11-05T14:08:21.511+0000] {logging_mixin.py:190} INFO - [2025-11-05T14:08:21.510+0000] {dag.py:3239} INFO - Sync 1 DAGs
[2025-11-05T14:08:21.582+0000] {logging_mixin.py:190} INFO - [2025-11-05T14:08:21.582+0000] {dag.py:4180} INFO - Setting next_dagrun for system_dag to 2025-11-04T00:00:00+00:00, run_after=2025-11-05T00:00:00+00:00
[2025-11-05T14:08:21.628+0000] {processor.py:208} INFO - Processing /opt/airflow/dags/system_dag.py took 0.299 seconds
[2025-11-05T14:08:54.074+0000] {processor.py:186} INFO - Started process (PID=175) to work on /opt/airflow/dags/system_dag.py
[2025-11-05T14:08:54.075+0000] {processor.py:914} INFO - Processing file /opt/airflow/dags/system_dag.py for tasks to queue
[2025-11-05T14:08:54.077+0000] {logging_mixin.py:190} INFO - [2025-11-05T14:08:54.076+0000] {dagbag.py:588} INFO - Filling up the DagBag from /opt/airflow/dags/system_dag.py
[2025-11-05T14:08:54.111+0000] {processor.py:925} INFO - DAG(s) 'system_dag' retrieved from /opt/airflow/dags/system_dag.py
[2025-11-05T14:08:54.185+0000] {logging_mixin.py:190} INFO - [2025-11-05T14:08:54.185+0000] {dag.py:3239} INFO - Sync 1 DAGs
[2025-11-05T14:08:54.268+0000] {logging_mixin.py:190} INFO - [2025-11-05T14:08:54.267+0000] {dag.py:4180} INFO - Setting next_dagrun for system_dag to 2025-11-04T00:00:00+00:00, run_after=2025-11-05T00:00:00+00:00
[2025-11-05T14:08:54.332+0000] {processor.py:208} INFO - Processing /opt/airflow/dags/system_dag.py took 0.267 seconds
[2025-11-05T14:09:26.634+0000] {processor.py:186} INFO - Started process (PID=179) to work on /opt/airflow/dags/system_dag.py
[2025-11-05T14:09:26.636+0000] {processor.py:914} INFO - Processing file /opt/airflow/dags/system_dag.py for tasks to queue
[2025-11-05T14:09:26.642+0000] {logging_mixin.py:190} INFO - [2025-11-05T14:09:26.640+0000] {dagbag.py:588} INFO - Filling up the DagBag from /opt/airflow/dags/system_dag.py
[2025-11-05T14:09:26.678+0000] {processor.py:925} INFO - DAG(s) 'system_dag' retrieved from /opt/airflow/dags/system_dag.py
[2025-11-05T14:09:26.748+0000] {logging_mixin.py:190} INFO - [2025-11-05T14:09:26.748+0000] {dag.py:3239} INFO - Sync 1 DAGs
[2025-11-05T14:09:26.825+0000] {logging_mixin.py:190} INFO - [2025-11-05T14:09:26.825+0000] {dag.py:4180} INFO - Setting next_dagrun for system_dag to 2025-11-04T00:00:00+00:00, run_after=2025-11-05T00:00:00+00:00
[2025-11-05T14:09:26.867+0000] {processor.py:208} INFO - Processing /opt/airflow/dags/system_dag.py took 0.247 seconds
[2025-11-05T14:09:59.300+0000] {processor.py:186} INFO - Started process (PID=183) to work on /opt/airflow/dags/system_dag.py
[2025-11-05T14:09:59.302+0000] {processor.py:914} INFO - Processing file /opt/airflow/dags/system_dag.py for tasks to queue
[2025-11-05T14:09:59.305+0000] {logging_mixin.py:190} INFO - [2025-11-05T14:09:59.305+0000] {dagbag.py:588} INFO - Filling up the DagBag from /opt/airflow/dags/system_dag.py
[2025-11-05T14:09:59.359+0000] {processor.py:925} INFO - DAG(s) 'system_dag' retrieved from /opt/airflow/dags/system_dag.py
[2025-11-05T14:09:59.469+0000] {logging_mixin.py:190} INFO - [2025-11-05T14:09:59.469+0000] {dag.py:3239} INFO - Sync 1 DAGs
[2025-11-05T14:09:59.511+0000] {logging_mixin.py:190} INFO - [2025-11-05T14:09:59.511+0000] {dag.py:4180} INFO - Setting next_dagrun for system_dag to 2025-11-04T00:00:00+00:00, run_after=2025-11-05T00:00:00+00:00
[2025-11-05T14:09:59.695+0000] {processor.py:208} INFO - Processing /opt/airflow/dags/system_dag.py took 0.416 seconds
[2025-11-05T14:10:32.135+0000] {processor.py:186} INFO - Started process (PID=187) to work on /opt/airflow/dags/system_dag.py
[2025-11-05T14:10:32.136+0000] {processor.py:914} INFO - Processing file /opt/airflow/dags/system_dag.py for tasks to queue
[2025-11-05T14:10:32.139+0000] {logging_mixin.py:190} INFO - [2025-11-05T14:10:32.139+0000] {dagbag.py:588} INFO - Filling up the DagBag from /opt/airflow/dags/system_dag.py
[2025-11-05T14:10:32.164+0000] {processor.py:925} INFO - DAG(s) 'system_dag' retrieved from /opt/airflow/dags/system_dag.py
[2025-11-05T14:10:32.222+0000] {logging_mixin.py:190} INFO - [2025-11-05T14:10:32.221+0000] {dag.py:3239} INFO - Sync 1 DAGs
[2025-11-05T14:10:32.265+0000] {logging_mixin.py:190} INFO - [2025-11-05T14:10:32.265+0000] {dag.py:4180} INFO - Setting next_dagrun for system_dag to 2025-11-04T00:00:00+00:00, run_after=2025-11-05T00:00:00+00:00
[2025-11-05T14:10:32.291+0000] {processor.py:208} INFO - Processing /opt/airflow/dags/system_dag.py took 0.166 seconds
[2025-11-05T14:11:04.563+0000] {processor.py:186} INFO - Started process (PID=191) to work on /opt/airflow/dags/system_dag.py
[2025-11-05T14:11:04.564+0000] {processor.py:914} INFO - Processing file /opt/airflow/dags/system_dag.py for tasks to queue
[2025-11-05T14:11:04.566+0000] {logging_mixin.py:190} INFO - [2025-11-05T14:11:04.565+0000] {dagbag.py:588} INFO - Filling up the DagBag from /opt/airflow/dags/system_dag.py
[2025-11-05T14:11:04.590+0000] {processor.py:925} INFO - DAG(s) 'system_dag' retrieved from /opt/airflow/dags/system_dag.py
[2025-11-05T14:11:04.631+0000] {logging_mixin.py:190} INFO - [2025-11-05T14:11:04.631+0000] {dag.py:3239} INFO - Sync 1 DAGs
[2025-11-05T14:11:04.660+0000] {logging_mixin.py:190} INFO - [2025-11-05T14:11:04.660+0000] {dag.py:4180} INFO - Setting next_dagrun for system_dag to 2025-11-04T00:00:00+00:00, run_after=2025-11-05T00:00:00+00:00
[2025-11-05T14:11:04.702+0000] {processor.py:208} INFO - Processing /opt/airflow/dags/system_dag.py took 0.147 seconds
[2025-11-05T14:11:37.119+0000] {processor.py:186} INFO - Started process (PID=195) to work on /opt/airflow/dags/system_dag.py
[2025-11-05T14:11:37.120+0000] {processor.py:914} INFO - Processing file /opt/airflow/dags/system_dag.py for tasks to queue
[2025-11-05T14:11:37.121+0000] {logging_mixin.py:190} INFO - [2025-11-05T14:11:37.121+0000] {dagbag.py:588} INFO - Filling up the DagBag from /opt/airflow/dags/system_dag.py
[2025-11-05T14:11:37.146+0000] {processor.py:925} INFO - DAG(s) 'system_dag' retrieved from /opt/airflow/dags/system_dag.py
[2025-11-05T14:11:37.192+0000] {logging_mixin.py:190} INFO - [2025-11-05T14:11:37.191+0000] {dag.py:3239} INFO - Sync 1 DAGs
[2025-11-05T14:11:37.229+0000] {logging_mixin.py:190} INFO - [2025-11-05T14:11:37.228+0000] {dag.py:4180} INFO - Setting next_dagrun for system_dag to 2025-11-04T00:00:00+00:00, run_after=2025-11-05T00:00:00+00:00
[2025-11-05T14:11:37.263+0000] {processor.py:208} INFO - Processing /opt/airflow/dags/system_dag.py took 0.151 seconds
[2025-11-05T14:12:10.751+0000] {processor.py:186} INFO - Started process (PID=199) to work on /opt/airflow/dags/system_dag.py
[2025-11-05T14:12:10.804+0000] {processor.py:914} INFO - Processing file /opt/airflow/dags/system_dag.py for tasks to queue
[2025-11-05T14:12:10.849+0000] {logging_mixin.py:190} INFO - [2025-11-05T14:12:10.849+0000] {dagbag.py:588} INFO - Filling up the DagBag from /opt/airflow/dags/system_dag.py
[2025-11-05T14:12:10.980+0000] {processor.py:925} INFO - DAG(s) 'system_dag' retrieved from /opt/airflow/dags/system_dag.py
[2025-11-05T14:12:11.105+0000] {logging_mixin.py:190} INFO - [2025-11-05T14:12:11.105+0000] {dag.py:3239} INFO - Sync 1 DAGs
[2025-11-05T14:12:11.180+0000] {logging_mixin.py:190} INFO - [2025-11-05T14:12:11.180+0000] {dag.py:4180} INFO - Setting next_dagrun for system_dag to 2025-11-04T00:00:00+00:00, run_after=2025-11-05T00:00:00+00:00
[2025-11-05T14:12:11.230+0000] {processor.py:208} INFO - Processing /opt/airflow/dags/system_dag.py took 0.497 seconds
[2025-11-05T14:12:42.946+0000] {processor.py:186} INFO - Started process (PID=203) to work on /opt/airflow/dags/system_dag.py
[2025-11-05T14:12:42.948+0000] {processor.py:914} INFO - Processing file /opt/airflow/dags/system_dag.py for tasks to queue
[2025-11-05T14:12:42.950+0000] {logging_mixin.py:190} INFO - [2025-11-05T14:12:42.950+0000] {dagbag.py:588} INFO - Filling up the DagBag from /opt/airflow/dags/system_dag.py
[2025-11-05T14:12:43.002+0000] {processor.py:925} INFO - DAG(s) 'system_dag' retrieved from /opt/airflow/dags/system_dag.py
[2025-11-05T14:12:43.086+0000] {logging_mixin.py:190} INFO - [2025-11-05T14:12:43.086+0000] {dag.py:3239} INFO - Sync 1 DAGs
[2025-11-05T14:12:43.158+0000] {logging_mixin.py:190} INFO - [2025-11-05T14:12:43.158+0000] {dag.py:4180} INFO - Setting next_dagrun for system_dag to 2025-11-04T00:00:00+00:00, run_after=2025-11-05T00:00:00+00:00
[2025-11-05T14:12:43.210+0000] {processor.py:208} INFO - Processing /opt/airflow/dags/system_dag.py took 0.282 seconds
[2025-11-05T14:13:19.098+0000] {processor.py:186} INFO - Started process (PID=207) to work on /opt/airflow/dags/system_dag.py
[2025-11-05T14:13:19.127+0000] {processor.py:914} INFO - Processing file /opt/airflow/dags/system_dag.py for tasks to queue
[2025-11-05T14:13:19.138+0000] {logging_mixin.py:190} INFO - [2025-11-05T14:13:19.137+0000] {dagbag.py:588} INFO - Filling up the DagBag from /opt/airflow/dags/system_dag.py
[2025-11-05T14:13:19.372+0000] {processor.py:925} INFO - DAG(s) 'system_dag' retrieved from /opt/airflow/dags/system_dag.py
[2025-11-05T14:13:20.477+0000] {logging_mixin.py:190} INFO - [2025-11-05T14:13:20.476+0000] {dag.py:3239} INFO - Sync 1 DAGs
[2025-11-05T14:13:20.757+0000] {logging_mixin.py:190} INFO - [2025-11-05T14:13:20.757+0000] {dag.py:4180} INFO - Setting next_dagrun for system_dag to 2025-11-04T00:00:00+00:00, run_after=2025-11-05T00:00:00+00:00
[2025-11-05T14:13:21.102+0000] {processor.py:208} INFO - Processing /opt/airflow/dags/system_dag.py took 2.035 seconds
[2025-11-05T14:13:51.735+0000] {processor.py:186} INFO - Started process (PID=212) to work on /opt/airflow/dags/system_dag.py
[2025-11-05T14:13:51.738+0000] {processor.py:914} INFO - Processing file /opt/airflow/dags/system_dag.py for tasks to queue
[2025-11-05T14:13:51.743+0000] {logging_mixin.py:190} INFO - [2025-11-05T14:13:51.742+0000] {dagbag.py:588} INFO - Filling up the DagBag from /opt/airflow/dags/system_dag.py
[2025-11-05T14:13:51.846+0000] {processor.py:925} INFO - DAG(s) 'system_dag' retrieved from /opt/airflow/dags/system_dag.py
[2025-11-05T14:13:51.958+0000] {logging_mixin.py:190} INFO - [2025-11-05T14:13:51.955+0000] {dag.py:3239} INFO - Sync 1 DAGs
[2025-11-05T14:13:52.045+0000] {logging_mixin.py:190} INFO - [2025-11-05T14:13:52.044+0000] {dag.py:4180} INFO - Setting next_dagrun for system_dag to 2025-11-04T00:00:00+00:00, run_after=2025-11-05T00:00:00+00:00
[2025-11-05T14:13:52.129+0000] {processor.py:208} INFO - Processing /opt/airflow/dags/system_dag.py took 0.414 seconds
[2025-11-05T14:14:22.434+0000] {processor.py:186} INFO - Started process (PID=215) to work on /opt/airflow/dags/system_dag.py
[2025-11-05T14:14:22.436+0000] {processor.py:914} INFO - Processing file /opt/airflow/dags/system_dag.py for tasks to queue
[2025-11-05T14:14:22.442+0000] {logging_mixin.py:190} INFO - [2025-11-05T14:14:22.441+0000] {dagbag.py:588} INFO - Filling up the DagBag from /opt/airflow/dags/system_dag.py
[2025-11-05T14:14:22.493+0000] {processor.py:925} INFO - DAG(s) 'system_dag' retrieved from /opt/airflow/dags/system_dag.py
[2025-11-05T14:14:22.627+0000] {logging_mixin.py:190} INFO - [2025-11-05T14:14:22.627+0000] {dag.py:3239} INFO - Sync 1 DAGs
[2025-11-05T14:14:22.737+0000] {logging_mixin.py:190} INFO - [2025-11-05T14:14:22.737+0000] {dag.py:4180} INFO - Setting next_dagrun for system_dag to 2025-11-04T00:00:00+00:00, run_after=2025-11-05T00:00:00+00:00
[2025-11-05T14:14:22.848+0000] {processor.py:208} INFO - Processing /opt/airflow/dags/system_dag.py took 0.433 seconds
[2025-11-05T14:14:54.562+0000] {processor.py:186} INFO - Started process (PID=219) to work on /opt/airflow/dags/system_dag.py
[2025-11-05T14:14:54.563+0000] {processor.py:914} INFO - Processing file /opt/airflow/dags/system_dag.py for tasks to queue
[2025-11-05T14:14:54.565+0000] {logging_mixin.py:190} INFO - [2025-11-05T14:14:54.565+0000] {dagbag.py:588} INFO - Filling up the DagBag from /opt/airflow/dags/system_dag.py
[2025-11-05T14:14:54.616+0000] {processor.py:925} INFO - DAG(s) 'system_dag' retrieved from /opt/airflow/dags/system_dag.py
[2025-11-05T14:14:54.722+0000] {logging_mixin.py:190} INFO - [2025-11-05T14:14:54.721+0000] {dag.py:3239} INFO - Sync 1 DAGs
[2025-11-05T14:14:54.792+0000] {logging_mixin.py:190} INFO - [2025-11-05T14:14:54.791+0000] {dag.py:4180} INFO - Setting next_dagrun for system_dag to 2025-11-04T00:00:00+00:00, run_after=2025-11-05T00:00:00+00:00
[2025-11-05T14:14:54.847+0000] {processor.py:208} INFO - Processing /opt/airflow/dags/system_dag.py took 0.298 seconds
[2025-11-05T14:15:25.395+0000] {processor.py:186} INFO - Started process (PID=223) to work on /opt/airflow/dags/system_dag.py
[2025-11-05T14:15:25.397+0000] {processor.py:914} INFO - Processing file /opt/airflow/dags/system_dag.py for tasks to queue
[2025-11-05T14:15:25.400+0000] {logging_mixin.py:190} INFO - [2025-11-05T14:15:25.400+0000] {dagbag.py:588} INFO - Filling up the DagBag from /opt/airflow/dags/system_dag.py
[2025-11-05T14:15:25.456+0000] {processor.py:925} INFO - DAG(s) 'system_dag' retrieved from /opt/airflow/dags/system_dag.py
[2025-11-05T14:15:25.587+0000] {logging_mixin.py:190} INFO - [2025-11-05T14:15:25.586+0000] {dag.py:3239} INFO - Sync 1 DAGs
[2025-11-05T14:15:25.686+0000] {logging_mixin.py:190} INFO - [2025-11-05T14:15:25.685+0000] {dag.py:4180} INFO - Setting next_dagrun for system_dag to 2025-11-04T00:00:00+00:00, run_after=2025-11-05T00:00:00+00:00
[2025-11-05T14:15:25.770+0000] {processor.py:208} INFO - Processing /opt/airflow/dags/system_dag.py took 0.389 seconds
[2025-11-05T14:15:56.073+0000] {processor.py:186} INFO - Started process (PID=227) to work on /opt/airflow/dags/system_dag.py
[2025-11-05T14:15:56.078+0000] {processor.py:914} INFO - Processing file /opt/airflow/dags/system_dag.py for tasks to queue
[2025-11-05T14:15:56.082+0000] {logging_mixin.py:190} INFO - [2025-11-05T14:15:56.082+0000] {dagbag.py:588} INFO - Filling up the DagBag from /opt/airflow/dags/system_dag.py
[2025-11-05T14:15:56.125+0000] {processor.py:925} INFO - DAG(s) 'system_dag' retrieved from /opt/airflow/dags/system_dag.py
[2025-11-05T14:15:56.209+0000] {logging_mixin.py:190} INFO - [2025-11-05T14:15:56.208+0000] {dag.py:3239} INFO - Sync 1 DAGs
[2025-11-05T14:15:56.271+0000] {logging_mixin.py:190} INFO - [2025-11-05T14:15:56.271+0000] {dag.py:4180} INFO - Setting next_dagrun for system_dag to 2025-11-04T00:00:00+00:00, run_after=2025-11-05T00:00:00+00:00
[2025-11-05T14:15:56.306+0000] {processor.py:208} INFO - Processing /opt/airflow/dags/system_dag.py took 0.246 seconds
[2025-11-05T14:16:26.806+0000] {processor.py:186} INFO - Started process (PID=231) to work on /opt/airflow/dags/system_dag.py
[2025-11-05T14:16:26.808+0000] {processor.py:914} INFO - Processing file /opt/airflow/dags/system_dag.py for tasks to queue
[2025-11-05T14:16:26.813+0000] {logging_mixin.py:190} INFO - [2025-11-05T14:16:26.811+0000] {dagbag.py:588} INFO - Filling up the DagBag from /opt/airflow/dags/system_dag.py
[2025-11-05T14:16:26.857+0000] {processor.py:925} INFO - DAG(s) 'system_dag' retrieved from /opt/airflow/dags/system_dag.py
[2025-11-05T14:16:26.947+0000] {logging_mixin.py:190} INFO - [2025-11-05T14:16:26.947+0000] {dag.py:3239} INFO - Sync 1 DAGs
[2025-11-05T14:16:27.012+0000] {logging_mixin.py:190} INFO - [2025-11-05T14:16:27.011+0000] {dag.py:4180} INFO - Setting next_dagrun for system_dag to 2025-11-04T00:00:00+00:00, run_after=2025-11-05T00:00:00+00:00
[2025-11-05T14:16:27.061+0000] {processor.py:208} INFO - Processing /opt/airflow/dags/system_dag.py took 0.266 seconds
[2025-11-05T14:16:58.305+0000] {processor.py:186} INFO - Started process (PID=235) to work on /opt/airflow/dags/system_dag.py
[2025-11-05T14:16:58.306+0000] {processor.py:914} INFO - Processing file /opt/airflow/dags/system_dag.py for tasks to queue
[2025-11-05T14:16:58.309+0000] {logging_mixin.py:190} INFO - [2025-11-05T14:16:58.308+0000] {dagbag.py:588} INFO - Filling up the DagBag from /opt/airflow/dags/system_dag.py
[2025-11-05T14:16:58.385+0000] {processor.py:925} INFO - DAG(s) 'system_dag' retrieved from /opt/airflow/dags/system_dag.py
[2025-11-05T14:16:58.565+0000] {logging_mixin.py:190} INFO - [2025-11-05T14:16:58.555+0000] {dag.py:3239} INFO - Sync 1 DAGs
[2025-11-05T14:16:58.758+0000] {logging_mixin.py:190} INFO - [2025-11-05T14:16:58.757+0000] {dag.py:4180} INFO - Setting next_dagrun for system_dag to 2025-11-04T00:00:00+00:00, run_after=2025-11-05T00:00:00+00:00
[2025-11-05T14:16:58.892+0000] {processor.py:208} INFO - Processing /opt/airflow/dags/system_dag.py took 0.610 seconds
[2025-11-05T14:17:29.842+0000] {processor.py:186} INFO - Started process (PID=239) to work on /opt/airflow/dags/system_dag.py
[2025-11-05T14:17:29.844+0000] {processor.py:914} INFO - Processing file /opt/airflow/dags/system_dag.py for tasks to queue
[2025-11-05T14:17:29.846+0000] {logging_mixin.py:190} INFO - [2025-11-05T14:17:29.846+0000] {dagbag.py:588} INFO - Filling up the DagBag from /opt/airflow/dags/system_dag.py
[2025-11-05T14:17:29.881+0000] {processor.py:925} INFO - DAG(s) 'system_dag' retrieved from /opt/airflow/dags/system_dag.py
[2025-11-05T14:17:29.945+0000] {logging_mixin.py:190} INFO - [2025-11-05T14:17:29.945+0000] {dag.py:3239} INFO - Sync 1 DAGs
[2025-11-05T14:17:29.989+0000] {logging_mixin.py:190} INFO - [2025-11-05T14:17:29.988+0000] {dag.py:4180} INFO - Setting next_dagrun for system_dag to 2025-11-04T00:00:00+00:00, run_after=2025-11-05T00:00:00+00:00
[2025-11-05T14:17:30.038+0000] {processor.py:208} INFO - Processing /opt/airflow/dags/system_dag.py took 0.208 seconds
[2025-11-05T14:18:00.637+0000] {processor.py:186} INFO - Started process (PID=243) to work on /opt/airflow/dags/system_dag.py
[2025-11-05T14:18:00.649+0000] {processor.py:914} INFO - Processing file /opt/airflow/dags/system_dag.py for tasks to queue
[2025-11-05T14:18:00.654+0000] {logging_mixin.py:190} INFO - [2025-11-05T14:18:00.653+0000] {dagbag.py:588} INFO - Filling up the DagBag from /opt/airflow/dags/system_dag.py
[2025-11-05T14:18:00.713+0000] {processor.py:925} INFO - DAG(s) 'system_dag' retrieved from /opt/airflow/dags/system_dag.py
[2025-11-05T14:18:00.808+0000] {logging_mixin.py:190} INFO - [2025-11-05T14:18:00.808+0000] {dag.py:3239} INFO - Sync 1 DAGs
[2025-11-05T14:18:00.881+0000] {logging_mixin.py:190} INFO - [2025-11-05T14:18:00.881+0000] {dag.py:4180} INFO - Setting next_dagrun for system_dag to 2025-11-04T00:00:00+00:00, run_after=2025-11-05T00:00:00+00:00
[2025-11-05T14:18:00.943+0000] {processor.py:208} INFO - Processing /opt/airflow/dags/system_dag.py took 0.318 seconds
[2025-11-05T14:18:31.083+0000] {processor.py:186} INFO - Started process (PID=247) to work on /opt/airflow/dags/system_dag.py
[2025-11-05T14:18:31.084+0000] {processor.py:914} INFO - Processing file /opt/airflow/dags/system_dag.py for tasks to queue
[2025-11-05T14:18:31.086+0000] {logging_mixin.py:190} INFO - [2025-11-05T14:18:31.085+0000] {dagbag.py:588} INFO - Filling up the DagBag from /opt/airflow/dags/system_dag.py
[2025-11-05T14:18:31.154+0000] {processor.py:925} INFO - DAG(s) 'system_dag' retrieved from /opt/airflow/dags/system_dag.py
[2025-11-05T14:18:31.313+0000] {logging_mixin.py:190} INFO - [2025-11-05T14:18:31.312+0000] {dag.py:3239} INFO - Sync 1 DAGs
[2025-11-05T14:18:31.411+0000] {logging_mixin.py:190} INFO - [2025-11-05T14:18:31.411+0000] {dag.py:4180} INFO - Setting next_dagrun for system_dag to 2025-11-04T00:00:00+00:00, run_after=2025-11-05T00:00:00+00:00
[2025-11-05T14:18:31.485+0000] {processor.py:208} INFO - Processing /opt/airflow/dags/system_dag.py took 0.420 seconds
[2025-11-05T14:19:01.749+0000] {processor.py:186} INFO - Started process (PID=251) to work on /opt/airflow/dags/system_dag.py
[2025-11-05T14:19:01.751+0000] {processor.py:914} INFO - Processing file /opt/airflow/dags/system_dag.py for tasks to queue
[2025-11-05T14:19:01.756+0000] {logging_mixin.py:190} INFO - [2025-11-05T14:19:01.755+0000] {dagbag.py:588} INFO - Filling up the DagBag from /opt/airflow/dags/system_dag.py
[2025-11-05T14:19:01.806+0000] {processor.py:925} INFO - DAG(s) 'system_dag' retrieved from /opt/airflow/dags/system_dag.py
[2025-11-05T14:19:01.915+0000] {logging_mixin.py:190} INFO - [2025-11-05T14:19:01.915+0000] {dag.py:3239} INFO - Sync 1 DAGs
[2025-11-05T14:19:01.980+0000] {logging_mixin.py:190} INFO - [2025-11-05T14:19:01.979+0000] {dag.py:4180} INFO - Setting next_dagrun for system_dag to 2025-11-04T00:00:00+00:00, run_after=2025-11-05T00:00:00+00:00
[2025-11-05T14:19:02.031+0000] {processor.py:208} INFO - Processing /opt/airflow/dags/system_dag.py took 0.296 seconds
[2025-11-05T14:19:32.394+0000] {processor.py:186} INFO - Started process (PID=255) to work on /opt/airflow/dags/system_dag.py
[2025-11-05T14:19:32.396+0000] {processor.py:914} INFO - Processing file /opt/airflow/dags/system_dag.py for tasks to queue
[2025-11-05T14:19:32.399+0000] {logging_mixin.py:190} INFO - [2025-11-05T14:19:32.398+0000] {dagbag.py:588} INFO - Filling up the DagBag from /opt/airflow/dags/system_dag.py
[2025-11-05T14:19:32.443+0000] {processor.py:925} INFO - DAG(s) 'system_dag' retrieved from /opt/airflow/dags/system_dag.py
[2025-11-05T14:19:32.513+0000] {logging_mixin.py:190} INFO - [2025-11-05T14:19:32.513+0000] {dag.py:3239} INFO - Sync 1 DAGs
[2025-11-05T14:19:32.581+0000] {logging_mixin.py:190} INFO - [2025-11-05T14:19:32.580+0000] {dag.py:4180} INFO - Setting next_dagrun for system_dag to 2025-11-04T00:00:00+00:00, run_after=2025-11-05T00:00:00+00:00
[2025-11-05T14:19:32.659+0000] {processor.py:208} INFO - Processing /opt/airflow/dags/system_dag.py took 0.284 seconds
[2025-11-05T14:20:03.021+0000] {processor.py:186} INFO - Started process (PID=259) to work on /opt/airflow/dags/system_dag.py
[2025-11-05T14:20:03.024+0000] {processor.py:914} INFO - Processing file /opt/airflow/dags/system_dag.py for tasks to queue
[2025-11-05T14:20:03.026+0000] {logging_mixin.py:190} INFO - [2025-11-05T14:20:03.025+0000] {dagbag.py:588} INFO - Filling up the DagBag from /opt/airflow/dags/system_dag.py
[2025-11-05T14:20:03.062+0000] {processor.py:925} INFO - DAG(s) 'system_dag' retrieved from /opt/airflow/dags/system_dag.py
[2025-11-05T14:20:03.136+0000] {logging_mixin.py:190} INFO - [2025-11-05T14:20:03.135+0000] {dag.py:3239} INFO - Sync 1 DAGs
[2025-11-05T14:20:03.210+0000] {logging_mixin.py:190} INFO - [2025-11-05T14:20:03.209+0000] {dag.py:4180} INFO - Setting next_dagrun for system_dag to 2025-11-04T00:00:00+00:00, run_after=2025-11-05T00:00:00+00:00
[2025-11-05T14:20:03.279+0000] {processor.py:208} INFO - Processing /opt/airflow/dags/system_dag.py took 0.272 seconds
[2025-11-05T14:20:33.991+0000] {processor.py:186} INFO - Started process (PID=263) to work on /opt/airflow/dags/system_dag.py
[2025-11-05T14:20:33.993+0000] {processor.py:914} INFO - Processing file /opt/airflow/dags/system_dag.py for tasks to queue
[2025-11-05T14:20:33.995+0000] {logging_mixin.py:190} INFO - [2025-11-05T14:20:33.995+0000] {dagbag.py:588} INFO - Filling up the DagBag from /opt/airflow/dags/system_dag.py
[2025-11-05T14:20:34.038+0000] {processor.py:925} INFO - DAG(s) 'system_dag' retrieved from /opt/airflow/dags/system_dag.py
[2025-11-05T14:20:34.143+0000] {logging_mixin.py:190} INFO - [2025-11-05T14:20:34.142+0000] {dag.py:3239} INFO - Sync 1 DAGs
[2025-11-05T14:20:34.211+0000] {logging_mixin.py:190} INFO - [2025-11-05T14:20:34.211+0000] {dag.py:4180} INFO - Setting next_dagrun for system_dag to 2025-11-04T00:00:00+00:00, run_after=2025-11-05T00:00:00+00:00
[2025-11-05T14:20:34.267+0000] {processor.py:208} INFO - Processing /opt/airflow/dags/system_dag.py took 0.293 seconds
[2025-11-05T14:21:05.043+0000] {processor.py:186} INFO - Started process (PID=267) to work on /opt/airflow/dags/system_dag.py
[2025-11-05T14:21:05.049+0000] {processor.py:914} INFO - Processing file /opt/airflow/dags/system_dag.py for tasks to queue
[2025-11-05T14:21:05.053+0000] {logging_mixin.py:190} INFO - [2025-11-05T14:21:05.052+0000] {dagbag.py:588} INFO - Filling up the DagBag from /opt/airflow/dags/system_dag.py
[2025-11-05T14:21:05.119+0000] {processor.py:925} INFO - DAG(s) 'system_dag' retrieved from /opt/airflow/dags/system_dag.py
[2025-11-05T14:21:05.329+0000] {logging_mixin.py:190} INFO - [2025-11-05T14:21:05.328+0000] {dag.py:3239} INFO - Sync 1 DAGs
[2025-11-05T14:21:05.462+0000] {logging_mixin.py:190} INFO - [2025-11-05T14:21:05.460+0000] {dag.py:4180} INFO - Setting next_dagrun for system_dag to 2025-11-04T00:00:00+00:00, run_after=2025-11-05T00:00:00+00:00
[2025-11-05T14:21:05.592+0000] {processor.py:208} INFO - Processing /opt/airflow/dags/system_dag.py took 0.573 seconds
[2025-11-05T14:21:37.351+0000] {processor.py:186} INFO - Started process (PID=271) to work on /opt/airflow/dags/system_dag.py
[2025-11-05T14:21:37.362+0000] {processor.py:914} INFO - Processing file /opt/airflow/dags/system_dag.py for tasks to queue
[2025-11-05T14:21:37.364+0000] {logging_mixin.py:190} INFO - [2025-11-05T14:21:37.364+0000] {dagbag.py:588} INFO - Filling up the DagBag from /opt/airflow/dags/system_dag.py
[2025-11-05T14:21:37.466+0000] {processor.py:925} INFO - DAG(s) 'system_dag' retrieved from /opt/airflow/dags/system_dag.py
[2025-11-05T14:21:37.694+0000] {logging_mixin.py:190} INFO - [2025-11-05T14:21:37.694+0000] {dag.py:3239} INFO - Sync 1 DAGs
[2025-11-05T14:21:37.882+0000] {logging_mixin.py:190} INFO - [2025-11-05T14:21:37.881+0000] {dag.py:4180} INFO - Setting next_dagrun for system_dag to 2025-11-04T00:00:00+00:00, run_after=2025-11-05T00:00:00+00:00
[2025-11-05T14:21:38.145+0000] {processor.py:208} INFO - Processing /opt/airflow/dags/system_dag.py took 0.809 seconds
[2025-11-05T14:22:09.429+0000] {processor.py:186} INFO - Started process (PID=275) to work on /opt/airflow/dags/system_dag.py
[2025-11-05T14:22:09.430+0000] {processor.py:914} INFO - Processing file /opt/airflow/dags/system_dag.py for tasks to queue
[2025-11-05T14:22:09.442+0000] {logging_mixin.py:190} INFO - [2025-11-05T14:22:09.441+0000] {dagbag.py:588} INFO - Filling up the DagBag from /opt/airflow/dags/system_dag.py
[2025-11-05T14:22:09.543+0000] {processor.py:925} INFO - DAG(s) 'system_dag' retrieved from /opt/airflow/dags/system_dag.py
[2025-11-05T14:22:09.695+0000] {logging_mixin.py:190} INFO - [2025-11-05T14:22:09.695+0000] {dag.py:3239} INFO - Sync 1 DAGs
[2025-11-05T14:22:09.823+0000] {logging_mixin.py:190} INFO - [2025-11-05T14:22:09.823+0000] {dag.py:4180} INFO - Setting next_dagrun for system_dag to 2025-11-04T00:00:00+00:00, run_after=2025-11-05T00:00:00+00:00
[2025-11-05T14:22:09.936+0000] {processor.py:208} INFO - Processing /opt/airflow/dags/system_dag.py took 0.527 seconds
[2025-11-05T14:22:40.362+0000] {processor.py:186} INFO - Started process (PID=279) to work on /opt/airflow/dags/system_dag.py
[2025-11-05T14:22:40.365+0000] {processor.py:914} INFO - Processing file /opt/airflow/dags/system_dag.py for tasks to queue
[2025-11-05T14:22:40.368+0000] {logging_mixin.py:190} INFO - [2025-11-05T14:22:40.367+0000] {dagbag.py:588} INFO - Filling up the DagBag from /opt/airflow/dags/system_dag.py
[2025-11-05T14:22:40.420+0000] {processor.py:925} INFO - DAG(s) 'system_dag' retrieved from /opt/airflow/dags/system_dag.py
[2025-11-05T14:22:40.529+0000] {logging_mixin.py:190} INFO - [2025-11-05T14:22:40.529+0000] {dag.py:3239} INFO - Sync 1 DAGs
[2025-11-05T14:22:40.598+0000] {logging_mixin.py:190} INFO - [2025-11-05T14:22:40.598+0000] {dag.py:4180} INFO - Setting next_dagrun for system_dag to 2025-11-04T00:00:00+00:00, run_after=2025-11-05T00:00:00+00:00
[2025-11-05T14:22:40.665+0000] {processor.py:208} INFO - Processing /opt/airflow/dags/system_dag.py took 0.318 seconds
[2025-11-05T14:23:11.675+0000] {processor.py:186} INFO - Started process (PID=283) to work on /opt/airflow/dags/system_dag.py
[2025-11-05T14:23:11.677+0000] {processor.py:914} INFO - Processing file /opt/airflow/dags/system_dag.py for tasks to queue
[2025-11-05T14:23:11.682+0000] {logging_mixin.py:190} INFO - [2025-11-05T14:23:11.681+0000] {dagbag.py:588} INFO - Filling up the DagBag from /opt/airflow/dags/system_dag.py
[2025-11-05T14:23:11.778+0000] {processor.py:925} INFO - DAG(s) 'system_dag' retrieved from /opt/airflow/dags/system_dag.py
[2025-11-05T14:23:12.012+0000] {logging_mixin.py:190} INFO - [2025-11-05T14:23:12.001+0000] {dag.py:3239} INFO - Sync 1 DAGs
[2025-11-05T14:23:12.141+0000] {logging_mixin.py:190} INFO - [2025-11-05T14:23:12.141+0000] {dag.py:4180} INFO - Setting next_dagrun for system_dag to 2025-11-04T00:00:00+00:00, run_after=2025-11-05T00:00:00+00:00
[2025-11-05T14:23:12.225+0000] {processor.py:208} INFO - Processing /opt/airflow/dags/system_dag.py took 0.578 seconds
[2025-11-05T14:23:42.563+0000] {processor.py:186} INFO - Started process (PID=287) to work on /opt/airflow/dags/system_dag.py
[2025-11-05T14:23:42.564+0000] {processor.py:914} INFO - Processing file /opt/airflow/dags/system_dag.py for tasks to queue
[2025-11-05T14:23:42.567+0000] {logging_mixin.py:190} INFO - [2025-11-05T14:23:42.566+0000] {dagbag.py:588} INFO - Filling up the DagBag from /opt/airflow/dags/system_dag.py
[2025-11-05T14:23:42.614+0000] {processor.py:925} INFO - DAG(s) 'system_dag' retrieved from /opt/airflow/dags/system_dag.py
[2025-11-05T14:23:42.788+0000] {logging_mixin.py:190} INFO - [2025-11-05T14:23:42.786+0000] {dag.py:3239} INFO - Sync 1 DAGs
[2025-11-05T14:23:42.852+0000] {logging_mixin.py:190} INFO - [2025-11-05T14:23:42.851+0000] {dag.py:4180} INFO - Setting next_dagrun for system_dag to 2025-11-04T00:00:00+00:00, run_after=2025-11-05T00:00:00+00:00
[2025-11-05T14:23:42.907+0000] {processor.py:208} INFO - Processing /opt/airflow/dags/system_dag.py took 0.361 seconds
[2025-11-05T14:24:14.385+0000] {processor.py:186} INFO - Started process (PID=291) to work on /opt/airflow/dags/system_dag.py
[2025-11-05T14:24:14.386+0000] {processor.py:914} INFO - Processing file /opt/airflow/dags/system_dag.py for tasks to queue
[2025-11-05T14:24:14.389+0000] {logging_mixin.py:190} INFO - [2025-11-05T14:24:14.389+0000] {dagbag.py:588} INFO - Filling up the DagBag from /opt/airflow/dags/system_dag.py
[2025-11-05T14:24:14.456+0000] {processor.py:925} INFO - DAG(s) 'system_dag' retrieved from /opt/airflow/dags/system_dag.py
[2025-11-05T14:24:14.595+0000] {logging_mixin.py:190} INFO - [2025-11-05T14:24:14.595+0000] {dag.py:3239} INFO - Sync 1 DAGs
[2025-11-05T14:24:14.699+0000] {logging_mixin.py:190} INFO - [2025-11-05T14:24:14.698+0000] {dag.py:4180} INFO - Setting next_dagrun for system_dag to 2025-11-04T00:00:00+00:00, run_after=2025-11-05T00:00:00+00:00
[2025-11-05T14:24:14.846+0000] {processor.py:208} INFO - Processing /opt/airflow/dags/system_dag.py took 0.479 seconds
[2025-11-05T14:24:45.344+0000] {processor.py:186} INFO - Started process (PID=295) to work on /opt/airflow/dags/system_dag.py
[2025-11-05T14:24:45.346+0000] {processor.py:914} INFO - Processing file /opt/airflow/dags/system_dag.py for tasks to queue
[2025-11-05T14:24:45.352+0000] {logging_mixin.py:190} INFO - [2025-11-05T14:24:45.351+0000] {dagbag.py:588} INFO - Filling up the DagBag from /opt/airflow/dags/system_dag.py
[2025-11-05T14:24:45.425+0000] {processor.py:925} INFO - DAG(s) 'system_dag' retrieved from /opt/airflow/dags/system_dag.py
[2025-11-05T14:24:45.545+0000] {logging_mixin.py:190} INFO - [2025-11-05T14:24:45.545+0000] {dag.py:3239} INFO - Sync 1 DAGs
[2025-11-05T14:24:45.621+0000] {logging_mixin.py:190} INFO - [2025-11-05T14:24:45.619+0000] {dag.py:4180} INFO - Setting next_dagrun for system_dag to 2025-11-04T00:00:00+00:00, run_after=2025-11-05T00:00:00+00:00
[2025-11-05T14:24:45.701+0000] {processor.py:208} INFO - Processing /opt/airflow/dags/system_dag.py took 0.372 seconds
[2025-11-05T14:25:15.806+0000] {processor.py:186} INFO - Started process (PID=299) to work on /opt/airflow/dags/system_dag.py
[2025-11-05T14:25:15.807+0000] {processor.py:914} INFO - Processing file /opt/airflow/dags/system_dag.py for tasks to queue
[2025-11-05T14:25:15.809+0000] {logging_mixin.py:190} INFO - [2025-11-05T14:25:15.809+0000] {dagbag.py:588} INFO - Filling up the DagBag from /opt/airflow/dags/system_dag.py
[2025-11-05T14:25:15.846+0000] {processor.py:925} INFO - DAG(s) 'system_dag' retrieved from /opt/airflow/dags/system_dag.py
[2025-11-05T14:25:15.904+0000] {logging_mixin.py:190} INFO - [2025-11-05T14:25:15.904+0000] {dag.py:3239} INFO - Sync 1 DAGs
[2025-11-05T14:25:15.944+0000] {logging_mixin.py:190} INFO - [2025-11-05T14:25:15.943+0000] {dag.py:4180} INFO - Setting next_dagrun for system_dag to 2025-11-04T00:00:00+00:00, run_after=2025-11-05T00:00:00+00:00
[2025-11-05T14:25:15.977+0000] {processor.py:208} INFO - Processing /opt/airflow/dags/system_dag.py took 0.188 seconds
[2025-11-05T14:25:42.340+0000] {processor.py:186} INFO - Started process (PID=303) to work on /opt/airflow/dags/system_dag.py
[2025-11-05T14:25:42.341+0000] {processor.py:914} INFO - Processing file /opt/airflow/dags/system_dag.py for tasks to queue
[2025-11-05T14:25:42.346+0000] {logging_mixin.py:190} INFO - [2025-11-05T14:25:42.344+0000] {dagbag.py:588} INFO - Filling up the DagBag from /opt/airflow/dags/system_dag.py
[2025-11-05T14:25:42.384+0000] {processor.py:925} INFO - DAG(s) 'system_dag' retrieved from /opt/airflow/dags/system_dag.py
[2025-11-05T14:25:47.956+0000] {logging_mixin.py:190} INFO - [2025-11-05T14:25:47.955+0000] {dag.py:3239} INFO - Sync 1 DAGs
[2025-11-05T14:25:47.996+0000] {logging_mixin.py:190} INFO - [2025-11-05T14:25:47.996+0000] {dag.py:4180} INFO - Setting next_dagrun for system_dag to 2025-11-04T00:00:00+00:00, run_after=2025-11-05T00:00:00+00:00
[2025-11-05T14:25:48.039+0000] {processor.py:208} INFO - Processing /opt/airflow/dags/system_dag.py took 0.205 seconds
[2025-11-05T14:26:21.489+0000] {processor.py:186} INFO - Started process (PID=307) to work on /opt/airflow/dags/system_dag.py
[2025-11-05T14:26:21.490+0000] {processor.py:914} INFO - Processing file /opt/airflow/dags/system_dag.py for tasks to queue
[2025-11-05T14:26:21.495+0000] {logging_mixin.py:190} INFO - [2025-11-05T14:26:21.495+0000] {dagbag.py:588} INFO - Filling up the DagBag from /opt/airflow/dags/system_dag.py
[2025-11-05T14:26:21.527+0000] {processor.py:925} INFO - DAG(s) 'system_dag' retrieved from /opt/airflow/dags/system_dag.py
[2025-11-05T14:26:21.603+0000] {logging_mixin.py:190} INFO - [2025-11-05T14:26:21.603+0000] {dag.py:3239} INFO - Sync 1 DAGs
[2025-11-05T14:26:21.651+0000] {logging_mixin.py:190} INFO - [2025-11-05T14:26:21.651+0000] {dag.py:4180} INFO - Setting next_dagrun for system_dag to 2025-11-04T00:00:00+00:00, run_after=2025-11-05T00:00:00+00:00
[2025-11-05T14:26:21.706+0000] {processor.py:208} INFO - Processing /opt/airflow/dags/system_dag.py took 0.228 seconds
[2025-11-05T14:26:54.072+0000] {processor.py:186} INFO - Started process (PID=311) to work on /opt/airflow/dags/system_dag.py
[2025-11-05T14:26:54.072+0000] {processor.py:914} INFO - Processing file /opt/airflow/dags/system_dag.py for tasks to queue
[2025-11-05T14:26:54.075+0000] {logging_mixin.py:190} INFO - [2025-11-05T14:26:54.074+0000] {dagbag.py:588} INFO - Filling up the DagBag from /opt/airflow/dags/system_dag.py
[2025-11-05T14:26:54.106+0000] {processor.py:925} INFO - DAG(s) 'system_dag' retrieved from /opt/airflow/dags/system_dag.py
[2025-11-05T14:26:54.193+0000] {logging_mixin.py:190} INFO - [2025-11-05T14:26:54.192+0000] {dag.py:3239} INFO - Sync 1 DAGs
[2025-11-05T14:26:54.260+0000] {logging_mixin.py:190} INFO - [2025-11-05T14:26:54.259+0000] {dag.py:4180} INFO - Setting next_dagrun for system_dag to 2025-11-04T00:00:00+00:00, run_after=2025-11-05T00:00:00+00:00
[2025-11-05T14:26:54.317+0000] {processor.py:208} INFO - Processing /opt/airflow/dags/system_dag.py took 0.253 seconds
[2025-11-05T14:27:26.855+0000] {processor.py:186} INFO - Started process (PID=315) to work on /opt/airflow/dags/system_dag.py
[2025-11-05T14:27:26.856+0000] {processor.py:914} INFO - Processing file /opt/airflow/dags/system_dag.py for tasks to queue
[2025-11-05T14:27:26.859+0000] {logging_mixin.py:190} INFO - [2025-11-05T14:27:26.858+0000] {dagbag.py:588} INFO - Filling up the DagBag from /opt/airflow/dags/system_dag.py
[2025-11-05T14:27:26.897+0000] {processor.py:925} INFO - DAG(s) 'system_dag' retrieved from /opt/airflow/dags/system_dag.py
[2025-11-05T14:27:26.970+0000] {logging_mixin.py:190} INFO - [2025-11-05T14:27:26.969+0000] {dag.py:3239} INFO - Sync 1 DAGs
[2025-11-05T14:27:27.018+0000] {logging_mixin.py:190} INFO - [2025-11-05T14:27:27.018+0000] {dag.py:4180} INFO - Setting next_dagrun for system_dag to 2025-11-04T00:00:00+00:00, run_after=2025-11-05T00:00:00+00:00
[2025-11-05T14:27:27.067+0000] {processor.py:208} INFO - Processing /opt/airflow/dags/system_dag.py took 0.227 seconds
[2025-11-05T14:27:59.508+0000] {processor.py:186} INFO - Started process (PID=319) to work on /opt/airflow/dags/system_dag.py
[2025-11-05T14:27:59.514+0000] {processor.py:914} INFO - Processing file /opt/airflow/dags/system_dag.py for tasks to queue
[2025-11-05T14:27:59.520+0000] {logging_mixin.py:190} INFO - [2025-11-05T14:27:59.519+0000] {dagbag.py:588} INFO - Filling up the DagBag from /opt/airflow/dags/system_dag.py
[2025-11-05T14:27:59.633+0000] {processor.py:925} INFO - DAG(s) 'system_dag' retrieved from /opt/airflow/dags/system_dag.py
[2025-11-05T14:27:59.855+0000] {logging_mixin.py:190} INFO - [2025-11-05T14:27:59.854+0000] {dag.py:3239} INFO - Sync 1 DAGs
[2025-11-05T14:27:59.935+0000] {logging_mixin.py:190} INFO - [2025-11-05T14:27:59.935+0000] {dag.py:4180} INFO - Setting next_dagrun for system_dag to 2025-11-04T00:00:00+00:00, run_after=2025-11-05T00:00:00+00:00
[2025-11-05T14:28:00.004+0000] {processor.py:208} INFO - Processing /opt/airflow/dags/system_dag.py took 0.514 seconds
[2025-11-05T14:28:31.877+0000] {processor.py:186} INFO - Started process (PID=323) to work on /opt/airflow/dags/system_dag.py
[2025-11-05T14:28:31.878+0000] {processor.py:914} INFO - Processing file /opt/airflow/dags/system_dag.py for tasks to queue
[2025-11-05T14:28:31.881+0000] {logging_mixin.py:190} INFO - [2025-11-05T14:28:31.881+0000] {dagbag.py:588} INFO - Filling up the DagBag from /opt/airflow/dags/system_dag.py
[2025-11-05T14:28:31.924+0000] {processor.py:925} INFO - DAG(s) 'system_dag' retrieved from /opt/airflow/dags/system_dag.py
[2025-11-05T14:28:31.993+0000] {logging_mixin.py:190} INFO - [2025-11-05T14:28:31.992+0000] {dag.py:3239} INFO - Sync 1 DAGs
[2025-11-05T14:28:32.032+0000] {logging_mixin.py:190} INFO - [2025-11-05T14:28:32.032+0000] {dag.py:4180} INFO - Setting next_dagrun for system_dag to 2025-11-04T00:00:00+00:00, run_after=2025-11-05T00:00:00+00:00
[2025-11-05T14:28:32.081+0000] {processor.py:208} INFO - Processing /opt/airflow/dags/system_dag.py took 0.212 seconds
[2025-11-05T14:29:04.462+0000] {processor.py:186} INFO - Started process (PID=327) to work on /opt/airflow/dags/system_dag.py
[2025-11-05T14:29:04.463+0000] {processor.py:914} INFO - Processing file /opt/airflow/dags/system_dag.py for tasks to queue
[2025-11-05T14:29:04.466+0000] {logging_mixin.py:190} INFO - [2025-11-05T14:29:04.465+0000] {dagbag.py:588} INFO - Filling up the DagBag from /opt/airflow/dags/system_dag.py
[2025-11-05T14:29:04.503+0000] {processor.py:925} INFO - DAG(s) 'system_dag' retrieved from /opt/airflow/dags/system_dag.py
[2025-11-05T14:29:04.569+0000] {logging_mixin.py:190} INFO - [2025-11-05T14:29:04.569+0000] {dag.py:3239} INFO - Sync 1 DAGs
[2025-11-05T14:29:04.617+0000] {logging_mixin.py:190} INFO - [2025-11-05T14:29:04.617+0000] {dag.py:4180} INFO - Setting next_dagrun for system_dag to 2025-11-04T00:00:00+00:00, run_after=2025-11-05T00:00:00+00:00
[2025-11-05T14:29:04.665+0000] {processor.py:208} INFO - Processing /opt/airflow/dags/system_dag.py took 0.212 seconds
[2025-11-05T14:29:37.193+0000] {processor.py:186} INFO - Started process (PID=331) to work on /opt/airflow/dags/system_dag.py
[2025-11-05T14:29:37.195+0000] {processor.py:914} INFO - Processing file /opt/airflow/dags/system_dag.py for tasks to queue
[2025-11-05T14:29:37.197+0000] {logging_mixin.py:190} INFO - [2025-11-05T14:29:37.196+0000] {dagbag.py:588} INFO - Filling up the DagBag from /opt/airflow/dags/system_dag.py
[2025-11-05T14:29:37.224+0000] {processor.py:925} INFO - DAG(s) 'system_dag' retrieved from /opt/airflow/dags/system_dag.py
[2025-11-05T14:29:37.277+0000] {logging_mixin.py:190} INFO - [2025-11-05T14:29:37.277+0000] {dag.py:3239} INFO - Sync 1 DAGs
[2025-11-05T14:29:37.327+0000] {logging_mixin.py:190} INFO - [2025-11-05T14:29:37.326+0000] {dag.py:4180} INFO - Setting next_dagrun for system_dag to 2025-11-04T00:00:00+00:00, run_after=2025-11-05T00:00:00+00:00
[2025-11-05T14:29:37.380+0000] {processor.py:208} INFO - Processing /opt/airflow/dags/system_dag.py took 0.194 seconds
[2025-11-05T14:30:10.814+0000] {processor.py:186} INFO - Started process (PID=335) to work on /opt/airflow/dags/system_dag.py
[2025-11-05T14:30:10.816+0000] {processor.py:914} INFO - Processing file /opt/airflow/dags/system_dag.py for tasks to queue
[2025-11-05T14:30:10.817+0000] {logging_mixin.py:190} INFO - [2025-11-05T14:30:10.817+0000] {dagbag.py:588} INFO - Filling up the DagBag from /opt/airflow/dags/system_dag.py
[2025-11-05T14:30:10.845+0000] {processor.py:925} INFO - DAG(s) 'system_dag' retrieved from /opt/airflow/dags/system_dag.py
[2025-11-05T14:30:10.921+0000] {logging_mixin.py:190} INFO - [2025-11-05T14:30:10.920+0000] {dag.py:3239} INFO - Sync 1 DAGs
[2025-11-05T14:30:10.980+0000] {logging_mixin.py:190} INFO - [2025-11-05T14:30:10.979+0000] {dag.py:4180} INFO - Setting next_dagrun for system_dag to 2025-11-04T00:00:00+00:00, run_after=2025-11-05T00:00:00+00:00
[2025-11-05T14:30:11.025+0000] {processor.py:208} INFO - Processing /opt/airflow/dags/system_dag.py took 0.219 seconds
[2025-11-05T14:30:42.782+0000] {processor.py:186} INFO - Started process (PID=339) to work on /opt/airflow/dags/system_dag.py
[2025-11-05T14:30:42.784+0000] {processor.py:914} INFO - Processing file /opt/airflow/dags/system_dag.py for tasks to queue
[2025-11-05T14:30:42.795+0000] {logging_mixin.py:190} INFO - [2025-11-05T14:30:42.792+0000] {dagbag.py:588} INFO - Filling up the DagBag from /opt/airflow/dags/system_dag.py
[2025-11-05T14:30:42.857+0000] {processor.py:925} INFO - DAG(s) 'system_dag' retrieved from /opt/airflow/dags/system_dag.py
[2025-11-05T14:30:42.955+0000] {logging_mixin.py:190} INFO - [2025-11-05T14:30:42.955+0000] {dag.py:3239} INFO - Sync 1 DAGs
[2025-11-05T14:30:43.022+0000] {logging_mixin.py:190} INFO - [2025-11-05T14:30:43.022+0000] {dag.py:4180} INFO - Setting next_dagrun for system_dag to 2025-11-04T00:00:00+00:00, run_after=2025-11-05T00:00:00+00:00
[2025-11-05T14:30:43.078+0000] {processor.py:208} INFO - Processing /opt/airflow/dags/system_dag.py took 0.314 seconds
[2025-11-05T14:31:15.635+0000] {processor.py:186} INFO - Started process (PID=343) to work on /opt/airflow/dags/system_dag.py
[2025-11-05T14:31:15.636+0000] {processor.py:914} INFO - Processing file /opt/airflow/dags/system_dag.py for tasks to queue
[2025-11-05T14:31:15.638+0000] {logging_mixin.py:190} INFO - [2025-11-05T14:31:15.638+0000] {dagbag.py:588} INFO - Filling up the DagBag from /opt/airflow/dags/system_dag.py
[2025-11-05T14:31:15.680+0000] {processor.py:925} INFO - DAG(s) 'system_dag' retrieved from /opt/airflow/dags/system_dag.py
[2025-11-05T14:31:15.788+0000] {logging_mixin.py:190} INFO - [2025-11-05T14:31:15.788+0000] {dag.py:3239} INFO - Sync 1 DAGs
[2025-11-05T14:31:15.881+0000] {logging_mixin.py:190} INFO - [2025-11-05T14:31:15.880+0000] {dag.py:4180} INFO - Setting next_dagrun for system_dag to 2025-11-04T00:00:00+00:00, run_after=2025-11-05T00:00:00+00:00
[2025-11-05T14:31:15.977+0000] {processor.py:208} INFO - Processing /opt/airflow/dags/system_dag.py took 0.356 seconds
[2025-11-05T14:31:48.595+0000] {processor.py:186} INFO - Started process (PID=347) to work on /opt/airflow/dags/system_dag.py
[2025-11-05T14:31:48.596+0000] {processor.py:914} INFO - Processing file /opt/airflow/dags/system_dag.py for tasks to queue
[2025-11-05T14:31:48.598+0000] {logging_mixin.py:190} INFO - [2025-11-05T14:31:48.597+0000] {dagbag.py:588} INFO - Filling up the DagBag from /opt/airflow/dags/system_dag.py
[2025-11-05T14:31:48.632+0000] {processor.py:925} INFO - DAG(s) 'system_dag' retrieved from /opt/airflow/dags/system_dag.py
[2025-11-05T14:31:48.725+0000] {logging_mixin.py:190} INFO - [2025-11-05T14:31:48.724+0000] {dag.py:3239} INFO - Sync 1 DAGs
[2025-11-05T14:31:48.801+0000] {logging_mixin.py:190} INFO - [2025-11-05T14:31:48.801+0000] {dag.py:4180} INFO - Setting next_dagrun for system_dag to 2025-11-04T00:00:00+00:00, run_after=2025-11-05T00:00:00+00:00
[2025-11-05T14:31:48.877+0000] {processor.py:208} INFO - Processing /opt/airflow/dags/system_dag.py took 0.294 seconds
[2025-11-05T14:32:21.646+0000] {processor.py:186} INFO - Started process (PID=353) to work on /opt/airflow/dags/system_dag.py
[2025-11-05T14:32:21.648+0000] {processor.py:914} INFO - Processing file /opt/airflow/dags/system_dag.py for tasks to queue
[2025-11-05T14:32:21.651+0000] {logging_mixin.py:190} INFO - [2025-11-05T14:32:21.651+0000] {dagbag.py:588} INFO - Filling up the DagBag from /opt/airflow/dags/system_dag.py
[2025-11-05T14:32:21.720+0000] {processor.py:925} INFO - DAG(s) 'system_dag' retrieved from /opt/airflow/dags/system_dag.py
[2025-11-05T14:32:21.825+0000] {logging_mixin.py:190} INFO - [2025-11-05T14:32:21.824+0000] {dag.py:3239} INFO - Sync 1 DAGs
[2025-11-05T14:32:21.885+0000] {logging_mixin.py:190} INFO - [2025-11-05T14:32:21.885+0000] {dag.py:4180} INFO - Setting next_dagrun for system_dag to 2025-11-04T00:00:00+00:00, run_after=2025-11-05T00:00:00+00:00
[2025-11-05T14:32:21.947+0000] {processor.py:208} INFO - Processing /opt/airflow/dags/system_dag.py took 0.318 seconds
[2025-11-05T14:32:54.430+0000] {processor.py:186} INFO - Started process (PID=357) to work on /opt/airflow/dags/system_dag.py
[2025-11-05T14:32:54.432+0000] {processor.py:914} INFO - Processing file /opt/airflow/dags/system_dag.py for tasks to queue
[2025-11-05T14:32:54.436+0000] {logging_mixin.py:190} INFO - [2025-11-05T14:32:54.435+0000] {dagbag.py:588} INFO - Filling up the DagBag from /opt/airflow/dags/system_dag.py
[2025-11-05T14:32:54.478+0000] {processor.py:925} INFO - DAG(s) 'system_dag' retrieved from /opt/airflow/dags/system_dag.py
[2025-11-05T14:32:54.580+0000] {logging_mixin.py:190} INFO - [2025-11-05T14:32:54.580+0000] {dag.py:3239} INFO - Sync 1 DAGs
[2025-11-05T14:32:54.665+0000] {logging_mixin.py:190} INFO - [2025-11-05T14:32:54.665+0000] {dag.py:4180} INFO - Setting next_dagrun for system_dag to 2025-11-04T00:00:00+00:00, run_after=2025-11-05T00:00:00+00:00
[2025-11-05T14:32:54.728+0000] {processor.py:208} INFO - Processing /opt/airflow/dags/system_dag.py took 0.312 seconds
[2025-11-05T14:33:27.505+0000] {processor.py:186} INFO - Started process (PID=361) to work on /opt/airflow/dags/system_dag.py
[2025-11-05T14:33:27.506+0000] {processor.py:914} INFO - Processing file /opt/airflow/dags/system_dag.py for tasks to queue
[2025-11-05T14:33:27.508+0000] {logging_mixin.py:190} INFO - [2025-11-05T14:33:27.508+0000] {dagbag.py:588} INFO - Filling up the DagBag from /opt/airflow/dags/system_dag.py
[2025-11-05T14:33:27.552+0000] {processor.py:925} INFO - DAG(s) 'system_dag' retrieved from /opt/airflow/dags/system_dag.py
[2025-11-05T14:33:27.638+0000] {logging_mixin.py:190} INFO - [2025-11-05T14:33:27.637+0000] {dag.py:3239} INFO - Sync 1 DAGs
[2025-11-05T14:33:27.697+0000] {logging_mixin.py:190} INFO - [2025-11-05T14:33:27.697+0000] {dag.py:4180} INFO - Setting next_dagrun for system_dag to 2025-11-04T00:00:00+00:00, run_after=2025-11-05T00:00:00+00:00
[2025-11-05T14:33:27.746+0000] {processor.py:208} INFO - Processing /opt/airflow/dags/system_dag.py took 0.253 seconds
