[2026-02-22T07:48:46.580+0000] {processor.py:186} INFO - Started process (PID=54) to work on /opt/airflow/dags/system_dag.py
[2026-02-22T07:48:46.581+0000] {processor.py:914} INFO - Processing file /opt/airflow/dags/system_dag.py for tasks to queue
[2026-02-22T07:48:46.586+0000] {logging_mixin.py:190} INFO - [2026-02-22T07:48:46.586+0000] {dagbag.py:588} INFO - Filling up the DagBag from /opt/airflow/dags/system_dag.py
[2026-02-22T07:48:46.636+0000] {processor.py:925} INFO - DAG(s) 'system_dag' retrieved from /opt/airflow/dags/system_dag.py
[2026-02-22T07:48:46.712+0000] {logging_mixin.py:190} INFO - [2026-02-22T07:48:46.712+0000] {dag.py:3239} INFO - Sync 1 DAGs
[2026-02-22T07:48:46.770+0000] {logging_mixin.py:190} INFO - [2026-02-22T07:48:46.770+0000] {dag.py:4180} INFO - Setting next_dagrun for system_dag to 2026-02-21T00:00:00+00:00, run_after=2026-02-22T00:00:00+00:00
[2026-02-22T07:48:46.834+0000] {processor.py:208} INFO - Processing /opt/airflow/dags/system_dag.py took 0.269 seconds
[2026-02-22T07:49:17.837+0000] {processor.py:186} INFO - Started process (PID=58) to work on /opt/airflow/dags/system_dag.py
[2026-02-22T07:49:17.838+0000] {processor.py:914} INFO - Processing file /opt/airflow/dags/system_dag.py for tasks to queue
[2026-02-22T07:49:17.839+0000] {logging_mixin.py:190} INFO - [2026-02-22T07:49:17.839+0000] {dagbag.py:588} INFO - Filling up the DagBag from /opt/airflow/dags/system_dag.py
[2026-02-22T07:49:17.866+0000] {processor.py:925} INFO - DAG(s) 'system_dag' retrieved from /opt/airflow/dags/system_dag.py
[2026-02-22T07:49:17.914+0000] {logging_mixin.py:190} INFO - [2026-02-22T07:49:17.914+0000] {dag.py:3239} INFO - Sync 1 DAGs
[2026-02-22T07:48:04.901+0000] {logging_mixin.py:190} INFO - [2026-02-22T07:48:04.901+0000] {dag.py:4180} INFO - Setting next_dagrun for system_dag to 2026-02-21T00:00:00+00:00, run_after=2026-02-22T00:00:00+00:00
[2026-02-22T07:48:04.946+0000] {processor.py:208} INFO - Processing /opt/airflow/dags/system_dag.py took 0.182 seconds
[2026-02-22T07:49:19.018+0000] {processor.py:186} INFO - Started process (PID=60) to work on /opt/airflow/dags/system_dag.py
[2026-02-22T07:49:19.019+0000] {processor.py:914} INFO - Processing file /opt/airflow/dags/system_dag.py for tasks to queue
[2026-02-22T07:49:19.022+0000] {logging_mixin.py:190} INFO - [2026-02-22T07:49:19.021+0000] {dagbag.py:588} INFO - Filling up the DagBag from /opt/airflow/dags/system_dag.py
[2026-02-22T07:49:19.062+0000] {processor.py:925} INFO - DAG(s) 'system_dag' retrieved from /opt/airflow/dags/system_dag.py
[2026-02-22T07:49:19.135+0000] {logging_mixin.py:190} INFO - [2026-02-22T07:49:19.134+0000] {dag.py:3239} INFO - Sync 1 DAGs
[2026-02-22T07:49:19.195+0000] {logging_mixin.py:190} INFO - [2026-02-22T07:49:19.194+0000] {dag.py:4180} INFO - Setting next_dagrun for system_dag to 2026-02-21T00:00:00+00:00, run_after=2026-02-22T00:00:00+00:00
[2026-02-22T07:49:19.245+0000] {processor.py:208} INFO - Processing /opt/airflow/dags/system_dag.py took 0.236 seconds
[2026-02-22T07:49:49.681+0000] {processor.py:186} INFO - Started process (PID=63) to work on /opt/airflow/dags/system_dag.py
[2026-02-22T07:49:49.694+0000] {processor.py:914} INFO - Processing file /opt/airflow/dags/system_dag.py for tasks to queue
[2026-02-22T07:49:49.721+0000] {logging_mixin.py:190} INFO - [2026-02-22T07:49:49.721+0000] {dagbag.py:588} INFO - Filling up the DagBag from /opt/airflow/dags/system_dag.py
[2026-02-22T07:49:49.876+0000] {processor.py:925} INFO - DAG(s) 'system_dag' retrieved from /opt/airflow/dags/system_dag.py
[2026-02-22T07:49:50.125+0000] {logging_mixin.py:190} INFO - [2026-02-22T07:49:50.125+0000] {dag.py:3239} INFO - Sync 1 DAGs
[2026-02-22T07:49:50.301+0000] {logging_mixin.py:190} INFO - [2026-02-22T07:49:50.301+0000] {dag.py:4180} INFO - Setting next_dagrun for system_dag to 2026-02-21T00:00:00+00:00, run_after=2026-02-22T00:00:00+00:00
[2026-02-22T07:49:50.375+0000] {processor.py:208} INFO - Processing /opt/airflow/dags/system_dag.py took 0.727 seconds
[2026-02-22T07:50:21.549+0000] {processor.py:186} INFO - Started process (PID=67) to work on /opt/airflow/dags/system_dag.py
[2026-02-22T07:50:21.550+0000] {processor.py:914} INFO - Processing file /opt/airflow/dags/system_dag.py for tasks to queue
[2026-02-22T07:50:21.552+0000] {logging_mixin.py:190} INFO - [2026-02-22T07:50:21.552+0000] {dagbag.py:588} INFO - Filling up the DagBag from /opt/airflow/dags/system_dag.py
[2026-02-22T07:50:21.599+0000] {processor.py:925} INFO - DAG(s) 'system_dag' retrieved from /opt/airflow/dags/system_dag.py
[2026-02-22T07:50:21.685+0000] {logging_mixin.py:190} INFO - [2026-02-22T07:50:21.685+0000] {dag.py:3239} INFO - Sync 1 DAGs
[2026-02-22T07:50:21.766+0000] {logging_mixin.py:190} INFO - [2026-02-22T07:50:21.765+0000] {dag.py:4180} INFO - Setting next_dagrun for system_dag to 2026-02-21T00:00:00+00:00, run_after=2026-02-22T00:00:00+00:00
[2026-02-22T07:50:21.830+0000] {processor.py:208} INFO - Processing /opt/airflow/dags/system_dag.py took 0.291 seconds
[2026-02-22T07:50:52.612+0000] {processor.py:186} INFO - Started process (PID=71) to work on /opt/airflow/dags/system_dag.py
[2026-02-22T07:50:52.613+0000] {processor.py:914} INFO - Processing file /opt/airflow/dags/system_dag.py for tasks to queue
[2026-02-22T07:50:52.616+0000] {logging_mixin.py:190} INFO - [2026-02-22T07:50:52.616+0000] {dagbag.py:588} INFO - Filling up the DagBag from /opt/airflow/dags/system_dag.py
[2026-02-22T07:50:52.652+0000] {processor.py:925} INFO - DAG(s) 'system_dag' retrieved from /opt/airflow/dags/system_dag.py
[2026-02-22T07:50:52.717+0000] {logging_mixin.py:190} INFO - [2026-02-22T07:50:52.717+0000] {dag.py:3239} INFO - Sync 1 DAGs
[2026-02-22T07:50:52.768+0000] {logging_mixin.py:190} INFO - [2026-02-22T07:50:52.767+0000] {dag.py:4180} INFO - Setting next_dagrun for system_dag to 2026-02-21T00:00:00+00:00, run_after=2026-02-22T00:00:00+00:00
[2026-02-22T07:50:52.803+0000] {processor.py:208} INFO - Processing /opt/airflow/dags/system_dag.py took 0.203 seconds
[2026-02-22T07:51:23.362+0000] {processor.py:186} INFO - Started process (PID=75) to work on /opt/airflow/dags/system_dag.py
[2026-02-22T07:51:23.365+0000] {processor.py:914} INFO - Processing file /opt/airflow/dags/system_dag.py for tasks to queue
[2026-02-22T07:51:23.369+0000] {logging_mixin.py:190} INFO - [2026-02-22T07:51:23.368+0000] {dagbag.py:588} INFO - Filling up the DagBag from /opt/airflow/dags/system_dag.py
[2026-02-22T07:51:23.431+0000] {processor.py:925} INFO - DAG(s) 'system_dag' retrieved from /opt/airflow/dags/system_dag.py
[2026-02-22T07:51:23.549+0000] {logging_mixin.py:190} INFO - [2026-02-22T07:51:23.549+0000] {dag.py:3239} INFO - Sync 1 DAGs
[2026-02-22T07:51:23.671+0000] {logging_mixin.py:190} INFO - [2026-02-22T07:51:23.671+0000] {dag.py:4180} INFO - Setting next_dagrun for system_dag to 2026-02-21T00:00:00+00:00, run_after=2026-02-22T00:00:00+00:00
[2026-02-22T07:51:23.814+0000] {processor.py:208} INFO - Processing /opt/airflow/dags/system_dag.py took 0.470 seconds
[2026-02-22T07:51:54.069+0000] {processor.py:186} INFO - Started process (PID=79) to work on /opt/airflow/dags/system_dag.py
[2026-02-22T07:51:54.070+0000] {processor.py:914} INFO - Processing file /opt/airflow/dags/system_dag.py for tasks to queue
[2026-02-22T07:51:54.071+0000] {logging_mixin.py:190} INFO - [2026-02-22T07:51:54.071+0000] {dagbag.py:588} INFO - Filling up the DagBag from /opt/airflow/dags/system_dag.py
[2026-02-22T07:51:54.098+0000] {processor.py:925} INFO - DAG(s) 'system_dag' retrieved from /opt/airflow/dags/system_dag.py
[2026-02-22T07:51:54.155+0000] {logging_mixin.py:190} INFO - [2026-02-22T07:51:54.155+0000] {dag.py:3239} INFO - Sync 1 DAGs
[2026-02-22T07:51:54.203+0000] {logging_mixin.py:190} INFO - [2026-02-22T07:51:54.202+0000] {dag.py:4180} INFO - Setting next_dagrun for system_dag to 2026-02-21T00:00:00+00:00, run_after=2026-02-22T00:00:00+00:00
[2026-02-22T07:51:54.258+0000] {processor.py:208} INFO - Processing /opt/airflow/dags/system_dag.py took 0.200 seconds
[2026-02-22T07:52:24.889+0000] {processor.py:186} INFO - Started process (PID=83) to work on /opt/airflow/dags/system_dag.py
[2026-02-22T07:52:24.890+0000] {processor.py:914} INFO - Processing file /opt/airflow/dags/system_dag.py for tasks to queue
[2026-02-22T07:52:24.891+0000] {logging_mixin.py:190} INFO - [2026-02-22T07:52:24.891+0000] {dagbag.py:588} INFO - Filling up the DagBag from /opt/airflow/dags/system_dag.py
[2026-02-22T07:52:24.916+0000] {processor.py:925} INFO - DAG(s) 'system_dag' retrieved from /opt/airflow/dags/system_dag.py
[2026-02-22T07:52:24.963+0000] {logging_mixin.py:190} INFO - [2026-02-22T07:52:24.963+0000] {dag.py:3239} INFO - Sync 1 DAGs
[2026-02-22T07:52:24.999+0000] {logging_mixin.py:190} INFO - [2026-02-22T07:52:24.999+0000] {dag.py:4180} INFO - Setting next_dagrun for system_dag to 2026-02-21T00:00:00+00:00, run_after=2026-02-22T00:00:00+00:00
[2026-02-22T07:52:25.036+0000] {processor.py:208} INFO - Processing /opt/airflow/dags/system_dag.py took 0.156 seconds
[2026-02-22T07:52:55.564+0000] {processor.py:186} INFO - Started process (PID=87) to work on /opt/airflow/dags/system_dag.py
[2026-02-22T07:52:55.569+0000] {processor.py:914} INFO - Processing file /opt/airflow/dags/system_dag.py for tasks to queue
[2026-02-22T07:52:55.571+0000] {logging_mixin.py:190} INFO - [2026-02-22T07:52:55.571+0000] {dagbag.py:588} INFO - Filling up the DagBag from /opt/airflow/dags/system_dag.py
[2026-02-22T07:52:55.605+0000] {processor.py:925} INFO - DAG(s) 'system_dag' retrieved from /opt/airflow/dags/system_dag.py
[2026-02-22T07:52:55.662+0000] {logging_mixin.py:190} INFO - [2026-02-22T07:52:55.662+0000] {dag.py:3239} INFO - Sync 1 DAGs
[2026-02-22T07:52:55.703+0000] {logging_mixin.py:190} INFO - [2026-02-22T07:52:55.703+0000] {dag.py:4180} INFO - Setting next_dagrun for system_dag to 2026-02-21T00:00:00+00:00, run_after=2026-02-22T00:00:00+00:00
[2026-02-22T07:52:55.818+0000] {processor.py:208} INFO - Processing /opt/airflow/dags/system_dag.py took 0.263 seconds
[2026-02-22T07:53:26.373+0000] {processor.py:186} INFO - Started process (PID=91) to work on /opt/airflow/dags/system_dag.py
[2026-02-22T07:53:26.374+0000] {processor.py:914} INFO - Processing file /opt/airflow/dags/system_dag.py for tasks to queue
[2026-02-22T07:53:26.376+0000] {logging_mixin.py:190} INFO - [2026-02-22T07:53:26.375+0000] {dagbag.py:588} INFO - Filling up the DagBag from /opt/airflow/dags/system_dag.py
[2026-02-22T07:53:26.402+0000] {processor.py:925} INFO - DAG(s) 'system_dag' retrieved from /opt/airflow/dags/system_dag.py
[2026-02-22T07:53:26.463+0000] {logging_mixin.py:190} INFO - [2026-02-22T07:53:26.463+0000] {dag.py:3239} INFO - Sync 1 DAGs
[2026-02-22T07:53:26.511+0000] {logging_mixin.py:190} INFO - [2026-02-22T07:53:26.511+0000] {dag.py:4180} INFO - Setting next_dagrun for system_dag to 2026-02-21T00:00:00+00:00, run_after=2026-02-22T00:00:00+00:00
[2026-02-22T07:53:27.115+0000] {processor.py:208} INFO - Processing /opt/airflow/dags/system_dag.py took 0.749 seconds
[2026-02-22T07:53:57.532+0000] {processor.py:186} INFO - Started process (PID=95) to work on /opt/airflow/dags/system_dag.py
[2026-02-22T07:53:57.534+0000] {processor.py:914} INFO - Processing file /opt/airflow/dags/system_dag.py for tasks to queue
[2026-02-22T07:53:57.538+0000] {logging_mixin.py:190} INFO - [2026-02-22T07:53:57.537+0000] {dagbag.py:588} INFO - Filling up the DagBag from /opt/airflow/dags/system_dag.py
[2026-02-22T07:53:57.565+0000] {processor.py:925} INFO - DAG(s) 'system_dag' retrieved from /opt/airflow/dags/system_dag.py
[2026-02-22T07:53:57.626+0000] {logging_mixin.py:190} INFO - [2026-02-22T07:53:57.625+0000] {dag.py:3239} INFO - Sync 1 DAGs
[2026-02-22T07:53:57.676+0000] {logging_mixin.py:190} INFO - [2026-02-22T07:53:57.675+0000] {dag.py:4180} INFO - Setting next_dagrun for system_dag to 2026-02-21T00:00:00+00:00, run_after=2026-02-22T00:00:00+00:00
[2026-02-22T07:53:57.782+0000] {processor.py:208} INFO - Processing /opt/airflow/dags/system_dag.py took 0.259 seconds
[2026-02-22T07:54:28.372+0000] {processor.py:186} INFO - Started process (PID=99) to work on /opt/airflow/dags/system_dag.py
[2026-02-22T07:54:28.373+0000] {processor.py:914} INFO - Processing file /opt/airflow/dags/system_dag.py for tasks to queue
[2026-02-22T07:54:28.375+0000] {logging_mixin.py:190} INFO - [2026-02-22T07:54:28.374+0000] {dagbag.py:588} INFO - Filling up the DagBag from /opt/airflow/dags/system_dag.py
[2026-02-22T07:54:28.397+0000] {processor.py:925} INFO - DAG(s) 'system_dag' retrieved from /opt/airflow/dags/system_dag.py
[2026-02-22T07:54:28.439+0000] {logging_mixin.py:190} INFO - [2026-02-22T07:54:28.439+0000] {dag.py:3239} INFO - Sync 1 DAGs
[2026-02-22T07:54:28.472+0000] {logging_mixin.py:190} INFO - [2026-02-22T07:54:28.472+0000] {dag.py:4180} INFO - Setting next_dagrun for system_dag to 2026-02-21T00:00:00+00:00, run_after=2026-02-22T00:00:00+00:00
[2026-02-22T07:54:28.501+0000] {processor.py:208} INFO - Processing /opt/airflow/dags/system_dag.py took 0.136 seconds
[2026-02-22T07:54:58.979+0000] {processor.py:186} INFO - Started process (PID=103) to work on /opt/airflow/dags/system_dag.py
[2026-02-22T07:54:58.980+0000] {processor.py:914} INFO - Processing file /opt/airflow/dags/system_dag.py for tasks to queue
[2026-02-22T07:54:58.982+0000] {logging_mixin.py:190} INFO - [2026-02-22T07:54:58.981+0000] {dagbag.py:588} INFO - Filling up the DagBag from /opt/airflow/dags/system_dag.py
[2026-02-22T07:54:59.003+0000] {processor.py:925} INFO - DAG(s) 'system_dag' retrieved from /opt/airflow/dags/system_dag.py
[2026-02-22T07:54:59.052+0000] {logging_mixin.py:190} INFO - [2026-02-22T07:54:59.052+0000] {dag.py:3239} INFO - Sync 1 DAGs
[2026-02-22T07:54:59.089+0000] {logging_mixin.py:190} INFO - [2026-02-22T07:54:59.089+0000] {dag.py:4180} INFO - Setting next_dagrun for system_dag to 2026-02-21T00:00:00+00:00, run_after=2026-02-22T00:00:00+00:00
[2026-02-22T07:54:59.122+0000] {processor.py:208} INFO - Processing /opt/airflow/dags/system_dag.py took 0.150 seconds
[2026-02-22T07:55:29.243+0000] {processor.py:186} INFO - Started process (PID=107) to work on /opt/airflow/dags/system_dag.py
[2026-02-22T07:55:29.244+0000] {processor.py:914} INFO - Processing file /opt/airflow/dags/system_dag.py for tasks to queue
[2026-02-22T07:55:29.246+0000] {logging_mixin.py:190} INFO - [2026-02-22T07:55:29.245+0000] {dagbag.py:588} INFO - Filling up the DagBag from /opt/airflow/dags/system_dag.py
[2026-02-22T07:55:29.264+0000] {processor.py:925} INFO - DAG(s) 'system_dag' retrieved from /opt/airflow/dags/system_dag.py
[2026-02-22T07:55:29.299+0000] {logging_mixin.py:190} INFO - [2026-02-22T07:55:29.298+0000] {dag.py:3239} INFO - Sync 1 DAGs
[2026-02-22T07:55:29.327+0000] {logging_mixin.py:190} INFO - [2026-02-22T07:55:29.327+0000] {dag.py:4180} INFO - Setting next_dagrun for system_dag to 2026-02-21T00:00:00+00:00, run_after=2026-02-22T00:00:00+00:00
[2026-02-22T07:55:29.348+0000] {processor.py:208} INFO - Processing /opt/airflow/dags/system_dag.py took 0.112 seconds
[2026-02-22T07:56:00.240+0000] {processor.py:186} INFO - Started process (PID=111) to work on /opt/airflow/dags/system_dag.py
[2026-02-22T07:56:00.242+0000] {processor.py:914} INFO - Processing file /opt/airflow/dags/system_dag.py for tasks to queue
[2026-02-22T07:56:00.244+0000] {logging_mixin.py:190} INFO - [2026-02-22T07:56:00.243+0000] {dagbag.py:588} INFO - Filling up the DagBag from /opt/airflow/dags/system_dag.py
[2026-02-22T07:56:00.268+0000] {processor.py:925} INFO - DAG(s) 'system_dag' retrieved from /opt/airflow/dags/system_dag.py
[2026-02-22T07:56:00.317+0000] {logging_mixin.py:190} INFO - [2026-02-22T07:56:00.317+0000] {dag.py:3239} INFO - Sync 1 DAGs
[2026-02-22T07:56:00.354+0000] {logging_mixin.py:190} INFO - [2026-02-22T07:56:00.354+0000] {dag.py:4180} INFO - Setting next_dagrun for system_dag to 2026-02-21T00:00:00+00:00, run_after=2026-02-22T00:00:00+00:00
[2026-02-22T07:56:00.395+0000] {processor.py:208} INFO - Processing /opt/airflow/dags/system_dag.py took 0.163 seconds
[2026-02-22T07:56:30.760+0000] {processor.py:186} INFO - Started process (PID=115) to work on /opt/airflow/dags/system_dag.py
[2026-02-22T07:56:30.761+0000] {processor.py:914} INFO - Processing file /opt/airflow/dags/system_dag.py for tasks to queue
[2026-02-22T07:56:30.763+0000] {logging_mixin.py:190} INFO - [2026-02-22T07:56:30.763+0000] {dagbag.py:588} INFO - Filling up the DagBag from /opt/airflow/dags/system_dag.py
[2026-02-22T07:56:30.792+0000] {processor.py:925} INFO - DAG(s) 'system_dag' retrieved from /opt/airflow/dags/system_dag.py
[2026-02-22T07:56:30.844+0000] {logging_mixin.py:190} INFO - [2026-02-22T07:56:30.843+0000] {dag.py:3239} INFO - Sync 1 DAGs
[2026-02-22T07:56:30.890+0000] {logging_mixin.py:190} INFO - [2026-02-22T07:56:30.889+0000] {dag.py:4180} INFO - Setting next_dagrun for system_dag to 2026-02-21T00:00:00+00:00, run_after=2026-02-22T00:00:00+00:00
[2026-02-22T07:56:30.927+0000] {processor.py:208} INFO - Processing /opt/airflow/dags/system_dag.py took 0.177 seconds
[2026-02-22T07:57:01.727+0000] {processor.py:186} INFO - Started process (PID=119) to work on /opt/airflow/dags/system_dag.py
[2026-02-22T07:57:01.728+0000] {processor.py:914} INFO - Processing file /opt/airflow/dags/system_dag.py for tasks to queue
[2026-02-22T07:57:01.729+0000] {logging_mixin.py:190} INFO - [2026-02-22T07:57:01.729+0000] {dagbag.py:588} INFO - Filling up the DagBag from /opt/airflow/dags/system_dag.py
[2026-02-22T07:57:01.755+0000] {processor.py:925} INFO - DAG(s) 'system_dag' retrieved from /opt/airflow/dags/system_dag.py
[2026-02-22T07:57:01.803+0000] {logging_mixin.py:190} INFO - [2026-02-22T07:57:01.803+0000] {dag.py:3239} INFO - Sync 1 DAGs
[2026-02-22T07:57:01.865+0000] {logging_mixin.py:190} INFO - [2026-02-22T07:57:01.864+0000] {dag.py:4180} INFO - Setting next_dagrun for system_dag to 2026-02-21T00:00:00+00:00, run_after=2026-02-22T00:00:00+00:00
[2026-02-22T07:57:01.895+0000] {processor.py:208} INFO - Processing /opt/airflow/dags/system_dag.py took 0.178 seconds
[2026-02-22T07:57:32.020+0000] {processor.py:186} INFO - Started process (PID=123) to work on /opt/airflow/dags/system_dag.py
[2026-02-22T07:57:32.022+0000] {processor.py:914} INFO - Processing file /opt/airflow/dags/system_dag.py for tasks to queue
[2026-02-22T07:57:32.024+0000] {logging_mixin.py:190} INFO - [2026-02-22T07:57:32.023+0000] {dagbag.py:588} INFO - Filling up the DagBag from /opt/airflow/dags/system_dag.py
[2026-02-22T07:57:32.049+0000] {processor.py:925} INFO - DAG(s) 'system_dag' retrieved from /opt/airflow/dags/system_dag.py
[2026-02-22T07:57:32.104+0000] {logging_mixin.py:190} INFO - [2026-02-22T07:57:32.104+0000] {dag.py:3239} INFO - Sync 1 DAGs
[2026-02-22T07:57:32.148+0000] {logging_mixin.py:190} INFO - [2026-02-22T07:57:32.147+0000] {dag.py:4180} INFO - Setting next_dagrun for system_dag to 2026-02-21T00:00:00+00:00, run_after=2026-02-22T00:00:00+00:00
[2026-02-22T07:57:32.197+0000] {processor.py:208} INFO - Processing /opt/airflow/dags/system_dag.py took 0.186 seconds
[2026-02-22T07:58:03.846+0000] {processor.py:186} INFO - Started process (PID=127) to work on /opt/airflow/dags/system_dag.py
[2026-02-22T07:58:03.849+0000] {processor.py:914} INFO - Processing file /opt/airflow/dags/system_dag.py for tasks to queue
[2026-02-22T07:58:03.851+0000] {logging_mixin.py:190} INFO - [2026-02-22T07:58:03.851+0000] {dagbag.py:588} INFO - Filling up the DagBag from /opt/airflow/dags/system_dag.py
[2026-02-22T07:58:03.880+0000] {processor.py:925} INFO - DAG(s) 'system_dag' retrieved from /opt/airflow/dags/system_dag.py
[2026-02-22T07:58:03.946+0000] {logging_mixin.py:190} INFO - [2026-02-22T07:58:03.946+0000] {dag.py:3239} INFO - Sync 1 DAGs
[2026-02-22T07:58:03.997+0000] {logging_mixin.py:190} INFO - [2026-02-22T07:58:03.997+0000] {dag.py:4180} INFO - Setting next_dagrun for system_dag to 2026-02-21T00:00:00+00:00, run_after=2026-02-22T00:00:00+00:00
[2026-02-22T07:58:04.032+0000] {processor.py:208} INFO - Processing /opt/airflow/dags/system_dag.py took 0.199 seconds
[2026-02-22T07:58:34.590+0000] {processor.py:186} INFO - Started process (PID=131) to work on /opt/airflow/dags/system_dag.py
[2026-02-22T07:58:34.591+0000] {processor.py:914} INFO - Processing file /opt/airflow/dags/system_dag.py for tasks to queue
[2026-02-22T07:58:34.592+0000] {logging_mixin.py:190} INFO - [2026-02-22T07:58:34.592+0000] {dagbag.py:588} INFO - Filling up the DagBag from /opt/airflow/dags/system_dag.py
[2026-02-22T07:58:34.618+0000] {processor.py:925} INFO - DAG(s) 'system_dag' retrieved from /opt/airflow/dags/system_dag.py
[2026-02-22T07:58:34.671+0000] {logging_mixin.py:190} INFO - [2026-02-22T07:58:34.671+0000] {dag.py:3239} INFO - Sync 1 DAGs
[2026-02-22T07:58:34.722+0000] {logging_mixin.py:190} INFO - [2026-02-22T07:58:34.721+0000] {dag.py:4180} INFO - Setting next_dagrun for system_dag to 2026-02-21T00:00:00+00:00, run_after=2026-02-22T00:00:00+00:00
[2026-02-22T07:58:34.753+0000] {processor.py:208} INFO - Processing /opt/airflow/dags/system_dag.py took 0.170 seconds
[2026-02-22T07:59:05.232+0000] {processor.py:186} INFO - Started process (PID=135) to work on /opt/airflow/dags/system_dag.py
[2026-02-22T07:59:05.233+0000] {processor.py:914} INFO - Processing file /opt/airflow/dags/system_dag.py for tasks to queue
[2026-02-22T07:59:05.235+0000] {logging_mixin.py:190} INFO - [2026-02-22T07:59:05.235+0000] {dagbag.py:588} INFO - Filling up the DagBag from /opt/airflow/dags/system_dag.py
[2026-02-22T07:59:05.267+0000] {processor.py:925} INFO - DAG(s) 'system_dag' retrieved from /opt/airflow/dags/system_dag.py
[2026-02-22T07:59:05.320+0000] {logging_mixin.py:190} INFO - [2026-02-22T07:59:05.319+0000] {dag.py:3239} INFO - Sync 1 DAGs
[2026-02-22T07:59:05.365+0000] {logging_mixin.py:190} INFO - [2026-02-22T07:59:05.365+0000] {dag.py:4180} INFO - Setting next_dagrun for system_dag to 2026-02-21T00:00:00+00:00, run_after=2026-02-22T00:00:00+00:00
[2026-02-22T07:59:05.405+0000] {processor.py:208} INFO - Processing /opt/airflow/dags/system_dag.py took 0.183 seconds
[2026-02-22T07:59:35.700+0000] {processor.py:186} INFO - Started process (PID=139) to work on /opt/airflow/dags/system_dag.py
[2026-02-22T07:59:35.701+0000] {processor.py:914} INFO - Processing file /opt/airflow/dags/system_dag.py for tasks to queue
[2026-02-22T07:59:35.704+0000] {logging_mixin.py:190} INFO - [2026-02-22T07:59:35.703+0000] {dagbag.py:588} INFO - Filling up the DagBag from /opt/airflow/dags/system_dag.py
[2026-02-22T07:59:35.736+0000] {processor.py:925} INFO - DAG(s) 'system_dag' retrieved from /opt/airflow/dags/system_dag.py
[2026-02-22T07:59:35.814+0000] {logging_mixin.py:190} INFO - [2026-02-22T07:59:35.813+0000] {dag.py:3239} INFO - Sync 1 DAGs
[2026-02-22T07:59:35.892+0000] {logging_mixin.py:190} INFO - [2026-02-22T07:59:35.891+0000] {dag.py:4180} INFO - Setting next_dagrun for system_dag to 2026-02-21T00:00:00+00:00, run_after=2026-02-22T00:00:00+00:00
[2026-02-22T07:59:35.926+0000] {processor.py:208} INFO - Processing /opt/airflow/dags/system_dag.py took 0.241 seconds
[2026-02-22T08:00:06.838+0000] {processor.py:186} INFO - Started process (PID=143) to work on /opt/airflow/dags/system_dag.py
[2026-02-22T08:00:06.839+0000] {processor.py:914} INFO - Processing file /opt/airflow/dags/system_dag.py for tasks to queue
[2026-02-22T08:00:06.840+0000] {logging_mixin.py:190} INFO - [2026-02-22T08:00:06.840+0000] {dagbag.py:588} INFO - Filling up the DagBag from /opt/airflow/dags/system_dag.py
[2026-02-22T08:00:06.864+0000] {processor.py:925} INFO - DAG(s) 'system_dag' retrieved from /opt/airflow/dags/system_dag.py
[2026-02-22T08:00:06.904+0000] {logging_mixin.py:190} INFO - [2026-02-22T08:00:06.904+0000] {dag.py:3239} INFO - Sync 1 DAGs
[2026-02-22T08:00:06.936+0000] {logging_mixin.py:190} INFO - [2026-02-22T08:00:06.936+0000] {dag.py:4180} INFO - Setting next_dagrun for system_dag to 2026-02-21T00:00:00+00:00, run_after=2026-02-22T00:00:00+00:00
[2026-02-22T08:00:06.964+0000] {processor.py:208} INFO - Processing /opt/airflow/dags/system_dag.py took 0.134 seconds
[2026-02-22T08:00:37.725+0000] {processor.py:186} INFO - Started process (PID=147) to work on /opt/airflow/dags/system_dag.py
[2026-02-22T08:00:37.726+0000] {processor.py:914} INFO - Processing file /opt/airflow/dags/system_dag.py for tasks to queue
[2026-02-22T08:00:37.728+0000] {logging_mixin.py:190} INFO - [2026-02-22T08:00:37.728+0000] {dagbag.py:588} INFO - Filling up the DagBag from /opt/airflow/dags/system_dag.py
[2026-02-22T08:00:37.755+0000] {processor.py:925} INFO - DAG(s) 'system_dag' retrieved from /opt/airflow/dags/system_dag.py
[2026-02-22T08:00:37.814+0000] {logging_mixin.py:190} INFO - [2026-02-22T08:00:37.814+0000] {dag.py:3239} INFO - Sync 1 DAGs
[2026-02-22T08:00:37.859+0000] {logging_mixin.py:190} INFO - [2026-02-22T08:00:37.859+0000] {dag.py:4180} INFO - Setting next_dagrun for system_dag to 2026-02-21T00:00:00+00:00, run_after=2026-02-22T00:00:00+00:00
[2026-02-22T08:00:37.904+0000] {processor.py:208} INFO - Processing /opt/airflow/dags/system_dag.py took 0.188 seconds
[2026-02-22T08:01:08.449+0000] {processor.py:186} INFO - Started process (PID=151) to work on /opt/airflow/dags/system_dag.py
[2026-02-22T08:01:08.449+0000] {processor.py:914} INFO - Processing file /opt/airflow/dags/system_dag.py for tasks to queue
[2026-02-22T08:01:08.452+0000] {logging_mixin.py:190} INFO - [2026-02-22T08:01:08.452+0000] {dagbag.py:588} INFO - Filling up the DagBag from /opt/airflow/dags/system_dag.py
[2026-02-22T08:01:08.484+0000] {processor.py:925} INFO - DAG(s) 'system_dag' retrieved from /opt/airflow/dags/system_dag.py
[2026-02-22T08:01:08.551+0000] {logging_mixin.py:190} INFO - [2026-02-22T08:01:08.550+0000] {dag.py:3239} INFO - Sync 1 DAGs
[2026-02-22T08:01:08.598+0000] {logging_mixin.py:190} INFO - [2026-02-22T08:01:08.598+0000] {dag.py:4180} INFO - Setting next_dagrun for system_dag to 2026-02-21T00:00:00+00:00, run_after=2026-02-22T00:00:00+00:00
[2026-02-22T08:01:08.631+0000] {processor.py:208} INFO - Processing /opt/airflow/dags/system_dag.py took 0.190 seconds
[2026-02-22T08:01:38.841+0000] {processor.py:186} INFO - Started process (PID=155) to work on /opt/airflow/dags/system_dag.py
[2026-02-22T08:01:38.842+0000] {processor.py:914} INFO - Processing file /opt/airflow/dags/system_dag.py for tasks to queue
[2026-02-22T08:01:38.843+0000] {logging_mixin.py:190} INFO - [2026-02-22T08:01:38.843+0000] {dagbag.py:588} INFO - Filling up the DagBag from /opt/airflow/dags/system_dag.py
[2026-02-22T08:01:38.865+0000] {processor.py:925} INFO - DAG(s) 'system_dag' retrieved from /opt/airflow/dags/system_dag.py
[2026-02-22T08:01:38.931+0000] {logging_mixin.py:190} INFO - [2026-02-22T08:01:38.931+0000] {dag.py:3239} INFO - Sync 1 DAGs
[2026-02-22T08:01:39.008+0000] {logging_mixin.py:190} INFO - [2026-02-22T08:01:39.007+0000] {dag.py:4180} INFO - Setting next_dagrun for system_dag to 2026-02-21T00:00:00+00:00, run_after=2026-02-22T00:00:00+00:00
[2026-02-22T08:01:39.064+0000] {processor.py:208} INFO - Processing /opt/airflow/dags/system_dag.py took 0.230 seconds
[2026-02-22T08:02:10.045+0000] {processor.py:186} INFO - Started process (PID=159) to work on /opt/airflow/dags/system_dag.py
[2026-02-22T08:02:10.046+0000] {processor.py:914} INFO - Processing file /opt/airflow/dags/system_dag.py for tasks to queue
[2026-02-22T08:02:10.048+0000] {logging_mixin.py:190} INFO - [2026-02-22T08:02:10.048+0000] {dagbag.py:588} INFO - Filling up the DagBag from /opt/airflow/dags/system_dag.py
[2026-02-22T08:02:10.075+0000] {processor.py:925} INFO - DAG(s) 'system_dag' retrieved from /opt/airflow/dags/system_dag.py
[2026-02-22T08:02:10.129+0000] {logging_mixin.py:190} INFO - [2026-02-22T08:02:10.129+0000] {dag.py:3239} INFO - Sync 1 DAGs
[2026-02-22T08:02:10.171+0000] {logging_mixin.py:190} INFO - [2026-02-22T08:02:10.171+0000] {dag.py:4180} INFO - Setting next_dagrun for system_dag to 2026-02-21T00:00:00+00:00, run_after=2026-02-22T00:00:00+00:00
[2026-02-22T08:02:10.202+0000] {processor.py:208} INFO - Processing /opt/airflow/dags/system_dag.py took 0.166 seconds
[2026-02-22T08:02:42.327+0000] {processor.py:186} INFO - Started process (PID=163) to work on /opt/airflow/dags/system_dag.py
[2026-02-22T08:02:42.328+0000] {processor.py:914} INFO - Processing file /opt/airflow/dags/system_dag.py for tasks to queue
[2026-02-22T08:02:42.333+0000] {logging_mixin.py:190} INFO - [2026-02-22T08:02:42.332+0000] {dagbag.py:588} INFO - Filling up the DagBag from /opt/airflow/dags/system_dag.py
[2026-02-22T08:02:42.384+0000] {processor.py:925} INFO - DAG(s) 'system_dag' retrieved from /opt/airflow/dags/system_dag.py
[2026-02-22T08:02:42.643+0000] {logging_mixin.py:190} INFO - [2026-02-22T08:02:42.643+0000] {dag.py:3239} INFO - Sync 1 DAGs
[2026-02-22T08:02:42.757+0000] {logging_mixin.py:190} INFO - [2026-02-22T08:02:42.756+0000] {dag.py:4180} INFO - Setting next_dagrun for system_dag to 2026-02-21T00:00:00+00:00, run_after=2026-02-22T00:00:00+00:00
[2026-02-22T08:02:42.837+0000] {processor.py:208} INFO - Processing /opt/airflow/dags/system_dag.py took 0.530 seconds
[2026-02-22T08:03:13.075+0000] {processor.py:186} INFO - Started process (PID=167) to work on /opt/airflow/dags/system_dag.py
[2026-02-22T08:03:13.076+0000] {processor.py:914} INFO - Processing file /opt/airflow/dags/system_dag.py for tasks to queue
[2026-02-22T08:03:13.078+0000] {logging_mixin.py:190} INFO - [2026-02-22T08:03:13.077+0000] {dagbag.py:588} INFO - Filling up the DagBag from /opt/airflow/dags/system_dag.py
[2026-02-22T08:03:13.107+0000] {processor.py:925} INFO - DAG(s) 'system_dag' retrieved from /opt/airflow/dags/system_dag.py
[2026-02-22T08:03:13.172+0000] {logging_mixin.py:190} INFO - [2026-02-22T08:03:13.172+0000] {dag.py:3239} INFO - Sync 1 DAGs
[2026-02-22T08:03:13.221+0000] {logging_mixin.py:190} INFO - [2026-02-22T08:03:13.220+0000] {dag.py:4180} INFO - Setting next_dagrun for system_dag to 2026-02-21T00:00:00+00:00, run_after=2026-02-22T00:00:00+00:00
[2026-02-22T08:03:13.257+0000] {processor.py:208} INFO - Processing /opt/airflow/dags/system_dag.py took 0.195 seconds
[2026-02-22T08:03:44.060+0000] {processor.py:186} INFO - Started process (PID=171) to work on /opt/airflow/dags/system_dag.py
[2026-02-22T08:03:44.061+0000] {processor.py:914} INFO - Processing file /opt/airflow/dags/system_dag.py for tasks to queue
[2026-02-22T08:03:44.064+0000] {logging_mixin.py:190} INFO - [2026-02-22T08:03:44.063+0000] {dagbag.py:588} INFO - Filling up the DagBag from /opt/airflow/dags/system_dag.py
[2026-02-22T08:03:44.165+0000] {processor.py:925} INFO - DAG(s) 'system_dag' retrieved from /opt/airflow/dags/system_dag.py
[2026-02-22T08:03:44.336+0000] {logging_mixin.py:190} INFO - [2026-02-22T08:03:44.336+0000] {dag.py:3239} INFO - Sync 1 DAGs
[2026-02-22T08:03:44.442+0000] {logging_mixin.py:190} INFO - [2026-02-22T08:03:44.441+0000] {dag.py:4180} INFO - Setting next_dagrun for system_dag to 2026-02-21T00:00:00+00:00, run_after=2026-02-22T00:00:00+00:00
[2026-02-22T08:03:44.515+0000] {processor.py:208} INFO - Processing /opt/airflow/dags/system_dag.py took 0.463 seconds
[2026-02-22T08:04:15.379+0000] {processor.py:186} INFO - Started process (PID=175) to work on /opt/airflow/dags/system_dag.py
[2026-02-22T08:04:15.381+0000] {processor.py:914} INFO - Processing file /opt/airflow/dags/system_dag.py for tasks to queue
[2026-02-22T08:04:15.384+0000] {logging_mixin.py:190} INFO - [2026-02-22T08:04:15.384+0000] {dagbag.py:588} INFO - Filling up the DagBag from /opt/airflow/dags/system_dag.py
[2026-02-22T08:04:15.457+0000] {processor.py:925} INFO - DAG(s) 'system_dag' retrieved from /opt/airflow/dags/system_dag.py
[2026-02-22T08:04:15.658+0000] {logging_mixin.py:190} INFO - [2026-02-22T08:04:15.657+0000] {dag.py:3239} INFO - Sync 1 DAGs
[2026-02-22T08:04:15.771+0000] {logging_mixin.py:190} INFO - [2026-02-22T08:04:15.770+0000] {dag.py:4180} INFO - Setting next_dagrun for system_dag to 2026-02-21T00:00:00+00:00, run_after=2026-02-22T00:00:00+00:00
[2026-02-22T08:04:15.838+0000] {processor.py:208} INFO - Processing /opt/airflow/dags/system_dag.py took 0.472 seconds
[2026-02-22T08:04:46.043+0000] {processor.py:186} INFO - Started process (PID=179) to work on /opt/airflow/dags/system_dag.py
[2026-02-22T08:04:46.051+0000] {processor.py:914} INFO - Processing file /opt/airflow/dags/system_dag.py for tasks to queue
[2026-02-22T08:04:46.056+0000] {logging_mixin.py:190} INFO - [2026-02-22T08:04:46.056+0000] {dagbag.py:588} INFO - Filling up the DagBag from /opt/airflow/dags/system_dag.py
[2026-02-22T08:04:46.136+0000] {processor.py:925} INFO - DAG(s) 'system_dag' retrieved from /opt/airflow/dags/system_dag.py
[2026-02-22T08:04:46.291+0000] {logging_mixin.py:190} INFO - [2026-02-22T08:04:46.291+0000] {dag.py:3239} INFO - Sync 1 DAGs
[2026-02-22T08:04:46.405+0000] {logging_mixin.py:190} INFO - [2026-02-22T08:04:46.404+0000] {dag.py:4180} INFO - Setting next_dagrun for system_dag to 2026-02-21T00:00:00+00:00, run_after=2026-02-22T00:00:00+00:00
[2026-02-22T08:04:46.498+0000] {processor.py:208} INFO - Processing /opt/airflow/dags/system_dag.py took 0.477 seconds
[2026-02-22T08:05:17.108+0000] {processor.py:186} INFO - Started process (PID=183) to work on /opt/airflow/dags/system_dag.py
[2026-02-22T08:05:17.108+0000] {processor.py:914} INFO - Processing file /opt/airflow/dags/system_dag.py for tasks to queue
[2026-02-22T08:05:17.109+0000] {logging_mixin.py:190} INFO - [2026-02-22T08:05:17.109+0000] {dagbag.py:588} INFO - Filling up the DagBag from /opt/airflow/dags/system_dag.py
[2026-02-22T08:05:17.132+0000] {processor.py:925} INFO - DAG(s) 'system_dag' retrieved from /opt/airflow/dags/system_dag.py
[2026-02-22T08:05:17.181+0000] {logging_mixin.py:190} INFO - [2026-02-22T08:05:17.181+0000] {dag.py:3239} INFO - Sync 1 DAGs
[2026-02-22T08:05:17.222+0000] {logging_mixin.py:190} INFO - [2026-02-22T08:05:17.221+0000] {dag.py:4180} INFO - Setting next_dagrun for system_dag to 2026-02-21T00:00:00+00:00, run_after=2026-02-22T00:00:00+00:00
[2026-02-22T08:05:17.260+0000] {processor.py:208} INFO - Processing /opt/airflow/dags/system_dag.py took 0.159 seconds
[2026-02-22T08:05:47.447+0000] {processor.py:186} INFO - Started process (PID=187) to work on /opt/airflow/dags/system_dag.py
[2026-02-22T08:05:47.448+0000] {processor.py:914} INFO - Processing file /opt/airflow/dags/system_dag.py for tasks to queue
[2026-02-22T08:05:47.450+0000] {logging_mixin.py:190} INFO - [2026-02-22T08:05:47.449+0000] {dagbag.py:588} INFO - Filling up the DagBag from /opt/airflow/dags/system_dag.py
[2026-02-22T08:05:47.469+0000] {processor.py:925} INFO - DAG(s) 'system_dag' retrieved from /opt/airflow/dags/system_dag.py
[2026-02-22T08:05:47.524+0000] {logging_mixin.py:190} INFO - [2026-02-22T08:05:47.524+0000] {dag.py:3239} INFO - Sync 1 DAGs
[2026-02-22T08:05:47.569+0000] {logging_mixin.py:190} INFO - [2026-02-22T08:05:47.569+0000] {dag.py:4180} INFO - Setting next_dagrun for system_dag to 2026-02-21T00:00:00+00:00, run_after=2026-02-22T00:00:00+00:00
[2026-02-22T08:05:47.602+0000] {processor.py:208} INFO - Processing /opt/airflow/dags/system_dag.py took 0.162 seconds
[2026-02-22T08:06:18.252+0000] {processor.py:186} INFO - Started process (PID=191) to work on /opt/airflow/dags/system_dag.py
[2026-02-22T08:06:18.252+0000] {processor.py:914} INFO - Processing file /opt/airflow/dags/system_dag.py for tasks to queue
[2026-02-22T08:06:18.254+0000] {logging_mixin.py:190} INFO - [2026-02-22T08:06:18.254+0000] {dagbag.py:588} INFO - Filling up the DagBag from /opt/airflow/dags/system_dag.py
[2026-02-22T08:06:18.274+0000] {processor.py:925} INFO - DAG(s) 'system_dag' retrieved from /opt/airflow/dags/system_dag.py
[2026-02-22T08:06:18.314+0000] {logging_mixin.py:190} INFO - [2026-02-22T08:06:18.314+0000] {dag.py:3239} INFO - Sync 1 DAGs
[2026-02-22T08:06:18.349+0000] {logging_mixin.py:190} INFO - [2026-02-22T08:06:18.349+0000] {dag.py:4180} INFO - Setting next_dagrun for system_dag to 2026-02-21T00:00:00+00:00, run_after=2026-02-22T00:00:00+00:00
[2026-02-22T08:06:18.374+0000] {processor.py:208} INFO - Processing /opt/airflow/dags/system_dag.py took 0.132 seconds
[2026-02-22T08:06:49.559+0000] {processor.py:186} INFO - Started process (PID=195) to work on /opt/airflow/dags/system_dag.py
[2026-02-22T08:06:49.560+0000] {processor.py:914} INFO - Processing file /opt/airflow/dags/system_dag.py for tasks to queue
[2026-02-22T08:06:49.562+0000] {logging_mixin.py:190} INFO - [2026-02-22T08:06:49.561+0000] {dagbag.py:588} INFO - Filling up the DagBag from /opt/airflow/dags/system_dag.py
[2026-02-22T08:06:49.585+0000] {processor.py:925} INFO - DAG(s) 'system_dag' retrieved from /opt/airflow/dags/system_dag.py
[2026-02-22T08:06:49.627+0000] {logging_mixin.py:190} INFO - [2026-02-22T08:06:49.627+0000] {dag.py:3239} INFO - Sync 1 DAGs
[2026-02-22T08:06:49.661+0000] {logging_mixin.py:190} INFO - [2026-02-22T08:06:49.661+0000] {dag.py:4180} INFO - Setting next_dagrun for system_dag to 2026-02-21T00:00:00+00:00, run_after=2026-02-22T00:00:00+00:00
[2026-02-22T08:06:49.684+0000] {processor.py:208} INFO - Processing /opt/airflow/dags/system_dag.py took 0.132 seconds
[2026-02-22T08:07:19.956+0000] {processor.py:186} INFO - Started process (PID=199) to work on /opt/airflow/dags/system_dag.py
[2026-02-22T08:07:19.957+0000] {processor.py:914} INFO - Processing file /opt/airflow/dags/system_dag.py for tasks to queue
[2026-02-22T08:07:19.958+0000] {logging_mixin.py:190} INFO - [2026-02-22T08:07:19.958+0000] {dagbag.py:588} INFO - Filling up the DagBag from /opt/airflow/dags/system_dag.py
[2026-02-22T08:07:19.982+0000] {processor.py:925} INFO - DAG(s) 'system_dag' retrieved from /opt/airflow/dags/system_dag.py
[2026-02-22T08:07:20.026+0000] {logging_mixin.py:190} INFO - [2026-02-22T08:07:20.026+0000] {dag.py:3239} INFO - Sync 1 DAGs
[2026-02-22T08:07:20.061+0000] {logging_mixin.py:190} INFO - [2026-02-22T08:07:20.060+0000] {dag.py:4180} INFO - Setting next_dagrun for system_dag to 2026-02-21T00:00:00+00:00, run_after=2026-02-22T00:00:00+00:00
[2026-02-22T08:07:20.089+0000] {processor.py:208} INFO - Processing /opt/airflow/dags/system_dag.py took 0.140 seconds
[2026-02-22T08:07:51.136+0000] {processor.py:186} INFO - Started process (PID=203) to work on /opt/airflow/dags/system_dag.py
[2026-02-22T08:07:51.137+0000] {processor.py:914} INFO - Processing file /opt/airflow/dags/system_dag.py for tasks to queue
[2026-02-22T08:07:51.139+0000] {logging_mixin.py:190} INFO - [2026-02-22T08:07:51.139+0000] {dagbag.py:588} INFO - Filling up the DagBag from /opt/airflow/dags/system_dag.py
[2026-02-22T08:07:51.163+0000] {processor.py:925} INFO - DAG(s) 'system_dag' retrieved from /opt/airflow/dags/system_dag.py
[2026-02-22T08:07:51.211+0000] {logging_mixin.py:190} INFO - [2026-02-22T08:07:51.211+0000] {dag.py:3239} INFO - Sync 1 DAGs
[2026-02-22T08:07:51.255+0000] {logging_mixin.py:190} INFO - [2026-02-22T08:07:51.254+0000] {dag.py:4180} INFO - Setting next_dagrun for system_dag to 2026-02-21T00:00:00+00:00, run_after=2026-02-22T00:00:00+00:00
[2026-02-22T08:07:51.283+0000] {processor.py:208} INFO - Processing /opt/airflow/dags/system_dag.py took 0.154 seconds
[2026-02-22T08:08:21.909+0000] {processor.py:186} INFO - Started process (PID=207) to work on /opt/airflow/dags/system_dag.py
[2026-02-22T08:08:21.910+0000] {processor.py:914} INFO - Processing file /opt/airflow/dags/system_dag.py for tasks to queue
[2026-02-22T08:08:21.912+0000] {logging_mixin.py:190} INFO - [2026-02-22T08:08:21.912+0000] {dagbag.py:588} INFO - Filling up the DagBag from /opt/airflow/dags/system_dag.py
[2026-02-22T08:08:21.937+0000] {processor.py:925} INFO - DAG(s) 'system_dag' retrieved from /opt/airflow/dags/system_dag.py
[2026-02-22T08:08:21.991+0000] {logging_mixin.py:190} INFO - [2026-02-22T08:08:21.991+0000] {dag.py:3239} INFO - Sync 1 DAGs
[2026-02-22T08:08:22.024+0000] {logging_mixin.py:190} INFO - [2026-02-22T08:08:22.024+0000] {dag.py:4180} INFO - Setting next_dagrun for system_dag to 2026-02-21T00:00:00+00:00, run_after=2026-02-22T00:00:00+00:00
[2026-02-22T08:08:22.053+0000] {processor.py:208} INFO - Processing /opt/airflow/dags/system_dag.py took 0.152 seconds
[2026-02-22T08:08:53.427+0000] {processor.py:186} INFO - Started process (PID=211) to work on /opt/airflow/dags/system_dag.py
[2026-02-22T08:08:53.428+0000] {processor.py:914} INFO - Processing file /opt/airflow/dags/system_dag.py for tasks to queue
[2026-02-22T08:08:53.429+0000] {logging_mixin.py:190} INFO - [2026-02-22T08:08:53.429+0000] {dagbag.py:588} INFO - Filling up the DagBag from /opt/airflow/dags/system_dag.py
[2026-02-22T08:08:53.454+0000] {processor.py:925} INFO - DAG(s) 'system_dag' retrieved from /opt/airflow/dags/system_dag.py
[2026-02-22T08:08:53.495+0000] {logging_mixin.py:190} INFO - [2026-02-22T08:08:53.495+0000] {dag.py:3239} INFO - Sync 1 DAGs
[2026-02-22T08:08:53.527+0000] {logging_mixin.py:190} INFO - [2026-02-22T08:08:53.527+0000] {dag.py:4180} INFO - Setting next_dagrun for system_dag to 2026-02-21T00:00:00+00:00, run_after=2026-02-22T00:00:00+00:00
[2026-02-22T08:08:53.552+0000] {processor.py:208} INFO - Processing /opt/airflow/dags/system_dag.py took 0.135 seconds
[2026-02-22T08:09:23.742+0000] {processor.py:186} INFO - Started process (PID=215) to work on /opt/airflow/dags/system_dag.py
[2026-02-22T08:09:23.743+0000] {processor.py:914} INFO - Processing file /opt/airflow/dags/system_dag.py for tasks to queue
[2026-02-22T08:09:23.745+0000] {logging_mixin.py:190} INFO - [2026-02-22T08:09:23.744+0000] {dagbag.py:588} INFO - Filling up the DagBag from /opt/airflow/dags/system_dag.py
[2026-02-22T08:09:23.764+0000] {processor.py:925} INFO - DAG(s) 'system_dag' retrieved from /opt/airflow/dags/system_dag.py
[2026-02-22T08:09:23.803+0000] {logging_mixin.py:190} INFO - [2026-02-22T08:09:23.802+0000] {dag.py:3239} INFO - Sync 1 DAGs
[2026-02-22T08:09:23.833+0000] {logging_mixin.py:190} INFO - [2026-02-22T08:09:23.832+0000] {dag.py:4180} INFO - Setting next_dagrun for system_dag to 2026-02-21T00:00:00+00:00, run_after=2026-02-22T00:00:00+00:00
[2026-02-22T08:09:23.858+0000] {processor.py:208} INFO - Processing /opt/airflow/dags/system_dag.py took 0.125 seconds
[2026-02-22T08:09:53.924+0000] {processor.py:186} INFO - Started process (PID=219) to work on /opt/airflow/dags/system_dag.py
[2026-02-22T08:09:53.925+0000] {processor.py:914} INFO - Processing file /opt/airflow/dags/system_dag.py for tasks to queue
[2026-02-22T08:09:53.926+0000] {logging_mixin.py:190} INFO - [2026-02-22T08:09:53.926+0000] {dagbag.py:588} INFO - Filling up the DagBag from /opt/airflow/dags/system_dag.py
[2026-02-22T08:09:53.943+0000] {processor.py:925} INFO - DAG(s) 'system_dag' retrieved from /opt/airflow/dags/system_dag.py
[2026-02-22T08:09:53.981+0000] {logging_mixin.py:190} INFO - [2026-02-22T08:09:53.981+0000] {dag.py:3239} INFO - Sync 1 DAGs
[2026-02-22T08:09:54.019+0000] {logging_mixin.py:190} INFO - [2026-02-22T08:09:54.019+0000] {dag.py:4180} INFO - Setting next_dagrun for system_dag to 2026-02-21T00:00:00+00:00, run_after=2026-02-22T00:00:00+00:00
[2026-02-22T08:09:54.040+0000] {processor.py:208} INFO - Processing /opt/airflow/dags/system_dag.py took 0.122 seconds
[2026-02-22T08:10:27.277+0000] {processor.py:186} INFO - Started process (PID=223) to work on /opt/airflow/dags/system_dag.py
[2026-02-22T08:10:27.278+0000] {processor.py:914} INFO - Processing file /opt/airflow/dags/system_dag.py for tasks to queue
[2026-02-22T08:10:27.280+0000] {logging_mixin.py:190} INFO - [2026-02-22T08:10:27.280+0000] {dagbag.py:588} INFO - Filling up the DagBag from /opt/airflow/dags/system_dag.py
[2026-02-22T08:10:27.304+0000] {processor.py:925} INFO - DAG(s) 'system_dag' retrieved from /opt/airflow/dags/system_dag.py
[2026-02-22T08:10:27.344+0000] {logging_mixin.py:190} INFO - [2026-02-22T08:10:27.343+0000] {dag.py:3239} INFO - Sync 1 DAGs
[2026-02-22T08:10:27.376+0000] {logging_mixin.py:190} INFO - [2026-02-22T08:10:27.376+0000] {dag.py:4180} INFO - Setting next_dagrun for system_dag to 2026-02-21T00:00:00+00:00, run_after=2026-02-22T00:00:00+00:00
[2026-02-22T08:10:27.398+0000] {processor.py:208} INFO - Processing /opt/airflow/dags/system_dag.py took 0.128 seconds
[2026-02-22T08:10:57.780+0000] {processor.py:186} INFO - Started process (PID=227) to work on /opt/airflow/dags/system_dag.py
[2026-02-22T08:10:57.781+0000] {processor.py:914} INFO - Processing file /opt/airflow/dags/system_dag.py for tasks to queue
[2026-02-22T08:10:57.783+0000] {logging_mixin.py:190} INFO - [2026-02-22T08:10:57.783+0000] {dagbag.py:588} INFO - Filling up the DagBag from /opt/airflow/dags/system_dag.py
[2026-02-22T08:10:57.804+0000] {processor.py:925} INFO - DAG(s) 'system_dag' retrieved from /opt/airflow/dags/system_dag.py
[2026-02-22T08:10:57.850+0000] {logging_mixin.py:190} INFO - [2026-02-22T08:10:57.850+0000] {dag.py:3239} INFO - Sync 1 DAGs
[2026-02-22T08:10:57.884+0000] {logging_mixin.py:190} INFO - [2026-02-22T08:10:57.884+0000] {dag.py:4180} INFO - Setting next_dagrun for system_dag to 2026-02-21T00:00:00+00:00, run_after=2026-02-22T00:00:00+00:00
[2026-02-22T08:10:57.909+0000] {processor.py:208} INFO - Processing /opt/airflow/dags/system_dag.py took 0.136 seconds
[2026-02-22T08:11:28.048+0000] {processor.py:186} INFO - Started process (PID=231) to work on /opt/airflow/dags/system_dag.py
[2026-02-22T08:11:28.049+0000] {processor.py:914} INFO - Processing file /opt/airflow/dags/system_dag.py for tasks to queue
[2026-02-22T08:11:28.050+0000] {logging_mixin.py:190} INFO - [2026-02-22T08:11:28.050+0000] {dagbag.py:588} INFO - Filling up the DagBag from /opt/airflow/dags/system_dag.py
[2026-02-22T08:11:28.073+0000] {processor.py:925} INFO - DAG(s) 'system_dag' retrieved from /opt/airflow/dags/system_dag.py
[2026-02-22T08:11:28.108+0000] {logging_mixin.py:190} INFO - [2026-02-22T08:11:28.108+0000] {dag.py:3239} INFO - Sync 1 DAGs
[2026-02-22T08:11:28.141+0000] {logging_mixin.py:190} INFO - [2026-02-22T08:11:28.140+0000] {dag.py:4180} INFO - Setting next_dagrun for system_dag to 2026-02-21T00:00:00+00:00, run_after=2026-02-22T00:00:00+00:00
[2026-02-22T08:11:28.173+0000] {processor.py:208} INFO - Processing /opt/airflow/dags/system_dag.py took 0.131 seconds
[2026-02-22T08:11:59.145+0000] {processor.py:186} INFO - Started process (PID=235) to work on /opt/airflow/dags/system_dag.py
[2026-02-22T08:11:59.145+0000] {processor.py:914} INFO - Processing file /opt/airflow/dags/system_dag.py for tasks to queue
[2026-02-22T08:11:59.151+0000] {logging_mixin.py:190} INFO - [2026-02-22T08:11:59.151+0000] {dagbag.py:588} INFO - Filling up the DagBag from /opt/airflow/dags/system_dag.py
[2026-02-22T08:11:59.175+0000] {processor.py:925} INFO - DAG(s) 'system_dag' retrieved from /opt/airflow/dags/system_dag.py
[2026-02-22T08:11:59.216+0000] {logging_mixin.py:190} INFO - [2026-02-22T08:11:59.215+0000] {dag.py:3239} INFO - Sync 1 DAGs
[2026-02-22T08:11:59.249+0000] {logging_mixin.py:190} INFO - [2026-02-22T08:11:59.249+0000] {dag.py:4180} INFO - Setting next_dagrun for system_dag to 2026-02-21T00:00:00+00:00, run_after=2026-02-22T00:00:00+00:00
[2026-02-22T08:11:59.275+0000] {processor.py:208} INFO - Processing /opt/airflow/dags/system_dag.py took 0.138 seconds
[2026-02-22T08:12:29.751+0000] {processor.py:186} INFO - Started process (PID=239) to work on /opt/airflow/dags/system_dag.py
[2026-02-22T08:12:29.752+0000] {processor.py:914} INFO - Processing file /opt/airflow/dags/system_dag.py for tasks to queue
[2026-02-22T08:12:29.754+0000] {logging_mixin.py:190} INFO - [2026-02-22T08:12:29.754+0000] {dagbag.py:588} INFO - Filling up the DagBag from /opt/airflow/dags/system_dag.py
[2026-02-22T08:12:29.774+0000] {processor.py:925} INFO - DAG(s) 'system_dag' retrieved from /opt/airflow/dags/system_dag.py
[2026-02-22T08:12:29.812+0000] {logging_mixin.py:190} INFO - [2026-02-22T08:12:29.812+0000] {dag.py:3239} INFO - Sync 1 DAGs
[2026-02-22T08:12:29.846+0000] {logging_mixin.py:190} INFO - [2026-02-22T08:12:29.846+0000] {dag.py:4180} INFO - Setting next_dagrun for system_dag to 2026-02-21T00:00:00+00:00, run_after=2026-02-22T00:00:00+00:00
[2026-02-22T08:12:29.870+0000] {processor.py:208} INFO - Processing /opt/airflow/dags/system_dag.py took 0.127 seconds
[2026-02-22T08:13:00.341+0000] {processor.py:186} INFO - Started process (PID=243) to work on /opt/airflow/dags/system_dag.py
[2026-02-22T08:13:00.342+0000] {processor.py:914} INFO - Processing file /opt/airflow/dags/system_dag.py for tasks to queue
[2026-02-22T08:13:00.343+0000] {logging_mixin.py:190} INFO - [2026-02-22T08:13:00.343+0000] {dagbag.py:588} INFO - Filling up the DagBag from /opt/airflow/dags/system_dag.py
[2026-02-22T08:13:00.361+0000] {processor.py:925} INFO - DAG(s) 'system_dag' retrieved from /opt/airflow/dags/system_dag.py
[2026-02-22T08:13:00.398+0000] {logging_mixin.py:190} INFO - [2026-02-22T08:13:00.398+0000] {dag.py:3239} INFO - Sync 1 DAGs
[2026-02-22T08:13:00.430+0000] {logging_mixin.py:190} INFO - [2026-02-22T08:13:00.430+0000] {dag.py:4180} INFO - Setting next_dagrun for system_dag to 2026-02-21T00:00:00+00:00, run_after=2026-02-22T00:00:00+00:00
[2026-02-22T08:13:00.452+0000] {processor.py:208} INFO - Processing /opt/airflow/dags/system_dag.py took 0.119 seconds
[2026-02-22T08:13:31.630+0000] {processor.py:186} INFO - Started process (PID=247) to work on /opt/airflow/dags/system_dag.py
[2026-02-22T08:13:31.631+0000] {processor.py:914} INFO - Processing file /opt/airflow/dags/system_dag.py for tasks to queue
[2026-02-22T08:13:31.633+0000] {logging_mixin.py:190} INFO - [2026-02-22T08:13:31.633+0000] {dagbag.py:588} INFO - Filling up the DagBag from /opt/airflow/dags/system_dag.py
[2026-02-22T08:13:31.658+0000] {processor.py:925} INFO - DAG(s) 'system_dag' retrieved from /opt/airflow/dags/system_dag.py
[2026-02-22T08:13:31.700+0000] {logging_mixin.py:190} INFO - [2026-02-22T08:13:31.700+0000] {dag.py:3239} INFO - Sync 1 DAGs
[2026-02-22T08:13:31.734+0000] {logging_mixin.py:190} INFO - [2026-02-22T08:13:31.733+0000] {dag.py:4180} INFO - Setting next_dagrun for system_dag to 2026-02-21T00:00:00+00:00, run_after=2026-02-22T00:00:00+00:00
[2026-02-22T08:13:31.756+0000] {processor.py:208} INFO - Processing /opt/airflow/dags/system_dag.py took 0.133 seconds
[2026-02-22T08:14:01.983+0000] {processor.py:186} INFO - Started process (PID=251) to work on /opt/airflow/dags/system_dag.py
[2026-02-22T08:14:01.984+0000] {processor.py:914} INFO - Processing file /opt/airflow/dags/system_dag.py for tasks to queue
[2026-02-22T08:14:01.988+0000] {logging_mixin.py:190} INFO - [2026-02-22T08:14:01.987+0000] {dagbag.py:588} INFO - Filling up the DagBag from /opt/airflow/dags/system_dag.py
[2026-02-22T08:14:02.026+0000] {processor.py:925} INFO - DAG(s) 'system_dag' retrieved from /opt/airflow/dags/system_dag.py
[2026-02-22T08:14:02.072+0000] {logging_mixin.py:190} INFO - [2026-02-22T08:14:02.072+0000] {dag.py:3239} INFO - Sync 1 DAGs
[2026-02-22T08:14:02.108+0000] {logging_mixin.py:190} INFO - [2026-02-22T08:14:02.108+0000] {dag.py:4180} INFO - Setting next_dagrun for system_dag to 2026-02-21T00:00:00+00:00, run_after=2026-02-22T00:00:00+00:00
[2026-02-22T08:14:02.134+0000] {processor.py:208} INFO - Processing /opt/airflow/dags/system_dag.py took 0.160 seconds
[2026-02-22T08:14:32.615+0000] {processor.py:186} INFO - Started process (PID=255) to work on /opt/airflow/dags/system_dag.py
[2026-02-22T08:14:32.615+0000] {processor.py:914} INFO - Processing file /opt/airflow/dags/system_dag.py for tasks to queue
[2026-02-22T08:14:32.617+0000] {logging_mixin.py:190} INFO - [2026-02-22T08:14:32.616+0000] {dagbag.py:588} INFO - Filling up the DagBag from /opt/airflow/dags/system_dag.py
[2026-02-22T08:14:32.664+0000] {processor.py:925} INFO - DAG(s) 'system_dag' retrieved from /opt/airflow/dags/system_dag.py
[2026-02-22T08:14:32.781+0000] {logging_mixin.py:190} INFO - [2026-02-22T08:14:32.780+0000] {dag.py:3239} INFO - Sync 1 DAGs
[2026-02-22T08:14:32.817+0000] {logging_mixin.py:190} INFO - [2026-02-22T08:14:32.817+0000] {dag.py:4180} INFO - Setting next_dagrun for system_dag to 2026-02-21T00:00:00+00:00, run_after=2026-02-22T00:00:00+00:00
[2026-02-22T08:14:32.853+0000] {processor.py:208} INFO - Processing /opt/airflow/dags/system_dag.py took 0.246 seconds
[2026-02-22T08:15:04.193+0000] {processor.py:186} INFO - Started process (PID=259) to work on /opt/airflow/dags/system_dag.py
[2026-02-22T08:15:04.194+0000] {processor.py:914} INFO - Processing file /opt/airflow/dags/system_dag.py for tasks to queue
[2026-02-22T08:15:04.196+0000] {logging_mixin.py:190} INFO - [2026-02-22T08:15:04.196+0000] {dagbag.py:588} INFO - Filling up the DagBag from /opt/airflow/dags/system_dag.py
[2026-02-22T08:15:04.217+0000] {processor.py:925} INFO - DAG(s) 'system_dag' retrieved from /opt/airflow/dags/system_dag.py
[2026-02-22T08:15:04.256+0000] {logging_mixin.py:190} INFO - [2026-02-22T08:15:04.256+0000] {dag.py:3239} INFO - Sync 1 DAGs
[2026-02-22T08:15:04.284+0000] {logging_mixin.py:190} INFO - [2026-02-22T08:15:04.283+0000] {dag.py:4180} INFO - Setting next_dagrun for system_dag to 2026-02-21T00:00:00+00:00, run_after=2026-02-22T00:00:00+00:00
[2026-02-22T08:15:04.314+0000] {processor.py:208} INFO - Processing /opt/airflow/dags/system_dag.py took 0.129 seconds
[2026-02-22T08:15:34.458+0000] {processor.py:186} INFO - Started process (PID=263) to work on /opt/airflow/dags/system_dag.py
[2026-02-22T08:15:34.459+0000] {processor.py:914} INFO - Processing file /opt/airflow/dags/system_dag.py for tasks to queue
[2026-02-22T08:15:34.461+0000] {logging_mixin.py:190} INFO - [2026-02-22T08:15:34.461+0000] {dagbag.py:588} INFO - Filling up the DagBag from /opt/airflow/dags/system_dag.py
[2026-02-22T08:15:34.480+0000] {processor.py:925} INFO - DAG(s) 'system_dag' retrieved from /opt/airflow/dags/system_dag.py
[2026-02-22T08:15:34.521+0000] {logging_mixin.py:190} INFO - [2026-02-22T08:15:34.520+0000] {dag.py:3239} INFO - Sync 1 DAGs
[2026-02-22T08:15:34.550+0000] {logging_mixin.py:190} INFO - [2026-02-22T08:15:34.550+0000] {dag.py:4180} INFO - Setting next_dagrun for system_dag to 2026-02-21T00:00:00+00:00, run_after=2026-02-22T00:00:00+00:00
[2026-02-22T08:15:34.579+0000] {processor.py:208} INFO - Processing /opt/airflow/dags/system_dag.py took 0.129 seconds
[2026-02-22T08:16:04.936+0000] {processor.py:186} INFO - Started process (PID=267) to work on /opt/airflow/dags/system_dag.py
[2026-02-22T08:16:04.937+0000] {processor.py:914} INFO - Processing file /opt/airflow/dags/system_dag.py for tasks to queue
[2026-02-22T08:16:04.938+0000] {logging_mixin.py:190} INFO - [2026-02-22T08:16:04.938+0000] {dagbag.py:588} INFO - Filling up the DagBag from /opt/airflow/dags/system_dag.py
[2026-02-22T08:16:04.967+0000] {processor.py:925} INFO - DAG(s) 'system_dag' retrieved from /opt/airflow/dags/system_dag.py
[2026-02-22T08:16:05.009+0000] {logging_mixin.py:190} INFO - [2026-02-22T08:16:05.009+0000] {dag.py:3239} INFO - Sync 1 DAGs
[2026-02-22T08:16:05.040+0000] {logging_mixin.py:190} INFO - [2026-02-22T08:16:05.040+0000] {dag.py:4180} INFO - Setting next_dagrun for system_dag to 2026-02-21T00:00:00+00:00, run_after=2026-02-22T00:00:00+00:00
[2026-02-22T08:16:05.066+0000] {processor.py:208} INFO - Processing /opt/airflow/dags/system_dag.py took 0.139 seconds
[2026-02-22T08:16:35.566+0000] {processor.py:186} INFO - Started process (PID=271) to work on /opt/airflow/dags/system_dag.py
[2026-02-22T08:16:35.567+0000] {processor.py:914} INFO - Processing file /opt/airflow/dags/system_dag.py for tasks to queue
[2026-02-22T08:16:35.568+0000] {logging_mixin.py:190} INFO - [2026-02-22T08:16:35.568+0000] {dagbag.py:588} INFO - Filling up the DagBag from /opt/airflow/dags/system_dag.py
[2026-02-22T08:16:35.591+0000] {processor.py:925} INFO - DAG(s) 'system_dag' retrieved from /opt/airflow/dags/system_dag.py
[2026-02-22T08:16:35.629+0000] {logging_mixin.py:190} INFO - [2026-02-22T08:16:35.629+0000] {dag.py:3239} INFO - Sync 1 DAGs
[2026-02-22T08:16:35.659+0000] {logging_mixin.py:190} INFO - [2026-02-22T08:16:35.659+0000] {dag.py:4180} INFO - Setting next_dagrun for system_dag to 2026-02-21T00:00:00+00:00, run_after=2026-02-22T00:00:00+00:00
[2026-02-22T08:16:35.679+0000] {processor.py:208} INFO - Processing /opt/airflow/dags/system_dag.py took 0.119 seconds
[2026-02-22T08:17:07.026+0000] {processor.py:186} INFO - Started process (PID=275) to work on /opt/airflow/dags/system_dag.py
[2026-02-22T08:17:07.027+0000] {processor.py:914} INFO - Processing file /opt/airflow/dags/system_dag.py for tasks to queue
[2026-02-22T08:17:07.030+0000] {logging_mixin.py:190} INFO - [2026-02-22T08:17:07.029+0000] {dagbag.py:588} INFO - Filling up the DagBag from /opt/airflow/dags/system_dag.py
[2026-02-22T08:17:07.059+0000] {processor.py:925} INFO - DAG(s) 'system_dag' retrieved from /opt/airflow/dags/system_dag.py
[2026-02-22T08:17:07.109+0000] {logging_mixin.py:190} INFO - [2026-02-22T08:17:07.109+0000] {dag.py:3239} INFO - Sync 1 DAGs
[2026-02-22T08:17:07.152+0000] {logging_mixin.py:190} INFO - [2026-02-22T08:17:07.152+0000] {dag.py:4180} INFO - Setting next_dagrun for system_dag to 2026-02-21T00:00:00+00:00, run_after=2026-02-22T00:00:00+00:00
[2026-02-22T08:17:07.197+0000] {processor.py:208} INFO - Processing /opt/airflow/dags/system_dag.py took 0.177 seconds
[2026-02-22T08:17:37.361+0000] {processor.py:186} INFO - Started process (PID=279) to work on /opt/airflow/dags/system_dag.py
[2026-02-22T08:17:37.362+0000] {processor.py:914} INFO - Processing file /opt/airflow/dags/system_dag.py for tasks to queue
[2026-02-22T08:17:37.364+0000] {logging_mixin.py:190} INFO - [2026-02-22T08:17:37.364+0000] {dagbag.py:588} INFO - Filling up the DagBag from /opt/airflow/dags/system_dag.py
[2026-02-22T08:17:37.389+0000] {processor.py:925} INFO - DAG(s) 'system_dag' retrieved from /opt/airflow/dags/system_dag.py
[2026-02-22T08:17:37.433+0000] {logging_mixin.py:190} INFO - [2026-02-22T08:17:37.433+0000] {dag.py:3239} INFO - Sync 1 DAGs
[2026-02-22T08:17:37.470+0000] {logging_mixin.py:190} INFO - [2026-02-22T08:17:37.470+0000] {dag.py:4180} INFO - Setting next_dagrun for system_dag to 2026-02-21T00:00:00+00:00, run_after=2026-02-22T00:00:00+00:00
[2026-02-22T08:17:37.497+0000] {processor.py:208} INFO - Processing /opt/airflow/dags/system_dag.py took 0.143 seconds
[2026-02-22T08:18:08.281+0000] {processor.py:186} INFO - Started process (PID=283) to work on /opt/airflow/dags/system_dag.py
[2026-02-22T08:18:08.282+0000] {processor.py:914} INFO - Processing file /opt/airflow/dags/system_dag.py for tasks to queue
[2026-02-22T08:18:08.284+0000] {logging_mixin.py:190} INFO - [2026-02-22T08:18:08.283+0000] {dagbag.py:588} INFO - Filling up the DagBag from /opt/airflow/dags/system_dag.py
[2026-02-22T08:18:08.304+0000] {processor.py:925} INFO - DAG(s) 'system_dag' retrieved from /opt/airflow/dags/system_dag.py
[2026-02-22T08:18:08.346+0000] {logging_mixin.py:190} INFO - [2026-02-22T08:18:08.346+0000] {dag.py:3239} INFO - Sync 1 DAGs
[2026-02-22T08:18:08.383+0000] {logging_mixin.py:190} INFO - [2026-02-22T08:18:08.383+0000] {dag.py:4180} INFO - Setting next_dagrun for system_dag to 2026-02-21T00:00:00+00:00, run_after=2026-02-22T00:00:00+00:00
[2026-02-22T08:18:08.407+0000] {processor.py:208} INFO - Processing /opt/airflow/dags/system_dag.py took 0.131 seconds
[2026-02-22T08:18:39.897+0000] {processor.py:186} INFO - Started process (PID=287) to work on /opt/airflow/dags/system_dag.py
[2026-02-22T08:18:39.898+0000] {processor.py:914} INFO - Processing file /opt/airflow/dags/system_dag.py for tasks to queue
[2026-02-22T08:18:39.900+0000] {logging_mixin.py:190} INFO - [2026-02-22T08:18:39.900+0000] {dagbag.py:588} INFO - Filling up the DagBag from /opt/airflow/dags/system_dag.py
[2026-02-22T08:18:39.922+0000] {processor.py:925} INFO - DAG(s) 'system_dag' retrieved from /opt/airflow/dags/system_dag.py
[2026-02-22T08:18:39.967+0000] {logging_mixin.py:190} INFO - [2026-02-22T08:18:39.967+0000] {dag.py:3239} INFO - Sync 1 DAGs
[2026-02-22T08:18:40.003+0000] {logging_mixin.py:190} INFO - [2026-02-22T08:18:40.002+0000] {dag.py:4180} INFO - Setting next_dagrun for system_dag to 2026-02-21T00:00:00+00:00, run_after=2026-02-22T00:00:00+00:00
[2026-02-22T08:18:40.025+0000] {processor.py:208} INFO - Processing /opt/airflow/dags/system_dag.py took 0.134 seconds
[2026-02-22T08:19:10.355+0000] {processor.py:186} INFO - Started process (PID=291) to work on /opt/airflow/dags/system_dag.py
[2026-02-22T08:19:10.356+0000] {processor.py:914} INFO - Processing file /opt/airflow/dags/system_dag.py for tasks to queue
[2026-02-22T08:19:10.358+0000] {logging_mixin.py:190} INFO - [2026-02-22T08:19:10.358+0000] {dagbag.py:588} INFO - Filling up the DagBag from /opt/airflow/dags/system_dag.py
[2026-02-22T08:19:10.379+0000] {processor.py:925} INFO - DAG(s) 'system_dag' retrieved from /opt/airflow/dags/system_dag.py
[2026-02-22T08:19:10.421+0000] {logging_mixin.py:190} INFO - [2026-02-22T08:19:10.420+0000] {dag.py:3239} INFO - Sync 1 DAGs
[2026-02-22T08:19:10.453+0000] {logging_mixin.py:190} INFO - [2026-02-22T08:19:10.453+0000] {dag.py:4180} INFO - Setting next_dagrun for system_dag to 2026-02-21T00:00:00+00:00, run_after=2026-02-22T00:00:00+00:00
[2026-02-22T08:19:10.487+0000] {processor.py:208} INFO - Processing /opt/airflow/dags/system_dag.py took 0.138 seconds
[2026-02-22T08:19:40.698+0000] {processor.py:186} INFO - Started process (PID=295) to work on /opt/airflow/dags/system_dag.py
[2026-02-22T08:19:40.699+0000] {processor.py:914} INFO - Processing file /opt/airflow/dags/system_dag.py for tasks to queue
[2026-02-22T08:19:40.700+0000] {logging_mixin.py:190} INFO - [2026-02-22T08:19:40.700+0000] {dagbag.py:588} INFO - Filling up the DagBag from /opt/airflow/dags/system_dag.py
[2026-02-22T08:19:40.718+0000] {processor.py:925} INFO - DAG(s) 'system_dag' retrieved from /opt/airflow/dags/system_dag.py
[2026-02-22T08:19:40.757+0000] {logging_mixin.py:190} INFO - [2026-02-22T08:19:40.757+0000] {dag.py:3239} INFO - Sync 1 DAGs
[2026-02-22T08:19:40.792+0000] {logging_mixin.py:190} INFO - [2026-02-22T08:19:40.791+0000] {dag.py:4180} INFO - Setting next_dagrun for system_dag to 2026-02-21T00:00:00+00:00, run_after=2026-02-22T00:00:00+00:00
[2026-02-22T08:19:40.813+0000] {processor.py:208} INFO - Processing /opt/airflow/dags/system_dag.py took 0.122 seconds
[2026-02-22T08:20:12.512+0000] {processor.py:186} INFO - Started process (PID=299) to work on /opt/airflow/dags/system_dag.py
[2026-02-22T08:20:12.513+0000] {processor.py:914} INFO - Processing file /opt/airflow/dags/system_dag.py for tasks to queue
[2026-02-22T08:20:12.515+0000] {logging_mixin.py:190} INFO - [2026-02-22T08:20:12.515+0000] {dagbag.py:588} INFO - Filling up the DagBag from /opt/airflow/dags/system_dag.py
[2026-02-22T08:20:12.537+0000] {processor.py:925} INFO - DAG(s) 'system_dag' retrieved from /opt/airflow/dags/system_dag.py
[2026-02-22T08:20:12.580+0000] {logging_mixin.py:190} INFO - [2026-02-22T08:20:12.580+0000] {dag.py:3239} INFO - Sync 1 DAGs
[2026-02-22T08:20:12.617+0000] {logging_mixin.py:190} INFO - [2026-02-22T08:20:12.617+0000] {dag.py:4180} INFO - Setting next_dagrun for system_dag to 2026-02-21T00:00:00+00:00, run_after=2026-02-22T00:00:00+00:00
[2026-02-22T08:20:12.645+0000] {processor.py:208} INFO - Processing /opt/airflow/dags/system_dag.py took 0.140 seconds
[2026-02-22T08:20:43.087+0000] {processor.py:186} INFO - Started process (PID=303) to work on /opt/airflow/dags/system_dag.py
[2026-02-22T08:20:43.087+0000] {processor.py:914} INFO - Processing file /opt/airflow/dags/system_dag.py for tasks to queue
[2026-02-22T08:20:43.089+0000] {logging_mixin.py:190} INFO - [2026-02-22T08:20:43.088+0000] {dagbag.py:588} INFO - Filling up the DagBag from /opt/airflow/dags/system_dag.py
[2026-02-22T08:20:43.109+0000] {processor.py:925} INFO - DAG(s) 'system_dag' retrieved from /opt/airflow/dags/system_dag.py
[2026-02-22T08:20:43.148+0000] {logging_mixin.py:190} INFO - [2026-02-22T08:20:43.148+0000] {dag.py:3239} INFO - Sync 1 DAGs
[2026-02-22T08:20:43.180+0000] {logging_mixin.py:190} INFO - [2026-02-22T08:20:43.180+0000] {dag.py:4180} INFO - Setting next_dagrun for system_dag to 2026-02-21T00:00:00+00:00, run_after=2026-02-22T00:00:00+00:00
[2026-02-22T08:20:43.205+0000] {processor.py:208} INFO - Processing /opt/airflow/dags/system_dag.py took 0.127 seconds
[2026-02-22T08:21:13.827+0000] {processor.py:186} INFO - Started process (PID=307) to work on /opt/airflow/dags/system_dag.py
[2026-02-22T08:21:13.828+0000] {processor.py:914} INFO - Processing file /opt/airflow/dags/system_dag.py for tasks to queue
[2026-02-22T08:21:13.830+0000] {logging_mixin.py:190} INFO - [2026-02-22T08:21:13.829+0000] {dagbag.py:588} INFO - Filling up the DagBag from /opt/airflow/dags/system_dag.py
[2026-02-22T08:21:13.855+0000] {processor.py:925} INFO - DAG(s) 'system_dag' retrieved from /opt/airflow/dags/system_dag.py
[2026-02-22T08:21:13.908+0000] {logging_mixin.py:190} INFO - [2026-02-22T08:21:13.908+0000] {dag.py:3239} INFO - Sync 1 DAGs
[2026-02-22T08:21:13.947+0000] {logging_mixin.py:190} INFO - [2026-02-22T08:21:13.947+0000] {dag.py:4180} INFO - Setting next_dagrun for system_dag to 2026-02-21T00:00:00+00:00, run_after=2026-02-22T00:00:00+00:00
[2026-02-22T08:21:13.976+0000] {processor.py:208} INFO - Processing /opt/airflow/dags/system_dag.py took 0.164 seconds
[2026-02-22T08:21:45.316+0000] {processor.py:186} INFO - Started process (PID=311) to work on /opt/airflow/dags/system_dag.py
[2026-02-22T08:21:45.317+0000] {processor.py:914} INFO - Processing file /opt/airflow/dags/system_dag.py for tasks to queue
[2026-02-22T08:21:45.318+0000] {logging_mixin.py:190} INFO - [2026-02-22T08:21:45.318+0000] {dagbag.py:588} INFO - Filling up the DagBag from /opt/airflow/dags/system_dag.py
[2026-02-22T08:21:45.340+0000] {processor.py:925} INFO - DAG(s) 'system_dag' retrieved from /opt/airflow/dags/system_dag.py
[2026-02-22T08:21:45.388+0000] {logging_mixin.py:190} INFO - [2026-02-22T08:21:45.388+0000] {dag.py:3239} INFO - Sync 1 DAGs
[2026-02-22T08:21:45.422+0000] {logging_mixin.py:190} INFO - [2026-02-22T08:21:45.422+0000] {dag.py:4180} INFO - Setting next_dagrun for system_dag to 2026-02-21T00:00:00+00:00, run_after=2026-02-22T00:00:00+00:00
[2026-02-22T08:21:45.445+0000] {processor.py:208} INFO - Processing /opt/airflow/dags/system_dag.py took 0.139 seconds
[2026-02-22T08:22:16.130+0000] {processor.py:186} INFO - Started process (PID=315) to work on /opt/airflow/dags/system_dag.py
[2026-02-22T08:22:16.131+0000] {processor.py:914} INFO - Processing file /opt/airflow/dags/system_dag.py for tasks to queue
[2026-02-22T08:22:16.132+0000] {logging_mixin.py:190} INFO - [2026-02-22T08:22:16.132+0000] {dagbag.py:588} INFO - Filling up the DagBag from /opt/airflow/dags/system_dag.py
[2026-02-22T08:22:16.166+0000] {processor.py:925} INFO - DAG(s) 'system_dag' retrieved from /opt/airflow/dags/system_dag.py
[2026-02-22T08:22:16.220+0000] {logging_mixin.py:190} INFO - [2026-02-22T08:22:16.219+0000] {dag.py:3239} INFO - Sync 1 DAGs
[2026-02-22T08:22:16.263+0000] {logging_mixin.py:190} INFO - [2026-02-22T08:22:16.262+0000] {dag.py:4180} INFO - Setting next_dagrun for system_dag to 2026-02-21T00:00:00+00:00, run_after=2026-02-22T00:00:00+00:00
[2026-02-22T08:22:16.313+0000] {processor.py:208} INFO - Processing /opt/airflow/dags/system_dag.py took 0.191 seconds
[2026-02-22T08:22:47.002+0000] {processor.py:186} INFO - Started process (PID=319) to work on /opt/airflow/dags/system_dag.py
[2026-02-22T08:22:47.004+0000] {processor.py:914} INFO - Processing file /opt/airflow/dags/system_dag.py for tasks to queue
[2026-02-22T08:22:47.009+0000] {logging_mixin.py:190} INFO - [2026-02-22T08:22:47.008+0000] {dagbag.py:588} INFO - Filling up the DagBag from /opt/airflow/dags/system_dag.py
[2026-02-22T08:22:47.057+0000] {processor.py:925} INFO - DAG(s) 'system_dag' retrieved from /opt/airflow/dags/system_dag.py
[2026-02-22T08:22:47.143+0000] {logging_mixin.py:190} INFO - [2026-02-22T08:22:47.143+0000] {dag.py:3239} INFO - Sync 1 DAGs
[2026-02-22T08:22:47.209+0000] {logging_mixin.py:190} INFO - [2026-02-22T08:22:47.209+0000] {dag.py:4180} INFO - Setting next_dagrun for system_dag to 2026-02-21T00:00:00+00:00, run_after=2026-02-22T00:00:00+00:00
[2026-02-22T08:22:47.247+0000] {processor.py:208} INFO - Processing /opt/airflow/dags/system_dag.py took 0.254 seconds
[2026-02-22T08:23:17.535+0000] {processor.py:186} INFO - Started process (PID=323) to work on /opt/airflow/dags/system_dag.py
[2026-02-22T08:23:17.536+0000] {processor.py:914} INFO - Processing file /opt/airflow/dags/system_dag.py for tasks to queue
[2026-02-22T08:23:17.537+0000] {logging_mixin.py:190} INFO - [2026-02-22T08:23:17.537+0000] {dagbag.py:588} INFO - Filling up the DagBag from /opt/airflow/dags/system_dag.py
[2026-02-22T08:23:17.564+0000] {processor.py:925} INFO - DAG(s) 'system_dag' retrieved from /opt/airflow/dags/system_dag.py
[2026-02-22T08:23:17.633+0000] {logging_mixin.py:190} INFO - [2026-02-22T08:23:17.633+0000] {dag.py:3239} INFO - Sync 1 DAGs
[2026-02-22T08:23:17.674+0000] {logging_mixin.py:190} INFO - [2026-02-22T08:23:17.674+0000] {dag.py:4180} INFO - Setting next_dagrun for system_dag to 2026-02-21T00:00:00+00:00, run_after=2026-02-22T00:00:00+00:00
[2026-02-22T08:23:17.711+0000] {processor.py:208} INFO - Processing /opt/airflow/dags/system_dag.py took 0.186 seconds
[2026-02-22T08:23:49.021+0000] {processor.py:186} INFO - Started process (PID=327) to work on /opt/airflow/dags/system_dag.py
[2026-02-22T08:23:49.022+0000] {processor.py:914} INFO - Processing file /opt/airflow/dags/system_dag.py for tasks to queue
[2026-02-22T08:23:49.023+0000] {logging_mixin.py:190} INFO - [2026-02-22T08:23:49.023+0000] {dagbag.py:588} INFO - Filling up the DagBag from /opt/airflow/dags/system_dag.py
[2026-02-22T08:23:49.046+0000] {processor.py:925} INFO - DAG(s) 'system_dag' retrieved from /opt/airflow/dags/system_dag.py
[2026-02-22T08:23:49.092+0000] {logging_mixin.py:190} INFO - [2026-02-22T08:23:49.091+0000] {dag.py:3239} INFO - Sync 1 DAGs
[2026-02-22T08:23:49.130+0000] {logging_mixin.py:190} INFO - [2026-02-22T08:23:49.130+0000] {dag.py:4180} INFO - Setting next_dagrun for system_dag to 2026-02-21T00:00:00+00:00, run_after=2026-02-22T00:00:00+00:00
[2026-02-22T08:23:49.156+0000] {processor.py:208} INFO - Processing /opt/airflow/dags/system_dag.py took 0.142 seconds
[2026-02-22T08:24:19.870+0000] {processor.py:186} INFO - Started process (PID=331) to work on /opt/airflow/dags/system_dag.py
[2026-02-22T08:24:19.871+0000] {processor.py:914} INFO - Processing file /opt/airflow/dags/system_dag.py for tasks to queue
[2026-02-22T08:24:19.872+0000] {logging_mixin.py:190} INFO - [2026-02-22T08:24:19.872+0000] {dagbag.py:588} INFO - Filling up the DagBag from /opt/airflow/dags/system_dag.py
[2026-02-22T08:24:19.901+0000] {processor.py:925} INFO - DAG(s) 'system_dag' retrieved from /opt/airflow/dags/system_dag.py
[2026-02-22T08:24:20.038+0000] {logging_mixin.py:190} INFO - [2026-02-22T08:24:20.037+0000] {dag.py:3239} INFO - Sync 1 DAGs
[2026-02-22T08:24:20.135+0000] {logging_mixin.py:190} INFO - [2026-02-22T08:24:20.135+0000] {dag.py:4180} INFO - Setting next_dagrun for system_dag to 2026-02-21T00:00:00+00:00, run_after=2026-02-22T00:00:00+00:00
[2026-02-22T08:24:20.172+0000] {processor.py:208} INFO - Processing /opt/airflow/dags/system_dag.py took 0.311 seconds
[2026-02-22T08:24:50.622+0000] {processor.py:186} INFO - Started process (PID=335) to work on /opt/airflow/dags/system_dag.py
[2026-02-22T08:24:50.623+0000] {processor.py:914} INFO - Processing file /opt/airflow/dags/system_dag.py for tasks to queue
[2026-02-22T08:24:50.624+0000] {logging_mixin.py:190} INFO - [2026-02-22T08:24:50.624+0000] {dagbag.py:588} INFO - Filling up the DagBag from /opt/airflow/dags/system_dag.py
[2026-02-22T08:24:50.650+0000] {processor.py:925} INFO - DAG(s) 'system_dag' retrieved from /opt/airflow/dags/system_dag.py
[2026-02-22T08:24:50.694+0000] {logging_mixin.py:190} INFO - [2026-02-22T08:24:50.694+0000] {dag.py:3239} INFO - Sync 1 DAGs
[2026-02-22T08:24:50.742+0000] {logging_mixin.py:190} INFO - [2026-02-22T08:24:50.741+0000] {dag.py:4180} INFO - Setting next_dagrun for system_dag to 2026-02-21T00:00:00+00:00, run_after=2026-02-22T00:00:00+00:00
[2026-02-22T08:24:50.768+0000] {processor.py:208} INFO - Processing /opt/airflow/dags/system_dag.py took 0.154 seconds
[2026-02-22T08:25:21.028+0000] {processor.py:186} INFO - Started process (PID=339) to work on /opt/airflow/dags/system_dag.py
[2026-02-22T08:25:21.029+0000] {processor.py:914} INFO - Processing file /opt/airflow/dags/system_dag.py for tasks to queue
[2026-02-22T08:25:21.031+0000] {logging_mixin.py:190} INFO - [2026-02-22T08:25:21.030+0000] {dagbag.py:588} INFO - Filling up the DagBag from /opt/airflow/dags/system_dag.py
[2026-02-22T08:25:21.052+0000] {processor.py:925} INFO - DAG(s) 'system_dag' retrieved from /opt/airflow/dags/system_dag.py
[2026-02-22T08:25:21.087+0000] {logging_mixin.py:190} INFO - [2026-02-22T08:25:21.087+0000] {dag.py:3239} INFO - Sync 1 DAGs
[2026-02-22T08:25:21.121+0000] {logging_mixin.py:190} INFO - [2026-02-22T08:25:21.121+0000] {dag.py:4180} INFO - Setting next_dagrun for system_dag to 2026-02-21T00:00:00+00:00, run_after=2026-02-22T00:00:00+00:00
[2026-02-22T08:25:21.143+0000] {processor.py:208} INFO - Processing /opt/airflow/dags/system_dag.py took 0.122 seconds
[2026-02-22T08:25:52.245+0000] {processor.py:186} INFO - Started process (PID=343) to work on /opt/airflow/dags/system_dag.py
[2026-02-22T08:25:52.246+0000] {processor.py:914} INFO - Processing file /opt/airflow/dags/system_dag.py for tasks to queue
[2026-02-22T08:25:52.247+0000] {logging_mixin.py:190} INFO - [2026-02-22T08:25:52.247+0000] {dagbag.py:588} INFO - Filling up the DagBag from /opt/airflow/dags/system_dag.py
[2026-02-22T08:25:52.269+0000] {processor.py:925} INFO - DAG(s) 'system_dag' retrieved from /opt/airflow/dags/system_dag.py
[2026-02-22T08:25:52.307+0000] {logging_mixin.py:190} INFO - [2026-02-22T08:25:52.307+0000] {dag.py:3239} INFO - Sync 1 DAGs
[2026-02-22T08:25:52.338+0000] {logging_mixin.py:190} INFO - [2026-02-22T08:25:52.338+0000] {dag.py:4180} INFO - Setting next_dagrun for system_dag to 2026-02-21T00:00:00+00:00, run_after=2026-02-22T00:00:00+00:00
[2026-02-22T08:25:52.362+0000] {processor.py:208} INFO - Processing /opt/airflow/dags/system_dag.py took 0.125 seconds
[2026-02-22T08:26:23.012+0000] {processor.py:186} INFO - Started process (PID=347) to work on /opt/airflow/dags/system_dag.py
[2026-02-22T08:26:23.013+0000] {processor.py:914} INFO - Processing file /opt/airflow/dags/system_dag.py for tasks to queue
[2026-02-22T08:26:23.014+0000] {logging_mixin.py:190} INFO - [2026-02-22T08:26:23.014+0000] {dagbag.py:588} INFO - Filling up the DagBag from /opt/airflow/dags/system_dag.py
[2026-02-22T08:26:23.037+0000] {processor.py:925} INFO - DAG(s) 'system_dag' retrieved from /opt/airflow/dags/system_dag.py
[2026-02-22T08:26:23.082+0000] {logging_mixin.py:190} INFO - [2026-02-22T08:26:23.082+0000] {dag.py:3239} INFO - Sync 1 DAGs
[2026-02-22T08:26:23.120+0000] {logging_mixin.py:190} INFO - [2026-02-22T08:26:23.120+0000] {dag.py:4180} INFO - Setting next_dagrun for system_dag to 2026-02-21T00:00:00+00:00, run_after=2026-02-22T00:00:00+00:00
[2026-02-22T08:26:23.147+0000] {processor.py:208} INFO - Processing /opt/airflow/dags/system_dag.py took 0.143 seconds
[2026-02-22T08:26:53.639+0000] {processor.py:186} INFO - Started process (PID=351) to work on /opt/airflow/dags/system_dag.py
[2026-02-22T08:26:53.640+0000] {processor.py:914} INFO - Processing file /opt/airflow/dags/system_dag.py for tasks to queue
[2026-02-22T08:26:53.641+0000] {logging_mixin.py:190} INFO - [2026-02-22T08:26:53.641+0000] {dagbag.py:588} INFO - Filling up the DagBag from /opt/airflow/dags/system_dag.py
[2026-02-22T08:26:53.659+0000] {processor.py:925} INFO - DAG(s) 'system_dag' retrieved from /opt/airflow/dags/system_dag.py
[2026-02-22T08:26:53.704+0000] {logging_mixin.py:190} INFO - [2026-02-22T08:26:53.703+0000] {dag.py:3239} INFO - Sync 1 DAGs
[2026-02-22T08:26:53.736+0000] {logging_mixin.py:190} INFO - [2026-02-22T08:26:53.736+0000] {dag.py:4180} INFO - Setting next_dagrun for system_dag to 2026-02-21T00:00:00+00:00, run_after=2026-02-22T00:00:00+00:00
[2026-02-22T08:26:53.773+0000] {processor.py:208} INFO - Processing /opt/airflow/dags/system_dag.py took 0.141 seconds
[2026-02-22T08:27:24.284+0000] {processor.py:186} INFO - Started process (PID=355) to work on /opt/airflow/dags/system_dag.py
[2026-02-22T08:27:24.285+0000] {processor.py:914} INFO - Processing file /opt/airflow/dags/system_dag.py for tasks to queue
[2026-02-22T08:27:24.287+0000] {logging_mixin.py:190} INFO - [2026-02-22T08:27:24.286+0000] {dagbag.py:588} INFO - Filling up the DagBag from /opt/airflow/dags/system_dag.py
[2026-02-22T08:27:24.306+0000] {processor.py:925} INFO - DAG(s) 'system_dag' retrieved from /opt/airflow/dags/system_dag.py
[2026-02-22T08:27:24.345+0000] {logging_mixin.py:190} INFO - [2026-02-22T08:27:24.345+0000] {dag.py:3239} INFO - Sync 1 DAGs
[2026-02-22T08:27:24.376+0000] {logging_mixin.py:190} INFO - [2026-02-22T08:27:24.376+0000] {dag.py:4180} INFO - Setting next_dagrun for system_dag to 2026-02-21T00:00:00+00:00, run_after=2026-02-22T00:00:00+00:00
[2026-02-22T08:27:24.400+0000] {processor.py:208} INFO - Processing /opt/airflow/dags/system_dag.py took 0.122 seconds
[2026-02-22T08:27:55.643+0000] {processor.py:186} INFO - Started process (PID=359) to work on /opt/airflow/dags/system_dag.py
[2026-02-22T08:27:55.644+0000] {processor.py:914} INFO - Processing file /opt/airflow/dags/system_dag.py for tasks to queue
[2026-02-22T08:27:55.646+0000] {logging_mixin.py:190} INFO - [2026-02-22T08:27:55.645+0000] {dagbag.py:588} INFO - Filling up the DagBag from /opt/airflow/dags/system_dag.py
[2026-02-22T08:27:55.669+0000] {processor.py:925} INFO - DAG(s) 'system_dag' retrieved from /opt/airflow/dags/system_dag.py
[2026-02-22T08:27:55.717+0000] {logging_mixin.py:190} INFO - [2026-02-22T08:27:55.717+0000] {dag.py:3239} INFO - Sync 1 DAGs
[2026-02-22T08:27:55.753+0000] {logging_mixin.py:190} INFO - [2026-02-22T08:27:55.753+0000] {dag.py:4180} INFO - Setting next_dagrun for system_dag to 2026-02-21T00:00:00+00:00, run_after=2026-02-22T00:00:00+00:00
[2026-02-22T08:27:55.779+0000] {processor.py:208} INFO - Processing /opt/airflow/dags/system_dag.py took 0.143 seconds
[2026-02-22T08:28:26.405+0000] {processor.py:186} INFO - Started process (PID=363) to work on /opt/airflow/dags/system_dag.py
[2026-02-22T08:28:26.405+0000] {processor.py:914} INFO - Processing file /opt/airflow/dags/system_dag.py for tasks to queue
[2026-02-22T08:28:26.407+0000] {logging_mixin.py:190} INFO - [2026-02-22T08:28:26.407+0000] {dagbag.py:588} INFO - Filling up the DagBag from /opt/airflow/dags/system_dag.py
[2026-02-22T08:28:26.430+0000] {processor.py:925} INFO - DAG(s) 'system_dag' retrieved from /opt/airflow/dags/system_dag.py
[2026-02-22T08:28:26.472+0000] {logging_mixin.py:190} INFO - [2026-02-22T08:28:26.472+0000] {dag.py:3239} INFO - Sync 1 DAGs
[2026-02-22T08:28:26.519+0000] {logging_mixin.py:190} INFO - [2026-02-22T08:28:26.519+0000] {dag.py:4180} INFO - Setting next_dagrun for system_dag to 2026-02-21T00:00:00+00:00, run_after=2026-02-22T00:00:00+00:00
[2026-02-22T08:28:26.552+0000] {processor.py:208} INFO - Processing /opt/airflow/dags/system_dag.py took 0.155 seconds
[2026-02-22T08:28:56.987+0000] {processor.py:186} INFO - Started process (PID=367) to work on /opt/airflow/dags/system_dag.py
[2026-02-22T08:28:56.988+0000] {processor.py:914} INFO - Processing file /opt/airflow/dags/system_dag.py for tasks to queue
[2026-02-22T08:28:56.990+0000] {logging_mixin.py:190} INFO - [2026-02-22T08:28:56.990+0000] {dagbag.py:588} INFO - Filling up the DagBag from /opt/airflow/dags/system_dag.py
[2026-02-22T08:28:57.012+0000] {processor.py:925} INFO - DAG(s) 'system_dag' retrieved from /opt/airflow/dags/system_dag.py
[2026-02-22T08:28:57.088+0000] {logging_mixin.py:190} INFO - [2026-02-22T08:28:57.088+0000] {dag.py:3239} INFO - Sync 1 DAGs
[2026-02-22T08:28:57.126+0000] {logging_mixin.py:190} INFO - [2026-02-22T08:28:57.126+0000] {dag.py:4180} INFO - Setting next_dagrun for system_dag to 2026-02-21T00:00:00+00:00, run_after=2026-02-22T00:00:00+00:00
[2026-02-22T08:28:57.151+0000] {processor.py:208} INFO - Processing /opt/airflow/dags/system_dag.py took 0.171 seconds
[2026-02-22T08:29:28.488+0000] {processor.py:186} INFO - Started process (PID=371) to work on /opt/airflow/dags/system_dag.py
[2026-02-22T08:29:28.488+0000] {processor.py:914} INFO - Processing file /opt/airflow/dags/system_dag.py for tasks to queue
[2026-02-22T08:29:28.491+0000] {logging_mixin.py:190} INFO - [2026-02-22T08:29:28.490+0000] {dagbag.py:588} INFO - Filling up the DagBag from /opt/airflow/dags/system_dag.py
[2026-02-22T08:29:28.514+0000] {processor.py:925} INFO - DAG(s) 'system_dag' retrieved from /opt/airflow/dags/system_dag.py
[2026-02-22T08:29:28.561+0000] {logging_mixin.py:190} INFO - [2026-02-22T08:29:28.561+0000] {dag.py:3239} INFO - Sync 1 DAGs
[2026-02-22T08:29:28.598+0000] {logging_mixin.py:190} INFO - [2026-02-22T08:29:28.598+0000] {dag.py:4180} INFO - Setting next_dagrun for system_dag to 2026-02-21T00:00:00+00:00, run_after=2026-02-22T00:00:00+00:00
[2026-02-22T08:29:28.642+0000] {processor.py:208} INFO - Processing /opt/airflow/dags/system_dag.py took 0.162 seconds
[2026-02-22T08:29:58.787+0000] {processor.py:186} INFO - Started process (PID=375) to work on /opt/airflow/dags/system_dag.py
[2026-02-22T08:29:58.788+0000] {processor.py:914} INFO - Processing file /opt/airflow/dags/system_dag.py for tasks to queue
[2026-02-22T08:29:58.790+0000] {logging_mixin.py:190} INFO - [2026-02-22T08:29:58.790+0000] {dagbag.py:588} INFO - Filling up the DagBag from /opt/airflow/dags/system_dag.py
[2026-02-22T08:29:58.811+0000] {processor.py:925} INFO - DAG(s) 'system_dag' retrieved from /opt/airflow/dags/system_dag.py
[2026-02-22T08:29:58.858+0000] {logging_mixin.py:190} INFO - [2026-02-22T08:29:58.857+0000] {dag.py:3239} INFO - Sync 1 DAGs
[2026-02-22T08:29:58.895+0000] {logging_mixin.py:190} INFO - [2026-02-22T08:29:58.895+0000] {dag.py:4180} INFO - Setting next_dagrun for system_dag to 2026-02-21T00:00:00+00:00, run_after=2026-02-22T00:00:00+00:00
[2026-02-22T08:29:58.928+0000] {processor.py:208} INFO - Processing /opt/airflow/dags/system_dag.py took 0.149 seconds
