[2026-01-17T09:06:45.661+0000] {processor.py:186} INFO - Started process (PID=37) to work on /opt/airflow/dags/Crawl_ETL_ITJob.py
[2026-01-17T09:06:45.663+0000] {processor.py:914} INFO - Processing file /opt/airflow/dags/Crawl_ETL_ITJob.py for tasks to queue
[2026-01-17T09:06:45.665+0000] {logging_mixin.py:190} INFO - [2026-01-17T09:06:45.665+0000] {dagbag.py:588} INFO - Filling up the DagBag from /opt/airflow/dags/Crawl_ETL_ITJob.py
[2026-01-17T09:06:45.704+0000] {processor.py:925} INFO - DAG(s) 'crawl_etl_itjob' retrieved from /opt/airflow/dags/Crawl_ETL_ITJob.py
[2026-01-17T09:06:45.786+0000] {logging_mixin.py:190} INFO - [2026-01-17T09:06:45.786+0000] {dag.py:3239} INFO - Sync 1 DAGs
[2026-01-17T09:06:46.020+0000] {processor.py:208} INFO - Processing /opt/airflow/dags/Crawl_ETL_ITJob.py took 0.373 seconds
[2026-01-17T09:07:16.220+0000] {processor.py:186} INFO - Started process (PID=42) to work on /opt/airflow/dags/Crawl_ETL_ITJob.py
[2026-01-17T09:07:16.220+0000] {processor.py:914} INFO - Processing file /opt/airflow/dags/Crawl_ETL_ITJob.py for tasks to queue
[2026-01-17T09:07:16.222+0000] {logging_mixin.py:190} INFO - [2026-01-17T09:07:16.221+0000] {dagbag.py:588} INFO - Filling up the DagBag from /opt/airflow/dags/Crawl_ETL_ITJob.py
[2026-01-17T09:07:16.241+0000] {processor.py:925} INFO - DAG(s) 'crawl_etl_itjob' retrieved from /opt/airflow/dags/Crawl_ETL_ITJob.py
[2026-01-17T09:07:16.276+0000] {logging_mixin.py:190} INFO - [2026-01-17T09:07:16.276+0000] {dag.py:3239} INFO - Sync 1 DAGs
[2026-01-17T09:07:16.323+0000] {processor.py:208} INFO - Processing /opt/airflow/dags/Crawl_ETL_ITJob.py took 0.109 seconds
[2026-01-17T09:07:46.903+0000] {processor.py:186} INFO - Started process (PID=45) to work on /opt/airflow/dags/Crawl_ETL_ITJob.py
[2026-01-17T09:07:47.001+0000] {processor.py:914} INFO - Processing file /opt/airflow/dags/Crawl_ETL_ITJob.py for tasks to queue
[2026-01-17T09:07:47.016+0000] {logging_mixin.py:190} INFO - [2026-01-17T09:07:47.015+0000] {dagbag.py:588} INFO - Filling up the DagBag from /opt/airflow/dags/Crawl_ETL_ITJob.py
[2026-01-17T09:07:47.115+0000] {processor.py:925} INFO - DAG(s) 'crawl_etl_itjob' retrieved from /opt/airflow/dags/Crawl_ETL_ITJob.py
[2026-01-17T09:07:47.169+0000] {logging_mixin.py:190} INFO - [2026-01-17T09:07:47.169+0000] {dag.py:3239} INFO - Sync 1 DAGs
[2026-01-17T09:07:47.255+0000] {processor.py:208} INFO - Processing /opt/airflow/dags/Crawl_ETL_ITJob.py took 0.362 seconds
[2026-01-17T09:08:17.314+0000] {processor.py:186} INFO - Started process (PID=49) to work on /opt/airflow/dags/Crawl_ETL_ITJob.py
[2026-01-17T09:08:17.315+0000] {processor.py:914} INFO - Processing file /opt/airflow/dags/Crawl_ETL_ITJob.py for tasks to queue
[2026-01-17T09:08:17.317+0000] {logging_mixin.py:190} INFO - [2026-01-17T09:08:17.317+0000] {dagbag.py:588} INFO - Filling up the DagBag from /opt/airflow/dags/Crawl_ETL_ITJob.py
[2026-01-17T09:08:17.367+0000] {processor.py:925} INFO - DAG(s) 'crawl_etl_itjob' retrieved from /opt/airflow/dags/Crawl_ETL_ITJob.py
[2026-01-17T09:08:17.470+0000] {logging_mixin.py:190} INFO - [2026-01-17T09:08:17.469+0000] {dag.py:3239} INFO - Sync 1 DAGs
[2026-01-17T09:08:17.572+0000] {processor.py:208} INFO - Processing /opt/airflow/dags/Crawl_ETL_ITJob.py took 0.267 seconds
[2026-01-17T09:08:47.756+0000] {processor.py:186} INFO - Started process (PID=54) to work on /opt/airflow/dags/Crawl_ETL_ITJob.py
[2026-01-17T09:08:47.757+0000] {processor.py:914} INFO - Processing file /opt/airflow/dags/Crawl_ETL_ITJob.py for tasks to queue
[2026-01-17T09:08:47.758+0000] {logging_mixin.py:190} INFO - [2026-01-17T09:08:47.758+0000] {dagbag.py:588} INFO - Filling up the DagBag from /opt/airflow/dags/Crawl_ETL_ITJob.py
[2026-01-17T09:08:47.778+0000] {processor.py:925} INFO - DAG(s) 'crawl_etl_itjob' retrieved from /opt/airflow/dags/Crawl_ETL_ITJob.py
[2026-01-17T09:08:47.816+0000] {logging_mixin.py:190} INFO - [2026-01-17T09:08:47.816+0000] {dag.py:3239} INFO - Sync 1 DAGs
[2026-01-17T09:08:47.879+0000] {processor.py:208} INFO - Processing /opt/airflow/dags/Crawl_ETL_ITJob.py took 0.131 seconds
[2026-01-17T09:09:18.769+0000] {processor.py:186} INFO - Started process (PID=57) to work on /opt/airflow/dags/Crawl_ETL_ITJob.py
[2026-01-17T09:09:18.770+0000] {processor.py:914} INFO - Processing file /opt/airflow/dags/Crawl_ETL_ITJob.py for tasks to queue
[2026-01-17T09:09:18.773+0000] {logging_mixin.py:190} INFO - [2026-01-17T09:09:18.772+0000] {dagbag.py:588} INFO - Filling up the DagBag from /opt/airflow/dags/Crawl_ETL_ITJob.py
[2026-01-17T09:09:18.809+0000] {processor.py:925} INFO - DAG(s) 'crawl_etl_itjob' retrieved from /opt/airflow/dags/Crawl_ETL_ITJob.py
[2026-01-17T09:09:18.872+0000] {logging_mixin.py:190} INFO - [2026-01-17T09:09:18.872+0000] {dag.py:3239} INFO - Sync 1 DAGs
[2026-01-17T09:09:18.967+0000] {processor.py:208} INFO - Processing /opt/airflow/dags/Crawl_ETL_ITJob.py took 0.208 seconds
[2026-01-17T09:09:49.245+0000] {processor.py:186} INFO - Started process (PID=62) to work on /opt/airflow/dags/Crawl_ETL_ITJob.py
[2026-01-17T09:09:49.246+0000] {processor.py:914} INFO - Processing file /opt/airflow/dags/Crawl_ETL_ITJob.py for tasks to queue
[2026-01-17T09:09:49.249+0000] {logging_mixin.py:190} INFO - [2026-01-17T09:09:49.248+0000] {dagbag.py:588} INFO - Filling up the DagBag from /opt/airflow/dags/Crawl_ETL_ITJob.py
[2026-01-17T09:09:49.278+0000] {processor.py:925} INFO - DAG(s) 'crawl_etl_itjob' retrieved from /opt/airflow/dags/Crawl_ETL_ITJob.py
[2026-01-17T09:09:49.341+0000] {logging_mixin.py:190} INFO - [2026-01-17T09:09:49.341+0000] {dag.py:3239} INFO - Sync 1 DAGs
[2026-01-17T09:09:49.425+0000] {processor.py:208} INFO - Processing /opt/airflow/dags/Crawl_ETL_ITJob.py took 0.190 seconds
[2026-01-17T09:10:21.404+0000] {processor.py:186} INFO - Started process (PID=65) to work on /opt/airflow/dags/Crawl_ETL_ITJob.py
[2026-01-17T09:10:21.404+0000] {processor.py:914} INFO - Processing file /opt/airflow/dags/Crawl_ETL_ITJob.py for tasks to queue
[2026-01-17T09:10:21.406+0000] {logging_mixin.py:190} INFO - [2026-01-17T09:10:21.405+0000] {dagbag.py:588} INFO - Filling up the DagBag from /opt/airflow/dags/Crawl_ETL_ITJob.py
[2026-01-17T09:10:21.432+0000] {processor.py:925} INFO - DAG(s) 'crawl_etl_itjob' retrieved from /opt/airflow/dags/Crawl_ETL_ITJob.py
[2026-01-17T09:10:21.485+0000] {logging_mixin.py:190} INFO - [2026-01-17T09:10:21.485+0000] {dag.py:3239} INFO - Sync 1 DAGs
[2026-01-17T09:10:21.574+0000] {processor.py:208} INFO - Processing /opt/airflow/dags/Crawl_ETL_ITJob.py took 0.178 seconds
[2026-01-17T09:10:54.477+0000] {processor.py:186} INFO - Started process (PID=69) to work on /opt/airflow/dags/Crawl_ETL_ITJob.py
[2026-01-17T09:10:54.478+0000] {processor.py:914} INFO - Processing file /opt/airflow/dags/Crawl_ETL_ITJob.py for tasks to queue
[2026-01-17T09:10:54.480+0000] {logging_mixin.py:190} INFO - [2026-01-17T09:10:54.479+0000] {dagbag.py:588} INFO - Filling up the DagBag from /opt/airflow/dags/Crawl_ETL_ITJob.py
[2026-01-17T09:10:54.502+0000] {processor.py:925} INFO - DAG(s) 'crawl_etl_itjob' retrieved from /opt/airflow/dags/Crawl_ETL_ITJob.py
[2026-01-17T09:10:54.550+0000] {logging_mixin.py:190} INFO - [2026-01-17T09:10:54.550+0000] {dag.py:3239} INFO - Sync 1 DAGs
[2026-01-17T09:10:54.632+0000] {processor.py:208} INFO - Processing /opt/airflow/dags/Crawl_ETL_ITJob.py took 0.161 seconds
[2026-01-17T09:11:27.488+0000] {processor.py:186} INFO - Started process (PID=73) to work on /opt/airflow/dags/Crawl_ETL_ITJob.py
[2026-01-17T09:11:27.489+0000] {processor.py:914} INFO - Processing file /opt/airflow/dags/Crawl_ETL_ITJob.py for tasks to queue
[2026-01-17T09:11:27.491+0000] {logging_mixin.py:190} INFO - [2026-01-17T09:11:27.491+0000] {dagbag.py:588} INFO - Filling up the DagBag from /opt/airflow/dags/Crawl_ETL_ITJob.py
[2026-01-17T09:11:27.526+0000] {processor.py:925} INFO - DAG(s) 'crawl_etl_itjob' retrieved from /opt/airflow/dags/Crawl_ETL_ITJob.py
[2026-01-17T09:11:27.597+0000] {logging_mixin.py:190} INFO - [2026-01-17T09:11:27.597+0000] {dag.py:3239} INFO - Sync 1 DAGs
[2026-01-17T09:11:27.670+0000] {processor.py:208} INFO - Processing /opt/airflow/dags/Crawl_ETL_ITJob.py took 0.191 seconds
[2026-01-17T09:12:01.556+0000] {processor.py:186} INFO - Started process (PID=77) to work on /opt/airflow/dags/Crawl_ETL_ITJob.py
[2026-01-17T09:12:01.557+0000] {processor.py:914} INFO - Processing file /opt/airflow/dags/Crawl_ETL_ITJob.py for tasks to queue
[2026-01-17T09:12:01.561+0000] {logging_mixin.py:190} INFO - [2026-01-17T09:12:01.561+0000] {dagbag.py:588} INFO - Filling up the DagBag from /opt/airflow/dags/Crawl_ETL_ITJob.py
[2026-01-17T09:12:01.594+0000] {processor.py:925} INFO - DAG(s) 'crawl_etl_itjob' retrieved from /opt/airflow/dags/Crawl_ETL_ITJob.py
[2026-01-17T09:12:01.668+0000] {logging_mixin.py:190} INFO - [2026-01-17T09:12:01.668+0000] {dag.py:3239} INFO - Sync 1 DAGs
[2026-01-17T09:12:01.802+0000] {processor.py:208} INFO - Processing /opt/airflow/dags/Crawl_ETL_ITJob.py took 0.261 seconds
[2026-01-17T09:12:34.461+0000] {processor.py:186} INFO - Started process (PID=81) to work on /opt/airflow/dags/Crawl_ETL_ITJob.py
[2026-01-17T09:12:34.462+0000] {processor.py:914} INFO - Processing file /opt/airflow/dags/Crawl_ETL_ITJob.py for tasks to queue
[2026-01-17T09:12:34.464+0000] {logging_mixin.py:190} INFO - [2026-01-17T09:12:34.463+0000] {dagbag.py:588} INFO - Filling up the DagBag from /opt/airflow/dags/Crawl_ETL_ITJob.py
[2026-01-17T09:12:34.480+0000] {processor.py:925} INFO - DAG(s) 'crawl_etl_itjob' retrieved from /opt/airflow/dags/Crawl_ETL_ITJob.py
[2026-01-17T09:12:34.517+0000] {logging_mixin.py:190} INFO - [2026-01-17T09:12:34.517+0000] {dag.py:3239} INFO - Sync 1 DAGs
[2026-01-17T09:12:34.585+0000] {processor.py:208} INFO - Processing /opt/airflow/dags/Crawl_ETL_ITJob.py took 0.129 seconds
[2026-01-17T09:13:07.630+0000] {processor.py:186} INFO - Started process (PID=85) to work on /opt/airflow/dags/Crawl_ETL_ITJob.py
[2026-01-17T09:13:07.632+0000] {processor.py:914} INFO - Processing file /opt/airflow/dags/Crawl_ETL_ITJob.py for tasks to queue
[2026-01-17T09:13:07.636+0000] {logging_mixin.py:190} INFO - [2026-01-17T09:13:07.636+0000] {dagbag.py:588} INFO - Filling up the DagBag from /opt/airflow/dags/Crawl_ETL_ITJob.py
[2026-01-17T09:13:07.678+0000] {processor.py:925} INFO - DAG(s) 'crawl_etl_itjob' retrieved from /opt/airflow/dags/Crawl_ETL_ITJob.py
[2026-01-17T09:13:07.758+0000] {logging_mixin.py:190} INFO - [2026-01-17T09:13:07.757+0000] {dag.py:3239} INFO - Sync 1 DAGs
[2026-01-17T09:13:07.870+0000] {processor.py:208} INFO - Processing /opt/airflow/dags/Crawl_ETL_ITJob.py took 0.251 seconds
[2026-01-17T09:13:40.814+0000] {processor.py:186} INFO - Started process (PID=89) to work on /opt/airflow/dags/Crawl_ETL_ITJob.py
[2026-01-17T09:13:40.815+0000] {processor.py:914} INFO - Processing file /opt/airflow/dags/Crawl_ETL_ITJob.py for tasks to queue
[2026-01-17T09:13:40.821+0000] {logging_mixin.py:190} INFO - [2026-01-17T09:13:40.821+0000] {dagbag.py:588} INFO - Filling up the DagBag from /opt/airflow/dags/Crawl_ETL_ITJob.py
[2026-01-17T09:13:40.860+0000] {processor.py:925} INFO - DAG(s) 'crawl_etl_itjob' retrieved from /opt/airflow/dags/Crawl_ETL_ITJob.py
[2026-01-17T09:13:40.920+0000] {logging_mixin.py:190} INFO - [2026-01-17T09:13:40.919+0000] {dag.py:3239} INFO - Sync 1 DAGs
[2026-01-17T09:13:41.009+0000] {processor.py:208} INFO - Processing /opt/airflow/dags/Crawl_ETL_ITJob.py took 0.208 seconds
[2026-01-17T09:14:14.135+0000] {processor.py:186} INFO - Started process (PID=93) to work on /opt/airflow/dags/Crawl_ETL_ITJob.py
[2026-01-17T09:14:14.136+0000] {processor.py:914} INFO - Processing file /opt/airflow/dags/Crawl_ETL_ITJob.py for tasks to queue
[2026-01-17T09:14:14.138+0000] {logging_mixin.py:190} INFO - [2026-01-17T09:14:14.137+0000] {dagbag.py:588} INFO - Filling up the DagBag from /opt/airflow/dags/Crawl_ETL_ITJob.py
[2026-01-17T09:14:14.163+0000] {processor.py:925} INFO - DAG(s) 'crawl_etl_itjob' retrieved from /opt/airflow/dags/Crawl_ETL_ITJob.py
[2026-01-17T09:14:14.211+0000] {logging_mixin.py:190} INFO - [2026-01-17T09:14:14.211+0000] {dag.py:3239} INFO - Sync 1 DAGs
[2026-01-17T09:14:14.282+0000] {processor.py:208} INFO - Processing /opt/airflow/dags/Crawl_ETL_ITJob.py took 0.154 seconds
[2026-01-17T09:14:48.067+0000] {processor.py:186} INFO - Started process (PID=97) to work on /opt/airflow/dags/Crawl_ETL_ITJob.py
[2026-01-17T09:14:48.068+0000] {processor.py:914} INFO - Processing file /opt/airflow/dags/Crawl_ETL_ITJob.py for tasks to queue
[2026-01-17T09:14:48.069+0000] {logging_mixin.py:190} INFO - [2026-01-17T09:14:48.069+0000] {dagbag.py:588} INFO - Filling up the DagBag from /opt/airflow/dags/Crawl_ETL_ITJob.py
[2026-01-17T09:14:48.090+0000] {processor.py:925} INFO - DAG(s) 'crawl_etl_itjob' retrieved from /opt/airflow/dags/Crawl_ETL_ITJob.py
[2026-01-17T09:14:48.133+0000] {logging_mixin.py:190} INFO - [2026-01-17T09:14:48.133+0000] {dag.py:3239} INFO - Sync 1 DAGs
[2026-01-17T09:14:48.211+0000] {processor.py:208} INFO - Processing /opt/airflow/dags/Crawl_ETL_ITJob.py took 0.150 seconds
[2026-01-17T09:15:21.075+0000] {processor.py:186} INFO - Started process (PID=101) to work on /opt/airflow/dags/Crawl_ETL_ITJob.py
[2026-01-17T09:15:21.076+0000] {processor.py:914} INFO - Processing file /opt/airflow/dags/Crawl_ETL_ITJob.py for tasks to queue
[2026-01-17T09:15:21.078+0000] {logging_mixin.py:190} INFO - [2026-01-17T09:15:21.078+0000] {dagbag.py:588} INFO - Filling up the DagBag from /opt/airflow/dags/Crawl_ETL_ITJob.py
[2026-01-17T09:15:21.111+0000] {processor.py:925} INFO - DAG(s) 'crawl_etl_itjob' retrieved from /opt/airflow/dags/Crawl_ETL_ITJob.py
[2026-01-17T09:15:21.171+0000] {logging_mixin.py:190} INFO - [2026-01-17T09:15:21.171+0000] {dag.py:3239} INFO - Sync 1 DAGs
[2026-01-17T09:15:21.278+0000] {processor.py:208} INFO - Processing /opt/airflow/dags/Crawl_ETL_ITJob.py took 0.213 seconds
[2026-01-17T09:15:54.130+0000] {processor.py:186} INFO - Started process (PID=105) to work on /opt/airflow/dags/Crawl_ETL_ITJob.py
[2026-01-17T09:15:54.131+0000] {processor.py:914} INFO - Processing file /opt/airflow/dags/Crawl_ETL_ITJob.py for tasks to queue
[2026-01-17T09:15:54.132+0000] {logging_mixin.py:190} INFO - [2026-01-17T09:15:54.131+0000] {dagbag.py:588} INFO - Filling up the DagBag from /opt/airflow/dags/Crawl_ETL_ITJob.py
[2026-01-17T09:15:54.151+0000] {processor.py:925} INFO - DAG(s) 'crawl_etl_itjob' retrieved from /opt/airflow/dags/Crawl_ETL_ITJob.py
[2026-01-17T09:15:54.190+0000] {logging_mixin.py:190} INFO - [2026-01-17T09:15:54.190+0000] {dag.py:3239} INFO - Sync 1 DAGs
[2026-01-17T09:15:54.257+0000] {processor.py:208} INFO - Processing /opt/airflow/dags/Crawl_ETL_ITJob.py took 0.133 seconds
[2026-01-17T09:16:27.998+0000] {processor.py:186} INFO - Started process (PID=109) to work on /opt/airflow/dags/Crawl_ETL_ITJob.py
[2026-01-17T09:16:27.999+0000] {processor.py:914} INFO - Processing file /opt/airflow/dags/Crawl_ETL_ITJob.py for tasks to queue
[2026-01-17T09:16:28.000+0000] {logging_mixin.py:190} INFO - [2026-01-17T09:16:28.000+0000] {dagbag.py:588} INFO - Filling up the DagBag from /opt/airflow/dags/Crawl_ETL_ITJob.py
[2026-01-17T09:16:28.022+0000] {processor.py:925} INFO - DAG(s) 'crawl_etl_itjob' retrieved from /opt/airflow/dags/Crawl_ETL_ITJob.py
[2026-01-17T09:16:28.071+0000] {logging_mixin.py:190} INFO - [2026-01-17T09:16:28.071+0000] {dag.py:3239} INFO - Sync 1 DAGs
[2026-01-17T09:16:28.143+0000] {processor.py:208} INFO - Processing /opt/airflow/dags/Crawl_ETL_ITJob.py took 0.153 seconds
[2026-01-17T09:17:00.931+0000] {processor.py:186} INFO - Started process (PID=113) to work on /opt/airflow/dags/Crawl_ETL_ITJob.py
[2026-01-17T09:17:00.931+0000] {processor.py:914} INFO - Processing file /opt/airflow/dags/Crawl_ETL_ITJob.py for tasks to queue
[2026-01-17T09:17:00.933+0000] {logging_mixin.py:190} INFO - [2026-01-17T09:17:00.932+0000] {dagbag.py:588} INFO - Filling up the DagBag from /opt/airflow/dags/Crawl_ETL_ITJob.py
[2026-01-17T09:17:00.953+0000] {processor.py:925} INFO - DAG(s) 'crawl_etl_itjob' retrieved from /opt/airflow/dags/Crawl_ETL_ITJob.py
[2026-01-17T09:17:01.008+0000] {logging_mixin.py:190} INFO - [2026-01-17T09:17:01.008+0000] {dag.py:3239} INFO - Sync 1 DAGs
[2026-01-17T09:17:01.091+0000] {processor.py:208} INFO - Processing /opt/airflow/dags/Crawl_ETL_ITJob.py took 0.167 seconds
[2026-01-17T09:17:34.077+0000] {processor.py:186} INFO - Started process (PID=117) to work on /opt/airflow/dags/Crawl_ETL_ITJob.py
[2026-01-17T09:17:34.083+0000] {processor.py:914} INFO - Processing file /opt/airflow/dags/Crawl_ETL_ITJob.py for tasks to queue
[2026-01-17T09:17:34.087+0000] {logging_mixin.py:190} INFO - [2026-01-17T09:17:34.086+0000] {dagbag.py:588} INFO - Filling up the DagBag from /opt/airflow/dags/Crawl_ETL_ITJob.py
[2026-01-17T09:17:34.135+0000] {processor.py:925} INFO - DAG(s) 'crawl_etl_itjob' retrieved from /opt/airflow/dags/Crawl_ETL_ITJob.py
[2026-01-17T09:17:34.229+0000] {logging_mixin.py:190} INFO - [2026-01-17T09:17:34.228+0000] {dag.py:3239} INFO - Sync 1 DAGs
[2026-01-17T09:17:34.385+0000] {processor.py:208} INFO - Processing /opt/airflow/dags/Crawl_ETL_ITJob.py took 0.320 seconds
[2026-01-17T09:18:07.835+0000] {processor.py:186} INFO - Started process (PID=121) to work on /opt/airflow/dags/Crawl_ETL_ITJob.py
[2026-01-17T09:18:07.837+0000] {processor.py:914} INFO - Processing file /opt/airflow/dags/Crawl_ETL_ITJob.py for tasks to queue
[2026-01-17T09:18:07.840+0000] {logging_mixin.py:190} INFO - [2026-01-17T09:18:07.840+0000] {dagbag.py:588} INFO - Filling up the DagBag from /opt/airflow/dags/Crawl_ETL_ITJob.py
[2026-01-17T09:18:07.917+0000] {processor.py:925} INFO - DAG(s) 'crawl_etl_itjob' retrieved from /opt/airflow/dags/Crawl_ETL_ITJob.py
[2026-01-17T09:18:08.025+0000] {logging_mixin.py:190} INFO - [2026-01-17T09:18:08.023+0000] {dag.py:3239} INFO - Sync 1 DAGs
[2026-01-17T09:18:08.136+0000] {processor.py:208} INFO - Processing /opt/airflow/dags/Crawl_ETL_ITJob.py took 0.322 seconds
[2026-01-17T09:18:41.292+0000] {processor.py:186} INFO - Started process (PID=125) to work on /opt/airflow/dags/Crawl_ETL_ITJob.py
[2026-01-17T09:18:41.294+0000] {processor.py:914} INFO - Processing file /opt/airflow/dags/Crawl_ETL_ITJob.py for tasks to queue
[2026-01-17T09:18:41.296+0000] {logging_mixin.py:190} INFO - [2026-01-17T09:18:41.295+0000] {dagbag.py:588} INFO - Filling up the DagBag from /opt/airflow/dags/Crawl_ETL_ITJob.py
[2026-01-17T09:18:41.343+0000] {processor.py:925} INFO - DAG(s) 'crawl_etl_itjob' retrieved from /opt/airflow/dags/Crawl_ETL_ITJob.py
[2026-01-17T09:18:41.426+0000] {logging_mixin.py:190} INFO - [2026-01-17T09:18:41.425+0000] {dag.py:3239} INFO - Sync 1 DAGs
[2026-01-17T09:18:41.556+0000] {processor.py:208} INFO - Processing /opt/airflow/dags/Crawl_ETL_ITJob.py took 0.279 seconds
[2026-01-17T09:19:14.604+0000] {processor.py:186} INFO - Started process (PID=129) to work on /opt/airflow/dags/Crawl_ETL_ITJob.py
[2026-01-17T09:19:14.606+0000] {processor.py:914} INFO - Processing file /opt/airflow/dags/Crawl_ETL_ITJob.py for tasks to queue
[2026-01-17T09:19:14.613+0000] {logging_mixin.py:190} INFO - [2026-01-17T09:19:14.613+0000] {dagbag.py:588} INFO - Filling up the DagBag from /opt/airflow/dags/Crawl_ETL_ITJob.py
[2026-01-17T09:19:14.680+0000] {processor.py:925} INFO - DAG(s) 'crawl_etl_itjob' retrieved from /opt/airflow/dags/Crawl_ETL_ITJob.py
[2026-01-17T09:19:14.815+0000] {logging_mixin.py:190} INFO - [2026-01-17T09:19:14.814+0000] {dag.py:3239} INFO - Sync 1 DAGs
[2026-01-17T09:19:14.986+0000] {processor.py:208} INFO - Processing /opt/airflow/dags/Crawl_ETL_ITJob.py took 0.397 seconds
[2026-01-17T09:19:47.387+0000] {processor.py:186} INFO - Started process (PID=133) to work on /opt/airflow/dags/Crawl_ETL_ITJob.py
[2026-01-17T09:19:47.388+0000] {processor.py:914} INFO - Processing file /opt/airflow/dags/Crawl_ETL_ITJob.py for tasks to queue
[2026-01-17T09:19:47.389+0000] {logging_mixin.py:190} INFO - [2026-01-17T09:19:47.389+0000] {dagbag.py:588} INFO - Filling up the DagBag from /opt/airflow/dags/Crawl_ETL_ITJob.py
[2026-01-17T09:19:47.407+0000] {processor.py:925} INFO - DAG(s) 'crawl_etl_itjob' retrieved from /opt/airflow/dags/Crawl_ETL_ITJob.py
[2026-01-17T09:19:47.455+0000] {logging_mixin.py:190} INFO - [2026-01-17T09:19:47.455+0000] {dag.py:3239} INFO - Sync 1 DAGs
[2026-01-17T09:19:47.528+0000] {processor.py:208} INFO - Processing /opt/airflow/dags/Crawl_ETL_ITJob.py took 0.147 seconds
[2026-01-17T09:20:21.297+0000] {processor.py:186} INFO - Started process (PID=137) to work on /opt/airflow/dags/Crawl_ETL_ITJob.py
[2026-01-17T09:20:21.298+0000] {processor.py:914} INFO - Processing file /opt/airflow/dags/Crawl_ETL_ITJob.py for tasks to queue
[2026-01-17T09:20:21.300+0000] {logging_mixin.py:190} INFO - [2026-01-17T09:20:21.299+0000] {dagbag.py:588} INFO - Filling up the DagBag from /opt/airflow/dags/Crawl_ETL_ITJob.py
[2026-01-17T09:20:21.327+0000] {processor.py:925} INFO - DAG(s) 'crawl_etl_itjob' retrieved from /opt/airflow/dags/Crawl_ETL_ITJob.py
[2026-01-17T09:20:21.383+0000] {logging_mixin.py:190} INFO - [2026-01-17T09:20:21.383+0000] {dag.py:3239} INFO - Sync 1 DAGs
[2026-01-17T09:20:21.602+0000] {processor.py:208} INFO - Processing /opt/airflow/dags/Crawl_ETL_ITJob.py took 0.318 seconds
[2026-01-17T09:20:54.382+0000] {processor.py:186} INFO - Started process (PID=141) to work on /opt/airflow/dags/Crawl_ETL_ITJob.py
[2026-01-17T09:20:54.383+0000] {processor.py:914} INFO - Processing file /opt/airflow/dags/Crawl_ETL_ITJob.py for tasks to queue
[2026-01-17T09:20:54.384+0000] {logging_mixin.py:190} INFO - [2026-01-17T09:20:54.384+0000] {dagbag.py:588} INFO - Filling up the DagBag from /opt/airflow/dags/Crawl_ETL_ITJob.py
[2026-01-17T09:20:54.400+0000] {processor.py:925} INFO - DAG(s) 'crawl_etl_itjob' retrieved from /opt/airflow/dags/Crawl_ETL_ITJob.py
[2026-01-17T09:20:54.438+0000] {logging_mixin.py:190} INFO - [2026-01-17T09:20:54.437+0000] {dag.py:3239} INFO - Sync 1 DAGs
[2026-01-17T09:20:54.502+0000] {processor.py:208} INFO - Processing /opt/airflow/dags/Crawl_ETL_ITJob.py took 0.125 seconds
[2026-01-17T09:21:27.370+0000] {processor.py:186} INFO - Started process (PID=145) to work on /opt/airflow/dags/Crawl_ETL_ITJob.py
[2026-01-17T09:21:27.372+0000] {processor.py:914} INFO - Processing file /opt/airflow/dags/Crawl_ETL_ITJob.py for tasks to queue
[2026-01-17T09:21:27.374+0000] {logging_mixin.py:190} INFO - [2026-01-17T09:21:27.373+0000] {dagbag.py:588} INFO - Filling up the DagBag from /opt/airflow/dags/Crawl_ETL_ITJob.py
[2026-01-17T09:21:27.409+0000] {processor.py:925} INFO - DAG(s) 'crawl_etl_itjob' retrieved from /opt/airflow/dags/Crawl_ETL_ITJob.py
[2026-01-17T09:21:27.467+0000] {logging_mixin.py:190} INFO - [2026-01-17T09:21:27.467+0000] {dag.py:3239} INFO - Sync 1 DAGs
[2026-01-17T09:21:27.553+0000] {processor.py:208} INFO - Processing /opt/airflow/dags/Crawl_ETL_ITJob.py took 0.191 seconds
[2026-01-17T09:22:01.347+0000] {processor.py:186} INFO - Started process (PID=149) to work on /opt/airflow/dags/Crawl_ETL_ITJob.py
[2026-01-17T09:22:01.348+0000] {processor.py:914} INFO - Processing file /opt/airflow/dags/Crawl_ETL_ITJob.py for tasks to queue
[2026-01-17T09:22:01.349+0000] {logging_mixin.py:190} INFO - [2026-01-17T09:22:01.349+0000] {dagbag.py:588} INFO - Filling up the DagBag from /opt/airflow/dags/Crawl_ETL_ITJob.py
[2026-01-17T09:22:01.369+0000] {processor.py:925} INFO - DAG(s) 'crawl_etl_itjob' retrieved from /opt/airflow/dags/Crawl_ETL_ITJob.py
[2026-01-17T09:22:01.409+0000] {logging_mixin.py:190} INFO - [2026-01-17T09:22:01.408+0000] {dag.py:3239} INFO - Sync 1 DAGs
[2026-01-17T09:22:01.482+0000] {processor.py:208} INFO - Processing /opt/airflow/dags/Crawl_ETL_ITJob.py took 0.143 seconds
[2026-01-17T09:22:34.295+0000] {processor.py:186} INFO - Started process (PID=153) to work on /opt/airflow/dags/Crawl_ETL_ITJob.py
[2026-01-17T09:22:34.296+0000] {processor.py:914} INFO - Processing file /opt/airflow/dags/Crawl_ETL_ITJob.py for tasks to queue
[2026-01-17T09:22:34.299+0000] {logging_mixin.py:190} INFO - [2026-01-17T09:22:34.298+0000] {dagbag.py:588} INFO - Filling up the DagBag from /opt/airflow/dags/Crawl_ETL_ITJob.py
[2026-01-17T09:22:34.326+0000] {processor.py:925} INFO - DAG(s) 'crawl_etl_itjob' retrieved from /opt/airflow/dags/Crawl_ETL_ITJob.py
[2026-01-17T09:22:34.376+0000] {logging_mixin.py:190} INFO - [2026-01-17T09:22:34.376+0000] {dag.py:3239} INFO - Sync 1 DAGs
[2026-01-17T09:22:34.450+0000] {processor.py:208} INFO - Processing /opt/airflow/dags/Crawl_ETL_ITJob.py took 0.170 seconds
[2026-01-17T09:23:07.424+0000] {processor.py:186} INFO - Started process (PID=157) to work on /opt/airflow/dags/Crawl_ETL_ITJob.py
[2026-01-17T09:23:07.425+0000] {processor.py:914} INFO - Processing file /opt/airflow/dags/Crawl_ETL_ITJob.py for tasks to queue
[2026-01-17T09:23:07.427+0000] {logging_mixin.py:190} INFO - [2026-01-17T09:23:07.426+0000] {dagbag.py:588} INFO - Filling up the DagBag from /opt/airflow/dags/Crawl_ETL_ITJob.py
[2026-01-17T09:23:07.447+0000] {processor.py:925} INFO - DAG(s) 'crawl_etl_itjob' retrieved from /opt/airflow/dags/Crawl_ETL_ITJob.py
[2026-01-17T09:23:07.489+0000] {logging_mixin.py:190} INFO - [2026-01-17T09:23:07.489+0000] {dag.py:3239} INFO - Sync 1 DAGs
[2026-01-17T09:23:07.571+0000] {processor.py:208} INFO - Processing /opt/airflow/dags/Crawl_ETL_ITJob.py took 0.155 seconds
[2026-01-17T09:23:41.313+0000] {processor.py:186} INFO - Started process (PID=161) to work on /opt/airflow/dags/Crawl_ETL_ITJob.py
[2026-01-17T09:23:41.314+0000] {processor.py:914} INFO - Processing file /opt/airflow/dags/Crawl_ETL_ITJob.py for tasks to queue
[2026-01-17T09:23:41.315+0000] {logging_mixin.py:190} INFO - [2026-01-17T09:23:41.315+0000] {dagbag.py:588} INFO - Filling up the DagBag from /opt/airflow/dags/Crawl_ETL_ITJob.py
[2026-01-17T09:23:41.331+0000] {processor.py:925} INFO - DAG(s) 'crawl_etl_itjob' retrieved from /opt/airflow/dags/Crawl_ETL_ITJob.py
[2026-01-17T09:23:41.369+0000] {logging_mixin.py:190} INFO - [2026-01-17T09:23:41.369+0000] {dag.py:3239} INFO - Sync 1 DAGs
[2026-01-17T09:23:41.435+0000] {processor.py:208} INFO - Processing /opt/airflow/dags/Crawl_ETL_ITJob.py took 0.129 seconds
[2026-01-17T09:24:14.179+0000] {processor.py:186} INFO - Started process (PID=165) to work on /opt/airflow/dags/Crawl_ETL_ITJob.py
[2026-01-17T09:24:14.180+0000] {processor.py:914} INFO - Processing file /opt/airflow/dags/Crawl_ETL_ITJob.py for tasks to queue
[2026-01-17T09:24:14.183+0000] {logging_mixin.py:190} INFO - [2026-01-17T09:24:14.182+0000] {dagbag.py:588} INFO - Filling up the DagBag from /opt/airflow/dags/Crawl_ETL_ITJob.py
[2026-01-17T09:24:14.208+0000] {processor.py:925} INFO - DAG(s) 'crawl_etl_itjob' retrieved from /opt/airflow/dags/Crawl_ETL_ITJob.py
[2026-01-17T09:24:14.274+0000] {logging_mixin.py:190} INFO - [2026-01-17T09:24:14.274+0000] {dag.py:3239} INFO - Sync 1 DAGs
[2026-01-17T09:24:14.379+0000] {processor.py:208} INFO - Processing /opt/airflow/dags/Crawl_ETL_ITJob.py took 0.209 seconds
[2026-01-17T09:24:47.394+0000] {processor.py:186} INFO - Started process (PID=169) to work on /opt/airflow/dags/Crawl_ETL_ITJob.py
[2026-01-17T09:24:47.394+0000] {processor.py:914} INFO - Processing file /opt/airflow/dags/Crawl_ETL_ITJob.py for tasks to queue
[2026-01-17T09:24:47.400+0000] {logging_mixin.py:190} INFO - [2026-01-17T09:24:47.400+0000] {dagbag.py:588} INFO - Filling up the DagBag from /opt/airflow/dags/Crawl_ETL_ITJob.py
[2026-01-17T09:24:47.420+0000] {processor.py:925} INFO - DAG(s) 'crawl_etl_itjob' retrieved from /opt/airflow/dags/Crawl_ETL_ITJob.py
[2026-01-17T09:24:47.455+0000] {logging_mixin.py:190} INFO - [2026-01-17T09:24:47.454+0000] {dag.py:3239} INFO - Sync 1 DAGs
[2026-01-17T09:24:47.511+0000] {processor.py:208} INFO - Processing /opt/airflow/dags/Crawl_ETL_ITJob.py took 0.122 seconds
[2026-01-17T09:25:21.312+0000] {processor.py:186} INFO - Started process (PID=173) to work on /opt/airflow/dags/Crawl_ETL_ITJob.py
[2026-01-17T09:25:21.313+0000] {processor.py:914} INFO - Processing file /opt/airflow/dags/Crawl_ETL_ITJob.py for tasks to queue
[2026-01-17T09:25:21.316+0000] {logging_mixin.py:190} INFO - [2026-01-17T09:25:21.315+0000] {dagbag.py:588} INFO - Filling up the DagBag from /opt/airflow/dags/Crawl_ETL_ITJob.py
[2026-01-17T09:25:21.343+0000] {processor.py:925} INFO - DAG(s) 'crawl_etl_itjob' retrieved from /opt/airflow/dags/Crawl_ETL_ITJob.py
[2026-01-17T09:25:21.411+0000] {logging_mixin.py:190} INFO - [2026-01-17T09:25:21.410+0000] {dag.py:3239} INFO - Sync 1 DAGs
[2026-01-17T09:25:21.529+0000] {processor.py:208} INFO - Processing /opt/airflow/dags/Crawl_ETL_ITJob.py took 0.227 seconds
[2026-01-17T09:25:54.389+0000] {processor.py:186} INFO - Started process (PID=177) to work on /opt/airflow/dags/Crawl_ETL_ITJob.py
[2026-01-17T09:25:54.390+0000] {processor.py:914} INFO - Processing file /opt/airflow/dags/Crawl_ETL_ITJob.py for tasks to queue
[2026-01-17T09:25:54.392+0000] {logging_mixin.py:190} INFO - [2026-01-17T09:25:54.391+0000] {dagbag.py:588} INFO - Filling up the DagBag from /opt/airflow/dags/Crawl_ETL_ITJob.py
[2026-01-17T09:25:54.409+0000] {processor.py:925} INFO - DAG(s) 'crawl_etl_itjob' retrieved from /opt/airflow/dags/Crawl_ETL_ITJob.py
[2026-01-17T09:25:54.445+0000] {logging_mixin.py:190} INFO - [2026-01-17T09:25:54.445+0000] {dag.py:3239} INFO - Sync 1 DAGs
[2026-01-17T09:25:54.524+0000] {processor.py:208} INFO - Processing /opt/airflow/dags/Crawl_ETL_ITJob.py took 0.140 seconds
[2026-01-17T09:26:28.311+0000] {processor.py:186} INFO - Started process (PID=181) to work on /opt/airflow/dags/Crawl_ETL_ITJob.py
[2026-01-17T09:26:28.312+0000] {processor.py:914} INFO - Processing file /opt/airflow/dags/Crawl_ETL_ITJob.py for tasks to queue
[2026-01-17T09:26:28.314+0000] {logging_mixin.py:190} INFO - [2026-01-17T09:26:28.313+0000] {dagbag.py:588} INFO - Filling up the DagBag from /opt/airflow/dags/Crawl_ETL_ITJob.py
[2026-01-17T09:26:28.337+0000] {processor.py:925} INFO - DAG(s) 'crawl_etl_itjob' retrieved from /opt/airflow/dags/Crawl_ETL_ITJob.py
[2026-01-17T09:26:28.391+0000] {logging_mixin.py:190} INFO - [2026-01-17T09:26:28.391+0000] {dag.py:3239} INFO - Sync 1 DAGs
[2026-01-17T09:26:28.475+0000] {processor.py:208} INFO - Processing /opt/airflow/dags/Crawl_ETL_ITJob.py took 0.172 seconds
[2026-01-17T09:27:01.304+0000] {processor.py:186} INFO - Started process (PID=185) to work on /opt/airflow/dags/Crawl_ETL_ITJob.py
[2026-01-17T09:27:01.305+0000] {processor.py:914} INFO - Processing file /opt/airflow/dags/Crawl_ETL_ITJob.py for tasks to queue
[2026-01-17T09:27:01.307+0000] {logging_mixin.py:190} INFO - [2026-01-17T09:27:01.306+0000] {dagbag.py:588} INFO - Filling up the DagBag from /opt/airflow/dags/Crawl_ETL_ITJob.py
[2026-01-17T09:27:01.334+0000] {processor.py:925} INFO - DAG(s) 'crawl_etl_itjob' retrieved from /opt/airflow/dags/Crawl_ETL_ITJob.py
[2026-01-17T09:27:01.390+0000] {logging_mixin.py:190} INFO - [2026-01-17T09:27:01.390+0000] {dag.py:3239} INFO - Sync 1 DAGs
[2026-01-17T09:27:01.470+0000] {processor.py:208} INFO - Processing /opt/airflow/dags/Crawl_ETL_ITJob.py took 0.175 seconds
[2026-01-17T09:27:34.268+0000] {processor.py:186} INFO - Started process (PID=189) to work on /opt/airflow/dags/Crawl_ETL_ITJob.py
[2026-01-17T09:27:34.268+0000] {processor.py:914} INFO - Processing file /opt/airflow/dags/Crawl_ETL_ITJob.py for tasks to queue
[2026-01-17T09:27:34.270+0000] {logging_mixin.py:190} INFO - [2026-01-17T09:27:34.270+0000] {dagbag.py:588} INFO - Filling up the DagBag from /opt/airflow/dags/Crawl_ETL_ITJob.py
[2026-01-17T09:27:34.286+0000] {processor.py:925} INFO - DAG(s) 'crawl_etl_itjob' retrieved from /opt/airflow/dags/Crawl_ETL_ITJob.py
[2026-01-17T09:27:34.322+0000] {logging_mixin.py:190} INFO - [2026-01-17T09:27:34.322+0000] {dag.py:3239} INFO - Sync 1 DAGs
[2026-01-17T09:27:34.377+0000] {processor.py:208} INFO - Processing /opt/airflow/dags/Crawl_ETL_ITJob.py took 0.114 seconds
[2026-01-17T09:28:08.285+0000] {processor.py:186} INFO - Started process (PID=193) to work on /opt/airflow/dags/Crawl_ETL_ITJob.py
[2026-01-17T09:28:08.287+0000] {processor.py:914} INFO - Processing file /opt/airflow/dags/Crawl_ETL_ITJob.py for tasks to queue
[2026-01-17T09:28:08.290+0000] {logging_mixin.py:190} INFO - [2026-01-17T09:28:08.290+0000] {dagbag.py:588} INFO - Filling up the DagBag from /opt/airflow/dags/Crawl_ETL_ITJob.py
[2026-01-17T09:28:08.317+0000] {processor.py:925} INFO - DAG(s) 'crawl_etl_itjob' retrieved from /opt/airflow/dags/Crawl_ETL_ITJob.py
[2026-01-17T09:28:08.364+0000] {logging_mixin.py:190} INFO - [2026-01-17T09:28:08.364+0000] {dag.py:3239} INFO - Sync 1 DAGs
[2026-01-17T09:28:08.431+0000] {processor.py:208} INFO - Processing /opt/airflow/dags/Crawl_ETL_ITJob.py took 0.155 seconds
[2026-01-17T09:28:41.138+0000] {processor.py:186} INFO - Started process (PID=197) to work on /opt/airflow/dags/Crawl_ETL_ITJob.py
[2026-01-17T09:28:41.139+0000] {processor.py:914} INFO - Processing file /opt/airflow/dags/Crawl_ETL_ITJob.py for tasks to queue
[2026-01-17T09:28:41.141+0000] {logging_mixin.py:190} INFO - [2026-01-17T09:28:41.141+0000] {dagbag.py:588} INFO - Filling up the DagBag from /opt/airflow/dags/Crawl_ETL_ITJob.py
[2026-01-17T09:28:41.163+0000] {processor.py:925} INFO - DAG(s) 'crawl_etl_itjob' retrieved from /opt/airflow/dags/Crawl_ETL_ITJob.py
[2026-01-17T09:28:41.207+0000] {logging_mixin.py:190} INFO - [2026-01-17T09:28:41.207+0000] {dag.py:3239} INFO - Sync 1 DAGs
[2026-01-17T09:28:41.282+0000] {processor.py:208} INFO - Processing /opt/airflow/dags/Crawl_ETL_ITJob.py took 0.150 seconds
[2026-01-17T09:29:14.058+0000] {processor.py:186} INFO - Started process (PID=201) to work on /opt/airflow/dags/Crawl_ETL_ITJob.py
[2026-01-17T09:29:14.058+0000] {processor.py:914} INFO - Processing file /opt/airflow/dags/Crawl_ETL_ITJob.py for tasks to queue
[2026-01-17T09:29:14.059+0000] {logging_mixin.py:190} INFO - [2026-01-17T09:29:14.059+0000] {dagbag.py:588} INFO - Filling up the DagBag from /opt/airflow/dags/Crawl_ETL_ITJob.py
[2026-01-17T09:29:14.076+0000] {processor.py:925} INFO - DAG(s) 'crawl_etl_itjob' retrieved from /opt/airflow/dags/Crawl_ETL_ITJob.py
[2026-01-17T09:29:14.116+0000] {logging_mixin.py:190} INFO - [2026-01-17T09:29:14.116+0000] {dag.py:3239} INFO - Sync 1 DAGs
[2026-01-17T09:29:14.179+0000] {processor.py:208} INFO - Processing /opt/airflow/dags/Crawl_ETL_ITJob.py took 0.127 seconds
[2026-01-17T09:29:47.880+0000] {processor.py:186} INFO - Started process (PID=205) to work on /opt/airflow/dags/Crawl_ETL_ITJob.py
[2026-01-17T09:29:47.881+0000] {processor.py:914} INFO - Processing file /opt/airflow/dags/Crawl_ETL_ITJob.py for tasks to queue
[2026-01-17T09:29:47.883+0000] {logging_mixin.py:190} INFO - [2026-01-17T09:29:47.883+0000] {dagbag.py:588} INFO - Filling up the DagBag from /opt/airflow/dags/Crawl_ETL_ITJob.py
[2026-01-17T09:29:47.898+0000] {processor.py:925} INFO - DAG(s) 'crawl_etl_itjob' retrieved from /opt/airflow/dags/Crawl_ETL_ITJob.py
[2026-01-17T09:29:47.932+0000] {logging_mixin.py:190} INFO - [2026-01-17T09:29:47.931+0000] {dag.py:3239} INFO - Sync 1 DAGs
[2026-01-17T09:29:47.991+0000] {processor.py:208} INFO - Processing /opt/airflow/dags/Crawl_ETL_ITJob.py took 0.116 seconds
[2026-01-17T09:30:20.925+0000] {processor.py:186} INFO - Started process (PID=209) to work on /opt/airflow/dags/Crawl_ETL_ITJob.py
[2026-01-17T09:30:20.926+0000] {processor.py:914} INFO - Processing file /opt/airflow/dags/Crawl_ETL_ITJob.py for tasks to queue
[2026-01-17T09:30:20.928+0000] {logging_mixin.py:190} INFO - [2026-01-17T09:30:20.928+0000] {dagbag.py:588} INFO - Filling up the DagBag from /opt/airflow/dags/Crawl_ETL_ITJob.py
[2026-01-17T09:30:20.958+0000] {processor.py:925} INFO - DAG(s) 'crawl_etl_itjob' retrieved from /opt/airflow/dags/Crawl_ETL_ITJob.py
[2026-01-17T09:30:21.006+0000] {logging_mixin.py:190} INFO - [2026-01-17T09:30:21.006+0000] {dag.py:3239} INFO - Sync 1 DAGs
[2026-01-17T09:30:21.081+0000] {processor.py:208} INFO - Processing /opt/airflow/dags/Crawl_ETL_ITJob.py took 0.166 seconds
[2026-01-17T09:30:54.279+0000] {processor.py:186} INFO - Started process (PID=213) to work on /opt/airflow/dags/Crawl_ETL_ITJob.py
[2026-01-17T09:30:54.280+0000] {processor.py:914} INFO - Processing file /opt/airflow/dags/Crawl_ETL_ITJob.py for tasks to queue
[2026-01-17T09:30:54.286+0000] {logging_mixin.py:190} INFO - [2026-01-17T09:30:54.286+0000] {dagbag.py:588} INFO - Filling up the DagBag from /opt/airflow/dags/Crawl_ETL_ITJob.py
[2026-01-17T09:30:54.318+0000] {processor.py:925} INFO - DAG(s) 'crawl_etl_itjob' retrieved from /opt/airflow/dags/Crawl_ETL_ITJob.py
[2026-01-17T09:30:54.367+0000] {logging_mixin.py:190} INFO - [2026-01-17T09:30:54.367+0000] {dag.py:3239} INFO - Sync 1 DAGs
[2026-01-17T09:30:54.460+0000] {processor.py:208} INFO - Processing /opt/airflow/dags/Crawl_ETL_ITJob.py took 0.193 seconds
[2026-01-17T09:31:27.622+0000] {processor.py:186} INFO - Started process (PID=217) to work on /opt/airflow/dags/Crawl_ETL_ITJob.py
[2026-01-17T09:31:27.623+0000] {processor.py:914} INFO - Processing file /opt/airflow/dags/Crawl_ETL_ITJob.py for tasks to queue
[2026-01-17T09:31:27.630+0000] {logging_mixin.py:190} INFO - [2026-01-17T09:31:27.629+0000] {dagbag.py:588} INFO - Filling up the DagBag from /opt/airflow/dags/Crawl_ETL_ITJob.py
[2026-01-17T09:31:27.654+0000] {processor.py:925} INFO - DAG(s) 'crawl_etl_itjob' retrieved from /opt/airflow/dags/Crawl_ETL_ITJob.py
[2026-01-17T09:31:27.709+0000] {logging_mixin.py:190} INFO - [2026-01-17T09:31:27.709+0000] {dag.py:3239} INFO - Sync 1 DAGs
[2026-01-17T09:31:27.799+0000] {processor.py:208} INFO - Processing /opt/airflow/dags/Crawl_ETL_ITJob.py took 0.186 seconds
[2026-01-17T09:32:00.808+0000] {processor.py:186} INFO - Started process (PID=221) to work on /opt/airflow/dags/Crawl_ETL_ITJob.py
[2026-01-17T09:32:00.808+0000] {processor.py:914} INFO - Processing file /opt/airflow/dags/Crawl_ETL_ITJob.py for tasks to queue
[2026-01-17T09:32:00.809+0000] {logging_mixin.py:190} INFO - [2026-01-17T09:32:00.809+0000] {dagbag.py:588} INFO - Filling up the DagBag from /opt/airflow/dags/Crawl_ETL_ITJob.py
[2026-01-17T09:32:00.827+0000] {processor.py:925} INFO - DAG(s) 'crawl_etl_itjob' retrieved from /opt/airflow/dags/Crawl_ETL_ITJob.py
[2026-01-17T09:32:00.869+0000] {logging_mixin.py:190} INFO - [2026-01-17T09:32:00.869+0000] {dag.py:3239} INFO - Sync 1 DAGs
[2026-01-17T09:32:00.903+0000] {logging_mixin.py:190} INFO - [2026-01-17T09:32:00.903+0000] {dag.py:4180} INFO - Setting next_dagrun for crawl_etl_itjob to 2026-01-17T02:00:00+00:00, run_after=2026-01-18T02:00:00+00:00
[2026-01-17T09:32:00.932+0000] {processor.py:208} INFO - Processing /opt/airflow/dags/Crawl_ETL_ITJob.py took 0.129 seconds
[2026-01-17T09:32:34.668+0000] {processor.py:186} INFO - Started process (PID=225) to work on /opt/airflow/dags/Crawl_ETL_ITJob.py
[2026-01-17T09:32:34.669+0000] {processor.py:914} INFO - Processing file /opt/airflow/dags/Crawl_ETL_ITJob.py for tasks to queue
[2026-01-17T09:32:34.670+0000] {logging_mixin.py:190} INFO - [2026-01-17T09:32:34.670+0000] {dagbag.py:588} INFO - Filling up the DagBag from /opt/airflow/dags/Crawl_ETL_ITJob.py
[2026-01-17T09:32:34.687+0000] {processor.py:925} INFO - DAG(s) 'crawl_etl_itjob' retrieved from /opt/airflow/dags/Crawl_ETL_ITJob.py
[2026-01-17T09:32:34.727+0000] {logging_mixin.py:190} INFO - [2026-01-17T09:32:34.727+0000] {dag.py:3239} INFO - Sync 1 DAGs
[2026-01-17T09:32:34.773+0000] {logging_mixin.py:190} INFO - [2026-01-17T09:32:34.772+0000] {dag.py:4180} INFO - Setting next_dagrun for crawl_etl_itjob to 2026-01-17T02:00:00+00:00, run_after=2026-01-18T02:00:00+00:00
[2026-01-17T09:32:34.807+0000] {processor.py:208} INFO - Processing /opt/airflow/dags/Crawl_ETL_ITJob.py took 0.147 seconds
