[2026-02-22T08:02:32.017+0000] {local_task_job_runner.py:123} INFO - ::group::Pre task execution logs
[2026-02-22T08:02:32.058+0000] {taskinstance.py:2614} INFO - Dependencies all met for dep_context=non-requeueable deps ti=<TaskInstance: crawl_etl_itjob.load_bronze scheduled__2026-02-21T02:00:00+00:00 [queued]>
[2026-02-22T08:02:32.070+0000] {taskinstance.py:2614} INFO - Dependencies all met for dep_context=requeueable deps ti=<TaskInstance: crawl_etl_itjob.load_bronze scheduled__2026-02-21T02:00:00+00:00 [queued]>
[2026-02-22T08:02:32.070+0000] {taskinstance.py:2867} INFO - Starting attempt 1 of 2
[2026-02-22T08:02:32.085+0000] {taskinstance.py:2890} INFO - Executing <Task(BashOperator): load_bronze> on 2026-02-21 02:00:00+00:00
[2026-02-22T08:02:32.091+0000] {standard_task_runner.py:72} INFO - Started process 88 to run task
[2026-02-22T08:02:32.096+0000] {standard_task_runner.py:104} INFO - Running: ['***', 'tasks', 'run', 'crawl_etl_itjob', 'load_bronze', 'scheduled__2026-02-21T02:00:00+00:00', '--job-id', '557', '--raw', '--subdir', 'DAGS_FOLDER/Crawl_ETL_ITJob.py', '--cfg-path', '/tmp/tmpqn83u58x']
[2026-02-22T08:02:32.098+0000] {standard_task_runner.py:105} INFO - Job 557: Subtask load_bronze
[2026-02-22T08:02:32.127+0000] {warnings.py:109} WARNING - /home/***/.local/lib/python3.8/site-packages/***/settings.py:209: DeprecationWarning: The sql_alchemy_conn option in [core] has been moved to the sql_alchemy_conn option in [database] - the old setting has been used, but please update your config.
  SQL_ALCHEMY_CONN = conf.get("database", "SQL_ALCHEMY_CONN")

[2026-02-22T08:02:32.217+0000] {task_command.py:467} INFO - Running <TaskInstance: crawl_etl_itjob.load_bronze scheduled__2026-02-21T02:00:00+00:00 [running]> on host 19d569223134
[2026-02-22T08:02:32.219+0000] {warnings.py:109} WARNING - /home/***/.local/lib/python3.8/site-packages/***/settings.py:470: DeprecationWarning: The sql_alchemy_conn option in [core] has been moved to the sql_alchemy_conn option in [database] - the old setting has been used, but please update your config.
  if conf.get("database", "sql_alchemy_conn") == "none://":

[2026-02-22T08:02:32.373+0000] {taskinstance.py:3134} INFO - Exporting env vars: AIRFLOW_CTX_DAG_EMAIL='hoa856856@gmail.com' AIRFLOW_CTX_DAG_OWNER='***' AIRFLOW_CTX_DAG_ID='crawl_etl_itjob' AIRFLOW_CTX_TASK_ID='load_bronze' AIRFLOW_CTX_EXECUTION_DATE='2026-02-21T02:00:00+00:00' AIRFLOW_CTX_TRY_NUMBER='1' AIRFLOW_CTX_DAG_RUN_ID='scheduled__2026-02-21T02:00:00+00:00'
[2026-02-22T08:02:32.375+0000] {taskinstance.py:732} INFO - ::endgroup::
[2026-02-22T08:02:32.387+0000] {subprocess.py:78} INFO - Tmp dir root location: /tmp
[2026-02-22T08:02:32.388+0000] {subprocess.py:88} INFO - Running command: ['/bin/bash', '-c', "\n        docker exec spark-submit bash -c '\n        /opt/spark/bin/spark-submit         --master spark://spark-master:7077         --deploy-mode client         --packages org.apache.iceberg:iceberg-spark-runtime-3.5_2.12:1.5.0,org.apache.hadoop:hadoop-aws:3.3.4,com.amazonaws:aws-java-sdk-bundle:1.12.262         /opt/spark/scripts/Load_Bronze.py\n        '\n        "]
[2026-02-22T08:02:32.398+0000] {subprocess.py:99} INFO - Output:
[2026-02-22T08:02:34.589+0000] {subprocess.py:106} INFO - :: loading settings :: url = jar:file:/opt/spark/jars/ivy-2.5.1.jar!/org/apache/ivy/core/settings/ivysettings.xml
[2026-02-22T08:02:34.708+0000] {subprocess.py:106} INFO - Ivy Default Cache set to: /home/spark/.ivy2/cache
[2026-02-22T08:02:34.708+0000] {subprocess.py:106} INFO - The jars for the packages stored in: /home/spark/.ivy2/jars
[2026-02-22T08:02:34.714+0000] {subprocess.py:106} INFO - org.apache.iceberg#iceberg-spark-runtime-3.5_2.12 added as a dependency
[2026-02-22T08:02:34.715+0000] {subprocess.py:106} INFO - org.apache.hadoop#hadoop-aws added as a dependency
[2026-02-22T08:02:34.716+0000] {subprocess.py:106} INFO - com.amazonaws#aws-java-sdk-bundle added as a dependency
[2026-02-22T08:02:34.716+0000] {subprocess.py:106} INFO - :: resolving dependencies :: org.apache.spark#spark-submit-parent-db4072be-5e3a-4787-91ba-c2baacc88901;1.0
[2026-02-22T08:02:34.716+0000] {subprocess.py:106} INFO - 	confs: [default]
[2026-02-22T08:02:34.827+0000] {subprocess.py:106} INFO - 	found org.apache.iceberg#iceberg-spark-runtime-3.5_2.12;1.5.0 in central
[2026-02-22T08:02:34.897+0000] {subprocess.py:106} INFO - 	found org.apache.hadoop#hadoop-aws;3.3.4 in central
[2026-02-22T08:02:34.920+0000] {subprocess.py:106} INFO - 	found com.amazonaws#aws-java-sdk-bundle;1.12.262 in central
[2026-02-22T08:02:34.949+0000] {subprocess.py:106} INFO - 	found org.wildfly.openssl#wildfly-openssl;1.0.7.Final in central
[2026-02-22T08:02:34.982+0000] {subprocess.py:106} INFO - :: resolution report :: resolve 251ms :: artifacts dl 14ms
[2026-02-22T08:02:34.983+0000] {subprocess.py:106} INFO - 	:: modules in use:
[2026-02-22T08:02:34.986+0000] {subprocess.py:106} INFO - 	com.amazonaws#aws-java-sdk-bundle;1.12.262 from central in [default]
[2026-02-22T08:02:34.986+0000] {subprocess.py:106} INFO - 	org.apache.hadoop#hadoop-aws;3.3.4 from central in [default]
[2026-02-22T08:02:34.987+0000] {subprocess.py:106} INFO - 	org.apache.iceberg#iceberg-spark-runtime-3.5_2.12;1.5.0 from central in [default]
[2026-02-22T08:02:34.988+0000] {subprocess.py:106} INFO - 	org.wildfly.openssl#wildfly-openssl;1.0.7.Final from central in [default]
[2026-02-22T08:02:34.988+0000] {subprocess.py:106} INFO - 	---------------------------------------------------------------------
[2026-02-22T08:02:34.989+0000] {subprocess.py:106} INFO - 	|                  |            modules            ||   artifacts   |
[2026-02-22T08:02:34.989+0000] {subprocess.py:106} INFO - 	|       conf       | number| search|dwnlded|evicted|| number|dwnlded|
[2026-02-22T08:02:34.990+0000] {subprocess.py:106} INFO - 	---------------------------------------------------------------------
[2026-02-22T08:02:34.991+0000] {subprocess.py:106} INFO - 	|      default     |   4   |   0   |   0   |   0   ||   4   |   0   |
[2026-02-22T08:02:34.991+0000] {subprocess.py:106} INFO - 	---------------------------------------------------------------------
[2026-02-22T08:02:34.992+0000] {subprocess.py:106} INFO - :: retrieving :: org.apache.spark#spark-submit-parent-db4072be-5e3a-4787-91ba-c2baacc88901
[2026-02-22T08:02:34.993+0000] {subprocess.py:106} INFO - 	confs: [default]
[2026-02-22T08:02:35.003+0000] {subprocess.py:106} INFO - 	0 artifacts copied, 4 already retrieved (0kB/12ms)
[2026-02-22T08:02:35.255+0000] {subprocess.py:106} INFO - 26/02/22 08:02:35 WARN NativeCodeLoader: Unable to load native-hadoop library for your platform... using builtin-java classes where applicable
[2026-02-22T08:02:36.488+0000] {subprocess.py:106} INFO - 26/02/22 08:02:36 INFO SparkContext: Running Spark version 3.5.3
[2026-02-22T08:02:36.489+0000] {subprocess.py:106} INFO - 26/02/22 08:02:36 INFO SparkContext: OS info Linux, 6.6.87.2-microsoft-standard-WSL2, amd64
[2026-02-22T08:02:36.490+0000] {subprocess.py:106} INFO - 26/02/22 08:02:36 INFO SparkContext: Java version 11.0.24
[2026-02-22T08:02:36.515+0000] {subprocess.py:106} INFO - 26/02/22 08:02:36 INFO ResourceUtils: ==============================================================
[2026-02-22T08:02:36.516+0000] {subprocess.py:106} INFO - 26/02/22 08:02:36 INFO ResourceUtils: No custom resources configured for spark.driver.
[2026-02-22T08:02:36.517+0000] {subprocess.py:106} INFO - 26/02/22 08:02:36 INFO ResourceUtils: ==============================================================
[2026-02-22T08:02:36.518+0000] {subprocess.py:106} INFO - 26/02/22 08:02:36 INFO SparkContext: Submitted application: Load_Bronze_MinIO_Iceberg
[2026-02-22T08:02:36.542+0000] {subprocess.py:106} INFO - 26/02/22 08:02:36 INFO ResourceProfile: Default ResourceProfile created, executor resources: Map(memory -> name: memory, amount: 1024, script: , vendor: , offHeap -> name: offHeap, amount: 0, script: , vendor: ), task resources: Map(cpus -> name: cpus, amount: 1.0)
[2026-02-22T08:02:36.554+0000] {subprocess.py:106} INFO - 26/02/22 08:02:36 INFO ResourceProfile: Limiting resource is cpu
[2026-02-22T08:02:36.555+0000] {subprocess.py:106} INFO - 26/02/22 08:02:36 INFO ResourceProfileManager: Added ResourceProfile id: 0
[2026-02-22T08:02:36.615+0000] {subprocess.py:106} INFO - 26/02/22 08:02:36 INFO SecurityManager: Changing view acls to: spark
[2026-02-22T08:02:36.616+0000] {subprocess.py:106} INFO - 26/02/22 08:02:36 INFO SecurityManager: Changing modify acls to: spark
[2026-02-22T08:02:36.617+0000] {subprocess.py:106} INFO - 26/02/22 08:02:36 INFO SecurityManager: Changing view acls groups to:
[2026-02-22T08:02:36.618+0000] {subprocess.py:106} INFO - 26/02/22 08:02:36 INFO SecurityManager: Changing modify acls groups to:
[2026-02-22T08:02:36.618+0000] {subprocess.py:106} INFO - 26/02/22 08:02:36 INFO SecurityManager: SecurityManager: authentication disabled; ui acls disabled; users with view permissions: spark; groups with view permissions: EMPTY; users with modify permissions: spark; groups with modify permissions: EMPTY
[2026-02-22T08:02:36.873+0000] {subprocess.py:106} INFO - 26/02/22 08:02:36 INFO Utils: Successfully started service 'sparkDriver' on port 40267.
[2026-02-22T08:02:36.907+0000] {subprocess.py:106} INFO - 26/02/22 08:02:36 INFO SparkEnv: Registering MapOutputTracker
[2026-02-22T08:02:36.942+0000] {subprocess.py:106} INFO - 26/02/22 08:02:36 INFO SparkEnv: Registering BlockManagerMaster
[2026-02-22T08:02:36.959+0000] {subprocess.py:106} INFO - 26/02/22 08:02:36 INFO BlockManagerMasterEndpoint: Using org.apache.spark.storage.DefaultTopologyMapper for getting topology information
[2026-02-22T08:02:36.960+0000] {subprocess.py:106} INFO - 26/02/22 08:02:36 INFO BlockManagerMasterEndpoint: BlockManagerMasterEndpoint up
[2026-02-22T08:02:36.964+0000] {subprocess.py:106} INFO - 26/02/22 08:02:36 INFO SparkEnv: Registering BlockManagerMasterHeartbeat
[2026-02-22T08:02:36.988+0000] {subprocess.py:106} INFO - 26/02/22 08:02:36 INFO DiskBlockManager: Created local directory at /tmp/blockmgr-fbc89777-2267-4431-9c4e-94b06dcc9cf5
[2026-02-22T08:02:37.003+0000] {subprocess.py:106} INFO - 26/02/22 08:02:37 INFO MemoryStore: MemoryStore started with capacity 434.4 MiB
[2026-02-22T08:02:37.020+0000] {subprocess.py:106} INFO - 26/02/22 08:02:37 INFO SparkEnv: Registering OutputCommitCoordinator
[2026-02-22T08:02:37.174+0000] {subprocess.py:106} INFO - 26/02/22 08:02:37 INFO JettyUtils: Start Jetty 0.0.0.0:4040 for SparkUI
[2026-02-22T08:02:37.242+0000] {subprocess.py:106} INFO - 26/02/22 08:02:37 INFO Utils: Successfully started service 'SparkUI' on port 4040.
[2026-02-22T08:02:37.291+0000] {subprocess.py:106} INFO - 26/02/22 08:02:37 INFO SparkContext: Added JAR file:///home/spark/.ivy2/jars/org.apache.iceberg_iceberg-spark-runtime-3.5_2.12-1.5.0.jar at spark://499f1d118d82:40267/jars/org.apache.iceberg_iceberg-spark-runtime-3.5_2.12-1.5.0.jar with timestamp 1771747356481
[2026-02-22T08:02:37.292+0000] {subprocess.py:106} INFO - 26/02/22 08:02:37 INFO SparkContext: Added JAR file:///home/spark/.ivy2/jars/org.apache.hadoop_hadoop-aws-3.3.4.jar at spark://499f1d118d82:40267/jars/org.apache.hadoop_hadoop-aws-3.3.4.jar with timestamp 1771747356481
[2026-02-22T08:02:37.293+0000] {subprocess.py:106} INFO - 26/02/22 08:02:37 INFO SparkContext: Added JAR file:///home/spark/.ivy2/jars/com.amazonaws_aws-java-sdk-bundle-1.12.262.jar at spark://499f1d118d82:40267/jars/com.amazonaws_aws-java-sdk-bundle-1.12.262.jar with timestamp 1771747356481
[2026-02-22T08:02:37.293+0000] {subprocess.py:106} INFO - 26/02/22 08:02:37 INFO SparkContext: Added JAR file:///home/spark/.ivy2/jars/org.wildfly.openssl_wildfly-openssl-1.0.7.Final.jar at spark://499f1d118d82:40267/jars/org.wildfly.openssl_wildfly-openssl-1.0.7.Final.jar with timestamp 1771747356481
[2026-02-22T08:02:37.296+0000] {subprocess.py:106} INFO - 26/02/22 08:02:37 INFO SparkContext: Added file file:///home/spark/.ivy2/jars/org.apache.iceberg_iceberg-spark-runtime-3.5_2.12-1.5.0.jar at spark://499f1d118d82:40267/files/org.apache.iceberg_iceberg-spark-runtime-3.5_2.12-1.5.0.jar with timestamp 1771747356481
[2026-02-22T08:02:37.298+0000] {subprocess.py:106} INFO - 26/02/22 08:02:37 INFO Utils: Copying /home/spark/.ivy2/jars/org.apache.iceberg_iceberg-spark-runtime-3.5_2.12-1.5.0.jar to /tmp/spark-2c112c33-9681-4fe9-892c-c63b82b91d63/userFiles-ca435f6f-c1a7-4209-877f-ffaa2175c7eb/org.apache.iceberg_iceberg-spark-runtime-3.5_2.12-1.5.0.jar
[2026-02-22T08:02:37.367+0000] {subprocess.py:106} INFO - 26/02/22 08:02:37 INFO SparkContext: Added file file:///home/spark/.ivy2/jars/org.apache.hadoop_hadoop-aws-3.3.4.jar at spark://499f1d118d82:40267/files/org.apache.hadoop_hadoop-aws-3.3.4.jar with timestamp 1771747356481
[2026-02-22T08:02:37.368+0000] {subprocess.py:106} INFO - 26/02/22 08:02:37 INFO Utils: Copying /home/spark/.ivy2/jars/org.apache.hadoop_hadoop-aws-3.3.4.jar to /tmp/spark-2c112c33-9681-4fe9-892c-c63b82b91d63/userFiles-ca435f6f-c1a7-4209-877f-ffaa2175c7eb/org.apache.hadoop_hadoop-aws-3.3.4.jar
[2026-02-22T08:02:37.374+0000] {subprocess.py:106} INFO - 26/02/22 08:02:37 INFO SparkContext: Added file file:///home/spark/.ivy2/jars/com.amazonaws_aws-java-sdk-bundle-1.12.262.jar at spark://499f1d118d82:40267/files/com.amazonaws_aws-java-sdk-bundle-1.12.262.jar with timestamp 1771747356481
[2026-02-22T08:02:37.375+0000] {subprocess.py:106} INFO - 26/02/22 08:02:37 INFO Utils: Copying /home/spark/.ivy2/jars/com.amazonaws_aws-java-sdk-bundle-1.12.262.jar to /tmp/spark-2c112c33-9681-4fe9-892c-c63b82b91d63/userFiles-ca435f6f-c1a7-4209-877f-ffaa2175c7eb/com.amazonaws_aws-java-sdk-bundle-1.12.262.jar
[2026-02-22T08:02:38.106+0000] {subprocess.py:106} INFO - 26/02/22 08:02:38 INFO SparkContext: Added file file:///home/spark/.ivy2/jars/org.wildfly.openssl_wildfly-openssl-1.0.7.Final.jar at spark://499f1d118d82:40267/files/org.wildfly.openssl_wildfly-openssl-1.0.7.Final.jar with timestamp 1771747356481
[2026-02-22T08:02:38.107+0000] {subprocess.py:106} INFO - 26/02/22 08:02:38 INFO Utils: Copying /home/spark/.ivy2/jars/org.wildfly.openssl_wildfly-openssl-1.0.7.Final.jar to /tmp/spark-2c112c33-9681-4fe9-892c-c63b82b91d63/userFiles-ca435f6f-c1a7-4209-877f-ffaa2175c7eb/org.wildfly.openssl_wildfly-openssl-1.0.7.Final.jar
[2026-02-22T08:02:38.402+0000] {subprocess.py:106} INFO - 26/02/22 08:02:38 INFO StandaloneAppClient$ClientEndpoint: Connecting to master spark://spark-master:7077...
[2026-02-22T08:02:38.509+0000] {subprocess.py:106} INFO - 26/02/22 08:02:38 INFO TransportClientFactory: Successfully created connection to spark-master/172.30.0.5:7077 after 73 ms (0 ms spent in bootstraps)
[2026-02-22T08:02:38.746+0000] {subprocess.py:106} INFO - 26/02/22 08:02:38 INFO StandaloneSchedulerBackend: Connected to Spark cluster with app ID app-20260222080238-0001
[2026-02-22T08:02:38.751+0000] {subprocess.py:106} INFO - 26/02/22 08:02:38 INFO StandaloneAppClient$ClientEndpoint: Executor added: app-20260222080238-0001/0 on worker-20260222074754-172.30.0.7-45827 (172.30.0.7:45827) with 1 core(s)
[2026-02-22T08:02:38.755+0000] {subprocess.py:106} INFO - 26/02/22 08:02:38 INFO StandaloneSchedulerBackend: Granted executor ID app-20260222080238-0001/0 on hostPort 172.30.0.7:45827 with 1 core(s), 1024.0 MiB RAM
[2026-02-22T08:02:38.770+0000] {subprocess.py:106} INFO - 26/02/22 08:02:38 INFO Utils: Successfully started service 'org.apache.spark.network.netty.NettyBlockTransferService' on port 39567.
[2026-02-22T08:02:38.771+0000] {subprocess.py:106} INFO - 26/02/22 08:02:38 INFO NettyBlockTransferService: Server created on 499f1d118d82:39567
[2026-02-22T08:02:38.780+0000] {subprocess.py:106} INFO - 26/02/22 08:02:38 INFO BlockManager: Using org.apache.spark.storage.RandomBlockReplicationPolicy for block replication policy
[2026-02-22T08:02:38.805+0000] {subprocess.py:106} INFO - 26/02/22 08:02:38 INFO BlockManagerMaster: Registering BlockManager BlockManagerId(driver, 499f1d118d82, 39567, None)
[2026-02-22T08:02:38.813+0000] {subprocess.py:106} INFO - 26/02/22 08:02:38 INFO BlockManagerMasterEndpoint: Registering block manager 499f1d118d82:39567 with 434.4 MiB RAM, BlockManagerId(driver, 499f1d118d82, 39567, None)
[2026-02-22T08:02:38.822+0000] {subprocess.py:106} INFO - 26/02/22 08:02:38 INFO BlockManagerMaster: Registered BlockManager BlockManagerId(driver, 499f1d118d82, 39567, None)
[2026-02-22T08:02:38.826+0000] {subprocess.py:106} INFO - 26/02/22 08:02:38 INFO BlockManager: Initialized BlockManager: BlockManagerId(driver, 499f1d118d82, 39567, None)
[2026-02-22T08:02:38.898+0000] {subprocess.py:106} INFO - 26/02/22 08:02:38 INFO StandaloneAppClient$ClientEndpoint: Executor updated: app-20260222080238-0001/0 is now RUNNING
[2026-02-22T08:02:39.256+0000] {subprocess.py:106} INFO - 26/02/22 08:02:39 INFO StandaloneSchedulerBackend: SchedulerBackend is ready for scheduling beginning after reached minRegisteredResourcesRatio: 0.0
[2026-02-22T08:02:40.640+0000] {subprocess.py:106} INFO - Reading data from: s3a://warehouse/raw/itviec_jobs_full.csv
[2026-02-22T08:02:40.658+0000] {subprocess.py:106} INFO - 26/02/22 08:02:40 INFO SharedState: Setting hive.metastore.warehouse.dir ('null') to the value of spark.sql.warehouse.dir.
[2026-02-22T08:02:40.661+0000] {subprocess.py:106} INFO - 26/02/22 08:02:40 INFO SharedState: Warehouse path is 'file:/opt/spark/work-dir/spark-warehouse'.
[2026-02-22T08:02:43.677+0000] {subprocess.py:106} INFO - 26/02/22 08:02:43 WARN MetricsConfig: Cannot locate configuration: tried hadoop-metrics2-s3a-file-system.properties,hadoop-metrics2.properties
[2026-02-22T08:02:43.701+0000] {subprocess.py:106} INFO - 26/02/22 08:02:43 INFO MetricsSystemImpl: Scheduled Metric snapshot period at 10 second(s).
[2026-02-22T08:02:43.702+0000] {subprocess.py:106} INFO - 26/02/22 08:02:43 INFO MetricsSystemImpl: s3a-file-system metrics system started
[2026-02-22T08:02:44.957+0000] {subprocess.py:106} INFO - 26/02/22 08:02:44 INFO StandaloneSchedulerBackend$StandaloneDriverEndpoint: Registered executor NettyRpcEndpointRef(spark-client://Executor) (172.30.0.7:58658) with ID 0,  ResourceProfileId 0
[2026-02-22T08:02:45.082+0000] {subprocess.py:106} INFO - 26/02/22 08:02:45 INFO BlockManagerMasterEndpoint: Registering block manager 172.30.0.7:32775 with 434.4 MiB RAM, BlockManagerId(0, 172.30.0.7, 32775, None)
[2026-02-22T08:02:45.587+0000] {subprocess.py:106} INFO - 26/02/22 08:02:45 INFO InMemoryFileIndex: It took 146 ms to list leaf files for 1 paths.
[2026-02-22T08:02:45.936+0000] {subprocess.py:106} INFO - 26/02/22 08:02:45 INFO MemoryStore: Block broadcast_0 stored as values in memory (estimated size 206.5 KiB, free 434.2 MiB)
[2026-02-22T08:02:46.079+0000] {subprocess.py:106} INFO - 26/02/22 08:02:46 INFO MemoryStore: Block broadcast_0_piece0 stored as bytes in memory (estimated size 36.1 KiB, free 434.2 MiB)
[2026-02-22T08:02:46.085+0000] {subprocess.py:106} INFO - 26/02/22 08:02:46 INFO BlockManagerInfo: Added broadcast_0_piece0 in memory on 499f1d118d82:39567 (size: 36.1 KiB, free: 434.4 MiB)
[2026-02-22T08:02:46.090+0000] {subprocess.py:106} INFO - 26/02/22 08:02:46 INFO SparkContext: Created broadcast 0 from csv at <unknown>:0
[2026-02-22T08:02:46.833+0000] {subprocess.py:106} INFO - 26/02/22 08:02:46 INFO FileInputFormat: Total input files to process : 1
[2026-02-22T08:02:46.845+0000] {subprocess.py:106} INFO - 26/02/22 08:02:46 INFO FileInputFormat: Total input files to process : 1
[2026-02-22T08:02:46.911+0000] {subprocess.py:106} INFO - 26/02/22 08:02:46 INFO SparkContext: Starting job: csv at <unknown>:0
[2026-02-22T08:02:46.931+0000] {subprocess.py:106} INFO - 26/02/22 08:02:46 INFO DAGScheduler: Got job 0 (csv at <unknown>:0) with 1 output partitions
[2026-02-22T08:02:46.932+0000] {subprocess.py:106} INFO - 26/02/22 08:02:46 INFO DAGScheduler: Final stage: ResultStage 0 (csv at <unknown>:0)
[2026-02-22T08:02:46.933+0000] {subprocess.py:106} INFO - 26/02/22 08:02:46 INFO DAGScheduler: Parents of final stage: List()
[2026-02-22T08:02:46.935+0000] {subprocess.py:106} INFO - 26/02/22 08:02:46 INFO DAGScheduler: Missing parents: List()
[2026-02-22T08:02:46.942+0000] {subprocess.py:106} INFO - 26/02/22 08:02:46 INFO DAGScheduler: Submitting ResultStage 0 (MapPartitionsRDD[2] at csv at <unknown>:0), which has no missing parents
[2026-02-22T08:02:46.971+0000] {subprocess.py:106} INFO - 26/02/22 08:02:46 INFO MemoryStore: Block broadcast_1 stored as values in memory (estimated size 7.6 KiB, free 434.2 MiB)
[2026-02-22T08:02:46.994+0000] {subprocess.py:106} INFO - 26/02/22 08:02:46 INFO MemoryStore: Block broadcast_1_piece0 stored as bytes in memory (estimated size 4.4 KiB, free 434.2 MiB)
[2026-02-22T08:02:47.001+0000] {subprocess.py:106} INFO - 26/02/22 08:02:46 INFO BlockManagerInfo: Added broadcast_1_piece0 in memory on 499f1d118d82:39567 (size: 4.4 KiB, free: 434.4 MiB)
[2026-02-22T08:02:47.002+0000] {subprocess.py:106} INFO - 26/02/22 08:02:46 INFO SparkContext: Created broadcast 1 from broadcast at DAGScheduler.scala:1585
[2026-02-22T08:02:47.034+0000] {subprocess.py:106} INFO - 26/02/22 08:02:47 INFO DAGScheduler: Submitting 1 missing tasks from ResultStage 0 (MapPartitionsRDD[2] at csv at <unknown>:0) (first 15 tasks are for partitions Vector(0))
[2026-02-22T08:02:47.035+0000] {subprocess.py:106} INFO - 26/02/22 08:02:47 INFO TaskSchedulerImpl: Adding task set 0.0 with 1 tasks resource profile 0
[2026-02-22T08:03:03.518+0000] {subprocess.py:106} INFO - 26/02/22 08:03:03 INFO TaskSetManager: Starting task 0.0 in stage 0.0 (TID 0) (172.30.0.7, executor 0, partition 0, PROCESS_LOCAL, 10108 bytes)
[2026-02-22T08:03:03.859+0000] {subprocess.py:106} INFO - 26/02/22 08:03:03 INFO BlockManagerInfo: Added broadcast_1_piece0 in memory on 172.30.0.7:32775 (size: 4.4 KiB, free: 434.4 MiB)
[2026-02-22T08:03:04.282+0000] {subprocess.py:106} INFO - 26/02/22 08:03:04 INFO BlockManagerInfo: Added broadcast_0_piece0 in memory on 172.30.0.7:32775 (size: 36.1 KiB, free: 434.4 MiB)
[2026-02-22T08:03:06.097+0000] {subprocess.py:106} INFO - 26/02/22 08:03:06 INFO TaskSetManager: Finished task 0.0 in stage 0.0 (TID 0) in 4658 ms on 172.30.0.7 (executor 0) (1/1)
[2026-02-22T08:03:06.100+0000] {subprocess.py:106} INFO - 26/02/22 08:03:06 INFO TaskSchedulerImpl: Removed TaskSet 0.0, whose tasks have all completed, from pool
[2026-02-22T08:03:06.106+0000] {subprocess.py:106} INFO - 26/02/22 08:03:06 INFO DAGScheduler: ResultStage 0 (csv at <unknown>:0) finished in 19.142 s
[2026-02-22T08:03:06.111+0000] {subprocess.py:106} INFO - 26/02/22 08:03:06 INFO DAGScheduler: Job 0 is finished. Cancelling potential speculative or zombie tasks for this job
[2026-02-22T08:03:06.112+0000] {subprocess.py:106} INFO - 26/02/22 08:03:06 INFO TaskSchedulerImpl: Killing all running tasks in stage 0: Stage finished
[2026-02-22T08:03:06.114+0000] {subprocess.py:106} INFO - 26/02/22 08:03:06 INFO DAGScheduler: Job 0 finished: csv at <unknown>:0, took 19.203211 s
[2026-02-22T08:03:06.171+0000] {subprocess.py:106} INFO - 26/02/22 08:03:06 INFO SparkContext: Starting job: csv at <unknown>:0
[2026-02-22T08:03:06.172+0000] {subprocess.py:106} INFO - 26/02/22 08:03:06 INFO DAGScheduler: Got job 1 (csv at <unknown>:0) with 1 output partitions
[2026-02-22T08:03:06.173+0000] {subprocess.py:106} INFO - 26/02/22 08:03:06 INFO DAGScheduler: Final stage: ResultStage 1 (csv at <unknown>:0)
[2026-02-22T08:03:06.174+0000] {subprocess.py:106} INFO - 26/02/22 08:03:06 INFO DAGScheduler: Parents of final stage: List()
[2026-02-22T08:03:06.174+0000] {subprocess.py:106} INFO - 26/02/22 08:03:06 INFO DAGScheduler: Missing parents: List()
[2026-02-22T08:03:06.175+0000] {subprocess.py:106} INFO - 26/02/22 08:03:06 INFO DAGScheduler: Submitting ResultStage 1 (MapPartitionsRDD[3] at csv at <unknown>:0), which has no missing parents
[2026-02-22T08:03:06.181+0000] {subprocess.py:106} INFO - 26/02/22 08:03:06 INFO MemoryStore: Block broadcast_2 stored as values in memory (estimated size 10.1 KiB, free 434.1 MiB)
[2026-02-22T08:03:06.194+0000] {subprocess.py:106} INFO - 26/02/22 08:03:06 INFO MemoryStore: Block broadcast_2_piece0 stored as bytes in memory (estimated size 5.4 KiB, free 434.1 MiB)
[2026-02-22T08:03:06.202+0000] {subprocess.py:106} INFO - 26/02/22 08:03:06 INFO BlockManagerInfo: Added broadcast_2_piece0 in memory on 499f1d118d82:39567 (size: 5.4 KiB, free: 434.4 MiB)
[2026-02-22T08:03:06.205+0000] {subprocess.py:106} INFO - 26/02/22 08:03:06 INFO SparkContext: Created broadcast 2 from broadcast at DAGScheduler.scala:1585
[2026-02-22T08:03:06.206+0000] {subprocess.py:106} INFO - 26/02/22 08:03:06 INFO DAGScheduler: Submitting 1 missing tasks from ResultStage 1 (MapPartitionsRDD[3] at csv at <unknown>:0) (first 15 tasks are for partitions Vector(0))
[2026-02-22T08:03:06.207+0000] {subprocess.py:106} INFO - 26/02/22 08:03:06 INFO TaskSchedulerImpl: Adding task set 1.0 with 1 tasks resource profile 0
[2026-02-22T08:03:06.209+0000] {subprocess.py:106} INFO - 26/02/22 08:03:06 INFO TaskSetManager: Starting task 0.0 in stage 1.0 (TID 1) (172.30.0.7, executor 0, partition 0, PROCESS_LOCAL, 10108 bytes)
[2026-02-22T08:03:06.246+0000] {subprocess.py:106} INFO - 26/02/22 08:03:06 INFO BlockManagerInfo: Removed broadcast_1_piece0 on 499f1d118d82:39567 in memory (size: 4.4 KiB, free: 434.4 MiB)
[2026-02-22T08:03:06.265+0000] {subprocess.py:106} INFO - 26/02/22 08:03:06 INFO BlockManagerInfo: Removed broadcast_1_piece0 on 172.30.0.7:32775 in memory (size: 4.4 KiB, free: 434.4 MiB)
[2026-02-22T08:03:06.299+0000] {subprocess.py:106} INFO - 26/02/22 08:03:06 INFO BlockManagerInfo: Added broadcast_2_piece0 in memory on 172.30.0.7:32775 (size: 5.4 KiB, free: 434.4 MiB)
[2026-02-22T08:03:07.228+0000] {subprocess.py:106} INFO - 26/02/22 08:03:07 INFO TaskSetManager: Finished task 0.0 in stage 1.0 (TID 1) in 1030 ms on 172.30.0.7 (executor 0) (1/1)
[2026-02-22T08:03:07.229+0000] {subprocess.py:106} INFO - 26/02/22 08:03:07 INFO TaskSchedulerImpl: Removed TaskSet 1.0, whose tasks have all completed, from pool
[2026-02-22T08:03:07.230+0000] {subprocess.py:106} INFO - 26/02/22 08:03:07 INFO DAGScheduler: ResultStage 1 (csv at <unknown>:0) finished in 1.053 s
[2026-02-22T08:03:07.230+0000] {subprocess.py:106} INFO - 26/02/22 08:03:07 INFO DAGScheduler: Job 1 is finished. Cancelling potential speculative or zombie tasks for this job
[2026-02-22T08:03:07.231+0000] {subprocess.py:106} INFO - 26/02/22 08:03:07 INFO TaskSchedulerImpl: Killing all running tasks in stage 1: Stage finished
[2026-02-22T08:03:07.239+0000] {subprocess.py:106} INFO - 26/02/22 08:03:07 INFO DAGScheduler: Job 1 finished: csv at <unknown>:0, took 1.068286 s
[2026-02-22T08:03:07.687+0000] {subprocess.py:106} INFO - 26/02/22 08:03:07 INFO BlockManagerInfo: Removed broadcast_2_piece0 on 499f1d118d82:39567 in memory (size: 5.4 KiB, free: 434.4 MiB)
[2026-02-22T08:03:07.689+0000] {subprocess.py:106} INFO - 26/02/22 08:03:07 INFO BlockManagerInfo: Removed broadcast_2_piece0 on 172.30.0.7:32775 in memory (size: 5.4 KiB, free: 434.4 MiB)
[2026-02-22T08:03:07.704+0000] {subprocess.py:106} INFO - 26/02/22 08:03:07 INFO BlockManagerInfo: Removed broadcast_0_piece0 on 499f1d118d82:39567 in memory (size: 36.1 KiB, free: 434.4 MiB)
[2026-02-22T08:03:07.707+0000] {subprocess.py:106} INFO - 26/02/22 08:03:07 INFO BlockManagerInfo: Removed broadcast_0_piece0 on 172.30.0.7:32775 in memory (size: 36.1 KiB, free: 434.4 MiB)
[2026-02-22T08:03:09.190+0000] {subprocess.py:106} INFO - 26/02/22 08:03:09 INFO FileSourceStrategy: Pushed Filters:
[2026-02-22T08:03:09.191+0000] {subprocess.py:106} INFO - 26/02/22 08:03:09 INFO FileSourceStrategy: Post-Scan Filters:
[2026-02-22T08:03:09.727+0000] {subprocess.py:106} INFO - 26/02/22 08:03:09 INFO CodeGenerator: Code generated in 305.116421 ms
[2026-02-22T08:03:09.738+0000] {subprocess.py:106} INFO - 26/02/22 08:03:09 INFO MemoryStore: Block broadcast_3 stored as values in memory (estimated size 205.7 KiB, free 434.2 MiB)
[2026-02-22T08:03:09.756+0000] {subprocess.py:106} INFO - 26/02/22 08:03:09 INFO MemoryStore: Block broadcast_3_piece0 stored as bytes in memory (estimated size 36.1 KiB, free 434.2 MiB)
[2026-02-22T08:03:09.757+0000] {subprocess.py:106} INFO - 26/02/22 08:03:09 INFO BlockManagerInfo: Added broadcast_3_piece0 in memory on 499f1d118d82:39567 (size: 36.1 KiB, free: 434.4 MiB)
[2026-02-22T08:03:09.759+0000] {subprocess.py:106} INFO - 26/02/22 08:03:09 INFO SparkContext: Created broadcast 3 from count at <unknown>:0
[2026-02-22T08:03:09.792+0000] {subprocess.py:106} INFO - 26/02/22 08:03:09 INFO FileSourceScanExec: Planning scan with bin packing, max size: 4194304 bytes, open cost is considered as scanning 4194304 bytes.
[2026-02-22T08:03:09.854+0000] {subprocess.py:106} INFO - 26/02/22 08:03:09 INFO DAGScheduler: Registering RDD 7 (count at <unknown>:0) as input to shuffle 0
[2026-02-22T08:03:09.858+0000] {subprocess.py:106} INFO - 26/02/22 08:03:09 INFO DAGScheduler: Got map stage job 2 (count at <unknown>:0) with 1 output partitions
[2026-02-22T08:03:09.859+0000] {subprocess.py:106} INFO - 26/02/22 08:03:09 INFO DAGScheduler: Final stage: ShuffleMapStage 2 (count at <unknown>:0)
[2026-02-22T08:03:09.860+0000] {subprocess.py:106} INFO - 26/02/22 08:03:09 INFO DAGScheduler: Parents of final stage: List()
[2026-02-22T08:03:09.861+0000] {subprocess.py:106} INFO - 26/02/22 08:03:09 INFO DAGScheduler: Missing parents: List()
[2026-02-22T08:03:09.863+0000] {subprocess.py:106} INFO - 26/02/22 08:03:09 INFO DAGScheduler: Submitting ShuffleMapStage 2 (MapPartitionsRDD[7] at count at <unknown>:0), which has no missing parents
[2026-02-22T08:03:09.909+0000] {subprocess.py:106} INFO - 26/02/22 08:03:09 INFO MemoryStore: Block broadcast_4 stored as values in memory (estimated size 18.1 KiB, free 434.1 MiB)
[2026-02-22T08:03:09.918+0000] {subprocess.py:106} INFO - 26/02/22 08:03:09 INFO MemoryStore: Block broadcast_4_piece0 stored as bytes in memory (estimated size 8.9 KiB, free 434.1 MiB)
[2026-02-22T08:03:09.920+0000] {subprocess.py:106} INFO - 26/02/22 08:03:09 INFO BlockManagerInfo: Added broadcast_4_piece0 in memory on 499f1d118d82:39567 (size: 8.9 KiB, free: 434.4 MiB)
[2026-02-22T08:03:09.922+0000] {subprocess.py:106} INFO - 26/02/22 08:03:09 INFO SparkContext: Created broadcast 4 from broadcast at DAGScheduler.scala:1585
[2026-02-22T08:03:09.924+0000] {subprocess.py:106} INFO - 26/02/22 08:03:09 INFO DAGScheduler: Submitting 1 missing tasks from ShuffleMapStage 2 (MapPartitionsRDD[7] at count at <unknown>:0) (first 15 tasks are for partitions Vector(0))
[2026-02-22T08:03:09.925+0000] {subprocess.py:106} INFO - 26/02/22 08:03:09 INFO TaskSchedulerImpl: Adding task set 2.0 with 1 tasks resource profile 0
[2026-02-22T08:03:09.939+0000] {subprocess.py:106} INFO - 26/02/22 08:03:09 INFO TaskSetManager: Starting task 0.0 in stage 2.0 (TID 2) (172.30.0.7, executor 0, partition 0, PROCESS_LOCAL, 10568 bytes)
[2026-02-22T08:03:09.987+0000] {subprocess.py:106} INFO - 26/02/22 08:03:09 INFO BlockManagerInfo: Added broadcast_4_piece0 in memory on 172.30.0.7:32775 (size: 8.9 KiB, free: 434.4 MiB)
[2026-02-22T08:03:11.407+0000] {subprocess.py:106} INFO - 26/02/22 08:03:11 INFO BlockManagerInfo: Added broadcast_3_piece0 in memory on 172.30.0.7:32775 (size: 36.1 KiB, free: 434.4 MiB)
[2026-02-22T08:03:11.685+0000] {subprocess.py:106} INFO - 26/02/22 08:03:11 INFO TaskSetManager: Finished task 0.0 in stage 2.0 (TID 2) in 1753 ms on 172.30.0.7 (executor 0) (1/1)
[2026-02-22T08:03:11.686+0000] {subprocess.py:106} INFO - 26/02/22 08:03:11 INFO TaskSchedulerImpl: Removed TaskSet 2.0, whose tasks have all completed, from pool
[2026-02-22T08:03:11.689+0000] {subprocess.py:106} INFO - 26/02/22 08:03:11 INFO DAGScheduler: ShuffleMapStage 2 (count at <unknown>:0) finished in 1.821 s
[2026-02-22T08:03:11.692+0000] {subprocess.py:106} INFO - 26/02/22 08:03:11 INFO DAGScheduler: looking for newly runnable stages
[2026-02-22T08:03:11.693+0000] {subprocess.py:106} INFO - 26/02/22 08:03:11 INFO DAGScheduler: running: Set()
[2026-02-22T08:03:11.694+0000] {subprocess.py:106} INFO - 26/02/22 08:03:11 INFO DAGScheduler: waiting: Set()
[2026-02-22T08:03:11.696+0000] {subprocess.py:106} INFO - 26/02/22 08:03:11 INFO DAGScheduler: failed: Set()
[2026-02-22T08:03:11.753+0000] {subprocess.py:106} INFO - 26/02/22 08:03:11 INFO CodeGenerator: Code generated in 14.2207 ms
[2026-02-22T08:03:11.789+0000] {subprocess.py:106} INFO - 26/02/22 08:03:11 INFO SparkContext: Starting job: count at <unknown>:0
[2026-02-22T08:03:11.793+0000] {subprocess.py:106} INFO - 26/02/22 08:03:11 INFO DAGScheduler: Got job 3 (count at <unknown>:0) with 1 output partitions
[2026-02-22T08:03:11.794+0000] {subprocess.py:106} INFO - 26/02/22 08:03:11 INFO DAGScheduler: Final stage: ResultStage 4 (count at <unknown>:0)
[2026-02-22T08:03:11.794+0000] {subprocess.py:106} INFO - 26/02/22 08:03:11 INFO DAGScheduler: Parents of final stage: List(ShuffleMapStage 3)
[2026-02-22T08:03:11.795+0000] {subprocess.py:106} INFO - 26/02/22 08:03:11 INFO DAGScheduler: Missing parents: List()
[2026-02-22T08:03:11.796+0000] {subprocess.py:106} INFO - 26/02/22 08:03:11 INFO DAGScheduler: Submitting ResultStage 4 (MapPartitionsRDD[10] at count at <unknown>:0), which has no missing parents
[2026-02-22T08:03:11.806+0000] {subprocess.py:106} INFO - 26/02/22 08:03:11 INFO MemoryStore: Block broadcast_5 stored as values in memory (estimated size 12.5 KiB, free 434.1 MiB)
[2026-02-22T08:03:11.817+0000] {subprocess.py:106} INFO - 26/02/22 08:03:11 INFO MemoryStore: Block broadcast_5_piece0 stored as bytes in memory (estimated size 5.9 KiB, free 434.1 MiB)
[2026-02-22T08:03:11.819+0000] {subprocess.py:106} INFO - 26/02/22 08:03:11 INFO BlockManagerInfo: Added broadcast_5_piece0 in memory on 499f1d118d82:39567 (size: 5.9 KiB, free: 434.4 MiB)
[2026-02-22T08:03:11.821+0000] {subprocess.py:106} INFO - 26/02/22 08:03:11 INFO SparkContext: Created broadcast 5 from broadcast at DAGScheduler.scala:1585
[2026-02-22T08:03:11.822+0000] {subprocess.py:106} INFO - 26/02/22 08:03:11 INFO DAGScheduler: Submitting 1 missing tasks from ResultStage 4 (MapPartitionsRDD[10] at count at <unknown>:0) (first 15 tasks are for partitions Vector(0))
[2026-02-22T08:03:11.825+0000] {subprocess.py:106} INFO - 26/02/22 08:03:11 INFO TaskSchedulerImpl: Adding task set 4.0 with 1 tasks resource profile 0
[2026-02-22T08:03:11.826+0000] {subprocess.py:106} INFO - 26/02/22 08:03:11 INFO BlockManagerInfo: Removed broadcast_4_piece0 on 499f1d118d82:39567 in memory (size: 8.9 KiB, free: 434.4 MiB)
[2026-02-22T08:03:11.827+0000] {subprocess.py:106} INFO - 26/02/22 08:03:11 INFO BlockManagerInfo: Removed broadcast_4_piece0 on 172.30.0.7:32775 in memory (size: 8.9 KiB, free: 434.4 MiB)
[2026-02-22T08:03:11.833+0000] {subprocess.py:106} INFO - 26/02/22 08:03:11 INFO TaskSetManager: Starting task 0.0 in stage 4.0 (TID 3) (172.30.0.7, executor 0, partition 0, NODE_LOCAL, 9976 bytes)
[2026-02-22T08:03:11.873+0000] {subprocess.py:106} INFO - 26/02/22 08:03:11 INFO BlockManagerInfo: Added broadcast_5_piece0 in memory on 172.30.0.7:32775 (size: 5.9 KiB, free: 434.4 MiB)
[2026-02-22T08:03:11.911+0000] {subprocess.py:106} INFO - 26/02/22 08:03:11 INFO MapOutputTrackerMasterEndpoint: Asked to send map output locations for shuffle 0 to 172.30.0.7:58658
[2026-02-22T08:03:12.146+0000] {subprocess.py:106} INFO - 26/02/22 08:03:12 INFO TaskSetManager: Finished task 0.0 in stage 4.0 (TID 3) in 317 ms on 172.30.0.7 (executor 0) (1/1)
[2026-02-22T08:03:12.151+0000] {subprocess.py:106} INFO - 26/02/22 08:03:12 INFO TaskSchedulerImpl: Removed TaskSet 4.0, whose tasks have all completed, from pool
[2026-02-22T08:03:12.152+0000] {subprocess.py:106} INFO - 26/02/22 08:03:12 INFO DAGScheduler: ResultStage 4 (count at <unknown>:0) finished in 0.344 s
[2026-02-22T08:03:12.153+0000] {subprocess.py:106} INFO - 26/02/22 08:03:12 INFO DAGScheduler: Job 3 is finished. Cancelling potential speculative or zombie tasks for this job
[2026-02-22T08:03:12.154+0000] {subprocess.py:106} INFO - 26/02/22 08:03:12 INFO TaskSchedulerImpl: Killing all running tasks in stage 4: Stage finished
[2026-02-22T08:03:12.154+0000] {subprocess.py:106} INFO - 26/02/22 08:03:12 INFO DAGScheduler: Job 3 finished: count at <unknown>:0, took 0.360589 s
[2026-02-22T08:03:12.161+0000] {subprocess.py:106} INFO -  Record loaded from CSV: 7816
[2026-02-22T08:03:12.165+0000] {subprocess.py:106} INFO - root
[2026-02-22T08:03:12.166+0000] {subprocess.py:106} INFO -  |-- job_title: string (nullable = true)
[2026-02-22T08:03:12.167+0000] {subprocess.py:106} INFO -  |-- company_name: string (nullable = true)
[2026-02-22T08:03:12.168+0000] {subprocess.py:106} INFO -  |-- location: string (nullable = true)
[2026-02-22T08:03:12.169+0000] {subprocess.py:106} INFO -  |-- skills_required: string (nullable = true)
[2026-02-22T08:03:12.169+0000] {subprocess.py:106} INFO -  |-- date_posted: timestamp (nullable = true)
[2026-02-22T08:03:12.170+0000] {subprocess.py:106} INFO -  |-- job_link: string (nullable = true)
[2026-02-22T08:03:12.171+0000] {subprocess.py:106} INFO -  |-- job_category: string (nullable = true)
[2026-02-22T08:03:12.171+0000] {subprocess.py:106} INFO -  |-- work_mode: string (nullable = true)
[2026-02-22T08:03:12.172+0000] {subprocess.py:106} INFO -  |-- crawl_date: timestamp (nullable = true)
[2026-02-22T08:03:12.172+0000] {subprocess.py:106} INFO -  |-- date_only: date (nullable = true)
[2026-02-22T08:03:12.173+0000] {subprocess.py:106} INFO - 
[2026-02-22T08:03:12.720+0000] {subprocess.py:106} INFO - 26/02/22 08:03:12 INFO BlockManagerInfo: Removed broadcast_5_piece0 on 499f1d118d82:39567 in memory (size: 5.9 KiB, free: 434.4 MiB)
[2026-02-22T08:03:12.724+0000] {subprocess.py:106} INFO - 26/02/22 08:03:12 INFO BlockManagerInfo: Removed broadcast_5_piece0 on 172.30.0.7:32775 in memory (size: 5.9 KiB, free: 434.4 MiB)
[2026-02-22T08:03:12.919+0000] {subprocess.py:106} INFO - 26/02/22 08:03:12 INFO HiveConf: Found configuration file null
[2026-02-22T08:03:13.203+0000] {subprocess.py:106} INFO - 26/02/22 08:03:13 INFO metastore: Trying to connect to metastore with URI thrift://hive-metastore:9083
[2026-02-22T08:03:13.244+0000] {subprocess.py:106} INFO - 26/02/22 08:03:13 INFO metastore: Opened a connection to metastore, current connections: 1
[2026-02-22T08:03:13.293+0000] {subprocess.py:106} INFO - 26/02/22 08:03:13 INFO metastore: Connected to metastore.
[2026-02-22T08:03:13.708+0000] {subprocess.py:106} INFO - 26/02/22 08:03:13 INFO BaseMetastoreTableOperations: Refreshing table metadata from new version: s3a://warehouse/iceberg_data/bronze.db/it_jobs_raw/metadata/00002-36ea62a3-c32a-4f29-9055-2a63a3fa8c89.metadata.json
[2026-02-22T08:03:13.992+0000] {subprocess.py:106} INFO - 26/02/22 08:03:13 INFO BlockManagerInfo: Removed broadcast_3_piece0 on 499f1d118d82:39567 in memory (size: 36.1 KiB, free: 434.4 MiB)
[2026-02-22T08:03:13.993+0000] {subprocess.py:106} INFO - 26/02/22 08:03:13 INFO BlockManagerInfo: Removed broadcast_3_piece0 on 172.30.0.7:32775 in memory (size: 36.1 KiB, free: 434.4 MiB)
[2026-02-22T08:03:14.065+0000] {subprocess.py:106} INFO - 26/02/22 08:03:14 INFO BaseMetastoreCatalog: Table loaded by catalog: iceberg.bronze.it_jobs_raw
[2026-02-22T08:03:14.073+0000] {subprocess.py:106} INFO - Table iceberg.bronze.it_jobs_raw exists. Checking for new records...
[2026-02-22T08:03:14.315+0000] {subprocess.py:106} INFO - 26/02/22 08:03:14 INFO V2ScanRelationPushDown:
[2026-02-22T08:03:14.316+0000] {subprocess.py:106} INFO - Pushing operators to iceberg.bronze.it_jobs_raw
[2026-02-22T08:03:14.317+0000] {subprocess.py:106} INFO - Pushed Filters: job_link IS NOT NULL
[2026-02-22T08:03:14.317+0000] {subprocess.py:106} INFO - Post-Scan Filters: isnotnull(job_link#79)
[2026-02-22T08:03:14.318+0000] {subprocess.py:106} INFO - 
[2026-02-22T08:03:14.367+0000] {subprocess.py:106} INFO - 26/02/22 08:03:14 INFO V2ScanRelationPushDown:
[2026-02-22T08:03:14.367+0000] {subprocess.py:106} INFO - Output: job_link#79
[2026-02-22T08:03:14.368+0000] {subprocess.py:106} INFO - 
[2026-02-22T08:03:14.389+0000] {subprocess.py:106} INFO - 26/02/22 08:03:14 INFO SnapshotScan: Scanning table iceberg.bronze.it_jobs_raw snapshot 7031703030055741942 created at 2026-02-13T13:23:26.342+00:00 with filter job_link IS NOT NULL
[2026-02-22T08:03:14.646+0000] {subprocess.py:106} INFO - 26/02/22 08:03:14 INFO BaseDistributedDataScan: Planning file tasks locally for table iceberg.bronze.it_jobs_raw
[2026-02-22T08:03:14.848+0000] {subprocess.py:106} INFO - 26/02/22 08:03:14 INFO SparkPartitioningAwareScan: Reporting UnknownPartitioning with 1 partition(s) for table iceberg.bronze.it_jobs_raw
[2026-02-22T08:03:14.911+0000] {subprocess.py:106} INFO - 26/02/22 08:03:14 INFO FileSourceStrategy: Pushed Filters:
[2026-02-22T08:03:14.912+0000] {subprocess.py:106} INFO - 26/02/22 08:03:14 INFO FileSourceStrategy: Post-Scan Filters:
[2026-02-22T08:03:14.927+0000] {subprocess.py:106} INFO - 26/02/22 08:03:14 INFO MemoryStore: Block broadcast_6 stored as values in memory (estimated size 32.0 KiB, free 434.4 MiB)
[2026-02-22T08:03:14.958+0000] {subprocess.py:106} INFO - 26/02/22 08:03:14 INFO MemoryStore: Block broadcast_6_piece0 stored as bytes in memory (estimated size 30.2 KiB, free 434.3 MiB)
[2026-02-22T08:03:14.964+0000] {subprocess.py:106} INFO - 26/02/22 08:03:14 INFO BlockManagerInfo: Added broadcast_6_piece0 in memory on 499f1d118d82:39567 (size: 30.2 KiB, free: 434.4 MiB)
[2026-02-22T08:03:14.965+0000] {subprocess.py:106} INFO - 26/02/22 08:03:14 INFO SparkContext: Created broadcast 6 from broadcast at SparkBatch.java:79
[2026-02-22T08:03:14.984+0000] {subprocess.py:106} INFO - 26/02/22 08:03:14 INFO MemoryStore: Block broadcast_7 stored as values in memory (estimated size 32.0 KiB, free 434.3 MiB)
[2026-02-22T08:03:14.991+0000] {subprocess.py:106} INFO - 26/02/22 08:03:14 INFO MemoryStore: Block broadcast_7_piece0 stored as bytes in memory (estimated size 30.2 KiB, free 434.3 MiB)
[2026-02-22T08:03:14.993+0000] {subprocess.py:106} INFO - 26/02/22 08:03:14 INFO BlockManagerInfo: Added broadcast_7_piece0 in memory on 499f1d118d82:39567 (size: 30.2 KiB, free: 434.3 MiB)
[2026-02-22T08:03:15.006+0000] {subprocess.py:106} INFO - 26/02/22 08:03:15 INFO SparkContext: Created broadcast 7 from broadcast at SparkBatch.java:79
[2026-02-22T08:03:15.093+0000] {subprocess.py:106} INFO - 26/02/22 08:03:15 INFO CodeGenerator: Code generated in 22.315266 ms
[2026-02-22T08:03:15.124+0000] {subprocess.py:106} INFO - 26/02/22 08:03:15 INFO SparkContext: Starting job: $anonfun$withThreadLocalCaptured$1 at <unknown>:0
[2026-02-22T08:03:15.125+0000] {subprocess.py:106} INFO - 26/02/22 08:03:15 INFO DAGScheduler: Got job 4 ($anonfun$withThreadLocalCaptured$1 at <unknown>:0) with 1 output partitions
[2026-02-22T08:03:15.129+0000] {subprocess.py:106} INFO - 26/02/22 08:03:15 INFO DAGScheduler: Final stage: ResultStage 5 ($anonfun$withThreadLocalCaptured$1 at <unknown>:0)
[2026-02-22T08:03:15.131+0000] {subprocess.py:106} INFO - 26/02/22 08:03:15 INFO DAGScheduler: Parents of final stage: List()
[2026-02-22T08:03:15.132+0000] {subprocess.py:106} INFO - 26/02/22 08:03:15 INFO DAGScheduler: Missing parents: List()
[2026-02-22T08:03:15.136+0000] {subprocess.py:106} INFO - 26/02/22 08:03:15 INFO DAGScheduler: Submitting ResultStage 5 (MapPartitionsRDD[14] at $anonfun$withThreadLocalCaptured$1 at <unknown>:0), which has no missing parents
[2026-02-22T08:03:15.136+0000] {subprocess.py:106} INFO - 26/02/22 08:03:15 INFO MemoryStore: Block broadcast_8 stored as values in memory (estimated size 13.8 KiB, free 434.3 MiB)
[2026-02-22T08:03:15.141+0000] {subprocess.py:106} INFO - 26/02/22 08:03:15 INFO MemoryStore: Block broadcast_8_piece0 stored as bytes in memory (estimated size 5.5 KiB, free 434.3 MiB)
[2026-02-22T08:03:15.148+0000] {subprocess.py:106} INFO - 26/02/22 08:03:15 INFO BlockManagerInfo: Added broadcast_8_piece0 in memory on 499f1d118d82:39567 (size: 5.5 KiB, free: 434.3 MiB)
[2026-02-22T08:03:15.148+0000] {subprocess.py:106} INFO - 26/02/22 08:03:15 INFO SparkContext: Created broadcast 8 from broadcast at DAGScheduler.scala:1585
[2026-02-22T08:03:15.149+0000] {subprocess.py:106} INFO - 26/02/22 08:03:15 INFO DAGScheduler: Submitting 1 missing tasks from ResultStage 5 (MapPartitionsRDD[14] at $anonfun$withThreadLocalCaptured$1 at <unknown>:0) (first 15 tasks are for partitions Vector(0))
[2026-02-22T08:03:15.149+0000] {subprocess.py:106} INFO - 26/02/22 08:03:15 INFO TaskSchedulerImpl: Adding task set 5.0 with 1 tasks resource profile 0
[2026-02-22T08:03:15.172+0000] {subprocess.py:106} INFO - 26/02/22 08:03:15 INFO TaskSetManager: Starting task 0.0 in stage 5.0 (TID 4) (172.30.0.7, executor 0, partition 0, PROCESS_LOCAL, 15884 bytes)
[2026-02-22T08:03:15.646+0000] {subprocess.py:106} INFO - 26/02/22 08:03:15 INFO BlockManagerInfo: Added broadcast_8_piece0 in memory on 172.30.0.7:32775 (size: 5.5 KiB, free: 434.4 MiB)
[2026-02-22T08:03:15.708+0000] {subprocess.py:106} INFO - 26/02/22 08:03:15 INFO BlockManagerInfo: Added broadcast_7_piece0 in memory on 172.30.0.7:32775 (size: 30.2 KiB, free: 434.4 MiB)
[2026-02-22T08:03:17.081+0000] {subprocess.py:106} INFO - 26/02/22 08:03:17 INFO TaskSetManager: Finished task 0.0 in stage 5.0 (TID 4) in 1933 ms on 172.30.0.7 (executor 0) (1/1)
[2026-02-22T08:03:17.088+0000] {subprocess.py:106} INFO - 26/02/22 08:03:17 INFO TaskSchedulerImpl: Removed TaskSet 5.0, whose tasks have all completed, from pool
[2026-02-22T08:03:17.089+0000] {subprocess.py:106} INFO - 26/02/22 08:03:17 INFO DAGScheduler: ResultStage 5 ($anonfun$withThreadLocalCaptured$1 at <unknown>:0) finished in 1.952 s
[2026-02-22T08:03:17.089+0000] {subprocess.py:106} INFO - 26/02/22 08:03:17 INFO DAGScheduler: Job 4 is finished. Cancelling potential speculative or zombie tasks for this job
[2026-02-22T08:03:17.090+0000] {subprocess.py:106} INFO - 26/02/22 08:03:17 INFO TaskSchedulerImpl: Killing all running tasks in stage 5: Stage finished
[2026-02-22T08:03:17.090+0000] {subprocess.py:106} INFO - 26/02/22 08:03:17 INFO DAGScheduler: Job 4 finished: $anonfun$withThreadLocalCaptured$1 at <unknown>:0, took 1.958426 s
[2026-02-22T08:03:17.119+0000] {subprocess.py:106} INFO - 26/02/22 08:03:17 INFO CodeGenerator: Code generated in 11.15584 ms
[2026-02-22T08:03:17.141+0000] {subprocess.py:106} INFO - 26/02/22 08:03:17 INFO BlockManagerInfo: Removed broadcast_8_piece0 on 499f1d118d82:39567 in memory (size: 5.5 KiB, free: 434.3 MiB)
[2026-02-22T08:03:17.153+0000] {subprocess.py:106} INFO - 26/02/22 08:03:17 INFO BlockManagerInfo: Removed broadcast_8_piece0 on 172.30.0.7:32775 in memory (size: 5.5 KiB, free: 434.4 MiB)
[2026-02-22T08:03:17.210+0000] {subprocess.py:106} INFO - 26/02/22 08:03:17 INFO MemoryStore: Block broadcast_9_piece0 stored as bytes in memory (estimated size 455.0 KiB, free 433.8 MiB)
[2026-02-22T08:03:17.212+0000] {subprocess.py:106} INFO - 26/02/22 08:03:17 INFO BlockManagerInfo: Added broadcast_9_piece0 in memory on 499f1d118d82:39567 (size: 455.0 KiB, free: 433.9 MiB)
[2026-02-22T08:03:17.214+0000] {subprocess.py:106} INFO - 26/02/22 08:03:17 INFO SparkContext: Created broadcast 9 from $anonfun$withThreadLocalCaptured$1 at <unknown>:0
[2026-02-22T08:03:17.224+0000] {subprocess.py:106} INFO - 26/02/22 08:03:17 INFO FileSourceStrategy: Pushed Filters:
[2026-02-22T08:03:17.224+0000] {subprocess.py:106} INFO - 26/02/22 08:03:17 INFO FileSourceStrategy: Post-Scan Filters:
[2026-02-22T08:03:17.273+0000] {subprocess.py:106} INFO - 26/02/22 08:03:17 INFO CodeGenerator: Code generated in 17.19189 ms
[2026-02-22T08:03:17.277+0000] {subprocess.py:106} INFO - 26/02/22 08:03:17 INFO MemoryStore: Block broadcast_10 stored as values in memory (estimated size 205.7 KiB, free 433.6 MiB)
[2026-02-22T08:03:17.298+0000] {subprocess.py:106} INFO - 26/02/22 08:03:17 INFO MemoryStore: Block broadcast_10_piece0 stored as bytes in memory (estimated size 36.1 KiB, free 433.6 MiB)
[2026-02-22T08:03:17.299+0000] {subprocess.py:106} INFO - 26/02/22 08:03:17 INFO BlockManagerInfo: Added broadcast_10_piece0 in memory on 499f1d118d82:39567 (size: 36.1 KiB, free: 433.9 MiB)
[2026-02-22T08:03:17.304+0000] {subprocess.py:106} INFO - 26/02/22 08:03:17 INFO SparkContext: Created broadcast 10 from count at <unknown>:0
[2026-02-22T08:03:17.304+0000] {subprocess.py:106} INFO - 26/02/22 08:03:17 INFO FileSourceScanExec: Planning scan with bin packing, max size: 4194304 bytes, open cost is considered as scanning 4194304 bytes.
[2026-02-22T08:03:17.314+0000] {subprocess.py:106} INFO - 26/02/22 08:03:17 INFO DAGScheduler: Registering RDD 18 (count at <unknown>:0) as input to shuffle 1
[2026-02-22T08:03:17.315+0000] {subprocess.py:106} INFO - 26/02/22 08:03:17 INFO DAGScheduler: Got map stage job 5 (count at <unknown>:0) with 1 output partitions
[2026-02-22T08:03:17.315+0000] {subprocess.py:106} INFO - 26/02/22 08:03:17 INFO DAGScheduler: Final stage: ShuffleMapStage 6 (count at <unknown>:0)
[2026-02-22T08:03:17.316+0000] {subprocess.py:106} INFO - 26/02/22 08:03:17 INFO DAGScheduler: Parents of final stage: List()
[2026-02-22T08:03:17.317+0000] {subprocess.py:106} INFO - 26/02/22 08:03:17 INFO DAGScheduler: Missing parents: List()
[2026-02-22T08:03:17.322+0000] {subprocess.py:106} INFO - 26/02/22 08:03:17 INFO DAGScheduler: Submitting ShuffleMapStage 6 (MapPartitionsRDD[18] at count at <unknown>:0), which has no missing parents
[2026-02-22T08:03:17.334+0000] {subprocess.py:106} INFO - 26/02/22 08:03:17 INFO MemoryStore: Block broadcast_11 stored as values in memory (estimated size 20.2 KiB, free 433.6 MiB)
[2026-02-22T08:03:17.348+0000] {subprocess.py:106} INFO - 26/02/22 08:03:17 INFO MemoryStore: Block broadcast_11_piece0 stored as bytes in memory (estimated size 9.8 KiB, free 433.6 MiB)
[2026-02-22T08:03:17.349+0000] {subprocess.py:106} INFO - 26/02/22 08:03:17 INFO BlockManagerInfo: Added broadcast_11_piece0 in memory on 499f1d118d82:39567 (size: 9.8 KiB, free: 433.9 MiB)
[2026-02-22T08:03:17.351+0000] {subprocess.py:106} INFO - 26/02/22 08:03:17 INFO SparkContext: Created broadcast 11 from broadcast at DAGScheduler.scala:1585
[2026-02-22T08:03:17.351+0000] {subprocess.py:106} INFO - 26/02/22 08:03:17 INFO DAGScheduler: Submitting 1 missing tasks from ShuffleMapStage 6 (MapPartitionsRDD[18] at count at <unknown>:0) (first 15 tasks are for partitions Vector(0))
[2026-02-22T08:03:17.352+0000] {subprocess.py:106} INFO - 26/02/22 08:03:17 INFO TaskSchedulerImpl: Adding task set 6.0 with 1 tasks resource profile 0
[2026-02-22T08:03:17.356+0000] {subprocess.py:106} INFO - 26/02/22 08:03:17 INFO TaskSetManager: Starting task 0.0 in stage 6.0 (TID 5) (172.30.0.7, executor 0, partition 0, PROCESS_LOCAL, 10568 bytes)
[2026-02-22T08:03:17.384+0000] {subprocess.py:106} INFO - 26/02/22 08:03:17 INFO BlockManagerInfo: Added broadcast_11_piece0 in memory on 172.30.0.7:32775 (size: 9.8 KiB, free: 434.4 MiB)
[2026-02-22T08:03:17.442+0000] {subprocess.py:106} INFO - 26/02/22 08:03:17 INFO BlockManagerInfo: Added broadcast_9_piece0 in memory on 172.30.0.7:32775 (size: 455.0 KiB, free: 433.9 MiB)
[2026-02-22T08:03:17.575+0000] {subprocess.py:106} INFO - 26/02/22 08:03:17 INFO BlockManagerInfo: Added broadcast_10_piece0 in memory on 172.30.0.7:32775 (size: 36.1 KiB, free: 433.9 MiB)
[2026-02-22T08:03:17.714+0000] {subprocess.py:106} INFO - 26/02/22 08:03:17 INFO TaskSetManager: Finished task 0.0 in stage 6.0 (TID 5) in 359 ms on 172.30.0.7 (executor 0) (1/1)
[2026-02-22T08:03:17.715+0000] {subprocess.py:106} INFO - 26/02/22 08:03:17 INFO TaskSchedulerImpl: Removed TaskSet 6.0, whose tasks have all completed, from pool
[2026-02-22T08:03:17.716+0000] {subprocess.py:106} INFO - 26/02/22 08:03:17 INFO DAGScheduler: ShuffleMapStage 6 (count at <unknown>:0) finished in 0.395 s
[2026-02-22T08:03:17.717+0000] {subprocess.py:106} INFO - 26/02/22 08:03:17 INFO DAGScheduler: looking for newly runnable stages
[2026-02-22T08:03:17.717+0000] {subprocess.py:106} INFO - 26/02/22 08:03:17 INFO DAGScheduler: running: Set()
[2026-02-22T08:03:17.718+0000] {subprocess.py:106} INFO - 26/02/22 08:03:17 INFO DAGScheduler: waiting: Set()
[2026-02-22T08:03:17.720+0000] {subprocess.py:106} INFO - 26/02/22 08:03:17 INFO DAGScheduler: failed: Set()
[2026-02-22T08:03:17.757+0000] {subprocess.py:106} INFO - 26/02/22 08:03:17 INFO CodeGenerator: Code generated in 21.900548 ms
[2026-02-22T08:03:17.771+0000] {subprocess.py:106} INFO - 26/02/22 08:03:17 INFO SparkContext: Starting job: count at <unknown>:0
[2026-02-22T08:03:17.773+0000] {subprocess.py:106} INFO - 26/02/22 08:03:17 INFO DAGScheduler: Got job 6 (count at <unknown>:0) with 1 output partitions
[2026-02-22T08:03:17.774+0000] {subprocess.py:106} INFO - 26/02/22 08:03:17 INFO DAGScheduler: Final stage: ResultStage 8 (count at <unknown>:0)
[2026-02-22T08:03:17.774+0000] {subprocess.py:106} INFO - 26/02/22 08:03:17 INFO DAGScheduler: Parents of final stage: List(ShuffleMapStage 7)
[2026-02-22T08:03:17.775+0000] {subprocess.py:106} INFO - 26/02/22 08:03:17 INFO DAGScheduler: Missing parents: List()
[2026-02-22T08:03:17.776+0000] {subprocess.py:106} INFO - 26/02/22 08:03:17 INFO DAGScheduler: Submitting ResultStage 8 (MapPartitionsRDD[21] at count at <unknown>:0), which has no missing parents
[2026-02-22T08:03:17.781+0000] {subprocess.py:106} INFO - 26/02/22 08:03:17 INFO MemoryStore: Block broadcast_12 stored as values in memory (estimated size 12.5 KiB, free 433.6 MiB)
[2026-02-22T08:03:17.791+0000] {subprocess.py:106} INFO - 26/02/22 08:03:17 INFO MemoryStore: Block broadcast_12_piece0 stored as bytes in memory (estimated size 5.9 KiB, free 433.6 MiB)
[2026-02-22T08:03:17.795+0000] {subprocess.py:106} INFO - 26/02/22 08:03:17 INFO BlockManagerInfo: Added broadcast_12_piece0 in memory on 499f1d118d82:39567 (size: 5.9 KiB, free: 433.8 MiB)
[2026-02-22T08:03:17.796+0000] {subprocess.py:106} INFO - 26/02/22 08:03:17 INFO SparkContext: Created broadcast 12 from broadcast at DAGScheduler.scala:1585
[2026-02-22T08:03:17.800+0000] {subprocess.py:106} INFO - 26/02/22 08:03:17 INFO DAGScheduler: Submitting 1 missing tasks from ResultStage 8 (MapPartitionsRDD[21] at count at <unknown>:0) (first 15 tasks are for partitions Vector(0))
[2026-02-22T08:03:17.802+0000] {subprocess.py:106} INFO - 26/02/22 08:03:17 INFO TaskSchedulerImpl: Adding task set 8.0 with 1 tasks resource profile 0
[2026-02-22T08:03:17.803+0000] {subprocess.py:106} INFO - 26/02/22 08:03:17 INFO BlockManagerInfo: Removed broadcast_11_piece0 on 172.30.0.7:32775 in memory (size: 9.8 KiB, free: 433.9 MiB)
[2026-02-22T08:03:17.804+0000] {subprocess.py:106} INFO - 26/02/22 08:03:17 INFO TaskSetManager: Starting task 0.0 in stage 8.0 (TID 6) (172.30.0.7, executor 0, partition 0, NODE_LOCAL, 9976 bytes)
[2026-02-22T08:03:17.805+0000] {subprocess.py:106} INFO - 26/02/22 08:03:17 INFO BlockManagerInfo: Removed broadcast_11_piece0 on 499f1d118d82:39567 in memory (size: 9.8 KiB, free: 433.9 MiB)
[2026-02-22T08:03:17.832+0000] {subprocess.py:106} INFO - 26/02/22 08:03:17 INFO BlockManagerInfo: Added broadcast_12_piece0 in memory on 172.30.0.7:32775 (size: 5.9 KiB, free: 433.9 MiB)
[2026-02-22T08:03:17.847+0000] {subprocess.py:106} INFO - 26/02/22 08:03:17 INFO MapOutputTrackerMasterEndpoint: Asked to send map output locations for shuffle 1 to 172.30.0.7:58658
[2026-02-22T08:03:17.912+0000] {subprocess.py:106} INFO - 26/02/22 08:03:17 INFO TaskSetManager: Finished task 0.0 in stage 8.0 (TID 6) in 110 ms on 172.30.0.7 (executor 0) (1/1)
[2026-02-22T08:03:17.915+0000] {subprocess.py:106} INFO - 26/02/22 08:03:17 INFO TaskSchedulerImpl: Removed TaskSet 8.0, whose tasks have all completed, from pool
[2026-02-22T08:03:17.916+0000] {subprocess.py:106} INFO - 26/02/22 08:03:17 INFO DAGScheduler: ResultStage 8 (count at <unknown>:0) finished in 0.135 s
[2026-02-22T08:03:17.917+0000] {subprocess.py:106} INFO - 26/02/22 08:03:17 INFO DAGScheduler: Job 6 is finished. Cancelling potential speculative or zombie tasks for this job
[2026-02-22T08:03:17.918+0000] {subprocess.py:106} INFO - 26/02/22 08:03:17 INFO TaskSchedulerImpl: Killing all running tasks in stage 8: Stage finished
[2026-02-22T08:03:17.918+0000] {subprocess.py:106} INFO - 26/02/22 08:03:17 INFO DAGScheduler: Job 6 finished: count at <unknown>:0, took 0.143120 s
[2026-02-22T08:03:17.921+0000] {subprocess.py:106} INFO -  New records to append: 40
[2026-02-22T08:03:18.030+0000] {subprocess.py:106} INFO - 26/02/22 08:03:18 INFO V2ScanRelationPushDown:
[2026-02-22T08:03:18.031+0000] {subprocess.py:106} INFO - Pushing operators to iceberg.bronze.it_jobs_raw
[2026-02-22T08:03:18.032+0000] {subprocess.py:106} INFO - Pushed Filters: job_link IS NOT NULL
[2026-02-22T08:03:18.032+0000] {subprocess.py:106} INFO - Post-Scan Filters: isnotnull(job_link#79)
[2026-02-22T08:03:18.033+0000] {subprocess.py:106} INFO - 
[2026-02-22T08:03:18.034+0000] {subprocess.py:106} INFO - 26/02/22 08:03:18 INFO V2ScanRelationPushDown:
[2026-02-22T08:03:18.035+0000] {subprocess.py:106} INFO - Output: job_link#79
[2026-02-22T08:03:18.036+0000] {subprocess.py:106} INFO - 
[2026-02-22T08:03:18.037+0000] {subprocess.py:106} INFO - 26/02/22 08:03:18 INFO SnapshotScan: Scanning table iceberg.bronze.it_jobs_raw snapshot 7031703030055741942 created at 2026-02-13T13:23:26.342+00:00 with filter job_link IS NOT NULL
[2026-02-22T08:03:18.041+0000] {subprocess.py:106} INFO - 26/02/22 08:03:18 INFO BaseDistributedDataScan: Planning file tasks locally for table iceberg.bronze.it_jobs_raw
[2026-02-22T08:03:18.093+0000] {subprocess.py:106} INFO - 26/02/22 08:03:18 INFO SparkPartitioningAwareScan: Reporting UnknownPartitioning with 1 partition(s) for table iceberg.bronze.it_jobs_raw
[2026-02-22T08:03:18.134+0000] {subprocess.py:106} INFO - 26/02/22 08:03:18 INFO SparkWrite: Requesting 0 bytes advisory partition size for table iceberg.bronze.it_jobs_raw
[2026-02-22T08:03:18.134+0000] {subprocess.py:106} INFO - 26/02/22 08:03:18 INFO SparkWrite: Requesting UnspecifiedDistribution as write distribution for table iceberg.bronze.it_jobs_raw
[2026-02-22T08:03:18.135+0000] {subprocess.py:106} INFO - 26/02/22 08:03:18 INFO SparkWrite: Requesting [] as write ordering for table iceberg.bronze.it_jobs_raw
[2026-02-22T08:03:18.158+0000] {subprocess.py:106} INFO - 26/02/22 08:03:18 INFO FileSourceStrategy: Pushed Filters:
[2026-02-22T08:03:18.158+0000] {subprocess.py:106} INFO - 26/02/22 08:03:18 INFO FileSourceStrategy: Post-Scan Filters:
[2026-02-22T08:03:18.164+0000] {subprocess.py:106} INFO - 26/02/22 08:03:18 INFO MemoryStore: Block broadcast_13 stored as values in memory (estimated size 32.0 KiB, free 433.5 MiB)
[2026-02-22T08:03:18.185+0000] {subprocess.py:106} INFO - 26/02/22 08:03:18 INFO MemoryStore: Block broadcast_13_piece0 stored as bytes in memory (estimated size 30.2 KiB, free 433.5 MiB)
[2026-02-22T08:03:18.192+0000] {subprocess.py:106} INFO - 26/02/22 08:03:18 INFO BlockManagerInfo: Added broadcast_13_piece0 in memory on 499f1d118d82:39567 (size: 30.2 KiB, free: 433.8 MiB)
[2026-02-22T08:03:18.197+0000] {subprocess.py:106} INFO - 26/02/22 08:03:18 INFO BlockManagerInfo: Removed broadcast_12_piece0 on 499f1d118d82:39567 in memory (size: 5.9 KiB, free: 433.8 MiB)
[2026-02-22T08:03:18.200+0000] {subprocess.py:106} INFO - 26/02/22 08:03:18 INFO BlockManagerInfo: Removed broadcast_12_piece0 on 172.30.0.7:32775 in memory (size: 5.9 KiB, free: 433.9 MiB)
[2026-02-22T08:03:18.201+0000] {subprocess.py:106} INFO - 26/02/22 08:03:18 INFO SparkContext: Created broadcast 13 from broadcast at SparkBatch.java:79
[2026-02-22T08:03:18.206+0000] {subprocess.py:106} INFO - 26/02/22 08:03:18 INFO MemoryStore: Block broadcast_14 stored as values in memory (estimated size 32.0 KiB, free 433.5 MiB)
[2026-02-22T08:03:18.211+0000] {subprocess.py:106} INFO - 26/02/22 08:03:18 INFO MemoryStore: Block broadcast_14_piece0 stored as bytes in memory (estimated size 30.2 KiB, free 433.5 MiB)
[2026-02-22T08:03:18.220+0000] {subprocess.py:106} INFO - 26/02/22 08:03:18 INFO BlockManagerInfo: Added broadcast_14_piece0 in memory on 499f1d118d82:39567 (size: 30.2 KiB, free: 433.8 MiB)
[2026-02-22T08:03:18.224+0000] {subprocess.py:106} INFO - 26/02/22 08:03:18 INFO SparkContext: Created broadcast 14 from broadcast at SparkBatch.java:79
[2026-02-22T08:03:18.298+0000] {subprocess.py:106} INFO - 26/02/22 08:03:18 INFO SparkContext: Starting job: $anonfun$withThreadLocalCaptured$1 at <unknown>:0
[2026-02-22T08:03:18.302+0000] {subprocess.py:106} INFO - 26/02/22 08:03:18 INFO DAGScheduler: Got job 7 ($anonfun$withThreadLocalCaptured$1 at <unknown>:0) with 1 output partitions
[2026-02-22T08:03:18.303+0000] {subprocess.py:106} INFO - 26/02/22 08:03:18 INFO DAGScheduler: Final stage: ResultStage 9 ($anonfun$withThreadLocalCaptured$1 at <unknown>:0)
[2026-02-22T08:03:18.303+0000] {subprocess.py:106} INFO - 26/02/22 08:03:18 INFO DAGScheduler: Parents of final stage: List()
[2026-02-22T08:03:18.304+0000] {subprocess.py:106} INFO - 26/02/22 08:03:18 INFO DAGScheduler: Missing parents: List()
[2026-02-22T08:03:18.305+0000] {subprocess.py:106} INFO - 26/02/22 08:03:18 INFO DAGScheduler: Submitting ResultStage 9 (MapPartitionsRDD[25] at $anonfun$withThreadLocalCaptured$1 at <unknown>:0), which has no missing parents
[2026-02-22T08:03:18.305+0000] {subprocess.py:106} INFO - 26/02/22 08:03:18 INFO MemoryStore: Block broadcast_15 stored as values in memory (estimated size 13.7 KiB, free 433.5 MiB)
[2026-02-22T08:03:18.314+0000] {subprocess.py:106} INFO - 26/02/22 08:03:18 INFO MemoryStore: Block broadcast_15_piece0 stored as bytes in memory (estimated size 5.5 KiB, free 433.5 MiB)
[2026-02-22T08:03:18.315+0000] {subprocess.py:106} INFO - 26/02/22 08:03:18 INFO BlockManagerInfo: Added broadcast_15_piece0 in memory on 499f1d118d82:39567 (size: 5.5 KiB, free: 433.8 MiB)
[2026-02-22T08:03:18.316+0000] {subprocess.py:106} INFO - 26/02/22 08:03:18 INFO SparkContext: Created broadcast 15 from broadcast at DAGScheduler.scala:1585
[2026-02-22T08:03:18.317+0000] {subprocess.py:106} INFO - 26/02/22 08:03:18 INFO DAGScheduler: Submitting 1 missing tasks from ResultStage 9 (MapPartitionsRDD[25] at $anonfun$withThreadLocalCaptured$1 at <unknown>:0) (first 15 tasks are for partitions Vector(0))
[2026-02-22T08:03:18.318+0000] {subprocess.py:106} INFO - 26/02/22 08:03:18 INFO TaskSchedulerImpl: Adding task set 9.0 with 1 tasks resource profile 0
[2026-02-22T08:03:18.322+0000] {subprocess.py:106} INFO - 26/02/22 08:03:18 INFO TaskSetManager: Starting task 0.0 in stage 9.0 (TID 7) (172.30.0.7, executor 0, partition 0, PROCESS_LOCAL, 15884 bytes)
[2026-02-22T08:03:18.347+0000] {subprocess.py:106} INFO - 26/02/22 08:03:18 INFO BlockManagerInfo: Added broadcast_15_piece0 in memory on 172.30.0.7:32775 (size: 5.5 KiB, free: 433.9 MiB)
[2026-02-22T08:03:18.377+0000] {subprocess.py:106} INFO - 26/02/22 08:03:18 INFO BlockManagerInfo: Added broadcast_14_piece0 in memory on 172.30.0.7:32775 (size: 30.2 KiB, free: 433.9 MiB)
[2026-02-22T08:03:18.654+0000] {subprocess.py:106} INFO - 26/02/22 08:03:18 INFO TaskSetManager: Finished task 0.0 in stage 9.0 (TID 7) in 335 ms on 172.30.0.7 (executor 0) (1/1)
[2026-02-22T08:03:18.655+0000] {subprocess.py:106} INFO - 26/02/22 08:03:18 INFO TaskSchedulerImpl: Removed TaskSet 9.0, whose tasks have all completed, from pool
[2026-02-22T08:03:18.661+0000] {subprocess.py:106} INFO - 26/02/22 08:03:18 INFO DAGScheduler: ResultStage 9 ($anonfun$withThreadLocalCaptured$1 at <unknown>:0) finished in 0.358 s
[2026-02-22T08:03:18.667+0000] {subprocess.py:106} INFO - 26/02/22 08:03:18 INFO DAGScheduler: Job 7 is finished. Cancelling potential speculative or zombie tasks for this job
[2026-02-22T08:03:18.668+0000] {subprocess.py:106} INFO - 26/02/22 08:03:18 INFO TaskSchedulerImpl: Killing all running tasks in stage 9: Stage finished
[2026-02-22T08:03:18.669+0000] {subprocess.py:106} INFO - 26/02/22 08:03:18 INFO DAGScheduler: Job 7 finished: $anonfun$withThreadLocalCaptured$1 at <unknown>:0, took 0.368998 s
[2026-02-22T08:03:18.714+0000] {subprocess.py:106} INFO - 26/02/22 08:03:18 INFO BlockManagerInfo: Removed broadcast_15_piece0 on 499f1d118d82:39567 in memory (size: 5.5 KiB, free: 433.8 MiB)
[2026-02-22T08:03:18.728+0000] {subprocess.py:106} INFO - 26/02/22 08:03:18 INFO BlockManagerInfo: Removed broadcast_15_piece0 on 172.30.0.7:32775 in memory (size: 5.5 KiB, free: 433.9 MiB)
[2026-02-22T08:03:18.738+0000] {subprocess.py:106} INFO - 26/02/22 08:03:18 INFO MemoryStore: Block broadcast_16_piece0 stored as bytes in memory (estimated size 455.0 KiB, free 433.0 MiB)
[2026-02-22T08:03:18.739+0000] {subprocess.py:106} INFO - 26/02/22 08:03:18 INFO BlockManagerInfo: Added broadcast_16_piece0 in memory on 499f1d118d82:39567 (size: 455.0 KiB, free: 433.4 MiB)
[2026-02-22T08:03:18.741+0000] {subprocess.py:106} INFO - 26/02/22 08:03:18 INFO SparkContext: Created broadcast 16 from $anonfun$withThreadLocalCaptured$1 at <unknown>:0
[2026-02-22T08:03:18.750+0000] {subprocess.py:106} INFO - 26/02/22 08:03:18 INFO FileSourceStrategy: Pushed Filters:
[2026-02-22T08:03:18.752+0000] {subprocess.py:106} INFO - 26/02/22 08:03:18 INFO FileSourceStrategy: Post-Scan Filters:
[2026-02-22T08:03:18.820+0000] {subprocess.py:106} INFO - 26/02/22 08:03:18 INFO CodeGenerator: Code generated in 28.776114 ms
[2026-02-22T08:03:18.826+0000] {subprocess.py:106} INFO - 26/02/22 08:03:18 INFO MemoryStore: Block broadcast_17 stored as values in memory (estimated size 205.7 KiB, free 432.8 MiB)
[2026-02-22T08:03:18.844+0000] {subprocess.py:106} INFO - 26/02/22 08:03:18 INFO MemoryStore: Block broadcast_17_piece0 stored as bytes in memory (estimated size 36.1 KiB, free 432.8 MiB)
[2026-02-22T08:03:18.846+0000] {subprocess.py:106} INFO - 26/02/22 08:03:18 INFO BlockManagerInfo: Added broadcast_17_piece0 in memory on 499f1d118d82:39567 (size: 36.1 KiB, free: 433.3 MiB)
[2026-02-22T08:03:18.847+0000] {subprocess.py:106} INFO - 26/02/22 08:03:18 INFO SparkContext: Created broadcast 17 from append at <unknown>:0
[2026-02-22T08:03:18.848+0000] {subprocess.py:106} INFO - 26/02/22 08:03:18 INFO FileSourceScanExec: Planning scan with bin packing, max size: 4194304 bytes, open cost is considered as scanning 4194304 bytes.
[2026-02-22T08:03:18.861+0000] {subprocess.py:106} INFO - 26/02/22 08:03:18 INFO MemoryStore: Block broadcast_18 stored as values in memory (estimated size 32.0 KiB, free 432.8 MiB)
[2026-02-22T08:03:18.865+0000] {subprocess.py:106} INFO - 26/02/22 08:03:18 INFO MemoryStore: Block broadcast_18_piece0 stored as bytes in memory (estimated size 30.2 KiB, free 432.7 MiB)
[2026-02-22T08:03:18.866+0000] {subprocess.py:106} INFO - 26/02/22 08:03:18 INFO BlockManagerInfo: Added broadcast_18_piece0 in memory on 499f1d118d82:39567 (size: 30.2 KiB, free: 433.3 MiB)
[2026-02-22T08:03:18.867+0000] {subprocess.py:106} INFO - 26/02/22 08:03:18 INFO SparkContext: Created broadcast 18 from broadcast at SparkWrite.java:193
[2026-02-22T08:03:18.870+0000] {subprocess.py:106} INFO - 26/02/22 08:03:18 INFO AppendDataExec: Start processing data source write support: IcebergBatchWrite(table=iceberg.bronze.it_jobs_raw, format=PARQUET). The input RDD has 1 partitions.
[2026-02-22T08:03:18.880+0000] {subprocess.py:106} INFO - 26/02/22 08:03:18 INFO SparkContext: Starting job: append at <unknown>:0
[2026-02-22T08:03:18.881+0000] {subprocess.py:106} INFO - 26/02/22 08:03:18 INFO DAGScheduler: Got job 8 (append at <unknown>:0) with 1 output partitions
[2026-02-22T08:03:18.882+0000] {subprocess.py:106} INFO - 26/02/22 08:03:18 INFO DAGScheduler: Final stage: ResultStage 10 (append at <unknown>:0)
[2026-02-22T08:03:18.883+0000] {subprocess.py:106} INFO - 26/02/22 08:03:18 INFO DAGScheduler: Parents of final stage: List()
[2026-02-22T08:03:18.902+0000] {subprocess.py:106} INFO - 26/02/22 08:03:18 INFO DAGScheduler: Missing parents: List()
[2026-02-22T08:03:18.906+0000] {subprocess.py:106} INFO - 26/02/22 08:03:18 INFO DAGScheduler: Submitting ResultStage 10 (MapPartitionsRDD[28] at append at <unknown>:0), which has no missing parents
[2026-02-22T08:03:18.910+0000] {subprocess.py:106} INFO - 26/02/22 08:03:18 INFO BlockManagerInfo: Removed broadcast_6_piece0 on 499f1d118d82:39567 in memory (size: 30.2 KiB, free: 433.3 MiB)
[2026-02-22T08:03:18.913+0000] {subprocess.py:106} INFO - 26/02/22 08:03:18 INFO MemoryStore: Block broadcast_19 stored as values in memory (estimated size 22.8 KiB, free 432.8 MiB)
[2026-02-22T08:03:18.916+0000] {subprocess.py:106} INFO - 26/02/22 08:03:18 INFO MemoryStore: Block broadcast_19_piece0 stored as bytes in memory (estimated size 10.2 KiB, free 432.8 MiB)
[2026-02-22T08:03:18.917+0000] {subprocess.py:106} INFO - 26/02/22 08:03:18 INFO BlockManagerInfo: Added broadcast_19_piece0 in memory on 499f1d118d82:39567 (size: 10.2 KiB, free: 433.3 MiB)
[2026-02-22T08:03:18.918+0000] {subprocess.py:106} INFO - 26/02/22 08:03:18 INFO SparkContext: Created broadcast 19 from broadcast at DAGScheduler.scala:1585
[2026-02-22T08:03:18.920+0000] {subprocess.py:106} INFO - 26/02/22 08:03:18 INFO DAGScheduler: Submitting 1 missing tasks from ResultStage 10 (MapPartitionsRDD[28] at append at <unknown>:0) (first 15 tasks are for partitions Vector(0))
[2026-02-22T08:03:18.921+0000] {subprocess.py:106} INFO - 26/02/22 08:03:18 INFO TaskSchedulerImpl: Adding task set 10.0 with 1 tasks resource profile 0
[2026-02-22T08:03:18.923+0000] {subprocess.py:106} INFO - 26/02/22 08:03:18 INFO TaskSetManager: Starting task 0.0 in stage 10.0 (TID 8) (172.30.0.7, executor 0, partition 0, PROCESS_LOCAL, 10579 bytes)
[2026-02-22T08:03:18.946+0000] {subprocess.py:106} INFO - 26/02/22 08:03:18 INFO BlockManagerInfo: Added broadcast_19_piece0 in memory on 172.30.0.7:32775 (size: 10.2 KiB, free: 433.9 MiB)
[2026-02-22T08:03:19.040+0000] {subprocess.py:106} INFO - 26/02/22 08:03:19 INFO BlockManagerInfo: Added broadcast_16_piece0 in memory on 172.30.0.7:32775 (size: 455.0 KiB, free: 433.4 MiB)
[2026-02-22T08:03:19.100+0000] {subprocess.py:106} INFO - 26/02/22 08:03:19 INFO BlockManagerInfo: Added broadcast_18_piece0 in memory on 172.30.0.7:32775 (size: 30.2 KiB, free: 433.4 MiB)
[2026-02-22T08:03:19.487+0000] {subprocess.py:106} INFO - 26/02/22 08:03:19 INFO BlockManagerInfo: Added broadcast_17_piece0 in memory on 172.30.0.7:32775 (size: 36.1 KiB, free: 433.3 MiB)
[2026-02-22T08:03:20.037+0000] {subprocess.py:106} INFO - 26/02/22 08:03:20 INFO TaskSetManager: Finished task 0.0 in stage 10.0 (TID 8) in 1113 ms on 172.30.0.7 (executor 0) (1/1)
[2026-02-22T08:03:20.038+0000] {subprocess.py:106} INFO - 26/02/22 08:03:20 INFO TaskSchedulerImpl: Removed TaskSet 10.0, whose tasks have all completed, from pool
[2026-02-22T08:03:20.038+0000] {subprocess.py:106} INFO - 26/02/22 08:03:20 INFO DAGScheduler: ResultStage 10 (append at <unknown>:0) finished in 1.131 s
[2026-02-22T08:03:20.039+0000] {subprocess.py:106} INFO - 26/02/22 08:03:20 INFO DAGScheduler: Job 8 is finished. Cancelling potential speculative or zombie tasks for this job
[2026-02-22T08:03:20.040+0000] {subprocess.py:106} INFO - 26/02/22 08:03:20 INFO TaskSchedulerImpl: Killing all running tasks in stage 10: Stage finished
[2026-02-22T08:03:20.041+0000] {subprocess.py:106} INFO - 26/02/22 08:03:20 INFO DAGScheduler: Job 8 finished: append at <unknown>:0, took 1.158431 s
[2026-02-22T08:03:20.041+0000] {subprocess.py:106} INFO - 26/02/22 08:03:20 INFO AppendDataExec: Data source write support IcebergBatchWrite(table=iceberg.bronze.it_jobs_raw, format=PARQUET) is committing.
[2026-02-22T08:03:20.069+0000] {subprocess.py:106} INFO - 26/02/22 08:03:20 INFO SparkWrite: Committing append with 1 new data files to table iceberg.bronze.it_jobs_raw
[2026-02-22T08:03:20.259+0000] {subprocess.py:106} INFO - 26/02/22 08:03:20 INFO BlockManagerInfo: Removed broadcast_19_piece0 on 499f1d118d82:39567 in memory (size: 10.2 KiB, free: 433.3 MiB)
[2026-02-22T08:03:20.264+0000] {subprocess.py:106} INFO - 26/02/22 08:03:20 INFO BlockManagerInfo: Removed broadcast_19_piece0 on 172.30.0.7:32775 in memory (size: 10.2 KiB, free: 433.4 MiB)
[2026-02-22T08:03:20.839+0000] {subprocess.py:106} INFO - 26/02/22 08:03:20 INFO HiveTableOperations: Committed to table iceberg.bronze.it_jobs_raw with the new metadata location s3a://warehouse/iceberg_data/bronze.db/it_jobs_raw/metadata/00003-256cf711-7cbe-4986-b941-6ef2ac543baf.metadata.json
[2026-02-22T08:03:20.840+0000] {subprocess.py:106} INFO - 26/02/22 08:03:20 INFO BaseMetastoreTableOperations: Successfully committed to table iceberg.bronze.it_jobs_raw in 318 ms
[2026-02-22T08:03:20.840+0000] {subprocess.py:106} INFO - 26/02/22 08:03:20 INFO SnapshotProducer: Committed snapshot 120680815292889366 (MergeAppend)
[2026-02-22T08:03:20.860+0000] {subprocess.py:106} INFO - 26/02/22 08:03:20 INFO BaseMetastoreTableOperations: Refreshing table metadata from new version: s3a://warehouse/iceberg_data/bronze.db/it_jobs_raw/metadata/00003-256cf711-7cbe-4986-b941-6ef2ac543baf.metadata.json
[2026-02-22T08:03:20.888+0000] {subprocess.py:106} INFO - 26/02/22 08:03:20 INFO BlockManagerInfo: Removed broadcast_10_piece0 on 499f1d118d82:39567 in memory (size: 36.1 KiB, free: 433.4 MiB)
[2026-02-22T08:03:20.896+0000] {subprocess.py:106} INFO - 26/02/22 08:03:20 INFO BlockManagerInfo: Removed broadcast_10_piece0 on 172.30.0.7:32775 in memory (size: 36.1 KiB, free: 433.4 MiB)
[2026-02-22T08:03:20.914+0000] {subprocess.py:106} INFO - 26/02/22 08:03:20 INFO BlockManagerInfo: Removed broadcast_9_piece0 on 499f1d118d82:39567 in memory (size: 455.0 KiB, free: 433.8 MiB)
[2026-02-22T08:03:20.915+0000] {subprocess.py:106} INFO - 26/02/22 08:03:20 INFO BlockManagerInfo: Removed broadcast_9_piece0 on 172.30.0.7:32775 in memory (size: 455.0 KiB, free: 433.8 MiB)
[2026-02-22T08:03:20.930+0000] {subprocess.py:106} INFO - 26/02/22 08:03:20 INFO BlockManagerInfo: Removed broadcast_7_piece0 on 499f1d118d82:39567 in memory (size: 30.2 KiB, free: 433.8 MiB)
[2026-02-22T08:03:20.932+0000] {subprocess.py:106} INFO - 26/02/22 08:03:20 INFO BlockManagerInfo: Removed broadcast_7_piece0 on 172.30.0.7:32775 in memory (size: 30.2 KiB, free: 433.9 MiB)
[2026-02-22T08:03:20.983+0000] {subprocess.py:106} INFO - 26/02/22 08:03:20 INFO LoggingMetricsReporter: Received metrics report: CommitReport{tableName=iceberg.bronze.it_jobs_raw, snapshotId=120680815292889366, sequenceNumber=4, operation=append, commitMetrics=CommitMetricsResult{totalDuration=TimerResult{timeUnit=NANOSECONDS, totalDuration=PT0.884570089S, count=1}, attempts=CounterResult{unit=COUNT, value=1}, addedDataFiles=CounterResult{unit=COUNT, value=1}, removedDataFiles=null, totalDataFiles=CounterResult{unit=COUNT, value=4}, addedDeleteFiles=null, addedEqualityDeleteFiles=null, addedPositionalDeleteFiles=null, removedDeleteFiles=null, removedEqualityDeleteFiles=null, removedPositionalDeleteFiles=null, totalDeleteFiles=CounterResult{unit=COUNT, value=0}, addedRecords=CounterResult{unit=COUNT, value=40}, removedRecords=null, totalRecords=CounterResult{unit=COUNT, value=7816}, addedFilesSizeInBytes=CounterResult{unit=BYTES, value=9104}, removedFilesSizeInBytes=null, totalFilesSizeInBytes=CounterResult{unit=BYTES, value=337024}, addedPositionalDeletes=null, removedPositionalDeletes=null, totalPositionalDeletes=CounterResult{unit=COUNT, value=0}, addedEqualityDeletes=null, removedEqualityDeletes=null, totalEqualityDeletes=CounterResult{unit=COUNT, value=0}}, metadata={engine-version=3.5.3, app-id=app-20260222080238-0001, engine-name=spark, iceberg-version=Apache Iceberg 1.6.1 (commit 8e9d59d299be42b0bca9461457cd1e95dbaad086)}}
[2026-02-22T08:03:20.984+0000] {subprocess.py:106} INFO - 26/02/22 08:03:20 INFO SparkWrite: Committed in 913 ms
[2026-02-22T08:03:20.985+0000] {subprocess.py:106} INFO - 26/02/22 08:03:20 INFO AppendDataExec: Data source write support IcebergBatchWrite(table=iceberg.bronze.it_jobs_raw, format=PARQUET) committed.
[2026-02-22T08:03:20.987+0000] {subprocess.py:106} INFO - Append success.
[2026-02-22T08:03:20.988+0000] {subprocess.py:106} INFO - Process finished. Data available at: iceberg.bronze.it_jobs_raw
[2026-02-22T08:03:20.989+0000] {subprocess.py:106} INFO - 26/02/22 08:03:20 INFO SparkContext: SparkContext is stopping with exitCode 0.
[2026-02-22T08:03:21.006+0000] {subprocess.py:106} INFO - 26/02/22 08:03:21 INFO SparkUI: Stopped Spark web UI at http://499f1d118d82:4040
[2026-02-22T08:03:21.012+0000] {subprocess.py:106} INFO - 26/02/22 08:03:21 INFO StandaloneSchedulerBackend: Shutting down all executors
[2026-02-22T08:03:21.013+0000] {subprocess.py:106} INFO - 26/02/22 08:03:21 INFO StandaloneSchedulerBackend$StandaloneDriverEndpoint: Asking each executor to shut down
[2026-02-22T08:03:21.037+0000] {subprocess.py:106} INFO - 26/02/22 08:03:21 INFO MapOutputTrackerMasterEndpoint: MapOutputTrackerMasterEndpoint stopped!
[2026-02-22T08:03:21.065+0000] {subprocess.py:106} INFO - 26/02/22 08:03:21 INFO MemoryStore: MemoryStore cleared
[2026-02-22T08:03:21.066+0000] {subprocess.py:106} INFO - 26/02/22 08:03:21 INFO BlockManager: BlockManager stopped
[2026-02-22T08:03:21.069+0000] {subprocess.py:106} INFO - 26/02/22 08:03:21 INFO BlockManagerMaster: BlockManagerMaster stopped
[2026-02-22T08:03:21.075+0000] {subprocess.py:106} INFO - 26/02/22 08:03:21 INFO OutputCommitCoordinator$OutputCommitCoordinatorEndpoint: OutputCommitCoordinator stopped!
[2026-02-22T08:03:21.130+0000] {subprocess.py:106} INFO - 26/02/22 08:03:21 INFO SparkContext: Successfully stopped SparkContext
[2026-02-22T08:03:21.621+0000] {subprocess.py:106} INFO - 26/02/22 08:03:21 INFO ShutdownHookManager: Shutdown hook called
[2026-02-22T08:03:21.623+0000] {subprocess.py:106} INFO - 26/02/22 08:03:21 INFO ShutdownHookManager: Deleting directory /tmp/spark-b8189139-1d5d-48a5-9346-9ca87dbd6d09
[2026-02-22T08:03:21.628+0000] {subprocess.py:106} INFO - 26/02/22 08:03:21 INFO ShutdownHookManager: Deleting directory /tmp/spark-2c112c33-9681-4fe9-892c-c63b82b91d63
[2026-02-22T08:03:21.636+0000] {subprocess.py:106} INFO - 26/02/22 08:03:21 INFO ShutdownHookManager: Deleting directory /tmp/spark-2c112c33-9681-4fe9-892c-c63b82b91d63/pyspark-b2ccd6e3-2664-4e8a-9be2-fe141fbff609
[2026-02-22T08:03:21.650+0000] {subprocess.py:106} INFO - 26/02/22 08:03:21 INFO MetricsSystemImpl: Stopping s3a-file-system metrics system...
[2026-02-22T08:03:21.651+0000] {subprocess.py:106} INFO - 26/02/22 08:03:21 INFO MetricsSystemImpl: s3a-file-system metrics system stopped.
[2026-02-22T08:03:21.652+0000] {subprocess.py:106} INFO - 26/02/22 08:03:21 INFO MetricsSystemImpl: s3a-file-system metrics system shutdown complete.
[2026-02-22T08:03:21.768+0000] {subprocess.py:110} INFO - Command exited with return code 0
[2026-02-22T08:03:21.879+0000] {taskinstance.py:341} INFO - ::group::Post task execution logs
[2026-02-22T08:03:21.881+0000] {taskinstance.py:353} INFO - Marking task as SUCCESS. dag_id=crawl_etl_itjob, task_id=load_bronze, run_id=scheduled__2026-02-21T02:00:00+00:00, execution_date=20260221T020000, start_date=20260222T080232, end_date=20260222T080321
[2026-02-22T08:03:22.015+0000] {local_task_job_runner.py:266} INFO - Task exited with return code 0
[2026-02-22T08:03:22.068+0000] {taskinstance.py:3901} INFO - 1 downstream tasks scheduled from follow-on schedule check
[2026-02-22T08:03:22.070+0000] {local_task_job_runner.py:245} INFO - ::endgroup::
