[2025-10-30T09:51:47.046+0000] {local_task_job_runner.py:123} INFO - ::group::Pre task execution logs
[2025-10-30T09:51:47.080+0000] {taskinstance.py:2614} INFO - Dependencies all met for dep_context=non-requeueable deps ti=<TaskInstance: etl_without_crawl.put_hdfs manual__2025-10-30T09:48:12.012581+00:00 [queued]>
[2025-10-30T09:51:47.089+0000] {taskinstance.py:2614} INFO - Dependencies all met for dep_context=requeueable deps ti=<TaskInstance: etl_without_crawl.put_hdfs manual__2025-10-30T09:48:12.012581+00:00 [queued]>
[2025-10-30T09:51:47.090+0000] {taskinstance.py:2867} INFO - Starting attempt 2 of 3
[2025-10-30T09:51:47.103+0000] {taskinstance.py:2890} INFO - Executing <Task(BashOperator): put_hdfs> on 2025-10-30 09:48:12.012581+00:00
[2025-10-30T09:51:47.108+0000] {standard_task_runner.py:72} INFO - Started process 45 to run task
[2025-10-30T09:51:47.112+0000] {standard_task_runner.py:104} INFO - Running: ['***', 'tasks', 'run', 'etl_without_crawl', 'put_hdfs', 'manual__2025-10-30T09:48:12.012581+00:00', '--job-id', '57', '--raw', '--subdir', 'DAGS_FOLDER/ETL_Without_Crawl.py', '--cfg-path', '/tmp/tmpdclt38zr']
[2025-10-30T09:51:47.113+0000] {standard_task_runner.py:105} INFO - Job 57: Subtask put_hdfs
[2025-10-30T09:51:47.138+0000] {warnings.py:109} WARNING - /home/***/.local/lib/python3.8/site-packages/***/settings.py:209: DeprecationWarning: The sql_alchemy_conn option in [core] has been moved to the sql_alchemy_conn option in [database] - the old setting has been used, but please update your config.
  SQL_ALCHEMY_CONN = conf.get("database", "SQL_ALCHEMY_CONN")

[2025-10-30T09:51:47.207+0000] {task_command.py:467} INFO - Running <TaskInstance: etl_without_crawl.put_hdfs manual__2025-10-30T09:48:12.012581+00:00 [running]> on host a1de7f96d4f1
[2025-10-30T09:51:47.320+0000] {taskinstance.py:3134} INFO - Exporting env vars: AIRFLOW_CTX_DAG_EMAIL='alert@datateam.local' AIRFLOW_CTX_DAG_OWNER='***' AIRFLOW_CTX_DAG_ID='etl_without_crawl' AIRFLOW_CTX_TASK_ID='put_hdfs' AIRFLOW_CTX_EXECUTION_DATE='2025-10-30T09:48:12.012581+00:00' AIRFLOW_CTX_TRY_NUMBER='2' AIRFLOW_CTX_DAG_RUN_ID='manual__2025-10-30T09:48:12.012581+00:00'
[2025-10-30T09:51:47.321+0000] {taskinstance.py:732} INFO - ::endgroup::
[2025-10-30T09:51:47.333+0000] {subprocess.py:78} INFO - Tmp dir root location: /tmp
[2025-10-30T09:51:47.334+0000] {subprocess.py:88} INFO - Running command: ['/bin/bash', '-c', 'echo " Upload local CSV lên HDFS..." && python3 /opt/spark/scripts/puthdfs.py']
[2025-10-30T09:51:47.345+0000] {subprocess.py:99} INFO - Output:
[2025-10-30T09:51:47.348+0000] {subprocess.py:106} INFO -  Upload local CSV lên HDFS...
[2025-10-30T09:51:47.418+0000] {subprocess.py:106} INFO - python3: can't open file '/opt/spark/scripts/puthdfs.py': [Errno 2] No such file or directory
[2025-10-30T09:51:47.421+0000] {subprocess.py:110} INFO - Command exited with return code 2
[2025-10-30T09:51:47.442+0000] {taskinstance.py:3313} ERROR - Task failed with exception
Traceback (most recent call last):
  File "/home/airflow/.local/lib/python3.8/site-packages/airflow/models/taskinstance.py", line 768, in _execute_task
    result = _execute_callable(context=context, **execute_callable_kwargs)
  File "/home/airflow/.local/lib/python3.8/site-packages/airflow/models/taskinstance.py", line 734, in _execute_callable
    return ExecutionCallableRunner(
  File "/home/airflow/.local/lib/python3.8/site-packages/airflow/utils/operator_helpers.py", line 252, in run
    return self.func(*args, **kwargs)
  File "/home/airflow/.local/lib/python3.8/site-packages/airflow/models/baseoperator.py", line 424, in wrapper
    return func(self, *args, **kwargs)
  File "/home/airflow/.local/lib/python3.8/site-packages/airflow/operators/bash.py", line 276, in execute
    raise AirflowException(
airflow.exceptions.AirflowException: Bash command failed. The command returned a non-zero exit code 2.
[2025-10-30T09:51:47.456+0000] {taskinstance.py:1226} INFO - Marking task as UP_FOR_RETRY. dag_id=etl_without_crawl, task_id=put_hdfs, run_id=manual__2025-10-30T09:48:12.012581+00:00, execution_date=20251030T094812, start_date=20251030T095147, end_date=20251030T095147
[2025-10-30T09:51:47.522+0000] {taskinstance.py:341} INFO - ::group::Post task execution logs
[2025-10-30T09:51:47.523+0000] {standard_task_runner.py:124} ERROR - Failed to execute job 57 for task put_hdfs (Bash command failed. The command returned a non-zero exit code 2.; 45)
Traceback (most recent call last):
  File "/home/airflow/.local/lib/python3.8/site-packages/airflow/task/task_runner/standard_task_runner.py", line 117, in _start_by_fork
    ret = args.func(args, dag=self.dag)
  File "/home/airflow/.local/lib/python3.8/site-packages/airflow/cli/cli_config.py", line 49, in command
    return func(*args, **kwargs)
  File "/home/airflow/.local/lib/python3.8/site-packages/airflow/utils/cli.py", line 116, in wrapper
    return f(*args, **kwargs)
  File "/home/airflow/.local/lib/python3.8/site-packages/airflow/cli/commands/task_command.py", line 483, in task_run
    task_return_code = _run_task_by_selected_method(args, _dag, ti)
  File "/home/airflow/.local/lib/python3.8/site-packages/airflow/cli/commands/task_command.py", line 256, in _run_task_by_selected_method
    return _run_raw_task(args, ti)
  File "/home/airflow/.local/lib/python3.8/site-packages/airflow/cli/commands/task_command.py", line 341, in _run_raw_task
    return ti._run_raw_task(
  File "/home/airflow/.local/lib/python3.8/site-packages/airflow/utils/session.py", line 97, in wrapper
    return func(*args, session=session, **kwargs)
  File "/home/airflow/.local/lib/python3.8/site-packages/airflow/models/taskinstance.py", line 3006, in _run_raw_task
    return _run_raw_task(
  File "/home/airflow/.local/lib/python3.8/site-packages/airflow/models/taskinstance.py", line 274, in _run_raw_task
    TaskInstance._execute_task_with_callbacks(
  File "/home/airflow/.local/lib/python3.8/site-packages/airflow/models/taskinstance.py", line 3161, in _execute_task_with_callbacks
    result = self._execute_task(context, task_orig)
  File "/home/airflow/.local/lib/python3.8/site-packages/airflow/models/taskinstance.py", line 3185, in _execute_task
    return _execute_task(self, context, task_orig)
  File "/home/airflow/.local/lib/python3.8/site-packages/airflow/models/taskinstance.py", line 768, in _execute_task
    result = _execute_callable(context=context, **execute_callable_kwargs)
  File "/home/airflow/.local/lib/python3.8/site-packages/airflow/models/taskinstance.py", line 734, in _execute_callable
    return ExecutionCallableRunner(
  File "/home/airflow/.local/lib/python3.8/site-packages/airflow/utils/operator_helpers.py", line 252, in run
    return self.func(*args, **kwargs)
  File "/home/airflow/.local/lib/python3.8/site-packages/airflow/models/baseoperator.py", line 424, in wrapper
    return func(self, *args, **kwargs)
  File "/home/airflow/.local/lib/python3.8/site-packages/airflow/operators/bash.py", line 276, in execute
    raise AirflowException(
airflow.exceptions.AirflowException: Bash command failed. The command returned a non-zero exit code 2.
[2025-10-30T09:51:47.565+0000] {local_task_job_runner.py:266} INFO - Task exited with return code 1
[2025-10-30T09:51:47.605+0000] {taskinstance.py:3901} INFO - 0 downstream tasks scheduled from follow-on schedule check
[2025-10-30T09:51:47.607+0000] {local_task_job_runner.py:245} INFO - ::endgroup::
