[2025-11-15T05:24:06.048+0000] {local_task_job_runner.py:123} INFO - ::group::Pre task execution logs
[2025-11-15T05:24:06.078+0000] {taskinstance.py:2614} INFO - Dependencies all met for dep_context=non-requeueable deps ti=<TaskInstance: crawl_etl_itjob.load_bronze scheduled__2025-11-13T02:00:00+00:00 [queued]>
[2025-11-15T05:24:06.088+0000] {taskinstance.py:2614} INFO - Dependencies all met for dep_context=requeueable deps ti=<TaskInstance: crawl_etl_itjob.load_bronze scheduled__2025-11-13T02:00:00+00:00 [queued]>
[2025-11-15T05:24:06.088+0000] {taskinstance.py:2867} INFO - Starting attempt 1 of 2
[2025-11-15T05:24:06.099+0000] {taskinstance.py:2890} INFO - Executing <Task(BashOperator): load_bronze> on 2025-11-13 02:00:00+00:00
[2025-11-15T05:24:06.103+0000] {standard_task_runner.py:72} INFO - Started process 55 to run task
[2025-11-15T05:24:06.106+0000] {standard_task_runner.py:104} INFO - Running: ['***', 'tasks', 'run', 'crawl_etl_itjob', 'load_bronze', 'scheduled__2025-11-13T02:00:00+00:00', '--job-id', '160', '--raw', '--subdir', 'DAGS_FOLDER/Crawl_ETL_ITJob.py', '--cfg-path', '/tmp/tmpywxow9tf']
[2025-11-15T05:24:06.108+0000] {standard_task_runner.py:105} INFO - Job 160: Subtask load_bronze
[2025-11-15T05:24:06.128+0000] {warnings.py:109} WARNING - /home/***/.local/lib/python3.8/site-packages/***/settings.py:209: DeprecationWarning: The sql_alchemy_conn option in [core] has been moved to the sql_alchemy_conn option in [database] - the old setting has been used, but please update your config.
  SQL_ALCHEMY_CONN = conf.get("database", "SQL_ALCHEMY_CONN")

[2025-11-15T05:24:06.196+0000] {task_command.py:467} INFO - Running <TaskInstance: crawl_etl_itjob.load_bronze scheduled__2025-11-13T02:00:00+00:00 [running]> on host a1de7f96d4f1
[2025-11-15T05:24:06.197+0000] {warnings.py:109} WARNING - /home/***/.local/lib/python3.8/site-packages/***/settings.py:470: DeprecationWarning: The sql_alchemy_conn option in [core] has been moved to the sql_alchemy_conn option in [database] - the old setting has been used, but please update your config.
  if conf.get("database", "sql_alchemy_conn") == "none://":

[2025-11-15T05:24:06.315+0000] {taskinstance.py:3134} INFO - Exporting env vars: AIRFLOW_CTX_DAG_EMAIL='alert@datateam.local' AIRFLOW_CTX_DAG_OWNER='***' AIRFLOW_CTX_DAG_ID='crawl_etl_itjob' AIRFLOW_CTX_TASK_ID='load_bronze' AIRFLOW_CTX_EXECUTION_DATE='2025-11-13T02:00:00+00:00' AIRFLOW_CTX_TRY_NUMBER='1' AIRFLOW_CTX_DAG_RUN_ID='scheduled__2025-11-13T02:00:00+00:00'
[2025-11-15T05:24:06.316+0000] {taskinstance.py:732} INFO - ::endgroup::
[2025-11-15T05:24:06.334+0000] {subprocess.py:78} INFO - Tmp dir root location: /tmp
[2025-11-15T05:24:06.336+0000] {subprocess.py:88} INFO - Running command: ['/bin/bash', '-c', "\n        docker exec spark-submit bash -c '\n        /opt/spark/bin/spark-submit         --master spark://spark-master:7077         --deploy-mode client         --packages org.apache.iceberg:iceberg-spark-runtime-3.5_2.12:1.5.0         /opt/spark/scripts/Load_Bronze.py\n        '\n        "]
[2025-11-15T05:24:06.345+0000] {subprocess.py:99} INFO - Output:
[2025-11-15T05:24:08.801+0000] {subprocess.py:106} INFO - :: loading settings :: url = jar:file:/opt/spark/jars/ivy-2.5.1.jar!/org/apache/ivy/core/settings/ivysettings.xml
[2025-11-15T05:24:08.994+0000] {subprocess.py:106} INFO - Ivy Default Cache set to: /home/spark/.ivy2/cache
[2025-11-15T05:24:08.995+0000] {subprocess.py:106} INFO - The jars for the packages stored in: /home/spark/.ivy2/jars
[2025-11-15T05:24:09.004+0000] {subprocess.py:106} INFO - org.apache.iceberg#iceberg-spark-runtime-3.5_2.12 added as a dependency
[2025-11-15T05:24:09.005+0000] {subprocess.py:106} INFO - :: resolving dependencies :: org.apache.spark#spark-submit-parent-210d6a65-e8c3-45b3-9bec-dddcdda761d4;1.0
[2025-11-15T05:24:09.005+0000] {subprocess.py:106} INFO - 	confs: [default]
[2025-11-15T05:24:09.174+0000] {subprocess.py:106} INFO - 	found org.apache.iceberg#iceberg-spark-runtime-3.5_2.12;1.5.0 in central
[2025-11-15T05:24:09.199+0000] {subprocess.py:106} INFO - :: resolution report :: resolve 186ms :: artifacts dl 8ms
[2025-11-15T05:24:09.200+0000] {subprocess.py:106} INFO - 	:: modules in use:
[2025-11-15T05:24:09.200+0000] {subprocess.py:106} INFO - 	org.apache.iceberg#iceberg-spark-runtime-3.5_2.12;1.5.0 from central in [default]
[2025-11-15T05:24:09.201+0000] {subprocess.py:106} INFO - 	---------------------------------------------------------------------
[2025-11-15T05:24:09.202+0000] {subprocess.py:106} INFO - 	|                  |            modules            ||   artifacts   |
[2025-11-15T05:24:09.203+0000] {subprocess.py:106} INFO - 	|       conf       | number| search|dwnlded|evicted|| number|dwnlded|
[2025-11-15T05:24:09.204+0000] {subprocess.py:106} INFO - 	---------------------------------------------------------------------
[2025-11-15T05:24:09.205+0000] {subprocess.py:106} INFO - 	|      default     |   1   |   0   |   0   |   0   ||   1   |   0   |
[2025-11-15T05:24:09.206+0000] {subprocess.py:106} INFO - 	---------------------------------------------------------------------
[2025-11-15T05:24:09.207+0000] {subprocess.py:106} INFO - :: retrieving :: org.apache.spark#spark-submit-parent-210d6a65-e8c3-45b3-9bec-dddcdda761d4
[2025-11-15T05:24:09.208+0000] {subprocess.py:106} INFO - 	confs: [default]
[2025-11-15T05:24:09.215+0000] {subprocess.py:106} INFO - 	0 artifacts copied, 1 already retrieved (0kB/10ms)
[2025-11-15T05:24:09.493+0000] {subprocess.py:106} INFO - 25/11/15 05:24:09 WARN NativeCodeLoader: Unable to load native-hadoop library for your platform... using builtin-java classes where applicable
[2025-11-15T05:24:10.585+0000] {subprocess.py:106} INFO - 25/11/15 05:24:10 INFO SparkContext: Running Spark version 3.5.3
[2025-11-15T05:24:10.587+0000] {subprocess.py:106} INFO - 25/11/15 05:24:10 INFO SparkContext: OS info Linux, 6.6.87.2-microsoft-standard-WSL2, amd64
[2025-11-15T05:24:10.593+0000] {subprocess.py:106} INFO - 25/11/15 05:24:10 INFO SparkContext: Java version 11.0.24
[2025-11-15T05:24:10.613+0000] {subprocess.py:106} INFO - 25/11/15 05:24:10 INFO ResourceUtils: ==============================================================
[2025-11-15T05:24:10.614+0000] {subprocess.py:106} INFO - 25/11/15 05:24:10 INFO ResourceUtils: No custom resources configured for spark.driver.
[2025-11-15T05:24:10.614+0000] {subprocess.py:106} INFO - 25/11/15 05:24:10 INFO ResourceUtils: ==============================================================
[2025-11-15T05:24:10.615+0000] {subprocess.py:106} INFO - 25/11/15 05:24:10 INFO SparkContext: Submitted application: Load_Bronze_Hive_Iceberg
[2025-11-15T05:24:10.646+0000] {subprocess.py:106} INFO - 25/11/15 05:24:10 INFO ResourceProfile: Default ResourceProfile created, executor resources: Map(memory -> name: memory, amount: 1024, script: , vendor: , offHeap -> name: offHeap, amount: 0, script: , vendor: ), task resources: Map(cpus -> name: cpus, amount: 1.0)
[2025-11-15T05:24:10.658+0000] {subprocess.py:106} INFO - 25/11/15 05:24:10 INFO ResourceProfile: Limiting resource is cpu
[2025-11-15T05:24:10.659+0000] {subprocess.py:106} INFO - 25/11/15 05:24:10 INFO ResourceProfileManager: Added ResourceProfile id: 0
[2025-11-15T05:24:10.735+0000] {subprocess.py:106} INFO - 25/11/15 05:24:10 INFO SecurityManager: Changing view acls to: spark
[2025-11-15T05:24:10.736+0000] {subprocess.py:106} INFO - 25/11/15 05:24:10 INFO SecurityManager: Changing modify acls to: spark
[2025-11-15T05:24:10.736+0000] {subprocess.py:106} INFO - 25/11/15 05:24:10 INFO SecurityManager: Changing view acls groups to:
[2025-11-15T05:24:10.736+0000] {subprocess.py:106} INFO - 25/11/15 05:24:10 INFO SecurityManager: Changing modify acls groups to:
[2025-11-15T05:24:10.737+0000] {subprocess.py:106} INFO - 25/11/15 05:24:10 INFO SecurityManager: SecurityManager: authentication disabled; ui acls disabled; users with view permissions: spark; groups with view permissions: EMPTY; users with modify permissions: spark; groups with modify permissions: EMPTY
[2025-11-15T05:24:10.973+0000] {subprocess.py:106} INFO - 25/11/15 05:24:10 INFO Utils: Successfully started service 'sparkDriver' on port 42103.
[2025-11-15T05:24:11.008+0000] {subprocess.py:106} INFO - 25/11/15 05:24:11 INFO SparkEnv: Registering MapOutputTracker
[2025-11-15T05:24:11.049+0000] {subprocess.py:106} INFO - 25/11/15 05:24:11 INFO SparkEnv: Registering BlockManagerMaster
[2025-11-15T05:24:11.069+0000] {subprocess.py:106} INFO - 25/11/15 05:24:11 INFO BlockManagerMasterEndpoint: Using org.apache.spark.storage.DefaultTopologyMapper for getting topology information
[2025-11-15T05:24:11.070+0000] {subprocess.py:106} INFO - 25/11/15 05:24:11 INFO BlockManagerMasterEndpoint: BlockManagerMasterEndpoint up
[2025-11-15T05:24:11.075+0000] {subprocess.py:106} INFO - 25/11/15 05:24:11 INFO SparkEnv: Registering BlockManagerMasterHeartbeat
[2025-11-15T05:24:11.107+0000] {subprocess.py:106} INFO - 25/11/15 05:24:11 INFO DiskBlockManager: Created local directory at /tmp/blockmgr-7c48f902-1d45-4b22-a0d4-607e5818dddc
[2025-11-15T05:24:11.124+0000] {subprocess.py:106} INFO - 25/11/15 05:24:11 INFO MemoryStore: MemoryStore started with capacity 434.4 MiB
[2025-11-15T05:24:11.142+0000] {subprocess.py:106} INFO - 25/11/15 05:24:11 INFO SparkEnv: Registering OutputCommitCoordinator
[2025-11-15T05:24:11.283+0000] {subprocess.py:106} INFO - 25/11/15 05:24:11 INFO JettyUtils: Start Jetty 0.0.0.0:4040 for SparkUI
[2025-11-15T05:24:11.334+0000] {subprocess.py:106} INFO - 25/11/15 05:24:11 INFO Utils: Successfully started service 'SparkUI' on port 4040.
[2025-11-15T05:24:11.361+0000] {subprocess.py:106} INFO - 25/11/15 05:24:11 INFO SparkContext: Added JAR file:///home/spark/.ivy2/jars/org.apache.iceberg_iceberg-spark-runtime-3.5_2.12-1.5.0.jar at spark://68d0d8c522fe:42103/jars/org.apache.iceberg_iceberg-spark-runtime-3.5_2.12-1.5.0.jar with timestamp 1763184250573
[2025-11-15T05:24:11.364+0000] {subprocess.py:106} INFO - 25/11/15 05:24:11 INFO SparkContext: Added file file:///home/spark/.ivy2/jars/org.apache.iceberg_iceberg-spark-runtime-3.5_2.12-1.5.0.jar at spark://68d0d8c522fe:42103/files/org.apache.iceberg_iceberg-spark-runtime-3.5_2.12-1.5.0.jar with timestamp 1763184250573
[2025-11-15T05:24:11.365+0000] {subprocess.py:106} INFO - 25/11/15 05:24:11 INFO Utils: Copying /home/spark/.ivy2/jars/org.apache.iceberg_iceberg-spark-runtime-3.5_2.12-1.5.0.jar to /tmp/spark-c8a64184-12f7-4de0-9a4a-ae84c21ddde5/userFiles-23e011c4-0db5-4e9b-8de8-6b16cb56b4a3/org.apache.iceberg_iceberg-spark-runtime-3.5_2.12-1.5.0.jar
[2025-11-15T05:24:11.602+0000] {subprocess.py:106} INFO - 25/11/15 05:24:11 INFO StandaloneAppClient$ClientEndpoint: Connecting to master spark://spark-master:7077...
[2025-11-15T05:24:11.640+0000] {subprocess.py:106} INFO - 25/11/15 05:24:11 INFO TransportClientFactory: Successfully created connection to spark-master/172.30.0.6:7077 after 22 ms (0 ms spent in bootstraps)
[2025-11-15T05:24:11.989+0000] {subprocess.py:106} INFO - 25/11/15 05:24:11 INFO StandaloneSchedulerBackend: Connected to Spark cluster with app ID app-20251115052411-0000
[2025-11-15T05:24:11.998+0000] {subprocess.py:106} INFO - 25/11/15 05:24:11 INFO Utils: Successfully started service 'org.apache.spark.network.netty.NettyBlockTransferService' on port 37243.
[2025-11-15T05:24:11.998+0000] {subprocess.py:106} INFO - 25/11/15 05:24:11 INFO NettyBlockTransferService: Server created on 68d0d8c522fe:37243
[2025-11-15T05:24:12.001+0000] {subprocess.py:106} INFO - 25/11/15 05:24:11 INFO BlockManager: Using org.apache.spark.storage.RandomBlockReplicationPolicy for block replication policy
[2025-11-15T05:24:12.010+0000] {subprocess.py:106} INFO - 25/11/15 05:24:12 INFO BlockManagerMaster: Registering BlockManager BlockManagerId(driver, 68d0d8c522fe, 37243, None)
[2025-11-15T05:24:12.014+0000] {subprocess.py:106} INFO - 25/11/15 05:24:12 INFO BlockManagerMasterEndpoint: Registering block manager 68d0d8c522fe:37243 with 434.4 MiB RAM, BlockManagerId(driver, 68d0d8c522fe, 37243, None)
[2025-11-15T05:24:12.021+0000] {subprocess.py:106} INFO - 25/11/15 05:24:12 INFO BlockManagerMaster: Registered BlockManager BlockManagerId(driver, 68d0d8c522fe, 37243, None)
[2025-11-15T05:24:12.021+0000] {subprocess.py:106} INFO - 25/11/15 05:24:12 INFO StandaloneAppClient$ClientEndpoint: Executor added: app-20251115052411-0000/0 on worker-20251115045341-172.30.0.7-40605 (172.30.0.7:40605) with 1 core(s)
[2025-11-15T05:24:12.022+0000] {subprocess.py:106} INFO - 25/11/15 05:24:12 INFO BlockManager: Initialized BlockManager: BlockManagerId(driver, 68d0d8c522fe, 37243, None)
[2025-11-15T05:24:12.022+0000] {subprocess.py:106} INFO - 25/11/15 05:24:12 INFO StandaloneSchedulerBackend: Granted executor ID app-20251115052411-0000/0 on hostPort 172.30.0.7:40605 with 1 core(s), 1024.0 MiB RAM
[2025-11-15T05:24:12.304+0000] {subprocess.py:106} INFO - 25/11/15 05:24:12 INFO StandaloneSchedulerBackend: SchedulerBackend is ready for scheduling beginning after reached minRegisteredResourcesRatio: 0.0
[2025-11-15T05:24:12.446+0000] {subprocess.py:106} INFO - 25/11/15 05:24:12 INFO StandaloneAppClient$ClientEndpoint: Executor updated: app-20251115052411-0000/0 is now RUNNING
[2025-11-15T05:24:12.880+0000] {subprocess.py:106} INFO - 25/11/15 05:24:12 INFO SharedState: Setting hive.metastore.warehouse.dir ('null') to the value of spark.sql.warehouse.dir.
[2025-11-15T05:24:12.887+0000] {subprocess.py:106} INFO - 25/11/15 05:24:12 INFO SharedState: Warehouse path is 'file:/opt/spark/work-dir/spark-warehouse'.
[2025-11-15T05:24:16.278+0000] {subprocess.py:106} INFO - 25/11/15 05:24:16 INFO InMemoryFileIndex: It took 196 ms to list leaf files for 1 paths.
[2025-11-15T05:24:16.682+0000] {subprocess.py:106} INFO - 25/11/15 05:24:16 INFO MemoryStore: Block broadcast_0 stored as values in memory (estimated size 203.7 KiB, free 434.2 MiB)
[2025-11-15T05:24:16.895+0000] {subprocess.py:106} INFO - 25/11/15 05:24:16 INFO MemoryStore: Block broadcast_0_piece0 stored as bytes in memory (estimated size 35.3 KiB, free 434.2 MiB)
[2025-11-15T05:24:16.902+0000] {subprocess.py:106} INFO - 25/11/15 05:24:16 INFO BlockManagerInfo: Added broadcast_0_piece0 in memory on 68d0d8c522fe:37243 (size: 35.3 KiB, free: 434.4 MiB)
[2025-11-15T05:24:16.918+0000] {subprocess.py:106} INFO - 25/11/15 05:24:16 INFO SparkContext: Created broadcast 0 from csv at <unknown>:0
[2025-11-15T05:24:17.586+0000] {subprocess.py:106} INFO - 25/11/15 05:24:17 INFO FileInputFormat: Total input files to process : 1
[2025-11-15T05:24:17.604+0000] {subprocess.py:106} INFO - 25/11/15 05:24:17 INFO FileInputFormat: Total input files to process : 1
[2025-11-15T05:24:17.613+0000] {subprocess.py:106} INFO - 25/11/15 05:24:17 INFO StandaloneSchedulerBackend$StandaloneDriverEndpoint: Registered executor NettyRpcEndpointRef(spark-client://Executor) (172.30.0.7:50236) with ID 0,  ResourceProfileId 0
[2025-11-15T05:24:17.680+0000] {subprocess.py:106} INFO - 25/11/15 05:24:17 INFO SparkContext: Starting job: csv at <unknown>:0
[2025-11-15T05:24:17.711+0000] {subprocess.py:106} INFO - 25/11/15 05:24:17 INFO DAGScheduler: Got job 0 (csv at <unknown>:0) with 1 output partitions
[2025-11-15T05:24:17.712+0000] {subprocess.py:106} INFO - 25/11/15 05:24:17 INFO DAGScheduler: Final stage: ResultStage 0 (csv at <unknown>:0)
[2025-11-15T05:24:17.713+0000] {subprocess.py:106} INFO - 25/11/15 05:24:17 INFO DAGScheduler: Parents of final stage: List()
[2025-11-15T05:24:17.715+0000] {subprocess.py:106} INFO - 25/11/15 05:24:17 INFO DAGScheduler: Missing parents: List()
[2025-11-15T05:24:17.720+0000] {subprocess.py:106} INFO - 25/11/15 05:24:17 INFO DAGScheduler: Submitting ResultStage 0 (MapPartitionsRDD[2] at csv at <unknown>:0), which has no missing parents
[2025-11-15T05:24:17.736+0000] {subprocess.py:106} INFO - 25/11/15 05:24:17 INFO BlockManagerMasterEndpoint: Registering block manager 172.30.0.7:38789 with 434.4 MiB RAM, BlockManagerId(0, 172.30.0.7, 38789, None)
[2025-11-15T05:24:17.748+0000] {subprocess.py:106} INFO - 25/11/15 05:24:17 INFO MemoryStore: Block broadcast_1 stored as values in memory (estimated size 7.6 KiB, free 434.2 MiB)
[2025-11-15T05:24:17.753+0000] {subprocess.py:106} INFO - 25/11/15 05:24:17 INFO MemoryStore: Block broadcast_1_piece0 stored as bytes in memory (estimated size 4.4 KiB, free 434.2 MiB)
[2025-11-15T05:24:17.754+0000] {subprocess.py:106} INFO - 25/11/15 05:24:17 INFO BlockManagerInfo: Added broadcast_1_piece0 in memory on 68d0d8c522fe:37243 (size: 4.4 KiB, free: 434.4 MiB)
[2025-11-15T05:24:17.755+0000] {subprocess.py:106} INFO - 25/11/15 05:24:17 INFO SparkContext: Created broadcast 1 from broadcast at DAGScheduler.scala:1585
[2025-11-15T05:24:17.785+0000] {subprocess.py:106} INFO - 25/11/15 05:24:17 INFO DAGScheduler: Submitting 1 missing tasks from ResultStage 0 (MapPartitionsRDD[2] at csv at <unknown>:0) (first 15 tasks are for partitions Vector(0))
[2025-11-15T05:24:17.786+0000] {subprocess.py:106} INFO - 25/11/15 05:24:17 INFO TaskSchedulerImpl: Adding task set 0.0 with 1 tasks resource profile 0
[2025-11-15T05:24:19.050+0000] {subprocess.py:106} INFO - 25/11/15 05:24:19 INFO TaskSetManager: Starting task 0.0 in stage 0.0 (TID 0) (172.30.0.7, executor 0, partition 0, PROCESS_LOCAL, 9484 bytes)
[2025-11-15T05:24:19.368+0000] {subprocess.py:106} INFO - 25/11/15 05:24:19 INFO BlockManagerInfo: Added broadcast_1_piece0 in memory on 172.30.0.7:38789 (size: 4.4 KiB, free: 434.4 MiB)
[2025-11-15T05:24:19.642+0000] {subprocess.py:106} INFO - 25/11/15 05:24:19 INFO BlockManagerInfo: Added broadcast_0_piece0 in memory on 172.30.0.7:38789 (size: 35.3 KiB, free: 434.4 MiB)
[2025-11-15T05:24:20.483+0000] {subprocess.py:106} INFO - 25/11/15 05:24:20 INFO TaskSetManager: Finished task 0.0 in stage 0.0 (TID 0) in 1456 ms on 172.30.0.7 (executor 0) (1/1)
[2025-11-15T05:24:20.485+0000] {subprocess.py:106} INFO - 25/11/15 05:24:20 INFO TaskSchedulerImpl: Removed TaskSet 0.0, whose tasks have all completed, from pool
[2025-11-15T05:24:20.493+0000] {subprocess.py:106} INFO - 25/11/15 05:24:20 INFO DAGScheduler: ResultStage 0 (csv at <unknown>:0) finished in 2.754 s
[2025-11-15T05:24:20.497+0000] {subprocess.py:106} INFO - 25/11/15 05:24:20 INFO DAGScheduler: Job 0 is finished. Cancelling potential speculative or zombie tasks for this job
[2025-11-15T05:24:20.498+0000] {subprocess.py:106} INFO - 25/11/15 05:24:20 INFO TaskSchedulerImpl: Killing all running tasks in stage 0: Stage finished
[2025-11-15T05:24:20.501+0000] {subprocess.py:106} INFO - 25/11/15 05:24:20 INFO DAGScheduler: Job 0 finished: csv at <unknown>:0, took 2.821334 s
[2025-11-15T05:24:20.841+0000] {subprocess.py:106} INFO - 25/11/15 05:24:20 INFO BlockManagerInfo: Removed broadcast_0_piece0 on 68d0d8c522fe:37243 in memory (size: 35.3 KiB, free: 434.4 MiB)
[2025-11-15T05:24:20.851+0000] {subprocess.py:106} INFO - 25/11/15 05:24:20 INFO BlockManagerInfo: Removed broadcast_0_piece0 on 172.30.0.7:38789 in memory (size: 35.3 KiB, free: 434.4 MiB)
[2025-11-15T05:24:20.866+0000] {subprocess.py:106} INFO - 25/11/15 05:24:20 INFO BlockManagerInfo: Removed broadcast_1_piece0 on 68d0d8c522fe:37243 in memory (size: 4.4 KiB, free: 434.4 MiB)
[2025-11-15T05:24:20.869+0000] {subprocess.py:106} INFO - 25/11/15 05:24:20 INFO BlockManagerInfo: Removed broadcast_1_piece0 on 172.30.0.7:38789 in memory (size: 4.4 KiB, free: 434.4 MiB)
[2025-11-15T05:24:22.307+0000] {subprocess.py:106} INFO - 25/11/15 05:24:22 INFO FileSourceStrategy: Pushed Filters:
[2025-11-15T05:24:22.308+0000] {subprocess.py:106} INFO - 25/11/15 05:24:22 INFO FileSourceStrategy: Post-Scan Filters:
[2025-11-15T05:24:22.790+0000] {subprocess.py:106} INFO - 25/11/15 05:24:22 INFO CodeGenerator: Code generated in 247.276497 ms
[2025-11-15T05:24:22.798+0000] {subprocess.py:106} INFO - 25/11/15 05:24:22 INFO MemoryStore: Block broadcast_2 stored as values in memory (estimated size 203.1 KiB, free 434.2 MiB)
[2025-11-15T05:24:22.816+0000] {subprocess.py:106} INFO - 25/11/15 05:24:22 INFO MemoryStore: Block broadcast_2_piece0 stored as bytes in memory (estimated size 35.1 KiB, free 434.2 MiB)
[2025-11-15T05:24:22.817+0000] {subprocess.py:106} INFO - 25/11/15 05:24:22 INFO BlockManagerInfo: Added broadcast_2_piece0 in memory on 68d0d8c522fe:37243 (size: 35.1 KiB, free: 434.4 MiB)
[2025-11-15T05:24:22.818+0000] {subprocess.py:106} INFO - 25/11/15 05:24:22 INFO SparkContext: Created broadcast 2 from count at <unknown>:0
[2025-11-15T05:24:22.835+0000] {subprocess.py:106} INFO - 25/11/15 05:24:22 INFO FileSourceScanExec: Planning scan with bin packing, max size: 4194304 bytes, open cost is considered as scanning 4194304 bytes.
[2025-11-15T05:24:22.886+0000] {subprocess.py:106} INFO - 25/11/15 05:24:22 INFO DAGScheduler: Registering RDD 7 (count at <unknown>:0) as input to shuffle 0
[2025-11-15T05:24:22.891+0000] {subprocess.py:106} INFO - 25/11/15 05:24:22 INFO DAGScheduler: Got map stage job 1 (count at <unknown>:0) with 1 output partitions
[2025-11-15T05:24:22.891+0000] {subprocess.py:106} INFO - 25/11/15 05:24:22 INFO DAGScheduler: Final stage: ShuffleMapStage 1 (count at <unknown>:0)
[2025-11-15T05:24:22.892+0000] {subprocess.py:106} INFO - 25/11/15 05:24:22 INFO DAGScheduler: Parents of final stage: List()
[2025-11-15T05:24:22.894+0000] {subprocess.py:106} INFO - 25/11/15 05:24:22 INFO DAGScheduler: Missing parents: List()
[2025-11-15T05:24:22.896+0000] {subprocess.py:106} INFO - 25/11/15 05:24:22 INFO DAGScheduler: Submitting ShuffleMapStage 1 (MapPartitionsRDD[7] at count at <unknown>:0), which has no missing parents
[2025-11-15T05:24:22.964+0000] {subprocess.py:106} INFO - 25/11/15 05:24:22 INFO MemoryStore: Block broadcast_3 stored as values in memory (estimated size 18.0 KiB, free 434.1 MiB)
[2025-11-15T05:24:22.966+0000] {subprocess.py:106} INFO - 25/11/15 05:24:22 INFO MemoryStore: Block broadcast_3_piece0 stored as bytes in memory (estimated size 8.9 KiB, free 434.1 MiB)
[2025-11-15T05:24:22.967+0000] {subprocess.py:106} INFO - 25/11/15 05:24:22 INFO BlockManagerInfo: Added broadcast_3_piece0 in memory on 68d0d8c522fe:37243 (size: 8.9 KiB, free: 434.4 MiB)
[2025-11-15T05:24:22.968+0000] {subprocess.py:106} INFO - 25/11/15 05:24:22 INFO SparkContext: Created broadcast 3 from broadcast at DAGScheduler.scala:1585
[2025-11-15T05:24:22.971+0000] {subprocess.py:106} INFO - 25/11/15 05:24:22 INFO DAGScheduler: Submitting 1 missing tasks from ShuffleMapStage 1 (MapPartitionsRDD[7] at count at <unknown>:0) (first 15 tasks are for partitions Vector(0))
[2025-11-15T05:24:22.972+0000] {subprocess.py:106} INFO - 25/11/15 05:24:22 INFO TaskSchedulerImpl: Adding task set 1.0 with 1 tasks resource profile 0
[2025-11-15T05:24:22.980+0000] {subprocess.py:106} INFO - 25/11/15 05:24:22 INFO TaskSetManager: Starting task 0.0 in stage 1.0 (TID 1) (172.30.0.7, executor 0, partition 0, ANY, 9944 bytes)
[2025-11-15T05:24:17.705+0000] {subprocess.py:106} INFO - 25/11/15 05:24:17 INFO BlockManagerInfo: Added broadcast_3_piece0 in memory on 172.30.0.7:38789 (size: 8.9 KiB, free: 434.4 MiB)
[2025-11-15T05:24:27.231+0000] {subprocess.py:106} INFO - 25/11/15 05:24:27 INFO BlockManagerInfo: Added broadcast_2_piece0 in memory on 172.30.0.7:38789 (size: 35.1 KiB, free: 434.4 MiB)
[2025-11-15T05:24:27.468+0000] {subprocess.py:106} INFO - 25/11/15 05:24:27 INFO TaskSetManager: Finished task 0.0 in stage 1.0 (TID 1) in 4492 ms on 172.30.0.7 (executor 0) (1/1)
[2025-11-15T05:24:27.471+0000] {subprocess.py:106} INFO - 25/11/15 05:24:27 INFO TaskSchedulerImpl: Removed TaskSet 1.0, whose tasks have all completed, from pool
[2025-11-15T05:24:27.472+0000] {subprocess.py:106} INFO - 25/11/15 05:24:27 INFO DAGScheduler: ShuffleMapStage 1 (count at <unknown>:0) finished in 4.560 s
[2025-11-15T05:24:27.473+0000] {subprocess.py:106} INFO - 25/11/15 05:24:27 INFO DAGScheduler: looking for newly runnable stages
[2025-11-15T05:24:27.474+0000] {subprocess.py:106} INFO - 25/11/15 05:24:27 INFO DAGScheduler: running: Set()
[2025-11-15T05:24:27.474+0000] {subprocess.py:106} INFO - 25/11/15 05:24:27 INFO DAGScheduler: waiting: Set()
[2025-11-15T05:24:27.475+0000] {subprocess.py:106} INFO - 25/11/15 05:24:27 INFO DAGScheduler: failed: Set()
[2025-11-15T05:24:27.526+0000] {subprocess.py:106} INFO - 25/11/15 05:24:27 INFO CodeGenerator: Code generated in 14.831544 ms
[2025-11-15T05:24:27.557+0000] {subprocess.py:106} INFO - 25/11/15 05:24:27 INFO SparkContext: Starting job: count at <unknown>:0
[2025-11-15T05:24:27.560+0000] {subprocess.py:106} INFO - 25/11/15 05:24:27 INFO DAGScheduler: Got job 2 (count at <unknown>:0) with 1 output partitions
[2025-11-15T05:24:27.563+0000] {subprocess.py:106} INFO - 25/11/15 05:24:27 INFO DAGScheduler: Final stage: ResultStage 3 (count at <unknown>:0)
[2025-11-15T05:24:27.563+0000] {subprocess.py:106} INFO - 25/11/15 05:24:27 INFO DAGScheduler: Parents of final stage: List(ShuffleMapStage 2)
[2025-11-15T05:24:27.564+0000] {subprocess.py:106} INFO - 25/11/15 05:24:27 INFO DAGScheduler: Missing parents: List()
[2025-11-15T05:24:27.564+0000] {subprocess.py:106} INFO - 25/11/15 05:24:27 INFO DAGScheduler: Submitting ResultStage 3 (MapPartitionsRDD[10] at count at <unknown>:0), which has no missing parents
[2025-11-15T05:24:27.569+0000] {subprocess.py:106} INFO - 25/11/15 05:24:27 INFO MemoryStore: Block broadcast_4 stored as values in memory (estimated size 12.5 KiB, free 434.1 MiB)
[2025-11-15T05:24:27.572+0000] {subprocess.py:106} INFO - 25/11/15 05:24:27 INFO MemoryStore: Block broadcast_4_piece0 stored as bytes in memory (estimated size 5.9 KiB, free 434.1 MiB)
[2025-11-15T05:24:27.574+0000] {subprocess.py:106} INFO - 25/11/15 05:24:27 INFO BlockManagerInfo: Added broadcast_4_piece0 in memory on 68d0d8c522fe:37243 (size: 5.9 KiB, free: 434.4 MiB)
[2025-11-15T05:24:27.575+0000] {subprocess.py:106} INFO - 25/11/15 05:24:27 INFO SparkContext: Created broadcast 4 from broadcast at DAGScheduler.scala:1585
[2025-11-15T05:24:27.576+0000] {subprocess.py:106} INFO - 25/11/15 05:24:27 INFO DAGScheduler: Submitting 1 missing tasks from ResultStage 3 (MapPartitionsRDD[10] at count at <unknown>:0) (first 15 tasks are for partitions Vector(0))
[2025-11-15T05:24:27.576+0000] {subprocess.py:106} INFO - 25/11/15 05:24:27 INFO TaskSchedulerImpl: Adding task set 3.0 with 1 tasks resource profile 0
[2025-11-15T05:24:27.581+0000] {subprocess.py:106} INFO - 25/11/15 05:24:27 INFO TaskSetManager: Starting task 0.0 in stage 3.0 (TID 2) (172.30.0.7, executor 0, partition 0, NODE_LOCAL, 9331 bytes)
[2025-11-15T05:24:27.607+0000] {subprocess.py:106} INFO - 25/11/15 05:24:27 INFO BlockManagerInfo: Added broadcast_4_piece0 in memory on 172.30.0.7:38789 (size: 5.9 KiB, free: 434.4 MiB)
[2025-11-15T05:24:27.638+0000] {subprocess.py:106} INFO - 25/11/15 05:24:27 INFO MapOutputTrackerMasterEndpoint: Asked to send map output locations for shuffle 0 to 172.30.0.7:50236
[2025-11-15T05:24:27.802+0000] {subprocess.py:106} INFO - 25/11/15 05:24:27 INFO TaskSetManager: Finished task 0.0 in stage 3.0 (TID 2) in 221 ms on 172.30.0.7 (executor 0) (1/1)
[2025-11-15T05:24:27.805+0000] {subprocess.py:106} INFO - 25/11/15 05:24:27 INFO TaskSchedulerImpl: Removed TaskSet 3.0, whose tasks have all completed, from pool
[2025-11-15T05:24:27.806+0000] {subprocess.py:106} INFO - 25/11/15 05:24:27 INFO DAGScheduler: ResultStage 3 (count at <unknown>:0) finished in 0.235 s
[2025-11-15T05:24:27.807+0000] {subprocess.py:106} INFO - 25/11/15 05:24:27 INFO DAGScheduler: Job 2 is finished. Cancelling potential speculative or zombie tasks for this job
[2025-11-15T05:24:27.808+0000] {subprocess.py:106} INFO - 25/11/15 05:24:27 INFO TaskSchedulerImpl: Killing all running tasks in stage 3: Stage finished
[2025-11-15T05:24:27.808+0000] {subprocess.py:106} INFO - 25/11/15 05:24:27 INFO DAGScheduler: Job 2 finished: count at <unknown>:0, took 0.246999 s
[2025-11-15T05:24:27.818+0000] {subprocess.py:106} INFO -  Record loaded from CSV: 4242
[2025-11-15T05:24:27.819+0000] {subprocess.py:106} INFO - root
[2025-11-15T05:24:27.819+0000] {subprocess.py:106} INFO -  |-- job_title: string (nullable = true)
[2025-11-15T05:24:27.820+0000] {subprocess.py:106} INFO -  |-- company_name: string (nullable = true)
[2025-11-15T05:24:27.821+0000] {subprocess.py:106} INFO -  |-- location: string (nullable = true)
[2025-11-15T05:24:27.821+0000] {subprocess.py:106} INFO -  |-- skills_required: string (nullable = true)
[2025-11-15T05:24:27.822+0000] {subprocess.py:106} INFO -  |-- date_posted: string (nullable = true)
[2025-11-15T05:24:27.822+0000] {subprocess.py:106} INFO -  |-- job_link: string (nullable = true)
[2025-11-15T05:24:27.823+0000] {subprocess.py:106} INFO -  |-- job_category: string (nullable = true)
[2025-11-15T05:24:27.823+0000] {subprocess.py:106} INFO -  |-- work_mode: string (nullable = true)
[2025-11-15T05:24:27.824+0000] {subprocess.py:106} INFO -  |-- crawl_date: string (nullable = true)
[2025-11-15T05:24:27.825+0000] {subprocess.py:106} INFO -  |-- date_only: string (nullable = true)
[2025-11-15T05:24:27.825+0000] {subprocess.py:106} INFO - 
[2025-11-15T05:24:28.219+0000] {subprocess.py:106} INFO - 25/11/15 05:24:28 INFO HiveConf: Found configuration file null
[2025-11-15T05:24:28.383+0000] {subprocess.py:106} INFO - 25/11/15 05:24:28 INFO BlockManagerInfo: Removed broadcast_4_piece0 on 68d0d8c522fe:37243 in memory (size: 5.9 KiB, free: 434.4 MiB)
[2025-11-15T05:24:28.391+0000] {subprocess.py:106} INFO - 25/11/15 05:24:28 INFO BlockManagerInfo: Removed broadcast_4_piece0 on 172.30.0.7:38789 in memory (size: 5.9 KiB, free: 434.4 MiB)
[2025-11-15T05:24:28.404+0000] {subprocess.py:106} INFO - 25/11/15 05:24:28 INFO BlockManagerInfo: Removed broadcast_2_piece0 on 68d0d8c522fe:37243 in memory (size: 35.1 KiB, free: 434.4 MiB)
[2025-11-15T05:24:28.408+0000] {subprocess.py:106} INFO - 25/11/15 05:24:28 INFO BlockManagerInfo: Removed broadcast_2_piece0 on 172.30.0.7:38789 in memory (size: 35.1 KiB, free: 434.4 MiB)
[2025-11-15T05:24:28.418+0000] {subprocess.py:106} INFO - 25/11/15 05:24:28 INFO BlockManagerInfo: Removed broadcast_3_piece0 on 68d0d8c522fe:37243 in memory (size: 8.9 KiB, free: 434.4 MiB)
[2025-11-15T05:24:28.425+0000] {subprocess.py:106} INFO - 25/11/15 05:24:28 INFO BlockManagerInfo: Removed broadcast_3_piece0 on 172.30.0.7:38789 in memory (size: 8.9 KiB, free: 434.4 MiB)
[2025-11-15T05:24:28.457+0000] {subprocess.py:106} INFO - 25/11/15 05:24:28 INFO metastore: Trying to connect to metastore with URI thrift://hive-metastore:9083
[2025-11-15T05:24:28.506+0000] {subprocess.py:106} INFO - 25/11/15 05:24:28 INFO metastore: Opened a connection to metastore, current connections: 1
[2025-11-15T05:24:29.068+0000] {subprocess.py:106} INFO - 25/11/15 05:24:29 INFO metastore: Connected to metastore.
[2025-11-15T05:24:30.249+0000] {subprocess.py:106} INFO - 25/11/15 05:24:30 INFO BaseMetastoreTableOperations: Refreshing table metadata from new version: hdfs://dinhhoa-master:9000/user/ndh/warehouse/bronze.db/it_jobs_raw/metadata/00015-e4963e0a-10cf-45c0-b546-e3cf2793a149.metadata.json
[2025-11-15T05:24:30.658+0000] {subprocess.py:106} INFO - 25/11/15 05:24:30 INFO BaseMetastoreCatalog: Table loaded by catalog: hive_catalog.bronze.it_jobs_raw
[2025-11-15T05:24:30.881+0000] {subprocess.py:106} INFO - 25/11/15 05:24:30 INFO V2ScanRelationPushDown:
[2025-11-15T05:24:30.882+0000] {subprocess.py:106} INFO - Pushing operators to hive_catalog.bronze.it_jobs_raw
[2025-11-15T05:24:30.882+0000] {subprocess.py:106} INFO - Pushed Filters: job_link IS NOT NULL
[2025-11-15T05:24:30.882+0000] {subprocess.py:106} INFO - Post-Scan Filters: isnotnull(job_link#66)
[2025-11-15T05:24:30.883+0000] {subprocess.py:106} INFO - 
[2025-11-15T05:24:30.917+0000] {subprocess.py:106} INFO - 25/11/15 05:24:30 INFO V2ScanRelationPushDown:
[2025-11-15T05:24:30.917+0000] {subprocess.py:106} INFO - Output: job_link#66
[2025-11-15T05:24:30.918+0000] {subprocess.py:106} INFO - 
[2025-11-15T05:24:30.928+0000] {subprocess.py:106} INFO - 25/11/15 05:24:30 INFO SnapshotScan: Scanning table hive_catalog.bronze.it_jobs_raw snapshot 7113389479847708482 created at 2025-11-13T11:59:31.025+00:00 with filter job_link IS NOT NULL
[2025-11-15T05:24:31.165+0000] {subprocess.py:106} INFO - 25/11/15 05:24:31 INFO BaseDistributedDataScan: Planning file tasks locally for table hive_catalog.bronze.it_jobs_raw
[2025-11-15T05:24:31.497+0000] {subprocess.py:106} INFO - 25/11/15 05:24:31 INFO SparkPartitioningAwareScan: Reporting UnknownPartitioning with 4 partition(s) for table hive_catalog.bronze.it_jobs_raw
[2025-11-15T05:24:31.587+0000] {subprocess.py:106} INFO - 25/11/15 05:24:31 INFO FileSourceStrategy: Pushed Filters:
[2025-11-15T05:24:31.588+0000] {subprocess.py:106} INFO - 25/11/15 05:24:31 INFO FileSourceStrategy: Post-Scan Filters:
[2025-11-15T05:24:31.605+0000] {subprocess.py:106} INFO - 25/11/15 05:24:31 INFO MemoryStore: Block broadcast_5 stored as values in memory (estimated size 32.0 KiB, free 434.4 MiB)
[2025-11-15T05:24:31.627+0000] {subprocess.py:106} INFO - 25/11/15 05:24:31 INFO MemoryStore: Block broadcast_5_piece0 stored as bytes in memory (estimated size 29.7 KiB, free 434.3 MiB)
[2025-11-15T05:24:31.629+0000] {subprocess.py:106} INFO - 25/11/15 05:24:31 INFO BlockManagerInfo: Added broadcast_5_piece0 in memory on 68d0d8c522fe:37243 (size: 29.7 KiB, free: 434.4 MiB)
[2025-11-15T05:24:31.632+0000] {subprocess.py:106} INFO - 25/11/15 05:24:31 INFO SparkContext: Created broadcast 5 from broadcast at SparkBatch.java:79
[2025-11-15T05:24:31.706+0000] {subprocess.py:106} INFO - 25/11/15 05:24:31 INFO MemoryStore: Block broadcast_6 stored as values in memory (estimated size 32.0 KiB, free 434.3 MiB)
[2025-11-15T05:24:31.718+0000] {subprocess.py:106} INFO - 25/11/15 05:24:31 INFO MemoryStore: Block broadcast_6_piece0 stored as bytes in memory (estimated size 29.7 KiB, free 434.3 MiB)
[2025-11-15T05:24:31.722+0000] {subprocess.py:106} INFO - 25/11/15 05:24:31 INFO BlockManagerInfo: Added broadcast_6_piece0 in memory on 68d0d8c522fe:37243 (size: 29.7 KiB, free: 434.3 MiB)
[2025-11-15T05:24:31.724+0000] {subprocess.py:106} INFO - 25/11/15 05:24:31 INFO SparkContext: Created broadcast 6 from broadcast at SparkBatch.java:79
[2025-11-15T05:24:31.933+0000] {subprocess.py:106} INFO - 25/11/15 05:24:31 INFO CodeGenerator: Code generated in 35.026759 ms
[2025-11-15T05:24:31.964+0000] {subprocess.py:106} INFO - 25/11/15 05:24:31 INFO SparkContext: Starting job: $anonfun$withThreadLocalCaptured$1 at <unknown>:0
[2025-11-15T05:24:31.965+0000] {subprocess.py:106} INFO - 25/11/15 05:24:31 INFO DAGScheduler: Got job 3 ($anonfun$withThreadLocalCaptured$1 at <unknown>:0) with 4 output partitions
[2025-11-15T05:24:31.966+0000] {subprocess.py:106} INFO - 25/11/15 05:24:31 INFO DAGScheduler: Final stage: ResultStage 4 ($anonfun$withThreadLocalCaptured$1 at <unknown>:0)
[2025-11-15T05:24:31.966+0000] {subprocess.py:106} INFO - 25/11/15 05:24:31 INFO DAGScheduler: Parents of final stage: List()
[2025-11-15T05:24:31.967+0000] {subprocess.py:106} INFO - 25/11/15 05:24:31 INFO DAGScheduler: Missing parents: List()
[2025-11-15T05:24:31.967+0000] {subprocess.py:106} INFO - 25/11/15 05:24:31 INFO DAGScheduler: Submitting ResultStage 4 (MapPartitionsRDD[14] at $anonfun$withThreadLocalCaptured$1 at <unknown>:0), which has no missing parents
[2025-11-15T05:24:31.971+0000] {subprocess.py:106} INFO - 25/11/15 05:24:31 INFO MemoryStore: Block broadcast_7 stored as values in memory (estimated size 13.7 KiB, free 434.3 MiB)
[2025-11-15T05:24:31.981+0000] {subprocess.py:106} INFO - 25/11/15 05:24:31 INFO MemoryStore: Block broadcast_7_piece0 stored as bytes in memory (estimated size 5.5 KiB, free 434.3 MiB)
[2025-11-15T05:24:31.982+0000] {subprocess.py:106} INFO - 25/11/15 05:24:31 INFO BlockManagerInfo: Added broadcast_7_piece0 in memory on 68d0d8c522fe:37243 (size: 5.5 KiB, free: 434.3 MiB)
[2025-11-15T05:24:31.983+0000] {subprocess.py:106} INFO - 25/11/15 05:24:31 INFO SparkContext: Created broadcast 7 from broadcast at DAGScheduler.scala:1585
[2025-11-15T05:24:31.985+0000] {subprocess.py:106} INFO - 25/11/15 05:24:31 INFO DAGScheduler: Submitting 4 missing tasks from ResultStage 4 (MapPartitionsRDD[14] at $anonfun$withThreadLocalCaptured$1 at <unknown>:0) (first 15 tasks are for partitions Vector(0, 1, 2, 3))
[2025-11-15T05:24:31.985+0000] {subprocess.py:106} INFO - 25/11/15 05:24:31 INFO TaskSchedulerImpl: Adding task set 4.0 with 4 tasks resource profile 0
[2025-11-15T05:24:32.003+0000] {subprocess.py:106} INFO - 25/11/15 05:24:32 INFO TaskSetManager: Starting task 0.0 in stage 4.0 (TID 3) (172.30.0.7, executor 0, partition 0, ANY, 15761 bytes)
[2025-11-15T05:24:32.338+0000] {subprocess.py:106} INFO - 25/11/15 05:24:32 INFO BlockManagerInfo: Added broadcast_7_piece0 in memory on 172.30.0.7:38789 (size: 5.5 KiB, free: 434.4 MiB)
[2025-11-15T05:24:32.396+0000] {subprocess.py:106} INFO - 25/11/15 05:24:32 INFO BlockManagerInfo: Added broadcast_6_piece0 in memory on 172.30.0.7:38789 (size: 29.7 KiB, free: 434.4 MiB)
[2025-11-15T05:24:33.922+0000] {subprocess.py:106} INFO - 25/11/15 05:24:33 INFO TaskSetManager: Starting task 1.0 in stage 4.0 (TID 4) (172.30.0.7, executor 0, partition 1, ANY, 15762 bytes)
[2025-11-15T05:24:33.925+0000] {subprocess.py:106} INFO - 25/11/15 05:24:33 INFO TaskSetManager: Finished task 0.0 in stage 4.0 (TID 3) in 1937 ms on 172.30.0.7 (executor 0) (1/4)
[2025-11-15T05:24:34.296+0000] {subprocess.py:106} INFO - 25/11/15 05:24:34 INFO TaskSetManager: Starting task 2.0 in stage 4.0 (TID 5) (172.30.0.7, executor 0, partition 2, ANY, 15762 bytes)
[2025-11-15T05:24:34.297+0000] {subprocess.py:106} INFO - 25/11/15 05:24:34 INFO TaskSetManager: Finished task 1.0 in stage 4.0 (TID 4) in 376 ms on 172.30.0.7 (executor 0) (2/4)
[2025-11-15T05:24:34.608+0000] {subprocess.py:106} INFO - 25/11/15 05:24:34 INFO TaskSetManager: Starting task 3.0 in stage 4.0 (TID 6) (172.30.0.7, executor 0, partition 3, ANY, 15762 bytes)
[2025-11-15T05:24:34.612+0000] {subprocess.py:106} INFO - 25/11/15 05:24:34 INFO TaskSetManager: Finished task 2.0 in stage 4.0 (TID 5) in 315 ms on 172.30.0.7 (executor 0) (3/4)
[2025-11-15T05:24:34.937+0000] {subprocess.py:106} INFO - 25/11/15 05:24:34 INFO TaskSetManager: Finished task 3.0 in stage 4.0 (TID 6) in 331 ms on 172.30.0.7 (executor 0) (4/4)
[2025-11-15T05:24:34.938+0000] {subprocess.py:106} INFO - 25/11/15 05:24:34 INFO TaskSchedulerImpl: Removed TaskSet 4.0, whose tasks have all completed, from pool
[2025-11-15T05:24:34.939+0000] {subprocess.py:106} INFO - 25/11/15 05:24:34 INFO DAGScheduler: ResultStage 4 ($anonfun$withThreadLocalCaptured$1 at <unknown>:0) finished in 2.969 s
[2025-11-15T05:24:34.939+0000] {subprocess.py:106} INFO - 25/11/15 05:24:34 INFO DAGScheduler: Job 3 is finished. Cancelling potential speculative or zombie tasks for this job
[2025-11-15T05:24:34.940+0000] {subprocess.py:106} INFO - 25/11/15 05:24:34 INFO TaskSchedulerImpl: Killing all running tasks in stage 4: Stage finished
[2025-11-15T05:24:34.940+0000] {subprocess.py:106} INFO - 25/11/15 05:24:34 INFO DAGScheduler: Job 3 finished: $anonfun$withThreadLocalCaptured$1 at <unknown>:0, took 2.976120 s
[2025-11-15T05:24:34.969+0000] {subprocess.py:106} INFO - 25/11/15 05:24:34 INFO CodeGenerator: Code generated in 11.014463 ms
[2025-11-15T05:24:35.020+0000] {subprocess.py:106} INFO - 25/11/15 05:24:35 INFO BlockManagerInfo: Removed broadcast_7_piece0 on 68d0d8c522fe:37243 in memory (size: 5.5 KiB, free: 434.3 MiB)
[2025-11-15T05:24:35.023+0000] {subprocess.py:106} INFO - 25/11/15 05:24:35 INFO BlockManagerInfo: Removed broadcast_7_piece0 on 172.30.0.7:38789 in memory (size: 5.5 KiB, free: 434.4 MiB)
[2025-11-15T05:24:35.026+0000] {subprocess.py:106} INFO - 25/11/15 05:24:35 INFO MemoryStore: Block broadcast_8_piece0 stored as bytes in memory (estimated size 248.7 KiB, free 434.0 MiB)
[2025-11-15T05:24:35.028+0000] {subprocess.py:106} INFO - 25/11/15 05:24:35 INFO BlockManagerInfo: Added broadcast_8_piece0 in memory on 68d0d8c522fe:37243 (size: 248.7 KiB, free: 434.1 MiB)
[2025-11-15T05:24:35.029+0000] {subprocess.py:106} INFO - 25/11/15 05:24:35 INFO SparkContext: Created broadcast 8 from $anonfun$withThreadLocalCaptured$1 at <unknown>:0
[2025-11-15T05:24:35.040+0000] {subprocess.py:106} INFO - 25/11/15 05:24:35 INFO FileSourceStrategy: Pushed Filters:
[2025-11-15T05:24:35.041+0000] {subprocess.py:106} INFO - 25/11/15 05:24:35 INFO FileSourceStrategy: Post-Scan Filters:
[2025-11-15T05:24:35.092+0000] {subprocess.py:106} INFO - 25/11/15 05:24:35 INFO CodeGenerator: Code generated in 12.634152 ms
[2025-11-15T05:24:35.097+0000] {subprocess.py:106} INFO - 25/11/15 05:24:35 INFO MemoryStore: Block broadcast_9 stored as values in memory (estimated size 203.1 KiB, free 433.8 MiB)
[2025-11-15T05:24:35.127+0000] {subprocess.py:106} INFO - 25/11/15 05:24:35 INFO MemoryStore: Block broadcast_9_piece0 stored as bytes in memory (estimated size 35.1 KiB, free 433.8 MiB)
[2025-11-15T05:24:35.129+0000] {subprocess.py:106} INFO - 25/11/15 05:24:35 INFO BlockManagerInfo: Added broadcast_9_piece0 in memory on 68d0d8c522fe:37243 (size: 35.1 KiB, free: 434.1 MiB)
[2025-11-15T05:24:35.130+0000] {subprocess.py:106} INFO - 25/11/15 05:24:35 INFO SparkContext: Created broadcast 9 from count at <unknown>:0
[2025-11-15T05:24:35.132+0000] {subprocess.py:106} INFO - 25/11/15 05:24:35 INFO FileSourceScanExec: Planning scan with bin packing, max size: 4194304 bytes, open cost is considered as scanning 4194304 bytes.
[2025-11-15T05:24:35.144+0000] {subprocess.py:106} INFO - 25/11/15 05:24:35 INFO DAGScheduler: Registering RDD 18 (count at <unknown>:0) as input to shuffle 1
[2025-11-15T05:24:35.145+0000] {subprocess.py:106} INFO - 25/11/15 05:24:35 INFO DAGScheduler: Got map stage job 4 (count at <unknown>:0) with 1 output partitions
[2025-11-15T05:24:35.146+0000] {subprocess.py:106} INFO - 25/11/15 05:24:35 INFO DAGScheduler: Final stage: ShuffleMapStage 5 (count at <unknown>:0)
[2025-11-15T05:24:35.147+0000] {subprocess.py:106} INFO - 25/11/15 05:24:35 INFO DAGScheduler: Parents of final stage: List()
[2025-11-15T05:24:35.150+0000] {subprocess.py:106} INFO - 25/11/15 05:24:35 INFO DAGScheduler: Missing parents: List()
[2025-11-15T05:24:35.151+0000] {subprocess.py:106} INFO - 25/11/15 05:24:35 INFO DAGScheduler: Submitting ShuffleMapStage 5 (MapPartitionsRDD[18] at count at <unknown>:0), which has no missing parents
[2025-11-15T05:24:35.154+0000] {subprocess.py:106} INFO - 25/11/15 05:24:35 INFO MemoryStore: Block broadcast_10 stored as values in memory (estimated size 20.1 KiB, free 433.8 MiB)
[2025-11-15T05:24:35.156+0000] {subprocess.py:106} INFO - 25/11/15 05:24:35 INFO MemoryStore: Block broadcast_10_piece0 stored as bytes in memory (estimated size 9.7 KiB, free 433.8 MiB)
[2025-11-15T05:24:35.159+0000] {subprocess.py:106} INFO - 25/11/15 05:24:35 INFO BlockManagerInfo: Added broadcast_10_piece0 in memory on 68d0d8c522fe:37243 (size: 9.7 KiB, free: 434.1 MiB)
[2025-11-15T05:24:35.174+0000] {subprocess.py:106} INFO - 25/11/15 05:24:35 INFO SparkContext: Created broadcast 10 from broadcast at DAGScheduler.scala:1585
[2025-11-15T05:24:35.174+0000] {subprocess.py:106} INFO - 25/11/15 05:24:35 INFO DAGScheduler: Submitting 1 missing tasks from ShuffleMapStage 5 (MapPartitionsRDD[18] at count at <unknown>:0) (first 15 tasks are for partitions Vector(0))
[2025-11-15T05:24:35.175+0000] {subprocess.py:106} INFO - 25/11/15 05:24:35 INFO TaskSchedulerImpl: Adding task set 5.0 with 1 tasks resource profile 0
[2025-11-15T05:24:35.175+0000] {subprocess.py:106} INFO - 25/11/15 05:24:35 INFO TaskSetManager: Starting task 0.0 in stage 5.0 (TID 7) (172.30.0.7, executor 0, partition 0, ANY, 9944 bytes)
[2025-11-15T05:24:35.193+0000] {subprocess.py:106} INFO - 25/11/15 05:24:35 INFO BlockManagerInfo: Added broadcast_10_piece0 in memory on 172.30.0.7:38789 (size: 9.7 KiB, free: 434.4 MiB)
[2025-11-15T05:24:35.244+0000] {subprocess.py:106} INFO - 25/11/15 05:24:35 INFO BlockManagerInfo: Added broadcast_8_piece0 in memory on 172.30.0.7:38789 (size: 248.7 KiB, free: 434.1 MiB)
[2025-11-15T05:24:35.448+0000] {subprocess.py:106} INFO - 25/11/15 05:24:35 INFO BlockManagerInfo: Added broadcast_9_piece0 in memory on 172.30.0.7:38789 (size: 35.1 KiB, free: 434.1 MiB)
[2025-11-15T05:24:35.535+0000] {subprocess.py:106} INFO - 25/11/15 05:24:35 INFO TaskSetManager: Finished task 0.0 in stage 5.0 (TID 7) in 362 ms on 172.30.0.7 (executor 0) (1/1)
[2025-11-15T05:24:35.538+0000] {subprocess.py:106} INFO - 25/11/15 05:24:35 INFO TaskSchedulerImpl: Removed TaskSet 5.0, whose tasks have all completed, from pool
[2025-11-15T05:24:35.538+0000] {subprocess.py:106} INFO - 25/11/15 05:24:35 INFO DAGScheduler: ShuffleMapStage 5 (count at <unknown>:0) finished in 0.386 s
[2025-11-15T05:24:35.539+0000] {subprocess.py:106} INFO - 25/11/15 05:24:35 INFO DAGScheduler: looking for newly runnable stages
[2025-11-15T05:24:35.540+0000] {subprocess.py:106} INFO - 25/11/15 05:24:35 INFO DAGScheduler: running: Set()
[2025-11-15T05:24:35.540+0000] {subprocess.py:106} INFO - 25/11/15 05:24:35 INFO DAGScheduler: waiting: Set()
[2025-11-15T05:24:35.541+0000] {subprocess.py:106} INFO - 25/11/15 05:24:35 INFO DAGScheduler: failed: Set()
[2025-11-15T05:24:35.562+0000] {subprocess.py:106} INFO - 25/11/15 05:24:35 INFO CodeGenerator: Code generated in 10.837125 ms
[2025-11-15T05:24:35.581+0000] {subprocess.py:106} INFO - 25/11/15 05:24:35 INFO SparkContext: Starting job: count at <unknown>:0
[2025-11-15T05:24:35.582+0000] {subprocess.py:106} INFO - 25/11/15 05:24:35 INFO DAGScheduler: Got job 5 (count at <unknown>:0) with 1 output partitions
[2025-11-15T05:24:35.583+0000] {subprocess.py:106} INFO - 25/11/15 05:24:35 INFO DAGScheduler: Final stage: ResultStage 7 (count at <unknown>:0)
[2025-11-15T05:24:35.584+0000] {subprocess.py:106} INFO - 25/11/15 05:24:35 INFO DAGScheduler: Parents of final stage: List(ShuffleMapStage 6)
[2025-11-15T05:24:35.584+0000] {subprocess.py:106} INFO - 25/11/15 05:24:35 INFO DAGScheduler: Missing parents: List()
[2025-11-15T05:24:35.584+0000] {subprocess.py:106} INFO - 25/11/15 05:24:35 INFO DAGScheduler: Submitting ResultStage 7 (MapPartitionsRDD[21] at count at <unknown>:0), which has no missing parents
[2025-11-15T05:24:35.587+0000] {subprocess.py:106} INFO - 25/11/15 05:24:35 INFO MemoryStore: Block broadcast_11 stored as values in memory (estimated size 12.5 KiB, free 433.8 MiB)
[2025-11-15T05:24:35.594+0000] {subprocess.py:106} INFO - 25/11/15 05:24:35 INFO MemoryStore: Block broadcast_11_piece0 stored as bytes in memory (estimated size 5.9 KiB, free 433.8 MiB)
[2025-11-15T05:24:35.595+0000] {subprocess.py:106} INFO - 25/11/15 05:24:35 INFO BlockManagerInfo: Added broadcast_11_piece0 in memory on 68d0d8c522fe:37243 (size: 5.9 KiB, free: 434.0 MiB)
[2025-11-15T05:24:35.598+0000] {subprocess.py:106} INFO - 25/11/15 05:24:35 INFO SparkContext: Created broadcast 11 from broadcast at DAGScheduler.scala:1585
[2025-11-15T05:24:35.598+0000] {subprocess.py:106} INFO - 25/11/15 05:24:35 INFO DAGScheduler: Submitting 1 missing tasks from ResultStage 7 (MapPartitionsRDD[21] at count at <unknown>:0) (first 15 tasks are for partitions Vector(0))
[2025-11-15T05:24:35.599+0000] {subprocess.py:106} INFO - 25/11/15 05:24:35 INFO TaskSchedulerImpl: Adding task set 7.0 with 1 tasks resource profile 0
[2025-11-15T05:24:35.600+0000] {subprocess.py:106} INFO - 25/11/15 05:24:35 INFO BlockManagerInfo: Removed broadcast_10_piece0 on 68d0d8c522fe:37243 in memory (size: 9.7 KiB, free: 434.1 MiB)
[2025-11-15T05:24:35.602+0000] {subprocess.py:106} INFO - 25/11/15 05:24:35 INFO TaskSetManager: Starting task 0.0 in stage 7.0 (TID 8) (172.30.0.7, executor 0, partition 0, NODE_LOCAL, 9331 bytes)
[2025-11-15T05:24:35.604+0000] {subprocess.py:106} INFO - 25/11/15 05:24:35 INFO BlockManagerInfo: Removed broadcast_10_piece0 on 172.30.0.7:38789 in memory (size: 9.7 KiB, free: 434.1 MiB)
[2025-11-15T05:24:35.620+0000] {subprocess.py:106} INFO - 25/11/15 05:24:35 INFO BlockManagerInfo: Added broadcast_11_piece0 in memory on 172.30.0.7:38789 (size: 5.9 KiB, free: 434.1 MiB)
[2025-11-15T05:24:35.645+0000] {subprocess.py:106} INFO - 25/11/15 05:24:35 INFO MapOutputTrackerMasterEndpoint: Asked to send map output locations for shuffle 1 to 172.30.0.7:50236
[2025-11-15T05:24:35.680+0000] {subprocess.py:106} INFO - 25/11/15 05:24:35 INFO TaskSetManager: Finished task 0.0 in stage 7.0 (TID 8) in 78 ms on 172.30.0.7 (executor 0) (1/1)
[2025-11-15T05:24:35.682+0000] {subprocess.py:106} INFO - 25/11/15 05:24:35 INFO TaskSchedulerImpl: Removed TaskSet 7.0, whose tasks have all completed, from pool
[2025-11-15T05:24:35.682+0000] {subprocess.py:106} INFO - 25/11/15 05:24:35 INFO DAGScheduler: ResultStage 7 (count at <unknown>:0) finished in 0.096 s
[2025-11-15T05:24:35.683+0000] {subprocess.py:106} INFO - 25/11/15 05:24:35 INFO DAGScheduler: Job 5 is finished. Cancelling potential speculative or zombie tasks for this job
[2025-11-15T05:24:35.684+0000] {subprocess.py:106} INFO - 25/11/15 05:24:35 INFO TaskSchedulerImpl: Killing all running tasks in stage 7: Stage finished
[2025-11-15T05:24:35.685+0000] {subprocess.py:106} INFO - 25/11/15 05:24:35 INFO DAGScheduler: Job 5 finished: count at <unknown>:0, took 0.102315 s
[2025-11-15T05:24:35.686+0000] {subprocess.py:106} INFO -  New records to append: 47
[2025-11-15T05:24:35.718+0000] {subprocess.py:106} INFO - 25/11/15 05:24:35 INFO V2ScanRelationPushDown:
[2025-11-15T05:24:35.719+0000] {subprocess.py:106} INFO - Pushing operators to hive_catalog.bronze.it_jobs_raw
[2025-11-15T05:24:35.720+0000] {subprocess.py:106} INFO - Pushed Filters: job_link IS NOT NULL
[2025-11-15T05:24:35.720+0000] {subprocess.py:106} INFO - Post-Scan Filters: isnotnull(job_link#66)
[2025-11-15T05:24:35.721+0000] {subprocess.py:106} INFO - 
[2025-11-15T05:24:35.722+0000] {subprocess.py:106} INFO - 25/11/15 05:24:35 INFO V2ScanRelationPushDown:
[2025-11-15T05:24:35.722+0000] {subprocess.py:106} INFO - Output: job_link#66
[2025-11-15T05:24:35.723+0000] {subprocess.py:106} INFO - 
[2025-11-15T05:24:35.725+0000] {subprocess.py:106} INFO - 25/11/15 05:24:35 INFO SnapshotScan: Scanning table hive_catalog.bronze.it_jobs_raw snapshot 7113389479847708482 created at 2025-11-13T11:59:31.025+00:00 with filter job_link IS NOT NULL
[2025-11-15T05:24:35.725+0000] {subprocess.py:106} INFO - 25/11/15 05:24:35 INFO BaseDistributedDataScan: Planning file tasks locally for table hive_catalog.bronze.it_jobs_raw
[2025-11-15T05:24:35.899+0000] {subprocess.py:106} INFO - 25/11/15 05:24:35 INFO SparkPartitioningAwareScan: Reporting UnknownPartitioning with 4 partition(s) for table hive_catalog.bronze.it_jobs_raw
[2025-11-15T05:24:35.911+0000] {subprocess.py:106} INFO - 25/11/15 05:24:35 INFO FileSourceStrategy: Pushed Filters:
[2025-11-15T05:24:35.912+0000] {subprocess.py:106} INFO - 25/11/15 05:24:35 INFO FileSourceStrategy: Post-Scan Filters:
[2025-11-15T05:24:35.916+0000] {subprocess.py:106} INFO - 25/11/15 05:24:35 INFO MemoryStore: Block broadcast_12 stored as values in memory (estimated size 32.0 KiB, free 433.8 MiB)
[2025-11-15T05:24:35.937+0000] {subprocess.py:106} INFO - 25/11/15 05:24:35 INFO MemoryStore: Block broadcast_12_piece0 stored as bytes in memory (estimated size 29.7 KiB, free 433.7 MiB)
[2025-11-15T05:24:35.943+0000] {subprocess.py:106} INFO - 25/11/15 05:24:35 INFO BlockManagerInfo: Added broadcast_12_piece0 in memory on 68d0d8c522fe:37243 (size: 29.7 KiB, free: 434.0 MiB)
[2025-11-15T05:24:35.946+0000] {subprocess.py:106} INFO - 25/11/15 05:24:35 INFO BlockManagerInfo: Removed broadcast_11_piece0 on 68d0d8c522fe:37243 in memory (size: 5.9 KiB, free: 434.0 MiB)
[2025-11-15T05:24:35.948+0000] {subprocess.py:106} INFO - 25/11/15 05:24:35 INFO SparkContext: Created broadcast 12 from broadcast at SparkBatch.java:79
[2025-11-15T05:24:35.949+0000] {subprocess.py:106} INFO - 25/11/15 05:24:35 INFO BlockManagerInfo: Removed broadcast_11_piece0 on 172.30.0.7:38789 in memory (size: 5.9 KiB, free: 434.1 MiB)
[2025-11-15T05:24:35.992+0000] {subprocess.py:106} INFO - 25/11/15 05:24:35 INFO MemoryStore: Block broadcast_13 stored as values in memory (estimated size 32.0 KiB, free 433.7 MiB)
[2025-11-15T05:24:35.996+0000] {subprocess.py:106} INFO - 25/11/15 05:24:35 INFO MemoryStore: Block broadcast_13_piece0 stored as bytes in memory (estimated size 29.7 KiB, free 433.7 MiB)
[2025-11-15T05:24:35.999+0000] {subprocess.py:106} INFO - 25/11/15 05:24:35 INFO BlockManagerInfo: Added broadcast_13_piece0 in memory on 68d0d8c522fe:37243 (size: 29.7 KiB, free: 434.0 MiB)
[2025-11-15T05:24:36.001+0000] {subprocess.py:106} INFO - 25/11/15 05:24:35 INFO SparkContext: Created broadcast 13 from broadcast at SparkBatch.java:79
[2025-11-15T05:24:36.080+0000] {subprocess.py:106} INFO - 25/11/15 05:24:36 INFO SparkContext: Starting job: $anonfun$withThreadLocalCaptured$1 at <unknown>:0
[2025-11-15T05:24:36.081+0000] {subprocess.py:106} INFO - 25/11/15 05:24:36 INFO DAGScheduler: Got job 6 ($anonfun$withThreadLocalCaptured$1 at <unknown>:0) with 4 output partitions
[2025-11-15T05:24:36.082+0000] {subprocess.py:106} INFO - 25/11/15 05:24:36 INFO DAGScheduler: Final stage: ResultStage 8 ($anonfun$withThreadLocalCaptured$1 at <unknown>:0)
[2025-11-15T05:24:36.082+0000] {subprocess.py:106} INFO - 25/11/15 05:24:36 INFO DAGScheduler: Parents of final stage: List()
[2025-11-15T05:24:36.082+0000] {subprocess.py:106} INFO - 25/11/15 05:24:36 INFO DAGScheduler: Missing parents: List()
[2025-11-15T05:24:36.112+0000] {subprocess.py:106} INFO - 25/11/15 05:24:36 INFO DAGScheduler: Submitting ResultStage 8 (MapPartitionsRDD[25] at $anonfun$withThreadLocalCaptured$1 at <unknown>:0), which has no missing parents
[2025-11-15T05:24:36.115+0000] {subprocess.py:106} INFO - 25/11/15 05:24:36 INFO MemoryStore: Block broadcast_14 stored as values in memory (estimated size 13.7 KiB, free 433.7 MiB)
[2025-11-15T05:24:36.131+0000] {subprocess.py:106} INFO - 25/11/15 05:24:36 INFO MemoryStore: Block broadcast_14_piece0 stored as bytes in memory (estimated size 5.5 KiB, free 433.7 MiB)
[2025-11-15T05:24:36.132+0000] {subprocess.py:106} INFO - 25/11/15 05:24:36 INFO BlockManagerInfo: Added broadcast_14_piece0 in memory on 68d0d8c522fe:37243 (size: 5.5 KiB, free: 434.0 MiB)
[2025-11-15T05:24:36.134+0000] {subprocess.py:106} INFO - 25/11/15 05:24:36 INFO SparkContext: Created broadcast 14 from broadcast at DAGScheduler.scala:1585
[2025-11-15T05:24:36.135+0000] {subprocess.py:106} INFO - 25/11/15 05:24:36 INFO DAGScheduler: Submitting 4 missing tasks from ResultStage 8 (MapPartitionsRDD[25] at $anonfun$withThreadLocalCaptured$1 at <unknown>:0) (first 15 tasks are for partitions Vector(0, 1, 2, 3))
[2025-11-15T05:24:36.136+0000] {subprocess.py:106} INFO - 25/11/15 05:24:36 INFO TaskSchedulerImpl: Adding task set 8.0 with 4 tasks resource profile 0
[2025-11-15T05:24:36.139+0000] {subprocess.py:106} INFO - 25/11/15 05:24:36 INFO TaskSetManager: Starting task 0.0 in stage 8.0 (TID 9) (172.30.0.7, executor 0, partition 0, ANY, 15762 bytes)
[2025-11-15T05:24:36.155+0000] {subprocess.py:106} INFO - 25/11/15 05:24:36 INFO BlockManagerInfo: Added broadcast_14_piece0 in memory on 172.30.0.7:38789 (size: 5.5 KiB, free: 434.1 MiB)
[2025-11-15T05:24:36.193+0000] {subprocess.py:106} INFO - 25/11/15 05:24:36 INFO BlockManagerInfo: Removed broadcast_5_piece0 on 68d0d8c522fe:37243 in memory (size: 29.7 KiB, free: 434.0 MiB)
[2025-11-15T05:24:36.198+0000] {subprocess.py:106} INFO - 25/11/15 05:24:36 INFO BlockManagerInfo: Added broadcast_13_piece0 in memory on 172.30.0.7:38789 (size: 29.7 KiB, free: 434.1 MiB)
[2025-11-15T05:24:36.426+0000] {subprocess.py:106} INFO - 25/11/15 05:24:36 INFO TaskSetManager: Starting task 1.0 in stage 8.0 (TID 10) (172.30.0.7, executor 0, partition 1, ANY, 15752 bytes)
[2025-11-15T05:24:36.427+0000] {subprocess.py:106} INFO - 25/11/15 05:24:36 INFO TaskSetManager: Finished task 0.0 in stage 8.0 (TID 9) in 291 ms on 172.30.0.7 (executor 0) (1/4)
[2025-11-15T05:24:36.627+0000] {subprocess.py:106} INFO - 25/11/15 05:24:36 INFO TaskSetManager: Starting task 2.0 in stage 8.0 (TID 11) (172.30.0.7, executor 0, partition 2, ANY, 15762 bytes)
[2025-11-15T05:24:36.628+0000] {subprocess.py:106} INFO - 25/11/15 05:24:36 INFO TaskSetManager: Finished task 1.0 in stage 8.0 (TID 10) in 203 ms on 172.30.0.7 (executor 0) (2/4)
[2025-11-15T05:24:36.875+0000] {subprocess.py:106} INFO - 25/11/15 05:24:36 INFO TaskSetManager: Starting task 3.0 in stage 8.0 (TID 12) (172.30.0.7, executor 0, partition 3, ANY, 15762 bytes)
[2025-11-15T05:24:36.875+0000] {subprocess.py:106} INFO - 25/11/15 05:24:36 INFO TaskSetManager: Finished task 2.0 in stage 8.0 (TID 11) in 248 ms on 172.30.0.7 (executor 0) (3/4)
[2025-11-15T05:24:37.106+0000] {subprocess.py:106} INFO - 25/11/15 05:24:37 INFO TaskSetManager: Finished task 3.0 in stage 8.0 (TID 12) in 234 ms on 172.30.0.7 (executor 0) (4/4)
[2025-11-15T05:24:37.107+0000] {subprocess.py:106} INFO - 25/11/15 05:24:37 INFO TaskSchedulerImpl: Removed TaskSet 8.0, whose tasks have all completed, from pool
[2025-11-15T05:24:37.108+0000] {subprocess.py:106} INFO - 25/11/15 05:24:37 INFO DAGScheduler: ResultStage 8 ($anonfun$withThreadLocalCaptured$1 at <unknown>:0) finished in 0.994 s
[2025-11-15T05:24:37.108+0000] {subprocess.py:106} INFO - 25/11/15 05:24:37 INFO DAGScheduler: Job 6 is finished. Cancelling potential speculative or zombie tasks for this job
[2025-11-15T05:24:37.108+0000] {subprocess.py:106} INFO - 25/11/15 05:24:37 INFO TaskSchedulerImpl: Killing all running tasks in stage 8: Stage finished
[2025-11-15T05:24:37.109+0000] {subprocess.py:106} INFO - 25/11/15 05:24:37 INFO DAGScheduler: Job 6 finished: $anonfun$withThreadLocalCaptured$1 at <unknown>:0, took 1.028220 s
[2025-11-15T05:24:37.123+0000] {subprocess.py:106} INFO - 25/11/15 05:24:37 INFO BlockManagerInfo: Removed broadcast_8_piece0 on 68d0d8c522fe:37243 in memory (size: 248.7 KiB, free: 434.3 MiB)
[2025-11-15T05:24:37.127+0000] {subprocess.py:106} INFO - 25/11/15 05:24:37 INFO BlockManagerInfo: Removed broadcast_8_piece0 on 172.30.0.7:38789 in memory (size: 248.7 KiB, free: 434.3 MiB)
[2025-11-15T05:24:37.138+0000] {subprocess.py:106} INFO - 25/11/15 05:24:37 INFO MemoryStore: Block broadcast_15_piece0 stored as bytes in memory (estimated size 248.9 KiB, free 433.7 MiB)
[2025-11-15T05:24:37.138+0000] {subprocess.py:106} INFO - 25/11/15 05:24:37 INFO BlockManagerInfo: Added broadcast_15_piece0 in memory on 68d0d8c522fe:37243 (size: 248.9 KiB, free: 434.0 MiB)
[2025-11-15T05:24:37.141+0000] {subprocess.py:106} INFO - 25/11/15 05:24:37 INFO SparkContext: Created broadcast 15 from $anonfun$withThreadLocalCaptured$1 at <unknown>:0
[2025-11-15T05:24:37.144+0000] {subprocess.py:106} INFO - 25/11/15 05:24:37 INFO BlockManagerInfo: Removed broadcast_14_piece0 on 68d0d8c522fe:37243 in memory (size: 5.5 KiB, free: 434.0 MiB)
[2025-11-15T05:24:37.146+0000] {subprocess.py:106} INFO - 25/11/15 05:24:37 INFO BlockManagerInfo: Removed broadcast_14_piece0 on 172.30.0.7:38789 in memory (size: 5.5 KiB, free: 434.3 MiB)
[2025-11-15T05:24:37.152+0000] {subprocess.py:106} INFO - 25/11/15 05:24:37 INFO FileSourceStrategy: Pushed Filters:
[2025-11-15T05:24:37.153+0000] {subprocess.py:106} INFO - 25/11/15 05:24:37 INFO FileSourceStrategy: Post-Scan Filters:
[2025-11-15T05:24:37.181+0000] {subprocess.py:106} INFO - 25/11/15 05:24:37 INFO MemoryStore: Block broadcast_16 stored as values in memory (estimated size 203.1 KiB, free 433.5 MiB)
[2025-11-15T05:24:37.190+0000] {subprocess.py:106} INFO - 25/11/15 05:24:37 INFO MemoryStore: Block broadcast_16_piece0 stored as bytes in memory (estimated size 35.1 KiB, free 433.5 MiB)
[2025-11-15T05:24:37.191+0000] {subprocess.py:106} INFO - 25/11/15 05:24:37 INFO BlockManagerInfo: Added broadcast_16_piece0 in memory on 68d0d8c522fe:37243 (size: 35.1 KiB, free: 434.0 MiB)
[2025-11-15T05:24:37.192+0000] {subprocess.py:106} INFO - 25/11/15 05:24:37 INFO SparkContext: Created broadcast 16 from count at <unknown>:0
[2025-11-15T05:24:37.194+0000] {subprocess.py:106} INFO - 25/11/15 05:24:37 INFO FileSourceScanExec: Planning scan with bin packing, max size: 4194304 bytes, open cost is considered as scanning 4194304 bytes.
[2025-11-15T05:24:37.201+0000] {subprocess.py:106} INFO - 25/11/15 05:24:37 INFO DAGScheduler: Registering RDD 29 (count at <unknown>:0) as input to shuffle 2
[2025-11-15T05:24:37.202+0000] {subprocess.py:106} INFO - 25/11/15 05:24:37 INFO DAGScheduler: Got map stage job 7 (count at <unknown>:0) with 1 output partitions
[2025-11-15T05:24:37.202+0000] {subprocess.py:106} INFO - 25/11/15 05:24:37 INFO DAGScheduler: Final stage: ShuffleMapStage 9 (count at <unknown>:0)
[2025-11-15T05:24:37.203+0000] {subprocess.py:106} INFO - 25/11/15 05:24:37 INFO DAGScheduler: Parents of final stage: List()
[2025-11-15T05:24:37.205+0000] {subprocess.py:106} INFO - 25/11/15 05:24:37 INFO DAGScheduler: Missing parents: List()
[2025-11-15T05:24:37.205+0000] {subprocess.py:106} INFO - 25/11/15 05:24:37 INFO DAGScheduler: Submitting ShuffleMapStage 9 (MapPartitionsRDD[29] at count at <unknown>:0), which has no missing parents
[2025-11-15T05:24:37.208+0000] {subprocess.py:106} INFO - 25/11/15 05:24:37 INFO MemoryStore: Block broadcast_17 stored as values in memory (estimated size 20.1 KiB, free 433.5 MiB)
[2025-11-15T05:24:37.218+0000] {subprocess.py:106} INFO - 25/11/15 05:24:37 INFO MemoryStore: Block broadcast_17_piece0 stored as bytes in memory (estimated size 9.7 KiB, free 433.5 MiB)
[2025-11-15T05:24:37.222+0000] {subprocess.py:106} INFO - 25/11/15 05:24:37 INFO BlockManagerInfo: Added broadcast_17_piece0 in memory on 68d0d8c522fe:37243 (size: 9.7 KiB, free: 434.0 MiB)
[2025-11-15T05:24:37.226+0000] {subprocess.py:106} INFO - 25/11/15 05:24:37 INFO BlockManagerInfo: Removed broadcast_9_piece0 on 68d0d8c522fe:37243 in memory (size: 35.1 KiB, free: 434.0 MiB)
[2025-11-15T05:24:37.229+0000] {subprocess.py:106} INFO - 25/11/15 05:24:37 INFO SparkContext: Created broadcast 17 from broadcast at DAGScheduler.scala:1585
[2025-11-15T05:24:37.237+0000] {subprocess.py:106} INFO - 25/11/15 05:24:37 INFO BlockManagerInfo: Removed broadcast_9_piece0 on 172.30.0.7:38789 in memory (size: 35.1 KiB, free: 434.3 MiB)
[2025-11-15T05:24:37.246+0000] {subprocess.py:106} INFO - 25/11/15 05:24:37 INFO DAGScheduler: Submitting 1 missing tasks from ShuffleMapStage 9 (MapPartitionsRDD[29] at count at <unknown>:0) (first 15 tasks are for partitions Vector(0))
[2025-11-15T05:24:37.247+0000] {subprocess.py:106} INFO - 25/11/15 05:24:37 INFO TaskSchedulerImpl: Adding task set 9.0 with 1 tasks resource profile 0
[2025-11-15T05:24:37.250+0000] {subprocess.py:106} INFO - 25/11/15 05:24:37 INFO TaskSetManager: Starting task 0.0 in stage 9.0 (TID 13) (172.30.0.7, executor 0, partition 0, ANY, 9944 bytes)
[2025-11-15T05:24:37.271+0000] {subprocess.py:106} INFO - 25/11/15 05:24:37 INFO BlockManagerInfo: Added broadcast_17_piece0 in memory on 172.30.0.7:38789 (size: 9.7 KiB, free: 434.3 MiB)
[2025-11-15T05:24:37.308+0000] {subprocess.py:106} INFO - 25/11/15 05:24:37 INFO BlockManagerInfo: Added broadcast_15_piece0 in memory on 172.30.0.7:38789 (size: 248.9 KiB, free: 434.1 MiB)
[2025-11-15T05:24:37.356+0000] {subprocess.py:106} INFO - 25/11/15 05:24:37 INFO BlockManagerInfo: Added broadcast_16_piece0 in memory on 172.30.0.7:38789 (size: 35.1 KiB, free: 434.1 MiB)
[2025-11-15T05:24:37.478+0000] {subprocess.py:106} INFO - 25/11/15 05:24:37 INFO TaskSetManager: Finished task 0.0 in stage 9.0 (TID 13) in 228 ms on 172.30.0.7 (executor 0) (1/1)
[2025-11-15T05:24:37.479+0000] {subprocess.py:106} INFO - 25/11/15 05:24:37 INFO TaskSchedulerImpl: Removed TaskSet 9.0, whose tasks have all completed, from pool
[2025-11-15T05:24:37.488+0000] {subprocess.py:106} INFO - 25/11/15 05:24:37 INFO DAGScheduler: ShuffleMapStage 9 (count at <unknown>:0) finished in 0.267 s
[2025-11-15T05:24:37.489+0000] {subprocess.py:106} INFO - 25/11/15 05:24:37 INFO DAGScheduler: looking for newly runnable stages
[2025-11-15T05:24:37.490+0000] {subprocess.py:106} INFO - 25/11/15 05:24:37 INFO DAGScheduler: running: Set()
[2025-11-15T05:24:37.491+0000] {subprocess.py:106} INFO - 25/11/15 05:24:37 INFO DAGScheduler: waiting: Set()
[2025-11-15T05:24:37.493+0000] {subprocess.py:106} INFO - 25/11/15 05:24:37 INFO DAGScheduler: failed: Set()
[2025-11-15T05:24:37.524+0000] {subprocess.py:106} INFO - 25/11/15 05:24:37 INFO SparkContext: Starting job: count at <unknown>:0
[2025-11-15T05:24:37.527+0000] {subprocess.py:106} INFO - 25/11/15 05:24:37 INFO DAGScheduler: Got job 8 (count at <unknown>:0) with 1 output partitions
[2025-11-15T05:24:37.527+0000] {subprocess.py:106} INFO - 25/11/15 05:24:37 INFO DAGScheduler: Final stage: ResultStage 11 (count at <unknown>:0)
[2025-11-15T05:24:37.528+0000] {subprocess.py:106} INFO - 25/11/15 05:24:37 INFO DAGScheduler: Parents of final stage: List(ShuffleMapStage 10)
[2025-11-15T05:24:37.529+0000] {subprocess.py:106} INFO - 25/11/15 05:24:37 INFO DAGScheduler: Missing parents: List()
[2025-11-15T05:24:37.530+0000] {subprocess.py:106} INFO - 25/11/15 05:24:37 INFO DAGScheduler: Submitting ResultStage 11 (MapPartitionsRDD[32] at count at <unknown>:0), which has no missing parents
[2025-11-15T05:24:37.536+0000] {subprocess.py:106} INFO - 25/11/15 05:24:37 INFO MemoryStore: Block broadcast_18 stored as values in memory (estimated size 12.5 KiB, free 433.7 MiB)
[2025-11-15T05:24:37.554+0000] {subprocess.py:106} INFO - 25/11/15 05:24:37 INFO MemoryStore: Block broadcast_18_piece0 stored as bytes in memory (estimated size 5.9 KiB, free 433.7 MiB)
[2025-11-15T05:24:37.560+0000] {subprocess.py:106} INFO - 25/11/15 05:24:37 INFO BlockManagerInfo: Added broadcast_18_piece0 in memory on 68d0d8c522fe:37243 (size: 5.9 KiB, free: 434.0 MiB)
[2025-11-15T05:24:37.561+0000] {subprocess.py:106} INFO - 25/11/15 05:24:37 INFO SparkContext: Created broadcast 18 from broadcast at DAGScheduler.scala:1585
[2025-11-15T05:24:37.562+0000] {subprocess.py:106} INFO - 25/11/15 05:24:37 INFO DAGScheduler: Submitting 1 missing tasks from ResultStage 11 (MapPartitionsRDD[32] at count at <unknown>:0) (first 15 tasks are for partitions Vector(0))
[2025-11-15T05:24:37.563+0000] {subprocess.py:106} INFO - 25/11/15 05:24:37 INFO TaskSchedulerImpl: Adding task set 11.0 with 1 tasks resource profile 0
[2025-11-15T05:24:37.564+0000] {subprocess.py:106} INFO - 25/11/15 05:24:37 INFO TaskSetManager: Starting task 0.0 in stage 11.0 (TID 14) (172.30.0.7, executor 0, partition 0, NODE_LOCAL, 9331 bytes)
[2025-11-15T05:24:37.567+0000] {subprocess.py:106} INFO - 25/11/15 05:24:37 INFO BlockManagerInfo: Removed broadcast_17_piece0 on 68d0d8c522fe:37243 in memory (size: 9.7 KiB, free: 434.0 MiB)
[2025-11-15T05:24:37.574+0000] {subprocess.py:106} INFO - 25/11/15 05:24:37 INFO BlockManagerInfo: Removed broadcast_17_piece0 on 172.30.0.7:38789 in memory (size: 9.7 KiB, free: 434.1 MiB)
[2025-11-15T05:24:37.606+0000] {subprocess.py:106} INFO - 25/11/15 05:24:37 INFO BlockManagerInfo: Added broadcast_18_piece0 in memory on 172.30.0.7:38789 (size: 5.9 KiB, free: 434.1 MiB)
[2025-11-15T05:24:37.631+0000] {subprocess.py:106} INFO - 25/11/15 05:24:37 INFO MapOutputTrackerMasterEndpoint: Asked to send map output locations for shuffle 2 to 172.30.0.7:50236
[2025-11-15T05:24:37.660+0000] {subprocess.py:106} INFO - 25/11/15 05:24:37 INFO TaskSetManager: Finished task 0.0 in stage 11.0 (TID 14) in 99 ms on 172.30.0.7 (executor 0) (1/1)
[2025-11-15T05:24:37.661+0000] {subprocess.py:106} INFO - 25/11/15 05:24:37 INFO TaskSchedulerImpl: Removed TaskSet 11.0, whose tasks have all completed, from pool
[2025-11-15T05:24:37.662+0000] {subprocess.py:106} INFO - 25/11/15 05:24:37 INFO DAGScheduler: ResultStage 11 (count at <unknown>:0) finished in 0.131 s
[2025-11-15T05:24:37.663+0000] {subprocess.py:106} INFO - 25/11/15 05:24:37 INFO DAGScheduler: Job 8 is finished. Cancelling potential speculative or zombie tasks for this job
[2025-11-15T05:24:37.664+0000] {subprocess.py:106} INFO - 25/11/15 05:24:37 INFO TaskSchedulerImpl: Killing all running tasks in stage 11: Stage finished
[2025-11-15T05:24:37.667+0000] {subprocess.py:106} INFO - 25/11/15 05:24:37 INFO DAGScheduler: Job 8 finished: count at <unknown>:0, took 0.142134 s
[2025-11-15T05:24:37.807+0000] {subprocess.py:106} INFO - 25/11/15 05:24:37 INFO V2ScanRelationPushDown:
[2025-11-15T05:24:37.809+0000] {subprocess.py:106} INFO - Pushing operators to hive_catalog.bronze.it_jobs_raw
[2025-11-15T05:24:37.811+0000] {subprocess.py:106} INFO - Pushed Filters: job_link IS NOT NULL
[2025-11-15T05:24:37.811+0000] {subprocess.py:106} INFO - Post-Scan Filters: isnotnull(job_link#66)
[2025-11-15T05:24:37.812+0000] {subprocess.py:106} INFO - 
[2025-11-15T05:24:37.816+0000] {subprocess.py:106} INFO - 25/11/15 05:24:37 INFO V2ScanRelationPushDown:
[2025-11-15T05:24:37.817+0000] {subprocess.py:106} INFO - Output: job_link#66
[2025-11-15T05:24:37.818+0000] {subprocess.py:106} INFO - 
[2025-11-15T05:24:37.819+0000] {subprocess.py:106} INFO - 25/11/15 05:24:37 INFO SnapshotScan: Scanning table hive_catalog.bronze.it_jobs_raw snapshot 7113389479847708482 created at 2025-11-13T11:59:31.025+00:00 with filter job_link IS NOT NULL
[2025-11-15T05:24:37.821+0000] {subprocess.py:106} INFO - 25/11/15 05:24:37 INFO BaseDistributedDataScan: Planning file tasks locally for table hive_catalog.bronze.it_jobs_raw
[2025-11-15T05:24:37.932+0000] {subprocess.py:106} INFO - 25/11/15 05:24:37 INFO SparkPartitioningAwareScan: Reporting UnknownPartitioning with 4 partition(s) for table hive_catalog.bronze.it_jobs_raw
[2025-11-15T05:24:37.989+0000] {subprocess.py:106} INFO - 25/11/15 05:24:37 INFO SparkWrite: Requesting 0 bytes advisory partition size for table hive_catalog.bronze.it_jobs_raw
[2025-11-15T05:24:37.991+0000] {subprocess.py:106} INFO - 25/11/15 05:24:37 INFO SparkWrite: Requesting UnspecifiedDistribution as write distribution for table hive_catalog.bronze.it_jobs_raw
[2025-11-15T05:24:37.992+0000] {subprocess.py:106} INFO - 25/11/15 05:24:37 INFO SparkWrite: Requesting [] as write ordering for table hive_catalog.bronze.it_jobs_raw
[2025-11-15T05:24:38.014+0000] {subprocess.py:106} INFO - 25/11/15 05:24:38 INFO FileSourceStrategy: Pushed Filters:
[2025-11-15T05:24:38.015+0000] {subprocess.py:106} INFO - 25/11/15 05:24:38 INFO FileSourceStrategy: Post-Scan Filters:
[2025-11-15T05:24:38.018+0000] {subprocess.py:106} INFO - 25/11/15 05:24:38 INFO MemoryStore: Block broadcast_19 stored as values in memory (estimated size 32.0 KiB, free 433.7 MiB)
[2025-11-15T05:24:38.036+0000] {subprocess.py:106} INFO - 25/11/15 05:24:38 INFO MemoryStore: Block broadcast_19_piece0 stored as bytes in memory (estimated size 29.7 KiB, free 433.7 MiB)
[2025-11-15T05:24:38.038+0000] {subprocess.py:106} INFO - 25/11/15 05:24:38 INFO BlockManagerInfo: Added broadcast_19_piece0 in memory on 68d0d8c522fe:37243 (size: 29.7 KiB, free: 434.0 MiB)
[2025-11-15T05:24:38.039+0000] {subprocess.py:106} INFO - 25/11/15 05:24:38 INFO SparkContext: Created broadcast 19 from broadcast at SparkBatch.java:79
[2025-11-15T05:24:38.045+0000] {subprocess.py:106} INFO - 25/11/15 05:24:38 INFO BlockManagerInfo: Removed broadcast_18_piece0 on 68d0d8c522fe:37243 in memory (size: 5.9 KiB, free: 434.0 MiB)
[2025-11-15T05:24:38.046+0000] {subprocess.py:106} INFO - 25/11/15 05:24:38 INFO BlockManagerInfo: Removed broadcast_18_piece0 on 172.30.0.7:38789 in memory (size: 5.9 KiB, free: 434.1 MiB)
[2025-11-15T05:24:38.137+0000] {subprocess.py:106} INFO - 25/11/15 05:24:38 INFO MemoryStore: Block broadcast_20 stored as values in memory (estimated size 32.0 KiB, free 433.7 MiB)
[2025-11-15T05:24:38.149+0000] {subprocess.py:106} INFO - 25/11/15 05:24:38 INFO MemoryStore: Block broadcast_20_piece0 stored as bytes in memory (estimated size 29.7 KiB, free 433.6 MiB)
[2025-11-15T05:24:38.150+0000] {subprocess.py:106} INFO - 25/11/15 05:24:38 INFO BlockManagerInfo: Added broadcast_20_piece0 in memory on 68d0d8c522fe:37243 (size: 29.7 KiB, free: 434.0 MiB)
[2025-11-15T05:24:38.155+0000] {subprocess.py:106} INFO - 25/11/15 05:24:38 INFO SparkContext: Created broadcast 20 from broadcast at SparkBatch.java:79
[2025-11-15T05:24:38.163+0000] {subprocess.py:106} INFO - 25/11/15 05:24:38 INFO BlockManagerInfo: Removed broadcast_15_piece0 on 68d0d8c522fe:37243 in memory (size: 248.9 KiB, free: 434.2 MiB)
[2025-11-15T05:24:38.166+0000] {subprocess.py:106} INFO - 25/11/15 05:24:38 INFO BlockManagerInfo: Removed broadcast_15_piece0 on 172.30.0.7:38789 in memory (size: 248.9 KiB, free: 434.3 MiB)
[2025-11-15T05:24:38.181+0000] {subprocess.py:106} INFO - 25/11/15 05:24:38 INFO BlockManagerInfo: Removed broadcast_16_piece0 on 68d0d8c522fe:37243 in memory (size: 35.1 KiB, free: 434.3 MiB)
[2025-11-15T05:24:38.184+0000] {subprocess.py:106} INFO - 25/11/15 05:24:38 INFO BlockManagerInfo: Removed broadcast_16_piece0 on 172.30.0.7:38789 in memory (size: 35.1 KiB, free: 434.3 MiB)
[2025-11-15T05:24:38.201+0000] {subprocess.py:106} INFO - 25/11/15 05:24:38 INFO BlockManagerInfo: Removed broadcast_12_piece0 on 68d0d8c522fe:37243 in memory (size: 29.7 KiB, free: 434.3 MiB)
[2025-11-15T05:24:38.223+0000] {subprocess.py:106} INFO - 25/11/15 05:24:38 INFO BlockManagerInfo: Removed broadcast_13_piece0 on 172.30.0.7:38789 in memory (size: 29.7 KiB, free: 434.4 MiB)
[2025-11-15T05:24:38.224+0000] {subprocess.py:106} INFO - 25/11/15 05:24:38 INFO BlockManagerInfo: Removed broadcast_13_piece0 on 68d0d8c522fe:37243 in memory (size: 29.7 KiB, free: 434.3 MiB)
[2025-11-15T05:24:38.258+0000] {subprocess.py:106} INFO - 25/11/15 05:24:38 INFO SparkContext: Starting job: $anonfun$withThreadLocalCaptured$1 at <unknown>:0
[2025-11-15T05:24:38.260+0000] {subprocess.py:106} INFO - 25/11/15 05:24:38 INFO DAGScheduler: Got job 9 ($anonfun$withThreadLocalCaptured$1 at <unknown>:0) with 4 output partitions
[2025-11-15T05:24:38.260+0000] {subprocess.py:106} INFO - 25/11/15 05:24:38 INFO DAGScheduler: Final stage: ResultStage 12 ($anonfun$withThreadLocalCaptured$1 at <unknown>:0)
[2025-11-15T05:24:38.262+0000] {subprocess.py:106} INFO - 25/11/15 05:24:38 INFO DAGScheduler: Parents of final stage: List()
[2025-11-15T05:24:38.263+0000] {subprocess.py:106} INFO - 25/11/15 05:24:38 INFO DAGScheduler: Missing parents: List()
[2025-11-15T05:24:38.263+0000] {subprocess.py:106} INFO - 25/11/15 05:24:38 INFO DAGScheduler: Submitting ResultStage 12 (MapPartitionsRDD[36] at $anonfun$withThreadLocalCaptured$1 at <unknown>:0), which has no missing parents
[2025-11-15T05:24:38.264+0000] {subprocess.py:106} INFO - 25/11/15 05:24:38 INFO MemoryStore: Block broadcast_21 stored as values in memory (estimated size 13.8 KiB, free 434.2 MiB)
[2025-11-15T05:24:38.272+0000] {subprocess.py:106} INFO - 25/11/15 05:24:38 INFO MemoryStore: Block broadcast_21_piece0 stored as bytes in memory (estimated size 5.5 KiB, free 434.2 MiB)
[2025-11-15T05:24:38.273+0000] {subprocess.py:106} INFO - 25/11/15 05:24:38 INFO BlockManagerInfo: Added broadcast_21_piece0 in memory on 68d0d8c522fe:37243 (size: 5.5 KiB, free: 434.3 MiB)
[2025-11-15T05:24:38.276+0000] {subprocess.py:106} INFO - 25/11/15 05:24:38 INFO SparkContext: Created broadcast 21 from broadcast at DAGScheduler.scala:1585
[2025-11-15T05:24:38.277+0000] {subprocess.py:106} INFO - 25/11/15 05:24:38 INFO DAGScheduler: Submitting 4 missing tasks from ResultStage 12 (MapPartitionsRDD[36] at $anonfun$withThreadLocalCaptured$1 at <unknown>:0) (first 15 tasks are for partitions Vector(0, 1, 2, 3))
[2025-11-15T05:24:38.278+0000] {subprocess.py:106} INFO - 25/11/15 05:24:38 INFO TaskSchedulerImpl: Adding task set 12.0 with 4 tasks resource profile 0
[2025-11-15T05:24:38.279+0000] {subprocess.py:106} INFO - 25/11/15 05:24:38 INFO TaskSetManager: Starting task 0.0 in stage 12.0 (TID 15) (172.30.0.7, executor 0, partition 0, ANY, 15762 bytes)
[2025-11-15T05:24:38.298+0000] {subprocess.py:106} INFO - 25/11/15 05:24:38 INFO BlockManagerInfo: Added broadcast_21_piece0 in memory on 172.30.0.7:38789 (size: 5.5 KiB, free: 434.4 MiB)
[2025-11-15T05:24:38.328+0000] {subprocess.py:106} INFO - 25/11/15 05:24:38 INFO BlockManagerInfo: Added broadcast_20_piece0 in memory on 172.30.0.7:38789 (size: 29.7 KiB, free: 434.3 MiB)
[2025-11-15T05:24:38.574+0000] {subprocess.py:106} INFO - 25/11/15 05:24:38 INFO TaskSetManager: Starting task 1.0 in stage 12.0 (TID 16) (172.30.0.7, executor 0, partition 1, ANY, 15761 bytes)
[2025-11-15T05:24:38.576+0000] {subprocess.py:106} INFO - 25/11/15 05:24:38 INFO TaskSetManager: Finished task 0.0 in stage 12.0 (TID 15) in 298 ms on 172.30.0.7 (executor 0) (1/4)
[2025-11-15T05:24:38.812+0000] {subprocess.py:106} INFO - 25/11/15 05:24:38 INFO TaskSetManager: Starting task 2.0 in stage 12.0 (TID 17) (172.30.0.7, executor 0, partition 2, ANY, 15762 bytes)
[2025-11-15T05:24:38.813+0000] {subprocess.py:106} INFO - 25/11/15 05:24:38 INFO TaskSetManager: Finished task 1.0 in stage 12.0 (TID 16) in 241 ms on 172.30.0.7 (executor 0) (2/4)
[2025-11-15T05:24:39.013+0000] {subprocess.py:106} INFO - 25/11/15 05:24:39 INFO TaskSetManager: Starting task 3.0 in stage 12.0 (TID 18) (172.30.0.7, executor 0, partition 3, ANY, 15762 bytes)
[2025-11-15T05:24:39.014+0000] {subprocess.py:106} INFO - 25/11/15 05:24:39 INFO TaskSetManager: Finished task 2.0 in stage 12.0 (TID 17) in 205 ms on 172.30.0.7 (executor 0) (3/4)
[2025-11-15T05:24:39.214+0000] {subprocess.py:106} INFO - 25/11/15 05:24:39 INFO TaskSetManager: Finished task 3.0 in stage 12.0 (TID 18) in 202 ms on 172.30.0.7 (executor 0) (4/4)
[2025-11-15T05:24:39.215+0000] {subprocess.py:106} INFO - 25/11/15 05:24:39 INFO TaskSchedulerImpl: Removed TaskSet 12.0, whose tasks have all completed, from pool
[2025-11-15T05:24:39.215+0000] {subprocess.py:106} INFO - 25/11/15 05:24:39 INFO DAGScheduler: ResultStage 12 ($anonfun$withThreadLocalCaptured$1 at <unknown>:0) finished in 0.952 s
[2025-11-15T05:24:39.216+0000] {subprocess.py:106} INFO - 25/11/15 05:24:39 INFO DAGScheduler: Job 9 is finished. Cancelling potential speculative or zombie tasks for this job
[2025-11-15T05:24:39.216+0000] {subprocess.py:106} INFO - 25/11/15 05:24:39 INFO TaskSchedulerImpl: Killing all running tasks in stage 12: Stage finished
[2025-11-15T05:24:39.216+0000] {subprocess.py:106} INFO - 25/11/15 05:24:39 INFO DAGScheduler: Job 9 finished: $anonfun$withThreadLocalCaptured$1 at <unknown>:0, took 0.956915 s
[2025-11-15T05:24:39.233+0000] {subprocess.py:106} INFO - 25/11/15 05:24:39 INFO BlockManagerInfo: Removed broadcast_21_piece0 on 68d0d8c522fe:37243 in memory (size: 5.5 KiB, free: 434.3 MiB)
[2025-11-15T05:24:39.234+0000] {subprocess.py:106} INFO - 25/11/15 05:24:39 INFO BlockManagerInfo: Removed broadcast_21_piece0 on 172.30.0.7:38789 in memory (size: 5.5 KiB, free: 434.3 MiB)
[2025-11-15T05:24:39.240+0000] {subprocess.py:106} INFO - 25/11/15 05:24:39 INFO MemoryStore: Block broadcast_22_piece0 stored as bytes in memory (estimated size 248.6 KiB, free 434.0 MiB)
[2025-11-15T05:24:39.241+0000] {subprocess.py:106} INFO - 25/11/15 05:24:39 INFO BlockManagerInfo: Added broadcast_22_piece0 in memory on 68d0d8c522fe:37243 (size: 248.6 KiB, free: 434.1 MiB)
[2025-11-15T05:24:39.244+0000] {subprocess.py:106} INFO - 25/11/15 05:24:39 INFO SparkContext: Created broadcast 22 from $anonfun$withThreadLocalCaptured$1 at <unknown>:0
[2025-11-15T05:24:39.248+0000] {subprocess.py:106} INFO - 25/11/15 05:24:39 INFO FileSourceStrategy: Pushed Filters:
[2025-11-15T05:24:39.249+0000] {subprocess.py:106} INFO - 25/11/15 05:24:39 INFO FileSourceStrategy: Post-Scan Filters:
[2025-11-15T05:24:39.300+0000] {subprocess.py:106} INFO - 25/11/15 05:24:39 INFO CodeGenerator: Code generated in 24.9229 ms
[2025-11-15T05:24:39.305+0000] {subprocess.py:106} INFO - 25/11/15 05:24:39 INFO MemoryStore: Block broadcast_23 stored as values in memory (estimated size 203.1 KiB, free 433.8 MiB)
[2025-11-15T05:24:39.318+0000] {subprocess.py:106} INFO - 25/11/15 05:24:39 INFO MemoryStore: Block broadcast_23_piece0 stored as bytes in memory (estimated size 35.1 KiB, free 433.7 MiB)
[2025-11-15T05:24:39.319+0000] {subprocess.py:106} INFO - 25/11/15 05:24:39 INFO BlockManagerInfo: Added broadcast_23_piece0 in memory on 68d0d8c522fe:37243 (size: 35.1 KiB, free: 434.0 MiB)
[2025-11-15T05:24:39.320+0000] {subprocess.py:106} INFO - 25/11/15 05:24:39 INFO SparkContext: Created broadcast 23 from append at <unknown>:0
[2025-11-15T05:24:39.322+0000] {subprocess.py:106} INFO - 25/11/15 05:24:39 INFO FileSourceScanExec: Planning scan with bin packing, max size: 4194304 bytes, open cost is considered as scanning 4194304 bytes.
[2025-11-15T05:24:39.336+0000] {subprocess.py:106} INFO - 25/11/15 05:24:39 INFO MemoryStore: Block broadcast_24 stored as values in memory (estimated size 32.0 KiB, free 433.7 MiB)
[2025-11-15T05:24:39.338+0000] {subprocess.py:106} INFO - 25/11/15 05:24:39 INFO MemoryStore: Block broadcast_24_piece0 stored as bytes in memory (estimated size 29.7 KiB, free 433.7 MiB)
[2025-11-15T05:24:39.339+0000] {subprocess.py:106} INFO - 25/11/15 05:24:39 INFO BlockManagerInfo: Added broadcast_24_piece0 in memory on 68d0d8c522fe:37243 (size: 29.7 KiB, free: 434.0 MiB)
[2025-11-15T05:24:39.340+0000] {subprocess.py:106} INFO - 25/11/15 05:24:39 INFO SparkContext: Created broadcast 24 from broadcast at SparkWrite.java:193
[2025-11-15T05:24:39.350+0000] {subprocess.py:106} INFO - 25/11/15 05:24:39 INFO AppendDataExec: Start processing data source write support: IcebergBatchWrite(table=hive_catalog.bronze.it_jobs_raw, format=PARQUET). The input RDD has 1 partitions.
[2025-11-15T05:24:39.358+0000] {subprocess.py:106} INFO - 25/11/15 05:24:39 INFO SparkContext: Starting job: append at <unknown>:0
[2025-11-15T05:24:39.359+0000] {subprocess.py:106} INFO - 25/11/15 05:24:39 INFO DAGScheduler: Got job 10 (append at <unknown>:0) with 1 output partitions
[2025-11-15T05:24:39.359+0000] {subprocess.py:106} INFO - 25/11/15 05:24:39 INFO DAGScheduler: Final stage: ResultStage 13 (append at <unknown>:0)
[2025-11-15T05:24:39.360+0000] {subprocess.py:106} INFO - 25/11/15 05:24:39 INFO DAGScheduler: Parents of final stage: List()
[2025-11-15T05:24:39.362+0000] {subprocess.py:106} INFO - 25/11/15 05:24:39 INFO DAGScheduler: Missing parents: List()
[2025-11-15T05:24:39.364+0000] {subprocess.py:106} INFO - 25/11/15 05:24:39 INFO DAGScheduler: Submitting ResultStage 13 (MapPartitionsRDD[39] at append at <unknown>:0), which has no missing parents
[2025-11-15T05:24:39.366+0000] {subprocess.py:106} INFO - 25/11/15 05:24:39 INFO MemoryStore: Block broadcast_25 stored as values in memory (estimated size 22.1 KiB, free 433.7 MiB)
[2025-11-15T05:24:39.376+0000] {subprocess.py:106} INFO - 25/11/15 05:24:39 INFO MemoryStore: Block broadcast_25_piece0 stored as bytes in memory (estimated size 9.9 KiB, free 433.7 MiB)
[2025-11-15T05:24:39.378+0000] {subprocess.py:106} INFO - 25/11/15 05:24:39 INFO BlockManagerInfo: Added broadcast_25_piece0 in memory on 68d0d8c522fe:37243 (size: 9.9 KiB, free: 434.0 MiB)
[2025-11-15T05:24:39.379+0000] {subprocess.py:106} INFO - 25/11/15 05:24:39 INFO SparkContext: Created broadcast 25 from broadcast at DAGScheduler.scala:1585
[2025-11-15T05:24:39.380+0000] {subprocess.py:106} INFO - 25/11/15 05:24:39 INFO DAGScheduler: Submitting 1 missing tasks from ResultStage 13 (MapPartitionsRDD[39] at append at <unknown>:0) (first 15 tasks are for partitions Vector(0))
[2025-11-15T05:24:39.381+0000] {subprocess.py:106} INFO - 25/11/15 05:24:39 INFO TaskSchedulerImpl: Adding task set 13.0 with 1 tasks resource profile 0
[2025-11-15T05:24:39.382+0000] {subprocess.py:106} INFO - 25/11/15 05:24:39 INFO TaskSetManager: Starting task 0.0 in stage 13.0 (TID 19) (172.30.0.7, executor 0, partition 0, ANY, 9955 bytes)
[2025-11-15T05:24:39.396+0000] {subprocess.py:106} INFO - 25/11/15 05:24:39 INFO BlockManagerInfo: Added broadcast_25_piece0 in memory on 172.30.0.7:38789 (size: 9.9 KiB, free: 434.3 MiB)
[2025-11-15T05:24:39.458+0000] {subprocess.py:106} INFO - 25/11/15 05:24:39 INFO BlockManagerInfo: Added broadcast_22_piece0 in memory on 172.30.0.7:38789 (size: 248.6 KiB, free: 434.1 MiB)
[2025-11-15T05:24:39.499+0000] {subprocess.py:106} INFO - 25/11/15 05:24:39 INFO BlockManagerInfo: Added broadcast_24_piece0 in memory on 172.30.0.7:38789 (size: 29.7 KiB, free: 434.1 MiB)
[2025-11-15T05:24:39.712+0000] {subprocess.py:106} INFO - 25/11/15 05:24:39 INFO BlockManagerInfo: Added broadcast_23_piece0 in memory on 172.30.0.7:38789 (size: 35.1 KiB, free: 434.0 MiB)
[2025-11-15T05:24:40.002+0000] {subprocess.py:106} INFO - 25/11/15 05:24:40 INFO TaskSetManager: Finished task 0.0 in stage 13.0 (TID 19) in 622 ms on 172.30.0.7 (executor 0) (1/1)
[2025-11-15T05:24:40.006+0000] {subprocess.py:106} INFO - 25/11/15 05:24:40 INFO TaskSchedulerImpl: Removed TaskSet 13.0, whose tasks have all completed, from pool
[2025-11-15T05:24:40.006+0000] {subprocess.py:106} INFO - 25/11/15 05:24:40 INFO DAGScheduler: ResultStage 13 (append at <unknown>:0) finished in 0.638 s
[2025-11-15T05:24:40.007+0000] {subprocess.py:106} INFO - 25/11/15 05:24:40 INFO DAGScheduler: Job 10 is finished. Cancelling potential speculative or zombie tasks for this job
[2025-11-15T05:24:40.007+0000] {subprocess.py:106} INFO - 25/11/15 05:24:40 INFO TaskSchedulerImpl: Killing all running tasks in stage 13: Stage finished
[2025-11-15T05:24:40.007+0000] {subprocess.py:106} INFO - 25/11/15 05:24:40 INFO DAGScheduler: Job 10 finished: append at <unknown>:0, took 0.645550 s
[2025-11-15T05:24:40.008+0000] {subprocess.py:106} INFO - 25/11/15 05:24:40 INFO AppendDataExec: Data source write support IcebergBatchWrite(table=hive_catalog.bronze.it_jobs_raw, format=PARQUET) is committing.
[2025-11-15T05:24:40.023+0000] {subprocess.py:106} INFO - 25/11/15 05:24:40 INFO SparkWrite: Committing append with 1 new data files to table hive_catalog.bronze.it_jobs_raw
[2025-11-15T05:24:42.880+0000] {subprocess.py:106} INFO - 25/11/15 05:24:42 INFO HiveTableOperations: Committed to table hive_catalog.bronze.it_jobs_raw with the new metadata location hdfs://dinhhoa-master:9000/user/ndh/warehouse/bronze.db/it_jobs_raw/metadata/00016-a0d56157-a863-4e6a-a6c6-9f0be0acd3e7.metadata.json
[2025-11-15T05:24:42.880+0000] {subprocess.py:106} INFO - 25/11/15 05:24:42 INFO BaseMetastoreTableOperations: Successfully committed to table hive_catalog.bronze.it_jobs_raw in 2125 ms
[2025-11-15T05:24:42.881+0000] {subprocess.py:106} INFO - 25/11/15 05:24:42 INFO SnapshotProducer: Committed snapshot 7208004626067915477 (MergeAppend)
[2025-11-15T05:24:42.895+0000] {subprocess.py:106} INFO - 25/11/15 05:24:42 INFO BaseMetastoreTableOperations: Refreshing table metadata from new version: hdfs://dinhhoa-master:9000/user/ndh/warehouse/bronze.db/it_jobs_raw/metadata/00016-a0d56157-a863-4e6a-a6c6-9f0be0acd3e7.metadata.json
[2025-11-15T05:24:42.965+0000] {subprocess.py:106} INFO - 25/11/15 05:24:42 INFO LoggingMetricsReporter: Received metrics report: CommitReport{tableName=hive_catalog.bronze.it_jobs_raw, snapshotId=7208004626067915477, sequenceNumber=17, operation=append, commitMetrics=CommitMetricsResult{totalDuration=TimerResult{timeUnit=NANOSECONDS, totalDuration=PT2.916633788S, count=1}, attempts=CounterResult{unit=COUNT, value=1}, addedDataFiles=CounterResult{unit=COUNT, value=1}, removedDataFiles=null, totalDataFiles=CounterResult{unit=COUNT, value=17}, addedDeleteFiles=null, addedEqualityDeleteFiles=null, addedPositionalDeleteFiles=null, removedDeleteFiles=null, removedEqualityDeleteFiles=null, removedPositionalDeleteFiles=null, totalDeleteFiles=CounterResult{unit=COUNT, value=0}, addedRecords=CounterResult{unit=COUNT, value=47}, removedRecords=null, totalRecords=CounterResult{unit=COUNT, value=4242}, addedFilesSizeInBytes=CounterResult{unit=BYTES, value=9263}, removedFilesSizeInBytes=null, totalFilesSizeInBytes=CounterResult{unit=BYTES, value=298910}, addedPositionalDeletes=null, removedPositionalDeletes=null, totalPositionalDeletes=CounterResult{unit=COUNT, value=0}, addedEqualityDeletes=null, removedEqualityDeletes=null, totalEqualityDeletes=CounterResult{unit=COUNT, value=0}}, metadata={engine-version=3.5.3, app-id=app-20251115052411-0000, engine-name=spark, iceberg-version=Apache Iceberg 1.6.1 (commit 8e9d59d299be42b0bca9461457cd1e95dbaad086)}}
[2025-11-15T05:24:42.966+0000] {subprocess.py:106} INFO - 25/11/15 05:24:42 INFO SparkWrite: Committed in 2942 ms
[2025-11-15T05:24:42.967+0000] {subprocess.py:106} INFO - 25/11/15 05:24:42 INFO AppendDataExec: Data source write support IcebergBatchWrite(table=hive_catalog.bronze.it_jobs_raw, format=PARQUET) committed.
[2025-11-15T05:24:42.969+0000] {subprocess.py:106} INFO -  Loaded into: hive_catalog.bronze.it_jobs_raw
[2025-11-15T05:24:42.970+0000] {subprocess.py:106} INFO - 25/11/15 05:24:42 INFO SparkContext: SparkContext is stopping with exitCode 0.
[2025-11-15T05:24:42.982+0000] {subprocess.py:106} INFO - 25/11/15 05:24:42 INFO SparkUI: Stopped Spark web UI at http://68d0d8c522fe:4040
[2025-11-15T05:24:42.989+0000] {subprocess.py:106} INFO - 25/11/15 05:24:42 INFO StandaloneSchedulerBackend: Shutting down all executors
[2025-11-15T05:24:42.990+0000] {subprocess.py:106} INFO - 25/11/15 05:24:42 INFO StandaloneSchedulerBackend$StandaloneDriverEndpoint: Asking each executor to shut down
[2025-11-15T05:24:43.025+0000] {subprocess.py:106} INFO - 25/11/15 05:24:43 INFO MapOutputTrackerMasterEndpoint: MapOutputTrackerMasterEndpoint stopped!
[2025-11-15T05:24:43.056+0000] {subprocess.py:106} INFO - 25/11/15 05:24:43 INFO MemoryStore: MemoryStore cleared
[2025-11-15T05:24:43.057+0000] {subprocess.py:106} INFO - 25/11/15 05:24:43 INFO BlockManager: BlockManager stopped
[2025-11-15T05:24:43.063+0000] {subprocess.py:106} INFO - 25/11/15 05:24:43 INFO BlockManagerMaster: BlockManagerMaster stopped
[2025-11-15T05:24:43.073+0000] {subprocess.py:106} INFO - 25/11/15 05:24:43 INFO OutputCommitCoordinator$OutputCommitCoordinatorEndpoint: OutputCommitCoordinator stopped!
[2025-11-15T05:24:43.101+0000] {subprocess.py:106} INFO - 25/11/15 05:24:43 INFO SparkContext: Successfully stopped SparkContext
[2025-11-15T05:24:43.268+0000] {subprocess.py:106} INFO - 25/11/15 05:24:43 INFO ShutdownHookManager: Shutdown hook called
[2025-11-15T05:24:43.268+0000] {subprocess.py:106} INFO - 25/11/15 05:24:43 INFO ShutdownHookManager: Deleting directory /tmp/spark-c8a64184-12f7-4de0-9a4a-ae84c21ddde5
[2025-11-15T05:24:43.272+0000] {subprocess.py:106} INFO - 25/11/15 05:24:43 INFO ShutdownHookManager: Deleting directory /tmp/spark-c8a64184-12f7-4de0-9a4a-ae84c21ddde5/pyspark-cc159c9e-c9cd-4a22-8ea0-40b8534398ef
[2025-11-15T05:24:43.275+0000] {subprocess.py:106} INFO - 25/11/15 05:24:43 INFO ShutdownHookManager: Deleting directory /tmp/spark-d7d2ba53-3e71-4dc8-9c6e-beeb3395ce5c
[2025-11-15T05:24:43.351+0000] {subprocess.py:110} INFO - Command exited with return code 0
[2025-11-15T05:24:43.412+0000] {taskinstance.py:341} INFO - ::group::Post task execution logs
[2025-11-15T05:24:43.413+0000] {taskinstance.py:353} INFO - Marking task as SUCCESS. dag_id=crawl_etl_itjob, task_id=load_bronze, run_id=scheduled__2025-11-13T02:00:00+00:00, execution_date=20251113T020000, start_date=20251115T052406, end_date=20251115T052443
[2025-11-15T05:24:43.486+0000] {local_task_job_runner.py:266} INFO - Task exited with return code 0
[2025-11-15T05:24:43.518+0000] {taskinstance.py:3901} INFO - 1 downstream tasks scheduled from follow-on schedule check
[2025-11-15T05:24:43.520+0000] {local_task_job_runner.py:245} INFO - ::endgroup::
