[2026-01-03T15:08:31.638+0000] {local_task_job_runner.py:123} INFO - ::group::Pre task execution logs
[2026-01-03T15:08:31.677+0000] {taskinstance.py:2614} INFO - Dependencies all met for dep_context=non-requeueable deps ti=<TaskInstance: crawl_etl_itjob.load_bronze scheduled__2026-01-02T02:00:00+00:00 [queued]>
[2026-01-03T15:08:31.688+0000] {taskinstance.py:2614} INFO - Dependencies all met for dep_context=requeueable deps ti=<TaskInstance: crawl_etl_itjob.load_bronze scheduled__2026-01-02T02:00:00+00:00 [queued]>
[2026-01-03T15:08:31.688+0000] {taskinstance.py:2867} INFO - Starting attempt 1 of 2
[2026-01-03T15:08:31.701+0000] {taskinstance.py:2890} INFO - Executing <Task(BashOperator): load_bronze> on 2026-01-02 02:00:00+00:00
[2026-01-03T15:08:31.705+0000] {standard_task_runner.py:72} INFO - Started process 111 to run task
[2026-01-03T15:08:31.709+0000] {standard_task_runner.py:104} INFO - Running: ['***', 'tasks', 'run', 'crawl_etl_itjob', 'load_bronze', 'scheduled__2026-01-02T02:00:00+00:00', '--job-id', '430', '--raw', '--subdir', 'DAGS_FOLDER/Crawl_ETL_ITJob.py', '--cfg-path', '/tmp/tmpkyeagti6']
[2026-01-03T15:08:31.711+0000] {standard_task_runner.py:105} INFO - Job 430: Subtask load_bronze
[2026-01-03T15:08:31.737+0000] {warnings.py:109} WARNING - /home/***/.local/lib/python3.8/site-packages/***/settings.py:209: DeprecationWarning: The sql_alchemy_conn option in [core] has been moved to the sql_alchemy_conn option in [database] - the old setting has been used, but please update your config.
  SQL_ALCHEMY_CONN = conf.get("database", "SQL_ALCHEMY_CONN")

[2026-01-03T15:08:31.827+0000] {task_command.py:467} INFO - Running <TaskInstance: crawl_etl_itjob.load_bronze scheduled__2026-01-02T02:00:00+00:00 [running]> on host a1de7f96d4f1
[2026-01-03T15:08:31.828+0000] {warnings.py:109} WARNING - /home/***/.local/lib/python3.8/site-packages/***/settings.py:470: DeprecationWarning: The sql_alchemy_conn option in [core] has been moved to the sql_alchemy_conn option in [database] - the old setting has been used, but please update your config.
  if conf.get("database", "sql_alchemy_conn") == "none://":

[2026-01-03T15:08:31.974+0000] {taskinstance.py:3134} INFO - Exporting env vars: AIRFLOW_CTX_DAG_EMAIL='dinhhoa0102@gmail.com' AIRFLOW_CTX_DAG_OWNER='***' AIRFLOW_CTX_DAG_ID='crawl_etl_itjob' AIRFLOW_CTX_TASK_ID='load_bronze' AIRFLOW_CTX_EXECUTION_DATE='2026-01-02T02:00:00+00:00' AIRFLOW_CTX_TRY_NUMBER='1' AIRFLOW_CTX_DAG_RUN_ID='scheduled__2026-01-02T02:00:00+00:00'
[2026-01-03T15:08:31.976+0000] {taskinstance.py:732} INFO - ::endgroup::
[2026-01-03T15:08:31.987+0000] {subprocess.py:78} INFO - Tmp dir root location: /tmp
[2026-01-03T15:08:31.988+0000] {subprocess.py:88} INFO - Running command: ['/bin/bash', '-c', "\n        docker exec spark-submit bash -c '\n        /opt/spark/bin/spark-submit         --master spark://spark-master:7077         --deploy-mode client         --packages org.apache.iceberg:iceberg-spark-runtime-3.5_2.12:1.5.0         /opt/spark/scripts/Load_Bronze.py\n        '\n        "]
[2026-01-03T15:08:31.997+0000] {subprocess.py:99} INFO - Output:
[2026-01-03T15:08:34.127+0000] {subprocess.py:106} INFO - :: loading settings :: url = jar:file:/opt/spark/jars/ivy-2.5.1.jar!/org/apache/ivy/core/settings/ivysettings.xml
[2026-01-03T15:08:34.242+0000] {subprocess.py:106} INFO - Ivy Default Cache set to: /home/spark/.ivy2/cache
[2026-01-03T15:08:34.243+0000] {subprocess.py:106} INFO - The jars for the packages stored in: /home/spark/.ivy2/jars
[2026-01-03T15:08:34.253+0000] {subprocess.py:106} INFO - org.apache.iceberg#iceberg-spark-runtime-3.5_2.12 added as a dependency
[2026-01-03T15:08:34.256+0000] {subprocess.py:106} INFO - :: resolving dependencies :: org.apache.spark#spark-submit-parent-6c77b278-73c2-4e9a-883c-c1aaabd1c3dd;1.0
[2026-01-03T15:08:34.257+0000] {subprocess.py:106} INFO - 	confs: [default]
[2026-01-03T15:08:34.381+0000] {subprocess.py:106} INFO - 	found org.apache.iceberg#iceberg-spark-runtime-3.5_2.12;1.5.0 in central
[2026-01-03T15:08:34.400+0000] {subprocess.py:106} INFO - :: resolution report :: resolve 140ms :: artifacts dl 4ms
[2026-01-03T15:08:34.401+0000] {subprocess.py:106} INFO - 	:: modules in use:
[2026-01-03T15:08:34.402+0000] {subprocess.py:106} INFO - 	org.apache.iceberg#iceberg-spark-runtime-3.5_2.12;1.5.0 from central in [default]
[2026-01-03T15:08:34.403+0000] {subprocess.py:106} INFO - 	---------------------------------------------------------------------
[2026-01-03T15:08:34.403+0000] {subprocess.py:106} INFO - 	|                  |            modules            ||   artifacts   |
[2026-01-03T15:08:34.404+0000] {subprocess.py:106} INFO - 	|       conf       | number| search|dwnlded|evicted|| number|dwnlded|
[2026-01-03T15:08:34.404+0000] {subprocess.py:106} INFO - 	---------------------------------------------------------------------
[2026-01-03T15:08:34.405+0000] {subprocess.py:106} INFO - 	|      default     |   1   |   0   |   0   |   0   ||   1   |   0   |
[2026-01-03T15:08:34.405+0000] {subprocess.py:106} INFO - 	---------------------------------------------------------------------
[2026-01-03T15:08:34.406+0000] {subprocess.py:106} INFO - :: retrieving :: org.apache.spark#spark-submit-parent-6c77b278-73c2-4e9a-883c-c1aaabd1c3dd
[2026-01-03T15:08:34.407+0000] {subprocess.py:106} INFO - 	confs: [default]
[2026-01-03T15:08:34.412+0000] {subprocess.py:106} INFO - 	0 artifacts copied, 1 already retrieved (0kB/7ms)
[2026-01-03T15:08:34.638+0000] {subprocess.py:106} INFO - 26/01/03 15:08:34 WARN NativeCodeLoader: Unable to load native-hadoop library for your platform... using builtin-java classes where applicable
[2026-01-03T15:08:35.685+0000] {subprocess.py:106} INFO - 26/01/03 15:08:35 INFO SparkContext: Running Spark version 3.5.3
[2026-01-03T15:08:35.686+0000] {subprocess.py:106} INFO - 26/01/03 15:08:35 INFO SparkContext: OS info Linux, 6.6.87.2-microsoft-standard-WSL2, amd64
[2026-01-03T15:08:35.686+0000] {subprocess.py:106} INFO - 26/01/03 15:08:35 INFO SparkContext: Java version 11.0.24
[2026-01-03T15:08:35.714+0000] {subprocess.py:106} INFO - 26/01/03 15:08:35 INFO ResourceUtils: ==============================================================
[2026-01-03T15:08:35.715+0000] {subprocess.py:106} INFO - 26/01/03 15:08:35 INFO ResourceUtils: No custom resources configured for spark.driver.
[2026-01-03T15:08:35.716+0000] {subprocess.py:106} INFO - 26/01/03 15:08:35 INFO ResourceUtils: ==============================================================
[2026-01-03T15:08:35.717+0000] {subprocess.py:106} INFO - 26/01/03 15:08:35 INFO SparkContext: Submitted application: Load_Bronze_Hive_Iceberg
[2026-01-03T15:08:35.745+0000] {subprocess.py:106} INFO - 26/01/03 15:08:35 INFO ResourceProfile: Default ResourceProfile created, executor resources: Map(memory -> name: memory, amount: 1024, script: , vendor: , offHeap -> name: offHeap, amount: 0, script: , vendor: ), task resources: Map(cpus -> name: cpus, amount: 1.0)
[2026-01-03T15:08:35.759+0000] {subprocess.py:106} INFO - 26/01/03 15:08:35 INFO ResourceProfile: Limiting resource is cpu
[2026-01-03T15:08:35.760+0000] {subprocess.py:106} INFO - 26/01/03 15:08:35 INFO ResourceProfileManager: Added ResourceProfile id: 0
[2026-01-03T15:08:35.837+0000] {subprocess.py:106} INFO - 26/01/03 15:08:35 INFO SecurityManager: Changing view acls to: spark
[2026-01-03T15:08:35.838+0000] {subprocess.py:106} INFO - 26/01/03 15:08:35 INFO SecurityManager: Changing modify acls to: spark
[2026-01-03T15:08:35.839+0000] {subprocess.py:106} INFO - 26/01/03 15:08:35 INFO SecurityManager: Changing view acls groups to:
[2026-01-03T15:08:35.839+0000] {subprocess.py:106} INFO - 26/01/03 15:08:35 INFO SecurityManager: Changing modify acls groups to:
[2026-01-03T15:08:35.840+0000] {subprocess.py:106} INFO - 26/01/03 15:08:35 INFO SecurityManager: SecurityManager: authentication disabled; ui acls disabled; users with view permissions: spark; groups with view permissions: EMPTY; users with modify permissions: spark; groups with modify permissions: EMPTY
[2026-01-03T15:08:36.110+0000] {subprocess.py:106} INFO - 26/01/03 15:08:36 INFO Utils: Successfully started service 'sparkDriver' on port 41001.
[2026-01-03T15:08:36.148+0000] {subprocess.py:106} INFO - 26/01/03 15:08:36 INFO SparkEnv: Registering MapOutputTracker
[2026-01-03T15:08:36.192+0000] {subprocess.py:106} INFO - 26/01/03 15:08:36 INFO SparkEnv: Registering BlockManagerMaster
[2026-01-03T15:08:36.213+0000] {subprocess.py:106} INFO - 26/01/03 15:08:36 INFO BlockManagerMasterEndpoint: Using org.apache.spark.storage.DefaultTopologyMapper for getting topology information
[2026-01-03T15:08:36.214+0000] {subprocess.py:106} INFO - 26/01/03 15:08:36 INFO BlockManagerMasterEndpoint: BlockManagerMasterEndpoint up
[2026-01-03T15:08:36.218+0000] {subprocess.py:106} INFO - 26/01/03 15:08:36 INFO SparkEnv: Registering BlockManagerMasterHeartbeat
[2026-01-03T15:08:36.244+0000] {subprocess.py:106} INFO - 26/01/03 15:08:36 INFO DiskBlockManager: Created local directory at /tmp/blockmgr-77dc5a4e-e16f-4773-ad24-ca340ea9a6c5
[2026-01-03T15:08:36.261+0000] {subprocess.py:106} INFO - 26/01/03 15:08:36 INFO MemoryStore: MemoryStore started with capacity 434.4 MiB
[2026-01-03T15:08:36.282+0000] {subprocess.py:106} INFO - 26/01/03 15:08:36 INFO SparkEnv: Registering OutputCommitCoordinator
[2026-01-03T15:08:36.453+0000] {subprocess.py:106} INFO - 26/01/03 15:08:36 INFO JettyUtils: Start Jetty 0.0.0.0:4040 for SparkUI
[2026-01-03T15:08:36.501+0000] {subprocess.py:106} INFO - 26/01/03 15:08:36 INFO Utils: Successfully started service 'SparkUI' on port 4040.
[2026-01-03T15:08:36.535+0000] {subprocess.py:106} INFO - 26/01/03 15:08:36 INFO SparkContext: Added JAR file:///home/spark/.ivy2/jars/org.apache.iceberg_iceberg-spark-runtime-3.5_2.12-1.5.0.jar at spark://65f44b4fd513:41001/jars/org.apache.iceberg_iceberg-spark-runtime-3.5_2.12-1.5.0.jar with timestamp 1767452915674
[2026-01-03T15:08:36.539+0000] {subprocess.py:106} INFO - 26/01/03 15:08:36 INFO SparkContext: Added file file:///home/spark/.ivy2/jars/org.apache.iceberg_iceberg-spark-runtime-3.5_2.12-1.5.0.jar at spark://65f44b4fd513:41001/files/org.apache.iceberg_iceberg-spark-runtime-3.5_2.12-1.5.0.jar with timestamp 1767452915674
[2026-01-03T15:08:36.541+0000] {subprocess.py:106} INFO - 26/01/03 15:08:36 INFO Utils: Copying /home/spark/.ivy2/jars/org.apache.iceberg_iceberg-spark-runtime-3.5_2.12-1.5.0.jar to /tmp/spark-dc7fcbb1-6484-4dc8-b417-4bb9d8b312a8/userFiles-eb773ca4-7b65-4e2b-a06c-142d72f89037/org.apache.iceberg_iceberg-spark-runtime-3.5_2.12-1.5.0.jar
[2026-01-03T15:08:36.667+0000] {subprocess.py:106} INFO - 26/01/03 15:08:36 INFO StandaloneAppClient$ClientEndpoint: Connecting to master spark://spark-master:7077...
[2026-01-03T15:08:36.711+0000] {subprocess.py:106} INFO - 26/01/03 15:08:36 INFO TransportClientFactory: Successfully created connection to spark-master/172.30.0.6:7077 after 28 ms (0 ms spent in bootstraps)
[2026-01-03T15:08:36.813+0000] {subprocess.py:106} INFO - 26/01/03 15:08:36 INFO StandaloneSchedulerBackend: Connected to Spark cluster with app ID app-20260103150836-0003
[2026-01-03T15:08:36.815+0000] {subprocess.py:106} INFO - 26/01/03 15:08:36 INFO StandaloneAppClient$ClientEndpoint: Executor added: app-20260103150836-0003/0 on worker-20260103144408-172.30.0.7-46477 (172.30.0.7:46477) with 1 core(s)
[2026-01-03T15:08:36.819+0000] {subprocess.py:106} INFO - 26/01/03 15:08:36 INFO StandaloneSchedulerBackend: Granted executor ID app-20260103150836-0003/0 on hostPort 172.30.0.7:46477 with 1 core(s), 1024.0 MiB RAM
[2026-01-03T15:08:36.829+0000] {subprocess.py:106} INFO - 26/01/03 15:08:36 INFO Utils: Successfully started service 'org.apache.spark.network.netty.NettyBlockTransferService' on port 33099.
[2026-01-03T15:08:36.832+0000] {subprocess.py:106} INFO - 26/01/03 15:08:36 INFO NettyBlockTransferService: Server created on 65f44b4fd513:33099
[2026-01-03T15:08:36.833+0000] {subprocess.py:106} INFO - 26/01/03 15:08:36 INFO BlockManager: Using org.apache.spark.storage.RandomBlockReplicationPolicy for block replication policy
[2026-01-03T15:08:36.842+0000] {subprocess.py:106} INFO - 26/01/03 15:08:36 INFO BlockManagerMaster: Registering BlockManager BlockManagerId(driver, 65f44b4fd513, 33099, None)
[2026-01-03T15:08:36.847+0000] {subprocess.py:106} INFO - 26/01/03 15:08:36 INFO BlockManagerMasterEndpoint: Registering block manager 65f44b4fd513:33099 with 434.4 MiB RAM, BlockManagerId(driver, 65f44b4fd513, 33099, None)
[2026-01-03T15:08:36.853+0000] {subprocess.py:106} INFO - 26/01/03 15:08:36 INFO BlockManagerMaster: Registered BlockManager BlockManagerId(driver, 65f44b4fd513, 33099, None)
[2026-01-03T15:08:36.855+0000] {subprocess.py:106} INFO - 26/01/03 15:08:36 INFO BlockManager: Initialized BlockManager: BlockManagerId(driver, 65f44b4fd513, 33099, None)
[2026-01-03T15:08:36.879+0000] {subprocess.py:106} INFO - 26/01/03 15:08:36 INFO StandaloneAppClient$ClientEndpoint: Executor updated: app-20260103150836-0003/0 is now RUNNING
[2026-01-03T15:08:37.244+0000] {subprocess.py:106} INFO - 26/01/03 15:08:37 INFO StandaloneSchedulerBackend: SchedulerBackend is ready for scheduling beginning after reached minRegisteredResourcesRatio: 0.0
[2026-01-03T15:08:37.554+0000] {subprocess.py:106} INFO - 26/01/03 15:08:37 INFO SharedState: Setting hive.metastore.warehouse.dir ('null') to the value of spark.sql.warehouse.dir.
[2026-01-03T15:08:37.558+0000] {subprocess.py:106} INFO - 26/01/03 15:08:37 INFO SharedState: Warehouse path is 'file:/opt/spark/work-dir/spark-warehouse'.
[2026-01-03T15:08:39.733+0000] {subprocess.py:106} INFO - 26/01/03 15:08:39 INFO InMemoryFileIndex: It took 107 ms to list leaf files for 1 paths.
[2026-01-03T15:08:39.926+0000] {subprocess.py:106} INFO - 26/01/03 15:08:39 INFO MemoryStore: Block broadcast_0 stored as values in memory (estimated size 203.7 KiB, free 434.2 MiB)
[2026-01-03T15:08:39.995+0000] {subprocess.py:106} INFO - 26/01/03 15:08:39 INFO MemoryStore: Block broadcast_0_piece0 stored as bytes in memory (estimated size 35.3 KiB, free 434.2 MiB)
[2026-01-03T15:08:39.999+0000] {subprocess.py:106} INFO - 26/01/03 15:08:39 INFO BlockManagerInfo: Added broadcast_0_piece0 in memory on 65f44b4fd513:33099 (size: 35.3 KiB, free: 434.4 MiB)
[2026-01-03T15:08:40.007+0000] {subprocess.py:106} INFO - 26/01/03 15:08:40 INFO SparkContext: Created broadcast 0 from csv at <unknown>:0
[2026-01-03T15:08:40.448+0000] {subprocess.py:106} INFO - 26/01/03 15:08:40 INFO StandaloneSchedulerBackend$StandaloneDriverEndpoint: Registered executor NettyRpcEndpointRef(spark-client://Executor) (172.30.0.7:35430) with ID 0,  ResourceProfileId 0
[2026-01-03T15:08:40.590+0000] {subprocess.py:106} INFO - 26/01/03 15:08:40 INFO BlockManagerMasterEndpoint: Registering block manager 172.30.0.7:46011 with 434.4 MiB RAM, BlockManagerId(0, 172.30.0.7, 46011, None)
[2026-01-03T15:08:40.607+0000] {subprocess.py:106} INFO - 26/01/03 15:08:40 INFO FileInputFormat: Total input files to process : 1
[2026-01-03T15:08:40.614+0000] {subprocess.py:106} INFO - 26/01/03 15:08:40 INFO FileInputFormat: Total input files to process : 1
[2026-01-03T15:08:40.701+0000] {subprocess.py:106} INFO - 26/01/03 15:08:40 INFO SparkContext: Starting job: csv at <unknown>:0
[2026-01-03T15:08:40.740+0000] {subprocess.py:106} INFO - 26/01/03 15:08:40 INFO DAGScheduler: Got job 0 (csv at <unknown>:0) with 1 output partitions
[2026-01-03T15:08:40.741+0000] {subprocess.py:106} INFO - 26/01/03 15:08:40 INFO DAGScheduler: Final stage: ResultStage 0 (csv at <unknown>:0)
[2026-01-03T15:08:40.742+0000] {subprocess.py:106} INFO - 26/01/03 15:08:40 INFO DAGScheduler: Parents of final stage: List()
[2026-01-03T15:08:40.743+0000] {subprocess.py:106} INFO - 26/01/03 15:08:40 INFO DAGScheduler: Missing parents: List()
[2026-01-03T15:08:40.751+0000] {subprocess.py:106} INFO - 26/01/03 15:08:40 INFO DAGScheduler: Submitting ResultStage 0 (MapPartitionsRDD[2] at csv at <unknown>:0), which has no missing parents
[2026-01-03T15:08:40.787+0000] {subprocess.py:106} INFO - 26/01/03 15:08:40 INFO MemoryStore: Block broadcast_1 stored as values in memory (estimated size 7.6 KiB, free 434.2 MiB)
[2026-01-03T15:08:40.804+0000] {subprocess.py:106} INFO - 26/01/03 15:08:40 INFO MemoryStore: Block broadcast_1_piece0 stored as bytes in memory (estimated size 4.4 KiB, free 434.2 MiB)
[2026-01-03T15:08:40.806+0000] {subprocess.py:106} INFO - 26/01/03 15:08:40 INFO BlockManagerInfo: Added broadcast_1_piece0 in memory on 65f44b4fd513:33099 (size: 4.4 KiB, free: 434.4 MiB)
[2026-01-03T15:08:40.810+0000] {subprocess.py:106} INFO - 26/01/03 15:08:40 INFO SparkContext: Created broadcast 1 from broadcast at DAGScheduler.scala:1585
[2026-01-03T15:08:40.852+0000] {subprocess.py:106} INFO - 26/01/03 15:08:40 INFO DAGScheduler: Submitting 1 missing tasks from ResultStage 0 (MapPartitionsRDD[2] at csv at <unknown>:0) (first 15 tasks are for partitions Vector(0))
[2026-01-03T15:08:40.856+0000] {subprocess.py:106} INFO - 26/01/03 15:08:40 INFO TaskSchedulerImpl: Adding task set 0.0 with 1 tasks resource profile 0
[2026-01-03T15:08:41.787+0000] {subprocess.py:106} INFO - 26/01/03 15:08:41 INFO TaskSetManager: Starting task 0.0 in stage 0.0 (TID 0) (172.30.0.7, executor 0, partition 0, PROCESS_LOCAL, 9484 bytes)
[2026-01-03T15:08:42.156+0000] {subprocess.py:106} INFO - 26/01/03 15:08:42 INFO BlockManagerInfo: Added broadcast_1_piece0 in memory on 172.30.0.7:46011 (size: 4.4 KiB, free: 434.4 MiB)
[2026-01-03T15:08:42.550+0000] {subprocess.py:106} INFO - 26/01/03 15:08:42 INFO BlockManagerInfo: Added broadcast_0_piece0 in memory on 172.30.0.7:46011 (size: 35.3 KiB, free: 434.4 MiB)
[2026-01-03T15:08:43.611+0000] {subprocess.py:106} INFO - 26/01/03 15:08:43 INFO TaskSetManager: Finished task 0.0 in stage 0.0 (TID 0) in 1838 ms on 172.30.0.7 (executor 0) (1/1)
[2026-01-03T15:08:43.614+0000] {subprocess.py:106} INFO - 26/01/03 15:08:43 INFO TaskSchedulerImpl: Removed TaskSet 0.0, whose tasks have all completed, from pool
[2026-01-03T15:08:43.622+0000] {subprocess.py:106} INFO - 26/01/03 15:08:43 INFO DAGScheduler: ResultStage 0 (csv at <unknown>:0) finished in 2.844 s
[2026-01-03T15:08:43.631+0000] {subprocess.py:106} INFO - 26/01/03 15:08:43 INFO DAGScheduler: Job 0 is finished. Cancelling potential speculative or zombie tasks for this job
[2026-01-03T15:08:43.632+0000] {subprocess.py:106} INFO - 26/01/03 15:08:43 INFO TaskSchedulerImpl: Killing all running tasks in stage 0: Stage finished
[2026-01-03T15:08:43.640+0000] {subprocess.py:106} INFO - 26/01/03 15:08:43 INFO DAGScheduler: Job 0 finished: csv at <unknown>:0, took 2.936094 s
[2026-01-03T15:08:44.357+0000] {subprocess.py:106} INFO - 26/01/03 15:08:44 INFO BlockManagerInfo: Removed broadcast_1_piece0 on 65f44b4fd513:33099 in memory (size: 4.4 KiB, free: 434.4 MiB)
[2026-01-03T15:08:44.372+0000] {subprocess.py:106} INFO - 26/01/03 15:08:44 INFO BlockManagerInfo: Removed broadcast_1_piece0 on 172.30.0.7:46011 in memory (size: 4.4 KiB, free: 434.4 MiB)
[2026-01-03T15:08:44.393+0000] {subprocess.py:106} INFO - 26/01/03 15:08:44 INFO BlockManagerInfo: Removed broadcast_0_piece0 on 65f44b4fd513:33099 in memory (size: 35.3 KiB, free: 434.4 MiB)
[2026-01-03T15:08:44.394+0000] {subprocess.py:106} INFO - 26/01/03 15:08:44 INFO BlockManagerInfo: Removed broadcast_0_piece0 on 172.30.0.7:46011 in memory (size: 35.3 KiB, free: 434.4 MiB)
[2026-01-03T15:08:45.010+0000] {subprocess.py:106} INFO - 26/01/03 15:08:45 INFO FileSourceStrategy: Pushed Filters:
[2026-01-03T15:08:45.011+0000] {subprocess.py:106} INFO - 26/01/03 15:08:45 INFO FileSourceStrategy: Post-Scan Filters:
[2026-01-03T15:08:45.519+0000] {subprocess.py:106} INFO - 26/01/03 15:08:45 INFO CodeGenerator: Code generated in 259.430044 ms
[2026-01-03T15:08:45.530+0000] {subprocess.py:106} INFO - 26/01/03 15:08:45 INFO MemoryStore: Block broadcast_2 stored as values in memory (estimated size 203.1 KiB, free 434.2 MiB)
[2026-01-03T15:08:45.557+0000] {subprocess.py:106} INFO - 26/01/03 15:08:45 INFO MemoryStore: Block broadcast_2_piece0 stored as bytes in memory (estimated size 35.1 KiB, free 434.2 MiB)
[2026-01-03T15:08:45.559+0000] {subprocess.py:106} INFO - 26/01/03 15:08:45 INFO BlockManagerInfo: Added broadcast_2_piece0 in memory on 65f44b4fd513:33099 (size: 35.1 KiB, free: 434.4 MiB)
[2026-01-03T15:08:45.560+0000] {subprocess.py:106} INFO - 26/01/03 15:08:45 INFO SparkContext: Created broadcast 2 from count at <unknown>:0
[2026-01-03T15:08:45.581+0000] {subprocess.py:106} INFO - 26/01/03 15:08:45 INFO FileSourceScanExec: Planning scan with bin packing, max size: 4194304 bytes, open cost is considered as scanning 4194304 bytes.
[2026-01-03T15:08:45.631+0000] {subprocess.py:106} INFO - 26/01/03 15:08:45 INFO DAGScheduler: Registering RDD 7 (count at <unknown>:0) as input to shuffle 0
[2026-01-03T15:08:45.635+0000] {subprocess.py:106} INFO - 26/01/03 15:08:45 INFO DAGScheduler: Got map stage job 1 (count at <unknown>:0) with 1 output partitions
[2026-01-03T15:08:45.636+0000] {subprocess.py:106} INFO - 26/01/03 15:08:45 INFO DAGScheduler: Final stage: ShuffleMapStage 1 (count at <unknown>:0)
[2026-01-03T15:08:45.637+0000] {subprocess.py:106} INFO - 26/01/03 15:08:45 INFO DAGScheduler: Parents of final stage: List()
[2026-01-03T15:08:45.638+0000] {subprocess.py:106} INFO - 26/01/03 15:08:45 INFO DAGScheduler: Missing parents: List()
[2026-01-03T15:08:45.642+0000] {subprocess.py:106} INFO - 26/01/03 15:08:45 INFO DAGScheduler: Submitting ShuffleMapStage 1 (MapPartitionsRDD[7] at count at <unknown>:0), which has no missing parents
[2026-01-03T15:08:45.688+0000] {subprocess.py:106} INFO - 26/01/03 15:08:45 INFO MemoryStore: Block broadcast_3 stored as values in memory (estimated size 18.0 KiB, free 434.1 MiB)
[2026-01-03T15:08:45.695+0000] {subprocess.py:106} INFO - 26/01/03 15:08:45 INFO MemoryStore: Block broadcast_3_piece0 stored as bytes in memory (estimated size 8.9 KiB, free 434.1 MiB)
[2026-01-03T15:08:45.696+0000] {subprocess.py:106} INFO - 26/01/03 15:08:45 INFO BlockManagerInfo: Added broadcast_3_piece0 in memory on 65f44b4fd513:33099 (size: 8.9 KiB, free: 434.4 MiB)
[2026-01-03T15:08:45.697+0000] {subprocess.py:106} INFO - 26/01/03 15:08:45 INFO SparkContext: Created broadcast 3 from broadcast at DAGScheduler.scala:1585
[2026-01-03T15:08:45.699+0000] {subprocess.py:106} INFO - 26/01/03 15:08:45 INFO DAGScheduler: Submitting 1 missing tasks from ShuffleMapStage 1 (MapPartitionsRDD[7] at count at <unknown>:0) (first 15 tasks are for partitions Vector(0))
[2026-01-03T15:08:45.700+0000] {subprocess.py:106} INFO - 26/01/03 15:08:45 INFO TaskSchedulerImpl: Adding task set 1.0 with 1 tasks resource profile 0
[2026-01-03T15:08:45.707+0000] {subprocess.py:106} INFO - 26/01/03 15:08:45 INFO TaskSetManager: Starting task 0.0 in stage 1.0 (TID 1) (172.30.0.7, executor 0, partition 0, ANY, 9944 bytes)
[2026-01-03T15:08:45.763+0000] {subprocess.py:106} INFO - 26/01/03 15:08:45 INFO BlockManagerInfo: Added broadcast_3_piece0 in memory on 172.30.0.7:46011 (size: 8.9 KiB, free: 434.4 MiB)
[2026-01-03T15:08:46.516+0000] {subprocess.py:106} INFO - 26/01/03 15:08:46 INFO BlockManagerInfo: Added broadcast_2_piece0 in memory on 172.30.0.7:46011 (size: 35.1 KiB, free: 434.4 MiB)
[2026-01-03T15:08:46.711+0000] {subprocess.py:106} INFO - 26/01/03 15:08:46 INFO TaskSetManager: Finished task 0.0 in stage 1.0 (TID 1) in 1007 ms on 172.30.0.7 (executor 0) (1/1)
[2026-01-03T15:08:46.717+0000] {subprocess.py:106} INFO - 26/01/03 15:08:46 INFO TaskSchedulerImpl: Removed TaskSet 1.0, whose tasks have all completed, from pool
[2026-01-03T15:08:46.718+0000] {subprocess.py:106} INFO - 26/01/03 15:08:46 INFO DAGScheduler: ShuffleMapStage 1 (count at <unknown>:0) finished in 1.065 s
[2026-01-03T15:08:46.719+0000] {subprocess.py:106} INFO - 26/01/03 15:08:46 INFO DAGScheduler: looking for newly runnable stages
[2026-01-03T15:08:46.720+0000] {subprocess.py:106} INFO - 26/01/03 15:08:46 INFO DAGScheduler: running: Set()
[2026-01-03T15:08:46.720+0000] {subprocess.py:106} INFO - 26/01/03 15:08:46 INFO DAGScheduler: waiting: Set()
[2026-01-03T15:08:46.721+0000] {subprocess.py:106} INFO - 26/01/03 15:08:46 INFO DAGScheduler: failed: Set()
[2026-01-03T15:08:46.784+0000] {subprocess.py:106} INFO - 26/01/03 15:08:46 INFO CodeGenerator: Code generated in 20.978275 ms
[2026-01-03T15:08:46.818+0000] {subprocess.py:106} INFO - 26/01/03 15:08:46 INFO SparkContext: Starting job: count at <unknown>:0
[2026-01-03T15:08:46.822+0000] {subprocess.py:106} INFO - 26/01/03 15:08:46 INFO DAGScheduler: Got job 2 (count at <unknown>:0) with 1 output partitions
[2026-01-03T15:08:46.823+0000] {subprocess.py:106} INFO - 26/01/03 15:08:46 INFO DAGScheduler: Final stage: ResultStage 3 (count at <unknown>:0)
[2026-01-03T15:08:46.824+0000] {subprocess.py:106} INFO - 26/01/03 15:08:46 INFO DAGScheduler: Parents of final stage: List(ShuffleMapStage 2)
[2026-01-03T15:08:46.825+0000] {subprocess.py:106} INFO - 26/01/03 15:08:46 INFO DAGScheduler: Missing parents: List()
[2026-01-03T15:08:46.825+0000] {subprocess.py:106} INFO - 26/01/03 15:08:46 INFO DAGScheduler: Submitting ResultStage 3 (MapPartitionsRDD[10] at count at <unknown>:0), which has no missing parents
[2026-01-03T15:08:46.834+0000] {subprocess.py:106} INFO - 26/01/03 15:08:46 INFO MemoryStore: Block broadcast_4 stored as values in memory (estimated size 12.5 KiB, free 434.1 MiB)
[2026-01-03T15:08:46.841+0000] {subprocess.py:106} INFO - 26/01/03 15:08:46 INFO MemoryStore: Block broadcast_4_piece0 stored as bytes in memory (estimated size 5.9 KiB, free 434.1 MiB)
[2026-01-03T15:08:46.842+0000] {subprocess.py:106} INFO - 26/01/03 15:08:46 INFO BlockManagerInfo: Added broadcast_4_piece0 in memory on 65f44b4fd513:33099 (size: 5.9 KiB, free: 434.4 MiB)
[2026-01-03T15:08:46.843+0000] {subprocess.py:106} INFO - 26/01/03 15:08:46 INFO SparkContext: Created broadcast 4 from broadcast at DAGScheduler.scala:1585
[2026-01-03T15:08:46.845+0000] {subprocess.py:106} INFO - 26/01/03 15:08:46 INFO DAGScheduler: Submitting 1 missing tasks from ResultStage 3 (MapPartitionsRDD[10] at count at <unknown>:0) (first 15 tasks are for partitions Vector(0))
[2026-01-03T15:08:46.845+0000] {subprocess.py:106} INFO - 26/01/03 15:08:46 INFO TaskSchedulerImpl: Adding task set 3.0 with 1 tasks resource profile 0
[2026-01-03T15:08:46.850+0000] {subprocess.py:106} INFO - 26/01/03 15:08:46 INFO TaskSetManager: Starting task 0.0 in stage 3.0 (TID 2) (172.30.0.7, executor 0, partition 0, NODE_LOCAL, 9331 bytes)
[2026-01-03T15:08:46.883+0000] {subprocess.py:106} INFO - 26/01/03 15:08:46 INFO BlockManagerInfo: Added broadcast_4_piece0 in memory on 172.30.0.7:46011 (size: 5.9 KiB, free: 434.4 MiB)
[2026-01-03T15:08:46.920+0000] {subprocess.py:106} INFO - 26/01/03 15:08:46 INFO MapOutputTrackerMasterEndpoint: Asked to send map output locations for shuffle 0 to 172.30.0.7:35430
[2026-01-03T15:08:46.946+0000] {subprocess.py:106} INFO - 26/01/03 15:08:46 INFO BlockManagerInfo: Removed broadcast_3_piece0 on 65f44b4fd513:33099 in memory (size: 8.9 KiB, free: 434.4 MiB)
[2026-01-03T15:08:46.988+0000] {subprocess.py:106} INFO - 26/01/03 15:08:46 INFO BlockManagerInfo: Removed broadcast_3_piece0 on 172.30.0.7:46011 in memory (size: 8.9 KiB, free: 434.4 MiB)
[2026-01-03T15:08:47.111+0000] {subprocess.py:106} INFO - 26/01/03 15:08:47 INFO TaskSetManager: Finished task 0.0 in stage 3.0 (TID 2) in 264 ms on 172.30.0.7 (executor 0) (1/1)
[2026-01-03T15:08:47.115+0000] {subprocess.py:106} INFO - 26/01/03 15:08:47 INFO TaskSchedulerImpl: Removed TaskSet 3.0, whose tasks have all completed, from pool
[2026-01-03T15:08:47.116+0000] {subprocess.py:106} INFO - 26/01/03 15:08:47 INFO DAGScheduler: ResultStage 3 (count at <unknown>:0) finished in 0.282 s
[2026-01-03T15:08:47.117+0000] {subprocess.py:106} INFO - 26/01/03 15:08:47 INFO DAGScheduler: Job 2 is finished. Cancelling potential speculative or zombie tasks for this job
[2026-01-03T15:08:47.118+0000] {subprocess.py:106} INFO - 26/01/03 15:08:47 INFO TaskSchedulerImpl: Killing all running tasks in stage 3: Stage finished
[2026-01-03T15:08:47.119+0000] {subprocess.py:106} INFO - 26/01/03 15:08:47 INFO DAGScheduler: Job 2 finished: count at <unknown>:0, took 0.298183 s
[2026-01-03T15:08:47.128+0000] {subprocess.py:106} INFO -  Record loaded from CSV: 6598
[2026-01-03T15:08:47.133+0000] {subprocess.py:106} INFO - root
[2026-01-03T15:08:47.134+0000] {subprocess.py:106} INFO -  |-- job_title: string (nullable = true)
[2026-01-03T15:08:47.134+0000] {subprocess.py:106} INFO -  |-- company_name: string (nullable = true)
[2026-01-03T15:08:47.135+0000] {subprocess.py:106} INFO -  |-- location: string (nullable = true)
[2026-01-03T15:08:47.136+0000] {subprocess.py:106} INFO -  |-- skills_required: string (nullable = true)
[2026-01-03T15:08:47.136+0000] {subprocess.py:106} INFO -  |-- date_posted: string (nullable = true)
[2026-01-03T15:08:47.137+0000] {subprocess.py:106} INFO -  |-- job_link: string (nullable = true)
[2026-01-03T15:08:47.138+0000] {subprocess.py:106} INFO -  |-- job_category: string (nullable = true)
[2026-01-03T15:08:47.139+0000] {subprocess.py:106} INFO -  |-- work_mode: string (nullable = true)
[2026-01-03T15:08:47.139+0000] {subprocess.py:106} INFO -  |-- crawl_date: string (nullable = true)
[2026-01-03T15:08:47.140+0000] {subprocess.py:106} INFO -  |-- date_only: string (nullable = true)
[2026-01-03T15:08:47.140+0000] {subprocess.py:106} INFO - 
[2026-01-03T15:08:47.533+0000] {subprocess.py:106} INFO - 26/01/03 15:08:47 INFO HiveConf: Found configuration file null
[2026-01-03T15:08:47.704+0000] {subprocess.py:106} INFO - 26/01/03 15:08:47 INFO metastore: Trying to connect to metastore with URI thrift://hive-metastore:9083
[2026-01-03T15:08:47.723+0000] {subprocess.py:106} INFO - 26/01/03 15:08:47 INFO metastore: Opened a connection to metastore, current connections: 1
[2026-01-03T15:08:47.752+0000] {subprocess.py:106} INFO - 26/01/03 15:08:47 INFO metastore: Connected to metastore.
[2026-01-03T15:08:47.936+0000] {subprocess.py:106} INFO - 26/01/03 15:08:47 INFO BlockManagerInfo: Removed broadcast_2_piece0 on 65f44b4fd513:33099 in memory (size: 35.1 KiB, free: 434.4 MiB)
[2026-01-03T15:08:47.939+0000] {subprocess.py:106} INFO - 26/01/03 15:08:47 INFO BlockManagerInfo: Removed broadcast_2_piece0 on 172.30.0.7:46011 in memory (size: 35.1 KiB, free: 434.4 MiB)
[2026-01-03T15:08:47.951+0000] {subprocess.py:106} INFO - 26/01/03 15:08:47 INFO BlockManagerInfo: Removed broadcast_4_piece0 on 65f44b4fd513:33099 in memory (size: 5.9 KiB, free: 434.4 MiB)
[2026-01-03T15:08:47.953+0000] {subprocess.py:106} INFO - 26/01/03 15:08:47 INFO BlockManagerInfo: Removed broadcast_4_piece0 on 172.30.0.7:46011 in memory (size: 5.9 KiB, free: 434.4 MiB)
[2026-01-03T15:08:48.053+0000] {subprocess.py:106} INFO - 26/01/03 15:08:48 INFO BaseMetastoreTableOperations: Refreshing table metadata from new version: hdfs://dinhhoa-master:9000/user/ndh/warehouse/bronze.db/it_jobs_raw/metadata/00014-bdbe4116-7a9b-43f2-84d4-a11817d24361.metadata.json
[2026-01-03T15:08:48.488+0000] {subprocess.py:106} INFO - 26/01/03 15:08:48 INFO BaseMetastoreCatalog: Table loaded by catalog: hive_catalog.bronze.it_jobs_raw
[2026-01-03T15:08:48.752+0000] {subprocess.py:106} INFO - 26/01/03 15:08:48 INFO V2ScanRelationPushDown:
[2026-01-03T15:08:48.753+0000] {subprocess.py:106} INFO - Pushing operators to hive_catalog.bronze.it_jobs_raw
[2026-01-03T15:08:48.753+0000] {subprocess.py:106} INFO - Pushed Filters: job_link IS NOT NULL
[2026-01-03T15:08:48.754+0000] {subprocess.py:106} INFO - Post-Scan Filters: isnotnull(job_link#66)
[2026-01-03T15:08:48.755+0000] {subprocess.py:106} INFO - 
[2026-01-03T15:08:48.800+0000] {subprocess.py:106} INFO - 26/01/03 15:08:48 INFO V2ScanRelationPushDown:
[2026-01-03T15:08:48.801+0000] {subprocess.py:106} INFO - Output: job_link#66
[2026-01-03T15:08:48.801+0000] {subprocess.py:106} INFO - 
[2026-01-03T15:08:48.819+0000] {subprocess.py:106} INFO - 26/01/03 15:08:48 INFO SnapshotScan: Scanning table hive_catalog.bronze.it_jobs_raw snapshot 9085381164853934246 created at 2026-01-03T14:56:01.314+00:00 with filter job_link IS NOT NULL
[2026-01-03T15:08:49.103+0000] {subprocess.py:106} INFO - 26/01/03 15:08:49 INFO BaseDistributedDataScan: Planning file tasks locally for table hive_catalog.bronze.it_jobs_raw
[2026-01-03T15:08:49.502+0000] {subprocess.py:106} INFO - 26/01/03 15:08:49 INFO SparkPartitioningAwareScan: Reporting UnknownPartitioning with 4 partition(s) for table hive_catalog.bronze.it_jobs_raw
[2026-01-03T15:08:49.583+0000] {subprocess.py:106} INFO - 26/01/03 15:08:49 INFO FileSourceStrategy: Pushed Filters:
[2026-01-03T15:08:49.583+0000] {subprocess.py:106} INFO - 26/01/03 15:08:49 INFO FileSourceStrategy: Post-Scan Filters:
[2026-01-03T15:08:49.597+0000] {subprocess.py:106} INFO - 26/01/03 15:08:49 INFO MemoryStore: Block broadcast_5 stored as values in memory (estimated size 32.0 KiB, free 434.4 MiB)
[2026-01-03T15:08:49.609+0000] {subprocess.py:106} INFO - 26/01/03 15:08:49 INFO MemoryStore: Block broadcast_5_piece0 stored as bytes in memory (estimated size 29.7 KiB, free 434.3 MiB)
[2026-01-03T15:08:49.610+0000] {subprocess.py:106} INFO - 26/01/03 15:08:49 INFO BlockManagerInfo: Added broadcast_5_piece0 in memory on 65f44b4fd513:33099 (size: 29.7 KiB, free: 434.4 MiB)
[2026-01-03T15:08:49.612+0000] {subprocess.py:106} INFO - 26/01/03 15:08:49 INFO SparkContext: Created broadcast 5 from broadcast at SparkBatch.java:79
[2026-01-03T15:08:49.650+0000] {subprocess.py:106} INFO - 26/01/03 15:08:49 INFO MemoryStore: Block broadcast_6 stored as values in memory (estimated size 32.0 KiB, free 434.3 MiB)
[2026-01-03T15:08:49.652+0000] {subprocess.py:106} INFO - 26/01/03 15:08:49 INFO MemoryStore: Block broadcast_6_piece0 stored as bytes in memory (estimated size 29.7 KiB, free 434.3 MiB)
[2026-01-03T15:08:49.653+0000] {subprocess.py:106} INFO - 26/01/03 15:08:49 INFO BlockManagerInfo: Added broadcast_6_piece0 in memory on 65f44b4fd513:33099 (size: 29.7 KiB, free: 434.3 MiB)
[2026-01-03T15:08:49.654+0000] {subprocess.py:106} INFO - 26/01/03 15:08:49 INFO SparkContext: Created broadcast 6 from broadcast at SparkBatch.java:79
[2026-01-03T15:08:49.757+0000] {subprocess.py:106} INFO - 26/01/03 15:08:49 INFO CodeGenerator: Code generated in 24.051882 ms
[2026-01-03T15:08:49.784+0000] {subprocess.py:106} INFO - 26/01/03 15:08:49 INFO SparkContext: Starting job: $anonfun$withThreadLocalCaptured$1 at <unknown>:0
[2026-01-03T15:08:49.789+0000] {subprocess.py:106} INFO - 26/01/03 15:08:49 INFO DAGScheduler: Got job 3 ($anonfun$withThreadLocalCaptured$1 at <unknown>:0) with 4 output partitions
[2026-01-03T15:08:49.790+0000] {subprocess.py:106} INFO - 26/01/03 15:08:49 INFO DAGScheduler: Final stage: ResultStage 4 ($anonfun$withThreadLocalCaptured$1 at <unknown>:0)
[2026-01-03T15:08:49.791+0000] {subprocess.py:106} INFO - 26/01/03 15:08:49 INFO DAGScheduler: Parents of final stage: List()
[2026-01-03T15:08:49.791+0000] {subprocess.py:106} INFO - 26/01/03 15:08:49 INFO DAGScheduler: Missing parents: List()
[2026-01-03T15:08:49.792+0000] {subprocess.py:106} INFO - 26/01/03 15:08:49 INFO DAGScheduler: Submitting ResultStage 4 (MapPartitionsRDD[14] at $anonfun$withThreadLocalCaptured$1 at <unknown>:0), which has no missing parents
[2026-01-03T15:08:49.793+0000] {subprocess.py:106} INFO - 26/01/03 15:08:49 INFO MemoryStore: Block broadcast_7 stored as values in memory (estimated size 13.8 KiB, free 434.3 MiB)
[2026-01-03T15:08:49.806+0000] {subprocess.py:106} INFO - 26/01/03 15:08:49 INFO MemoryStore: Block broadcast_7_piece0 stored as bytes in memory (estimated size 5.5 KiB, free 434.3 MiB)
[2026-01-03T15:08:49.807+0000] {subprocess.py:106} INFO - 26/01/03 15:08:49 INFO BlockManagerInfo: Added broadcast_7_piece0 in memory on 65f44b4fd513:33099 (size: 5.5 KiB, free: 434.3 MiB)
[2026-01-03T15:08:49.808+0000] {subprocess.py:106} INFO - 26/01/03 15:08:49 INFO SparkContext: Created broadcast 7 from broadcast at DAGScheduler.scala:1585
[2026-01-03T15:08:49.810+0000] {subprocess.py:106} INFO - 26/01/03 15:08:49 INFO DAGScheduler: Submitting 4 missing tasks from ResultStage 4 (MapPartitionsRDD[14] at $anonfun$withThreadLocalCaptured$1 at <unknown>:0) (first 15 tasks are for partitions Vector(0, 1, 2, 3))
[2026-01-03T15:08:49.811+0000] {subprocess.py:106} INFO - 26/01/03 15:08:49 INFO TaskSchedulerImpl: Adding task set 4.0 with 4 tasks resource profile 0
[2026-01-03T15:08:49.830+0000] {subprocess.py:106} INFO - 26/01/03 15:08:49 INFO TaskSetManager: Starting task 0.0 in stage 4.0 (TID 3) (172.30.0.7, executor 0, partition 0, ANY, 15761 bytes)
[2026-01-03T15:08:50.198+0000] {subprocess.py:106} INFO - 26/01/03 15:08:50 INFO BlockManagerInfo: Added broadcast_7_piece0 in memory on 172.30.0.7:46011 (size: 5.5 KiB, free: 434.4 MiB)
[2026-01-03T15:08:50.250+0000] {subprocess.py:106} INFO - 26/01/03 15:08:50 INFO BlockManagerInfo: Added broadcast_6_piece0 in memory on 172.30.0.7:46011 (size: 29.7 KiB, free: 434.4 MiB)
[2026-01-03T15:08:51.647+0000] {subprocess.py:106} INFO - 26/01/03 15:08:51 INFO TaskSetManager: Starting task 1.0 in stage 4.0 (TID 4) (172.30.0.7, executor 0, partition 1, ANY, 15762 bytes)
[2026-01-03T15:08:51.649+0000] {subprocess.py:106} INFO - 26/01/03 15:08:51 INFO TaskSetManager: Finished task 0.0 in stage 4.0 (TID 3) in 1836 ms on 172.30.0.7 (executor 0) (1/4)
[2026-01-03T15:08:51.967+0000] {subprocess.py:106} INFO - 26/01/03 15:08:51 INFO TaskSetManager: Starting task 2.0 in stage 4.0 (TID 5) (172.30.0.7, executor 0, partition 2, ANY, 15762 bytes)
[2026-01-03T15:08:51.968+0000] {subprocess.py:106} INFO - 26/01/03 15:08:51 INFO TaskSetManager: Finished task 1.0 in stage 4.0 (TID 4) in 323 ms on 172.30.0.7 (executor 0) (2/4)
[2026-01-03T15:08:52.336+0000] {subprocess.py:106} INFO - 26/01/03 15:08:52 INFO TaskSetManager: Starting task 3.0 in stage 4.0 (TID 6) (172.30.0.7, executor 0, partition 3, ANY, 15285 bytes)
[2026-01-03T15:08:52.338+0000] {subprocess.py:106} INFO - 26/01/03 15:08:52 INFO TaskSetManager: Finished task 2.0 in stage 4.0 (TID 5) in 373 ms on 172.30.0.7 (executor 0) (3/4)
[2026-01-03T15:08:52.738+0000] {subprocess.py:106} INFO - 26/01/03 15:08:52 INFO TaskSetManager: Finished task 3.0 in stage 4.0 (TID 6) in 406 ms on 172.30.0.7 (executor 0) (4/4)
[2026-01-03T15:08:52.740+0000] {subprocess.py:106} INFO - 26/01/03 15:08:52 INFO TaskSchedulerImpl: Removed TaskSet 4.0, whose tasks have all completed, from pool
[2026-01-03T15:08:52.741+0000] {subprocess.py:106} INFO - 26/01/03 15:08:52 INFO DAGScheduler: ResultStage 4 ($anonfun$withThreadLocalCaptured$1 at <unknown>:0) finished in 2.950 s
[2026-01-03T15:08:52.742+0000] {subprocess.py:106} INFO - 26/01/03 15:08:52 INFO DAGScheduler: Job 3 is finished. Cancelling potential speculative or zombie tasks for this job
[2026-01-03T15:08:52.743+0000] {subprocess.py:106} INFO - 26/01/03 15:08:52 INFO TaskSchedulerImpl: Killing all running tasks in stage 4: Stage finished
[2026-01-03T15:08:52.744+0000] {subprocess.py:106} INFO - 26/01/03 15:08:52 INFO DAGScheduler: Job 3 finished: $anonfun$withThreadLocalCaptured$1 at <unknown>:0, took 2.959273 s
[2026-01-03T15:08:52.788+0000] {subprocess.py:106} INFO - 26/01/03 15:08:52 INFO CodeGenerator: Code generated in 16.196524 ms
[2026-01-03T15:08:52.815+0000] {subprocess.py:106} INFO - 26/01/03 15:08:52 INFO BlockManagerInfo: Removed broadcast_7_piece0 on 65f44b4fd513:33099 in memory (size: 5.5 KiB, free: 434.3 MiB)
[2026-01-03T15:08:52.820+0000] {subprocess.py:106} INFO - 26/01/03 15:08:52 INFO BlockManagerInfo: Removed broadcast_7_piece0 on 172.30.0.7:46011 in memory (size: 5.5 KiB, free: 434.4 MiB)
[2026-01-03T15:08:52.894+0000] {subprocess.py:106} INFO - 26/01/03 15:08:52 INFO MemoryStore: Block broadcast_8_piece0 stored as bytes in memory (estimated size 387.5 KiB, free 433.9 MiB)
[2026-01-03T15:08:52.901+0000] {subprocess.py:106} INFO - 26/01/03 15:08:52 INFO BlockManagerInfo: Added broadcast_8_piece0 in memory on 65f44b4fd513:33099 (size: 387.5 KiB, free: 434.0 MiB)
[2026-01-03T15:08:52.902+0000] {subprocess.py:106} INFO - 26/01/03 15:08:52 INFO SparkContext: Created broadcast 8 from $anonfun$withThreadLocalCaptured$1 at <unknown>:0
[2026-01-03T15:08:52.912+0000] {subprocess.py:106} INFO - 26/01/03 15:08:52 INFO FileSourceStrategy: Pushed Filters:
[2026-01-03T15:08:52.913+0000] {subprocess.py:106} INFO - 26/01/03 15:08:52 INFO FileSourceStrategy: Post-Scan Filters:
[2026-01-03T15:08:52.979+0000] {subprocess.py:106} INFO - 26/01/03 15:08:52 INFO CodeGenerator: Code generated in 24.292134 ms
[2026-01-03T15:08:52.989+0000] {subprocess.py:106} INFO - 26/01/03 15:08:52 INFO MemoryStore: Block broadcast_9 stored as values in memory (estimated size 203.1 KiB, free 433.7 MiB)
[2026-01-03T15:08:53.018+0000] {subprocess.py:106} INFO - 26/01/03 15:08:53 INFO MemoryStore: Block broadcast_9_piece0 stored as bytes in memory (estimated size 35.1 KiB, free 433.7 MiB)
[2026-01-03T15:08:53.019+0000] {subprocess.py:106} INFO - 26/01/03 15:08:53 INFO BlockManagerInfo: Added broadcast_9_piece0 in memory on 65f44b4fd513:33099 (size: 35.1 KiB, free: 433.9 MiB)
[2026-01-03T15:08:53.022+0000] {subprocess.py:106} INFO - 26/01/03 15:08:53 INFO SparkContext: Created broadcast 9 from count at <unknown>:0
[2026-01-03T15:08:53.023+0000] {subprocess.py:106} INFO - 26/01/03 15:08:53 INFO FileSourceScanExec: Planning scan with bin packing, max size: 4194304 bytes, open cost is considered as scanning 4194304 bytes.
[2026-01-03T15:08:53.038+0000] {subprocess.py:106} INFO - 26/01/03 15:08:53 INFO DAGScheduler: Registering RDD 18 (count at <unknown>:0) as input to shuffle 1
[2026-01-03T15:08:53.039+0000] {subprocess.py:106} INFO - 26/01/03 15:08:53 INFO DAGScheduler: Got map stage job 4 (count at <unknown>:0) with 1 output partitions
[2026-01-03T15:08:53.040+0000] {subprocess.py:106} INFO - 26/01/03 15:08:53 INFO DAGScheduler: Final stage: ShuffleMapStage 5 (count at <unknown>:0)
[2026-01-03T15:08:53.040+0000] {subprocess.py:106} INFO - 26/01/03 15:08:53 INFO DAGScheduler: Parents of final stage: List()
[2026-01-03T15:08:53.042+0000] {subprocess.py:106} INFO - 26/01/03 15:08:53 INFO DAGScheduler: Missing parents: List()
[2026-01-03T15:08:53.045+0000] {subprocess.py:106} INFO - 26/01/03 15:08:53 INFO DAGScheduler: Submitting ShuffleMapStage 5 (MapPartitionsRDD[18] at count at <unknown>:0), which has no missing parents
[2026-01-03T15:08:53.052+0000] {subprocess.py:106} INFO - 26/01/03 15:08:53 INFO MemoryStore: Block broadcast_10 stored as values in memory (estimated size 20.1 KiB, free 433.6 MiB)
[2026-01-03T15:08:53.066+0000] {subprocess.py:106} INFO - 26/01/03 15:08:53 INFO MemoryStore: Block broadcast_10_piece0 stored as bytes in memory (estimated size 9.7 KiB, free 433.6 MiB)
[2026-01-03T15:08:53.068+0000] {subprocess.py:106} INFO - 26/01/03 15:08:53 INFO BlockManagerInfo: Added broadcast_10_piece0 in memory on 65f44b4fd513:33099 (size: 9.7 KiB, free: 433.9 MiB)
[2026-01-03T15:08:53.069+0000] {subprocess.py:106} INFO - 26/01/03 15:08:53 INFO SparkContext: Created broadcast 10 from broadcast at DAGScheduler.scala:1585
[2026-01-03T15:08:53.071+0000] {subprocess.py:106} INFO - 26/01/03 15:08:53 INFO DAGScheduler: Submitting 1 missing tasks from ShuffleMapStage 5 (MapPartitionsRDD[18] at count at <unknown>:0) (first 15 tasks are for partitions Vector(0))
[2026-01-03T15:08:53.072+0000] {subprocess.py:106} INFO - 26/01/03 15:08:53 INFO TaskSchedulerImpl: Adding task set 5.0 with 1 tasks resource profile 0
[2026-01-03T15:08:53.074+0000] {subprocess.py:106} INFO - 26/01/03 15:08:53 INFO TaskSetManager: Starting task 0.0 in stage 5.0 (TID 7) (172.30.0.7, executor 0, partition 0, ANY, 9944 bytes)
[2026-01-03T15:08:53.097+0000] {subprocess.py:106} INFO - 26/01/03 15:08:53 INFO BlockManagerInfo: Added broadcast_10_piece0 in memory on 172.30.0.7:46011 (size: 9.7 KiB, free: 434.4 MiB)
[2026-01-03T15:08:53.151+0000] {subprocess.py:106} INFO - 26/01/03 15:08:53 INFO BlockManagerInfo: Added broadcast_8_piece0 in memory on 172.30.0.7:46011 (size: 387.5 KiB, free: 434.0 MiB)
[2026-01-03T15:08:53.333+0000] {subprocess.py:106} INFO - 26/01/03 15:08:53 INFO BlockManagerInfo: Added broadcast_9_piece0 in memory on 172.30.0.7:46011 (size: 35.1 KiB, free: 433.9 MiB)
[2026-01-03T15:08:53.479+0000] {subprocess.py:106} INFO - 26/01/03 15:08:53 INFO TaskSetManager: Finished task 0.0 in stage 5.0 (TID 7) in 405 ms on 172.30.0.7 (executor 0) (1/1)
[2026-01-03T15:08:53.480+0000] {subprocess.py:106} INFO - 26/01/03 15:08:53 INFO TaskSchedulerImpl: Removed TaskSet 5.0, whose tasks have all completed, from pool
[2026-01-03T15:08:53.482+0000] {subprocess.py:106} INFO - 26/01/03 15:08:53 INFO DAGScheduler: ShuffleMapStage 5 (count at <unknown>:0) finished in 0.435 s
[2026-01-03T15:08:53.483+0000] {subprocess.py:106} INFO - 26/01/03 15:08:53 INFO DAGScheduler: looking for newly runnable stages
[2026-01-03T15:08:53.484+0000] {subprocess.py:106} INFO - 26/01/03 15:08:53 INFO DAGScheduler: running: Set()
[2026-01-03T15:08:53.484+0000] {subprocess.py:106} INFO - 26/01/03 15:08:53 INFO DAGScheduler: waiting: Set()
[2026-01-03T15:08:53.485+0000] {subprocess.py:106} INFO - 26/01/03 15:08:53 INFO DAGScheduler: failed: Set()
[2026-01-03T15:08:53.515+0000] {subprocess.py:106} INFO - 26/01/03 15:08:53 INFO CodeGenerator: Code generated in 13.1718 ms
[2026-01-03T15:08:53.539+0000] {subprocess.py:106} INFO - 26/01/03 15:08:53 INFO SparkContext: Starting job: count at <unknown>:0
[2026-01-03T15:08:53.541+0000] {subprocess.py:106} INFO - 26/01/03 15:08:53 INFO DAGScheduler: Got job 5 (count at <unknown>:0) with 1 output partitions
[2026-01-03T15:08:53.545+0000] {subprocess.py:106} INFO - 26/01/03 15:08:53 INFO DAGScheduler: Final stage: ResultStage 7 (count at <unknown>:0)
[2026-01-03T15:08:53.546+0000] {subprocess.py:106} INFO - 26/01/03 15:08:53 INFO DAGScheduler: Parents of final stage: List(ShuffleMapStage 6)
[2026-01-03T15:08:53.547+0000] {subprocess.py:106} INFO - 26/01/03 15:08:53 INFO DAGScheduler: Missing parents: List()
[2026-01-03T15:08:53.548+0000] {subprocess.py:106} INFO - 26/01/03 15:08:53 INFO DAGScheduler: Submitting ResultStage 7 (MapPartitionsRDD[21] at count at <unknown>:0), which has no missing parents
[2026-01-03T15:08:53.549+0000] {subprocess.py:106} INFO - 26/01/03 15:08:53 INFO MemoryStore: Block broadcast_11 stored as values in memory (estimated size 12.5 KiB, free 433.6 MiB)
[2026-01-03T15:08:53.563+0000] {subprocess.py:106} INFO - 26/01/03 15:08:53 INFO MemoryStore: Block broadcast_11_piece0 stored as bytes in memory (estimated size 5.9 KiB, free 433.6 MiB)
[2026-01-03T15:08:53.565+0000] {subprocess.py:106} INFO - 26/01/03 15:08:53 INFO BlockManagerInfo: Added broadcast_11_piece0 in memory on 65f44b4fd513:33099 (size: 5.9 KiB, free: 433.9 MiB)
[2026-01-03T15:08:53.568+0000] {subprocess.py:106} INFO - 26/01/03 15:08:53 INFO SparkContext: Created broadcast 11 from broadcast at DAGScheduler.scala:1585
[2026-01-03T15:08:53.572+0000] {subprocess.py:106} INFO - 26/01/03 15:08:53 INFO BlockManagerInfo: Removed broadcast_10_piece0 on 65f44b4fd513:33099 in memory (size: 9.7 KiB, free: 433.9 MiB)
[2026-01-03T15:08:53.574+0000] {subprocess.py:106} INFO - 26/01/03 15:08:53 INFO DAGScheduler: Submitting 1 missing tasks from ResultStage 7 (MapPartitionsRDD[21] at count at <unknown>:0) (first 15 tasks are for partitions Vector(0))
[2026-01-03T15:08:53.575+0000] {subprocess.py:106} INFO - 26/01/03 15:08:53 INFO TaskSchedulerImpl: Adding task set 7.0 with 1 tasks resource profile 0
[2026-01-03T15:08:53.576+0000] {subprocess.py:106} INFO - 26/01/03 15:08:53 INFO BlockManagerInfo: Removed broadcast_10_piece0 on 172.30.0.7:46011 in memory (size: 9.7 KiB, free: 434.0 MiB)
[2026-01-03T15:08:53.577+0000] {subprocess.py:106} INFO - 26/01/03 15:08:53 INFO TaskSetManager: Starting task 0.0 in stage 7.0 (TID 8) (172.30.0.7, executor 0, partition 0, NODE_LOCAL, 9331 bytes)
[2026-01-03T15:08:53.593+0000] {subprocess.py:106} INFO - 26/01/03 15:08:53 INFO BlockManagerInfo: Added broadcast_11_piece0 in memory on 172.30.0.7:46011 (size: 5.9 KiB, free: 434.0 MiB)
[2026-01-03T15:08:53.604+0000] {subprocess.py:106} INFO - 26/01/03 15:08:53 INFO MapOutputTrackerMasterEndpoint: Asked to send map output locations for shuffle 1 to 172.30.0.7:35430
[2026-01-03T15:08:53.657+0000] {subprocess.py:106} INFO - 26/01/03 15:08:53 INFO TaskSetManager: Finished task 0.0 in stage 7.0 (TID 8) in 81 ms on 172.30.0.7 (executor 0) (1/1)
[2026-01-03T15:08:53.658+0000] {subprocess.py:106} INFO - 26/01/03 15:08:53 INFO TaskSchedulerImpl: Removed TaskSet 7.0, whose tasks have all completed, from pool
[2026-01-03T15:08:53.659+0000] {subprocess.py:106} INFO - 26/01/03 15:08:53 INFO DAGScheduler: ResultStage 7 (count at <unknown>:0) finished in 0.109 s
[2026-01-03T15:08:53.660+0000] {subprocess.py:106} INFO - 26/01/03 15:08:53 INFO DAGScheduler: Job 5 is finished. Cancelling potential speculative or zombie tasks for this job
[2026-01-03T15:08:53.661+0000] {subprocess.py:106} INFO - 26/01/03 15:08:53 INFO TaskSchedulerImpl: Killing all running tasks in stage 7: Stage finished
[2026-01-03T15:08:53.661+0000] {subprocess.py:106} INFO - 26/01/03 15:08:53 INFO DAGScheduler: Job 5 finished: count at <unknown>:0, took 0.117643 s
[2026-01-03T15:08:53.662+0000] {subprocess.py:106} INFO -  New records to append: 18
[2026-01-03T15:08:53.708+0000] {subprocess.py:106} INFO - 26/01/03 15:08:53 INFO V2ScanRelationPushDown:
[2026-01-03T15:08:53.709+0000] {subprocess.py:106} INFO - Pushing operators to hive_catalog.bronze.it_jobs_raw
[2026-01-03T15:08:53.710+0000] {subprocess.py:106} INFO - Pushed Filters: job_link IS NOT NULL
[2026-01-03T15:08:53.711+0000] {subprocess.py:106} INFO - Post-Scan Filters: isnotnull(job_link#66)
[2026-01-03T15:08:53.711+0000] {subprocess.py:106} INFO - 
[2026-01-03T15:08:53.712+0000] {subprocess.py:106} INFO - 26/01/03 15:08:53 INFO V2ScanRelationPushDown:
[2026-01-03T15:08:53.713+0000] {subprocess.py:106} INFO - Output: job_link#66
[2026-01-03T15:08:53.713+0000] {subprocess.py:106} INFO - 
[2026-01-03T15:08:53.714+0000] {subprocess.py:106} INFO - 26/01/03 15:08:53 INFO SnapshotScan: Scanning table hive_catalog.bronze.it_jobs_raw snapshot 9085381164853934246 created at 2026-01-03T14:56:01.314+00:00 with filter job_link IS NOT NULL
[2026-01-03T15:08:53.717+0000] {subprocess.py:106} INFO - 26/01/03 15:08:53 INFO BaseDistributedDataScan: Planning file tasks locally for table hive_catalog.bronze.it_jobs_raw
[2026-01-03T15:08:53.813+0000] {subprocess.py:106} INFO - 26/01/03 15:08:53 INFO SparkPartitioningAwareScan: Reporting UnknownPartitioning with 4 partition(s) for table hive_catalog.bronze.it_jobs_raw
[2026-01-03T15:08:53.826+0000] {subprocess.py:106} INFO - 26/01/03 15:08:53 INFO FileSourceStrategy: Pushed Filters:
[2026-01-03T15:08:53.827+0000] {subprocess.py:106} INFO - 26/01/03 15:08:53 INFO FileSourceStrategy: Post-Scan Filters:
[2026-01-03T15:08:53.831+0000] {subprocess.py:106} INFO - 26/01/03 15:08:53 INFO MemoryStore: Block broadcast_12 stored as values in memory (estimated size 32.0 KiB, free 433.6 MiB)
[2026-01-03T15:08:53.844+0000] {subprocess.py:106} INFO - 26/01/03 15:08:53 INFO MemoryStore: Block broadcast_12_piece0 stored as bytes in memory (estimated size 29.7 KiB, free 433.6 MiB)
[2026-01-03T15:08:53.846+0000] {subprocess.py:106} INFO - 26/01/03 15:08:53 INFO BlockManagerInfo: Removed broadcast_11_piece0 on 65f44b4fd513:33099 in memory (size: 5.9 KiB, free: 433.9 MiB)
[2026-01-03T15:08:53.847+0000] {subprocess.py:106} INFO - 26/01/03 15:08:53 INFO BlockManagerInfo: Added broadcast_12_piece0 in memory on 65f44b4fd513:33099 (size: 29.7 KiB, free: 433.9 MiB)
[2026-01-03T15:08:53.850+0000] {subprocess.py:106} INFO - 26/01/03 15:08:53 INFO SparkContext: Created broadcast 12 from broadcast at SparkBatch.java:79
[2026-01-03T15:08:53.851+0000] {subprocess.py:106} INFO - 26/01/03 15:08:53 INFO BlockManagerInfo: Removed broadcast_11_piece0 on 172.30.0.7:46011 in memory (size: 5.9 KiB, free: 434.0 MiB)
[2026-01-03T15:08:53.878+0000] {subprocess.py:106} INFO - 26/01/03 15:08:53 INFO MemoryStore: Block broadcast_13 stored as values in memory (estimated size 32.0 KiB, free 433.6 MiB)
[2026-01-03T15:08:53.892+0000] {subprocess.py:106} INFO - 26/01/03 15:08:53 INFO MemoryStore: Block broadcast_13_piece0 stored as bytes in memory (estimated size 29.7 KiB, free 433.5 MiB)
[2026-01-03T15:08:53.893+0000] {subprocess.py:106} INFO - 26/01/03 15:08:53 INFO BlockManagerInfo: Added broadcast_13_piece0 in memory on 65f44b4fd513:33099 (size: 29.7 KiB, free: 433.9 MiB)
[2026-01-03T15:08:53.895+0000] {subprocess.py:106} INFO - 26/01/03 15:08:53 INFO SparkContext: Created broadcast 13 from broadcast at SparkBatch.java:79
[2026-01-03T15:08:53.962+0000] {subprocess.py:106} INFO - 26/01/03 15:08:53 INFO SparkContext: Starting job: $anonfun$withThreadLocalCaptured$1 at <unknown>:0
[2026-01-03T15:08:53.964+0000] {subprocess.py:106} INFO - 26/01/03 15:08:53 INFO DAGScheduler: Got job 6 ($anonfun$withThreadLocalCaptured$1 at <unknown>:0) with 4 output partitions
[2026-01-03T15:08:53.965+0000] {subprocess.py:106} INFO - 26/01/03 15:08:53 INFO DAGScheduler: Final stage: ResultStage 8 ($anonfun$withThreadLocalCaptured$1 at <unknown>:0)
[2026-01-03T15:08:53.967+0000] {subprocess.py:106} INFO - 26/01/03 15:08:53 INFO DAGScheduler: Parents of final stage: List()
[2026-01-03T15:08:53.968+0000] {subprocess.py:106} INFO - 26/01/03 15:08:53 INFO DAGScheduler: Missing parents: List()
[2026-01-03T15:08:53.968+0000] {subprocess.py:106} INFO - 26/01/03 15:08:53 INFO DAGScheduler: Submitting ResultStage 8 (MapPartitionsRDD[25] at $anonfun$withThreadLocalCaptured$1 at <unknown>:0), which has no missing parents
[2026-01-03T15:08:53.971+0000] {subprocess.py:106} INFO - 26/01/03 15:08:53 INFO MemoryStore: Block broadcast_14 stored as values in memory (estimated size 13.7 KiB, free 433.5 MiB)
[2026-01-03T15:08:53.982+0000] {subprocess.py:106} INFO - 26/01/03 15:08:53 INFO MemoryStore: Block broadcast_14_piece0 stored as bytes in memory (estimated size 5.5 KiB, free 433.5 MiB)
[2026-01-03T15:08:53.984+0000] {subprocess.py:106} INFO - 26/01/03 15:08:53 INFO BlockManagerInfo: Added broadcast_14_piece0 in memory on 65f44b4fd513:33099 (size: 5.5 KiB, free: 433.9 MiB)
[2026-01-03T15:08:53.986+0000] {subprocess.py:106} INFO - 26/01/03 15:08:53 INFO BlockManagerInfo: Removed broadcast_8_piece0 on 65f44b4fd513:33099 in memory (size: 387.5 KiB, free: 434.2 MiB)
[2026-01-03T15:08:53.988+0000] {subprocess.py:106} INFO - 26/01/03 15:08:53 INFO SparkContext: Created broadcast 14 from broadcast at DAGScheduler.scala:1585
[2026-01-03T15:08:53.989+0000] {subprocess.py:106} INFO - 26/01/03 15:08:53 INFO DAGScheduler: Submitting 4 missing tasks from ResultStage 8 (MapPartitionsRDD[25] at $anonfun$withThreadLocalCaptured$1 at <unknown>:0) (first 15 tasks are for partitions Vector(0, 1, 2, 3))
[2026-01-03T15:08:53.990+0000] {subprocess.py:106} INFO - 26/01/03 15:08:53 INFO TaskSchedulerImpl: Adding task set 8.0 with 4 tasks resource profile 0
[2026-01-03T15:08:53.990+0000] {subprocess.py:106} INFO - 26/01/03 15:08:53 INFO BlockManagerInfo: Removed broadcast_8_piece0 on 172.30.0.7:46011 in memory (size: 387.5 KiB, free: 434.3 MiB)
[2026-01-03T15:08:53.991+0000] {subprocess.py:106} INFO - 26/01/03 15:08:53 INFO TaskSetManager: Starting task 0.0 in stage 8.0 (TID 9) (172.30.0.7, executor 0, partition 0, ANY, 15762 bytes)
[2026-01-03T15:08:54.007+0000] {subprocess.py:106} INFO - 26/01/03 15:08:54 INFO BlockManagerInfo: Removed broadcast_5_piece0 on 65f44b4fd513:33099 in memory (size: 29.7 KiB, free: 434.3 MiB)
[2026-01-03T15:08:54.027+0000] {subprocess.py:106} INFO - 26/01/03 15:08:54 INFO BlockManagerInfo: Removed broadcast_9_piece0 on 65f44b4fd513:33099 in memory (size: 35.1 KiB, free: 434.3 MiB)
[2026-01-03T15:08:54.028+0000] {subprocess.py:106} INFO - 26/01/03 15:08:54 INFO BlockManagerInfo: Added broadcast_14_piece0 in memory on 172.30.0.7:46011 (size: 5.5 KiB, free: 434.3 MiB)
[2026-01-03T15:08:54.061+0000] {subprocess.py:106} INFO - 26/01/03 15:08:54 INFO BlockManagerInfo: Removed broadcast_9_piece0 on 172.30.0.7:46011 in memory (size: 35.1 KiB, free: 434.4 MiB)
[2026-01-03T15:08:54.075+0000] {subprocess.py:106} INFO - 26/01/03 15:08:54 INFO BlockManagerInfo: Removed broadcast_6_piece0 on 65f44b4fd513:33099 in memory (size: 29.7 KiB, free: 434.3 MiB)
[2026-01-03T15:08:54.076+0000] {subprocess.py:106} INFO - 26/01/03 15:08:54 INFO BlockManagerInfo: Added broadcast_13_piece0 in memory on 172.30.0.7:46011 (size: 29.7 KiB, free: 434.3 MiB)
[2026-01-03T15:08:54.081+0000] {subprocess.py:106} INFO - 26/01/03 15:08:54 INFO BlockManagerInfo: Removed broadcast_6_piece0 on 172.30.0.7:46011 in memory (size: 29.7 KiB, free: 434.4 MiB)
[2026-01-03T15:08:54.341+0000] {subprocess.py:106} INFO - 26/01/03 15:08:54 INFO TaskSetManager: Starting task 1.0 in stage 8.0 (TID 10) (172.30.0.7, executor 0, partition 1, ANY, 15761 bytes)
[2026-01-03T15:08:54.342+0000] {subprocess.py:106} INFO - 26/01/03 15:08:54 INFO TaskSetManager: Finished task 0.0 in stage 8.0 (TID 9) in 355 ms on 172.30.0.7 (executor 0) (1/4)
[2026-01-03T15:08:54.684+0000] {subprocess.py:106} INFO - 26/01/03 15:08:54 INFO TaskSetManager: Starting task 2.0 in stage 8.0 (TID 11) (172.30.0.7, executor 0, partition 2, ANY, 15762 bytes)
[2026-01-03T15:08:54.686+0000] {subprocess.py:106} INFO - 26/01/03 15:08:54 INFO TaskSetManager: Finished task 1.0 in stage 8.0 (TID 10) in 346 ms on 172.30.0.7 (executor 0) (2/4)
[2026-01-03T15:08:54.940+0000] {subprocess.py:106} INFO - 26/01/03 15:08:54 INFO TaskSetManager: Starting task 3.0 in stage 8.0 (TID 12) (172.30.0.7, executor 0, partition 3, ANY, 15285 bytes)
[2026-01-03T15:08:54.941+0000] {subprocess.py:106} INFO - 26/01/03 15:08:54 INFO TaskSetManager: Finished task 2.0 in stage 8.0 (TID 11) in 259 ms on 172.30.0.7 (executor 0) (3/4)
[2026-01-03T15:08:55.108+0000] {subprocess.py:106} INFO - 26/01/03 15:08:55 INFO TaskSetManager: Finished task 3.0 in stage 8.0 (TID 12) in 169 ms on 172.30.0.7 (executor 0) (4/4)
[2026-01-03T15:08:55.110+0000] {subprocess.py:106} INFO - 26/01/03 15:08:55 INFO TaskSchedulerImpl: Removed TaskSet 8.0, whose tasks have all completed, from pool
[2026-01-03T15:08:55.111+0000] {subprocess.py:106} INFO - 26/01/03 15:08:55 INFO DAGScheduler: ResultStage 8 ($anonfun$withThreadLocalCaptured$1 at <unknown>:0) finished in 1.141 s
[2026-01-03T15:08:55.111+0000] {subprocess.py:106} INFO - 26/01/03 15:08:55 INFO DAGScheduler: Job 6 is finished. Cancelling potential speculative or zombie tasks for this job
[2026-01-03T15:08:55.112+0000] {subprocess.py:106} INFO - 26/01/03 15:08:55 INFO TaskSchedulerImpl: Killing all running tasks in stage 8: Stage finished
[2026-01-03T15:08:55.112+0000] {subprocess.py:106} INFO - 26/01/03 15:08:55 INFO DAGScheduler: Job 6 finished: $anonfun$withThreadLocalCaptured$1 at <unknown>:0, took 1.148184 s
[2026-01-03T15:08:55.135+0000] {subprocess.py:106} INFO - 26/01/03 15:08:55 INFO BlockManagerInfo: Removed broadcast_14_piece0 on 65f44b4fd513:33099 in memory (size: 5.5 KiB, free: 434.3 MiB)
[2026-01-03T15:08:55.138+0000] {subprocess.py:106} INFO - 26/01/03 15:08:55 INFO BlockManagerInfo: Removed broadcast_14_piece0 on 172.30.0.7:46011 in memory (size: 5.5 KiB, free: 434.4 MiB)
[2026-01-03T15:08:55.152+0000] {subprocess.py:106} INFO - 26/01/03 15:08:55 INFO MemoryStore: Block broadcast_15_piece0 stored as bytes in memory (estimated size 387.4 KiB, free 433.9 MiB)
[2026-01-03T15:08:55.158+0000] {subprocess.py:106} INFO - 26/01/03 15:08:55 INFO BlockManagerInfo: Added broadcast_15_piece0 in memory on 65f44b4fd513:33099 (size: 387.4 KiB, free: 434.0 MiB)
[2026-01-03T15:08:55.161+0000] {subprocess.py:106} INFO - 26/01/03 15:08:55 INFO SparkContext: Created broadcast 15 from $anonfun$withThreadLocalCaptured$1 at <unknown>:0
[2026-01-03T15:08:55.174+0000] {subprocess.py:106} INFO - 26/01/03 15:08:55 INFO FileSourceStrategy: Pushed Filters:
[2026-01-03T15:08:55.175+0000] {subprocess.py:106} INFO - 26/01/03 15:08:55 INFO FileSourceStrategy: Post-Scan Filters:
[2026-01-03T15:08:55.213+0000] {subprocess.py:106} INFO - 26/01/03 15:08:55 INFO MemoryStore: Block broadcast_16 stored as values in memory (estimated size 203.1 KiB, free 433.7 MiB)
[2026-01-03T15:08:55.237+0000] {subprocess.py:106} INFO - 26/01/03 15:08:55 INFO MemoryStore: Block broadcast_16_piece0 stored as bytes in memory (estimated size 35.1 KiB, free 433.7 MiB)
[2026-01-03T15:08:55.238+0000] {subprocess.py:106} INFO - 26/01/03 15:08:55 INFO BlockManagerInfo: Added broadcast_16_piece0 in memory on 65f44b4fd513:33099 (size: 35.1 KiB, free: 433.9 MiB)
[2026-01-03T15:08:55.239+0000] {subprocess.py:106} INFO - 26/01/03 15:08:55 INFO SparkContext: Created broadcast 16 from count at <unknown>:0
[2026-01-03T15:08:55.241+0000] {subprocess.py:106} INFO - 26/01/03 15:08:55 INFO FileSourceScanExec: Planning scan with bin packing, max size: 4194304 bytes, open cost is considered as scanning 4194304 bytes.
[2026-01-03T15:08:55.249+0000] {subprocess.py:106} INFO - 26/01/03 15:08:55 INFO DAGScheduler: Registering RDD 29 (count at <unknown>:0) as input to shuffle 2
[2026-01-03T15:08:55.250+0000] {subprocess.py:106} INFO - 26/01/03 15:08:55 INFO DAGScheduler: Got map stage job 7 (count at <unknown>:0) with 1 output partitions
[2026-01-03T15:08:55.251+0000] {subprocess.py:106} INFO - 26/01/03 15:08:55 INFO DAGScheduler: Final stage: ShuffleMapStage 9 (count at <unknown>:0)
[2026-01-03T15:08:55.252+0000] {subprocess.py:106} INFO - 26/01/03 15:08:55 INFO DAGScheduler: Parents of final stage: List()
[2026-01-03T15:08:55.253+0000] {subprocess.py:106} INFO - 26/01/03 15:08:55 INFO DAGScheduler: Missing parents: List()
[2026-01-03T15:08:55.257+0000] {subprocess.py:106} INFO - 26/01/03 15:08:55 INFO DAGScheduler: Submitting ShuffleMapStage 9 (MapPartitionsRDD[29] at count at <unknown>:0), which has no missing parents
[2026-01-03T15:08:55.260+0000] {subprocess.py:106} INFO - 26/01/03 15:08:55 INFO MemoryStore: Block broadcast_17 stored as values in memory (estimated size 20.1 KiB, free 433.6 MiB)
[2026-01-03T15:08:55.262+0000] {subprocess.py:106} INFO - 26/01/03 15:08:55 INFO MemoryStore: Block broadcast_17_piece0 stored as bytes in memory (estimated size 9.7 KiB, free 433.6 MiB)
[2026-01-03T15:08:55.263+0000] {subprocess.py:106} INFO - 26/01/03 15:08:55 INFO BlockManagerInfo: Added broadcast_17_piece0 in memory on 65f44b4fd513:33099 (size: 9.7 KiB, free: 433.9 MiB)
[2026-01-03T15:08:55.263+0000] {subprocess.py:106} INFO - 26/01/03 15:08:55 INFO SparkContext: Created broadcast 17 from broadcast at DAGScheduler.scala:1585
[2026-01-03T15:08:55.264+0000] {subprocess.py:106} INFO - 26/01/03 15:08:55 INFO DAGScheduler: Submitting 1 missing tasks from ShuffleMapStage 9 (MapPartitionsRDD[29] at count at <unknown>:0) (first 15 tasks are for partitions Vector(0))
[2026-01-03T15:08:55.265+0000] {subprocess.py:106} INFO - 26/01/03 15:08:55 INFO TaskSchedulerImpl: Adding task set 9.0 with 1 tasks resource profile 0
[2026-01-03T15:08:55.268+0000] {subprocess.py:106} INFO - 26/01/03 15:08:55 INFO TaskSetManager: Starting task 0.0 in stage 9.0 (TID 13) (172.30.0.7, executor 0, partition 0, ANY, 9944 bytes)
[2026-01-03T15:08:55.302+0000] {subprocess.py:106} INFO - 26/01/03 15:08:55 INFO BlockManagerInfo: Added broadcast_17_piece0 in memory on 172.30.0.7:46011 (size: 9.7 KiB, free: 434.4 MiB)
[2026-01-03T15:08:55.321+0000] {subprocess.py:106} INFO - 26/01/03 15:08:55 INFO BlockManagerInfo: Added broadcast_15_piece0 in memory on 172.30.0.7:46011 (size: 387.4 KiB, free: 434.0 MiB)
[2026-01-03T15:08:55.373+0000] {subprocess.py:106} INFO - 26/01/03 15:08:55 INFO BlockManagerInfo: Added broadcast_16_piece0 in memory on 172.30.0.7:46011 (size: 35.1 KiB, free: 433.9 MiB)
[2026-01-03T15:08:55.499+0000] {subprocess.py:106} INFO - 26/01/03 15:08:55 INFO TaskSetManager: Finished task 0.0 in stage 9.0 (TID 13) in 231 ms on 172.30.0.7 (executor 0) (1/1)
[2026-01-03T15:08:55.500+0000] {subprocess.py:106} INFO - 26/01/03 15:08:55 INFO TaskSchedulerImpl: Removed TaskSet 9.0, whose tasks have all completed, from pool
[2026-01-03T15:08:55.503+0000] {subprocess.py:106} INFO - 26/01/03 15:08:55 INFO DAGScheduler: ShuffleMapStage 9 (count at <unknown>:0) finished in 0.244 s
[2026-01-03T15:08:55.509+0000] {subprocess.py:106} INFO - 26/01/03 15:08:55 INFO DAGScheduler: looking for newly runnable stages
[2026-01-03T15:08:55.509+0000] {subprocess.py:106} INFO - 26/01/03 15:08:55 INFO DAGScheduler: running: Set()
[2026-01-03T15:08:55.510+0000] {subprocess.py:106} INFO - 26/01/03 15:08:55 INFO DAGScheduler: waiting: Set()
[2026-01-03T15:08:55.511+0000] {subprocess.py:106} INFO - 26/01/03 15:08:55 INFO DAGScheduler: failed: Set()
[2026-01-03T15:08:55.536+0000] {subprocess.py:106} INFO - 26/01/03 15:08:55 INFO SparkContext: Starting job: count at <unknown>:0
[2026-01-03T15:08:55.539+0000] {subprocess.py:106} INFO - 26/01/03 15:08:55 INFO DAGScheduler: Got job 8 (count at <unknown>:0) with 1 output partitions
[2026-01-03T15:08:55.541+0000] {subprocess.py:106} INFO - 26/01/03 15:08:55 INFO DAGScheduler: Final stage: ResultStage 11 (count at <unknown>:0)
[2026-01-03T15:08:55.542+0000] {subprocess.py:106} INFO - 26/01/03 15:08:55 INFO DAGScheduler: Parents of final stage: List(ShuffleMapStage 10)
[2026-01-03T15:08:55.543+0000] {subprocess.py:106} INFO - 26/01/03 15:08:55 INFO DAGScheduler: Missing parents: List()
[2026-01-03T15:08:55.544+0000] {subprocess.py:106} INFO - 26/01/03 15:08:55 INFO DAGScheduler: Submitting ResultStage 11 (MapPartitionsRDD[32] at count at <unknown>:0), which has no missing parents
[2026-01-03T15:08:55.545+0000] {subprocess.py:106} INFO - 26/01/03 15:08:55 INFO MemoryStore: Block broadcast_18 stored as values in memory (estimated size 12.5 KiB, free 433.6 MiB)
[2026-01-03T15:08:55.570+0000] {subprocess.py:106} INFO - 26/01/03 15:08:55 INFO MemoryStore: Block broadcast_18_piece0 stored as bytes in memory (estimated size 5.9 KiB, free 433.6 MiB)
[2026-01-03T15:08:55.578+0000] {subprocess.py:106} INFO - 26/01/03 15:08:55 INFO BlockManagerInfo: Added broadcast_18_piece0 in memory on 65f44b4fd513:33099 (size: 5.9 KiB, free: 433.9 MiB)
[2026-01-03T15:08:55.580+0000] {subprocess.py:106} INFO - 26/01/03 15:08:55 INFO SparkContext: Created broadcast 18 from broadcast at DAGScheduler.scala:1585
[2026-01-03T15:08:55.582+0000] {subprocess.py:106} INFO - 26/01/03 15:08:55 INFO BlockManagerInfo: Removed broadcast_17_piece0 on 65f44b4fd513:33099 in memory (size: 9.7 KiB, free: 433.9 MiB)
[2026-01-03T15:08:55.585+0000] {subprocess.py:106} INFO - 26/01/03 15:08:55 INFO BlockManagerInfo: Removed broadcast_17_piece0 on 172.30.0.7:46011 in memory (size: 9.7 KiB, free: 434.0 MiB)
[2026-01-03T15:08:55.586+0000] {subprocess.py:106} INFO - 26/01/03 15:08:55 INFO DAGScheduler: Submitting 1 missing tasks from ResultStage 11 (MapPartitionsRDD[32] at count at <unknown>:0) (first 15 tasks are for partitions Vector(0))
[2026-01-03T15:08:55.587+0000] {subprocess.py:106} INFO - 26/01/03 15:08:55 INFO TaskSchedulerImpl: Adding task set 11.0 with 1 tasks resource profile 0
[2026-01-03T15:08:55.588+0000] {subprocess.py:106} INFO - 26/01/03 15:08:55 INFO TaskSetManager: Starting task 0.0 in stage 11.0 (TID 14) (172.30.0.7, executor 0, partition 0, NODE_LOCAL, 9331 bytes)
[2026-01-03T15:08:55.608+0000] {subprocess.py:106} INFO - 26/01/03 15:08:55 INFO BlockManagerInfo: Added broadcast_18_piece0 in memory on 172.30.0.7:46011 (size: 5.9 KiB, free: 434.0 MiB)
[2026-01-03T15:08:55.619+0000] {subprocess.py:106} INFO - 26/01/03 15:08:55 INFO MapOutputTrackerMasterEndpoint: Asked to send map output locations for shuffle 2 to 172.30.0.7:35430
[2026-01-03T15:08:55.653+0000] {subprocess.py:106} INFO - 26/01/03 15:08:55 INFO TaskSetManager: Finished task 0.0 in stage 11.0 (TID 14) in 70 ms on 172.30.0.7 (executor 0) (1/1)
[2026-01-03T15:08:55.661+0000] {subprocess.py:106} INFO - 26/01/03 15:08:55 INFO TaskSchedulerImpl: Removed TaskSet 11.0, whose tasks have all completed, from pool
[2026-01-03T15:08:55.664+0000] {subprocess.py:106} INFO - 26/01/03 15:08:55 INFO DAGScheduler: ResultStage 11 (count at <unknown>:0) finished in 0.114 s
[2026-01-03T15:08:55.667+0000] {subprocess.py:106} INFO - 26/01/03 15:08:55 INFO DAGScheduler: Job 8 is finished. Cancelling potential speculative or zombie tasks for this job
[2026-01-03T15:08:55.668+0000] {subprocess.py:106} INFO - 26/01/03 15:08:55 INFO TaskSchedulerImpl: Killing all running tasks in stage 11: Stage finished
[2026-01-03T15:08:55.669+0000] {subprocess.py:106} INFO - 26/01/03 15:08:55 INFO DAGScheduler: Job 8 finished: count at <unknown>:0, took 0.121264 s
[2026-01-03T15:08:55.761+0000] {subprocess.py:106} INFO - 26/01/03 15:08:55 INFO V2ScanRelationPushDown:
[2026-01-03T15:08:55.762+0000] {subprocess.py:106} INFO - Pushing operators to hive_catalog.bronze.it_jobs_raw
[2026-01-03T15:08:55.762+0000] {subprocess.py:106} INFO - Pushed Filters: job_link IS NOT NULL
[2026-01-03T15:08:55.763+0000] {subprocess.py:106} INFO - Post-Scan Filters: isnotnull(job_link#66)
[2026-01-03T15:08:55.764+0000] {subprocess.py:106} INFO - 
[2026-01-03T15:08:55.765+0000] {subprocess.py:106} INFO - 26/01/03 15:08:55 INFO V2ScanRelationPushDown:
[2026-01-03T15:08:55.765+0000] {subprocess.py:106} INFO - Output: job_link#66
[2026-01-03T15:08:55.769+0000] {subprocess.py:106} INFO - 
[2026-01-03T15:08:55.770+0000] {subprocess.py:106} INFO - 26/01/03 15:08:55 INFO SnapshotScan: Scanning table hive_catalog.bronze.it_jobs_raw snapshot 9085381164853934246 created at 2026-01-03T14:56:01.314+00:00 with filter job_link IS NOT NULL
[2026-01-03T15:08:55.771+0000] {subprocess.py:106} INFO - 26/01/03 15:08:55 INFO BaseDistributedDataScan: Planning file tasks locally for table hive_catalog.bronze.it_jobs_raw
[2026-01-03T15:08:55.893+0000] {subprocess.py:106} INFO - 26/01/03 15:08:55 INFO SparkPartitioningAwareScan: Reporting UnknownPartitioning with 4 partition(s) for table hive_catalog.bronze.it_jobs_raw
[2026-01-03T15:08:55.923+0000] {subprocess.py:106} INFO - 26/01/03 15:08:55 INFO SparkWrite: Requesting 0 bytes advisory partition size for table hive_catalog.bronze.it_jobs_raw
[2026-01-03T15:08:55.924+0000] {subprocess.py:106} INFO - 26/01/03 15:08:55 INFO SparkWrite: Requesting UnspecifiedDistribution as write distribution for table hive_catalog.bronze.it_jobs_raw
[2026-01-03T15:08:55.925+0000] {subprocess.py:106} INFO - 26/01/03 15:08:55 INFO SparkWrite: Requesting [] as write ordering for table hive_catalog.bronze.it_jobs_raw
[2026-01-03T15:08:55.941+0000] {subprocess.py:106} INFO - 26/01/03 15:08:55 INFO FileSourceStrategy: Pushed Filters:
[2026-01-03T15:08:55.942+0000] {subprocess.py:106} INFO - 26/01/03 15:08:55 INFO FileSourceStrategy: Post-Scan Filters:
[2026-01-03T15:08:55.944+0000] {subprocess.py:106} INFO - 26/01/03 15:08:55 INFO MemoryStore: Block broadcast_19 stored as values in memory (estimated size 32.0 KiB, free 433.6 MiB)
[2026-01-03T15:08:55.956+0000] {subprocess.py:106} INFO - 26/01/03 15:08:55 INFO MemoryStore: Block broadcast_19_piece0 stored as bytes in memory (estimated size 29.7 KiB, free 433.6 MiB)
[2026-01-03T15:08:55.958+0000] {subprocess.py:106} INFO - 26/01/03 15:08:55 INFO BlockManagerInfo: Added broadcast_19_piece0 in memory on 65f44b4fd513:33099 (size: 29.7 KiB, free: 433.9 MiB)
[2026-01-03T15:08:55.959+0000] {subprocess.py:106} INFO - 26/01/03 15:08:55 INFO BlockManagerInfo: Removed broadcast_18_piece0 on 65f44b4fd513:33099 in memory (size: 5.9 KiB, free: 433.9 MiB)
[2026-01-03T15:08:55.960+0000] {subprocess.py:106} INFO - 26/01/03 15:08:55 INFO SparkContext: Created broadcast 19 from broadcast at SparkBatch.java:79
[2026-01-03T15:08:55.962+0000] {subprocess.py:106} INFO - 26/01/03 15:08:55 INFO BlockManagerInfo: Removed broadcast_18_piece0 on 172.30.0.7:46011 in memory (size: 5.9 KiB, free: 434.0 MiB)
[2026-01-03T15:08:55.989+0000] {subprocess.py:106} INFO - 26/01/03 15:08:55 INFO MemoryStore: Block broadcast_20 stored as values in memory (estimated size 32.0 KiB, free 433.6 MiB)
[2026-01-03T15:08:55.993+0000] {subprocess.py:106} INFO - 26/01/03 15:08:55 INFO MemoryStore: Block broadcast_20_piece0 stored as bytes in memory (estimated size 29.7 KiB, free 433.5 MiB)
[2026-01-03T15:08:55.994+0000] {subprocess.py:106} INFO - 26/01/03 15:08:55 INFO BlockManagerInfo: Added broadcast_20_piece0 in memory on 65f44b4fd513:33099 (size: 29.7 KiB, free: 433.9 MiB)
[2026-01-03T15:08:56.009+0000] {subprocess.py:106} INFO - 26/01/03 15:08:55 INFO SparkContext: Created broadcast 20 from broadcast at SparkBatch.java:79
[2026-01-03T15:08:56.076+0000] {subprocess.py:106} INFO - 26/01/03 15:08:56 INFO SparkContext: Starting job: $anonfun$withThreadLocalCaptured$1 at <unknown>:0
[2026-01-03T15:08:56.078+0000] {subprocess.py:106} INFO - 26/01/03 15:08:56 INFO DAGScheduler: Got job 9 ($anonfun$withThreadLocalCaptured$1 at <unknown>:0) with 4 output partitions
[2026-01-03T15:08:56.079+0000] {subprocess.py:106} INFO - 26/01/03 15:08:56 INFO DAGScheduler: Final stage: ResultStage 12 ($anonfun$withThreadLocalCaptured$1 at <unknown>:0)
[2026-01-03T15:08:56.080+0000] {subprocess.py:106} INFO - 26/01/03 15:08:56 INFO DAGScheduler: Parents of final stage: List()
[2026-01-03T15:08:56.081+0000] {subprocess.py:106} INFO - 26/01/03 15:08:56 INFO DAGScheduler: Missing parents: List()
[2026-01-03T15:08:56.082+0000] {subprocess.py:106} INFO - 26/01/03 15:08:56 INFO DAGScheduler: Submitting ResultStage 12 (MapPartitionsRDD[36] at $anonfun$withThreadLocalCaptured$1 at <unknown>:0), which has no missing parents
[2026-01-03T15:08:56.086+0000] {subprocess.py:106} INFO - 26/01/03 15:08:56 INFO MemoryStore: Block broadcast_21 stored as values in memory (estimated size 13.7 KiB, free 433.5 MiB)
[2026-01-03T15:08:56.098+0000] {subprocess.py:106} INFO - 26/01/03 15:08:56 INFO MemoryStore: Block broadcast_21_piece0 stored as bytes in memory (estimated size 5.5 KiB, free 433.5 MiB)
[2026-01-03T15:08:56.100+0000] {subprocess.py:106} INFO - 26/01/03 15:08:56 INFO BlockManagerInfo: Added broadcast_21_piece0 in memory on 65f44b4fd513:33099 (size: 5.5 KiB, free: 433.9 MiB)
[2026-01-03T15:08:56.101+0000] {subprocess.py:106} INFO - 26/01/03 15:08:56 INFO SparkContext: Created broadcast 21 from broadcast at DAGScheduler.scala:1585
[2026-01-03T15:08:56.106+0000] {subprocess.py:106} INFO - 26/01/03 15:08:56 INFO DAGScheduler: Submitting 4 missing tasks from ResultStage 12 (MapPartitionsRDD[36] at $anonfun$withThreadLocalCaptured$1 at <unknown>:0) (first 15 tasks are for partitions Vector(0, 1, 2, 3))
[2026-01-03T15:08:56.107+0000] {subprocess.py:106} INFO - 26/01/03 15:08:56 INFO TaskSchedulerImpl: Adding task set 12.0 with 4 tasks resource profile 0
[2026-01-03T15:08:56.112+0000] {subprocess.py:106} INFO - 26/01/03 15:08:56 INFO TaskSetManager: Starting task 0.0 in stage 12.0 (TID 15) (172.30.0.7, executor 0, partition 0, ANY, 15762 bytes)
[2026-01-03T15:08:56.123+0000] {subprocess.py:106} INFO - 26/01/03 15:08:56 INFO BlockManagerInfo: Removed broadcast_16_piece0 on 65f44b4fd513:33099 in memory (size: 35.1 KiB, free: 433.9 MiB)
[2026-01-03T15:08:56.124+0000] {subprocess.py:106} INFO - 26/01/03 15:08:56 INFO BlockManagerInfo: Removed broadcast_16_piece0 on 172.30.0.7:46011 in memory (size: 35.1 KiB, free: 434.0 MiB)
[2026-01-03T15:08:56.150+0000] {subprocess.py:106} INFO - 26/01/03 15:08:56 INFO BlockManagerInfo: Removed broadcast_13_piece0 on 65f44b4fd513:33099 in memory (size: 29.7 KiB, free: 433.9 MiB)
[2026-01-03T15:08:56.152+0000] {subprocess.py:106} INFO - 26/01/03 15:08:56 INFO BlockManagerInfo: Added broadcast_21_piece0 in memory on 172.30.0.7:46011 (size: 5.5 KiB, free: 434.0 MiB)
[2026-01-03T15:08:56.154+0000] {subprocess.py:106} INFO - 26/01/03 15:08:56 INFO BlockManagerInfo: Removed broadcast_13_piece0 on 172.30.0.7:46011 in memory (size: 29.7 KiB, free: 434.0 MiB)
[2026-01-03T15:08:56.187+0000] {subprocess.py:106} INFO - 26/01/03 15:08:56 INFO BlockManagerInfo: Removed broadcast_15_piece0 on 172.30.0.7:46011 in memory (size: 387.4 KiB, free: 434.4 MiB)
[2026-01-03T15:08:56.188+0000] {subprocess.py:106} INFO - 26/01/03 15:08:56 INFO BlockManagerInfo: Removed broadcast_15_piece0 on 65f44b4fd513:33099 in memory (size: 387.4 KiB, free: 434.3 MiB)
[2026-01-03T15:08:56.192+0000] {subprocess.py:106} INFO - 26/01/03 15:08:56 INFO BlockManagerInfo: Added broadcast_20_piece0 in memory on 172.30.0.7:46011 (size: 29.7 KiB, free: 434.4 MiB)
[2026-01-03T15:08:56.200+0000] {subprocess.py:106} INFO - 26/01/03 15:08:56 INFO BlockManagerInfo: Removed broadcast_12_piece0 on 65f44b4fd513:33099 in memory (size: 29.7 KiB, free: 434.3 MiB)
[2026-01-03T15:08:56.483+0000] {subprocess.py:106} INFO - 26/01/03 15:08:56 INFO TaskSetManager: Starting task 1.0 in stage 12.0 (TID 16) (172.30.0.7, executor 0, partition 1, ANY, 15761 bytes)
[2026-01-03T15:08:56.485+0000] {subprocess.py:106} INFO - 26/01/03 15:08:56 INFO TaskSetManager: Finished task 0.0 in stage 12.0 (TID 15) in 376 ms on 172.30.0.7 (executor 0) (1/4)
[2026-01-03T15:08:56.729+0000] {subprocess.py:106} INFO - 26/01/03 15:08:56 INFO TaskSetManager: Starting task 2.0 in stage 12.0 (TID 17) (172.30.0.7, executor 0, partition 2, ANY, 15762 bytes)
[2026-01-03T15:08:56.730+0000] {subprocess.py:106} INFO - 26/01/03 15:08:56 INFO TaskSetManager: Finished task 1.0 in stage 12.0 (TID 16) in 248 ms on 172.30.0.7 (executor 0) (2/4)
[2026-01-03T15:08:56.946+0000] {subprocess.py:106} INFO - 26/01/03 15:08:56 INFO TaskSetManager: Starting task 3.0 in stage 12.0 (TID 18) (172.30.0.7, executor 0, partition 3, ANY, 15285 bytes)
[2026-01-03T15:08:56.947+0000] {subprocess.py:106} INFO - 26/01/03 15:08:56 INFO TaskSetManager: Finished task 2.0 in stage 12.0 (TID 17) in 220 ms on 172.30.0.7 (executor 0) (3/4)
[2026-01-03T15:08:57.124+0000] {subprocess.py:106} INFO - 26/01/03 15:08:57 INFO TaskSetManager: Finished task 3.0 in stage 12.0 (TID 18) in 179 ms on 172.30.0.7 (executor 0) (4/4)
[2026-01-03T15:08:57.125+0000] {subprocess.py:106} INFO - 26/01/03 15:08:57 INFO TaskSchedulerImpl: Removed TaskSet 12.0, whose tasks have all completed, from pool
[2026-01-03T15:08:57.126+0000] {subprocess.py:106} INFO - 26/01/03 15:08:57 INFO DAGScheduler: ResultStage 12 ($anonfun$withThreadLocalCaptured$1 at <unknown>:0) finished in 1.042 s
[2026-01-03T15:08:57.126+0000] {subprocess.py:106} INFO - 26/01/03 15:08:57 INFO DAGScheduler: Job 9 is finished. Cancelling potential speculative or zombie tasks for this job
[2026-01-03T15:08:57.127+0000] {subprocess.py:106} INFO - 26/01/03 15:08:57 INFO TaskSchedulerImpl: Killing all running tasks in stage 12: Stage finished
[2026-01-03T15:08:57.127+0000] {subprocess.py:106} INFO - 26/01/03 15:08:57 INFO DAGScheduler: Job 9 finished: $anonfun$withThreadLocalCaptured$1 at <unknown>:0, took 1.049383 s
[2026-01-03T15:08:57.140+0000] {subprocess.py:106} INFO - 26/01/03 15:08:57 INFO BlockManagerInfo: Removed broadcast_21_piece0 on 65f44b4fd513:33099 in memory (size: 5.5 KiB, free: 434.3 MiB)
[2026-01-03T15:08:57.146+0000] {subprocess.py:106} INFO - 26/01/03 15:08:57 INFO BlockManagerInfo: Removed broadcast_21_piece0 on 172.30.0.7:46011 in memory (size: 5.5 KiB, free: 434.4 MiB)
[2026-01-03T15:08:57.159+0000] {subprocess.py:106} INFO - 26/01/03 15:08:57 INFO MemoryStore: Block broadcast_22_piece0 stored as bytes in memory (estimated size 388.1 KiB, free 433.9 MiB)
[2026-01-03T15:08:57.161+0000] {subprocess.py:106} INFO - 26/01/03 15:08:57 INFO BlockManagerInfo: Added broadcast_22_piece0 in memory on 65f44b4fd513:33099 (size: 388.1 KiB, free: 434.0 MiB)
[2026-01-03T15:08:57.162+0000] {subprocess.py:106} INFO - 26/01/03 15:08:57 INFO SparkContext: Created broadcast 22 from $anonfun$withThreadLocalCaptured$1 at <unknown>:0
[2026-01-03T15:08:57.170+0000] {subprocess.py:106} INFO - 26/01/03 15:08:57 INFO FileSourceStrategy: Pushed Filters:
[2026-01-03T15:08:57.171+0000] {subprocess.py:106} INFO - 26/01/03 15:08:57 INFO FileSourceStrategy: Post-Scan Filters:
[2026-01-03T15:08:57.242+0000] {subprocess.py:106} INFO - 26/01/03 15:08:57 INFO CodeGenerator: Code generated in 32.989605 ms
[2026-01-03T15:08:57.248+0000] {subprocess.py:106} INFO - 26/01/03 15:08:57 INFO MemoryStore: Block broadcast_23 stored as values in memory (estimated size 203.1 KiB, free 433.7 MiB)
[2026-01-03T15:08:57.275+0000] {subprocess.py:106} INFO - 26/01/03 15:08:57 INFO MemoryStore: Block broadcast_23_piece0 stored as bytes in memory (estimated size 35.1 KiB, free 433.7 MiB)
[2026-01-03T15:08:57.276+0000] {subprocess.py:106} INFO - 26/01/03 15:08:57 INFO BlockManagerInfo: Added broadcast_23_piece0 in memory on 65f44b4fd513:33099 (size: 35.1 KiB, free: 433.9 MiB)
[2026-01-03T15:08:57.281+0000] {subprocess.py:106} INFO - 26/01/03 15:08:57 INFO SparkContext: Created broadcast 23 from append at <unknown>:0
[2026-01-03T15:08:57.282+0000] {subprocess.py:106} INFO - 26/01/03 15:08:57 INFO FileSourceScanExec: Planning scan with bin packing, max size: 4194304 bytes, open cost is considered as scanning 4194304 bytes.
[2026-01-03T15:08:57.294+0000] {subprocess.py:106} INFO - 26/01/03 15:08:57 INFO MemoryStore: Block broadcast_24 stored as values in memory (estimated size 32.0 KiB, free 433.6 MiB)
[2026-01-03T15:08:57.297+0000] {subprocess.py:106} INFO - 26/01/03 15:08:57 INFO MemoryStore: Block broadcast_24_piece0 stored as bytes in memory (estimated size 29.7 KiB, free 433.6 MiB)
[2026-01-03T15:08:57.298+0000] {subprocess.py:106} INFO - 26/01/03 15:08:57 INFO BlockManagerInfo: Added broadcast_24_piece0 in memory on 65f44b4fd513:33099 (size: 29.7 KiB, free: 433.9 MiB)
[2026-01-03T15:08:57.303+0000] {subprocess.py:106} INFO - 26/01/03 15:08:57 INFO SparkContext: Created broadcast 24 from broadcast at SparkWrite.java:193
[2026-01-03T15:08:57.304+0000] {subprocess.py:106} INFO - 26/01/03 15:08:57 INFO AppendDataExec: Start processing data source write support: IcebergBatchWrite(table=hive_catalog.bronze.it_jobs_raw, format=PARQUET). The input RDD has 1 partitions.
[2026-01-03T15:08:57.326+0000] {subprocess.py:106} INFO - 26/01/03 15:08:57 INFO SparkContext: Starting job: append at <unknown>:0
[2026-01-03T15:08:57.329+0000] {subprocess.py:106} INFO - 26/01/03 15:08:57 INFO DAGScheduler: Got job 10 (append at <unknown>:0) with 1 output partitions
[2026-01-03T15:08:57.329+0000] {subprocess.py:106} INFO - 26/01/03 15:08:57 INFO DAGScheduler: Final stage: ResultStage 13 (append at <unknown>:0)
[2026-01-03T15:08:57.330+0000] {subprocess.py:106} INFO - 26/01/03 15:08:57 INFO DAGScheduler: Parents of final stage: List()
[2026-01-03T15:08:57.333+0000] {subprocess.py:106} INFO - 26/01/03 15:08:57 INFO DAGScheduler: Missing parents: List()
[2026-01-03T15:08:57.336+0000] {subprocess.py:106} INFO - 26/01/03 15:08:57 INFO DAGScheduler: Submitting ResultStage 13 (MapPartitionsRDD[39] at append at <unknown>:0), which has no missing parents
[2026-01-03T15:08:57.341+0000] {subprocess.py:106} INFO - 26/01/03 15:08:57 INFO MemoryStore: Block broadcast_25 stored as values in memory (estimated size 22.1 KiB, free 433.6 MiB)
[2026-01-03T15:08:57.342+0000] {subprocess.py:106} INFO - 26/01/03 15:08:57 INFO MemoryStore: Block broadcast_25_piece0 stored as bytes in memory (estimated size 9.8 KiB, free 433.6 MiB)
[2026-01-03T15:08:57.344+0000] {subprocess.py:106} INFO - 26/01/03 15:08:57 INFO BlockManagerInfo: Added broadcast_25_piece0 in memory on 65f44b4fd513:33099 (size: 9.8 KiB, free: 433.9 MiB)
[2026-01-03T15:08:57.345+0000] {subprocess.py:106} INFO - 26/01/03 15:08:57 INFO SparkContext: Created broadcast 25 from broadcast at DAGScheduler.scala:1585
[2026-01-03T15:08:57.346+0000] {subprocess.py:106} INFO - 26/01/03 15:08:57 INFO DAGScheduler: Submitting 1 missing tasks from ResultStage 13 (MapPartitionsRDD[39] at append at <unknown>:0) (first 15 tasks are for partitions Vector(0))
[2026-01-03T15:08:57.347+0000] {subprocess.py:106} INFO - 26/01/03 15:08:57 INFO TaskSchedulerImpl: Adding task set 13.0 with 1 tasks resource profile 0
[2026-01-03T15:08:57.349+0000] {subprocess.py:106} INFO - 26/01/03 15:08:57 INFO TaskSetManager: Starting task 0.0 in stage 13.0 (TID 19) (172.30.0.7, executor 0, partition 0, ANY, 9955 bytes)
[2026-01-03T15:08:57.368+0000] {subprocess.py:106} INFO - 26/01/03 15:08:57 INFO BlockManagerInfo: Added broadcast_25_piece0 in memory on 172.30.0.7:46011 (size: 9.8 KiB, free: 434.4 MiB)
[2026-01-03T15:08:57.438+0000] {subprocess.py:106} INFO - 26/01/03 15:08:57 INFO BlockManagerInfo: Added broadcast_22_piece0 in memory on 172.30.0.7:46011 (size: 388.1 KiB, free: 434.0 MiB)
[2026-01-03T15:08:57.494+0000] {subprocess.py:106} INFO - 26/01/03 15:08:57 INFO BlockManagerInfo: Added broadcast_24_piece0 in memory on 172.30.0.7:46011 (size: 29.7 KiB, free: 434.0 MiB)
[2026-01-03T15:08:57.656+0000] {subprocess.py:106} INFO - 26/01/03 15:08:57 INFO BlockManagerInfo: Added broadcast_23_piece0 in memory on 172.30.0.7:46011 (size: 35.1 KiB, free: 433.9 MiB)
[2026-01-03T15:08:57.955+0000] {subprocess.py:106} INFO - 26/01/03 15:08:57 INFO TaskSetManager: Finished task 0.0 in stage 13.0 (TID 19) in 606 ms on 172.30.0.7 (executor 0) (1/1)
[2026-01-03T15:08:57.959+0000] {subprocess.py:106} INFO - 26/01/03 15:08:57 INFO TaskSchedulerImpl: Removed TaskSet 13.0, whose tasks have all completed, from pool
[2026-01-03T15:08:57.960+0000] {subprocess.py:106} INFO - 26/01/03 15:08:57 INFO DAGScheduler: ResultStage 13 (append at <unknown>:0) finished in 0.619 s
[2026-01-03T15:08:57.961+0000] {subprocess.py:106} INFO - 26/01/03 15:08:57 INFO DAGScheduler: Job 10 is finished. Cancelling potential speculative or zombie tasks for this job
[2026-01-03T15:08:57.965+0000] {subprocess.py:106} INFO - 26/01/03 15:08:57 INFO TaskSchedulerImpl: Killing all running tasks in stage 13: Stage finished
[2026-01-03T15:08:57.966+0000] {subprocess.py:106} INFO - 26/01/03 15:08:57 INFO DAGScheduler: Job 10 finished: append at <unknown>:0, took 0.630625 s
[2026-01-03T15:08:57.967+0000] {subprocess.py:106} INFO - 26/01/03 15:08:57 INFO AppendDataExec: Data source write support IcebergBatchWrite(table=hive_catalog.bronze.it_jobs_raw, format=PARQUET) is committing.
[2026-01-03T15:08:57.986+0000] {subprocess.py:106} INFO - 26/01/03 15:08:57 INFO SparkWrite: Committing append with 1 new data files to table hive_catalog.bronze.it_jobs_raw
[2026-01-03T15:08:58.690+0000] {subprocess.py:106} INFO - 26/01/03 15:08:58 INFO HiveTableOperations: Committed to table hive_catalog.bronze.it_jobs_raw with the new metadata location hdfs://dinhhoa-master:9000/user/ndh/warehouse/bronze.db/it_jobs_raw/metadata/00015-94d40cc1-ba54-48a4-a211-eb5e6d5d4336.metadata.json
[2026-01-03T15:08:58.691+0000] {subprocess.py:106} INFO - 26/01/03 15:08:58 INFO BaseMetastoreTableOperations: Successfully committed to table hive_catalog.bronze.it_jobs_raw in 333 ms
[2026-01-03T15:08:58.692+0000] {subprocess.py:106} INFO - 26/01/03 15:08:58 INFO SnapshotProducer: Committed snapshot 7909229372040240228 (MergeAppend)
[2026-01-03T15:08:58.703+0000] {subprocess.py:106} INFO - 26/01/03 15:08:58 INFO BaseMetastoreTableOperations: Refreshing table metadata from new version: hdfs://dinhhoa-master:9000/user/ndh/warehouse/bronze.db/it_jobs_raw/metadata/00015-94d40cc1-ba54-48a4-a211-eb5e6d5d4336.metadata.json
[2026-01-03T15:08:58.767+0000] {subprocess.py:106} INFO - 26/01/03 15:08:58 INFO LoggingMetricsReporter: Received metrics report: CommitReport{tableName=hive_catalog.bronze.it_jobs_raw, snapshotId=7909229372040240228, sequenceNumber=16, operation=append, commitMetrics=CommitMetricsResult{totalDuration=TimerResult{timeUnit=NANOSECONDS, totalDuration=PT0.76138848S, count=1}, attempts=CounterResult{unit=COUNT, value=1}, addedDataFiles=CounterResult{unit=COUNT, value=1}, removedDataFiles=null, totalDataFiles=CounterResult{unit=COUNT, value=16}, addedDeleteFiles=null, addedEqualityDeleteFiles=null, addedPositionalDeleteFiles=null, removedDeleteFiles=null, removedEqualityDeleteFiles=null, removedPositionalDeleteFiles=null, totalDeleteFiles=CounterResult{unit=COUNT, value=0}, addedRecords=CounterResult{unit=COUNT, value=18}, removedRecords=null, totalRecords=CounterResult{unit=COUNT, value=6598}, addedFilesSizeInBytes=CounterResult{unit=BYTES, value=6900}, removedFilesSizeInBytes=null, totalFilesSizeInBytes=CounterResult{unit=BYTES, value=384544}, addedPositionalDeletes=null, removedPositionalDeletes=null, totalPositionalDeletes=CounterResult{unit=COUNT, value=0}, addedEqualityDeletes=null, removedEqualityDeletes=null, totalEqualityDeletes=CounterResult{unit=COUNT, value=0}}, metadata={engine-version=3.5.3, app-id=app-20260103150836-0003, engine-name=spark, iceberg-version=Apache Iceberg 1.6.1 (commit 8e9d59d299be42b0bca9461457cd1e95dbaad086)}}
[2026-01-03T15:08:58.768+0000] {subprocess.py:106} INFO - 26/01/03 15:08:58 INFO SparkWrite: Committed in 780 ms
[2026-01-03T15:08:58.768+0000] {subprocess.py:106} INFO - 26/01/03 15:08:58 INFO AppendDataExec: Data source write support IcebergBatchWrite(table=hive_catalog.bronze.it_jobs_raw, format=PARQUET) committed.
[2026-01-03T15:08:58.770+0000] {subprocess.py:106} INFO -  Loaded into: hive_catalog.bronze.it_jobs_raw
[2026-01-03T15:08:58.771+0000] {subprocess.py:106} INFO - 26/01/03 15:08:58 INFO SparkContext: SparkContext is stopping with exitCode 0.
[2026-01-03T15:08:58.784+0000] {subprocess.py:106} INFO - 26/01/03 15:08:58 INFO SparkUI: Stopped Spark web UI at http://65f44b4fd513:4040
[2026-01-03T15:08:58.791+0000] {subprocess.py:106} INFO - 26/01/03 15:08:58 INFO StandaloneSchedulerBackend: Shutting down all executors
[2026-01-03T15:08:58.792+0000] {subprocess.py:106} INFO - 26/01/03 15:08:58 INFO StandaloneSchedulerBackend$StandaloneDriverEndpoint: Asking each executor to shut down
[2026-01-03T15:08:58.817+0000] {subprocess.py:106} INFO - 26/01/03 15:08:58 INFO MapOutputTrackerMasterEndpoint: MapOutputTrackerMasterEndpoint stopped!
[2026-01-03T15:08:58.848+0000] {subprocess.py:106} INFO - 26/01/03 15:08:58 INFO MemoryStore: MemoryStore cleared
[2026-01-03T15:08:58.850+0000] {subprocess.py:106} INFO - 26/01/03 15:08:58 INFO BlockManager: BlockManager stopped
[2026-01-03T15:08:58.852+0000] {subprocess.py:106} INFO - 26/01/03 15:08:58 INFO BlockManagerMaster: BlockManagerMaster stopped
[2026-01-03T15:08:58.878+0000] {subprocess.py:106} INFO - 26/01/03 15:08:58 INFO OutputCommitCoordinator$OutputCommitCoordinatorEndpoint: OutputCommitCoordinator stopped!
[2026-01-03T15:08:58.908+0000] {subprocess.py:106} INFO - 26/01/03 15:08:58 INFO SparkContext: Successfully stopped SparkContext
[2026-01-03T15:08:59.194+0000] {subprocess.py:106} INFO - 26/01/03 15:08:59 INFO ShutdownHookManager: Shutdown hook called
[2026-01-03T15:08:59.195+0000] {subprocess.py:106} INFO - 26/01/03 15:08:59 INFO ShutdownHookManager: Deleting directory /tmp/spark-dc7fcbb1-6484-4dc8-b417-4bb9d8b312a8
[2026-01-03T15:08:59.200+0000] {subprocess.py:106} INFO - 26/01/03 15:08:59 INFO ShutdownHookManager: Deleting directory /tmp/spark-ae679f36-c82d-4015-bf6f-8d7ee8a038d3
[2026-01-03T15:08:59.205+0000] {subprocess.py:106} INFO - 26/01/03 15:08:59 INFO ShutdownHookManager: Deleting directory /tmp/spark-dc7fcbb1-6484-4dc8-b417-4bb9d8b312a8/pyspark-9f4f83f9-27a5-4b6b-9d81-f8989097cb91
[2026-01-03T15:08:59.326+0000] {subprocess.py:110} INFO - Command exited with return code 0
[2026-01-03T15:08:59.432+0000] {taskinstance.py:341} INFO - ::group::Post task execution logs
[2026-01-03T15:08:59.432+0000] {taskinstance.py:353} INFO - Marking task as SUCCESS. dag_id=crawl_etl_itjob, task_id=load_bronze, run_id=scheduled__2026-01-02T02:00:00+00:00, execution_date=20260102T020000, start_date=20260103T150831, end_date=20260103T150859
[2026-01-03T15:08:59.519+0000] {local_task_job_runner.py:266} INFO - Task exited with return code 0
[2026-01-03T15:08:59.568+0000] {taskinstance.py:3901} INFO - 1 downstream tasks scheduled from follow-on schedule check
[2026-01-03T15:08:59.570+0000] {local_task_job_runner.py:245} INFO - ::endgroup::
