[2025-11-25T12:14:52.280+0000] {local_task_job_runner.py:123} INFO - ::group::Pre task execution logs
[2025-11-25T12:14:52.333+0000] {taskinstance.py:2614} INFO - Dependencies all met for dep_context=non-requeueable deps ti=<TaskInstance: crawl_etl_itjob.clean_silver scheduled__2025-11-23T02:00:00+00:00 [queued]>
[2025-11-25T12:14:52.347+0000] {taskinstance.py:2614} INFO - Dependencies all met for dep_context=requeueable deps ti=<TaskInstance: crawl_etl_itjob.clean_silver scheduled__2025-11-23T02:00:00+00:00 [queued]>
[2025-11-25T12:14:52.348+0000] {taskinstance.py:2867} INFO - Starting attempt 1 of 2
[2025-11-25T12:14:52.367+0000] {taskinstance.py:2890} INFO - Executing <Task(BashOperator): clean_silver> on 2025-11-23 02:00:00+00:00
[2025-11-25T12:14:52.373+0000] {standard_task_runner.py:72} INFO - Started process 69 to run task
[2025-11-25T12:14:52.379+0000] {standard_task_runner.py:104} INFO - Running: ['***', 'tasks', 'run', 'crawl_etl_itjob', 'clean_silver', 'scheduled__2025-11-23T02:00:00+00:00', '--job-id', '213', '--raw', '--subdir', 'DAGS_FOLDER/Crawl_ETL_ITJob.py', '--cfg-path', '/tmp/tmp2cjionha']
[2025-11-25T12:14:52.381+0000] {standard_task_runner.py:105} INFO - Job 213: Subtask clean_silver
[2025-11-25T12:14:52.415+0000] {warnings.py:109} WARNING - /home/***/.local/lib/python3.8/site-packages/***/settings.py:209: DeprecationWarning: The sql_alchemy_conn option in [core] has been moved to the sql_alchemy_conn option in [database] - the old setting has been used, but please update your config.
  SQL_ALCHEMY_CONN = conf.get("database", "SQL_ALCHEMY_CONN")

[2025-11-25T12:14:52.519+0000] {task_command.py:467} INFO - Running <TaskInstance: crawl_etl_itjob.clean_silver scheduled__2025-11-23T02:00:00+00:00 [running]> on host a1de7f96d4f1
[2025-11-25T12:14:52.520+0000] {warnings.py:109} WARNING - /home/***/.local/lib/python3.8/site-packages/***/settings.py:470: DeprecationWarning: The sql_alchemy_conn option in [core] has been moved to the sql_alchemy_conn option in [database] - the old setting has been used, but please update your config.
  if conf.get("database", "sql_alchemy_conn") == "none://":

[2025-11-25T12:14:52.728+0000] {taskinstance.py:3134} INFO - Exporting env vars: AIRFLOW_CTX_DAG_EMAIL='alert@datateam.local' AIRFLOW_CTX_DAG_OWNER='***' AIRFLOW_CTX_DAG_ID='crawl_etl_itjob' AIRFLOW_CTX_TASK_ID='clean_silver' AIRFLOW_CTX_EXECUTION_DATE='2025-11-23T02:00:00+00:00' AIRFLOW_CTX_TRY_NUMBER='1' AIRFLOW_CTX_DAG_RUN_ID='scheduled__2025-11-23T02:00:00+00:00'
[2025-11-25T12:14:52.730+0000] {taskinstance.py:732} INFO - ::endgroup::
[2025-11-25T12:14:52.746+0000] {subprocess.py:78} INFO - Tmp dir root location: /tmp
[2025-11-25T12:14:52.748+0000] {subprocess.py:88} INFO - Running command: ['/bin/bash', '-c', "\n        docker exec spark-submit bash -c '\n        /opt/spark/bin/spark-submit         --master spark://spark-master:7077         --deploy-mode client         --packages org.apache.iceberg:iceberg-spark-runtime-3.5_2.12:1.5.0         /opt/spark/scripts/Clean_Silver.py\n        '\n        "]
[2025-11-25T12:14:52.760+0000] {subprocess.py:99} INFO - Output:
[2025-11-25T12:14:55.321+0000] {subprocess.py:106} INFO - :: loading settings :: url = jar:file:/opt/spark/jars/ivy-2.5.1.jar!/org/apache/ivy/core/settings/ivysettings.xml
[2025-11-25T12:14:55.510+0000] {subprocess.py:106} INFO - Ivy Default Cache set to: /home/spark/.ivy2/cache
[2025-11-25T12:14:55.513+0000] {subprocess.py:106} INFO - The jars for the packages stored in: /home/spark/.ivy2/jars
[2025-11-25T12:14:55.529+0000] {subprocess.py:106} INFO - org.apache.iceberg#iceberg-spark-runtime-3.5_2.12 added as a dependency
[2025-11-25T12:14:55.536+0000] {subprocess.py:106} INFO - :: resolving dependencies :: org.apache.spark#spark-submit-parent-7ec0a8ef-c91c-4928-b14f-029dfe553984;1.0
[2025-11-25T12:14:55.536+0000] {subprocess.py:106} INFO - 	confs: [default]
[2025-11-25T12:14:55.814+0000] {subprocess.py:106} INFO - 	found org.apache.iceberg#iceberg-spark-runtime-3.5_2.12;1.5.0 in central
[2025-11-25T12:14:55.840+0000] {subprocess.py:106} INFO - :: resolution report :: resolve 303ms :: artifacts dl 6ms
[2025-11-25T12:14:55.841+0000] {subprocess.py:106} INFO - 	:: modules in use:
[2025-11-25T12:14:55.842+0000] {subprocess.py:106} INFO - 	org.apache.iceberg#iceberg-spark-runtime-3.5_2.12;1.5.0 from central in [default]
[2025-11-25T12:14:55.843+0000] {subprocess.py:106} INFO - 	---------------------------------------------------------------------
[2025-11-25T12:14:55.844+0000] {subprocess.py:106} INFO - 	|                  |            modules            ||   artifacts   |
[2025-11-25T12:14:55.845+0000] {subprocess.py:106} INFO - 	|       conf       | number| search|dwnlded|evicted|| number|dwnlded|
[2025-11-25T12:14:55.845+0000] {subprocess.py:106} INFO - 	---------------------------------------------------------------------
[2025-11-25T12:14:55.846+0000] {subprocess.py:106} INFO - 	|      default     |   1   |   0   |   0   |   0   ||   1   |   0   |
[2025-11-25T12:14:55.847+0000] {subprocess.py:106} INFO - 	---------------------------------------------------------------------
[2025-11-25T12:14:55.848+0000] {subprocess.py:106} INFO - :: retrieving :: org.apache.spark#spark-submit-parent-7ec0a8ef-c91c-4928-b14f-029dfe553984
[2025-11-25T12:14:55.849+0000] {subprocess.py:106} INFO - 	confs: [default]
[2025-11-25T12:14:55.857+0000] {subprocess.py:106} INFO - 	0 artifacts copied, 1 already retrieved (0kB/10ms)
[2025-11-25T12:14:56.330+0000] {subprocess.py:106} INFO - 25/11/25 12:14:56 WARN NativeCodeLoader: Unable to load native-hadoop library for your platform... using builtin-java classes where applicable
[2025-11-25T12:14:57.990+0000] {subprocess.py:106} INFO - 25/11/25 12:14:57 INFO SparkContext: Running Spark version 3.5.3
[2025-11-25T12:14:57.991+0000] {subprocess.py:106} INFO - 25/11/25 12:14:57 INFO SparkContext: OS info Linux, 6.6.87.2-microsoft-standard-WSL2, amd64
[2025-11-25T12:14:57.993+0000] {subprocess.py:106} INFO - 25/11/25 12:14:57 INFO SparkContext: Java version 11.0.24
[2025-11-25T12:14:58.031+0000] {subprocess.py:106} INFO - 25/11/25 12:14:58 INFO ResourceUtils: ==============================================================
[2025-11-25T12:14:58.033+0000] {subprocess.py:106} INFO - 25/11/25 12:14:58 INFO ResourceUtils: No custom resources configured for spark.driver.
[2025-11-25T12:14:58.034+0000] {subprocess.py:106} INFO - 25/11/25 12:14:58 INFO ResourceUtils: ==============================================================
[2025-11-25T12:14:58.036+0000] {subprocess.py:106} INFO - 25/11/25 12:14:58 INFO SparkContext: Submitted application: Clean_Silver_Hive_Iceberg
[2025-11-25T12:14:58.079+0000] {subprocess.py:106} INFO - 25/11/25 12:14:58 INFO ResourceProfile: Default ResourceProfile created, executor resources: Map(memory -> name: memory, amount: 1024, script: , vendor: , offHeap -> name: offHeap, amount: 0, script: , vendor: ), task resources: Map(cpus -> name: cpus, amount: 1.0)
[2025-11-25T12:14:58.098+0000] {subprocess.py:106} INFO - 25/11/25 12:14:58 INFO ResourceProfile: Limiting resource is cpu
[2025-11-25T12:14:58.099+0000] {subprocess.py:106} INFO - 25/11/25 12:14:58 INFO ResourceProfileManager: Added ResourceProfile id: 0
[2025-11-25T12:14:58.189+0000] {subprocess.py:106} INFO - 25/11/25 12:14:58 INFO SecurityManager: Changing view acls to: spark
[2025-11-25T12:14:58.190+0000] {subprocess.py:106} INFO - 25/11/25 12:14:58 INFO SecurityManager: Changing modify acls to: spark
[2025-11-25T12:14:58.191+0000] {subprocess.py:106} INFO - 25/11/25 12:14:58 INFO SecurityManager: Changing view acls groups to:
[2025-11-25T12:14:58.192+0000] {subprocess.py:106} INFO - 25/11/25 12:14:58 INFO SecurityManager: Changing modify acls groups to:
[2025-11-25T12:14:58.193+0000] {subprocess.py:106} INFO - 25/11/25 12:14:58 INFO SecurityManager: SecurityManager: authentication disabled; ui acls disabled; users with view permissions: spark; groups with view permissions: EMPTY; users with modify permissions: spark; groups with modify permissions: EMPTY
[2025-11-25T12:14:58.635+0000] {subprocess.py:106} INFO - 25/11/25 12:14:58 INFO Utils: Successfully started service 'sparkDriver' on port 34555.
[2025-11-25T12:14:58.683+0000] {subprocess.py:106} INFO - 25/11/25 12:14:58 INFO SparkEnv: Registering MapOutputTracker
[2025-11-25T12:14:58.748+0000] {subprocess.py:106} INFO - 25/11/25 12:14:58 INFO SparkEnv: Registering BlockManagerMaster
[2025-11-25T12:14:58.788+0000] {subprocess.py:106} INFO - 25/11/25 12:14:58 INFO BlockManagerMasterEndpoint: Using org.apache.spark.storage.DefaultTopologyMapper for getting topology information
[2025-11-25T12:14:58.790+0000] {subprocess.py:106} INFO - 25/11/25 12:14:58 INFO BlockManagerMasterEndpoint: BlockManagerMasterEndpoint up
[2025-11-25T12:14:58.801+0000] {subprocess.py:106} INFO - 25/11/25 12:14:58 INFO SparkEnv: Registering BlockManagerMasterHeartbeat
[2025-11-25T12:14:58.885+0000] {subprocess.py:106} INFO - 25/11/25 12:14:58 INFO DiskBlockManager: Created local directory at /tmp/blockmgr-91fba9d4-9f3e-491e-a4dc-f128f2eed2ab
[2025-11-25T12:14:58.928+0000] {subprocess.py:106} INFO - 25/11/25 12:14:58 INFO MemoryStore: MemoryStore started with capacity 434.4 MiB
[2025-11-25T12:14:58.967+0000] {subprocess.py:106} INFO - 25/11/25 12:14:58 INFO SparkEnv: Registering OutputCommitCoordinator
[2025-11-25T12:14:59.217+0000] {subprocess.py:106} INFO - 25/11/25 12:14:59 INFO JettyUtils: Start Jetty 0.0.0.0:4040 for SparkUI
[2025-11-25T12:14:59.331+0000] {subprocess.py:106} INFO - 25/11/25 12:14:59 INFO Utils: Successfully started service 'SparkUI' on port 4040.
[2025-11-25T12:14:59.407+0000] {subprocess.py:106} INFO - 25/11/25 12:14:59 INFO SparkContext: Added JAR file:///home/spark/.ivy2/jars/org.apache.iceberg_iceberg-spark-runtime-3.5_2.12-1.5.0.jar at spark://68d0d8c522fe:34555/jars/org.apache.iceberg_iceberg-spark-runtime-3.5_2.12-1.5.0.jar with timestamp 1764072897972
[2025-11-25T12:14:59.414+0000] {subprocess.py:106} INFO - 25/11/25 12:14:59 INFO SparkContext: Added file file:///home/spark/.ivy2/jars/org.apache.iceberg_iceberg-spark-runtime-3.5_2.12-1.5.0.jar at spark://68d0d8c522fe:34555/files/org.apache.iceberg_iceberg-spark-runtime-3.5_2.12-1.5.0.jar with timestamp 1764072897972
[2025-11-25T12:14:59.417+0000] {subprocess.py:106} INFO - 25/11/25 12:14:59 INFO Utils: Copying /home/spark/.ivy2/jars/org.apache.iceberg_iceberg-spark-runtime-3.5_2.12-1.5.0.jar to /tmp/spark-299e82e6-1466-42ea-bfc3-daa1b151f3ff/userFiles-e12aa575-5b0c-40c1-bea6-df580141ed28/org.apache.iceberg_iceberg-spark-runtime-3.5_2.12-1.5.0.jar
[2025-11-25T12:14:59.610+0000] {subprocess.py:106} INFO - 25/11/25 12:14:59 INFO StandaloneAppClient$ClientEndpoint: Connecting to master spark://spark-master:7077...
[2025-11-25T12:14:59.715+0000] {subprocess.py:106} INFO - 25/11/25 12:14:59 INFO TransportClientFactory: Successfully created connection to spark-master/172.30.0.6:7077 after 68 ms (0 ms spent in bootstraps)
[2025-11-25T12:14:59.938+0000] {subprocess.py:106} INFO - 25/11/25 12:14:59 INFO StandaloneSchedulerBackend: Connected to Spark cluster with app ID app-20251125121459-0001
[2025-11-25T12:14:59.942+0000] {subprocess.py:106} INFO - 25/11/25 12:14:59 INFO StandaloneAppClient$ClientEndpoint: Executor added: app-20251125121459-0001/0 on worker-20251125115752-172.30.0.7-32983 (172.30.0.7:32983) with 1 core(s)
[2025-11-25T12:14:59.949+0000] {subprocess.py:106} INFO - 25/11/25 12:14:59 INFO StandaloneSchedulerBackend: Granted executor ID app-20251125121459-0001/0 on hostPort 172.30.0.7:32983 with 1 core(s), 1024.0 MiB RAM
[2025-11-25T12:14:59.971+0000] {subprocess.py:106} INFO - 25/11/25 12:14:59 INFO Utils: Successfully started service 'org.apache.spark.network.netty.NettyBlockTransferService' on port 43173.
[2025-11-25T12:14:59.973+0000] {subprocess.py:106} INFO - 25/11/25 12:14:59 INFO NettyBlockTransferService: Server created on 68d0d8c522fe:43173
[2025-11-25T12:14:59.977+0000] {subprocess.py:106} INFO - 25/11/25 12:14:59 INFO BlockManager: Using org.apache.spark.storage.RandomBlockReplicationPolicy for block replication policy
[2025-11-25T12:15:00.013+0000] {subprocess.py:106} INFO - 25/11/25 12:15:00 INFO BlockManagerMaster: Registering BlockManager BlockManagerId(driver, 68d0d8c522fe, 43173, None)
[2025-11-25T12:15:00.023+0000] {subprocess.py:106} INFO - 25/11/25 12:15:00 INFO BlockManagerMasterEndpoint: Registering block manager 68d0d8c522fe:43173 with 434.4 MiB RAM, BlockManagerId(driver, 68d0d8c522fe, 43173, None)
[2025-11-25T12:15:00.027+0000] {subprocess.py:106} INFO - 25/11/25 12:15:00 INFO BlockManagerMaster: Registered BlockManager BlockManagerId(driver, 68d0d8c522fe, 43173, None)
[2025-11-25T12:15:00.036+0000] {subprocess.py:106} INFO - 25/11/25 12:15:00 INFO BlockManager: Initialized BlockManager: BlockManagerId(driver, 68d0d8c522fe, 43173, None)
[2025-11-25T12:15:00.082+0000] {subprocess.py:106} INFO - 25/11/25 12:15:00 INFO StandaloneAppClient$ClientEndpoint: Executor updated: app-20251125121459-0001/0 is now RUNNING
[2025-11-25T12:15:00.812+0000] {subprocess.py:106} INFO - 25/11/25 12:15:00 INFO StandaloneSchedulerBackend: SchedulerBackend is ready for scheduling beginning after reached minRegisteredResourcesRatio: 0.0
[2025-11-25T12:15:01.681+0000] {subprocess.py:106} INFO - 25/11/25 12:15:01 INFO SharedState: Setting hive.metastore.warehouse.dir ('null') to the value of spark.sql.warehouse.dir.
[2025-11-25T12:15:01.690+0000] {subprocess.py:106} INFO - 25/11/25 12:15:01 INFO SharedState: Warehouse path is 'file:/opt/spark/work-dir/spark-warehouse'.
[2025-11-25T12:15:05.581+0000] {subprocess.py:106} INFO - 25/11/25 12:15:05 INFO HiveConf: Found configuration file null
[2025-11-25T12:15:06.113+0000] {subprocess.py:106} INFO - 25/11/25 12:15:06 INFO metastore: Trying to connect to metastore with URI thrift://hive-metastore:9083
[2025-11-25T12:15:06.155+0000] {subprocess.py:106} INFO - 25/11/25 12:15:06 INFO metastore: Opened a connection to metastore, current connections: 1
[2025-11-25T12:15:06.209+0000] {subprocess.py:106} INFO - 25/11/25 12:15:06 INFO metastore: Connected to metastore.
[2025-11-25T12:15:06.665+0000] {subprocess.py:106} INFO - 25/11/25 12:15:06 INFO StandaloneSchedulerBackend$StandaloneDriverEndpoint: Registered executor NettyRpcEndpointRef(spark-client://Executor) (172.30.0.7:46758) with ID 0,  ResourceProfileId 0
[2025-11-25T12:15:06.681+0000] {subprocess.py:106} INFO - 25/11/25 12:15:06 INFO BaseMetastoreTableOperations: Refreshing table metadata from new version: hdfs://dinhhoa-master:9000/user/ndh/warehouse/bronze.db/it_jobs_raw/metadata/00026-fe33938e-a963-4bb2-998f-55eb7170e5c9.metadata.json
[2025-11-25T12:15:06.813+0000] {subprocess.py:106} INFO - 25/11/25 12:15:06 INFO BlockManagerMasterEndpoint: Registering block manager 172.30.0.7:44329 with 434.4 MiB RAM, BlockManagerId(0, 172.30.0.7, 44329, None)
[2025-11-25T12:15:08.150+0000] {subprocess.py:106} INFO - 25/11/25 12:15:08 INFO BaseMetastoreCatalog: Table loaded by catalog: hive_catalog.bronze.it_jobs_raw
[2025-11-25T12:15:09.320+0000] {subprocess.py:106} INFO - 25/11/25 12:15:09 INFO SnapshotScan: Scanning table hive_catalog.bronze.it_jobs_raw snapshot 804080356627015663 created at 2025-11-25T12:14:46.915+00:00 with filter true
[2025-11-25T12:15:09.580+0000] {subprocess.py:106} INFO - 25/11/25 12:15:09 INFO BaseDistributedDataScan: Planning file tasks locally for table hive_catalog.bronze.it_jobs_raw
[2025-11-25T12:15:09.937+0000] {subprocess.py:106} INFO - 25/11/25 12:15:09 INFO V2ScanRelationPushDown:
[2025-11-25T12:15:09.938+0000] {subprocess.py:106} INFO - Pushing operators to hive_catalog.bronze.it_jobs_raw
[2025-11-25T12:15:09.938+0000] {subprocess.py:106} INFO - Pushed Aggregate Functions:
[2025-11-25T12:15:09.939+0000] {subprocess.py:106} INFO -  COUNT(*)
[2025-11-25T12:15:09.939+0000] {subprocess.py:106} INFO - Pushed Group by:
[2025-11-25T12:15:09.940+0000] {subprocess.py:106} INFO - 
[2025-11-25T12:15:09.941+0000] {subprocess.py:106} INFO - 
[2025-11-25T12:15:11.173+0000] {subprocess.py:106} INFO - 25/11/25 12:15:11 INFO CodeGenerator: Code generated in 289.630537 ms
[2025-11-25T12:15:11.199+0000] {subprocess.py:106} INFO - 25/11/25 12:15:11 INFO CodeGenerator: Code generated in 14.315824 ms
[2025-11-25T12:15:11.335+0000] {subprocess.py:106} INFO - 25/11/25 12:15:11 INFO DAGScheduler: Registering RDD 2 (count at <unknown>:0) as input to shuffle 0
[2025-11-25T12:15:11.344+0000] {subprocess.py:106} INFO - 25/11/25 12:15:11 INFO DAGScheduler: Got map stage job 0 (count at <unknown>:0) with 1 output partitions
[2025-11-25T12:15:11.345+0000] {subprocess.py:106} INFO - 25/11/25 12:15:11 INFO DAGScheduler: Final stage: ShuffleMapStage 0 (count at <unknown>:0)
[2025-11-25T12:15:11.346+0000] {subprocess.py:106} INFO - 25/11/25 12:15:11 INFO DAGScheduler: Parents of final stage: List()
[2025-11-25T12:15:11.353+0000] {subprocess.py:106} INFO - 25/11/25 12:15:11 INFO DAGScheduler: Missing parents: List()
[2025-11-25T12:15:11.363+0000] {subprocess.py:106} INFO - 25/11/25 12:15:11 INFO DAGScheduler: Submitting ShuffleMapStage 0 (MapPartitionsRDD[2] at count at <unknown>:0), which has no missing parents
[2025-11-25T12:15:11.583+0000] {subprocess.py:106} INFO - 25/11/25 12:15:11 INFO MemoryStore: Block broadcast_0 stored as values in memory (estimated size 12.6 KiB, free 434.4 MiB)
[2025-11-25T12:15:11.645+0000] {subprocess.py:106} INFO - 25/11/25 12:15:11 INFO MemoryStore: Block broadcast_0_piece0 stored as bytes in memory (estimated size 6.2 KiB, free 434.4 MiB)
[2025-11-25T12:15:11.665+0000] {subprocess.py:106} INFO - 25/11/25 12:15:11 INFO BlockManagerInfo: Added broadcast_0_piece0 in memory on 68d0d8c522fe:43173 (size: 6.2 KiB, free: 434.4 MiB)
[2025-11-25T12:15:11.678+0000] {subprocess.py:106} INFO - 25/11/25 12:15:11 INFO SparkContext: Created broadcast 0 from broadcast at DAGScheduler.scala:1585
[2025-11-25T12:15:11.716+0000] {subprocess.py:106} INFO - 25/11/25 12:15:11 INFO DAGScheduler: Submitting 1 missing tasks from ShuffleMapStage 0 (MapPartitionsRDD[2] at count at <unknown>:0) (first 15 tasks are for partitions Vector(0))
[2025-11-25T12:15:11.719+0000] {subprocess.py:106} INFO - 25/11/25 12:15:11 INFO TaskSchedulerImpl: Adding task set 0.0 with 1 tasks resource profile 0
[2025-11-25T12:15:11.813+0000] {subprocess.py:106} INFO - 25/11/25 12:15:11 INFO TaskSetManager: Starting task 0.0 in stage 0.0 (TID 0) (172.30.0.7, executor 0, partition 0, PROCESS_LOCAL, 9492 bytes)
[2025-11-25T12:15:12.171+0000] {subprocess.py:106} INFO - 25/11/25 12:15:12 INFO BlockManagerInfo: Added broadcast_0_piece0 in memory on 172.30.0.7:44329 (size: 6.2 KiB, free: 434.4 MiB)
[2025-11-25T12:15:14.146+0000] {subprocess.py:106} INFO - 25/11/25 12:15:14 INFO TaskSetManager: Finished task 0.0 in stage 0.0 (TID 0) in 2378 ms on 172.30.0.7 (executor 0) (1/1)
[2025-11-25T12:15:14.149+0000] {subprocess.py:106} INFO - 25/11/25 12:15:14 INFO TaskSchedulerImpl: Removed TaskSet 0.0, whose tasks have all completed, from pool
[2025-11-25T12:15:14.160+0000] {subprocess.py:106} INFO - 25/11/25 12:15:14 INFO DAGScheduler: ShuffleMapStage 0 (count at <unknown>:0) finished in 2.777 s
[2025-11-25T12:15:14.162+0000] {subprocess.py:106} INFO - 25/11/25 12:15:14 INFO DAGScheduler: looking for newly runnable stages
[2025-11-25T12:15:14.163+0000] {subprocess.py:106} INFO - 25/11/25 12:15:14 INFO DAGScheduler: running: Set()
[2025-11-25T12:15:14.165+0000] {subprocess.py:106} INFO - 25/11/25 12:15:14 INFO DAGScheduler: waiting: Set()
[2025-11-25T12:15:14.166+0000] {subprocess.py:106} INFO - 25/11/25 12:15:14 INFO DAGScheduler: failed: Set()
[2025-11-25T12:15:14.228+0000] {subprocess.py:106} INFO - 25/11/25 12:15:14 INFO CodeGenerator: Code generated in 16.774897 ms
[2025-11-25T12:15:14.290+0000] {subprocess.py:106} INFO - 25/11/25 12:15:14 INFO SparkContext: Starting job: count at <unknown>:0
[2025-11-25T12:15:14.296+0000] {subprocess.py:106} INFO - 25/11/25 12:15:14 INFO DAGScheduler: Got job 1 (count at <unknown>:0) with 1 output partitions
[2025-11-25T12:15:14.297+0000] {subprocess.py:106} INFO - 25/11/25 12:15:14 INFO DAGScheduler: Final stage: ResultStage 2 (count at <unknown>:0)
[2025-11-25T12:15:14.298+0000] {subprocess.py:106} INFO - 25/11/25 12:15:14 INFO DAGScheduler: Parents of final stage: List(ShuffleMapStage 1)
[2025-11-25T12:15:14.299+0000] {subprocess.py:106} INFO - 25/11/25 12:15:14 INFO DAGScheduler: Missing parents: List()
[2025-11-25T12:15:14.302+0000] {subprocess.py:106} INFO - 25/11/25 12:15:14 INFO DAGScheduler: Submitting ResultStage 2 (MapPartitionsRDD[5] at count at <unknown>:0), which has no missing parents
[2025-11-25T12:15:14.315+0000] {subprocess.py:106} INFO - 25/11/25 12:15:14 INFO MemoryStore: Block broadcast_1 stored as values in memory (estimated size 13.7 KiB, free 434.4 MiB)
[2025-11-25T12:15:14.320+0000] {subprocess.py:106} INFO - 25/11/25 12:15:14 INFO MemoryStore: Block broadcast_1_piece0 stored as bytes in memory (estimated size 6.3 KiB, free 434.4 MiB)
[2025-11-25T12:15:14.321+0000] {subprocess.py:106} INFO - 25/11/25 12:15:14 INFO BlockManagerInfo: Added broadcast_1_piece0 in memory on 68d0d8c522fe:43173 (size: 6.3 KiB, free: 434.4 MiB)
[2025-11-25T12:15:14.321+0000] {subprocess.py:106} INFO - 25/11/25 12:15:14 INFO SparkContext: Created broadcast 1 from broadcast at DAGScheduler.scala:1585
[2025-11-25T12:15:14.325+0000] {subprocess.py:106} INFO - 25/11/25 12:15:14 INFO DAGScheduler: Submitting 1 missing tasks from ResultStage 2 (MapPartitionsRDD[5] at count at <unknown>:0) (first 15 tasks are for partitions Vector(0))
[2025-11-25T12:15:14.326+0000] {subprocess.py:106} INFO - 25/11/25 12:15:14 INFO TaskSchedulerImpl: Adding task set 2.0 with 1 tasks resource profile 0
[2025-11-25T12:15:14.334+0000] {subprocess.py:106} INFO - 25/11/25 12:15:14 INFO TaskSetManager: Starting task 0.0 in stage 2.0 (TID 1) (172.30.0.7, executor 0, partition 0, NODE_LOCAL, 9331 bytes)
[2025-11-25T12:15:14.370+0000] {subprocess.py:106} INFO - 25/11/25 12:15:14 INFO BlockManagerInfo: Added broadcast_1_piece0 in memory on 172.30.0.7:44329 (size: 6.3 KiB, free: 434.4 MiB)
[2025-11-25T12:15:14.477+0000] {subprocess.py:106} INFO - 25/11/25 12:15:14 INFO MapOutputTrackerMasterEndpoint: Asked to send map output locations for shuffle 0 to 172.30.0.7:46758
[2025-11-25T12:15:14.661+0000] {subprocess.py:106} INFO - 25/11/25 12:15:14 INFO TaskSetManager: Finished task 0.0 in stage 2.0 (TID 1) in 330 ms on 172.30.0.7 (executor 0) (1/1)
[2025-11-25T12:15:14.663+0000] {subprocess.py:106} INFO - 25/11/25 12:15:14 INFO TaskSchedulerImpl: Removed TaskSet 2.0, whose tasks have all completed, from pool
[2025-11-25T12:15:14.664+0000] {subprocess.py:106} INFO - 25/11/25 12:15:14 INFO DAGScheduler: ResultStage 2 (count at <unknown>:0) finished in 0.351 s
[2025-11-25T12:15:14.667+0000] {subprocess.py:106} INFO - 25/11/25 12:15:14 INFO DAGScheduler: Job 1 is finished. Cancelling potential speculative or zombie tasks for this job
[2025-11-25T12:15:14.670+0000] {subprocess.py:106} INFO - 25/11/25 12:15:14 INFO TaskSchedulerImpl: Killing all running tasks in stage 2: Stage finished
[2025-11-25T12:15:14.671+0000] {subprocess.py:106} INFO - 25/11/25 12:15:14 INFO DAGScheduler: Job 1 finished: count at <unknown>:0, took 0.379899 s
[2025-11-25T12:15:14.689+0000] {subprocess.py:106} INFO - 📦 Bronze record count: 4693
[2025-11-25T12:15:14.695+0000] {subprocess.py:106} INFO - root
[2025-11-25T12:15:14.696+0000] {subprocess.py:106} INFO -  |-- job_title: string (nullable = true)
[2025-11-25T12:15:14.697+0000] {subprocess.py:106} INFO -  |-- company_name: string (nullable = true)
[2025-11-25T12:15:14.698+0000] {subprocess.py:106} INFO -  |-- location: string (nullable = true)
[2025-11-25T12:15:14.698+0000] {subprocess.py:106} INFO -  |-- skills_required: string (nullable = true)
[2025-11-25T12:15:14.699+0000] {subprocess.py:106} INFO -  |-- date_posted: string (nullable = true)
[2025-11-25T12:15:14.700+0000] {subprocess.py:106} INFO -  |-- job_link: string (nullable = true)
[2025-11-25T12:15:14.701+0000] {subprocess.py:106} INFO -  |-- job_category: string (nullable = true)
[2025-11-25T12:15:14.702+0000] {subprocess.py:106} INFO -  |-- work_mode: string (nullable = true)
[2025-11-25T12:15:14.702+0000] {subprocess.py:106} INFO -  |-- crawl_date: string (nullable = true)
[2025-11-25T12:15:14.703+0000] {subprocess.py:106} INFO -  |-- date_only: string (nullable = true)
[2025-11-25T12:15:14.703+0000] {subprocess.py:106} INFO -  |-- ingest_time: timestamp (nullable = true)
[2025-11-25T12:15:14.704+0000] {subprocess.py:106} INFO -  |-- source: string (nullable = true)
[2025-11-25T12:15:14.705+0000] {subprocess.py:106} INFO - 
[2025-11-25T12:15:15.078+0000] {subprocess.py:106} INFO - 25/11/25 12:15:15 INFO BlockManagerInfo: Removed broadcast_0_piece0 on 68d0d8c522fe:43173 in memory (size: 6.2 KiB, free: 434.4 MiB)
[2025-11-25T12:15:15.111+0000] {subprocess.py:106} INFO - 25/11/25 12:15:15 INFO BlockManagerInfo: Removed broadcast_0_piece0 on 172.30.0.7:44329 in memory (size: 6.2 KiB, free: 434.4 MiB)
[2025-11-25T12:15:15.141+0000] {subprocess.py:106} INFO - 25/11/25 12:15:15 INFO BlockManagerInfo: Removed broadcast_1_piece0 on 68d0d8c522fe:43173 in memory (size: 6.3 KiB, free: 434.4 MiB)
[2025-11-25T12:15:15.144+0000] {subprocess.py:106} INFO - 25/11/25 12:15:15 INFO BlockManagerInfo: Removed broadcast_1_piece0 on 172.30.0.7:44329 in memory (size: 6.3 KiB, free: 434.4 MiB)
[2025-11-25T12:15:16.277+0000] {subprocess.py:106} INFO - 25/11/25 12:15:16 INFO BaseMetastoreTableOperations: Refreshing table metadata from new version: hdfs://dinhhoa-master:9000/user/ndh/warehouse/silver.db/it_jobs_clean/metadata/00027-a4918ab4-e719-4bd5-bcee-7bfee3c4aff0.metadata.json
[2025-11-25T12:15:16.355+0000] {subprocess.py:106} INFO - 25/11/25 12:15:16 INFO BaseMetastoreCatalog: Table loaded by catalog: hive_catalog.silver.it_jobs_clean
[2025-11-25T12:15:16.368+0000] {subprocess.py:106} INFO - 25/11/25 12:15:16 INFO BaseMetastoreCatalog: Table properties set at catalog level through catalog properties: {}
[2025-11-25T12:15:16.371+0000] {subprocess.py:106} INFO - 25/11/25 12:15:16 INFO BaseMetastoreCatalog: Table properties enforced at catalog level through catalog properties: {}
[2025-11-25T12:15:16.416+0000] {subprocess.py:106} INFO - 25/11/25 12:15:16 INFO BaseMetastoreTableOperations: Refreshing table metadata from new version: hdfs://dinhhoa-master:9000/user/ndh/warehouse/silver.db/it_jobs_clean/metadata/00027-a4918ab4-e719-4bd5-bcee-7bfee3c4aff0.metadata.json
[2025-11-25T12:15:16.941+0000] {subprocess.py:106} INFO - 25/11/25 12:15:16 INFO V2ScanRelationPushDown:
[2025-11-25T12:15:16.942+0000] {subprocess.py:106} INFO - Pushing operators to hive_catalog.bronze.it_jobs_raw
[2025-11-25T12:15:16.943+0000] {subprocess.py:106} INFO - Pushed Filters: date_posted IS NOT NULL, job_link IS NOT NULL, NOT (job_link = '')
[2025-11-25T12:15:16.944+0000] {subprocess.py:106} INFO - Post-Scan Filters: isnotnull(date_posted#4),isnotnull(upper(trim(company_name#1, None))),NOT (upper(trim(company_name#1, None)) = ),isnotnull(job_link#5),NOT (job_link#5 = ),isnotnull(initcap(trim(job_title#0, None))),NOT (initcap(trim(job_title#0, None)) = ),isnotnull(cast(date_posted#4 as date)),(size(split(trim(location#2, None),  - , -1), true) > 0),isnotnull(split(trim(location#2, None),  - , -1))
[2025-11-25T12:15:16.944+0000] {subprocess.py:106} INFO - 
[2025-11-25T12:15:16.988+0000] {subprocess.py:106} INFO - 25/11/25 12:15:16 INFO V2ScanRelationPushDown:
[2025-11-25T12:15:16.989+0000] {subprocess.py:106} INFO - Output: job_title#0, company_name#1, location#2, skills_required#3, date_posted#4, job_link#5, job_category#6, work_mode#7, crawl_date#8, date_only#9, ingest_time#10, source#11
[2025-11-25T12:15:16.989+0000] {subprocess.py:106} INFO - 
[2025-11-25T12:15:17.013+0000] {subprocess.py:106} INFO - 25/11/25 12:15:17 INFO SnapshotScan: Scanning table hive_catalog.bronze.it_jobs_raw snapshot 804080356627015663 created at 2025-11-25T12:14:46.915+00:00 with filter ((date_posted IS NOT NULL AND job_link IS NOT NULL) AND NOT (job_link = (hash-00000000)))
[2025-11-25T12:15:17.046+0000] {subprocess.py:106} INFO - 25/11/25 12:15:17 INFO BaseDistributedDataScan: Planning file tasks locally for table hive_catalog.bronze.it_jobs_raw
[2025-11-25T12:15:17.284+0000] {subprocess.py:106} INFO - 25/11/25 12:15:17 INFO SparkPartitioningAwareScan: Reporting UnknownPartitioning with 7 partition(s) for table hive_catalog.bronze.it_jobs_raw
[2025-11-25T12:15:17.325+0000] {subprocess.py:106} INFO - 25/11/25 12:15:17 INFO SparkWrite: Requesting 0 bytes advisory partition size for table silver.it_jobs_clean
[2025-11-25T12:15:17.325+0000] {subprocess.py:106} INFO - 25/11/25 12:15:17 INFO SparkWrite: Requesting UnspecifiedDistribution as write distribution for table silver.it_jobs_clean
[2025-11-25T12:15:17.329+0000] {subprocess.py:106} INFO - 25/11/25 12:15:17 INFO SparkWrite: Requesting [] as write ordering for table silver.it_jobs_clean
[2025-11-25T12:15:17.446+0000] {subprocess.py:106} INFO - 25/11/25 12:15:17 INFO MemoryStore: Block broadcast_2 stored as values in memory (estimated size 32.0 KiB, free 434.4 MiB)
[2025-11-25T12:15:17.472+0000] {subprocess.py:106} INFO - 25/11/25 12:15:17 INFO MemoryStore: Block broadcast_2_piece0 stored as bytes in memory (estimated size 29.8 KiB, free 434.3 MiB)
[2025-11-25T12:15:17.474+0000] {subprocess.py:106} INFO - 25/11/25 12:15:17 INFO BlockManagerInfo: Added broadcast_2_piece0 in memory on 68d0d8c522fe:43173 (size: 29.8 KiB, free: 434.4 MiB)
[2025-11-25T12:15:17.475+0000] {subprocess.py:106} INFO - 25/11/25 12:15:17 INFO SparkContext: Created broadcast 2 from broadcast at SparkBatch.java:79
[2025-11-25T12:15:17.543+0000] {subprocess.py:106} INFO - 25/11/25 12:15:17 INFO MemoryStore: Block broadcast_3 stored as values in memory (estimated size 32.0 KiB, free 434.3 MiB)
[2025-11-25T12:15:17.547+0000] {subprocess.py:106} INFO - 25/11/25 12:15:17 INFO MemoryStore: Block broadcast_3_piece0 stored as bytes in memory (estimated size 29.8 KiB, free 434.3 MiB)
[2025-11-25T12:15:17.549+0000] {subprocess.py:106} INFO - 25/11/25 12:15:17 INFO BlockManagerInfo: Added broadcast_3_piece0 in memory on 68d0d8c522fe:43173 (size: 29.8 KiB, free: 434.3 MiB)
[2025-11-25T12:15:17.552+0000] {subprocess.py:106} INFO - 25/11/25 12:15:17 INFO SparkContext: Created broadcast 3 from broadcast at SparkBatch.java:79
[2025-11-25T12:15:17.765+0000] {subprocess.py:106} INFO - 25/11/25 12:15:17 INFO CodeGenerator: Code generated in 38.661605 ms
[2025-11-25T12:15:17.981+0000] {subprocess.py:106} INFO - 25/11/25 12:15:17 INFO CodeGenerator: Code generated in 117.805998 ms
[2025-11-25T12:15:18.137+0000] {subprocess.py:106} INFO - 25/11/25 12:15:18 INFO DAGScheduler: Registering RDD 12 (createOrReplace at <unknown>:0) as input to shuffle 1
[2025-11-25T12:15:18.138+0000] {subprocess.py:106} INFO - 25/11/25 12:15:18 INFO DAGScheduler: Got map stage job 2 (createOrReplace at <unknown>:0) with 7 output partitions
[2025-11-25T12:15:18.139+0000] {subprocess.py:106} INFO - 25/11/25 12:15:18 INFO DAGScheduler: Final stage: ShuffleMapStage 3 (createOrReplace at <unknown>:0)
[2025-11-25T12:15:18.140+0000] {subprocess.py:106} INFO - 25/11/25 12:15:18 INFO DAGScheduler: Parents of final stage: List()
[2025-11-25T12:15:18.143+0000] {subprocess.py:106} INFO - 25/11/25 12:15:18 INFO DAGScheduler: Missing parents: List()
[2025-11-25T12:15:18.145+0000] {subprocess.py:106} INFO - 25/11/25 12:15:18 INFO DAGScheduler: Submitting ShuffleMapStage 3 (MapPartitionsRDD[12] at createOrReplace at <unknown>:0), which has no missing parents
[2025-11-25T12:15:18.179+0000] {subprocess.py:106} INFO - 25/11/25 12:15:18 INFO MemoryStore: Block broadcast_4 stored as values in memory (estimated size 73.1 KiB, free 434.2 MiB)
[2025-11-25T12:15:18.182+0000] {subprocess.py:106} INFO - 25/11/25 12:15:18 INFO MemoryStore: Block broadcast_4_piece0 stored as bytes in memory (estimated size 27.1 KiB, free 434.2 MiB)
[2025-11-25T12:15:18.184+0000] {subprocess.py:106} INFO - 25/11/25 12:15:18 INFO BlockManagerInfo: Added broadcast_4_piece0 in memory on 68d0d8c522fe:43173 (size: 27.1 KiB, free: 434.3 MiB)
[2025-11-25T12:15:18.186+0000] {subprocess.py:106} INFO - 25/11/25 12:15:18 INFO SparkContext: Created broadcast 4 from broadcast at DAGScheduler.scala:1585
[2025-11-25T12:15:18.187+0000] {subprocess.py:106} INFO - 25/11/25 12:15:18 INFO DAGScheduler: Submitting 7 missing tasks from ShuffleMapStage 3 (MapPartitionsRDD[12] at createOrReplace at <unknown>:0) (first 15 tasks are for partitions Vector(0, 1, 2, 3, 4, 5, 6))
[2025-11-25T12:15:18.188+0000] {subprocess.py:106} INFO - 25/11/25 12:15:18 INFO TaskSchedulerImpl: Adding task set 3.0 with 7 tasks resource profile 0
[2025-11-25T12:15:18.213+0000] {subprocess.py:106} INFO - 25/11/25 12:15:18 INFO TaskSetManager: Starting task 0.0 in stage 3.0 (TID 2) (172.30.0.7, executor 0, partition 0, ANY, 16861 bytes)
[2025-11-25T12:15:18.874+0000] {subprocess.py:106} INFO - 25/11/25 12:15:18 INFO BlockManagerInfo: Added broadcast_4_piece0 in memory on 172.30.0.7:44329 (size: 27.1 KiB, free: 434.4 MiB)
[2025-11-25T12:15:19.911+0000] {subprocess.py:106} INFO - 25/11/25 12:15:19 INFO BlockManagerInfo: Added broadcast_3_piece0 in memory on 172.30.0.7:44329 (size: 29.8 KiB, free: 434.3 MiB)
[2025-11-25T12:15:23.213+0000] {subprocess.py:106} INFO - 25/11/25 12:15:23 INFO TaskSetManager: Starting task 1.0 in stage 3.0 (TID 3) (172.30.0.7, executor 0, partition 1, ANY, 16860 bytes)
[2025-11-25T12:15:23.216+0000] {subprocess.py:106} INFO - 25/11/25 12:15:23 INFO TaskSetManager: Finished task 0.0 in stage 3.0 (TID 2) in 5023 ms on 172.30.0.7 (executor 0) (1/7)
[2025-11-25T12:15:24.098+0000] {subprocess.py:106} INFO - 25/11/25 12:15:24 INFO TaskSetManager: Starting task 2.0 in stage 3.0 (TID 4) (172.30.0.7, executor 0, partition 2, ANY, 16861 bytes)
[2025-11-25T12:15:24.099+0000] {subprocess.py:106} INFO - 25/11/25 12:15:24 INFO TaskSetManager: Finished task 1.0 in stage 3.0 (TID 3) in 885 ms on 172.30.0.7 (executor 0) (2/7)
[2025-11-25T12:15:24.626+0000] {subprocess.py:106} INFO - 25/11/25 12:15:24 INFO TaskSetManager: Starting task 3.0 in stage 3.0 (TID 5) (172.30.0.7, executor 0, partition 3, ANY, 16861 bytes)
[2025-11-25T12:15:24.628+0000] {subprocess.py:106} INFO - 25/11/25 12:15:24 INFO TaskSetManager: Finished task 2.0 in stage 3.0 (TID 4) in 532 ms on 172.30.0.7 (executor 0) (3/7)
[2025-11-25T12:15:25.214+0000] {subprocess.py:106} INFO - 25/11/25 12:15:25 INFO TaskSetManager: Starting task 4.0 in stage 3.0 (TID 6) (172.30.0.7, executor 0, partition 4, ANY, 16861 bytes)
[2025-11-25T12:15:25.217+0000] {subprocess.py:106} INFO - 25/11/25 12:15:25 INFO TaskSetManager: Finished task 3.0 in stage 3.0 (TID 5) in 592 ms on 172.30.0.7 (executor 0) (4/7)
[2025-11-25T12:15:25.787+0000] {subprocess.py:106} INFO - 25/11/25 12:15:25 INFO TaskSetManager: Starting task 5.0 in stage 3.0 (TID 7) (172.30.0.7, executor 0, partition 5, ANY, 16861 bytes)
[2025-11-25T12:15:25.789+0000] {subprocess.py:106} INFO - 25/11/25 12:15:25 INFO TaskSetManager: Finished task 4.0 in stage 3.0 (TID 6) in 577 ms on 172.30.0.7 (executor 0) (5/7)
[2025-11-25T12:15:26.282+0000] {subprocess.py:106} INFO - 25/11/25 12:15:26 INFO TaskSetManager: Starting task 6.0 in stage 3.0 (TID 8) (172.30.0.7, executor 0, partition 6, ANY, 16384 bytes)
[2025-11-25T12:15:26.283+0000] {subprocess.py:106} INFO - 25/11/25 12:15:26 INFO TaskSetManager: Finished task 5.0 in stage 3.0 (TID 7) in 496 ms on 172.30.0.7 (executor 0) (6/7)
[2025-11-25T12:15:26.773+0000] {subprocess.py:106} INFO - 25/11/25 12:15:26 INFO TaskSetManager: Finished task 6.0 in stage 3.0 (TID 8) in 491 ms on 172.30.0.7 (executor 0) (7/7)
[2025-11-25T12:15:26.775+0000] {subprocess.py:106} INFO - 25/11/25 12:15:26 INFO TaskSchedulerImpl: Removed TaskSet 3.0, whose tasks have all completed, from pool
[2025-11-25T12:15:26.778+0000] {subprocess.py:106} INFO - 25/11/25 12:15:26 INFO DAGScheduler: ShuffleMapStage 3 (createOrReplace at <unknown>:0) finished in 8.625 s
[2025-11-25T12:15:26.779+0000] {subprocess.py:106} INFO - 25/11/25 12:15:26 INFO DAGScheduler: looking for newly runnable stages
[2025-11-25T12:15:26.779+0000] {subprocess.py:106} INFO - 25/11/25 12:15:26 INFO DAGScheduler: running: Set()
[2025-11-25T12:15:26.780+0000] {subprocess.py:106} INFO - 25/11/25 12:15:26 INFO DAGScheduler: waiting: Set()
[2025-11-25T12:15:26.781+0000] {subprocess.py:106} INFO - 25/11/25 12:15:26 INFO DAGScheduler: failed: Set()
[2025-11-25T12:15:26.796+0000] {subprocess.py:106} INFO - 25/11/25 12:15:26 INFO ShufflePartitionsUtil: For shuffle(1), advisory target size: 67108864, actual target size 1048576, minimum partition size: 1048576
[2025-11-25T12:15:26.863+0000] {subprocess.py:106} INFO - 25/11/25 12:15:26 INFO CodeGenerator: Code generated in 15.189738 ms
[2025-11-25T12:15:26.909+0000] {subprocess.py:106} INFO - 25/11/25 12:15:26 INFO MemoryStore: Block broadcast_5 stored as values in memory (estimated size 32.0 KiB, free 434.2 MiB)
[2025-11-25T12:15:26.913+0000] {subprocess.py:106} INFO - 25/11/25 12:15:26 INFO MemoryStore: Block broadcast_5_piece0 stored as bytes in memory (estimated size 29.6 KiB, free 434.1 MiB)
[2025-11-25T12:15:26.915+0000] {subprocess.py:106} INFO - 25/11/25 12:15:26 INFO BlockManagerInfo: Added broadcast_5_piece0 in memory on 68d0d8c522fe:43173 (size: 29.6 KiB, free: 434.3 MiB)
[2025-11-25T12:15:26.916+0000] {subprocess.py:106} INFO - 25/11/25 12:15:26 INFO SparkContext: Created broadcast 5 from broadcast at SparkWrite.java:193
[2025-11-25T12:15:26.920+0000] {subprocess.py:106} INFO - 25/11/25 12:15:26 INFO AppendDataExec: Start processing data source write support: IcebergBatchWrite(table=silver.it_jobs_clean, format=PARQUET). The input RDD has 1 partitions.
[2025-11-25T12:15:26.934+0000] {subprocess.py:106} INFO - 25/11/25 12:15:26 INFO SparkContext: Starting job: createOrReplace at <unknown>:0
[2025-11-25T12:15:26.936+0000] {subprocess.py:106} INFO - 25/11/25 12:15:26 INFO DAGScheduler: Got job 3 (createOrReplace at <unknown>:0) with 1 output partitions
[2025-11-25T12:15:26.937+0000] {subprocess.py:106} INFO - 25/11/25 12:15:26 INFO DAGScheduler: Final stage: ResultStage 5 (createOrReplace at <unknown>:0)
[2025-11-25T12:15:26.938+0000] {subprocess.py:106} INFO - 25/11/25 12:15:26 INFO DAGScheduler: Parents of final stage: List(ShuffleMapStage 4)
[2025-11-25T12:15:26.939+0000] {subprocess.py:106} INFO - 25/11/25 12:15:26 INFO DAGScheduler: Missing parents: List()
[2025-11-25T12:15:26.940+0000] {subprocess.py:106} INFO - 25/11/25 12:15:26 INFO DAGScheduler: Submitting ResultStage 5 (MapPartitionsRDD[15] at createOrReplace at <unknown>:0), which has no missing parents
[2025-11-25T12:15:26.967+0000] {subprocess.py:106} INFO - 25/11/25 12:15:26 INFO MemoryStore: Block broadcast_6 stored as values in memory (estimated size 66.5 KiB, free 434.1 MiB)
[2025-11-25T12:15:26.969+0000] {subprocess.py:106} INFO - 25/11/25 12:15:26 INFO MemoryStore: Block broadcast_6_piece0 stored as bytes in memory (estimated size 27.0 KiB, free 434.0 MiB)
[2025-11-25T12:15:26.972+0000] {subprocess.py:106} INFO - 25/11/25 12:15:26 INFO BlockManagerInfo: Added broadcast_6_piece0 in memory on 68d0d8c522fe:43173 (size: 27.0 KiB, free: 434.3 MiB)
[2025-11-25T12:15:26.973+0000] {subprocess.py:106} INFO - 25/11/25 12:15:26 INFO SparkContext: Created broadcast 6 from broadcast at DAGScheduler.scala:1585
[2025-11-25T12:15:26.975+0000] {subprocess.py:106} INFO - 25/11/25 12:15:26 INFO DAGScheduler: Submitting 1 missing tasks from ResultStage 5 (MapPartitionsRDD[15] at createOrReplace at <unknown>:0) (first 15 tasks are for partitions Vector(0))
[2025-11-25T12:15:26.976+0000] {subprocess.py:106} INFO - 25/11/25 12:15:26 INFO TaskSchedulerImpl: Adding task set 5.0 with 1 tasks resource profile 0
[2025-11-25T12:15:26.978+0000] {subprocess.py:106} INFO - 25/11/25 12:15:26 INFO TaskSetManager: Starting task 0.0 in stage 5.0 (TID 9) (172.30.0.7, executor 0, partition 0, NODE_LOCAL, 9331 bytes)
[2025-11-25T12:15:26.999+0000] {subprocess.py:106} INFO - 25/11/25 12:15:26 INFO BlockManagerInfo: Added broadcast_6_piece0 in memory on 172.30.0.7:44329 (size: 27.0 KiB, free: 434.3 MiB)
[2025-11-25T12:15:27.058+0000] {subprocess.py:106} INFO - 25/11/25 12:15:27 INFO MapOutputTrackerMasterEndpoint: Asked to send map output locations for shuffle 1 to 172.30.0.7:46758
[2025-11-25T12:15:27.314+0000] {subprocess.py:106} INFO - 25/11/25 12:15:27 INFO BlockManagerInfo: Added broadcast_5_piece0 in memory on 172.30.0.7:44329 (size: 29.6 KiB, free: 434.3 MiB)
[2025-11-25T12:15:27.957+0000] {subprocess.py:106} INFO - 25/11/25 12:15:27 INFO TaskSetManager: Finished task 0.0 in stage 5.0 (TID 9) in 976 ms on 172.30.0.7 (executor 0) (1/1)
[2025-11-25T12:15:27.958+0000] {subprocess.py:106} INFO - 25/11/25 12:15:27 INFO TaskSchedulerImpl: Removed TaskSet 5.0, whose tasks have all completed, from pool
[2025-11-25T12:15:27.959+0000] {subprocess.py:106} INFO - 25/11/25 12:15:27 INFO DAGScheduler: ResultStage 5 (createOrReplace at <unknown>:0) finished in 0.998 s
[2025-11-25T12:15:27.961+0000] {subprocess.py:106} INFO - 25/11/25 12:15:27 INFO DAGScheduler: Job 3 is finished. Cancelling potential speculative or zombie tasks for this job
[2025-11-25T12:15:27.962+0000] {subprocess.py:106} INFO - 25/11/25 12:15:27 INFO TaskSchedulerImpl: Killing all running tasks in stage 5: Stage finished
[2025-11-25T12:15:27.963+0000] {subprocess.py:106} INFO - 25/11/25 12:15:27 INFO DAGScheduler: Job 3 finished: createOrReplace at <unknown>:0, took 1.022718 s
[2025-11-25T12:15:27.966+0000] {subprocess.py:106} INFO - 25/11/25 12:15:27 INFO AppendDataExec: Data source write support IcebergBatchWrite(table=silver.it_jobs_clean, format=PARQUET) is committing.
[2025-11-25T12:15:27.994+0000] {subprocess.py:106} INFO - 25/11/25 12:15:27 INFO SparkWrite: Committing append with 1 new data files to table silver.it_jobs_clean
[2025-11-25T12:15:28.725+0000] {subprocess.py:106} INFO - 25/11/25 12:15:28 INFO SnapshotProducer: Committed snapshot 6349185701261167784 (MergeAppend)
[2025-11-25T12:15:28.765+0000] {subprocess.py:106} INFO - 25/11/25 12:15:28 INFO LoggingMetricsReporter: Received metrics report: CommitReport{tableName=silver.it_jobs_clean, snapshotId=6349185701261167784, sequenceNumber=29, operation=append, commitMetrics=CommitMetricsResult{totalDuration=TimerResult{timeUnit=NANOSECONDS, totalDuration=PT0.753420047S, count=1}, attempts=CounterResult{unit=COUNT, value=1}, addedDataFiles=CounterResult{unit=COUNT, value=1}, removedDataFiles=null, totalDataFiles=CounterResult{unit=COUNT, value=1}, addedDeleteFiles=null, addedEqualityDeleteFiles=null, addedPositionalDeleteFiles=null, removedDeleteFiles=null, removedEqualityDeleteFiles=null, removedPositionalDeleteFiles=null, totalDeleteFiles=CounterResult{unit=COUNT, value=0}, addedRecords=CounterResult{unit=COUNT, value=4586}, removedRecords=null, totalRecords=CounterResult{unit=COUNT, value=4586}, addedFilesSizeInBytes=CounterResult{unit=BYTES, value=152360}, removedFilesSizeInBytes=null, totalFilesSizeInBytes=CounterResult{unit=BYTES, value=152360}, addedPositionalDeletes=null, removedPositionalDeletes=null, totalPositionalDeletes=CounterResult{unit=COUNT, value=0}, addedEqualityDeletes=null, removedEqualityDeletes=null, totalEqualityDeletes=CounterResult{unit=COUNT, value=0}}, metadata={engine-version=3.5.3, app-id=app-20251125121459-0001, engine-name=spark, iceberg-version=Apache Iceberg 1.6.1 (commit 8e9d59d299be42b0bca9461457cd1e95dbaad086)}}
[2025-11-25T12:15:28.766+0000] {subprocess.py:106} INFO - 25/11/25 12:15:28 INFO SparkWrite: Committed in 770 ms
[2025-11-25T12:15:28.766+0000] {subprocess.py:106} INFO - 25/11/25 12:15:28 INFO AppendDataExec: Data source write support IcebergBatchWrite(table=silver.it_jobs_clean, format=PARQUET) committed.
[2025-11-25T12:15:29.533+0000] {subprocess.py:106} INFO - 25/11/25 12:15:29 INFO HiveTableOperations: Committed to table hive_catalog.silver.it_jobs_clean with the new metadata location hdfs://dinhhoa-master:9000/user/ndh/warehouse/silver.db/it_jobs_clean/metadata/00028-56d9bf0e-b52a-4fb3-8d91-94a23673ef5b.metadata.json
[2025-11-25T12:15:29.534+0000] {subprocess.py:106} INFO - 25/11/25 12:15:29 INFO BaseMetastoreTableOperations: Successfully committed to table hive_catalog.silver.it_jobs_clean in 738 ms
[2025-11-25T12:15:29.539+0000] {subprocess.py:106} INFO -  Cleaned data successfully written to Silver!
[2025-11-25T12:15:29.611+0000] {subprocess.py:106} INFO - 25/11/25 12:15:29 INFO V2ScanRelationPushDown:
[2025-11-25T12:15:29.612+0000] {subprocess.py:106} INFO - Pushing operators to hive_catalog.bronze.it_jobs_raw
[2025-11-25T12:15:29.613+0000] {subprocess.py:106} INFO - Pushed Filters: date_posted IS NOT NULL, job_link IS NOT NULL, NOT (job_link = '')
[2025-11-25T12:15:29.613+0000] {subprocess.py:106} INFO - Post-Scan Filters: isnotnull(date_posted#4),isnotnull(upper(trim(company_name#1, None))),NOT (upper(trim(company_name#1, None)) = ),isnotnull(job_link#5),NOT (job_link#5 = ),isnotnull(initcap(trim(job_title#0, None))),NOT (initcap(trim(job_title#0, None)) = ),isnotnull(cast(date_posted#4 as date)),(size(split(trim(location#2, None),  - , -1), true) > 0),isnotnull(split(trim(location#2, None),  - , -1))
[2025-11-25T12:15:29.613+0000] {subprocess.py:106} INFO - 
[2025-11-25T12:15:29.616+0000] {subprocess.py:106} INFO - 25/11/25 12:15:29 INFO V2ScanRelationPushDown:
[2025-11-25T12:15:29.616+0000] {subprocess.py:106} INFO - Output: job_title#0, company_name#1, location#2, date_posted#4, job_link#5
[2025-11-25T12:15:29.617+0000] {subprocess.py:106} INFO - 
[2025-11-25T12:15:29.618+0000] {subprocess.py:106} INFO - 25/11/25 12:15:29 INFO SnapshotScan: Scanning table hive_catalog.bronze.it_jobs_raw snapshot 804080356627015663 created at 2025-11-25T12:14:46.915+00:00 with filter ((date_posted IS NOT NULL AND job_link IS NOT NULL) AND NOT (job_link = (hash-00000000)))
[2025-11-25T12:15:29.619+0000] {subprocess.py:106} INFO - 25/11/25 12:15:29 INFO BaseDistributedDataScan: Planning file tasks locally for table hive_catalog.bronze.it_jobs_raw
[2025-11-25T12:15:29.769+0000] {subprocess.py:106} INFO - 25/11/25 12:15:29 INFO BlockManagerInfo: Removed broadcast_4_piece0 on 68d0d8c522fe:43173 in memory (size: 27.1 KiB, free: 434.3 MiB)
[2025-11-25T12:15:29.773+0000] {subprocess.py:106} INFO - 25/11/25 12:15:29 INFO BlockManagerInfo: Removed broadcast_4_piece0 on 172.30.0.7:44329 in memory (size: 27.1 KiB, free: 434.3 MiB)
[2025-11-25T12:15:29.777+0000] {subprocess.py:106} INFO - 25/11/25 12:15:29 INFO SparkPartitioningAwareScan: Reporting UnknownPartitioning with 7 partition(s) for table hive_catalog.bronze.it_jobs_raw
[2025-11-25T12:15:29.785+0000] {subprocess.py:106} INFO - 25/11/25 12:15:29 INFO BlockManagerInfo: Removed broadcast_6_piece0 on 68d0d8c522fe:43173 in memory (size: 27.0 KiB, free: 434.3 MiB)
[2025-11-25T12:15:29.788+0000] {subprocess.py:106} INFO - 25/11/25 12:15:29 INFO BlockManagerInfo: Removed broadcast_6_piece0 on 172.30.0.7:44329 in memory (size: 27.0 KiB, free: 434.3 MiB)
[2025-11-25T12:15:29.806+0000] {subprocess.py:106} INFO - 25/11/25 12:15:29 INFO MemoryStore: Block broadcast_7 stored as values in memory (estimated size 32.0 KiB, free 434.2 MiB)
[2025-11-25T12:15:29.807+0000] {subprocess.py:106} INFO - 25/11/25 12:15:29 INFO BlockManagerInfo: Removed broadcast_5_piece0 on 68d0d8c522fe:43173 in memory (size: 29.6 KiB, free: 434.3 MiB)
[2025-11-25T12:15:29.807+0000] {subprocess.py:106} INFO - 25/11/25 12:15:29 INFO BlockManagerInfo: Removed broadcast_5_piece0 on 172.30.0.7:44329 in memory (size: 29.6 KiB, free: 434.4 MiB)
[2025-11-25T12:15:29.809+0000] {subprocess.py:106} INFO - 25/11/25 12:15:29 INFO MemoryStore: Block broadcast_7_piece0 stored as bytes in memory (estimated size 29.8 KiB, free 434.2 MiB)
[2025-11-25T12:15:29.810+0000] {subprocess.py:106} INFO - 25/11/25 12:15:29 INFO BlockManagerInfo: Added broadcast_7_piece0 in memory on 68d0d8c522fe:43173 (size: 29.8 KiB, free: 434.3 MiB)
[2025-11-25T12:15:29.811+0000] {subprocess.py:106} INFO - 25/11/25 12:15:29 INFO SparkContext: Created broadcast 7 from broadcast at SparkBatch.java:79
[2025-11-25T12:15:29.833+0000] {subprocess.py:106} INFO - 25/11/25 12:15:29 INFO BlockManagerInfo: Removed broadcast_3_piece0 on 172.30.0.7:44329 in memory (size: 29.8 KiB, free: 434.4 MiB)
[2025-11-25T12:15:29.835+0000] {subprocess.py:106} INFO - 25/11/25 12:15:29 INFO BlockManagerInfo: Removed broadcast_3_piece0 on 68d0d8c522fe:43173 in memory (size: 29.8 KiB, free: 434.3 MiB)
[2025-11-25T12:15:29.853+0000] {subprocess.py:106} INFO - 25/11/25 12:15:29 INFO BlockManagerInfo: Removed broadcast_2_piece0 on 68d0d8c522fe:43173 in memory (size: 29.8 KiB, free: 434.4 MiB)
[2025-11-25T12:15:29.876+0000] {subprocess.py:106} INFO - 25/11/25 12:15:29 INFO MemoryStore: Block broadcast_8 stored as values in memory (estimated size 32.0 KiB, free 434.3 MiB)
[2025-11-25T12:15:29.880+0000] {subprocess.py:106} INFO - 25/11/25 12:15:29 INFO MemoryStore: Block broadcast_8_piece0 stored as bytes in memory (estimated size 29.8 KiB, free 434.3 MiB)
[2025-11-25T12:15:29.882+0000] {subprocess.py:106} INFO - 25/11/25 12:15:29 INFO BlockManagerInfo: Added broadcast_8_piece0 in memory on 68d0d8c522fe:43173 (size: 29.8 KiB, free: 434.3 MiB)
[2025-11-25T12:15:29.883+0000] {subprocess.py:106} INFO - 25/11/25 12:15:29 INFO SparkContext: Created broadcast 8 from broadcast at SparkBatch.java:79
[2025-11-25T12:15:30.055+0000] {subprocess.py:106} INFO - 25/11/25 12:15:30 INFO CodeGenerator: Code generated in 77.45368 ms
[2025-11-25T12:15:30.073+0000] {subprocess.py:106} INFO - 25/11/25 12:15:30 INFO DAGScheduler: Registering RDD 19 (count at <unknown>:0) as input to shuffle 2
[2025-11-25T12:15:30.074+0000] {subprocess.py:106} INFO - 25/11/25 12:15:30 INFO DAGScheduler: Got map stage job 4 (count at <unknown>:0) with 7 output partitions
[2025-11-25T12:15:30.076+0000] {subprocess.py:106} INFO - 25/11/25 12:15:30 INFO DAGScheduler: Final stage: ShuffleMapStage 6 (count at <unknown>:0)
[2025-11-25T12:15:30.076+0000] {subprocess.py:106} INFO - 25/11/25 12:15:30 INFO DAGScheduler: Parents of final stage: List()
[2025-11-25T12:15:30.077+0000] {subprocess.py:106} INFO - 25/11/25 12:15:30 INFO DAGScheduler: Missing parents: List()
[2025-11-25T12:15:30.078+0000] {subprocess.py:106} INFO - 25/11/25 12:15:30 INFO DAGScheduler: Submitting ShuffleMapStage 6 (MapPartitionsRDD[19] at count at <unknown>:0), which has no missing parents
[2025-11-25T12:15:30.081+0000] {subprocess.py:106} INFO - 25/11/25 12:15:30 INFO MemoryStore: Block broadcast_9 stored as values in memory (estimated size 56.9 KiB, free 434.2 MiB)
[2025-11-25T12:15:30.084+0000] {subprocess.py:106} INFO - 25/11/25 12:15:30 INFO MemoryStore: Block broadcast_9_piece0 stored as bytes in memory (estimated size 22.6 KiB, free 434.2 MiB)
[2025-11-25T12:15:30.085+0000] {subprocess.py:106} INFO - 25/11/25 12:15:30 INFO BlockManagerInfo: Added broadcast_9_piece0 in memory on 68d0d8c522fe:43173 (size: 22.6 KiB, free: 434.3 MiB)
[2025-11-25T12:15:30.086+0000] {subprocess.py:106} INFO - 25/11/25 12:15:30 INFO SparkContext: Created broadcast 9 from broadcast at DAGScheduler.scala:1585
[2025-11-25T12:15:30.087+0000] {subprocess.py:106} INFO - 25/11/25 12:15:30 INFO DAGScheduler: Submitting 7 missing tasks from ShuffleMapStage 6 (MapPartitionsRDD[19] at count at <unknown>:0) (first 15 tasks are for partitions Vector(0, 1, 2, 3, 4, 5, 6))
[2025-11-25T12:15:30.090+0000] {subprocess.py:106} INFO - 25/11/25 12:15:30 INFO TaskSchedulerImpl: Adding task set 6.0 with 7 tasks resource profile 0
[2025-11-25T12:15:30.090+0000] {subprocess.py:106} INFO - 25/11/25 12:15:30 INFO TaskSetManager: Starting task 0.0 in stage 6.0 (TID 10) (172.30.0.7, executor 0, partition 0, ANY, 16408 bytes)
[2025-11-25T12:15:30.107+0000] {subprocess.py:106} INFO - 25/11/25 12:15:30 INFO BlockManagerInfo: Added broadcast_9_piece0 in memory on 172.30.0.7:44329 (size: 22.6 KiB, free: 434.4 MiB)
[2025-11-25T12:15:30.251+0000] {subprocess.py:106} INFO - 25/11/25 12:15:30 INFO BlockManagerInfo: Added broadcast_8_piece0 in memory on 172.30.0.7:44329 (size: 29.8 KiB, free: 434.3 MiB)
[2025-11-25T12:15:30.590+0000] {subprocess.py:106} INFO - 25/11/25 12:15:30 INFO TaskSetManager: Starting task 1.0 in stage 6.0 (TID 11) (172.30.0.7, executor 0, partition 1, ANY, 16416 bytes)
[2025-11-25T12:15:30.594+0000] {subprocess.py:106} INFO - 25/11/25 12:15:30 INFO TaskSetManager: Finished task 0.0 in stage 6.0 (TID 10) in 501 ms on 172.30.0.7 (executor 0) (1/7)
[2025-11-25T12:15:31.178+0000] {subprocess.py:106} INFO - 25/11/25 12:15:31 INFO TaskSetManager: Starting task 2.0 in stage 6.0 (TID 12) (172.30.0.7, executor 0, partition 2, ANY, 16417 bytes)
[2025-11-25T12:15:31.181+0000] {subprocess.py:106} INFO - 25/11/25 12:15:31 INFO TaskSetManager: Finished task 1.0 in stage 6.0 (TID 11) in 590 ms on 172.30.0.7 (executor 0) (2/7)
[2025-11-25T12:15:31.624+0000] {subprocess.py:106} INFO - 25/11/25 12:15:31 INFO TaskSetManager: Starting task 3.0 in stage 6.0 (TID 13) (172.30.0.7, executor 0, partition 3, ANY, 16417 bytes)
[2025-11-25T12:15:31.625+0000] {subprocess.py:106} INFO - 25/11/25 12:15:31 INFO TaskSetManager: Finished task 2.0 in stage 6.0 (TID 12) in 448 ms on 172.30.0.7 (executor 0) (3/7)
[2025-11-25T12:15:31.980+0000] {subprocess.py:106} INFO - 25/11/25 12:15:31 INFO TaskSetManager: Starting task 4.0 in stage 6.0 (TID 14) (172.30.0.7, executor 0, partition 4, ANY, 16417 bytes)
[2025-11-25T12:15:31.982+0000] {subprocess.py:106} INFO - 25/11/25 12:15:31 INFO TaskSetManager: Finished task 3.0 in stage 6.0 (TID 13) in 359 ms on 172.30.0.7 (executor 0) (4/7)
[2025-11-25T12:15:32.653+0000] {subprocess.py:106} INFO - 25/11/25 12:15:32 INFO TaskSetManager: Starting task 5.0 in stage 6.0 (TID 15) (172.30.0.7, executor 0, partition 5, ANY, 16417 bytes)
[2025-11-25T12:15:32.654+0000] {subprocess.py:106} INFO - 25/11/25 12:15:32 INFO TaskSetManager: Finished task 4.0 in stage 6.0 (TID 14) in 674 ms on 172.30.0.7 (executor 0) (5/7)
[2025-11-25T12:15:32.965+0000] {subprocess.py:106} INFO - 25/11/25 12:15:32 INFO TaskSetManager: Starting task 6.0 in stage 6.0 (TID 16) (172.30.0.7, executor 0, partition 6, ANY, 15940 bytes)
[2025-11-25T12:15:32.966+0000] {subprocess.py:106} INFO - 25/11/25 12:15:32 INFO TaskSetManager: Finished task 5.0 in stage 6.0 (TID 15) in 312 ms on 172.30.0.7 (executor 0) (6/7)
[2025-11-25T12:15:33.220+0000] {subprocess.py:106} INFO - 25/11/25 12:15:33 INFO TaskSetManager: Finished task 6.0 in stage 6.0 (TID 16) in 255 ms on 172.30.0.7 (executor 0) (7/7)
[2025-11-25T12:15:33.221+0000] {subprocess.py:106} INFO - 25/11/25 12:15:33 INFO TaskSchedulerImpl: Removed TaskSet 6.0, whose tasks have all completed, from pool
[2025-11-25T12:15:33.221+0000] {subprocess.py:106} INFO - 25/11/25 12:15:33 INFO DAGScheduler: ShuffleMapStage 6 (count at <unknown>:0) finished in 3.140 s
[2025-11-25T12:15:33.222+0000] {subprocess.py:106} INFO - 25/11/25 12:15:33 INFO DAGScheduler: looking for newly runnable stages
[2025-11-25T12:15:33.223+0000] {subprocess.py:106} INFO - 25/11/25 12:15:33 INFO DAGScheduler: running: Set()
[2025-11-25T12:15:33.223+0000] {subprocess.py:106} INFO - 25/11/25 12:15:33 INFO DAGScheduler: waiting: Set()
[2025-11-25T12:15:33.224+0000] {subprocess.py:106} INFO - 25/11/25 12:15:33 INFO DAGScheduler: failed: Set()
[2025-11-25T12:15:33.234+0000] {subprocess.py:106} INFO - 25/11/25 12:15:33 INFO ShufflePartitionsUtil: For shuffle(2), advisory target size: 67108864, actual target size 1048576, minimum partition size: 1048576
[2025-11-25T12:15:33.293+0000] {subprocess.py:106} INFO - 25/11/25 12:15:33 INFO CodeGenerator: Code generated in 34.236744 ms
[2025-11-25T12:15:33.319+0000] {subprocess.py:106} INFO - 25/11/25 12:15:33 INFO DAGScheduler: Registering RDD 22 (count at <unknown>:0) as input to shuffle 3
[2025-11-25T12:15:33.320+0000] {subprocess.py:106} INFO - 25/11/25 12:15:33 INFO DAGScheduler: Got map stage job 5 (count at <unknown>:0) with 1 output partitions
[2025-11-25T12:15:33.323+0000] {subprocess.py:106} INFO - 25/11/25 12:15:33 INFO DAGScheduler: Final stage: ShuffleMapStage 8 (count at <unknown>:0)
[2025-11-25T12:15:33.323+0000] {subprocess.py:106} INFO - 25/11/25 12:15:33 INFO DAGScheduler: Parents of final stage: List(ShuffleMapStage 7)
[2025-11-25T12:15:33.325+0000] {subprocess.py:106} INFO - 25/11/25 12:15:33 INFO DAGScheduler: Missing parents: List()
[2025-11-25T12:15:33.326+0000] {subprocess.py:106} INFO - 25/11/25 12:15:33 INFO DAGScheduler: Submitting ShuffleMapStage 8 (MapPartitionsRDD[22] at count at <unknown>:0), which has no missing parents
[2025-11-25T12:15:33.336+0000] {subprocess.py:106} INFO - 25/11/25 12:15:33 INFO MemoryStore: Block broadcast_10 stored as values in memory (estimated size 54.2 KiB, free 434.1 MiB)
[2025-11-25T12:15:33.339+0000] {subprocess.py:106} INFO - 25/11/25 12:15:33 INFO MemoryStore: Block broadcast_10_piece0 stored as bytes in memory (estimated size 23.5 KiB, free 434.1 MiB)
[2025-11-25T12:15:33.340+0000] {subprocess.py:106} INFO - 25/11/25 12:15:33 INFO BlockManagerInfo: Added broadcast_10_piece0 in memory on 68d0d8c522fe:43173 (size: 23.5 KiB, free: 434.3 MiB)
[2025-11-25T12:15:33.341+0000] {subprocess.py:106} INFO - 25/11/25 12:15:33 INFO SparkContext: Created broadcast 10 from broadcast at DAGScheduler.scala:1585
[2025-11-25T12:15:33.342+0000] {subprocess.py:106} INFO - 25/11/25 12:15:33 INFO DAGScheduler: Submitting 1 missing tasks from ShuffleMapStage 8 (MapPartitionsRDD[22] at count at <unknown>:0) (first 15 tasks are for partitions Vector(0))
[2025-11-25T12:15:33.343+0000] {subprocess.py:106} INFO - 25/11/25 12:15:33 INFO TaskSchedulerImpl: Adding task set 8.0 with 1 tasks resource profile 0
[2025-11-25T12:15:33.346+0000] {subprocess.py:106} INFO - 25/11/25 12:15:33 INFO TaskSetManager: Starting task 0.0 in stage 8.0 (TID 17) (172.30.0.7, executor 0, partition 0, NODE_LOCAL, 9320 bytes)
[2025-11-25T12:15:33.361+0000] {subprocess.py:106} INFO - 25/11/25 12:15:33 INFO BlockManagerInfo: Added broadcast_10_piece0 in memory on 172.30.0.7:44329 (size: 23.5 KiB, free: 434.3 MiB)
[2025-11-25T12:15:33.382+0000] {subprocess.py:106} INFO - 25/11/25 12:15:33 INFO MapOutputTrackerMasterEndpoint: Asked to send map output locations for shuffle 2 to 172.30.0.7:46758
[2025-11-25T12:15:33.404+0000] {subprocess.py:106} INFO - 25/11/25 12:15:33 INFO BlockManagerInfo: Removed broadcast_9_piece0 on 68d0d8c522fe:43173 in memory (size: 22.6 KiB, free: 434.3 MiB)
[2025-11-25T12:15:33.410+0000] {subprocess.py:106} INFO - 25/11/25 12:15:33 INFO BlockManagerInfo: Removed broadcast_9_piece0 on 172.30.0.7:44329 in memory (size: 22.6 KiB, free: 434.3 MiB)
[2025-11-25T12:15:33.511+0000] {subprocess.py:106} INFO - 25/11/25 12:15:33 INFO TaskSetManager: Finished task 0.0 in stage 8.0 (TID 17) in 165 ms on 172.30.0.7 (executor 0) (1/1)
[2025-11-25T12:15:33.512+0000] {subprocess.py:106} INFO - 25/11/25 12:15:33 INFO TaskSchedulerImpl: Removed TaskSet 8.0, whose tasks have all completed, from pool
[2025-11-25T12:15:33.515+0000] {subprocess.py:106} INFO - 25/11/25 12:15:33 INFO DAGScheduler: ShuffleMapStage 8 (count at <unknown>:0) finished in 0.180 s
[2025-11-25T12:15:33.516+0000] {subprocess.py:106} INFO - 25/11/25 12:15:33 INFO DAGScheduler: looking for newly runnable stages
[2025-11-25T12:15:33.518+0000] {subprocess.py:106} INFO - 25/11/25 12:15:33 INFO DAGScheduler: running: Set()
[2025-11-25T12:15:33.519+0000] {subprocess.py:106} INFO - 25/11/25 12:15:33 INFO DAGScheduler: waiting: Set()
[2025-11-25T12:15:33.524+0000] {subprocess.py:106} INFO - 25/11/25 12:15:33 INFO DAGScheduler: failed: Set()
[2025-11-25T12:15:33.575+0000] {subprocess.py:106} INFO - 25/11/25 12:15:33 INFO CodeGenerator: Code generated in 17.616445 ms
[2025-11-25T12:15:33.597+0000] {subprocess.py:106} INFO - 25/11/25 12:15:33 INFO SparkContext: Starting job: count at <unknown>:0
[2025-11-25T12:15:33.599+0000] {subprocess.py:106} INFO - 25/11/25 12:15:33 INFO DAGScheduler: Got job 6 (count at <unknown>:0) with 1 output partitions
[2025-11-25T12:15:33.600+0000] {subprocess.py:106} INFO - 25/11/25 12:15:33 INFO DAGScheduler: Final stage: ResultStage 11 (count at <unknown>:0)
[2025-11-25T12:15:33.601+0000] {subprocess.py:106} INFO - 25/11/25 12:15:33 INFO DAGScheduler: Parents of final stage: List(ShuffleMapStage 10)
[2025-11-25T12:15:33.605+0000] {subprocess.py:106} INFO - 25/11/25 12:15:33 INFO DAGScheduler: Missing parents: List()
[2025-11-25T12:15:33.606+0000] {subprocess.py:106} INFO - 25/11/25 12:15:33 INFO DAGScheduler: Submitting ResultStage 11 (MapPartitionsRDD[25] at count at <unknown>:0), which has no missing parents
[2025-11-25T12:15:33.614+0000] {subprocess.py:106} INFO - 25/11/25 12:15:33 INFO MemoryStore: Block broadcast_11 stored as values in memory (estimated size 12.5 KiB, free 434.2 MiB)
[2025-11-25T12:15:33.617+0000] {subprocess.py:106} INFO - 25/11/25 12:15:33 INFO MemoryStore: Block broadcast_11_piece0 stored as bytes in memory (estimated size 5.9 KiB, free 434.2 MiB)
[2025-11-25T12:15:33.620+0000] {subprocess.py:106} INFO - 25/11/25 12:15:33 INFO BlockManagerInfo: Added broadcast_11_piece0 in memory on 68d0d8c522fe:43173 (size: 5.9 KiB, free: 434.3 MiB)
[2025-11-25T12:15:33.621+0000] {subprocess.py:106} INFO - 25/11/25 12:15:33 INFO SparkContext: Created broadcast 11 from broadcast at DAGScheduler.scala:1585
[2025-11-25T12:15:33.622+0000] {subprocess.py:106} INFO - 25/11/25 12:15:33 INFO DAGScheduler: Submitting 1 missing tasks from ResultStage 11 (MapPartitionsRDD[25] at count at <unknown>:0) (first 15 tasks are for partitions Vector(0))
[2025-11-25T12:15:33.623+0000] {subprocess.py:106} INFO - 25/11/25 12:15:33 INFO TaskSchedulerImpl: Adding task set 11.0 with 1 tasks resource profile 0
[2025-11-25T12:15:33.623+0000] {subprocess.py:106} INFO - 25/11/25 12:15:33 INFO TaskSetManager: Starting task 0.0 in stage 11.0 (TID 18) (172.30.0.7, executor 0, partition 0, NODE_LOCAL, 9331 bytes)
[2025-11-25T12:15:33.644+0000] {subprocess.py:106} INFO - 25/11/25 12:15:33 INFO BlockManagerInfo: Added broadcast_11_piece0 in memory on 172.30.0.7:44329 (size: 5.9 KiB, free: 434.3 MiB)
[2025-11-25T12:15:33.654+0000] {subprocess.py:106} INFO - 25/11/25 12:15:33 INFO MapOutputTrackerMasterEndpoint: Asked to send map output locations for shuffle 3 to 172.30.0.7:46758
[2025-11-25T12:15:33.684+0000] {subprocess.py:106} INFO - 25/11/25 12:15:33 INFO TaskSetManager: Finished task 0.0 in stage 11.0 (TID 18) in 61 ms on 172.30.0.7 (executor 0) (1/1)
[2025-11-25T12:15:33.686+0000] {subprocess.py:106} INFO - 25/11/25 12:15:33 INFO TaskSchedulerImpl: Removed TaskSet 11.0, whose tasks have all completed, from pool
[2025-11-25T12:15:33.687+0000] {subprocess.py:106} INFO - 25/11/25 12:15:33 INFO DAGScheduler: ResultStage 11 (count at <unknown>:0) finished in 0.076 s
[2025-11-25T12:15:33.689+0000] {subprocess.py:106} INFO - 25/11/25 12:15:33 INFO DAGScheduler: Job 6 is finished. Cancelling potential speculative or zombie tasks for this job
[2025-11-25T12:15:33.690+0000] {subprocess.py:106} INFO - 25/11/25 12:15:33 INFO TaskSchedulerImpl: Killing all running tasks in stage 11: Stage finished
[2025-11-25T12:15:33.691+0000] {subprocess.py:106} INFO - 25/11/25 12:15:33 INFO DAGScheduler: Job 6 finished: count at <unknown>:0, took 0.089435 s
[2025-11-25T12:15:33.692+0000] {subprocess.py:106} INFO -  Record count after cleaning: 4586
[2025-11-25T12:15:33.698+0000] {subprocess.py:106} INFO - 25/11/25 12:15:33 INFO SparkContext: SparkContext is stopping with exitCode 0.
[2025-11-25T12:15:33.714+0000] {subprocess.py:106} INFO - 25/11/25 12:15:33 INFO SparkUI: Stopped Spark web UI at http://68d0d8c522fe:4040
[2025-11-25T12:15:33.724+0000] {subprocess.py:106} INFO - 25/11/25 12:15:33 INFO StandaloneSchedulerBackend: Shutting down all executors
[2025-11-25T12:15:33.725+0000] {subprocess.py:106} INFO - 25/11/25 12:15:33 INFO StandaloneSchedulerBackend$StandaloneDriverEndpoint: Asking each executor to shut down
[2025-11-25T12:15:33.765+0000] {subprocess.py:106} INFO - 25/11/25 12:15:33 INFO MapOutputTrackerMasterEndpoint: MapOutputTrackerMasterEndpoint stopped!
[2025-11-25T12:15:33.791+0000] {subprocess.py:106} INFO - 25/11/25 12:15:33 INFO MemoryStore: MemoryStore cleared
[2025-11-25T12:15:33.793+0000] {subprocess.py:106} INFO - 25/11/25 12:15:33 INFO BlockManager: BlockManager stopped
[2025-11-25T12:15:33.799+0000] {subprocess.py:106} INFO - 25/11/25 12:15:33 INFO BlockManagerMaster: BlockManagerMaster stopped
[2025-11-25T12:15:33.805+0000] {subprocess.py:106} INFO - 25/11/25 12:15:33 INFO OutputCommitCoordinator$OutputCommitCoordinatorEndpoint: OutputCommitCoordinator stopped!
[2025-11-25T12:15:33.835+0000] {subprocess.py:106} INFO - 25/11/25 12:15:33 INFO SparkContext: Successfully stopped SparkContext
[2025-11-25T12:15:33.958+0000] {subprocess.py:106} INFO - 25/11/25 12:15:33 INFO ShutdownHookManager: Shutdown hook called
[2025-11-25T12:15:33.959+0000] {subprocess.py:106} INFO - 25/11/25 12:15:33 INFO ShutdownHookManager: Deleting directory /tmp/spark-299e82e6-1466-42ea-bfc3-daa1b151f3ff/pyspark-4ad6213e-5d1f-4447-8681-b08503e2da2c
[2025-11-25T12:15:33.965+0000] {subprocess.py:106} INFO - 25/11/25 12:15:33 INFO ShutdownHookManager: Deleting directory /tmp/spark-913f563f-68b8-410c-a369-5e668ef1d967
[2025-11-25T12:15:33.970+0000] {subprocess.py:106} INFO - 25/11/25 12:15:33 INFO ShutdownHookManager: Deleting directory /tmp/spark-299e82e6-1466-42ea-bfc3-daa1b151f3ff
[2025-11-25T12:15:34.084+0000] {subprocess.py:110} INFO - Command exited with return code 0
[2025-11-25T12:15:34.178+0000] {taskinstance.py:341} INFO - ::group::Post task execution logs
[2025-11-25T12:15:34.179+0000] {taskinstance.py:353} INFO - Marking task as SUCCESS. dag_id=crawl_etl_itjob, task_id=clean_silver, run_id=scheduled__2025-11-23T02:00:00+00:00, execution_date=20251123T020000, start_date=20251125T121452, end_date=20251125T121534
[2025-11-25T12:15:34.300+0000] {local_task_job_runner.py:266} INFO - Task exited with return code 0
[2025-11-25T12:15:34.371+0000] {taskinstance.py:3901} INFO - 1 downstream tasks scheduled from follow-on schedule check
[2025-11-25T12:15:34.374+0000] {local_task_job_runner.py:245} INFO - ::endgroup::
