[2026-02-08T09:42:38.433+0000] {local_task_job_runner.py:123} INFO - ::group::Pre task execution logs
[2026-02-08T09:42:38.468+0000] {taskinstance.py:2614} INFO - Dependencies all met for dep_context=non-requeueable deps ti=<TaskInstance: crawl_etl_itjob.load_bronze scheduled__2026-01-31T02:00:00+00:00 [queued]>
[2026-02-08T09:42:38.478+0000] {taskinstance.py:2614} INFO - Dependencies all met for dep_context=requeueable deps ti=<TaskInstance: crawl_etl_itjob.load_bronze scheduled__2026-01-31T02:00:00+00:00 [queued]>
[2026-02-08T09:42:38.479+0000] {taskinstance.py:2867} INFO - Starting attempt 1 of 2
[2026-02-08T09:42:38.491+0000] {taskinstance.py:2890} INFO - Executing <Task(BashOperator): load_bronze> on 2026-01-31 02:00:00+00:00
[2026-02-08T09:42:38.496+0000] {standard_task_runner.py:72} INFO - Started process 55 to run task
[2026-02-08T09:42:38.502+0000] {standard_task_runner.py:104} INFO - Running: ['***', 'tasks', 'run', 'crawl_etl_itjob', 'load_bronze', 'scheduled__2026-01-31T02:00:00+00:00', '--job-id', '494', '--raw', '--subdir', 'DAGS_FOLDER/Crawl_ETL_ITJob.py', '--cfg-path', '/tmp/tmpjv7r3dvv']
[2026-02-08T09:42:38.505+0000] {standard_task_runner.py:105} INFO - Job 494: Subtask load_bronze
[2026-02-08T09:42:38.528+0000] {warnings.py:109} WARNING - /home/***/.local/lib/python3.8/site-packages/***/settings.py:209: DeprecationWarning: The sql_alchemy_conn option in [core] has been moved to the sql_alchemy_conn option in [database] - the old setting has been used, but please update your config.
  SQL_ALCHEMY_CONN = conf.get("database", "SQL_ALCHEMY_CONN")

[2026-02-08T09:42:38.598+0000] {task_command.py:467} INFO - Running <TaskInstance: crawl_etl_itjob.load_bronze scheduled__2026-01-31T02:00:00+00:00 [running]> on host 19d569223134
[2026-02-08T09:42:38.599+0000] {warnings.py:109} WARNING - /home/***/.local/lib/python3.8/site-packages/***/settings.py:470: DeprecationWarning: The sql_alchemy_conn option in [core] has been moved to the sql_alchemy_conn option in [database] - the old setting has been used, but please update your config.
  if conf.get("database", "sql_alchemy_conn") == "none://":

[2026-02-08T09:42:38.715+0000] {taskinstance.py:3134} INFO - Exporting env vars: AIRFLOW_CTX_DAG_EMAIL='dinhhoa0102@gmail.com' AIRFLOW_CTX_DAG_OWNER='***' AIRFLOW_CTX_DAG_ID='crawl_etl_itjob' AIRFLOW_CTX_TASK_ID='load_bronze' AIRFLOW_CTX_EXECUTION_DATE='2026-01-31T02:00:00+00:00' AIRFLOW_CTX_TRY_NUMBER='1' AIRFLOW_CTX_DAG_RUN_ID='scheduled__2026-01-31T02:00:00+00:00'
[2026-02-08T09:42:38.716+0000] {taskinstance.py:732} INFO - ::endgroup::
[2026-02-08T09:42:38.737+0000] {subprocess.py:78} INFO - Tmp dir root location: /tmp
[2026-02-08T09:42:38.738+0000] {subprocess.py:88} INFO - Running command: ['/bin/bash', '-c', "\n        docker exec spark-submit bash -c '\n        /opt/spark/bin/spark-submit         --master spark://spark-master:7077         --deploy-mode client         --packages org.apache.iceberg:iceberg-spark-runtime-3.5_2.12:1.5.0         /opt/spark/scripts/Load_Bronze.py\n        '\n        "]
[2026-02-08T09:42:38.749+0000] {subprocess.py:99} INFO - Output:
[2026-02-08T09:42:41.098+0000] {subprocess.py:106} INFO - :: loading settings :: url = jar:file:/opt/spark/jars/ivy-2.5.1.jar!/org/apache/ivy/core/settings/ivysettings.xml
[2026-02-08T09:42:41.215+0000] {subprocess.py:106} INFO - Ivy Default Cache set to: /home/spark/.ivy2/cache
[2026-02-08T09:42:41.216+0000] {subprocess.py:106} INFO - The jars for the packages stored in: /home/spark/.ivy2/jars
[2026-02-08T09:42:41.219+0000] {subprocess.py:106} INFO - org.apache.iceberg#iceberg-spark-runtime-3.5_2.12 added as a dependency
[2026-02-08T09:42:41.220+0000] {subprocess.py:106} INFO - :: resolving dependencies :: org.apache.spark#spark-submit-parent-b21417c0-d2b1-48fb-a6ee-d6cc33ac07f6;1.0
[2026-02-08T09:42:41.224+0000] {subprocess.py:106} INFO - 	confs: [default]
[2026-02-08T09:42:41.328+0000] {subprocess.py:106} INFO - 	found org.apache.iceberg#iceberg-spark-runtime-3.5_2.12;1.5.0 in central
[2026-02-08T09:42:41.341+0000] {subprocess.py:106} INFO - :: resolution report :: resolve 118ms :: artifacts dl 3ms
[2026-02-08T09:42:41.342+0000] {subprocess.py:106} INFO - 	:: modules in use:
[2026-02-08T09:42:41.342+0000] {subprocess.py:106} INFO - 	org.apache.iceberg#iceberg-spark-runtime-3.5_2.12;1.5.0 from central in [default]
[2026-02-08T09:42:41.343+0000] {subprocess.py:106} INFO - 	---------------------------------------------------------------------
[2026-02-08T09:42:41.343+0000] {subprocess.py:106} INFO - 	|                  |            modules            ||   artifacts   |
[2026-02-08T09:42:41.343+0000] {subprocess.py:106} INFO - 	|       conf       | number| search|dwnlded|evicted|| number|dwnlded|
[2026-02-08T09:42:41.344+0000] {subprocess.py:106} INFO - 	---------------------------------------------------------------------
[2026-02-08T09:42:41.344+0000] {subprocess.py:106} INFO - 	|      default     |   1   |   0   |   0   |   0   ||   1   |   0   |
[2026-02-08T09:42:41.344+0000] {subprocess.py:106} INFO - 	---------------------------------------------------------------------
[2026-02-08T09:42:41.345+0000] {subprocess.py:106} INFO - :: retrieving :: org.apache.spark#spark-submit-parent-b21417c0-d2b1-48fb-a6ee-d6cc33ac07f6
[2026-02-08T09:42:41.345+0000] {subprocess.py:106} INFO - 	confs: [default]
[2026-02-08T09:42:41.350+0000] {subprocess.py:106} INFO - 	0 artifacts copied, 1 already retrieved (0kB/5ms)
[2026-02-08T09:42:41.665+0000] {subprocess.py:106} INFO - 26/02/08 09:42:41 WARN NativeCodeLoader: Unable to load native-hadoop library for your platform... using builtin-java classes where applicable
[2026-02-08T09:42:42.784+0000] {subprocess.py:106} INFO - 26/02/08 09:42:42 INFO SparkContext: Running Spark version 3.5.3
[2026-02-08T09:42:42.785+0000] {subprocess.py:106} INFO - 26/02/08 09:42:42 INFO SparkContext: OS info Linux, 6.6.87.2-microsoft-standard-WSL2, amd64
[2026-02-08T09:42:42.786+0000] {subprocess.py:106} INFO - 26/02/08 09:42:42 INFO SparkContext: Java version 11.0.24
[2026-02-08T09:42:42.815+0000] {subprocess.py:106} INFO - 26/02/08 09:42:42 INFO ResourceUtils: ==============================================================
[2026-02-08T09:42:42.816+0000] {subprocess.py:106} INFO - 26/02/08 09:42:42 INFO ResourceUtils: No custom resources configured for spark.driver.
[2026-02-08T09:42:42.817+0000] {subprocess.py:106} INFO - 26/02/08 09:42:42 INFO ResourceUtils: ==============================================================
[2026-02-08T09:42:42.818+0000] {subprocess.py:106} INFO - 26/02/08 09:42:42 INFO SparkContext: Submitted application: Load_Bronze_MinIO_Iceberg
[2026-02-08T09:42:42.849+0000] {subprocess.py:106} INFO - 26/02/08 09:42:42 INFO ResourceProfile: Default ResourceProfile created, executor resources: Map(memory -> name: memory, amount: 1024, script: , vendor: , offHeap -> name: offHeap, amount: 0, script: , vendor: ), task resources: Map(cpus -> name: cpus, amount: 1.0)
[2026-02-08T09:42:42.859+0000] {subprocess.py:106} INFO - 26/02/08 09:42:42 INFO ResourceProfile: Limiting resource is cpu
[2026-02-08T09:42:42.859+0000] {subprocess.py:106} INFO - 26/02/08 09:42:42 INFO ResourceProfileManager: Added ResourceProfile id: 0
[2026-02-08T09:42:42.954+0000] {subprocess.py:106} INFO - 26/02/08 09:42:42 INFO SecurityManager: Changing view acls to: spark
[2026-02-08T09:42:42.955+0000] {subprocess.py:106} INFO - 26/02/08 09:42:42 INFO SecurityManager: Changing modify acls to: spark
[2026-02-08T09:42:42.956+0000] {subprocess.py:106} INFO - 26/02/08 09:42:42 INFO SecurityManager: Changing view acls groups to:
[2026-02-08T09:42:42.959+0000] {subprocess.py:106} INFO - 26/02/08 09:42:42 INFO SecurityManager: Changing modify acls groups to:
[2026-02-08T09:42:42.962+0000] {subprocess.py:106} INFO - 26/02/08 09:42:42 INFO SecurityManager: SecurityManager: authentication disabled; ui acls disabled; users with view permissions: spark; groups with view permissions: EMPTY; users with modify permissions: spark; groups with modify permissions: EMPTY
[2026-02-08T09:42:43.213+0000] {subprocess.py:106} INFO - 26/02/08 09:42:43 INFO Utils: Successfully started service 'sparkDriver' on port 37117.
[2026-02-08T09:42:43.276+0000] {subprocess.py:106} INFO - 26/02/08 09:42:43 INFO SparkEnv: Registering MapOutputTracker
[2026-02-08T09:42:43.331+0000] {subprocess.py:106} INFO - 26/02/08 09:42:43 INFO SparkEnv: Registering BlockManagerMaster
[2026-02-08T09:42:43.360+0000] {subprocess.py:106} INFO - 26/02/08 09:42:43 INFO BlockManagerMasterEndpoint: Using org.apache.spark.storage.DefaultTopologyMapper for getting topology information
[2026-02-08T09:42:43.360+0000] {subprocess.py:106} INFO - 26/02/08 09:42:43 INFO BlockManagerMasterEndpoint: BlockManagerMasterEndpoint up
[2026-02-08T09:42:43.367+0000] {subprocess.py:106} INFO - 26/02/08 09:42:43 INFO SparkEnv: Registering BlockManagerMasterHeartbeat
[2026-02-08T09:42:43.414+0000] {subprocess.py:106} INFO - 26/02/08 09:42:43 INFO DiskBlockManager: Created local directory at /tmp/blockmgr-7ed9f6db-fe3e-4840-8724-fbe6feaa73c2
[2026-02-08T09:42:43.433+0000] {subprocess.py:106} INFO - 26/02/08 09:42:43 INFO MemoryStore: MemoryStore started with capacity 434.4 MiB
[2026-02-08T09:42:43.451+0000] {subprocess.py:106} INFO - 26/02/08 09:42:43 INFO SparkEnv: Registering OutputCommitCoordinator
[2026-02-08T09:42:43.630+0000] {subprocess.py:106} INFO - 26/02/08 09:42:43 INFO JettyUtils: Start Jetty 0.0.0.0:4040 for SparkUI
[2026-02-08T09:42:43.699+0000] {subprocess.py:106} INFO - 26/02/08 09:42:43 INFO Utils: Successfully started service 'SparkUI' on port 4040.
[2026-02-08T09:42:43.743+0000] {subprocess.py:106} INFO - 26/02/08 09:42:43 INFO SparkContext: Added JAR file:///home/spark/.ivy2/jars/org.apache.iceberg_iceberg-spark-runtime-3.5_2.12-1.5.0.jar at spark://499f1d118d82:37117/jars/org.apache.iceberg_iceberg-spark-runtime-3.5_2.12-1.5.0.jar with timestamp 1770543762773
[2026-02-08T09:42:43.748+0000] {subprocess.py:106} INFO - 26/02/08 09:42:43 INFO SparkContext: Added file file:///home/spark/.ivy2/jars/org.apache.iceberg_iceberg-spark-runtime-3.5_2.12-1.5.0.jar at spark://499f1d118d82:37117/files/org.apache.iceberg_iceberg-spark-runtime-3.5_2.12-1.5.0.jar with timestamp 1770543762773
[2026-02-08T09:42:43.750+0000] {subprocess.py:106} INFO - 26/02/08 09:42:43 INFO Utils: Copying /home/spark/.ivy2/jars/org.apache.iceberg_iceberg-spark-runtime-3.5_2.12-1.5.0.jar to /tmp/spark-170d0f45-621f-4b42-8c45-2133fff95ac7/userFiles-5907b55a-e606-4987-981d-513ab7dd09f5/org.apache.iceberg_iceberg-spark-runtime-3.5_2.12-1.5.0.jar
[2026-02-08T09:42:43.993+0000] {subprocess.py:106} INFO - 26/02/08 09:42:43 INFO StandaloneAppClient$ClientEndpoint: Connecting to master spark://spark-master:7077...
[2026-02-08T09:42:44.082+0000] {subprocess.py:106} INFO - 26/02/08 09:42:44 INFO TransportClientFactory: Successfully created connection to spark-master/172.30.0.5:7077 after 62 ms (0 ms spent in bootstraps)
[2026-02-08T09:42:44.521+0000] {subprocess.py:106} INFO - 26/02/08 09:42:44 INFO StandaloneSchedulerBackend: Connected to Spark cluster with app ID app-20260208094244-0000
[2026-02-08T09:42:44.536+0000] {subprocess.py:106} INFO - 26/02/08 09:42:44 INFO Utils: Successfully started service 'org.apache.spark.network.netty.NettyBlockTransferService' on port 42605.
[2026-02-08T09:42:44.537+0000] {subprocess.py:106} INFO - 26/02/08 09:42:44 INFO NettyBlockTransferService: Server created on 499f1d118d82:42605
[2026-02-08T09:42:44.541+0000] {subprocess.py:106} INFO - 26/02/08 09:42:44 INFO BlockManager: Using org.apache.spark.storage.RandomBlockReplicationPolicy for block replication policy
[2026-02-08T09:42:44.555+0000] {subprocess.py:106} INFO - 26/02/08 09:42:44 INFO StandaloneAppClient$ClientEndpoint: Executor added: app-20260208094244-0000/0 on worker-20260208092826-172.30.0.6-39101 (172.30.0.6:39101) with 1 core(s)
[2026-02-08T09:42:44.556+0000] {subprocess.py:106} INFO - 26/02/08 09:42:44 INFO BlockManagerMaster: Registering BlockManager BlockManagerId(driver, 499f1d118d82, 42605, None)
[2026-02-08T09:42:44.557+0000] {subprocess.py:106} INFO - 26/02/08 09:42:44 INFO StandaloneSchedulerBackend: Granted executor ID app-20260208094244-0000/0 on hostPort 172.30.0.6:39101 with 1 core(s), 1024.0 MiB RAM
[2026-02-08T09:42:44.562+0000] {subprocess.py:106} INFO - 26/02/08 09:42:44 INFO BlockManagerMasterEndpoint: Registering block manager 499f1d118d82:42605 with 434.4 MiB RAM, BlockManagerId(driver, 499f1d118d82, 42605, None)
[2026-02-08T09:42:44.566+0000] {subprocess.py:106} INFO - 26/02/08 09:42:44 INFO BlockManagerMaster: Registered BlockManager BlockManagerId(driver, 499f1d118d82, 42605, None)
[2026-02-08T09:42:44.568+0000] {subprocess.py:106} INFO - 26/02/08 09:42:44 INFO BlockManager: Initialized BlockManager: BlockManagerId(driver, 499f1d118d82, 42605, None)
[2026-02-08T09:42:44.871+0000] {subprocess.py:106} INFO - 26/02/08 09:42:44 INFO StandaloneSchedulerBackend: SchedulerBackend is ready for scheduling beginning after reached minRegisteredResourcesRatio: 0.0
[2026-02-08T09:42:45.221+0000] {subprocess.py:106} INFO - 26/02/08 09:42:45 INFO StandaloneAppClient$ClientEndpoint: Executor updated: app-20260208094244-0000/0 is now RUNNING
[2026-02-08T09:42:45.678+0000] {subprocess.py:106} INFO - Reading data from: s3a://warehouse/raw/itviec_jobs_full.csv
[2026-02-08T09:42:45.712+0000] {subprocess.py:106} INFO - 26/02/08 09:42:45 INFO SharedState: Setting hive.metastore.warehouse.dir ('null') to the value of spark.sql.warehouse.dir.
[2026-02-08T09:42:45.726+0000] {subprocess.py:106} INFO - 26/02/08 09:42:45 INFO SharedState: Warehouse path is 'file:/opt/spark/work-dir/spark-warehouse'.
[2026-02-08T09:42:47.814+0000] {subprocess.py:106} INFO - 26/02/08 09:42:47 WARN FileStreamSink: Assume no metadata directory. Error while looking for metadata directory in the path: s3a://warehouse/raw/itviec_jobs_full.csv.
[2026-02-08T09:42:47.815+0000] {subprocess.py:106} INFO - java.lang.RuntimeException: java.lang.ClassNotFoundException: Class org.apache.hadoop.fs.s3a.S3AFileSystem not found
[2026-02-08T09:42:47.816+0000] {subprocess.py:106} INFO - 	at org.apache.hadoop.conf.Configuration.getClass(Configuration.java:2688)
[2026-02-08T09:42:47.818+0000] {subprocess.py:106} INFO - 	at org.apache.hadoop.fs.FileSystem.getFileSystemClass(FileSystem.java:3431)
[2026-02-08T09:42:47.820+0000] {subprocess.py:106} INFO - 	at org.apache.hadoop.fs.FileSystem.createFileSystem(FileSystem.java:3466)
[2026-02-08T09:42:47.821+0000] {subprocess.py:106} INFO - 	at org.apache.hadoop.fs.FileSystem.access$300(FileSystem.java:174)
[2026-02-08T09:42:47.822+0000] {subprocess.py:106} INFO - 	at org.apache.hadoop.fs.FileSystem$Cache.getInternal(FileSystem.java:3574)
[2026-02-08T09:42:47.822+0000] {subprocess.py:106} INFO - 	at org.apache.hadoop.fs.FileSystem$Cache.get(FileSystem.java:3521)
[2026-02-08T09:42:47.824+0000] {subprocess.py:106} INFO - 	at org.apache.hadoop.fs.FileSystem.get(FileSystem.java:540)
[2026-02-08T09:42:47.824+0000] {subprocess.py:106} INFO - 	at org.apache.hadoop.fs.Path.getFileSystem(Path.java:365)
[2026-02-08T09:42:47.825+0000] {subprocess.py:106} INFO - 	at org.apache.spark.sql.execution.streaming.FileStreamSink$.hasMetadata(FileStreamSink.scala:53)
[2026-02-08T09:42:47.825+0000] {subprocess.py:106} INFO - 	at org.apache.spark.sql.execution.datasources.DataSource.resolveRelation(DataSource.scala:366)
[2026-02-08T09:42:47.826+0000] {subprocess.py:106} INFO - 	at org.apache.spark.sql.DataFrameReader.loadV1Source(DataFrameReader.scala:229)
[2026-02-08T09:42:47.826+0000] {subprocess.py:106} INFO - 	at org.apache.spark.sql.DataFrameReader.$anonfun$load$2(DataFrameReader.scala:211)
[2026-02-08T09:42:47.827+0000] {subprocess.py:106} INFO - 	at scala.Option.getOrElse(Option.scala:189)
[2026-02-08T09:42:47.827+0000] {subprocess.py:106} INFO - 	at org.apache.spark.sql.DataFrameReader.load(DataFrameReader.scala:211)
[2026-02-08T09:42:47.828+0000] {subprocess.py:106} INFO - 	at org.apache.spark.sql.DataFrameReader.csv(DataFrameReader.scala:538)
[2026-02-08T09:42:47.828+0000] {subprocess.py:106} INFO - 	at java.base/jdk.internal.reflect.NativeMethodAccessorImpl.invoke0(Native Method)
[2026-02-08T09:42:47.829+0000] {subprocess.py:106} INFO - 	at java.base/jdk.internal.reflect.NativeMethodAccessorImpl.invoke(Unknown Source)
[2026-02-08T09:42:47.829+0000] {subprocess.py:106} INFO - 	at java.base/jdk.internal.reflect.DelegatingMethodAccessorImpl.invoke(Unknown Source)
[2026-02-08T09:42:47.830+0000] {subprocess.py:106} INFO - 	at java.base/java.lang.reflect.Method.invoke(Unknown Source)
[2026-02-08T09:42:47.830+0000] {subprocess.py:106} INFO - 	at py4j.reflection.MethodInvoker.invoke(MethodInvoker.java:244)
[2026-02-08T09:42:47.831+0000] {subprocess.py:106} INFO - 	at py4j.reflection.ReflectionEngine.invoke(ReflectionEngine.java:374)
[2026-02-08T09:42:47.831+0000] {subprocess.py:106} INFO - 	at py4j.Gateway.invoke(Gateway.java:282)
[2026-02-08T09:42:47.832+0000] {subprocess.py:106} INFO - 	at py4j.commands.AbstractCommand.invokeMethod(AbstractCommand.java:132)
[2026-02-08T09:42:47.832+0000] {subprocess.py:106} INFO - 	at py4j.commands.CallCommand.execute(CallCommand.java:79)
[2026-02-08T09:42:47.833+0000] {subprocess.py:106} INFO - 	at py4j.ClientServerConnection.waitForCommands(ClientServerConnection.java:182)
[2026-02-08T09:42:47.833+0000] {subprocess.py:106} INFO - 	at py4j.ClientServerConnection.run(ClientServerConnection.java:106)
[2026-02-08T09:42:47.833+0000] {subprocess.py:106} INFO - 	at java.base/java.lang.Thread.run(Unknown Source)
[2026-02-08T09:42:47.834+0000] {subprocess.py:106} INFO - Caused by: java.lang.ClassNotFoundException: Class org.apache.hadoop.fs.s3a.S3AFileSystem not found
[2026-02-08T09:42:47.834+0000] {subprocess.py:106} INFO - 	at org.apache.hadoop.conf.Configuration.getClassByName(Configuration.java:2592)
[2026-02-08T09:42:47.835+0000] {subprocess.py:106} INFO - 	at org.apache.hadoop.conf.Configuration.getClass(Configuration.java:2686)
[2026-02-08T09:42:47.835+0000] {subprocess.py:106} INFO - 	... 26 more
[2026-02-08T09:42:47.924+0000] {subprocess.py:106} INFO - Traceback (most recent call last):
[2026-02-08T09:42:47.925+0000] {subprocess.py:106} INFO -   File "/opt/spark/scripts/Load_Bronze.py", line 54, in <module>
[2026-02-08T09:42:47.928+0000] {subprocess.py:106} INFO -     spark.read
[2026-02-08T09:42:47.929+0000] {subprocess.py:106} INFO -   File "/opt/spark/python/lib/pyspark.zip/pyspark/sql/readwriter.py", line 740, in csv
[2026-02-08T09:42:47.930+0000] {subprocess.py:106} INFO -   File "/opt/spark/python/lib/py4j-0.10.9.7-src.zip/py4j/java_gateway.py", line 1322, in __call__
[2026-02-08T09:42:47.931+0000] {subprocess.py:106} INFO -   File "/opt/spark/python/lib/pyspark.zip/pyspark/errors/exceptions/captured.py", line 179, in deco
[2026-02-08T09:42:47.932+0000] {subprocess.py:106} INFO -   File "/opt/spark/python/lib/py4j-0.10.9.7-src.zip/py4j/protocol.py", line 326, in get_return_value
[2026-02-08T09:42:47.932+0000] {subprocess.py:106} INFO - py4j.protocol.Py4JJavaError: An error occurred while calling o56.csv.
[2026-02-08T09:42:47.933+0000] {subprocess.py:106} INFO - : java.lang.RuntimeException: java.lang.ClassNotFoundException: Class org.apache.hadoop.fs.s3a.S3AFileSystem not found
[2026-02-08T09:42:47.934+0000] {subprocess.py:106} INFO - 	at org.apache.hadoop.conf.Configuration.getClass(Configuration.java:2688)
[2026-02-08T09:42:47.934+0000] {subprocess.py:106} INFO - 	at org.apache.hadoop.fs.FileSystem.getFileSystemClass(FileSystem.java:3431)
[2026-02-08T09:42:47.934+0000] {subprocess.py:106} INFO - 	at org.apache.hadoop.fs.FileSystem.createFileSystem(FileSystem.java:3466)
[2026-02-08T09:42:47.940+0000] {subprocess.py:106} INFO - 	at org.apache.hadoop.fs.FileSystem.access$300(FileSystem.java:174)
[2026-02-08T09:42:47.940+0000] {subprocess.py:106} INFO - 	at org.apache.hadoop.fs.FileSystem$Cache.getInternal(FileSystem.java:3574)
[2026-02-08T09:42:47.941+0000] {subprocess.py:106} INFO - 	at org.apache.hadoop.fs.FileSystem$Cache.get(FileSystem.java:3521)
[2026-02-08T09:42:47.942+0000] {subprocess.py:106} INFO - 	at org.apache.hadoop.fs.FileSystem.get(FileSystem.java:540)
[2026-02-08T09:42:47.942+0000] {subprocess.py:106} INFO - 	at org.apache.hadoop.fs.Path.getFileSystem(Path.java:365)
[2026-02-08T09:42:47.943+0000] {subprocess.py:106} INFO - 	at org.apache.spark.sql.execution.datasources.DataSource$.$anonfun$checkAndGlobPathIfNecessary$1(DataSource.scala:724)
[2026-02-08T09:42:47.943+0000] {subprocess.py:106} INFO - 	at scala.collection.immutable.List.map(List.scala:293)
[2026-02-08T09:42:47.943+0000] {subprocess.py:106} INFO - 	at org.apache.spark.sql.execution.datasources.DataSource$.checkAndGlobPathIfNecessary(DataSource.scala:722)
[2026-02-08T09:42:47.944+0000] {subprocess.py:106} INFO - 	at org.apache.spark.sql.execution.datasources.DataSource.checkAndGlobPathIfNecessary(DataSource.scala:551)
[2026-02-08T09:42:47.944+0000] {subprocess.py:106} INFO - 	at org.apache.spark.sql.execution.datasources.DataSource.resolveRelation(DataSource.scala:404)
[2026-02-08T09:42:47.945+0000] {subprocess.py:106} INFO - 	at org.apache.spark.sql.DataFrameReader.loadV1Source(DataFrameReader.scala:229)
[2026-02-08T09:42:47.946+0000] {subprocess.py:106} INFO - 	at org.apache.spark.sql.DataFrameReader.$anonfun$load$2(DataFrameReader.scala:211)
[2026-02-08T09:42:47.946+0000] {subprocess.py:106} INFO - 	at scala.Option.getOrElse(Option.scala:189)
[2026-02-08T09:42:47.946+0000] {subprocess.py:106} INFO - 	at org.apache.spark.sql.DataFrameReader.load(DataFrameReader.scala:211)
[2026-02-08T09:42:47.947+0000] {subprocess.py:106} INFO - 	at org.apache.spark.sql.DataFrameReader.csv(DataFrameReader.scala:538)
[2026-02-08T09:42:47.947+0000] {subprocess.py:106} INFO - 	at java.base/jdk.internal.reflect.NativeMethodAccessorImpl.invoke0(Native Method)
[2026-02-08T09:42:47.947+0000] {subprocess.py:106} INFO - 	at java.base/jdk.internal.reflect.NativeMethodAccessorImpl.invoke(Unknown Source)
[2026-02-08T09:42:47.948+0000] {subprocess.py:106} INFO - 	at java.base/jdk.internal.reflect.DelegatingMethodAccessorImpl.invoke(Unknown Source)
[2026-02-08T09:42:47.948+0000] {subprocess.py:106} INFO - 	at java.base/java.lang.reflect.Method.invoke(Unknown Source)
[2026-02-08T09:42:47.948+0000] {subprocess.py:106} INFO - 	at py4j.reflection.MethodInvoker.invoke(MethodInvoker.java:244)
[2026-02-08T09:42:47.948+0000] {subprocess.py:106} INFO - 	at py4j.reflection.ReflectionEngine.invoke(ReflectionEngine.java:374)
[2026-02-08T09:42:47.949+0000] {subprocess.py:106} INFO - 	at py4j.Gateway.invoke(Gateway.java:282)
[2026-02-08T09:42:47.949+0000] {subprocess.py:106} INFO - 	at py4j.commands.AbstractCommand.invokeMethod(AbstractCommand.java:132)
[2026-02-08T09:42:47.949+0000] {subprocess.py:106} INFO - 	at py4j.commands.CallCommand.execute(CallCommand.java:79)
[2026-02-08T09:42:47.950+0000] {subprocess.py:106} INFO - 	at py4j.ClientServerConnection.waitForCommands(ClientServerConnection.java:182)
[2026-02-08T09:42:47.950+0000] {subprocess.py:106} INFO - 	at py4j.ClientServerConnection.run(ClientServerConnection.java:106)
[2026-02-08T09:42:47.950+0000] {subprocess.py:106} INFO - 	at java.base/java.lang.Thread.run(Unknown Source)
[2026-02-08T09:42:47.952+0000] {subprocess.py:106} INFO - Caused by: java.lang.ClassNotFoundException: Class org.apache.hadoop.fs.s3a.S3AFileSystem not found
[2026-02-08T09:42:47.952+0000] {subprocess.py:106} INFO - 	at org.apache.hadoop.conf.Configuration.getClassByName(Configuration.java:2592)
[2026-02-08T09:42:47.952+0000] {subprocess.py:106} INFO - 	at org.apache.hadoop.conf.Configuration.getClass(Configuration.java:2686)
[2026-02-08T09:42:47.953+0000] {subprocess.py:106} INFO - 	... 29 more
[2026-02-08T09:42:47.953+0000] {subprocess.py:106} INFO - 
[2026-02-08T09:42:47.985+0000] {subprocess.py:106} INFO - 26/02/08 09:42:47 INFO SparkContext: Invoking stop() from shutdown hook
[2026-02-08T09:42:47.988+0000] {subprocess.py:106} INFO - 26/02/08 09:42:47 INFO SparkContext: SparkContext is stopping with exitCode 0.
[2026-02-08T09:42:48.002+0000] {subprocess.py:106} INFO - 26/02/08 09:42:48 INFO SparkUI: Stopped Spark web UI at http://499f1d118d82:4040
[2026-02-08T09:42:48.011+0000] {subprocess.py:106} INFO - 26/02/08 09:42:48 INFO StandaloneSchedulerBackend: Shutting down all executors
[2026-02-08T09:42:48.016+0000] {subprocess.py:106} INFO - 26/02/08 09:42:48 INFO StandaloneSchedulerBackend$StandaloneDriverEndpoint: Asking each executor to shut down
[2026-02-08T09:42:48.038+0000] {subprocess.py:106} INFO - 26/02/08 09:42:48 INFO MapOutputTrackerMasterEndpoint: MapOutputTrackerMasterEndpoint stopped!
[2026-02-08T09:42:48.068+0000] {subprocess.py:106} INFO - 26/02/08 09:42:48 INFO MemoryStore: MemoryStore cleared
[2026-02-08T09:42:48.071+0000] {subprocess.py:106} INFO - 26/02/08 09:42:48 INFO BlockManager: BlockManager stopped
[2026-02-08T09:42:48.076+0000] {subprocess.py:106} INFO - 26/02/08 09:42:48 INFO BlockManagerMaster: BlockManagerMaster stopped
[2026-02-08T09:42:48.078+0000] {subprocess.py:106} INFO - 26/02/08 09:42:48 INFO OutputCommitCoordinator$OutputCommitCoordinatorEndpoint: OutputCommitCoordinator stopped!
[2026-02-08T09:42:48.106+0000] {subprocess.py:106} INFO - 26/02/08 09:42:48 INFO SparkContext: Successfully stopped SparkContext
[2026-02-08T09:42:48.106+0000] {subprocess.py:106} INFO - 26/02/08 09:42:48 INFO ShutdownHookManager: Shutdown hook called
[2026-02-08T09:42:48.107+0000] {subprocess.py:106} INFO - 26/02/08 09:42:48 INFO ShutdownHookManager: Deleting directory /tmp/spark-170d0f45-621f-4b42-8c45-2133fff95ac7/pyspark-8e4c3901-9a33-4166-ade1-3d79502e1885
[2026-02-08T09:42:48.110+0000] {subprocess.py:106} INFO - 26/02/08 09:42:48 INFO ShutdownHookManager: Deleting directory /tmp/spark-5bd2c372-e239-4c53-b7cb-7f585d2b6bb1
[2026-02-08T09:42:48.114+0000] {subprocess.py:106} INFO - 26/02/08 09:42:48 INFO ShutdownHookManager: Deleting directory /tmp/spark-170d0f45-621f-4b42-8c45-2133fff95ac7
[2026-02-08T09:42:48.170+0000] {subprocess.py:110} INFO - Command exited with return code 1
[2026-02-08T09:42:48.193+0000] {taskinstance.py:3313} ERROR - Task failed with exception
Traceback (most recent call last):
  File "/home/airflow/.local/lib/python3.8/site-packages/airflow/models/taskinstance.py", line 763, in _execute_task
    result = _execute_callable(context=context, **execute_callable_kwargs)
  File "/home/airflow/.local/lib/python3.8/site-packages/airflow/models/taskinstance.py", line 734, in _execute_callable
    return ExecutionCallableRunner(
  File "/home/airflow/.local/lib/python3.8/site-packages/airflow/utils/operator_helpers.py", line 252, in run
    return self.func(*args, **kwargs)
  File "/home/airflow/.local/lib/python3.8/site-packages/airflow/models/baseoperator.py", line 424, in wrapper
    return func(self, *args, **kwargs)
  File "/home/airflow/.local/lib/python3.8/site-packages/airflow/operators/bash.py", line 276, in execute
    raise AirflowException(
airflow.exceptions.AirflowException: Bash command failed. The command returned a non-zero exit code 1.
[2026-02-08T09:42:48.206+0000] {taskinstance.py:1226} INFO - Marking task as UP_FOR_RETRY. dag_id=crawl_etl_itjob, task_id=load_bronze, run_id=scheduled__2026-01-31T02:00:00+00:00, execution_date=20260131T020000, start_date=20260208T094238, end_date=20260208T094248
[2026-02-08T09:42:48.352+0000] {taskinstance.py:341} INFO - ::group::Post task execution logs
[2026-02-08T09:42:48.353+0000] {standard_task_runner.py:124} ERROR - Failed to execute job 494 for task load_bronze (Bash command failed. The command returned a non-zero exit code 1.; 55)
Traceback (most recent call last):
  File "/home/airflow/.local/lib/python3.8/site-packages/airflow/task/task_runner/standard_task_runner.py", line 117, in _start_by_fork
    ret = args.func(args, dag=self.dag)
  File "/home/airflow/.local/lib/python3.8/site-packages/airflow/cli/cli_config.py", line 49, in command
    return func(*args, **kwargs)
  File "/home/airflow/.local/lib/python3.8/site-packages/airflow/utils/cli.py", line 116, in wrapper
    return f(*args, **kwargs)
  File "/home/airflow/.local/lib/python3.8/site-packages/airflow/cli/commands/task_command.py", line 483, in task_run
    task_return_code = _run_task_by_selected_method(args, _dag, ti)
  File "/home/airflow/.local/lib/python3.8/site-packages/airflow/cli/commands/task_command.py", line 256, in _run_task_by_selected_method
    return _run_raw_task(args, ti)
  File "/home/airflow/.local/lib/python3.8/site-packages/airflow/cli/commands/task_command.py", line 341, in _run_raw_task
    return ti._run_raw_task(
  File "/home/airflow/.local/lib/python3.8/site-packages/airflow/utils/session.py", line 97, in wrapper
    return func(*args, session=session, **kwargs)
  File "/home/airflow/.local/lib/python3.8/site-packages/airflow/models/taskinstance.py", line 3006, in _run_raw_task
    return _run_raw_task(
  File "/home/airflow/.local/lib/python3.8/site-packages/airflow/models/taskinstance.py", line 274, in _run_raw_task
    TaskInstance._execute_task_with_callbacks(
  File "/home/airflow/.local/lib/python3.8/site-packages/airflow/models/taskinstance.py", line 3161, in _execute_task_with_callbacks
    result = self._execute_task(context, task_orig)
  File "/home/airflow/.local/lib/python3.8/site-packages/airflow/models/taskinstance.py", line 3185, in _execute_task
    return _execute_task(self, context, task_orig)
  File "/home/airflow/.local/lib/python3.8/site-packages/airflow/models/taskinstance.py", line 763, in _execute_task
    result = _execute_callable(context=context, **execute_callable_kwargs)
  File "/home/airflow/.local/lib/python3.8/site-packages/airflow/models/taskinstance.py", line 734, in _execute_callable
    return ExecutionCallableRunner(
  File "/home/airflow/.local/lib/python3.8/site-packages/airflow/utils/operator_helpers.py", line 252, in run
    return self.func(*args, **kwargs)
  File "/home/airflow/.local/lib/python3.8/site-packages/airflow/models/baseoperator.py", line 424, in wrapper
    return func(self, *args, **kwargs)
  File "/home/airflow/.local/lib/python3.8/site-packages/airflow/operators/bash.py", line 276, in execute
    raise AirflowException(
airflow.exceptions.AirflowException: Bash command failed. The command returned a non-zero exit code 1.
[2026-02-08T09:42:48.367+0000] {local_task_job_runner.py:266} INFO - Task exited with return code 1
[2026-02-08T09:42:48.411+0000] {taskinstance.py:3901} INFO - 0 downstream tasks scheduled from follow-on schedule check
[2026-02-08T09:42:48.413+0000] {local_task_job_runner.py:245} INFO - ::endgroup::
