[2025-12-06T07:04:05.847+0000] {local_task_job_runner.py:123} INFO - ::group::Pre task execution logs
[2025-12-06T07:04:05.890+0000] {taskinstance.py:2614} INFO - Dependencies all met for dep_context=non-requeueable deps ti=<TaskInstance: crawl_etl_itjob.load_bronze scheduled__2025-12-04T02:00:00+00:00 [queued]>
[2025-12-06T07:04:05.902+0000] {taskinstance.py:2614} INFO - Dependencies all met for dep_context=requeueable deps ti=<TaskInstance: crawl_etl_itjob.load_bronze scheduled__2025-12-04T02:00:00+00:00 [queued]>
[2025-12-06T07:04:05.903+0000] {taskinstance.py:2867} INFO - Starting attempt 1 of 2
[2025-12-06T07:04:05.914+0000] {taskinstance.py:2890} INFO - Executing <Task(BashOperator): load_bronze> on 2025-12-04 02:00:00+00:00
[2025-12-06T07:04:05.920+0000] {standard_task_runner.py:72} INFO - Started process 55 to run task
[2025-12-06T07:04:05.923+0000] {standard_task_runner.py:104} INFO - Running: ['***', 'tasks', 'run', 'crawl_etl_itjob', 'load_bronze', 'scheduled__2025-12-04T02:00:00+00:00', '--job-id', '286', '--raw', '--subdir', 'DAGS_FOLDER/Crawl_ETL_ITJob.py', '--cfg-path', '/tmp/tmp7j7kd3ic']
[2025-12-06T07:04:05.925+0000] {standard_task_runner.py:105} INFO - Job 286: Subtask load_bronze
[2025-12-06T07:04:05.949+0000] {warnings.py:109} WARNING - /home/***/.local/lib/python3.8/site-packages/***/settings.py:209: DeprecationWarning: The sql_alchemy_conn option in [core] has been moved to the sql_alchemy_conn option in [database] - the old setting has been used, but please update your config.
  SQL_ALCHEMY_CONN = conf.get("database", "SQL_ALCHEMY_CONN")

[2025-12-06T07:04:06.025+0000] {task_command.py:467} INFO - Running <TaskInstance: crawl_etl_itjob.load_bronze scheduled__2025-12-04T02:00:00+00:00 [running]> on host a1de7f96d4f1
[2025-12-06T07:04:06.026+0000] {warnings.py:109} WARNING - /home/***/.local/lib/python3.8/site-packages/***/settings.py:470: DeprecationWarning: The sql_alchemy_conn option in [core] has been moved to the sql_alchemy_conn option in [database] - the old setting has been used, but please update your config.
  if conf.get("database", "sql_alchemy_conn") == "none://":

[2025-12-06T07:04:06.152+0000] {taskinstance.py:3134} INFO - Exporting env vars: AIRFLOW_CTX_DAG_EMAIL='alert@datateam.local' AIRFLOW_CTX_DAG_OWNER='***' AIRFLOW_CTX_DAG_ID='crawl_etl_itjob' AIRFLOW_CTX_TASK_ID='load_bronze' AIRFLOW_CTX_EXECUTION_DATE='2025-12-04T02:00:00+00:00' AIRFLOW_CTX_TRY_NUMBER='1' AIRFLOW_CTX_DAG_RUN_ID='scheduled__2025-12-04T02:00:00+00:00'
[2025-12-06T07:04:06.153+0000] {taskinstance.py:732} INFO - ::endgroup::
[2025-12-06T07:04:06.178+0000] {subprocess.py:78} INFO - Tmp dir root location: /tmp
[2025-12-06T07:04:06.179+0000] {subprocess.py:88} INFO - Running command: ['/bin/bash', '-c', "\n        docker exec spark-submit bash -c '\n        /opt/spark/bin/spark-submit         --master spark://spark-master:7077         --deploy-mode client         --packages org.apache.iceberg:iceberg-spark-runtime-3.5_2.12:1.5.0         /opt/spark/scripts/Load_Bronze.py\n        '\n        "]
[2025-12-06T07:04:06.190+0000] {subprocess.py:99} INFO - Output:
[2025-12-06T07:04:08.791+0000] {subprocess.py:106} INFO - :: loading settings :: url = jar:file:/opt/spark/jars/ivy-2.5.1.jar!/org/apache/ivy/core/settings/ivysettings.xml
[2025-12-06T07:04:08.922+0000] {subprocess.py:106} INFO - Ivy Default Cache set to: /home/spark/.ivy2/cache
[2025-12-06T07:04:08.923+0000] {subprocess.py:106} INFO - The jars for the packages stored in: /home/spark/.ivy2/jars
[2025-12-06T07:04:08.929+0000] {subprocess.py:106} INFO - org.apache.iceberg#iceberg-spark-runtime-3.5_2.12 added as a dependency
[2025-12-06T07:04:08.930+0000] {subprocess.py:106} INFO - :: resolving dependencies :: org.apache.spark#spark-submit-parent-04262f6a-7e09-461d-afc5-1d5d6336269d;1.0
[2025-12-06T07:04:08.932+0000] {subprocess.py:106} INFO - 	confs: [default]
[2025-12-06T07:04:09.802+0000] {subprocess.py:106} INFO - 	found org.apache.iceberg#iceberg-spark-runtime-3.5_2.12;1.5.0 in central
[2025-12-06T07:04:10.029+0000] {subprocess.py:106} INFO - downloading https://repo1.maven.org/maven2/org/apache/iceberg/iceberg-spark-runtime-3.5_2.12/1.5.0/iceberg-spark-runtime-3.5_2.12-1.5.0.jar ...
[2025-12-06T07:04:42.669+0000] {subprocess.py:106} INFO - 	[SUCCESSFUL ] org.apache.iceberg#iceberg-spark-runtime-3.5_2.12;1.5.0!iceberg-spark-runtime-3.5_2.12.jar (32856ms)
[2025-12-06T07:04:42.670+0000] {subprocess.py:106} INFO - :: resolution report :: resolve 881ms :: artifacts dl 32859ms
[2025-12-06T07:04:42.672+0000] {subprocess.py:106} INFO - 	:: modules in use:
[2025-12-06T07:04:42.673+0000] {subprocess.py:106} INFO - 	org.apache.iceberg#iceberg-spark-runtime-3.5_2.12;1.5.0 from central in [default]
[2025-12-06T07:04:42.674+0000] {subprocess.py:106} INFO - 	---------------------------------------------------------------------
[2025-12-06T07:04:42.675+0000] {subprocess.py:106} INFO - 	|                  |            modules            ||   artifacts   |
[2025-12-06T07:04:42.675+0000] {subprocess.py:106} INFO - 	|       conf       | number| search|dwnlded|evicted|| number|dwnlded|
[2025-12-06T07:04:42.676+0000] {subprocess.py:106} INFO - 	---------------------------------------------------------------------
[2025-12-06T07:04:42.676+0000] {subprocess.py:106} INFO - 	|      default     |   1   |   1   |   1   |   0   ||   1   |   1   |
[2025-12-06T07:04:42.676+0000] {subprocess.py:106} INFO - 	---------------------------------------------------------------------
[2025-12-06T07:04:42.677+0000] {subprocess.py:106} INFO - :: retrieving :: org.apache.spark#spark-submit-parent-04262f6a-7e09-461d-afc5-1d5d6336269d
[2025-12-06T07:04:42.677+0000] {subprocess.py:106} INFO - 	confs: [default]
[2025-12-06T07:04:42.733+0000] {subprocess.py:106} INFO - 	1 artifacts copied, 0 already retrieved (40626kB/60ms)
[2025-12-06T07:04:43.023+0000] {subprocess.py:106} INFO - 25/12/06 07:04:43 WARN NativeCodeLoader: Unable to load native-hadoop library for your platform... using builtin-java classes where applicable
[2025-12-06T07:04:44.410+0000] {subprocess.py:106} INFO - 25/12/06 07:04:44 INFO SparkContext: Running Spark version 3.5.3
[2025-12-06T07:04:44.411+0000] {subprocess.py:106} INFO - 25/12/06 07:04:44 INFO SparkContext: OS info Linux, 6.6.87.2-microsoft-standard-WSL2, amd64
[2025-12-06T07:04:44.412+0000] {subprocess.py:106} INFO - 25/12/06 07:04:44 INFO SparkContext: Java version 11.0.24
[2025-12-06T07:04:44.445+0000] {subprocess.py:106} INFO - 25/12/06 07:04:44 INFO ResourceUtils: ==============================================================
[2025-12-06T07:04:44.445+0000] {subprocess.py:106} INFO - 25/12/06 07:04:44 INFO ResourceUtils: No custom resources configured for spark.driver.
[2025-12-06T07:04:44.446+0000] {subprocess.py:106} INFO - 25/12/06 07:04:44 INFO ResourceUtils: ==============================================================
[2025-12-06T07:04:44.446+0000] {subprocess.py:106} INFO - 25/12/06 07:04:44 INFO SparkContext: Submitted application: Load_Bronze_Hive_Iceberg
[2025-12-06T07:04:44.493+0000] {subprocess.py:106} INFO - 25/12/06 07:04:44 INFO ResourceProfile: Default ResourceProfile created, executor resources: Map(memory -> name: memory, amount: 1024, script: , vendor: , offHeap -> name: offHeap, amount: 0, script: , vendor: ), task resources: Map(cpus -> name: cpus, amount: 1.0)
[2025-12-06T07:04:44.513+0000] {subprocess.py:106} INFO - 25/12/06 07:04:44 INFO ResourceProfile: Limiting resource is cpu
[2025-12-06T07:04:44.515+0000] {subprocess.py:106} INFO - 25/12/06 07:04:44 INFO ResourceProfileManager: Added ResourceProfile id: 0
[2025-12-06T07:04:44.610+0000] {subprocess.py:106} INFO - 25/12/06 07:04:44 INFO SecurityManager: Changing view acls to: spark
[2025-12-06T07:04:44.610+0000] {subprocess.py:106} INFO - 25/12/06 07:04:44 INFO SecurityManager: Changing modify acls to: spark
[2025-12-06T07:04:44.611+0000] {subprocess.py:106} INFO - 25/12/06 07:04:44 INFO SecurityManager: Changing view acls groups to:
[2025-12-06T07:04:44.611+0000] {subprocess.py:106} INFO - 25/12/06 07:04:44 INFO SecurityManager: Changing modify acls groups to:
[2025-12-06T07:04:44.611+0000] {subprocess.py:106} INFO - 25/12/06 07:04:44 INFO SecurityManager: SecurityManager: authentication disabled; ui acls disabled; users with view permissions: spark; groups with view permissions: EMPTY; users with modify permissions: spark; groups with modify permissions: EMPTY
[2025-12-06T07:04:44.878+0000] {subprocess.py:106} INFO - 25/12/06 07:04:44 INFO Utils: Successfully started service 'sparkDriver' on port 44987.
[2025-12-06T07:04:44.937+0000] {subprocess.py:106} INFO - 25/12/06 07:04:44 INFO SparkEnv: Registering MapOutputTracker
[2025-12-06T07:04:44.998+0000] {subprocess.py:106} INFO - 25/12/06 07:04:44 INFO SparkEnv: Registering BlockManagerMaster
[2025-12-06T07:04:45.024+0000] {subprocess.py:106} INFO - 25/12/06 07:04:45 INFO BlockManagerMasterEndpoint: Using org.apache.spark.storage.DefaultTopologyMapper for getting topology information
[2025-12-06T07:04:45.025+0000] {subprocess.py:106} INFO - 25/12/06 07:04:45 INFO BlockManagerMasterEndpoint: BlockManagerMasterEndpoint up
[2025-12-06T07:04:45.031+0000] {subprocess.py:106} INFO - 25/12/06 07:04:45 INFO SparkEnv: Registering BlockManagerMasterHeartbeat
[2025-12-06T07:04:45.078+0000] {subprocess.py:106} INFO - 25/12/06 07:04:45 INFO DiskBlockManager: Created local directory at /tmp/blockmgr-1cdd692a-3a2e-45ef-b92f-743e01dc2e6b
[2025-12-06T07:04:45.096+0000] {subprocess.py:106} INFO - 25/12/06 07:04:45 INFO MemoryStore: MemoryStore started with capacity 434.4 MiB
[2025-12-06T07:04:45.117+0000] {subprocess.py:106} INFO - 25/12/06 07:04:45 INFO SparkEnv: Registering OutputCommitCoordinator
[2025-12-06T07:04:45.270+0000] {subprocess.py:106} INFO - 25/12/06 07:04:45 INFO JettyUtils: Start Jetty 0.0.0.0:4040 for SparkUI
[2025-12-06T07:04:45.335+0000] {subprocess.py:106} INFO - 25/12/06 07:04:45 INFO Utils: Successfully started service 'SparkUI' on port 4040.
[2025-12-06T07:04:45.381+0000] {subprocess.py:106} INFO - 25/12/06 07:04:45 INFO SparkContext: Added JAR file:///home/spark/.ivy2/jars/org.apache.iceberg_iceberg-spark-runtime-3.5_2.12-1.5.0.jar at spark://65f44b4fd513:44987/jars/org.apache.iceberg_iceberg-spark-runtime-3.5_2.12-1.5.0.jar with timestamp 1765004684395
[2025-12-06T07:04:45.385+0000] {subprocess.py:106} INFO - 25/12/06 07:04:45 INFO SparkContext: Added file file:///home/spark/.ivy2/jars/org.apache.iceberg_iceberg-spark-runtime-3.5_2.12-1.5.0.jar at spark://65f44b4fd513:44987/files/org.apache.iceberg_iceberg-spark-runtime-3.5_2.12-1.5.0.jar with timestamp 1765004684395
[2025-12-06T07:04:45.387+0000] {subprocess.py:106} INFO - 25/12/06 07:04:45 INFO Utils: Copying /home/spark/.ivy2/jars/org.apache.iceberg_iceberg-spark-runtime-3.5_2.12-1.5.0.jar to /tmp/spark-285d1a14-9c78-429f-b774-af0ba7515014/userFiles-8d3f4c73-7549-42e4-b276-0c01f445cd1b/org.apache.iceberg_iceberg-spark-runtime-3.5_2.12-1.5.0.jar
[2025-12-06T07:04:45.582+0000] {subprocess.py:106} INFO - 25/12/06 07:04:45 INFO StandaloneAppClient$ClientEndpoint: Connecting to master spark://spark-master:7077...
[2025-12-06T07:04:45.631+0000] {subprocess.py:106} INFO - 25/12/06 07:04:45 INFO TransportClientFactory: Successfully created connection to spark-master/172.30.0.6:7077 after 31 ms (0 ms spent in bootstraps)
[2025-12-06T07:04:46.142+0000] {subprocess.py:106} INFO - 25/12/06 07:04:46 INFO StandaloneSchedulerBackend: Connected to Spark cluster with app ID app-20251206070446-0000
[2025-12-06T07:04:46.155+0000] {subprocess.py:106} INFO - 25/12/06 07:04:46 INFO Utils: Successfully started service 'org.apache.spark.network.netty.NettyBlockTransferService' on port 45947.
[2025-12-06T07:04:46.157+0000] {subprocess.py:106} INFO - 25/12/06 07:04:46 INFO NettyBlockTransferService: Server created on 65f44b4fd513:45947
[2025-12-06T07:04:46.161+0000] {subprocess.py:106} INFO - 25/12/06 07:04:46 INFO BlockManager: Using org.apache.spark.storage.RandomBlockReplicationPolicy for block replication policy
[2025-12-06T07:04:46.173+0000] {subprocess.py:106} INFO - 25/12/06 07:04:46 INFO BlockManagerMaster: Registering BlockManager BlockManagerId(driver, 65f44b4fd513, 45947, None)
[2025-12-06T07:04:46.178+0000] {subprocess.py:106} INFO - 25/12/06 07:04:46 INFO BlockManagerMasterEndpoint: Registering block manager 65f44b4fd513:45947 with 434.4 MiB RAM, BlockManagerId(driver, 65f44b4fd513, 45947, None)
[2025-12-06T07:04:46.179+0000] {subprocess.py:106} INFO - 25/12/06 07:04:46 INFO StandaloneAppClient$ClientEndpoint: Executor added: app-20251206070446-0000/0 on worker-20251206064852-172.30.0.7-38033 (172.30.0.7:38033) with 1 core(s)
[2025-12-06T07:04:46.182+0000] {subprocess.py:106} INFO - 25/12/06 07:04:46 INFO BlockManagerMaster: Registered BlockManager BlockManagerId(driver, 65f44b4fd513, 45947, None)
[2025-12-06T07:04:46.183+0000] {subprocess.py:106} INFO - 25/12/06 07:04:46 INFO StandaloneSchedulerBackend: Granted executor ID app-20251206070446-0000/0 on hostPort 172.30.0.7:38033 with 1 core(s), 1024.0 MiB RAM
[2025-12-06T07:04:46.184+0000] {subprocess.py:106} INFO - 25/12/06 07:04:46 INFO BlockManager: Initialized BlockManager: BlockManagerId(driver, 65f44b4fd513, 45947, None)
[2025-12-06T07:04:46.457+0000] {subprocess.py:106} INFO - 25/12/06 07:04:46 INFO StandaloneAppClient$ClientEndpoint: Executor updated: app-20251206070446-0000/0 is now RUNNING
[2025-12-06T07:04:46.588+0000] {subprocess.py:106} INFO - 25/12/06 07:04:46 INFO StandaloneSchedulerBackend: SchedulerBackend is ready for scheduling beginning after reached minRegisteredResourcesRatio: 0.0
[2025-12-06T07:04:47.002+0000] {subprocess.py:106} INFO - 25/12/06 07:04:47 INFO SharedState: Setting hive.metastore.warehouse.dir ('null') to the value of spark.sql.warehouse.dir.
[2025-12-06T07:04:47.006+0000] {subprocess.py:106} INFO - 25/12/06 07:04:47 INFO SharedState: Warehouse path is 'file:/opt/spark/work-dir/spark-warehouse'.
[2025-12-06T07:04:50.380+0000] {subprocess.py:106} INFO - 25/12/06 07:04:50 INFO InMemoryFileIndex: It took 124 ms to list leaf files for 1 paths.
[2025-12-06T07:04:50.603+0000] {subprocess.py:106} INFO - 25/12/06 07:04:50 INFO StandaloneSchedulerBackend$StandaloneDriverEndpoint: Registered executor NettyRpcEndpointRef(spark-client://Executor) (172.30.0.7:33794) with ID 0,  ResourceProfileId 0
[2025-12-06T07:04:50.658+0000] {subprocess.py:106} INFO - 25/12/06 07:04:50 INFO MemoryStore: Block broadcast_0 stored as values in memory (estimated size 203.7 KiB, free 434.2 MiB)
[2025-12-06T07:04:50.698+0000] {subprocess.py:106} INFO - 25/12/06 07:04:50 INFO BlockManagerMasterEndpoint: Registering block manager 172.30.0.7:38433 with 434.4 MiB RAM, BlockManagerId(0, 172.30.0.7, 38433, None)
[2025-12-06T07:04:50.756+0000] {subprocess.py:106} INFO - 25/12/06 07:04:50 INFO MemoryStore: Block broadcast_0_piece0 stored as bytes in memory (estimated size 35.3 KiB, free 434.2 MiB)
[2025-12-06T07:04:50.762+0000] {subprocess.py:106} INFO - 25/12/06 07:04:50 INFO BlockManagerInfo: Added broadcast_0_piece0 in memory on 65f44b4fd513:45947 (size: 35.3 KiB, free: 434.4 MiB)
[2025-12-06T07:04:50.770+0000] {subprocess.py:106} INFO - 25/12/06 07:04:50 INFO SparkContext: Created broadcast 0 from csv at <unknown>:0
[2025-12-06T07:04:51.880+0000] {subprocess.py:106} INFO - 25/12/06 07:04:51 INFO FileInputFormat: Total input files to process : 1
[2025-12-06T07:04:51.884+0000] {subprocess.py:106} INFO - 25/12/06 07:04:51 INFO FileInputFormat: Total input files to process : 1
[2025-12-06T07:04:51.959+0000] {subprocess.py:106} INFO - 25/12/06 07:04:51 INFO SparkContext: Starting job: csv at <unknown>:0
[2025-12-06T07:04:53.030+0000] {subprocess.py:106} INFO - 25/12/06 07:04:53 INFO DAGScheduler: Got job 0 (csv at <unknown>:0) with 1 output partitions
[2025-12-06T07:04:53.031+0000] {subprocess.py:106} INFO - 25/12/06 07:04:53 INFO DAGScheduler: Final stage: ResultStage 0 (csv at <unknown>:0)
[2025-12-06T07:04:53.033+0000] {subprocess.py:106} INFO - 25/12/06 07:04:53 INFO DAGScheduler: Parents of final stage: List()
[2025-12-06T07:04:53.038+0000] {subprocess.py:106} INFO - 25/12/06 07:04:53 INFO DAGScheduler: Missing parents: List()
[2025-12-06T07:04:53.056+0000] {subprocess.py:106} INFO - 25/12/06 07:04:53 INFO DAGScheduler: Submitting ResultStage 0 (MapPartitionsRDD[2] at csv at <unknown>:0), which has no missing parents
[2025-12-06T07:04:53.105+0000] {subprocess.py:106} INFO - 25/12/06 07:04:53 INFO MemoryStore: Block broadcast_1 stored as values in memory (estimated size 7.6 KiB, free 434.2 MiB)
[2025-12-06T07:04:53.142+0000] {subprocess.py:106} INFO - 25/12/06 07:04:53 INFO MemoryStore: Block broadcast_1_piece0 stored as bytes in memory (estimated size 4.4 KiB, free 434.2 MiB)
[2025-12-06T07:04:53.150+0000] {subprocess.py:106} INFO - 25/12/06 07:04:53 INFO BlockManagerInfo: Added broadcast_1_piece0 in memory on 65f44b4fd513:45947 (size: 4.4 KiB, free: 434.4 MiB)
[2025-12-06T07:04:53.153+0000] {subprocess.py:106} INFO - 25/12/06 07:04:53 INFO SparkContext: Created broadcast 1 from broadcast at DAGScheduler.scala:1585
[2025-12-06T07:04:53.218+0000] {subprocess.py:106} INFO - 25/12/06 07:04:53 INFO DAGScheduler: Submitting 1 missing tasks from ResultStage 0 (MapPartitionsRDD[2] at csv at <unknown>:0) (first 15 tasks are for partitions Vector(0))
[2025-12-06T07:04:53.225+0000] {subprocess.py:106} INFO - 25/12/06 07:04:53 INFO TaskSchedulerImpl: Adding task set 0.0 with 1 tasks resource profile 0
[2025-12-06T07:04:53.628+0000] {subprocess.py:106} INFO - 25/12/06 07:04:53 INFO TaskSetManager: Starting task 0.0 in stage 0.0 (TID 0) (172.30.0.7, executor 0, partition 0, PROCESS_LOCAL, 9484 bytes)
[2025-12-06T07:04:54.129+0000] {subprocess.py:106} INFO - 25/12/06 07:04:54 INFO BlockManagerInfo: Added broadcast_1_piece0 in memory on 172.30.0.7:38433 (size: 4.4 KiB, free: 434.4 MiB)
[2025-12-06T07:04:54.726+0000] {subprocess.py:106} INFO - 25/12/06 07:04:54 INFO BlockManagerInfo: Added broadcast_0_piece0 in memory on 172.30.0.7:38433 (size: 35.3 KiB, free: 434.4 MiB)
[2025-12-06T07:04:55.733+0000] {subprocess.py:106} INFO - 25/12/06 07:04:55 INFO TaskSetManager: Finished task 0.0 in stage 0.0 (TID 0) in 2148 ms on 172.30.0.7 (executor 0) (1/1)
[2025-12-06T07:04:55.737+0000] {subprocess.py:106} INFO - 25/12/06 07:04:55 INFO TaskSchedulerImpl: Removed TaskSet 0.0, whose tasks have all completed, from pool
[2025-12-06T07:04:55.743+0000] {subprocess.py:106} INFO - 25/12/06 07:04:55 INFO DAGScheduler: ResultStage 0 (csv at <unknown>:0) finished in 2.652 s
[2025-12-06T07:04:55.749+0000] {subprocess.py:106} INFO - 25/12/06 07:04:55 INFO DAGScheduler: Job 0 is finished. Cancelling potential speculative or zombie tasks for this job
[2025-12-06T07:04:55.750+0000] {subprocess.py:106} INFO - 25/12/06 07:04:55 INFO TaskSchedulerImpl: Killing all running tasks in stage 0: Stage finished
[2025-12-06T07:04:55.753+0000] {subprocess.py:106} INFO - 25/12/06 07:04:55 INFO DAGScheduler: Job 0 finished: csv at <unknown>:0, took 2.776144 s
[2025-12-06T07:04:56.382+0000] {subprocess.py:106} INFO - 25/12/06 07:04:56 INFO BlockManagerInfo: Removed broadcast_0_piece0 on 65f44b4fd513:45947 in memory (size: 35.3 KiB, free: 434.4 MiB)
[2025-12-06T07:04:56.393+0000] {subprocess.py:106} INFO - 25/12/06 07:04:56 INFO BlockManagerInfo: Removed broadcast_0_piece0 on 172.30.0.7:38433 in memory (size: 35.3 KiB, free: 434.4 MiB)
[2025-12-06T07:04:56.414+0000] {subprocess.py:106} INFO - 25/12/06 07:04:56 INFO BlockManagerInfo: Removed broadcast_1_piece0 on 65f44b4fd513:45947 in memory (size: 4.4 KiB, free: 434.4 MiB)
[2025-12-06T07:04:56.418+0000] {subprocess.py:106} INFO - 25/12/06 07:04:56 INFO BlockManagerInfo: Removed broadcast_1_piece0 on 172.30.0.7:38433 in memory (size: 4.4 KiB, free: 434.4 MiB)
[2025-12-06T07:04:57.564+0000] {subprocess.py:106} INFO - 25/12/06 07:04:57 INFO FileSourceStrategy: Pushed Filters:
[2025-12-06T07:04:57.565+0000] {subprocess.py:106} INFO - 25/12/06 07:04:57 INFO FileSourceStrategy: Post-Scan Filters:
[2025-12-06T07:04:58.033+0000] {subprocess.py:106} INFO - 25/12/06 07:04:58 INFO CodeGenerator: Code generated in 251.701895 ms
[2025-12-06T07:04:58.042+0000] {subprocess.py:106} INFO - 25/12/06 07:04:58 INFO MemoryStore: Block broadcast_2 stored as values in memory (estimated size 203.1 KiB, free 434.2 MiB)
[2025-12-06T07:04:58.069+0000] {subprocess.py:106} INFO - 25/12/06 07:04:58 INFO MemoryStore: Block broadcast_2_piece0 stored as bytes in memory (estimated size 35.1 KiB, free 434.2 MiB)
[2025-12-06T07:04:58.072+0000] {subprocess.py:106} INFO - 25/12/06 07:04:58 INFO BlockManagerInfo: Added broadcast_2_piece0 in memory on 65f44b4fd513:45947 (size: 35.1 KiB, free: 434.4 MiB)
[2025-12-06T07:04:58.080+0000] {subprocess.py:106} INFO - 25/12/06 07:04:58 INFO SparkContext: Created broadcast 2 from count at <unknown>:0
[2025-12-06T07:04:58.099+0000] {subprocess.py:106} INFO - 25/12/06 07:04:58 INFO FileSourceScanExec: Planning scan with bin packing, max size: 4194304 bytes, open cost is considered as scanning 4194304 bytes.
[2025-12-06T07:04:58.149+0000] {subprocess.py:106} INFO - 25/12/06 07:04:58 INFO DAGScheduler: Registering RDD 7 (count at <unknown>:0) as input to shuffle 0
[2025-12-06T07:04:58.154+0000] {subprocess.py:106} INFO - 25/12/06 07:04:58 INFO DAGScheduler: Got map stage job 1 (count at <unknown>:0) with 1 output partitions
[2025-12-06T07:04:58.155+0000] {subprocess.py:106} INFO - 25/12/06 07:04:58 INFO DAGScheduler: Final stage: ShuffleMapStage 1 (count at <unknown>:0)
[2025-12-06T07:04:58.155+0000] {subprocess.py:106} INFO - 25/12/06 07:04:58 INFO DAGScheduler: Parents of final stage: List()
[2025-12-06T07:04:58.156+0000] {subprocess.py:106} INFO - 25/12/06 07:04:58 INFO DAGScheduler: Missing parents: List()
[2025-12-06T07:04:58.159+0000] {subprocess.py:106} INFO - 25/12/06 07:04:58 INFO DAGScheduler: Submitting ShuffleMapStage 1 (MapPartitionsRDD[7] at count at <unknown>:0), which has no missing parents
[2025-12-06T07:04:58.204+0000] {subprocess.py:106} INFO - 25/12/06 07:04:58 INFO MemoryStore: Block broadcast_3 stored as values in memory (estimated size 18.0 KiB, free 434.1 MiB)
[2025-12-06T07:04:58.218+0000] {subprocess.py:106} INFO - 25/12/06 07:04:58 INFO MemoryStore: Block broadcast_3_piece0 stored as bytes in memory (estimated size 8.9 KiB, free 434.1 MiB)
[2025-12-06T07:04:58.219+0000] {subprocess.py:106} INFO - 25/12/06 07:04:58 INFO BlockManagerInfo: Added broadcast_3_piece0 in memory on 65f44b4fd513:45947 (size: 8.9 KiB, free: 434.4 MiB)
[2025-12-06T07:04:58.219+0000] {subprocess.py:106} INFO - 25/12/06 07:04:58 INFO SparkContext: Created broadcast 3 from broadcast at DAGScheduler.scala:1585
[2025-12-06T07:04:58.220+0000] {subprocess.py:106} INFO - 25/12/06 07:04:58 INFO DAGScheduler: Submitting 1 missing tasks from ShuffleMapStage 1 (MapPartitionsRDD[7] at count at <unknown>:0) (first 15 tasks are for partitions Vector(0))
[2025-12-06T07:04:58.220+0000] {subprocess.py:106} INFO - 25/12/06 07:04:58 INFO TaskSchedulerImpl: Adding task set 1.0 with 1 tasks resource profile 0
[2025-12-06T07:04:58.232+0000] {subprocess.py:106} INFO - 25/12/06 07:04:58 INFO TaskSetManager: Starting task 0.0 in stage 1.0 (TID 1) (172.30.0.7, executor 0, partition 0, ANY, 9944 bytes)
[2025-12-06T07:04:58.299+0000] {subprocess.py:106} INFO - 25/12/06 07:04:58 INFO BlockManagerInfo: Added broadcast_3_piece0 in memory on 172.30.0.7:38433 (size: 8.9 KiB, free: 434.4 MiB)
[2025-12-06T07:04:59.020+0000] {subprocess.py:106} INFO - 25/12/06 07:04:59 INFO BlockManagerInfo: Added broadcast_2_piece0 in memory on 172.30.0.7:38433 (size: 35.1 KiB, free: 434.4 MiB)
[2025-12-06T07:04:59.180+0000] {subprocess.py:106} INFO - 25/12/06 07:04:59 INFO TaskSetManager: Finished task 0.0 in stage 1.0 (TID 1) in 956 ms on 172.30.0.7 (executor 0) (1/1)
[2025-12-06T07:04:59.181+0000] {subprocess.py:106} INFO - 25/12/06 07:04:59 INFO TaskSchedulerImpl: Removed TaskSet 1.0, whose tasks have all completed, from pool
[2025-12-06T07:04:59.183+0000] {subprocess.py:106} INFO - 25/12/06 07:04:59 INFO DAGScheduler: ShuffleMapStage 1 (count at <unknown>:0) finished in 1.016 s
[2025-12-06T07:04:59.183+0000] {subprocess.py:106} INFO - 25/12/06 07:04:59 INFO DAGScheduler: looking for newly runnable stages
[2025-12-06T07:04:59.184+0000] {subprocess.py:106} INFO - 25/12/06 07:04:59 INFO DAGScheduler: running: Set()
[2025-12-06T07:04:59.184+0000] {subprocess.py:106} INFO - 25/12/06 07:04:59 INFO DAGScheduler: waiting: Set()
[2025-12-06T07:04:59.185+0000] {subprocess.py:106} INFO - 25/12/06 07:04:59 INFO DAGScheduler: failed: Set()
[2025-12-06T07:04:59.229+0000] {subprocess.py:106} INFO - 25/12/06 07:04:59 INFO CodeGenerator: Code generated in 12.423182 ms
[2025-12-06T07:04:59.268+0000] {subprocess.py:106} INFO - 25/12/06 07:04:59 INFO SparkContext: Starting job: count at <unknown>:0
[2025-12-06T07:04:59.271+0000] {subprocess.py:106} INFO - 25/12/06 07:04:59 INFO DAGScheduler: Got job 2 (count at <unknown>:0) with 1 output partitions
[2025-12-06T07:04:59.272+0000] {subprocess.py:106} INFO - 25/12/06 07:04:59 INFO DAGScheduler: Final stage: ResultStage 3 (count at <unknown>:0)
[2025-12-06T07:04:59.272+0000] {subprocess.py:106} INFO - 25/12/06 07:04:59 INFO DAGScheduler: Parents of final stage: List(ShuffleMapStage 2)
[2025-12-06T07:04:59.273+0000] {subprocess.py:106} INFO - 25/12/06 07:04:59 INFO DAGScheduler: Missing parents: List()
[2025-12-06T07:04:59.274+0000] {subprocess.py:106} INFO - 25/12/06 07:04:59 INFO DAGScheduler: Submitting ResultStage 3 (MapPartitionsRDD[10] at count at <unknown>:0), which has no missing parents
[2025-12-06T07:04:59.280+0000] {subprocess.py:106} INFO - 25/12/06 07:04:59 INFO MemoryStore: Block broadcast_4 stored as values in memory (estimated size 12.5 KiB, free 434.1 MiB)
[2025-12-06T07:04:59.298+0000] {subprocess.py:106} INFO - 25/12/06 07:04:59 INFO MemoryStore: Block broadcast_4_piece0 stored as bytes in memory (estimated size 5.9 KiB, free 434.1 MiB)
[2025-12-06T07:04:59.299+0000] {subprocess.py:106} INFO - 25/12/06 07:04:59 INFO BlockManagerInfo: Added broadcast_4_piece0 in memory on 65f44b4fd513:45947 (size: 5.9 KiB, free: 434.4 MiB)
[2025-12-06T07:04:59.300+0000] {subprocess.py:106} INFO - 25/12/06 07:04:59 INFO SparkContext: Created broadcast 4 from broadcast at DAGScheduler.scala:1585
[2025-12-06T07:04:59.300+0000] {subprocess.py:106} INFO - 25/12/06 07:04:59 INFO BlockManagerInfo: Removed broadcast_3_piece0 on 65f44b4fd513:45947 in memory (size: 8.9 KiB, free: 434.4 MiB)
[2025-12-06T07:04:59.301+0000] {subprocess.py:106} INFO - 25/12/06 07:04:59 INFO DAGScheduler: Submitting 1 missing tasks from ResultStage 3 (MapPartitionsRDD[10] at count at <unknown>:0) (first 15 tasks are for partitions Vector(0))
[2025-12-06T07:04:59.301+0000] {subprocess.py:106} INFO - 25/12/06 07:04:59 INFO TaskSchedulerImpl: Adding task set 3.0 with 1 tasks resource profile 0
[2025-12-06T07:04:59.302+0000] {subprocess.py:106} INFO - 25/12/06 07:04:59 INFO BlockManagerInfo: Removed broadcast_3_piece0 on 172.30.0.7:38433 in memory (size: 8.9 KiB, free: 434.4 MiB)
[2025-12-06T07:04:59.302+0000] {subprocess.py:106} INFO - 25/12/06 07:04:59 INFO TaskSetManager: Starting task 0.0 in stage 3.0 (TID 2) (172.30.0.7, executor 0, partition 0, NODE_LOCAL, 9331 bytes)
[2025-12-06T07:04:59.350+0000] {subprocess.py:106} INFO - 25/12/06 07:04:59 INFO BlockManagerInfo: Added broadcast_4_piece0 in memory on 172.30.0.7:38433 (size: 5.9 KiB, free: 434.4 MiB)
[2025-12-06T07:04:59.382+0000] {subprocess.py:106} INFO - 25/12/06 07:04:59 INFO MapOutputTrackerMasterEndpoint: Asked to send map output locations for shuffle 0 to 172.30.0.7:33794
[2025-12-06T07:04:59.558+0000] {subprocess.py:106} INFO - 25/12/06 07:04:59 INFO TaskSetManager: Finished task 0.0 in stage 3.0 (TID 2) in 259 ms on 172.30.0.7 (executor 0) (1/1)
[2025-12-06T07:04:59.559+0000] {subprocess.py:106} INFO - 25/12/06 07:04:59 INFO TaskSchedulerImpl: Removed TaskSet 3.0, whose tasks have all completed, from pool
[2025-12-06T07:04:59.560+0000] {subprocess.py:106} INFO - 25/12/06 07:04:59 INFO DAGScheduler: ResultStage 3 (count at <unknown>:0) finished in 0.281 s
[2025-12-06T07:04:59.561+0000] {subprocess.py:106} INFO - 25/12/06 07:04:59 INFO DAGScheduler: Job 2 is finished. Cancelling potential speculative or zombie tasks for this job
[2025-12-06T07:04:59.562+0000] {subprocess.py:106} INFO - 25/12/06 07:04:59 INFO TaskSchedulerImpl: Killing all running tasks in stage 3: Stage finished
[2025-12-06T07:04:59.562+0000] {subprocess.py:106} INFO - 25/12/06 07:04:59 INFO DAGScheduler: Job 2 finished: count at <unknown>:0, took 0.292703 s
[2025-12-06T07:04:59.573+0000] {subprocess.py:106} INFO -  Record loaded from CSV: 5355
[2025-12-06T07:04:59.577+0000] {subprocess.py:106} INFO - root
[2025-12-06T07:04:59.577+0000] {subprocess.py:106} INFO -  |-- job_title: string (nullable = true)
[2025-12-06T07:04:59.578+0000] {subprocess.py:106} INFO -  |-- company_name: string (nullable = true)
[2025-12-06T07:04:59.579+0000] {subprocess.py:106} INFO -  |-- location: string (nullable = true)
[2025-12-06T07:04:59.579+0000] {subprocess.py:106} INFO -  |-- skills_required: string (nullable = true)
[2025-12-06T07:04:59.580+0000] {subprocess.py:106} INFO -  |-- date_posted: string (nullable = true)
[2025-12-06T07:04:59.580+0000] {subprocess.py:106} INFO -  |-- job_link: string (nullable = true)
[2025-12-06T07:04:59.581+0000] {subprocess.py:106} INFO -  |-- job_category: string (nullable = true)
[2025-12-06T07:04:59.582+0000] {subprocess.py:106} INFO -  |-- work_mode: string (nullable = true)
[2025-12-06T07:04:59.582+0000] {subprocess.py:106} INFO -  |-- crawl_date: string (nullable = true)
[2025-12-06T07:04:59.582+0000] {subprocess.py:106} INFO -  |-- date_only: string (nullable = true)
[2025-12-06T07:04:59.583+0000] {subprocess.py:106} INFO - 
[2025-12-06T07:04:59.896+0000] {subprocess.py:106} INFO - 25/12/06 07:04:59 INFO BlockManagerInfo: Removed broadcast_4_piece0 on 65f44b4fd513:45947 in memory (size: 5.9 KiB, free: 434.4 MiB)
[2025-12-06T07:04:59.898+0000] {subprocess.py:106} INFO - 25/12/06 07:04:59 INFO BlockManagerInfo: Removed broadcast_4_piece0 on 172.30.0.7:38433 in memory (size: 5.9 KiB, free: 434.4 MiB)
[2025-12-06T07:05:00.016+0000] {subprocess.py:106} INFO - 25/12/06 07:05:00 INFO HiveConf: Found configuration file null
[2025-12-06T07:05:00.192+0000] {subprocess.py:106} INFO - 25/12/06 07:05:00 INFO metastore: Trying to connect to metastore with URI thrift://hive-metastore:9083
[2025-12-06T07:05:00.234+0000] {subprocess.py:106} INFO - 25/12/06 07:05:00 INFO metastore: Opened a connection to metastore, current connections: 1
[2025-12-06T07:05:00.520+0000] {subprocess.py:106} INFO - 25/12/06 07:05:00 INFO metastore: Connected to metastore.
[2025-12-06T07:05:01.869+0000] {subprocess.py:106} INFO - 25/12/06 07:05:01 INFO BaseMetastoreTableOperations: Refreshing table metadata from new version: hdfs://dinhhoa-master:9000/user/ndh/warehouse/bronze.db/it_jobs_raw/metadata/00035-3c8cd094-cbc3-4d92-b45d-5d8f5564fb96.metadata.json
[2025-12-06T07:05:02.181+0000] {subprocess.py:106} INFO - 25/12/06 07:05:02 INFO BlockManagerInfo: Removed broadcast_2_piece0 on 65f44b4fd513:45947 in memory (size: 35.1 KiB, free: 434.4 MiB)
[2025-12-06T07:05:02.185+0000] {subprocess.py:106} INFO - 25/12/06 07:05:02 INFO BlockManagerInfo: Removed broadcast_2_piece0 on 172.30.0.7:38433 in memory (size: 35.1 KiB, free: 434.4 MiB)
[2025-12-06T07:05:02.378+0000] {subprocess.py:106} INFO - 25/12/06 07:05:02 INFO BaseMetastoreCatalog: Table loaded by catalog: hive_catalog.bronze.it_jobs_raw
[2025-12-06T07:05:02.565+0000] {subprocess.py:106} INFO - 25/12/06 07:05:02 INFO V2ScanRelationPushDown:
[2025-12-06T07:05:02.566+0000] {subprocess.py:106} INFO - Pushing operators to hive_catalog.bronze.it_jobs_raw
[2025-12-06T07:05:02.566+0000] {subprocess.py:106} INFO - Pushed Filters: job_link IS NOT NULL
[2025-12-06T07:05:02.567+0000] {subprocess.py:106} INFO - Post-Scan Filters: isnotnull(job_link#66)
[2025-12-06T07:05:02.567+0000] {subprocess.py:106} INFO - 
[2025-12-06T07:05:02.600+0000] {subprocess.py:106} INFO - 25/12/06 07:05:02 INFO V2ScanRelationPushDown:
[2025-12-06T07:05:02.601+0000] {subprocess.py:106} INFO - Output: job_link#66
[2025-12-06T07:05:02.601+0000] {subprocess.py:106} INFO - 
[2025-12-06T07:05:02.612+0000] {subprocess.py:106} INFO - 25/12/06 07:05:02 INFO SnapshotScan: Scanning table hive_catalog.bronze.it_jobs_raw snapshot 2283242729209249729 created at 2025-12-04T08:16:47.065+00:00 with filter job_link IS NOT NULL
[2025-12-06T07:05:02.906+0000] {subprocess.py:106} INFO - 25/12/06 07:05:02 INFO BaseDistributedDataScan: Planning file tasks locally for table hive_catalog.bronze.it_jobs_raw
[2025-12-06T07:05:03.496+0000] {subprocess.py:106} INFO - 25/12/06 07:05:03 INFO SparkPartitioningAwareScan: Reporting UnknownPartitioning with 9 partition(s) for table hive_catalog.bronze.it_jobs_raw
[2025-12-06T07:05:03.551+0000] {subprocess.py:106} INFO - 25/12/06 07:05:03 INFO FileSourceStrategy: Pushed Filters:
[2025-12-06T07:05:03.552+0000] {subprocess.py:106} INFO - 25/12/06 07:05:03 INFO FileSourceStrategy: Post-Scan Filters:
[2025-12-06T07:05:03.568+0000] {subprocess.py:106} INFO - 25/12/06 07:05:03 INFO MemoryStore: Block broadcast_5 stored as values in memory (estimated size 32.0 KiB, free 434.4 MiB)
[2025-12-06T07:05:03.589+0000] {subprocess.py:106} INFO - 25/12/06 07:05:03 INFO MemoryStore: Block broadcast_5_piece0 stored as bytes in memory (estimated size 29.7 KiB, free 434.3 MiB)
[2025-12-06T07:05:03.591+0000] {subprocess.py:106} INFO - 25/12/06 07:05:03 INFO BlockManagerInfo: Added broadcast_5_piece0 in memory on 65f44b4fd513:45947 (size: 29.7 KiB, free: 434.4 MiB)
[2025-12-06T07:05:03.594+0000] {subprocess.py:106} INFO - 25/12/06 07:05:03 INFO SparkContext: Created broadcast 5 from broadcast at SparkBatch.java:79
[2025-12-06T07:05:03.869+0000] {subprocess.py:106} INFO - 25/12/06 07:05:03 INFO MemoryStore: Block broadcast_6 stored as values in memory (estimated size 32.0 KiB, free 434.3 MiB)
[2025-12-06T07:05:03.886+0000] {subprocess.py:106} INFO - 25/12/06 07:05:03 INFO MemoryStore: Block broadcast_6_piece0 stored as bytes in memory (estimated size 29.7 KiB, free 434.3 MiB)
[2025-12-06T07:05:03.890+0000] {subprocess.py:106} INFO - 25/12/06 07:05:03 INFO BlockManagerInfo: Added broadcast_6_piece0 in memory on 65f44b4fd513:45947 (size: 29.7 KiB, free: 434.3 MiB)
[2025-12-06T07:05:03.891+0000] {subprocess.py:106} INFO - 25/12/06 07:05:03 INFO SparkContext: Created broadcast 6 from broadcast at SparkBatch.java:79
[2025-12-06T07:05:04.128+0000] {subprocess.py:106} INFO - 25/12/06 07:05:04 INFO CodeGenerator: Code generated in 27.919941 ms
[2025-12-06T07:05:04.167+0000] {subprocess.py:106} INFO - 25/12/06 07:05:04 INFO SparkContext: Starting job: $anonfun$withThreadLocalCaptured$1 at <unknown>:0
[2025-12-06T07:05:04.169+0000] {subprocess.py:106} INFO - 25/12/06 07:05:04 INFO DAGScheduler: Got job 3 ($anonfun$withThreadLocalCaptured$1 at <unknown>:0) with 9 output partitions
[2025-12-06T07:05:04.171+0000] {subprocess.py:106} INFO - 25/12/06 07:05:04 INFO DAGScheduler: Final stage: ResultStage 4 ($anonfun$withThreadLocalCaptured$1 at <unknown>:0)
[2025-12-06T07:05:04.171+0000] {subprocess.py:106} INFO - 25/12/06 07:05:04 INFO DAGScheduler: Parents of final stage: List()
[2025-12-06T07:05:04.172+0000] {subprocess.py:106} INFO - 25/12/06 07:05:04 INFO DAGScheduler: Missing parents: List()
[2025-12-06T07:05:04.176+0000] {subprocess.py:106} INFO - 25/12/06 07:05:04 INFO DAGScheduler: Submitting ResultStage 4 (MapPartitionsRDD[14] at $anonfun$withThreadLocalCaptured$1 at <unknown>:0), which has no missing parents
[2025-12-06T07:05:04.177+0000] {subprocess.py:106} INFO - 25/12/06 07:05:04 INFO MemoryStore: Block broadcast_7 stored as values in memory (estimated size 13.8 KiB, free 434.3 MiB)
[2025-12-06T07:05:04.190+0000] {subprocess.py:106} INFO - 25/12/06 07:05:04 INFO MemoryStore: Block broadcast_7_piece0 stored as bytes in memory (estimated size 5.5 KiB, free 434.3 MiB)
[2025-12-06T07:05:04.192+0000] {subprocess.py:106} INFO - 25/12/06 07:05:04 INFO BlockManagerInfo: Added broadcast_7_piece0 in memory on 65f44b4fd513:45947 (size: 5.5 KiB, free: 434.3 MiB)
[2025-12-06T07:05:04.198+0000] {subprocess.py:106} INFO - 25/12/06 07:05:04 INFO SparkContext: Created broadcast 7 from broadcast at DAGScheduler.scala:1585
[2025-12-06T07:05:04.200+0000] {subprocess.py:106} INFO - 25/12/06 07:05:04 INFO DAGScheduler: Submitting 9 missing tasks from ResultStage 4 (MapPartitionsRDD[14] at $anonfun$withThreadLocalCaptured$1 at <unknown>:0) (first 15 tasks are for partitions Vector(0, 1, 2, 3, 4, 5, 6, 7, 8))
[2025-12-06T07:05:04.201+0000] {subprocess.py:106} INFO - 25/12/06 07:05:04 INFO TaskSchedulerImpl: Adding task set 4.0 with 9 tasks resource profile 0
[2025-12-06T07:05:04.247+0000] {subprocess.py:106} INFO - 25/12/06 07:05:04 INFO TaskSetManager: Starting task 0.0 in stage 4.0 (TID 3) (172.30.0.7, executor 0, partition 0, ANY, 15762 bytes)
[2025-12-06T07:05:04.650+0000] {subprocess.py:106} INFO - 25/12/06 07:05:04 INFO BlockManagerInfo: Added broadcast_7_piece0 in memory on 172.30.0.7:38433 (size: 5.5 KiB, free: 434.4 MiB)
[2025-12-06T07:05:04.736+0000] {subprocess.py:106} INFO - 25/12/06 07:05:04 INFO BlockManagerInfo: Added broadcast_6_piece0 in memory on 172.30.0.7:38433 (size: 29.7 KiB, free: 434.4 MiB)
[2025-12-06T07:05:06.306+0000] {subprocess.py:106} INFO - 25/12/06 07:05:06 INFO TaskSetManager: Starting task 1.0 in stage 4.0 (TID 4) (172.30.0.7, executor 0, partition 1, ANY, 15761 bytes)
[2025-12-06T07:05:06.307+0000] {subprocess.py:106} INFO - 25/12/06 07:05:06 INFO TaskSetManager: Finished task 0.0 in stage 4.0 (TID 3) in 2112 ms on 172.30.0.7 (executor 0) (1/9)
[2025-12-06T07:05:06.614+0000] {subprocess.py:106} INFO - 25/12/06 07:05:06 INFO TaskSetManager: Starting task 2.0 in stage 4.0 (TID 5) (172.30.0.7, executor 0, partition 2, ANY, 15762 bytes)
[2025-12-06T07:05:06.615+0000] {subprocess.py:106} INFO - 25/12/06 07:05:06 INFO TaskSetManager: Finished task 1.0 in stage 4.0 (TID 4) in 310 ms on 172.30.0.7 (executor 0) (2/9)
[2025-12-06T07:05:06.922+0000] {subprocess.py:106} INFO - 25/12/06 07:05:06 INFO TaskSetManager: Starting task 3.0 in stage 4.0 (TID 6) (172.30.0.7, executor 0, partition 3, ANY, 15762 bytes)
[2025-12-06T07:05:06.923+0000] {subprocess.py:106} INFO - 25/12/06 07:05:06 INFO TaskSetManager: Finished task 2.0 in stage 4.0 (TID 5) in 311 ms on 172.30.0.7 (executor 0) (3/9)
[2025-12-06T07:05:07.275+0000] {subprocess.py:106} INFO - 25/12/06 07:05:07 INFO TaskSetManager: Starting task 4.0 in stage 4.0 (TID 7) (172.30.0.7, executor 0, partition 4, ANY, 15762 bytes)
[2025-12-06T07:05:07.276+0000] {subprocess.py:106} INFO - 25/12/06 07:05:07 INFO TaskSetManager: Finished task 3.0 in stage 4.0 (TID 6) in 355 ms on 172.30.0.7 (executor 0) (4/9)
[2025-12-06T07:05:07.570+0000] {subprocess.py:106} INFO - 25/12/06 07:05:07 INFO TaskSetManager: Starting task 5.0 in stage 4.0 (TID 8) (172.30.0.7, executor 0, partition 5, ANY, 15762 bytes)
[2025-12-06T07:05:07.571+0000] {subprocess.py:106} INFO - 25/12/06 07:05:07 INFO TaskSetManager: Finished task 4.0 in stage 4.0 (TID 7) in 298 ms on 172.30.0.7 (executor 0) (5/9)
[2025-12-06T07:05:07.871+0000] {subprocess.py:106} INFO - 25/12/06 07:05:07 INFO TaskSetManager: Starting task 6.0 in stage 4.0 (TID 9) (172.30.0.7, executor 0, partition 6, ANY, 15762 bytes)
[2025-12-06T07:05:07.876+0000] {subprocess.py:106} INFO - 25/12/06 07:05:07 INFO TaskSetManager: Finished task 5.0 in stage 4.0 (TID 8) in 302 ms on 172.30.0.7 (executor 0) (6/9)
[2025-12-06T07:05:08.164+0000] {subprocess.py:106} INFO - 25/12/06 07:05:08 INFO TaskSetManager: Starting task 7.0 in stage 4.0 (TID 10) (172.30.0.7, executor 0, partition 7, ANY, 15762 bytes)
[2025-12-06T07:05:08.165+0000] {subprocess.py:106} INFO - 25/12/06 07:05:08 INFO TaskSetManager: Finished task 6.0 in stage 4.0 (TID 9) in 295 ms on 172.30.0.7 (executor 0) (7/9)
[2025-12-06T07:05:08.449+0000] {subprocess.py:106} INFO - 25/12/06 07:05:08 INFO TaskSetManager: Starting task 8.0 in stage 4.0 (TID 11) (172.30.0.7, executor 0, partition 8, ANY, 15762 bytes)
[2025-12-06T07:05:08.450+0000] {subprocess.py:106} INFO - 25/12/06 07:05:08 INFO TaskSetManager: Finished task 7.0 in stage 4.0 (TID 10) in 287 ms on 172.30.0.7 (executor 0) (8/9)
[2025-12-06T07:05:08.802+0000] {subprocess.py:106} INFO - 25/12/06 07:05:08 INFO TaskSetManager: Finished task 8.0 in stage 4.0 (TID 11) in 353 ms on 172.30.0.7 (executor 0) (9/9)
[2025-12-06T07:05:08.803+0000] {subprocess.py:106} INFO - 25/12/06 07:05:08 INFO TaskSchedulerImpl: Removed TaskSet 4.0, whose tasks have all completed, from pool
[2025-12-06T07:05:08.804+0000] {subprocess.py:106} INFO - 25/12/06 07:05:08 INFO DAGScheduler: ResultStage 4 ($anonfun$withThreadLocalCaptured$1 at <unknown>:0) finished in 4.627 s
[2025-12-06T07:05:08.804+0000] {subprocess.py:106} INFO - 25/12/06 07:05:08 INFO DAGScheduler: Job 3 is finished. Cancelling potential speculative or zombie tasks for this job
[2025-12-06T07:05:08.804+0000] {subprocess.py:106} INFO - 25/12/06 07:05:08 INFO TaskSchedulerImpl: Killing all running tasks in stage 4: Stage finished
[2025-12-06T07:05:08.805+0000] {subprocess.py:106} INFO - 25/12/06 07:05:08 INFO DAGScheduler: Job 3 finished: $anonfun$withThreadLocalCaptured$1 at <unknown>:0, took 4.635719 s
[2025-12-06T07:05:08.834+0000] {subprocess.py:106} INFO - 25/12/06 07:05:08 INFO CodeGenerator: Code generated in 10.817015 ms
[2025-12-06T07:05:08.845+0000] {subprocess.py:106} INFO - 25/12/06 07:05:08 INFO BlockManagerInfo: Removed broadcast_7_piece0 on 65f44b4fd513:45947 in memory (size: 5.5 KiB, free: 434.3 MiB)
[2025-12-06T07:05:08.854+0000] {subprocess.py:106} INFO - 25/12/06 07:05:08 INFO BlockManagerInfo: Removed broadcast_7_piece0 on 172.30.0.7:38433 in memory (size: 5.5 KiB, free: 434.4 MiB)
[2025-12-06T07:05:08.929+0000] {subprocess.py:106} INFO - 25/12/06 07:05:08 INFO MemoryStore: Block broadcast_8_piece0 stored as bytes in memory (estimated size 312.0 KiB, free 434.0 MiB)
[2025-12-06T07:05:08.930+0000] {subprocess.py:106} INFO - 25/12/06 07:05:08 INFO BlockManagerInfo: Added broadcast_8_piece0 in memory on 65f44b4fd513:45947 (size: 312.0 KiB, free: 434.0 MiB)
[2025-12-06T07:05:08.932+0000] {subprocess.py:106} INFO - 25/12/06 07:05:08 INFO SparkContext: Created broadcast 8 from $anonfun$withThreadLocalCaptured$1 at <unknown>:0
[2025-12-06T07:05:08.944+0000] {subprocess.py:106} INFO - 25/12/06 07:05:08 INFO FileSourceStrategy: Pushed Filters:
[2025-12-06T07:05:08.944+0000] {subprocess.py:106} INFO - 25/12/06 07:05:08 INFO FileSourceStrategy: Post-Scan Filters:
[2025-12-06T07:05:08.999+0000] {subprocess.py:106} INFO - 25/12/06 07:05:08 INFO CodeGenerator: Code generated in 18.738209 ms
[2025-12-06T07:05:09.004+0000] {subprocess.py:106} INFO - 25/12/06 07:05:09 INFO MemoryStore: Block broadcast_9 stored as values in memory (estimated size 203.1 KiB, free 433.8 MiB)
[2025-12-06T07:05:09.043+0000] {subprocess.py:106} INFO - 25/12/06 07:05:09 INFO MemoryStore: Block broadcast_9_piece0 stored as bytes in memory (estimated size 35.1 KiB, free 433.7 MiB)
[2025-12-06T07:05:09.046+0000] {subprocess.py:106} INFO - 25/12/06 07:05:09 INFO BlockManagerInfo: Added broadcast_9_piece0 in memory on 65f44b4fd513:45947 (size: 35.1 KiB, free: 434.0 MiB)
[2025-12-06T07:05:09.047+0000] {subprocess.py:106} INFO - 25/12/06 07:05:09 INFO SparkContext: Created broadcast 9 from count at <unknown>:0
[2025-12-06T07:05:09.049+0000] {subprocess.py:106} INFO - 25/12/06 07:05:09 INFO FileSourceScanExec: Planning scan with bin packing, max size: 4194304 bytes, open cost is considered as scanning 4194304 bytes.
[2025-12-06T07:05:09.061+0000] {subprocess.py:106} INFO - 25/12/06 07:05:09 INFO DAGScheduler: Registering RDD 18 (count at <unknown>:0) as input to shuffle 1
[2025-12-06T07:05:09.061+0000] {subprocess.py:106} INFO - 25/12/06 07:05:09 INFO DAGScheduler: Got map stage job 4 (count at <unknown>:0) with 1 output partitions
[2025-12-06T07:05:09.062+0000] {subprocess.py:106} INFO - 25/12/06 07:05:09 INFO DAGScheduler: Final stage: ShuffleMapStage 5 (count at <unknown>:0)
[2025-12-06T07:05:09.063+0000] {subprocess.py:106} INFO - 25/12/06 07:05:09 INFO DAGScheduler: Parents of final stage: List()
[2025-12-06T07:05:09.064+0000] {subprocess.py:106} INFO - 25/12/06 07:05:09 INFO DAGScheduler: Missing parents: List()
[2025-12-06T07:05:09.067+0000] {subprocess.py:106} INFO - 25/12/06 07:05:09 INFO DAGScheduler: Submitting ShuffleMapStage 5 (MapPartitionsRDD[18] at count at <unknown>:0), which has no missing parents
[2025-12-06T07:05:09.071+0000] {subprocess.py:106} INFO - 25/12/06 07:05:09 INFO MemoryStore: Block broadcast_10 stored as values in memory (estimated size 20.1 KiB, free 433.7 MiB)
[2025-12-06T07:05:09.073+0000] {subprocess.py:106} INFO - 25/12/06 07:05:09 INFO MemoryStore: Block broadcast_10_piece0 stored as bytes in memory (estimated size 9.7 KiB, free 433.7 MiB)
[2025-12-06T07:05:09.075+0000] {subprocess.py:106} INFO - 25/12/06 07:05:09 INFO BlockManagerInfo: Added broadcast_10_piece0 in memory on 65f44b4fd513:45947 (size: 9.7 KiB, free: 434.0 MiB)
[2025-12-06T07:05:09.077+0000] {subprocess.py:106} INFO - 25/12/06 07:05:09 INFO SparkContext: Created broadcast 10 from broadcast at DAGScheduler.scala:1585
[2025-12-06T07:05:09.079+0000] {subprocess.py:106} INFO - 25/12/06 07:05:09 INFO DAGScheduler: Submitting 1 missing tasks from ShuffleMapStage 5 (MapPartitionsRDD[18] at count at <unknown>:0) (first 15 tasks are for partitions Vector(0))
[2025-12-06T07:05:09.081+0000] {subprocess.py:106} INFO - 25/12/06 07:05:09 INFO TaskSchedulerImpl: Adding task set 5.0 with 1 tasks resource profile 0
[2025-12-06T07:05:09.103+0000] {subprocess.py:106} INFO - 25/12/06 07:05:09 INFO TaskSetManager: Starting task 0.0 in stage 5.0 (TID 12) (172.30.0.7, executor 0, partition 0, ANY, 9944 bytes)
[2025-12-06T07:05:09.119+0000] {subprocess.py:106} INFO - 25/12/06 07:05:09 INFO BlockManagerInfo: Added broadcast_10_piece0 in memory on 172.30.0.7:38433 (size: 9.7 KiB, free: 434.4 MiB)
[2025-12-06T07:05:09.171+0000] {subprocess.py:106} INFO - 25/12/06 07:05:09 INFO BlockManagerInfo: Added broadcast_8_piece0 in memory on 172.30.0.7:38433 (size: 312.0 KiB, free: 434.1 MiB)
[2025-12-06T07:05:09.298+0000] {subprocess.py:106} INFO - 25/12/06 07:05:09 INFO BlockManagerInfo: Added broadcast_9_piece0 in memory on 172.30.0.7:38433 (size: 35.1 KiB, free: 434.0 MiB)
[2025-12-06T07:05:09.414+0000] {subprocess.py:106} INFO - 25/12/06 07:05:09 INFO TaskSetManager: Finished task 0.0 in stage 5.0 (TID 12) in 318 ms on 172.30.0.7 (executor 0) (1/1)
[2025-12-06T07:05:09.416+0000] {subprocess.py:106} INFO - 25/12/06 07:05:09 INFO TaskSchedulerImpl: Removed TaskSet 5.0, whose tasks have all completed, from pool
[2025-12-06T07:05:09.417+0000] {subprocess.py:106} INFO - 25/12/06 07:05:09 INFO DAGScheduler: ShuffleMapStage 5 (count at <unknown>:0) finished in 0.349 s
[2025-12-06T07:05:09.417+0000] {subprocess.py:106} INFO - 25/12/06 07:05:09 INFO DAGScheduler: looking for newly runnable stages
[2025-12-06T07:05:09.418+0000] {subprocess.py:106} INFO - 25/12/06 07:05:09 INFO DAGScheduler: running: Set()
[2025-12-06T07:05:09.418+0000] {subprocess.py:106} INFO - 25/12/06 07:05:09 INFO DAGScheduler: waiting: Set()
[2025-12-06T07:05:09.418+0000] {subprocess.py:106} INFO - 25/12/06 07:05:09 INFO DAGScheduler: failed: Set()
[2025-12-06T07:05:09.444+0000] {subprocess.py:106} INFO - 25/12/06 07:05:09 INFO CodeGenerator: Code generated in 11.570284 ms
[2025-12-06T07:05:09.458+0000] {subprocess.py:106} INFO - 25/12/06 07:05:09 INFO SparkContext: Starting job: count at <unknown>:0
[2025-12-06T07:05:09.461+0000] {subprocess.py:106} INFO - 25/12/06 07:05:09 INFO DAGScheduler: Got job 5 (count at <unknown>:0) with 1 output partitions
[2025-12-06T07:05:09.463+0000] {subprocess.py:106} INFO - 25/12/06 07:05:09 INFO DAGScheduler: Final stage: ResultStage 7 (count at <unknown>:0)
[2025-12-06T07:05:09.464+0000] {subprocess.py:106} INFO - 25/12/06 07:05:09 INFO DAGScheduler: Parents of final stage: List(ShuffleMapStage 6)
[2025-12-06T07:05:09.464+0000] {subprocess.py:106} INFO - 25/12/06 07:05:09 INFO DAGScheduler: Missing parents: List()
[2025-12-06T07:05:09.464+0000] {subprocess.py:106} INFO - 25/12/06 07:05:09 INFO DAGScheduler: Submitting ResultStage 7 (MapPartitionsRDD[21] at count at <unknown>:0), which has no missing parents
[2025-12-06T07:05:09.465+0000] {subprocess.py:106} INFO - 25/12/06 07:05:09 INFO MemoryStore: Block broadcast_11 stored as values in memory (estimated size 12.5 KiB, free 433.7 MiB)
[2025-12-06T07:05:09.482+0000] {subprocess.py:106} INFO - 25/12/06 07:05:09 INFO MemoryStore: Block broadcast_11_piece0 stored as bytes in memory (estimated size 5.9 KiB, free 433.7 MiB)
[2025-12-06T07:05:09.483+0000] {subprocess.py:106} INFO - 25/12/06 07:05:09 INFO BlockManagerInfo: Added broadcast_11_piece0 in memory on 65f44b4fd513:45947 (size: 5.9 KiB, free: 434.0 MiB)
[2025-12-06T07:05:09.485+0000] {subprocess.py:106} INFO - 25/12/06 07:05:09 INFO BlockManagerInfo: Removed broadcast_10_piece0 on 65f44b4fd513:45947 in memory (size: 9.7 KiB, free: 434.0 MiB)
[2025-12-06T07:05:09.486+0000] {subprocess.py:106} INFO - 25/12/06 07:05:09 INFO SparkContext: Created broadcast 11 from broadcast at DAGScheduler.scala:1585
[2025-12-06T07:05:09.487+0000] {subprocess.py:106} INFO - 25/12/06 07:05:09 INFO DAGScheduler: Submitting 1 missing tasks from ResultStage 7 (MapPartitionsRDD[21] at count at <unknown>:0) (first 15 tasks are for partitions Vector(0))
[2025-12-06T07:05:09.487+0000] {subprocess.py:106} INFO - 25/12/06 07:05:09 INFO TaskSchedulerImpl: Adding task set 7.0 with 1 tasks resource profile 0
[2025-12-06T07:05:09.488+0000] {subprocess.py:106} INFO - 25/12/06 07:05:09 INFO TaskSetManager: Starting task 0.0 in stage 7.0 (TID 13) (172.30.0.7, executor 0, partition 0, NODE_LOCAL, 9331 bytes)
[2025-12-06T07:05:09.489+0000] {subprocess.py:106} INFO - 25/12/06 07:05:09 INFO BlockManagerInfo: Removed broadcast_10_piece0 on 172.30.0.7:38433 in memory (size: 9.7 KiB, free: 434.0 MiB)
[2025-12-06T07:05:09.511+0000] {subprocess.py:106} INFO - 25/12/06 07:05:09 INFO BlockManagerInfo: Added broadcast_11_piece0 in memory on 172.30.0.7:38433 (size: 5.9 KiB, free: 434.0 MiB)
[2025-12-06T07:05:09.541+0000] {subprocess.py:106} INFO - 25/12/06 07:05:09 INFO MapOutputTrackerMasterEndpoint: Asked to send map output locations for shuffle 1 to 172.30.0.7:33794
[2025-12-06T07:05:09.593+0000] {subprocess.py:106} INFO - 25/12/06 07:05:09 INFO TaskSetManager: Finished task 0.0 in stage 7.0 (TID 13) in 107 ms on 172.30.0.7 (executor 0) (1/1)
[2025-12-06T07:05:09.594+0000] {subprocess.py:106} INFO - 25/12/06 07:05:09 INFO TaskSchedulerImpl: Removed TaskSet 7.0, whose tasks have all completed, from pool
[2025-12-06T07:05:09.598+0000] {subprocess.py:106} INFO - 25/12/06 07:05:09 INFO DAGScheduler: ResultStage 7 (count at <unknown>:0) finished in 0.131 s
[2025-12-06T07:05:09.599+0000] {subprocess.py:106} INFO - 25/12/06 07:05:09 INFO DAGScheduler: Job 5 is finished. Cancelling potential speculative or zombie tasks for this job
[2025-12-06T07:05:09.600+0000] {subprocess.py:106} INFO - 25/12/06 07:05:09 INFO TaskSchedulerImpl: Killing all running tasks in stage 7: Stage finished
[2025-12-06T07:05:09.601+0000] {subprocess.py:106} INFO - 25/12/06 07:05:09 INFO DAGScheduler: Job 5 finished: count at <unknown>:0, took 0.137693 s
[2025-12-06T07:05:09.601+0000] {subprocess.py:106} INFO -  New records to append: 82
[2025-12-06T07:05:09.657+0000] {subprocess.py:106} INFO - 25/12/06 07:05:09 INFO V2ScanRelationPushDown:
[2025-12-06T07:05:09.658+0000] {subprocess.py:106} INFO - Pushing operators to hive_catalog.bronze.it_jobs_raw
[2025-12-06T07:05:09.658+0000] {subprocess.py:106} INFO - Pushed Filters: job_link IS NOT NULL
[2025-12-06T07:05:09.659+0000] {subprocess.py:106} INFO - Post-Scan Filters: isnotnull(job_link#66)
[2025-12-06T07:05:09.660+0000] {subprocess.py:106} INFO - 
[2025-12-06T07:05:09.664+0000] {subprocess.py:106} INFO - 25/12/06 07:05:09 INFO V2ScanRelationPushDown:
[2025-12-06T07:05:09.665+0000] {subprocess.py:106} INFO - Output: job_link#66
[2025-12-06T07:05:09.666+0000] {subprocess.py:106} INFO - 
[2025-12-06T07:05:09.666+0000] {subprocess.py:106} INFO - 25/12/06 07:05:09 INFO SnapshotScan: Scanning table hive_catalog.bronze.it_jobs_raw snapshot 2283242729209249729 created at 2025-12-04T08:16:47.065+00:00 with filter job_link IS NOT NULL
[2025-12-06T07:05:09.667+0000] {subprocess.py:106} INFO - 25/12/06 07:05:09 INFO BaseDistributedDataScan: Planning file tasks locally for table hive_catalog.bronze.it_jobs_raw
[2025-12-06T07:05:09.839+0000] {subprocess.py:106} INFO - 25/12/06 07:05:09 INFO BlockManagerInfo: Removed broadcast_11_piece0 on 65f44b4fd513:45947 in memory (size: 5.9 KiB, free: 434.0 MiB)
[2025-12-06T07:05:09.849+0000] {subprocess.py:106} INFO - 25/12/06 07:05:09 INFO BlockManagerInfo: Removed broadcast_11_piece0 on 172.30.0.7:38433 in memory (size: 5.9 KiB, free: 434.0 MiB)
[2025-12-06T07:05:09.925+0000] {subprocess.py:106} INFO - 25/12/06 07:05:09 INFO SparkPartitioningAwareScan: Reporting UnknownPartitioning with 9 partition(s) for table hive_catalog.bronze.it_jobs_raw
[2025-12-06T07:05:09.940+0000] {subprocess.py:106} INFO - 25/12/06 07:05:09 INFO FileSourceStrategy: Pushed Filters:
[2025-12-06T07:05:09.941+0000] {subprocess.py:106} INFO - 25/12/06 07:05:09 INFO FileSourceStrategy: Post-Scan Filters:
[2025-12-06T07:05:09.946+0000] {subprocess.py:106} INFO - 25/12/06 07:05:09 INFO MemoryStore: Block broadcast_12 stored as values in memory (estimated size 32.0 KiB, free 433.7 MiB)
[2025-12-06T07:05:09.959+0000] {subprocess.py:106} INFO - 25/12/06 07:05:09 INFO MemoryStore: Block broadcast_12_piece0 stored as bytes in memory (estimated size 29.7 KiB, free 433.7 MiB)
[2025-12-06T07:05:09.961+0000] {subprocess.py:106} INFO - 25/12/06 07:05:09 INFO BlockManagerInfo: Added broadcast_12_piece0 in memory on 65f44b4fd513:45947 (size: 29.7 KiB, free: 434.0 MiB)
[2025-12-06T07:05:09.965+0000] {subprocess.py:106} INFO - 25/12/06 07:05:09 INFO SparkContext: Created broadcast 12 from broadcast at SparkBatch.java:79
[2025-12-06T07:05:10.066+0000] {subprocess.py:106} INFO - 25/12/06 07:05:10 INFO MemoryStore: Block broadcast_13 stored as values in memory (estimated size 32.0 KiB, free 433.7 MiB)
[2025-12-06T07:05:10.093+0000] {subprocess.py:106} INFO - 25/12/06 07:05:10 INFO MemoryStore: Block broadcast_13_piece0 stored as bytes in memory (estimated size 29.7 KiB, free 433.6 MiB)
[2025-12-06T07:05:10.095+0000] {subprocess.py:106} INFO - 25/12/06 07:05:10 INFO BlockManagerInfo: Added broadcast_13_piece0 in memory on 65f44b4fd513:45947 (size: 29.7 KiB, free: 433.9 MiB)
[2025-12-06T07:05:10.098+0000] {subprocess.py:106} INFO - 25/12/06 07:05:10 INFO SparkContext: Created broadcast 13 from broadcast at SparkBatch.java:79
[2025-12-06T07:05:10.301+0000] {subprocess.py:106} INFO - 25/12/06 07:05:10 INFO SparkContext: Starting job: $anonfun$withThreadLocalCaptured$1 at <unknown>:0
[2025-12-06T07:05:10.306+0000] {subprocess.py:106} INFO - 25/12/06 07:05:10 INFO DAGScheduler: Got job 6 ($anonfun$withThreadLocalCaptured$1 at <unknown>:0) with 9 output partitions
[2025-12-06T07:05:10.309+0000] {subprocess.py:106} INFO - 25/12/06 07:05:10 INFO DAGScheduler: Final stage: ResultStage 8 ($anonfun$withThreadLocalCaptured$1 at <unknown>:0)
[2025-12-06T07:05:10.310+0000] {subprocess.py:106} INFO - 25/12/06 07:05:10 INFO DAGScheduler: Parents of final stage: List()
[2025-12-06T07:05:10.311+0000] {subprocess.py:106} INFO - 25/12/06 07:05:10 INFO DAGScheduler: Missing parents: List()
[2025-12-06T07:05:10.312+0000] {subprocess.py:106} INFO - 25/12/06 07:05:10 INFO DAGScheduler: Submitting ResultStage 8 (MapPartitionsRDD[25] at $anonfun$withThreadLocalCaptured$1 at <unknown>:0), which has no missing parents
[2025-12-06T07:05:10.313+0000] {subprocess.py:106} INFO - 25/12/06 07:05:10 INFO MemoryStore: Block broadcast_14 stored as values in memory (estimated size 13.7 KiB, free 433.6 MiB)
[2025-12-06T07:05:10.333+0000] {subprocess.py:106} INFO - 25/12/06 07:05:10 INFO MemoryStore: Block broadcast_14_piece0 stored as bytes in memory (estimated size 5.5 KiB, free 433.6 MiB)
[2025-12-06T07:05:10.334+0000] {subprocess.py:106} INFO - 25/12/06 07:05:10 INFO BlockManagerInfo: Added broadcast_14_piece0 in memory on 65f44b4fd513:45947 (size: 5.5 KiB, free: 433.9 MiB)
[2025-12-06T07:05:10.339+0000] {subprocess.py:106} INFO - 25/12/06 07:05:10 INFO SparkContext: Created broadcast 14 from broadcast at DAGScheduler.scala:1585
[2025-12-06T07:05:10.341+0000] {subprocess.py:106} INFO - 25/12/06 07:05:10 INFO DAGScheduler: Submitting 9 missing tasks from ResultStage 8 (MapPartitionsRDD[25] at $anonfun$withThreadLocalCaptured$1 at <unknown>:0) (first 15 tasks are for partitions Vector(0, 1, 2, 3, 4, 5, 6, 7, 8))
[2025-12-06T07:05:10.342+0000] {subprocess.py:106} INFO - 25/12/06 07:05:10 INFO TaskSchedulerImpl: Adding task set 8.0 with 9 tasks resource profile 0
[2025-12-06T07:05:10.350+0000] {subprocess.py:106} INFO - 25/12/06 07:05:10 INFO TaskSetManager: Starting task 0.0 in stage 8.0 (TID 14) (172.30.0.7, executor 0, partition 0, ANY, 15761 bytes)
[2025-12-06T07:05:10.419+0000] {subprocess.py:106} INFO - 25/12/06 07:05:10 INFO BlockManagerInfo: Added broadcast_14_piece0 in memory on 172.30.0.7:38433 (size: 5.5 KiB, free: 434.0 MiB)
[2025-12-06T07:05:10.440+0000] {subprocess.py:106} INFO - 25/12/06 07:05:10 INFO BlockManagerInfo: Added broadcast_13_piece0 in memory on 172.30.0.7:38433 (size: 29.7 KiB, free: 434.0 MiB)
[2025-12-06T07:05:10.757+0000] {subprocess.py:106} INFO - 25/12/06 07:05:10 INFO TaskSetManager: Starting task 1.0 in stage 8.0 (TID 15) (172.30.0.7, executor 0, partition 1, ANY, 15762 bytes)
[2025-12-06T07:05:10.762+0000] {subprocess.py:106} INFO - 25/12/06 07:05:10 INFO TaskSetManager: Finished task 0.0 in stage 8.0 (TID 14) in 420 ms on 172.30.0.7 (executor 0) (1/9)
[2025-12-06T07:05:11.044+0000] {subprocess.py:106} INFO - 25/12/06 07:05:11 INFO TaskSetManager: Starting task 2.0 in stage 8.0 (TID 16) (172.30.0.7, executor 0, partition 2, ANY, 15753 bytes)
[2025-12-06T07:05:11.045+0000] {subprocess.py:106} INFO - 25/12/06 07:05:11 INFO TaskSetManager: Finished task 1.0 in stage 8.0 (TID 15) in 290 ms on 172.30.0.7 (executor 0) (2/9)
[2025-12-06T07:05:11.259+0000] {subprocess.py:106} INFO - 25/12/06 07:05:11 INFO TaskSetManager: Starting task 3.0 in stage 8.0 (TID 17) (172.30.0.7, executor 0, partition 3, ANY, 15762 bytes)
[2025-12-06T07:05:11.265+0000] {subprocess.py:106} INFO - 25/12/06 07:05:11 INFO TaskSetManager: Finished task 2.0 in stage 8.0 (TID 16) in 217 ms on 172.30.0.7 (executor 0) (3/9)
[2025-12-06T07:05:11.631+0000] {subprocess.py:106} INFO - 25/12/06 07:05:11 INFO TaskSetManager: Starting task 4.0 in stage 8.0 (TID 18) (172.30.0.7, executor 0, partition 4, ANY, 15762 bytes)
[2025-12-06T07:05:11.632+0000] {subprocess.py:106} INFO - 25/12/06 07:05:11 INFO TaskSetManager: Finished task 3.0 in stage 8.0 (TID 17) in 377 ms on 172.30.0.7 (executor 0) (4/9)
[2025-12-06T07:05:11.850+0000] {subprocess.py:106} INFO - 25/12/06 07:05:11 INFO TaskSetManager: Starting task 5.0 in stage 8.0 (TID 19) (172.30.0.7, executor 0, partition 5, ANY, 15762 bytes)
[2025-12-06T07:05:11.852+0000] {subprocess.py:106} INFO - 25/12/06 07:05:11 INFO TaskSetManager: Finished task 4.0 in stage 8.0 (TID 18) in 224 ms on 172.30.0.7 (executor 0) (5/9)
[2025-12-06T07:05:12.070+0000] {subprocess.py:106} INFO - 25/12/06 07:05:12 INFO TaskSetManager: Starting task 6.0 in stage 8.0 (TID 20) (172.30.0.7, executor 0, partition 6, ANY, 15762 bytes)
[2025-12-06T07:05:12.071+0000] {subprocess.py:106} INFO - 25/12/06 07:05:12 INFO TaskSetManager: Finished task 5.0 in stage 8.0 (TID 19) in 221 ms on 172.30.0.7 (executor 0) (6/9)
[2025-12-06T07:05:12.299+0000] {subprocess.py:106} INFO - 25/12/06 07:05:12 INFO TaskSetManager: Starting task 7.0 in stage 8.0 (TID 21) (172.30.0.7, executor 0, partition 7, ANY, 15762 bytes)
[2025-12-06T07:05:12.299+0000] {subprocess.py:106} INFO - 25/12/06 07:05:12 INFO TaskSetManager: Finished task 6.0 in stage 8.0 (TID 20) in 230 ms on 172.30.0.7 (executor 0) (7/9)
[2025-12-06T07:05:12.488+0000] {subprocess.py:106} INFO - 25/12/06 07:05:12 INFO TaskSetManager: Starting task 8.0 in stage 8.0 (TID 22) (172.30.0.7, executor 0, partition 8, ANY, 15762 bytes)
[2025-12-06T07:05:12.497+0000] {subprocess.py:106} INFO - 25/12/06 07:05:12 INFO TaskSetManager: Finished task 7.0 in stage 8.0 (TID 21) in 191 ms on 172.30.0.7 (executor 0) (8/9)
[2025-12-06T07:05:12.676+0000] {subprocess.py:106} INFO - 25/12/06 07:05:12 INFO TaskSetManager: Finished task 8.0 in stage 8.0 (TID 22) in 191 ms on 172.30.0.7 (executor 0) (9/9)
[2025-12-06T07:05:12.677+0000] {subprocess.py:106} INFO - 25/12/06 07:05:12 INFO TaskSchedulerImpl: Removed TaskSet 8.0, whose tasks have all completed, from pool
[2025-12-06T07:05:12.683+0000] {subprocess.py:106} INFO - 25/12/06 07:05:12 INFO DAGScheduler: ResultStage 8 ($anonfun$withThreadLocalCaptured$1 at <unknown>:0) finished in 2.370 s
[2025-12-06T07:05:12.684+0000] {subprocess.py:106} INFO - 25/12/06 07:05:12 INFO DAGScheduler: Job 6 is finished. Cancelling potential speculative or zombie tasks for this job
[2025-12-06T07:05:12.684+0000] {subprocess.py:106} INFO - 25/12/06 07:05:12 INFO TaskSchedulerImpl: Killing all running tasks in stage 8: Stage finished
[2025-12-06T07:05:12.685+0000] {subprocess.py:106} INFO - 25/12/06 07:05:12 INFO DAGScheduler: Job 6 finished: $anonfun$withThreadLocalCaptured$1 at <unknown>:0, took 2.380785 s
[2025-12-06T07:05:12.718+0000] {subprocess.py:106} INFO - 25/12/06 07:05:12 INFO BlockManagerInfo: Removed broadcast_14_piece0 on 65f44b4fd513:45947 in memory (size: 5.5 KiB, free: 433.9 MiB)
[2025-12-06T07:05:12.728+0000] {subprocess.py:106} INFO - 25/12/06 07:05:12 INFO BlockManagerInfo: Removed broadcast_14_piece0 on 172.30.0.7:38433 in memory (size: 5.5 KiB, free: 434.0 MiB)
[2025-12-06T07:05:12.781+0000] {subprocess.py:106} INFO - 25/12/06 07:05:12 INFO BlockManagerInfo: Removed broadcast_5_piece0 on 65f44b4fd513:45947 in memory (size: 29.7 KiB, free: 434.0 MiB)
[2025-12-06T07:05:12.782+0000] {subprocess.py:106} INFO - 25/12/06 07:05:12 INFO MemoryStore: Block broadcast_15_piece0 stored as bytes in memory (estimated size 312.2 KiB, free 433.3 MiB)
[2025-12-06T07:05:12.787+0000] {subprocess.py:106} INFO - 25/12/06 07:05:12 INFO BlockManagerInfo: Added broadcast_15_piece0 in memory on 65f44b4fd513:45947 (size: 312.2 KiB, free: 433.7 MiB)
[2025-12-06T07:05:12.789+0000] {subprocess.py:106} INFO - 25/12/06 07:05:12 INFO SparkContext: Created broadcast 15 from $anonfun$withThreadLocalCaptured$1 at <unknown>:0
[2025-12-06T07:05:12.792+0000] {subprocess.py:106} INFO - 25/12/06 07:05:12 INFO FileSourceStrategy: Pushed Filters:
[2025-12-06T07:05:12.793+0000] {subprocess.py:106} INFO - 25/12/06 07:05:12 INFO FileSourceStrategy: Post-Scan Filters:
[2025-12-06T07:05:12.819+0000] {subprocess.py:106} INFO - 25/12/06 07:05:12 INFO MemoryStore: Block broadcast_16 stored as values in memory (estimated size 203.1 KiB, free 433.2 MiB)
[2025-12-06T07:05:12.855+0000] {subprocess.py:106} INFO - 25/12/06 07:05:12 INFO MemoryStore: Block broadcast_16_piece0 stored as bytes in memory (estimated size 35.1 KiB, free 433.1 MiB)
[2025-12-06T07:05:12.858+0000] {subprocess.py:106} INFO - 25/12/06 07:05:12 INFO BlockManagerInfo: Added broadcast_16_piece0 in memory on 65f44b4fd513:45947 (size: 35.1 KiB, free: 433.6 MiB)
[2025-12-06T07:05:12.859+0000] {subprocess.py:106} INFO - 25/12/06 07:05:12 INFO SparkContext: Created broadcast 16 from count at <unknown>:0
[2025-12-06T07:05:12.860+0000] {subprocess.py:106} INFO - 25/12/06 07:05:12 INFO FileSourceScanExec: Planning scan with bin packing, max size: 4194304 bytes, open cost is considered as scanning 4194304 bytes.
[2025-12-06T07:05:12.879+0000] {subprocess.py:106} INFO - 25/12/06 07:05:12 INFO DAGScheduler: Registering RDD 29 (count at <unknown>:0) as input to shuffle 2
[2025-12-06T07:05:12.881+0000] {subprocess.py:106} INFO - 25/12/06 07:05:12 INFO DAGScheduler: Got map stage job 7 (count at <unknown>:0) with 1 output partitions
[2025-12-06T07:05:12.882+0000] {subprocess.py:106} INFO - 25/12/06 07:05:12 INFO DAGScheduler: Final stage: ShuffleMapStage 9 (count at <unknown>:0)
[2025-12-06T07:05:12.884+0000] {subprocess.py:106} INFO - 25/12/06 07:05:12 INFO DAGScheduler: Parents of final stage: List()
[2025-12-06T07:05:12.887+0000] {subprocess.py:106} INFO - 25/12/06 07:05:12 INFO DAGScheduler: Missing parents: List()
[2025-12-06T07:05:12.891+0000] {subprocess.py:106} INFO - 25/12/06 07:05:12 INFO DAGScheduler: Submitting ShuffleMapStage 9 (MapPartitionsRDD[29] at count at <unknown>:0), which has no missing parents
[2025-12-06T07:05:12.923+0000] {subprocess.py:106} INFO - 25/12/06 07:05:12 INFO MemoryStore: Block broadcast_17 stored as values in memory (estimated size 20.1 KiB, free 433.1 MiB)
[2025-12-06T07:05:12.924+0000] {subprocess.py:106} INFO - 25/12/06 07:05:12 INFO MemoryStore: Block broadcast_17_piece0 stored as bytes in memory (estimated size 9.7 KiB, free 433.1 MiB)
[2025-12-06T07:05:12.927+0000] {subprocess.py:106} INFO - 25/12/06 07:05:12 INFO BlockManagerInfo: Added broadcast_17_piece0 in memory on 65f44b4fd513:45947 (size: 9.7 KiB, free: 433.6 MiB)
[2025-12-06T07:05:12.929+0000] {subprocess.py:106} INFO - 25/12/06 07:05:12 INFO SparkContext: Created broadcast 17 from broadcast at DAGScheduler.scala:1585
[2025-12-06T07:05:12.932+0000] {subprocess.py:106} INFO - 25/12/06 07:05:12 INFO DAGScheduler: Submitting 1 missing tasks from ShuffleMapStage 9 (MapPartitionsRDD[29] at count at <unknown>:0) (first 15 tasks are for partitions Vector(0))
[2025-12-06T07:05:12.934+0000] {subprocess.py:106} INFO - 25/12/06 07:05:12 INFO TaskSchedulerImpl: Adding task set 9.0 with 1 tasks resource profile 0
[2025-12-06T07:05:12.935+0000] {subprocess.py:106} INFO - 25/12/06 07:05:12 INFO TaskSetManager: Starting task 0.0 in stage 9.0 (TID 23) (172.30.0.7, executor 0, partition 0, ANY, 9944 bytes)
[2025-12-06T07:05:12.962+0000] {subprocess.py:106} INFO - 25/12/06 07:05:12 INFO BlockManagerInfo: Added broadcast_17_piece0 in memory on 172.30.0.7:38433 (size: 9.7 KiB, free: 434.0 MiB)
[2025-12-06T07:05:12.991+0000] {subprocess.py:106} INFO - 25/12/06 07:05:12 INFO BlockManagerInfo: Added broadcast_15_piece0 in memory on 172.30.0.7:38433 (size: 312.2 KiB, free: 433.7 MiB)
[2025-12-06T07:05:13.051+0000] {subprocess.py:106} INFO - 25/12/06 07:05:13 INFO BlockManagerInfo: Added broadcast_16_piece0 in memory on 172.30.0.7:38433 (size: 35.1 KiB, free: 433.7 MiB)
[2025-12-06T07:05:13.179+0000] {subprocess.py:106} INFO - 25/12/06 07:05:13 INFO TaskSetManager: Finished task 0.0 in stage 9.0 (TID 23) in 244 ms on 172.30.0.7 (executor 0) (1/1)
[2025-12-06T07:05:13.181+0000] {subprocess.py:106} INFO - 25/12/06 07:05:13 INFO TaskSchedulerImpl: Removed TaskSet 9.0, whose tasks have all completed, from pool
[2025-12-06T07:05:13.182+0000] {subprocess.py:106} INFO - 25/12/06 07:05:13 INFO DAGScheduler: ShuffleMapStage 9 (count at <unknown>:0) finished in 0.278 s
[2025-12-06T07:05:13.183+0000] {subprocess.py:106} INFO - 25/12/06 07:05:13 INFO DAGScheduler: looking for newly runnable stages
[2025-12-06T07:05:13.183+0000] {subprocess.py:106} INFO - 25/12/06 07:05:13 INFO DAGScheduler: running: Set()
[2025-12-06T07:05:13.184+0000] {subprocess.py:106} INFO - 25/12/06 07:05:13 INFO DAGScheduler: waiting: Set()
[2025-12-06T07:05:13.184+0000] {subprocess.py:106} INFO - 25/12/06 07:05:13 INFO DAGScheduler: failed: Set()
[2025-12-06T07:05:13.227+0000] {subprocess.py:106} INFO - 25/12/06 07:05:13 INFO SparkContext: Starting job: count at <unknown>:0
[2025-12-06T07:05:13.229+0000] {subprocess.py:106} INFO - 25/12/06 07:05:13 INFO DAGScheduler: Got job 8 (count at <unknown>:0) with 1 output partitions
[2025-12-06T07:05:13.230+0000] {subprocess.py:106} INFO - 25/12/06 07:05:13 INFO DAGScheduler: Final stage: ResultStage 11 (count at <unknown>:0)
[2025-12-06T07:05:13.231+0000] {subprocess.py:106} INFO - 25/12/06 07:05:13 INFO DAGScheduler: Parents of final stage: List(ShuffleMapStage 10)
[2025-12-06T07:05:13.232+0000] {subprocess.py:106} INFO - 25/12/06 07:05:13 INFO DAGScheduler: Missing parents: List()
[2025-12-06T07:05:13.236+0000] {subprocess.py:106} INFO - 25/12/06 07:05:13 INFO DAGScheduler: Submitting ResultStage 11 (MapPartitionsRDD[32] at count at <unknown>:0), which has no missing parents
[2025-12-06T07:05:13.237+0000] {subprocess.py:106} INFO - 25/12/06 07:05:13 INFO MemoryStore: Block broadcast_18 stored as values in memory (estimated size 12.5 KiB, free 433.1 MiB)
[2025-12-06T07:05:13.260+0000] {subprocess.py:106} INFO - 25/12/06 07:05:13 INFO MemoryStore: Block broadcast_18_piece0 stored as bytes in memory (estimated size 5.9 KiB, free 433.1 MiB)
[2025-12-06T07:05:13.269+0000] {subprocess.py:106} INFO - 25/12/06 07:05:13 INFO BlockManagerInfo: Added broadcast_18_piece0 in memory on 65f44b4fd513:45947 (size: 5.9 KiB, free: 433.6 MiB)
[2025-12-06T07:05:13.272+0000] {subprocess.py:106} INFO - 25/12/06 07:05:13 INFO SparkContext: Created broadcast 18 from broadcast at DAGScheduler.scala:1585
[2025-12-06T07:05:13.279+0000] {subprocess.py:106} INFO - 25/12/06 07:05:13 INFO DAGScheduler: Submitting 1 missing tasks from ResultStage 11 (MapPartitionsRDD[32] at count at <unknown>:0) (first 15 tasks are for partitions Vector(0))
[2025-12-06T07:05:13.280+0000] {subprocess.py:106} INFO - 25/12/06 07:05:13 INFO TaskSchedulerImpl: Adding task set 11.0 with 1 tasks resource profile 0
[2025-12-06T07:05:13.282+0000] {subprocess.py:106} INFO - 25/12/06 07:05:13 INFO BlockManagerInfo: Removed broadcast_9_piece0 on 65f44b4fd513:45947 in memory (size: 35.1 KiB, free: 433.7 MiB)
[2025-12-06T07:05:13.283+0000] {subprocess.py:106} INFO - 25/12/06 07:05:13 INFO BlockManagerInfo: Removed broadcast_9_piece0 on 172.30.0.7:38433 in memory (size: 35.1 KiB, free: 433.7 MiB)
[2025-12-06T07:05:13.286+0000] {subprocess.py:106} INFO - 25/12/06 07:05:13 INFO TaskSetManager: Starting task 0.0 in stage 11.0 (TID 24) (172.30.0.7, executor 0, partition 0, NODE_LOCAL, 9331 bytes)
[2025-12-06T07:05:13.307+0000] {subprocess.py:106} INFO - 25/12/06 07:05:13 INFO BlockManagerInfo: Removed broadcast_17_piece0 on 65f44b4fd513:45947 in memory (size: 9.7 KiB, free: 433.7 MiB)
[2025-12-06T07:05:13.308+0000] {subprocess.py:106} INFO - 25/12/06 07:05:13 INFO BlockManagerInfo: Removed broadcast_17_piece0 on 172.30.0.7:38433 in memory (size: 9.7 KiB, free: 433.7 MiB)
[2025-12-06T07:05:13.325+0000] {subprocess.py:106} INFO - 25/12/06 07:05:13 INFO BlockManagerInfo: Added broadcast_18_piece0 in memory on 172.30.0.7:38433 (size: 5.9 KiB, free: 433.7 MiB)
[2025-12-06T07:05:13.348+0000] {subprocess.py:106} INFO - 25/12/06 07:05:13 INFO MapOutputTrackerMasterEndpoint: Asked to send map output locations for shuffle 2 to 172.30.0.7:33794
[2025-12-06T07:05:13.390+0000] {subprocess.py:106} INFO - 25/12/06 07:05:13 INFO TaskSetManager: Finished task 0.0 in stage 11.0 (TID 24) in 110 ms on 172.30.0.7 (executor 0) (1/1)
[2025-12-06T07:05:13.394+0000] {subprocess.py:106} INFO - 25/12/06 07:05:13 INFO DAGScheduler: ResultStage 11 (count at <unknown>:0) finished in 0.154 s
[2025-12-06T07:05:13.398+0000] {subprocess.py:106} INFO - 25/12/06 07:05:13 INFO TaskSchedulerImpl: Removed TaskSet 11.0, whose tasks have all completed, from pool
[2025-12-06T07:05:13.399+0000] {subprocess.py:106} INFO - 25/12/06 07:05:13 INFO DAGScheduler: Job 8 is finished. Cancelling potential speculative or zombie tasks for this job
[2025-12-06T07:05:13.403+0000] {subprocess.py:106} INFO - 25/12/06 07:05:13 INFO TaskSchedulerImpl: Killing all running tasks in stage 11: Stage finished
[2025-12-06T07:05:13.403+0000] {subprocess.py:106} INFO - 25/12/06 07:05:13 INFO DAGScheduler: Job 8 finished: count at <unknown>:0, took 0.161177 s
[2025-12-06T07:05:13.510+0000] {subprocess.py:106} INFO - 25/12/06 07:05:13 INFO V2ScanRelationPushDown:
[2025-12-06T07:05:13.511+0000] {subprocess.py:106} INFO - Pushing operators to hive_catalog.bronze.it_jobs_raw
[2025-12-06T07:05:13.512+0000] {subprocess.py:106} INFO - Pushed Filters: job_link IS NOT NULL
[2025-12-06T07:05:13.512+0000] {subprocess.py:106} INFO - Post-Scan Filters: isnotnull(job_link#66)
[2025-12-06T07:05:13.513+0000] {subprocess.py:106} INFO - 
[2025-12-06T07:05:13.513+0000] {subprocess.py:106} INFO - 25/12/06 07:05:13 INFO V2ScanRelationPushDown:
[2025-12-06T07:05:13.514+0000] {subprocess.py:106} INFO - Output: job_link#66
[2025-12-06T07:05:13.515+0000] {subprocess.py:106} INFO - 
[2025-12-06T07:05:13.515+0000] {subprocess.py:106} INFO - 25/12/06 07:05:13 INFO SnapshotScan: Scanning table hive_catalog.bronze.it_jobs_raw snapshot 2283242729209249729 created at 2025-12-04T08:16:47.065+00:00 with filter job_link IS NOT NULL
[2025-12-06T07:05:13.517+0000] {subprocess.py:106} INFO - 25/12/06 07:05:13 INFO BaseDistributedDataScan: Planning file tasks locally for table hive_catalog.bronze.it_jobs_raw
[2025-12-06T07:05:13.760+0000] {subprocess.py:106} INFO - 25/12/06 07:05:13 INFO BlockManagerInfo: Removed broadcast_18_piece0 on 65f44b4fd513:45947 in memory (size: 5.9 KiB, free: 433.7 MiB)
[2025-12-06T07:05:13.762+0000] {subprocess.py:106} INFO - 25/12/06 07:05:13 INFO BlockManagerInfo: Removed broadcast_18_piece0 on 172.30.0.7:38433 in memory (size: 5.9 KiB, free: 433.7 MiB)
[2025-12-06T07:05:13.791+0000] {subprocess.py:106} INFO - 25/12/06 07:05:13 INFO SparkPartitioningAwareScan: Reporting UnknownPartitioning with 9 partition(s) for table hive_catalog.bronze.it_jobs_raw
[2025-12-06T07:05:13.844+0000] {subprocess.py:106} INFO - 25/12/06 07:05:13 INFO SparkWrite: Requesting 0 bytes advisory partition size for table hive_catalog.bronze.it_jobs_raw
[2025-12-06T07:05:13.846+0000] {subprocess.py:106} INFO - 25/12/06 07:05:13 INFO SparkWrite: Requesting UnspecifiedDistribution as write distribution for table hive_catalog.bronze.it_jobs_raw
[2025-12-06T07:05:13.847+0000] {subprocess.py:106} INFO - 25/12/06 07:05:13 INFO SparkWrite: Requesting [] as write ordering for table hive_catalog.bronze.it_jobs_raw
[2025-12-06T07:05:13.884+0000] {subprocess.py:106} INFO - 25/12/06 07:05:13 INFO FileSourceStrategy: Pushed Filters:
[2025-12-06T07:05:13.885+0000] {subprocess.py:106} INFO - 25/12/06 07:05:13 INFO FileSourceStrategy: Post-Scan Filters:
[2025-12-06T07:05:13.890+0000] {subprocess.py:106} INFO - 25/12/06 07:05:13 INFO MemoryStore: Block broadcast_19 stored as values in memory (estimated size 32.0 KiB, free 433.3 MiB)
[2025-12-06T07:05:13.912+0000] {subprocess.py:106} INFO - 25/12/06 07:05:13 INFO MemoryStore: Block broadcast_19_piece0 stored as bytes in memory (estimated size 29.7 KiB, free 433.3 MiB)
[2025-12-06T07:05:13.914+0000] {subprocess.py:106} INFO - 25/12/06 07:05:13 INFO BlockManagerInfo: Added broadcast_19_piece0 in memory on 65f44b4fd513:45947 (size: 29.7 KiB, free: 433.6 MiB)
[2025-12-06T07:05:13.926+0000] {subprocess.py:106} INFO - 25/12/06 07:05:13 INFO BlockManagerInfo: Removed broadcast_13_piece0 on 65f44b4fd513:45947 in memory (size: 29.7 KiB, free: 433.7 MiB)
[2025-12-06T07:05:13.927+0000] {subprocess.py:106} INFO - 25/12/06 07:05:13 INFO SparkContext: Created broadcast 19 from broadcast at SparkBatch.java:79
[2025-12-06T07:05:13.943+0000] {subprocess.py:106} INFO - 25/12/06 07:05:13 INFO BlockManagerInfo: Removed broadcast_13_piece0 on 172.30.0.7:38433 in memory (size: 29.7 KiB, free: 433.7 MiB)
[2025-12-06T07:05:13.994+0000] {subprocess.py:106} INFO - 25/12/06 07:05:13 INFO BlockManagerInfo: Removed broadcast_15_piece0 on 65f44b4fd513:45947 in memory (size: 312.2 KiB, free: 434.0 MiB)
[2025-12-06T07:05:13.996+0000] {subprocess.py:106} INFO - 25/12/06 07:05:13 INFO BlockManagerInfo: Removed broadcast_15_piece0 on 172.30.0.7:38433 in memory (size: 312.2 KiB, free: 434.0 MiB)
[2025-12-06T07:05:14.029+0000] {subprocess.py:106} INFO - 25/12/06 07:05:14 INFO BlockManagerInfo: Removed broadcast_16_piece0 on 65f44b4fd513:45947 in memory (size: 35.1 KiB, free: 434.0 MiB)
[2025-12-06T07:05:14.032+0000] {subprocess.py:106} INFO - 25/12/06 07:05:14 INFO BlockManagerInfo: Removed broadcast_16_piece0 on 172.30.0.7:38433 in memory (size: 35.1 KiB, free: 434.1 MiB)
[2025-12-06T07:05:14.053+0000] {subprocess.py:106} INFO - 25/12/06 07:05:14 INFO MemoryStore: Block broadcast_20 stored as values in memory (estimated size 32.0 KiB, free 433.9 MiB)
[2025-12-06T07:05:14.057+0000] {subprocess.py:106} INFO - 25/12/06 07:05:14 INFO BlockManagerInfo: Removed broadcast_12_piece0 on 65f44b4fd513:45947 in memory (size: 29.7 KiB, free: 434.0 MiB)
[2025-12-06T07:05:14.078+0000] {subprocess.py:106} INFO - 25/12/06 07:05:14 INFO MemoryStore: Block broadcast_20_piece0 stored as bytes in memory (estimated size 29.7 KiB, free 433.9 MiB)
[2025-12-06T07:05:14.079+0000] {subprocess.py:106} INFO - 25/12/06 07:05:14 INFO BlockManagerInfo: Added broadcast_20_piece0 in memory on 65f44b4fd513:45947 (size: 29.7 KiB, free: 434.0 MiB)
[2025-12-06T07:05:14.080+0000] {subprocess.py:106} INFO - 25/12/06 07:05:14 INFO SparkContext: Created broadcast 20 from broadcast at SparkBatch.java:79
[2025-12-06T07:05:14.324+0000] {subprocess.py:106} INFO - 25/12/06 07:05:14 INFO SparkContext: Starting job: $anonfun$withThreadLocalCaptured$1 at <unknown>:0
[2025-12-06T07:05:14.327+0000] {subprocess.py:106} INFO - 25/12/06 07:05:14 INFO DAGScheduler: Got job 9 ($anonfun$withThreadLocalCaptured$1 at <unknown>:0) with 9 output partitions
[2025-12-06T07:05:14.328+0000] {subprocess.py:106} INFO - 25/12/06 07:05:14 INFO DAGScheduler: Final stage: ResultStage 12 ($anonfun$withThreadLocalCaptured$1 at <unknown>:0)
[2025-12-06T07:05:14.332+0000] {subprocess.py:106} INFO - 25/12/06 07:05:14 INFO DAGScheduler: Parents of final stage: List()
[2025-12-06T07:05:14.333+0000] {subprocess.py:106} INFO - 25/12/06 07:05:14 INFO DAGScheduler: Missing parents: List()
[2025-12-06T07:05:14.333+0000] {subprocess.py:106} INFO - 25/12/06 07:05:14 INFO DAGScheduler: Submitting ResultStage 12 (MapPartitionsRDD[36] at $anonfun$withThreadLocalCaptured$1 at <unknown>:0), which has no missing parents
[2025-12-06T07:05:14.335+0000] {subprocess.py:106} INFO - 25/12/06 07:05:14 INFO MemoryStore: Block broadcast_21 stored as values in memory (estimated size 13.8 KiB, free 433.9 MiB)
[2025-12-06T07:05:14.346+0000] {subprocess.py:106} INFO - 25/12/06 07:05:14 INFO MemoryStore: Block broadcast_21_piece0 stored as bytes in memory (estimated size 5.5 KiB, free 433.9 MiB)
[2025-12-06T07:05:14.351+0000] {subprocess.py:106} INFO - 25/12/06 07:05:14 INFO BlockManagerInfo: Added broadcast_21_piece0 in memory on 65f44b4fd513:45947 (size: 5.5 KiB, free: 434.0 MiB)
[2025-12-06T07:05:14.354+0000] {subprocess.py:106} INFO - 25/12/06 07:05:14 INFO SparkContext: Created broadcast 21 from broadcast at DAGScheduler.scala:1585
[2025-12-06T07:05:14.357+0000] {subprocess.py:106} INFO - 25/12/06 07:05:14 INFO DAGScheduler: Submitting 9 missing tasks from ResultStage 12 (MapPartitionsRDD[36] at $anonfun$withThreadLocalCaptured$1 at <unknown>:0) (first 15 tasks are for partitions Vector(0, 1, 2, 3, 4, 5, 6, 7, 8))
[2025-12-06T07:05:14.358+0000] {subprocess.py:106} INFO - 25/12/06 07:05:14 INFO TaskSchedulerImpl: Adding task set 12.0 with 9 tasks resource profile 0
[2025-12-06T07:05:14.360+0000] {subprocess.py:106} INFO - 25/12/06 07:05:14 INFO TaskSetManager: Starting task 0.0 in stage 12.0 (TID 25) (172.30.0.7, executor 0, partition 0, ANY, 15762 bytes)
[2025-12-06T07:05:14.387+0000] {subprocess.py:106} INFO - 25/12/06 07:05:14 INFO BlockManagerInfo: Added broadcast_21_piece0 in memory on 172.30.0.7:38433 (size: 5.5 KiB, free: 434.1 MiB)
[2025-12-06T07:05:14.451+0000] {subprocess.py:106} INFO - 25/12/06 07:05:14 INFO BlockManagerInfo: Added broadcast_20_piece0 in memory on 172.30.0.7:38433 (size: 29.7 KiB, free: 434.0 MiB)
[2025-12-06T07:05:14.744+0000] {subprocess.py:106} INFO - 25/12/06 07:05:14 INFO TaskSetManager: Starting task 1.0 in stage 12.0 (TID 26) (172.30.0.7, executor 0, partition 1, ANY, 15761 bytes)
[2025-12-06T07:05:14.745+0000] {subprocess.py:106} INFO - 25/12/06 07:05:14 INFO TaskSetManager: Finished task 0.0 in stage 12.0 (TID 25) in 391 ms on 172.30.0.7 (executor 0) (1/9)
[2025-12-06T07:05:14.918+0000] {subprocess.py:106} INFO - 25/12/06 07:05:14 INFO TaskSetManager: Starting task 2.0 in stage 12.0 (TID 27) (172.30.0.7, executor 0, partition 2, ANY, 15762 bytes)
[2025-12-06T07:05:14.919+0000] {subprocess.py:106} INFO - 25/12/06 07:05:14 INFO TaskSetManager: Finished task 1.0 in stage 12.0 (TID 26) in 176 ms on 172.30.0.7 (executor 0) (2/9)
[2025-12-06T07:05:15.080+0000] {subprocess.py:106} INFO - 25/12/06 07:05:15 INFO TaskSetManager: Starting task 3.0 in stage 12.0 (TID 28) (172.30.0.7, executor 0, partition 3, ANY, 15762 bytes)
[2025-12-06T07:05:15.080+0000] {subprocess.py:106} INFO - 25/12/06 07:05:15 INFO TaskSetManager: Finished task 2.0 in stage 12.0 (TID 27) in 162 ms on 172.30.0.7 (executor 0) (3/9)
[2025-12-06T07:05:15.250+0000] {subprocess.py:106} INFO - 25/12/06 07:05:15 INFO TaskSetManager: Starting task 4.0 in stage 12.0 (TID 29) (172.30.0.7, executor 0, partition 4, ANY, 15762 bytes)
[2025-12-06T07:05:15.252+0000] {subprocess.py:106} INFO - 25/12/06 07:05:15 INFO TaskSetManager: Finished task 3.0 in stage 12.0 (TID 28) in 174 ms on 172.30.0.7 (executor 0) (4/9)
[2025-12-06T07:05:15.440+0000] {subprocess.py:106} INFO - 25/12/06 07:05:15 INFO TaskSetManager: Starting task 5.0 in stage 12.0 (TID 30) (172.30.0.7, executor 0, partition 5, ANY, 15762 bytes)
[2025-12-06T07:05:15.442+0000] {subprocess.py:106} INFO - 25/12/06 07:05:15 INFO TaskSetManager: Finished task 4.0 in stage 12.0 (TID 29) in 193 ms on 172.30.0.7 (executor 0) (5/9)
[2025-12-06T07:05:15.621+0000] {subprocess.py:106} INFO - 25/12/06 07:05:15 INFO TaskSetManager: Starting task 6.0 in stage 12.0 (TID 31) (172.30.0.7, executor 0, partition 6, ANY, 15762 bytes)
[2025-12-06T07:05:15.623+0000] {subprocess.py:106} INFO - 25/12/06 07:05:15 INFO TaskSetManager: Finished task 5.0 in stage 12.0 (TID 30) in 183 ms on 172.30.0.7 (executor 0) (6/9)
[2025-12-06T07:05:15.819+0000] {subprocess.py:106} INFO - 25/12/06 07:05:15 INFO TaskSetManager: Starting task 7.0 in stage 12.0 (TID 32) (172.30.0.7, executor 0, partition 7, ANY, 15762 bytes)
[2025-12-06T07:05:15.821+0000] {subprocess.py:106} INFO - 25/12/06 07:05:15 INFO TaskSetManager: Finished task 6.0 in stage 12.0 (TID 31) in 198 ms on 172.30.0.7 (executor 0) (7/9)
[2025-12-06T07:05:16.004+0000] {subprocess.py:106} INFO - 25/12/06 07:05:16 INFO TaskSetManager: Starting task 8.0 in stage 12.0 (TID 33) (172.30.0.7, executor 0, partition 8, ANY, 15762 bytes)
[2025-12-06T07:05:16.005+0000] {subprocess.py:106} INFO - 25/12/06 07:05:16 INFO TaskSetManager: Finished task 7.0 in stage 12.0 (TID 32) in 188 ms on 172.30.0.7 (executor 0) (8/9)
[2025-12-06T07:05:16.171+0000] {subprocess.py:106} INFO - 25/12/06 07:05:16 INFO TaskSetManager: Finished task 8.0 in stage 12.0 (TID 33) in 167 ms on 172.30.0.7 (executor 0) (9/9)
[2025-12-06T07:05:16.173+0000] {subprocess.py:106} INFO - 25/12/06 07:05:16 INFO TaskSchedulerImpl: Removed TaskSet 12.0, whose tasks have all completed, from pool
[2025-12-06T07:05:16.174+0000] {subprocess.py:106} INFO - 25/12/06 07:05:16 INFO DAGScheduler: ResultStage 12 ($anonfun$withThreadLocalCaptured$1 at <unknown>:0) finished in 1.842 s
[2025-12-06T07:05:16.174+0000] {subprocess.py:106} INFO - 25/12/06 07:05:16 INFO DAGScheduler: Job 9 is finished. Cancelling potential speculative or zombie tasks for this job
[2025-12-06T07:05:16.175+0000] {subprocess.py:106} INFO - 25/12/06 07:05:16 INFO TaskSchedulerImpl: Killing all running tasks in stage 12: Stage finished
[2025-12-06T07:05:16.175+0000] {subprocess.py:106} INFO - 25/12/06 07:05:16 INFO DAGScheduler: Job 9 finished: $anonfun$withThreadLocalCaptured$1 at <unknown>:0, took 1.851191 s
[2025-12-06T07:05:16.195+0000] {subprocess.py:106} INFO - 25/12/06 07:05:16 INFO BlockManagerInfo: Removed broadcast_21_piece0 on 65f44b4fd513:45947 in memory (size: 5.5 KiB, free: 434.0 MiB)
[2025-12-06T07:05:16.196+0000] {subprocess.py:106} INFO - 25/12/06 07:05:16 INFO BlockManagerInfo: Removed broadcast_21_piece0 on 172.30.0.7:38433 in memory (size: 5.5 KiB, free: 434.0 MiB)
[2025-12-06T07:05:16.206+0000] {subprocess.py:106} INFO - 25/12/06 07:05:16 INFO MemoryStore: Block broadcast_22_piece0 stored as bytes in memory (estimated size 312.4 KiB, free 433.6 MiB)
[2025-12-06T07:05:16.209+0000] {subprocess.py:106} INFO - 25/12/06 07:05:16 INFO BlockManagerInfo: Added broadcast_22_piece0 in memory on 65f44b4fd513:45947 (size: 312.4 KiB, free: 433.7 MiB)
[2025-12-06T07:05:16.209+0000] {subprocess.py:106} INFO - 25/12/06 07:05:16 INFO SparkContext: Created broadcast 22 from $anonfun$withThreadLocalCaptured$1 at <unknown>:0
[2025-12-06T07:05:16.218+0000] {subprocess.py:106} INFO - 25/12/06 07:05:16 INFO FileSourceStrategy: Pushed Filters:
[2025-12-06T07:05:16.220+0000] {subprocess.py:106} INFO - 25/12/06 07:05:16 INFO FileSourceStrategy: Post-Scan Filters:
[2025-12-06T07:05:16.282+0000] {subprocess.py:106} INFO - 25/12/06 07:05:16 INFO CodeGenerator: Code generated in 29.320731 ms
[2025-12-06T07:05:16.288+0000] {subprocess.py:106} INFO - 25/12/06 07:05:16 INFO MemoryStore: Block broadcast_23 stored as values in memory (estimated size 203.1 KiB, free 433.4 MiB)
[2025-12-06T07:05:16.319+0000] {subprocess.py:106} INFO - 25/12/06 07:05:16 INFO MemoryStore: Block broadcast_23_piece0 stored as bytes in memory (estimated size 35.1 KiB, free 433.4 MiB)
[2025-12-06T07:05:16.319+0000] {subprocess.py:106} INFO - 25/12/06 07:05:16 INFO BlockManagerInfo: Added broadcast_23_piece0 in memory on 65f44b4fd513:45947 (size: 35.1 KiB, free: 433.7 MiB)
[2025-12-06T07:05:16.324+0000] {subprocess.py:106} INFO - 25/12/06 07:05:16 INFO SparkContext: Created broadcast 23 from append at <unknown>:0
[2025-12-06T07:05:16.325+0000] {subprocess.py:106} INFO - 25/12/06 07:05:16 INFO FileSourceScanExec: Planning scan with bin packing, max size: 4194304 bytes, open cost is considered as scanning 4194304 bytes.
[2025-12-06T07:05:16.335+0000] {subprocess.py:106} INFO - 25/12/06 07:05:16 INFO MemoryStore: Block broadcast_24 stored as values in memory (estimated size 32.0 KiB, free 433.3 MiB)
[2025-12-06T07:05:16.338+0000] {subprocess.py:106} INFO - 25/12/06 07:05:16 INFO MemoryStore: Block broadcast_24_piece0 stored as bytes in memory (estimated size 29.7 KiB, free 433.3 MiB)
[2025-12-06T07:05:16.339+0000] {subprocess.py:106} INFO - 25/12/06 07:05:16 INFO BlockManagerInfo: Added broadcast_24_piece0 in memory on 65f44b4fd513:45947 (size: 29.7 KiB, free: 433.6 MiB)
[2025-12-06T07:05:16.341+0000] {subprocess.py:106} INFO - 25/12/06 07:05:16 INFO SparkContext: Created broadcast 24 from broadcast at SparkWrite.java:193
[2025-12-06T07:05:16.349+0000] {subprocess.py:106} INFO - 25/12/06 07:05:16 INFO AppendDataExec: Start processing data source write support: IcebergBatchWrite(table=hive_catalog.bronze.it_jobs_raw, format=PARQUET). The input RDD has 1 partitions.
[2025-12-06T07:05:16.377+0000] {subprocess.py:106} INFO - 25/12/06 07:05:16 INFO SparkContext: Starting job: append at <unknown>:0
[2025-12-06T07:05:16.378+0000] {subprocess.py:106} INFO - 25/12/06 07:05:16 INFO DAGScheduler: Got job 10 (append at <unknown>:0) with 1 output partitions
[2025-12-06T07:05:16.379+0000] {subprocess.py:106} INFO - 25/12/06 07:05:16 INFO DAGScheduler: Final stage: ResultStage 13 (append at <unknown>:0)
[2025-12-06T07:05:16.379+0000] {subprocess.py:106} INFO - 25/12/06 07:05:16 INFO DAGScheduler: Parents of final stage: List()
[2025-12-06T07:05:16.381+0000] {subprocess.py:106} INFO - 25/12/06 07:05:16 INFO DAGScheduler: Missing parents: List()
[2025-12-06T07:05:16.382+0000] {subprocess.py:106} INFO - 25/12/06 07:05:16 INFO DAGScheduler: Submitting ResultStage 13 (MapPartitionsRDD[39] at append at <unknown>:0), which has no missing parents
[2025-12-06T07:05:16.386+0000] {subprocess.py:106} INFO - 25/12/06 07:05:16 INFO MemoryStore: Block broadcast_25 stored as values in memory (estimated size 22.1 KiB, free 433.3 MiB)
[2025-12-06T07:05:16.388+0000] {subprocess.py:106} INFO - 25/12/06 07:05:16 INFO MemoryStore: Block broadcast_25_piece0 stored as bytes in memory (estimated size 9.9 KiB, free 433.3 MiB)
[2025-12-06T07:05:16.391+0000] {subprocess.py:106} INFO - 25/12/06 07:05:16 INFO BlockManagerInfo: Added broadcast_25_piece0 in memory on 65f44b4fd513:45947 (size: 9.9 KiB, free: 433.6 MiB)
[2025-12-06T07:05:16.393+0000] {subprocess.py:106} INFO - 25/12/06 07:05:16 INFO SparkContext: Created broadcast 25 from broadcast at DAGScheduler.scala:1585
[2025-12-06T07:05:16.395+0000] {subprocess.py:106} INFO - 25/12/06 07:05:16 INFO DAGScheduler: Submitting 1 missing tasks from ResultStage 13 (MapPartitionsRDD[39] at append at <unknown>:0) (first 15 tasks are for partitions Vector(0))
[2025-12-06T07:05:16.396+0000] {subprocess.py:106} INFO - 25/12/06 07:05:16 INFO TaskSchedulerImpl: Adding task set 13.0 with 1 tasks resource profile 0
[2025-12-06T07:05:16.397+0000] {subprocess.py:106} INFO - 25/12/06 07:05:16 INFO TaskSetManager: Starting task 0.0 in stage 13.0 (TID 34) (172.30.0.7, executor 0, partition 0, ANY, 9955 bytes)
[2025-12-06T07:05:16.410+0000] {subprocess.py:106} INFO - 25/12/06 07:05:16 INFO BlockManagerInfo: Added broadcast_25_piece0 in memory on 172.30.0.7:38433 (size: 9.9 KiB, free: 434.0 MiB)
[2025-12-06T07:05:16.464+0000] {subprocess.py:106} INFO - 25/12/06 07:05:16 INFO BlockManagerInfo: Added broadcast_22_piece0 in memory on 172.30.0.7:38433 (size: 312.4 KiB, free: 433.7 MiB)
[2025-12-06T07:05:16.496+0000] {subprocess.py:106} INFO - 25/12/06 07:05:16 INFO BlockManagerInfo: Added broadcast_24_piece0 in memory on 172.30.0.7:38433 (size: 29.7 KiB, free: 433.7 MiB)
[2025-12-06T07:05:16.778+0000] {subprocess.py:106} INFO - 25/12/06 07:05:16 INFO BlockManagerInfo: Added broadcast_23_piece0 in memory on 172.30.0.7:38433 (size: 35.1 KiB, free: 433.7 MiB)
[2025-12-06T07:05:17.170+0000] {subprocess.py:106} INFO - 25/12/06 07:05:17 INFO TaskSetManager: Finished task 0.0 in stage 13.0 (TID 34) in 773 ms on 172.30.0.7 (executor 0) (1/1)
[2025-12-06T07:05:17.175+0000] {subprocess.py:106} INFO - 25/12/06 07:05:17 INFO TaskSchedulerImpl: Removed TaskSet 13.0, whose tasks have all completed, from pool
[2025-12-06T07:05:17.175+0000] {subprocess.py:106} INFO - 25/12/06 07:05:17 INFO DAGScheduler: ResultStage 13 (append at <unknown>:0) finished in 0.784 s
[2025-12-06T07:05:17.176+0000] {subprocess.py:106} INFO - 25/12/06 07:05:17 INFO DAGScheduler: Job 10 is finished. Cancelling potential speculative or zombie tasks for this job
[2025-12-06T07:05:17.178+0000] {subprocess.py:106} INFO - 25/12/06 07:05:17 INFO TaskSchedulerImpl: Killing all running tasks in stage 13: Stage finished
[2025-12-06T07:05:17.178+0000] {subprocess.py:106} INFO - 25/12/06 07:05:17 INFO DAGScheduler: Job 10 finished: append at <unknown>:0, took 0.792889 s
[2025-12-06T07:05:17.179+0000] {subprocess.py:106} INFO - 25/12/06 07:05:17 INFO AppendDataExec: Data source write support IcebergBatchWrite(table=hive_catalog.bronze.it_jobs_raw, format=PARQUET) is committing.
[2025-12-06T07:05:17.211+0000] {subprocess.py:106} INFO - 25/12/06 07:05:17 INFO SparkWrite: Committing append with 1 new data files to table hive_catalog.bronze.it_jobs_raw
[2025-12-06T07:05:20.270+0000] {subprocess.py:106} INFO - 25/12/06 07:05:20 INFO HiveTableOperations: Committed to table hive_catalog.bronze.it_jobs_raw with the new metadata location hdfs://dinhhoa-master:9000/user/ndh/warehouse/bronze.db/it_jobs_raw/metadata/00036-9aed1d73-914f-44d9-9112-3c949a9f40f0.metadata.json
[2025-12-06T07:05:20.271+0000] {subprocess.py:106} INFO - 25/12/06 07:05:20 INFO BaseMetastoreTableOperations: Successfully committed to table hive_catalog.bronze.it_jobs_raw in 2678 ms
[2025-12-06T07:05:20.272+0000] {subprocess.py:106} INFO - 25/12/06 07:05:20 INFO SnapshotProducer: Committed snapshot 7469380139868231797 (MergeAppend)
[2025-12-06T07:05:20.288+0000] {subprocess.py:106} INFO - 25/12/06 07:05:20 INFO BaseMetastoreTableOperations: Refreshing table metadata from new version: hdfs://dinhhoa-master:9000/user/ndh/warehouse/bronze.db/it_jobs_raw/metadata/00036-9aed1d73-914f-44d9-9112-3c949a9f40f0.metadata.json
[2025-12-06T07:05:20.354+0000] {subprocess.py:106} INFO - 25/12/06 07:05:20 INFO LoggingMetricsReporter: Received metrics report: CommitReport{tableName=hive_catalog.bronze.it_jobs_raw, snapshotId=7469380139868231797, sequenceNumber=37, operation=append, commitMetrics=CommitMetricsResult{totalDuration=TimerResult{timeUnit=NANOSECONDS, totalDuration=PT3.11676185S, count=1}, attempts=CounterResult{unit=COUNT, value=1}, addedDataFiles=CounterResult{unit=COUNT, value=1}, removedDataFiles=null, totalDataFiles=CounterResult{unit=COUNT, value=37}, addedDeleteFiles=null, addedEqualityDeleteFiles=null, addedPositionalDeleteFiles=null, removedDeleteFiles=null, removedEqualityDeleteFiles=null, removedPositionalDeleteFiles=null, totalDeleteFiles=CounterResult{unit=COUNT, value=0}, addedRecords=CounterResult{unit=COUNT, value=82}, removedRecords=null, totalRecords=CounterResult{unit=COUNT, value=5355}, addedFilesSizeInBytes=CounterResult{unit=BYTES, value=12511}, removedFilesSizeInBytes=null, totalFilesSizeInBytes=CounterResult{unit=BYTES, value=507706}, addedPositionalDeletes=null, removedPositionalDeletes=null, totalPositionalDeletes=CounterResult{unit=COUNT, value=0}, addedEqualityDeletes=null, removedEqualityDeletes=null, totalEqualityDeletes=CounterResult{unit=COUNT, value=0}}, metadata={engine-version=3.5.3, app-id=app-20251206070446-0000, engine-name=spark, iceberg-version=Apache Iceberg 1.6.1 (commit 8e9d59d299be42b0bca9461457cd1e95dbaad086)}}
[2025-12-06T07:05:20.354+0000] {subprocess.py:106} INFO - 25/12/06 07:05:20 INFO SparkWrite: Committed in 3141 ms
[2025-12-06T07:05:20.355+0000] {subprocess.py:106} INFO - 25/12/06 07:05:20 INFO AppendDataExec: Data source write support IcebergBatchWrite(table=hive_catalog.bronze.it_jobs_raw, format=PARQUET) committed.
[2025-12-06T07:05:20.356+0000] {subprocess.py:106} INFO -  Loaded into: hive_catalog.bronze.it_jobs_raw
[2025-12-06T07:05:20.357+0000] {subprocess.py:106} INFO - 25/12/06 07:05:20 INFO SparkContext: SparkContext is stopping with exitCode 0.
[2025-12-06T07:05:20.376+0000] {subprocess.py:106} INFO - 25/12/06 07:05:20 INFO SparkUI: Stopped Spark web UI at http://65f44b4fd513:4040
[2025-12-06T07:05:20.383+0000] {subprocess.py:106} INFO - 25/12/06 07:05:20 INFO StandaloneSchedulerBackend: Shutting down all executors
[2025-12-06T07:05:20.385+0000] {subprocess.py:106} INFO - 25/12/06 07:05:20 INFO StandaloneSchedulerBackend$StandaloneDriverEndpoint: Asking each executor to shut down
[2025-12-06T07:05:20.441+0000] {subprocess.py:106} INFO - 25/12/06 07:05:20 INFO MapOutputTrackerMasterEndpoint: MapOutputTrackerMasterEndpoint stopped!
[2025-12-06T07:05:20.477+0000] {subprocess.py:106} INFO - 25/12/06 07:05:20 INFO MemoryStore: MemoryStore cleared
[2025-12-06T07:05:20.479+0000] {subprocess.py:106} INFO - 25/12/06 07:05:20 INFO BlockManager: BlockManager stopped
[2025-12-06T07:05:20.501+0000] {subprocess.py:106} INFO - 25/12/06 07:05:20 INFO BlockManagerMaster: BlockManagerMaster stopped
[2025-12-06T07:05:20.507+0000] {subprocess.py:106} INFO - 25/12/06 07:05:20 INFO OutputCommitCoordinator$OutputCommitCoordinatorEndpoint: OutputCommitCoordinator stopped!
[2025-12-06T07:05:20.526+0000] {subprocess.py:106} INFO - 25/12/06 07:05:20 INFO SparkContext: Successfully stopped SparkContext
[2025-12-06T07:05:20.659+0000] {subprocess.py:106} INFO - 25/12/06 07:05:20 INFO ShutdownHookManager: Shutdown hook called
[2025-12-06T07:05:20.660+0000] {subprocess.py:106} INFO - 25/12/06 07:05:20 INFO ShutdownHookManager: Deleting directory /tmp/spark-285d1a14-9c78-429f-b774-af0ba7515014/pyspark-f5ffd35f-1363-401e-b7cd-7527bd773751
[2025-12-06T07:05:20.663+0000] {subprocess.py:106} INFO - 25/12/06 07:05:20 INFO ShutdownHookManager: Deleting directory /tmp/spark-2c0e7326-ebc7-43a3-94ab-741a020f0d44
[2025-12-06T07:05:20.666+0000] {subprocess.py:106} INFO - 25/12/06 07:05:20 INFO ShutdownHookManager: Deleting directory /tmp/spark-285d1a14-9c78-429f-b774-af0ba7515014
[2025-12-06T07:05:20.739+0000] {subprocess.py:110} INFO - Command exited with return code 0
[2025-12-06T07:05:20.803+0000] {taskinstance.py:341} INFO - ::group::Post task execution logs
[2025-12-06T07:05:20.804+0000] {taskinstance.py:353} INFO - Marking task as SUCCESS. dag_id=crawl_etl_itjob, task_id=load_bronze, run_id=scheduled__2025-12-04T02:00:00+00:00, execution_date=20251204T020000, start_date=20251206T070405, end_date=20251206T070520
[2025-12-06T07:05:20.919+0000] {local_task_job_runner.py:266} INFO - Task exited with return code 0
[2025-12-06T07:05:21.004+0000] {taskinstance.py:3901} INFO - 1 downstream tasks scheduled from follow-on schedule check
[2025-12-06T07:05:21.007+0000] {local_task_job_runner.py:245} INFO - ::endgroup::
