[2026-01-17T09:30:14.655+0000] {local_task_job_runner.py:123} INFO - ::group::Pre task execution logs
[2026-01-17T09:30:14.684+0000] {taskinstance.py:2614} INFO - Dependencies all met for dep_context=non-requeueable deps ti=<TaskInstance: crawl_etl_itjob.clean_silver scheduled__2026-01-16T02:00:00+00:00 [queued]>
[2026-01-17T09:30:14.692+0000] {taskinstance.py:2614} INFO - Dependencies all met for dep_context=requeueable deps ti=<TaskInstance: crawl_etl_itjob.clean_silver scheduled__2026-01-16T02:00:00+00:00 [queued]>
[2026-01-17T09:30:14.693+0000] {taskinstance.py:2867} INFO - Starting attempt 1 of 2
[2026-01-17T09:30:14.704+0000] {taskinstance.py:2890} INFO - Executing <Task(BashOperator): clean_silver> on 2026-01-16 02:00:00+00:00
[2026-01-17T09:30:14.708+0000] {standard_task_runner.py:72} INFO - Started process 128 to run task
[2026-01-17T09:30:14.711+0000] {standard_task_runner.py:104} INFO - Running: ['***', 'tasks', 'run', 'crawl_etl_itjob', 'clean_silver', 'scheduled__2026-01-16T02:00:00+00:00', '--job-id', '451', '--raw', '--subdir', 'DAGS_FOLDER/Crawl_ETL_ITJob.py', '--cfg-path', '/tmp/tmpe7er8dt3']
[2026-01-17T09:30:14.713+0000] {standard_task_runner.py:105} INFO - Job 451: Subtask clean_silver
[2026-01-17T09:30:14.735+0000] {warnings.py:109} WARNING - /home/***/.local/lib/python3.8/site-packages/***/settings.py:209: DeprecationWarning: The sql_alchemy_conn option in [core] has been moved to the sql_alchemy_conn option in [database] - the old setting has been used, but please update your config.
  SQL_ALCHEMY_CONN = conf.get("database", "SQL_ALCHEMY_CONN")

[2026-01-17T09:30:14.810+0000] {task_command.py:467} INFO - Running <TaskInstance: crawl_etl_itjob.clean_silver scheduled__2026-01-16T02:00:00+00:00 [running]> on host a1de7f96d4f1
[2026-01-17T09:30:14.811+0000] {warnings.py:109} WARNING - /home/***/.local/lib/python3.8/site-packages/***/settings.py:470: DeprecationWarning: The sql_alchemy_conn option in [core] has been moved to the sql_alchemy_conn option in [database] - the old setting has been used, but please update your config.
  if conf.get("database", "sql_alchemy_conn") == "none://":

[2026-01-17T09:30:14.948+0000] {taskinstance.py:3134} INFO - Exporting env vars: AIRFLOW_CTX_DAG_EMAIL='dinhhoa0102@gmail.com' AIRFLOW_CTX_DAG_OWNER='***' AIRFLOW_CTX_DAG_ID='crawl_etl_itjob' AIRFLOW_CTX_TASK_ID='clean_silver' AIRFLOW_CTX_EXECUTION_DATE='2026-01-16T02:00:00+00:00' AIRFLOW_CTX_TRY_NUMBER='1' AIRFLOW_CTX_DAG_RUN_ID='scheduled__2026-01-16T02:00:00+00:00'
[2026-01-17T09:30:14.949+0000] {taskinstance.py:732} INFO - ::endgroup::
[2026-01-17T09:30:14.962+0000] {subprocess.py:78} INFO - Tmp dir root location: /tmp
[2026-01-17T09:30:14.963+0000] {subprocess.py:88} INFO - Running command: ['/bin/bash', '-c', "\n        docker exec spark-submit bash -c '\n        /opt/spark/bin/spark-submit         --master spark://spark-master:7077         --deploy-mode client         --packages org.apache.iceberg:iceberg-spark-runtime-3.5_2.12:1.5.0         /opt/spark/scripts/Clean_Silver.py\n        '\n        "]
[2026-01-17T09:30:14.972+0000] {subprocess.py:99} INFO - Output:
[2026-01-17T09:30:16.607+0000] {subprocess.py:106} INFO - :: loading settings :: url = jar:file:/opt/spark/jars/ivy-2.5.1.jar!/org/apache/ivy/core/settings/ivysettings.xml
[2026-01-17T09:30:16.686+0000] {subprocess.py:106} INFO - Ivy Default Cache set to: /home/spark/.ivy2/cache
[2026-01-17T09:30:16.687+0000] {subprocess.py:106} INFO - The jars for the packages stored in: /home/spark/.ivy2/jars
[2026-01-17T09:30:16.691+0000] {subprocess.py:106} INFO - org.apache.iceberg#iceberg-spark-runtime-3.5_2.12 added as a dependency
[2026-01-17T09:30:16.692+0000] {subprocess.py:106} INFO - :: resolving dependencies :: org.apache.spark#spark-submit-parent-9d9fb18d-1f26-4c6f-9088-0d0706b648c8;1.0
[2026-01-17T09:30:16.692+0000] {subprocess.py:106} INFO - 	confs: [default]
[2026-01-17T09:30:16.762+0000] {subprocess.py:106} INFO - 	found org.apache.iceberg#iceberg-spark-runtime-3.5_2.12;1.5.0 in central
[2026-01-17T09:30:16.774+0000] {subprocess.py:106} INFO - :: resolution report :: resolve 78ms :: artifacts dl 4ms
[2026-01-17T09:30:16.775+0000] {subprocess.py:106} INFO - 	:: modules in use:
[2026-01-17T09:30:16.775+0000] {subprocess.py:106} INFO - 	org.apache.iceberg#iceberg-spark-runtime-3.5_2.12;1.5.0 from central in [default]
[2026-01-17T09:30:16.776+0000] {subprocess.py:106} INFO - 	---------------------------------------------------------------------
[2026-01-17T09:30:16.777+0000] {subprocess.py:106} INFO - 	|                  |            modules            ||   artifacts   |
[2026-01-17T09:30:16.777+0000] {subprocess.py:106} INFO - 	|       conf       | number| search|dwnlded|evicted|| number|dwnlded|
[2026-01-17T09:30:16.778+0000] {subprocess.py:106} INFO - 	---------------------------------------------------------------------
[2026-01-17T09:30:16.779+0000] {subprocess.py:106} INFO - 	|      default     |   1   |   0   |   0   |   0   ||   1   |   0   |
[2026-01-17T09:30:16.779+0000] {subprocess.py:106} INFO - 	---------------------------------------------------------------------
[2026-01-17T09:30:16.779+0000] {subprocess.py:106} INFO - :: retrieving :: org.apache.spark#spark-submit-parent-9d9fb18d-1f26-4c6f-9088-0d0706b648c8
[2026-01-17T09:30:16.780+0000] {subprocess.py:106} INFO - 	confs: [default]
[2026-01-17T09:30:16.783+0000] {subprocess.py:106} INFO - 	0 artifacts copied, 1 already retrieved (0kB/5ms)
[2026-01-17T09:30:16.970+0000] {subprocess.py:106} INFO - 26/01/17 09:30:16 WARN NativeCodeLoader: Unable to load native-hadoop library for your platform... using builtin-java classes where applicable
[2026-01-17T09:30:21.286+0000] {subprocess.py:106} INFO - 26/01/17 09:30:21 INFO SparkContext: Running Spark version 3.5.3
[2026-01-17T09:30:21.287+0000] {subprocess.py:106} INFO - 26/01/17 09:30:21 INFO SparkContext: OS info Linux, 6.6.87.2-microsoft-standard-WSL2, amd64
[2026-01-17T09:30:21.288+0000] {subprocess.py:106} INFO - 26/01/17 09:30:21 INFO SparkContext: Java version 11.0.24
[2026-01-17T09:30:21.320+0000] {subprocess.py:106} INFO - 26/01/17 09:30:21 INFO ResourceUtils: ==============================================================
[2026-01-17T09:30:21.320+0000] {subprocess.py:106} INFO - 26/01/17 09:30:21 INFO ResourceUtils: No custom resources configured for spark.driver.
[2026-01-17T09:30:21.321+0000] {subprocess.py:106} INFO - 26/01/17 09:30:21 INFO ResourceUtils: ==============================================================
[2026-01-17T09:30:21.322+0000] {subprocess.py:106} INFO - 26/01/17 09:30:21 INFO SparkContext: Submitted application: Silver_Etl_Null_Handling_Optimized
[2026-01-17T09:30:21.363+0000] {subprocess.py:106} INFO - 26/01/17 09:30:21 INFO ResourceProfile: Default ResourceProfile created, executor resources: Map(memory -> name: memory, amount: 1024, script: , vendor: , offHeap -> name: offHeap, amount: 0, script: , vendor: ), task resources: Map(cpus -> name: cpus, amount: 1.0)
[2026-01-17T09:30:21.379+0000] {subprocess.py:106} INFO - 26/01/17 09:30:21 INFO ResourceProfile: Limiting resource is cpu
[2026-01-17T09:30:21.380+0000] {subprocess.py:106} INFO - 26/01/17 09:30:21 INFO ResourceProfileManager: Added ResourceProfile id: 0
[2026-01-17T09:30:21.453+0000] {subprocess.py:106} INFO - 26/01/17 09:30:21 INFO SecurityManager: Changing view acls to: spark
[2026-01-17T09:30:21.454+0000] {subprocess.py:106} INFO - 26/01/17 09:30:21 INFO SecurityManager: Changing modify acls to: spark
[2026-01-17T09:30:21.455+0000] {subprocess.py:106} INFO - 26/01/17 09:30:21 INFO SecurityManager: Changing view acls groups to:
[2026-01-17T09:30:21.456+0000] {subprocess.py:106} INFO - 26/01/17 09:30:21 INFO SecurityManager: Changing modify acls groups to:
[2026-01-17T09:30:21.456+0000] {subprocess.py:106} INFO - 26/01/17 09:30:21 INFO SecurityManager: SecurityManager: authentication disabled; ui acls disabled; users with view permissions: spark; groups with view permissions: EMPTY; users with modify permissions: spark; groups with modify permissions: EMPTY
[2026-01-17T09:30:21.715+0000] {subprocess.py:106} INFO - 26/01/17 09:30:21 INFO Utils: Successfully started service 'sparkDriver' on port 42885.
[2026-01-17T09:30:21.745+0000] {subprocess.py:106} INFO - 26/01/17 09:30:21 INFO SparkEnv: Registering MapOutputTracker
[2026-01-17T09:30:21.777+0000] {subprocess.py:106} INFO - 26/01/17 09:30:21 INFO SparkEnv: Registering BlockManagerMaster
[2026-01-17T09:30:21.793+0000] {subprocess.py:106} INFO - 26/01/17 09:30:21 INFO BlockManagerMasterEndpoint: Using org.apache.spark.storage.DefaultTopologyMapper for getting topology information
[2026-01-17T09:30:21.794+0000] {subprocess.py:106} INFO - 26/01/17 09:30:21 INFO BlockManagerMasterEndpoint: BlockManagerMasterEndpoint up
[2026-01-17T09:30:21.799+0000] {subprocess.py:106} INFO - 26/01/17 09:30:21 INFO SparkEnv: Registering BlockManagerMasterHeartbeat
[2026-01-17T09:30:21.822+0000] {subprocess.py:106} INFO - 26/01/17 09:30:21 INFO DiskBlockManager: Created local directory at /tmp/blockmgr-c9113e16-909f-4aac-9559-cc614fcef5b9
[2026-01-17T09:30:21.835+0000] {subprocess.py:106} INFO - 26/01/17 09:30:21 INFO MemoryStore: MemoryStore started with capacity 434.4 MiB
[2026-01-17T09:30:21.851+0000] {subprocess.py:106} INFO - 26/01/17 09:30:21 INFO SparkEnv: Registering OutputCommitCoordinator
[2026-01-17T09:30:21.981+0000] {subprocess.py:106} INFO - 26/01/17 09:30:21 INFO JettyUtils: Start Jetty 0.0.0.0:4040 for SparkUI
[2026-01-17T09:30:22.022+0000] {subprocess.py:106} INFO - 26/01/17 09:30:22 INFO Utils: Successfully started service 'SparkUI' on port 4040.
[2026-01-17T09:30:22.055+0000] {subprocess.py:106} INFO - 26/01/17 09:30:22 INFO SparkContext: Added JAR file:///home/spark/.ivy2/jars/org.apache.iceberg_iceberg-spark-runtime-3.5_2.12-1.5.0.jar at spark://65f44b4fd513:42885/jars/org.apache.iceberg_iceberg-spark-runtime-3.5_2.12-1.5.0.jar with timestamp 1768642221272
[2026-01-17T09:30:22.059+0000] {subprocess.py:106} INFO - 26/01/17 09:30:22 INFO SparkContext: Added file file:///home/spark/.ivy2/jars/org.apache.iceberg_iceberg-spark-runtime-3.5_2.12-1.5.0.jar at spark://65f44b4fd513:42885/files/org.apache.iceberg_iceberg-spark-runtime-3.5_2.12-1.5.0.jar with timestamp 1768642221272
[2026-01-17T09:30:22.060+0000] {subprocess.py:106} INFO - 26/01/17 09:30:22 INFO Utils: Copying /home/spark/.ivy2/jars/org.apache.iceberg_iceberg-spark-runtime-3.5_2.12-1.5.0.jar to /tmp/spark-11b3b242-3608-4133-8cfb-3873b9a2d1b7/userFiles-a68741f3-f4f3-4a4c-8b9f-249bb0786571/org.apache.iceberg_iceberg-spark-runtime-3.5_2.12-1.5.0.jar
[2026-01-17T09:30:22.154+0000] {subprocess.py:106} INFO - 26/01/17 09:30:22 INFO StandaloneAppClient$ClientEndpoint: Connecting to master spark://spark-master:7077...
[2026-01-17T09:30:22.210+0000] {subprocess.py:106} INFO - 26/01/17 09:30:22 INFO TransportClientFactory: Successfully created connection to spark-master/172.30.0.6:7077 after 42 ms (0 ms spent in bootstraps)
[2026-01-17T09:30:22.324+0000] {subprocess.py:106} INFO - 26/01/17 09:30:22 INFO StandaloneSchedulerBackend: Connected to Spark cluster with app ID app-20260117093022-0004
[2026-01-17T09:30:22.326+0000] {subprocess.py:106} INFO - 26/01/17 09:30:22 INFO StandaloneAppClient$ClientEndpoint: Executor added: app-20260117093022-0004/0 on worker-20260117090622-172.30.0.8-33251 (172.30.0.8:33251) with 1 core(s)
[2026-01-17T09:30:22.331+0000] {subprocess.py:106} INFO - 26/01/17 09:30:22 INFO StandaloneSchedulerBackend: Granted executor ID app-20260117093022-0004/0 on hostPort 172.30.0.8:33251 with 1 core(s), 1024.0 MiB RAM
[2026-01-17T09:30:22.340+0000] {subprocess.py:106} INFO - 26/01/17 09:30:22 INFO Utils: Successfully started service 'org.apache.spark.network.netty.NettyBlockTransferService' on port 39821.
[2026-01-17T09:30:22.341+0000] {subprocess.py:106} INFO - 26/01/17 09:30:22 INFO NettyBlockTransferService: Server created on 65f44b4fd513:39821
[2026-01-17T09:30:22.344+0000] {subprocess.py:106} INFO - 26/01/17 09:30:22 INFO BlockManager: Using org.apache.spark.storage.RandomBlockReplicationPolicy for block replication policy
[2026-01-17T09:30:22.354+0000] {subprocess.py:106} INFO - 26/01/17 09:30:22 INFO BlockManagerMaster: Registering BlockManager BlockManagerId(driver, 65f44b4fd513, 39821, None)
[2026-01-17T09:30:22.359+0000] {subprocess.py:106} INFO - 26/01/17 09:30:22 INFO BlockManagerMasterEndpoint: Registering block manager 65f44b4fd513:39821 with 434.4 MiB RAM, BlockManagerId(driver, 65f44b4fd513, 39821, None)
[2026-01-17T09:30:22.363+0000] {subprocess.py:106} INFO - 26/01/17 09:30:22 INFO BlockManagerMaster: Registered BlockManager BlockManagerId(driver, 65f44b4fd513, 39821, None)
[2026-01-17T09:30:22.364+0000] {subprocess.py:106} INFO - 26/01/17 09:30:22 INFO BlockManager: Initialized BlockManager: BlockManagerId(driver, 65f44b4fd513, 39821, None)
[2026-01-17T09:30:22.377+0000] {subprocess.py:106} INFO - 26/01/17 09:30:22 INFO StandaloneAppClient$ClientEndpoint: Executor updated: app-20260117093022-0004/0 is now RUNNING
[2026-01-17T09:30:22.655+0000] {subprocess.py:106} INFO - 26/01/17 09:30:22 INFO StandaloneSchedulerBackend: SchedulerBackend is ready for scheduling beginning after reached minRegisteredResourcesRatio: 0.0
[2026-01-17T09:30:22.916+0000] {subprocess.py:106} INFO - 26/01/17 09:30:22 INFO SharedState: Setting hive.metastore.warehouse.dir ('null') to the value of spark.sql.warehouse.dir.
[2026-01-17T09:30:22.918+0000] {subprocess.py:106} INFO - 26/01/17 09:30:22 INFO SharedState: Warehouse path is 'file:/opt/spark/work-dir/spark-warehouse'.
[2026-01-17T09:30:24.886+0000] {subprocess.py:106} INFO - 26/01/17 09:30:24 INFO HiveConf: Found configuration file null
[2026-01-17T09:30:25.027+0000] {subprocess.py:106} INFO - 26/01/17 09:30:25 INFO metastore: Trying to connect to metastore with URI thrift://hive-metastore:9083
[2026-01-17T09:30:25.049+0000] {subprocess.py:106} INFO - 26/01/17 09:30:25 INFO metastore: Opened a connection to metastore, current connections: 1
[2026-01-17T09:30:25.076+0000] {subprocess.py:106} INFO - 26/01/17 09:30:25 INFO metastore: Connected to metastore.
[2026-01-17T09:30:25.101+0000] {subprocess.py:106} INFO - 26/01/17 09:30:25 INFO StandaloneSchedulerBackend$StandaloneDriverEndpoint: Registered executor NettyRpcEndpointRef(spark-client://Executor) (172.30.0.8:56970) with ID 0,  ResourceProfileId 0
[2026-01-17T09:30:25.185+0000] {subprocess.py:106} INFO - 26/01/17 09:30:25 INFO BlockManagerMasterEndpoint: Registering block manager 172.30.0.8:41705 with 434.4 MiB RAM, BlockManagerId(0, 172.30.0.8, 41705, None)
[2026-01-17T09:30:25.341+0000] {subprocess.py:106} INFO - 26/01/17 09:30:25 INFO BaseMetastoreTableOperations: Refreshing table metadata from new version: hdfs://dinhhoa-master:9000/user/ndh/warehouse/silver.db/it_jobs_clean/metadata/00018-02840871-6cae-486e-b94d-500d149ad666.metadata.json
[2026-01-17T09:30:25.957+0000] {subprocess.py:106} INFO - 26/01/17 09:30:25 INFO BaseMetastoreCatalog: Table loaded by catalog: hive_catalog.silver.it_jobs_clean
[2026-01-17T09:30:26.651+0000] {subprocess.py:106} INFO - 26/01/17 09:30:26 INFO SnapshotScan: Scanning table hive_catalog.silver.it_jobs_clean snapshot 7432274836483370662 created at 2026-01-17T09:18:23.707+00:00 with filter true
[2026-01-17T09:30:26.786+0000] {subprocess.py:106} INFO - 26/01/17 09:30:26 INFO BaseDistributedDataScan: Planning file tasks locally for table hive_catalog.silver.it_jobs_clean
[2026-01-17T09:30:26.977+0000] {subprocess.py:106} INFO - 26/01/17 09:30:26 INFO V2ScanRelationPushDown:
[2026-01-17T09:30:26.978+0000] {subprocess.py:106} INFO - Pushing operators to hive_catalog.silver.it_jobs_clean
[2026-01-17T09:30:26.978+0000] {subprocess.py:106} INFO - Pushed Aggregate Functions:
[2026-01-17T09:30:26.978+0000] {subprocess.py:106} INFO -  MAX(ingest_time)
[2026-01-17T09:30:26.979+0000] {subprocess.py:106} INFO - Pushed Group by:
[2026-01-17T09:30:26.979+0000] {subprocess.py:106} INFO - 
[2026-01-17T09:30:26.979+0000] {subprocess.py:106} INFO - 
[2026-01-17T09:30:27.891+0000] {subprocess.py:106} INFO - 26/01/17 09:30:27 INFO CodeGenerator: Code generated in 335.053812 ms
[2026-01-17T09:30:27.907+0000] {subprocess.py:106} INFO - 26/01/17 09:30:27 INFO CodeGenerator: Code generated in 7.959805 ms
[2026-01-17T09:30:27.978+0000] {subprocess.py:106} INFO - 26/01/17 09:30:27 INFO DAGScheduler: Registering RDD 2 (collect at /opt/spark/scripts/Clean_Silver.py:33) as input to shuffle 0
[2026-01-17T09:30:27.983+0000] {subprocess.py:106} INFO - 26/01/17 09:30:27 INFO DAGScheduler: Got map stage job 0 (collect at /opt/spark/scripts/Clean_Silver.py:33) with 1 output partitions
[2026-01-17T09:30:27.984+0000] {subprocess.py:106} INFO - 26/01/17 09:30:27 INFO DAGScheduler: Final stage: ShuffleMapStage 0 (collect at /opt/spark/scripts/Clean_Silver.py:33)
[2026-01-17T09:30:27.985+0000] {subprocess.py:106} INFO - 26/01/17 09:30:27 INFO DAGScheduler: Parents of final stage: List()
[2026-01-17T09:30:27.987+0000] {subprocess.py:106} INFO - 26/01/17 09:30:27 INFO DAGScheduler: Missing parents: List()
[2026-01-17T09:30:27.991+0000] {subprocess.py:106} INFO - 26/01/17 09:30:27 INFO DAGScheduler: Submitting ShuffleMapStage 0 (MapPartitionsRDD[2] at collect at /opt/spark/scripts/Clean_Silver.py:33), which has no missing parents
[2026-01-17T09:30:28.091+0000] {subprocess.py:106} INFO - 26/01/17 09:30:28 INFO MemoryStore: Block broadcast_0 stored as values in memory (estimated size 12.0 KiB, free 434.4 MiB)
[2026-01-17T09:30:28.124+0000] {subprocess.py:106} INFO - 26/01/17 09:30:28 INFO MemoryStore: Block broadcast_0_piece0 stored as bytes in memory (estimated size 6.0 KiB, free 434.4 MiB)
[2026-01-17T09:30:28.127+0000] {subprocess.py:106} INFO - 26/01/17 09:30:28 INFO BlockManagerInfo: Added broadcast_0_piece0 in memory on 65f44b4fd513:39821 (size: 6.0 KiB, free: 434.4 MiB)
[2026-01-17T09:30:28.132+0000] {subprocess.py:106} INFO - 26/01/17 09:30:28 INFO SparkContext: Created broadcast 0 from broadcast at DAGScheduler.scala:1585
[2026-01-17T09:30:28.148+0000] {subprocess.py:106} INFO - 26/01/17 09:30:28 INFO DAGScheduler: Submitting 1 missing tasks from ShuffleMapStage 0 (MapPartitionsRDD[2] at collect at /opt/spark/scripts/Clean_Silver.py:33) (first 15 tasks are for partitions Vector(0))
[2026-01-17T09:30:28.149+0000] {subprocess.py:106} INFO - 26/01/17 09:30:28 INFO TaskSchedulerImpl: Adding task set 0.0 with 1 tasks resource profile 0
[2026-01-17T09:30:28.181+0000] {subprocess.py:106} INFO - 26/01/17 09:30:28 INFO TaskSetManager: Starting task 0.0 in stage 0.0 (TID 0) (172.30.0.8, executor 0, partition 0, PROCESS_LOCAL, 9492 bytes)
[2026-01-17T09:30:28.451+0000] {subprocess.py:106} INFO - 26/01/17 09:30:28 INFO BlockManagerInfo: Added broadcast_0_piece0 in memory on 172.30.0.8:41705 (size: 6.0 KiB, free: 434.4 MiB)
[2026-01-17T09:30:29.135+0000] {subprocess.py:106} INFO - 26/01/17 09:30:29 INFO TaskSetManager: Finished task 0.0 in stage 0.0 (TID 0) in 966 ms on 172.30.0.8 (executor 0) (1/1)
[2026-01-17T09:30:29.138+0000] {subprocess.py:106} INFO - 26/01/17 09:30:29 INFO TaskSchedulerImpl: Removed TaskSet 0.0, whose tasks have all completed, from pool
[2026-01-17T09:30:29.147+0000] {subprocess.py:106} INFO - 26/01/17 09:30:29 INFO DAGScheduler: ShuffleMapStage 0 (collect at /opt/spark/scripts/Clean_Silver.py:33) finished in 1.144 s
[2026-01-17T09:30:29.148+0000] {subprocess.py:106} INFO - 26/01/17 09:30:29 INFO DAGScheduler: looking for newly runnable stages
[2026-01-17T09:30:29.149+0000] {subprocess.py:106} INFO - 26/01/17 09:30:29 INFO DAGScheduler: running: Set()
[2026-01-17T09:30:29.151+0000] {subprocess.py:106} INFO - 26/01/17 09:30:29 INFO DAGScheduler: waiting: Set()
[2026-01-17T09:30:29.152+0000] {subprocess.py:106} INFO - 26/01/17 09:30:29 INFO DAGScheduler: failed: Set()
[2026-01-17T09:30:29.210+0000] {subprocess.py:106} INFO - 26/01/17 09:30:29 INFO CodeGenerator: Code generated in 14.504665 ms
[2026-01-17T09:30:29.272+0000] {subprocess.py:106} INFO - 26/01/17 09:30:29 INFO SparkContext: Starting job: collect at /opt/spark/scripts/Clean_Silver.py:33
[2026-01-17T09:30:29.277+0000] {subprocess.py:106} INFO - 26/01/17 09:30:29 INFO DAGScheduler: Got job 1 (collect at /opt/spark/scripts/Clean_Silver.py:33) with 1 output partitions
[2026-01-17T09:30:29.278+0000] {subprocess.py:106} INFO - 26/01/17 09:30:29 INFO DAGScheduler: Final stage: ResultStage 2 (collect at /opt/spark/scripts/Clean_Silver.py:33)
[2026-01-17T09:30:29.279+0000] {subprocess.py:106} INFO - 26/01/17 09:30:29 INFO DAGScheduler: Parents of final stage: List(ShuffleMapStage 1)
[2026-01-17T09:30:29.280+0000] {subprocess.py:106} INFO - 26/01/17 09:30:29 INFO DAGScheduler: Missing parents: List()
[2026-01-17T09:30:29.282+0000] {subprocess.py:106} INFO - 26/01/17 09:30:29 INFO DAGScheduler: Submitting ResultStage 2 (MapPartitionsRDD[5] at collect at /opt/spark/scripts/Clean_Silver.py:33), which has no missing parents
[2026-01-17T09:30:29.299+0000] {subprocess.py:106} INFO - 26/01/17 09:30:29 INFO MemoryStore: Block broadcast_1 stored as values in memory (estimated size 13.1 KiB, free 434.4 MiB)
[2026-01-17T09:30:29.305+0000] {subprocess.py:106} INFO - 26/01/17 09:30:29 INFO MemoryStore: Block broadcast_1_piece0 stored as bytes in memory (estimated size 6.1 KiB, free 434.4 MiB)
[2026-01-17T09:30:29.306+0000] {subprocess.py:106} INFO - 26/01/17 09:30:29 INFO BlockManagerInfo: Added broadcast_1_piece0 in memory on 65f44b4fd513:39821 (size: 6.1 KiB, free: 434.4 MiB)
[2026-01-17T09:30:29.308+0000] {subprocess.py:106} INFO - 26/01/17 09:30:29 INFO SparkContext: Created broadcast 1 from broadcast at DAGScheduler.scala:1585
[2026-01-17T09:30:29.310+0000] {subprocess.py:106} INFO - 26/01/17 09:30:29 INFO DAGScheduler: Submitting 1 missing tasks from ResultStage 2 (MapPartitionsRDD[5] at collect at /opt/spark/scripts/Clean_Silver.py:33) (first 15 tasks are for partitions Vector(0))
[2026-01-17T09:30:29.311+0000] {subprocess.py:106} INFO - 26/01/17 09:30:29 INFO TaskSchedulerImpl: Adding task set 2.0 with 1 tasks resource profile 0
[2026-01-17T09:30:29.319+0000] {subprocess.py:106} INFO - 26/01/17 09:30:29 INFO TaskSetManager: Starting task 0.0 in stage 2.0 (TID 1) (172.30.0.8, executor 0, partition 0, NODE_LOCAL, 9331 bytes)
[2026-01-17T09:30:29.353+0000] {subprocess.py:106} INFO - 26/01/17 09:30:29 INFO BlockManagerInfo: Added broadcast_1_piece0 in memory on 172.30.0.8:41705 (size: 6.1 KiB, free: 434.4 MiB)
[2026-01-17T09:30:29.449+0000] {subprocess.py:106} INFO - 26/01/17 09:30:29 INFO MapOutputTrackerMasterEndpoint: Asked to send map output locations for shuffle 0 to 172.30.0.8:56970
[2026-01-17T09:30:29.566+0000] {subprocess.py:106} INFO - 26/01/17 09:30:29 INFO TaskSetManager: Finished task 0.0 in stage 2.0 (TID 1) in 250 ms on 172.30.0.8 (executor 0) (1/1)
[2026-01-17T09:30:29.567+0000] {subprocess.py:106} INFO - 26/01/17 09:30:29 INFO TaskSchedulerImpl: Removed TaskSet 2.0, whose tasks have all completed, from pool
[2026-01-17T09:30:29.568+0000] {subprocess.py:106} INFO - 26/01/17 09:30:29 INFO DAGScheduler: ResultStage 2 (collect at /opt/spark/scripts/Clean_Silver.py:33) finished in 0.273 s
[2026-01-17T09:30:29.569+0000] {subprocess.py:106} INFO - 26/01/17 09:30:29 INFO DAGScheduler: Job 1 is finished. Cancelling potential speculative or zombie tasks for this job
[2026-01-17T09:30:29.570+0000] {subprocess.py:106} INFO - 26/01/17 09:30:29 INFO TaskSchedulerImpl: Killing all running tasks in stage 2: Stage finished
[2026-01-17T09:30:29.572+0000] {subprocess.py:106} INFO - 26/01/17 09:30:29 INFO DAGScheduler: Job 1 finished: collect at /opt/spark/scripts/Clean_Silver.py:33, took 0.300029 s
[2026-01-17T09:30:29.737+0000] {subprocess.py:106} INFO - >>> Watermark: 2026-01-17 09:17:51.541696
[2026-01-17T09:30:29.760+0000] {subprocess.py:106} INFO - 26/01/17 09:30:29 INFO BaseMetastoreTableOperations: Refreshing table metadata from new version: hdfs://dinhhoa-master:9000/user/ndh/warehouse/bronze.db/it_jobs_raw/metadata/00019-711fef6c-80d6-442f-8a35-fc0c9782e01b.metadata.json
[2026-01-17T09:30:29.780+0000] {subprocess.py:106} INFO - 26/01/17 09:30:29 INFO BaseMetastoreCatalog: Table loaded by catalog: hive_catalog.bronze.it_jobs_raw
[2026-01-17T09:30:29.792+0000] {subprocess.py:106} INFO - >>> INCREMENTAL LOAD: Reading only new data...
[2026-01-17T09:30:29.958+0000] {subprocess.py:106} INFO - 26/01/17 09:30:29 INFO BlockManagerInfo: Removed broadcast_1_piece0 on 65f44b4fd513:39821 in memory (size: 6.1 KiB, free: 434.4 MiB)
[2026-01-17T09:30:29.965+0000] {subprocess.py:106} INFO - 26/01/17 09:30:29 INFO BlockManagerInfo: Removed broadcast_1_piece0 on 172.30.0.8:41705 in memory (size: 6.1 KiB, free: 434.4 MiB)
[2026-01-17T09:30:29.977+0000] {subprocess.py:106} INFO - 26/01/17 09:30:29 INFO BlockManagerInfo: Removed broadcast_0_piece0 on 65f44b4fd513:39821 in memory (size: 6.0 KiB, free: 434.4 MiB)
[2026-01-17T09:30:29.980+0000] {subprocess.py:106} INFO - 26/01/17 09:30:29 INFO BlockManagerInfo: Removed broadcast_0_piece0 on 172.30.0.8:41705 in memory (size: 6.0 KiB, free: 434.4 MiB)
[2026-01-17T09:30:30.040+0000] {subprocess.py:106} INFO - 26/01/17 09:30:30 INFO V2ScanRelationPushDown:
[2026-01-17T09:30:30.040+0000] {subprocess.py:106} INFO - Pushing operators to hive_catalog.bronze.it_jobs_raw
[2026-01-17T09:30:30.041+0000] {subprocess.py:106} INFO - Pushed Filters: ingest_time IS NOT NULL, ingest_time > 1768641471541696
[2026-01-17T09:30:30.041+0000] {subprocess.py:106} INFO - Post-Scan Filters: isnotnull(ingest_time#36),(ingest_time#36 > 2026-01-17 09:17:51.541696)
[2026-01-17T09:30:30.041+0000] {subprocess.py:106} INFO - 
[2026-01-17T09:30:30.062+0000] {subprocess.py:106} INFO - 26/01/17 09:30:30 INFO V2ScanRelationPushDown:
[2026-01-17T09:30:30.062+0000] {subprocess.py:106} INFO - Output: ingest_time#36
[2026-01-17T09:30:30.063+0000] {subprocess.py:106} INFO - 
[2026-01-17T09:30:30.070+0000] {subprocess.py:106} INFO - 26/01/17 09:30:30 INFO SnapshotScan: Scanning table hive_catalog.bronze.it_jobs_raw snapshot 2837103792677262805 created at 2026-01-17T09:30:12.643+00:00 with filter (ingest_time IS NOT NULL AND ingest_time > (16-digit-int))
[2026-01-17T09:30:30.099+0000] {subprocess.py:106} INFO - 26/01/17 09:30:30 INFO BaseDistributedDataScan: Planning file tasks locally for table hive_catalog.bronze.it_jobs_raw
[2026-01-17T09:30:30.212+0000] {subprocess.py:106} INFO - 26/01/17 09:30:30 INFO SparkPartitioningAwareScan: Reporting UnknownPartitioning with 1 partition(s) for table hive_catalog.bronze.it_jobs_raw
[2026-01-17T09:30:30.229+0000] {subprocess.py:106} INFO - 26/01/17 09:30:30 INFO MemoryStore: Block broadcast_2 stored as values in memory (estimated size 32.0 KiB, free 434.4 MiB)
[2026-01-17T09:30:30.240+0000] {subprocess.py:106} INFO - 26/01/17 09:30:30 INFO MemoryStore: Block broadcast_2_piece0 stored as bytes in memory (estimated size 29.8 KiB, free 434.3 MiB)
[2026-01-17T09:30:30.241+0000] {subprocess.py:106} INFO - 26/01/17 09:30:30 INFO BlockManagerInfo: Added broadcast_2_piece0 in memory on 65f44b4fd513:39821 (size: 29.8 KiB, free: 434.4 MiB)
[2026-01-17T09:30:30.242+0000] {subprocess.py:106} INFO - 26/01/17 09:30:30 INFO SparkContext: Created broadcast 2 from broadcast at SparkBatch.java:79
[2026-01-17T09:30:30.263+0000] {subprocess.py:106} INFO - 26/01/17 09:30:30 INFO MemoryStore: Block broadcast_3 stored as values in memory (estimated size 32.0 KiB, free 434.3 MiB)
[2026-01-17T09:30:30.266+0000] {subprocess.py:106} INFO - 26/01/17 09:30:30 INFO MemoryStore: Block broadcast_3_piece0 stored as bytes in memory (estimated size 29.8 KiB, free 434.3 MiB)
[2026-01-17T09:30:30.267+0000] {subprocess.py:106} INFO - 26/01/17 09:30:30 INFO BlockManagerInfo: Added broadcast_3_piece0 in memory on 65f44b4fd513:39821 (size: 29.8 KiB, free: 434.3 MiB)
[2026-01-17T09:30:30.267+0000] {subprocess.py:106} INFO - 26/01/17 09:30:30 INFO SparkContext: Created broadcast 3 from broadcast at SparkBatch.java:79
[2026-01-17T09:30:30.352+0000] {subprocess.py:106} INFO - 26/01/17 09:30:30 INFO CodeGenerator: Code generated in 16.785012 ms
[2026-01-17T09:30:30.373+0000] {subprocess.py:106} INFO - 26/01/17 09:30:30 INFO DAGScheduler: Registering RDD 9 (count at <unknown>:0) as input to shuffle 1
[2026-01-17T09:30:30.373+0000] {subprocess.py:106} INFO - 26/01/17 09:30:30 INFO DAGScheduler: Got map stage job 2 (count at <unknown>:0) with 1 output partitions
[2026-01-17T09:30:30.374+0000] {subprocess.py:106} INFO - 26/01/17 09:30:30 INFO DAGScheduler: Final stage: ShuffleMapStage 3 (count at <unknown>:0)
[2026-01-17T09:30:30.375+0000] {subprocess.py:106} INFO - 26/01/17 09:30:30 INFO DAGScheduler: Parents of final stage: List()
[2026-01-17T09:30:30.375+0000] {subprocess.py:106} INFO - 26/01/17 09:30:30 INFO DAGScheduler: Missing parents: List()
[2026-01-17T09:30:30.377+0000] {subprocess.py:106} INFO - 26/01/17 09:30:30 INFO DAGScheduler: Submitting ShuffleMapStage 3 (MapPartitionsRDD[9] at count at <unknown>:0), which has no missing parents
[2026-01-17T09:30:30.386+0000] {subprocess.py:106} INFO - 26/01/17 09:30:30 INFO MemoryStore: Block broadcast_4 stored as values in memory (estimated size 17.8 KiB, free 434.3 MiB)
[2026-01-17T09:30:30.405+0000] {subprocess.py:106} INFO - 26/01/17 09:30:30 INFO MemoryStore: Block broadcast_4_piece0 stored as bytes in memory (estimated size 7.6 KiB, free 434.3 MiB)
[2026-01-17T09:30:30.409+0000] {subprocess.py:106} INFO - 26/01/17 09:30:30 INFO BlockManagerInfo: Added broadcast_4_piece0 in memory on 65f44b4fd513:39821 (size: 7.6 KiB, free: 434.3 MiB)
[2026-01-17T09:30:30.410+0000] {subprocess.py:106} INFO - 26/01/17 09:30:30 INFO SparkContext: Created broadcast 4 from broadcast at DAGScheduler.scala:1585
[2026-01-17T09:30:30.411+0000] {subprocess.py:106} INFO - 26/01/17 09:30:30 INFO DAGScheduler: Submitting 1 missing tasks from ShuffleMapStage 3 (MapPartitionsRDD[9] at count at <unknown>:0) (first 15 tasks are for partitions Vector(0))
[2026-01-17T09:30:30.411+0000] {subprocess.py:106} INFO - 26/01/17 09:30:30 INFO TaskSchedulerImpl: Adding task set 3.0 with 1 tasks resource profile 0
[2026-01-17T09:30:30.430+0000] {subprocess.py:106} INFO - 26/01/17 09:30:30 INFO TaskSetManager: Starting task 0.0 in stage 3.0 (TID 2) (172.30.0.8, executor 0, partition 0, ANY, 14732 bytes)
[2026-01-17T09:30:30.858+0000] {subprocess.py:106} INFO - 26/01/17 09:30:30 INFO BlockManagerInfo: Added broadcast_4_piece0 in memory on 172.30.0.8:41705 (size: 7.6 KiB, free: 434.4 MiB)
[2026-01-17T09:30:30.934+0000] {subprocess.py:106} INFO - 26/01/17 09:30:30 INFO BlockManagerInfo: Added broadcast_3_piece0 in memory on 172.30.0.8:41705 (size: 29.8 KiB, free: 434.4 MiB)
[2026-01-17T09:30:32.320+0000] {subprocess.py:106} INFO - 26/01/17 09:30:32 INFO TaskSetManager: Finished task 0.0 in stage 3.0 (TID 2) in 1908 ms on 172.30.0.8 (executor 0) (1/1)
[2026-01-17T09:30:32.321+0000] {subprocess.py:106} INFO - 26/01/17 09:30:32 INFO TaskSchedulerImpl: Removed TaskSet 3.0, whose tasks have all completed, from pool
[2026-01-17T09:30:32.322+0000] {subprocess.py:106} INFO - 26/01/17 09:30:32 INFO DAGScheduler: ShuffleMapStage 3 (count at <unknown>:0) finished in 1.942 s
[2026-01-17T09:30:32.323+0000] {subprocess.py:106} INFO - 26/01/17 09:30:32 INFO DAGScheduler: looking for newly runnable stages
[2026-01-17T09:30:32.324+0000] {subprocess.py:106} INFO - 26/01/17 09:30:32 INFO DAGScheduler: running: Set()
[2026-01-17T09:30:32.324+0000] {subprocess.py:106} INFO - 26/01/17 09:30:32 INFO DAGScheduler: waiting: Set()
[2026-01-17T09:30:32.325+0000] {subprocess.py:106} INFO - 26/01/17 09:30:32 INFO DAGScheduler: failed: Set()
[2026-01-17T09:30:32.360+0000] {subprocess.py:106} INFO - 26/01/17 09:30:32 INFO CodeGenerator: Code generated in 18.338862 ms
[2026-01-17T09:30:32.383+0000] {subprocess.py:106} INFO - 26/01/17 09:30:32 INFO SparkContext: Starting job: count at <unknown>:0
[2026-01-17T09:30:32.386+0000] {subprocess.py:106} INFO - 26/01/17 09:30:32 INFO DAGScheduler: Got job 3 (count at <unknown>:0) with 1 output partitions
[2026-01-17T09:30:32.387+0000] {subprocess.py:106} INFO - 26/01/17 09:30:32 INFO DAGScheduler: Final stage: ResultStage 5 (count at <unknown>:0)
[2026-01-17T09:30:32.389+0000] {subprocess.py:106} INFO - 26/01/17 09:30:32 INFO DAGScheduler: Parents of final stage: List(ShuffleMapStage 4)
[2026-01-17T09:30:32.391+0000] {subprocess.py:106} INFO - 26/01/17 09:30:32 INFO DAGScheduler: Missing parents: List()
[2026-01-17T09:30:32.392+0000] {subprocess.py:106} INFO - 26/01/17 09:30:32 INFO DAGScheduler: Submitting ResultStage 5 (MapPartitionsRDD[12] at count at <unknown>:0), which has no missing parents
[2026-01-17T09:30:32.397+0000] {subprocess.py:106} INFO - 26/01/17 09:30:32 INFO MemoryStore: Block broadcast_5 stored as values in memory (estimated size 12.5 KiB, free 434.2 MiB)
[2026-01-17T09:30:32.415+0000] {subprocess.py:106} INFO - 26/01/17 09:30:32 INFO MemoryStore: Block broadcast_5_piece0 stored as bytes in memory (estimated size 5.9 KiB, free 434.2 MiB)
[2026-01-17T09:30:32.418+0000] {subprocess.py:106} INFO - 26/01/17 09:30:32 INFO BlockManagerInfo: Added broadcast_5_piece0 in memory on 65f44b4fd513:39821 (size: 5.9 KiB, free: 434.3 MiB)
[2026-01-17T09:30:32.419+0000] {subprocess.py:106} INFO - 26/01/17 09:30:32 INFO BlockManagerInfo: Removed broadcast_4_piece0 on 65f44b4fd513:39821 in memory (size: 7.6 KiB, free: 434.3 MiB)
[2026-01-17T09:30:32.423+0000] {subprocess.py:106} INFO - 26/01/17 09:30:32 INFO SparkContext: Created broadcast 5 from broadcast at DAGScheduler.scala:1585
[2026-01-17T09:30:32.424+0000] {subprocess.py:106} INFO - 26/01/17 09:30:32 INFO DAGScheduler: Submitting 1 missing tasks from ResultStage 5 (MapPartitionsRDD[12] at count at <unknown>:0) (first 15 tasks are for partitions Vector(0))
[2026-01-17T09:30:32.424+0000] {subprocess.py:106} INFO - 26/01/17 09:30:32 INFO TaskSchedulerImpl: Adding task set 5.0 with 1 tasks resource profile 0
[2026-01-17T09:30:32.427+0000] {subprocess.py:106} INFO - 26/01/17 09:30:32 INFO TaskSetManager: Starting task 0.0 in stage 5.0 (TID 3) (172.30.0.8, executor 0, partition 0, NODE_LOCAL, 9331 bytes)
[2026-01-17T09:30:32.432+0000] {subprocess.py:106} INFO - 26/01/17 09:30:32 INFO BlockManagerInfo: Removed broadcast_4_piece0 on 172.30.0.8:41705 in memory (size: 7.6 KiB, free: 434.4 MiB)
[2026-01-17T09:30:32.488+0000] {subprocess.py:106} INFO - 26/01/17 09:30:32 INFO BlockManagerInfo: Added broadcast_5_piece0 in memory on 172.30.0.8:41705 (size: 5.9 KiB, free: 434.4 MiB)
[2026-01-17T09:30:32.497+0000] {subprocess.py:106} INFO - 26/01/17 09:30:32 INFO MapOutputTrackerMasterEndpoint: Asked to send map output locations for shuffle 1 to 172.30.0.8:56970
[2026-01-17T09:30:32.553+0000] {subprocess.py:106} INFO - 26/01/17 09:30:32 INFO TaskSetManager: Finished task 0.0 in stage 5.0 (TID 3) in 131 ms on 172.30.0.8 (executor 0) (1/1)
[2026-01-17T09:30:32.555+0000] {subprocess.py:106} INFO - 26/01/17 09:30:32 INFO TaskSchedulerImpl: Removed TaskSet 5.0, whose tasks have all completed, from pool
[2026-01-17T09:30:32.561+0000] {subprocess.py:106} INFO - 26/01/17 09:30:32 INFO DAGScheduler: ResultStage 5 (count at <unknown>:0) finished in 0.161 s
[2026-01-17T09:30:32.562+0000] {subprocess.py:106} INFO - 26/01/17 09:30:32 INFO DAGScheduler: Job 3 is finished. Cancelling potential speculative or zombie tasks for this job
[2026-01-17T09:30:32.562+0000] {subprocess.py:106} INFO - 26/01/17 09:30:32 INFO TaskSchedulerImpl: Killing all running tasks in stage 5: Stage finished
[2026-01-17T09:30:32.563+0000] {subprocess.py:106} INFO - 26/01/17 09:30:32 INFO DAGScheduler: Job 3 finished: count at <unknown>:0, took 0.173935 s
[2026-01-17T09:30:32.563+0000] {subprocess.py:106} INFO - >>> Processing 16 records...
[2026-01-17T09:30:32.585+0000] {subprocess.py:106} INFO - 26/01/17 09:30:32 INFO V2ScanRelationPushDown:
[2026-01-17T09:30:32.586+0000] {subprocess.py:106} INFO - Pushing operators to hive_catalog.bronze.it_jobs_raw
[2026-01-17T09:30:32.586+0000] {subprocess.py:106} INFO - Pushed Filters: ingest_time IS NOT NULL, ingest_time > 1768641471541696
[2026-01-17T09:30:32.587+0000] {subprocess.py:106} INFO - Post-Scan Filters: isnotnull(ingest_time#36),(ingest_time#36 > 2026-01-17 09:17:51.541696)
[2026-01-17T09:30:32.587+0000] {subprocess.py:106} INFO - 
[2026-01-17T09:30:32.588+0000] {subprocess.py:106} INFO - 26/01/17 09:30:32 INFO V2ScanRelationPushDown:
[2026-01-17T09:30:32.589+0000] {subprocess.py:106} INFO - Output: ingest_time#36
[2026-01-17T09:30:32.589+0000] {subprocess.py:106} INFO - 
[2026-01-17T09:30:32.590+0000] {subprocess.py:106} INFO - 26/01/17 09:30:32 INFO SnapshotScan: Scanning table hive_catalog.bronze.it_jobs_raw snapshot 2837103792677262805 created at 2026-01-17T09:30:12.643+00:00 with filter (ingest_time IS NOT NULL AND ingest_time > (16-digit-int))
[2026-01-17T09:30:32.591+0000] {subprocess.py:106} INFO - 26/01/17 09:30:32 INFO BaseDistributedDataScan: Planning file tasks locally for table hive_catalog.bronze.it_jobs_raw
[2026-01-17T09:30:32.710+0000] {subprocess.py:106} INFO - 26/01/17 09:30:32 INFO SparkPartitioningAwareScan: Reporting UnknownPartitioning with 1 partition(s) for table hive_catalog.bronze.it_jobs_raw
[2026-01-17T09:30:32.723+0000] {subprocess.py:106} INFO - 26/01/17 09:30:32 INFO MemoryStore: Block broadcast_6 stored as values in memory (estimated size 32.0 KiB, free 434.2 MiB)
[2026-01-17T09:30:32.741+0000] {subprocess.py:106} INFO - 26/01/17 09:30:32 INFO MemoryStore: Block broadcast_6_piece0 stored as bytes in memory (estimated size 29.8 KiB, free 434.2 MiB)
[2026-01-17T09:30:32.745+0000] {subprocess.py:106} INFO - 26/01/17 09:30:32 INFO BlockManagerInfo: Removed broadcast_5_piece0 on 65f44b4fd513:39821 in memory (size: 5.9 KiB, free: 434.3 MiB)
[2026-01-17T09:30:32.746+0000] {subprocess.py:106} INFO - 26/01/17 09:30:32 INFO BlockManagerInfo: Added broadcast_6_piece0 in memory on 65f44b4fd513:39821 (size: 29.8 KiB, free: 434.3 MiB)
[2026-01-17T09:30:32.746+0000] {subprocess.py:106} INFO - 26/01/17 09:30:32 INFO SparkContext: Created broadcast 6 from broadcast at SparkBatch.java:79
[2026-01-17T09:30:32.749+0000] {subprocess.py:106} INFO - 26/01/17 09:30:32 INFO BlockManagerInfo: Removed broadcast_5_piece0 on 172.30.0.8:41705 in memory (size: 5.9 KiB, free: 434.4 MiB)
[2026-01-17T09:30:32.769+0000] {subprocess.py:106} INFO - 26/01/17 09:30:32 INFO MemoryStore: Block broadcast_7 stored as values in memory (estimated size 32.0 KiB, free 434.2 MiB)
[2026-01-17T09:30:32.777+0000] {subprocess.py:106} INFO - 26/01/17 09:30:32 INFO MemoryStore: Block broadcast_7_piece0 stored as bytes in memory (estimated size 29.8 KiB, free 434.2 MiB)
[2026-01-17T09:30:32.781+0000] {subprocess.py:106} INFO - 26/01/17 09:30:32 INFO BlockManagerInfo: Added broadcast_7_piece0 in memory on 65f44b4fd513:39821 (size: 29.8 KiB, free: 434.3 MiB)
[2026-01-17T09:30:32.782+0000] {subprocess.py:106} INFO - 26/01/17 09:30:32 INFO SparkContext: Created broadcast 7 from broadcast at SparkBatch.java:79
[2026-01-17T09:30:32.830+0000] {subprocess.py:106} INFO - 26/01/17 09:30:32 INFO DAGScheduler: Registering RDD 16 (count at <unknown>:0) as input to shuffle 2
[2026-01-17T09:30:32.831+0000] {subprocess.py:106} INFO - 26/01/17 09:30:32 INFO DAGScheduler: Got map stage job 4 (count at <unknown>:0) with 1 output partitions
[2026-01-17T09:30:32.832+0000] {subprocess.py:106} INFO - 26/01/17 09:30:32 INFO DAGScheduler: Final stage: ShuffleMapStage 6 (count at <unknown>:0)
[2026-01-17T09:30:32.832+0000] {subprocess.py:106} INFO - 26/01/17 09:30:32 INFO DAGScheduler: Parents of final stage: List()
[2026-01-17T09:30:32.832+0000] {subprocess.py:106} INFO - 26/01/17 09:30:32 INFO DAGScheduler: Missing parents: List()
[2026-01-17T09:30:32.833+0000] {subprocess.py:106} INFO - 26/01/17 09:30:32 INFO DAGScheduler: Submitting ShuffleMapStage 6 (MapPartitionsRDD[16] at count at <unknown>:0), which has no missing parents
[2026-01-17T09:30:32.836+0000] {subprocess.py:106} INFO - 26/01/17 09:30:32 INFO MemoryStore: Block broadcast_8 stored as values in memory (estimated size 17.8 KiB, free 434.1 MiB)
[2026-01-17T09:30:32.846+0000] {subprocess.py:106} INFO - 26/01/17 09:30:32 INFO MemoryStore: Block broadcast_8_piece0 stored as bytes in memory (estimated size 7.6 KiB, free 434.1 MiB)
[2026-01-17T09:30:32.852+0000] {subprocess.py:106} INFO - 26/01/17 09:30:32 INFO BlockManagerInfo: Added broadcast_8_piece0 in memory on 65f44b4fd513:39821 (size: 7.6 KiB, free: 434.3 MiB)
[2026-01-17T09:30:32.854+0000] {subprocess.py:106} INFO - 26/01/17 09:30:32 INFO SparkContext: Created broadcast 8 from broadcast at DAGScheduler.scala:1585
[2026-01-17T09:30:32.855+0000] {subprocess.py:106} INFO - 26/01/17 09:30:32 INFO DAGScheduler: Submitting 1 missing tasks from ShuffleMapStage 6 (MapPartitionsRDD[16] at count at <unknown>:0) (first 15 tasks are for partitions Vector(0))
[2026-01-17T09:30:32.856+0000] {subprocess.py:106} INFO - 26/01/17 09:30:32 INFO TaskSchedulerImpl: Adding task set 6.0 with 1 tasks resource profile 0
[2026-01-17T09:30:32.864+0000] {subprocess.py:106} INFO - 26/01/17 09:30:32 INFO TaskSetManager: Starting task 0.0 in stage 6.0 (TID 4) (172.30.0.8, executor 0, partition 0, ANY, 14732 bytes)
[2026-01-17T09:30:32.872+0000] {subprocess.py:106} INFO - 26/01/17 09:30:32 INFO BlockManagerInfo: Removed broadcast_3_piece0 on 65f44b4fd513:39821 in memory (size: 29.8 KiB, free: 434.3 MiB)
[2026-01-17T09:30:32.873+0000] {subprocess.py:106} INFO - 26/01/17 09:30:32 INFO BlockManagerInfo: Removed broadcast_3_piece0 on 172.30.0.8:41705 in memory (size: 29.8 KiB, free: 434.4 MiB)
[2026-01-17T09:30:32.900+0000] {subprocess.py:106} INFO - 26/01/17 09:30:32 INFO BlockManagerInfo: Added broadcast_8_piece0 in memory on 172.30.0.8:41705 (size: 7.6 KiB, free: 434.4 MiB)
[2026-01-17T09:30:32.902+0000] {subprocess.py:106} INFO - 26/01/17 09:30:32 INFO BlockManagerInfo: Removed broadcast_2_piece0 on 65f44b4fd513:39821 in memory (size: 29.8 KiB, free: 434.3 MiB)
[2026-01-17T09:30:32.924+0000] {subprocess.py:106} INFO - 26/01/17 09:30:32 INFO BlockManagerInfo: Added broadcast_7_piece0 in memory on 172.30.0.8:41705 (size: 29.8 KiB, free: 434.4 MiB)
[2026-01-17T09:30:33.001+0000] {subprocess.py:106} INFO - 26/01/17 09:30:33 INFO TaskSetManager: Finished task 0.0 in stage 6.0 (TID 4) in 138 ms on 172.30.0.8 (executor 0) (1/1)
[2026-01-17T09:30:33.002+0000] {subprocess.py:106} INFO - 26/01/17 09:30:33 INFO TaskSchedulerImpl: Removed TaskSet 6.0, whose tasks have all completed, from pool
[2026-01-17T09:30:33.003+0000] {subprocess.py:106} INFO - 26/01/17 09:30:33 INFO DAGScheduler: ShuffleMapStage 6 (count at <unknown>:0) finished in 0.168 s
[2026-01-17T09:30:33.004+0000] {subprocess.py:106} INFO - 26/01/17 09:30:33 INFO DAGScheduler: looking for newly runnable stages
[2026-01-17T09:30:33.004+0000] {subprocess.py:106} INFO - 26/01/17 09:30:33 INFO DAGScheduler: running: Set()
[2026-01-17T09:30:33.005+0000] {subprocess.py:106} INFO - 26/01/17 09:30:33 INFO DAGScheduler: waiting: Set()
[2026-01-17T09:30:33.005+0000] {subprocess.py:106} INFO - 26/01/17 09:30:33 INFO DAGScheduler: failed: Set()
[2026-01-17T09:30:33.027+0000] {subprocess.py:106} INFO - 26/01/17 09:30:33 INFO SparkContext: Starting job: count at <unknown>:0
[2026-01-17T09:30:33.028+0000] {subprocess.py:106} INFO - 26/01/17 09:30:33 INFO DAGScheduler: Got job 5 (count at <unknown>:0) with 1 output partitions
[2026-01-17T09:30:33.029+0000] {subprocess.py:106} INFO - 26/01/17 09:30:33 INFO DAGScheduler: Final stage: ResultStage 8 (count at <unknown>:0)
[2026-01-17T09:30:33.029+0000] {subprocess.py:106} INFO - 26/01/17 09:30:33 INFO DAGScheduler: Parents of final stage: List(ShuffleMapStage 7)
[2026-01-17T09:30:33.030+0000] {subprocess.py:106} INFO - 26/01/17 09:30:33 INFO DAGScheduler: Missing parents: List()
[2026-01-17T09:30:33.031+0000] {subprocess.py:106} INFO - 26/01/17 09:30:33 INFO DAGScheduler: Submitting ResultStage 8 (MapPartitionsRDD[19] at count at <unknown>:0), which has no missing parents
[2026-01-17T09:30:33.033+0000] {subprocess.py:106} INFO - 26/01/17 09:30:33 INFO MemoryStore: Block broadcast_9 stored as values in memory (estimated size 12.5 KiB, free 434.2 MiB)
[2026-01-17T09:30:33.043+0000] {subprocess.py:106} INFO - 26/01/17 09:30:33 INFO MemoryStore: Block broadcast_9_piece0 stored as bytes in memory (estimated size 5.9 KiB, free 434.2 MiB)
[2026-01-17T09:30:33.044+0000] {subprocess.py:106} INFO - 26/01/17 09:30:33 INFO BlockManagerInfo: Added broadcast_9_piece0 in memory on 65f44b4fd513:39821 (size: 5.9 KiB, free: 434.3 MiB)
[2026-01-17T09:30:33.046+0000] {subprocess.py:106} INFO - 26/01/17 09:30:33 INFO BlockManagerInfo: Removed broadcast_8_piece0 on 65f44b4fd513:39821 in memory (size: 7.6 KiB, free: 434.3 MiB)
[2026-01-17T09:30:33.047+0000] {subprocess.py:106} INFO - 26/01/17 09:30:33 INFO SparkContext: Created broadcast 9 from broadcast at DAGScheduler.scala:1585
[2026-01-17T09:30:33.048+0000] {subprocess.py:106} INFO - 26/01/17 09:30:33 INFO DAGScheduler: Submitting 1 missing tasks from ResultStage 8 (MapPartitionsRDD[19] at count at <unknown>:0) (first 15 tasks are for partitions Vector(0))
[2026-01-17T09:30:33.050+0000] {subprocess.py:106} INFO - 26/01/17 09:30:33 INFO TaskSchedulerImpl: Adding task set 8.0 with 1 tasks resource profile 0
[2026-01-17T09:30:33.051+0000] {subprocess.py:106} INFO - 26/01/17 09:30:33 INFO TaskSetManager: Starting task 0.0 in stage 8.0 (TID 5) (172.30.0.8, executor 0, partition 0, NODE_LOCAL, 9331 bytes)
[2026-01-17T09:30:33.052+0000] {subprocess.py:106} INFO - 26/01/17 09:30:33 INFO BlockManagerInfo: Removed broadcast_8_piece0 on 172.30.0.8:41705 in memory (size: 7.6 KiB, free: 434.4 MiB)
[2026-01-17T09:30:33.065+0000] {subprocess.py:106} INFO - 26/01/17 09:30:33 INFO BlockManagerInfo: Added broadcast_9_piece0 in memory on 172.30.0.8:41705 (size: 5.9 KiB, free: 434.4 MiB)
[2026-01-17T09:30:33.076+0000] {subprocess.py:106} INFO - 26/01/17 09:30:33 INFO MapOutputTrackerMasterEndpoint: Asked to send map output locations for shuffle 2 to 172.30.0.8:56970
[2026-01-17T09:30:33.100+0000] {subprocess.py:106} INFO - 26/01/17 09:30:33 INFO TaskSetManager: Finished task 0.0 in stage 8.0 (TID 5) in 52 ms on 172.30.0.8 (executor 0) (1/1)
[2026-01-17T09:30:33.101+0000] {subprocess.py:106} INFO - 26/01/17 09:30:33 INFO TaskSchedulerImpl: Removed TaskSet 8.0, whose tasks have all completed, from pool
[2026-01-17T09:30:33.102+0000] {subprocess.py:106} INFO - 26/01/17 09:30:33 INFO DAGScheduler: ResultStage 8 (count at <unknown>:0) finished in 0.070 s
[2026-01-17T09:30:33.103+0000] {subprocess.py:106} INFO - 26/01/17 09:30:33 INFO DAGScheduler: Job 5 is finished. Cancelling potential speculative or zombie tasks for this job
[2026-01-17T09:30:33.104+0000] {subprocess.py:106} INFO - 26/01/17 09:30:33 INFO TaskSchedulerImpl: Killing all running tasks in stage 8: Stage finished
[2026-01-17T09:30:33.108+0000] {subprocess.py:106} INFO - 26/01/17 09:30:33 INFO DAGScheduler: Job 5 finished: count at <unknown>:0, took 0.075835 s
[2026-01-17T09:30:33.537+0000] {subprocess.py:106} INFO - 26/01/17 09:30:33 INFO BlockManagerInfo: Removed broadcast_9_piece0 on 65f44b4fd513:39821 in memory (size: 5.9 KiB, free: 434.3 MiB)
[2026-01-17T09:30:33.540+0000] {subprocess.py:106} INFO - 26/01/17 09:30:33 INFO BlockManagerInfo: Removed broadcast_9_piece0 on 172.30.0.8:41705 in memory (size: 5.9 KiB, free: 434.4 MiB)
[2026-01-17T09:30:33.760+0000] {subprocess.py:106} INFO - 26/01/17 09:30:33 INFO V2ScanRelationPushDown:
[2026-01-17T09:30:33.761+0000] {subprocess.py:106} INFO - Pushing operators to hive_catalog.bronze.it_jobs_raw
[2026-01-17T09:30:33.762+0000] {subprocess.py:106} INFO - Pushed Filters: ingest_time IS NOT NULL, ingest_time > 1768641471541696, job_link IS NOT NULL, NOT (job_link = '')
[2026-01-17T09:30:33.763+0000] {subprocess.py:106} INFO - Post-Scan Filters: isnotnull(ingest_time#36),(ingest_time#36 > 2026-01-17 09:17:51.541696),isnotnull(trim(job_title#26, None)),NOT (trim(job_title#26, None) = ),isnotnull(upper(trim(company_name#27, None))),NOT (upper(trim(company_name#27, None)) = ),isnotnull(job_link#31),NOT (job_link#31 = )
[2026-01-17T09:30:33.764+0000] {subprocess.py:106} INFO - 
[2026-01-17T09:30:33.769+0000] {subprocess.py:106} INFO - 26/01/17 09:30:33 INFO V2ScanRelationPushDown:
[2026-01-17T09:30:33.771+0000] {subprocess.py:106} INFO - Output: job_title#26, company_name#27, job_link#31, ingest_time#36
[2026-01-17T09:30:33.773+0000] {subprocess.py:106} INFO - 
[2026-01-17T09:30:33.783+0000] {subprocess.py:106} INFO - 26/01/17 09:30:33 INFO SnapshotScan: Scanning table hive_catalog.bronze.it_jobs_raw snapshot 2837103792677262805 created at 2026-01-17T09:30:12.643+00:00 with filter (((ingest_time IS NOT NULL AND ingest_time > (16-digit-int)) AND job_link IS NOT NULL) AND NOT (job_link = (hash-00000000)))
[2026-01-17T09:30:33.784+0000] {subprocess.py:106} INFO - 26/01/17 09:30:33 INFO BaseDistributedDataScan: Planning file tasks locally for table hive_catalog.bronze.it_jobs_raw
[2026-01-17T09:30:33.946+0000] {subprocess.py:106} INFO - 26/01/17 09:30:33 INFO SparkPartitioningAwareScan: Reporting UnknownPartitioning with 1 partition(s) for table hive_catalog.bronze.it_jobs_raw
[2026-01-17T09:30:33.969+0000] {subprocess.py:106} INFO - 26/01/17 09:30:33 INFO MemoryStore: Block broadcast_10 stored as values in memory (estimated size 32.0 KiB, free 434.2 MiB)
[2026-01-17T09:30:33.970+0000] {subprocess.py:106} INFO - 26/01/17 09:30:33 INFO MemoryStore: Block broadcast_10_piece0 stored as bytes in memory (estimated size 29.8 KiB, free 434.2 MiB)
[2026-01-17T09:30:33.970+0000] {subprocess.py:106} INFO - 26/01/17 09:30:33 INFO BlockManagerInfo: Added broadcast_10_piece0 in memory on 65f44b4fd513:39821 (size: 29.8 KiB, free: 434.3 MiB)
[2026-01-17T09:30:33.971+0000] {subprocess.py:106} INFO - 26/01/17 09:30:33 INFO SparkContext: Created broadcast 10 from broadcast at SparkBatch.java:79
[2026-01-17T09:30:33.992+0000] {subprocess.py:106} INFO - 26/01/17 09:30:33 INFO MemoryStore: Block broadcast_11 stored as values in memory (estimated size 32.0 KiB, free 434.2 MiB)
[2026-01-17T09:30:34.011+0000] {subprocess.py:106} INFO - 26/01/17 09:30:34 INFO MemoryStore: Block broadcast_11_piece0 stored as bytes in memory (estimated size 29.8 KiB, free 434.2 MiB)
[2026-01-17T09:30:34.013+0000] {subprocess.py:106} INFO - 26/01/17 09:30:34 INFO BlockManagerInfo: Added broadcast_11_piece0 in memory on 65f44b4fd513:39821 (size: 29.8 KiB, free: 434.3 MiB)
[2026-01-17T09:30:34.014+0000] {subprocess.py:106} INFO - 26/01/17 09:30:34 INFO SparkContext: Created broadcast 11 from broadcast at SparkBatch.java:79
[2026-01-17T09:30:34.015+0000] {subprocess.py:106} INFO - 26/01/17 09:30:34 INFO BlockManagerInfo: Removed broadcast_7_piece0 on 65f44b4fd513:39821 in memory (size: 29.8 KiB, free: 434.3 MiB)
[2026-01-17T09:30:34.019+0000] {subprocess.py:106} INFO - 26/01/17 09:30:34 INFO BlockManagerInfo: Removed broadcast_7_piece0 on 172.30.0.8:41705 in memory (size: 29.8 KiB, free: 434.4 MiB)
[2026-01-17T09:30:34.035+0000] {subprocess.py:106} INFO - 26/01/17 09:30:34 INFO BlockManagerInfo: Removed broadcast_6_piece0 on 65f44b4fd513:39821 in memory (size: 29.8 KiB, free: 434.3 MiB)
[2026-01-17T09:30:34.152+0000] {subprocess.py:106} INFO - 26/01/17 09:30:34 INFO CodeGenerator: Code generated in 54.877556 ms
[2026-01-17T09:30:34.185+0000] {subprocess.py:106} INFO - 26/01/17 09:30:34 INFO DAGScheduler: Registering RDD 23 (count at <unknown>:0) as input to shuffle 3
[2026-01-17T09:30:34.186+0000] {subprocess.py:106} INFO - 26/01/17 09:30:34 INFO DAGScheduler: Got map stage job 6 (count at <unknown>:0) with 1 output partitions
[2026-01-17T09:30:34.186+0000] {subprocess.py:106} INFO - 26/01/17 09:30:34 INFO DAGScheduler: Final stage: ShuffleMapStage 9 (count at <unknown>:0)
[2026-01-17T09:30:34.187+0000] {subprocess.py:106} INFO - 26/01/17 09:30:34 INFO DAGScheduler: Parents of final stage: List()
[2026-01-17T09:30:34.187+0000] {subprocess.py:106} INFO - 26/01/17 09:30:34 INFO DAGScheduler: Missing parents: List()
[2026-01-17T09:30:34.188+0000] {subprocess.py:106} INFO - 26/01/17 09:30:34 INFO DAGScheduler: Submitting ShuffleMapStage 9 (MapPartitionsRDD[23] at count at <unknown>:0), which has no missing parents
[2026-01-17T09:30:34.194+0000] {subprocess.py:106} INFO - 26/01/17 09:30:34 INFO MemoryStore: Block broadcast_12 stored as values in memory (estimated size 43.3 KiB, free 434.2 MiB)
[2026-01-17T09:30:34.204+0000] {subprocess.py:106} INFO - 26/01/17 09:30:34 INFO MemoryStore: Block broadcast_12_piece0 stored as bytes in memory (estimated size 18.3 KiB, free 434.2 MiB)
[2026-01-17T09:30:34.205+0000] {subprocess.py:106} INFO - 26/01/17 09:30:34 INFO BlockManagerInfo: Added broadcast_12_piece0 in memory on 65f44b4fd513:39821 (size: 18.3 KiB, free: 434.3 MiB)
[2026-01-17T09:30:34.206+0000] {subprocess.py:106} INFO - 26/01/17 09:30:34 INFO SparkContext: Created broadcast 12 from broadcast at DAGScheduler.scala:1585
[2026-01-17T09:30:34.207+0000] {subprocess.py:106} INFO - 26/01/17 09:30:34 INFO DAGScheduler: Submitting 1 missing tasks from ShuffleMapStage 9 (MapPartitionsRDD[23] at count at <unknown>:0) (first 15 tasks are for partitions Vector(0))
[2026-01-17T09:30:34.208+0000] {subprocess.py:106} INFO - 26/01/17 09:30:34 INFO TaskSchedulerImpl: Adding task set 9.0 with 1 tasks resource profile 0
[2026-01-17T09:30:34.211+0000] {subprocess.py:106} INFO - 26/01/17 09:30:34 INFO TaskSetManager: Starting task 0.0 in stage 9.0 (TID 6) (172.30.0.8, executor 0, partition 0, ANY, 15150 bytes)
[2026-01-17T09:30:34.234+0000] {subprocess.py:106} INFO - 26/01/17 09:30:34 INFO BlockManagerInfo: Added broadcast_12_piece0 in memory on 172.30.0.8:41705 (size: 18.3 KiB, free: 434.4 MiB)
[2026-01-17T09:30:34.646+0000] {subprocess.py:106} INFO - 26/01/17 09:30:34 INFO BlockManagerInfo: Added broadcast_11_piece0 in memory on 172.30.0.8:41705 (size: 29.8 KiB, free: 434.4 MiB)
[2026-01-17T09:30:34.806+0000] {subprocess.py:106} INFO - 26/01/17 09:30:34 INFO TaskSetManager: Finished task 0.0 in stage 9.0 (TID 6) in 597 ms on 172.30.0.8 (executor 0) (1/1)
[2026-01-17T09:30:34.807+0000] {subprocess.py:106} INFO - 26/01/17 09:30:34 INFO TaskSchedulerImpl: Removed TaskSet 9.0, whose tasks have all completed, from pool
[2026-01-17T09:30:34.808+0000] {subprocess.py:106} INFO - 26/01/17 09:30:34 INFO DAGScheduler: ShuffleMapStage 9 (count at <unknown>:0) finished in 0.618 s
[2026-01-17T09:30:34.813+0000] {subprocess.py:106} INFO - 26/01/17 09:30:34 INFO DAGScheduler: looking for newly runnable stages
[2026-01-17T09:30:34.814+0000] {subprocess.py:106} INFO - 26/01/17 09:30:34 INFO DAGScheduler: running: Set()
[2026-01-17T09:30:34.814+0000] {subprocess.py:106} INFO - 26/01/17 09:30:34 INFO DAGScheduler: waiting: Set()
[2026-01-17T09:30:34.815+0000] {subprocess.py:106} INFO - 26/01/17 09:30:34 INFO DAGScheduler: failed: Set()
[2026-01-17T09:30:34.827+0000] {subprocess.py:106} INFO - 26/01/17 09:30:34 INFO ShufflePartitionsUtil: For shuffle(3), advisory target size: 67108864, actual target size 1048576, minimum partition size: 1048576
[2026-01-17T09:30:34.883+0000] {subprocess.py:106} INFO - 26/01/17 09:30:34 INFO CodeGenerator: Code generated in 29.452685 ms
[2026-01-17T09:30:34.907+0000] {subprocess.py:106} INFO - 26/01/17 09:30:34 INFO DAGScheduler: Registering RDD 26 (count at <unknown>:0) as input to shuffle 4
[2026-01-17T09:30:34.907+0000] {subprocess.py:106} INFO - 26/01/17 09:30:34 INFO DAGScheduler: Got map stage job 7 (count at <unknown>:0) with 1 output partitions
[2026-01-17T09:30:34.908+0000] {subprocess.py:106} INFO - 26/01/17 09:30:34 INFO DAGScheduler: Final stage: ShuffleMapStage 11 (count at <unknown>:0)
[2026-01-17T09:30:34.909+0000] {subprocess.py:106} INFO - 26/01/17 09:30:34 INFO DAGScheduler: Parents of final stage: List(ShuffleMapStage 10)
[2026-01-17T09:30:34.909+0000] {subprocess.py:106} INFO - 26/01/17 09:30:34 INFO DAGScheduler: Missing parents: List()
[2026-01-17T09:30:34.910+0000] {subprocess.py:106} INFO - 26/01/17 09:30:34 INFO DAGScheduler: Submitting ShuffleMapStage 11 (MapPartitionsRDD[26] at count at <unknown>:0), which has no missing parents
[2026-01-17T09:30:34.915+0000] {subprocess.py:106} INFO - 26/01/17 09:30:34 INFO MemoryStore: Block broadcast_13 stored as values in memory (estimated size 48.7 KiB, free 434.2 MiB)
[2026-01-17T09:30:34.923+0000] {subprocess.py:106} INFO - 26/01/17 09:30:34 INFO MemoryStore: Block broadcast_13_piece0 stored as bytes in memory (estimated size 21.3 KiB, free 434.2 MiB)
[2026-01-17T09:30:34.924+0000] {subprocess.py:106} INFO - 26/01/17 09:30:34 INFO BlockManagerInfo: Added broadcast_13_piece0 in memory on 65f44b4fd513:39821 (size: 21.3 KiB, free: 434.3 MiB)
[2026-01-17T09:30:34.926+0000] {subprocess.py:106} INFO - 26/01/17 09:30:34 INFO SparkContext: Created broadcast 13 from broadcast at DAGScheduler.scala:1585
[2026-01-17T09:30:34.928+0000] {subprocess.py:106} INFO - 26/01/17 09:30:34 INFO BlockManagerInfo: Removed broadcast_12_piece0 on 65f44b4fd513:39821 in memory (size: 18.3 KiB, free: 434.3 MiB)
[2026-01-17T09:30:34.928+0000] {subprocess.py:106} INFO - 26/01/17 09:30:34 INFO DAGScheduler: Submitting 1 missing tasks from ShuffleMapStage 11 (MapPartitionsRDD[26] at count at <unknown>:0) (first 15 tasks are for partitions Vector(0))
[2026-01-17T09:30:34.929+0000] {subprocess.py:106} INFO - 26/01/17 09:30:34 INFO TaskSchedulerImpl: Adding task set 11.0 with 1 tasks resource profile 0
[2026-01-17T09:30:34.930+0000] {subprocess.py:106} INFO - 26/01/17 09:30:34 INFO TaskSetManager: Starting task 0.0 in stage 11.0 (TID 7) (172.30.0.8, executor 0, partition 0, NODE_LOCAL, 9320 bytes)
[2026-01-17T09:30:34.933+0000] {subprocess.py:106} INFO - 26/01/17 09:30:34 INFO BlockManagerInfo: Removed broadcast_12_piece0 on 172.30.0.8:41705 in memory (size: 18.3 KiB, free: 434.4 MiB)
[2026-01-17T09:30:34.946+0000] {subprocess.py:106} INFO - 26/01/17 09:30:34 INFO BlockManagerInfo: Added broadcast_13_piece0 in memory on 172.30.0.8:41705 (size: 21.3 KiB, free: 434.4 MiB)
[2026-01-17T09:30:34.989+0000] {subprocess.py:106} INFO - 26/01/17 09:30:34 INFO MapOutputTrackerMasterEndpoint: Asked to send map output locations for shuffle 3 to 172.30.0.8:56970
[2026-01-17T09:30:35.072+0000] {subprocess.py:106} INFO - 26/01/17 09:30:35 INFO TaskSetManager: Finished task 0.0 in stage 11.0 (TID 7) in 143 ms on 172.30.0.8 (executor 0) (1/1)
[2026-01-17T09:30:35.077+0000] {subprocess.py:106} INFO - 26/01/17 09:30:35 INFO TaskSchedulerImpl: Removed TaskSet 11.0, whose tasks have all completed, from pool
[2026-01-17T09:30:35.078+0000] {subprocess.py:106} INFO - 26/01/17 09:30:35 INFO DAGScheduler: ShuffleMapStage 11 (count at <unknown>:0) finished in 0.161 s
[2026-01-17T09:30:35.078+0000] {subprocess.py:106} INFO - 26/01/17 09:30:35 INFO DAGScheduler: looking for newly runnable stages
[2026-01-17T09:30:35.079+0000] {subprocess.py:106} INFO - 26/01/17 09:30:35 INFO DAGScheduler: running: Set()
[2026-01-17T09:30:35.079+0000] {subprocess.py:106} INFO - 26/01/17 09:30:35 INFO DAGScheduler: waiting: Set()
[2026-01-17T09:30:35.080+0000] {subprocess.py:106} INFO - 26/01/17 09:30:35 INFO DAGScheduler: failed: Set()
[2026-01-17T09:30:35.105+0000] {subprocess.py:106} INFO - 26/01/17 09:30:35 INFO CodeGenerator: Code generated in 10.722666 ms
[2026-01-17T09:30:35.128+0000] {subprocess.py:106} INFO - 26/01/17 09:30:35 INFO SparkContext: Starting job: count at <unknown>:0
[2026-01-17T09:30:35.132+0000] {subprocess.py:106} INFO - 26/01/17 09:30:35 INFO DAGScheduler: Got job 8 (count at <unknown>:0) with 1 output partitions
[2026-01-17T09:30:35.133+0000] {subprocess.py:106} INFO - 26/01/17 09:30:35 INFO DAGScheduler: Final stage: ResultStage 14 (count at <unknown>:0)
[2026-01-17T09:30:35.133+0000] {subprocess.py:106} INFO - 26/01/17 09:30:35 INFO DAGScheduler: Parents of final stage: List(ShuffleMapStage 13)
[2026-01-17T09:30:35.134+0000] {subprocess.py:106} INFO - 26/01/17 09:30:35 INFO DAGScheduler: Missing parents: List()
[2026-01-17T09:30:35.136+0000] {subprocess.py:106} INFO - 26/01/17 09:30:35 INFO DAGScheduler: Submitting ResultStage 14 (MapPartitionsRDD[29] at count at <unknown>:0), which has no missing parents
[2026-01-17T09:30:35.139+0000] {subprocess.py:106} INFO - 26/01/17 09:30:35 INFO MemoryStore: Block broadcast_14 stored as values in memory (estimated size 12.5 KiB, free 434.2 MiB)
[2026-01-17T09:30:35.157+0000] {subprocess.py:106} INFO - 26/01/17 09:30:35 INFO MemoryStore: Block broadcast_14_piece0 stored as bytes in memory (estimated size 5.9 KiB, free 434.2 MiB)
[2026-01-17T09:30:35.159+0000] {subprocess.py:106} INFO - 26/01/17 09:30:35 INFO BlockManagerInfo: Added broadcast_14_piece0 in memory on 65f44b4fd513:39821 (size: 5.9 KiB, free: 434.3 MiB)
[2026-01-17T09:30:35.160+0000] {subprocess.py:106} INFO - 26/01/17 09:30:35 INFO BlockManagerInfo: Removed broadcast_13_piece0 on 65f44b4fd513:39821 in memory (size: 21.3 KiB, free: 434.3 MiB)
[2026-01-17T09:30:35.161+0000] {subprocess.py:106} INFO - 26/01/17 09:30:35 INFO BlockManagerInfo: Removed broadcast_13_piece0 on 172.30.0.8:41705 in memory (size: 21.3 KiB, free: 434.4 MiB)
[2026-01-17T09:30:35.163+0000] {subprocess.py:106} INFO - 26/01/17 09:30:35 INFO SparkContext: Created broadcast 14 from broadcast at DAGScheduler.scala:1585
[2026-01-17T09:30:35.164+0000] {subprocess.py:106} INFO - 26/01/17 09:30:35 INFO DAGScheduler: Submitting 1 missing tasks from ResultStage 14 (MapPartitionsRDD[29] at count at <unknown>:0) (first 15 tasks are for partitions Vector(0))
[2026-01-17T09:30:35.164+0000] {subprocess.py:106} INFO - 26/01/17 09:30:35 INFO TaskSchedulerImpl: Adding task set 14.0 with 1 tasks resource profile 0
[2026-01-17T09:30:35.168+0000] {subprocess.py:106} INFO - 26/01/17 09:30:35 INFO TaskSetManager: Starting task 0.0 in stage 14.0 (TID 8) (172.30.0.8, executor 0, partition 0, NODE_LOCAL, 9331 bytes)
[2026-01-17T09:30:35.187+0000] {subprocess.py:106} INFO - 26/01/17 09:30:35 INFO BlockManagerInfo: Added broadcast_14_piece0 in memory on 172.30.0.8:41705 (size: 5.9 KiB, free: 434.4 MiB)
[2026-01-17T09:30:35.195+0000] {subprocess.py:106} INFO - 26/01/17 09:30:35 INFO MapOutputTrackerMasterEndpoint: Asked to send map output locations for shuffle 4 to 172.30.0.8:56970
[2026-01-17T09:30:35.245+0000] {subprocess.py:106} INFO - 26/01/17 09:30:35 INFO TaskSetManager: Finished task 0.0 in stage 14.0 (TID 8) in 79 ms on 172.30.0.8 (executor 0) (1/1)
[2026-01-17T09:30:35.248+0000] {subprocess.py:106} INFO - 26/01/17 09:30:35 INFO TaskSchedulerImpl: Removed TaskSet 14.0, whose tasks have all completed, from pool
[2026-01-17T09:30:35.249+0000] {subprocess.py:106} INFO - 26/01/17 09:30:35 INFO DAGScheduler: ResultStage 14 (count at <unknown>:0) finished in 0.105 s
[2026-01-17T09:30:35.253+0000] {subprocess.py:106} INFO - 26/01/17 09:30:35 INFO DAGScheduler: Job 8 is finished. Cancelling potential speculative or zombie tasks for this job
[2026-01-17T09:30:35.254+0000] {subprocess.py:106} INFO - 26/01/17 09:30:35 INFO TaskSchedulerImpl: Killing all running tasks in stage 14: Stage finished
[2026-01-17T09:30:35.255+0000] {subprocess.py:106} INFO - 26/01/17 09:30:35 INFO DAGScheduler: Job 8 finished: count at <unknown>:0, took 0.114637 s
[2026-01-17T09:30:35.255+0000] {subprocess.py:106} INFO - >>> Writing 16 records to Silver...
[2026-01-17T09:30:35.361+0000] {subprocess.py:106} INFO - 26/01/17 09:30:35 INFO V2ScanRelationPushDown:
[2026-01-17T09:30:35.362+0000] {subprocess.py:106} INFO - Pushing operators to hive_catalog.bronze.it_jobs_raw
[2026-01-17T09:30:35.363+0000] {subprocess.py:106} INFO - Pushed Filters: ingest_time IS NOT NULL, ingest_time > 1768641471541696, job_link IS NOT NULL, NOT (job_link = '')
[2026-01-17T09:30:35.363+0000] {subprocess.py:106} INFO - Post-Scan Filters: isnotnull(ingest_time#36),(ingest_time#36 > 2026-01-17 09:17:51.541696),isnotnull(trim(job_title#26, None)),NOT (trim(job_title#26, None) = ),isnotnull(upper(trim(company_name#27, None))),NOT (upper(trim(company_name#27, None)) = ),isnotnull(job_link#31),NOT (job_link#31 = )
[2026-01-17T09:30:35.364+0000] {subprocess.py:106} INFO - 
[2026-01-17T09:30:35.365+0000] {subprocess.py:106} INFO - 26/01/17 09:30:35 INFO V2ScanRelationPushDown:
[2026-01-17T09:30:35.365+0000] {subprocess.py:106} INFO - Output: job_title#26, company_name#27, location#28, skills_required#29, date_posted#30, job_link#31, job_category#32, work_mode#33, crawl_date#34, date_only#35, ingest_time#36, source#37
[2026-01-17T09:30:35.366+0000] {subprocess.py:106} INFO - 
[2026-01-17T09:30:35.368+0000] {subprocess.py:106} INFO - 26/01/17 09:30:35 INFO SnapshotScan: Scanning table hive_catalog.bronze.it_jobs_raw snapshot 2837103792677262805 created at 2026-01-17T09:30:12.643+00:00 with filter (((ingest_time IS NOT NULL AND ingest_time > (16-digit-int)) AND job_link IS NOT NULL) AND NOT (job_link = (hash-00000000)))
[2026-01-17T09:30:35.370+0000] {subprocess.py:106} INFO - 26/01/17 09:30:35 INFO BaseDistributedDataScan: Planning file tasks locally for table hive_catalog.bronze.it_jobs_raw
[2026-01-17T09:30:35.451+0000] {subprocess.py:106} INFO - 26/01/17 09:30:35 INFO SparkPartitioningAwareScan: Reporting UnknownPartitioning with 1 partition(s) for table hive_catalog.bronze.it_jobs_raw
[2026-01-17T09:30:35.474+0000] {subprocess.py:106} INFO - 26/01/17 09:30:35 INFO SparkWrite: Requesting 0 bytes advisory partition size for table hive_catalog.silver.it_jobs_clean
[2026-01-17T09:30:35.474+0000] {subprocess.py:106} INFO - 26/01/17 09:30:35 INFO SparkWrite: Requesting UnspecifiedDistribution as write distribution for table hive_catalog.silver.it_jobs_clean
[2026-01-17T09:30:35.477+0000] {subprocess.py:106} INFO - 26/01/17 09:30:35 INFO SparkWrite: Requesting [] as write ordering for table hive_catalog.silver.it_jobs_clean
[2026-01-17T09:30:35.518+0000] {subprocess.py:106} INFO - 26/01/17 09:30:35 INFO MemoryStore: Block broadcast_15 stored as values in memory (estimated size 32.0 KiB, free 434.2 MiB)
[2026-01-17T09:30:35.530+0000] {subprocess.py:106} INFO - 26/01/17 09:30:35 INFO MemoryStore: Block broadcast_15_piece0 stored as bytes in memory (estimated size 29.8 KiB, free 434.2 MiB)
[2026-01-17T09:30:35.531+0000] {subprocess.py:106} INFO - 26/01/17 09:30:35 INFO BlockManagerInfo: Removed broadcast_11_piece0 on 65f44b4fd513:39821 in memory (size: 29.8 KiB, free: 434.4 MiB)
[2026-01-17T09:30:35.532+0000] {subprocess.py:106} INFO - 26/01/17 09:30:35 INFO BlockManagerInfo: Added broadcast_15_piece0 in memory on 65f44b4fd513:39821 (size: 29.8 KiB, free: 434.3 MiB)
[2026-01-17T09:30:35.532+0000] {subprocess.py:106} INFO - 26/01/17 09:30:35 INFO SparkContext: Created broadcast 15 from broadcast at SparkBatch.java:79
[2026-01-17T09:30:35.534+0000] {subprocess.py:106} INFO - 26/01/17 09:30:35 INFO BlockManagerInfo: Removed broadcast_11_piece0 on 172.30.0.8:41705 in memory (size: 29.8 KiB, free: 434.4 MiB)
[2026-01-17T09:30:35.546+0000] {subprocess.py:106} INFO - 26/01/17 09:30:35 INFO BlockManagerInfo: Removed broadcast_14_piece0 on 172.30.0.8:41705 in memory (size: 5.9 KiB, free: 434.4 MiB)
[2026-01-17T09:30:35.549+0000] {subprocess.py:106} INFO - 26/01/17 09:30:35 INFO BlockManagerInfo: Removed broadcast_14_piece0 on 65f44b4fd513:39821 in memory (size: 5.9 KiB, free: 434.3 MiB)
[2026-01-17T09:30:35.550+0000] {subprocess.py:106} INFO - 26/01/17 09:30:35 INFO MemoryStore: Block broadcast_16 stored as values in memory (estimated size 32.0 KiB, free 434.2 MiB)
[2026-01-17T09:30:35.553+0000] {subprocess.py:106} INFO - 26/01/17 09:30:35 INFO MemoryStore: Block broadcast_16_piece0 stored as bytes in memory (estimated size 29.8 KiB, free 434.2 MiB)
[2026-01-17T09:30:35.554+0000] {subprocess.py:106} INFO - 26/01/17 09:30:35 INFO BlockManagerInfo: Added broadcast_16_piece0 in memory on 65f44b4fd513:39821 (size: 29.8 KiB, free: 434.3 MiB)
[2026-01-17T09:30:35.557+0000] {subprocess.py:106} INFO - 26/01/17 09:30:35 INFO SparkContext: Created broadcast 16 from broadcast at SparkBatch.java:79
[2026-01-17T09:30:35.593+0000] {subprocess.py:106} INFO - 26/01/17 09:30:35 INFO BlockManagerInfo: Removed broadcast_10_piece0 on 65f44b4fd513:39821 in memory (size: 29.8 KiB, free: 434.3 MiB)
[2026-01-17T09:30:35.679+0000] {subprocess.py:106} INFO - 26/01/17 09:30:35 INFO CodeGenerator: Code generated in 13.563969 ms
[2026-01-17T09:30:35.722+0000] {subprocess.py:106} INFO - 26/01/17 09:30:35 INFO CodeGenerator: Code generated in 25.016029 ms
[2026-01-17T09:30:35.776+0000] {subprocess.py:106} INFO - 26/01/17 09:30:35 INFO DAGScheduler: Registering RDD 36 (append at <unknown>:0) as input to shuffle 5
[2026-01-17T09:30:35.777+0000] {subprocess.py:106} INFO - 26/01/17 09:30:35 INFO DAGScheduler: Got map stage job 9 (append at <unknown>:0) with 1 output partitions
[2026-01-17T09:30:35.777+0000] {subprocess.py:106} INFO - 26/01/17 09:30:35 INFO DAGScheduler: Final stage: ShuffleMapStage 15 (append at <unknown>:0)
[2026-01-17T09:30:35.778+0000] {subprocess.py:106} INFO - 26/01/17 09:30:35 INFO DAGScheduler: Parents of final stage: List()
[2026-01-17T09:30:35.779+0000] {subprocess.py:106} INFO - 26/01/17 09:30:35 INFO DAGScheduler: Missing parents: List()
[2026-01-17T09:30:35.780+0000] {subprocess.py:106} INFO - 26/01/17 09:30:35 INFO DAGScheduler: Submitting ShuffleMapStage 15 (MapPartitionsRDD[36] at append at <unknown>:0), which has no missing parents
[2026-01-17T09:30:35.795+0000] {subprocess.py:106} INFO - 26/01/17 09:30:35 INFO MemoryStore: Block broadcast_17 stored as values in memory (estimated size 59.2 KiB, free 434.2 MiB)
[2026-01-17T09:30:35.804+0000] {subprocess.py:106} INFO - 26/01/17 09:30:35 INFO MemoryStore: Block broadcast_17_piece0 stored as bytes in memory (estimated size 22.8 KiB, free 434.2 MiB)
[2026-01-17T09:30:35.804+0000] {subprocess.py:106} INFO - 26/01/17 09:30:35 INFO BlockManagerInfo: Added broadcast_17_piece0 in memory on 65f44b4fd513:39821 (size: 22.8 KiB, free: 434.3 MiB)
[2026-01-17T09:30:35.805+0000] {subprocess.py:106} INFO - 26/01/17 09:30:35 INFO SparkContext: Created broadcast 17 from broadcast at DAGScheduler.scala:1585
[2026-01-17T09:30:35.807+0000] {subprocess.py:106} INFO - 26/01/17 09:30:35 INFO DAGScheduler: Submitting 1 missing tasks from ShuffleMapStage 15 (MapPartitionsRDD[36] at append at <unknown>:0) (first 15 tasks are for partitions Vector(0))
[2026-01-17T09:30:35.808+0000] {subprocess.py:106} INFO - 26/01/17 09:30:35 INFO TaskSchedulerImpl: Adding task set 15.0 with 1 tasks resource profile 0
[2026-01-17T09:30:35.808+0000] {subprocess.py:106} INFO - 26/01/17 09:30:35 INFO TaskSetManager: Starting task 0.0 in stage 15.0 (TID 9) (172.30.0.8, executor 0, partition 0, ANY, 15648 bytes)
[2026-01-17T09:30:35.822+0000] {subprocess.py:106} INFO - 26/01/17 09:30:35 INFO BlockManagerInfo: Added broadcast_17_piece0 in memory on 172.30.0.8:41705 (size: 22.8 KiB, free: 434.4 MiB)
[2026-01-17T09:30:36.092+0000] {subprocess.py:106} INFO - 26/01/17 09:30:36 INFO BlockManagerInfo: Added broadcast_16_piece0 in memory on 172.30.0.8:41705 (size: 29.8 KiB, free: 434.3 MiB)
[2026-01-17T09:30:36.344+0000] {subprocess.py:106} INFO - 26/01/17 09:30:36 INFO TaskSetManager: Finished task 0.0 in stage 15.0 (TID 9) in 537 ms on 172.30.0.8 (executor 0) (1/1)
[2026-01-17T09:30:36.345+0000] {subprocess.py:106} INFO - 26/01/17 09:30:36 INFO TaskSchedulerImpl: Removed TaskSet 15.0, whose tasks have all completed, from pool
[2026-01-17T09:30:36.346+0000] {subprocess.py:106} INFO - 26/01/17 09:30:36 INFO DAGScheduler: ShuffleMapStage 15 (append at <unknown>:0) finished in 0.564 s
[2026-01-17T09:30:36.347+0000] {subprocess.py:106} INFO - 26/01/17 09:30:36 INFO DAGScheduler: looking for newly runnable stages
[2026-01-17T09:30:36.347+0000] {subprocess.py:106} INFO - 26/01/17 09:30:36 INFO DAGScheduler: running: Set()
[2026-01-17T09:30:36.348+0000] {subprocess.py:106} INFO - 26/01/17 09:30:36 INFO DAGScheduler: waiting: Set()
[2026-01-17T09:30:36.348+0000] {subprocess.py:106} INFO - 26/01/17 09:30:36 INFO DAGScheduler: failed: Set()
[2026-01-17T09:30:36.354+0000] {subprocess.py:106} INFO - 26/01/17 09:30:36 INFO ShufflePartitionsUtil: For shuffle(5), advisory target size: 67108864, actual target size 1048576, minimum partition size: 1048576
[2026-01-17T09:30:36.387+0000] {subprocess.py:106} INFO - 26/01/17 09:30:36 INFO CodeGenerator: Code generated in 9.810665 ms
[2026-01-17T09:30:36.406+0000] {subprocess.py:106} INFO - 26/01/17 09:30:36 INFO MemoryStore: Block broadcast_18 stored as values in memory (estimated size 32.0 KiB, free 434.2 MiB)
[2026-01-17T09:30:36.414+0000] {subprocess.py:106} INFO - 26/01/17 09:30:36 INFO MemoryStore: Block broadcast_18_piece0 stored as bytes in memory (estimated size 29.9 KiB, free 434.1 MiB)
[2026-01-17T09:30:36.421+0000] {subprocess.py:106} INFO - 26/01/17 09:30:36 INFO BlockManagerInfo: Added broadcast_18_piece0 in memory on 65f44b4fd513:39821 (size: 29.9 KiB, free: 434.3 MiB)
[2026-01-17T09:30:36.422+0000] {subprocess.py:106} INFO - 26/01/17 09:30:36 INFO BlockManagerInfo: Removed broadcast_17_piece0 on 65f44b4fd513:39821 in memory (size: 22.8 KiB, free: 434.3 MiB)
[2026-01-17T09:30:36.423+0000] {subprocess.py:106} INFO - 26/01/17 09:30:36 INFO SparkContext: Created broadcast 18 from broadcast at SparkWrite.java:193
[2026-01-17T09:30:36.424+0000] {subprocess.py:106} INFO - 26/01/17 09:30:36 INFO BlockManagerInfo: Removed broadcast_17_piece0 on 172.30.0.8:41705 in memory (size: 22.8 KiB, free: 434.4 MiB)
[2026-01-17T09:30:36.425+0000] {subprocess.py:106} INFO - 26/01/17 09:30:36 INFO AppendDataExec: Start processing data source write support: IcebergBatchWrite(table=hive_catalog.silver.it_jobs_clean, format=PARQUET). The input RDD has 1 partitions.
[2026-01-17T09:30:36.432+0000] {subprocess.py:106} INFO - 26/01/17 09:30:36 INFO SparkContext: Starting job: append at <unknown>:0
[2026-01-17T09:30:36.434+0000] {subprocess.py:106} INFO - 26/01/17 09:30:36 INFO DAGScheduler: Got job 10 (append at <unknown>:0) with 1 output partitions
[2026-01-17T09:30:36.434+0000] {subprocess.py:106} INFO - 26/01/17 09:30:36 INFO DAGScheduler: Final stage: ResultStage 17 (append at <unknown>:0)
[2026-01-17T09:30:36.439+0000] {subprocess.py:106} INFO - 26/01/17 09:30:36 INFO DAGScheduler: Parents of final stage: List(ShuffleMapStage 16)
[2026-01-17T09:30:36.440+0000] {subprocess.py:106} INFO - 26/01/17 09:30:36 INFO DAGScheduler: Missing parents: List()
[2026-01-17T09:30:36.445+0000] {subprocess.py:106} INFO - 26/01/17 09:30:36 INFO DAGScheduler: Submitting ResultStage 17 (MapPartitionsRDD[39] at append at <unknown>:0), which has no missing parents
[2026-01-17T09:30:36.457+0000] {subprocess.py:106} INFO - 26/01/17 09:30:36 INFO MemoryStore: Block broadcast_19 stored as values in memory (estimated size 66.6 KiB, free 434.2 MiB)
[2026-01-17T09:30:36.470+0000] {subprocess.py:106} INFO - 26/01/17 09:30:36 INFO MemoryStore: Block broadcast_19_piece0 stored as bytes in memory (estimated size 26.3 KiB, free 434.1 MiB)
[2026-01-17T09:30:36.472+0000] {subprocess.py:106} INFO - 26/01/17 09:30:36 INFO BlockManagerInfo: Added broadcast_19_piece0 in memory on 65f44b4fd513:39821 (size: 26.3 KiB, free: 434.3 MiB)
[2026-01-17T09:30:36.473+0000] {subprocess.py:106} INFO - 26/01/17 09:30:36 INFO SparkContext: Created broadcast 19 from broadcast at DAGScheduler.scala:1585
[2026-01-17T09:30:36.474+0000] {subprocess.py:106} INFO - 26/01/17 09:30:36 INFO DAGScheduler: Submitting 1 missing tasks from ResultStage 17 (MapPartitionsRDD[39] at append at <unknown>:0) (first 15 tasks are for partitions Vector(0))
[2026-01-17T09:30:36.475+0000] {subprocess.py:106} INFO - 26/01/17 09:30:36 INFO TaskSchedulerImpl: Adding task set 17.0 with 1 tasks resource profile 0
[2026-01-17T09:30:36.475+0000] {subprocess.py:106} INFO - 26/01/17 09:30:36 INFO TaskSetManager: Starting task 0.0 in stage 17.0 (TID 10) (172.30.0.8, executor 0, partition 0, NODE_LOCAL, 9331 bytes)
[2026-01-17T09:30:36.494+0000] {subprocess.py:106} INFO - 26/01/17 09:30:36 INFO BlockManagerInfo: Added broadcast_19_piece0 in memory on 172.30.0.8:41705 (size: 26.3 KiB, free: 434.3 MiB)
[2026-01-17T09:30:36.524+0000] {subprocess.py:106} INFO - 26/01/17 09:30:36 INFO MapOutputTrackerMasterEndpoint: Asked to send map output locations for shuffle 5 to 172.30.0.8:56970
[2026-01-17T09:30:36.829+0000] {subprocess.py:106} INFO - 26/01/17 09:30:36 INFO BlockManagerInfo: Added broadcast_18_piece0 in memory on 172.30.0.8:41705 (size: 29.9 KiB, free: 434.3 MiB)
[2026-01-17T09:30:37.122+0000] {subprocess.py:106} INFO - 26/01/17 09:30:37 INFO TaskSetManager: Finished task 0.0 in stage 17.0 (TID 10) in 649 ms on 172.30.0.8 (executor 0) (1/1)
[2026-01-17T09:30:37.125+0000] {subprocess.py:106} INFO - 26/01/17 09:30:37 INFO TaskSchedulerImpl: Removed TaskSet 17.0, whose tasks have all completed, from pool
[2026-01-17T09:30:37.126+0000] {subprocess.py:106} INFO - 26/01/17 09:30:37 INFO DAGScheduler: ResultStage 17 (append at <unknown>:0) finished in 0.677 s
[2026-01-17T09:30:37.126+0000] {subprocess.py:106} INFO - 26/01/17 09:30:37 INFO DAGScheduler: Job 10 is finished. Cancelling potential speculative or zombie tasks for this job
[2026-01-17T09:30:37.127+0000] {subprocess.py:106} INFO - 26/01/17 09:30:37 INFO TaskSchedulerImpl: Killing all running tasks in stage 17: Stage finished
[2026-01-17T09:30:37.127+0000] {subprocess.py:106} INFO - 26/01/17 09:30:37 INFO DAGScheduler: Job 10 finished: append at <unknown>:0, took 0.692197 s
[2026-01-17T09:30:37.128+0000] {subprocess.py:106} INFO - 26/01/17 09:30:37 INFO AppendDataExec: Data source write support IcebergBatchWrite(table=hive_catalog.silver.it_jobs_clean, format=PARQUET) is committing.
[2026-01-17T09:30:37.143+0000] {subprocess.py:106} INFO - 26/01/17 09:30:37 INFO SparkWrite: Committing append with 1 new data files to table hive_catalog.silver.it_jobs_clean
[2026-01-17T09:30:37.545+0000] {subprocess.py:106} INFO - 26/01/17 09:30:37 INFO HiveTableOperations: Committed to table hive_catalog.silver.it_jobs_clean with the new metadata location hdfs://dinhhoa-master:9000/user/ndh/warehouse/silver.db/it_jobs_clean/metadata/00019-f7520801-3186-480f-81ff-e88af4deeca5.metadata.json
[2026-01-17T09:30:37.545+0000] {subprocess.py:106} INFO - 26/01/17 09:30:37 INFO BaseMetastoreTableOperations: Successfully committed to table hive_catalog.silver.it_jobs_clean in 165 ms
[2026-01-17T09:30:37.546+0000] {subprocess.py:106} INFO - 26/01/17 09:30:37 INFO SnapshotProducer: Committed snapshot 6288700126093020481 (MergeAppend)
[2026-01-17T09:30:37.553+0000] {subprocess.py:106} INFO - 26/01/17 09:30:37 INFO BaseMetastoreTableOperations: Refreshing table metadata from new version: hdfs://dinhhoa-master:9000/user/ndh/warehouse/silver.db/it_jobs_clean/metadata/00019-f7520801-3186-480f-81ff-e88af4deeca5.metadata.json
[2026-01-17T09:30:37.605+0000] {subprocess.py:106} INFO - 26/01/17 09:30:37 INFO LoggingMetricsReporter: Received metrics report: CommitReport{tableName=hive_catalog.silver.it_jobs_clean, snapshotId=6288700126093020481, sequenceNumber=20, operation=append, commitMetrics=CommitMetricsResult{totalDuration=TimerResult{timeUnit=NANOSECONDS, totalDuration=PT0.443445523S, count=1}, attempts=CounterResult{unit=COUNT, value=1}, addedDataFiles=CounterResult{unit=COUNT, value=1}, removedDataFiles=null, totalDataFiles=CounterResult{unit=COUNT, value=20}, addedDeleteFiles=null, addedEqualityDeleteFiles=null, addedPositionalDeleteFiles=null, removedDeleteFiles=null, removedEqualityDeleteFiles=null, removedPositionalDeleteFiles=null, totalDeleteFiles=CounterResult{unit=COUNT, value=0}, addedRecords=CounterResult{unit=COUNT, value=16}, removedRecords=null, totalRecords=CounterResult{unit=COUNT, value=6850}, addedFilesSizeInBytes=CounterResult{unit=BYTES, value=6721}, removedFilesSizeInBytes=null, totalFilesSizeInBytes=CounterResult{unit=BYTES, value=390634}, addedPositionalDeletes=null, removedPositionalDeletes=null, totalPositionalDeletes=CounterResult{unit=COUNT, value=0}, addedEqualityDeletes=null, removedEqualityDeletes=null, totalEqualityDeletes=CounterResult{unit=COUNT, value=0}}, metadata={engine-version=3.5.3, app-id=app-20260117093022-0004, engine-name=spark, iceberg-version=Apache Iceberg 1.6.1 (commit 8e9d59d299be42b0bca9461457cd1e95dbaad086)}}
[2026-01-17T09:30:37.605+0000] {subprocess.py:106} INFO - 26/01/17 09:30:37 INFO SparkWrite: Committed in 460 ms
[2026-01-17T09:30:37.606+0000] {subprocess.py:106} INFO - 26/01/17 09:30:37 INFO AppendDataExec: Data source write support IcebergBatchWrite(table=hive_catalog.silver.it_jobs_clean, format=PARQUET) committed.
[2026-01-17T09:30:37.608+0000] {subprocess.py:106} INFO - >>> SUCCESS: Data Appended.
[2026-01-17T09:30:37.608+0000] {subprocess.py:106} INFO - 26/01/17 09:30:37 INFO SparkContext: SparkContext is stopping with exitCode 0.
[2026-01-17T09:30:37.621+0000] {subprocess.py:106} INFO - 26/01/17 09:30:37 INFO SparkUI: Stopped Spark web UI at http://65f44b4fd513:4040
[2026-01-17T09:30:37.628+0000] {subprocess.py:106} INFO - 26/01/17 09:30:37 INFO StandaloneSchedulerBackend: Shutting down all executors
[2026-01-17T09:30:37.629+0000] {subprocess.py:106} INFO - 26/01/17 09:30:37 INFO StandaloneSchedulerBackend$StandaloneDriverEndpoint: Asking each executor to shut down
[2026-01-17T09:30:37.657+0000] {subprocess.py:106} INFO - 26/01/17 09:30:37 INFO MapOutputTrackerMasterEndpoint: MapOutputTrackerMasterEndpoint stopped!
[2026-01-17T09:30:37.690+0000] {subprocess.py:106} INFO - 26/01/17 09:30:37 INFO MemoryStore: MemoryStore cleared
[2026-01-17T09:30:37.693+0000] {subprocess.py:106} INFO - 26/01/17 09:30:37 INFO BlockManager: BlockManager stopped
[2026-01-17T09:30:37.710+0000] {subprocess.py:106} INFO - 26/01/17 09:30:37 INFO BlockManagerMaster: BlockManagerMaster stopped
[2026-01-17T09:30:37.719+0000] {subprocess.py:106} INFO - 26/01/17 09:30:37 INFO OutputCommitCoordinator$OutputCommitCoordinatorEndpoint: OutputCommitCoordinator stopped!
[2026-01-17T09:30:37.742+0000] {subprocess.py:106} INFO - 26/01/17 09:30:37 INFO SparkContext: Successfully stopped SparkContext
[2026-01-17T09:30:38.243+0000] {subprocess.py:106} INFO - 26/01/17 09:30:38 INFO ShutdownHookManager: Shutdown hook called
[2026-01-17T09:30:38.246+0000] {subprocess.py:106} INFO - 26/01/17 09:30:38 INFO ShutdownHookManager: Deleting directory /tmp/spark-11b3b242-3608-4133-8cfb-3873b9a2d1b7
[2026-01-17T09:30:38.247+0000] {subprocess.py:106} INFO - 26/01/17 09:30:38 INFO ShutdownHookManager: Deleting directory /tmp/spark-076e6977-db65-41bd-8abc-bdba0098c472
[2026-01-17T09:30:38.249+0000] {subprocess.py:106} INFO - 26/01/17 09:30:38 INFO ShutdownHookManager: Deleting directory /tmp/spark-11b3b242-3608-4133-8cfb-3873b9a2d1b7/pyspark-b8c67b00-8f85-47da-96ad-14a5203ab74e
[2026-01-17T09:30:38.299+0000] {subprocess.py:110} INFO - Command exited with return code 0
[2026-01-17T09:30:38.352+0000] {taskinstance.py:341} INFO - ::group::Post task execution logs
[2026-01-17T09:30:38.353+0000] {taskinstance.py:353} INFO - Marking task as SUCCESS. dag_id=crawl_etl_itjob, task_id=clean_silver, run_id=scheduled__2026-01-16T02:00:00+00:00, execution_date=20260116T020000, start_date=20260117T093014, end_date=20260117T093038
[2026-01-17T09:30:38.406+0000] {local_task_job_runner.py:266} INFO - Task exited with return code 0
[2026-01-17T09:30:38.440+0000] {taskinstance.py:3901} INFO - 1 downstream tasks scheduled from follow-on schedule check
[2026-01-17T09:30:38.442+0000] {local_task_job_runner.py:245} INFO - ::endgroup::
