[2026-02-08T09:20:30.570+0000] {local_task_job_runner.py:123} INFO - ::group::Pre task execution logs
[2026-02-08T09:20:30.617+0000] {taskinstance.py:2614} INFO - Dependencies all met for dep_context=non-requeueable deps ti=<TaskInstance: crawl_etl_itjob.crawl_data scheduled__2026-01-31T02:00:00+00:00 [queued]>
[2026-02-08T09:20:30.629+0000] {taskinstance.py:2614} INFO - Dependencies all met for dep_context=requeueable deps ti=<TaskInstance: crawl_etl_itjob.crawl_data scheduled__2026-01-31T02:00:00+00:00 [queued]>
[2026-02-08T09:20:30.630+0000] {taskinstance.py:2867} INFO - Starting attempt 1 of 2
[2026-02-08T09:20:30.649+0000] {taskinstance.py:2890} INFO - Executing <Task(BashOperator): crawl_data> on 2026-01-31 02:00:00+00:00
[2026-02-08T09:20:30.653+0000] {standard_task_runner.py:72} INFO - Started process 42 to run task
[2026-02-08T09:20:30.660+0000] {standard_task_runner.py:104} INFO - Running: ['***', 'tasks', 'run', 'crawl_etl_itjob', 'crawl_data', 'scheduled__2026-01-31T02:00:00+00:00', '--job-id', '486', '--raw', '--subdir', 'DAGS_FOLDER/Crawl_ETL_ITJob.py', '--cfg-path', '/tmp/tmptmjhr_2y']
[2026-02-08T09:20:30.662+0000] {standard_task_runner.py:105} INFO - Job 486: Subtask crawl_data
[2026-02-08T09:20:30.699+0000] {warnings.py:109} WARNING - /home/***/.local/lib/python3.8/site-packages/***/settings.py:209: DeprecationWarning: The sql_alchemy_conn option in [core] has been moved to the sql_alchemy_conn option in [database] - the old setting has been used, but please update your config.
  SQL_ALCHEMY_CONN = conf.get("database", "SQL_ALCHEMY_CONN")

[2026-02-08T09:20:30.825+0000] {task_command.py:467} INFO - Running <TaskInstance: crawl_etl_itjob.crawl_data scheduled__2026-01-31T02:00:00+00:00 [running]> on host a1de7f96d4f1
[2026-02-08T09:20:30.826+0000] {warnings.py:109} WARNING - /home/***/.local/lib/python3.8/site-packages/***/settings.py:470: DeprecationWarning: The sql_alchemy_conn option in [core] has been moved to the sql_alchemy_conn option in [database] - the old setting has been used, but please update your config.
  if conf.get("database", "sql_alchemy_conn") == "none://":

[2026-02-08T09:20:31.088+0000] {taskinstance.py:3134} INFO - Exporting env vars: AIRFLOW_CTX_DAG_EMAIL='dinhhoa0102@gmail.com' AIRFLOW_CTX_DAG_OWNER='***' AIRFLOW_CTX_DAG_ID='crawl_etl_itjob' AIRFLOW_CTX_TASK_ID='crawl_data' AIRFLOW_CTX_EXECUTION_DATE='2026-01-31T02:00:00+00:00' AIRFLOW_CTX_TRY_NUMBER='1' AIRFLOW_CTX_DAG_RUN_ID='scheduled__2026-01-31T02:00:00+00:00'
[2026-02-08T09:20:31.089+0000] {taskinstance.py:732} INFO - ::endgroup::
[2026-02-08T09:20:31.114+0000] {subprocess.py:78} INFO - Tmp dir root location: /tmp
[2026-02-08T09:20:31.115+0000] {subprocess.py:88} INFO - Running command: ['/bin/bash', '-c', 'docker exec spark-submit bash -c "xvfb-run -a python3 /opt/spark/scripts/Crawl_Data.py"']
[2026-02-08T09:20:31.126+0000] {subprocess.py:99} INFO - Output:
[2026-02-08T09:20:31.311+0000] {subprocess.py:106} INFO - Error response from daemon: container 499f1d118d82392c9d565caad993679af84dc60213c0b7ab9f09bcdd9baf267e is not running
[2026-02-08T09:20:31.312+0000] {subprocess.py:110} INFO - Command exited with return code 1
[2026-02-08T09:20:31.337+0000] {taskinstance.py:3313} ERROR - Task failed with exception
Traceback (most recent call last):
  File "/home/airflow/.local/lib/python3.8/site-packages/airflow/models/taskinstance.py", line 763, in _execute_task
    result = _execute_callable(context=context, **execute_callable_kwargs)
  File "/home/airflow/.local/lib/python3.8/site-packages/airflow/models/taskinstance.py", line 734, in _execute_callable
    return ExecutionCallableRunner(
  File "/home/airflow/.local/lib/python3.8/site-packages/airflow/utils/operator_helpers.py", line 252, in run
    return self.func(*args, **kwargs)
  File "/home/airflow/.local/lib/python3.8/site-packages/airflow/models/baseoperator.py", line 424, in wrapper
    return func(self, *args, **kwargs)
  File "/home/airflow/.local/lib/python3.8/site-packages/airflow/operators/bash.py", line 276, in execute
    raise AirflowException(
airflow.exceptions.AirflowException: Bash command failed. The command returned a non-zero exit code 1.
[2026-02-08T09:20:31.379+0000] {taskinstance.py:1226} INFO - Marking task as UP_FOR_RETRY. dag_id=crawl_etl_itjob, task_id=crawl_data, run_id=scheduled__2026-01-31T02:00:00+00:00, execution_date=20260131T020000, start_date=20260208T092030, end_date=20260208T092031
[2026-02-08T09:20:31.515+0000] {taskinstance.py:341} INFO - ::group::Post task execution logs
[2026-02-08T09:20:31.516+0000] {standard_task_runner.py:124} ERROR - Failed to execute job 486 for task crawl_data (Bash command failed. The command returned a non-zero exit code 1.; 42)
Traceback (most recent call last):
  File "/home/airflow/.local/lib/python3.8/site-packages/airflow/task/task_runner/standard_task_runner.py", line 117, in _start_by_fork
    ret = args.func(args, dag=self.dag)
  File "/home/airflow/.local/lib/python3.8/site-packages/airflow/cli/cli_config.py", line 49, in command
    return func(*args, **kwargs)
  File "/home/airflow/.local/lib/python3.8/site-packages/airflow/utils/cli.py", line 116, in wrapper
    return f(*args, **kwargs)
  File "/home/airflow/.local/lib/python3.8/site-packages/airflow/cli/commands/task_command.py", line 483, in task_run
    task_return_code = _run_task_by_selected_method(args, _dag, ti)
  File "/home/airflow/.local/lib/python3.8/site-packages/airflow/cli/commands/task_command.py", line 256, in _run_task_by_selected_method
    return _run_raw_task(args, ti)
  File "/home/airflow/.local/lib/python3.8/site-packages/airflow/cli/commands/task_command.py", line 341, in _run_raw_task
    return ti._run_raw_task(
  File "/home/airflow/.local/lib/python3.8/site-packages/airflow/utils/session.py", line 97, in wrapper
    return func(*args, session=session, **kwargs)
  File "/home/airflow/.local/lib/python3.8/site-packages/airflow/models/taskinstance.py", line 3006, in _run_raw_task
    return _run_raw_task(
  File "/home/airflow/.local/lib/python3.8/site-packages/airflow/models/taskinstance.py", line 274, in _run_raw_task
    TaskInstance._execute_task_with_callbacks(
  File "/home/airflow/.local/lib/python3.8/site-packages/airflow/models/taskinstance.py", line 3161, in _execute_task_with_callbacks
    result = self._execute_task(context, task_orig)
  File "/home/airflow/.local/lib/python3.8/site-packages/airflow/models/taskinstance.py", line 3185, in _execute_task
    return _execute_task(self, context, task_orig)
  File "/home/airflow/.local/lib/python3.8/site-packages/airflow/models/taskinstance.py", line 763, in _execute_task
    result = _execute_callable(context=context, **execute_callable_kwargs)
  File "/home/airflow/.local/lib/python3.8/site-packages/airflow/models/taskinstance.py", line 734, in _execute_callable
    return ExecutionCallableRunner(
  File "/home/airflow/.local/lib/python3.8/site-packages/airflow/utils/operator_helpers.py", line 252, in run
    return self.func(*args, **kwargs)
  File "/home/airflow/.local/lib/python3.8/site-packages/airflow/models/baseoperator.py", line 424, in wrapper
    return func(self, *args, **kwargs)
  File "/home/airflow/.local/lib/python3.8/site-packages/airflow/operators/bash.py", line 276, in execute
    raise AirflowException(
airflow.exceptions.AirflowException: Bash command failed. The command returned a non-zero exit code 1.
[2026-02-08T09:20:31.555+0000] {local_task_job_runner.py:266} INFO - Task exited with return code 1
[2026-02-08T09:20:31.607+0000] {taskinstance.py:3901} INFO - 0 downstream tasks scheduled from follow-on schedule check
[2026-02-08T09:20:31.610+0000] {local_task_job_runner.py:245} INFO - ::endgroup::
