[2026-02-08T10:05:16.840+0000] {local_task_job_runner.py:123} INFO - ::group::Pre task execution logs
[2026-02-08T10:05:16.894+0000] {taskinstance.py:2614} INFO - Dependencies all met for dep_context=non-requeueable deps ti=<TaskInstance: crawl_etl_itjob.crawl_data scheduled__2026-02-07T02:00:00+00:00 [queued]>
[2026-02-08T10:05:16.909+0000] {taskinstance.py:2614} INFO - Dependencies all met for dep_context=requeueable deps ti=<TaskInstance: crawl_etl_itjob.crawl_data scheduled__2026-02-07T02:00:00+00:00 [queued]>
[2026-02-08T10:05:16.910+0000] {taskinstance.py:2867} INFO - Starting attempt 3 of 4
[2026-02-08T10:05:16.944+0000] {taskinstance.py:2890} INFO - Executing <Task(BashOperator): crawl_data> on 2026-02-07 02:00:00+00:00
[2026-02-08T10:05:16.952+0000] {standard_task_runner.py:72} INFO - Started process 55 to run task
[2026-02-08T10:05:16.957+0000] {standard_task_runner.py:104} INFO - Running: ['***', 'tasks', 'run', 'crawl_etl_itjob', 'crawl_data', 'scheduled__2026-02-07T02:00:00+00:00', '--job-id', '501', '--raw', '--subdir', 'DAGS_FOLDER/Crawl_ETL_ITJob.py', '--cfg-path', '/tmp/tmpmtbjqhzx']
[2026-02-08T10:05:16.959+0000] {standard_task_runner.py:105} INFO - Job 501: Subtask crawl_data
[2026-02-08T10:05:16.988+0000] {warnings.py:109} WARNING - /home/***/.local/lib/python3.8/site-packages/***/settings.py:209: DeprecationWarning: The sql_alchemy_conn option in [core] has been moved to the sql_alchemy_conn option in [database] - the old setting has been used, but please update your config.
  SQL_ALCHEMY_CONN = conf.get("database", "SQL_ALCHEMY_CONN")

[2026-02-08T10:05:17.078+0000] {task_command.py:467} INFO - Running <TaskInstance: crawl_etl_itjob.crawl_data scheduled__2026-02-07T02:00:00+00:00 [running]> on host 19d569223134
[2026-02-08T10:05:17.079+0000] {warnings.py:109} WARNING - /home/***/.local/lib/python3.8/site-packages/***/settings.py:470: DeprecationWarning: The sql_alchemy_conn option in [core] has been moved to the sql_alchemy_conn option in [database] - the old setting has been used, but please update your config.
  if conf.get("database", "sql_alchemy_conn") == "none://":

[2026-02-08T10:05:17.192+0000] {taskinstance.py:3134} INFO - Exporting env vars: AIRFLOW_CTX_DAG_EMAIL='dinhhoa0102@gmail.com' AIRFLOW_CTX_DAG_OWNER='***' AIRFLOW_CTX_DAG_ID='crawl_etl_itjob' AIRFLOW_CTX_TASK_ID='crawl_data' AIRFLOW_CTX_EXECUTION_DATE='2026-02-07T02:00:00+00:00' AIRFLOW_CTX_TRY_NUMBER='3' AIRFLOW_CTX_DAG_RUN_ID='scheduled__2026-02-07T02:00:00+00:00'
[2026-02-08T10:05:17.193+0000] {taskinstance.py:732} INFO - ::endgroup::
[2026-02-08T10:05:17.203+0000] {subprocess.py:78} INFO - Tmp dir root location: /tmp
[2026-02-08T10:05:17.204+0000] {subprocess.py:88} INFO - Running command: ['/bin/bash', '-c', 'docker exec spark-submit bash -c "xvfb-run -a python3 /opt/spark/scripts/Crawl_Data.py"']
[2026-02-08T10:05:17.215+0000] {subprocess.py:99} INFO - Output:
[2026-02-08T10:05:17.799+0000] {subprocess.py:106} INFO -  Bắt đầu crawl ITviec...
[2026-02-08T10:06:04.491+0000] {subprocess.py:106} INFO - Traceback (most recent call last):
[2026-02-08T10:06:04.491+0000] {subprocess.py:106} INFO -   File "/usr/lib/python3.8/urllib/request.py", line 1354, in do_open
[2026-02-08T10:06:04.492+0000] {subprocess.py:106} INFO -     h.request(req.get_method(), req.selector, req.data, headers,
[2026-02-08T10:06:04.492+0000] {subprocess.py:106} INFO -   File "/usr/lib/python3.8/http/client.py", line 1256, in request
[2026-02-08T10:06:04.492+0000] {subprocess.py:106} INFO -     self._send_request(method, url, body, headers, encode_chunked)
[2026-02-08T10:06:04.492+0000] {subprocess.py:106} INFO -   File "/usr/lib/python3.8/http/client.py", line 1302, in _send_request
[2026-02-08T10:06:04.492+0000] {subprocess.py:106} INFO -     self.endheaders(body, encode_chunked=encode_chunked)
[2026-02-08T10:06:04.493+0000] {subprocess.py:106} INFO -   File "/usr/lib/python3.8/http/client.py", line 1251, in endheaders
[2026-02-08T10:06:04.493+0000] {subprocess.py:106} INFO -     self._send_output(message_body, encode_chunked=encode_chunked)
[2026-02-08T10:06:04.493+0000] {subprocess.py:106} INFO -   File "/usr/lib/python3.8/http/client.py", line 1011, in _send_output
[2026-02-08T10:06:04.493+0000] {subprocess.py:106} INFO -     self.send(msg)
[2026-02-08T10:06:04.493+0000] {subprocess.py:106} INFO -   File "/usr/lib/python3.8/http/client.py", line 951, in send
[2026-02-08T10:06:04.494+0000] {subprocess.py:106} INFO -     self.connect()
[2026-02-08T10:06:04.494+0000] {subprocess.py:106} INFO -   File "/usr/lib/python3.8/http/client.py", line 1418, in connect
[2026-02-08T10:06:04.494+0000] {subprocess.py:106} INFO -     super().connect()
[2026-02-08T10:06:04.494+0000] {subprocess.py:106} INFO -   File "/usr/lib/python3.8/http/client.py", line 922, in connect
[2026-02-08T10:06:04.494+0000] {subprocess.py:106} INFO -     self.sock = self._create_connection(
[2026-02-08T10:06:04.494+0000] {subprocess.py:106} INFO -   File "/usr/lib/python3.8/socket.py", line 787, in create_connection
[2026-02-08T10:06:04.495+0000] {subprocess.py:106} INFO -     for res in getaddrinfo(host, port, 0, SOCK_STREAM):
[2026-02-08T10:06:04.495+0000] {subprocess.py:106} INFO -   File "/usr/lib/python3.8/socket.py", line 918, in getaddrinfo
[2026-02-08T10:06:04.495+0000] {subprocess.py:106} INFO -     for res in _socket.getaddrinfo(host, port, family, type, proto, flags):
[2026-02-08T10:06:04.495+0000] {subprocess.py:106} INFO - socket.gaierror: [Errno -5] No address associated with hostname
[2026-02-08T10:06:04.495+0000] {subprocess.py:106} INFO - 
[2026-02-08T10:06:04.495+0000] {subprocess.py:106} INFO - During handling of the above exception, another exception occurred:
[2026-02-08T10:06:04.496+0000] {subprocess.py:106} INFO - 
[2026-02-08T10:06:04.496+0000] {subprocess.py:106} INFO - Traceback (most recent call last):
[2026-02-08T10:06:04.496+0000] {subprocess.py:106} INFO -   File "/opt/spark/scripts/Crawl_Data.py", line 253, in <module>
[2026-02-08T10:06:04.496+0000] {subprocess.py:106} INFO -     new_data_df = crawl_itviec_jobs(pages=MAX_PAGES, headless=HEADLESS_MODE)
[2026-02-08T10:06:04.496+0000] {subprocess.py:106} INFO -   File "/opt/spark/scripts/Crawl_Data.py", line 101, in crawl_itviec_jobs
[2026-02-08T10:06:04.497+0000] {subprocess.py:106} INFO -     driver = create_chrome_driver(headless=headless)
[2026-02-08T10:06:04.497+0000] {subprocess.py:106} INFO -   File "/opt/spark/scripts/Crawl_Data.py", line 88, in create_chrome_driver
[2026-02-08T10:06:04.497+0000] {subprocess.py:106} INFO -     driver = uc.Chrome(options=options, version_main=143)
[2026-02-08T10:06:04.497+0000] {subprocess.py:106} INFO -   File "/usr/local/lib/python3.8/dist-packages/undetected_chromedriver/__init__.py", line 258, in __init__
[2026-02-08T10:06:04.497+0000] {subprocess.py:106} INFO -     self.patcher.auto()
[2026-02-08T10:06:04.498+0000] {subprocess.py:106} INFO -   File "/usr/local/lib/python3.8/dist-packages/undetected_chromedriver/patcher.py", line 178, in auto
[2026-02-08T10:06:04.498+0000] {subprocess.py:106} INFO -     self.unzip_package(self.fetch_package())
[2026-02-08T10:06:04.498+0000] {subprocess.py:106} INFO -   File "/usr/local/lib/python3.8/dist-packages/undetected_chromedriver/patcher.py", line 287, in fetch_package
[2026-02-08T10:06:04.498+0000] {subprocess.py:106} INFO -     return urlretrieve(download_url)[0]
[2026-02-08T10:06:04.498+0000] {subprocess.py:106} INFO -   File "/usr/lib/python3.8/urllib/request.py", line 247, in urlretrieve
[2026-02-08T10:06:04.498+0000] {subprocess.py:106} INFO -     with contextlib.closing(urlopen(url, data)) as fp:
[2026-02-08T10:06:04.499+0000] {subprocess.py:106} INFO -   File "/usr/lib/python3.8/urllib/request.py", line 222, in urlopen
[2026-02-08T10:06:04.499+0000] {subprocess.py:106} INFO -     return opener.open(url, data, timeout)
[2026-02-08T10:06:04.499+0000] {subprocess.py:106} INFO -   File "/usr/lib/python3.8/urllib/request.py", line 525, in open
[2026-02-08T10:06:04.499+0000] {subprocess.py:106} INFO -     response = self._open(req, data)
[2026-02-08T10:06:04.499+0000] {subprocess.py:106} INFO -   File "/usr/lib/python3.8/urllib/request.py", line 542, in _open
[2026-02-08T10:06:04.499+0000] {subprocess.py:106} INFO -     result = self._call_chain(self.handle_open, protocol, protocol +
[2026-02-08T10:06:04.500+0000] {subprocess.py:106} INFO -   File "/usr/lib/python3.8/urllib/request.py", line 502, in _call_chain
[2026-02-08T10:06:04.500+0000] {subprocess.py:106} INFO -     result = func(*args)
[2026-02-08T10:06:04.500+0000] {subprocess.py:106} INFO -   File "/usr/lib/python3.8/urllib/request.py", line 1397, in https_open
[2026-02-08T10:06:04.500+0000] {subprocess.py:106} INFO -     return self.do_open(http.client.HTTPSConnection, req,
[2026-02-08T10:06:04.500+0000] {subprocess.py:106} INFO -   File "/usr/lib/python3.8/urllib/request.py", line 1357, in do_open
[2026-02-08T10:06:04.500+0000] {subprocess.py:106} INFO -     raise URLError(err)
[2026-02-08T10:06:04.501+0000] {subprocess.py:106} INFO - urllib.error.URLError: <urlopen error [Errno -5] No address associated with hostname>
[2026-02-08T10:06:04.612+0000] {subprocess.py:110} INFO - Command exited with return code 1
[2026-02-08T10:06:04.649+0000] {taskinstance.py:3313} ERROR - Task failed with exception
Traceback (most recent call last):
  File "/home/airflow/.local/lib/python3.8/site-packages/airflow/models/taskinstance.py", line 763, in _execute_task
    result = _execute_callable(context=context, **execute_callable_kwargs)
  File "/home/airflow/.local/lib/python3.8/site-packages/airflow/models/taskinstance.py", line 734, in _execute_callable
    return ExecutionCallableRunner(
  File "/home/airflow/.local/lib/python3.8/site-packages/airflow/utils/operator_helpers.py", line 252, in run
    return self.func(*args, **kwargs)
  File "/home/airflow/.local/lib/python3.8/site-packages/airflow/models/baseoperator.py", line 424, in wrapper
    return func(self, *args, **kwargs)
  File "/home/airflow/.local/lib/python3.8/site-packages/airflow/operators/bash.py", line 276, in execute
    raise AirflowException(
airflow.exceptions.AirflowException: Bash command failed. The command returned a non-zero exit code 1.
[2026-02-08T10:06:04.660+0000] {taskinstance.py:1226} INFO - Marking task as UP_FOR_RETRY. dag_id=crawl_etl_itjob, task_id=crawl_data, run_id=scheduled__2026-02-07T02:00:00+00:00, execution_date=20260207T020000, start_date=20260208T100516, end_date=20260208T100604
[2026-02-08T10:06:04.728+0000] {taskinstance.py:341} INFO - ::group::Post task execution logs
[2026-02-08T10:06:04.729+0000] {standard_task_runner.py:124} ERROR - Failed to execute job 501 for task crawl_data (Bash command failed. The command returned a non-zero exit code 1.; 55)
Traceback (most recent call last):
  File "/home/airflow/.local/lib/python3.8/site-packages/airflow/task/task_runner/standard_task_runner.py", line 117, in _start_by_fork
    ret = args.func(args, dag=self.dag)
  File "/home/airflow/.local/lib/python3.8/site-packages/airflow/cli/cli_config.py", line 49, in command
    return func(*args, **kwargs)
  File "/home/airflow/.local/lib/python3.8/site-packages/airflow/utils/cli.py", line 116, in wrapper
    return f(*args, **kwargs)
  File "/home/airflow/.local/lib/python3.8/site-packages/airflow/cli/commands/task_command.py", line 483, in task_run
    task_return_code = _run_task_by_selected_method(args, _dag, ti)
  File "/home/airflow/.local/lib/python3.8/site-packages/airflow/cli/commands/task_command.py", line 256, in _run_task_by_selected_method
    return _run_raw_task(args, ti)
  File "/home/airflow/.local/lib/python3.8/site-packages/airflow/cli/commands/task_command.py", line 341, in _run_raw_task
    return ti._run_raw_task(
  File "/home/airflow/.local/lib/python3.8/site-packages/airflow/utils/session.py", line 97, in wrapper
    return func(*args, session=session, **kwargs)
  File "/home/airflow/.local/lib/python3.8/site-packages/airflow/models/taskinstance.py", line 3006, in _run_raw_task
    return _run_raw_task(
  File "/home/airflow/.local/lib/python3.8/site-packages/airflow/models/taskinstance.py", line 274, in _run_raw_task
    TaskInstance._execute_task_with_callbacks(
  File "/home/airflow/.local/lib/python3.8/site-packages/airflow/models/taskinstance.py", line 3161, in _execute_task_with_callbacks
    result = self._execute_task(context, task_orig)
  File "/home/airflow/.local/lib/python3.8/site-packages/airflow/models/taskinstance.py", line 3185, in _execute_task
    return _execute_task(self, context, task_orig)
  File "/home/airflow/.local/lib/python3.8/site-packages/airflow/models/taskinstance.py", line 763, in _execute_task
    result = _execute_callable(context=context, **execute_callable_kwargs)
  File "/home/airflow/.local/lib/python3.8/site-packages/airflow/models/taskinstance.py", line 734, in _execute_callable
    return ExecutionCallableRunner(
  File "/home/airflow/.local/lib/python3.8/site-packages/airflow/utils/operator_helpers.py", line 252, in run
    return self.func(*args, **kwargs)
  File "/home/airflow/.local/lib/python3.8/site-packages/airflow/models/baseoperator.py", line 424, in wrapper
    return func(self, *args, **kwargs)
  File "/home/airflow/.local/lib/python3.8/site-packages/airflow/operators/bash.py", line 276, in execute
    raise AirflowException(
airflow.exceptions.AirflowException: Bash command failed. The command returned a non-zero exit code 1.
[2026-02-08T10:06:04.755+0000] {local_task_job_runner.py:266} INFO - Task exited with return code 1
[2026-02-08T10:06:04.785+0000] {taskinstance.py:3901} INFO - 0 downstream tasks scheduled from follow-on schedule check
[2026-02-08T10:06:04.787+0000] {local_task_job_runner.py:245} INFO - ::endgroup::
