[2025-11-11T10:28:06.246+0000] {local_task_job_runner.py:123} INFO - ::group::Pre task execution logs
[2025-11-11T10:28:06.279+0000] {taskinstance.py:2614} INFO - Dependencies all met for dep_context=non-requeueable deps ti=<TaskInstance: crawl_etl_itjob.load_bronze scheduled__2025-11-10T02:00:00+00:00 [queued]>
[2025-11-11T10:28:06.289+0000] {taskinstance.py:2614} INFO - Dependencies all met for dep_context=requeueable deps ti=<TaskInstance: crawl_etl_itjob.load_bronze scheduled__2025-11-10T02:00:00+00:00 [queued]>
[2025-11-11T10:28:06.289+0000] {taskinstance.py:2867} INFO - Starting attempt 1 of 2
[2025-11-11T10:28:06.300+0000] {taskinstance.py:2890} INFO - Executing <Task(BashOperator): load_bronze> on 2025-11-10 02:00:00+00:00
[2025-11-11T10:28:06.304+0000] {standard_task_runner.py:72} INFO - Started process 54 to run task
[2025-11-11T10:28:06.308+0000] {standard_task_runner.py:104} INFO - Running: ['***', 'tasks', 'run', 'crawl_etl_itjob', 'load_bronze', 'scheduled__2025-11-10T02:00:00+00:00', '--job-id', '142', '--raw', '--subdir', 'DAGS_FOLDER/Crawl_ETL_ITJob.py', '--cfg-path', '/tmp/tmppuvinbu9']
[2025-11-11T10:28:06.309+0000] {standard_task_runner.py:105} INFO - Job 142: Subtask load_bronze
[2025-11-11T10:28:06.333+0000] {warnings.py:109} WARNING - /home/***/.local/lib/python3.8/site-packages/***/settings.py:209: DeprecationWarning: The sql_alchemy_conn option in [core] has been moved to the sql_alchemy_conn option in [database] - the old setting has been used, but please update your config.
  SQL_ALCHEMY_CONN = conf.get("database", "SQL_ALCHEMY_CONN")

[2025-11-11T10:28:06.405+0000] {task_command.py:467} INFO - Running <TaskInstance: crawl_etl_itjob.load_bronze scheduled__2025-11-10T02:00:00+00:00 [running]> on host a1de7f96d4f1
[2025-11-11T10:28:06.406+0000] {warnings.py:109} WARNING - /home/***/.local/lib/python3.8/site-packages/***/settings.py:470: DeprecationWarning: The sql_alchemy_conn option in [core] has been moved to the sql_alchemy_conn option in [database] - the old setting has been used, but please update your config.
  if conf.get("database", "sql_alchemy_conn") == "none://":

[2025-11-11T10:28:06.518+0000] {taskinstance.py:3134} INFO - Exporting env vars: AIRFLOW_CTX_DAG_EMAIL='alert@datateam.local' AIRFLOW_CTX_DAG_OWNER='***' AIRFLOW_CTX_DAG_ID='crawl_etl_itjob' AIRFLOW_CTX_TASK_ID='load_bronze' AIRFLOW_CTX_EXECUTION_DATE='2025-11-10T02:00:00+00:00' AIRFLOW_CTX_TRY_NUMBER='1' AIRFLOW_CTX_DAG_RUN_ID='scheduled__2025-11-10T02:00:00+00:00'
[2025-11-11T10:28:06.520+0000] {taskinstance.py:732} INFO - ::endgroup::
[2025-11-11T10:28:06.540+0000] {subprocess.py:78} INFO - Tmp dir root location: /tmp
[2025-11-11T10:28:06.541+0000] {subprocess.py:88} INFO - Running command: ['/bin/bash', '-c', "\n        docker exec spark-submit bash -c '\n        /opt/spark/bin/spark-submit         --master spark://spark-master:7077         --deploy-mode client         --packages org.apache.iceberg:iceberg-spark-runtime-3.5_2.12:1.5.0         /opt/spark/scripts/Load_Bronze.py\n        '\n        "]
[2025-11-11T10:28:06.550+0000] {subprocess.py:99} INFO - Output:
[2025-11-11T10:28:08.446+0000] {subprocess.py:106} INFO - :: loading settings :: url = jar:file:/opt/spark/jars/ivy-2.5.1.jar!/org/apache/ivy/core/settings/ivysettings.xml
[2025-11-11T10:28:08.568+0000] {subprocess.py:106} INFO - Ivy Default Cache set to: /home/spark/.ivy2/cache
[2025-11-11T10:28:08.569+0000] {subprocess.py:106} INFO - The jars for the packages stored in: /home/spark/.ivy2/jars
[2025-11-11T10:28:08.572+0000] {subprocess.py:106} INFO - org.apache.iceberg#iceberg-spark-runtime-3.5_2.12 added as a dependency
[2025-11-11T10:28:08.573+0000] {subprocess.py:106} INFO - :: resolving dependencies :: org.apache.spark#spark-submit-parent-b808bf69-662c-4425-b070-a37d2bd3ed81;1.0
[2025-11-11T10:28:08.574+0000] {subprocess.py:106} INFO - 	confs: [default]
[2025-11-11T10:28:08.700+0000] {subprocess.py:106} INFO - 	found org.apache.iceberg#iceberg-spark-runtime-3.5_2.12;1.5.0 in central
[2025-11-11T10:28:08.712+0000] {subprocess.py:106} INFO - :: resolution report :: resolve 135ms :: artifacts dl 4ms
[2025-11-11T10:28:08.713+0000] {subprocess.py:106} INFO - 	:: modules in use:
[2025-11-11T10:28:08.714+0000] {subprocess.py:106} INFO - 	org.apache.iceberg#iceberg-spark-runtime-3.5_2.12;1.5.0 from central in [default]
[2025-11-11T10:28:08.714+0000] {subprocess.py:106} INFO - 	---------------------------------------------------------------------
[2025-11-11T10:28:08.715+0000] {subprocess.py:106} INFO - 	|                  |            modules            ||   artifacts   |
[2025-11-11T10:28:08.716+0000] {subprocess.py:106} INFO - 	|       conf       | number| search|dwnlded|evicted|| number|dwnlded|
[2025-11-11T10:28:08.716+0000] {subprocess.py:106} INFO - 	---------------------------------------------------------------------
[2025-11-11T10:28:08.717+0000] {subprocess.py:106} INFO - 	|      default     |   1   |   0   |   0   |   0   ||   1   |   0   |
[2025-11-11T10:28:08.717+0000] {subprocess.py:106} INFO - 	---------------------------------------------------------------------
[2025-11-11T10:28:08.718+0000] {subprocess.py:106} INFO - :: retrieving :: org.apache.spark#spark-submit-parent-b808bf69-662c-4425-b070-a37d2bd3ed81
[2025-11-11T10:28:08.718+0000] {subprocess.py:106} INFO - 	confs: [default]
[2025-11-11T10:28:08.723+0000] {subprocess.py:106} INFO - 	0 artifacts copied, 1 already retrieved (0kB/6ms)
[2025-11-11T10:28:08.932+0000] {subprocess.py:106} INFO - 25/11/11 10:28:08 WARN NativeCodeLoader: Unable to load native-hadoop library for your platform... using builtin-java classes where applicable
[2025-11-11T10:28:10.091+0000] {subprocess.py:106} INFO - 25/11/11 10:28:10 INFO SparkContext: Running Spark version 3.5.3
[2025-11-11T10:28:10.092+0000] {subprocess.py:106} INFO - 25/11/11 10:28:10 INFO SparkContext: OS info Linux, 6.6.87.2-microsoft-standard-WSL2, amd64
[2025-11-11T10:28:10.092+0000] {subprocess.py:106} INFO - 25/11/11 10:28:10 INFO SparkContext: Java version 11.0.24
[2025-11-11T10:28:10.109+0000] {subprocess.py:106} INFO - 25/11/11 10:28:10 INFO ResourceUtils: ==============================================================
[2025-11-11T10:28:10.110+0000] {subprocess.py:106} INFO - 25/11/11 10:28:10 INFO ResourceUtils: No custom resources configured for spark.driver.
[2025-11-11T10:28:10.113+0000] {subprocess.py:106} INFO - 25/11/11 10:28:10 INFO ResourceUtils: ==============================================================
[2025-11-11T10:28:10.114+0000] {subprocess.py:106} INFO - 25/11/11 10:28:10 INFO SparkContext: Submitted application: Load_Bronze_Hive_Iceberg
[2025-11-11T10:28:10.137+0000] {subprocess.py:106} INFO - 25/11/11 10:28:10 INFO ResourceProfile: Default ResourceProfile created, executor resources: Map(memory -> name: memory, amount: 1024, script: , vendor: , offHeap -> name: offHeap, amount: 0, script: , vendor: ), task resources: Map(cpus -> name: cpus, amount: 1.0)
[2025-11-11T10:28:10.147+0000] {subprocess.py:106} INFO - 25/11/11 10:28:10 INFO ResourceProfile: Limiting resource is cpu
[2025-11-11T10:28:10.147+0000] {subprocess.py:106} INFO - 25/11/11 10:28:10 INFO ResourceProfileManager: Added ResourceProfile id: 0
[2025-11-11T10:28:10.217+0000] {subprocess.py:106} INFO - 25/11/11 10:28:10 INFO SecurityManager: Changing view acls to: spark
[2025-11-11T10:28:10.218+0000] {subprocess.py:106} INFO - 25/11/11 10:28:10 INFO SecurityManager: Changing modify acls to: spark
[2025-11-11T10:28:10.219+0000] {subprocess.py:106} INFO - 25/11/11 10:28:10 INFO SecurityManager: Changing view acls groups to:
[2025-11-11T10:28:10.220+0000] {subprocess.py:106} INFO - 25/11/11 10:28:10 INFO SecurityManager: Changing modify acls groups to:
[2025-11-11T10:28:10.221+0000] {subprocess.py:106} INFO - 25/11/11 10:28:10 INFO SecurityManager: SecurityManager: authentication disabled; ui acls disabled; users with view permissions: spark; groups with view permissions: EMPTY; users with modify permissions: spark; groups with modify permissions: EMPTY
[2025-11-11T10:28:10.456+0000] {subprocess.py:106} INFO - 25/11/11 10:28:10 INFO Utils: Successfully started service 'sparkDriver' on port 45107.
[2025-11-11T10:28:10.501+0000] {subprocess.py:106} INFO - 25/11/11 10:28:10 INFO SparkEnv: Registering MapOutputTracker
[2025-11-11T10:28:10.539+0000] {subprocess.py:106} INFO - 25/11/11 10:28:10 INFO SparkEnv: Registering BlockManagerMaster
[2025-11-11T10:28:10.554+0000] {subprocess.py:106} INFO - 25/11/11 10:28:10 INFO BlockManagerMasterEndpoint: Using org.apache.spark.storage.DefaultTopologyMapper for getting topology information
[2025-11-11T10:28:10.556+0000] {subprocess.py:106} INFO - 25/11/11 10:28:10 INFO BlockManagerMasterEndpoint: BlockManagerMasterEndpoint up
[2025-11-11T10:28:10.560+0000] {subprocess.py:106} INFO - 25/11/11 10:28:10 INFO SparkEnv: Registering BlockManagerMasterHeartbeat
[2025-11-11T10:28:10.596+0000] {subprocess.py:106} INFO - 25/11/11 10:28:10 INFO DiskBlockManager: Created local directory at /tmp/blockmgr-cc567cdb-d113-4699-9a0c-d2af5b86e904
[2025-11-11T10:28:10.614+0000] {subprocess.py:106} INFO - 25/11/11 10:28:10 INFO MemoryStore: MemoryStore started with capacity 434.4 MiB
[2025-11-11T10:28:10.630+0000] {subprocess.py:106} INFO - 25/11/11 10:28:10 INFO SparkEnv: Registering OutputCommitCoordinator
[2025-11-11T10:28:10.771+0000] {subprocess.py:106} INFO - 25/11/11 10:28:10 INFO JettyUtils: Start Jetty 0.0.0.0:4040 for SparkUI
[2025-11-11T10:28:10.815+0000] {subprocess.py:106} INFO - 25/11/11 10:28:10 INFO Utils: Successfully started service 'SparkUI' on port 4040.
[2025-11-11T10:28:10.846+0000] {subprocess.py:106} INFO - 25/11/11 10:28:10 INFO SparkContext: Added JAR file:///home/spark/.ivy2/jars/org.apache.iceberg_iceberg-spark-runtime-3.5_2.12-1.5.0.jar at spark://68d0d8c522fe:45107/jars/org.apache.iceberg_iceberg-spark-runtime-3.5_2.12-1.5.0.jar with timestamp 1762856890084
[2025-11-11T10:28:10.850+0000] {subprocess.py:106} INFO - 25/11/11 10:28:10 INFO SparkContext: Added file file:///home/spark/.ivy2/jars/org.apache.iceberg_iceberg-spark-runtime-3.5_2.12-1.5.0.jar at spark://68d0d8c522fe:45107/files/org.apache.iceberg_iceberg-spark-runtime-3.5_2.12-1.5.0.jar with timestamp 1762856890084
[2025-11-11T10:28:10.852+0000] {subprocess.py:106} INFO - 25/11/11 10:28:10 INFO Utils: Copying /home/spark/.ivy2/jars/org.apache.iceberg_iceberg-spark-runtime-3.5_2.12-1.5.0.jar to /tmp/spark-1a770fd0-6c29-412f-94d2-0a35259b3dac/userFiles-1d602f40-f090-4f29-afc7-79bd8ab16602/org.apache.iceberg_iceberg-spark-runtime-3.5_2.12-1.5.0.jar
[2025-11-11T10:28:11.095+0000] {subprocess.py:106} INFO - 25/11/11 10:28:11 INFO StandaloneAppClient$ClientEndpoint: Connecting to master spark://spark-master:7077...
[2025-11-11T10:28:11.133+0000] {subprocess.py:106} INFO - 25/11/11 10:28:11 INFO TransportClientFactory: Successfully created connection to spark-master/172.30.0.6:7077 after 24 ms (0 ms spent in bootstraps)
[2025-11-11T10:28:11.470+0000] {subprocess.py:106} INFO - 25/11/11 10:28:11 INFO StandaloneSchedulerBackend: Connected to Spark cluster with app ID app-20251111102811-0000
[2025-11-11T10:28:11.479+0000] {subprocess.py:106} INFO - 25/11/11 10:28:11 INFO Utils: Successfully started service 'org.apache.spark.network.netty.NettyBlockTransferService' on port 34967.
[2025-11-11T10:28:11.480+0000] {subprocess.py:106} INFO - 25/11/11 10:28:11 INFO NettyBlockTransferService: Server created on 68d0d8c522fe:34967
[2025-11-11T10:28:11.485+0000] {subprocess.py:106} INFO - 25/11/11 10:28:11 INFO BlockManager: Using org.apache.spark.storage.RandomBlockReplicationPolicy for block replication policy
[2025-11-11T10:28:11.490+0000] {subprocess.py:106} INFO - 25/11/11 10:28:11 INFO BlockManagerMaster: Registering BlockManager BlockManagerId(driver, 68d0d8c522fe, 34967, None)
[2025-11-11T10:28:11.493+0000] {subprocess.py:106} INFO - 25/11/11 10:28:11 INFO BlockManagerMasterEndpoint: Registering block manager 68d0d8c522fe:34967 with 434.4 MiB RAM, BlockManagerId(driver, 68d0d8c522fe, 34967, None)
[2025-11-11T10:28:11.496+0000] {subprocess.py:106} INFO - 25/11/11 10:28:11 INFO BlockManagerMaster: Registered BlockManager BlockManagerId(driver, 68d0d8c522fe, 34967, None)
[2025-11-11T10:28:11.498+0000] {subprocess.py:106} INFO - 25/11/11 10:28:11 INFO BlockManager: Initialized BlockManager: BlockManagerId(driver, 68d0d8c522fe, 34967, None)
[2025-11-11T10:28:11.501+0000] {subprocess.py:106} INFO - 25/11/11 10:28:11 INFO StandaloneAppClient$ClientEndpoint: Executor added: app-20251111102811-0000/0 on worker-20251111095906-172.30.0.7-39079 (172.30.0.7:39079) with 1 core(s)
[2025-11-11T10:28:11.503+0000] {subprocess.py:106} INFO - 25/11/11 10:28:11 INFO StandaloneSchedulerBackend: Granted executor ID app-20251111102811-0000/0 on hostPort 172.30.0.7:39079 with 1 core(s), 1024.0 MiB RAM
[2025-11-11T10:28:01.151+0000] {subprocess.py:106} INFO - 25/11/11 10:28:01 INFO StandaloneAppClient$ClientEndpoint: Executor updated: app-20251111102811-0000/0 is now RUNNING
[2025-11-11T10:28:01.152+0000] {subprocess.py:106} INFO - 25/11/11 10:28:01 INFO StandaloneSchedulerBackend: SchedulerBackend is ready for scheduling beginning after reached minRegisteredResourcesRatio: 0.0
[2025-11-11T10:28:12.860+0000] {subprocess.py:106} INFO - 25/11/11 10:28:12 INFO SharedState: Setting hive.metastore.warehouse.dir ('null') to the value of spark.sql.warehouse.dir.
[2025-11-11T10:28:12.877+0000] {subprocess.py:106} INFO - 25/11/11 10:28:12 INFO SharedState: Warehouse path is 'file:/opt/spark/work-dir/spark-warehouse'.
[2025-11-11T10:28:15.381+0000] {subprocess.py:106} INFO - 25/11/11 10:28:15 INFO StandaloneSchedulerBackend$StandaloneDriverEndpoint: Registered executor NettyRpcEndpointRef(spark-client://Executor) (172.30.0.7:37662) with ID 0,  ResourceProfileId 0
[2025-11-11T10:28:15.487+0000] {subprocess.py:106} INFO - 25/11/11 10:28:15 INFO BlockManagerMasterEndpoint: Registering block manager 172.30.0.7:37713 with 434.4 MiB RAM, BlockManagerId(0, 172.30.0.7, 37713, None)
[2025-11-11T10:28:15.623+0000] {subprocess.py:106} INFO - 25/11/11 10:28:15 INFO InMemoryFileIndex: It took 156 ms to list leaf files for 1 paths.
[2025-11-11T10:28:15.864+0000] {subprocess.py:106} INFO - 25/11/11 10:28:15 INFO MemoryStore: Block broadcast_0 stored as values in memory (estimated size 203.7 KiB, free 434.2 MiB)
[2025-11-11T10:28:15.944+0000] {subprocess.py:106} INFO - 25/11/11 10:28:15 INFO MemoryStore: Block broadcast_0_piece0 stored as bytes in memory (estimated size 35.3 KiB, free 434.2 MiB)
[2025-11-11T10:28:15.949+0000] {subprocess.py:106} INFO - 25/11/11 10:28:15 INFO BlockManagerInfo: Added broadcast_0_piece0 in memory on 68d0d8c522fe:34967 (size: 35.3 KiB, free: 434.4 MiB)
[2025-11-11T10:28:15.954+0000] {subprocess.py:106} INFO - 25/11/11 10:28:15 INFO SparkContext: Created broadcast 0 from csv at <unknown>:0
[2025-11-11T10:28:16.443+0000] {subprocess.py:106} INFO - 25/11/11 10:28:16 INFO FileInputFormat: Total input files to process : 1
[2025-11-11T10:28:16.448+0000] {subprocess.py:106} INFO - 25/11/11 10:28:16 INFO FileInputFormat: Total input files to process : 1
[2025-11-11T10:28:16.518+0000] {subprocess.py:106} INFO - 25/11/11 10:28:16 INFO SparkContext: Starting job: csv at <unknown>:0
[2025-11-11T10:28:16.539+0000] {subprocess.py:106} INFO - 25/11/11 10:28:16 INFO DAGScheduler: Got job 0 (csv at <unknown>:0) with 1 output partitions
[2025-11-11T10:28:16.540+0000] {subprocess.py:106} INFO - 25/11/11 10:28:16 INFO DAGScheduler: Final stage: ResultStage 0 (csv at <unknown>:0)
[2025-11-11T10:28:16.541+0000] {subprocess.py:106} INFO - 25/11/11 10:28:16 INFO DAGScheduler: Parents of final stage: List()
[2025-11-11T10:28:16.542+0000] {subprocess.py:106} INFO - 25/11/11 10:28:16 INFO DAGScheduler: Missing parents: List()
[2025-11-11T10:28:16.550+0000] {subprocess.py:106} INFO - 25/11/11 10:28:16 INFO DAGScheduler: Submitting ResultStage 0 (MapPartitionsRDD[2] at csv at <unknown>:0), which has no missing parents
[2025-11-11T10:28:16.574+0000] {subprocess.py:106} INFO - 25/11/11 10:28:16 INFO MemoryStore: Block broadcast_1 stored as values in memory (estimated size 7.6 KiB, free 434.2 MiB)
[2025-11-11T10:28:16.577+0000] {subprocess.py:106} INFO - 25/11/11 10:28:16 INFO MemoryStore: Block broadcast_1_piece0 stored as bytes in memory (estimated size 4.4 KiB, free 434.2 MiB)
[2025-11-11T10:28:16.578+0000] {subprocess.py:106} INFO - 25/11/11 10:28:16 INFO BlockManagerInfo: Added broadcast_1_piece0 in memory on 68d0d8c522fe:34967 (size: 4.4 KiB, free: 434.4 MiB)
[2025-11-11T10:28:16.579+0000] {subprocess.py:106} INFO - 25/11/11 10:28:16 INFO SparkContext: Created broadcast 1 from broadcast at DAGScheduler.scala:1585
[2025-11-11T10:28:16.600+0000] {subprocess.py:106} INFO - 25/11/11 10:28:16 INFO DAGScheduler: Submitting 1 missing tasks from ResultStage 0 (MapPartitionsRDD[2] at csv at <unknown>:0) (first 15 tasks are for partitions Vector(0))
[2025-11-11T10:28:16.601+0000] {subprocess.py:106} INFO - 25/11/11 10:28:16 INFO TaskSchedulerImpl: Adding task set 0.0 with 1 tasks resource profile 0
[2025-11-11T10:28:16.640+0000] {subprocess.py:106} INFO - 25/11/11 10:28:16 INFO TaskSetManager: Starting task 0.0 in stage 0.0 (TID 0) (172.30.0.7, executor 0, partition 0, PROCESS_LOCAL, 9484 bytes)
[2025-11-11T10:28:16.965+0000] {subprocess.py:106} INFO - 25/11/11 10:28:16 INFO BlockManagerInfo: Added broadcast_1_piece0 in memory on 172.30.0.7:37713 (size: 4.4 KiB, free: 434.4 MiB)
[2025-11-11T10:28:17.220+0000] {subprocess.py:106} INFO - 25/11/11 10:28:17 INFO BlockManagerInfo: Added broadcast_0_piece0 in memory on 172.30.0.7:37713 (size: 35.3 KiB, free: 434.4 MiB)
[2025-11-11T10:28:17.970+0000] {subprocess.py:106} INFO - 25/11/11 10:28:17 INFO TaskSetManager: Finished task 0.0 in stage 0.0 (TID 0) in 1344 ms on 172.30.0.7 (executor 0) (1/1)
[2025-11-11T10:28:17.973+0000] {subprocess.py:106} INFO - 25/11/11 10:28:17 INFO TaskSchedulerImpl: Removed TaskSet 0.0, whose tasks have all completed, from pool
[2025-11-11T10:28:17.979+0000] {subprocess.py:106} INFO - 25/11/11 10:28:17 INFO DAGScheduler: ResultStage 0 (csv at <unknown>:0) finished in 1.410 s
[2025-11-11T10:28:17.984+0000] {subprocess.py:106} INFO - 25/11/11 10:28:17 INFO DAGScheduler: Job 0 is finished. Cancelling potential speculative or zombie tasks for this job
[2025-11-11T10:28:17.990+0000] {subprocess.py:106} INFO - 25/11/11 10:28:17 INFO TaskSchedulerImpl: Killing all running tasks in stage 0: Stage finished
[2025-11-11T10:28:17.991+0000] {subprocess.py:106} INFO - 25/11/11 10:28:17 INFO DAGScheduler: Job 0 finished: csv at <unknown>:0, took 1.469176 s
[2025-11-11T10:28:18.476+0000] {subprocess.py:106} INFO - 25/11/11 10:28:18 INFO BlockManagerInfo: Removed broadcast_0_piece0 on 68d0d8c522fe:34967 in memory (size: 35.3 KiB, free: 434.4 MiB)
[2025-11-11T10:28:18.485+0000] {subprocess.py:106} INFO - 25/11/11 10:28:18 INFO BlockManagerInfo: Removed broadcast_0_piece0 on 172.30.0.7:37713 in memory (size: 35.3 KiB, free: 434.4 MiB)
[2025-11-11T10:28:18.497+0000] {subprocess.py:106} INFO - 25/11/11 10:28:18 INFO BlockManagerInfo: Removed broadcast_1_piece0 on 68d0d8c522fe:34967 in memory (size: 4.4 KiB, free: 434.4 MiB)
[2025-11-11T10:28:18.500+0000] {subprocess.py:106} INFO - 25/11/11 10:28:18 INFO BlockManagerInfo: Removed broadcast_1_piece0 on 172.30.0.7:37713 in memory (size: 4.4 KiB, free: 434.4 MiB)
[2025-11-11T10:28:19.618+0000] {subprocess.py:106} INFO - 25/11/11 10:28:19 INFO FileSourceStrategy: Pushed Filters:
[2025-11-11T10:28:19.619+0000] {subprocess.py:106} INFO - 25/11/11 10:28:19 INFO FileSourceStrategy: Post-Scan Filters:
[2025-11-11T10:28:20.050+0000] {subprocess.py:106} INFO - 25/11/11 10:28:20 INFO CodeGenerator: Code generated in 242.35677 ms
[2025-11-11T10:28:20.057+0000] {subprocess.py:106} INFO - 25/11/11 10:28:20 INFO MemoryStore: Block broadcast_2 stored as values in memory (estimated size 203.1 KiB, free 434.2 MiB)
[2025-11-11T10:28:20.079+0000] {subprocess.py:106} INFO - 25/11/11 10:28:20 INFO MemoryStore: Block broadcast_2_piece0 stored as bytes in memory (estimated size 35.1 KiB, free 434.2 MiB)
[2025-11-11T10:28:20.080+0000] {subprocess.py:106} INFO - 25/11/11 10:28:20 INFO BlockManagerInfo: Added broadcast_2_piece0 in memory on 68d0d8c522fe:34967 (size: 35.1 KiB, free: 434.4 MiB)
[2025-11-11T10:28:20.082+0000] {subprocess.py:106} INFO - 25/11/11 10:28:20 INFO SparkContext: Created broadcast 2 from count at <unknown>:0
[2025-11-11T10:28:20.098+0000] {subprocess.py:106} INFO - 25/11/11 10:28:20 INFO FileSourceScanExec: Planning scan with bin packing, max size: 4194304 bytes, open cost is considered as scanning 4194304 bytes.
[2025-11-11T10:28:20.161+0000] {subprocess.py:106} INFO - 25/11/11 10:28:20 INFO DAGScheduler: Registering RDD 7 (count at <unknown>:0) as input to shuffle 0
[2025-11-11T10:28:20.167+0000] {subprocess.py:106} INFO - 25/11/11 10:28:20 INFO DAGScheduler: Got map stage job 1 (count at <unknown>:0) with 1 output partitions
[2025-11-11T10:28:20.167+0000] {subprocess.py:106} INFO - 25/11/11 10:28:20 INFO DAGScheduler: Final stage: ShuffleMapStage 1 (count at <unknown>:0)
[2025-11-11T10:28:20.168+0000] {subprocess.py:106} INFO - 25/11/11 10:28:20 INFO DAGScheduler: Parents of final stage: List()
[2025-11-11T10:28:20.170+0000] {subprocess.py:106} INFO - 25/11/11 10:28:20 INFO DAGScheduler: Missing parents: List()
[2025-11-11T10:28:20.173+0000] {subprocess.py:106} INFO - 25/11/11 10:28:20 INFO DAGScheduler: Submitting ShuffleMapStage 1 (MapPartitionsRDD[7] at count at <unknown>:0), which has no missing parents
[2025-11-11T10:28:20.218+0000] {subprocess.py:106} INFO - 25/11/11 10:28:20 INFO MemoryStore: Block broadcast_3 stored as values in memory (estimated size 18.0 KiB, free 434.1 MiB)
[2025-11-11T10:28:20.228+0000] {subprocess.py:106} INFO - 25/11/11 10:28:20 INFO MemoryStore: Block broadcast_3_piece0 stored as bytes in memory (estimated size 8.9 KiB, free 434.1 MiB)
[2025-11-11T10:28:20.229+0000] {subprocess.py:106} INFO - 25/11/11 10:28:20 INFO BlockManagerInfo: Added broadcast_3_piece0 in memory on 68d0d8c522fe:34967 (size: 8.9 KiB, free: 434.4 MiB)
[2025-11-11T10:28:20.229+0000] {subprocess.py:106} INFO - 25/11/11 10:28:20 INFO SparkContext: Created broadcast 3 from broadcast at DAGScheduler.scala:1585
[2025-11-11T10:28:20.232+0000] {subprocess.py:106} INFO - 25/11/11 10:28:20 INFO DAGScheduler: Submitting 1 missing tasks from ShuffleMapStage 1 (MapPartitionsRDD[7] at count at <unknown>:0) (first 15 tasks are for partitions Vector(0))
[2025-11-11T10:28:20.232+0000] {subprocess.py:106} INFO - 25/11/11 10:28:20 INFO TaskSchedulerImpl: Adding task set 1.0 with 1 tasks resource profile 0
[2025-11-11T10:28:20.239+0000] {subprocess.py:106} INFO - 25/11/11 10:28:20 INFO TaskSetManager: Starting task 0.0 in stage 1.0 (TID 1) (172.30.0.7, executor 0, partition 0, ANY, 9944 bytes)
[2025-11-11T10:28:20.278+0000] {subprocess.py:106} INFO - 25/11/11 10:28:20 INFO BlockManagerInfo: Added broadcast_3_piece0 in memory on 172.30.0.7:37713 (size: 8.9 KiB, free: 434.4 MiB)
[2025-11-11T10:28:20.956+0000] {subprocess.py:106} INFO - 25/11/11 10:28:20 INFO BlockManagerInfo: Added broadcast_2_piece0 in memory on 172.30.0.7:37713 (size: 35.1 KiB, free: 434.4 MiB)
[2025-11-11T10:28:21.111+0000] {subprocess.py:106} INFO - 25/11/11 10:28:21 INFO TaskSetManager: Finished task 0.0 in stage 1.0 (TID 1) in 876 ms on 172.30.0.7 (executor 0) (1/1)
[2025-11-11T10:28:21.112+0000] {subprocess.py:106} INFO - 25/11/11 10:28:21 INFO TaskSchedulerImpl: Removed TaskSet 1.0, whose tasks have all completed, from pool
[2025-11-11T10:28:21.115+0000] {subprocess.py:106} INFO - 25/11/11 10:28:21 INFO DAGScheduler: ShuffleMapStage 1 (count at <unknown>:0) finished in 0.934 s
[2025-11-11T10:28:21.116+0000] {subprocess.py:106} INFO - 25/11/11 10:28:21 INFO DAGScheduler: looking for newly runnable stages
[2025-11-11T10:28:21.116+0000] {subprocess.py:106} INFO - 25/11/11 10:28:21 INFO DAGScheduler: running: Set()
[2025-11-11T10:28:21.117+0000] {subprocess.py:106} INFO - 25/11/11 10:28:21 INFO DAGScheduler: waiting: Set()
[2025-11-11T10:28:21.118+0000] {subprocess.py:106} INFO - 25/11/11 10:28:21 INFO DAGScheduler: failed: Set()
[2025-11-11T10:28:21.178+0000] {subprocess.py:106} INFO - 25/11/11 10:28:21 INFO CodeGenerator: Code generated in 14.58932 ms
[2025-11-11T10:28:21.197+0000] {subprocess.py:106} INFO - 25/11/11 10:28:21 INFO SparkContext: Starting job: count at <unknown>:0
[2025-11-11T10:28:21.199+0000] {subprocess.py:106} INFO - 25/11/11 10:28:21 INFO DAGScheduler: Got job 2 (count at <unknown>:0) with 1 output partitions
[2025-11-11T10:28:21.200+0000] {subprocess.py:106} INFO - 25/11/11 10:28:21 INFO DAGScheduler: Final stage: ResultStage 3 (count at <unknown>:0)
[2025-11-11T10:28:21.200+0000] {subprocess.py:106} INFO - 25/11/11 10:28:21 INFO DAGScheduler: Parents of final stage: List(ShuffleMapStage 2)
[2025-11-11T10:28:21.201+0000] {subprocess.py:106} INFO - 25/11/11 10:28:21 INFO DAGScheduler: Missing parents: List()
[2025-11-11T10:28:21.201+0000] {subprocess.py:106} INFO - 25/11/11 10:28:21 INFO DAGScheduler: Submitting ResultStage 3 (MapPartitionsRDD[10] at count at <unknown>:0), which has no missing parents
[2025-11-11T10:28:21.210+0000] {subprocess.py:106} INFO - 25/11/11 10:28:21 INFO MemoryStore: Block broadcast_4 stored as values in memory (estimated size 12.5 KiB, free 434.1 MiB)
[2025-11-11T10:28:21.217+0000] {subprocess.py:106} INFO - 25/11/11 10:28:21 INFO MemoryStore: Block broadcast_4_piece0 stored as bytes in memory (estimated size 5.9 KiB, free 434.1 MiB)
[2025-11-11T10:28:21.220+0000] {subprocess.py:106} INFO - 25/11/11 10:28:21 INFO BlockManagerInfo: Added broadcast_4_piece0 in memory on 68d0d8c522fe:34967 (size: 5.9 KiB, free: 434.4 MiB)
[2025-11-11T10:28:21.221+0000] {subprocess.py:106} INFO - 25/11/11 10:28:21 INFO SparkContext: Created broadcast 4 from broadcast at DAGScheduler.scala:1585
[2025-11-11T10:28:21.222+0000] {subprocess.py:106} INFO - 25/11/11 10:28:21 INFO BlockManagerInfo: Removed broadcast_3_piece0 on 68d0d8c522fe:34967 in memory (size: 8.9 KiB, free: 434.4 MiB)
[2025-11-11T10:28:21.226+0000] {subprocess.py:106} INFO - 25/11/11 10:28:21 INFO DAGScheduler: Submitting 1 missing tasks from ResultStage 3 (MapPartitionsRDD[10] at count at <unknown>:0) (first 15 tasks are for partitions Vector(0))
[2025-11-11T10:28:21.230+0000] {subprocess.py:106} INFO - 25/11/11 10:28:21 INFO TaskSchedulerImpl: Adding task set 3.0 with 1 tasks resource profile 0
[2025-11-11T10:28:21.231+0000] {subprocess.py:106} INFO - 25/11/11 10:28:21 INFO BlockManagerInfo: Removed broadcast_3_piece0 on 172.30.0.7:37713 in memory (size: 8.9 KiB, free: 434.4 MiB)
[2025-11-11T10:28:21.232+0000] {subprocess.py:106} INFO - 25/11/11 10:28:21 INFO TaskSetManager: Starting task 0.0 in stage 3.0 (TID 2) (172.30.0.7, executor 0, partition 0, NODE_LOCAL, 9331 bytes)
[2025-11-11T10:28:21.265+0000] {subprocess.py:106} INFO - 25/11/11 10:28:21 INFO BlockManagerInfo: Added broadcast_4_piece0 in memory on 172.30.0.7:37713 (size: 5.9 KiB, free: 434.4 MiB)
[2025-11-11T10:28:21.303+0000] {subprocess.py:106} INFO - 25/11/11 10:28:21 INFO MapOutputTrackerMasterEndpoint: Asked to send map output locations for shuffle 0 to 172.30.0.7:37662
[2025-11-11T10:28:21.425+0000] {subprocess.py:106} INFO - 25/11/11 10:28:21 INFO TaskSetManager: Finished task 0.0 in stage 3.0 (TID 2) in 197 ms on 172.30.0.7 (executor 0) (1/1)
[2025-11-11T10:28:21.430+0000] {subprocess.py:106} INFO - 25/11/11 10:28:21 INFO TaskSchedulerImpl: Removed TaskSet 3.0, whose tasks have all completed, from pool
[2025-11-11T10:28:21.431+0000] {subprocess.py:106} INFO - 25/11/11 10:28:21 INFO DAGScheduler: ResultStage 3 (count at <unknown>:0) finished in 0.217 s
[2025-11-11T10:28:21.431+0000] {subprocess.py:106} INFO - 25/11/11 10:28:21 INFO DAGScheduler: Job 2 is finished. Cancelling potential speculative or zombie tasks for this job
[2025-11-11T10:28:21.432+0000] {subprocess.py:106} INFO - 25/11/11 10:28:21 INFO TaskSchedulerImpl: Killing all running tasks in stage 3: Stage finished
[2025-11-11T10:28:21.432+0000] {subprocess.py:106} INFO - 25/11/11 10:28:21 INFO DAGScheduler: Job 2 finished: count at <unknown>:0, took 0.230210 s
[2025-11-11T10:28:21.435+0000] {subprocess.py:106} INFO -  Record loaded from CSV: 3970
[2025-11-11T10:28:21.438+0000] {subprocess.py:106} INFO - root
[2025-11-11T10:28:21.439+0000] {subprocess.py:106} INFO -  |-- job_title: string (nullable = true)
[2025-11-11T10:28:21.439+0000] {subprocess.py:106} INFO -  |-- company_name: string (nullable = true)
[2025-11-11T10:28:21.440+0000] {subprocess.py:106} INFO -  |-- location: string (nullable = true)
[2025-11-11T10:28:21.440+0000] {subprocess.py:106} INFO -  |-- skills_required: string (nullable = true)
[2025-11-11T10:28:21.441+0000] {subprocess.py:106} INFO -  |-- date_posted: string (nullable = true)
[2025-11-11T10:28:21.441+0000] {subprocess.py:106} INFO -  |-- job_link: string (nullable = true)
[2025-11-11T10:28:21.442+0000] {subprocess.py:106} INFO -  |-- job_category: string (nullable = true)
[2025-11-11T10:28:21.442+0000] {subprocess.py:106} INFO -  |-- work_mode: string (nullable = true)
[2025-11-11T10:28:21.443+0000] {subprocess.py:106} INFO -  |-- crawl_date: string (nullable = true)
[2025-11-11T10:28:21.443+0000] {subprocess.py:106} INFO -  |-- date_only: string (nullable = true)
[2025-11-11T10:28:21.444+0000] {subprocess.py:106} INFO - 
[2025-11-11T10:28:21.938+0000] {subprocess.py:106} INFO - 25/11/11 10:28:21 INFO HiveConf: Found configuration file null
[2025-11-11T10:28:22.165+0000] {subprocess.py:106} INFO - 25/11/11 10:28:22 INFO metastore: Trying to connect to metastore with URI thrift://hive-metastore:9083
[2025-11-11T10:28:22.197+0000] {subprocess.py:106} INFO - 25/11/11 10:28:22 INFO metastore: Opened a connection to metastore, current connections: 1
[2025-11-11T10:28:22.369+0000] {subprocess.py:106} INFO - 25/11/11 10:28:22 INFO metastore: Connected to metastore.
[2025-11-11T10:28:22.385+0000] {subprocess.py:106} INFO - 25/11/11 10:28:22 INFO BlockManagerInfo: Removed broadcast_2_piece0 on 68d0d8c522fe:34967 in memory (size: 35.1 KiB, free: 434.4 MiB)
[2025-11-11T10:28:22.387+0000] {subprocess.py:106} INFO - 25/11/11 10:28:22 INFO BlockManagerInfo: Removed broadcast_2_piece0 on 172.30.0.7:37713 in memory (size: 35.1 KiB, free: 434.4 MiB)
[2025-11-11T10:28:22.405+0000] {subprocess.py:106} INFO - 25/11/11 10:28:22 INFO BlockManagerInfo: Removed broadcast_4_piece0 on 68d0d8c522fe:34967 in memory (size: 5.9 KiB, free: 434.4 MiB)
[2025-11-11T10:28:22.409+0000] {subprocess.py:106} INFO - 25/11/11 10:28:22 INFO BlockManagerInfo: Removed broadcast_4_piece0 on 172.30.0.7:37713 in memory (size: 5.9 KiB, free: 434.4 MiB)
[2025-11-11T10:28:23.312+0000] {subprocess.py:106} INFO - 25/11/11 10:28:23 INFO BaseMetastoreTableOperations: Refreshing table metadata from new version: hdfs://dinhhoa-master:9000/user/ndh/warehouse/bronze.db/it_jobs_raw/metadata/00012-3c16851c-f721-4660-bb18-7f013a501772.metadata.json
[2025-11-11T10:28:23.840+0000] {subprocess.py:106} INFO - 25/11/11 10:28:23 INFO BaseMetastoreCatalog: Table loaded by catalog: hive_catalog.bronze.it_jobs_raw
[2025-11-11T10:28:24.064+0000] {subprocess.py:106} INFO - 25/11/11 10:28:24 INFO V2ScanRelationPushDown:
[2025-11-11T10:28:24.070+0000] {subprocess.py:106} INFO - Pushing operators to hive_catalog.bronze.it_jobs_raw
[2025-11-11T10:28:24.071+0000] {subprocess.py:106} INFO - Pushed Filters: job_link IS NOT NULL
[2025-11-11T10:28:24.071+0000] {subprocess.py:106} INFO - Post-Scan Filters: isnotnull(job_link#66)
[2025-11-11T10:28:24.071+0000] {subprocess.py:106} INFO - 
[2025-11-11T10:28:24.107+0000] {subprocess.py:106} INFO - 25/11/11 10:28:24 INFO V2ScanRelationPushDown:
[2025-11-11T10:28:24.108+0000] {subprocess.py:106} INFO - Output: job_link#66
[2025-11-11T10:28:24.108+0000] {subprocess.py:106} INFO - 
[2025-11-11T10:28:24.120+0000] {subprocess.py:106} INFO - 25/11/11 10:28:24 INFO SnapshotScan: Scanning table hive_catalog.bronze.it_jobs_raw snapshot 732937228430574695 created at 2025-11-10T14:00:30.908+00:00 with filter job_link IS NOT NULL
[2025-11-11T10:28:24.392+0000] {subprocess.py:106} INFO - 25/11/11 10:28:24 INFO BaseDistributedDataScan: Planning file tasks locally for table hive_catalog.bronze.it_jobs_raw
[2025-11-11T10:28:24.677+0000] {subprocess.py:106} INFO - 25/11/11 10:28:24 INFO SparkPartitioningAwareScan: Reporting UnknownPartitioning with 4 partition(s) for table hive_catalog.bronze.it_jobs_raw
[2025-11-11T10:28:24.731+0000] {subprocess.py:106} INFO - 25/11/11 10:28:24 INFO FileSourceStrategy: Pushed Filters:
[2025-11-11T10:28:24.732+0000] {subprocess.py:106} INFO - 25/11/11 10:28:24 INFO FileSourceStrategy: Post-Scan Filters:
[2025-11-11T10:28:24.746+0000] {subprocess.py:106} INFO - 25/11/11 10:28:24 INFO MemoryStore: Block broadcast_5 stored as values in memory (estimated size 32.0 KiB, free 434.4 MiB)
[2025-11-11T10:28:24.759+0000] {subprocess.py:106} INFO - 25/11/11 10:28:24 INFO MemoryStore: Block broadcast_5_piece0 stored as bytes in memory (estimated size 29.7 KiB, free 434.3 MiB)
[2025-11-11T10:28:24.761+0000] {subprocess.py:106} INFO - 25/11/11 10:28:24 INFO BlockManagerInfo: Added broadcast_5_piece0 in memory on 68d0d8c522fe:34967 (size: 29.7 KiB, free: 434.4 MiB)
[2025-11-11T10:28:24.762+0000] {subprocess.py:106} INFO - 25/11/11 10:28:24 INFO SparkContext: Created broadcast 5 from broadcast at SparkBatch.java:79
[2025-11-11T10:28:24.826+0000] {subprocess.py:106} INFO - 25/11/11 10:28:24 INFO MemoryStore: Block broadcast_6 stored as values in memory (estimated size 32.0 KiB, free 434.3 MiB)
[2025-11-11T10:28:24.839+0000] {subprocess.py:106} INFO - 25/11/11 10:28:24 INFO MemoryStore: Block broadcast_6_piece0 stored as bytes in memory (estimated size 29.7 KiB, free 434.3 MiB)
[2025-11-11T10:28:24.841+0000] {subprocess.py:106} INFO - 25/11/11 10:28:24 INFO BlockManagerInfo: Added broadcast_6_piece0 in memory on 68d0d8c522fe:34967 (size: 29.7 KiB, free: 434.3 MiB)
[2025-11-11T10:28:24.842+0000] {subprocess.py:106} INFO - 25/11/11 10:28:24 INFO SparkContext: Created broadcast 6 from broadcast at SparkBatch.java:79
[2025-11-11T10:28:25.006+0000] {subprocess.py:106} INFO - 25/11/11 10:28:25 INFO CodeGenerator: Code generated in 32.544018 ms
[2025-11-11T10:28:25.050+0000] {subprocess.py:106} INFO - 25/11/11 10:28:25 INFO SparkContext: Starting job: $anonfun$withThreadLocalCaptured$1 at <unknown>:0
[2025-11-11T10:28:25.051+0000] {subprocess.py:106} INFO - 25/11/11 10:28:25 INFO DAGScheduler: Got job 3 ($anonfun$withThreadLocalCaptured$1 at <unknown>:0) with 4 output partitions
[2025-11-11T10:28:25.052+0000] {subprocess.py:106} INFO - 25/11/11 10:28:25 INFO DAGScheduler: Final stage: ResultStage 4 ($anonfun$withThreadLocalCaptured$1 at <unknown>:0)
[2025-11-11T10:28:25.053+0000] {subprocess.py:106} INFO - 25/11/11 10:28:25 INFO DAGScheduler: Parents of final stage: List()
[2025-11-11T10:28:25.053+0000] {subprocess.py:106} INFO - 25/11/11 10:28:25 INFO DAGScheduler: Missing parents: List()
[2025-11-11T10:28:25.054+0000] {subprocess.py:106} INFO - 25/11/11 10:28:25 INFO DAGScheduler: Submitting ResultStage 4 (MapPartitionsRDD[14] at $anonfun$withThreadLocalCaptured$1 at <unknown>:0), which has no missing parents
[2025-11-11T10:28:25.058+0000] {subprocess.py:106} INFO - 25/11/11 10:28:25 INFO MemoryStore: Block broadcast_7 stored as values in memory (estimated size 13.7 KiB, free 434.3 MiB)
[2025-11-11T10:28:25.060+0000] {subprocess.py:106} INFO - 25/11/11 10:28:25 INFO MemoryStore: Block broadcast_7_piece0 stored as bytes in memory (estimated size 5.5 KiB, free 434.3 MiB)
[2025-11-11T10:28:25.062+0000] {subprocess.py:106} INFO - 25/11/11 10:28:25 INFO BlockManagerInfo: Added broadcast_7_piece0 in memory on 68d0d8c522fe:34967 (size: 5.5 KiB, free: 434.3 MiB)
[2025-11-11T10:28:25.063+0000] {subprocess.py:106} INFO - 25/11/11 10:28:25 INFO SparkContext: Created broadcast 7 from broadcast at DAGScheduler.scala:1585
[2025-11-11T10:28:25.064+0000] {subprocess.py:106} INFO - 25/11/11 10:28:25 INFO DAGScheduler: Submitting 4 missing tasks from ResultStage 4 (MapPartitionsRDD[14] at $anonfun$withThreadLocalCaptured$1 at <unknown>:0) (first 15 tasks are for partitions Vector(0, 1, 2, 3))
[2025-11-11T10:28:25.065+0000] {subprocess.py:106} INFO - 25/11/11 10:28:25 INFO TaskSchedulerImpl: Adding task set 4.0 with 4 tasks resource profile 0
[2025-11-11T10:28:25.087+0000] {subprocess.py:106} INFO - 25/11/11 10:28:25 INFO TaskSetManager: Starting task 0.0 in stage 4.0 (TID 3) (172.30.0.7, executor 0, partition 0, ANY, 15762 bytes)
[2025-11-11T10:28:25.422+0000] {subprocess.py:106} INFO - 25/11/11 10:28:25 INFO BlockManagerInfo: Added broadcast_7_piece0 in memory on 172.30.0.7:37713 (size: 5.5 KiB, free: 434.4 MiB)
[2025-11-11T10:28:25.483+0000] {subprocess.py:106} INFO - 25/11/11 10:28:25 INFO BlockManagerInfo: Added broadcast_6_piece0 in memory on 172.30.0.7:37713 (size: 29.7 KiB, free: 434.4 MiB)
[2025-11-11T10:28:27.342+0000] {subprocess.py:106} INFO - 25/11/11 10:28:27 INFO TaskSetManager: Starting task 1.0 in stage 4.0 (TID 4) (172.30.0.7, executor 0, partition 1, ANY, 15761 bytes)
[2025-11-11T10:28:27.344+0000] {subprocess.py:106} INFO - 25/11/11 10:28:27 INFO TaskSetManager: Finished task 0.0 in stage 4.0 (TID 3) in 2277 ms on 172.30.0.7 (executor 0) (1/4)
[2025-11-11T10:28:27.685+0000] {subprocess.py:106} INFO - 25/11/11 10:28:27 INFO TaskSetManager: Starting task 2.0 in stage 4.0 (TID 5) (172.30.0.7, executor 0, partition 2, ANY, 15762 bytes)
[2025-11-11T10:28:27.687+0000] {subprocess.py:106} INFO - 25/11/11 10:28:27 INFO TaskSetManager: Finished task 1.0 in stage 4.0 (TID 4) in 347 ms on 172.30.0.7 (executor 0) (2/4)
[2025-11-11T10:28:28.071+0000] {subprocess.py:106} INFO - 25/11/11 10:28:28 INFO TaskSetManager: Starting task 3.0 in stage 4.0 (TID 6) (172.30.0.7, executor 0, partition 3, ANY, 14331 bytes)
[2025-11-11T10:28:28.073+0000] {subprocess.py:106} INFO - 25/11/11 10:28:28 INFO TaskSetManager: Finished task 2.0 in stage 4.0 (TID 5) in 388 ms on 172.30.0.7 (executor 0) (3/4)
[2025-11-11T10:28:28.188+0000] {subprocess.py:106} INFO - 25/11/11 10:28:28 INFO TaskSetManager: Finished task 3.0 in stage 4.0 (TID 6) in 118 ms on 172.30.0.7 (executor 0) (4/4)
[2025-11-11T10:28:28.194+0000] {subprocess.py:106} INFO - 25/11/11 10:28:28 INFO TaskSchedulerImpl: Removed TaskSet 4.0, whose tasks have all completed, from pool
[2025-11-11T10:28:28.194+0000] {subprocess.py:106} INFO - 25/11/11 10:28:28 INFO DAGScheduler: ResultStage 4 ($anonfun$withThreadLocalCaptured$1 at <unknown>:0) finished in 3.134 s
[2025-11-11T10:28:28.195+0000] {subprocess.py:106} INFO - 25/11/11 10:28:28 INFO DAGScheduler: Job 3 is finished. Cancelling potential speculative or zombie tasks for this job
[2025-11-11T10:28:28.195+0000] {subprocess.py:106} INFO - 25/11/11 10:28:28 INFO TaskSchedulerImpl: Killing all running tasks in stage 4: Stage finished
[2025-11-11T10:28:28.196+0000] {subprocess.py:106} INFO - 25/11/11 10:28:28 INFO DAGScheduler: Job 3 finished: $anonfun$withThreadLocalCaptured$1 at <unknown>:0, took 3.140439 s
[2025-11-11T10:28:28.229+0000] {subprocess.py:106} INFO - 25/11/11 10:28:28 INFO CodeGenerator: Code generated in 11.850928 ms
[2025-11-11T10:28:28.246+0000] {subprocess.py:106} INFO - 25/11/11 10:28:28 INFO BlockManagerInfo: Removed broadcast_7_piece0 on 68d0d8c522fe:34967 in memory (size: 5.5 KiB, free: 434.3 MiB)
[2025-11-11T10:28:28.251+0000] {subprocess.py:106} INFO - 25/11/11 10:28:28 INFO BlockManagerInfo: Removed broadcast_7_piece0 on 172.30.0.7:37713 in memory (size: 5.5 KiB, free: 434.4 MiB)
[2025-11-11T10:28:28.306+0000] {subprocess.py:106} INFO - 25/11/11 10:28:28 INFO MemoryStore: Block broadcast_8_piece0 stored as bytes in memory (estimated size 231.9 KiB, free 434.1 MiB)
[2025-11-11T10:28:28.310+0000] {subprocess.py:106} INFO - 25/11/11 10:28:28 INFO BlockManagerInfo: Added broadcast_8_piece0 in memory on 68d0d8c522fe:34967 (size: 231.9 KiB, free: 434.1 MiB)
[2025-11-11T10:28:28.313+0000] {subprocess.py:106} INFO - 25/11/11 10:28:28 INFO SparkContext: Created broadcast 8 from $anonfun$withThreadLocalCaptured$1 at <unknown>:0
[2025-11-11T10:28:28.324+0000] {subprocess.py:106} INFO - 25/11/11 10:28:28 INFO FileSourceStrategy: Pushed Filters:
[2025-11-11T10:28:28.325+0000] {subprocess.py:106} INFO - 25/11/11 10:28:28 INFO FileSourceStrategy: Post-Scan Filters:
[2025-11-11T10:28:28.364+0000] {subprocess.py:106} INFO - 25/11/11 10:28:28 INFO CodeGenerator: Code generated in 11.739258 ms
[2025-11-11T10:28:28.368+0000] {subprocess.py:106} INFO - 25/11/11 10:28:28 INFO MemoryStore: Block broadcast_9 stored as values in memory (estimated size 203.1 KiB, free 433.9 MiB)
[2025-11-11T10:28:28.385+0000] {subprocess.py:106} INFO - 25/11/11 10:28:28 INFO MemoryStore: Block broadcast_9_piece0 stored as bytes in memory (estimated size 35.1 KiB, free 433.8 MiB)
[2025-11-11T10:28:28.386+0000] {subprocess.py:106} INFO - 25/11/11 10:28:28 INFO BlockManagerInfo: Added broadcast_9_piece0 in memory on 68d0d8c522fe:34967 (size: 35.1 KiB, free: 434.1 MiB)
[2025-11-11T10:28:28.387+0000] {subprocess.py:106} INFO - 25/11/11 10:28:28 INFO SparkContext: Created broadcast 9 from count at <unknown>:0
[2025-11-11T10:28:28.389+0000] {subprocess.py:106} INFO - 25/11/11 10:28:28 INFO FileSourceScanExec: Planning scan with bin packing, max size: 4194304 bytes, open cost is considered as scanning 4194304 bytes.
[2025-11-11T10:28:28.400+0000] {subprocess.py:106} INFO - 25/11/11 10:28:28 INFO DAGScheduler: Registering RDD 18 (count at <unknown>:0) as input to shuffle 1
[2025-11-11T10:28:28.401+0000] {subprocess.py:106} INFO - 25/11/11 10:28:28 INFO DAGScheduler: Got map stage job 4 (count at <unknown>:0) with 1 output partitions
[2025-11-11T10:28:28.401+0000] {subprocess.py:106} INFO - 25/11/11 10:28:28 INFO DAGScheduler: Final stage: ShuffleMapStage 5 (count at <unknown>:0)
[2025-11-11T10:28:28.402+0000] {subprocess.py:106} INFO - 25/11/11 10:28:28 INFO DAGScheduler: Parents of final stage: List()
[2025-11-11T10:28:28.403+0000] {subprocess.py:106} INFO - 25/11/11 10:28:28 INFO DAGScheduler: Missing parents: List()
[2025-11-11T10:28:28.404+0000] {subprocess.py:106} INFO - 25/11/11 10:28:28 INFO DAGScheduler: Submitting ShuffleMapStage 5 (MapPartitionsRDD[18] at count at <unknown>:0), which has no missing parents
[2025-11-11T10:28:28.409+0000] {subprocess.py:106} INFO - 25/11/11 10:28:28 INFO MemoryStore: Block broadcast_10 stored as values in memory (estimated size 20.1 KiB, free 433.8 MiB)
[2025-11-11T10:28:28.411+0000] {subprocess.py:106} INFO - 25/11/11 10:28:28 INFO MemoryStore: Block broadcast_10_piece0 stored as bytes in memory (estimated size 9.7 KiB, free 433.8 MiB)
[2025-11-11T10:28:28.412+0000] {subprocess.py:106} INFO - 25/11/11 10:28:28 INFO BlockManagerInfo: Added broadcast_10_piece0 in memory on 68d0d8c522fe:34967 (size: 9.7 KiB, free: 434.1 MiB)
[2025-11-11T10:28:28.432+0000] {subprocess.py:106} INFO - 25/11/11 10:28:28 INFO SparkContext: Created broadcast 10 from broadcast at DAGScheduler.scala:1585
[2025-11-11T10:28:28.443+0000] {subprocess.py:106} INFO - 25/11/11 10:28:28 INFO DAGScheduler: Submitting 1 missing tasks from ShuffleMapStage 5 (MapPartitionsRDD[18] at count at <unknown>:0) (first 15 tasks are for partitions Vector(0))
[2025-11-11T10:28:28.444+0000] {subprocess.py:106} INFO - 25/11/11 10:28:28 INFO TaskSchedulerImpl: Adding task set 5.0 with 1 tasks resource profile 0
[2025-11-11T10:28:28.446+0000] {subprocess.py:106} INFO - 25/11/11 10:28:28 INFO TaskSetManager: Starting task 0.0 in stage 5.0 (TID 7) (172.30.0.7, executor 0, partition 0, ANY, 9944 bytes)
[2025-11-11T10:28:28.470+0000] {subprocess.py:106} INFO - 25/11/11 10:28:28 INFO BlockManagerInfo: Added broadcast_10_piece0 in memory on 172.30.0.7:37713 (size: 9.7 KiB, free: 434.4 MiB)
[2025-11-11T10:28:28.532+0000] {subprocess.py:106} INFO - 25/11/11 10:28:28 INFO BlockManagerInfo: Added broadcast_8_piece0 in memory on 172.30.0.7:37713 (size: 231.9 KiB, free: 434.1 MiB)
[2025-11-11T10:28:28.754+0000] {subprocess.py:106} INFO - 25/11/11 10:28:28 INFO BlockManagerInfo: Added broadcast_9_piece0 in memory on 172.30.0.7:37713 (size: 35.1 KiB, free: 434.1 MiB)
[2025-11-11T10:28:28.964+0000] {subprocess.py:106} INFO - 25/11/11 10:28:28 INFO TaskSetManager: Finished task 0.0 in stage 5.0 (TID 7) in 520 ms on 172.30.0.7 (executor 0) (1/1)
[2025-11-11T10:28:28.966+0000] {subprocess.py:106} INFO - 25/11/11 10:28:28 INFO TaskSchedulerImpl: Removed TaskSet 5.0, whose tasks have all completed, from pool
[2025-11-11T10:28:28.968+0000] {subprocess.py:106} INFO - 25/11/11 10:28:28 INFO DAGScheduler: ShuffleMapStage 5 (count at <unknown>:0) finished in 0.560 s
[2025-11-11T10:28:28.969+0000] {subprocess.py:106} INFO - 25/11/11 10:28:28 INFO DAGScheduler: looking for newly runnable stages
[2025-11-11T10:28:28.969+0000] {subprocess.py:106} INFO - 25/11/11 10:28:28 INFO DAGScheduler: running: Set()
[2025-11-11T10:28:28.972+0000] {subprocess.py:106} INFO - 25/11/11 10:28:28 INFO DAGScheduler: waiting: Set()
[2025-11-11T10:28:28.973+0000] {subprocess.py:106} INFO - 25/11/11 10:28:28 INFO DAGScheduler: failed: Set()
[2025-11-11T10:28:29.014+0000] {subprocess.py:106} INFO - 25/11/11 10:28:29 INFO CodeGenerator: Code generated in 17.16005 ms
[2025-11-11T10:28:29.035+0000] {subprocess.py:106} INFO - 25/11/11 10:28:29 INFO SparkContext: Starting job: count at <unknown>:0
[2025-11-11T10:28:29.038+0000] {subprocess.py:106} INFO - 25/11/11 10:28:29 INFO DAGScheduler: Got job 5 (count at <unknown>:0) with 1 output partitions
[2025-11-11T10:28:29.040+0000] {subprocess.py:106} INFO - 25/11/11 10:28:29 INFO DAGScheduler: Final stage: ResultStage 7 (count at <unknown>:0)
[2025-11-11T10:28:29.041+0000] {subprocess.py:106} INFO - 25/11/11 10:28:29 INFO DAGScheduler: Parents of final stage: List(ShuffleMapStage 6)
[2025-11-11T10:28:29.041+0000] {subprocess.py:106} INFO - 25/11/11 10:28:29 INFO DAGScheduler: Missing parents: List()
[2025-11-11T10:28:29.042+0000] {subprocess.py:106} INFO - 25/11/11 10:28:29 INFO DAGScheduler: Submitting ResultStage 7 (MapPartitionsRDD[21] at count at <unknown>:0), which has no missing parents
[2025-11-11T10:28:29.048+0000] {subprocess.py:106} INFO - 25/11/11 10:28:29 INFO MemoryStore: Block broadcast_11 stored as values in memory (estimated size 12.5 KiB, free 433.8 MiB)
[2025-11-11T10:28:29.066+0000] {subprocess.py:106} INFO - 25/11/11 10:28:29 INFO MemoryStore: Block broadcast_11_piece0 stored as bytes in memory (estimated size 5.9 KiB, free 433.8 MiB)
[2025-11-11T10:28:29.068+0000] {subprocess.py:106} INFO - 25/11/11 10:28:29 INFO BlockManagerInfo: Added broadcast_11_piece0 in memory on 68d0d8c522fe:34967 (size: 5.9 KiB, free: 434.1 MiB)
[2025-11-11T10:28:29.081+0000] {subprocess.py:106} INFO - 25/11/11 10:28:29 INFO SparkContext: Created broadcast 11 from broadcast at DAGScheduler.scala:1585
[2025-11-11T10:28:29.082+0000] {subprocess.py:106} INFO - 25/11/11 10:28:29 INFO DAGScheduler: Submitting 1 missing tasks from ResultStage 7 (MapPartitionsRDD[21] at count at <unknown>:0) (first 15 tasks are for partitions Vector(0))
[2025-11-11T10:28:29.082+0000] {subprocess.py:106} INFO - 25/11/11 10:28:29 INFO TaskSchedulerImpl: Adding task set 7.0 with 1 tasks resource profile 0
[2025-11-11T10:28:29.084+0000] {subprocess.py:106} INFO - 25/11/11 10:28:29 INFO BlockManagerInfo: Removed broadcast_10_piece0 on 68d0d8c522fe:34967 in memory (size: 9.7 KiB, free: 434.1 MiB)
[2025-11-11T10:28:29.084+0000] {subprocess.py:106} INFO - 25/11/11 10:28:29 INFO TaskSetManager: Starting task 0.0 in stage 7.0 (TID 8) (172.30.0.7, executor 0, partition 0, NODE_LOCAL, 9331 bytes)
[2025-11-11T10:28:29.085+0000] {subprocess.py:106} INFO - 25/11/11 10:28:29 INFO BlockManagerInfo: Removed broadcast_10_piece0 on 172.30.0.7:37713 in memory (size: 9.7 KiB, free: 434.1 MiB)
[2025-11-11T10:28:29.118+0000] {subprocess.py:106} INFO - 25/11/11 10:28:29 INFO BlockManagerInfo: Added broadcast_11_piece0 in memory on 172.30.0.7:37713 (size: 5.9 KiB, free: 434.1 MiB)
[2025-11-11T10:28:29.130+0000] {subprocess.py:106} INFO - 25/11/11 10:28:29 INFO MapOutputTrackerMasterEndpoint: Asked to send map output locations for shuffle 1 to 172.30.0.7:37662
[2025-11-11T10:28:29.174+0000] {subprocess.py:106} INFO - 25/11/11 10:28:29 INFO TaskSetManager: Finished task 0.0 in stage 7.0 (TID 8) in 98 ms on 172.30.0.7 (executor 0) (1/1)
[2025-11-11T10:28:29.178+0000] {subprocess.py:106} INFO - 25/11/11 10:28:29 INFO TaskSchedulerImpl: Removed TaskSet 7.0, whose tasks have all completed, from pool
[2025-11-11T10:28:29.179+0000] {subprocess.py:106} INFO - 25/11/11 10:28:29 INFO DAGScheduler: ResultStage 7 (count at <unknown>:0) finished in 0.134 s
[2025-11-11T10:28:29.180+0000] {subprocess.py:106} INFO - 25/11/11 10:28:29 INFO DAGScheduler: Job 5 is finished. Cancelling potential speculative or zombie tasks for this job
[2025-11-11T10:28:29.181+0000] {subprocess.py:106} INFO - 25/11/11 10:28:29 INFO TaskSchedulerImpl: Killing all running tasks in stage 7: Stage finished
[2025-11-11T10:28:29.181+0000] {subprocess.py:106} INFO - 25/11/11 10:28:29 INFO DAGScheduler: Job 5 finished: count at <unknown>:0, took 0.143451 s
[2025-11-11T10:28:29.185+0000] {subprocess.py:106} INFO -  New records to append: 55
[2025-11-11T10:28:29.225+0000] {subprocess.py:106} INFO - 25/11/11 10:28:29 INFO V2ScanRelationPushDown:
[2025-11-11T10:28:29.226+0000] {subprocess.py:106} INFO - Pushing operators to hive_catalog.bronze.it_jobs_raw
[2025-11-11T10:28:29.227+0000] {subprocess.py:106} INFO - Pushed Filters: job_link IS NOT NULL
[2025-11-11T10:28:29.227+0000] {subprocess.py:106} INFO - Post-Scan Filters: isnotnull(job_link#66)
[2025-11-11T10:28:29.228+0000] {subprocess.py:106} INFO - 
[2025-11-11T10:28:29.228+0000] {subprocess.py:106} INFO - 25/11/11 10:28:29 INFO V2ScanRelationPushDown:
[2025-11-11T10:28:29.231+0000] {subprocess.py:106} INFO - Output: job_link#66
[2025-11-11T10:28:29.232+0000] {subprocess.py:106} INFO - 
[2025-11-11T10:28:29.232+0000] {subprocess.py:106} INFO - 25/11/11 10:28:29 INFO SnapshotScan: Scanning table hive_catalog.bronze.it_jobs_raw snapshot 732937228430574695 created at 2025-11-10T14:00:30.908+00:00 with filter job_link IS NOT NULL
[2025-11-11T10:28:29.233+0000] {subprocess.py:106} INFO - 25/11/11 10:28:29 INFO BaseDistributedDataScan: Planning file tasks locally for table hive_catalog.bronze.it_jobs_raw
[2025-11-11T10:28:29.313+0000] {subprocess.py:106} INFO - 25/11/11 10:28:29 INFO SparkPartitioningAwareScan: Reporting UnknownPartitioning with 4 partition(s) for table hive_catalog.bronze.it_jobs_raw
[2025-11-11T10:28:29.325+0000] {subprocess.py:106} INFO - 25/11/11 10:28:29 INFO FileSourceStrategy: Pushed Filters:
[2025-11-11T10:28:29.326+0000] {subprocess.py:106} INFO - 25/11/11 10:28:29 INFO FileSourceStrategy: Post-Scan Filters:
[2025-11-11T10:28:29.328+0000] {subprocess.py:106} INFO - 25/11/11 10:28:29 INFO MemoryStore: Block broadcast_12 stored as values in memory (estimated size 32.0 KiB, free 433.8 MiB)
[2025-11-11T10:28:29.341+0000] {subprocess.py:106} INFO - 25/11/11 10:28:29 INFO MemoryStore: Block broadcast_12_piece0 stored as bytes in memory (estimated size 29.7 KiB, free 433.7 MiB)
[2025-11-11T10:28:29.342+0000] {subprocess.py:106} INFO - 25/11/11 10:28:29 INFO BlockManagerInfo: Added broadcast_12_piece0 in memory on 68d0d8c522fe:34967 (size: 29.7 KiB, free: 434.0 MiB)
[2025-11-11T10:28:29.343+0000] {subprocess.py:106} INFO - 25/11/11 10:28:29 INFO BlockManagerInfo: Removed broadcast_11_piece0 on 68d0d8c522fe:34967 in memory (size: 5.9 KiB, free: 434.1 MiB)
[2025-11-11T10:28:29.343+0000] {subprocess.py:106} INFO - 25/11/11 10:28:29 INFO SparkContext: Created broadcast 12 from broadcast at SparkBatch.java:79
[2025-11-11T10:28:29.357+0000] {subprocess.py:106} INFO - 25/11/11 10:28:29 INFO BlockManagerInfo: Removed broadcast_11_piece0 on 172.30.0.7:37713 in memory (size: 5.9 KiB, free: 434.1 MiB)
[2025-11-11T10:28:29.389+0000] {subprocess.py:106} INFO - 25/11/11 10:28:29 INFO MemoryStore: Block broadcast_13 stored as values in memory (estimated size 32.0 KiB, free 433.7 MiB)
[2025-11-11T10:28:29.392+0000] {subprocess.py:106} INFO - 25/11/11 10:28:29 INFO MemoryStore: Block broadcast_13_piece0 stored as bytes in memory (estimated size 29.7 KiB, free 433.7 MiB)
[2025-11-11T10:28:29.393+0000] {subprocess.py:106} INFO - 25/11/11 10:28:29 INFO BlockManagerInfo: Added broadcast_13_piece0 in memory on 68d0d8c522fe:34967 (size: 29.7 KiB, free: 434.0 MiB)
[2025-11-11T10:28:29.394+0000] {subprocess.py:106} INFO - 25/11/11 10:28:29 INFO SparkContext: Created broadcast 13 from broadcast at SparkBatch.java:79
[2025-11-11T10:28:29.458+0000] {subprocess.py:106} INFO - 25/11/11 10:28:29 INFO SparkContext: Starting job: $anonfun$withThreadLocalCaptured$1 at <unknown>:0
[2025-11-11T10:28:29.459+0000] {subprocess.py:106} INFO - 25/11/11 10:28:29 INFO DAGScheduler: Got job 6 ($anonfun$withThreadLocalCaptured$1 at <unknown>:0) with 4 output partitions
[2025-11-11T10:28:29.460+0000] {subprocess.py:106} INFO - 25/11/11 10:28:29 INFO DAGScheduler: Final stage: ResultStage 8 ($anonfun$withThreadLocalCaptured$1 at <unknown>:0)
[2025-11-11T10:28:29.461+0000] {subprocess.py:106} INFO - 25/11/11 10:28:29 INFO DAGScheduler: Parents of final stage: List()
[2025-11-11T10:28:29.461+0000] {subprocess.py:106} INFO - 25/11/11 10:28:29 INFO DAGScheduler: Missing parents: List()
[2025-11-11T10:28:29.462+0000] {subprocess.py:106} INFO - 25/11/11 10:28:29 INFO DAGScheduler: Submitting ResultStage 8 (MapPartitionsRDD[25] at $anonfun$withThreadLocalCaptured$1 at <unknown>:0), which has no missing parents
[2025-11-11T10:28:29.466+0000] {subprocess.py:106} INFO - 25/11/11 10:28:29 INFO MemoryStore: Block broadcast_14 stored as values in memory (estimated size 13.7 KiB, free 433.7 MiB)
[2025-11-11T10:28:29.480+0000] {subprocess.py:106} INFO - 25/11/11 10:28:29 INFO MemoryStore: Block broadcast_14_piece0 stored as bytes in memory (estimated size 5.5 KiB, free 433.7 MiB)
[2025-11-11T10:28:29.481+0000] {subprocess.py:106} INFO - 25/11/11 10:28:29 INFO BlockManagerInfo: Added broadcast_14_piece0 in memory on 68d0d8c522fe:34967 (size: 5.5 KiB, free: 434.0 MiB)
[2025-11-11T10:28:29.483+0000] {subprocess.py:106} INFO - 25/11/11 10:28:29 INFO SparkContext: Created broadcast 14 from broadcast at DAGScheduler.scala:1585
[2025-11-11T10:28:29.484+0000] {subprocess.py:106} INFO - 25/11/11 10:28:29 INFO DAGScheduler: Submitting 4 missing tasks from ResultStage 8 (MapPartitionsRDD[25] at $anonfun$withThreadLocalCaptured$1 at <unknown>:0) (first 15 tasks are for partitions Vector(0, 1, 2, 3))
[2025-11-11T10:28:29.485+0000] {subprocess.py:106} INFO - 25/11/11 10:28:29 INFO TaskSchedulerImpl: Adding task set 8.0 with 4 tasks resource profile 0
[2025-11-11T10:28:29.488+0000] {subprocess.py:106} INFO - 25/11/11 10:28:29 INFO BlockManagerInfo: Removed broadcast_6_piece0 on 68d0d8c522fe:34967 in memory (size: 29.7 KiB, free: 434.0 MiB)
[2025-11-11T10:28:29.490+0000] {subprocess.py:106} INFO - 25/11/11 10:28:29 INFO BlockManagerInfo: Removed broadcast_6_piece0 on 172.30.0.7:37713 in memory (size: 29.7 KiB, free: 434.1 MiB)
[2025-11-11T10:28:29.493+0000] {subprocess.py:106} INFO - 25/11/11 10:28:29 INFO TaskSetManager: Starting task 0.0 in stage 8.0 (TID 9) (172.30.0.7, executor 0, partition 0, ANY, 15762 bytes)
[2025-11-11T10:28:29.502+0000] {subprocess.py:106} INFO - 25/11/11 10:28:29 INFO BlockManagerInfo: Removed broadcast_8_piece0 on 68d0d8c522fe:34967 in memory (size: 231.9 KiB, free: 434.3 MiB)
[2025-11-11T10:28:29.504+0000] {subprocess.py:106} INFO - 25/11/11 10:28:29 INFO BlockManagerInfo: Removed broadcast_8_piece0 on 172.30.0.7:37713 in memory (size: 231.9 KiB, free: 434.4 MiB)
[2025-11-11T10:28:29.510+0000] {subprocess.py:106} INFO - 25/11/11 10:28:29 INFO BlockManagerInfo: Added broadcast_14_piece0 in memory on 172.30.0.7:37713 (size: 5.5 KiB, free: 434.4 MiB)
[2025-11-11T10:28:29.516+0000] {subprocess.py:106} INFO - 25/11/11 10:28:29 INFO BlockManagerInfo: Removed broadcast_9_piece0 on 68d0d8c522fe:34967 in memory (size: 35.1 KiB, free: 434.3 MiB)
[2025-11-11T10:28:29.518+0000] {subprocess.py:106} INFO - 25/11/11 10:28:29 INFO BlockManagerInfo: Removed broadcast_9_piece0 on 172.30.0.7:37713 in memory (size: 35.1 KiB, free: 434.4 MiB)
[2025-11-11T10:28:29.538+0000] {subprocess.py:106} INFO - 25/11/11 10:28:29 INFO BlockManagerInfo: Removed broadcast_5_piece0 on 68d0d8c522fe:34967 in memory (size: 29.7 KiB, free: 434.3 MiB)
[2025-11-11T10:28:29.545+0000] {subprocess.py:106} INFO - 25/11/11 10:28:29 INFO BlockManagerInfo: Added broadcast_13_piece0 in memory on 172.30.0.7:37713 (size: 29.7 KiB, free: 434.4 MiB)
[2025-11-11T10:28:29.751+0000] {subprocess.py:106} INFO - 25/11/11 10:28:29 INFO TaskSetManager: Starting task 1.0 in stage 8.0 (TID 10) (172.30.0.7, executor 0, partition 1, ANY, 15761 bytes)
[2025-11-11T10:28:29.754+0000] {subprocess.py:106} INFO - 25/11/11 10:28:29 INFO TaskSetManager: Finished task 0.0 in stage 8.0 (TID 9) in 267 ms on 172.30.0.7 (executor 0) (1/4)
[2025-11-11T10:28:30.015+0000] {subprocess.py:106} INFO - 25/11/11 10:28:30 INFO TaskSetManager: Starting task 2.0 in stage 8.0 (TID 11) (172.30.0.7, executor 0, partition 2, ANY, 15762 bytes)
[2025-11-11T10:28:30.017+0000] {subprocess.py:106} INFO - 25/11/11 10:28:30 INFO TaskSetManager: Finished task 1.0 in stage 8.0 (TID 10) in 267 ms on 172.30.0.7 (executor 0) (2/4)
[2025-11-11T10:28:30.228+0000] {subprocess.py:106} INFO - 25/11/11 10:28:30 INFO TaskSetManager: Starting task 3.0 in stage 8.0 (TID 12) (172.30.0.7, executor 0, partition 3, ANY, 14331 bytes)
[2025-11-11T10:28:30.230+0000] {subprocess.py:106} INFO - 25/11/11 10:28:30 INFO TaskSetManager: Finished task 2.0 in stage 8.0 (TID 11) in 215 ms on 172.30.0.7 (executor 0) (3/4)
[2025-11-11T10:28:30.295+0000] {subprocess.py:106} INFO - 25/11/11 10:28:30 INFO TaskSetManager: Finished task 3.0 in stage 8.0 (TID 12) in 68 ms on 172.30.0.7 (executor 0) (4/4)
[2025-11-11T10:28:30.296+0000] {subprocess.py:106} INFO - 25/11/11 10:28:30 INFO TaskSchedulerImpl: Removed TaskSet 8.0, whose tasks have all completed, from pool
[2025-11-11T10:28:30.297+0000] {subprocess.py:106} INFO - 25/11/11 10:28:30 INFO DAGScheduler: ResultStage 8 ($anonfun$withThreadLocalCaptured$1 at <unknown>:0) finished in 0.832 s
[2025-11-11T10:28:30.297+0000] {subprocess.py:106} INFO - 25/11/11 10:28:30 INFO DAGScheduler: Job 6 is finished. Cancelling potential speculative or zombie tasks for this job
[2025-11-11T10:28:30.297+0000] {subprocess.py:106} INFO - 25/11/11 10:28:30 INFO TaskSchedulerImpl: Killing all running tasks in stage 8: Stage finished
[2025-11-11T10:28:30.298+0000] {subprocess.py:106} INFO - 25/11/11 10:28:30 INFO DAGScheduler: Job 6 finished: $anonfun$withThreadLocalCaptured$1 at <unknown>:0, took 0.838748 s
[2025-11-11T10:28:30.311+0000] {subprocess.py:106} INFO - 25/11/11 10:28:30 INFO BlockManagerInfo: Removed broadcast_14_piece0 on 68d0d8c522fe:34967 in memory (size: 5.5 KiB, free: 434.3 MiB)
[2025-11-11T10:28:30.316+0000] {subprocess.py:106} INFO - 25/11/11 10:28:30 INFO BlockManagerInfo: Removed broadcast_14_piece0 on 172.30.0.7:37713 in memory (size: 5.5 KiB, free: 434.4 MiB)
[2025-11-11T10:28:30.325+0000] {subprocess.py:106} INFO - 25/11/11 10:28:30 INFO MemoryStore: Block broadcast_15_piece0 stored as bytes in memory (estimated size 231.9 KiB, free 434.1 MiB)
[2025-11-11T10:28:30.326+0000] {subprocess.py:106} INFO - 25/11/11 10:28:30 INFO BlockManagerInfo: Added broadcast_15_piece0 in memory on 68d0d8c522fe:34967 (size: 231.9 KiB, free: 434.1 MiB)
[2025-11-11T10:28:30.326+0000] {subprocess.py:106} INFO - 25/11/11 10:28:30 INFO SparkContext: Created broadcast 15 from $anonfun$withThreadLocalCaptured$1 at <unknown>:0
[2025-11-11T10:28:30.333+0000] {subprocess.py:106} INFO - 25/11/11 10:28:30 INFO FileSourceStrategy: Pushed Filters:
[2025-11-11T10:28:30.334+0000] {subprocess.py:106} INFO - 25/11/11 10:28:30 INFO FileSourceStrategy: Post-Scan Filters:
[2025-11-11T10:28:30.367+0000] {subprocess.py:106} INFO - 25/11/11 10:28:30 INFO MemoryStore: Block broadcast_16 stored as values in memory (estimated size 203.1 KiB, free 433.9 MiB)
[2025-11-11T10:28:30.379+0000] {subprocess.py:106} INFO - 25/11/11 10:28:30 INFO MemoryStore: Block broadcast_16_piece0 stored as bytes in memory (estimated size 35.1 KiB, free 433.8 MiB)
[2025-11-11T10:28:30.380+0000] {subprocess.py:106} INFO - 25/11/11 10:28:30 INFO BlockManagerInfo: Added broadcast_16_piece0 in memory on 68d0d8c522fe:34967 (size: 35.1 KiB, free: 434.1 MiB)
[2025-11-11T10:28:30.381+0000] {subprocess.py:106} INFO - 25/11/11 10:28:30 INFO SparkContext: Created broadcast 16 from count at <unknown>:0
[2025-11-11T10:28:30.383+0000] {subprocess.py:106} INFO - 25/11/11 10:28:30 INFO FileSourceScanExec: Planning scan with bin packing, max size: 4194304 bytes, open cost is considered as scanning 4194304 bytes.
[2025-11-11T10:28:30.389+0000] {subprocess.py:106} INFO - 25/11/11 10:28:30 INFO DAGScheduler: Registering RDD 29 (count at <unknown>:0) as input to shuffle 2
[2025-11-11T10:28:30.390+0000] {subprocess.py:106} INFO - 25/11/11 10:28:30 INFO DAGScheduler: Got map stage job 7 (count at <unknown>:0) with 1 output partitions
[2025-11-11T10:28:30.390+0000] {subprocess.py:106} INFO - 25/11/11 10:28:30 INFO DAGScheduler: Final stage: ShuffleMapStage 9 (count at <unknown>:0)
[2025-11-11T10:28:30.391+0000] {subprocess.py:106} INFO - 25/11/11 10:28:30 INFO DAGScheduler: Parents of final stage: List()
[2025-11-11T10:28:30.392+0000] {subprocess.py:106} INFO - 25/11/11 10:28:30 INFO DAGScheduler: Missing parents: List()
[2025-11-11T10:28:30.392+0000] {subprocess.py:106} INFO - 25/11/11 10:28:30 INFO DAGScheduler: Submitting ShuffleMapStage 9 (MapPartitionsRDD[29] at count at <unknown>:0), which has no missing parents
[2025-11-11T10:28:30.397+0000] {subprocess.py:106} INFO - 25/11/11 10:28:30 INFO MemoryStore: Block broadcast_17 stored as values in memory (estimated size 20.1 KiB, free 433.8 MiB)
[2025-11-11T10:28:30.409+0000] {subprocess.py:106} INFO - 25/11/11 10:28:30 INFO MemoryStore: Block broadcast_17_piece0 stored as bytes in memory (estimated size 9.7 KiB, free 433.8 MiB)
[2025-11-11T10:28:30.414+0000] {subprocess.py:106} INFO - 25/11/11 10:28:30 INFO BlockManagerInfo: Added broadcast_17_piece0 in memory on 68d0d8c522fe:34967 (size: 9.7 KiB, free: 434.1 MiB)
[2025-11-11T10:28:30.415+0000] {subprocess.py:106} INFO - 25/11/11 10:28:30 INFO SparkContext: Created broadcast 17 from broadcast at DAGScheduler.scala:1585
[2025-11-11T10:28:30.415+0000] {subprocess.py:106} INFO - 25/11/11 10:28:30 INFO DAGScheduler: Submitting 1 missing tasks from ShuffleMapStage 9 (MapPartitionsRDD[29] at count at <unknown>:0) (first 15 tasks are for partitions Vector(0))
[2025-11-11T10:28:30.416+0000] {subprocess.py:106} INFO - 25/11/11 10:28:30 INFO TaskSchedulerImpl: Adding task set 9.0 with 1 tasks resource profile 0
[2025-11-11T10:28:30.416+0000] {subprocess.py:106} INFO - 25/11/11 10:28:30 INFO TaskSetManager: Starting task 0.0 in stage 9.0 (TID 13) (172.30.0.7, executor 0, partition 0, ANY, 9944 bytes)
[2025-11-11T10:28:30.432+0000] {subprocess.py:106} INFO - 25/11/11 10:28:30 INFO BlockManagerInfo: Added broadcast_17_piece0 in memory on 172.30.0.7:37713 (size: 9.7 KiB, free: 434.4 MiB)
[2025-11-11T10:28:30.458+0000] {subprocess.py:106} INFO - 25/11/11 10:28:30 INFO BlockManagerInfo: Added broadcast_15_piece0 in memory on 172.30.0.7:37713 (size: 231.9 KiB, free: 434.1 MiB)
[2025-11-11T10:28:30.500+0000] {subprocess.py:106} INFO - 25/11/11 10:28:30 INFO BlockManagerInfo: Added broadcast_16_piece0 in memory on 172.30.0.7:37713 (size: 35.1 KiB, free: 434.1 MiB)
[2025-11-11T10:28:30.570+0000] {subprocess.py:106} INFO - 25/11/11 10:28:30 INFO TaskSetManager: Finished task 0.0 in stage 9.0 (TID 13) in 156 ms on 172.30.0.7 (executor 0) (1/1)
[2025-11-11T10:28:30.571+0000] {subprocess.py:106} INFO - 25/11/11 10:28:30 INFO TaskSchedulerImpl: Removed TaskSet 9.0, whose tasks have all completed, from pool
[2025-11-11T10:28:30.572+0000] {subprocess.py:106} INFO - 25/11/11 10:28:30 INFO DAGScheduler: ShuffleMapStage 9 (count at <unknown>:0) finished in 0.176 s
[2025-11-11T10:28:30.572+0000] {subprocess.py:106} INFO - 25/11/11 10:28:30 INFO DAGScheduler: looking for newly runnable stages
[2025-11-11T10:28:30.573+0000] {subprocess.py:106} INFO - 25/11/11 10:28:30 INFO DAGScheduler: running: Set()
[2025-11-11T10:28:30.573+0000] {subprocess.py:106} INFO - 25/11/11 10:28:30 INFO DAGScheduler: waiting: Set()
[2025-11-11T10:28:30.574+0000] {subprocess.py:106} INFO - 25/11/11 10:28:30 INFO DAGScheduler: failed: Set()
[2025-11-11T10:28:30.594+0000] {subprocess.py:106} INFO - 25/11/11 10:28:30 INFO SparkContext: Starting job: count at <unknown>:0
[2025-11-11T10:28:30.595+0000] {subprocess.py:106} INFO - 25/11/11 10:28:30 INFO DAGScheduler: Got job 8 (count at <unknown>:0) with 1 output partitions
[2025-11-11T10:28:30.598+0000] {subprocess.py:106} INFO - 25/11/11 10:28:30 INFO DAGScheduler: Final stage: ResultStage 11 (count at <unknown>:0)
[2025-11-11T10:28:30.599+0000] {subprocess.py:106} INFO - 25/11/11 10:28:30 INFO DAGScheduler: Parents of final stage: List(ShuffleMapStage 10)
[2025-11-11T10:28:30.599+0000] {subprocess.py:106} INFO - 25/11/11 10:28:30 INFO DAGScheduler: Missing parents: List()
[2025-11-11T10:28:30.601+0000] {subprocess.py:106} INFO - 25/11/11 10:28:30 INFO DAGScheduler: Submitting ResultStage 11 (MapPartitionsRDD[32] at count at <unknown>:0), which has no missing parents
[2025-11-11T10:28:30.602+0000] {subprocess.py:106} INFO - 25/11/11 10:28:30 INFO MemoryStore: Block broadcast_18 stored as values in memory (estimated size 12.5 KiB, free 433.8 MiB)
[2025-11-11T10:28:30.613+0000] {subprocess.py:106} INFO - 25/11/11 10:28:30 INFO MemoryStore: Block broadcast_18_piece0 stored as bytes in memory (estimated size 5.9 KiB, free 433.8 MiB)
[2025-11-11T10:28:30.617+0000] {subprocess.py:106} INFO - 25/11/11 10:28:30 INFO BlockManagerInfo: Added broadcast_18_piece0 in memory on 68d0d8c522fe:34967 (size: 5.9 KiB, free: 434.1 MiB)
[2025-11-11T10:28:30.618+0000] {subprocess.py:106} INFO - 25/11/11 10:28:30 INFO BlockManagerInfo: Removed broadcast_17_piece0 on 68d0d8c522fe:34967 in memory (size: 9.7 KiB, free: 434.1 MiB)
[2025-11-11T10:28:30.621+0000] {subprocess.py:106} INFO - 25/11/11 10:28:30 INFO BlockManagerInfo: Removed broadcast_17_piece0 on 172.30.0.7:37713 in memory (size: 9.7 KiB, free: 434.1 MiB)
[2025-11-11T10:28:30.623+0000] {subprocess.py:106} INFO - 25/11/11 10:28:30 INFO SparkContext: Created broadcast 18 from broadcast at DAGScheduler.scala:1585
[2025-11-11T10:28:30.624+0000] {subprocess.py:106} INFO - 25/11/11 10:28:30 INFO DAGScheduler: Submitting 1 missing tasks from ResultStage 11 (MapPartitionsRDD[32] at count at <unknown>:0) (first 15 tasks are for partitions Vector(0))
[2025-11-11T10:28:30.625+0000] {subprocess.py:106} INFO - 25/11/11 10:28:30 INFO TaskSchedulerImpl: Adding task set 11.0 with 1 tasks resource profile 0
[2025-11-11T10:28:30.626+0000] {subprocess.py:106} INFO - 25/11/11 10:28:30 INFO TaskSetManager: Starting task 0.0 in stage 11.0 (TID 14) (172.30.0.7, executor 0, partition 0, NODE_LOCAL, 9331 bytes)
[2025-11-11T10:28:30.669+0000] {subprocess.py:106} INFO - 25/11/11 10:28:30 INFO BlockManagerInfo: Added broadcast_18_piece0 in memory on 172.30.0.7:37713 (size: 5.9 KiB, free: 434.1 MiB)
[2025-11-11T10:28:30.684+0000] {subprocess.py:106} INFO - 25/11/11 10:28:30 INFO MapOutputTrackerMasterEndpoint: Asked to send map output locations for shuffle 2 to 172.30.0.7:37662
[2025-11-11T10:28:30.715+0000] {subprocess.py:106} INFO - 25/11/11 10:28:30 INFO TaskSetManager: Finished task 0.0 in stage 11.0 (TID 14) in 89 ms on 172.30.0.7 (executor 0) (1/1)
[2025-11-11T10:28:30.718+0000] {subprocess.py:106} INFO - 25/11/11 10:28:30 INFO TaskSchedulerImpl: Removed TaskSet 11.0, whose tasks have all completed, from pool
[2025-11-11T10:28:30.719+0000] {subprocess.py:106} INFO - 25/11/11 10:28:30 INFO DAGScheduler: ResultStage 11 (count at <unknown>:0) finished in 0.117 s
[2025-11-11T10:28:30.722+0000] {subprocess.py:106} INFO - 25/11/11 10:28:30 INFO DAGScheduler: Job 8 is finished. Cancelling potential speculative or zombie tasks for this job
[2025-11-11T10:28:30.723+0000] {subprocess.py:106} INFO - 25/11/11 10:28:30 INFO TaskSchedulerImpl: Killing all running tasks in stage 11: Stage finished
[2025-11-11T10:28:30.723+0000] {subprocess.py:106} INFO - 25/11/11 10:28:30 INFO DAGScheduler: Job 8 finished: count at <unknown>:0, took 0.122258 s
[2025-11-11T10:28:30.812+0000] {subprocess.py:106} INFO - 25/11/11 10:28:30 INFO V2ScanRelationPushDown:
[2025-11-11T10:28:30.813+0000] {subprocess.py:106} INFO - Pushing operators to hive_catalog.bronze.it_jobs_raw
[2025-11-11T10:28:30.814+0000] {subprocess.py:106} INFO - Pushed Filters: job_link IS NOT NULL
[2025-11-11T10:28:30.815+0000] {subprocess.py:106} INFO - Post-Scan Filters: isnotnull(job_link#66)
[2025-11-11T10:28:30.815+0000] {subprocess.py:106} INFO - 
[2025-11-11T10:28:30.816+0000] {subprocess.py:106} INFO - 25/11/11 10:28:30 INFO V2ScanRelationPushDown:
[2025-11-11T10:28:30.818+0000] {subprocess.py:106} INFO - Output: job_link#66
[2025-11-11T10:28:30.820+0000] {subprocess.py:106} INFO - 
[2025-11-11T10:28:30.822+0000] {subprocess.py:106} INFO - 25/11/11 10:28:30 INFO SnapshotScan: Scanning table hive_catalog.bronze.it_jobs_raw snapshot 732937228430574695 created at 2025-11-10T14:00:30.908+00:00 with filter job_link IS NOT NULL
[2025-11-11T10:28:30.823+0000] {subprocess.py:106} INFO - 25/11/11 10:28:30 INFO BaseDistributedDataScan: Planning file tasks locally for table hive_catalog.bronze.it_jobs_raw
[2025-11-11T10:28:30.921+0000] {subprocess.py:106} INFO - 25/11/11 10:28:30 INFO SparkPartitioningAwareScan: Reporting UnknownPartitioning with 4 partition(s) for table hive_catalog.bronze.it_jobs_raw
[2025-11-11T10:28:30.953+0000] {subprocess.py:106} INFO - 25/11/11 10:28:30 INFO SparkWrite: Requesting 0 bytes advisory partition size for table hive_catalog.bronze.it_jobs_raw
[2025-11-11T10:28:30.954+0000] {subprocess.py:106} INFO - 25/11/11 10:28:30 INFO SparkWrite: Requesting UnspecifiedDistribution as write distribution for table hive_catalog.bronze.it_jobs_raw
[2025-11-11T10:28:30.955+0000] {subprocess.py:106} INFO - 25/11/11 10:28:30 INFO SparkWrite: Requesting [] as write ordering for table hive_catalog.bronze.it_jobs_raw
[2025-11-11T10:28:30.970+0000] {subprocess.py:106} INFO - 25/11/11 10:28:30 INFO FileSourceStrategy: Pushed Filters:
[2025-11-11T10:28:30.971+0000] {subprocess.py:106} INFO - 25/11/11 10:28:30 INFO FileSourceStrategy: Post-Scan Filters:
[2025-11-11T10:28:30.973+0000] {subprocess.py:106} INFO - 25/11/11 10:28:30 INFO MemoryStore: Block broadcast_19 stored as values in memory (estimated size 32.0 KiB, free 433.8 MiB)
[2025-11-11T10:28:30.984+0000] {subprocess.py:106} INFO - 25/11/11 10:28:30 INFO MemoryStore: Block broadcast_19_piece0 stored as bytes in memory (estimated size 29.7 KiB, free 433.7 MiB)
[2025-11-11T10:28:30.985+0000] {subprocess.py:106} INFO - 25/11/11 10:28:30 INFO BlockManagerInfo: Added broadcast_19_piece0 in memory on 68d0d8c522fe:34967 (size: 29.7 KiB, free: 434.0 MiB)
[2025-11-11T10:28:30.987+0000] {subprocess.py:106} INFO - 25/11/11 10:28:30 INFO SparkContext: Created broadcast 19 from broadcast at SparkBatch.java:79
[2025-11-11T10:28:30.990+0000] {subprocess.py:106} INFO - 25/11/11 10:28:30 INFO BlockManagerInfo: Removed broadcast_18_piece0 on 68d0d8c522fe:34967 in memory (size: 5.9 KiB, free: 434.1 MiB)
[2025-11-11T10:28:30.991+0000] {subprocess.py:106} INFO - 25/11/11 10:28:30 INFO BlockManagerInfo: Removed broadcast_18_piece0 on 172.30.0.7:37713 in memory (size: 5.9 KiB, free: 434.1 MiB)
[2025-11-11T10:28:31.035+0000] {subprocess.py:106} INFO - 25/11/11 10:28:31 INFO MemoryStore: Block broadcast_20 stored as values in memory (estimated size 32.0 KiB, free 433.7 MiB)
[2025-11-11T10:28:31.038+0000] {subprocess.py:106} INFO - 25/11/11 10:28:31 INFO MemoryStore: Block broadcast_20_piece0 stored as bytes in memory (estimated size 29.7 KiB, free 433.7 MiB)
[2025-11-11T10:28:31.039+0000] {subprocess.py:106} INFO - 25/11/11 10:28:31 INFO BlockManagerInfo: Added broadcast_20_piece0 in memory on 68d0d8c522fe:34967 (size: 29.7 KiB, free: 434.0 MiB)
[2025-11-11T10:28:31.040+0000] {subprocess.py:106} INFO - 25/11/11 10:28:31 INFO SparkContext: Created broadcast 20 from broadcast at SparkBatch.java:79
[2025-11-11T10:28:31.098+0000] {subprocess.py:106} INFO - 25/11/11 10:28:31 INFO SparkContext: Starting job: $anonfun$withThreadLocalCaptured$1 at <unknown>:0
[2025-11-11T10:28:31.099+0000] {subprocess.py:106} INFO - 25/11/11 10:28:31 INFO DAGScheduler: Got job 9 ($anonfun$withThreadLocalCaptured$1 at <unknown>:0) with 4 output partitions
[2025-11-11T10:28:31.100+0000] {subprocess.py:106} INFO - 25/11/11 10:28:31 INFO DAGScheduler: Final stage: ResultStage 12 ($anonfun$withThreadLocalCaptured$1 at <unknown>:0)
[2025-11-11T10:28:31.101+0000] {subprocess.py:106} INFO - 25/11/11 10:28:31 INFO DAGScheduler: Parents of final stage: List()
[2025-11-11T10:28:31.101+0000] {subprocess.py:106} INFO - 25/11/11 10:28:31 INFO DAGScheduler: Missing parents: List()
[2025-11-11T10:28:31.101+0000] {subprocess.py:106} INFO - 25/11/11 10:28:31 INFO DAGScheduler: Submitting ResultStage 12 (MapPartitionsRDD[36] at $anonfun$withThreadLocalCaptured$1 at <unknown>:0), which has no missing parents
[2025-11-11T10:28:31.104+0000] {subprocess.py:106} INFO - 25/11/11 10:28:31 INFO MemoryStore: Block broadcast_21 stored as values in memory (estimated size 13.7 KiB, free 433.7 MiB)
[2025-11-11T10:28:31.115+0000] {subprocess.py:106} INFO - 25/11/11 10:28:31 INFO MemoryStore: Block broadcast_21_piece0 stored as bytes in memory (estimated size 5.5 KiB, free 433.7 MiB)
[2025-11-11T10:28:31.116+0000] {subprocess.py:106} INFO - 25/11/11 10:28:31 INFO BlockManagerInfo: Added broadcast_21_piece0 in memory on 68d0d8c522fe:34967 (size: 5.5 KiB, free: 434.0 MiB)
[2025-11-11T10:28:31.121+0000] {subprocess.py:106} INFO - 25/11/11 10:28:31 INFO BlockManagerInfo: Removed broadcast_12_piece0 on 68d0d8c522fe:34967 in memory (size: 29.7 KiB, free: 434.0 MiB)
[2025-11-11T10:28:31.122+0000] {subprocess.py:106} INFO - 25/11/11 10:28:31 INFO SparkContext: Created broadcast 21 from broadcast at DAGScheduler.scala:1585
[2025-11-11T10:28:31.122+0000] {subprocess.py:106} INFO - 25/11/11 10:28:31 INFO DAGScheduler: Submitting 4 missing tasks from ResultStage 12 (MapPartitionsRDD[36] at $anonfun$withThreadLocalCaptured$1 at <unknown>:0) (first 15 tasks are for partitions Vector(0, 1, 2, 3))
[2025-11-11T10:28:31.123+0000] {subprocess.py:106} INFO - 25/11/11 10:28:31 INFO TaskSchedulerImpl: Adding task set 12.0 with 4 tasks resource profile 0
[2025-11-11T10:28:31.126+0000] {subprocess.py:106} INFO - 25/11/11 10:28:31 INFO TaskSetManager: Starting task 0.0 in stage 12.0 (TID 15) (172.30.0.7, executor 0, partition 0, ANY, 15762 bytes)
[2025-11-11T10:28:31.139+0000] {subprocess.py:106} INFO - 25/11/11 10:28:31 INFO BlockManagerInfo: Removed broadcast_13_piece0 on 68d0d8c522fe:34967 in memory (size: 29.7 KiB, free: 434.1 MiB)
[2025-11-11T10:28:31.146+0000] {subprocess.py:106} INFO - 25/11/11 10:28:31 INFO BlockManagerInfo: Removed broadcast_13_piece0 on 172.30.0.7:37713 in memory (size: 29.7 KiB, free: 434.1 MiB)
[2025-11-11T10:28:31.153+0000] {subprocess.py:106} INFO - 25/11/11 10:28:31 INFO BlockManagerInfo: Added broadcast_21_piece0 in memory on 172.30.0.7:37713 (size: 5.5 KiB, free: 434.1 MiB)
[2025-11-11T10:28:31.177+0000] {subprocess.py:106} INFO - 25/11/11 10:28:31 INFO BlockManagerInfo: Removed broadcast_16_piece0 on 68d0d8c522fe:34967 in memory (size: 35.1 KiB, free: 434.1 MiB)
[2025-11-11T10:28:31.180+0000] {subprocess.py:106} INFO - 25/11/11 10:28:31 INFO BlockManagerInfo: Removed broadcast_16_piece0 on 172.30.0.7:37713 in memory (size: 35.1 KiB, free: 434.2 MiB)
[2025-11-11T10:28:31.192+0000] {subprocess.py:106} INFO - 25/11/11 10:28:31 INFO BlockManagerInfo: Added broadcast_20_piece0 in memory on 172.30.0.7:37713 (size: 29.7 KiB, free: 434.1 MiB)
[2025-11-11T10:28:31.193+0000] {subprocess.py:106} INFO - 25/11/11 10:28:31 INFO BlockManagerInfo: Removed broadcast_15_piece0 on 68d0d8c522fe:34967 in memory (size: 231.9 KiB, free: 434.3 MiB)
[2025-11-11T10:28:31.200+0000] {subprocess.py:106} INFO - 25/11/11 10:28:31 INFO BlockManagerInfo: Removed broadcast_15_piece0 on 172.30.0.7:37713 in memory (size: 231.9 KiB, free: 434.4 MiB)
[2025-11-11T10:28:31.465+0000] {subprocess.py:106} INFO - 25/11/11 10:28:31 INFO TaskSetManager: Starting task 1.0 in stage 12.0 (TID 16) (172.30.0.7, executor 0, partition 1, ANY, 15761 bytes)
[2025-11-11T10:28:31.467+0000] {subprocess.py:106} INFO - 25/11/11 10:28:31 INFO TaskSetManager: Finished task 0.0 in stage 12.0 (TID 15) in 344 ms on 172.30.0.7 (executor 0) (1/4)
[2025-11-11T10:28:31.699+0000] {subprocess.py:106} INFO - 25/11/11 10:28:31 INFO TaskSetManager: Starting task 2.0 in stage 12.0 (TID 17) (172.30.0.7, executor 0, partition 2, ANY, 15762 bytes)
[2025-11-11T10:28:31.700+0000] {subprocess.py:106} INFO - 25/11/11 10:28:31 INFO TaskSetManager: Finished task 1.0 in stage 12.0 (TID 16) in 238 ms on 172.30.0.7 (executor 0) (2/4)
[2025-11-11T10:28:31.932+0000] {subprocess.py:106} INFO - 25/11/11 10:28:31 INFO TaskSetManager: Starting task 3.0 in stage 12.0 (TID 18) (172.30.0.7, executor 0, partition 3, ANY, 14331 bytes)
[2025-11-11T10:28:31.933+0000] {subprocess.py:106} INFO - 25/11/11 10:28:31 INFO TaskSetManager: Finished task 2.0 in stage 12.0 (TID 17) in 238 ms on 172.30.0.7 (executor 0) (3/4)
[2025-11-11T10:28:31.998+0000] {subprocess.py:106} INFO - 25/11/11 10:28:31 INFO TaskSetManager: Finished task 3.0 in stage 12.0 (TID 18) in 67 ms on 172.30.0.7 (executor 0) (4/4)
[2025-11-11T10:28:31.999+0000] {subprocess.py:106} INFO - 25/11/11 10:28:31 INFO TaskSchedulerImpl: Removed TaskSet 12.0, whose tasks have all completed, from pool
[2025-11-11T10:28:32.000+0000] {subprocess.py:106} INFO - 25/11/11 10:28:31 INFO DAGScheduler: ResultStage 12 ($anonfun$withThreadLocalCaptured$1 at <unknown>:0) finished in 0.897 s
[2025-11-11T10:28:32.001+0000] {subprocess.py:106} INFO - 25/11/11 10:28:31 INFO DAGScheduler: Job 9 is finished. Cancelling potential speculative or zombie tasks for this job
[2025-11-11T10:28:32.001+0000] {subprocess.py:106} INFO - 25/11/11 10:28:31 INFO TaskSchedulerImpl: Killing all running tasks in stage 12: Stage finished
[2025-11-11T10:28:32.001+0000] {subprocess.py:106} INFO - 25/11/11 10:28:31 INFO DAGScheduler: Job 9 finished: $anonfun$withThreadLocalCaptured$1 at <unknown>:0, took 0.902059 s
[2025-11-11T10:28:32.016+0000] {subprocess.py:106} INFO - 25/11/11 10:28:32 INFO BlockManagerInfo: Removed broadcast_21_piece0 on 68d0d8c522fe:34967 in memory (size: 5.5 KiB, free: 434.3 MiB)
[2025-11-11T10:28:32.022+0000] {subprocess.py:106} INFO - 25/11/11 10:28:32 INFO BlockManagerInfo: Removed broadcast_21_piece0 on 172.30.0.7:37713 in memory (size: 5.5 KiB, free: 434.4 MiB)
[2025-11-11T10:28:32.029+0000] {subprocess.py:106} INFO - 25/11/11 10:28:32 INFO MemoryStore: Block broadcast_22_piece0 stored as bytes in memory (estimated size 231.6 KiB, free 434.1 MiB)
[2025-11-11T10:28:32.030+0000] {subprocess.py:106} INFO - 25/11/11 10:28:32 INFO BlockManagerInfo: Added broadcast_22_piece0 in memory on 68d0d8c522fe:34967 (size: 231.6 KiB, free: 434.1 MiB)
[2025-11-11T10:28:32.031+0000] {subprocess.py:106} INFO - 25/11/11 10:28:32 INFO SparkContext: Created broadcast 22 from $anonfun$withThreadLocalCaptured$1 at <unknown>:0
[2025-11-11T10:28:32.038+0000] {subprocess.py:106} INFO - 25/11/11 10:28:32 INFO FileSourceStrategy: Pushed Filters:
[2025-11-11T10:28:32.039+0000] {subprocess.py:106} INFO - 25/11/11 10:28:32 INFO FileSourceStrategy: Post-Scan Filters:
[2025-11-11T10:28:32.089+0000] {subprocess.py:106} INFO - 25/11/11 10:28:32 INFO CodeGenerator: Code generated in 21.77594 ms
[2025-11-11T10:28:32.092+0000] {subprocess.py:106} INFO - 25/11/11 10:28:32 INFO MemoryStore: Block broadcast_23 stored as values in memory (estimated size 203.1 KiB, free 433.9 MiB)
[2025-11-11T10:28:32.109+0000] {subprocess.py:106} INFO - 25/11/11 10:28:32 INFO MemoryStore: Block broadcast_23_piece0 stored as bytes in memory (estimated size 35.1 KiB, free 433.8 MiB)
[2025-11-11T10:28:32.110+0000] {subprocess.py:106} INFO - 25/11/11 10:28:32 INFO BlockManagerInfo: Added broadcast_23_piece0 in memory on 68d0d8c522fe:34967 (size: 35.1 KiB, free: 434.1 MiB)
[2025-11-11T10:28:32.111+0000] {subprocess.py:106} INFO - 25/11/11 10:28:32 INFO SparkContext: Created broadcast 23 from append at <unknown>:0
[2025-11-11T10:28:32.112+0000] {subprocess.py:106} INFO - 25/11/11 10:28:32 INFO FileSourceScanExec: Planning scan with bin packing, max size: 4194304 bytes, open cost is considered as scanning 4194304 bytes.
[2025-11-11T10:28:32.123+0000] {subprocess.py:106} INFO - 25/11/11 10:28:32 INFO MemoryStore: Block broadcast_24 stored as values in memory (estimated size 32.0 KiB, free 433.8 MiB)
[2025-11-11T10:28:32.125+0000] {subprocess.py:106} INFO - 25/11/11 10:28:32 INFO MemoryStore: Block broadcast_24_piece0 stored as bytes in memory (estimated size 29.7 KiB, free 433.8 MiB)
[2025-11-11T10:28:32.126+0000] {subprocess.py:106} INFO - 25/11/11 10:28:32 INFO BlockManagerInfo: Added broadcast_24_piece0 in memory on 68d0d8c522fe:34967 (size: 29.7 KiB, free: 434.1 MiB)
[2025-11-11T10:28:32.127+0000] {subprocess.py:106} INFO - 25/11/11 10:28:32 INFO SparkContext: Created broadcast 24 from broadcast at SparkWrite.java:193
[2025-11-11T10:28:32.130+0000] {subprocess.py:106} INFO - 25/11/11 10:28:32 INFO AppendDataExec: Start processing data source write support: IcebergBatchWrite(table=hive_catalog.bronze.it_jobs_raw, format=PARQUET). The input RDD has 1 partitions.
[2025-11-11T10:28:32.147+0000] {subprocess.py:106} INFO - 25/11/11 10:28:32 INFO SparkContext: Starting job: append at <unknown>:0
[2025-11-11T10:28:32.148+0000] {subprocess.py:106} INFO - 25/11/11 10:28:32 INFO DAGScheduler: Got job 10 (append at <unknown>:0) with 1 output partitions
[2025-11-11T10:28:32.149+0000] {subprocess.py:106} INFO - 25/11/11 10:28:32 INFO DAGScheduler: Final stage: ResultStage 13 (append at <unknown>:0)
[2025-11-11T10:28:32.150+0000] {subprocess.py:106} INFO - 25/11/11 10:28:32 INFO DAGScheduler: Parents of final stage: List()
[2025-11-11T10:28:32.150+0000] {subprocess.py:106} INFO - 25/11/11 10:28:32 INFO DAGScheduler: Missing parents: List()
[2025-11-11T10:28:32.155+0000] {subprocess.py:106} INFO - 25/11/11 10:28:32 INFO DAGScheduler: Submitting ResultStage 13 (MapPartitionsRDD[39] at append at <unknown>:0), which has no missing parents
[2025-11-11T10:28:32.156+0000] {subprocess.py:106} INFO - 25/11/11 10:28:32 INFO MemoryStore: Block broadcast_25 stored as values in memory (estimated size 22.1 KiB, free 433.7 MiB)
[2025-11-11T10:28:32.157+0000] {subprocess.py:106} INFO - 25/11/11 10:28:32 INFO MemoryStore: Block broadcast_25_piece0 stored as bytes in memory (estimated size 9.8 KiB, free 433.7 MiB)
[2025-11-11T10:28:32.158+0000] {subprocess.py:106} INFO - 25/11/11 10:28:32 INFO BlockManagerInfo: Added broadcast_25_piece0 in memory on 68d0d8c522fe:34967 (size: 9.8 KiB, free: 434.0 MiB)
[2025-11-11T10:28:32.159+0000] {subprocess.py:106} INFO - 25/11/11 10:28:32 INFO SparkContext: Created broadcast 25 from broadcast at DAGScheduler.scala:1585
[2025-11-11T10:28:32.160+0000] {subprocess.py:106} INFO - 25/11/11 10:28:32 INFO DAGScheduler: Submitting 1 missing tasks from ResultStage 13 (MapPartitionsRDD[39] at append at <unknown>:0) (first 15 tasks are for partitions Vector(0))
[2025-11-11T10:28:32.162+0000] {subprocess.py:106} INFO - 25/11/11 10:28:32 INFO TaskSchedulerImpl: Adding task set 13.0 with 1 tasks resource profile 0
[2025-11-11T10:28:32.162+0000] {subprocess.py:106} INFO - 25/11/11 10:28:32 INFO TaskSetManager: Starting task 0.0 in stage 13.0 (TID 19) (172.30.0.7, executor 0, partition 0, ANY, 9955 bytes)
[2025-11-11T10:28:32.177+0000] {subprocess.py:106} INFO - 25/11/11 10:28:32 INFO BlockManagerInfo: Added broadcast_25_piece0 in memory on 172.30.0.7:37713 (size: 9.8 KiB, free: 434.4 MiB)
[2025-11-11T10:28:32.227+0000] {subprocess.py:106} INFO - 25/11/11 10:28:32 INFO BlockManagerInfo: Added broadcast_22_piece0 in memory on 172.30.0.7:37713 (size: 231.6 KiB, free: 434.1 MiB)
[2025-11-11T10:28:32.263+0000] {subprocess.py:106} INFO - 25/11/11 10:28:32 INFO BlockManagerInfo: Added broadcast_24_piece0 in memory on 172.30.0.7:37713 (size: 29.7 KiB, free: 434.1 MiB)
[2025-11-11T10:28:32.473+0000] {subprocess.py:106} INFO - 25/11/11 10:28:32 INFO BlockManagerInfo: Added broadcast_23_piece0 in memory on 172.30.0.7:37713 (size: 35.1 KiB, free: 434.1 MiB)
[2025-11-11T10:28:32.802+0000] {subprocess.py:106} INFO - 25/11/11 10:28:32 INFO TaskSetManager: Finished task 0.0 in stage 13.0 (TID 19) in 640 ms on 172.30.0.7 (executor 0) (1/1)
[2025-11-11T10:28:32.803+0000] {subprocess.py:106} INFO - 25/11/11 10:28:32 INFO TaskSchedulerImpl: Removed TaskSet 13.0, whose tasks have all completed, from pool
[2025-11-11T10:28:32.803+0000] {subprocess.py:106} INFO - 25/11/11 10:28:32 INFO DAGScheduler: ResultStage 13 (append at <unknown>:0) finished in 0.648 s
[2025-11-11T10:28:32.804+0000] {subprocess.py:106} INFO - 25/11/11 10:28:32 INFO DAGScheduler: Job 10 is finished. Cancelling potential speculative or zombie tasks for this job
[2025-11-11T10:28:32.810+0000] {subprocess.py:106} INFO - 25/11/11 10:28:32 INFO TaskSchedulerImpl: Killing all running tasks in stage 13: Stage finished
[2025-11-11T10:28:32.811+0000] {subprocess.py:106} INFO - 25/11/11 10:28:32 INFO DAGScheduler: Job 10 finished: append at <unknown>:0, took 0.656034 s
[2025-11-11T10:28:32.812+0000] {subprocess.py:106} INFO - 25/11/11 10:28:32 INFO AppendDataExec: Data source write support IcebergBatchWrite(table=hive_catalog.bronze.it_jobs_raw, format=PARQUET) is committing.
[2025-11-11T10:28:32.829+0000] {subprocess.py:106} INFO - 25/11/11 10:28:32 INFO SparkWrite: Committing append with 1 new data files to table hive_catalog.bronze.it_jobs_raw
[2025-11-11T10:28:35.526+0000] {subprocess.py:106} INFO - 25/11/11 10:28:35 INFO HiveTableOperations: Committed to table hive_catalog.bronze.it_jobs_raw with the new metadata location hdfs://dinhhoa-master:9000/user/ndh/warehouse/bronze.db/it_jobs_raw/metadata/00013-05033e01-940d-4927-91a6-be3d569799cd.metadata.json
[2025-11-11T10:28:35.528+0000] {subprocess.py:106} INFO - 25/11/11 10:28:35 INFO BaseMetastoreTableOperations: Successfully committed to table hive_catalog.bronze.it_jobs_raw in 1996 ms
[2025-11-11T10:28:35.528+0000] {subprocess.py:106} INFO - 25/11/11 10:28:35 INFO SnapshotProducer: Committed snapshot 3687462850494061843 (MergeAppend)
[2025-11-11T10:28:35.541+0000] {subprocess.py:106} INFO - 25/11/11 10:28:35 INFO BaseMetastoreTableOperations: Refreshing table metadata from new version: hdfs://dinhhoa-master:9000/user/ndh/warehouse/bronze.db/it_jobs_raw/metadata/00013-05033e01-940d-4927-91a6-be3d569799cd.metadata.json
[2025-11-11T10:28:35.599+0000] {subprocess.py:106} INFO - 25/11/11 10:28:35 INFO LoggingMetricsReporter: Received metrics report: CommitReport{tableName=hive_catalog.bronze.it_jobs_raw, snapshotId=3687462850494061843, sequenceNumber=14, operation=append, commitMetrics=CommitMetricsResult{totalDuration=TimerResult{timeUnit=NANOSECONDS, totalDuration=PT2.746239691S, count=1}, attempts=CounterResult{unit=COUNT, value=1}, addedDataFiles=CounterResult{unit=COUNT, value=1}, removedDataFiles=null, totalDataFiles=CounterResult{unit=COUNT, value=14}, addedDeleteFiles=null, addedEqualityDeleteFiles=null, addedPositionalDeleteFiles=null, removedDeleteFiles=null, removedEqualityDeleteFiles=null, removedPositionalDeleteFiles=null, totalDeleteFiles=CounterResult{unit=COUNT, value=0}, addedRecords=CounterResult{unit=COUNT, value=55}, removedRecords=null, totalRecords=CounterResult{unit=COUNT, value=3970}, addedFilesSizeInBytes=CounterResult{unit=BYTES, value=9944}, removedFilesSizeInBytes=null, totalFilesSizeInBytes=CounterResult{unit=BYTES, value=259728}, addedPositionalDeletes=null, removedPositionalDeletes=null, totalPositionalDeletes=CounterResult{unit=COUNT, value=0}, addedEqualityDeletes=null, removedEqualityDeletes=null, totalEqualityDeletes=CounterResult{unit=COUNT, value=0}}, metadata={engine-version=3.5.3, app-id=app-20251111102811-0000, engine-name=spark, iceberg-version=Apache Iceberg 1.6.1 (commit 8e9d59d299be42b0bca9461457cd1e95dbaad086)}}
[2025-11-11T10:28:35.599+0000] {subprocess.py:106} INFO - 25/11/11 10:28:35 INFO SparkWrite: Committed in 2769 ms
[2025-11-11T10:28:35.600+0000] {subprocess.py:106} INFO - 25/11/11 10:28:35 INFO AppendDataExec: Data source write support IcebergBatchWrite(table=hive_catalog.bronze.it_jobs_raw, format=PARQUET) committed.
[2025-11-11T10:28:35.601+0000] {subprocess.py:106} INFO -  Loaded into: hive_catalog.bronze.it_jobs_raw
[2025-11-11T10:28:35.603+0000] {subprocess.py:106} INFO - 25/11/11 10:28:35 INFO SparkContext: SparkContext is stopping with exitCode 0.
[2025-11-11T10:28:35.614+0000] {subprocess.py:106} INFO - 25/11/11 10:28:35 INFO SparkUI: Stopped Spark web UI at http://68d0d8c522fe:4040
[2025-11-11T10:28:35.620+0000] {subprocess.py:106} INFO - 25/11/11 10:28:35 INFO StandaloneSchedulerBackend: Shutting down all executors
[2025-11-11T10:28:35.622+0000] {subprocess.py:106} INFO - 25/11/11 10:28:35 INFO StandaloneSchedulerBackend$StandaloneDriverEndpoint: Asking each executor to shut down
[2025-11-11T10:28:35.655+0000] {subprocess.py:106} INFO - 25/11/11 10:28:35 INFO MapOutputTrackerMasterEndpoint: MapOutputTrackerMasterEndpoint stopped!
[2025-11-11T10:28:35.683+0000] {subprocess.py:106} INFO - 25/11/11 10:28:35 INFO MemoryStore: MemoryStore cleared
[2025-11-11T10:28:35.685+0000] {subprocess.py:106} INFO - 25/11/11 10:28:35 INFO BlockManager: BlockManager stopped
[2025-11-11T10:28:35.703+0000] {subprocess.py:106} INFO - 25/11/11 10:28:35 INFO BlockManagerMaster: BlockManagerMaster stopped
[2025-11-11T10:28:35.707+0000] {subprocess.py:106} INFO - 25/11/11 10:28:35 INFO OutputCommitCoordinator$OutputCommitCoordinatorEndpoint: OutputCommitCoordinator stopped!
[2025-11-11T10:28:35.732+0000] {subprocess.py:106} INFO - 25/11/11 10:28:35 INFO SparkContext: Successfully stopped SparkContext
[2025-11-11T10:28:36.056+0000] {subprocess.py:106} INFO - 25/11/11 10:28:36 INFO ShutdownHookManager: Shutdown hook called
[2025-11-11T10:28:36.056+0000] {subprocess.py:106} INFO - 25/11/11 10:28:36 INFO ShutdownHookManager: Deleting directory /tmp/spark-1a770fd0-6c29-412f-94d2-0a35259b3dac
[2025-11-11T10:28:36.059+0000] {subprocess.py:106} INFO - 25/11/11 10:28:36 INFO ShutdownHookManager: Deleting directory /tmp/spark-1a770fd0-6c29-412f-94d2-0a35259b3dac/pyspark-1139859e-52b2-496f-b178-96beffc72bb6
[2025-11-11T10:28:36.061+0000] {subprocess.py:106} INFO - 25/11/11 10:28:36 INFO ShutdownHookManager: Deleting directory /tmp/spark-d8901f52-93ad-49c3-9809-047cca711adf
[2025-11-11T10:28:36.129+0000] {subprocess.py:110} INFO - Command exited with return code 0
[2025-11-11T10:28:36.188+0000] {taskinstance.py:341} INFO - ::group::Post task execution logs
[2025-11-11T10:28:36.188+0000] {taskinstance.py:353} INFO - Marking task as SUCCESS. dag_id=crawl_etl_itjob, task_id=load_bronze, run_id=scheduled__2025-11-10T02:00:00+00:00, execution_date=20251110T020000, start_date=20251111T102806, end_date=20251111T102836
[2025-11-11T10:28:36.247+0000] {local_task_job_runner.py:266} INFO - Task exited with return code 0
[2025-11-11T10:28:36.286+0000] {taskinstance.py:3901} INFO - 1 downstream tasks scheduled from follow-on schedule check
[2025-11-11T10:28:36.288+0000] {local_task_job_runner.py:245} INFO - ::endgroup::
