[2025-11-25T12:13:59.003+0000] {local_task_job_runner.py:123} INFO - ::group::Pre task execution logs
[2025-11-25T12:13:59.055+0000] {taskinstance.py:2614} INFO - Dependencies all met for dep_context=non-requeueable deps ti=<TaskInstance: crawl_etl_itjob.load_bronze scheduled__2025-11-23T02:00:00+00:00 [queued]>
[2025-11-25T12:13:59.069+0000] {taskinstance.py:2614} INFO - Dependencies all met for dep_context=requeueable deps ti=<TaskInstance: crawl_etl_itjob.load_bronze scheduled__2025-11-23T02:00:00+00:00 [queued]>
[2025-11-25T12:13:59.070+0000] {taskinstance.py:2867} INFO - Starting attempt 1 of 2
[2025-11-25T12:13:59.097+0000] {taskinstance.py:2890} INFO - Executing <Task(BashOperator): load_bronze> on 2025-11-23 02:00:00+00:00
[2025-11-25T12:13:59.103+0000] {standard_task_runner.py:72} INFO - Started process 54 to run task
[2025-11-25T12:13:59.107+0000] {standard_task_runner.py:104} INFO - Running: ['***', 'tasks', 'run', 'crawl_etl_itjob', 'load_bronze', 'scheduled__2025-11-23T02:00:00+00:00', '--job-id', '212', '--raw', '--subdir', 'DAGS_FOLDER/Crawl_ETL_ITJob.py', '--cfg-path', '/tmp/tmpg8lgw8c7']
[2025-11-25T12:13:59.110+0000] {standard_task_runner.py:105} INFO - Job 212: Subtask load_bronze
[2025-11-25T12:13:59.143+0000] {warnings.py:109} WARNING - /home/***/.local/lib/python3.8/site-packages/***/settings.py:209: DeprecationWarning: The sql_alchemy_conn option in [core] has been moved to the sql_alchemy_conn option in [database] - the old setting has been used, but please update your config.
  SQL_ALCHEMY_CONN = conf.get("database", "SQL_ALCHEMY_CONN")

[2025-11-25T12:13:59.245+0000] {task_command.py:467} INFO - Running <TaskInstance: crawl_etl_itjob.load_bronze scheduled__2025-11-23T02:00:00+00:00 [running]> on host a1de7f96d4f1
[2025-11-25T12:13:59.246+0000] {warnings.py:109} WARNING - /home/***/.local/lib/python3.8/site-packages/***/settings.py:470: DeprecationWarning: The sql_alchemy_conn option in [core] has been moved to the sql_alchemy_conn option in [database] - the old setting has been used, but please update your config.
  if conf.get("database", "sql_alchemy_conn") == "none://":

[2025-11-25T12:13:59.434+0000] {taskinstance.py:3134} INFO - Exporting env vars: AIRFLOW_CTX_DAG_EMAIL='alert@datateam.local' AIRFLOW_CTX_DAG_OWNER='***' AIRFLOW_CTX_DAG_ID='crawl_etl_itjob' AIRFLOW_CTX_TASK_ID='load_bronze' AIRFLOW_CTX_EXECUTION_DATE='2025-11-23T02:00:00+00:00' AIRFLOW_CTX_TRY_NUMBER='1' AIRFLOW_CTX_DAG_RUN_ID='scheduled__2025-11-23T02:00:00+00:00'
[2025-11-25T12:13:59.435+0000] {taskinstance.py:732} INFO - ::endgroup::
[2025-11-25T12:13:59.461+0000] {subprocess.py:78} INFO - Tmp dir root location: /tmp
[2025-11-25T12:13:59.463+0000] {subprocess.py:88} INFO - Running command: ['/bin/bash', '-c', "\n        docker exec spark-submit bash -c '\n        /opt/spark/bin/spark-submit         --master spark://spark-master:7077         --deploy-mode client         --packages org.apache.iceberg:iceberg-spark-runtime-3.5_2.12:1.5.0         /opt/spark/scripts/Load_Bronze.py\n        '\n        "]
[2025-11-25T12:13:59.475+0000] {subprocess.py:99} INFO - Output:
[2025-11-25T12:14:02.331+0000] {subprocess.py:106} INFO - :: loading settings :: url = jar:file:/opt/spark/jars/ivy-2.5.1.jar!/org/apache/ivy/core/settings/ivysettings.xml
[2025-11-25T12:14:02.480+0000] {subprocess.py:106} INFO - Ivy Default Cache set to: /home/spark/.ivy2/cache
[2025-11-25T12:14:02.481+0000] {subprocess.py:106} INFO - The jars for the packages stored in: /home/spark/.ivy2/jars
[2025-11-25T12:14:02.489+0000] {subprocess.py:106} INFO - org.apache.iceberg#iceberg-spark-runtime-3.5_2.12 added as a dependency
[2025-11-25T12:14:02.491+0000] {subprocess.py:106} INFO - :: resolving dependencies :: org.apache.spark#spark-submit-parent-1c007774-450f-44bb-bab2-5699b24b924d;1.0
[2025-11-25T12:14:02.491+0000] {subprocess.py:106} INFO - 	confs: [default]
[2025-11-25T12:14:02.639+0000] {subprocess.py:106} INFO - 	found org.apache.iceberg#iceberg-spark-runtime-3.5_2.12;1.5.0 in central
[2025-11-25T12:14:02.655+0000] {subprocess.py:106} INFO - :: resolution report :: resolve 160ms :: artifacts dl 5ms
[2025-11-25T12:14:02.656+0000] {subprocess.py:106} INFO - 	:: modules in use:
[2025-11-25T12:14:02.657+0000] {subprocess.py:106} INFO - 	org.apache.iceberg#iceberg-spark-runtime-3.5_2.12;1.5.0 from central in [default]
[2025-11-25T12:14:02.658+0000] {subprocess.py:106} INFO - 	---------------------------------------------------------------------
[2025-11-25T12:14:02.658+0000] {subprocess.py:106} INFO - 	|                  |            modules            ||   artifacts   |
[2025-11-25T12:14:02.658+0000] {subprocess.py:106} INFO - 	|       conf       | number| search|dwnlded|evicted|| number|dwnlded|
[2025-11-25T12:14:02.659+0000] {subprocess.py:106} INFO - 	---------------------------------------------------------------------
[2025-11-25T12:14:02.659+0000] {subprocess.py:106} INFO - 	|      default     |   1   |   0   |   0   |   0   ||   1   |   0   |
[2025-11-25T12:14:02.660+0000] {subprocess.py:106} INFO - 	---------------------------------------------------------------------
[2025-11-25T12:14:02.660+0000] {subprocess.py:106} INFO - :: retrieving :: org.apache.spark#spark-submit-parent-1c007774-450f-44bb-bab2-5699b24b924d
[2025-11-25T12:14:02.661+0000] {subprocess.py:106} INFO - 	confs: [default]
[2025-11-25T12:14:02.668+0000] {subprocess.py:106} INFO - 	0 artifacts copied, 1 already retrieved (0kB/7ms)
[2025-11-25T12:14:02.982+0000] {subprocess.py:106} INFO - 25/11/25 12:14:02 WARN NativeCodeLoader: Unable to load native-hadoop library for your platform... using builtin-java classes where applicable
[2025-11-25T12:14:04.489+0000] {subprocess.py:106} INFO - 25/11/25 12:14:04 INFO SparkContext: Running Spark version 3.5.3
[2025-11-25T12:14:04.490+0000] {subprocess.py:106} INFO - 25/11/25 12:14:04 INFO SparkContext: OS info Linux, 6.6.87.2-microsoft-standard-WSL2, amd64
[2025-11-25T12:14:04.491+0000] {subprocess.py:106} INFO - 25/11/25 12:14:04 INFO SparkContext: Java version 11.0.24
[2025-11-25T12:14:04.529+0000] {subprocess.py:106} INFO - 25/11/25 12:14:04 INFO ResourceUtils: ==============================================================
[2025-11-25T12:14:04.530+0000] {subprocess.py:106} INFO - 25/11/25 12:14:04 INFO ResourceUtils: No custom resources configured for spark.driver.
[2025-11-25T12:14:04.531+0000] {subprocess.py:106} INFO - 25/11/25 12:14:04 INFO ResourceUtils: ==============================================================
[2025-11-25T12:14:04.532+0000] {subprocess.py:106} INFO - 25/11/25 12:14:04 INFO SparkContext: Submitted application: Load_Bronze_Hive_Iceberg
[2025-11-25T12:14:04.575+0000] {subprocess.py:106} INFO - 25/11/25 12:14:04 INFO ResourceProfile: Default ResourceProfile created, executor resources: Map(memory -> name: memory, amount: 1024, script: , vendor: , offHeap -> name: offHeap, amount: 0, script: , vendor: ), task resources: Map(cpus -> name: cpus, amount: 1.0)
[2025-11-25T12:14:04.594+0000] {subprocess.py:106} INFO - 25/11/25 12:14:04 INFO ResourceProfile: Limiting resource is cpu
[2025-11-25T12:14:04.596+0000] {subprocess.py:106} INFO - 25/11/25 12:14:04 INFO ResourceProfileManager: Added ResourceProfile id: 0
[2025-11-25T12:14:04.694+0000] {subprocess.py:106} INFO - 25/11/25 12:14:04 INFO SecurityManager: Changing view acls to: spark
[2025-11-25T12:14:04.695+0000] {subprocess.py:106} INFO - 25/11/25 12:14:04 INFO SecurityManager: Changing modify acls to: spark
[2025-11-25T12:14:04.696+0000] {subprocess.py:106} INFO - 25/11/25 12:14:04 INFO SecurityManager: Changing view acls groups to:
[2025-11-25T12:14:04.696+0000] {subprocess.py:106} INFO - 25/11/25 12:14:04 INFO SecurityManager: Changing modify acls groups to:
[2025-11-25T12:14:04.697+0000] {subprocess.py:106} INFO - 25/11/25 12:14:04 INFO SecurityManager: SecurityManager: authentication disabled; ui acls disabled; users with view permissions: spark; groups with view permissions: EMPTY; users with modify permissions: spark; groups with modify permissions: EMPTY
[2025-11-25T12:14:05.007+0000] {subprocess.py:106} INFO - 25/11/25 12:14:05 INFO Utils: Successfully started service 'sparkDriver' on port 35621.
[2025-11-25T12:14:05.062+0000] {subprocess.py:106} INFO - 25/11/25 12:14:05 INFO SparkEnv: Registering MapOutputTracker
[2025-11-25T12:14:05.126+0000] {subprocess.py:106} INFO - 25/11/25 12:14:05 INFO SparkEnv: Registering BlockManagerMaster
[2025-11-25T12:14:05.152+0000] {subprocess.py:106} INFO - 25/11/25 12:14:05 INFO BlockManagerMasterEndpoint: Using org.apache.spark.storage.DefaultTopologyMapper for getting topology information
[2025-11-25T12:14:05.152+0000] {subprocess.py:106} INFO - 25/11/25 12:14:05 INFO BlockManagerMasterEndpoint: BlockManagerMasterEndpoint up
[2025-11-25T12:14:05.159+0000] {subprocess.py:106} INFO - 25/11/25 12:14:05 INFO SparkEnv: Registering BlockManagerMasterHeartbeat
[2025-11-25T12:14:05.211+0000] {subprocess.py:106} INFO - 25/11/25 12:14:05 INFO DiskBlockManager: Created local directory at /tmp/blockmgr-a2451713-22c1-47bd-9d8a-bac79333e78e
[2025-11-25T12:14:05.233+0000] {subprocess.py:106} INFO - 25/11/25 12:14:05 INFO MemoryStore: MemoryStore started with capacity 434.4 MiB
[2025-11-25T12:14:05.257+0000] {subprocess.py:106} INFO - 25/11/25 12:14:05 INFO SparkEnv: Registering OutputCommitCoordinator
[2025-11-25T12:14:05.457+0000] {subprocess.py:106} INFO - 25/11/25 12:14:05 INFO JettyUtils: Start Jetty 0.0.0.0:4040 for SparkUI
[2025-11-25T12:14:05.534+0000] {subprocess.py:106} INFO - 25/11/25 12:14:05 INFO Utils: Successfully started service 'SparkUI' on port 4040.
[2025-11-25T12:14:05.586+0000] {subprocess.py:106} INFO - 25/11/25 12:14:05 INFO SparkContext: Added JAR file:///home/spark/.ivy2/jars/org.apache.iceberg_iceberg-spark-runtime-3.5_2.12-1.5.0.jar at spark://68d0d8c522fe:35621/jars/org.apache.iceberg_iceberg-spark-runtime-3.5_2.12-1.5.0.jar with timestamp 1764072844475
[2025-11-25T12:14:05.590+0000] {subprocess.py:106} INFO - 25/11/25 12:14:05 INFO SparkContext: Added file file:///home/spark/.ivy2/jars/org.apache.iceberg_iceberg-spark-runtime-3.5_2.12-1.5.0.jar at spark://68d0d8c522fe:35621/files/org.apache.iceberg_iceberg-spark-runtime-3.5_2.12-1.5.0.jar with timestamp 1764072844475
[2025-11-25T12:14:05.592+0000] {subprocess.py:106} INFO - 25/11/25 12:14:05 INFO Utils: Copying /home/spark/.ivy2/jars/org.apache.iceberg_iceberg-spark-runtime-3.5_2.12-1.5.0.jar to /tmp/spark-92364fa7-a733-4703-9e83-a71d09a5c3af/userFiles-f0c6d2fa-448f-469c-a825-39b134baae3a/org.apache.iceberg_iceberg-spark-runtime-3.5_2.12-1.5.0.jar
[2025-11-25T12:14:05.886+0000] {subprocess.py:106} INFO - 25/11/25 12:14:05 INFO StandaloneAppClient$ClientEndpoint: Connecting to master spark://spark-master:7077...
[2025-11-25T12:14:05.954+0000] {subprocess.py:106} INFO - 25/11/25 12:14:05 INFO TransportClientFactory: Successfully created connection to spark-master/172.30.0.6:7077 after 40 ms (0 ms spent in bootstraps)
[2025-11-25T12:14:06.411+0000] {subprocess.py:106} INFO - 25/11/25 12:14:06 INFO StandaloneSchedulerBackend: Connected to Spark cluster with app ID app-20251125121406-0000
[2025-11-25T12:14:06.425+0000] {subprocess.py:106} INFO - 25/11/25 12:14:06 INFO Utils: Successfully started service 'org.apache.spark.network.netty.NettyBlockTransferService' on port 33301.
[2025-11-25T12:14:06.426+0000] {subprocess.py:106} INFO - 25/11/25 12:14:06 INFO NettyBlockTransferService: Server created on 68d0d8c522fe:33301
[2025-11-25T12:14:06.428+0000] {subprocess.py:106} INFO - 25/11/25 12:14:06 INFO BlockManager: Using org.apache.spark.storage.RandomBlockReplicationPolicy for block replication policy
[2025-11-25T12:14:06.440+0000] {subprocess.py:106} INFO - 25/11/25 12:14:06 INFO BlockManagerMaster: Registering BlockManager BlockManagerId(driver, 68d0d8c522fe, 33301, None)
[2025-11-25T12:14:06.445+0000] {subprocess.py:106} INFO - 25/11/25 12:14:06 INFO BlockManagerMasterEndpoint: Registering block manager 68d0d8c522fe:33301 with 434.4 MiB RAM, BlockManagerId(driver, 68d0d8c522fe, 33301, None)
[2025-11-25T12:14:06.450+0000] {subprocess.py:106} INFO - 25/11/25 12:14:06 INFO BlockManagerMaster: Registered BlockManager BlockManagerId(driver, 68d0d8c522fe, 33301, None)
[2025-11-25T12:14:06.451+0000] {subprocess.py:106} INFO - 25/11/25 12:14:06 INFO BlockManager: Initialized BlockManager: BlockManagerId(driver, 68d0d8c522fe, 33301, None)
[2025-11-25T12:14:06.454+0000] {subprocess.py:106} INFO - 25/11/25 12:14:06 INFO StandaloneAppClient$ClientEndpoint: Executor added: app-20251125121406-0000/0 on worker-20251125115752-172.30.0.7-32983 (172.30.0.7:32983) with 1 core(s)
[2025-11-25T12:14:06.458+0000] {subprocess.py:106} INFO - 25/11/25 12:14:06 INFO StandaloneSchedulerBackend: Granted executor ID app-20251125121406-0000/0 on hostPort 172.30.0.7:32983 with 1 core(s), 1024.0 MiB RAM
[2025-11-25T12:14:06.786+0000] {subprocess.py:106} INFO - 25/11/25 12:14:06 INFO StandaloneAppClient$ClientEndpoint: Executor updated: app-20251125121406-0000/0 is now RUNNING
[2025-11-25T12:14:06.842+0000] {subprocess.py:106} INFO - 25/11/25 12:14:06 INFO StandaloneSchedulerBackend: SchedulerBackend is ready for scheduling beginning after reached minRegisteredResourcesRatio: 0.0
[2025-11-25T12:14:07.317+0000] {subprocess.py:106} INFO - 25/11/25 12:14:07 INFO SharedState: Setting hive.metastore.warehouse.dir ('null') to the value of spark.sql.warehouse.dir.
[2025-11-25T12:14:07.321+0000] {subprocess.py:106} INFO - 25/11/25 12:14:07 INFO SharedState: Warehouse path is 'file:/opt/spark/work-dir/spark-warehouse'.
[2025-11-25T12:14:13.985+0000] {subprocess.py:106} INFO - 25/11/25 12:14:13 INFO InMemoryFileIndex: It took 137 ms to list leaf files for 1 paths.
[2025-11-25T12:14:14.243+0000] {subprocess.py:106} INFO - 25/11/25 12:14:14 INFO MemoryStore: Block broadcast_0 stored as values in memory (estimated size 203.7 KiB, free 434.2 MiB)
[2025-11-25T12:14:14.246+0000] {subprocess.py:106} INFO - 25/11/25 12:14:14 INFO StandaloneSchedulerBackend$StandaloneDriverEndpoint: Registered executor NettyRpcEndpointRef(spark-client://Executor) (172.30.0.7:41902) with ID 0,  ResourceProfileId 0
[2025-11-25T12:14:14.343+0000] {subprocess.py:106} INFO - 25/11/25 12:14:14 INFO MemoryStore: Block broadcast_0_piece0 stored as bytes in memory (estimated size 35.3 KiB, free 434.2 MiB)
[2025-11-25T12:14:14.349+0000] {subprocess.py:106} INFO - 25/11/25 12:14:14 INFO BlockManagerInfo: Added broadcast_0_piece0 in memory on 68d0d8c522fe:33301 (size: 35.3 KiB, free: 434.4 MiB)
[2025-11-25T12:14:14.356+0000] {subprocess.py:106} INFO - 25/11/25 12:14:14 INFO BlockManagerMasterEndpoint: Registering block manager 172.30.0.7:45863 with 434.4 MiB RAM, BlockManagerId(0, 172.30.0.7, 45863, None)
[2025-11-25T12:14:14.358+0000] {subprocess.py:106} INFO - 25/11/25 12:14:14 INFO SparkContext: Created broadcast 0 from csv at <unknown>:0
[2025-11-25T12:14:15.047+0000] {subprocess.py:106} INFO - 25/11/25 12:14:15 INFO FileInputFormat: Total input files to process : 1
[2025-11-25T12:14:15.055+0000] {subprocess.py:106} INFO - 25/11/25 12:14:15 INFO FileInputFormat: Total input files to process : 1
[2025-11-25T12:14:15.150+0000] {subprocess.py:106} INFO - 25/11/25 12:14:15 INFO SparkContext: Starting job: csv at <unknown>:0
[2025-11-25T12:14:15.180+0000] {subprocess.py:106} INFO - 25/11/25 12:14:15 INFO DAGScheduler: Got job 0 (csv at <unknown>:0) with 1 output partitions
[2025-11-25T12:14:15.181+0000] {subprocess.py:106} INFO - 25/11/25 12:14:15 INFO DAGScheduler: Final stage: ResultStage 0 (csv at <unknown>:0)
[2025-11-25T12:14:15.184+0000] {subprocess.py:106} INFO - 25/11/25 12:14:15 INFO DAGScheduler: Parents of final stage: List()
[2025-11-25T12:14:15.186+0000] {subprocess.py:106} INFO - 25/11/25 12:14:15 INFO DAGScheduler: Missing parents: List()
[2025-11-25T12:14:15.196+0000] {subprocess.py:106} INFO - 25/11/25 12:14:15 INFO DAGScheduler: Submitting ResultStage 0 (MapPartitionsRDD[2] at csv at <unknown>:0), which has no missing parents
[2025-11-25T12:14:15.228+0000] {subprocess.py:106} INFO - 25/11/25 12:14:15 INFO MemoryStore: Block broadcast_1 stored as values in memory (estimated size 7.6 KiB, free 434.2 MiB)
[2025-11-25T12:14:15.232+0000] {subprocess.py:106} INFO - 25/11/25 12:14:15 INFO MemoryStore: Block broadcast_1_piece0 stored as bytes in memory (estimated size 4.4 KiB, free 434.2 MiB)
[2025-11-25T12:14:15.234+0000] {subprocess.py:106} INFO - 25/11/25 12:14:15 INFO BlockManagerInfo: Added broadcast_1_piece0 in memory on 68d0d8c522fe:33301 (size: 4.4 KiB, free: 434.4 MiB)
[2025-11-25T12:14:15.236+0000] {subprocess.py:106} INFO - 25/11/25 12:14:15 INFO SparkContext: Created broadcast 1 from broadcast at DAGScheduler.scala:1585
[2025-11-25T12:14:15.272+0000] {subprocess.py:106} INFO - 25/11/25 12:14:15 INFO DAGScheduler: Submitting 1 missing tasks from ResultStage 0 (MapPartitionsRDD[2] at csv at <unknown>:0) (first 15 tasks are for partitions Vector(0))
[2025-11-25T12:14:15.274+0000] {subprocess.py:106} INFO - 25/11/25 12:14:15 INFO TaskSchedulerImpl: Adding task set 0.0 with 1 tasks resource profile 0
[2025-11-25T12:14:15.818+0000] {subprocess.py:106} INFO - 25/11/25 12:14:15 INFO TaskSetManager: Starting task 0.0 in stage 0.0 (TID 0) (172.30.0.7, executor 0, partition 0, PROCESS_LOCAL, 9484 bytes)
[2025-11-25T12:14:16.386+0000] {subprocess.py:106} INFO - 25/11/25 12:14:16 INFO BlockManagerInfo: Added broadcast_1_piece0 in memory on 172.30.0.7:45863 (size: 4.4 KiB, free: 434.4 MiB)
[2025-11-25T12:14:16.774+0000] {subprocess.py:106} INFO - 25/11/25 12:14:16 INFO BlockManagerInfo: Added broadcast_0_piece0 in memory on 172.30.0.7:45863 (size: 35.3 KiB, free: 434.4 MiB)
[2025-11-25T12:14:17.826+0000] {subprocess.py:106} INFO - 25/11/25 12:14:17 INFO TaskSetManager: Finished task 0.0 in stage 0.0 (TID 0) in 2043 ms on 172.30.0.7 (executor 0) (1/1)
[2025-11-25T12:14:17.829+0000] {subprocess.py:106} INFO - 25/11/25 12:14:17 INFO TaskSchedulerImpl: Removed TaskSet 0.0, whose tasks have all completed, from pool
[2025-11-25T12:14:17.836+0000] {subprocess.py:106} INFO - 25/11/25 12:14:17 INFO DAGScheduler: ResultStage 0 (csv at <unknown>:0) finished in 2.616 s
[2025-11-25T12:14:17.842+0000] {subprocess.py:106} INFO - 25/11/25 12:14:17 INFO DAGScheduler: Job 0 is finished. Cancelling potential speculative or zombie tasks for this job
[2025-11-25T12:14:17.846+0000] {subprocess.py:106} INFO - 25/11/25 12:14:17 INFO TaskSchedulerImpl: Killing all running tasks in stage 0: Stage finished
[2025-11-25T12:14:17.847+0000] {subprocess.py:106} INFO - 25/11/25 12:14:17 INFO DAGScheduler: Job 0 finished: csv at <unknown>:0, took 2.694850 s
[2025-11-25T12:14:18.333+0000] {subprocess.py:106} INFO - 25/11/25 12:14:18 INFO BlockManagerInfo: Removed broadcast_1_piece0 on 68d0d8c522fe:33301 in memory (size: 4.4 KiB, free: 434.4 MiB)
[2025-11-25T12:14:18.349+0000] {subprocess.py:106} INFO - 25/11/25 12:14:18 INFO BlockManagerInfo: Removed broadcast_1_piece0 on 172.30.0.7:45863 in memory (size: 4.4 KiB, free: 434.4 MiB)
[2025-11-25T12:14:18.369+0000] {subprocess.py:106} INFO - 25/11/25 12:14:18 INFO BlockManagerInfo: Removed broadcast_0_piece0 on 68d0d8c522fe:33301 in memory (size: 35.3 KiB, free: 434.4 MiB)
[2025-11-25T12:14:18.372+0000] {subprocess.py:106} INFO - 25/11/25 12:14:18 INFO BlockManagerInfo: Removed broadcast_0_piece0 on 172.30.0.7:45863 in memory (size: 35.3 KiB, free: 434.4 MiB)
[2025-11-25T12:14:19.968+0000] {subprocess.py:106} INFO - 25/11/25 12:14:19 INFO FileSourceStrategy: Pushed Filters:
[2025-11-25T12:14:19.970+0000] {subprocess.py:106} INFO - 25/11/25 12:14:19 INFO FileSourceStrategy: Post-Scan Filters:
[2025-11-25T12:14:20.635+0000] {subprocess.py:106} INFO - 25/11/25 12:14:20 INFO CodeGenerator: Code generated in 373.066837 ms
[2025-11-25T12:14:20.648+0000] {subprocess.py:106} INFO - 25/11/25 12:14:20 INFO MemoryStore: Block broadcast_2 stored as values in memory (estimated size 203.1 KiB, free 434.2 MiB)
[2025-11-25T12:14:20.674+0000] {subprocess.py:106} INFO - 25/11/25 12:14:20 INFO MemoryStore: Block broadcast_2_piece0 stored as bytes in memory (estimated size 35.1 KiB, free 434.2 MiB)
[2025-11-25T12:14:20.680+0000] {subprocess.py:106} INFO - 25/11/25 12:14:20 INFO BlockManagerInfo: Added broadcast_2_piece0 in memory on 68d0d8c522fe:33301 (size: 35.1 KiB, free: 434.4 MiB)
[2025-11-25T12:14:20.681+0000] {subprocess.py:106} INFO - 25/11/25 12:14:20 INFO SparkContext: Created broadcast 2 from count at <unknown>:0
[2025-11-25T12:14:20.716+0000] {subprocess.py:106} INFO - 25/11/25 12:14:20 INFO FileSourceScanExec: Planning scan with bin packing, max size: 4194304 bytes, open cost is considered as scanning 4194304 bytes.
[2025-11-25T12:14:20.779+0000] {subprocess.py:106} INFO - 25/11/25 12:14:20 INFO DAGScheduler: Registering RDD 7 (count at <unknown>:0) as input to shuffle 0
[2025-11-25T12:14:20.785+0000] {subprocess.py:106} INFO - 25/11/25 12:14:20 INFO DAGScheduler: Got map stage job 1 (count at <unknown>:0) with 1 output partitions
[2025-11-25T12:14:20.786+0000] {subprocess.py:106} INFO - 25/11/25 12:14:20 INFO DAGScheduler: Final stage: ShuffleMapStage 1 (count at <unknown>:0)
[2025-11-25T12:14:20.787+0000] {subprocess.py:106} INFO - 25/11/25 12:14:20 INFO DAGScheduler: Parents of final stage: List()
[2025-11-25T12:14:20.790+0000] {subprocess.py:106} INFO - 25/11/25 12:14:20 INFO DAGScheduler: Missing parents: List()
[2025-11-25T12:14:20.794+0000] {subprocess.py:106} INFO - 25/11/25 12:14:20 INFO DAGScheduler: Submitting ShuffleMapStage 1 (MapPartitionsRDD[7] at count at <unknown>:0), which has no missing parents
[2025-11-25T12:14:20.853+0000] {subprocess.py:106} INFO - 25/11/25 12:14:20 INFO MemoryStore: Block broadcast_3 stored as values in memory (estimated size 18.0 KiB, free 434.1 MiB)
[2025-11-25T12:14:20.873+0000] {subprocess.py:106} INFO - 25/11/25 12:14:20 INFO MemoryStore: Block broadcast_3_piece0 stored as bytes in memory (estimated size 8.9 KiB, free 434.1 MiB)
[2025-11-25T12:14:20.874+0000] {subprocess.py:106} INFO - 25/11/25 12:14:20 INFO BlockManagerInfo: Added broadcast_3_piece0 in memory on 68d0d8c522fe:33301 (size: 8.9 KiB, free: 434.4 MiB)
[2025-11-25T12:14:20.874+0000] {subprocess.py:106} INFO - 25/11/25 12:14:20 INFO SparkContext: Created broadcast 3 from broadcast at DAGScheduler.scala:1585
[2025-11-25T12:14:20.875+0000] {subprocess.py:106} INFO - 25/11/25 12:14:20 INFO DAGScheduler: Submitting 1 missing tasks from ShuffleMapStage 1 (MapPartitionsRDD[7] at count at <unknown>:0) (first 15 tasks are for partitions Vector(0))
[2025-11-25T12:14:20.875+0000] {subprocess.py:106} INFO - 25/11/25 12:14:20 INFO TaskSchedulerImpl: Adding task set 1.0 with 1 tasks resource profile 0
[2025-11-25T12:14:20.885+0000] {subprocess.py:106} INFO - 25/11/25 12:14:20 INFO TaskSetManager: Starting task 0.0 in stage 1.0 (TID 1) (172.30.0.7, executor 0, partition 0, ANY, 9944 bytes)
[2025-11-25T12:14:20.954+0000] {subprocess.py:106} INFO - 25/11/25 12:14:20 INFO BlockManagerInfo: Added broadcast_3_piece0 in memory on 172.30.0.7:45863 (size: 8.9 KiB, free: 434.4 MiB)
[2025-11-25T12:14:22.053+0000] {subprocess.py:106} INFO - 25/11/25 12:14:22 INFO BlockManagerInfo: Added broadcast_2_piece0 in memory on 172.30.0.7:45863 (size: 35.1 KiB, free: 434.4 MiB)
[2025-11-25T12:14:22.266+0000] {subprocess.py:106} INFO - 25/11/25 12:14:22 INFO TaskSetManager: Finished task 0.0 in stage 1.0 (TID 1) in 1386 ms on 172.30.0.7 (executor 0) (1/1)
[2025-11-25T12:14:22.268+0000] {subprocess.py:106} INFO - 25/11/25 12:14:22 INFO TaskSchedulerImpl: Removed TaskSet 1.0, whose tasks have all completed, from pool
[2025-11-25T12:14:22.271+0000] {subprocess.py:106} INFO - 25/11/25 12:14:22 INFO DAGScheduler: ShuffleMapStage 1 (count at <unknown>:0) finished in 1.469 s
[2025-11-25T12:14:22.273+0000] {subprocess.py:106} INFO - 25/11/25 12:14:22 INFO DAGScheduler: looking for newly runnable stages
[2025-11-25T12:14:22.274+0000] {subprocess.py:106} INFO - 25/11/25 12:14:22 INFO DAGScheduler: running: Set()
[2025-11-25T12:14:22.275+0000] {subprocess.py:106} INFO - 25/11/25 12:14:22 INFO DAGScheduler: waiting: Set()
[2025-11-25T12:14:22.279+0000] {subprocess.py:106} INFO - 25/11/25 12:14:22 INFO DAGScheduler: failed: Set()
[2025-11-25T12:14:22.354+0000] {subprocess.py:106} INFO - 25/11/25 12:14:22 INFO CodeGenerator: Code generated in 21.671485 ms
[2025-11-25T12:14:22.393+0000] {subprocess.py:106} INFO - 25/11/25 12:14:22 INFO SparkContext: Starting job: count at <unknown>:0
[2025-11-25T12:14:22.397+0000] {subprocess.py:106} INFO - 25/11/25 12:14:22 INFO DAGScheduler: Got job 2 (count at <unknown>:0) with 1 output partitions
[2025-11-25T12:14:22.401+0000] {subprocess.py:106} INFO - 25/11/25 12:14:22 INFO DAGScheduler: Final stage: ResultStage 3 (count at <unknown>:0)
[2025-11-25T12:14:22.402+0000] {subprocess.py:106} INFO - 25/11/25 12:14:22 INFO DAGScheduler: Parents of final stage: List(ShuffleMapStage 2)
[2025-11-25T12:14:22.403+0000] {subprocess.py:106} INFO - 25/11/25 12:14:22 INFO DAGScheduler: Missing parents: List()
[2025-11-25T12:14:22.403+0000] {subprocess.py:106} INFO - 25/11/25 12:14:22 INFO DAGScheduler: Submitting ResultStage 3 (MapPartitionsRDD[10] at count at <unknown>:0), which has no missing parents
[2025-11-25T12:14:22.411+0000] {subprocess.py:106} INFO - 25/11/25 12:14:22 INFO MemoryStore: Block broadcast_4 stored as values in memory (estimated size 12.5 KiB, free 434.1 MiB)
[2025-11-25T12:14:22.423+0000] {subprocess.py:106} INFO - 25/11/25 12:14:22 INFO MemoryStore: Block broadcast_4_piece0 stored as bytes in memory (estimated size 5.9 KiB, free 434.1 MiB)
[2025-11-25T12:14:22.425+0000] {subprocess.py:106} INFO - 25/11/25 12:14:22 INFO BlockManagerInfo: Added broadcast_4_piece0 in memory on 68d0d8c522fe:33301 (size: 5.9 KiB, free: 434.4 MiB)
[2025-11-25T12:14:22.429+0000] {subprocess.py:106} INFO - 25/11/25 12:14:22 INFO SparkContext: Created broadcast 4 from broadcast at DAGScheduler.scala:1585
[2025-11-25T12:14:22.430+0000] {subprocess.py:106} INFO - 25/11/25 12:14:22 INFO DAGScheduler: Submitting 1 missing tasks from ResultStage 3 (MapPartitionsRDD[10] at count at <unknown>:0) (first 15 tasks are for partitions Vector(0))
[2025-11-25T12:14:22.431+0000] {subprocess.py:106} INFO - 25/11/25 12:14:22 INFO TaskSchedulerImpl: Adding task set 3.0 with 1 tasks resource profile 0
[2025-11-25T12:14:22.431+0000] {subprocess.py:106} INFO - 25/11/25 12:14:22 INFO BlockManagerInfo: Removed broadcast_3_piece0 on 68d0d8c522fe:33301 in memory (size: 8.9 KiB, free: 434.4 MiB)
[2025-11-25T12:14:22.436+0000] {subprocess.py:106} INFO - 25/11/25 12:14:22 INFO BlockManagerInfo: Removed broadcast_3_piece0 on 172.30.0.7:45863 in memory (size: 8.9 KiB, free: 434.4 MiB)
[2025-11-25T12:14:22.440+0000] {subprocess.py:106} INFO - 25/11/25 12:14:22 INFO TaskSetManager: Starting task 0.0 in stage 3.0 (TID 2) (172.30.0.7, executor 0, partition 0, NODE_LOCAL, 9331 bytes)
[2025-11-25T12:14:22.493+0000] {subprocess.py:106} INFO - 25/11/25 12:14:22 INFO BlockManagerInfo: Added broadcast_4_piece0 in memory on 172.30.0.7:45863 (size: 5.9 KiB, free: 434.4 MiB)
[2025-11-25T12:14:22.536+0000] {subprocess.py:106} INFO - 25/11/25 12:14:22 INFO MapOutputTrackerMasterEndpoint: Asked to send map output locations for shuffle 0 to 172.30.0.7:41902
[2025-11-25T12:14:22.739+0000] {subprocess.py:106} INFO - 25/11/25 12:14:22 INFO TaskSetManager: Finished task 0.0 in stage 3.0 (TID 2) in 303 ms on 172.30.0.7 (executor 0) (1/1)
[2025-11-25T12:14:22.739+0000] {subprocess.py:106} INFO - 25/11/25 12:14:22 INFO TaskSchedulerImpl: Removed TaskSet 3.0, whose tasks have all completed, from pool
[2025-11-25T12:14:22.741+0000] {subprocess.py:106} INFO - 25/11/25 12:14:22 INFO DAGScheduler: ResultStage 3 (count at <unknown>:0) finished in 0.332 s
[2025-11-25T12:14:22.742+0000] {subprocess.py:106} INFO - 25/11/25 12:14:22 INFO DAGScheduler: Job 2 is finished. Cancelling potential speculative or zombie tasks for this job
[2025-11-25T12:14:22.743+0000] {subprocess.py:106} INFO - 25/11/25 12:14:22 INFO TaskSchedulerImpl: Killing all running tasks in stage 3: Stage finished
[2025-11-25T12:14:22.745+0000] {subprocess.py:106} INFO - 25/11/25 12:14:22 INFO DAGScheduler: Job 2 finished: count at <unknown>:0, took 0.349749 s
[2025-11-25T12:14:22.756+0000] {subprocess.py:106} INFO -  Record loaded from CSV: 4693
[2025-11-25T12:14:22.758+0000] {subprocess.py:106} INFO - root
[2025-11-25T12:14:22.761+0000] {subprocess.py:106} INFO -  |-- job_title: string (nullable = true)
[2025-11-25T12:14:22.762+0000] {subprocess.py:106} INFO -  |-- company_name: string (nullable = true)
[2025-11-25T12:14:22.763+0000] {subprocess.py:106} INFO -  |-- location: string (nullable = true)
[2025-11-25T12:14:22.763+0000] {subprocess.py:106} INFO -  |-- skills_required: string (nullable = true)
[2025-11-25T12:14:22.764+0000] {subprocess.py:106} INFO -  |-- date_posted: string (nullable = true)
[2025-11-25T12:14:22.765+0000] {subprocess.py:106} INFO -  |-- job_link: string (nullable = true)
[2025-11-25T12:14:22.765+0000] {subprocess.py:106} INFO -  |-- job_category: string (nullable = true)
[2025-11-25T12:14:22.766+0000] {subprocess.py:106} INFO -  |-- work_mode: string (nullable = true)
[2025-11-25T12:14:22.766+0000] {subprocess.py:106} INFO -  |-- crawl_date: string (nullable = true)
[2025-11-25T12:14:22.767+0000] {subprocess.py:106} INFO -  |-- date_only: string (nullable = true)
[2025-11-25T12:14:22.768+0000] {subprocess.py:106} INFO - 
[2025-11-25T12:14:23.182+0000] {subprocess.py:106} INFO - 25/11/25 12:14:23 INFO BlockManagerInfo: Removed broadcast_4_piece0 on 68d0d8c522fe:33301 in memory (size: 5.9 KiB, free: 434.4 MiB)
[2025-11-25T12:14:23.185+0000] {subprocess.py:106} INFO - 25/11/25 12:14:23 INFO BlockManagerInfo: Removed broadcast_4_piece0 on 172.30.0.7:45863 in memory (size: 5.9 KiB, free: 434.4 MiB)
[2025-11-25T12:14:23.368+0000] {subprocess.py:106} INFO - 25/11/25 12:14:23 INFO HiveConf: Found configuration file null
[2025-11-25T12:14:23.683+0000] {subprocess.py:106} INFO - 25/11/25 12:14:23 INFO metastore: Trying to connect to metastore with URI thrift://hive-metastore:9083
[2025-11-25T12:14:23.732+0000] {subprocess.py:106} INFO - 25/11/25 12:14:23 INFO metastore: Opened a connection to metastore, current connections: 1
[2025-11-25T12:14:24.177+0000] {subprocess.py:106} INFO - 25/11/25 12:14:24 INFO metastore: Connected to metastore.
[2025-11-25T12:14:25.993+0000] {subprocess.py:106} INFO - 25/11/25 12:14:25 INFO BaseMetastoreTableOperations: Refreshing table metadata from new version: hdfs://dinhhoa-master:9000/user/ndh/warehouse/bronze.db/it_jobs_raw/metadata/00025-8134493c-e379-4011-ad8e-6aff6fb7bbac.metadata.json
[2025-11-25T12:14:26.344+0000] {subprocess.py:106} INFO - 25/11/25 12:14:26 INFO BlockManagerInfo: Removed broadcast_2_piece0 on 68d0d8c522fe:33301 in memory (size: 35.1 KiB, free: 434.4 MiB)
[2025-11-25T12:14:26.347+0000] {subprocess.py:106} INFO - 25/11/25 12:14:26 INFO BlockManagerInfo: Removed broadcast_2_piece0 on 172.30.0.7:45863 in memory (size: 35.1 KiB, free: 434.4 MiB)
[2025-11-25T12:14:26.668+0000] {subprocess.py:106} INFO - 25/11/25 12:14:26 INFO BaseMetastoreCatalog: Table loaded by catalog: hive_catalog.bronze.it_jobs_raw
[2025-11-25T12:14:27.021+0000] {subprocess.py:106} INFO - 25/11/25 12:14:27 INFO V2ScanRelationPushDown:
[2025-11-25T12:14:27.022+0000] {subprocess.py:106} INFO - Pushing operators to hive_catalog.bronze.it_jobs_raw
[2025-11-25T12:14:27.022+0000] {subprocess.py:106} INFO - Pushed Filters: job_link IS NOT NULL
[2025-11-25T12:14:27.023+0000] {subprocess.py:106} INFO - Post-Scan Filters: isnotnull(job_link#66)
[2025-11-25T12:14:27.023+0000] {subprocess.py:106} INFO - 
[2025-11-25T12:14:27.081+0000] {subprocess.py:106} INFO - 25/11/25 12:14:27 INFO V2ScanRelationPushDown:
[2025-11-25T12:14:27.082+0000] {subprocess.py:106} INFO - Output: job_link#66
[2025-11-25T12:14:27.083+0000] {subprocess.py:106} INFO - 
[2025-11-25T12:14:27.102+0000] {subprocess.py:106} INFO - 25/11/25 12:14:27 INFO SnapshotScan: Scanning table hive_catalog.bronze.it_jobs_raw snapshot 4991945673154028847 created at 2025-11-23T13:43:53.412+00:00 with filter job_link IS NOT NULL
[2025-11-25T12:14:27.508+0000] {subprocess.py:106} INFO - 25/11/25 12:14:27 INFO BaseDistributedDataScan: Planning file tasks locally for table hive_catalog.bronze.it_jobs_raw
[2025-11-25T12:14:28.188+0000] {subprocess.py:106} INFO - 25/11/25 12:14:28 INFO SparkPartitioningAwareScan: Reporting UnknownPartitioning with 7 partition(s) for table hive_catalog.bronze.it_jobs_raw
[2025-11-25T12:14:28.276+0000] {subprocess.py:106} INFO - 25/11/25 12:14:28 INFO FileSourceStrategy: Pushed Filters:
[2025-11-25T12:14:28.277+0000] {subprocess.py:106} INFO - 25/11/25 12:14:28 INFO FileSourceStrategy: Post-Scan Filters:
[2025-11-25T12:14:28.296+0000] {subprocess.py:106} INFO - 25/11/25 12:14:28 INFO MemoryStore: Block broadcast_5 stored as values in memory (estimated size 32.0 KiB, free 434.4 MiB)
[2025-11-25T12:14:28.343+0000] {subprocess.py:106} INFO - 25/11/25 12:14:28 INFO MemoryStore: Block broadcast_5_piece0 stored as bytes in memory (estimated size 29.7 KiB, free 434.3 MiB)
[2025-11-25T12:14:28.345+0000] {subprocess.py:106} INFO - 25/11/25 12:14:28 INFO BlockManagerInfo: Added broadcast_5_piece0 in memory on 68d0d8c522fe:33301 (size: 29.7 KiB, free: 434.4 MiB)
[2025-11-25T12:14:28.346+0000] {subprocess.py:106} INFO - 25/11/25 12:14:28 INFO SparkContext: Created broadcast 5 from broadcast at SparkBatch.java:79
[2025-11-25T12:14:28.486+0000] {subprocess.py:106} INFO - 25/11/25 12:14:28 INFO MemoryStore: Block broadcast_6 stored as values in memory (estimated size 32.0 KiB, free 434.3 MiB)
[2025-11-25T12:14:28.510+0000] {subprocess.py:106} INFO - 25/11/25 12:14:28 INFO MemoryStore: Block broadcast_6_piece0 stored as bytes in memory (estimated size 29.7 KiB, free 434.3 MiB)
[2025-11-25T12:14:28.513+0000] {subprocess.py:106} INFO - 25/11/25 12:14:28 INFO BlockManagerInfo: Added broadcast_6_piece0 in memory on 68d0d8c522fe:33301 (size: 29.7 KiB, free: 434.3 MiB)
[2025-11-25T12:14:28.514+0000] {subprocess.py:106} INFO - 25/11/25 12:14:28 INFO SparkContext: Created broadcast 6 from broadcast at SparkBatch.java:79
[2025-11-25T12:14:28.794+0000] {subprocess.py:106} INFO - 25/11/25 12:14:28 INFO CodeGenerator: Code generated in 42.232884 ms
[2025-11-25T12:14:28.843+0000] {subprocess.py:106} INFO - 25/11/25 12:14:28 INFO SparkContext: Starting job: $anonfun$withThreadLocalCaptured$1 at <unknown>:0
[2025-11-25T12:14:28.849+0000] {subprocess.py:106} INFO - 25/11/25 12:14:28 INFO DAGScheduler: Got job 3 ($anonfun$withThreadLocalCaptured$1 at <unknown>:0) with 7 output partitions
[2025-11-25T12:14:28.853+0000] {subprocess.py:106} INFO - 25/11/25 12:14:28 INFO DAGScheduler: Final stage: ResultStage 4 ($anonfun$withThreadLocalCaptured$1 at <unknown>:0)
[2025-11-25T12:14:28.855+0000] {subprocess.py:106} INFO - 25/11/25 12:14:28 INFO DAGScheduler: Parents of final stage: List()
[2025-11-25T12:14:28.856+0000] {subprocess.py:106} INFO - 25/11/25 12:14:28 INFO DAGScheduler: Missing parents: List()
[2025-11-25T12:14:28.858+0000] {subprocess.py:106} INFO - 25/11/25 12:14:28 INFO DAGScheduler: Submitting ResultStage 4 (MapPartitionsRDD[14] at $anonfun$withThreadLocalCaptured$1 at <unknown>:0), which has no missing parents
[2025-11-25T12:14:28.864+0000] {subprocess.py:106} INFO - 25/11/25 12:14:28 INFO MemoryStore: Block broadcast_7 stored as values in memory (estimated size 13.8 KiB, free 434.3 MiB)
[2025-11-25T12:14:28.887+0000] {subprocess.py:106} INFO - 25/11/25 12:14:28 INFO MemoryStore: Block broadcast_7_piece0 stored as bytes in memory (estimated size 5.5 KiB, free 434.3 MiB)
[2025-11-25T12:14:28.892+0000] {subprocess.py:106} INFO - 25/11/25 12:14:28 INFO BlockManagerInfo: Added broadcast_7_piece0 in memory on 68d0d8c522fe:33301 (size: 5.5 KiB, free: 434.3 MiB)
[2025-11-25T12:14:28.894+0000] {subprocess.py:106} INFO - 25/11/25 12:14:28 INFO SparkContext: Created broadcast 7 from broadcast at DAGScheduler.scala:1585
[2025-11-25T12:14:28.896+0000] {subprocess.py:106} INFO - 25/11/25 12:14:28 INFO DAGScheduler: Submitting 7 missing tasks from ResultStage 4 (MapPartitionsRDD[14] at $anonfun$withThreadLocalCaptured$1 at <unknown>:0) (first 15 tasks are for partitions Vector(0, 1, 2, 3, 4, 5, 6))
[2025-11-25T12:14:28.897+0000] {subprocess.py:106} INFO - 25/11/25 12:14:28 INFO TaskSchedulerImpl: Adding task set 4.0 with 7 tasks resource profile 0
[2025-11-25T12:14:28.934+0000] {subprocess.py:106} INFO - 25/11/25 12:14:28 INFO TaskSetManager: Starting task 0.0 in stage 4.0 (TID 3) (172.30.0.7, executor 0, partition 0, ANY, 15752 bytes)
[2025-11-25T12:14:29.629+0000] {subprocess.py:106} INFO - 25/11/25 12:14:29 INFO BlockManagerInfo: Added broadcast_7_piece0 in memory on 172.30.0.7:45863 (size: 5.5 KiB, free: 434.4 MiB)
[2025-11-25T12:14:29.741+0000] {subprocess.py:106} INFO - 25/11/25 12:14:29 INFO BlockManagerInfo: Added broadcast_6_piece0 in memory on 172.30.0.7:45863 (size: 29.7 KiB, free: 434.4 MiB)
[2025-11-25T12:14:32.032+0000] {subprocess.py:106} INFO - 25/11/25 12:14:32 INFO TaskSetManager: Starting task 1.0 in stage 4.0 (TID 4) (172.30.0.7, executor 0, partition 1, ANY, 15762 bytes)
[2025-11-25T12:14:32.033+0000] {subprocess.py:106} INFO - 25/11/25 12:14:32 INFO TaskSetManager: Finished task 0.0 in stage 4.0 (TID 3) in 3134 ms on 172.30.0.7 (executor 0) (1/7)
[2025-11-25T12:14:32.514+0000] {subprocess.py:106} INFO - 25/11/25 12:14:32 INFO TaskSetManager: Starting task 2.0 in stage 4.0 (TID 5) (172.30.0.7, executor 0, partition 2, ANY, 15762 bytes)
[2025-11-25T12:14:32.515+0000] {subprocess.py:106} INFO - 25/11/25 12:14:32 INFO TaskSetManager: Finished task 1.0 in stage 4.0 (TID 4) in 489 ms on 172.30.0.7 (executor 0) (2/7)
[2025-11-25T12:14:32.998+0000] {subprocess.py:106} INFO - 25/11/25 12:14:32 INFO TaskSetManager: Starting task 3.0 in stage 4.0 (TID 6) (172.30.0.7, executor 0, partition 3, ANY, 15762 bytes)
[2025-11-25T12:14:33.001+0000] {subprocess.py:106} INFO - 25/11/25 12:14:32 INFO TaskSetManager: Finished task 2.0 in stage 4.0 (TID 5) in 491 ms on 172.30.0.7 (executor 0) (3/7)
[2025-11-25T12:14:33.458+0000] {subprocess.py:106} INFO - 25/11/25 12:14:33 INFO TaskSetManager: Starting task 4.0 in stage 4.0 (TID 7) (172.30.0.7, executor 0, partition 4, ANY, 15762 bytes)
[2025-11-25T12:14:33.463+0000] {subprocess.py:106} INFO - 25/11/25 12:14:33 INFO TaskSetManager: Finished task 3.0 in stage 4.0 (TID 6) in 463 ms on 172.30.0.7 (executor 0) (4/7)
[2025-11-25T12:14:33.998+0000] {subprocess.py:106} INFO - 25/11/25 12:14:33 INFO TaskSetManager: Starting task 5.0 in stage 4.0 (TID 8) (172.30.0.7, executor 0, partition 5, ANY, 15762 bytes)
[2025-11-25T12:14:34.000+0000] {subprocess.py:106} INFO - 25/11/25 12:14:33 INFO TaskSetManager: Finished task 4.0 in stage 4.0 (TID 7) in 547 ms on 172.30.0.7 (executor 0) (5/7)
[2025-11-25T12:14:34.447+0000] {subprocess.py:106} INFO - 25/11/25 12:14:34 INFO TaskSetManager: Starting task 6.0 in stage 4.0 (TID 9) (172.30.0.7, executor 0, partition 6, ANY, 14808 bytes)
[2025-11-25T12:14:34.449+0000] {subprocess.py:106} INFO - 25/11/25 12:14:34 INFO TaskSetManager: Finished task 5.0 in stage 4.0 (TID 8) in 451 ms on 172.30.0.7 (executor 0) (6/7)
[2025-11-25T12:14:34.733+0000] {subprocess.py:106} INFO - 25/11/25 12:14:34 INFO TaskSetManager: Finished task 6.0 in stage 4.0 (TID 9) in 279 ms on 172.30.0.7 (executor 0) (7/7)
[2025-11-25T12:14:34.734+0000] {subprocess.py:106} INFO - 25/11/25 12:14:34 INFO TaskSchedulerImpl: Removed TaskSet 4.0, whose tasks have all completed, from pool
[2025-11-25T12:14:34.737+0000] {subprocess.py:106} INFO - 25/11/25 12:14:34 INFO DAGScheduler: ResultStage 4 ($anonfun$withThreadLocalCaptured$1 at <unknown>:0) finished in 5.865 s
[2025-11-25T12:14:34.738+0000] {subprocess.py:106} INFO - 25/11/25 12:14:34 INFO DAGScheduler: Job 3 is finished. Cancelling potential speculative or zombie tasks for this job
[2025-11-25T12:14:34.739+0000] {subprocess.py:106} INFO - 25/11/25 12:14:34 INFO TaskSchedulerImpl: Killing all running tasks in stage 4: Stage finished
[2025-11-25T12:14:34.740+0000] {subprocess.py:106} INFO - 25/11/25 12:14:34 INFO DAGScheduler: Job 3 finished: $anonfun$withThreadLocalCaptured$1 at <unknown>:0, took 5.884545 s
[2025-11-25T12:14:34.784+0000] {subprocess.py:106} INFO - 25/11/25 12:14:34 INFO CodeGenerator: Code generated in 15.61956 ms
[2025-11-25T12:14:34.815+0000] {subprocess.py:106} INFO - 25/11/25 12:14:34 INFO BlockManagerInfo: Removed broadcast_7_piece0 on 68d0d8c522fe:33301 in memory (size: 5.5 KiB, free: 434.3 MiB)
[2025-11-25T12:14:34.817+0000] {subprocess.py:106} INFO - 25/11/25 12:14:34 INFO BlockManagerInfo: Removed broadcast_7_piece0 on 172.30.0.7:45863 in memory (size: 5.5 KiB, free: 434.4 MiB)
[2025-11-25T12:14:34.896+0000] {subprocess.py:106} INFO - 25/11/25 12:14:34 INFO MemoryStore: Block broadcast_8_piece0 stored as bytes in memory (estimated size 271.4 KiB, free 434.0 MiB)
[2025-11-25T12:14:34.898+0000] {subprocess.py:106} INFO - 25/11/25 12:14:34 INFO BlockManagerInfo: Added broadcast_8_piece0 in memory on 68d0d8c522fe:33301 (size: 271.4 KiB, free: 434.1 MiB)
[2025-11-25T12:14:34.899+0000] {subprocess.py:106} INFO - 25/11/25 12:14:34 INFO SparkContext: Created broadcast 8 from $anonfun$withThreadLocalCaptured$1 at <unknown>:0
[2025-11-25T12:14:34.910+0000] {subprocess.py:106} INFO - 25/11/25 12:14:34 INFO FileSourceStrategy: Pushed Filters:
[2025-11-25T12:14:34.910+0000] {subprocess.py:106} INFO - 25/11/25 12:14:34 INFO FileSourceStrategy: Post-Scan Filters:
[2025-11-25T12:14:34.980+0000] {subprocess.py:106} INFO - 25/11/25 12:14:34 INFO CodeGenerator: Code generated in 26.992026 ms
[2025-11-25T12:14:34.987+0000] {subprocess.py:106} INFO - 25/11/25 12:14:34 INFO MemoryStore: Block broadcast_9 stored as values in memory (estimated size 203.1 KiB, free 433.8 MiB)
[2025-11-25T12:14:35.028+0000] {subprocess.py:106} INFO - 25/11/25 12:14:35 INFO MemoryStore: Block broadcast_9_piece0 stored as bytes in memory (estimated size 35.1 KiB, free 433.8 MiB)
[2025-11-25T12:14:35.031+0000] {subprocess.py:106} INFO - 25/11/25 12:14:35 INFO BlockManagerInfo: Added broadcast_9_piece0 in memory on 68d0d8c522fe:33301 (size: 35.1 KiB, free: 434.0 MiB)
[2025-11-25T12:14:35.033+0000] {subprocess.py:106} INFO - 25/11/25 12:14:35 INFO SparkContext: Created broadcast 9 from count at <unknown>:0
[2025-11-25T12:14:35.037+0000] {subprocess.py:106} INFO - 25/11/25 12:14:35 INFO FileSourceScanExec: Planning scan with bin packing, max size: 4194304 bytes, open cost is considered as scanning 4194304 bytes.
[2025-11-25T12:14:35.052+0000] {subprocess.py:106} INFO - 25/11/25 12:14:35 INFO DAGScheduler: Registering RDD 18 (count at <unknown>:0) as input to shuffle 1
[2025-11-25T12:14:35.054+0000] {subprocess.py:106} INFO - 25/11/25 12:14:35 INFO DAGScheduler: Got map stage job 4 (count at <unknown>:0) with 1 output partitions
[2025-11-25T12:14:35.055+0000] {subprocess.py:106} INFO - 25/11/25 12:14:35 INFO DAGScheduler: Final stage: ShuffleMapStage 5 (count at <unknown>:0)
[2025-11-25T12:14:35.061+0000] {subprocess.py:106} INFO - 25/11/25 12:14:35 INFO DAGScheduler: Parents of final stage: List()
[2025-11-25T12:14:35.062+0000] {subprocess.py:106} INFO - 25/11/25 12:14:35 INFO DAGScheduler: Missing parents: List()
[2025-11-25T12:14:35.063+0000] {subprocess.py:106} INFO - 25/11/25 12:14:35 INFO DAGScheduler: Submitting ShuffleMapStage 5 (MapPartitionsRDD[18] at count at <unknown>:0), which has no missing parents
[2025-11-25T12:14:35.088+0000] {subprocess.py:106} INFO - 25/11/25 12:14:35 INFO MemoryStore: Block broadcast_10 stored as values in memory (estimated size 20.1 KiB, free 433.8 MiB)
[2025-11-25T12:14:35.092+0000] {subprocess.py:106} INFO - 25/11/25 12:14:35 INFO MemoryStore: Block broadcast_10_piece0 stored as bytes in memory (estimated size 9.7 KiB, free 433.8 MiB)
[2025-11-25T12:14:35.094+0000] {subprocess.py:106} INFO - 25/11/25 12:14:35 INFO BlockManagerInfo: Added broadcast_10_piece0 in memory on 68d0d8c522fe:33301 (size: 9.7 KiB, free: 434.0 MiB)
[2025-11-25T12:14:35.096+0000] {subprocess.py:106} INFO - 25/11/25 12:14:35 INFO SparkContext: Created broadcast 10 from broadcast at DAGScheduler.scala:1585
[2025-11-25T12:14:35.097+0000] {subprocess.py:106} INFO - 25/11/25 12:14:35 INFO DAGScheduler: Submitting 1 missing tasks from ShuffleMapStage 5 (MapPartitionsRDD[18] at count at <unknown>:0) (first 15 tasks are for partitions Vector(0))
[2025-11-25T12:14:35.098+0000] {subprocess.py:106} INFO - 25/11/25 12:14:35 INFO TaskSchedulerImpl: Adding task set 5.0 with 1 tasks resource profile 0
[2025-11-25T12:14:35.101+0000] {subprocess.py:106} INFO - 25/11/25 12:14:35 INFO TaskSetManager: Starting task 0.0 in stage 5.0 (TID 10) (172.30.0.7, executor 0, partition 0, ANY, 9944 bytes)
[2025-11-25T12:14:35.124+0000] {subprocess.py:106} INFO - 25/11/25 12:14:35 INFO BlockManagerInfo: Added broadcast_10_piece0 in memory on 172.30.0.7:45863 (size: 9.7 KiB, free: 434.4 MiB)
[2025-11-25T12:14:35.194+0000] {subprocess.py:106} INFO - 25/11/25 12:14:35 INFO BlockManagerInfo: Added broadcast_8_piece0 in memory on 172.30.0.7:45863 (size: 271.4 KiB, free: 434.1 MiB)
[2025-11-25T12:14:35.373+0000] {subprocess.py:106} INFO - 25/11/25 12:14:35 INFO BlockManagerInfo: Added broadcast_9_piece0 in memory on 172.30.0.7:45863 (size: 35.1 KiB, free: 434.1 MiB)
[2025-11-25T12:14:35.551+0000] {subprocess.py:106} INFO - 25/11/25 12:14:35 INFO TaskSetManager: Finished task 0.0 in stage 5.0 (TID 10) in 451 ms on 172.30.0.7 (executor 0) (1/1)
[2025-11-25T12:14:35.554+0000] {subprocess.py:106} INFO - 25/11/25 12:14:35 INFO DAGScheduler: ShuffleMapStage 5 (count at <unknown>:0) finished in 0.490 s
[2025-11-25T12:14:35.556+0000] {subprocess.py:106} INFO - 25/11/25 12:14:35 INFO DAGScheduler: looking for newly runnable stages
[2025-11-25T12:14:35.558+0000] {subprocess.py:106} INFO - 25/11/25 12:14:35 INFO DAGScheduler: running: Set()
[2025-11-25T12:14:35.561+0000] {subprocess.py:106} INFO - 25/11/25 12:14:35 INFO DAGScheduler: waiting: Set()
[2025-11-25T12:14:35.562+0000] {subprocess.py:106} INFO - 25/11/25 12:14:35 INFO DAGScheduler: failed: Set()
[2025-11-25T12:14:35.563+0000] {subprocess.py:106} INFO - 25/11/25 12:14:35 INFO TaskSchedulerImpl: Removed TaskSet 5.0, whose tasks have all completed, from pool
[2025-11-25T12:14:35.605+0000] {subprocess.py:106} INFO - 25/11/25 12:14:35 INFO CodeGenerator: Code generated in 21.564854 ms
[2025-11-25T12:14:35.648+0000] {subprocess.py:106} INFO - 25/11/25 12:14:35 INFO SparkContext: Starting job: count at <unknown>:0
[2025-11-25T12:14:35.653+0000] {subprocess.py:106} INFO - 25/11/25 12:14:35 INFO DAGScheduler: Got job 5 (count at <unknown>:0) with 1 output partitions
[2025-11-25T12:14:35.659+0000] {subprocess.py:106} INFO - 25/11/25 12:14:35 INFO DAGScheduler: Final stage: ResultStage 7 (count at <unknown>:0)
[2025-11-25T12:14:35.660+0000] {subprocess.py:106} INFO - 25/11/25 12:14:35 INFO DAGScheduler: Parents of final stage: List(ShuffleMapStage 6)
[2025-11-25T12:14:35.661+0000] {subprocess.py:106} INFO - 25/11/25 12:14:35 INFO DAGScheduler: Missing parents: List()
[2025-11-25T12:14:35.662+0000] {subprocess.py:106} INFO - 25/11/25 12:14:35 INFO DAGScheduler: Submitting ResultStage 7 (MapPartitionsRDD[21] at count at <unknown>:0), which has no missing parents
[2025-11-25T12:14:35.663+0000] {subprocess.py:106} INFO - 25/11/25 12:14:35 INFO MemoryStore: Block broadcast_11 stored as values in memory (estimated size 12.5 KiB, free 433.7 MiB)
[2025-11-25T12:14:35.715+0000] {subprocess.py:106} INFO - 25/11/25 12:14:35 INFO MemoryStore: Block broadcast_11_piece0 stored as bytes in memory (estimated size 5.9 KiB, free 433.7 MiB)
[2025-11-25T12:14:35.724+0000] {subprocess.py:106} INFO - 25/11/25 12:14:35 INFO BlockManagerInfo: Added broadcast_11_piece0 in memory on 68d0d8c522fe:33301 (size: 5.9 KiB, free: 434.0 MiB)
[2025-11-25T12:14:35.728+0000] {subprocess.py:106} INFO - 25/11/25 12:14:35 INFO SparkContext: Created broadcast 11 from broadcast at DAGScheduler.scala:1585
[2025-11-25T12:14:35.730+0000] {subprocess.py:106} INFO - 25/11/25 12:14:35 INFO DAGScheduler: Submitting 1 missing tasks from ResultStage 7 (MapPartitionsRDD[21] at count at <unknown>:0) (first 15 tasks are for partitions Vector(0))
[2025-11-25T12:14:35.731+0000] {subprocess.py:106} INFO - 25/11/25 12:14:35 INFO TaskSchedulerImpl: Adding task set 7.0 with 1 tasks resource profile 0
[2025-11-25T12:14:35.733+0000] {subprocess.py:106} INFO - 25/11/25 12:14:35 INFO BlockManagerInfo: Removed broadcast_10_piece0 on 68d0d8c522fe:33301 in memory (size: 9.7 KiB, free: 434.0 MiB)
[2025-11-25T12:14:35.734+0000] {subprocess.py:106} INFO - 25/11/25 12:14:35 INFO TaskSetManager: Starting task 0.0 in stage 7.0 (TID 11) (172.30.0.7, executor 0, partition 0, NODE_LOCAL, 9331 bytes)
[2025-11-25T12:14:35.737+0000] {subprocess.py:106} INFO - 25/11/25 12:14:35 INFO BlockManagerInfo: Removed broadcast_10_piece0 on 172.30.0.7:45863 in memory (size: 9.7 KiB, free: 434.1 MiB)
[2025-11-25T12:14:35.809+0000] {subprocess.py:106} INFO - 25/11/25 12:14:35 INFO BlockManagerInfo: Added broadcast_11_piece0 in memory on 172.30.0.7:45863 (size: 5.9 KiB, free: 434.1 MiB)
[2025-11-25T12:14:35.863+0000] {subprocess.py:106} INFO - 25/11/25 12:14:35 INFO MapOutputTrackerMasterEndpoint: Asked to send map output locations for shuffle 1 to 172.30.0.7:41902
[2025-11-25T12:14:36.026+0000] {subprocess.py:106} INFO - 25/11/25 12:14:36 INFO TaskSetManager: Finished task 0.0 in stage 7.0 (TID 11) in 296 ms on 172.30.0.7 (executor 0) (1/1)
[2025-11-25T12:14:36.039+0000] {subprocess.py:106} INFO - 25/11/25 12:14:36 INFO TaskSchedulerImpl: Removed TaskSet 7.0, whose tasks have all completed, from pool
[2025-11-25T12:14:36.042+0000] {subprocess.py:106} INFO - 25/11/25 12:14:36 INFO DAGScheduler: ResultStage 7 (count at <unknown>:0) finished in 0.383 s
[2025-11-25T12:14:36.047+0000] {subprocess.py:106} INFO - 25/11/25 12:14:36 INFO DAGScheduler: Job 5 is finished. Cancelling potential speculative or zombie tasks for this job
[2025-11-25T12:14:36.048+0000] {subprocess.py:106} INFO - 25/11/25 12:14:36 INFO TaskSchedulerImpl: Killing all running tasks in stage 7: Stage finished
[2025-11-25T12:14:36.049+0000] {subprocess.py:106} INFO - 25/11/25 12:14:36 INFO DAGScheduler: Job 5 finished: count at <unknown>:0, took 0.397957 s
[2025-11-25T12:14:36.052+0000] {subprocess.py:106} INFO -  New records to append: 86
[2025-11-25T12:14:36.113+0000] {subprocess.py:106} INFO - 25/11/25 12:14:36 INFO V2ScanRelationPushDown:
[2025-11-25T12:14:36.114+0000] {subprocess.py:106} INFO - Pushing operators to hive_catalog.bronze.it_jobs_raw
[2025-11-25T12:14:36.115+0000] {subprocess.py:106} INFO - Pushed Filters: job_link IS NOT NULL
[2025-11-25T12:14:36.116+0000] {subprocess.py:106} INFO - Post-Scan Filters: isnotnull(job_link#66)
[2025-11-25T12:14:36.117+0000] {subprocess.py:106} INFO - 
[2025-11-25T12:14:36.118+0000] {subprocess.py:106} INFO - 25/11/25 12:14:36 INFO V2ScanRelationPushDown:
[2025-11-25T12:14:36.120+0000] {subprocess.py:106} INFO - Output: job_link#66
[2025-11-25T12:14:36.125+0000] {subprocess.py:106} INFO - 
[2025-11-25T12:14:36.127+0000] {subprocess.py:106} INFO - 25/11/25 12:14:36 INFO SnapshotScan: Scanning table hive_catalog.bronze.it_jobs_raw snapshot 4991945673154028847 created at 2025-11-23T13:43:53.412+00:00 with filter job_link IS NOT NULL
[2025-11-25T12:14:36.129+0000] {subprocess.py:106} INFO - 25/11/25 12:14:36 INFO BaseDistributedDataScan: Planning file tasks locally for table hive_catalog.bronze.it_jobs_raw
[2025-11-25T12:14:36.389+0000] {subprocess.py:106} INFO - 25/11/25 12:14:36 INFO SparkPartitioningAwareScan: Reporting UnknownPartitioning with 7 partition(s) for table hive_catalog.bronze.it_jobs_raw
[2025-11-25T12:14:36.407+0000] {subprocess.py:106} INFO - 25/11/25 12:14:36 INFO FileSourceStrategy: Pushed Filters:
[2025-11-25T12:14:36.408+0000] {subprocess.py:106} INFO - 25/11/25 12:14:36 INFO FileSourceStrategy: Post-Scan Filters:
[2025-11-25T12:14:36.414+0000] {subprocess.py:106} INFO - 25/11/25 12:14:36 INFO MemoryStore: Block broadcast_12 stored as values in memory (estimated size 32.0 KiB, free 433.7 MiB)
[2025-11-25T12:14:36.432+0000] {subprocess.py:106} INFO - 25/11/25 12:14:36 INFO MemoryStore: Block broadcast_12_piece0 stored as bytes in memory (estimated size 29.7 KiB, free 433.7 MiB)
[2025-11-25T12:14:36.437+0000] {subprocess.py:106} INFO - 25/11/25 12:14:36 INFO BlockManagerInfo: Added broadcast_12_piece0 in memory on 68d0d8c522fe:33301 (size: 29.7 KiB, free: 434.0 MiB)
[2025-11-25T12:14:36.443+0000] {subprocess.py:106} INFO - 25/11/25 12:14:36 INFO BlockManagerInfo: Removed broadcast_11_piece0 on 68d0d8c522fe:33301 in memory (size: 5.9 KiB, free: 434.0 MiB)
[2025-11-25T12:14:36.447+0000] {subprocess.py:106} INFO - 25/11/25 12:14:36 INFO SparkContext: Created broadcast 12 from broadcast at SparkBatch.java:79
[2025-11-25T12:14:36.448+0000] {subprocess.py:106} INFO - 25/11/25 12:14:36 INFO BlockManagerInfo: Removed broadcast_11_piece0 on 172.30.0.7:45863 in memory (size: 5.9 KiB, free: 434.1 MiB)
[2025-11-25T12:14:36.535+0000] {subprocess.py:106} INFO - 25/11/25 12:14:36 INFO MemoryStore: Block broadcast_13 stored as values in memory (estimated size 32.0 KiB, free 433.7 MiB)
[2025-11-25T12:14:36.542+0000] {subprocess.py:106} INFO - 25/11/25 12:14:36 INFO MemoryStore: Block broadcast_13_piece0 stored as bytes in memory (estimated size 29.7 KiB, free 433.7 MiB)
[2025-11-25T12:14:36.545+0000] {subprocess.py:106} INFO - 25/11/25 12:14:36 INFO BlockManagerInfo: Added broadcast_13_piece0 in memory on 68d0d8c522fe:33301 (size: 29.7 KiB, free: 434.0 MiB)
[2025-11-25T12:14:36.547+0000] {subprocess.py:106} INFO - 25/11/25 12:14:36 INFO SparkContext: Created broadcast 13 from broadcast at SparkBatch.java:79
[2025-11-25T12:14:36.657+0000] {subprocess.py:106} INFO - 25/11/25 12:14:36 INFO SparkContext: Starting job: $anonfun$withThreadLocalCaptured$1 at <unknown>:0
[2025-11-25T12:14:36.659+0000] {subprocess.py:106} INFO - 25/11/25 12:14:36 INFO DAGScheduler: Got job 6 ($anonfun$withThreadLocalCaptured$1 at <unknown>:0) with 7 output partitions
[2025-11-25T12:14:36.665+0000] {subprocess.py:106} INFO - 25/11/25 12:14:36 INFO DAGScheduler: Final stage: ResultStage 8 ($anonfun$withThreadLocalCaptured$1 at <unknown>:0)
[2025-11-25T12:14:36.666+0000] {subprocess.py:106} INFO - 25/11/25 12:14:36 INFO DAGScheduler: Parents of final stage: List()
[2025-11-25T12:14:36.667+0000] {subprocess.py:106} INFO - 25/11/25 12:14:36 INFO DAGScheduler: Missing parents: List()
[2025-11-25T12:14:36.668+0000] {subprocess.py:106} INFO - 25/11/25 12:14:36 INFO DAGScheduler: Submitting ResultStage 8 (MapPartitionsRDD[25] at $anonfun$withThreadLocalCaptured$1 at <unknown>:0), which has no missing parents
[2025-11-25T12:14:36.669+0000] {subprocess.py:106} INFO - 25/11/25 12:14:36 INFO MemoryStore: Block broadcast_14 stored as values in memory (estimated size 13.7 KiB, free 433.6 MiB)
[2025-11-25T12:14:36.681+0000] {subprocess.py:106} INFO - 25/11/25 12:14:36 INFO MemoryStore: Block broadcast_14_piece0 stored as bytes in memory (estimated size 5.5 KiB, free 433.6 MiB)
[2025-11-25T12:14:36.682+0000] {subprocess.py:106} INFO - 25/11/25 12:14:36 INFO BlockManagerInfo: Added broadcast_14_piece0 in memory on 68d0d8c522fe:33301 (size: 5.5 KiB, free: 434.0 MiB)
[2025-11-25T12:14:36.685+0000] {subprocess.py:106} INFO - 25/11/25 12:14:36 INFO SparkContext: Created broadcast 14 from broadcast at DAGScheduler.scala:1585
[2025-11-25T12:14:36.687+0000] {subprocess.py:106} INFO - 25/11/25 12:14:36 INFO DAGScheduler: Submitting 7 missing tasks from ResultStage 8 (MapPartitionsRDD[25] at $anonfun$withThreadLocalCaptured$1 at <unknown>:0) (first 15 tasks are for partitions Vector(0, 1, 2, 3, 4, 5, 6))
[2025-11-25T12:14:36.687+0000] {subprocess.py:106} INFO - 25/11/25 12:14:36 INFO TaskSchedulerImpl: Adding task set 8.0 with 7 tasks resource profile 0
[2025-11-25T12:14:36.692+0000] {subprocess.py:106} INFO - 25/11/25 12:14:36 INFO TaskSetManager: Starting task 0.0 in stage 8.0 (TID 12) (172.30.0.7, executor 0, partition 0, ANY, 15762 bytes)
[2025-11-25T12:14:36.720+0000] {subprocess.py:106} INFO - 25/11/25 12:14:36 INFO BlockManagerInfo: Added broadcast_14_piece0 in memory on 172.30.0.7:45863 (size: 5.5 KiB, free: 434.1 MiB)
[2025-11-25T12:14:36.764+0000] {subprocess.py:106} INFO - 25/11/25 12:14:36 INFO BlockManagerInfo: Added broadcast_13_piece0 in memory on 172.30.0.7:45863 (size: 29.7 KiB, free: 434.0 MiB)
[2025-11-25T12:14:37.190+0000] {subprocess.py:106} INFO - 25/11/25 12:14:37 INFO TaskSetManager: Starting task 1.0 in stage 8.0 (TID 13) (172.30.0.7, executor 0, partition 1, ANY, 15761 bytes)
[2025-11-25T12:14:37.191+0000] {subprocess.py:106} INFO - 25/11/25 12:14:37 INFO TaskSetManager: Finished task 0.0 in stage 8.0 (TID 12) in 500 ms on 172.30.0.7 (executor 0) (1/7)
[2025-11-25T12:14:37.622+0000] {subprocess.py:106} INFO - 25/11/25 12:14:37 INFO TaskSetManager: Starting task 2.0 in stage 8.0 (TID 14) (172.30.0.7, executor 0, partition 2, ANY, 15762 bytes)
[2025-11-25T12:14:37.624+0000] {subprocess.py:106} INFO - 25/11/25 12:14:37 INFO TaskSetManager: Finished task 1.0 in stage 8.0 (TID 13) in 442 ms on 172.30.0.7 (executor 0) (2/7)
[2025-11-25T12:14:38.068+0000] {subprocess.py:106} INFO - 25/11/25 12:14:38 INFO TaskSetManager: Starting task 3.0 in stage 8.0 (TID 15) (172.30.0.7, executor 0, partition 3, ANY, 15762 bytes)
[2025-11-25T12:14:38.072+0000] {subprocess.py:106} INFO - 25/11/25 12:14:38 INFO TaskSetManager: Finished task 2.0 in stage 8.0 (TID 14) in 451 ms on 172.30.0.7 (executor 0) (3/7)
[2025-11-25T12:14:38.425+0000] {subprocess.py:106} INFO - 25/11/25 12:14:38 INFO TaskSetManager: Starting task 4.0 in stage 8.0 (TID 16) (172.30.0.7, executor 0, partition 4, ANY, 15762 bytes)
[2025-11-25T12:14:38.426+0000] {subprocess.py:106} INFO - 25/11/25 12:14:38 INFO TaskSetManager: Finished task 3.0 in stage 8.0 (TID 15) in 362 ms on 172.30.0.7 (executor 0) (4/7)
[2025-11-25T12:14:38.806+0000] {subprocess.py:106} INFO - 25/11/25 12:14:38 INFO TaskSetManager: Starting task 5.0 in stage 8.0 (TID 17) (172.30.0.7, executor 0, partition 5, ANY, 15762 bytes)
[2025-11-25T12:14:38.807+0000] {subprocess.py:106} INFO - 25/11/25 12:14:38 INFO TaskSetManager: Finished task 4.0 in stage 8.0 (TID 16) in 386 ms on 172.30.0.7 (executor 0) (5/7)
[2025-11-25T12:14:39.189+0000] {subprocess.py:106} INFO - 25/11/25 12:14:39 INFO TaskSetManager: Starting task 6.0 in stage 8.0 (TID 18) (172.30.0.7, executor 0, partition 6, ANY, 14808 bytes)
[2025-11-25T12:14:39.193+0000] {subprocess.py:106} INFO - 25/11/25 12:14:39 INFO TaskSetManager: Finished task 5.0 in stage 8.0 (TID 17) in 388 ms on 172.30.0.7 (executor 0) (6/7)
[2025-11-25T12:14:39.388+0000] {subprocess.py:106} INFO - 25/11/25 12:14:39 INFO TaskSetManager: Finished task 6.0 in stage 8.0 (TID 18) in 200 ms on 172.30.0.7 (executor 0) (7/7)
[2025-11-25T12:14:39.389+0000] {subprocess.py:106} INFO - 25/11/25 12:14:39 INFO TaskSchedulerImpl: Removed TaskSet 8.0, whose tasks have all completed, from pool
[2025-11-25T12:14:39.390+0000] {subprocess.py:106} INFO - 25/11/25 12:14:39 INFO DAGScheduler: ResultStage 8 ($anonfun$withThreadLocalCaptured$1 at <unknown>:0) finished in 2.726 s
[2025-11-25T12:14:39.391+0000] {subprocess.py:106} INFO - 25/11/25 12:14:39 INFO DAGScheduler: Job 6 is finished. Cancelling potential speculative or zombie tasks for this job
[2025-11-25T12:14:39.392+0000] {subprocess.py:106} INFO - 25/11/25 12:14:39 INFO TaskSchedulerImpl: Killing all running tasks in stage 8: Stage finished
[2025-11-25T12:14:39.393+0000] {subprocess.py:106} INFO - 25/11/25 12:14:39 INFO DAGScheduler: Job 6 finished: $anonfun$withThreadLocalCaptured$1 at <unknown>:0, took 2.735531 s
[2025-11-25T12:14:39.429+0000] {subprocess.py:106} INFO - 25/11/25 12:14:39 INFO BlockManagerInfo: Removed broadcast_14_piece0 on 68d0d8c522fe:33301 in memory (size: 5.5 KiB, free: 434.0 MiB)
[2025-11-25T12:14:39.445+0000] {subprocess.py:106} INFO - 25/11/25 12:14:39 INFO BlockManagerInfo: Removed broadcast_14_piece0 on 172.30.0.7:45863 in memory (size: 5.5 KiB, free: 434.0 MiB)
[2025-11-25T12:14:39.449+0000] {subprocess.py:106} INFO - 25/11/25 12:14:39 INFO MemoryStore: Block broadcast_15_piece0 stored as bytes in memory (estimated size 273.1 KiB, free 433.4 MiB)
[2025-11-25T12:14:39.453+0000] {subprocess.py:106} INFO - 25/11/25 12:14:39 INFO BlockManagerInfo: Added broadcast_15_piece0 in memory on 68d0d8c522fe:33301 (size: 273.1 KiB, free: 433.7 MiB)
[2025-11-25T12:14:39.455+0000] {subprocess.py:106} INFO - 25/11/25 12:14:39 INFO SparkContext: Created broadcast 15 from $anonfun$withThreadLocalCaptured$1 at <unknown>:0
[2025-11-25T12:14:39.461+0000] {subprocess.py:106} INFO - 25/11/25 12:14:39 INFO FileSourceStrategy: Pushed Filters:
[2025-11-25T12:14:39.467+0000] {subprocess.py:106} INFO - 25/11/25 12:14:39 INFO FileSourceStrategy: Post-Scan Filters:
[2025-11-25T12:14:39.505+0000] {subprocess.py:106} INFO - 25/11/25 12:14:39 INFO MemoryStore: Block broadcast_16 stored as values in memory (estimated size 203.1 KiB, free 433.2 MiB)
[2025-11-25T12:14:39.536+0000] {subprocess.py:106} INFO - 25/11/25 12:14:39 INFO MemoryStore: Block broadcast_16_piece0 stored as bytes in memory (estimated size 35.1 KiB, free 433.2 MiB)
[2025-11-25T12:14:39.537+0000] {subprocess.py:106} INFO - 25/11/25 12:14:39 INFO BlockManagerInfo: Added broadcast_16_piece0 in memory on 68d0d8c522fe:33301 (size: 35.1 KiB, free: 433.7 MiB)
[2025-11-25T12:14:39.538+0000] {subprocess.py:106} INFO - 25/11/25 12:14:39 INFO SparkContext: Created broadcast 16 from count at <unknown>:0
[2025-11-25T12:14:39.540+0000] {subprocess.py:106} INFO - 25/11/25 12:14:39 INFO FileSourceScanExec: Planning scan with bin packing, max size: 4194304 bytes, open cost is considered as scanning 4194304 bytes.
[2025-11-25T12:14:39.550+0000] {subprocess.py:106} INFO - 25/11/25 12:14:39 INFO DAGScheduler: Registering RDD 29 (count at <unknown>:0) as input to shuffle 2
[2025-11-25T12:14:39.551+0000] {subprocess.py:106} INFO - 25/11/25 12:14:39 INFO DAGScheduler: Got map stage job 7 (count at <unknown>:0) with 1 output partitions
[2025-11-25T12:14:39.552+0000] {subprocess.py:106} INFO - 25/11/25 12:14:39 INFO DAGScheduler: Final stage: ShuffleMapStage 9 (count at <unknown>:0)
[2025-11-25T12:14:39.553+0000] {subprocess.py:106} INFO - 25/11/25 12:14:39 INFO DAGScheduler: Parents of final stage: List()
[2025-11-25T12:14:39.554+0000] {subprocess.py:106} INFO - 25/11/25 12:14:39 INFO DAGScheduler: Missing parents: List()
[2025-11-25T12:14:39.557+0000] {subprocess.py:106} INFO - 25/11/25 12:14:39 INFO DAGScheduler: Submitting ShuffleMapStage 9 (MapPartitionsRDD[29] at count at <unknown>:0), which has no missing parents
[2025-11-25T12:14:39.561+0000] {subprocess.py:106} INFO - 25/11/25 12:14:39 INFO MemoryStore: Block broadcast_17 stored as values in memory (estimated size 20.1 KiB, free 433.1 MiB)
[2025-11-25T12:14:39.563+0000] {subprocess.py:106} INFO - 25/11/25 12:14:39 INFO MemoryStore: Block broadcast_17_piece0 stored as bytes in memory (estimated size 9.7 KiB, free 433.1 MiB)
[2025-11-25T12:14:39.569+0000] {subprocess.py:106} INFO - 25/11/25 12:14:39 INFO BlockManagerInfo: Added broadcast_17_piece0 in memory on 68d0d8c522fe:33301 (size: 9.7 KiB, free: 433.7 MiB)
[2025-11-25T12:14:39.570+0000] {subprocess.py:106} INFO - 25/11/25 12:14:39 INFO SparkContext: Created broadcast 17 from broadcast at DAGScheduler.scala:1585
[2025-11-25T12:14:39.571+0000] {subprocess.py:106} INFO - 25/11/25 12:14:39 INFO DAGScheduler: Submitting 1 missing tasks from ShuffleMapStage 9 (MapPartitionsRDD[29] at count at <unknown>:0) (first 15 tasks are for partitions Vector(0))
[2025-11-25T12:14:39.572+0000] {subprocess.py:106} INFO - 25/11/25 12:14:39 INFO TaskSchedulerImpl: Adding task set 9.0 with 1 tasks resource profile 0
[2025-11-25T12:14:39.573+0000] {subprocess.py:106} INFO - 25/11/25 12:14:39 INFO TaskSetManager: Starting task 0.0 in stage 9.0 (TID 19) (172.30.0.7, executor 0, partition 0, ANY, 9944 bytes)
[2025-11-25T12:14:39.605+0000] {subprocess.py:106} INFO - 25/11/25 12:14:39 INFO BlockManagerInfo: Added broadcast_17_piece0 in memory on 172.30.0.7:45863 (size: 9.7 KiB, free: 434.0 MiB)
[2025-11-25T12:14:39.631+0000] {subprocess.py:106} INFO - 25/11/25 12:14:39 INFO BlockManagerInfo: Added broadcast_15_piece0 in memory on 172.30.0.7:45863 (size: 273.1 KiB, free: 433.8 MiB)
[2025-11-25T12:14:39.697+0000] {subprocess.py:106} INFO - 25/11/25 12:14:39 INFO BlockManagerInfo: Added broadcast_16_piece0 in memory on 172.30.0.7:45863 (size: 35.1 KiB, free: 433.7 MiB)
[2025-11-25T12:14:39.839+0000] {subprocess.py:106} INFO - 25/11/25 12:14:39 INFO TaskSetManager: Finished task 0.0 in stage 9.0 (TID 19) in 269 ms on 172.30.0.7 (executor 0) (1/1)
[2025-11-25T12:14:39.840+0000] {subprocess.py:106} INFO - 25/11/25 12:14:39 INFO TaskSchedulerImpl: Removed TaskSet 9.0, whose tasks have all completed, from pool
[2025-11-25T12:14:39.845+0000] {subprocess.py:106} INFO - 25/11/25 12:14:39 INFO DAGScheduler: ShuffleMapStage 9 (count at <unknown>:0) finished in 0.282 s
[2025-11-25T12:14:39.847+0000] {subprocess.py:106} INFO - 25/11/25 12:14:39 INFO DAGScheduler: looking for newly runnable stages
[2025-11-25T12:14:39.848+0000] {subprocess.py:106} INFO - 25/11/25 12:14:39 INFO DAGScheduler: running: Set()
[2025-11-25T12:14:39.849+0000] {subprocess.py:106} INFO - 25/11/25 12:14:39 INFO DAGScheduler: waiting: Set()
[2025-11-25T12:14:39.850+0000] {subprocess.py:106} INFO - 25/11/25 12:14:39 INFO DAGScheduler: failed: Set()
[2025-11-25T12:14:39.877+0000] {subprocess.py:106} INFO - 25/11/25 12:14:39 INFO SparkContext: Starting job: count at <unknown>:0
[2025-11-25T12:14:39.879+0000] {subprocess.py:106} INFO - 25/11/25 12:14:39 INFO DAGScheduler: Got job 8 (count at <unknown>:0) with 1 output partitions
[2025-11-25T12:14:39.881+0000] {subprocess.py:106} INFO - 25/11/25 12:14:39 INFO DAGScheduler: Final stage: ResultStage 11 (count at <unknown>:0)
[2025-11-25T12:14:39.882+0000] {subprocess.py:106} INFO - 25/11/25 12:14:39 INFO DAGScheduler: Parents of final stage: List(ShuffleMapStage 10)
[2025-11-25T12:14:39.885+0000] {subprocess.py:106} INFO - 25/11/25 12:14:39 INFO DAGScheduler: Missing parents: List()
[2025-11-25T12:14:39.888+0000] {subprocess.py:106} INFO - 25/11/25 12:14:39 INFO DAGScheduler: Submitting ResultStage 11 (MapPartitionsRDD[32] at count at <unknown>:0), which has no missing parents
[2025-11-25T12:14:39.889+0000] {subprocess.py:106} INFO - 25/11/25 12:14:39 INFO MemoryStore: Block broadcast_18 stored as values in memory (estimated size 12.5 KiB, free 433.1 MiB)
[2025-11-25T12:14:39.904+0000] {subprocess.py:106} INFO - 25/11/25 12:14:39 INFO MemoryStore: Block broadcast_18_piece0 stored as bytes in memory (estimated size 5.9 KiB, free 433.1 MiB)
[2025-11-25T12:14:39.905+0000] {subprocess.py:106} INFO - 25/11/25 12:14:39 INFO BlockManagerInfo: Added broadcast_18_piece0 in memory on 68d0d8c522fe:33301 (size: 5.9 KiB, free: 433.7 MiB)
[2025-11-25T12:14:39.911+0000] {subprocess.py:106} INFO - 25/11/25 12:14:39 INFO SparkContext: Created broadcast 18 from broadcast at DAGScheduler.scala:1585
[2025-11-25T12:14:39.913+0000] {subprocess.py:106} INFO - 25/11/25 12:14:39 INFO DAGScheduler: Submitting 1 missing tasks from ResultStage 11 (MapPartitionsRDD[32] at count at <unknown>:0) (first 15 tasks are for partitions Vector(0))
[2025-11-25T12:14:39.914+0000] {subprocess.py:106} INFO - 25/11/25 12:14:39 INFO TaskSchedulerImpl: Adding task set 11.0 with 1 tasks resource profile 0
[2025-11-25T12:14:39.915+0000] {subprocess.py:106} INFO - 25/11/25 12:14:39 INFO BlockManagerInfo: Removed broadcast_17_piece0 on 68d0d8c522fe:33301 in memory (size: 9.7 KiB, free: 433.7 MiB)
[2025-11-25T12:14:39.916+0000] {subprocess.py:106} INFO - 25/11/25 12:14:39 INFO TaskSetManager: Starting task 0.0 in stage 11.0 (TID 20) (172.30.0.7, executor 0, partition 0, NODE_LOCAL, 9331 bytes)
[2025-11-25T12:14:39.919+0000] {subprocess.py:106} INFO - 25/11/25 12:14:39 INFO BlockManagerInfo: Removed broadcast_17_piece0 on 172.30.0.7:45863 in memory (size: 9.7 KiB, free: 433.7 MiB)
[2025-11-25T12:14:39.941+0000] {subprocess.py:106} INFO - 25/11/25 12:14:39 INFO BlockManagerInfo: Added broadcast_18_piece0 in memory on 172.30.0.7:45863 (size: 5.9 KiB, free: 433.7 MiB)
[2025-11-25T12:14:39.958+0000] {subprocess.py:106} INFO - 25/11/25 12:14:39 INFO MapOutputTrackerMasterEndpoint: Asked to send map output locations for shuffle 2 to 172.30.0.7:41902
[2025-11-25T12:14:40.021+0000] {subprocess.py:106} INFO - 25/11/25 12:14:40 INFO TaskSetManager: Finished task 0.0 in stage 11.0 (TID 20) in 104 ms on 172.30.0.7 (executor 0) (1/1)
[2025-11-25T12:14:40.025+0000] {subprocess.py:106} INFO - 25/11/25 12:14:40 INFO DAGScheduler: ResultStage 11 (count at <unknown>:0) finished in 0.136 s
[2025-11-25T12:14:40.030+0000] {subprocess.py:106} INFO - 25/11/25 12:14:40 INFO TaskSchedulerImpl: Removed TaskSet 11.0, whose tasks have all completed, from pool
[2025-11-25T12:14:40.031+0000] {subprocess.py:106} INFO - 25/11/25 12:14:40 INFO DAGScheduler: Job 8 is finished. Cancelling potential speculative or zombie tasks for this job
[2025-11-25T12:14:40.032+0000] {subprocess.py:106} INFO - 25/11/25 12:14:40 INFO TaskSchedulerImpl: Killing all running tasks in stage 11: Stage finished
[2025-11-25T12:14:40.033+0000] {subprocess.py:106} INFO - 25/11/25 12:14:40 INFO DAGScheduler: Job 8 finished: count at <unknown>:0, took 0.150204 s
[2025-11-25T12:14:40.160+0000] {subprocess.py:106} INFO - 25/11/25 12:14:40 INFO V2ScanRelationPushDown:
[2025-11-25T12:14:40.162+0000] {subprocess.py:106} INFO - Pushing operators to hive_catalog.bronze.it_jobs_raw
[2025-11-25T12:14:40.165+0000] {subprocess.py:106} INFO - Pushed Filters: job_link IS NOT NULL
[2025-11-25T12:14:40.169+0000] {subprocess.py:106} INFO - Post-Scan Filters: isnotnull(job_link#66)
[2025-11-25T12:14:40.171+0000] {subprocess.py:106} INFO - 
[2025-11-25T12:14:40.172+0000] {subprocess.py:106} INFO - 25/11/25 12:14:40 INFO V2ScanRelationPushDown:
[2025-11-25T12:14:40.176+0000] {subprocess.py:106} INFO - Output: job_link#66
[2025-11-25T12:14:40.181+0000] {subprocess.py:106} INFO - 
[2025-11-25T12:14:40.185+0000] {subprocess.py:106} INFO - 25/11/25 12:14:40 INFO SnapshotScan: Scanning table hive_catalog.bronze.it_jobs_raw snapshot 4991945673154028847 created at 2025-11-23T13:43:53.412+00:00 with filter job_link IS NOT NULL
[2025-11-25T12:14:40.186+0000] {subprocess.py:106} INFO - 25/11/25 12:14:40 INFO BaseDistributedDataScan: Planning file tasks locally for table hive_catalog.bronze.it_jobs_raw
[2025-11-25T12:14:40.463+0000] {subprocess.py:106} INFO - 25/11/25 12:14:40 INFO SparkPartitioningAwareScan: Reporting UnknownPartitioning with 7 partition(s) for table hive_catalog.bronze.it_jobs_raw
[2025-11-25T12:14:40.525+0000] {subprocess.py:106} INFO - 25/11/25 12:14:40 INFO SparkWrite: Requesting 0 bytes advisory partition size for table hive_catalog.bronze.it_jobs_raw
[2025-11-25T12:14:40.526+0000] {subprocess.py:106} INFO - 25/11/25 12:14:40 INFO SparkWrite: Requesting UnspecifiedDistribution as write distribution for table hive_catalog.bronze.it_jobs_raw
[2025-11-25T12:14:40.528+0000] {subprocess.py:106} INFO - 25/11/25 12:14:40 INFO SparkWrite: Requesting [] as write ordering for table hive_catalog.bronze.it_jobs_raw
[2025-11-25T12:14:40.566+0000] {subprocess.py:106} INFO - 25/11/25 12:14:40 INFO FileSourceStrategy: Pushed Filters:
[2025-11-25T12:14:40.567+0000] {subprocess.py:106} INFO - 25/11/25 12:14:40 INFO FileSourceStrategy: Post-Scan Filters:
[2025-11-25T12:14:40.572+0000] {subprocess.py:106} INFO - 25/11/25 12:14:40 INFO MemoryStore: Block broadcast_19 stored as values in memory (estimated size 32.0 KiB, free 433.1 MiB)
[2025-11-25T12:14:40.592+0000] {subprocess.py:106} INFO - 25/11/25 12:14:40 INFO MemoryStore: Block broadcast_19_piece0 stored as bytes in memory (estimated size 29.7 KiB, free 433.1 MiB)
[2025-11-25T12:14:40.599+0000] {subprocess.py:106} INFO - 25/11/25 12:14:40 INFO BlockManagerInfo: Added broadcast_19_piece0 in memory on 68d0d8c522fe:33301 (size: 29.7 KiB, free: 433.6 MiB)
[2025-11-25T12:14:40.605+0000] {subprocess.py:106} INFO - 25/11/25 12:14:40 INFO BlockManagerInfo: Removed broadcast_18_piece0 on 68d0d8c522fe:33301 in memory (size: 5.9 KiB, free: 433.7 MiB)
[2025-11-25T12:14:40.607+0000] {subprocess.py:106} INFO - 25/11/25 12:14:40 INFO SparkContext: Created broadcast 19 from broadcast at SparkBatch.java:79
[2025-11-25T12:14:40.610+0000] {subprocess.py:106} INFO - 25/11/25 12:14:40 INFO BlockManagerInfo: Removed broadcast_18_piece0 on 172.30.0.7:45863 in memory (size: 5.9 KiB, free: 433.7 MiB)
[2025-11-25T12:14:40.697+0000] {subprocess.py:106} INFO - 25/11/25 12:14:40 INFO MemoryStore: Block broadcast_20 stored as values in memory (estimated size 32.0 KiB, free 433.1 MiB)
[2025-11-25T12:14:40.703+0000] {subprocess.py:106} INFO - 25/11/25 12:14:40 INFO MemoryStore: Block broadcast_20_piece0 stored as bytes in memory (estimated size 29.7 KiB, free 433.0 MiB)
[2025-11-25T12:14:40.705+0000] {subprocess.py:106} INFO - 25/11/25 12:14:40 INFO BlockManagerInfo: Added broadcast_20_piece0 in memory on 68d0d8c522fe:33301 (size: 29.7 KiB, free: 433.6 MiB)
[2025-11-25T12:14:40.707+0000] {subprocess.py:106} INFO - 25/11/25 12:14:40 INFO SparkContext: Created broadcast 20 from broadcast at SparkBatch.java:79
[2025-11-25T12:14:40.830+0000] {subprocess.py:106} INFO - 25/11/25 12:14:40 INFO SparkContext: Starting job: $anonfun$withThreadLocalCaptured$1 at <unknown>:0
[2025-11-25T12:14:40.832+0000] {subprocess.py:106} INFO - 25/11/25 12:14:40 INFO DAGScheduler: Got job 9 ($anonfun$withThreadLocalCaptured$1 at <unknown>:0) with 7 output partitions
[2025-11-25T12:14:40.835+0000] {subprocess.py:106} INFO - 25/11/25 12:14:40 INFO DAGScheduler: Final stage: ResultStage 12 ($anonfun$withThreadLocalCaptured$1 at <unknown>:0)
[2025-11-25T12:14:40.836+0000] {subprocess.py:106} INFO - 25/11/25 12:14:40 INFO DAGScheduler: Parents of final stage: List()
[2025-11-25T12:14:40.838+0000] {subprocess.py:106} INFO - 25/11/25 12:14:40 INFO DAGScheduler: Missing parents: List()
[2025-11-25T12:14:40.839+0000] {subprocess.py:106} INFO - 25/11/25 12:14:40 INFO DAGScheduler: Submitting ResultStage 12 (MapPartitionsRDD[36] at $anonfun$withThreadLocalCaptured$1 at <unknown>:0), which has no missing parents
[2025-11-25T12:14:40.841+0000] {subprocess.py:106} INFO - 25/11/25 12:14:40 INFO MemoryStore: Block broadcast_21 stored as values in memory (estimated size 13.7 KiB, free 433.0 MiB)
[2025-11-25T12:14:40.864+0000] {subprocess.py:106} INFO - 25/11/25 12:14:40 INFO MemoryStore: Block broadcast_21_piece0 stored as bytes in memory (estimated size 5.5 KiB, free 433.0 MiB)
[2025-11-25T12:14:40.866+0000] {subprocess.py:106} INFO - 25/11/25 12:14:40 INFO BlockManagerInfo: Added broadcast_21_piece0 in memory on 68d0d8c522fe:33301 (size: 5.5 KiB, free: 433.6 MiB)
[2025-11-25T12:14:40.868+0000] {subprocess.py:106} INFO - 25/11/25 12:14:40 INFO SparkContext: Created broadcast 21 from broadcast at DAGScheduler.scala:1585
[2025-11-25T12:14:40.871+0000] {subprocess.py:106} INFO - 25/11/25 12:14:40 INFO BlockManagerInfo: Removed broadcast_15_piece0 on 68d0d8c522fe:33301 in memory (size: 273.1 KiB, free: 433.9 MiB)
[2025-11-25T12:14:40.872+0000] {subprocess.py:106} INFO - 25/11/25 12:14:40 INFO DAGScheduler: Submitting 7 missing tasks from ResultStage 12 (MapPartitionsRDD[36] at $anonfun$withThreadLocalCaptured$1 at <unknown>:0) (first 15 tasks are for partitions Vector(0, 1, 2, 3, 4, 5, 6))
[2025-11-25T12:14:40.874+0000] {subprocess.py:106} INFO - 25/11/25 12:14:40 INFO TaskSchedulerImpl: Adding task set 12.0 with 7 tasks resource profile 0
[2025-11-25T12:14:40.876+0000] {subprocess.py:106} INFO - 25/11/25 12:14:40 INFO BlockManagerInfo: Removed broadcast_15_piece0 on 172.30.0.7:45863 in memory (size: 273.1 KiB, free: 434.0 MiB)
[2025-11-25T12:14:40.881+0000] {subprocess.py:106} INFO - 25/11/25 12:14:40 INFO TaskSetManager: Starting task 0.0 in stage 12.0 (TID 21) (172.30.0.7, executor 0, partition 0, ANY, 15762 bytes)
[2025-11-25T12:14:40.894+0000] {subprocess.py:106} INFO - 25/11/25 12:14:40 INFO BlockManagerInfo: Removed broadcast_16_piece0 on 68d0d8c522fe:33301 in memory (size: 35.1 KiB, free: 433.9 MiB)
[2025-11-25T12:14:40.897+0000] {subprocess.py:106} INFO - 25/11/25 12:14:40 INFO BlockManagerInfo: Removed broadcast_16_piece0 on 172.30.0.7:45863 in memory (size: 35.1 KiB, free: 434.0 MiB)
[2025-11-25T12:14:40.911+0000] {subprocess.py:106} INFO - 25/11/25 12:14:40 INFO BlockManagerInfo: Added broadcast_21_piece0 in memory on 172.30.0.7:45863 (size: 5.5 KiB, free: 434.0 MiB)
[2025-11-25T12:14:40.921+0000] {subprocess.py:106} INFO - 25/11/25 12:14:40 INFO BlockManagerInfo: Removed broadcast_12_piece0 on 68d0d8c522fe:33301 in memory (size: 29.7 KiB, free: 434.0 MiB)
[2025-11-25T12:14:40.971+0000] {subprocess.py:106} INFO - 25/11/25 12:14:40 INFO BlockManagerInfo: Removed broadcast_13_piece0 on 172.30.0.7:45863 in memory (size: 29.7 KiB, free: 434.1 MiB)
[2025-11-25T12:14:40.981+0000] {subprocess.py:106} INFO - 25/11/25 12:14:40 INFO BlockManagerInfo: Removed broadcast_13_piece0 on 68d0d8c522fe:33301 in memory (size: 29.7 KiB, free: 434.0 MiB)
[2025-11-25T12:14:40.988+0000] {subprocess.py:106} INFO - 25/11/25 12:14:40 INFO BlockManagerInfo: Added broadcast_20_piece0 in memory on 172.30.0.7:45863 (size: 29.7 KiB, free: 434.0 MiB)
[2025-11-25T12:14:41.541+0000] {subprocess.py:106} INFO - 25/11/25 12:14:41 INFO TaskSetManager: Starting task 1.0 in stage 12.0 (TID 22) (172.30.0.7, executor 0, partition 1, ANY, 15761 bytes)
[2025-11-25T12:14:41.542+0000] {subprocess.py:106} INFO - 25/11/25 12:14:41 INFO TaskSetManager: Finished task 0.0 in stage 12.0 (TID 21) in 651 ms on 172.30.0.7 (executor 0) (1/7)
[2025-11-25T12:14:43.308+0000] {subprocess.py:106} INFO - 25/11/25 12:14:43 INFO TaskSetManager: Starting task 2.0 in stage 12.0 (TID 23) (172.30.0.7, executor 0, partition 2, ANY, 15762 bytes)
[2025-11-25T12:14:43.314+0000] {subprocess.py:106} INFO - 25/11/25 12:14:43 INFO TaskSetManager: Finished task 1.0 in stage 12.0 (TID 22) in 1786 ms on 172.30.0.7 (executor 0) (2/7)
[2025-11-25T12:14:43.676+0000] {subprocess.py:106} INFO - 25/11/25 12:14:43 INFO TaskSetManager: Starting task 3.0 in stage 12.0 (TID 24) (172.30.0.7, executor 0, partition 3, ANY, 15753 bytes)
[2025-11-25T12:14:43.678+0000] {subprocess.py:106} INFO - 25/11/25 12:14:43 INFO TaskSetManager: Finished task 2.0 in stage 12.0 (TID 23) in 373 ms on 172.30.0.7 (executor 0) (3/7)
[2025-11-25T12:14:43.994+0000] {subprocess.py:106} INFO - 25/11/25 12:14:43 INFO TaskSetManager: Starting task 4.0 in stage 12.0 (TID 25) (172.30.0.7, executor 0, partition 4, ANY, 15762 bytes)
[2025-11-25T12:14:43.996+0000] {subprocess.py:106} INFO - 25/11/25 12:14:43 INFO TaskSetManager: Finished task 3.0 in stage 12.0 (TID 24) in 320 ms on 172.30.0.7 (executor 0) (4/7)
[2025-11-25T12:14:44.296+0000] {subprocess.py:106} INFO - 25/11/25 12:14:44 INFO TaskSetManager: Starting task 5.0 in stage 12.0 (TID 26) (172.30.0.7, executor 0, partition 5, ANY, 15762 bytes)
[2025-11-25T12:14:44.299+0000] {subprocess.py:106} INFO - 25/11/25 12:14:44 INFO TaskSetManager: Finished task 4.0 in stage 12.0 (TID 25) in 304 ms on 172.30.0.7 (executor 0) (5/7)
[2025-11-25T12:14:44.597+0000] {subprocess.py:106} INFO - 25/11/25 12:14:44 INFO TaskSetManager: Starting task 6.0 in stage 12.0 (TID 27) (172.30.0.7, executor 0, partition 6, ANY, 14808 bytes)
[2025-11-25T12:14:44.604+0000] {subprocess.py:106} INFO - 25/11/25 12:14:44 INFO TaskSetManager: Finished task 5.0 in stage 12.0 (TID 26) in 303 ms on 172.30.0.7 (executor 0) (6/7)
[2025-11-25T12:14:44.769+0000] {subprocess.py:106} INFO - 25/11/25 12:14:44 INFO TaskSetManager: Finished task 6.0 in stage 12.0 (TID 27) in 172 ms on 172.30.0.7 (executor 0) (7/7)
[2025-11-25T12:14:44.774+0000] {subprocess.py:106} INFO - 25/11/25 12:14:44 INFO TaskSchedulerImpl: Removed TaskSet 12.0, whose tasks have all completed, from pool
[2025-11-25T12:14:44.782+0000] {subprocess.py:106} INFO - 25/11/25 12:14:44 INFO DAGScheduler: ResultStage 12 ($anonfun$withThreadLocalCaptured$1 at <unknown>:0) finished in 3.932 s
[2025-11-25T12:14:44.784+0000] {subprocess.py:106} INFO - 25/11/25 12:14:44 INFO DAGScheduler: Job 9 is finished. Cancelling potential speculative or zombie tasks for this job
[2025-11-25T12:14:44.785+0000] {subprocess.py:106} INFO - 25/11/25 12:14:44 INFO TaskSchedulerImpl: Killing all running tasks in stage 12: Stage finished
[2025-11-25T12:14:44.786+0000] {subprocess.py:106} INFO - 25/11/25 12:14:44 INFO DAGScheduler: Job 9 finished: $anonfun$withThreadLocalCaptured$1 at <unknown>:0, took 3.136570 s
[2025-11-25T12:14:44.821+0000] {subprocess.py:106} INFO - 25/11/25 12:14:44 INFO BlockManagerInfo: Removed broadcast_21_piece0 on 68d0d8c522fe:33301 in memory (size: 5.5 KiB, free: 434.0 MiB)
[2025-11-25T12:14:44.826+0000] {subprocess.py:106} INFO - 25/11/25 12:14:44 INFO MemoryStore: Block broadcast_22_piece0 stored as bytes in memory (estimated size 272.1 KiB, free 433.4 MiB)
[2025-11-25T12:14:44.827+0000] {subprocess.py:106} INFO - 25/11/25 12:14:44 INFO BlockManagerInfo: Added broadcast_22_piece0 in memory on 68d0d8c522fe:33301 (size: 272.1 KiB, free: 433.7 MiB)
[2025-11-25T12:14:44.828+0000] {subprocess.py:106} INFO - 25/11/25 12:14:44 INFO BlockManagerInfo: Removed broadcast_21_piece0 on 172.30.0.7:45863 in memory (size: 5.5 KiB, free: 434.0 MiB)
[2025-11-25T12:14:44.829+0000] {subprocess.py:106} INFO - 25/11/25 12:14:44 INFO SparkContext: Created broadcast 22 from $anonfun$withThreadLocalCaptured$1 at <unknown>:0
[2025-11-25T12:14:44.835+0000] {subprocess.py:106} INFO - 25/11/25 12:14:44 INFO FileSourceStrategy: Pushed Filters:
[2025-11-25T12:14:44.836+0000] {subprocess.py:106} INFO - 25/11/25 12:14:44 INFO FileSourceStrategy: Post-Scan Filters:
[2025-11-25T12:14:44.897+0000] {subprocess.py:106} INFO - 25/11/25 12:14:44 INFO CodeGenerator: Code generated in 25.755538 ms
[2025-11-25T12:14:44.901+0000] {subprocess.py:106} INFO - 25/11/25 12:14:44 INFO MemoryStore: Block broadcast_23 stored as values in memory (estimated size 203.1 KiB, free 433.2 MiB)
[2025-11-25T12:14:44.923+0000] {subprocess.py:106} INFO - 25/11/25 12:14:44 INFO MemoryStore: Block broadcast_23_piece0 stored as bytes in memory (estimated size 35.1 KiB, free 433.2 MiB)
[2025-11-25T12:14:44.925+0000] {subprocess.py:106} INFO - 25/11/25 12:14:44 INFO BlockManagerInfo: Added broadcast_23_piece0 in memory on 68d0d8c522fe:33301 (size: 35.1 KiB, free: 433.7 MiB)
[2025-11-25T12:14:44.926+0000] {subprocess.py:106} INFO - 25/11/25 12:14:44 INFO SparkContext: Created broadcast 23 from append at <unknown>:0
[2025-11-25T12:14:44.928+0000] {subprocess.py:106} INFO - 25/11/25 12:14:44 INFO FileSourceScanExec: Planning scan with bin packing, max size: 4194304 bytes, open cost is considered as scanning 4194304 bytes.
[2025-11-25T12:14:44.940+0000] {subprocess.py:106} INFO - 25/11/25 12:14:44 INFO MemoryStore: Block broadcast_24 stored as values in memory (estimated size 32.0 KiB, free 433.1 MiB)
[2025-11-25T12:14:44.944+0000] {subprocess.py:106} INFO - 25/11/25 12:14:44 INFO MemoryStore: Block broadcast_24_piece0 stored as bytes in memory (estimated size 29.7 KiB, free 433.1 MiB)
[2025-11-25T12:14:44.945+0000] {subprocess.py:106} INFO - 25/11/25 12:14:44 INFO BlockManagerInfo: Added broadcast_24_piece0 in memory on 68d0d8c522fe:33301 (size: 29.7 KiB, free: 433.7 MiB)
[2025-11-25T12:14:44.945+0000] {subprocess.py:106} INFO - 25/11/25 12:14:44 INFO SparkContext: Created broadcast 24 from broadcast at SparkWrite.java:193
[2025-11-25T12:14:44.949+0000] {subprocess.py:106} INFO - 25/11/25 12:14:44 INFO AppendDataExec: Start processing data source write support: IcebergBatchWrite(table=hive_catalog.bronze.it_jobs_raw, format=PARQUET). The input RDD has 1 partitions.
[2025-11-25T12:14:44.973+0000] {subprocess.py:106} INFO - 25/11/25 12:14:44 INFO SparkContext: Starting job: append at <unknown>:0
[2025-11-25T12:14:44.974+0000] {subprocess.py:106} INFO - 25/11/25 12:14:44 INFO DAGScheduler: Got job 10 (append at <unknown>:0) with 1 output partitions
[2025-11-25T12:14:44.975+0000] {subprocess.py:106} INFO - 25/11/25 12:14:44 INFO DAGScheduler: Final stage: ResultStage 13 (append at <unknown>:0)
[2025-11-25T12:14:44.976+0000] {subprocess.py:106} INFO - 25/11/25 12:14:44 INFO DAGScheduler: Parents of final stage: List()
[2025-11-25T12:14:44.980+0000] {subprocess.py:106} INFO - 25/11/25 12:14:44 INFO DAGScheduler: Missing parents: List()
[2025-11-25T12:14:44.984+0000] {subprocess.py:106} INFO - 25/11/25 12:14:44 INFO DAGScheduler: Submitting ResultStage 13 (MapPartitionsRDD[39] at append at <unknown>:0), which has no missing parents
[2025-11-25T12:14:44.985+0000] {subprocess.py:106} INFO - 25/11/25 12:14:44 INFO MemoryStore: Block broadcast_25 stored as values in memory (estimated size 22.1 KiB, free 433.1 MiB)
[2025-11-25T12:14:44.987+0000] {subprocess.py:106} INFO - 25/11/25 12:14:44 INFO MemoryStore: Block broadcast_25_piece0 stored as bytes in memory (estimated size 9.8 KiB, free 433.1 MiB)
[2025-11-25T12:14:44.988+0000] {subprocess.py:106} INFO - 25/11/25 12:14:44 INFO BlockManagerInfo: Added broadcast_25_piece0 in memory on 68d0d8c522fe:33301 (size: 9.8 KiB, free: 433.6 MiB)
[2025-11-25T12:14:44.990+0000] {subprocess.py:106} INFO - 25/11/25 12:14:44 INFO SparkContext: Created broadcast 25 from broadcast at DAGScheduler.scala:1585
[2025-11-25T12:14:44.991+0000] {subprocess.py:106} INFO - 25/11/25 12:14:44 INFO DAGScheduler: Submitting 1 missing tasks from ResultStage 13 (MapPartitionsRDD[39] at append at <unknown>:0) (first 15 tasks are for partitions Vector(0))
[2025-11-25T12:14:44.992+0000] {subprocess.py:106} INFO - 25/11/25 12:14:44 INFO TaskSchedulerImpl: Adding task set 13.0 with 1 tasks resource profile 0
[2025-11-25T12:14:44.994+0000] {subprocess.py:106} INFO - 25/11/25 12:14:44 INFO TaskSetManager: Starting task 0.0 in stage 13.0 (TID 28) (172.30.0.7, executor 0, partition 0, ANY, 9955 bytes)
[2025-11-25T12:14:45.009+0000] {subprocess.py:106} INFO - 25/11/25 12:14:45 INFO BlockManagerInfo: Added broadcast_25_piece0 in memory on 172.30.0.7:45863 (size: 9.8 KiB, free: 434.0 MiB)
[2025-11-25T12:14:45.072+0000] {subprocess.py:106} INFO - 25/11/25 12:14:45 INFO BlockManagerInfo: Added broadcast_22_piece0 in memory on 172.30.0.7:45863 (size: 272.1 KiB, free: 433.8 MiB)
[2025-11-25T12:14:45.115+0000] {subprocess.py:106} INFO - 25/11/25 12:14:45 INFO BlockManagerInfo: Added broadcast_24_piece0 in memory on 172.30.0.7:45863 (size: 29.7 KiB, free: 433.7 MiB)
[2025-11-25T12:14:45.404+0000] {subprocess.py:106} INFO - 25/11/25 12:14:45 INFO BlockManagerInfo: Added broadcast_23_piece0 in memory on 172.30.0.7:45863 (size: 35.1 KiB, free: 433.7 MiB)
[2025-11-25T12:14:45.842+0000] {subprocess.py:106} INFO - 25/11/25 12:14:45 INFO TaskSetManager: Finished task 0.0 in stage 13.0 (TID 28) in 849 ms on 172.30.0.7 (executor 0) (1/1)
[2025-11-25T12:14:45.844+0000] {subprocess.py:106} INFO - 25/11/25 12:14:45 INFO TaskSchedulerImpl: Removed TaskSet 13.0, whose tasks have all completed, from pool
[2025-11-25T12:14:45.845+0000] {subprocess.py:106} INFO - 25/11/25 12:14:45 INFO DAGScheduler: ResultStage 13 (append at <unknown>:0) finished in 0.859 s
[2025-11-25T12:14:45.845+0000] {subprocess.py:106} INFO - 25/11/25 12:14:45 INFO DAGScheduler: Job 10 is finished. Cancelling potential speculative or zombie tasks for this job
[2025-11-25T12:14:45.846+0000] {subprocess.py:106} INFO - 25/11/25 12:14:45 INFO TaskSchedulerImpl: Killing all running tasks in stage 13: Stage finished
[2025-11-25T12:14:45.847+0000] {subprocess.py:106} INFO - 25/11/25 12:14:45 INFO DAGScheduler: Job 10 finished: append at <unknown>:0, took 0.870135 s
[2025-11-25T12:14:45.848+0000] {subprocess.py:106} INFO - 25/11/25 12:14:45 INFO AppendDataExec: Data source write support IcebergBatchWrite(table=hive_catalog.bronze.it_jobs_raw, format=PARQUET) is committing.
[2025-11-25T12:14:45.886+0000] {subprocess.py:106} INFO - 25/11/25 12:14:45 INFO SparkWrite: Committing append with 1 new data files to table hive_catalog.bronze.it_jobs_raw
[2025-11-25T12:14:50.093+0000] {subprocess.py:106} INFO - 25/11/25 12:14:50 INFO HiveTableOperations: Committed to table hive_catalog.bronze.it_jobs_raw with the new metadata location hdfs://dinhhoa-master:9000/user/ndh/warehouse/bronze.db/it_jobs_raw/metadata/00026-fe33938e-a963-4bb2-998f-55eb7170e5c9.metadata.json
[2025-11-25T12:14:50.094+0000] {subprocess.py:106} INFO - 25/11/25 12:14:50 INFO BaseMetastoreTableOperations: Successfully committed to table hive_catalog.bronze.it_jobs_raw in 3167 ms
[2025-11-25T12:14:50.094+0000] {subprocess.py:106} INFO - 25/11/25 12:14:50 INFO SnapshotProducer: Committed snapshot 804080356627015663 (MergeAppend)
[2025-11-25T12:14:50.115+0000] {subprocess.py:106} INFO - 25/11/25 12:14:50 INFO BaseMetastoreTableOperations: Refreshing table metadata from new version: hdfs://dinhhoa-master:9000/user/ndh/warehouse/bronze.db/it_jobs_raw/metadata/00026-fe33938e-a963-4bb2-998f-55eb7170e5c9.metadata.json
[2025-11-25T12:14:50.211+0000] {subprocess.py:106} INFO - 25/11/25 12:14:50 INFO LoggingMetricsReporter: Received metrics report: CommitReport{tableName=hive_catalog.bronze.it_jobs_raw, snapshotId=804080356627015663, sequenceNumber=27, operation=append, commitMetrics=CommitMetricsResult{totalDuration=TimerResult{timeUnit=NANOSECONDS, totalDuration=PT4.285485042S, count=1}, attempts=CounterResult{unit=COUNT, value=1}, addedDataFiles=CounterResult{unit=COUNT, value=1}, removedDataFiles=null, totalDataFiles=CounterResult{unit=COUNT, value=27}, addedDeleteFiles=null, addedEqualityDeleteFiles=null, addedPositionalDeleteFiles=null, removedDeleteFiles=null, removedEqualityDeleteFiles=null, removedPositionalDeleteFiles=null, totalDeleteFiles=CounterResult{unit=COUNT, value=0}, addedRecords=CounterResult{unit=COUNT, value=86}, removedRecords=null, totalRecords=CounterResult{unit=COUNT, value=4693}, addedFilesSizeInBytes=CounterResult{unit=BYTES, value=13156}, removedFilesSizeInBytes=null, totalFilesSizeInBytes=CounterResult{unit=BYTES, value=392467}, addedPositionalDeletes=null, removedPositionalDeletes=null, totalPositionalDeletes=CounterResult{unit=COUNT, value=0}, addedEqualityDeletes=null, removedEqualityDeletes=null, totalEqualityDeletes=CounterResult{unit=COUNT, value=0}}, metadata={engine-version=3.5.3, app-id=app-20251125121406-0000, engine-name=spark, iceberg-version=Apache Iceberg 1.6.1 (commit 8e9d59d299be42b0bca9461457cd1e95dbaad086)}}
[2025-11-25T12:14:50.212+0000] {subprocess.py:106} INFO - 25/11/25 12:14:50 INFO SparkWrite: Committed in 4322 ms
[2025-11-25T12:14:50.212+0000] {subprocess.py:106} INFO - 25/11/25 12:14:50 INFO AppendDataExec: Data source write support IcebergBatchWrite(table=hive_catalog.bronze.it_jobs_raw, format=PARQUET) committed.
[2025-11-25T12:14:50.215+0000] {subprocess.py:106} INFO -  Loaded into: hive_catalog.bronze.it_jobs_raw
[2025-11-25T12:14:50.216+0000] {subprocess.py:106} INFO - 25/11/25 12:14:50 INFO SparkContext: SparkContext is stopping with exitCode 0.
[2025-11-25T12:14:50.230+0000] {subprocess.py:106} INFO - 25/11/25 12:14:50 INFO BlockManagerInfo: Removed broadcast_19_piece0 on 68d0d8c522fe:33301 in memory (size: 29.7 KiB, free: 433.7 MiB)
[2025-11-25T12:14:50.240+0000] {subprocess.py:106} INFO - 25/11/25 12:14:50 INFO BlockManagerInfo: Removed broadcast_25_piece0 on 68d0d8c522fe:33301 in memory (size: 9.8 KiB, free: 433.7 MiB)
[2025-11-25T12:14:50.247+0000] {subprocess.py:106} INFO - 25/11/25 12:14:50 INFO BlockManagerInfo: Removed broadcast_25_piece0 on 172.30.0.7:45863 in memory (size: 9.8 KiB, free: 433.7 MiB)
[2025-11-25T12:14:50.249+0000] {subprocess.py:106} INFO - 25/11/25 12:14:50 INFO SparkUI: Stopped Spark web UI at http://68d0d8c522fe:4040
[2025-11-25T12:14:50.262+0000] {subprocess.py:106} INFO - 25/11/25 12:14:50 INFO StandaloneSchedulerBackend: Shutting down all executors
[2025-11-25T12:14:50.263+0000] {subprocess.py:106} INFO - 25/11/25 12:14:50 INFO StandaloneSchedulerBackend$StandaloneDriverEndpoint: Asking each executor to shut down
[2025-11-25T12:14:50.302+0000] {subprocess.py:106} INFO - 25/11/25 12:14:50 INFO MapOutputTrackerMasterEndpoint: MapOutputTrackerMasterEndpoint stopped!
[2025-11-25T12:14:50.331+0000] {subprocess.py:106} INFO - 25/11/25 12:14:50 INFO MemoryStore: MemoryStore cleared
[2025-11-25T12:14:50.333+0000] {subprocess.py:106} INFO - 25/11/25 12:14:50 INFO BlockManager: BlockManager stopped
[2025-11-25T12:14:50.342+0000] {subprocess.py:106} INFO - 25/11/25 12:14:50 INFO BlockManagerMaster: BlockManagerMaster stopped
[2025-11-25T12:14:50.352+0000] {subprocess.py:106} INFO - 25/11/25 12:14:50 INFO OutputCommitCoordinator$OutputCommitCoordinatorEndpoint: OutputCommitCoordinator stopped!
[2025-11-25T12:14:50.396+0000] {subprocess.py:106} INFO - 25/11/25 12:14:50 INFO SparkContext: Successfully stopped SparkContext
[2025-11-25T12:14:50.502+0000] {subprocess.py:106} INFO - 25/11/25 12:14:50 INFO ShutdownHookManager: Shutdown hook called
[2025-11-25T12:14:50.503+0000] {subprocess.py:106} INFO - 25/11/25 12:14:50 INFO ShutdownHookManager: Deleting directory /tmp/spark-92364fa7-a733-4703-9e83-a71d09a5c3af/pyspark-d35e82d8-8c16-4b0e-8319-731f5d988f75
[2025-11-25T12:14:50.507+0000] {subprocess.py:106} INFO - 25/11/25 12:14:50 INFO ShutdownHookManager: Deleting directory /tmp/spark-5a9b1488-e2d9-4a6f-83c9-ebf24fe077df
[2025-11-25T12:14:50.510+0000] {subprocess.py:106} INFO - 25/11/25 12:14:50 INFO ShutdownHookManager: Deleting directory /tmp/spark-92364fa7-a733-4703-9e83-a71d09a5c3af
[2025-11-25T12:14:50.608+0000] {subprocess.py:110} INFO - Command exited with return code 0
[2025-11-25T12:14:50.701+0000] {taskinstance.py:341} INFO - ::group::Post task execution logs
[2025-11-25T12:14:50.702+0000] {taskinstance.py:353} INFO - Marking task as SUCCESS. dag_id=crawl_etl_itjob, task_id=load_bronze, run_id=scheduled__2025-11-23T02:00:00+00:00, execution_date=20251123T020000, start_date=20251125T121359, end_date=20251125T121450
[2025-11-25T12:14:50.824+0000] {local_task_job_runner.py:266} INFO - Task exited with return code 0
[2025-11-25T12:14:50.885+0000] {taskinstance.py:3901} INFO - 1 downstream tasks scheduled from follow-on schedule check
[2025-11-25T12:14:50.888+0000] {local_task_job_runner.py:245} INFO - ::endgroup::
