[2025-11-10T14:00:36.240+0000] {local_task_job_runner.py:123} INFO - ::group::Pre task execution logs
[2025-11-10T14:00:36.275+0000] {taskinstance.py:2614} INFO - Dependencies all met for dep_context=non-requeueable deps ti=<TaskInstance: crawl_etl_itjob.clean_silver scheduled__2025-11-09T02:00:00+00:00 [queued]>
[2025-11-10T14:00:36.285+0000] {taskinstance.py:2614} INFO - Dependencies all met for dep_context=requeueable deps ti=<TaskInstance: crawl_etl_itjob.clean_silver scheduled__2025-11-09T02:00:00+00:00 [queued]>
[2025-11-10T14:00:36.286+0000] {taskinstance.py:2867} INFO - Starting attempt 1 of 2
[2025-11-10T14:00:36.298+0000] {taskinstance.py:2890} INFO - Executing <Task(BashOperator): clean_silver> on 2025-11-09 02:00:00+00:00
[2025-11-10T14:00:36.303+0000] {standard_task_runner.py:72} INFO - Started process 70 to run task
[2025-11-10T14:00:36.308+0000] {standard_task_runner.py:104} INFO - Running: ['***', 'tasks', 'run', 'crawl_etl_itjob', 'clean_silver', 'scheduled__2025-11-09T02:00:00+00:00', '--job-id', '137', '--raw', '--subdir', 'DAGS_FOLDER/Crawl_ETL_ITJob.py', '--cfg-path', '/tmp/tmp7ipgscse']
[2025-11-10T14:00:36.310+0000] {standard_task_runner.py:105} INFO - Job 137: Subtask clean_silver
[2025-11-10T14:00:36.340+0000] {warnings.py:109} WARNING - /home/***/.local/lib/python3.8/site-packages/***/settings.py:209: DeprecationWarning: The sql_alchemy_conn option in [core] has been moved to the sql_alchemy_conn option in [database] - the old setting has been used, but please update your config.
  SQL_ALCHEMY_CONN = conf.get("database", "SQL_ALCHEMY_CONN")

[2025-11-10T14:00:36.418+0000] {task_command.py:467} INFO - Running <TaskInstance: crawl_etl_itjob.clean_silver scheduled__2025-11-09T02:00:00+00:00 [running]> on host a1de7f96d4f1
[2025-11-10T14:00:36.420+0000] {warnings.py:109} WARNING - /home/***/.local/lib/python3.8/site-packages/***/settings.py:470: DeprecationWarning: The sql_alchemy_conn option in [core] has been moved to the sql_alchemy_conn option in [database] - the old setting has been used, but please update your config.
  if conf.get("database", "sql_alchemy_conn") == "none://":

[2025-11-10T14:00:36.593+0000] {taskinstance.py:3134} INFO - Exporting env vars: AIRFLOW_CTX_DAG_EMAIL='alert@datateam.local' AIRFLOW_CTX_DAG_OWNER='***' AIRFLOW_CTX_DAG_ID='crawl_etl_itjob' AIRFLOW_CTX_TASK_ID='clean_silver' AIRFLOW_CTX_EXECUTION_DATE='2025-11-09T02:00:00+00:00' AIRFLOW_CTX_TRY_NUMBER='1' AIRFLOW_CTX_DAG_RUN_ID='scheduled__2025-11-09T02:00:00+00:00'
[2025-11-10T14:00:36.594+0000] {taskinstance.py:732} INFO - ::endgroup::
[2025-11-10T14:00:36.607+0000] {subprocess.py:78} INFO - Tmp dir root location: /tmp
[2025-11-10T14:00:36.608+0000] {subprocess.py:88} INFO - Running command: ['/bin/bash', '-c', "\n        docker exec spark-submit bash -c '\n        /opt/spark/bin/spark-submit         --master spark://spark-master:7077         --deploy-mode client         --packages org.apache.iceberg:iceberg-spark-runtime-3.5_2.12:1.5.0         /opt/spark/scripts/Clean_Silver.py\n        '\n        "]
[2025-11-10T14:00:36.618+0000] {subprocess.py:99} INFO - Output:
[2025-11-10T14:00:38.328+0000] {subprocess.py:106} INFO - :: loading settings :: url = jar:file:/opt/spark/jars/ivy-2.5.1.jar!/org/apache/ivy/core/settings/ivysettings.xml
[2025-11-10T14:00:38.406+0000] {subprocess.py:106} INFO - Ivy Default Cache set to: /home/spark/.ivy2/cache
[2025-11-10T14:00:38.407+0000] {subprocess.py:106} INFO - The jars for the packages stored in: /home/spark/.ivy2/jars
[2025-11-10T14:00:38.412+0000] {subprocess.py:106} INFO - org.apache.iceberg#iceberg-spark-runtime-3.5_2.12 added as a dependency
[2025-11-10T14:00:38.413+0000] {subprocess.py:106} INFO - :: resolving dependencies :: org.apache.spark#spark-submit-parent-486d8a38-25db-431e-a0dd-51dd753edd47;1.0
[2025-11-10T14:00:38.413+0000] {subprocess.py:106} INFO - 	confs: [default]
[2025-11-10T14:00:38.502+0000] {subprocess.py:106} INFO - 	found org.apache.iceberg#iceberg-spark-runtime-3.5_2.12;1.5.0 in central
[2025-11-10T14:00:38.514+0000] {subprocess.py:106} INFO - :: resolution report :: resolve 98ms :: artifacts dl 4ms
[2025-11-10T14:00:38.515+0000] {subprocess.py:106} INFO - 	:: modules in use:
[2025-11-10T14:00:38.516+0000] {subprocess.py:106} INFO - 	org.apache.iceberg#iceberg-spark-runtime-3.5_2.12;1.5.0 from central in [default]
[2025-11-10T14:00:38.517+0000] {subprocess.py:106} INFO - 	---------------------------------------------------------------------
[2025-11-10T14:00:38.517+0000] {subprocess.py:106} INFO - 	|                  |            modules            ||   artifacts   |
[2025-11-10T14:00:38.517+0000] {subprocess.py:106} INFO - 	|       conf       | number| search|dwnlded|evicted|| number|dwnlded|
[2025-11-10T14:00:38.518+0000] {subprocess.py:106} INFO - 	---------------------------------------------------------------------
[2025-11-10T14:00:38.518+0000] {subprocess.py:106} INFO - 	|      default     |   1   |   0   |   0   |   0   ||   1   |   0   |
[2025-11-10T14:00:38.518+0000] {subprocess.py:106} INFO - 	---------------------------------------------------------------------
[2025-11-10T14:00:38.519+0000] {subprocess.py:106} INFO - :: retrieving :: org.apache.spark#spark-submit-parent-486d8a38-25db-431e-a0dd-51dd753edd47
[2025-11-10T14:00:38.523+0000] {subprocess.py:106} INFO - 	confs: [default]
[2025-11-10T14:00:38.525+0000] {subprocess.py:106} INFO - 	0 artifacts copied, 1 already retrieved (0kB/6ms)
[2025-11-10T14:00:38.713+0000] {subprocess.py:106} INFO - 25/11/10 14:00:38 WARN NativeCodeLoader: Unable to load native-hadoop library for your platform... using builtin-java classes where applicable
[2025-11-10T14:00:39.526+0000] {subprocess.py:106} INFO - 25/11/10 14:00:39 INFO SparkContext: Running Spark version 3.5.3
[2025-11-10T14:00:39.526+0000] {subprocess.py:106} INFO - 25/11/10 14:00:39 INFO SparkContext: OS info Linux, 6.6.87.2-microsoft-standard-WSL2, amd64
[2025-11-10T14:00:39.527+0000] {subprocess.py:106} INFO - 25/11/10 14:00:39 INFO SparkContext: Java version 11.0.24
[2025-11-10T14:00:39.546+0000] {subprocess.py:106} INFO - 25/11/10 14:00:39 INFO ResourceUtils: ==============================================================
[2025-11-10T14:00:39.547+0000] {subprocess.py:106} INFO - 25/11/10 14:00:39 INFO ResourceUtils: No custom resources configured for spark.driver.
[2025-11-10T14:00:39.548+0000] {subprocess.py:106} INFO - 25/11/10 14:00:39 INFO ResourceUtils: ==============================================================
[2025-11-10T14:00:39.549+0000] {subprocess.py:106} INFO - 25/11/10 14:00:39 INFO SparkContext: Submitted application: Clean_Silver_Hive_Iceberg
[2025-11-10T14:00:39.572+0000] {subprocess.py:106} INFO - 25/11/10 14:00:39 INFO ResourceProfile: Default ResourceProfile created, executor resources: Map(memory -> name: memory, amount: 1024, script: , vendor: , offHeap -> name: offHeap, amount: 0, script: , vendor: ), task resources: Map(cpus -> name: cpus, amount: 1.0)
[2025-11-10T14:00:39.584+0000] {subprocess.py:106} INFO - 25/11/10 14:00:39 INFO ResourceProfile: Limiting resource is cpu
[2025-11-10T14:00:39.584+0000] {subprocess.py:106} INFO - 25/11/10 14:00:39 INFO ResourceProfileManager: Added ResourceProfile id: 0
[2025-11-10T14:00:39.653+0000] {subprocess.py:106} INFO - 25/11/10 14:00:39 INFO SecurityManager: Changing view acls to: spark
[2025-11-10T14:00:39.654+0000] {subprocess.py:106} INFO - 25/11/10 14:00:39 INFO SecurityManager: Changing modify acls to: spark
[2025-11-10T14:00:39.655+0000] {subprocess.py:106} INFO - 25/11/10 14:00:39 INFO SecurityManager: Changing view acls groups to:
[2025-11-10T14:00:39.656+0000] {subprocess.py:106} INFO - 25/11/10 14:00:39 INFO SecurityManager: Changing modify acls groups to:
[2025-11-10T14:00:39.657+0000] {subprocess.py:106} INFO - 25/11/10 14:00:39 INFO SecurityManager: SecurityManager: authentication disabled; ui acls disabled; users with view permissions: spark; groups with view permissions: EMPTY; users with modify permissions: spark; groups with modify permissions: EMPTY
[2025-11-10T14:00:39.985+0000] {subprocess.py:106} INFO - 25/11/10 14:00:39 INFO Utils: Successfully started service 'sparkDriver' on port 34063.
[2025-11-10T14:00:40.010+0000] {subprocess.py:106} INFO - 25/11/10 14:00:40 INFO SparkEnv: Registering MapOutputTracker
[2025-11-10T14:00:40.039+0000] {subprocess.py:106} INFO - 25/11/10 14:00:40 INFO SparkEnv: Registering BlockManagerMaster
[2025-11-10T14:00:40.057+0000] {subprocess.py:106} INFO - 25/11/10 14:00:40 INFO BlockManagerMasterEndpoint: Using org.apache.spark.storage.DefaultTopologyMapper for getting topology information
[2025-11-10T14:00:40.058+0000] {subprocess.py:106} INFO - 25/11/10 14:00:40 INFO BlockManagerMasterEndpoint: BlockManagerMasterEndpoint up
[2025-11-10T14:00:40.062+0000] {subprocess.py:106} INFO - 25/11/10 14:00:40 INFO SparkEnv: Registering BlockManagerMasterHeartbeat
[2025-11-10T14:00:40.086+0000] {subprocess.py:106} INFO - 25/11/10 14:00:40 INFO DiskBlockManager: Created local directory at /tmp/blockmgr-d9c4fdbd-f3fc-485d-8e15-6cc19aaed2db
[2025-11-10T14:00:40.099+0000] {subprocess.py:106} INFO - 25/11/10 14:00:40 INFO MemoryStore: MemoryStore started with capacity 434.4 MiB
[2025-11-10T14:00:40.114+0000] {subprocess.py:106} INFO - 25/11/10 14:00:40 INFO SparkEnv: Registering OutputCommitCoordinator
[2025-11-10T14:00:40.254+0000] {subprocess.py:106} INFO - 25/11/10 14:00:40 INFO JettyUtils: Start Jetty 0.0.0.0:4040 for SparkUI
[2025-11-10T14:00:40.303+0000] {subprocess.py:106} INFO - 25/11/10 14:00:40 INFO Utils: Successfully started service 'SparkUI' on port 4040.
[2025-11-10T14:00:40.335+0000] {subprocess.py:106} INFO - 25/11/10 14:00:40 INFO SparkContext: Added JAR file:///home/spark/.ivy2/jars/org.apache.iceberg_iceberg-spark-runtime-3.5_2.12-1.5.0.jar at spark://68d0d8c522fe:34063/jars/org.apache.iceberg_iceberg-spark-runtime-3.5_2.12-1.5.0.jar with timestamp 1762783239516
[2025-11-10T14:00:40.339+0000] {subprocess.py:106} INFO - 25/11/10 14:00:40 INFO SparkContext: Added file file:///home/spark/.ivy2/jars/org.apache.iceberg_iceberg-spark-runtime-3.5_2.12-1.5.0.jar at spark://68d0d8c522fe:34063/files/org.apache.iceberg_iceberg-spark-runtime-3.5_2.12-1.5.0.jar with timestamp 1762783239516
[2025-11-10T14:00:40.341+0000] {subprocess.py:106} INFO - 25/11/10 14:00:40 INFO Utils: Copying /home/spark/.ivy2/jars/org.apache.iceberg_iceberg-spark-runtime-3.5_2.12-1.5.0.jar to /tmp/spark-d4b8845d-d116-4a2a-a8cf-c778bbe6dff4/userFiles-85211a66-a81a-4f12-8714-2550b345944f/org.apache.iceberg_iceberg-spark-runtime-3.5_2.12-1.5.0.jar
[2025-11-10T14:00:40.445+0000] {subprocess.py:106} INFO - 25/11/10 14:00:40 INFO StandaloneAppClient$ClientEndpoint: Connecting to master spark://spark-master:7077...
[2025-11-10T14:00:40.499+0000] {subprocess.py:106} INFO - 25/11/10 14:00:40 INFO TransportClientFactory: Successfully created connection to spark-master/172.30.0.6:7077 after 26 ms (0 ms spent in bootstraps)
[2025-11-10T14:00:40.577+0000] {subprocess.py:106} INFO - 25/11/10 14:00:40 INFO StandaloneSchedulerBackend: Connected to Spark cluster with app ID app-20251110140040-0001
[2025-11-10T14:00:40.578+0000] {subprocess.py:106} INFO - 25/11/10 14:00:40 INFO StandaloneAppClient$ClientEndpoint: Executor added: app-20251110140040-0001/0 on worker-20251110133026-172.30.0.8-42261 (172.30.0.8:42261) with 1 core(s)
[2025-11-10T14:00:40.581+0000] {subprocess.py:106} INFO - 25/11/10 14:00:40 INFO StandaloneSchedulerBackend: Granted executor ID app-20251110140040-0001/0 on hostPort 172.30.0.8:42261 with 1 core(s), 1024.0 MiB RAM
[2025-11-10T14:00:40.590+0000] {subprocess.py:106} INFO - 25/11/10 14:00:40 INFO Utils: Successfully started service 'org.apache.spark.network.netty.NettyBlockTransferService' on port 37987.
[2025-11-10T14:00:40.591+0000] {subprocess.py:106} INFO - 25/11/10 14:00:40 INFO NettyBlockTransferService: Server created on 68d0d8c522fe:37987
[2025-11-10T14:00:40.595+0000] {subprocess.py:106} INFO - 25/11/10 14:00:40 INFO BlockManager: Using org.apache.spark.storage.RandomBlockReplicationPolicy for block replication policy
[2025-11-10T14:00:40.602+0000] {subprocess.py:106} INFO - 25/11/10 14:00:40 INFO BlockManagerMaster: Registering BlockManager BlockManagerId(driver, 68d0d8c522fe, 37987, None)
[2025-11-10T14:00:40.609+0000] {subprocess.py:106} INFO - 25/11/10 14:00:40 INFO BlockManagerMasterEndpoint: Registering block manager 68d0d8c522fe:37987 with 434.4 MiB RAM, BlockManagerId(driver, 68d0d8c522fe, 37987, None)
[2025-11-10T14:00:40.614+0000] {subprocess.py:106} INFO - 25/11/10 14:00:40 INFO BlockManagerMaster: Registered BlockManager BlockManagerId(driver, 68d0d8c522fe, 37987, None)
[2025-11-10T14:00:40.615+0000] {subprocess.py:106} INFO - 25/11/10 14:00:40 INFO BlockManager: Initialized BlockManager: BlockManagerId(driver, 68d0d8c522fe, 37987, None)
[2025-11-10T14:00:40.622+0000] {subprocess.py:106} INFO - 25/11/10 14:00:40 INFO StandaloneAppClient$ClientEndpoint: Executor updated: app-20251110140040-0001/0 is now RUNNING
[2025-11-10T14:00:40.860+0000] {subprocess.py:106} INFO - 25/11/10 14:00:40 INFO StandaloneSchedulerBackend: SchedulerBackend is ready for scheduling beginning after reached minRegisteredResourcesRatio: 0.0
[2025-11-10T14:00:41.118+0000] {subprocess.py:106} INFO - 25/11/10 14:00:41 INFO SharedState: Setting hive.metastore.warehouse.dir ('null') to the value of spark.sql.warehouse.dir.
[2025-11-10T14:00:41.121+0000] {subprocess.py:106} INFO - 25/11/10 14:00:41 INFO SharedState: Warehouse path is 'file:/opt/spark/work-dir/spark-warehouse'.
[2025-11-10T14:00:43.068+0000] {subprocess.py:106} INFO - 25/11/10 14:00:43 INFO HiveConf: Found configuration file null
[2025-11-10T14:00:43.248+0000] {subprocess.py:106} INFO - 25/11/10 14:00:43 INFO metastore: Trying to connect to metastore with URI thrift://hive-metastore:9083
[2025-11-10T14:00:43.271+0000] {subprocess.py:106} INFO - 25/11/10 14:00:43 INFO metastore: Opened a connection to metastore, current connections: 1
[2025-11-10T14:00:43.297+0000] {subprocess.py:106} INFO - 25/11/10 14:00:43 INFO metastore: Connected to metastore.
[2025-11-10T14:00:43.533+0000] {subprocess.py:106} INFO - 25/11/10 14:00:43 INFO StandaloneSchedulerBackend$StandaloneDriverEndpoint: Registered executor NettyRpcEndpointRef(spark-client://Executor) (172.30.0.8:44714) with ID 0,  ResourceProfileId 0
[2025-11-10T14:00:43.535+0000] {subprocess.py:106} INFO - 25/11/10 14:00:43 INFO BaseMetastoreTableOperations: Refreshing table metadata from new version: hdfs://dinhhoa-master:9000/user/ndh/warehouse/bronze.db/it_jobs_raw/metadata/00012-3c16851c-f721-4660-bb18-7f013a501772.metadata.json
[2025-11-10T14:00:43.618+0000] {subprocess.py:106} INFO - 25/11/10 14:00:43 INFO BlockManagerMasterEndpoint: Registering block manager 172.30.0.8:38623 with 434.4 MiB RAM, BlockManagerId(0, 172.30.0.8, 38623, None)
[2025-11-10T14:00:44.349+0000] {subprocess.py:106} INFO - 25/11/10 14:00:44 INFO BaseMetastoreCatalog: Table loaded by catalog: hive_catalog.bronze.it_jobs_raw
[2025-11-10T14:00:45.216+0000] {subprocess.py:106} INFO - 25/11/10 14:00:45 INFO SnapshotScan: Scanning table hive_catalog.bronze.it_jobs_raw snapshot 732937228430574695 created at 2025-11-10T14:00:30.908+00:00 with filter true
[2025-11-10T14:00:45.409+0000] {subprocess.py:106} INFO - 25/11/10 14:00:45 INFO BaseDistributedDataScan: Planning file tasks locally for table hive_catalog.bronze.it_jobs_raw
[2025-11-10T14:00:45.598+0000] {subprocess.py:106} INFO - 25/11/10 14:00:45 INFO V2ScanRelationPushDown:
[2025-11-10T14:00:45.599+0000] {subprocess.py:106} INFO - Pushing operators to hive_catalog.bronze.it_jobs_raw
[2025-11-10T14:00:45.600+0000] {subprocess.py:106} INFO - Pushed Aggregate Functions:
[2025-11-10T14:00:45.600+0000] {subprocess.py:106} INFO -  COUNT(*)
[2025-11-10T14:00:45.601+0000] {subprocess.py:106} INFO - Pushed Group by:
[2025-11-10T14:00:45.601+0000] {subprocess.py:106} INFO - 
[2025-11-10T14:00:45.602+0000] {subprocess.py:106} INFO - 
[2025-11-10T14:00:46.669+0000] {subprocess.py:106} INFO - 25/11/10 14:00:46 INFO CodeGenerator: Code generated in 367.678414 ms
[2025-11-10T14:00:46.693+0000] {subprocess.py:106} INFO - 25/11/10 14:00:46 INFO CodeGenerator: Code generated in 12.199979 ms
[2025-11-10T14:00:46.785+0000] {subprocess.py:106} INFO - 25/11/10 14:00:46 INFO DAGScheduler: Registering RDD 2 (count at <unknown>:0) as input to shuffle 0
[2025-11-10T14:00:46.791+0000] {subprocess.py:106} INFO - 25/11/10 14:00:46 INFO DAGScheduler: Got map stage job 0 (count at <unknown>:0) with 1 output partitions
[2025-11-10T14:00:46.792+0000] {subprocess.py:106} INFO - 25/11/10 14:00:46 INFO DAGScheduler: Final stage: ShuffleMapStage 0 (count at <unknown>:0)
[2025-11-10T14:00:46.792+0000] {subprocess.py:106} INFO - 25/11/10 14:00:46 INFO DAGScheduler: Parents of final stage: List()
[2025-11-10T14:00:46.795+0000] {subprocess.py:106} INFO - 25/11/10 14:00:46 INFO DAGScheduler: Missing parents: List()
[2025-11-10T14:00:46.799+0000] {subprocess.py:106} INFO - 25/11/10 14:00:46 INFO DAGScheduler: Submitting ShuffleMapStage 0 (MapPartitionsRDD[2] at count at <unknown>:0), which has no missing parents
[2025-11-10T14:00:46.915+0000] {subprocess.py:106} INFO - 25/11/10 14:00:46 INFO MemoryStore: Block broadcast_0 stored as values in memory (estimated size 12.6 KiB, free 434.4 MiB)
[2025-11-10T14:00:46.945+0000] {subprocess.py:106} INFO - 25/11/10 14:00:46 INFO MemoryStore: Block broadcast_0_piece0 stored as bytes in memory (estimated size 6.2 KiB, free 434.4 MiB)
[2025-11-10T14:00:46.948+0000] {subprocess.py:106} INFO - 25/11/10 14:00:46 INFO BlockManagerInfo: Added broadcast_0_piece0 in memory on 68d0d8c522fe:37987 (size: 6.2 KiB, free: 434.4 MiB)
[2025-11-10T14:00:46.951+0000] {subprocess.py:106} INFO - 25/11/10 14:00:46 INFO SparkContext: Created broadcast 0 from broadcast at DAGScheduler.scala:1585
[2025-11-10T14:00:46.967+0000] {subprocess.py:106} INFO - 25/11/10 14:00:46 INFO DAGScheduler: Submitting 1 missing tasks from ShuffleMapStage 0 (MapPartitionsRDD[2] at count at <unknown>:0) (first 15 tasks are for partitions Vector(0))
[2025-11-10T14:00:46.968+0000] {subprocess.py:106} INFO - 25/11/10 14:00:46 INFO TaskSchedulerImpl: Adding task set 0.0 with 1 tasks resource profile 0
[2025-11-10T14:00:47.003+0000] {subprocess.py:106} INFO - 25/11/10 14:00:47 INFO TaskSetManager: Starting task 0.0 in stage 0.0 (TID 0) (172.30.0.8, executor 0, partition 0, PROCESS_LOCAL, 9492 bytes)
[2025-11-10T14:00:47.265+0000] {subprocess.py:106} INFO - 25/11/10 14:00:47 INFO BlockManagerInfo: Added broadcast_0_piece0 in memory on 172.30.0.8:38623 (size: 6.2 KiB, free: 434.4 MiB)
[2025-11-10T14:00:47.933+0000] {subprocess.py:106} INFO - 25/11/10 14:00:47 INFO TaskSetManager: Finished task 0.0 in stage 0.0 (TID 0) in 946 ms on 172.30.0.8 (executor 0) (1/1)
[2025-11-10T14:00:47.938+0000] {subprocess.py:106} INFO - 25/11/10 14:00:47 INFO TaskSchedulerImpl: Removed TaskSet 0.0, whose tasks have all completed, from pool
[2025-11-10T14:00:47.944+0000] {subprocess.py:106} INFO - 25/11/10 14:00:47 INFO DAGScheduler: ShuffleMapStage 0 (count at <unknown>:0) finished in 1.132 s
[2025-11-10T14:00:47.946+0000] {subprocess.py:106} INFO - 25/11/10 14:00:47 INFO DAGScheduler: looking for newly runnable stages
[2025-11-10T14:00:47.947+0000] {subprocess.py:106} INFO - 25/11/10 14:00:47 INFO DAGScheduler: running: Set()
[2025-11-10T14:00:47.947+0000] {subprocess.py:106} INFO - 25/11/10 14:00:47 INFO DAGScheduler: waiting: Set()
[2025-11-10T14:00:47.948+0000] {subprocess.py:106} INFO - 25/11/10 14:00:47 INFO DAGScheduler: failed: Set()
[2025-11-10T14:00:48.000+0000] {subprocess.py:106} INFO - 25/11/10 14:00:47 INFO CodeGenerator: Code generated in 14.633401 ms
[2025-11-10T14:00:48.050+0000] {subprocess.py:106} INFO - 25/11/10 14:00:48 INFO SparkContext: Starting job: count at <unknown>:0
[2025-11-10T14:00:48.053+0000] {subprocess.py:106} INFO - 25/11/10 14:00:48 INFO DAGScheduler: Got job 1 (count at <unknown>:0) with 1 output partitions
[2025-11-10T14:00:48.054+0000] {subprocess.py:106} INFO - 25/11/10 14:00:48 INFO DAGScheduler: Final stage: ResultStage 2 (count at <unknown>:0)
[2025-11-10T14:00:48.054+0000] {subprocess.py:106} INFO - 25/11/10 14:00:48 INFO DAGScheduler: Parents of final stage: List(ShuffleMapStage 1)
[2025-11-10T14:00:48.055+0000] {subprocess.py:106} INFO - 25/11/10 14:00:48 INFO DAGScheduler: Missing parents: List()
[2025-11-10T14:00:48.059+0000] {subprocess.py:106} INFO - 25/11/10 14:00:48 INFO DAGScheduler: Submitting ResultStage 2 (MapPartitionsRDD[5] at count at <unknown>:0), which has no missing parents
[2025-11-10T14:00:48.069+0000] {subprocess.py:106} INFO - 25/11/10 14:00:48 INFO MemoryStore: Block broadcast_1 stored as values in memory (estimated size 13.7 KiB, free 434.4 MiB)
[2025-11-10T14:00:48.075+0000] {subprocess.py:106} INFO - 25/11/10 14:00:48 INFO MemoryStore: Block broadcast_1_piece0 stored as bytes in memory (estimated size 6.3 KiB, free 434.4 MiB)
[2025-11-10T14:00:48.075+0000] {subprocess.py:106} INFO - 25/11/10 14:00:48 INFO BlockManagerInfo: Added broadcast_1_piece0 in memory on 68d0d8c522fe:37987 (size: 6.3 KiB, free: 434.4 MiB)
[2025-11-10T14:00:48.078+0000] {subprocess.py:106} INFO - 25/11/10 14:00:48 INFO SparkContext: Created broadcast 1 from broadcast at DAGScheduler.scala:1585
[2025-11-10T14:00:48.079+0000] {subprocess.py:106} INFO - 25/11/10 14:00:48 INFO DAGScheduler: Submitting 1 missing tasks from ResultStage 2 (MapPartitionsRDD[5] at count at <unknown>:0) (first 15 tasks are for partitions Vector(0))
[2025-11-10T14:00:48.079+0000] {subprocess.py:106} INFO - 25/11/10 14:00:48 INFO TaskSchedulerImpl: Adding task set 2.0 with 1 tasks resource profile 0
[2025-11-10T14:00:48.086+0000] {subprocess.py:106} INFO - 25/11/10 14:00:48 INFO TaskSetManager: Starting task 0.0 in stage 2.0 (TID 1) (172.30.0.8, executor 0, partition 0, NODE_LOCAL, 9331 bytes)
[2025-11-10T14:00:48.110+0000] {subprocess.py:106} INFO - 25/11/10 14:00:48 INFO BlockManagerInfo: Added broadcast_1_piece0 in memory on 172.30.0.8:38623 (size: 6.3 KiB, free: 434.4 MiB)
[2025-11-10T14:00:48.182+0000] {subprocess.py:106} INFO - 25/11/10 14:00:48 INFO MapOutputTrackerMasterEndpoint: Asked to send map output locations for shuffle 0 to 172.30.0.8:44714
[2025-11-10T14:00:48.286+0000] {subprocess.py:106} INFO - 25/11/10 14:00:48 INFO TaskSetManager: Finished task 0.0 in stage 2.0 (TID 1) in 202 ms on 172.30.0.8 (executor 0) (1/1)
[2025-11-10T14:00:48.287+0000] {subprocess.py:106} INFO - 25/11/10 14:00:48 INFO TaskSchedulerImpl: Removed TaskSet 2.0, whose tasks have all completed, from pool
[2025-11-10T14:00:48.289+0000] {subprocess.py:106} INFO - 25/11/10 14:00:48 INFO DAGScheduler: ResultStage 2 (count at <unknown>:0) finished in 0.220 s
[2025-11-10T14:00:48.290+0000] {subprocess.py:106} INFO - 25/11/10 14:00:48 INFO DAGScheduler: Job 1 is finished. Cancelling potential speculative or zombie tasks for this job
[2025-11-10T14:00:48.291+0000] {subprocess.py:106} INFO - 25/11/10 14:00:48 INFO TaskSchedulerImpl: Killing all running tasks in stage 2: Stage finished
[2025-11-10T14:00:48.293+0000] {subprocess.py:106} INFO - 25/11/10 14:00:48 INFO DAGScheduler: Job 1 finished: count at <unknown>:0, took 0.243442 s
[2025-11-10T14:00:48.302+0000] {subprocess.py:106} INFO - 📦 Bronze record count: 3915
[2025-11-10T14:00:48.307+0000] {subprocess.py:106} INFO - root
[2025-11-10T14:00:48.308+0000] {subprocess.py:106} INFO -  |-- job_title: string (nullable = true)
[2025-11-10T14:00:48.309+0000] {subprocess.py:106} INFO -  |-- company_name: string (nullable = true)
[2025-11-10T14:00:48.309+0000] {subprocess.py:106} INFO -  |-- location: string (nullable = true)
[2025-11-10T14:00:48.310+0000] {subprocess.py:106} INFO -  |-- skills_required: string (nullable = true)
[2025-11-10T14:00:48.310+0000] {subprocess.py:106} INFO -  |-- date_posted: string (nullable = true)
[2025-11-10T14:00:48.311+0000] {subprocess.py:106} INFO -  |-- job_link: string (nullable = true)
[2025-11-10T14:00:48.311+0000] {subprocess.py:106} INFO -  |-- job_category: string (nullable = true)
[2025-11-10T14:00:48.311+0000] {subprocess.py:106} INFO -  |-- work_mode: string (nullable = true)
[2025-11-10T14:00:48.312+0000] {subprocess.py:106} INFO -  |-- crawl_date: string (nullable = true)
[2025-11-10T14:00:48.312+0000] {subprocess.py:106} INFO -  |-- date_only: string (nullable = true)
[2025-11-10T14:00:48.313+0000] {subprocess.py:106} INFO -  |-- ingest_time: timestamp (nullable = true)
[2025-11-10T14:00:48.313+0000] {subprocess.py:106} INFO -  |-- source: string (nullable = true)
[2025-11-10T14:00:48.314+0000] {subprocess.py:106} INFO - 
[2025-11-10T14:00:48.755+0000] {subprocess.py:106} INFO - 25/11/10 14:00:48 INFO BlockManagerInfo: Removed broadcast_1_piece0 on 68d0d8c522fe:37987 in memory (size: 6.3 KiB, free: 434.4 MiB)
[2025-11-10T14:00:48.762+0000] {subprocess.py:106} INFO - 25/11/10 14:00:48 INFO BlockManagerInfo: Removed broadcast_1_piece0 on 172.30.0.8:38623 in memory (size: 6.3 KiB, free: 434.4 MiB)
[2025-11-10T14:00:48.776+0000] {subprocess.py:106} INFO - 25/11/10 14:00:48 INFO BlockManagerInfo: Removed broadcast_0_piece0 on 68d0d8c522fe:37987 in memory (size: 6.2 KiB, free: 434.4 MiB)
[2025-11-10T14:00:48.785+0000] {subprocess.py:106} INFO - 25/11/10 14:00:48 INFO BlockManagerInfo: Removed broadcast_0_piece0 on 172.30.0.8:38623 in memory (size: 6.2 KiB, free: 434.4 MiB)
[2025-11-10T14:00:49.216+0000] {subprocess.py:106} INFO - 25/11/10 14:00:49 INFO BaseMetastoreTableOperations: Refreshing table metadata from new version: hdfs://dinhhoa-master:9000/user/ndh/warehouse/silver.db/it_jobs_clean/metadata/00013-c28f0240-2b0b-4e8b-85a5-f9686d63cf05.metadata.json
[2025-11-10T14:00:49.285+0000] {subprocess.py:106} INFO - 25/11/10 14:00:49 INFO BaseMetastoreCatalog: Table loaded by catalog: hive_catalog.silver.it_jobs_clean
[2025-11-10T14:00:49.291+0000] {subprocess.py:106} INFO - 25/11/10 14:00:49 INFO BaseMetastoreCatalog: Table properties set at catalog level through catalog properties: {}
[2025-11-10T14:00:49.293+0000] {subprocess.py:106} INFO - 25/11/10 14:00:49 INFO BaseMetastoreCatalog: Table properties enforced at catalog level through catalog properties: {}
[2025-11-10T14:00:49.309+0000] {subprocess.py:106} INFO - 25/11/10 14:00:49 INFO BaseMetastoreTableOperations: Refreshing table metadata from new version: hdfs://dinhhoa-master:9000/user/ndh/warehouse/silver.db/it_jobs_clean/metadata/00013-c28f0240-2b0b-4e8b-85a5-f9686d63cf05.metadata.json
[2025-11-10T14:00:49.546+0000] {subprocess.py:106} INFO - 25/11/10 14:00:49 INFO V2ScanRelationPushDown:
[2025-11-10T14:00:49.546+0000] {subprocess.py:106} INFO - Pushing operators to hive_catalog.bronze.it_jobs_raw
[2025-11-10T14:00:49.547+0000] {subprocess.py:106} INFO - Pushed Filters: date_posted IS NOT NULL, job_link IS NOT NULL, NOT (job_link = '')
[2025-11-10T14:00:49.547+0000] {subprocess.py:106} INFO - Post-Scan Filters: isnotnull(date_posted#4),isnotnull(upper(trim(company_name#1, None))),NOT (upper(trim(company_name#1, None)) = ),isnotnull(job_link#5),NOT (job_link#5 = ),isnotnull(initcap(trim(job_title#0, None))),NOT (initcap(trim(job_title#0, None)) = ),isnotnull(cast(date_posted#4 as date)),(size(split(trim(location#2, None),  - , -1), true) > 0),isnotnull(split(trim(location#2, None),  - , -1))
[2025-11-10T14:00:49.548+0000] {subprocess.py:106} INFO - 
[2025-11-10T14:00:49.580+0000] {subprocess.py:106} INFO - 25/11/10 14:00:49 INFO V2ScanRelationPushDown:
[2025-11-10T14:00:49.581+0000] {subprocess.py:106} INFO - Output: job_title#0, company_name#1, location#2, skills_required#3, date_posted#4, job_link#5, job_category#6, work_mode#7, crawl_date#8, date_only#9, ingest_time#10, source#11
[2025-11-10T14:00:49.581+0000] {subprocess.py:106} INFO - 
[2025-11-10T14:00:49.596+0000] {subprocess.py:106} INFO - 25/11/10 14:00:49 INFO SnapshotScan: Scanning table hive_catalog.bronze.it_jobs_raw snapshot 732937228430574695 created at 2025-11-10T14:00:30.908+00:00 with filter ((date_posted IS NOT NULL AND job_link IS NOT NULL) AND NOT (job_link = (hash-00000000)))
[2025-11-10T14:00:49.607+0000] {subprocess.py:106} INFO - 25/11/10 14:00:49 INFO BaseDistributedDataScan: Planning file tasks locally for table hive_catalog.bronze.it_jobs_raw
[2025-11-10T14:00:49.714+0000] {subprocess.py:106} INFO - 25/11/10 14:00:49 INFO SparkPartitioningAwareScan: Reporting UnknownPartitioning with 4 partition(s) for table hive_catalog.bronze.it_jobs_raw
[2025-11-10T14:00:49.739+0000] {subprocess.py:106} INFO - 25/11/10 14:00:49 INFO SparkWrite: Requesting 0 bytes advisory partition size for table silver.it_jobs_clean
[2025-11-10T14:00:49.740+0000] {subprocess.py:106} INFO - 25/11/10 14:00:49 INFO SparkWrite: Requesting UnspecifiedDistribution as write distribution for table silver.it_jobs_clean
[2025-11-10T14:00:49.742+0000] {subprocess.py:106} INFO - 25/11/10 14:00:49 INFO SparkWrite: Requesting [] as write ordering for table silver.it_jobs_clean
[2025-11-10T14:00:49.817+0000] {subprocess.py:106} INFO - 25/11/10 14:00:49 INFO MemoryStore: Block broadcast_2 stored as values in memory (estimated size 32.0 KiB, free 434.4 MiB)
[2025-11-10T14:00:49.829+0000] {subprocess.py:106} INFO - 25/11/10 14:00:49 INFO MemoryStore: Block broadcast_2_piece0 stored as bytes in memory (estimated size 29.8 KiB, free 434.3 MiB)
[2025-11-10T14:00:49.830+0000] {subprocess.py:106} INFO - 25/11/10 14:00:49 INFO BlockManagerInfo: Added broadcast_2_piece0 in memory on 68d0d8c522fe:37987 (size: 29.8 KiB, free: 434.4 MiB)
[2025-11-10T14:00:49.831+0000] {subprocess.py:106} INFO - 25/11/10 14:00:49 INFO SparkContext: Created broadcast 2 from broadcast at SparkBatch.java:79
[2025-11-10T14:00:49.870+0000] {subprocess.py:106} INFO - 25/11/10 14:00:49 INFO MemoryStore: Block broadcast_3 stored as values in memory (estimated size 32.0 KiB, free 434.3 MiB)
[2025-11-10T14:00:49.884+0000] {subprocess.py:106} INFO - 25/11/10 14:00:49 INFO MemoryStore: Block broadcast_3_piece0 stored as bytes in memory (estimated size 29.8 KiB, free 434.3 MiB)
[2025-11-10T14:00:49.888+0000] {subprocess.py:106} INFO - 25/11/10 14:00:49 INFO BlockManagerInfo: Added broadcast_3_piece0 in memory on 68d0d8c522fe:37987 (size: 29.8 KiB, free: 434.3 MiB)
[2025-11-10T14:00:49.889+0000] {subprocess.py:106} INFO - 25/11/10 14:00:49 INFO SparkContext: Created broadcast 3 from broadcast at SparkBatch.java:79
[2025-11-10T14:00:50.048+0000] {subprocess.py:106} INFO - 25/11/10 14:00:50 INFO CodeGenerator: Code generated in 17.694145 ms
[2025-11-10T14:00:50.214+0000] {subprocess.py:106} INFO - 25/11/10 14:00:50 INFO CodeGenerator: Code generated in 80.126763 ms
[2025-11-10T14:00:50.318+0000] {subprocess.py:106} INFO - 25/11/10 14:00:50 INFO DAGScheduler: Registering RDD 12 (createOrReplace at <unknown>:0) as input to shuffle 1
[2025-11-10T14:00:50.319+0000] {subprocess.py:106} INFO - 25/11/10 14:00:50 INFO DAGScheduler: Got map stage job 2 (createOrReplace at <unknown>:0) with 4 output partitions
[2025-11-10T14:00:50.320+0000] {subprocess.py:106} INFO - 25/11/10 14:00:50 INFO DAGScheduler: Final stage: ShuffleMapStage 3 (createOrReplace at <unknown>:0)
[2025-11-10T14:00:50.320+0000] {subprocess.py:106} INFO - 25/11/10 14:00:50 INFO DAGScheduler: Parents of final stage: List()
[2025-11-10T14:00:50.321+0000] {subprocess.py:106} INFO - 25/11/10 14:00:50 INFO DAGScheduler: Missing parents: List()
[2025-11-10T14:00:50.322+0000] {subprocess.py:106} INFO - 25/11/10 14:00:50 INFO DAGScheduler: Submitting ShuffleMapStage 3 (MapPartitionsRDD[12] at createOrReplace at <unknown>:0), which has no missing parents
[2025-11-10T14:00:50.350+0000] {subprocess.py:106} INFO - 25/11/10 14:00:50 INFO MemoryStore: Block broadcast_4 stored as values in memory (estimated size 73.1 KiB, free 434.2 MiB)
[2025-11-10T14:00:50.363+0000] {subprocess.py:106} INFO - 25/11/10 14:00:50 INFO MemoryStore: Block broadcast_4_piece0 stored as bytes in memory (estimated size 27.1 KiB, free 434.2 MiB)
[2025-11-10T14:00:50.367+0000] {subprocess.py:106} INFO - 25/11/10 14:00:50 INFO BlockManagerInfo: Added broadcast_4_piece0 in memory on 68d0d8c522fe:37987 (size: 27.1 KiB, free: 434.3 MiB)
[2025-11-10T14:00:50.368+0000] {subprocess.py:106} INFO - 25/11/10 14:00:50 INFO SparkContext: Created broadcast 4 from broadcast at DAGScheduler.scala:1585
[2025-11-10T14:00:50.369+0000] {subprocess.py:106} INFO - 25/11/10 14:00:50 INFO DAGScheduler: Submitting 4 missing tasks from ShuffleMapStage 3 (MapPartitionsRDD[12] at createOrReplace at <unknown>:0) (first 15 tasks are for partitions Vector(0, 1, 2, 3))
[2025-11-10T14:00:50.370+0000] {subprocess.py:106} INFO - 25/11/10 14:00:50 INFO TaskSchedulerImpl: Adding task set 3.0 with 4 tasks resource profile 0
[2025-11-10T14:00:50.393+0000] {subprocess.py:106} INFO - 25/11/10 14:00:50 INFO TaskSetManager: Starting task 0.0 in stage 3.0 (TID 2) (172.30.0.8, executor 0, partition 0, ANY, 16860 bytes)
[2025-11-10T14:00:50.797+0000] {subprocess.py:106} INFO - 25/11/10 14:00:50 INFO BlockManagerInfo: Added broadcast_4_piece0 in memory on 172.30.0.8:38623 (size: 27.1 KiB, free: 434.4 MiB)
[2025-11-10T14:00:51.458+0000] {subprocess.py:106} INFO - 25/11/10 14:00:51 INFO BlockManagerInfo: Added broadcast_3_piece0 in memory on 172.30.0.8:38623 (size: 29.8 KiB, free: 434.3 MiB)
[2025-11-10T14:00:53.841+0000] {subprocess.py:106} INFO - 25/11/10 14:00:53 INFO TaskSetManager: Starting task 1.0 in stage 3.0 (TID 3) (172.30.0.8, executor 0, partition 1, ANY, 16861 bytes)
[2025-11-10T14:00:53.843+0000] {subprocess.py:106} INFO - 25/11/10 14:00:53 INFO TaskSetManager: Finished task 0.0 in stage 3.0 (TID 2) in 3473 ms on 172.30.0.8 (executor 0) (1/4)
[2025-11-10T14:00:54.207+0000] {subprocess.py:106} INFO - 25/11/10 14:00:54 INFO TaskSetManager: Starting task 2.0 in stage 3.0 (TID 4) (172.30.0.8, executor 0, partition 2, ANY, 16861 bytes)
[2025-11-10T14:00:54.208+0000] {subprocess.py:106} INFO - 25/11/10 14:00:54 INFO TaskSetManager: Finished task 1.0 in stage 3.0 (TID 3) in 367 ms on 172.30.0.8 (executor 0) (2/4)
[2025-11-10T14:00:54.640+0000] {subprocess.py:106} INFO - 25/11/10 14:00:54 INFO TaskSetManager: Starting task 3.0 in stage 3.0 (TID 5) (172.30.0.8, executor 0, partition 3, ANY, 15430 bytes)
[2025-11-10T14:00:54.641+0000] {subprocess.py:106} INFO - 25/11/10 14:00:54 INFO TaskSetManager: Finished task 2.0 in stage 3.0 (TID 4) in 434 ms on 172.30.0.8 (executor 0) (3/4)
[2025-11-10T14:00:54.798+0000] {subprocess.py:106} INFO - 25/11/10 14:00:54 INFO TaskSetManager: Finished task 3.0 in stage 3.0 (TID 5) in 160 ms on 172.30.0.8 (executor 0) (4/4)
[2025-11-10T14:00:54.800+0000] {subprocess.py:106} INFO - 25/11/10 14:00:54 INFO TaskSchedulerImpl: Removed TaskSet 3.0, whose tasks have all completed, from pool
[2025-11-10T14:00:54.801+0000] {subprocess.py:106} INFO - 25/11/10 14:00:54 INFO DAGScheduler: ShuffleMapStage 3 (createOrReplace at <unknown>:0) finished in 4.475 s
[2025-11-10T14:00:54.803+0000] {subprocess.py:106} INFO - 25/11/10 14:00:54 INFO DAGScheduler: looking for newly runnable stages
[2025-11-10T14:00:54.803+0000] {subprocess.py:106} INFO - 25/11/10 14:00:54 INFO DAGScheduler: running: Set()
[2025-11-10T14:00:54.806+0000] {subprocess.py:106} INFO - 25/11/10 14:00:54 INFO DAGScheduler: waiting: Set()
[2025-11-10T14:00:54.807+0000] {subprocess.py:106} INFO - 25/11/10 14:00:54 INFO DAGScheduler: failed: Set()
[2025-11-10T14:00:54.820+0000] {subprocess.py:106} INFO - 25/11/10 14:00:54 INFO ShufflePartitionsUtil: For shuffle(1), advisory target size: 67108864, actual target size 1048576, minimum partition size: 1048576
[2025-11-10T14:00:54.871+0000] {subprocess.py:106} INFO - 25/11/10 14:00:54 INFO CodeGenerator: Code generated in 12.076519 ms
[2025-11-10T14:00:54.897+0000] {subprocess.py:106} INFO - 25/11/10 14:00:54 INFO MemoryStore: Block broadcast_5 stored as values in memory (estimated size 32.0 KiB, free 434.2 MiB)
[2025-11-10T14:00:54.911+0000] {subprocess.py:106} INFO - 25/11/10 14:00:54 INFO MemoryStore: Block broadcast_5_piece0 stored as bytes in memory (estimated size 29.6 KiB, free 434.1 MiB)
[2025-11-10T14:00:54.916+0000] {subprocess.py:106} INFO - 25/11/10 14:00:54 INFO BlockManagerInfo: Added broadcast_5_piece0 in memory on 68d0d8c522fe:37987 (size: 29.6 KiB, free: 434.3 MiB)
[2025-11-10T14:00:54.917+0000] {subprocess.py:106} INFO - 25/11/10 14:00:54 INFO BlockManagerInfo: Removed broadcast_4_piece0 on 68d0d8c522fe:37987 in memory (size: 27.1 KiB, free: 434.3 MiB)
[2025-11-10T14:00:54.918+0000] {subprocess.py:106} INFO - 25/11/10 14:00:54 INFO SparkContext: Created broadcast 5 from broadcast at SparkWrite.java:193
[2025-11-10T14:00:54.920+0000] {subprocess.py:106} INFO - 25/11/10 14:00:54 INFO AppendDataExec: Start processing data source write support: IcebergBatchWrite(table=silver.it_jobs_clean, format=PARQUET). The input RDD has 1 partitions.
[2025-11-10T14:00:54.923+0000] {subprocess.py:106} INFO - 25/11/10 14:00:54 INFO BlockManagerInfo: Removed broadcast_4_piece0 on 172.30.0.8:38623 in memory (size: 27.1 KiB, free: 434.4 MiB)
[2025-11-10T14:00:54.937+0000] {subprocess.py:106} INFO - 25/11/10 14:00:54 INFO SparkContext: Starting job: createOrReplace at <unknown>:0
[2025-11-10T14:00:54.938+0000] {subprocess.py:106} INFO - 25/11/10 14:00:54 INFO DAGScheduler: Got job 3 (createOrReplace at <unknown>:0) with 1 output partitions
[2025-11-10T14:00:54.939+0000] {subprocess.py:106} INFO - 25/11/10 14:00:54 INFO DAGScheduler: Final stage: ResultStage 5 (createOrReplace at <unknown>:0)
[2025-11-10T14:00:54.939+0000] {subprocess.py:106} INFO - 25/11/10 14:00:54 INFO DAGScheduler: Parents of final stage: List(ShuffleMapStage 4)
[2025-11-10T14:00:54.943+0000] {subprocess.py:106} INFO - 25/11/10 14:00:54 INFO DAGScheduler: Missing parents: List()
[2025-11-10T14:00:54.944+0000] {subprocess.py:106} INFO - 25/11/10 14:00:54 INFO DAGScheduler: Submitting ResultStage 5 (MapPartitionsRDD[15] at createOrReplace at <unknown>:0), which has no missing parents
[2025-11-10T14:00:54.975+0000] {subprocess.py:106} INFO - 25/11/10 14:00:54 INFO MemoryStore: Block broadcast_6 stored as values in memory (estimated size 66.5 KiB, free 434.2 MiB)
[2025-11-10T14:00:54.977+0000] {subprocess.py:106} INFO - 25/11/10 14:00:54 INFO MemoryStore: Block broadcast_6_piece0 stored as bytes in memory (estimated size 26.9 KiB, free 434.1 MiB)
[2025-11-10T14:00:54.978+0000] {subprocess.py:106} INFO - 25/11/10 14:00:54 INFO BlockManagerInfo: Added broadcast_6_piece0 in memory on 68d0d8c522fe:37987 (size: 26.9 KiB, free: 434.3 MiB)
[2025-11-10T14:00:54.979+0000] {subprocess.py:106} INFO - 25/11/10 14:00:54 INFO SparkContext: Created broadcast 6 from broadcast at DAGScheduler.scala:1585
[2025-11-10T14:00:54.980+0000] {subprocess.py:106} INFO - 25/11/10 14:00:54 INFO DAGScheduler: Submitting 1 missing tasks from ResultStage 5 (MapPartitionsRDD[15] at createOrReplace at <unknown>:0) (first 15 tasks are for partitions Vector(0))
[2025-11-10T14:00:54.981+0000] {subprocess.py:106} INFO - 25/11/10 14:00:54 INFO TaskSchedulerImpl: Adding task set 5.0 with 1 tasks resource profile 0
[2025-11-10T14:00:54.983+0000] {subprocess.py:106} INFO - 25/11/10 14:00:54 INFO TaskSetManager: Starting task 0.0 in stage 5.0 (TID 6) (172.30.0.8, executor 0, partition 0, NODE_LOCAL, 9331 bytes)
[2025-11-10T14:00:55.002+0000] {subprocess.py:106} INFO - 25/11/10 14:00:55 INFO BlockManagerInfo: Added broadcast_6_piece0 in memory on 172.30.0.8:38623 (size: 26.9 KiB, free: 434.3 MiB)
[2025-11-10T14:00:55.069+0000] {subprocess.py:106} INFO - 25/11/10 14:00:55 INFO MapOutputTrackerMasterEndpoint: Asked to send map output locations for shuffle 1 to 172.30.0.8:44714
[2025-11-10T14:00:55.317+0000] {subprocess.py:106} INFO - 25/11/10 14:00:55 INFO BlockManagerInfo: Added broadcast_5_piece0 in memory on 172.30.0.8:38623 (size: 29.6 KiB, free: 434.3 MiB)
[2025-11-10T14:00:55.847+0000] {subprocess.py:106} INFO - 25/11/10 14:00:55 INFO TaskSetManager: Finished task 0.0 in stage 5.0 (TID 6) in 864 ms on 172.30.0.8 (executor 0) (1/1)
[2025-11-10T14:00:55.847+0000] {subprocess.py:106} INFO - 25/11/10 14:00:55 INFO TaskSchedulerImpl: Removed TaskSet 5.0, whose tasks have all completed, from pool
[2025-11-10T14:00:55.852+0000] {subprocess.py:106} INFO - 25/11/10 14:00:55 INFO DAGScheduler: ResultStage 5 (createOrReplace at <unknown>:0) finished in 0.884 s
[2025-11-10T14:00:55.852+0000] {subprocess.py:106} INFO - 25/11/10 14:00:55 INFO DAGScheduler: Job 3 is finished. Cancelling potential speculative or zombie tasks for this job
[2025-11-10T14:00:55.853+0000] {subprocess.py:106} INFO - 25/11/10 14:00:55 INFO TaskSchedulerImpl: Killing all running tasks in stage 5: Stage finished
[2025-11-10T14:00:55.854+0000] {subprocess.py:106} INFO - 25/11/10 14:00:55 INFO DAGScheduler: Job 3 finished: createOrReplace at <unknown>:0, took 0.912263 s
[2025-11-10T14:00:55.854+0000] {subprocess.py:106} INFO - 25/11/10 14:00:55 INFO AppendDataExec: Data source write support IcebergBatchWrite(table=silver.it_jobs_clean, format=PARQUET) is committing.
[2025-11-10T14:00:55.871+0000] {subprocess.py:106} INFO - 25/11/10 14:00:55 INFO SparkWrite: Committing append with 1 new data files to table silver.it_jobs_clean
[2025-11-10T14:00:59.287+0000] {subprocess.py:106} INFO - 25/11/10 14:00:59 INFO SnapshotProducer: Committed snapshot 4209850767195865664 (MergeAppend)
[2025-11-10T14:00:59.311+0000] {subprocess.py:106} INFO - 25/11/10 14:00:59 INFO LoggingMetricsReporter: Received metrics report: CommitReport{tableName=silver.it_jobs_clean, snapshotId=4209850767195865664, sequenceNumber=15, operation=append, commitMetrics=CommitMetricsResult{totalDuration=TimerResult{timeUnit=NANOSECONDS, totalDuration=PT0.705732926S, count=1}, attempts=CounterResult{unit=COUNT, value=1}, addedDataFiles=CounterResult{unit=COUNT, value=1}, removedDataFiles=null, totalDataFiles=CounterResult{unit=COUNT, value=1}, addedDeleteFiles=null, addedEqualityDeleteFiles=null, addedPositionalDeleteFiles=null, removedDeleteFiles=null, removedEqualityDeleteFiles=null, removedPositionalDeleteFiles=null, totalDeleteFiles=CounterResult{unit=COUNT, value=0}, addedRecords=CounterResult{unit=COUNT, value=3841}, removedRecords=null, totalRecords=CounterResult{unit=COUNT, value=3841}, addedFilesSizeInBytes=CounterResult{unit=BYTES, value=126467}, removedFilesSizeInBytes=null, totalFilesSizeInBytes=CounterResult{unit=BYTES, value=126467}, addedPositionalDeletes=null, removedPositionalDeletes=null, totalPositionalDeletes=CounterResult{unit=COUNT, value=0}, addedEqualityDeletes=null, removedEqualityDeletes=null, totalEqualityDeletes=CounterResult{unit=COUNT, value=0}}, metadata={engine-version=3.5.3, app-id=app-20251110140040-0001, engine-name=spark, iceberg-version=Apache Iceberg 1.6.1 (commit 8e9d59d299be42b0bca9461457cd1e95dbaad086)}}
[2025-11-10T14:00:59.312+0000] {subprocess.py:106} INFO - 25/11/10 14:00:59 INFO SparkWrite: Committed in 3439 ms
[2025-11-10T14:00:59.312+0000] {subprocess.py:106} INFO - 25/11/10 14:00:59 INFO AppendDataExec: Data source write support IcebergBatchWrite(table=silver.it_jobs_clean, format=PARQUET) committed.
[2025-11-10T14:01:00.168+0000] {subprocess.py:106} INFO - 25/11/10 14:01:00 INFO HiveTableOperations: Committed to table hive_catalog.silver.it_jobs_clean with the new metadata location hdfs://dinhhoa-master:9000/user/ndh/warehouse/silver.db/it_jobs_clean/metadata/00014-ad1049fc-8308-4f2c-8a66-e4cfcaafa266.metadata.json
[2025-11-10T14:01:00.169+0000] {subprocess.py:106} INFO - 25/11/10 14:01:00 INFO BaseMetastoreTableOperations: Successfully committed to table hive_catalog.silver.it_jobs_clean in 838 ms
[2025-11-10T14:01:00.176+0000] {subprocess.py:106} INFO -  Cleaned data successfully written to Silver!
[2025-11-10T14:01:00.249+0000] {subprocess.py:106} INFO - 25/11/10 14:01:00 INFO V2ScanRelationPushDown:
[2025-11-10T14:01:00.249+0000] {subprocess.py:106} INFO - Pushing operators to hive_catalog.bronze.it_jobs_raw
[2025-11-10T14:01:00.250+0000] {subprocess.py:106} INFO - Pushed Filters: date_posted IS NOT NULL, job_link IS NOT NULL, NOT (job_link = '')
[2025-11-10T14:01:00.251+0000] {subprocess.py:106} INFO - Post-Scan Filters: isnotnull(date_posted#4),isnotnull(upper(trim(company_name#1, None))),NOT (upper(trim(company_name#1, None)) = ),isnotnull(job_link#5),NOT (job_link#5 = ),isnotnull(initcap(trim(job_title#0, None))),NOT (initcap(trim(job_title#0, None)) = ),isnotnull(cast(date_posted#4 as date)),(size(split(trim(location#2, None),  - , -1), true) > 0),isnotnull(split(trim(location#2, None),  - , -1))
[2025-11-10T14:01:00.251+0000] {subprocess.py:106} INFO - 
[2025-11-10T14:01:00.254+0000] {subprocess.py:106} INFO - 25/11/10 14:01:00 INFO V2ScanRelationPushDown:
[2025-11-10T14:01:00.255+0000] {subprocess.py:106} INFO - Output: job_title#0, company_name#1, location#2, date_posted#4, job_link#5
[2025-11-10T14:01:00.256+0000] {subprocess.py:106} INFO - 
[2025-11-10T14:01:00.257+0000] {subprocess.py:106} INFO - 25/11/10 14:01:00 INFO SnapshotScan: Scanning table hive_catalog.bronze.it_jobs_raw snapshot 732937228430574695 created at 2025-11-10T14:00:30.908+00:00 with filter ((date_posted IS NOT NULL AND job_link IS NOT NULL) AND NOT (job_link = (hash-00000000)))
[2025-11-10T14:01:00.257+0000] {subprocess.py:106} INFO - 25/11/10 14:01:00 INFO BaseDistributedDataScan: Planning file tasks locally for table hive_catalog.bronze.it_jobs_raw
[2025-11-10T14:01:00.300+0000] {subprocess.py:106} INFO - 25/11/10 14:01:00 INFO BlockManagerInfo: Removed broadcast_6_piece0 on 68d0d8c522fe:37987 in memory (size: 26.9 KiB, free: 434.3 MiB)
[2025-11-10T14:01:00.303+0000] {subprocess.py:106} INFO - 25/11/10 14:01:00 INFO BlockManagerInfo: Removed broadcast_6_piece0 on 172.30.0.8:38623 in memory (size: 26.9 KiB, free: 434.3 MiB)
[2025-11-10T14:01:00.321+0000] {subprocess.py:106} INFO - 25/11/10 14:01:00 INFO BlockManagerInfo: Removed broadcast_5_piece0 on 68d0d8c522fe:37987 in memory (size: 29.6 KiB, free: 434.3 MiB)
[2025-11-10T14:01:00.323+0000] {subprocess.py:106} INFO - 25/11/10 14:01:00 INFO BlockManagerInfo: Removed broadcast_5_piece0 on 172.30.0.8:38623 in memory (size: 29.6 KiB, free: 434.4 MiB)
[2025-11-10T14:01:00.354+0000] {subprocess.py:106} INFO - 25/11/10 14:01:00 INFO SparkPartitioningAwareScan: Reporting UnknownPartitioning with 4 partition(s) for table hive_catalog.bronze.it_jobs_raw
[2025-11-10T14:01:00.370+0000] {subprocess.py:106} INFO - 25/11/10 14:01:00 INFO MemoryStore: Block broadcast_7 stored as values in memory (estimated size 32.0 KiB, free 434.2 MiB)
[2025-11-10T14:01:00.382+0000] {subprocess.py:106} INFO - 25/11/10 14:01:00 INFO MemoryStore: Block broadcast_7_piece0 stored as bytes in memory (estimated size 29.8 KiB, free 434.2 MiB)
[2025-11-10T14:01:00.383+0000] {subprocess.py:106} INFO - 25/11/10 14:01:00 INFO BlockManagerInfo: Added broadcast_7_piece0 in memory on 68d0d8c522fe:37987 (size: 29.8 KiB, free: 434.3 MiB)
[2025-11-10T14:01:00.385+0000] {subprocess.py:106} INFO - 25/11/10 14:01:00 INFO SparkContext: Created broadcast 7 from broadcast at SparkBatch.java:79
[2025-11-10T14:01:00.432+0000] {subprocess.py:106} INFO - 25/11/10 14:01:00 INFO MemoryStore: Block broadcast_8 stored as values in memory (estimated size 32.0 KiB, free 434.2 MiB)
[2025-11-10T14:01:00.436+0000] {subprocess.py:106} INFO - 25/11/10 14:01:00 INFO MemoryStore: Block broadcast_8_piece0 stored as bytes in memory (estimated size 29.8 KiB, free 434.2 MiB)
[2025-11-10T14:01:00.438+0000] {subprocess.py:106} INFO - 25/11/10 14:01:00 INFO BlockManagerInfo: Added broadcast_8_piece0 in memory on 68d0d8c522fe:37987 (size: 29.8 KiB, free: 434.3 MiB)
[2025-11-10T14:01:00.439+0000] {subprocess.py:106} INFO - 25/11/10 14:01:00 INFO SparkContext: Created broadcast 8 from broadcast at SparkBatch.java:79
[2025-11-10T14:01:00.608+0000] {subprocess.py:106} INFO - 25/11/10 14:01:00 INFO CodeGenerator: Code generated in 81.755487 ms
[2025-11-10T14:01:00.627+0000] {subprocess.py:106} INFO - 25/11/10 14:01:00 INFO DAGScheduler: Registering RDD 19 (count at <unknown>:0) as input to shuffle 2
[2025-11-10T14:01:00.627+0000] {subprocess.py:106} INFO - 25/11/10 14:01:00 INFO DAGScheduler: Got map stage job 4 (count at <unknown>:0) with 4 output partitions
[2025-11-10T14:01:00.628+0000] {subprocess.py:106} INFO - 25/11/10 14:01:00 INFO DAGScheduler: Final stage: ShuffleMapStage 6 (count at <unknown>:0)
[2025-11-10T14:01:00.629+0000] {subprocess.py:106} INFO - 25/11/10 14:01:00 INFO DAGScheduler: Parents of final stage: List()
[2025-11-10T14:01:00.630+0000] {subprocess.py:106} INFO - 25/11/10 14:01:00 INFO DAGScheduler: Missing parents: List()
[2025-11-10T14:01:00.631+0000] {subprocess.py:106} INFO - 25/11/10 14:01:00 INFO DAGScheduler: Submitting ShuffleMapStage 6 (MapPartitionsRDD[19] at count at <unknown>:0), which has no missing parents
[2025-11-10T14:01:00.635+0000] {subprocess.py:106} INFO - 25/11/10 14:01:00 INFO MemoryStore: Block broadcast_9 stored as values in memory (estimated size 56.9 KiB, free 434.1 MiB)
[2025-11-10T14:01:00.649+0000] {subprocess.py:106} INFO - 25/11/10 14:01:00 INFO MemoryStore: Block broadcast_9_piece0 stored as bytes in memory (estimated size 22.6 KiB, free 434.1 MiB)
[2025-11-10T14:01:00.651+0000] {subprocess.py:106} INFO - 25/11/10 14:01:00 INFO BlockManagerInfo: Added broadcast_9_piece0 in memory on 68d0d8c522fe:37987 (size: 22.6 KiB, free: 434.3 MiB)
[2025-11-10T14:01:00.654+0000] {subprocess.py:106} INFO - 25/11/10 14:01:00 INFO SparkContext: Created broadcast 9 from broadcast at DAGScheduler.scala:1585
[2025-11-10T14:01:00.655+0000] {subprocess.py:106} INFO - 25/11/10 14:01:00 INFO DAGScheduler: Submitting 4 missing tasks from ShuffleMapStage 6 (MapPartitionsRDD[19] at count at <unknown>:0) (first 15 tasks are for partitions Vector(0, 1, 2, 3))
[2025-11-10T14:01:00.656+0000] {subprocess.py:106} INFO - 25/11/10 14:01:00 INFO TaskSchedulerImpl: Adding task set 6.0 with 4 tasks resource profile 0
[2025-11-10T14:01:00.657+0000] {subprocess.py:106} INFO - 25/11/10 14:01:00 INFO TaskSetManager: Starting task 0.0 in stage 6.0 (TID 7) (172.30.0.8, executor 0, partition 0, ANY, 16416 bytes)
[2025-11-10T14:01:00.682+0000] {subprocess.py:106} INFO - 25/11/10 14:01:00 INFO BlockManagerInfo: Added broadcast_9_piece0 in memory on 172.30.0.8:38623 (size: 22.6 KiB, free: 434.3 MiB)
[2025-11-10T14:01:00.778+0000] {subprocess.py:106} INFO - 25/11/10 14:01:00 INFO BlockManagerInfo: Removed broadcast_2_piece0 on 68d0d8c522fe:37987 in memory (size: 29.8 KiB, free: 434.3 MiB)
[2025-11-10T14:01:00.894+0000] {subprocess.py:106} INFO - 25/11/10 14:01:00 INFO BlockManagerInfo: Added broadcast_8_piece0 in memory on 172.30.0.8:38623 (size: 29.8 KiB, free: 434.3 MiB)
[2025-11-10T14:01:01.344+0000] {subprocess.py:106} INFO - 25/11/10 14:01:01 INFO TaskSetManager: Starting task 1.0 in stage 6.0 (TID 8) (172.30.0.8, executor 0, partition 1, ANY, 16417 bytes)
[2025-11-10T14:01:01.346+0000] {subprocess.py:106} INFO - 25/11/10 14:01:01 INFO TaskSetManager: Finished task 0.0 in stage 6.0 (TID 7) in 688 ms on 172.30.0.8 (executor 0) (1/4)
[2025-11-10T14:01:01.636+0000] {subprocess.py:106} INFO - 25/11/10 14:01:01 INFO TaskSetManager: Starting task 2.0 in stage 6.0 (TID 9) (172.30.0.8, executor 0, partition 2, ANY, 16417 bytes)
[2025-11-10T14:01:01.637+0000] {subprocess.py:106} INFO - 25/11/10 14:01:01 INFO TaskSetManager: Finished task 1.0 in stage 6.0 (TID 8) in 294 ms on 172.30.0.8 (executor 0) (2/4)
[2025-11-10T14:01:01.907+0000] {subprocess.py:106} INFO - 25/11/10 14:01:01 INFO TaskSetManager: Starting task 3.0 in stage 6.0 (TID 10) (172.30.0.8, executor 0, partition 3, ANY, 14986 bytes)
[2025-11-10T14:01:01.909+0000] {subprocess.py:106} INFO - 25/11/10 14:01:01 INFO TaskSetManager: Finished task 2.0 in stage 6.0 (TID 9) in 273 ms on 172.30.0.8 (executor 0) (3/4)
[2025-11-10T14:01:02.003+0000] {subprocess.py:106} INFO - 25/11/10 14:01:02 INFO TaskSetManager: Finished task 3.0 in stage 6.0 (TID 10) in 96 ms on 172.30.0.8 (executor 0) (4/4)
[2025-11-10T14:01:02.004+0000] {subprocess.py:106} INFO - 25/11/10 14:01:02 INFO TaskSchedulerImpl: Removed TaskSet 6.0, whose tasks have all completed, from pool
[2025-11-10T14:01:02.005+0000] {subprocess.py:106} INFO - 25/11/10 14:01:02 INFO DAGScheduler: ShuffleMapStage 6 (count at <unknown>:0) finished in 1.373 s
[2025-11-10T14:01:02.006+0000] {subprocess.py:106} INFO - 25/11/10 14:01:02 INFO DAGScheduler: looking for newly runnable stages
[2025-11-10T14:01:02.006+0000] {subprocess.py:106} INFO - 25/11/10 14:01:02 INFO DAGScheduler: running: Set()
[2025-11-10T14:01:02.007+0000] {subprocess.py:106} INFO - 25/11/10 14:01:02 INFO DAGScheduler: waiting: Set()
[2025-11-10T14:01:02.008+0000] {subprocess.py:106} INFO - 25/11/10 14:01:02 INFO DAGScheduler: failed: Set()
[2025-11-10T14:01:02.022+0000] {subprocess.py:106} INFO - 25/11/10 14:01:02 INFO ShufflePartitionsUtil: For shuffle(2), advisory target size: 67108864, actual target size 1048576, minimum partition size: 1048576
[2025-11-10T14:01:02.071+0000] {subprocess.py:106} INFO - 25/11/10 14:01:02 INFO CodeGenerator: Code generated in 28.913903 ms
[2025-11-10T14:01:02.090+0000] {subprocess.py:106} INFO - 25/11/10 14:01:02 INFO DAGScheduler: Registering RDD 22 (count at <unknown>:0) as input to shuffle 3
[2025-11-10T14:01:02.091+0000] {subprocess.py:106} INFO - 25/11/10 14:01:02 INFO DAGScheduler: Got map stage job 5 (count at <unknown>:0) with 1 output partitions
[2025-11-10T14:01:02.096+0000] {subprocess.py:106} INFO - 25/11/10 14:01:02 INFO DAGScheduler: Final stage: ShuffleMapStage 8 (count at <unknown>:0)
[2025-11-10T14:01:02.097+0000] {subprocess.py:106} INFO - 25/11/10 14:01:02 INFO DAGScheduler: Parents of final stage: List(ShuffleMapStage 7)
[2025-11-10T14:01:02.097+0000] {subprocess.py:106} INFO - 25/11/10 14:01:02 INFO DAGScheduler: Missing parents: List()
[2025-11-10T14:01:02.099+0000] {subprocess.py:106} INFO - 25/11/10 14:01:02 INFO DAGScheduler: Submitting ShuffleMapStage 8 (MapPartitionsRDD[22] at count at <unknown>:0), which has no missing parents
[2025-11-10T14:01:02.105+0000] {subprocess.py:106} INFO - 25/11/10 14:01:02 INFO MemoryStore: Block broadcast_10 stored as values in memory (estimated size 54.2 KiB, free 434.1 MiB)
[2025-11-10T14:01:02.115+0000] {subprocess.py:106} INFO - 25/11/10 14:01:02 INFO MemoryStore: Block broadcast_10_piece0 stored as bytes in memory (estimated size 23.5 KiB, free 434.1 MiB)
[2025-11-10T14:01:02.119+0000] {subprocess.py:106} INFO - 25/11/10 14:01:02 INFO BlockManagerInfo: Added broadcast_10_piece0 in memory on 68d0d8c522fe:37987 (size: 23.5 KiB, free: 434.3 MiB)
[2025-11-10T14:01:02.120+0000] {subprocess.py:106} INFO - 25/11/10 14:01:02 INFO BlockManagerInfo: Removed broadcast_9_piece0 on 68d0d8c522fe:37987 in memory (size: 22.6 KiB, free: 434.3 MiB)
[2025-11-10T14:01:02.126+0000] {subprocess.py:106} INFO - 25/11/10 14:01:02 INFO SparkContext: Created broadcast 10 from broadcast at DAGScheduler.scala:1585
[2025-11-10T14:01:02.127+0000] {subprocess.py:106} INFO - 25/11/10 14:01:02 INFO DAGScheduler: Submitting 1 missing tasks from ShuffleMapStage 8 (MapPartitionsRDD[22] at count at <unknown>:0) (first 15 tasks are for partitions Vector(0))
[2025-11-10T14:01:02.127+0000] {subprocess.py:106} INFO - 25/11/10 14:01:02 INFO TaskSchedulerImpl: Adding task set 8.0 with 1 tasks resource profile 0
[2025-11-10T14:01:02.128+0000] {subprocess.py:106} INFO - 25/11/10 14:01:02 INFO TaskSetManager: Starting task 0.0 in stage 8.0 (TID 11) (172.30.0.8, executor 0, partition 0, NODE_LOCAL, 9320 bytes)
[2025-11-10T14:01:02.134+0000] {subprocess.py:106} INFO - 25/11/10 14:01:02 INFO BlockManagerInfo: Removed broadcast_9_piece0 on 172.30.0.8:38623 in memory (size: 22.6 KiB, free: 434.3 MiB)
[2025-11-10T14:01:02.147+0000] {subprocess.py:106} INFO - 25/11/10 14:01:02 INFO BlockManagerInfo: Added broadcast_10_piece0 in memory on 172.30.0.8:38623 (size: 23.5 KiB, free: 434.3 MiB)
[2025-11-10T14:01:02.187+0000] {subprocess.py:106} INFO - 25/11/10 14:01:02 INFO MapOutputTrackerMasterEndpoint: Asked to send map output locations for shuffle 2 to 172.30.0.8:44714
[2025-11-10T14:01:02.290+0000] {subprocess.py:106} INFO - 25/11/10 14:01:02 INFO TaskSetManager: Finished task 0.0 in stage 8.0 (TID 11) in 163 ms on 172.30.0.8 (executor 0) (1/1)
[2025-11-10T14:01:02.292+0000] {subprocess.py:106} INFO - 25/11/10 14:01:02 INFO TaskSchedulerImpl: Removed TaskSet 8.0, whose tasks have all completed, from pool
[2025-11-10T14:01:02.293+0000] {subprocess.py:106} INFO - 25/11/10 14:01:02 INFO DAGScheduler: ShuffleMapStage 8 (count at <unknown>:0) finished in 0.188 s
[2025-11-10T14:01:02.294+0000] {subprocess.py:106} INFO - 25/11/10 14:01:02 INFO DAGScheduler: looking for newly runnable stages
[2025-11-10T14:01:02.294+0000] {subprocess.py:106} INFO - 25/11/10 14:01:02 INFO DAGScheduler: running: Set()
[2025-11-10T14:01:02.296+0000] {subprocess.py:106} INFO - 25/11/10 14:01:02 INFO DAGScheduler: waiting: Set()
[2025-11-10T14:01:02.297+0000] {subprocess.py:106} INFO - 25/11/10 14:01:02 INFO DAGScheduler: failed: Set()
[2025-11-10T14:01:02.320+0000] {subprocess.py:106} INFO - 25/11/10 14:01:02 INFO CodeGenerator: Code generated in 14.112763 ms
[2025-11-10T14:01:02.348+0000] {subprocess.py:106} INFO - 25/11/10 14:01:02 INFO SparkContext: Starting job: count at <unknown>:0
[2025-11-10T14:01:02.350+0000] {subprocess.py:106} INFO - 25/11/10 14:01:02 INFO DAGScheduler: Got job 6 (count at <unknown>:0) with 1 output partitions
[2025-11-10T14:01:02.351+0000] {subprocess.py:106} INFO - 25/11/10 14:01:02 INFO DAGScheduler: Final stage: ResultStage 11 (count at <unknown>:0)
[2025-11-10T14:01:02.352+0000] {subprocess.py:106} INFO - 25/11/10 14:01:02 INFO DAGScheduler: Parents of final stage: List(ShuffleMapStage 10)
[2025-11-10T14:01:02.352+0000] {subprocess.py:106} INFO - 25/11/10 14:01:02 INFO DAGScheduler: Missing parents: List()
[2025-11-10T14:01:02.353+0000] {subprocess.py:106} INFO - 25/11/10 14:01:02 INFO DAGScheduler: Submitting ResultStage 11 (MapPartitionsRDD[25] at count at <unknown>:0), which has no missing parents
[2025-11-10T14:01:02.355+0000] {subprocess.py:106} INFO - 25/11/10 14:01:02 INFO MemoryStore: Block broadcast_11 stored as values in memory (estimated size 12.5 KiB, free 434.1 MiB)
[2025-11-10T14:01:02.384+0000] {subprocess.py:106} INFO - 25/11/10 14:01:02 INFO MemoryStore: Block broadcast_11_piece0 stored as bytes in memory (estimated size 5.9 KiB, free 434.1 MiB)
[2025-11-10T14:01:02.385+0000] {subprocess.py:106} INFO - 25/11/10 14:01:02 INFO BlockManagerInfo: Added broadcast_11_piece0 in memory on 68d0d8c522fe:37987 (size: 5.9 KiB, free: 434.3 MiB)
[2025-11-10T14:01:02.386+0000] {subprocess.py:106} INFO - 25/11/10 14:01:02 INFO BlockManagerInfo: Removed broadcast_10_piece0 on 68d0d8c522fe:37987 in memory (size: 23.5 KiB, free: 434.3 MiB)
[2025-11-10T14:01:02.387+0000] {subprocess.py:106} INFO - 25/11/10 14:01:02 INFO SparkContext: Created broadcast 11 from broadcast at DAGScheduler.scala:1585
[2025-11-10T14:01:02.388+0000] {subprocess.py:106} INFO - 25/11/10 14:01:02 INFO DAGScheduler: Submitting 1 missing tasks from ResultStage 11 (MapPartitionsRDD[25] at count at <unknown>:0) (first 15 tasks are for partitions Vector(0))
[2025-11-10T14:01:02.389+0000] {subprocess.py:106} INFO - 25/11/10 14:01:02 INFO TaskSchedulerImpl: Adding task set 11.0 with 1 tasks resource profile 0
[2025-11-10T14:01:02.394+0000] {subprocess.py:106} INFO - 25/11/10 14:01:02 INFO TaskSetManager: Starting task 0.0 in stage 11.0 (TID 12) (172.30.0.8, executor 0, partition 0, NODE_LOCAL, 9331 bytes)
[2025-11-10T14:01:02.395+0000] {subprocess.py:106} INFO - 25/11/10 14:01:02 INFO BlockManagerInfo: Removed broadcast_10_piece0 on 172.30.0.8:38623 in memory (size: 23.5 KiB, free: 434.3 MiB)
[2025-11-10T14:01:02.415+0000] {subprocess.py:106} INFO - 25/11/10 14:01:02 INFO BlockManagerInfo: Added broadcast_11_piece0 in memory on 172.30.0.8:38623 (size: 5.9 KiB, free: 434.3 MiB)
[2025-11-10T14:01:02.426+0000] {subprocess.py:106} INFO - 25/11/10 14:01:02 INFO MapOutputTrackerMasterEndpoint: Asked to send map output locations for shuffle 3 to 172.30.0.8:44714
[2025-11-10T14:01:02.465+0000] {subprocess.py:106} INFO - 25/11/10 14:01:02 INFO TaskSetManager: Finished task 0.0 in stage 11.0 (TID 12) in 72 ms on 172.30.0.8 (executor 0) (1/1)
[2025-11-10T14:01:02.466+0000] {subprocess.py:106} INFO - 25/11/10 14:01:02 INFO TaskSchedulerImpl: Removed TaskSet 11.0, whose tasks have all completed, from pool
[2025-11-10T14:01:02.468+0000] {subprocess.py:106} INFO - 25/11/10 14:01:02 INFO DAGScheduler: ResultStage 11 (count at <unknown>:0) finished in 0.116 s
[2025-11-10T14:01:02.478+0000] {subprocess.py:106} INFO - 25/11/10 14:01:02 INFO DAGScheduler: Job 6 is finished. Cancelling potential speculative or zombie tasks for this job
[2025-11-10T14:01:02.481+0000] {subprocess.py:106} INFO - 25/11/10 14:01:02 INFO TaskSchedulerImpl: Killing all running tasks in stage 11: Stage finished
[2025-11-10T14:01:02.482+0000] {subprocess.py:106} INFO - 25/11/10 14:01:02 INFO DAGScheduler: Job 6 finished: count at <unknown>:0, took 0.126358 s
[2025-11-10T14:01:02.483+0000] {subprocess.py:106} INFO -  Record count after cleaning: 3841
[2025-11-10T14:01:02.484+0000] {subprocess.py:106} INFO - 25/11/10 14:01:02 INFO SparkContext: SparkContext is stopping with exitCode 0.
[2025-11-10T14:01:02.503+0000] {subprocess.py:106} INFO - 25/11/10 14:01:02 INFO SparkUI: Stopped Spark web UI at http://68d0d8c522fe:4040
[2025-11-10T14:01:02.510+0000] {subprocess.py:106} INFO - 25/11/10 14:01:02 INFO StandaloneSchedulerBackend: Shutting down all executors
[2025-11-10T14:01:02.514+0000] {subprocess.py:106} INFO - 25/11/10 14:01:02 INFO StandaloneSchedulerBackend$StandaloneDriverEndpoint: Asking each executor to shut down
[2025-11-10T14:01:02.539+0000] {subprocess.py:106} INFO - 25/11/10 14:01:02 INFO MapOutputTrackerMasterEndpoint: MapOutputTrackerMasterEndpoint stopped!
[2025-11-10T14:01:02.566+0000] {subprocess.py:106} INFO - 25/11/10 14:01:02 INFO MemoryStore: MemoryStore cleared
[2025-11-10T14:01:02.570+0000] {subprocess.py:106} INFO - 25/11/10 14:01:02 INFO BlockManager: BlockManager stopped
[2025-11-10T14:01:02.572+0000] {subprocess.py:106} INFO - 25/11/10 14:01:02 INFO BlockManagerMaster: BlockManagerMaster stopped
[2025-11-10T14:01:02.579+0000] {subprocess.py:106} INFO - 25/11/10 14:01:02 INFO OutputCommitCoordinator$OutputCommitCoordinatorEndpoint: OutputCommitCoordinator stopped!
[2025-11-10T14:01:02.596+0000] {subprocess.py:106} INFO - 25/11/10 14:01:02 INFO SparkContext: Successfully stopped SparkContext
[2025-11-10T14:01:02.698+0000] {subprocess.py:106} INFO - 25/11/10 14:01:02 INFO ShutdownHookManager: Shutdown hook called
[2025-11-10T14:01:02.702+0000] {subprocess.py:106} INFO - 25/11/10 14:01:02 INFO ShutdownHookManager: Deleting directory /tmp/spark-b3446e5f-7d9f-4c3d-bcd3-db6e83b1b23b
[2025-11-10T14:01:02.706+0000] {subprocess.py:106} INFO - 25/11/10 14:01:02 INFO ShutdownHookManager: Deleting directory /tmp/spark-d4b8845d-d116-4a2a-a8cf-c778bbe6dff4
[2025-11-10T14:01:02.710+0000] {subprocess.py:106} INFO - 25/11/10 14:01:02 INFO ShutdownHookManager: Deleting directory /tmp/spark-d4b8845d-d116-4a2a-a8cf-c778bbe6dff4/pyspark-aec75079-41f9-43c1-a488-82252bacb84b
[2025-11-10T14:01:02.821+0000] {subprocess.py:110} INFO - Command exited with return code 0
[2025-11-10T14:01:02.897+0000] {taskinstance.py:341} INFO - ::group::Post task execution logs
[2025-11-10T14:01:02.898+0000] {taskinstance.py:353} INFO - Marking task as SUCCESS. dag_id=crawl_etl_itjob, task_id=clean_silver, run_id=scheduled__2025-11-09T02:00:00+00:00, execution_date=20251109T020000, start_date=20251110T140036, end_date=20251110T140102
[2025-11-10T14:01:03.024+0000] {local_task_job_runner.py:266} INFO - Task exited with return code 0
[2025-11-10T14:01:03.078+0000] {taskinstance.py:3901} INFO - 1 downstream tasks scheduled from follow-on schedule check
[2025-11-10T14:01:03.081+0000] {local_task_job_runner.py:245} INFO - ::endgroup::
