[2025-12-08T13:33:12.447+0000] {local_task_job_runner.py:123} INFO - ::group::Pre task execution logs
[2025-12-08T13:33:12.532+0000] {taskinstance.py:2614} INFO - Dependencies all met for dep_context=non-requeueable deps ti=<TaskInstance: crawl_etl_itjob.load_bronze scheduled__2025-12-06T02:00:00+00:00 [queued]>
[2025-12-08T13:33:12.556+0000] {taskinstance.py:2614} INFO - Dependencies all met for dep_context=requeueable deps ti=<TaskInstance: crawl_etl_itjob.load_bronze scheduled__2025-12-06T02:00:00+00:00 [queued]>
[2025-12-08T13:33:12.557+0000] {taskinstance.py:2867} INFO - Starting attempt 1 of 2
[2025-12-08T13:33:12.583+0000] {taskinstance.py:2890} INFO - Executing <Task(BashOperator): load_bronze> on 2025-12-06 02:00:00+00:00
[2025-12-08T13:33:12.593+0000] {standard_task_runner.py:72} INFO - Started process 54 to run task
[2025-12-08T13:33:12.600+0000] {standard_task_runner.py:104} INFO - Running: ['***', 'tasks', 'run', 'crawl_etl_itjob', 'load_bronze', 'scheduled__2025-12-06T02:00:00+00:00', '--job-id', '296', '--raw', '--subdir', 'DAGS_FOLDER/Crawl_ETL_ITJob.py', '--cfg-path', '/tmp/tmpj8kj11zu']
[2025-12-08T13:33:12.603+0000] {standard_task_runner.py:105} INFO - Job 296: Subtask load_bronze
[2025-12-08T13:33:12.658+0000] {warnings.py:109} WARNING - /home/***/.local/lib/python3.8/site-packages/***/settings.py:209: DeprecationWarning: The sql_alchemy_conn option in [core] has been moved to the sql_alchemy_conn option in [database] - the old setting has been used, but please update your config.
  SQL_ALCHEMY_CONN = conf.get("database", "SQL_ALCHEMY_CONN")

[2025-12-08T13:33:12.892+0000] {task_command.py:467} INFO - Running <TaskInstance: crawl_etl_itjob.load_bronze scheduled__2025-12-06T02:00:00+00:00 [running]> on host a1de7f96d4f1
[2025-12-08T13:33:12.894+0000] {warnings.py:109} WARNING - /home/***/.local/lib/python3.8/site-packages/***/settings.py:470: DeprecationWarning: The sql_alchemy_conn option in [core] has been moved to the sql_alchemy_conn option in [database] - the old setting has been used, but please update your config.
  if conf.get("database", "sql_alchemy_conn") == "none://":

[2025-12-08T13:33:13.579+0000] {taskinstance.py:3134} INFO - Exporting env vars: AIRFLOW_CTX_DAG_EMAIL='alert@datateam.local' AIRFLOW_CTX_DAG_OWNER='***' AIRFLOW_CTX_DAG_ID='crawl_etl_itjob' AIRFLOW_CTX_TASK_ID='load_bronze' AIRFLOW_CTX_EXECUTION_DATE='2025-12-06T02:00:00+00:00' AIRFLOW_CTX_TRY_NUMBER='1' AIRFLOW_CTX_DAG_RUN_ID='scheduled__2025-12-06T02:00:00+00:00'
[2025-12-08T13:33:13.584+0000] {taskinstance.py:732} INFO - ::endgroup::
[2025-12-08T13:33:13.667+0000] {subprocess.py:78} INFO - Tmp dir root location: /tmp
[2025-12-08T13:33:13.670+0000] {subprocess.py:88} INFO - Running command: ['/bin/bash', '-c', "\n        docker exec spark-submit bash -c '\n        /opt/spark/bin/spark-submit         --master spark://spark-master:7077         --deploy-mode client         --packages org.apache.iceberg:iceberg-spark-runtime-3.5_2.12:1.5.0         /opt/spark/scripts/Load_Bronze.py\n        '\n        "]
[2025-12-08T13:33:13.693+0000] {subprocess.py:99} INFO - Output:
[2025-12-08T13:33:21.599+0000] {subprocess.py:106} INFO - :: loading settings :: url = jar:file:/opt/spark/jars/ivy-2.5.1.jar!/org/apache/ivy/core/settings/ivysettings.xml
[2025-12-08T13:33:21.769+0000] {subprocess.py:106} INFO - Ivy Default Cache set to: /home/spark/.ivy2/cache
[2025-12-08T13:33:21.770+0000] {subprocess.py:106} INFO - The jars for the packages stored in: /home/spark/.ivy2/jars
[2025-12-08T13:33:21.777+0000] {subprocess.py:106} INFO - org.apache.iceberg#iceberg-spark-runtime-3.5_2.12 added as a dependency
[2025-12-08T13:33:21.778+0000] {subprocess.py:106} INFO - :: resolving dependencies :: org.apache.spark#spark-submit-parent-b728841d-f893-4795-b6d2-42ace93ea718;1.0
[2025-12-08T13:33:21.779+0000] {subprocess.py:106} INFO - 	confs: [default]
[2025-12-08T13:33:21.967+0000] {subprocess.py:106} INFO - 	found org.apache.iceberg#iceberg-spark-runtime-3.5_2.12;1.5.0 in central
[2025-12-08T13:33:21.988+0000] {subprocess.py:106} INFO - :: resolution report :: resolve 204ms :: artifacts dl 5ms
[2025-12-08T13:33:21.989+0000] {subprocess.py:106} INFO - 	:: modules in use:
[2025-12-08T13:33:21.990+0000] {subprocess.py:106} INFO - 	org.apache.iceberg#iceberg-spark-runtime-3.5_2.12;1.5.0 from central in [default]
[2025-12-08T13:33:21.991+0000] {subprocess.py:106} INFO - 	---------------------------------------------------------------------
[2025-12-08T13:33:21.991+0000] {subprocess.py:106} INFO - 	|                  |            modules            ||   artifacts   |
[2025-12-08T13:33:21.992+0000] {subprocess.py:106} INFO - 	|       conf       | number| search|dwnlded|evicted|| number|dwnlded|
[2025-12-08T13:33:21.992+0000] {subprocess.py:106} INFO - 	---------------------------------------------------------------------
[2025-12-08T13:33:21.993+0000] {subprocess.py:106} INFO - 	|      default     |   1   |   0   |   0   |   0   ||   1   |   0   |
[2025-12-08T13:33:21.994+0000] {subprocess.py:106} INFO - 	---------------------------------------------------------------------
[2025-12-08T13:33:21.994+0000] {subprocess.py:106} INFO - :: retrieving :: org.apache.spark#spark-submit-parent-b728841d-f893-4795-b6d2-42ace93ea718
[2025-12-08T13:33:21.995+0000] {subprocess.py:106} INFO - 	confs: [default]
[2025-12-08T13:33:22.001+0000] {subprocess.py:106} INFO - 	0 artifacts copied, 1 already retrieved (0kB/8ms)
[2025-12-08T13:33:22.378+0000] {subprocess.py:106} INFO - 25/12/08 13:33:22 WARN NativeCodeLoader: Unable to load native-hadoop library for your platform... using builtin-java classes where applicable
[2025-12-08T13:33:24.661+0000] {subprocess.py:106} INFO - 25/12/08 13:33:24 INFO SparkContext: Running Spark version 3.5.3
[2025-12-08T13:33:24.663+0000] {subprocess.py:106} INFO - 25/12/08 13:33:24 INFO SparkContext: OS info Linux, 6.6.87.2-microsoft-standard-WSL2, amd64
[2025-12-08T13:33:24.664+0000] {subprocess.py:106} INFO - 25/12/08 13:33:24 INFO SparkContext: Java version 11.0.24
[2025-12-08T13:33:24.720+0000] {subprocess.py:106} INFO - 25/12/08 13:33:24 INFO ResourceUtils: ==============================================================
[2025-12-08T13:33:24.722+0000] {subprocess.py:106} INFO - 25/12/08 13:33:24 INFO ResourceUtils: No custom resources configured for spark.driver.
[2025-12-08T13:33:24.725+0000] {subprocess.py:106} INFO - 25/12/08 13:33:24 INFO ResourceUtils: ==============================================================
[2025-12-08T13:33:24.727+0000] {subprocess.py:106} INFO - 25/12/08 13:33:24 INFO SparkContext: Submitted application: Load_Bronze_Hive_Iceberg
[2025-12-08T13:33:24.804+0000] {subprocess.py:106} INFO - 25/12/08 13:33:24 INFO ResourceProfile: Default ResourceProfile created, executor resources: Map(memory -> name: memory, amount: 1024, script: , vendor: , offHeap -> name: offHeap, amount: 0, script: , vendor: ), task resources: Map(cpus -> name: cpus, amount: 1.0)
[2025-12-08T13:33:24.838+0000] {subprocess.py:106} INFO - 25/12/08 13:33:24 INFO ResourceProfile: Limiting resource is cpu
[2025-12-08T13:33:24.840+0000] {subprocess.py:106} INFO - 25/12/08 13:33:24 INFO ResourceProfileManager: Added ResourceProfile id: 0
[2025-12-08T13:33:25.146+0000] {subprocess.py:106} INFO - 25/12/08 13:33:25 INFO SecurityManager: Changing view acls to: spark
[2025-12-08T13:33:25.149+0000] {subprocess.py:106} INFO - 25/12/08 13:33:25 INFO SecurityManager: Changing modify acls to: spark
[2025-12-08T13:33:25.151+0000] {subprocess.py:106} INFO - 25/12/08 13:33:25 INFO SecurityManager: Changing view acls groups to:
[2025-12-08T13:33:25.152+0000] {subprocess.py:106} INFO - 25/12/08 13:33:25 INFO SecurityManager: Changing modify acls groups to:
[2025-12-08T13:33:25.157+0000] {subprocess.py:106} INFO - 25/12/08 13:33:25 INFO SecurityManager: SecurityManager: authentication disabled; ui acls disabled; users with view permissions: spark; groups with view permissions: EMPTY; users with modify permissions: spark; groups with modify permissions: EMPTY
[2025-12-08T13:33:25.896+0000] {subprocess.py:106} INFO - 25/12/08 13:33:25 INFO Utils: Successfully started service 'sparkDriver' on port 44439.
[2025-12-08T13:33:25.975+0000] {subprocess.py:106} INFO - 25/12/08 13:33:25 INFO SparkEnv: Registering MapOutputTracker
[2025-12-08T13:33:26.072+0000] {subprocess.py:106} INFO - 25/12/08 13:33:26 INFO SparkEnv: Registering BlockManagerMaster
[2025-12-08T13:33:26.112+0000] {subprocess.py:106} INFO - 25/12/08 13:33:26 INFO BlockManagerMasterEndpoint: Using org.apache.spark.storage.DefaultTopologyMapper for getting topology information
[2025-12-08T13:33:26.114+0000] {subprocess.py:106} INFO - 25/12/08 13:33:26 INFO BlockManagerMasterEndpoint: BlockManagerMasterEndpoint up
[2025-12-08T13:33:26.124+0000] {subprocess.py:106} INFO - 25/12/08 13:33:26 INFO SparkEnv: Registering BlockManagerMasterHeartbeat
[2025-12-08T13:33:26.191+0000] {subprocess.py:106} INFO - 25/12/08 13:33:26 INFO DiskBlockManager: Created local directory at /tmp/blockmgr-10fe1671-8bf4-427f-9022-6dd0ff42165d
[2025-12-08T13:33:26.220+0000] {subprocess.py:106} INFO - 25/12/08 13:33:26 INFO MemoryStore: MemoryStore started with capacity 434.4 MiB
[2025-12-08T13:33:26.248+0000] {subprocess.py:106} INFO - 25/12/08 13:33:26 INFO SparkEnv: Registering OutputCommitCoordinator
[2025-12-08T13:33:26.474+0000] {subprocess.py:106} INFO - 25/12/08 13:33:26 INFO JettyUtils: Start Jetty 0.0.0.0:4040 for SparkUI
[2025-12-08T13:33:26.628+0000] {subprocess.py:106} INFO - 25/12/08 13:33:26 INFO Utils: Successfully started service 'SparkUI' on port 4040.
[2025-12-08T13:33:26.682+0000] {subprocess.py:106} INFO - 25/12/08 13:33:26 INFO SparkContext: Added JAR file:///home/spark/.ivy2/jars/org.apache.iceberg_iceberg-spark-runtime-3.5_2.12-1.5.0.jar at spark://65f44b4fd513:44439/jars/org.apache.iceberg_iceberg-spark-runtime-3.5_2.12-1.5.0.jar with timestamp 1765200804641
[2025-12-08T13:33:26.688+0000] {subprocess.py:106} INFO - 25/12/08 13:33:26 INFO SparkContext: Added file file:///home/spark/.ivy2/jars/org.apache.iceberg_iceberg-spark-runtime-3.5_2.12-1.5.0.jar at spark://65f44b4fd513:44439/files/org.apache.iceberg_iceberg-spark-runtime-3.5_2.12-1.5.0.jar with timestamp 1765200804641
[2025-12-08T13:33:26.690+0000] {subprocess.py:106} INFO - 25/12/08 13:33:26 INFO Utils: Copying /home/spark/.ivy2/jars/org.apache.iceberg_iceberg-spark-runtime-3.5_2.12-1.5.0.jar to /tmp/spark-fa84e9d8-4e57-4de3-af8e-7d28904feda2/userFiles-dce9d11c-21a6-4bb6-b663-8ab50fadf75b/org.apache.iceberg_iceberg-spark-runtime-3.5_2.12-1.5.0.jar
[2025-12-08T13:33:27.037+0000] {subprocess.py:106} INFO - 25/12/08 13:33:27 INFO StandaloneAppClient$ClientEndpoint: Connecting to master spark://spark-master:7077...
[2025-12-08T13:33:27.101+0000] {subprocess.py:106} INFO - 25/12/08 13:33:27 INFO TransportClientFactory: Successfully created connection to spark-master/172.30.0.6:7077 after 40 ms (0 ms spent in bootstraps)
[2025-12-08T13:33:27.715+0000] {subprocess.py:106} INFO - 25/12/08 13:33:27 INFO StandaloneSchedulerBackend: Connected to Spark cluster with app ID app-20251208133327-0000
[2025-12-08T13:33:27.730+0000] {subprocess.py:106} INFO - 25/12/08 13:33:27 INFO Utils: Successfully started service 'org.apache.spark.network.netty.NettyBlockTransferService' on port 44483.
[2025-12-08T13:33:27.734+0000] {subprocess.py:106} INFO - 25/12/08 13:33:27 INFO NettyBlockTransferService: Server created on 65f44b4fd513:44483
[2025-12-08T13:33:27.735+0000] {subprocess.py:106} INFO - 25/12/08 13:33:27 INFO BlockManager: Using org.apache.spark.storage.RandomBlockReplicationPolicy for block replication policy
[2025-12-08T13:33:27.751+0000] {subprocess.py:106} INFO - 25/12/08 13:33:27 INFO BlockManagerMaster: Registering BlockManager BlockManagerId(driver, 65f44b4fd513, 44483, None)
[2025-12-08T13:33:27.759+0000] {subprocess.py:106} INFO - 25/12/08 13:33:27 INFO BlockManagerMasterEndpoint: Registering block manager 65f44b4fd513:44483 with 434.4 MiB RAM, BlockManagerId(driver, 65f44b4fd513, 44483, None)
[2025-12-08T13:33:27.763+0000] {subprocess.py:106} INFO - 25/12/08 13:33:27 INFO BlockManagerMaster: Registered BlockManager BlockManagerId(driver, 65f44b4fd513, 44483, None)
[2025-12-08T13:33:27.765+0000] {subprocess.py:106} INFO - 25/12/08 13:33:27 INFO BlockManager: Initialized BlockManager: BlockManagerId(driver, 65f44b4fd513, 44483, None)
[2025-12-08T13:33:27.766+0000] {subprocess.py:106} INFO - 25/12/08 13:33:27 INFO StandaloneAppClient$ClientEndpoint: Executor added: app-20251208133327-0000/0 on worker-20251208131557-172.30.0.8-35973 (172.30.0.8:35973) with 1 core(s)
[2025-12-08T13:33:27.769+0000] {subprocess.py:106} INFO - 25/12/08 13:33:27 INFO StandaloneSchedulerBackend: Granted executor ID app-20251208133327-0000/0 on hostPort 172.30.0.8:35973 with 1 core(s), 1024.0 MiB RAM
[2025-12-08T13:33:28.142+0000] {subprocess.py:106} INFO - 25/12/08 13:33:28 INFO StandaloneSchedulerBackend: SchedulerBackend is ready for scheduling beginning after reached minRegisteredResourcesRatio: 0.0
[2025-12-08T13:33:28.217+0000] {subprocess.py:106} INFO - 25/12/08 13:33:28 INFO StandaloneAppClient$ClientEndpoint: Executor updated: app-20251208133327-0000/0 is now RUNNING
[2025-12-08T13:33:28.721+0000] {subprocess.py:106} INFO - 25/12/08 13:33:28 INFO SharedState: Setting hive.metastore.warehouse.dir ('null') to the value of spark.sql.warehouse.dir.
[2025-12-08T13:33:28.725+0000] {subprocess.py:106} INFO - 25/12/08 13:33:28 INFO SharedState: Warehouse path is 'file:/opt/spark/work-dir/spark-warehouse'.
[2025-12-08T13:33:34.704+0000] {subprocess.py:106} INFO - 25/12/08 13:33:34 INFO InMemoryFileIndex: It took 258 ms to list leaf files for 1 paths.
[2025-12-08T13:33:34.839+0000] {subprocess.py:106} INFO - 25/12/08 13:33:34 INFO StandaloneSchedulerBackend$StandaloneDriverEndpoint: Registered executor NettyRpcEndpointRef(spark-client://Executor) (172.30.0.8:56136) with ID 0,  ResourceProfileId 0
[2025-12-08T13:33:35.035+0000] {subprocess.py:106} INFO - 25/12/08 13:33:35 INFO BlockManagerMasterEndpoint: Registering block manager 172.30.0.8:38313 with 434.4 MiB RAM, BlockManagerId(0, 172.30.0.8, 38313, None)
[2025-12-08T13:33:35.117+0000] {subprocess.py:106} INFO - 25/12/08 13:33:35 INFO MemoryStore: Block broadcast_0 stored as values in memory (estimated size 203.7 KiB, free 434.2 MiB)
[2025-12-08T13:33:35.256+0000] {subprocess.py:106} INFO - 25/12/08 13:33:35 INFO MemoryStore: Block broadcast_0_piece0 stored as bytes in memory (estimated size 35.3 KiB, free 434.2 MiB)
[2025-12-08T13:33:35.263+0000] {subprocess.py:106} INFO - 25/12/08 13:33:35 INFO BlockManagerInfo: Added broadcast_0_piece0 in memory on 65f44b4fd513:44483 (size: 35.3 KiB, free: 434.4 MiB)
[2025-12-08T13:33:35.272+0000] {subprocess.py:106} INFO - 25/12/08 13:33:35 INFO SparkContext: Created broadcast 0 from csv at <unknown>:0
[2025-12-08T13:33:36.159+0000] {subprocess.py:106} INFO - 25/12/08 13:33:36 INFO FileInputFormat: Total input files to process : 1
[2025-12-08T13:33:36.166+0000] {subprocess.py:106} INFO - 25/12/08 13:33:36 INFO FileInputFormat: Total input files to process : 1
[2025-12-08T13:33:36.274+0000] {subprocess.py:106} INFO - 25/12/08 13:33:36 INFO SparkContext: Starting job: csv at <unknown>:0
[2025-12-08T13:33:36.311+0000] {subprocess.py:106} INFO - 25/12/08 13:33:36 INFO DAGScheduler: Got job 0 (csv at <unknown>:0) with 1 output partitions
[2025-12-08T13:33:36.314+0000] {subprocess.py:106} INFO - 25/12/08 13:33:36 INFO DAGScheduler: Final stage: ResultStage 0 (csv at <unknown>:0)
[2025-12-08T13:33:36.317+0000] {subprocess.py:106} INFO - 25/12/08 13:33:36 INFO DAGScheduler: Parents of final stage: List()
[2025-12-08T13:33:36.321+0000] {subprocess.py:106} INFO - 25/12/08 13:33:36 INFO DAGScheduler: Missing parents: List()
[2025-12-08T13:33:36.333+0000] {subprocess.py:106} INFO - 25/12/08 13:33:36 INFO DAGScheduler: Submitting ResultStage 0 (MapPartitionsRDD[2] at csv at <unknown>:0), which has no missing parents
[2025-12-08T13:33:36.398+0000] {subprocess.py:106} INFO - 25/12/08 13:33:36 INFO MemoryStore: Block broadcast_1 stored as values in memory (estimated size 7.6 KiB, free 434.2 MiB)
[2025-12-08T13:33:36.403+0000] {subprocess.py:106} INFO - 25/12/08 13:33:36 INFO MemoryStore: Block broadcast_1_piece0 stored as bytes in memory (estimated size 4.4 KiB, free 434.2 MiB)
[2025-12-08T13:33:36.404+0000] {subprocess.py:106} INFO - 25/12/08 13:33:36 INFO BlockManagerInfo: Added broadcast_1_piece0 in memory on 65f44b4fd513:44483 (size: 4.4 KiB, free: 434.4 MiB)
[2025-12-08T13:33:36.406+0000] {subprocess.py:106} INFO - 25/12/08 13:33:36 INFO SparkContext: Created broadcast 1 from broadcast at DAGScheduler.scala:1585
[2025-12-08T13:33:36.450+0000] {subprocess.py:106} INFO - 25/12/08 13:33:36 INFO DAGScheduler: Submitting 1 missing tasks from ResultStage 0 (MapPartitionsRDD[2] at csv at <unknown>:0) (first 15 tasks are for partitions Vector(0))
[2025-12-08T13:33:36.452+0000] {subprocess.py:106} INFO - 25/12/08 13:33:36 INFO TaskSchedulerImpl: Adding task set 0.0 with 1 tasks resource profile 0
[2025-12-08T13:33:37.158+0000] {subprocess.py:106} INFO - 25/12/08 13:33:37 INFO TaskSetManager: Starting task 0.0 in stage 0.0 (TID 0) (172.30.0.8, executor 0, partition 0, PROCESS_LOCAL, 9484 bytes)
[2025-12-08T13:33:37.548+0000] {subprocess.py:106} INFO - 25/12/08 13:33:37 INFO BlockManagerInfo: Added broadcast_1_piece0 in memory on 172.30.0.8:38313 (size: 4.4 KiB, free: 434.4 MiB)
[2025-12-08T13:33:37.955+0000] {subprocess.py:106} INFO - 25/12/08 13:33:37 INFO BlockManagerInfo: Added broadcast_0_piece0 in memory on 172.30.0.8:38313 (size: 35.3 KiB, free: 434.4 MiB)
[2025-12-08T13:33:39.180+0000] {subprocess.py:106} INFO - 25/12/08 13:33:39 INFO TaskSetManager: Finished task 0.0 in stage 0.0 (TID 0) in 2048 ms on 172.30.0.8 (executor 0) (1/1)
[2025-12-08T13:33:39.182+0000] {subprocess.py:106} INFO - 25/12/08 13:33:39 INFO TaskSchedulerImpl: Removed TaskSet 0.0, whose tasks have all completed, from pool
[2025-12-08T13:33:39.192+0000] {subprocess.py:106} INFO - 25/12/08 13:33:39 INFO DAGScheduler: ResultStage 0 (csv at <unknown>:0) finished in 2.802 s
[2025-12-08T13:33:39.198+0000] {subprocess.py:106} INFO - 25/12/08 13:33:39 INFO DAGScheduler: Job 0 is finished. Cancelling potential speculative or zombie tasks for this job
[2025-12-08T13:33:39.199+0000] {subprocess.py:106} INFO - 25/12/08 13:33:39 INFO TaskSchedulerImpl: Killing all running tasks in stage 0: Stage finished
[2025-12-08T13:33:39.203+0000] {subprocess.py:106} INFO - 25/12/08 13:33:39 INFO DAGScheduler: Job 0 finished: csv at <unknown>:0, took 2.928549 s
[2025-12-08T13:33:39.658+0000] {subprocess.py:106} INFO - 25/12/08 13:33:39 INFO BlockManagerInfo: Removed broadcast_1_piece0 on 65f44b4fd513:44483 in memory (size: 4.4 KiB, free: 434.4 MiB)
[2025-12-08T13:33:39.659+0000] {subprocess.py:106} INFO - 25/12/08 13:33:39 INFO BlockManagerInfo: Removed broadcast_1_piece0 on 172.30.0.8:38313 in memory (size: 4.4 KiB, free: 434.4 MiB)
[2025-12-08T13:33:39.694+0000] {subprocess.py:106} INFO - 25/12/08 13:33:39 INFO BlockManagerInfo: Removed broadcast_0_piece0 on 65f44b4fd513:44483 in memory (size: 35.3 KiB, free: 434.4 MiB)
[2025-12-08T13:33:39.695+0000] {subprocess.py:106} INFO - 25/12/08 13:33:39 INFO BlockManagerInfo: Removed broadcast_0_piece0 on 172.30.0.8:38313 in memory (size: 35.3 KiB, free: 434.4 MiB)
[2025-12-08T13:33:41.469+0000] {subprocess.py:106} INFO - 25/12/08 13:33:41 INFO FileSourceStrategy: Pushed Filters:
[2025-12-08T13:33:41.470+0000] {subprocess.py:106} INFO - 25/12/08 13:33:41 INFO FileSourceStrategy: Post-Scan Filters:
[2025-12-08T13:33:42.180+0000] {subprocess.py:106} INFO - 25/12/08 13:33:42 INFO CodeGenerator: Code generated in 363.641764 ms
[2025-12-08T13:33:42.192+0000] {subprocess.py:106} INFO - 25/12/08 13:33:42 INFO MemoryStore: Block broadcast_2 stored as values in memory (estimated size 203.1 KiB, free 434.2 MiB)
[2025-12-08T13:33:42.239+0000] {subprocess.py:106} INFO - 25/12/08 13:33:42 INFO MemoryStore: Block broadcast_2_piece0 stored as bytes in memory (estimated size 35.1 KiB, free 434.2 MiB)
[2025-12-08T13:33:42.258+0000] {subprocess.py:106} INFO - 25/12/08 13:33:42 INFO BlockManagerInfo: Added broadcast_2_piece0 in memory on 65f44b4fd513:44483 (size: 35.1 KiB, free: 434.4 MiB)
[2025-12-08T13:33:42.260+0000] {subprocess.py:106} INFO - 25/12/08 13:33:42 INFO SparkContext: Created broadcast 2 from count at <unknown>:0
[2025-12-08T13:33:42.290+0000] {subprocess.py:106} INFO - 25/12/08 13:33:42 INFO FileSourceScanExec: Planning scan with bin packing, max size: 4194304 bytes, open cost is considered as scanning 4194304 bytes.
[2025-12-08T13:33:42.369+0000] {subprocess.py:106} INFO - 25/12/08 13:33:42 INFO DAGScheduler: Registering RDD 7 (count at <unknown>:0) as input to shuffle 0
[2025-12-08T13:33:42.373+0000] {subprocess.py:106} INFO - 25/12/08 13:33:42 INFO DAGScheduler: Got map stage job 1 (count at <unknown>:0) with 1 output partitions
[2025-12-08T13:33:42.374+0000] {subprocess.py:106} INFO - 25/12/08 13:33:42 INFO DAGScheduler: Final stage: ShuffleMapStage 1 (count at <unknown>:0)
[2025-12-08T13:33:42.375+0000] {subprocess.py:106} INFO - 25/12/08 13:33:42 INFO DAGScheduler: Parents of final stage: List()
[2025-12-08T13:33:42.377+0000] {subprocess.py:106} INFO - 25/12/08 13:33:42 INFO DAGScheduler: Missing parents: List()
[2025-12-08T13:33:42.380+0000] {subprocess.py:106} INFO - 25/12/08 13:33:42 INFO DAGScheduler: Submitting ShuffleMapStage 1 (MapPartitionsRDD[7] at count at <unknown>:0), which has no missing parents
[2025-12-08T13:33:42.436+0000] {subprocess.py:106} INFO - 25/12/08 13:33:42 INFO MemoryStore: Block broadcast_3 stored as values in memory (estimated size 18.0 KiB, free 434.1 MiB)
[2025-12-08T13:33:42.447+0000] {subprocess.py:106} INFO - 25/12/08 13:33:42 INFO MemoryStore: Block broadcast_3_piece0 stored as bytes in memory (estimated size 8.9 KiB, free 434.1 MiB)
[2025-12-08T13:33:42.448+0000] {subprocess.py:106} INFO - 25/12/08 13:33:42 INFO BlockManagerInfo: Added broadcast_3_piece0 in memory on 65f44b4fd513:44483 (size: 8.9 KiB, free: 434.4 MiB)
[2025-12-08T13:33:42.454+0000] {subprocess.py:106} INFO - 25/12/08 13:33:42 INFO SparkContext: Created broadcast 3 from broadcast at DAGScheduler.scala:1585
[2025-12-08T13:33:42.455+0000] {subprocess.py:106} INFO - 25/12/08 13:33:42 INFO DAGScheduler: Submitting 1 missing tasks from ShuffleMapStage 1 (MapPartitionsRDD[7] at count at <unknown>:0) (first 15 tasks are for partitions Vector(0))
[2025-12-08T13:33:42.456+0000] {subprocess.py:106} INFO - 25/12/08 13:33:42 INFO TaskSchedulerImpl: Adding task set 1.0 with 1 tasks resource profile 0
[2025-12-08T13:33:42.466+0000] {subprocess.py:106} INFO - 25/12/08 13:33:42 INFO TaskSetManager: Starting task 0.0 in stage 1.0 (TID 1) (172.30.0.8, executor 0, partition 0, ANY, 9944 bytes)
[2025-12-08T13:33:42.534+0000] {subprocess.py:106} INFO - 25/12/08 13:33:42 INFO BlockManagerInfo: Added broadcast_3_piece0 in memory on 172.30.0.8:38313 (size: 8.9 KiB, free: 434.4 MiB)
[2025-12-08T13:33:43.555+0000] {subprocess.py:106} INFO - 25/12/08 13:33:43 INFO BlockManagerInfo: Added broadcast_2_piece0 in memory on 172.30.0.8:38313 (size: 35.1 KiB, free: 434.4 MiB)
[2025-12-08T13:33:43.783+0000] {subprocess.py:106} INFO - 25/12/08 13:33:43 INFO TaskSetManager: Finished task 0.0 in stage 1.0 (TID 1) in 1324 ms on 172.30.0.8 (executor 0) (1/1)
[2025-12-08T13:33:43.784+0000] {subprocess.py:106} INFO - 25/12/08 13:33:43 INFO TaskSchedulerImpl: Removed TaskSet 1.0, whose tasks have all completed, from pool
[2025-12-08T13:33:43.787+0000] {subprocess.py:106} INFO - 25/12/08 13:33:43 INFO DAGScheduler: ShuffleMapStage 1 (count at <unknown>:0) finished in 1.397 s
[2025-12-08T13:33:43.788+0000] {subprocess.py:106} INFO - 25/12/08 13:33:43 INFO DAGScheduler: looking for newly runnable stages
[2025-12-08T13:33:43.790+0000] {subprocess.py:106} INFO - 25/12/08 13:33:43 INFO DAGScheduler: running: Set()
[2025-12-08T13:33:43.791+0000] {subprocess.py:106} INFO - 25/12/08 13:33:43 INFO DAGScheduler: waiting: Set()
[2025-12-08T13:33:43.791+0000] {subprocess.py:106} INFO - 25/12/08 13:33:43 INFO DAGScheduler: failed: Set()
[2025-12-08T13:33:43.853+0000] {subprocess.py:106} INFO - 25/12/08 13:33:43 INFO CodeGenerator: Code generated in 14.60576 ms
[2025-12-08T13:33:43.889+0000] {subprocess.py:106} INFO - 25/12/08 13:33:43 INFO SparkContext: Starting job: count at <unknown>:0
[2025-12-08T13:33:43.893+0000] {subprocess.py:106} INFO - 25/12/08 13:33:43 INFO DAGScheduler: Got job 2 (count at <unknown>:0) with 1 output partitions
[2025-12-08T13:33:43.894+0000] {subprocess.py:106} INFO - 25/12/08 13:33:43 INFO DAGScheduler: Final stage: ResultStage 3 (count at <unknown>:0)
[2025-12-08T13:33:43.894+0000] {subprocess.py:106} INFO - 25/12/08 13:33:43 INFO DAGScheduler: Parents of final stage: List(ShuffleMapStage 2)
[2025-12-08T13:33:43.895+0000] {subprocess.py:106} INFO - 25/12/08 13:33:43 INFO DAGScheduler: Missing parents: List()
[2025-12-08T13:33:43.896+0000] {subprocess.py:106} INFO - 25/12/08 13:33:43 INFO DAGScheduler: Submitting ResultStage 3 (MapPartitionsRDD[10] at count at <unknown>:0), which has no missing parents
[2025-12-08T13:33:43.904+0000] {subprocess.py:106} INFO - 25/12/08 13:33:43 INFO MemoryStore: Block broadcast_4 stored as values in memory (estimated size 12.5 KiB, free 434.1 MiB)
[2025-12-08T13:33:43.919+0000] {subprocess.py:106} INFO - 25/12/08 13:33:43 INFO MemoryStore: Block broadcast_4_piece0 stored as bytes in memory (estimated size 5.9 KiB, free 434.1 MiB)
[2025-12-08T13:33:43.926+0000] {subprocess.py:106} INFO - 25/12/08 13:33:43 INFO BlockManagerInfo: Added broadcast_4_piece0 in memory on 65f44b4fd513:44483 (size: 5.9 KiB, free: 434.4 MiB)
[2025-12-08T13:33:43.927+0000] {subprocess.py:106} INFO - 25/12/08 13:33:43 INFO SparkContext: Created broadcast 4 from broadcast at DAGScheduler.scala:1585
[2025-12-08T13:33:43.928+0000] {subprocess.py:106} INFO - 25/12/08 13:33:43 INFO BlockManagerInfo: Removed broadcast_3_piece0 on 65f44b4fd513:44483 in memory (size: 8.9 KiB, free: 434.4 MiB)
[2025-12-08T13:33:43.929+0000] {subprocess.py:106} INFO - 25/12/08 13:33:43 INFO DAGScheduler: Submitting 1 missing tasks from ResultStage 3 (MapPartitionsRDD[10] at count at <unknown>:0) (first 15 tasks are for partitions Vector(0))
[2025-12-08T13:33:43.930+0000] {subprocess.py:106} INFO - 25/12/08 13:33:43 INFO TaskSchedulerImpl: Adding task set 3.0 with 1 tasks resource profile 0
[2025-12-08T13:33:43.931+0000] {subprocess.py:106} INFO - 25/12/08 13:33:43 INFO BlockManagerInfo: Removed broadcast_3_piece0 on 172.30.0.8:38313 in memory (size: 8.9 KiB, free: 434.4 MiB)
[2025-12-08T13:33:43.932+0000] {subprocess.py:106} INFO - 25/12/08 13:33:43 INFO TaskSetManager: Starting task 0.0 in stage 3.0 (TID 2) (172.30.0.8, executor 0, partition 0, NODE_LOCAL, 9331 bytes)
[2025-12-08T13:33:43.996+0000] {subprocess.py:106} INFO - 25/12/08 13:33:43 INFO BlockManagerInfo: Added broadcast_4_piece0 in memory on 172.30.0.8:38313 (size: 5.9 KiB, free: 434.4 MiB)
[2025-12-08T13:33:44.045+0000] {subprocess.py:106} INFO - 25/12/08 13:33:44 INFO MapOutputTrackerMasterEndpoint: Asked to send map output locations for shuffle 0 to 172.30.0.8:56136
[2025-12-08T13:33:44.322+0000] {subprocess.py:106} INFO - 25/12/08 13:33:44 INFO TaskSetManager: Finished task 0.0 in stage 3.0 (TID 2) in 393 ms on 172.30.0.8 (executor 0) (1/1)
[2025-12-08T13:33:44.325+0000] {subprocess.py:106} INFO - 25/12/08 13:33:44 INFO TaskSchedulerImpl: Removed TaskSet 3.0, whose tasks have all completed, from pool
[2025-12-08T13:33:44.327+0000] {subprocess.py:106} INFO - 25/12/08 13:33:44 INFO DAGScheduler: ResultStage 3 (count at <unknown>:0) finished in 0.422 s
[2025-12-08T13:33:44.328+0000] {subprocess.py:106} INFO - 25/12/08 13:33:44 INFO DAGScheduler: Job 2 is finished. Cancelling potential speculative or zombie tasks for this job
[2025-12-08T13:33:44.329+0000] {subprocess.py:106} INFO - 25/12/08 13:33:44 INFO TaskSchedulerImpl: Killing all running tasks in stage 3: Stage finished
[2025-12-08T13:33:44.330+0000] {subprocess.py:106} INFO - 25/12/08 13:33:44 INFO DAGScheduler: Job 2 finished: count at <unknown>:0, took 0.438240 s
[2025-12-08T13:33:44.344+0000] {subprocess.py:106} INFO -  Record loaded from CSV: 5442
[2025-12-08T13:33:44.350+0000] {subprocess.py:106} INFO - root
[2025-12-08T13:33:44.351+0000] {subprocess.py:106} INFO -  |-- job_title: string (nullable = true)
[2025-12-08T13:33:44.352+0000] {subprocess.py:106} INFO -  |-- company_name: string (nullable = true)
[2025-12-08T13:33:44.353+0000] {subprocess.py:106} INFO -  |-- location: string (nullable = true)
[2025-12-08T13:33:44.355+0000] {subprocess.py:106} INFO -  |-- skills_required: string (nullable = true)
[2025-12-08T13:33:44.356+0000] {subprocess.py:106} INFO -  |-- date_posted: string (nullable = true)
[2025-12-08T13:33:44.357+0000] {subprocess.py:106} INFO -  |-- job_link: string (nullable = true)
[2025-12-08T13:33:44.358+0000] {subprocess.py:106} INFO -  |-- job_category: string (nullable = true)
[2025-12-08T13:33:44.359+0000] {subprocess.py:106} INFO -  |-- work_mode: string (nullable = true)
[2025-12-08T13:33:44.360+0000] {subprocess.py:106} INFO -  |-- crawl_date: string (nullable = true)
[2025-12-08T13:33:44.361+0000] {subprocess.py:106} INFO -  |-- date_only: string (nullable = true)
[2025-12-08T13:33:44.361+0000] {subprocess.py:106} INFO - 
[2025-12-08T13:33:44.935+0000] {subprocess.py:106} INFO - 25/12/08 13:33:44 INFO BlockManagerInfo: Removed broadcast_4_piece0 on 65f44b4fd513:44483 in memory (size: 5.9 KiB, free: 434.4 MiB)
[2025-12-08T13:33:44.938+0000] {subprocess.py:106} INFO - 25/12/08 13:33:44 INFO BlockManagerInfo: Removed broadcast_4_piece0 on 172.30.0.8:38313 in memory (size: 5.9 KiB, free: 434.4 MiB)
[2025-12-08T13:33:45.099+0000] {subprocess.py:106} INFO - 25/12/08 13:33:45 INFO HiveConf: Found configuration file null
[2025-12-08T13:33:45.480+0000] {subprocess.py:106} INFO - 25/12/08 13:33:45 INFO metastore: Trying to connect to metastore with URI thrift://hive-metastore:9083
[2025-12-08T13:33:45.525+0000] {subprocess.py:106} INFO - 25/12/08 13:33:45 INFO metastore: Opened a connection to metastore, current connections: 1
[2025-12-08T13:33:46.008+0000] {subprocess.py:106} INFO - 25/12/08 13:33:46 INFO metastore: Connected to metastore.
[2025-12-08T13:33:50.388+0000] {subprocess.py:106} INFO - 25/12/08 13:33:50 INFO BaseMetastoreTableOperations: Refreshing table metadata from new version: hdfs://dinhhoa-master:9000/user/ndh/warehouse/bronze.db/it_jobs_raw/metadata/00037-44ebc72e-35b8-4b6c-8216-1a07a7891204.metadata.json
[2025-12-08T13:33:50.888+0000] {subprocess.py:106} INFO - 25/12/08 13:33:50 INFO BlockManagerInfo: Removed broadcast_2_piece0 on 65f44b4fd513:44483 in memory (size: 35.1 KiB, free: 434.4 MiB)
[2025-12-08T13:33:50.890+0000] {subprocess.py:106} INFO - 25/12/08 13:33:50 INFO BlockManagerInfo: Removed broadcast_2_piece0 on 172.30.0.8:38313 in memory (size: 35.1 KiB, free: 434.4 MiB)
[2025-12-08T13:33:51.062+0000] {subprocess.py:106} INFO - 25/12/08 13:33:51 INFO BaseMetastoreCatalog: Table loaded by catalog: hive_catalog.bronze.it_jobs_raw
[2025-12-08T13:33:51.411+0000] {subprocess.py:106} INFO - 25/12/08 13:33:51 INFO V2ScanRelationPushDown:
[2025-12-08T13:33:51.412+0000] {subprocess.py:106} INFO - Pushing operators to hive_catalog.bronze.it_jobs_raw
[2025-12-08T13:33:51.413+0000] {subprocess.py:106} INFO - Pushed Filters: job_link IS NOT NULL
[2025-12-08T13:33:51.414+0000] {subprocess.py:106} INFO - Post-Scan Filters: isnotnull(job_link#66)
[2025-12-08T13:33:51.415+0000] {subprocess.py:106} INFO - 
[2025-12-08T13:33:51.613+0000] {subprocess.py:106} INFO - 25/12/08 13:33:51 INFO V2ScanRelationPushDown:
[2025-12-08T13:33:51.617+0000] {subprocess.py:106} INFO - Output: job_link#66
[2025-12-08T13:33:51.618+0000] {subprocess.py:106} INFO - 
[2025-12-08T13:33:51.631+0000] {subprocess.py:106} INFO - 25/12/08 13:33:51 INFO SnapshotScan: Scanning table hive_catalog.bronze.it_jobs_raw snapshot 4249458065022750399 created at 2025-12-06T07:20:58.837+00:00 with filter job_link IS NOT NULL
[2025-12-08T13:33:51.997+0000] {subprocess.py:106} INFO - 25/12/08 13:33:51 INFO BaseDistributedDataScan: Planning file tasks locally for table hive_catalog.bronze.it_jobs_raw
[2025-12-08T13:33:52.889+0000] {subprocess.py:106} INFO - 25/12/08 13:33:52 INFO SparkPartitioningAwareScan: Reporting UnknownPartitioning with 10 partition(s) for table hive_catalog.bronze.it_jobs_raw
[2025-12-08T13:33:53.036+0000] {subprocess.py:106} INFO - 25/12/08 13:33:53 INFO FileSourceStrategy: Pushed Filters:
[2025-12-08T13:33:53.037+0000] {subprocess.py:106} INFO - 25/12/08 13:33:53 INFO FileSourceStrategy: Post-Scan Filters:
[2025-12-08T13:33:53.066+0000] {subprocess.py:106} INFO - 25/12/08 13:33:53 INFO MemoryStore: Block broadcast_5 stored as values in memory (estimated size 32.0 KiB, free 434.4 MiB)
[2025-12-08T13:33:53.110+0000] {subprocess.py:106} INFO - 25/12/08 13:33:53 INFO MemoryStore: Block broadcast_5_piece0 stored as bytes in memory (estimated size 29.7 KiB, free 434.3 MiB)
[2025-12-08T13:33:53.112+0000] {subprocess.py:106} INFO - 25/12/08 13:33:53 INFO BlockManagerInfo: Added broadcast_5_piece0 in memory on 65f44b4fd513:44483 (size: 29.7 KiB, free: 434.4 MiB)
[2025-12-08T13:33:53.118+0000] {subprocess.py:106} INFO - 25/12/08 13:33:53 INFO SparkContext: Created broadcast 5 from broadcast at SparkBatch.java:79
[2025-12-08T13:33:53.249+0000] {subprocess.py:106} INFO - 25/12/08 13:33:53 INFO MemoryStore: Block broadcast_6 stored as values in memory (estimated size 32.0 KiB, free 434.3 MiB)
[2025-12-08T13:33:53.269+0000] {subprocess.py:106} INFO - 25/12/08 13:33:53 INFO MemoryStore: Block broadcast_6_piece0 stored as bytes in memory (estimated size 29.7 KiB, free 434.3 MiB)
[2025-12-08T13:33:53.274+0000] {subprocess.py:106} INFO - 25/12/08 13:33:53 INFO BlockManagerInfo: Added broadcast_6_piece0 in memory on 65f44b4fd513:44483 (size: 29.7 KiB, free: 434.3 MiB)
[2025-12-08T13:33:53.275+0000] {subprocess.py:106} INFO - 25/12/08 13:33:53 INFO SparkContext: Created broadcast 6 from broadcast at SparkBatch.java:79
[2025-12-08T13:33:53.596+0000] {subprocess.py:106} INFO - 25/12/08 13:33:53 INFO CodeGenerator: Code generated in 56.360208 ms
[2025-12-08T13:33:53.649+0000] {subprocess.py:106} INFO - 25/12/08 13:33:53 INFO SparkContext: Starting job: $anonfun$withThreadLocalCaptured$1 at <unknown>:0
[2025-12-08T13:33:53.652+0000] {subprocess.py:106} INFO - 25/12/08 13:33:53 INFO DAGScheduler: Got job 3 ($anonfun$withThreadLocalCaptured$1 at <unknown>:0) with 10 output partitions
[2025-12-08T13:33:53.653+0000] {subprocess.py:106} INFO - 25/12/08 13:33:53 INFO DAGScheduler: Final stage: ResultStage 4 ($anonfun$withThreadLocalCaptured$1 at <unknown>:0)
[2025-12-08T13:33:53.655+0000] {subprocess.py:106} INFO - 25/12/08 13:33:53 INFO DAGScheduler: Parents of final stage: List()
[2025-12-08T13:33:53.656+0000] {subprocess.py:106} INFO - 25/12/08 13:33:53 INFO DAGScheduler: Missing parents: List()
[2025-12-08T13:33:53.657+0000] {subprocess.py:106} INFO - 25/12/08 13:33:53 INFO DAGScheduler: Submitting ResultStage 4 (MapPartitionsRDD[14] at $anonfun$withThreadLocalCaptured$1 at <unknown>:0), which has no missing parents
[2025-12-08T13:33:53.667+0000] {subprocess.py:106} INFO - 25/12/08 13:33:53 INFO MemoryStore: Block broadcast_7 stored as values in memory (estimated size 13.8 KiB, free 434.3 MiB)
[2025-12-08T13:33:53.717+0000] {subprocess.py:106} INFO - 25/12/08 13:33:53 INFO MemoryStore: Block broadcast_7_piece0 stored as bytes in memory (estimated size 5.5 KiB, free 434.3 MiB)
[2025-12-08T13:33:53.720+0000] {subprocess.py:106} INFO - 25/12/08 13:33:53 INFO BlockManagerInfo: Added broadcast_7_piece0 in memory on 65f44b4fd513:44483 (size: 5.5 KiB, free: 434.3 MiB)
[2025-12-08T13:33:53.722+0000] {subprocess.py:106} INFO - 25/12/08 13:33:53 INFO SparkContext: Created broadcast 7 from broadcast at DAGScheduler.scala:1585
[2025-12-08T13:33:53.732+0000] {subprocess.py:106} INFO - 25/12/08 13:33:53 INFO DAGScheduler: Submitting 10 missing tasks from ResultStage 4 (MapPartitionsRDD[14] at $anonfun$withThreadLocalCaptured$1 at <unknown>:0) (first 15 tasks are for partitions Vector(0, 1, 2, 3, 4, 5, 6, 7, 8, 9))
[2025-12-08T13:33:53.735+0000] {subprocess.py:106} INFO - 25/12/08 13:33:53 INFO TaskSchedulerImpl: Adding task set 4.0 with 10 tasks resource profile 0
[2025-12-08T13:33:53.806+0000] {subprocess.py:106} INFO - 25/12/08 13:33:53 INFO TaskSetManager: Starting task 0.0 in stage 4.0 (TID 3) (172.30.0.8, executor 0, partition 0, ANY, 15762 bytes)
[2025-12-08T13:33:54.667+0000] {subprocess.py:106} INFO - 25/12/08 13:33:54 INFO BlockManagerInfo: Added broadcast_7_piece0 in memory on 172.30.0.8:38313 (size: 5.5 KiB, free: 434.4 MiB)
[2025-12-08T13:33:54.813+0000] {subprocess.py:106} INFO - 25/12/08 13:33:54 INFO BlockManagerInfo: Added broadcast_6_piece0 in memory on 172.30.0.8:38313 (size: 29.7 KiB, free: 434.4 MiB)
[2025-12-08T13:33:57.098+0000] {subprocess.py:106} INFO - 25/12/08 13:33:57 INFO TaskSetManager: Starting task 1.0 in stage 4.0 (TID 4) (172.30.0.8, executor 0, partition 1, ANY, 15761 bytes)
[2025-12-08T13:33:57.102+0000] {subprocess.py:106} INFO - 25/12/08 13:33:57 INFO TaskSetManager: Finished task 0.0 in stage 4.0 (TID 3) in 3363 ms on 172.30.0.8 (executor 0) (1/10)
[2025-12-08T13:33:57.505+0000] {subprocess.py:106} INFO - 25/12/08 13:33:57 INFO TaskSetManager: Starting task 2.0 in stage 4.0 (TID 5) (172.30.0.8, executor 0, partition 2, ANY, 15762 bytes)
[2025-12-08T13:33:57.506+0000] {subprocess.py:106} INFO - 25/12/08 13:33:57 INFO TaskSetManager: Finished task 1.0 in stage 4.0 (TID 4) in 413 ms on 172.30.0.8 (executor 0) (2/10)
[2025-12-08T13:33:57.823+0000] {subprocess.py:106} INFO - 25/12/08 13:33:57 INFO TaskSetManager: Starting task 3.0 in stage 4.0 (TID 6) (172.30.0.8, executor 0, partition 3, ANY, 15762 bytes)
[2025-12-08T13:33:57.825+0000] {subprocess.py:106} INFO - 25/12/08 13:33:57 INFO TaskSetManager: Finished task 2.0 in stage 4.0 (TID 5) in 322 ms on 172.30.0.8 (executor 0) (3/10)
[2025-12-08T13:33:58.130+0000] {subprocess.py:106} INFO - 25/12/08 13:33:58 INFO TaskSetManager: Starting task 4.0 in stage 4.0 (TID 7) (172.30.0.8, executor 0, partition 4, ANY, 15762 bytes)
[2025-12-08T13:33:58.131+0000] {subprocess.py:106} INFO - 25/12/08 13:33:58 INFO TaskSetManager: Finished task 3.0 in stage 4.0 (TID 6) in 310 ms on 172.30.0.8 (executor 0) (4/10)
[2025-12-08T13:33:58.439+0000] {subprocess.py:106} INFO - 25/12/08 13:33:58 INFO TaskSetManager: Starting task 5.0 in stage 4.0 (TID 8) (172.30.0.8, executor 0, partition 5, ANY, 15762 bytes)
[2025-12-08T13:33:58.440+0000] {subprocess.py:106} INFO - 25/12/08 13:33:58 INFO TaskSetManager: Finished task 4.0 in stage 4.0 (TID 7) in 314 ms on 172.30.0.8 (executor 0) (5/10)
[2025-12-08T13:33:58.706+0000] {subprocess.py:106} INFO - 25/12/08 13:33:58 INFO TaskSetManager: Starting task 6.0 in stage 4.0 (TID 9) (172.30.0.8, executor 0, partition 6, ANY, 15762 bytes)
[2025-12-08T13:33:58.708+0000] {subprocess.py:106} INFO - 25/12/08 13:33:58 INFO TaskSetManager: Finished task 5.0 in stage 4.0 (TID 8) in 269 ms on 172.30.0.8 (executor 0) (6/10)
[2025-12-08T13:33:58.992+0000] {subprocess.py:106} INFO - 25/12/08 13:33:58 INFO TaskSetManager: Starting task 7.0 in stage 4.0 (TID 10) (172.30.0.8, executor 0, partition 7, ANY, 15762 bytes)
[2025-12-08T13:33:58.994+0000] {subprocess.py:106} INFO - 25/12/08 13:33:58 INFO TaskSetManager: Finished task 6.0 in stage 4.0 (TID 9) in 287 ms on 172.30.0.8 (executor 0) (7/10)
[2025-12-08T13:33:59.286+0000] {subprocess.py:106} INFO - 25/12/08 13:33:59 INFO TaskSetManager: Starting task 8.0 in stage 4.0 (TID 11) (172.30.0.8, executor 0, partition 8, ANY, 15762 bytes)
[2025-12-08T13:33:59.288+0000] {subprocess.py:106} INFO - 25/12/08 13:33:59 INFO TaskSetManager: Finished task 7.0 in stage 4.0 (TID 10) in 295 ms on 172.30.0.8 (executor 0) (8/10)
[2025-12-08T13:33:59.639+0000] {subprocess.py:106} INFO - 25/12/08 13:33:59 INFO TaskSetManager: Starting task 9.0 in stage 4.0 (TID 12) (172.30.0.8, executor 0, partition 9, ANY, 14808 bytes)
[2025-12-08T13:33:59.641+0000] {subprocess.py:106} INFO - 25/12/08 13:33:59 INFO TaskSetManager: Finished task 8.0 in stage 4.0 (TID 11) in 355 ms on 172.30.0.8 (executor 0) (9/10)
[2025-12-08T13:33:59.893+0000] {subprocess.py:106} INFO - 25/12/08 13:33:59 INFO TaskSetManager: Finished task 9.0 in stage 4.0 (TID 12) in 254 ms on 172.30.0.8 (executor 0) (10/10)
[2025-12-08T13:33:59.898+0000] {subprocess.py:106} INFO - 25/12/08 13:33:59 INFO TaskSchedulerImpl: Removed TaskSet 4.0, whose tasks have all completed, from pool
[2025-12-08T13:33:59.899+0000] {subprocess.py:106} INFO - 25/12/08 13:33:59 INFO DAGScheduler: ResultStage 4 ($anonfun$withThreadLocalCaptured$1 at <unknown>:0) finished in 6.232 s
[2025-12-08T13:33:59.900+0000] {subprocess.py:106} INFO - 25/12/08 13:33:59 INFO DAGScheduler: Job 3 is finished. Cancelling potential speculative or zombie tasks for this job
[2025-12-08T13:33:59.902+0000] {subprocess.py:106} INFO - 25/12/08 13:33:59 INFO TaskSchedulerImpl: Killing all running tasks in stage 4: Stage finished
[2025-12-08T13:33:59.903+0000] {subprocess.py:106} INFO - 25/12/08 13:33:59 INFO DAGScheduler: Job 3 finished: $anonfun$withThreadLocalCaptured$1 at <unknown>:0, took 6.246256 s
[2025-12-08T13:33:59.936+0000] {subprocess.py:106} INFO - 25/12/08 13:33:59 INFO CodeGenerator: Code generated in 13.5412 ms
[2025-12-08T13:33:59.952+0000] {subprocess.py:106} INFO - 25/12/08 13:33:59 INFO BlockManagerInfo: Removed broadcast_7_piece0 on 65f44b4fd513:44483 in memory (size: 5.5 KiB, free: 434.3 MiB)
[2025-12-08T13:33:59.955+0000] {subprocess.py:106} INFO - 25/12/08 13:33:59 INFO BlockManagerInfo: Removed broadcast_7_piece0 on 172.30.0.8:38313 in memory (size: 5.5 KiB, free: 434.4 MiB)
[2025-12-08T13:34:00.029+0000] {subprocess.py:106} INFO - 25/12/08 13:34:00 INFO MemoryStore: Block broadcast_8_piece0 stored as bytes in memory (estimated size 318.6 KiB, free 434.0 MiB)
[2025-12-08T13:34:00.031+0000] {subprocess.py:106} INFO - 25/12/08 13:34:00 INFO BlockManagerInfo: Added broadcast_8_piece0 in memory on 65f44b4fd513:44483 (size: 318.6 KiB, free: 434.0 MiB)
[2025-12-08T13:34:00.038+0000] {subprocess.py:106} INFO - 25/12/08 13:34:00 INFO SparkContext: Created broadcast 8 from $anonfun$withThreadLocalCaptured$1 at <unknown>:0
[2025-12-08T13:34:00.042+0000] {subprocess.py:106} INFO - 25/12/08 13:34:00 INFO FileSourceStrategy: Pushed Filters:
[2025-12-08T13:34:00.043+0000] {subprocess.py:106} INFO - 25/12/08 13:34:00 INFO FileSourceStrategy: Post-Scan Filters:
[2025-12-08T13:34:00.116+0000] {subprocess.py:106} INFO - 25/12/08 13:34:00 INFO CodeGenerator: Code generated in 25.139565 ms
[2025-12-08T13:34:00.121+0000] {subprocess.py:106} INFO - 25/12/08 13:34:00 INFO MemoryStore: Block broadcast_9 stored as values in memory (estimated size 203.1 KiB, free 433.8 MiB)
[2025-12-08T13:34:00.153+0000] {subprocess.py:106} INFO - 25/12/08 13:34:00 INFO MemoryStore: Block broadcast_9_piece0 stored as bytes in memory (estimated size 35.1 KiB, free 433.7 MiB)
[2025-12-08T13:34:00.154+0000] {subprocess.py:106} INFO - 25/12/08 13:34:00 INFO BlockManagerInfo: Added broadcast_9_piece0 in memory on 65f44b4fd513:44483 (size: 35.1 KiB, free: 434.0 MiB)
[2025-12-08T13:34:00.156+0000] {subprocess.py:106} INFO - 25/12/08 13:34:00 INFO SparkContext: Created broadcast 9 from count at <unknown>:0
[2025-12-08T13:34:00.158+0000] {subprocess.py:106} INFO - 25/12/08 13:34:00 INFO FileSourceScanExec: Planning scan with bin packing, max size: 4194304 bytes, open cost is considered as scanning 4194304 bytes.
[2025-12-08T13:34:00.171+0000] {subprocess.py:106} INFO - 25/12/08 13:34:00 INFO DAGScheduler: Registering RDD 18 (count at <unknown>:0) as input to shuffle 1
[2025-12-08T13:34:00.172+0000] {subprocess.py:106} INFO - 25/12/08 13:34:00 INFO DAGScheduler: Got map stage job 4 (count at <unknown>:0) with 1 output partitions
[2025-12-08T13:34:00.173+0000] {subprocess.py:106} INFO - 25/12/08 13:34:00 INFO DAGScheduler: Final stage: ShuffleMapStage 5 (count at <unknown>:0)
[2025-12-08T13:34:00.173+0000] {subprocess.py:106} INFO - 25/12/08 13:34:00 INFO DAGScheduler: Parents of final stage: List()
[2025-12-08T13:34:00.177+0000] {subprocess.py:106} INFO - 25/12/08 13:34:00 INFO DAGScheduler: Missing parents: List()
[2025-12-08T13:34:00.178+0000] {subprocess.py:106} INFO - 25/12/08 13:34:00 INFO DAGScheduler: Submitting ShuffleMapStage 5 (MapPartitionsRDD[18] at count at <unknown>:0), which has no missing parents
[2025-12-08T13:34:00.192+0000] {subprocess.py:106} INFO - 25/12/08 13:34:00 INFO MemoryStore: Block broadcast_10 stored as values in memory (estimated size 20.1 KiB, free 433.7 MiB)
[2025-12-08T13:34:00.194+0000] {subprocess.py:106} INFO - 25/12/08 13:34:00 INFO MemoryStore: Block broadcast_10_piece0 stored as bytes in memory (estimated size 9.7 KiB, free 433.7 MiB)
[2025-12-08T13:34:00.202+0000] {subprocess.py:106} INFO - 25/12/08 13:34:00 INFO BlockManagerInfo: Added broadcast_10_piece0 in memory on 65f44b4fd513:44483 (size: 9.7 KiB, free: 434.0 MiB)
[2025-12-08T13:34:00.206+0000] {subprocess.py:106} INFO - 25/12/08 13:34:00 INFO SparkContext: Created broadcast 10 from broadcast at DAGScheduler.scala:1585
[2025-12-08T13:34:00.207+0000] {subprocess.py:106} INFO - 25/12/08 13:34:00 INFO DAGScheduler: Submitting 1 missing tasks from ShuffleMapStage 5 (MapPartitionsRDD[18] at count at <unknown>:0) (first 15 tasks are for partitions Vector(0))
[2025-12-08T13:34:00.208+0000] {subprocess.py:106} INFO - 25/12/08 13:34:00 INFO TaskSchedulerImpl: Adding task set 5.0 with 1 tasks resource profile 0
[2025-12-08T13:34:00.208+0000] {subprocess.py:106} INFO - 25/12/08 13:34:00 INFO TaskSetManager: Starting task 0.0 in stage 5.0 (TID 13) (172.30.0.8, executor 0, partition 0, ANY, 9944 bytes)
[2025-12-08T13:34:00.227+0000] {subprocess.py:106} INFO - 25/12/08 13:34:00 INFO BlockManagerInfo: Added broadcast_10_piece0 in memory on 172.30.0.8:38313 (size: 9.7 KiB, free: 434.4 MiB)
[2025-12-08T13:34:00.276+0000] {subprocess.py:106} INFO - 25/12/08 13:34:00 INFO BlockManagerInfo: Added broadcast_8_piece0 in memory on 172.30.0.8:38313 (size: 318.6 KiB, free: 434.1 MiB)
[2025-12-08T13:34:00.427+0000] {subprocess.py:106} INFO - 25/12/08 13:34:00 INFO BlockManagerInfo: Added broadcast_9_piece0 in memory on 172.30.0.8:38313 (size: 35.1 KiB, free: 434.0 MiB)
[2025-12-08T13:34:00.563+0000] {subprocess.py:106} INFO - 25/12/08 13:34:00 INFO TaskSetManager: Finished task 0.0 in stage 5.0 (TID 13) in 363 ms on 172.30.0.8 (executor 0) (1/1)
[2025-12-08T13:34:00.564+0000] {subprocess.py:106} INFO - 25/12/08 13:34:00 INFO TaskSchedulerImpl: Removed TaskSet 5.0, whose tasks have all completed, from pool
[2025-12-08T13:34:00.565+0000] {subprocess.py:106} INFO - 25/12/08 13:34:00 INFO DAGScheduler: ShuffleMapStage 5 (count at <unknown>:0) finished in 0.384 s
[2025-12-08T13:34:00.570+0000] {subprocess.py:106} INFO - 25/12/08 13:34:00 INFO DAGScheduler: looking for newly runnable stages
[2025-12-08T13:34:00.571+0000] {subprocess.py:106} INFO - 25/12/08 13:34:00 INFO DAGScheduler: running: Set()
[2025-12-08T13:34:00.572+0000] {subprocess.py:106} INFO - 25/12/08 13:34:00 INFO DAGScheduler: waiting: Set()
[2025-12-08T13:34:00.573+0000] {subprocess.py:106} INFO - 25/12/08 13:34:00 INFO DAGScheduler: failed: Set()
[2025-12-08T13:34:00.596+0000] {subprocess.py:106} INFO - 25/12/08 13:34:00 INFO CodeGenerator: Code generated in 12.313753 ms
[2025-12-08T13:34:00.624+0000] {subprocess.py:106} INFO - 25/12/08 13:34:00 INFO SparkContext: Starting job: count at <unknown>:0
[2025-12-08T13:34:00.627+0000] {subprocess.py:106} INFO - 25/12/08 13:34:00 INFO DAGScheduler: Got job 5 (count at <unknown>:0) with 1 output partitions
[2025-12-08T13:34:00.628+0000] {subprocess.py:106} INFO - 25/12/08 13:34:00 INFO DAGScheduler: Final stage: ResultStage 7 (count at <unknown>:0)
[2025-12-08T13:34:00.629+0000] {subprocess.py:106} INFO - 25/12/08 13:34:00 INFO DAGScheduler: Parents of final stage: List(ShuffleMapStage 6)
[2025-12-08T13:34:00.630+0000] {subprocess.py:106} INFO - 25/12/08 13:34:00 INFO DAGScheduler: Missing parents: List()
[2025-12-08T13:34:00.631+0000] {subprocess.py:106} INFO - 25/12/08 13:34:00 INFO DAGScheduler: Submitting ResultStage 7 (MapPartitionsRDD[21] at count at <unknown>:0), which has no missing parents
[2025-12-08T13:34:00.634+0000] {subprocess.py:106} INFO - 25/12/08 13:34:00 INFO MemoryStore: Block broadcast_11 stored as values in memory (estimated size 12.5 KiB, free 433.7 MiB)
[2025-12-08T13:34:00.660+0000] {subprocess.py:106} INFO - 25/12/08 13:34:00 INFO MemoryStore: Block broadcast_11_piece0 stored as bytes in memory (estimated size 5.9 KiB, free 433.7 MiB)
[2025-12-08T13:34:00.667+0000] {subprocess.py:106} INFO - 25/12/08 13:34:00 INFO BlockManagerInfo: Added broadcast_11_piece0 in memory on 65f44b4fd513:44483 (size: 5.9 KiB, free: 434.0 MiB)
[2025-12-08T13:34:00.669+0000] {subprocess.py:106} INFO - 25/12/08 13:34:00 INFO SparkContext: Created broadcast 11 from broadcast at DAGScheduler.scala:1585
[2025-12-08T13:34:00.670+0000] {subprocess.py:106} INFO - 25/12/08 13:34:00 INFO BlockManagerInfo: Removed broadcast_10_piece0 on 65f44b4fd513:44483 in memory (size: 9.7 KiB, free: 434.0 MiB)
[2025-12-08T13:34:00.672+0000] {subprocess.py:106} INFO - 25/12/08 13:34:00 INFO BlockManagerInfo: Removed broadcast_10_piece0 on 172.30.0.8:38313 in memory (size: 9.7 KiB, free: 434.0 MiB)
[2025-12-08T13:34:00.673+0000] {subprocess.py:106} INFO - 25/12/08 13:34:00 INFO DAGScheduler: Submitting 1 missing tasks from ResultStage 7 (MapPartitionsRDD[21] at count at <unknown>:0) (first 15 tasks are for partitions Vector(0))
[2025-12-08T13:34:00.674+0000] {subprocess.py:106} INFO - 25/12/08 13:34:00 INFO TaskSchedulerImpl: Adding task set 7.0 with 1 tasks resource profile 0
[2025-12-08T13:34:00.683+0000] {subprocess.py:106} INFO - 25/12/08 13:34:00 INFO TaskSetManager: Starting task 0.0 in stage 7.0 (TID 14) (172.30.0.8, executor 0, partition 0, NODE_LOCAL, 9331 bytes)
[2025-12-08T13:34:00.702+0000] {subprocess.py:106} INFO - 25/12/08 13:34:00 INFO BlockManagerInfo: Added broadcast_11_piece0 in memory on 172.30.0.8:38313 (size: 5.9 KiB, free: 434.0 MiB)
[2025-12-08T13:34:00.727+0000] {subprocess.py:106} INFO - 25/12/08 13:34:00 INFO MapOutputTrackerMasterEndpoint: Asked to send map output locations for shuffle 1 to 172.30.0.8:56136
[2025-12-08T13:34:00.772+0000] {subprocess.py:106} INFO - 25/12/08 13:34:00 INFO TaskSetManager: Finished task 0.0 in stage 7.0 (TID 14) in 94 ms on 172.30.0.8 (executor 0) (1/1)
[2025-12-08T13:34:00.774+0000] {subprocess.py:106} INFO - 25/12/08 13:34:00 INFO TaskSchedulerImpl: Removed TaskSet 7.0, whose tasks have all completed, from pool
[2025-12-08T13:34:00.775+0000] {subprocess.py:106} INFO - 25/12/08 13:34:00 INFO DAGScheduler: ResultStage 7 (count at <unknown>:0) finished in 0.142 s
[2025-12-08T13:34:00.776+0000] {subprocess.py:106} INFO - 25/12/08 13:34:00 INFO DAGScheduler: Job 5 is finished. Cancelling potential speculative or zombie tasks for this job
[2025-12-08T13:34:00.777+0000] {subprocess.py:106} INFO - 25/12/08 13:34:00 INFO TaskSchedulerImpl: Killing all running tasks in stage 7: Stage finished
[2025-12-08T13:34:00.778+0000] {subprocess.py:106} INFO - 25/12/08 13:34:00 INFO DAGScheduler: Job 5 finished: count at <unknown>:0, took 0.150237 s
[2025-12-08T13:34:00.779+0000] {subprocess.py:106} INFO -  New records to append: 62
[2025-12-08T13:34:00.825+0000] {subprocess.py:106} INFO - 25/12/08 13:34:00 INFO V2ScanRelationPushDown:
[2025-12-08T13:34:00.826+0000] {subprocess.py:106} INFO - Pushing operators to hive_catalog.bronze.it_jobs_raw
[2025-12-08T13:34:00.827+0000] {subprocess.py:106} INFO - Pushed Filters: job_link IS NOT NULL
[2025-12-08T13:34:00.827+0000] {subprocess.py:106} INFO - Post-Scan Filters: isnotnull(job_link#66)
[2025-12-08T13:34:00.828+0000] {subprocess.py:106} INFO - 
[2025-12-08T13:34:00.829+0000] {subprocess.py:106} INFO - 25/12/08 13:34:00 INFO V2ScanRelationPushDown:
[2025-12-08T13:34:00.830+0000] {subprocess.py:106} INFO - Output: job_link#66
[2025-12-08T13:34:00.830+0000] {subprocess.py:106} INFO - 
[2025-12-08T13:34:00.831+0000] {subprocess.py:106} INFO - 25/12/08 13:34:00 INFO SnapshotScan: Scanning table hive_catalog.bronze.it_jobs_raw snapshot 4249458065022750399 created at 2025-12-06T07:20:58.837+00:00 with filter job_link IS NOT NULL
[2025-12-08T13:34:00.834+0000] {subprocess.py:106} INFO - 25/12/08 13:34:00 INFO BaseDistributedDataScan: Planning file tasks locally for table hive_catalog.bronze.it_jobs_raw
[2025-12-08T13:34:01.129+0000] {subprocess.py:106} INFO - 25/12/08 13:34:01 INFO SparkPartitioningAwareScan: Reporting UnknownPartitioning with 10 partition(s) for table hive_catalog.bronze.it_jobs_raw
[2025-12-08T13:34:01.151+0000] {subprocess.py:106} INFO - 25/12/08 13:34:01 INFO FileSourceStrategy: Pushed Filters:
[2025-12-08T13:34:01.151+0000] {subprocess.py:106} INFO - 25/12/08 13:34:01 INFO FileSourceStrategy: Post-Scan Filters:
[2025-12-08T13:34:01.156+0000] {subprocess.py:106} INFO - 25/12/08 13:34:01 INFO MemoryStore: Block broadcast_12 stored as values in memory (estimated size 32.0 KiB, free 433.7 MiB)
[2025-12-08T13:34:01.174+0000] {subprocess.py:106} INFO - 25/12/08 13:34:01 INFO MemoryStore: Block broadcast_12_piece0 stored as bytes in memory (estimated size 29.7 KiB, free 433.7 MiB)
[2025-12-08T13:34:01.182+0000] {subprocess.py:106} INFO - 25/12/08 13:34:01 INFO BlockManagerInfo: Removed broadcast_11_piece0 on 65f44b4fd513:44483 in memory (size: 5.9 KiB, free: 434.0 MiB)
[2025-12-08T13:34:01.183+0000] {subprocess.py:106} INFO - 25/12/08 13:34:01 INFO BlockManagerInfo: Added broadcast_12_piece0 in memory on 65f44b4fd513:44483 (size: 29.7 KiB, free: 434.0 MiB)
[2025-12-08T13:34:01.184+0000] {subprocess.py:106} INFO - 25/12/08 13:34:01 INFO SparkContext: Created broadcast 12 from broadcast at SparkBatch.java:79
[2025-12-08T13:34:01.186+0000] {subprocess.py:106} INFO - 25/12/08 13:34:01 INFO BlockManagerInfo: Removed broadcast_11_piece0 on 172.30.0.8:38313 in memory (size: 5.9 KiB, free: 434.0 MiB)
[2025-12-08T13:34:01.280+0000] {subprocess.py:106} INFO - 25/12/08 13:34:01 INFO MemoryStore: Block broadcast_13 stored as values in memory (estimated size 32.0 KiB, free 433.6 MiB)
[2025-12-08T13:34:01.297+0000] {subprocess.py:106} INFO - 25/12/08 13:34:01 INFO MemoryStore: Block broadcast_13_piece0 stored as bytes in memory (estimated size 29.7 KiB, free 433.6 MiB)
[2025-12-08T13:34:01.299+0000] {subprocess.py:106} INFO - 25/12/08 13:34:01 INFO BlockManagerInfo: Added broadcast_13_piece0 in memory on 65f44b4fd513:44483 (size: 29.7 KiB, free: 433.9 MiB)
[2025-12-08T13:34:01.301+0000] {subprocess.py:106} INFO - 25/12/08 13:34:01 INFO SparkContext: Created broadcast 13 from broadcast at SparkBatch.java:79
[2025-12-08T13:34:01.432+0000] {subprocess.py:106} INFO - 25/12/08 13:34:01 INFO SparkContext: Starting job: $anonfun$withThreadLocalCaptured$1 at <unknown>:0
[2025-12-08T13:34:01.433+0000] {subprocess.py:106} INFO - 25/12/08 13:34:01 INFO DAGScheduler: Got job 6 ($anonfun$withThreadLocalCaptured$1 at <unknown>:0) with 10 output partitions
[2025-12-08T13:34:01.436+0000] {subprocess.py:106} INFO - 25/12/08 13:34:01 INFO DAGScheduler: Final stage: ResultStage 8 ($anonfun$withThreadLocalCaptured$1 at <unknown>:0)
[2025-12-08T13:34:01.437+0000] {subprocess.py:106} INFO - 25/12/08 13:34:01 INFO DAGScheduler: Parents of final stage: List()
[2025-12-08T13:34:01.438+0000] {subprocess.py:106} INFO - 25/12/08 13:34:01 INFO DAGScheduler: Missing parents: List()
[2025-12-08T13:34:01.439+0000] {subprocess.py:106} INFO - 25/12/08 13:34:01 INFO DAGScheduler: Submitting ResultStage 8 (MapPartitionsRDD[25] at $anonfun$withThreadLocalCaptured$1 at <unknown>:0), which has no missing parents
[2025-12-08T13:34:01.441+0000] {subprocess.py:106} INFO - 25/12/08 13:34:01 INFO MemoryStore: Block broadcast_14 stored as values in memory (estimated size 13.7 KiB, free 433.6 MiB)
[2025-12-08T13:34:01.458+0000] {subprocess.py:106} INFO - 25/12/08 13:34:01 INFO MemoryStore: Block broadcast_14_piece0 stored as bytes in memory (estimated size 5.5 KiB, free 433.6 MiB)
[2025-12-08T13:34:01.460+0000] {subprocess.py:106} INFO - 25/12/08 13:34:01 INFO BlockManagerInfo: Added broadcast_14_piece0 in memory on 65f44b4fd513:44483 (size: 5.5 KiB, free: 433.9 MiB)
[2025-12-08T13:34:01.462+0000] {subprocess.py:106} INFO - 25/12/08 13:34:01 INFO SparkContext: Created broadcast 14 from broadcast at DAGScheduler.scala:1585
[2025-12-08T13:34:01.464+0000] {subprocess.py:106} INFO - 25/12/08 13:34:01 INFO DAGScheduler: Submitting 10 missing tasks from ResultStage 8 (MapPartitionsRDD[25] at $anonfun$withThreadLocalCaptured$1 at <unknown>:0) (first 15 tasks are for partitions Vector(0, 1, 2, 3, 4, 5, 6, 7, 8, 9))
[2025-12-08T13:34:01.465+0000] {subprocess.py:106} INFO - 25/12/08 13:34:01 INFO TaskSchedulerImpl: Adding task set 8.0 with 10 tasks resource profile 0
[2025-12-08T13:34:01.465+0000] {subprocess.py:106} INFO - 25/12/08 13:34:01 INFO TaskSetManager: Starting task 0.0 in stage 8.0 (TID 15) (172.30.0.8, executor 0, partition 0, ANY, 15762 bytes)
[2025-12-08T13:34:01.490+0000] {subprocess.py:106} INFO - 25/12/08 13:34:01 INFO BlockManagerInfo: Added broadcast_14_piece0 in memory on 172.30.0.8:38313 (size: 5.5 KiB, free: 434.0 MiB)
[2025-12-08T13:34:01.538+0000] {subprocess.py:106} INFO - 25/12/08 13:34:01 INFO BlockManagerInfo: Added broadcast_13_piece0 in memory on 172.30.0.8:38313 (size: 29.7 KiB, free: 434.0 MiB)
[2025-12-08T13:34:01.880+0000] {subprocess.py:106} INFO - 25/12/08 13:34:01 INFO TaskSetManager: Starting task 1.0 in stage 8.0 (TID 16) (172.30.0.8, executor 0, partition 1, ANY, 15752 bytes)
[2025-12-08T13:34:01.881+0000] {subprocess.py:106} INFO - 25/12/08 13:34:01 INFO TaskSetManager: Finished task 0.0 in stage 8.0 (TID 15) in 423 ms on 172.30.0.8 (executor 0) (1/10)
[2025-12-08T13:34:02.193+0000] {subprocess.py:106} INFO - 25/12/08 13:34:02 INFO TaskSetManager: Starting task 2.0 in stage 8.0 (TID 17) (172.30.0.8, executor 0, partition 2, ANY, 15762 bytes)
[2025-12-08T13:34:02.195+0000] {subprocess.py:106} INFO - 25/12/08 13:34:02 INFO TaskSetManager: Finished task 1.0 in stage 8.0 (TID 16) in 317 ms on 172.30.0.8 (executor 0) (2/10)
[2025-12-08T13:34:02.566+0000] {subprocess.py:106} INFO - 25/12/08 13:34:02 INFO TaskSetManager: Starting task 3.0 in stage 8.0 (TID 18) (172.30.0.8, executor 0, partition 3, ANY, 15762 bytes)
[2025-12-08T13:34:02.569+0000] {subprocess.py:106} INFO - 25/12/08 13:34:02 INFO TaskSetManager: Finished task 2.0 in stage 8.0 (TID 17) in 377 ms on 172.30.0.8 (executor 0) (3/10)
[2025-12-08T13:34:02.899+0000] {subprocess.py:106} INFO - 25/12/08 13:34:02 INFO TaskSetManager: Starting task 4.0 in stage 8.0 (TID 19) (172.30.0.8, executor 0, partition 4, ANY, 15762 bytes)
[2025-12-08T13:34:02.901+0000] {subprocess.py:106} INFO - 25/12/08 13:34:02 INFO TaskSetManager: Finished task 3.0 in stage 8.0 (TID 18) in 337 ms on 172.30.0.8 (executor 0) (4/10)
[2025-12-08T13:34:03.215+0000] {subprocess.py:106} INFO - 25/12/08 13:34:03 INFO TaskSetManager: Starting task 5.0 in stage 8.0 (TID 20) (172.30.0.8, executor 0, partition 5, ANY, 15762 bytes)
[2025-12-08T13:34:03.217+0000] {subprocess.py:106} INFO - 25/12/08 13:34:03 INFO TaskSetManager: Finished task 4.0 in stage 8.0 (TID 19) in 321 ms on 172.30.0.8 (executor 0) (5/10)
[2025-12-08T13:34:03.528+0000] {subprocess.py:106} INFO - 25/12/08 13:34:03 INFO TaskSetManager: Starting task 6.0 in stage 8.0 (TID 21) (172.30.0.8, executor 0, partition 6, ANY, 15762 bytes)
[2025-12-08T13:34:03.529+0000] {subprocess.py:106} INFO - 25/12/08 13:34:03 INFO TaskSetManager: Finished task 5.0 in stage 8.0 (TID 20) in 315 ms on 172.30.0.8 (executor 0) (6/10)
[2025-12-08T13:34:03.834+0000] {subprocess.py:106} INFO - 25/12/08 13:34:03 INFO TaskSetManager: Starting task 7.0 in stage 8.0 (TID 22) (172.30.0.8, executor 0, partition 7, ANY, 15762 bytes)
[2025-12-08T13:34:03.837+0000] {subprocess.py:106} INFO - 25/12/08 13:34:03 INFO TaskSetManager: Finished task 6.0 in stage 8.0 (TID 21) in 309 ms on 172.30.0.8 (executor 0) (7/10)
[2025-12-08T13:34:04.230+0000] {subprocess.py:106} INFO - 25/12/08 13:34:04 INFO TaskSetManager: Starting task 8.0 in stage 8.0 (TID 23) (172.30.0.8, executor 0, partition 8, ANY, 15762 bytes)
[2025-12-08T13:34:04.232+0000] {subprocess.py:106} INFO - 25/12/08 13:34:04 INFO TaskSetManager: Finished task 7.0 in stage 8.0 (TID 22) in 396 ms on 172.30.0.8 (executor 0) (8/10)
[2025-12-08T13:34:04.607+0000] {subprocess.py:106} INFO - 25/12/08 13:34:04 INFO TaskSetManager: Starting task 9.0 in stage 8.0 (TID 24) (172.30.0.8, executor 0, partition 9, ANY, 14808 bytes)
[2025-12-08T13:34:04.609+0000] {subprocess.py:106} INFO - 25/12/08 13:34:04 INFO TaskSetManager: Finished task 8.0 in stage 8.0 (TID 23) in 380 ms on 172.30.0.8 (executor 0) (9/10)
[2025-12-08T13:34:04.805+0000] {subprocess.py:106} INFO - 25/12/08 13:34:04 INFO TaskSetManager: Finished task 9.0 in stage 8.0 (TID 24) in 197 ms on 172.30.0.8 (executor 0) (10/10)
[2025-12-08T13:34:04.810+0000] {subprocess.py:106} INFO - 25/12/08 13:34:04 INFO TaskSchedulerImpl: Removed TaskSet 8.0, whose tasks have all completed, from pool
[2025-12-08T13:34:04.811+0000] {subprocess.py:106} INFO - 25/12/08 13:34:04 INFO DAGScheduler: ResultStage 8 ($anonfun$withThreadLocalCaptured$1 at <unknown>:0) finished in 3.367 s
[2025-12-08T13:34:04.812+0000] {subprocess.py:106} INFO - 25/12/08 13:34:04 INFO DAGScheduler: Job 6 is finished. Cancelling potential speculative or zombie tasks for this job
[2025-12-08T13:34:04.813+0000] {subprocess.py:106} INFO - 25/12/08 13:34:04 INFO TaskSchedulerImpl: Killing all running tasks in stage 8: Stage finished
[2025-12-08T13:34:04.813+0000] {subprocess.py:106} INFO - 25/12/08 13:34:04 INFO DAGScheduler: Job 6 finished: $anonfun$withThreadLocalCaptured$1 at <unknown>:0, took 3.374833 s
[2025-12-08T13:34:04.845+0000] {subprocess.py:106} INFO - 25/12/08 13:34:04 INFO BlockManagerInfo: Removed broadcast_14_piece0 on 65f44b4fd513:44483 in memory (size: 5.5 KiB, free: 433.9 MiB)
[2025-12-08T13:34:04.847+0000] {subprocess.py:106} INFO - 25/12/08 13:34:04 INFO BlockManagerInfo: Removed broadcast_14_piece0 on 172.30.0.8:38313 in memory (size: 5.5 KiB, free: 434.0 MiB)
[2025-12-08T13:34:04.863+0000] {subprocess.py:106} INFO - 25/12/08 13:34:04 INFO MemoryStore: Block broadcast_15_piece0 stored as bytes in memory (estimated size 318.0 KiB, free 433.3 MiB)
[2025-12-08T13:34:04.865+0000] {subprocess.py:106} INFO - 25/12/08 13:34:04 INFO BlockManagerInfo: Added broadcast_15_piece0 in memory on 65f44b4fd513:44483 (size: 318.0 KiB, free: 433.6 MiB)
[2025-12-08T13:34:04.867+0000] {subprocess.py:106} INFO - 25/12/08 13:34:04 INFO SparkContext: Created broadcast 15 from $anonfun$withThreadLocalCaptured$1 at <unknown>:0
[2025-12-08T13:34:04.875+0000] {subprocess.py:106} INFO - 25/12/08 13:34:04 INFO FileSourceStrategy: Pushed Filters:
[2025-12-08T13:34:04.878+0000] {subprocess.py:106} INFO - 25/12/08 13:34:04 INFO FileSourceStrategy: Post-Scan Filters:
[2025-12-08T13:34:04.928+0000] {subprocess.py:106} INFO - 25/12/08 13:34:04 INFO MemoryStore: Block broadcast_16 stored as values in memory (estimated size 203.1 KiB, free 433.1 MiB)
[2025-12-08T13:34:04.960+0000] {subprocess.py:106} INFO - 25/12/08 13:34:04 INFO MemoryStore: Block broadcast_16_piece0 stored as bytes in memory (estimated size 35.1 KiB, free 433.1 MiB)
[2025-12-08T13:34:04.961+0000] {subprocess.py:106} INFO - 25/12/08 13:34:04 INFO BlockManagerInfo: Added broadcast_16_piece0 in memory on 65f44b4fd513:44483 (size: 35.1 KiB, free: 433.6 MiB)
[2025-12-08T13:34:04.962+0000] {subprocess.py:106} INFO - 25/12/08 13:34:04 INFO SparkContext: Created broadcast 16 from count at <unknown>:0
[2025-12-08T13:34:04.967+0000] {subprocess.py:106} INFO - 25/12/08 13:34:04 INFO FileSourceScanExec: Planning scan with bin packing, max size: 4194304 bytes, open cost is considered as scanning 4194304 bytes.
[2025-12-08T13:34:04.978+0000] {subprocess.py:106} INFO - 25/12/08 13:34:04 INFO DAGScheduler: Registering RDD 29 (count at <unknown>:0) as input to shuffle 2
[2025-12-08T13:34:04.979+0000] {subprocess.py:106} INFO - 25/12/08 13:34:04 INFO DAGScheduler: Got map stage job 7 (count at <unknown>:0) with 1 output partitions
[2025-12-08T13:34:04.980+0000] {subprocess.py:106} INFO - 25/12/08 13:34:04 INFO DAGScheduler: Final stage: ShuffleMapStage 9 (count at <unknown>:0)
[2025-12-08T13:34:04.981+0000] {subprocess.py:106} INFO - 25/12/08 13:34:04 INFO DAGScheduler: Parents of final stage: List()
[2025-12-08T13:34:04.984+0000] {subprocess.py:106} INFO - 25/12/08 13:34:04 INFO DAGScheduler: Missing parents: List()
[2025-12-08T13:34:04.986+0000] {subprocess.py:106} INFO - 25/12/08 13:34:04 INFO DAGScheduler: Submitting ShuffleMapStage 9 (MapPartitionsRDD[29] at count at <unknown>:0), which has no missing parents
[2025-12-08T13:34:04.994+0000] {subprocess.py:106} INFO - 25/12/08 13:34:04 INFO MemoryStore: Block broadcast_17 stored as values in memory (estimated size 20.1 KiB, free 433.1 MiB)
[2025-12-08T13:34:04.995+0000] {subprocess.py:106} INFO - 25/12/08 13:34:04 INFO MemoryStore: Block broadcast_17_piece0 stored as bytes in memory (estimated size 9.7 KiB, free 433.0 MiB)
[2025-12-08T13:34:04.996+0000] {subprocess.py:106} INFO - 25/12/08 13:34:04 INFO BlockManagerInfo: Added broadcast_17_piece0 in memory on 65f44b4fd513:44483 (size: 9.7 KiB, free: 433.6 MiB)
[2025-12-08T13:34:04.997+0000] {subprocess.py:106} INFO - 25/12/08 13:34:04 INFO SparkContext: Created broadcast 17 from broadcast at DAGScheduler.scala:1585
[2025-12-08T13:34:04.998+0000] {subprocess.py:106} INFO - 25/12/08 13:34:04 INFO DAGScheduler: Submitting 1 missing tasks from ShuffleMapStage 9 (MapPartitionsRDD[29] at count at <unknown>:0) (first 15 tasks are for partitions Vector(0))
[2025-12-08T13:34:05.006+0000] {subprocess.py:106} INFO - 25/12/08 13:34:04 INFO TaskSchedulerImpl: Adding task set 9.0 with 1 tasks resource profile 0
[2025-12-08T13:34:05.010+0000] {subprocess.py:106} INFO - 25/12/08 13:34:05 INFO TaskSetManager: Starting task 0.0 in stage 9.0 (TID 25) (172.30.0.8, executor 0, partition 0, ANY, 9944 bytes)
[2025-12-08T13:34:05.032+0000] {subprocess.py:106} INFO - 25/12/08 13:34:05 INFO BlockManagerInfo: Added broadcast_17_piece0 in memory on 172.30.0.8:38313 (size: 9.7 KiB, free: 434.0 MiB)
[2025-12-08T13:34:05.056+0000] {subprocess.py:106} INFO - 25/12/08 13:34:05 INFO BlockManagerInfo: Added broadcast_15_piece0 in memory on 172.30.0.8:38313 (size: 318.0 KiB, free: 433.7 MiB)
[2025-12-08T13:34:05.113+0000] {subprocess.py:106} INFO - 25/12/08 13:34:05 INFO BlockManagerInfo: Added broadcast_16_piece0 in memory on 172.30.0.8:38313 (size: 35.1 KiB, free: 433.6 MiB)
[2025-12-08T13:34:05.247+0000] {subprocess.py:106} INFO - 25/12/08 13:34:05 INFO TaskSetManager: Finished task 0.0 in stage 9.0 (TID 25) in 237 ms on 172.30.0.8 (executor 0) (1/1)
[2025-12-08T13:34:05.248+0000] {subprocess.py:106} INFO - 25/12/08 13:34:05 INFO TaskSchedulerImpl: Removed TaskSet 9.0, whose tasks have all completed, from pool
[2025-12-08T13:34:05.252+0000] {subprocess.py:106} INFO - 25/12/08 13:34:05 INFO DAGScheduler: ShuffleMapStage 9 (count at <unknown>:0) finished in 0.264 s
[2025-12-08T13:34:05.253+0000] {subprocess.py:106} INFO - 25/12/08 13:34:05 INFO DAGScheduler: looking for newly runnable stages
[2025-12-08T13:34:05.254+0000] {subprocess.py:106} INFO - 25/12/08 13:34:05 INFO DAGScheduler: running: Set()
[2025-12-08T13:34:05.255+0000] {subprocess.py:106} INFO - 25/12/08 13:34:05 INFO DAGScheduler: waiting: Set()
[2025-12-08T13:34:05.256+0000] {subprocess.py:106} INFO - 25/12/08 13:34:05 INFO DAGScheduler: failed: Set()
[2025-12-08T13:34:05.295+0000] {subprocess.py:106} INFO - 25/12/08 13:34:05 INFO SparkContext: Starting job: count at <unknown>:0
[2025-12-08T13:34:05.299+0000] {subprocess.py:106} INFO - 25/12/08 13:34:05 INFO DAGScheduler: Got job 8 (count at <unknown>:0) with 1 output partitions
[2025-12-08T13:34:05.300+0000] {subprocess.py:106} INFO - 25/12/08 13:34:05 INFO DAGScheduler: Final stage: ResultStage 11 (count at <unknown>:0)
[2025-12-08T13:34:05.301+0000] {subprocess.py:106} INFO - 25/12/08 13:34:05 INFO DAGScheduler: Parents of final stage: List(ShuffleMapStage 10)
[2025-12-08T13:34:05.302+0000] {subprocess.py:106} INFO - 25/12/08 13:34:05 INFO DAGScheduler: Missing parents: List()
[2025-12-08T13:34:05.303+0000] {subprocess.py:106} INFO - 25/12/08 13:34:05 INFO DAGScheduler: Submitting ResultStage 11 (MapPartitionsRDD[32] at count at <unknown>:0), which has no missing parents
[2025-12-08T13:34:05.309+0000] {subprocess.py:106} INFO - 25/12/08 13:34:05 INFO MemoryStore: Block broadcast_18 stored as values in memory (estimated size 12.5 KiB, free 433.0 MiB)
[2025-12-08T13:34:05.323+0000] {subprocess.py:106} INFO - 25/12/08 13:34:05 INFO MemoryStore: Block broadcast_18_piece0 stored as bytes in memory (estimated size 5.9 KiB, free 433.0 MiB)
[2025-12-08T13:34:05.324+0000] {subprocess.py:106} INFO - 25/12/08 13:34:05 INFO BlockManagerInfo: Added broadcast_18_piece0 in memory on 65f44b4fd513:44483 (size: 5.9 KiB, free: 433.6 MiB)
[2025-12-08T13:34:05.325+0000] {subprocess.py:106} INFO - 25/12/08 13:34:05 INFO SparkContext: Created broadcast 18 from broadcast at DAGScheduler.scala:1585
[2025-12-08T13:34:05.334+0000] {subprocess.py:106} INFO - 25/12/08 13:34:05 INFO DAGScheduler: Submitting 1 missing tasks from ResultStage 11 (MapPartitionsRDD[32] at count at <unknown>:0) (first 15 tasks are for partitions Vector(0))
[2025-12-08T13:34:05.338+0000] {subprocess.py:106} INFO - 25/12/08 13:34:05 INFO TaskSchedulerImpl: Adding task set 11.0 with 1 tasks resource profile 0
[2025-12-08T13:34:05.342+0000] {subprocess.py:106} INFO - 25/12/08 13:34:05 INFO TaskSetManager: Starting task 0.0 in stage 11.0 (TID 26) (172.30.0.8, executor 0, partition 0, NODE_LOCAL, 9331 bytes)
[2025-12-08T13:34:05.343+0000] {subprocess.py:106} INFO - 25/12/08 13:34:05 INFO BlockManagerInfo: Removed broadcast_17_piece0 on 65f44b4fd513:44483 in memory (size: 9.7 KiB, free: 433.6 MiB)
[2025-12-08T13:34:05.344+0000] {subprocess.py:106} INFO - 25/12/08 13:34:05 INFO BlockManagerInfo: Removed broadcast_17_piece0 on 172.30.0.8:38313 in memory (size: 9.7 KiB, free: 433.7 MiB)
[2025-12-08T13:34:05.368+0000] {subprocess.py:106} INFO - 25/12/08 13:34:05 INFO BlockManagerInfo: Added broadcast_18_piece0 in memory on 172.30.0.8:38313 (size: 5.9 KiB, free: 433.6 MiB)
[2025-12-08T13:34:05.400+0000] {subprocess.py:106} INFO - 25/12/08 13:34:05 INFO MapOutputTrackerMasterEndpoint: Asked to send map output locations for shuffle 2 to 172.30.0.8:56136
[2025-12-08T13:34:05.428+0000] {subprocess.py:106} INFO - 25/12/08 13:34:05 INFO TaskSetManager: Finished task 0.0 in stage 11.0 (TID 26) in 93 ms on 172.30.0.8 (executor 0) (1/1)
[2025-12-08T13:34:05.429+0000] {subprocess.py:106} INFO - 25/12/08 13:34:05 INFO TaskSchedulerImpl: Removed TaskSet 11.0, whose tasks have all completed, from pool
[2025-12-08T13:34:05.432+0000] {subprocess.py:106} INFO - 25/12/08 13:34:05 INFO DAGScheduler: ResultStage 11 (count at <unknown>:0) finished in 0.128 s
[2025-12-08T13:34:05.434+0000] {subprocess.py:106} INFO - 25/12/08 13:34:05 INFO DAGScheduler: Job 8 is finished. Cancelling potential speculative or zombie tasks for this job
[2025-12-08T13:34:05.436+0000] {subprocess.py:106} INFO - 25/12/08 13:34:05 INFO TaskSchedulerImpl: Killing all running tasks in stage 11: Stage finished
[2025-12-08T13:34:05.437+0000] {subprocess.py:106} INFO - 25/12/08 13:34:05 INFO DAGScheduler: Job 8 finished: count at <unknown>:0, took 0.141950 s
[2025-12-08T13:34:05.555+0000] {subprocess.py:106} INFO - 25/12/08 13:34:05 INFO V2ScanRelationPushDown:
[2025-12-08T13:34:05.556+0000] {subprocess.py:106} INFO - Pushing operators to hive_catalog.bronze.it_jobs_raw
[2025-12-08T13:34:05.557+0000] {subprocess.py:106} INFO - Pushed Filters: job_link IS NOT NULL
[2025-12-08T13:34:05.558+0000] {subprocess.py:106} INFO - Post-Scan Filters: isnotnull(job_link#66)
[2025-12-08T13:34:05.559+0000] {subprocess.py:106} INFO - 
[2025-12-08T13:34:05.559+0000] {subprocess.py:106} INFO - 25/12/08 13:34:05 INFO V2ScanRelationPushDown:
[2025-12-08T13:34:05.560+0000] {subprocess.py:106} INFO - Output: job_link#66
[2025-12-08T13:34:05.565+0000] {subprocess.py:106} INFO - 
[2025-12-08T13:34:05.567+0000] {subprocess.py:106} INFO - 25/12/08 13:34:05 INFO SnapshotScan: Scanning table hive_catalog.bronze.it_jobs_raw snapshot 4249458065022750399 created at 2025-12-06T07:20:58.837+00:00 with filter job_link IS NOT NULL
[2025-12-08T13:34:05.568+0000] {subprocess.py:106} INFO - 25/12/08 13:34:05 INFO BaseDistributedDataScan: Planning file tasks locally for table hive_catalog.bronze.it_jobs_raw
[2025-12-08T13:34:05.810+0000] {subprocess.py:106} INFO - 25/12/08 13:34:05 INFO SparkPartitioningAwareScan: Reporting UnknownPartitioning with 10 partition(s) for table hive_catalog.bronze.it_jobs_raw
[2025-12-08T13:34:05.852+0000] {subprocess.py:106} INFO - 25/12/08 13:34:05 INFO SparkWrite: Requesting 0 bytes advisory partition size for table hive_catalog.bronze.it_jobs_raw
[2025-12-08T13:34:05.853+0000] {subprocess.py:106} INFO - 25/12/08 13:34:05 INFO SparkWrite: Requesting UnspecifiedDistribution as write distribution for table hive_catalog.bronze.it_jobs_raw
[2025-12-08T13:34:05.854+0000] {subprocess.py:106} INFO - 25/12/08 13:34:05 INFO SparkWrite: Requesting [] as write ordering for table hive_catalog.bronze.it_jobs_raw
[2025-12-08T13:34:05.877+0000] {subprocess.py:106} INFO - 25/12/08 13:34:05 INFO FileSourceStrategy: Pushed Filters:
[2025-12-08T13:34:05.877+0000] {subprocess.py:106} INFO - 25/12/08 13:34:05 INFO FileSourceStrategy: Post-Scan Filters:
[2025-12-08T13:34:05.880+0000] {subprocess.py:106} INFO - 25/12/08 13:34:05 INFO MemoryStore: Block broadcast_19 stored as values in memory (estimated size 32.0 KiB, free 433.0 MiB)
[2025-12-08T13:34:05.898+0000] {subprocess.py:106} INFO - 25/12/08 13:34:05 INFO MemoryStore: Block broadcast_19_piece0 stored as bytes in memory (estimated size 29.7 KiB, free 433.0 MiB)
[2025-12-08T13:34:05.899+0000] {subprocess.py:106} INFO - 25/12/08 13:34:05 INFO BlockManagerInfo: Added broadcast_19_piece0 in memory on 65f44b4fd513:44483 (size: 29.7 KiB, free: 433.6 MiB)
[2025-12-08T13:34:05.903+0000] {subprocess.py:106} INFO - 25/12/08 13:34:05 INFO BlockManagerInfo: Removed broadcast_18_piece0 on 65f44b4fd513:44483 in memory (size: 5.9 KiB, free: 433.6 MiB)
[2025-12-08T13:34:05.904+0000] {subprocess.py:106} INFO - 25/12/08 13:34:05 INFO SparkContext: Created broadcast 19 from broadcast at SparkBatch.java:79
[2025-12-08T13:34:05.905+0000] {subprocess.py:106} INFO - 25/12/08 13:34:05 INFO BlockManagerInfo: Removed broadcast_18_piece0 on 172.30.0.8:38313 in memory (size: 5.9 KiB, free: 433.7 MiB)
[2025-12-08T13:34:05.990+0000] {subprocess.py:106} INFO - 25/12/08 13:34:05 INFO MemoryStore: Block broadcast_20 stored as values in memory (estimated size 32.0 KiB, free 433.0 MiB)
[2025-12-08T13:34:06.010+0000] {subprocess.py:106} INFO - 25/12/08 13:34:06 INFO MemoryStore: Block broadcast_20_piece0 stored as bytes in memory (estimated size 29.7 KiB, free 433.0 MiB)
[2025-12-08T13:34:06.015+0000] {subprocess.py:106} INFO - 25/12/08 13:34:06 INFO BlockManagerInfo: Added broadcast_20_piece0 in memory on 65f44b4fd513:44483 (size: 29.7 KiB, free: 433.5 MiB)
[2025-12-08T13:34:06.020+0000] {subprocess.py:106} INFO - 25/12/08 13:34:06 INFO SparkContext: Created broadcast 20 from broadcast at SparkBatch.java:79
[2025-12-08T13:34:06.028+0000] {subprocess.py:106} INFO - 25/12/08 13:34:06 INFO BlockManagerInfo: Removed broadcast_13_piece0 on 172.30.0.8:38313 in memory (size: 29.7 KiB, free: 433.7 MiB)
[2025-12-08T13:34:06.036+0000] {subprocess.py:106} INFO - 25/12/08 13:34:06 INFO BlockManagerInfo: Removed broadcast_13_piece0 on 65f44b4fd513:44483 in memory (size: 29.7 KiB, free: 433.6 MiB)
[2025-12-08T13:34:06.057+0000] {subprocess.py:106} INFO - 25/12/08 13:34:06 INFO BlockManagerInfo: Removed broadcast_15_piece0 on 172.30.0.8:38313 in memory (size: 318.0 KiB, free: 434.0 MiB)
[2025-12-08T13:34:06.059+0000] {subprocess.py:106} INFO - 25/12/08 13:34:06 INFO BlockManagerInfo: Removed broadcast_15_piece0 on 65f44b4fd513:44483 in memory (size: 318.0 KiB, free: 433.9 MiB)
[2025-12-08T13:34:06.090+0000] {subprocess.py:106} INFO - 25/12/08 13:34:06 INFO BlockManagerInfo: Removed broadcast_12_piece0 on 65f44b4fd513:44483 in memory (size: 29.7 KiB, free: 433.9 MiB)
[2025-12-08T13:34:06.129+0000] {subprocess.py:106} INFO - 25/12/08 13:34:06 INFO BlockManagerInfo: Removed broadcast_16_piece0 on 65f44b4fd513:44483 in memory (size: 35.1 KiB, free: 433.9 MiB)
[2025-12-08T13:34:06.134+0000] {subprocess.py:106} INFO - 25/12/08 13:34:06 INFO BlockManagerInfo: Removed broadcast_16_piece0 on 172.30.0.8:38313 in memory (size: 35.1 KiB, free: 434.0 MiB)
[2025-12-08T13:34:06.204+0000] {subprocess.py:106} INFO - 25/12/08 13:34:06 INFO SparkContext: Starting job: $anonfun$withThreadLocalCaptured$1 at <unknown>:0
[2025-12-08T13:34:06.205+0000] {subprocess.py:106} INFO - 25/12/08 13:34:06 INFO DAGScheduler: Got job 9 ($anonfun$withThreadLocalCaptured$1 at <unknown>:0) with 10 output partitions
[2025-12-08T13:34:06.206+0000] {subprocess.py:106} INFO - 25/12/08 13:34:06 INFO DAGScheduler: Final stage: ResultStage 12 ($anonfun$withThreadLocalCaptured$1 at <unknown>:0)
[2025-12-08T13:34:06.207+0000] {subprocess.py:106} INFO - 25/12/08 13:34:06 INFO DAGScheduler: Parents of final stage: List()
[2025-12-08T13:34:06.208+0000] {subprocess.py:106} INFO - 25/12/08 13:34:06 INFO DAGScheduler: Missing parents: List()
[2025-12-08T13:34:06.209+0000] {subprocess.py:106} INFO - 25/12/08 13:34:06 INFO DAGScheduler: Submitting ResultStage 12 (MapPartitionsRDD[36] at $anonfun$withThreadLocalCaptured$1 at <unknown>:0), which has no missing parents
[2025-12-08T13:34:06.212+0000] {subprocess.py:106} INFO - 25/12/08 13:34:06 INFO MemoryStore: Block broadcast_21 stored as values in memory (estimated size 13.7 KiB, free 433.6 MiB)
[2025-12-08T13:34:06.224+0000] {subprocess.py:106} INFO - 25/12/08 13:34:06 INFO MemoryStore: Block broadcast_21_piece0 stored as bytes in memory (estimated size 5.5 KiB, free 433.6 MiB)
[2025-12-08T13:34:06.226+0000] {subprocess.py:106} INFO - 25/12/08 13:34:06 INFO BlockManagerInfo: Added broadcast_21_piece0 in memory on 65f44b4fd513:44483 (size: 5.5 KiB, free: 433.9 MiB)
[2025-12-08T13:34:06.228+0000] {subprocess.py:106} INFO - 25/12/08 13:34:06 INFO SparkContext: Created broadcast 21 from broadcast at DAGScheduler.scala:1585
[2025-12-08T13:34:06.229+0000] {subprocess.py:106} INFO - 25/12/08 13:34:06 INFO DAGScheduler: Submitting 10 missing tasks from ResultStage 12 (MapPartitionsRDD[36] at $anonfun$withThreadLocalCaptured$1 at <unknown>:0) (first 15 tasks are for partitions Vector(0, 1, 2, 3, 4, 5, 6, 7, 8, 9))
[2025-12-08T13:34:06.230+0000] {subprocess.py:106} INFO - 25/12/08 13:34:06 INFO TaskSchedulerImpl: Adding task set 12.0 with 10 tasks resource profile 0
[2025-12-08T13:34:06.233+0000] {subprocess.py:106} INFO - 25/12/08 13:34:06 INFO TaskSetManager: Starting task 0.0 in stage 12.0 (TID 27) (172.30.0.8, executor 0, partition 0, ANY, 15762 bytes)
[2025-12-08T13:34:06.256+0000] {subprocess.py:106} INFO - 25/12/08 13:34:06 INFO BlockManagerInfo: Added broadcast_21_piece0 in memory on 172.30.0.8:38313 (size: 5.5 KiB, free: 434.0 MiB)
[2025-12-08T13:34:06.291+0000] {subprocess.py:106} INFO - 25/12/08 13:34:06 INFO BlockManagerInfo: Added broadcast_20_piece0 in memory on 172.30.0.8:38313 (size: 29.7 KiB, free: 434.0 MiB)
[2025-12-08T13:34:06.632+0000] {subprocess.py:106} INFO - 25/12/08 13:34:06 INFO TaskSetManager: Starting task 1.0 in stage 12.0 (TID 28) (172.30.0.8, executor 0, partition 1, ANY, 15761 bytes)
[2025-12-08T13:34:06.633+0000] {subprocess.py:106} INFO - 25/12/08 13:34:06 INFO TaskSetManager: Finished task 0.0 in stage 12.0 (TID 27) in 399 ms on 172.30.0.8 (executor 0) (1/10)
[2025-12-08T13:34:07.045+0000] {subprocess.py:106} INFO - 25/12/08 13:34:07 INFO TaskSetManager: Starting task 2.0 in stage 12.0 (TID 29) (172.30.0.8, executor 0, partition 2, ANY, 15762 bytes)
[2025-12-08T13:34:07.046+0000] {subprocess.py:106} INFO - 25/12/08 13:34:07 INFO TaskSetManager: Finished task 1.0 in stage 12.0 (TID 28) in 414 ms on 172.30.0.8 (executor 0) (2/10)
[2025-12-08T13:34:07.390+0000] {subprocess.py:106} INFO - 25/12/08 13:34:07 INFO TaskSetManager: Starting task 3.0 in stage 12.0 (TID 30) (172.30.0.8, executor 0, partition 3, ANY, 15762 bytes)
[2025-12-08T13:34:07.395+0000] {subprocess.py:106} INFO - 25/12/08 13:34:07 INFO TaskSetManager: Finished task 2.0 in stage 12.0 (TID 29) in 340 ms on 172.30.0.8 (executor 0) (3/10)
[2025-12-08T13:34:08.224+0000] {subprocess.py:106} INFO - 25/12/08 13:34:08 INFO TaskSetManager: Starting task 4.0 in stage 12.0 (TID 31) (172.30.0.8, executor 0, partition 4, ANY, 15762 bytes)
[2025-12-08T13:34:08.226+0000] {subprocess.py:106} INFO - 25/12/08 13:34:08 INFO TaskSetManager: Finished task 3.0 in stage 12.0 (TID 30) in 844 ms on 172.30.0.8 (executor 0) (4/10)
[2025-12-08T13:34:09.250+0000] {subprocess.py:106} INFO - 25/12/08 13:34:09 INFO TaskSetManager: Starting task 5.0 in stage 12.0 (TID 32) (172.30.0.8, executor 0, partition 5, ANY, 15762 bytes)
[2025-12-08T13:34:09.263+0000] {subprocess.py:106} INFO - 25/12/08 13:34:09 INFO TaskSetManager: Finished task 4.0 in stage 12.0 (TID 31) in 1030 ms on 172.30.0.8 (executor 0) (5/10)
[2025-12-08T13:34:10.249+0000] {subprocess.py:106} INFO - 25/12/08 13:34:10 INFO TaskSetManager: Starting task 6.0 in stage 12.0 (TID 33) (172.30.0.8, executor 0, partition 6, ANY, 15762 bytes)
[2025-12-08T13:34:10.250+0000] {subprocess.py:106} INFO - 25/12/08 13:34:10 INFO TaskSetManager: Finished task 5.0 in stage 12.0 (TID 32) in 1012 ms on 172.30.0.8 (executor 0) (6/10)
[2025-12-08T13:34:10.625+0000] {subprocess.py:106} INFO - 25/12/08 13:34:10 INFO TaskSetManager: Starting task 7.0 in stage 12.0 (TID 34) (172.30.0.8, executor 0, partition 7, ANY, 15762 bytes)
[2025-12-08T13:34:10.630+0000] {subprocess.py:106} INFO - 25/12/08 13:34:10 INFO TaskSetManager: Finished task 6.0 in stage 12.0 (TID 33) in 380 ms on 172.30.0.8 (executor 0) (7/10)
[2025-12-08T13:34:10.993+0000] {subprocess.py:106} INFO - 25/12/08 13:34:10 INFO TaskSetManager: Starting task 8.0 in stage 12.0 (TID 35) (172.30.0.8, executor 0, partition 8, ANY, 15762 bytes)
[2025-12-08T13:34:10.994+0000] {subprocess.py:106} INFO - 25/12/08 13:34:10 INFO TaskSetManager: Finished task 7.0 in stage 12.0 (TID 34) in 370 ms on 172.30.0.8 (executor 0) (8/10)
[2025-12-08T13:34:11.358+0000] {subprocess.py:106} INFO - 25/12/08 13:34:11 INFO TaskSetManager: Starting task 9.0 in stage 12.0 (TID 36) (172.30.0.8, executor 0, partition 9, ANY, 14808 bytes)
[2025-12-08T13:34:11.360+0000] {subprocess.py:106} INFO - 25/12/08 13:34:11 INFO TaskSetManager: Finished task 8.0 in stage 12.0 (TID 35) in 368 ms on 172.30.0.8 (executor 0) (9/10)
[2025-12-08T13:34:11.568+0000] {subprocess.py:106} INFO - 25/12/08 13:34:11 INFO TaskSetManager: Finished task 9.0 in stage 12.0 (TID 36) in 211 ms on 172.30.0.8 (executor 0) (10/10)
[2025-12-08T13:34:11.571+0000] {subprocess.py:106} INFO - 25/12/08 13:34:11 INFO TaskSchedulerImpl: Removed TaskSet 12.0, whose tasks have all completed, from pool
[2025-12-08T13:34:11.572+0000] {subprocess.py:106} INFO - 25/12/08 13:34:11 INFO DAGScheduler: ResultStage 12 ($anonfun$withThreadLocalCaptured$1 at <unknown>:0) finished in 5.360 s
[2025-12-08T13:34:11.573+0000] {subprocess.py:106} INFO - 25/12/08 13:34:11 INFO DAGScheduler: Job 9 is finished. Cancelling potential speculative or zombie tasks for this job
[2025-12-08T13:34:11.574+0000] {subprocess.py:106} INFO - 25/12/08 13:34:11 INFO TaskSchedulerImpl: Killing all running tasks in stage 12: Stage finished
[2025-12-08T13:34:11.574+0000] {subprocess.py:106} INFO - 25/12/08 13:34:11 INFO DAGScheduler: Job 9 finished: $anonfun$withThreadLocalCaptured$1 at <unknown>:0, took 5.367429 s
[2025-12-08T13:34:11.615+0000] {subprocess.py:106} INFO - 25/12/08 13:34:11 INFO BlockManagerInfo: Removed broadcast_21_piece0 on 65f44b4fd513:44483 in memory (size: 5.5 KiB, free: 433.9 MiB)
[2025-12-08T13:34:11.628+0000] {subprocess.py:106} INFO - 25/12/08 13:34:11 INFO BlockManagerInfo: Removed broadcast_21_piece0 on 172.30.0.8:38313 in memory (size: 5.5 KiB, free: 434.0 MiB)
[2025-12-08T13:34:11.638+0000] {subprocess.py:106} INFO - 25/12/08 13:34:11 INFO MemoryStore: Block broadcast_22_piece0 stored as bytes in memory (estimated size 318.6 KiB, free 433.3 MiB)
[2025-12-08T13:34:11.639+0000] {subprocess.py:106} INFO - 25/12/08 13:34:11 INFO BlockManagerInfo: Added broadcast_22_piece0 in memory on 65f44b4fd513:44483 (size: 318.6 KiB, free: 433.6 MiB)
[2025-12-08T13:34:11.640+0000] {subprocess.py:106} INFO - 25/12/08 13:34:11 INFO SparkContext: Created broadcast 22 from $anonfun$withThreadLocalCaptured$1 at <unknown>:0
[2025-12-08T13:34:11.661+0000] {subprocess.py:106} INFO - 25/12/08 13:34:11 INFO FileSourceStrategy: Pushed Filters:
[2025-12-08T13:34:11.663+0000] {subprocess.py:106} INFO - 25/12/08 13:34:11 INFO FileSourceStrategy: Post-Scan Filters:
[2025-12-08T13:34:11.754+0000] {subprocess.py:106} INFO - 25/12/08 13:34:11 INFO CodeGenerator: Code generated in 37.950412 ms
[2025-12-08T13:34:11.761+0000] {subprocess.py:106} INFO - 25/12/08 13:34:11 INFO MemoryStore: Block broadcast_23 stored as values in memory (estimated size 203.1 KiB, free 433.1 MiB)
[2025-12-08T13:34:11.786+0000] {subprocess.py:106} INFO - 25/12/08 13:34:11 INFO MemoryStore: Block broadcast_23_piece0 stored as bytes in memory (estimated size 35.1 KiB, free 433.1 MiB)
[2025-12-08T13:34:11.788+0000] {subprocess.py:106} INFO - 25/12/08 13:34:11 INFO BlockManagerInfo: Added broadcast_23_piece0 in memory on 65f44b4fd513:44483 (size: 35.1 KiB, free: 433.6 MiB)
[2025-12-08T13:34:11.790+0000] {subprocess.py:106} INFO - 25/12/08 13:34:11 INFO SparkContext: Created broadcast 23 from append at <unknown>:0
[2025-12-08T13:34:11.794+0000] {subprocess.py:106} INFO - 25/12/08 13:34:11 INFO FileSourceScanExec: Planning scan with bin packing, max size: 4194304 bytes, open cost is considered as scanning 4194304 bytes.
[2025-12-08T13:34:11.812+0000] {subprocess.py:106} INFO - 25/12/08 13:34:11 INFO MemoryStore: Block broadcast_24 stored as values in memory (estimated size 32.0 KiB, free 433.0 MiB)
[2025-12-08T13:34:11.817+0000] {subprocess.py:106} INFO - 25/12/08 13:34:11 INFO MemoryStore: Block broadcast_24_piece0 stored as bytes in memory (estimated size 29.7 KiB, free 433.0 MiB)
[2025-12-08T13:34:11.819+0000] {subprocess.py:106} INFO - 25/12/08 13:34:11 INFO BlockManagerInfo: Added broadcast_24_piece0 in memory on 65f44b4fd513:44483 (size: 29.7 KiB, free: 433.6 MiB)
[2025-12-08T13:34:11.819+0000] {subprocess.py:106} INFO - 25/12/08 13:34:11 INFO SparkContext: Created broadcast 24 from broadcast at SparkWrite.java:193
[2025-12-08T13:34:11.841+0000] {subprocess.py:106} INFO - 25/12/08 13:34:11 INFO AppendDataExec: Start processing data source write support: IcebergBatchWrite(table=hive_catalog.bronze.it_jobs_raw, format=PARQUET). The input RDD has 1 partitions.
[2025-12-08T13:34:11.848+0000] {subprocess.py:106} INFO - 25/12/08 13:34:11 INFO BlockManagerInfo: Removed broadcast_5_piece0 on 65f44b4fd513:44483 in memory (size: 29.7 KiB, free: 433.6 MiB)
[2025-12-08T13:34:11.858+0000] {subprocess.py:106} INFO - 25/12/08 13:34:11 INFO SparkContext: Starting job: append at <unknown>:0
[2025-12-08T13:34:11.861+0000] {subprocess.py:106} INFO - 25/12/08 13:34:11 INFO DAGScheduler: Got job 10 (append at <unknown>:0) with 1 output partitions
[2025-12-08T13:34:11.862+0000] {subprocess.py:106} INFO - 25/12/08 13:34:11 INFO DAGScheduler: Final stage: ResultStage 13 (append at <unknown>:0)
[2025-12-08T13:34:11.863+0000] {subprocess.py:106} INFO - 25/12/08 13:34:11 INFO DAGScheduler: Parents of final stage: List()
[2025-12-08T13:34:11.867+0000] {subprocess.py:106} INFO - 25/12/08 13:34:11 INFO DAGScheduler: Missing parents: List()
[2025-12-08T13:34:11.871+0000] {subprocess.py:106} INFO - 25/12/08 13:34:11 INFO DAGScheduler: Submitting ResultStage 13 (MapPartitionsRDD[39] at append at <unknown>:0), which has no missing parents
[2025-12-08T13:34:11.874+0000] {subprocess.py:106} INFO - 25/12/08 13:34:11 INFO MemoryStore: Block broadcast_25 stored as values in memory (estimated size 22.1 KiB, free 433.0 MiB)
[2025-12-08T13:34:11.878+0000] {subprocess.py:106} INFO - 25/12/08 13:34:11 INFO MemoryStore: Block broadcast_25_piece0 stored as bytes in memory (estimated size 9.8 KiB, free 433.0 MiB)
[2025-12-08T13:34:11.882+0000] {subprocess.py:106} INFO - 25/12/08 13:34:11 INFO BlockManagerInfo: Added broadcast_25_piece0 in memory on 65f44b4fd513:44483 (size: 9.8 KiB, free: 433.6 MiB)
[2025-12-08T13:34:11.883+0000] {subprocess.py:106} INFO - 25/12/08 13:34:11 INFO SparkContext: Created broadcast 25 from broadcast at DAGScheduler.scala:1585
[2025-12-08T13:34:11.884+0000] {subprocess.py:106} INFO - 25/12/08 13:34:11 INFO DAGScheduler: Submitting 1 missing tasks from ResultStage 13 (MapPartitionsRDD[39] at append at <unknown>:0) (first 15 tasks are for partitions Vector(0))
[2025-12-08T13:34:11.884+0000] {subprocess.py:106} INFO - 25/12/08 13:34:11 INFO TaskSchedulerImpl: Adding task set 13.0 with 1 tasks resource profile 0
[2025-12-08T13:34:11.885+0000] {subprocess.py:106} INFO - 25/12/08 13:34:11 INFO TaskSetManager: Starting task 0.0 in stage 13.0 (TID 37) (172.30.0.8, executor 0, partition 0, ANY, 9955 bytes)
[2025-12-08T13:34:11.904+0000] {subprocess.py:106} INFO - 25/12/08 13:34:11 INFO BlockManagerInfo: Added broadcast_25_piece0 in memory on 172.30.0.8:38313 (size: 9.8 KiB, free: 434.0 MiB)
[2025-12-08T13:34:11.969+0000] {subprocess.py:106} INFO - 25/12/08 13:34:11 INFO BlockManagerInfo: Added broadcast_22_piece0 in memory on 172.30.0.8:38313 (size: 318.6 KiB, free: 433.7 MiB)
[2025-12-08T13:34:12.010+0000] {subprocess.py:106} INFO - 25/12/08 13:34:12 INFO BlockManagerInfo: Added broadcast_24_piece0 in memory on 172.30.0.8:38313 (size: 29.7 KiB, free: 433.6 MiB)
[2025-12-08T13:34:12.343+0000] {subprocess.py:106} INFO - 25/12/08 13:34:12 INFO BlockManagerInfo: Added broadcast_23_piece0 in memory on 172.30.0.8:38313 (size: 35.1 KiB, free: 433.6 MiB)
[2025-12-08T13:34:13.274+0000] {subprocess.py:106} INFO - 25/12/08 13:34:13 INFO TaskSetManager: Finished task 0.0 in stage 13.0 (TID 37) in 1391 ms on 172.30.0.8 (executor 0) (1/1)
[2025-12-08T13:34:13.285+0000] {subprocess.py:106} INFO - 25/12/08 13:34:13 INFO TaskSchedulerImpl: Removed TaskSet 13.0, whose tasks have all completed, from pool
[2025-12-08T13:34:13.286+0000] {subprocess.py:106} INFO - 25/12/08 13:34:13 INFO DAGScheduler: ResultStage 13 (append at <unknown>:0) finished in 1.404 s
[2025-12-08T13:34:13.287+0000] {subprocess.py:106} INFO - 25/12/08 13:34:13 INFO DAGScheduler: Job 10 is finished. Cancelling potential speculative or zombie tasks for this job
[2025-12-08T13:34:13.288+0000] {subprocess.py:106} INFO - 25/12/08 13:34:13 INFO TaskSchedulerImpl: Killing all running tasks in stage 13: Stage finished
[2025-12-08T13:34:13.289+0000] {subprocess.py:106} INFO - 25/12/08 13:34:13 INFO DAGScheduler: Job 10 finished: append at <unknown>:0, took 1.426233 s
[2025-12-08T13:34:13.289+0000] {subprocess.py:106} INFO - 25/12/08 13:34:13 INFO AppendDataExec: Data source write support IcebergBatchWrite(table=hive_catalog.bronze.it_jobs_raw, format=PARQUET) is committing.
[2025-12-08T13:34:13.350+0000] {subprocess.py:106} INFO - 25/12/08 13:34:13 INFO SparkWrite: Committing append with 1 new data files to table hive_catalog.bronze.it_jobs_raw
[2025-12-08T13:34:17.453+0000] {subprocess.py:106} INFO - 25/12/08 13:34:17 INFO HiveTableOperations: Committed to table hive_catalog.bronze.it_jobs_raw with the new metadata location hdfs://dinhhoa-master:9000/user/ndh/warehouse/bronze.db/it_jobs_raw/metadata/00038-f1bd77b7-b774-4751-b036-11ed4400df5b.metadata.json
[2025-12-08T13:34:17.454+0000] {subprocess.py:106} INFO - 25/12/08 13:34:17 INFO BaseMetastoreTableOperations: Successfully committed to table hive_catalog.bronze.it_jobs_raw in 2939 ms
[2025-12-08T13:34:17.454+0000] {subprocess.py:106} INFO - 25/12/08 13:34:17 INFO SnapshotProducer: Committed snapshot 1808829780832886208 (MergeAppend)
[2025-12-08T13:34:17.471+0000] {subprocess.py:106} INFO - 25/12/08 13:34:17 INFO BaseMetastoreTableOperations: Refreshing table metadata from new version: hdfs://dinhhoa-master:9000/user/ndh/warehouse/bronze.db/it_jobs_raw/metadata/00038-f1bd77b7-b774-4751-b036-11ed4400df5b.metadata.json
[2025-12-08T13:34:17.543+0000] {subprocess.py:106} INFO - 25/12/08 13:34:17 INFO LoggingMetricsReporter: Received metrics report: CommitReport{tableName=hive_catalog.bronze.it_jobs_raw, snapshotId=1808829780832886208, sequenceNumber=39, operation=append, commitMetrics=CommitMetricsResult{totalDuration=TimerResult{timeUnit=NANOSECONDS, totalDuration=PT4.15372207S, count=1}, attempts=CounterResult{unit=COUNT, value=1}, addedDataFiles=CounterResult{unit=COUNT, value=1}, removedDataFiles=null, totalDataFiles=CounterResult{unit=COUNT, value=39}, addedDeleteFiles=null, addedEqualityDeleteFiles=null, addedPositionalDeleteFiles=null, removedDeleteFiles=null, removedEqualityDeleteFiles=null, removedPositionalDeleteFiles=null, totalDeleteFiles=CounterResult{unit=COUNT, value=0}, addedRecords=CounterResult{unit=COUNT, value=62}, removedRecords=null, totalRecords=CounterResult{unit=COUNT, value=5442}, addedFilesSizeInBytes=CounterResult{unit=BYTES, value=10970}, removedFilesSizeInBytes=null, totalFilesSizeInBytes=CounterResult{unit=BYTES, value=526325}, addedPositionalDeletes=null, removedPositionalDeletes=null, totalPositionalDeletes=CounterResult{unit=COUNT, value=0}, addedEqualityDeletes=null, removedEqualityDeletes=null, totalEqualityDeletes=CounterResult{unit=COUNT, value=0}}, metadata={engine-version=3.5.3, app-id=app-20251208133327-0000, engine-name=spark, iceberg-version=Apache Iceberg 1.6.1 (commit 8e9d59d299be42b0bca9461457cd1e95dbaad086)}}
[2025-12-08T13:34:17.543+0000] {subprocess.py:106} INFO - 25/12/08 13:34:17 INFO SparkWrite: Committed in 4191 ms
[2025-12-08T13:34:17.544+0000] {subprocess.py:106} INFO - 25/12/08 13:34:17 INFO AppendDataExec: Data source write support IcebergBatchWrite(table=hive_catalog.bronze.it_jobs_raw, format=PARQUET) committed.
[2025-12-08T13:34:17.546+0000] {subprocess.py:106} INFO -  Loaded into: hive_catalog.bronze.it_jobs_raw
[2025-12-08T13:34:17.547+0000] {subprocess.py:106} INFO - 25/12/08 13:34:17 INFO SparkContext: SparkContext is stopping with exitCode 0.
[2025-12-08T13:34:17.562+0000] {subprocess.py:106} INFO - 25/12/08 13:34:17 INFO SparkUI: Stopped Spark web UI at http://65f44b4fd513:4040
[2025-12-08T13:34:17.569+0000] {subprocess.py:106} INFO - 25/12/08 13:34:17 INFO StandaloneSchedulerBackend: Shutting down all executors
[2025-12-08T13:34:17.570+0000] {subprocess.py:106} INFO - 25/12/08 13:34:17 INFO StandaloneSchedulerBackend$StandaloneDriverEndpoint: Asking each executor to shut down
[2025-12-08T13:34:17.630+0000] {subprocess.py:106} INFO - 25/12/08 13:34:17 INFO MapOutputTrackerMasterEndpoint: MapOutputTrackerMasterEndpoint stopped!
[2025-12-08T13:34:17.658+0000] {subprocess.py:106} INFO - 25/12/08 13:34:17 INFO MemoryStore: MemoryStore cleared
[2025-12-08T13:34:17.662+0000] {subprocess.py:106} INFO - 25/12/08 13:34:17 INFO BlockManager: BlockManager stopped
[2025-12-08T13:34:17.663+0000] {subprocess.py:106} INFO - 25/12/08 13:34:17 INFO BlockManagerMaster: BlockManagerMaster stopped
[2025-12-08T13:34:17.667+0000] {subprocess.py:106} INFO - 25/12/08 13:34:17 INFO OutputCommitCoordinator$OutputCommitCoordinatorEndpoint: OutputCommitCoordinator stopped!
[2025-12-08T13:34:17.704+0000] {subprocess.py:106} INFO - 25/12/08 13:34:17 INFO SparkContext: Successfully stopped SparkContext
[2025-12-08T13:34:18.049+0000] {subprocess.py:106} INFO - 25/12/08 13:34:18 INFO ShutdownHookManager: Shutdown hook called
[2025-12-08T13:34:18.049+0000] {subprocess.py:106} INFO - 25/12/08 13:34:18 INFO ShutdownHookManager: Deleting directory /tmp/spark-fa84e9d8-4e57-4de3-af8e-7d28904feda2
[2025-12-08T13:34:18.053+0000] {subprocess.py:106} INFO - 25/12/08 13:34:18 INFO ShutdownHookManager: Deleting directory /tmp/spark-21fccdd2-7689-4ffc-afb4-820126a426fe
[2025-12-08T13:34:18.057+0000] {subprocess.py:106} INFO - 25/12/08 13:34:18 INFO ShutdownHookManager: Deleting directory /tmp/spark-fa84e9d8-4e57-4de3-af8e-7d28904feda2/pyspark-cb0fe438-753a-434e-bcaf-d28e9e8a2a00
[2025-12-08T13:34:18.161+0000] {subprocess.py:110} INFO - Command exited with return code 0
[2025-12-08T13:34:18.250+0000] {taskinstance.py:341} INFO - ::group::Post task execution logs
[2025-12-08T13:34:18.251+0000] {taskinstance.py:353} INFO - Marking task as SUCCESS. dag_id=crawl_etl_itjob, task_id=load_bronze, run_id=scheduled__2025-12-06T02:00:00+00:00, execution_date=20251206T020000, start_date=20251208T133312, end_date=20251208T133418
[2025-12-08T13:34:18.368+0000] {local_task_job_runner.py:266} INFO - Task exited with return code 0
[2025-12-08T13:34:18.424+0000] {taskinstance.py:3901} INFO - 1 downstream tasks scheduled from follow-on schedule check
[2025-12-08T13:34:18.426+0000] {local_task_job_runner.py:245} INFO - ::endgroup::
