[2025-11-12T15:25:21.235+0000] {local_task_job_runner.py:123} INFO - ::group::Pre task execution logs
[2025-11-12T15:25:21.284+0000] {taskinstance.py:2614} INFO - Dependencies all met for dep_context=non-requeueable deps ti=<TaskInstance: crawl_etl_itjob.load_bronze scheduled__2025-11-11T02:00:00+00:00 [queued]>
[2025-11-12T15:25:21.298+0000] {taskinstance.py:2614} INFO - Dependencies all met for dep_context=requeueable deps ti=<TaskInstance: crawl_etl_itjob.load_bronze scheduled__2025-11-11T02:00:00+00:00 [queued]>
[2025-11-12T15:25:21.299+0000] {taskinstance.py:2867} INFO - Starting attempt 1 of 2
[2025-11-12T15:25:21.316+0000] {taskinstance.py:2890} INFO - Executing <Task(BashOperator): load_bronze> on 2025-11-11 02:00:00+00:00
[2025-11-12T15:25:21.323+0000] {standard_task_runner.py:72} INFO - Started process 55 to run task
[2025-11-12T15:25:21.327+0000] {standard_task_runner.py:104} INFO - Running: ['***', 'tasks', 'run', 'crawl_etl_itjob', 'load_bronze', 'scheduled__2025-11-11T02:00:00+00:00', '--job-id', '148', '--raw', '--subdir', 'DAGS_FOLDER/Crawl_ETL_ITJob.py', '--cfg-path', '/tmp/tmpogqfhqdr']
[2025-11-12T15:25:21.330+0000] {standard_task_runner.py:105} INFO - Job 148: Subtask load_bronze
[2025-11-12T15:25:21.361+0000] {warnings.py:109} WARNING - /home/***/.local/lib/python3.8/site-packages/***/settings.py:209: DeprecationWarning: The sql_alchemy_conn option in [core] has been moved to the sql_alchemy_conn option in [database] - the old setting has been used, but please update your config.
  SQL_ALCHEMY_CONN = conf.get("database", "SQL_ALCHEMY_CONN")

[2025-11-12T15:25:21.471+0000] {task_command.py:467} INFO - Running <TaskInstance: crawl_etl_itjob.load_bronze scheduled__2025-11-11T02:00:00+00:00 [running]> on host a1de7f96d4f1
[2025-11-12T15:25:21.472+0000] {warnings.py:109} WARNING - /home/***/.local/lib/python3.8/site-packages/***/settings.py:470: DeprecationWarning: The sql_alchemy_conn option in [core] has been moved to the sql_alchemy_conn option in [database] - the old setting has been used, but please update your config.
  if conf.get("database", "sql_alchemy_conn") == "none://":

[2025-11-12T15:25:21.630+0000] {taskinstance.py:3134} INFO - Exporting env vars: AIRFLOW_CTX_DAG_EMAIL='alert@datateam.local' AIRFLOW_CTX_DAG_OWNER='***' AIRFLOW_CTX_DAG_ID='crawl_etl_itjob' AIRFLOW_CTX_TASK_ID='load_bronze' AIRFLOW_CTX_EXECUTION_DATE='2025-11-11T02:00:00+00:00' AIRFLOW_CTX_TRY_NUMBER='1' AIRFLOW_CTX_DAG_RUN_ID='scheduled__2025-11-11T02:00:00+00:00'
[2025-11-12T15:25:21.631+0000] {taskinstance.py:732} INFO - ::endgroup::
[2025-11-12T15:25:21.658+0000] {subprocess.py:78} INFO - Tmp dir root location: /tmp
[2025-11-12T15:25:21.659+0000] {subprocess.py:88} INFO - Running command: ['/bin/bash', '-c', "\n        docker exec spark-submit bash -c '\n        /opt/spark/bin/spark-submit         --master spark://spark-master:7077         --deploy-mode client         --packages org.apache.iceberg:iceberg-spark-runtime-3.5_2.12:1.5.0         /opt/spark/scripts/Load_Bronze.py\n        '\n        "]
[2025-11-12T15:25:21.673+0000] {subprocess.py:99} INFO - Output:
[2025-11-12T15:25:24.498+0000] {subprocess.py:106} INFO - :: loading settings :: url = jar:file:/opt/spark/jars/ivy-2.5.1.jar!/org/apache/ivy/core/settings/ivysettings.xml
[2025-11-12T15:25:24.650+0000] {subprocess.py:106} INFO - Ivy Default Cache set to: /home/spark/.ivy2/cache
[2025-11-12T15:25:24.651+0000] {subprocess.py:106} INFO - The jars for the packages stored in: /home/spark/.ivy2/jars
[2025-11-12T15:25:24.656+0000] {subprocess.py:106} INFO - org.apache.iceberg#iceberg-spark-runtime-3.5_2.12 added as a dependency
[2025-11-12T15:25:24.658+0000] {subprocess.py:106} INFO - :: resolving dependencies :: org.apache.spark#spark-submit-parent-5e4813ed-6719-4a16-9d0b-b12832b59cfa;1.0
[2025-11-12T15:25:24.658+0000] {subprocess.py:106} INFO - 	confs: [default]
[2025-11-12T15:25:24.814+0000] {subprocess.py:106} INFO - 	found org.apache.iceberg#iceberg-spark-runtime-3.5_2.12;1.5.0 in central
[2025-11-12T15:25:24.831+0000] {subprocess.py:106} INFO - :: resolution report :: resolve 169ms :: artifacts dl 5ms
[2025-11-12T15:25:24.832+0000] {subprocess.py:106} INFO - 	:: modules in use:
[2025-11-12T15:25:24.833+0000] {subprocess.py:106} INFO - 	org.apache.iceberg#iceberg-spark-runtime-3.5_2.12;1.5.0 from central in [default]
[2025-11-12T15:25:24.834+0000] {subprocess.py:106} INFO - 	---------------------------------------------------------------------
[2025-11-12T15:25:24.835+0000] {subprocess.py:106} INFO - 	|                  |            modules            ||   artifacts   |
[2025-11-12T15:25:24.836+0000] {subprocess.py:106} INFO - 	|       conf       | number| search|dwnlded|evicted|| number|dwnlded|
[2025-11-12T15:25:24.836+0000] {subprocess.py:106} INFO - 	---------------------------------------------------------------------
[2025-11-12T15:25:24.837+0000] {subprocess.py:106} INFO - 	|      default     |   1   |   0   |   0   |   0   ||   1   |   0   |
[2025-11-12T15:25:24.838+0000] {subprocess.py:106} INFO - 	---------------------------------------------------------------------
[2025-11-12T15:25:24.840+0000] {subprocess.py:106} INFO - :: retrieving :: org.apache.spark#spark-submit-parent-5e4813ed-6719-4a16-9d0b-b12832b59cfa
[2025-11-12T15:25:24.841+0000] {subprocess.py:106} INFO - 	confs: [default]
[2025-11-12T15:25:24.847+0000] {subprocess.py:106} INFO - 	0 artifacts copied, 1 already retrieved (0kB/7ms)
[2025-11-12T15:25:25.175+0000] {subprocess.py:106} INFO - 25/11/12 15:25:25 WARN NativeCodeLoader: Unable to load native-hadoop library for your platform... using builtin-java classes where applicable
[2025-11-12T15:25:27.015+0000] {subprocess.py:106} INFO - 25/11/12 15:25:27 INFO SparkContext: Running Spark version 3.5.3
[2025-11-12T15:25:27.017+0000] {subprocess.py:106} INFO - 25/11/12 15:25:27 INFO SparkContext: OS info Linux, 6.6.87.2-microsoft-standard-WSL2, amd64
[2025-11-12T15:25:27.021+0000] {subprocess.py:106} INFO - 25/11/12 15:25:27 INFO SparkContext: Java version 11.0.24
[2025-11-12T15:25:27.046+0000] {subprocess.py:106} INFO - 25/11/12 15:25:27 INFO ResourceUtils: ==============================================================
[2025-11-12T15:25:27.047+0000] {subprocess.py:106} INFO - 25/11/12 15:25:27 INFO ResourceUtils: No custom resources configured for spark.driver.
[2025-11-12T15:25:27.048+0000] {subprocess.py:106} INFO - 25/11/12 15:25:27 INFO ResourceUtils: ==============================================================
[2025-11-12T15:25:27.049+0000] {subprocess.py:106} INFO - 25/11/12 15:25:27 INFO SparkContext: Submitted application: Load_Bronze_Hive_Iceberg
[2025-11-12T15:25:27.088+0000] {subprocess.py:106} INFO - 25/11/12 15:25:27 INFO ResourceProfile: Default ResourceProfile created, executor resources: Map(memory -> name: memory, amount: 1024, script: , vendor: , offHeap -> name: offHeap, amount: 0, script: , vendor: ), task resources: Map(cpus -> name: cpus, amount: 1.0)
[2025-11-12T15:25:27.104+0000] {subprocess.py:106} INFO - 25/11/12 15:25:27 INFO ResourceProfile: Limiting resource is cpu
[2025-11-12T15:25:27.106+0000] {subprocess.py:106} INFO - 25/11/12 15:25:27 INFO ResourceProfileManager: Added ResourceProfile id: 0
[2025-11-12T15:25:27.203+0000] {subprocess.py:106} INFO - 25/11/12 15:25:27 INFO SecurityManager: Changing view acls to: spark
[2025-11-12T15:25:27.204+0000] {subprocess.py:106} INFO - 25/11/12 15:25:27 INFO SecurityManager: Changing modify acls to: spark
[2025-11-12T15:25:27.205+0000] {subprocess.py:106} INFO - 25/11/12 15:25:27 INFO SecurityManager: Changing view acls groups to:
[2025-11-12T15:25:27.209+0000] {subprocess.py:106} INFO - 25/11/12 15:25:27 INFO SecurityManager: Changing modify acls groups to:
[2025-11-12T15:25:27.213+0000] {subprocess.py:106} INFO - 25/11/12 15:25:27 INFO SecurityManager: SecurityManager: authentication disabled; ui acls disabled; users with view permissions: spark; groups with view permissions: EMPTY; users with modify permissions: spark; groups with modify permissions: EMPTY
[2025-11-12T15:25:27.508+0000] {subprocess.py:106} INFO - 25/11/12 15:25:27 INFO Utils: Successfully started service 'sparkDriver' on port 37625.
[2025-11-12T15:25:27.566+0000] {subprocess.py:106} INFO - 25/11/12 15:25:27 INFO SparkEnv: Registering MapOutputTracker
[2025-11-12T15:25:27.628+0000] {subprocess.py:106} INFO - 25/11/12 15:25:27 INFO SparkEnv: Registering BlockManagerMaster
[2025-11-12T15:25:27.657+0000] {subprocess.py:106} INFO - 25/11/12 15:25:27 INFO BlockManagerMasterEndpoint: Using org.apache.spark.storage.DefaultTopologyMapper for getting topology information
[2025-11-12T15:25:27.659+0000] {subprocess.py:106} INFO - 25/11/12 15:25:27 INFO BlockManagerMasterEndpoint: BlockManagerMasterEndpoint up
[2025-11-12T15:25:27.673+0000] {subprocess.py:106} INFO - 25/11/12 15:25:27 INFO SparkEnv: Registering BlockManagerMasterHeartbeat
[2025-11-12T15:25:27.738+0000] {subprocess.py:106} INFO - 25/11/12 15:25:27 INFO DiskBlockManager: Created local directory at /tmp/blockmgr-d0632eee-2b87-4b84-b696-98c45f18fa02
[2025-11-12T15:25:27.762+0000] {subprocess.py:106} INFO - 25/11/12 15:25:27 INFO MemoryStore: MemoryStore started with capacity 434.4 MiB
[2025-11-12T15:25:27.791+0000] {subprocess.py:106} INFO - 25/11/12 15:25:27 INFO SparkEnv: Registering OutputCommitCoordinator
[2025-11-12T15:25:27.982+0000] {subprocess.py:106} INFO - 25/11/12 15:25:27 INFO JettyUtils: Start Jetty 0.0.0.0:4040 for SparkUI
[2025-11-12T15:25:28.050+0000] {subprocess.py:106} INFO - 25/11/12 15:25:28 INFO Utils: Successfully started service 'SparkUI' on port 4040.
[2025-11-12T15:25:28.093+0000] {subprocess.py:106} INFO - 25/11/12 15:25:28 INFO SparkContext: Added JAR file:///home/spark/.ivy2/jars/org.apache.iceberg_iceberg-spark-runtime-3.5_2.12-1.5.0.jar at spark://68d0d8c522fe:37625/jars/org.apache.iceberg_iceberg-spark-runtime-3.5_2.12-1.5.0.jar with timestamp 1762961127001
[2025-11-12T15:25:28.097+0000] {subprocess.py:106} INFO - 25/11/12 15:25:28 INFO SparkContext: Added file file:///home/spark/.ivy2/jars/org.apache.iceberg_iceberg-spark-runtime-3.5_2.12-1.5.0.jar at spark://68d0d8c522fe:37625/files/org.apache.iceberg_iceberg-spark-runtime-3.5_2.12-1.5.0.jar with timestamp 1762961127001
[2025-11-12T15:25:28.098+0000] {subprocess.py:106} INFO - 25/11/12 15:25:28 INFO Utils: Copying /home/spark/.ivy2/jars/org.apache.iceberg_iceberg-spark-runtime-3.5_2.12-1.5.0.jar to /tmp/spark-de438932-ad97-409e-9352-0b5116fd1353/userFiles-fae07a74-28bc-4a22-8403-e1c752a8100b/org.apache.iceberg_iceberg-spark-runtime-3.5_2.12-1.5.0.jar
[2025-11-12T15:25:28.483+0000] {subprocess.py:106} INFO - 25/11/12 15:25:28 INFO StandaloneAppClient$ClientEndpoint: Connecting to master spark://spark-master:7077...
[2025-11-12T15:25:28.547+0000] {subprocess.py:106} INFO - 25/11/12 15:25:28 INFO TransportClientFactory: Successfully created connection to spark-master/172.30.0.6:7077 after 41 ms (0 ms spent in bootstraps)
[2025-11-12T15:25:29.065+0000] {subprocess.py:106} INFO - 25/11/12 15:25:29 INFO StandaloneSchedulerBackend: Connected to Spark cluster with app ID app-20251112152528-0000
[2025-11-12T15:25:29.080+0000] {subprocess.py:106} INFO - 25/11/12 15:25:29 INFO Utils: Successfully started service 'org.apache.spark.network.netty.NettyBlockTransferService' on port 39779.
[2025-11-12T15:25:29.081+0000] {subprocess.py:106} INFO - 25/11/12 15:25:29 INFO NettyBlockTransferService: Server created on 68d0d8c522fe:39779
[2025-11-12T15:25:29.083+0000] {subprocess.py:106} INFO - 25/11/12 15:25:29 INFO BlockManager: Using org.apache.spark.storage.RandomBlockReplicationPolicy for block replication policy
[2025-11-12T15:25:29.095+0000] {subprocess.py:106} INFO - 25/11/12 15:25:29 INFO BlockManagerMaster: Registering BlockManager BlockManagerId(driver, 68d0d8c522fe, 39779, None)
[2025-11-12T15:25:29.100+0000] {subprocess.py:106} INFO - 25/11/12 15:25:29 INFO BlockManagerMasterEndpoint: Registering block manager 68d0d8c522fe:39779 with 434.4 MiB RAM, BlockManagerId(driver, 68d0d8c522fe, 39779, None)
[2025-11-12T15:25:29.104+0000] {subprocess.py:106} INFO - 25/11/12 15:25:29 INFO BlockManagerMaster: Registered BlockManager BlockManagerId(driver, 68d0d8c522fe, 39779, None)
[2025-11-12T15:25:29.107+0000] {subprocess.py:106} INFO - 25/11/12 15:25:29 INFO BlockManager: Initialized BlockManager: BlockManagerId(driver, 68d0d8c522fe, 39779, None)
[2025-11-12T15:25:29.112+0000] {subprocess.py:106} INFO - 25/11/12 15:25:29 INFO StandaloneAppClient$ClientEndpoint: Executor added: app-20251112152528-0000/0 on worker-20251112144741-172.30.0.8-43799 (172.30.0.8:43799) with 1 core(s)
[2025-11-12T15:25:29.114+0000] {subprocess.py:106} INFO - 25/11/12 15:25:29 INFO StandaloneSchedulerBackend: Granted executor ID app-20251112152528-0000/0 on hostPort 172.30.0.8:43799 with 1 core(s), 1024.0 MiB RAM
[2025-11-12T15:25:29.422+0000] {subprocess.py:106} INFO - 25/11/12 15:25:29 INFO StandaloneSchedulerBackend: SchedulerBackend is ready for scheduling beginning after reached minRegisteredResourcesRatio: 0.0
[2025-11-12T15:25:29.470+0000] {subprocess.py:106} INFO - 25/11/12 15:25:29 INFO StandaloneAppClient$ClientEndpoint: Executor updated: app-20251112152528-0000/0 is now RUNNING
[2025-11-12T15:25:29.837+0000] {subprocess.py:106} INFO - 25/11/12 15:25:29 INFO SharedState: Setting hive.metastore.warehouse.dir ('null') to the value of spark.sql.warehouse.dir.
[2025-11-12T15:25:29.841+0000] {subprocess.py:106} INFO - 25/11/12 15:25:29 INFO SharedState: Warehouse path is 'file:/opt/spark/work-dir/spark-warehouse'.
[2025-11-12T15:25:33.107+0000] {subprocess.py:106} INFO - 25/11/12 15:25:33 INFO InMemoryFileIndex: It took 147 ms to list leaf files for 1 paths.
[2025-11-12T15:25:33.397+0000] {subprocess.py:106} INFO - 25/11/12 15:25:33 INFO MemoryStore: Block broadcast_0 stored as values in memory (estimated size 203.7 KiB, free 434.2 MiB)
[2025-11-12T15:25:33.541+0000] {subprocess.py:106} INFO - 25/11/12 15:25:33 INFO StandaloneSchedulerBackend$StandaloneDriverEndpoint: Registered executor NettyRpcEndpointRef(spark-client://Executor) (172.30.0.8:46140) with ID 0,  ResourceProfileId 0
[2025-11-12T15:25:33.552+0000] {subprocess.py:106} INFO - 25/11/12 15:25:33 INFO MemoryStore: Block broadcast_0_piece0 stored as bytes in memory (estimated size 35.3 KiB, free 434.2 MiB)
[2025-11-12T15:25:33.559+0000] {subprocess.py:106} INFO - 25/11/12 15:25:33 INFO BlockManagerInfo: Added broadcast_0_piece0 in memory on 68d0d8c522fe:39779 (size: 35.3 KiB, free: 434.4 MiB)
[2025-11-12T15:25:33.570+0000] {subprocess.py:106} INFO - 25/11/12 15:25:33 INFO SparkContext: Created broadcast 0 from csv at <unknown>:0
[2025-11-12T15:25:33.675+0000] {subprocess.py:106} INFO - 25/11/12 15:25:33 INFO BlockManagerMasterEndpoint: Registering block manager 172.30.0.8:39477 with 434.4 MiB RAM, BlockManagerId(0, 172.30.0.8, 39477, None)
[2025-11-12T15:25:34.260+0000] {subprocess.py:106} INFO - 25/11/12 15:25:34 INFO FileInputFormat: Total input files to process : 1
[2025-11-12T15:25:34.275+0000] {subprocess.py:106} INFO - 25/11/12 15:25:34 INFO FileInputFormat: Total input files to process : 1
[2025-11-12T15:25:34.466+0000] {subprocess.py:106} INFO - 25/11/12 15:25:34 INFO SparkContext: Starting job: csv at <unknown>:0
[2025-11-12T15:25:34.528+0000] {subprocess.py:106} INFO - 25/11/12 15:25:34 INFO DAGScheduler: Got job 0 (csv at <unknown>:0) with 1 output partitions
[2025-11-12T15:25:34.534+0000] {subprocess.py:106} INFO - 25/11/12 15:25:34 INFO DAGScheduler: Final stage: ResultStage 0 (csv at <unknown>:0)
[2025-11-12T15:25:34.536+0000] {subprocess.py:106} INFO - 25/11/12 15:25:34 INFO DAGScheduler: Parents of final stage: List()
[2025-11-12T15:25:34.540+0000] {subprocess.py:106} INFO - 25/11/12 15:25:34 INFO DAGScheduler: Missing parents: List()
[2025-11-12T15:25:34.558+0000] {subprocess.py:106} INFO - 25/11/12 15:25:34 INFO DAGScheduler: Submitting ResultStage 0 (MapPartitionsRDD[2] at csv at <unknown>:0), which has no missing parents
[2025-11-12T15:25:34.630+0000] {subprocess.py:106} INFO - 25/11/12 15:25:34 INFO MemoryStore: Block broadcast_1 stored as values in memory (estimated size 7.6 KiB, free 434.2 MiB)
[2025-11-12T15:25:34.635+0000] {subprocess.py:106} INFO - 25/11/12 15:25:34 INFO MemoryStore: Block broadcast_1_piece0 stored as bytes in memory (estimated size 4.4 KiB, free 434.2 MiB)
[2025-11-12T15:25:34.639+0000] {subprocess.py:106} INFO - 25/11/12 15:25:34 INFO BlockManagerInfo: Added broadcast_1_piece0 in memory on 68d0d8c522fe:39779 (size: 4.4 KiB, free: 434.4 MiB)
[2025-11-12T15:25:34.641+0000] {subprocess.py:106} INFO - 25/11/12 15:25:34 INFO SparkContext: Created broadcast 1 from broadcast at DAGScheduler.scala:1585
[2025-11-12T15:25:34.690+0000] {subprocess.py:106} INFO - 25/11/12 15:25:34 INFO DAGScheduler: Submitting 1 missing tasks from ResultStage 0 (MapPartitionsRDD[2] at csv at <unknown>:0) (first 15 tasks are for partitions Vector(0))
[2025-11-12T15:25:34.695+0000] {subprocess.py:106} INFO - 25/11/12 15:25:34 INFO TaskSchedulerImpl: Adding task set 0.0 with 1 tasks resource profile 0
[2025-11-12T15:25:35.616+0000] {subprocess.py:106} INFO - 25/11/12 15:25:35 INFO TaskSetManager: Starting task 0.0 in stage 0.0 (TID 0) (172.30.0.8, executor 0, partition 0, PROCESS_LOCAL, 9484 bytes)
[2025-11-12T15:25:36.000+0000] {subprocess.py:106} INFO - 25/11/12 15:25:35 INFO BlockManagerInfo: Added broadcast_1_piece0 in memory on 172.30.0.8:39477 (size: 4.4 KiB, free: 434.4 MiB)
[2025-11-12T15:25:36.335+0000] {subprocess.py:106} INFO - 25/11/12 15:25:36 INFO BlockManagerInfo: Added broadcast_0_piece0 in memory on 172.30.0.8:39477 (size: 35.3 KiB, free: 434.4 MiB)
[2025-11-12T15:25:37.529+0000] {subprocess.py:106} INFO - 25/11/12 15:25:37 INFO TaskSetManager: Finished task 0.0 in stage 0.0 (TID 0) in 1933 ms on 172.30.0.8 (executor 0) (1/1)
[2025-11-12T15:25:37.532+0000] {subprocess.py:106} INFO - 25/11/12 15:25:37 INFO TaskSchedulerImpl: Removed TaskSet 0.0, whose tasks have all completed, from pool
[2025-11-12T15:25:37.541+0000] {subprocess.py:106} INFO - 25/11/12 15:25:37 INFO DAGScheduler: ResultStage 0 (csv at <unknown>:0) finished in 2.928 s
[2025-11-12T15:25:37.547+0000] {subprocess.py:106} INFO - 25/11/12 15:25:37 INFO DAGScheduler: Job 0 is finished. Cancelling potential speculative or zombie tasks for this job
[2025-11-12T15:25:37.547+0000] {subprocess.py:106} INFO - 25/11/12 15:25:37 INFO TaskSchedulerImpl: Killing all running tasks in stage 0: Stage finished
[2025-11-12T15:25:37.551+0000] {subprocess.py:106} INFO - 25/11/12 15:25:37 INFO DAGScheduler: Job 0 finished: csv at <unknown>:0, took 3.093386 s
[2025-11-12T15:25:37.759+0000] {subprocess.py:106} INFO - 25/11/12 15:25:37 INFO BlockManagerInfo: Removed broadcast_0_piece0 on 68d0d8c522fe:39779 in memory (size: 35.3 KiB, free: 434.4 MiB)
[2025-11-12T15:25:37.774+0000] {subprocess.py:106} INFO - 25/11/12 15:25:37 INFO BlockManagerInfo: Removed broadcast_0_piece0 on 172.30.0.8:39477 in memory (size: 35.3 KiB, free: 434.4 MiB)
[2025-11-12T15:25:37.799+0000] {subprocess.py:106} INFO - 25/11/12 15:25:37 INFO BlockManagerInfo: Removed broadcast_1_piece0 on 68d0d8c522fe:39779 in memory (size: 4.4 KiB, free: 434.4 MiB)
[2025-11-12T15:25:37.800+0000] {subprocess.py:106} INFO - 25/11/12 15:25:37 INFO BlockManagerInfo: Removed broadcast_1_piece0 on 172.30.0.8:39477 in memory (size: 4.4 KiB, free: 434.4 MiB)
[2025-11-12T15:25:42.541+0000] {subprocess.py:106} INFO - 25/11/12 15:25:42 INFO FileSourceStrategy: Pushed Filters:
[2025-11-12T15:25:42.545+0000] {subprocess.py:106} INFO - 25/11/12 15:25:42 INFO FileSourceStrategy: Post-Scan Filters:
[2025-11-12T15:25:43.240+0000] {subprocess.py:106} INFO - 25/11/12 15:25:43 INFO CodeGenerator: Code generated in 303.745813 ms
[2025-11-12T15:25:43.250+0000] {subprocess.py:106} INFO - 25/11/12 15:25:43 INFO MemoryStore: Block broadcast_2 stored as values in memory (estimated size 203.1 KiB, free 434.2 MiB)
[2025-11-12T15:25:43.271+0000] {subprocess.py:106} INFO - 25/11/12 15:25:43 INFO MemoryStore: Block broadcast_2_piece0 stored as bytes in memory (estimated size 35.1 KiB, free 434.2 MiB)
[2025-11-12T15:25:43.273+0000] {subprocess.py:106} INFO - 25/11/12 15:25:43 INFO BlockManagerInfo: Added broadcast_2_piece0 in memory on 68d0d8c522fe:39779 (size: 35.1 KiB, free: 434.4 MiB)
[2025-11-12T15:25:43.275+0000] {subprocess.py:106} INFO - 25/11/12 15:25:43 INFO SparkContext: Created broadcast 2 from count at <unknown>:0
[2025-11-12T15:25:43.317+0000] {subprocess.py:106} INFO - 25/11/12 15:25:43 INFO FileSourceScanExec: Planning scan with bin packing, max size: 4194304 bytes, open cost is considered as scanning 4194304 bytes.
[2025-11-12T15:25:43.388+0000] {subprocess.py:106} INFO - 25/11/12 15:25:43 INFO DAGScheduler: Registering RDD 7 (count at <unknown>:0) as input to shuffle 0
[2025-11-12T15:25:43.393+0000] {subprocess.py:106} INFO - 25/11/12 15:25:43 INFO DAGScheduler: Got map stage job 1 (count at <unknown>:0) with 1 output partitions
[2025-11-12T15:25:43.397+0000] {subprocess.py:106} INFO - 25/11/12 15:25:43 INFO DAGScheduler: Final stage: ShuffleMapStage 1 (count at <unknown>:0)
[2025-11-12T15:25:43.398+0000] {subprocess.py:106} INFO - 25/11/12 15:25:43 INFO DAGScheduler: Parents of final stage: List()
[2025-11-12T15:25:43.399+0000] {subprocess.py:106} INFO - 25/11/12 15:25:43 INFO DAGScheduler: Missing parents: List()
[2025-11-12T15:25:43.400+0000] {subprocess.py:106} INFO - 25/11/12 15:25:43 INFO DAGScheduler: Submitting ShuffleMapStage 1 (MapPartitionsRDD[7] at count at <unknown>:0), which has no missing parents
[2025-11-12T15:25:43.465+0000] {subprocess.py:106} INFO - 25/11/12 15:25:43 INFO MemoryStore: Block broadcast_3 stored as values in memory (estimated size 18.0 KiB, free 434.1 MiB)
[2025-11-12T15:25:43.476+0000] {subprocess.py:106} INFO - 25/11/12 15:25:43 INFO MemoryStore: Block broadcast_3_piece0 stored as bytes in memory (estimated size 8.9 KiB, free 434.1 MiB)
[2025-11-12T15:25:43.478+0000] {subprocess.py:106} INFO - 25/11/12 15:25:43 INFO BlockManagerInfo: Added broadcast_3_piece0 in memory on 68d0d8c522fe:39779 (size: 8.9 KiB, free: 434.4 MiB)
[2025-11-12T15:25:43.479+0000] {subprocess.py:106} INFO - 25/11/12 15:25:43 INFO SparkContext: Created broadcast 3 from broadcast at DAGScheduler.scala:1585
[2025-11-12T15:25:43.484+0000] {subprocess.py:106} INFO - 25/11/12 15:25:43 INFO DAGScheduler: Submitting 1 missing tasks from ShuffleMapStage 1 (MapPartitionsRDD[7] at count at <unknown>:0) (first 15 tasks are for partitions Vector(0))
[2025-11-12T15:25:43.486+0000] {subprocess.py:106} INFO - 25/11/12 15:25:43 INFO TaskSchedulerImpl: Adding task set 1.0 with 1 tasks resource profile 0
[2025-11-12T15:25:43.498+0000] {subprocess.py:106} INFO - 25/11/12 15:25:43 INFO TaskSetManager: Starting task 0.0 in stage 1.0 (TID 1) (172.30.0.8, executor 0, partition 0, ANY, 9944 bytes)
[2025-11-12T15:25:43.595+0000] {subprocess.py:106} INFO - 25/11/12 15:25:43 INFO BlockManagerInfo: Added broadcast_3_piece0 in memory on 172.30.0.8:39477 (size: 8.9 KiB, free: 434.4 MiB)
[2025-11-12T15:25:44.555+0000] {subprocess.py:106} INFO - 25/11/12 15:25:44 INFO BlockManagerInfo: Added broadcast_2_piece0 in memory on 172.30.0.8:39477 (size: 35.1 KiB, free: 434.4 MiB)
[2025-11-12T15:25:44.773+0000] {subprocess.py:106} INFO - 25/11/12 15:25:44 INFO TaskSetManager: Finished task 0.0 in stage 1.0 (TID 1) in 1282 ms on 172.30.0.8 (executor 0) (1/1)
[2025-11-12T15:25:44.775+0000] {subprocess.py:106} INFO - 25/11/12 15:25:44 INFO TaskSchedulerImpl: Removed TaskSet 1.0, whose tasks have all completed, from pool
[2025-11-12T15:25:44.778+0000] {subprocess.py:106} INFO - 25/11/12 15:25:44 INFO DAGScheduler: ShuffleMapStage 1 (count at <unknown>:0) finished in 1.369 s
[2025-11-12T15:25:44.779+0000] {subprocess.py:106} INFO - 25/11/12 15:25:44 INFO DAGScheduler: looking for newly runnable stages
[2025-11-12T15:25:44.780+0000] {subprocess.py:106} INFO - 25/11/12 15:25:44 INFO DAGScheduler: running: Set()
[2025-11-12T15:25:44.781+0000] {subprocess.py:106} INFO - 25/11/12 15:25:44 INFO DAGScheduler: waiting: Set()
[2025-11-12T15:25:44.781+0000] {subprocess.py:106} INFO - 25/11/12 15:25:44 INFO DAGScheduler: failed: Set()
[2025-11-12T15:25:44.835+0000] {subprocess.py:106} INFO - 25/11/12 15:25:44 INFO CodeGenerator: Code generated in 15.25497 ms
[2025-11-12T15:25:44.867+0000] {subprocess.py:106} INFO - 25/11/12 15:25:44 INFO SparkContext: Starting job: count at <unknown>:0
[2025-11-12T15:25:44.871+0000] {subprocess.py:106} INFO - 25/11/12 15:25:44 INFO DAGScheduler: Got job 2 (count at <unknown>:0) with 1 output partitions
[2025-11-12T15:25:44.872+0000] {subprocess.py:106} INFO - 25/11/12 15:25:44 INFO DAGScheduler: Final stage: ResultStage 3 (count at <unknown>:0)
[2025-11-12T15:25:44.872+0000] {subprocess.py:106} INFO - 25/11/12 15:25:44 INFO DAGScheduler: Parents of final stage: List(ShuffleMapStage 2)
[2025-11-12T15:25:44.873+0000] {subprocess.py:106} INFO - 25/11/12 15:25:44 INFO DAGScheduler: Missing parents: List()
[2025-11-12T15:25:44.874+0000] {subprocess.py:106} INFO - 25/11/12 15:25:44 INFO DAGScheduler: Submitting ResultStage 3 (MapPartitionsRDD[10] at count at <unknown>:0), which has no missing parents
[2025-11-12T15:25:44.880+0000] {subprocess.py:106} INFO - 25/11/12 15:25:44 INFO MemoryStore: Block broadcast_4 stored as values in memory (estimated size 12.5 KiB, free 434.1 MiB)
[2025-11-12T15:25:44.896+0000] {subprocess.py:106} INFO - 25/11/12 15:25:44 INFO MemoryStore: Block broadcast_4_piece0 stored as bytes in memory (estimated size 5.9 KiB, free 434.1 MiB)
[2025-11-12T15:25:44.901+0000] {subprocess.py:106} INFO - 25/11/12 15:25:44 INFO BlockManagerInfo: Added broadcast_4_piece0 in memory on 68d0d8c522fe:39779 (size: 5.9 KiB, free: 434.4 MiB)
[2025-11-12T15:25:44.903+0000] {subprocess.py:106} INFO - 25/11/12 15:25:44 INFO BlockManagerInfo: Removed broadcast_3_piece0 on 68d0d8c522fe:39779 in memory (size: 8.9 KiB, free: 434.4 MiB)
[2025-11-12T15:25:44.904+0000] {subprocess.py:106} INFO - 25/11/12 15:25:44 INFO SparkContext: Created broadcast 4 from broadcast at DAGScheduler.scala:1585
[2025-11-12T15:25:44.905+0000] {subprocess.py:106} INFO - 25/11/12 15:25:44 INFO DAGScheduler: Submitting 1 missing tasks from ResultStage 3 (MapPartitionsRDD[10] at count at <unknown>:0) (first 15 tasks are for partitions Vector(0))
[2025-11-12T15:25:44.905+0000] {subprocess.py:106} INFO - 25/11/12 15:25:44 INFO TaskSchedulerImpl: Adding task set 3.0 with 1 tasks resource profile 0
[2025-11-12T15:25:44.906+0000] {subprocess.py:106} INFO - 25/11/12 15:25:44 INFO BlockManagerInfo: Removed broadcast_3_piece0 on 172.30.0.8:39477 in memory (size: 8.9 KiB, free: 434.4 MiB)
[2025-11-12T15:25:44.909+0000] {subprocess.py:106} INFO - 25/11/12 15:25:44 INFO TaskSetManager: Starting task 0.0 in stage 3.0 (TID 2) (172.30.0.8, executor 0, partition 0, NODE_LOCAL, 9331 bytes)
[2025-11-12T15:25:44.964+0000] {subprocess.py:106} INFO - 25/11/12 15:25:44 INFO BlockManagerInfo: Added broadcast_4_piece0 in memory on 172.30.0.8:39477 (size: 5.9 KiB, free: 434.4 MiB)
[2025-11-12T15:25:45.003+0000] {subprocess.py:106} INFO - 25/11/12 15:25:45 INFO MapOutputTrackerMasterEndpoint: Asked to send map output locations for shuffle 0 to 172.30.0.8:46140
[2025-11-12T15:25:45.168+0000] {subprocess.py:106} INFO - 25/11/12 15:25:45 INFO TaskSetManager: Finished task 0.0 in stage 3.0 (TID 2) in 263 ms on 172.30.0.8 (executor 0) (1/1)
[2025-11-12T15:25:45.170+0000] {subprocess.py:106} INFO - 25/11/12 15:25:45 INFO TaskSchedulerImpl: Removed TaskSet 3.0, whose tasks have all completed, from pool
[2025-11-12T15:25:45.173+0000] {subprocess.py:106} INFO - 25/11/12 15:25:45 INFO DAGScheduler: ResultStage 3 (count at <unknown>:0) finished in 0.292 s
[2025-11-12T15:25:45.174+0000] {subprocess.py:106} INFO - 25/11/12 15:25:45 INFO DAGScheduler: Job 2 is finished. Cancelling potential speculative or zombie tasks for this job
[2025-11-12T15:25:45.174+0000] {subprocess.py:106} INFO - 25/11/12 15:25:45 INFO TaskSchedulerImpl: Killing all running tasks in stage 3: Stage finished
[2025-11-12T15:25:45.175+0000] {subprocess.py:106} INFO - 25/11/12 15:25:45 INFO DAGScheduler: Job 2 finished: count at <unknown>:0, took 0.304415 s
[2025-11-12T15:25:45.182+0000] {subprocess.py:106} INFO -  Record loaded from CSV: 4102
[2025-11-12T15:25:45.185+0000] {subprocess.py:106} INFO - root
[2025-11-12T15:25:45.186+0000] {subprocess.py:106} INFO -  |-- job_title: string (nullable = true)
[2025-11-12T15:25:45.188+0000] {subprocess.py:106} INFO -  |-- company_name: string (nullable = true)
[2025-11-12T15:25:45.188+0000] {subprocess.py:106} INFO -  |-- location: string (nullable = true)
[2025-11-12T15:25:45.189+0000] {subprocess.py:106} INFO -  |-- skills_required: string (nullable = true)
[2025-11-12T15:25:45.189+0000] {subprocess.py:106} INFO -  |-- date_posted: string (nullable = true)
[2025-11-12T15:25:45.190+0000] {subprocess.py:106} INFO -  |-- job_link: string (nullable = true)
[2025-11-12T15:25:45.190+0000] {subprocess.py:106} INFO -  |-- job_category: string (nullable = true)
[2025-11-12T15:25:45.191+0000] {subprocess.py:106} INFO -  |-- work_mode: string (nullable = true)
[2025-11-12T15:25:45.191+0000] {subprocess.py:106} INFO -  |-- crawl_date: string (nullable = true)
[2025-11-12T15:25:45.192+0000] {subprocess.py:106} INFO -  |-- date_only: string (nullable = true)
[2025-11-12T15:25:45.192+0000] {subprocess.py:106} INFO - 
[2025-11-12T15:25:45.598+0000] {subprocess.py:106} INFO - 25/11/12 15:25:45 INFO BlockManagerInfo: Removed broadcast_4_piece0 on 68d0d8c522fe:39779 in memory (size: 5.9 KiB, free: 434.4 MiB)
[2025-11-12T15:25:45.602+0000] {subprocess.py:106} INFO - 25/11/12 15:25:45 INFO BlockManagerInfo: Removed broadcast_4_piece0 on 172.30.0.8:39477 in memory (size: 5.9 KiB, free: 434.4 MiB)
[2025-11-12T15:25:45.782+0000] {subprocess.py:106} INFO - 25/11/12 15:25:45 INFO HiveConf: Found configuration file null
[2025-11-12T15:25:46.039+0000] {subprocess.py:106} INFO - 25/11/12 15:25:46 INFO metastore: Trying to connect to metastore with URI thrift://hive-metastore:9083
[2025-11-12T15:25:46.108+0000] {subprocess.py:106} INFO - 25/11/12 15:25:46 INFO metastore: Opened a connection to metastore, current connections: 1
[2025-11-12T15:25:46.654+0000] {subprocess.py:106} INFO - 25/11/12 15:25:46 INFO metastore: Connected to metastore.
[2025-11-12T15:25:48.036+0000] {subprocess.py:106} INFO - 25/11/12 15:25:48 INFO BaseMetastoreTableOperations: Refreshing table metadata from new version: hdfs://dinhhoa-master:9000/user/ndh/warehouse/bronze.db/it_jobs_raw/metadata/00013-05033e01-940d-4927-91a6-be3d569799cd.metadata.json
[2025-11-12T15:25:48.363+0000] {subprocess.py:106} INFO - 25/11/12 15:25:48 INFO BlockManagerInfo: Removed broadcast_2_piece0 on 68d0d8c522fe:39779 in memory (size: 35.1 KiB, free: 434.4 MiB)
[2025-11-12T15:25:48.367+0000] {subprocess.py:106} INFO - 25/11/12 15:25:48 INFO BlockManagerInfo: Removed broadcast_2_piece0 on 172.30.0.8:39477 in memory (size: 35.1 KiB, free: 434.4 MiB)
[2025-11-12T15:25:48.682+0000] {subprocess.py:106} INFO - 25/11/12 15:25:48 INFO BaseMetastoreCatalog: Table loaded by catalog: hive_catalog.bronze.it_jobs_raw
[2025-11-12T15:25:48.969+0000] {subprocess.py:106} INFO - 25/11/12 15:25:48 INFO V2ScanRelationPushDown:
[2025-11-12T15:25:48.970+0000] {subprocess.py:106} INFO - Pushing operators to hive_catalog.bronze.it_jobs_raw
[2025-11-12T15:25:48.971+0000] {subprocess.py:106} INFO - Pushed Filters: job_link IS NOT NULL
[2025-11-12T15:25:48.971+0000] {subprocess.py:106} INFO - Post-Scan Filters: isnotnull(job_link#66)
[2025-11-12T15:25:48.972+0000] {subprocess.py:106} INFO - 
[2025-11-12T15:25:49.046+0000] {subprocess.py:106} INFO - 25/11/12 15:25:49 INFO V2ScanRelationPushDown:
[2025-11-12T15:25:49.047+0000] {subprocess.py:106} INFO - Output: job_link#66
[2025-11-12T15:25:49.047+0000] {subprocess.py:106} INFO - 
[2025-11-12T15:25:49.068+0000] {subprocess.py:106} INFO - 25/11/12 15:25:49 INFO SnapshotScan: Scanning table hive_catalog.bronze.it_jobs_raw snapshot 3687462850494061843 created at 2025-11-11T10:28:33.523+00:00 with filter job_link IS NOT NULL
[2025-11-12T15:25:49.504+0000] {subprocess.py:106} INFO - 25/11/12 15:25:49 INFO BaseDistributedDataScan: Planning file tasks locally for table hive_catalog.bronze.it_jobs_raw
[2025-11-12T15:25:49.904+0000] {subprocess.py:106} INFO - 25/11/12 15:25:49 INFO SparkPartitioningAwareScan: Reporting UnknownPartitioning with 4 partition(s) for table hive_catalog.bronze.it_jobs_raw
[2025-11-12T15:25:49.985+0000] {subprocess.py:106} INFO - 25/11/12 15:25:49 INFO FileSourceStrategy: Pushed Filters:
[2025-11-12T15:25:49.986+0000] {subprocess.py:106} INFO - 25/11/12 15:25:49 INFO FileSourceStrategy: Post-Scan Filters:
[2025-11-12T15:25:50.003+0000] {subprocess.py:106} INFO - 25/11/12 15:25:50 INFO MemoryStore: Block broadcast_5 stored as values in memory (estimated size 32.0 KiB, free 434.4 MiB)
[2025-11-12T15:25:50.048+0000] {subprocess.py:106} INFO - 25/11/12 15:25:50 INFO MemoryStore: Block broadcast_5_piece0 stored as bytes in memory (estimated size 29.7 KiB, free 434.3 MiB)
[2025-11-12T15:25:50.051+0000] {subprocess.py:106} INFO - 25/11/12 15:25:50 INFO BlockManagerInfo: Added broadcast_5_piece0 in memory on 68d0d8c522fe:39779 (size: 29.7 KiB, free: 434.4 MiB)
[2025-11-12T15:25:50.054+0000] {subprocess.py:106} INFO - 25/11/12 15:25:50 INFO SparkContext: Created broadcast 5 from broadcast at SparkBatch.java:79
[2025-11-12T15:25:50.149+0000] {subprocess.py:106} INFO - 25/11/12 15:25:50 INFO MemoryStore: Block broadcast_6 stored as values in memory (estimated size 32.0 KiB, free 434.3 MiB)
[2025-11-12T15:25:50.163+0000] {subprocess.py:106} INFO - 25/11/12 15:25:50 INFO MemoryStore: Block broadcast_6_piece0 stored as bytes in memory (estimated size 29.7 KiB, free 434.3 MiB)
[2025-11-12T15:25:50.165+0000] {subprocess.py:106} INFO - 25/11/12 15:25:50 INFO BlockManagerInfo: Added broadcast_6_piece0 in memory on 68d0d8c522fe:39779 (size: 29.7 KiB, free: 434.3 MiB)
[2025-11-12T15:25:50.167+0000] {subprocess.py:106} INFO - 25/11/12 15:25:50 INFO SparkContext: Created broadcast 6 from broadcast at SparkBatch.java:79
[2025-11-12T15:25:50.306+0000] {subprocess.py:106} INFO - 25/11/12 15:25:50 INFO CodeGenerator: Code generated in 26.838916 ms
[2025-11-12T15:25:50.342+0000] {subprocess.py:106} INFO - 25/11/12 15:25:50 INFO SparkContext: Starting job: $anonfun$withThreadLocalCaptured$1 at <unknown>:0
[2025-11-12T15:25:50.344+0000] {subprocess.py:106} INFO - 25/11/12 15:25:50 INFO DAGScheduler: Got job 3 ($anonfun$withThreadLocalCaptured$1 at <unknown>:0) with 4 output partitions
[2025-11-12T15:25:50.345+0000] {subprocess.py:106} INFO - 25/11/12 15:25:50 INFO DAGScheduler: Final stage: ResultStage 4 ($anonfun$withThreadLocalCaptured$1 at <unknown>:0)
[2025-11-12T15:25:50.345+0000] {subprocess.py:106} INFO - 25/11/12 15:25:50 INFO DAGScheduler: Parents of final stage: List()
[2025-11-12T15:25:50.346+0000] {subprocess.py:106} INFO - 25/11/12 15:25:50 INFO DAGScheduler: Missing parents: List()
[2025-11-12T15:25:50.346+0000] {subprocess.py:106} INFO - 25/11/12 15:25:50 INFO DAGScheduler: Submitting ResultStage 4 (MapPartitionsRDD[14] at $anonfun$withThreadLocalCaptured$1 at <unknown>:0), which has no missing parents
[2025-11-12T15:25:50.350+0000] {subprocess.py:106} INFO - 25/11/12 15:25:50 INFO MemoryStore: Block broadcast_7 stored as values in memory (estimated size 13.8 KiB, free 434.3 MiB)
[2025-11-12T15:25:50.361+0000] {subprocess.py:106} INFO - 25/11/12 15:25:50 INFO MemoryStore: Block broadcast_7_piece0 stored as bytes in memory (estimated size 5.5 KiB, free 434.3 MiB)
[2025-11-12T15:25:50.363+0000] {subprocess.py:106} INFO - 25/11/12 15:25:50 INFO BlockManagerInfo: Added broadcast_7_piece0 in memory on 68d0d8c522fe:39779 (size: 5.5 KiB, free: 434.3 MiB)
[2025-11-12T15:25:50.365+0000] {subprocess.py:106} INFO - 25/11/12 15:25:50 INFO SparkContext: Created broadcast 7 from broadcast at DAGScheduler.scala:1585
[2025-11-12T15:25:50.365+0000] {subprocess.py:106} INFO - 25/11/12 15:25:50 INFO DAGScheduler: Submitting 4 missing tasks from ResultStage 4 (MapPartitionsRDD[14] at $anonfun$withThreadLocalCaptured$1 at <unknown>:0) (first 15 tasks are for partitions Vector(0, 1, 2, 3))
[2025-11-12T15:25:50.366+0000] {subprocess.py:106} INFO - 25/11/12 15:25:50 INFO TaskSchedulerImpl: Adding task set 4.0 with 4 tasks resource profile 0
[2025-11-12T15:25:50.389+0000] {subprocess.py:106} INFO - 25/11/12 15:25:50 INFO TaskSetManager: Starting task 0.0 in stage 4.0 (TID 3) (172.30.0.8, executor 0, partition 0, ANY, 15762 bytes)
[2025-11-12T15:25:50.947+0000] {subprocess.py:106} INFO - 25/11/12 15:25:50 INFO BlockManagerInfo: Added broadcast_7_piece0 in memory on 172.30.0.8:39477 (size: 5.5 KiB, free: 434.4 MiB)
[2025-11-12T15:25:51.030+0000] {subprocess.py:106} INFO - 25/11/12 15:25:51 INFO BlockManagerInfo: Added broadcast_6_piece0 in memory on 172.30.0.8:39477 (size: 29.7 KiB, free: 434.4 MiB)
[2025-11-12T15:25:53.147+0000] {subprocess.py:106} INFO - 25/11/12 15:25:53 INFO TaskSetManager: Starting task 1.0 in stage 4.0 (TID 4) (172.30.0.8, executor 0, partition 1, ANY, 15761 bytes)
[2025-11-12T15:25:53.149+0000] {subprocess.py:106} INFO - 25/11/12 15:25:53 INFO TaskSetManager: Finished task 0.0 in stage 4.0 (TID 3) in 2782 ms on 172.30.0.8 (executor 0) (1/4)
[2025-11-12T15:25:53.641+0000] {subprocess.py:106} INFO - 25/11/12 15:25:53 INFO TaskSetManager: Starting task 2.0 in stage 4.0 (TID 5) (172.30.0.8, executor 0, partition 2, ANY, 15762 bytes)
[2025-11-12T15:25:53.643+0000] {subprocess.py:106} INFO - 25/11/12 15:25:53 INFO TaskSetManager: Finished task 1.0 in stage 4.0 (TID 4) in 498 ms on 172.30.0.8 (executor 0) (2/4)
[2025-11-12T15:25:54.085+0000] {subprocess.py:106} INFO - 25/11/12 15:25:54 INFO TaskSetManager: Starting task 3.0 in stage 4.0 (TID 6) (172.30.0.8, executor 0, partition 3, ANY, 14808 bytes)
[2025-11-12T15:25:54.086+0000] {subprocess.py:106} INFO - 25/11/12 15:25:54 INFO TaskSetManager: Finished task 2.0 in stage 4.0 (TID 5) in 447 ms on 172.30.0.8 (executor 0) (3/4)
[2025-11-12T15:25:54.332+0000] {subprocess.py:106} INFO - 25/11/12 15:25:54 INFO TaskSetManager: Finished task 3.0 in stage 4.0 (TID 6) in 248 ms on 172.30.0.8 (executor 0) (4/4)
[2025-11-12T15:25:54.337+0000] {subprocess.py:106} INFO - 25/11/12 15:25:54 INFO TaskSchedulerImpl: Removed TaskSet 4.0, whose tasks have all completed, from pool
[2025-11-12T15:25:54.338+0000] {subprocess.py:106} INFO - 25/11/12 15:25:54 INFO DAGScheduler: ResultStage 4 ($anonfun$withThreadLocalCaptured$1 at <unknown>:0) finished in 3.984 s
[2025-11-12T15:25:54.338+0000] {subprocess.py:106} INFO - 25/11/12 15:25:54 INFO DAGScheduler: Job 3 is finished. Cancelling potential speculative or zombie tasks for this job
[2025-11-12T15:25:54.339+0000] {subprocess.py:106} INFO - 25/11/12 15:25:54 INFO TaskSchedulerImpl: Killing all running tasks in stage 4: Stage finished
[2025-11-12T15:25:54.339+0000] {subprocess.py:106} INFO - 25/11/12 15:25:54 INFO DAGScheduler: Job 3 finished: $anonfun$withThreadLocalCaptured$1 at <unknown>:0, took 3.991669 s
[2025-11-12T15:25:54.366+0000] {subprocess.py:106} INFO - 25/11/12 15:25:54 INFO CodeGenerator: Code generated in 10.395744 ms
[2025-11-12T15:25:54.384+0000] {subprocess.py:106} INFO - 25/11/12 15:25:54 INFO BlockManagerInfo: Removed broadcast_7_piece0 on 68d0d8c522fe:39779 in memory (size: 5.5 KiB, free: 434.3 MiB)
[2025-11-12T15:25:54.384+0000] {subprocess.py:106} INFO - 25/11/12 15:25:54 INFO BlockManagerInfo: Removed broadcast_7_piece0 on 172.30.0.8:39477 in memory (size: 5.5 KiB, free: 434.4 MiB)
[2025-11-12T15:25:54.433+0000] {subprocess.py:106} INFO - 25/11/12 15:25:54 INFO MemoryStore: Block broadcast_8_piece0 stored as bytes in memory (estimated size 235.4 KiB, free 434.0 MiB)
[2025-11-12T15:25:54.434+0000] {subprocess.py:106} INFO - 25/11/12 15:25:54 INFO BlockManagerInfo: Added broadcast_8_piece0 in memory on 68d0d8c522fe:39779 (size: 235.4 KiB, free: 434.1 MiB)
[2025-11-12T15:25:54.436+0000] {subprocess.py:106} INFO - 25/11/12 15:25:54 INFO SparkContext: Created broadcast 8 from $anonfun$withThreadLocalCaptured$1 at <unknown>:0
[2025-11-12T15:25:54.446+0000] {subprocess.py:106} INFO - 25/11/12 15:25:54 INFO FileSourceStrategy: Pushed Filters:
[2025-11-12T15:25:54.447+0000] {subprocess.py:106} INFO - 25/11/12 15:25:54 INFO FileSourceStrategy: Post-Scan Filters:
[2025-11-12T15:25:54.504+0000] {subprocess.py:106} INFO - 25/11/12 15:25:54 INFO CodeGenerator: Code generated in 19.088521 ms
[2025-11-12T15:25:54.512+0000] {subprocess.py:106} INFO - 25/11/12 15:25:54 INFO MemoryStore: Block broadcast_9 stored as values in memory (estimated size 203.1 KiB, free 433.9 MiB)
[2025-11-12T15:25:54.538+0000] {subprocess.py:106} INFO - 25/11/12 15:25:54 INFO MemoryStore: Block broadcast_9_piece0 stored as bytes in memory (estimated size 35.1 KiB, free 433.8 MiB)
[2025-11-12T15:25:54.540+0000] {subprocess.py:106} INFO - 25/11/12 15:25:54 INFO BlockManagerInfo: Added broadcast_9_piece0 in memory on 68d0d8c522fe:39779 (size: 35.1 KiB, free: 434.1 MiB)
[2025-11-12T15:25:54.541+0000] {subprocess.py:106} INFO - 25/11/12 15:25:54 INFO SparkContext: Created broadcast 9 from count at <unknown>:0
[2025-11-12T15:25:54.543+0000] {subprocess.py:106} INFO - 25/11/12 15:25:54 INFO FileSourceScanExec: Planning scan with bin packing, max size: 4194304 bytes, open cost is considered as scanning 4194304 bytes.
[2025-11-12T15:25:54.554+0000] {subprocess.py:106} INFO - 25/11/12 15:25:54 INFO DAGScheduler: Registering RDD 18 (count at <unknown>:0) as input to shuffle 1
[2025-11-12T15:25:54.555+0000] {subprocess.py:106} INFO - 25/11/12 15:25:54 INFO DAGScheduler: Got map stage job 4 (count at <unknown>:0) with 1 output partitions
[2025-11-12T15:25:54.556+0000] {subprocess.py:106} INFO - 25/11/12 15:25:54 INFO DAGScheduler: Final stage: ShuffleMapStage 5 (count at <unknown>:0)
[2025-11-12T15:25:54.559+0000] {subprocess.py:106} INFO - 25/11/12 15:25:54 INFO DAGScheduler: Parents of final stage: List()
[2025-11-12T15:25:54.565+0000] {subprocess.py:106} INFO - 25/11/12 15:25:54 INFO DAGScheduler: Missing parents: List()
[2025-11-12T15:25:54.566+0000] {subprocess.py:106} INFO - 25/11/12 15:25:54 INFO DAGScheduler: Submitting ShuffleMapStage 5 (MapPartitionsRDD[18] at count at <unknown>:0), which has no missing parents
[2025-11-12T15:25:54.567+0000] {subprocess.py:106} INFO - 25/11/12 15:25:54 INFO MemoryStore: Block broadcast_10 stored as values in memory (estimated size 20.1 KiB, free 433.8 MiB)
[2025-11-12T15:25:54.569+0000] {subprocess.py:106} INFO - 25/11/12 15:25:54 INFO MemoryStore: Block broadcast_10_piece0 stored as bytes in memory (estimated size 9.7 KiB, free 433.8 MiB)
[2025-11-12T15:25:54.569+0000] {subprocess.py:106} INFO - 25/11/12 15:25:54 INFO BlockManagerInfo: Added broadcast_10_piece0 in memory on 68d0d8c522fe:39779 (size: 9.7 KiB, free: 434.1 MiB)
[2025-11-12T15:25:54.581+0000] {subprocess.py:106} INFO - 25/11/12 15:25:54 INFO SparkContext: Created broadcast 10 from broadcast at DAGScheduler.scala:1585
[2025-11-12T15:25:54.585+0000] {subprocess.py:106} INFO - 25/11/12 15:25:54 INFO DAGScheduler: Submitting 1 missing tasks from ShuffleMapStage 5 (MapPartitionsRDD[18] at count at <unknown>:0) (first 15 tasks are for partitions Vector(0))
[2025-11-12T15:25:54.586+0000] {subprocess.py:106} INFO - 25/11/12 15:25:54 INFO TaskSchedulerImpl: Adding task set 5.0 with 1 tasks resource profile 0
[2025-11-12T15:25:54.587+0000] {subprocess.py:106} INFO - 25/11/12 15:25:54 INFO TaskSetManager: Starting task 0.0 in stage 5.0 (TID 7) (172.30.0.8, executor 0, partition 0, ANY, 9944 bytes)
[2025-11-12T15:25:54.602+0000] {subprocess.py:106} INFO - 25/11/12 15:25:54 INFO BlockManagerInfo: Added broadcast_10_piece0 in memory on 172.30.0.8:39477 (size: 9.7 KiB, free: 434.4 MiB)
[2025-11-12T15:25:54.650+0000] {subprocess.py:106} INFO - 25/11/12 15:25:54 INFO BlockManagerInfo: Added broadcast_8_piece0 in memory on 172.30.0.8:39477 (size: 235.4 KiB, free: 434.1 MiB)
[2025-11-12T15:25:54.824+0000] {subprocess.py:106} INFO - 25/11/12 15:25:54 INFO BlockManagerInfo: Added broadcast_9_piece0 in memory on 172.30.0.8:39477 (size: 35.1 KiB, free: 434.1 MiB)
[2025-11-12T15:25:54.950+0000] {subprocess.py:106} INFO - 25/11/12 15:25:54 INFO TaskSetManager: Finished task 0.0 in stage 5.0 (TID 7) in 366 ms on 172.30.0.8 (executor 0) (1/1)
[2025-11-12T15:25:54.953+0000] {subprocess.py:106} INFO - 25/11/12 15:25:54 INFO TaskSchedulerImpl: Removed TaskSet 5.0, whose tasks have all completed, from pool
[2025-11-12T15:25:54.954+0000] {subprocess.py:106} INFO - 25/11/12 15:25:54 INFO DAGScheduler: ShuffleMapStage 5 (count at <unknown>:0) finished in 0.391 s
[2025-11-12T15:25:54.955+0000] {subprocess.py:106} INFO - 25/11/12 15:25:54 INFO DAGScheduler: looking for newly runnable stages
[2025-11-12T15:25:54.955+0000] {subprocess.py:106} INFO - 25/11/12 15:25:54 INFO DAGScheduler: running: Set()
[2025-11-12T15:25:54.956+0000] {subprocess.py:106} INFO - 25/11/12 15:25:54 INFO DAGScheduler: waiting: Set()
[2025-11-12T15:25:54.957+0000] {subprocess.py:106} INFO - 25/11/12 15:25:54 INFO DAGScheduler: failed: Set()
[2025-11-12T15:25:54.989+0000] {subprocess.py:106} INFO - 25/11/12 15:25:54 INFO CodeGenerator: Code generated in 15.794728 ms
[2025-11-12T15:25:55.012+0000] {subprocess.py:106} INFO - 25/11/12 15:25:55 INFO SparkContext: Starting job: count at <unknown>:0
[2025-11-12T15:25:55.014+0000] {subprocess.py:106} INFO - 25/11/12 15:25:55 INFO DAGScheduler: Got job 5 (count at <unknown>:0) with 1 output partitions
[2025-11-12T15:25:55.015+0000] {subprocess.py:106} INFO - 25/11/12 15:25:55 INFO DAGScheduler: Final stage: ResultStage 7 (count at <unknown>:0)
[2025-11-12T15:25:55.016+0000] {subprocess.py:106} INFO - 25/11/12 15:25:55 INFO DAGScheduler: Parents of final stage: List(ShuffleMapStage 6)
[2025-11-12T15:25:55.016+0000] {subprocess.py:106} INFO - 25/11/12 15:25:55 INFO DAGScheduler: Missing parents: List()
[2025-11-12T15:25:55.017+0000] {subprocess.py:106} INFO - 25/11/12 15:25:55 INFO DAGScheduler: Submitting ResultStage 7 (MapPartitionsRDD[21] at count at <unknown>:0), which has no missing parents
[2025-11-12T15:25:55.020+0000] {subprocess.py:106} INFO - 25/11/12 15:25:55 INFO MemoryStore: Block broadcast_11 stored as values in memory (estimated size 12.5 KiB, free 433.8 MiB)
[2025-11-12T15:25:55.031+0000] {subprocess.py:106} INFO - 25/11/12 15:25:55 INFO MemoryStore: Block broadcast_11_piece0 stored as bytes in memory (estimated size 5.9 KiB, free 433.8 MiB)
[2025-11-12T15:25:55.032+0000] {subprocess.py:106} INFO - 25/11/12 15:25:55 INFO BlockManagerInfo: Added broadcast_11_piece0 in memory on 68d0d8c522fe:39779 (size: 5.9 KiB, free: 434.1 MiB)
[2025-11-12T15:25:55.037+0000] {subprocess.py:106} INFO - 25/11/12 15:25:55 INFO BlockManagerInfo: Removed broadcast_10_piece0 on 68d0d8c522fe:39779 in memory (size: 9.7 KiB, free: 434.1 MiB)
[2025-11-12T15:25:55.037+0000] {subprocess.py:106} INFO - 25/11/12 15:25:55 INFO SparkContext: Created broadcast 11 from broadcast at DAGScheduler.scala:1585
[2025-11-12T15:25:55.039+0000] {subprocess.py:106} INFO - 25/11/12 15:25:55 INFO DAGScheduler: Submitting 1 missing tasks from ResultStage 7 (MapPartitionsRDD[21] at count at <unknown>:0) (first 15 tasks are for partitions Vector(0))
[2025-11-12T15:25:55.040+0000] {subprocess.py:106} INFO - 25/11/12 15:25:55 INFO TaskSchedulerImpl: Adding task set 7.0 with 1 tasks resource profile 0
[2025-11-12T15:25:55.040+0000] {subprocess.py:106} INFO - 25/11/12 15:25:55 INFO TaskSetManager: Starting task 0.0 in stage 7.0 (TID 8) (172.30.0.8, executor 0, partition 0, NODE_LOCAL, 9331 bytes)
[2025-11-12T15:25:55.045+0000] {subprocess.py:106} INFO - 25/11/12 15:25:55 INFO BlockManagerInfo: Removed broadcast_10_piece0 on 172.30.0.8:39477 in memory (size: 9.7 KiB, free: 434.1 MiB)
[2025-11-12T15:25:55.067+0000] {subprocess.py:106} INFO - 25/11/12 15:25:55 INFO BlockManagerInfo: Added broadcast_11_piece0 in memory on 172.30.0.8:39477 (size: 5.9 KiB, free: 434.1 MiB)
[2025-11-12T15:25:55.094+0000] {subprocess.py:106} INFO - 25/11/12 15:25:55 INFO MapOutputTrackerMasterEndpoint: Asked to send map output locations for shuffle 1 to 172.30.0.8:46140
[2025-11-12T15:25:55.147+0000] {subprocess.py:106} INFO - 25/11/12 15:25:55 INFO TaskSetManager: Finished task 0.0 in stage 7.0 (TID 8) in 108 ms on 172.30.0.8 (executor 0) (1/1)
[2025-11-12T15:25:55.153+0000] {subprocess.py:106} INFO - 25/11/12 15:25:55 INFO TaskSchedulerImpl: Removed TaskSet 7.0, whose tasks have all completed, from pool
[2025-11-12T15:25:55.157+0000] {subprocess.py:106} INFO - 25/11/12 15:25:55 INFO DAGScheduler: ResultStage 7 (count at <unknown>:0) finished in 0.128 s
[2025-11-12T15:25:55.158+0000] {subprocess.py:106} INFO - 25/11/12 15:25:55 INFO DAGScheduler: Job 5 is finished. Cancelling potential speculative or zombie tasks for this job
[2025-11-12T15:25:55.159+0000] {subprocess.py:106} INFO - 25/11/12 15:25:55 INFO TaskSchedulerImpl: Killing all running tasks in stage 7: Stage finished
[2025-11-12T15:25:55.159+0000] {subprocess.py:106} INFO - 25/11/12 15:25:55 INFO DAGScheduler: Job 5 finished: count at <unknown>:0, took 0.136139 s
[2025-11-12T15:25:55.160+0000] {subprocess.py:106} INFO -  New records to append: 132
[2025-11-12T15:25:55.211+0000] {subprocess.py:106} INFO - 25/11/12 15:25:55 INFO V2ScanRelationPushDown:
[2025-11-12T15:25:55.211+0000] {subprocess.py:106} INFO - Pushing operators to hive_catalog.bronze.it_jobs_raw
[2025-11-12T15:25:55.212+0000] {subprocess.py:106} INFO - Pushed Filters: job_link IS NOT NULL
[2025-11-12T15:25:55.213+0000] {subprocess.py:106} INFO - Post-Scan Filters: isnotnull(job_link#66)
[2025-11-12T15:25:55.213+0000] {subprocess.py:106} INFO - 
[2025-11-12T15:25:55.214+0000] {subprocess.py:106} INFO - 25/11/12 15:25:55 INFO V2ScanRelationPushDown:
[2025-11-12T15:25:55.214+0000] {subprocess.py:106} INFO - Output: job_link#66
[2025-11-12T15:25:55.215+0000] {subprocess.py:106} INFO - 
[2025-11-12T15:25:55.215+0000] {subprocess.py:106} INFO - 25/11/12 15:25:55 INFO SnapshotScan: Scanning table hive_catalog.bronze.it_jobs_raw snapshot 3687462850494061843 created at 2025-11-11T10:28:33.523+00:00 with filter job_link IS NOT NULL
[2025-11-12T15:25:55.216+0000] {subprocess.py:106} INFO - 25/11/12 15:25:55 INFO BaseDistributedDataScan: Planning file tasks locally for table hive_catalog.bronze.it_jobs_raw
[2025-11-12T15:25:55.331+0000] {subprocess.py:106} INFO - 25/11/12 15:25:55 INFO SparkPartitioningAwareScan: Reporting UnknownPartitioning with 4 partition(s) for table hive_catalog.bronze.it_jobs_raw
[2025-11-12T15:25:55.343+0000] {subprocess.py:106} INFO - 25/11/12 15:25:55 INFO FileSourceStrategy: Pushed Filters:
[2025-11-12T15:25:55.344+0000] {subprocess.py:106} INFO - 25/11/12 15:25:55 INFO FileSourceStrategy: Post-Scan Filters:
[2025-11-12T15:25:55.348+0000] {subprocess.py:106} INFO - 25/11/12 15:25:55 INFO MemoryStore: Block broadcast_12 stored as values in memory (estimated size 32.0 KiB, free 433.8 MiB)
[2025-11-12T15:25:55.361+0000] {subprocess.py:106} INFO - 25/11/12 15:25:55 INFO MemoryStore: Block broadcast_12_piece0 stored as bytes in memory (estimated size 29.7 KiB, free 433.7 MiB)
[2025-11-12T15:25:55.365+0000] {subprocess.py:106} INFO - 25/11/12 15:25:55 INFO BlockManagerInfo: Added broadcast_12_piece0 in memory on 68d0d8c522fe:39779 (size: 29.7 KiB, free: 434.0 MiB)
[2025-11-12T15:25:55.368+0000] {subprocess.py:106} INFO - 25/11/12 15:25:55 INFO SparkContext: Created broadcast 12 from broadcast at SparkBatch.java:79
[2025-11-12T15:25:55.368+0000] {subprocess.py:106} INFO - 25/11/12 15:25:55 INFO BlockManagerInfo: Removed broadcast_11_piece0 on 68d0d8c522fe:39779 in memory (size: 5.9 KiB, free: 434.0 MiB)
[2025-11-12T15:25:55.381+0000] {subprocess.py:106} INFO - 25/11/12 15:25:55 INFO BlockManagerInfo: Removed broadcast_11_piece0 on 172.30.0.8:39477 in memory (size: 5.9 KiB, free: 434.1 MiB)
[2025-11-12T15:25:55.451+0000] {subprocess.py:106} INFO - 25/11/12 15:25:55 INFO MemoryStore: Block broadcast_13 stored as values in memory (estimated size 32.0 KiB, free 433.7 MiB)
[2025-11-12T15:25:55.456+0000] {subprocess.py:106} INFO - 25/11/12 15:25:55 INFO MemoryStore: Block broadcast_13_piece0 stored as bytes in memory (estimated size 29.7 KiB, free 433.7 MiB)
[2025-11-12T15:25:55.466+0000] {subprocess.py:106} INFO - 25/11/12 15:25:55 INFO BlockManagerInfo: Added broadcast_13_piece0 in memory on 68d0d8c522fe:39779 (size: 29.7 KiB, free: 434.0 MiB)
[2025-11-12T15:25:55.473+0000] {subprocess.py:106} INFO - 25/11/12 15:25:55 INFO SparkContext: Created broadcast 13 from broadcast at SparkBatch.java:79
[2025-11-12T15:25:55.606+0000] {subprocess.py:106} INFO - 25/11/12 15:25:55 INFO SparkContext: Starting job: $anonfun$withThreadLocalCaptured$1 at <unknown>:0
[2025-11-12T15:25:55.609+0000] {subprocess.py:106} INFO - 25/11/12 15:25:55 INFO DAGScheduler: Got job 6 ($anonfun$withThreadLocalCaptured$1 at <unknown>:0) with 4 output partitions
[2025-11-12T15:25:55.611+0000] {subprocess.py:106} INFO - 25/11/12 15:25:55 INFO DAGScheduler: Final stage: ResultStage 8 ($anonfun$withThreadLocalCaptured$1 at <unknown>:0)
[2025-11-12T15:25:55.612+0000] {subprocess.py:106} INFO - 25/11/12 15:25:55 INFO DAGScheduler: Parents of final stage: List()
[2025-11-12T15:25:55.612+0000] {subprocess.py:106} INFO - 25/11/12 15:25:55 INFO DAGScheduler: Missing parents: List()
[2025-11-12T15:25:55.614+0000] {subprocess.py:106} INFO - 25/11/12 15:25:55 INFO DAGScheduler: Submitting ResultStage 8 (MapPartitionsRDD[25] at $anonfun$withThreadLocalCaptured$1 at <unknown>:0), which has no missing parents
[2025-11-12T15:25:55.621+0000] {subprocess.py:106} INFO - 25/11/12 15:25:55 INFO MemoryStore: Block broadcast_14 stored as values in memory (estimated size 13.7 KiB, free 433.7 MiB)
[2025-11-12T15:25:55.652+0000] {subprocess.py:106} INFO - 25/11/12 15:25:55 INFO MemoryStore: Block broadcast_14_piece0 stored as bytes in memory (estimated size 5.5 KiB, free 433.7 MiB)
[2025-11-12T15:25:55.654+0000] {subprocess.py:106} INFO - 25/11/12 15:25:55 INFO BlockManagerInfo: Added broadcast_14_piece0 in memory on 68d0d8c522fe:39779 (size: 5.5 KiB, free: 434.0 MiB)
[2025-11-12T15:25:55.655+0000] {subprocess.py:106} INFO - 25/11/12 15:25:55 INFO SparkContext: Created broadcast 14 from broadcast at DAGScheduler.scala:1585
[2025-11-12T15:25:55.658+0000] {subprocess.py:106} INFO - 25/11/12 15:25:55 INFO DAGScheduler: Submitting 4 missing tasks from ResultStage 8 (MapPartitionsRDD[25] at $anonfun$withThreadLocalCaptured$1 at <unknown>:0) (first 15 tasks are for partitions Vector(0, 1, 2, 3))
[2025-11-12T15:25:55.659+0000] {subprocess.py:106} INFO - 25/11/12 15:25:55 INFO TaskSchedulerImpl: Adding task set 8.0 with 4 tasks resource profile 0
[2025-11-12T15:25:55.664+0000] {subprocess.py:106} INFO - 25/11/12 15:25:55 INFO TaskSetManager: Starting task 0.0 in stage 8.0 (TID 9) (172.30.0.8, executor 0, partition 0, ANY, 15762 bytes)
[2025-11-12T15:25:55.710+0000] {subprocess.py:106} INFO - 25/11/12 15:25:55 INFO BlockManagerInfo: Added broadcast_14_piece0 in memory on 172.30.0.8:39477 (size: 5.5 KiB, free: 434.1 MiB)
[2025-11-12T15:25:55.757+0000] {subprocess.py:106} INFO - 25/11/12 15:25:55 INFO BlockManagerInfo: Added broadcast_13_piece0 in memory on 172.30.0.8:39477 (size: 29.7 KiB, free: 434.1 MiB)
[2025-11-12T15:25:56.285+0000] {subprocess.py:106} INFO - 25/11/12 15:25:56 INFO TaskSetManager: Starting task 1.0 in stage 8.0 (TID 10) (172.30.0.8, executor 0, partition 1, ANY, 15761 bytes)
[2025-11-12T15:25:56.287+0000] {subprocess.py:106} INFO - 25/11/12 15:25:56 INFO TaskSetManager: Finished task 0.0 in stage 8.0 (TID 9) in 628 ms on 172.30.0.8 (executor 0) (1/4)
[2025-11-12T15:25:56.703+0000] {subprocess.py:106} INFO - 25/11/12 15:25:56 INFO TaskSetManager: Starting task 2.0 in stage 8.0 (TID 11) (172.30.0.8, executor 0, partition 2, ANY, 15762 bytes)
[2025-11-12T15:25:56.705+0000] {subprocess.py:106} INFO - 25/11/12 15:25:56 INFO TaskSetManager: Finished task 1.0 in stage 8.0 (TID 10) in 424 ms on 172.30.0.8 (executor 0) (2/4)
[2025-11-12T15:25:57.194+0000] {subprocess.py:106} INFO - 25/11/12 15:25:57 INFO TaskSetManager: Starting task 3.0 in stage 8.0 (TID 12) (172.30.0.8, executor 0, partition 3, ANY, 14808 bytes)
[2025-11-12T15:25:57.197+0000] {subprocess.py:106} INFO - 25/11/12 15:25:57 INFO TaskSetManager: Finished task 2.0 in stage 8.0 (TID 11) in 490 ms on 172.30.0.8 (executor 0) (3/4)
[2025-11-12T15:25:57.385+0000] {subprocess.py:106} INFO - 25/11/12 15:25:57 INFO TaskSetManager: Finished task 3.0 in stage 8.0 (TID 12) in 194 ms on 172.30.0.8 (executor 0) (4/4)
[2025-11-12T15:25:57.389+0000] {subprocess.py:106} INFO - 25/11/12 15:25:57 INFO TaskSchedulerImpl: Removed TaskSet 8.0, whose tasks have all completed, from pool
[2025-11-12T15:25:57.392+0000] {subprocess.py:106} INFO - 25/11/12 15:25:57 INFO DAGScheduler: ResultStage 8 ($anonfun$withThreadLocalCaptured$1 at <unknown>:0) finished in 1.770 s
[2025-11-12T15:25:57.393+0000] {subprocess.py:106} INFO - 25/11/12 15:25:57 INFO DAGScheduler: Job 6 is finished. Cancelling potential speculative or zombie tasks for this job
[2025-11-12T15:25:57.394+0000] {subprocess.py:106} INFO - 25/11/12 15:25:57 INFO TaskSchedulerImpl: Killing all running tasks in stage 8: Stage finished
[2025-11-12T15:25:57.394+0000] {subprocess.py:106} INFO - 25/11/12 15:25:57 INFO DAGScheduler: Job 6 finished: $anonfun$withThreadLocalCaptured$1 at <unknown>:0, took 1.783639 s
[2025-11-12T15:25:57.420+0000] {subprocess.py:106} INFO - 25/11/12 15:25:57 INFO BlockManagerInfo: Removed broadcast_14_piece0 on 68d0d8c522fe:39779 in memory (size: 5.5 KiB, free: 434.0 MiB)
[2025-11-12T15:25:57.428+0000] {subprocess.py:106} INFO - 25/11/12 15:25:57 INFO MemoryStore: Block broadcast_15_piece0 stored as bytes in memory (estimated size 235.0 KiB, free 433.5 MiB)
[2025-11-12T15:25:57.429+0000] {subprocess.py:106} INFO - 25/11/12 15:25:57 INFO BlockManagerInfo: Added broadcast_15_piece0 in memory on 68d0d8c522fe:39779 (size: 235.0 KiB, free: 433.8 MiB)
[2025-11-12T15:25:57.431+0000] {subprocess.py:106} INFO - 25/11/12 15:25:57 INFO SparkContext: Created broadcast 15 from $anonfun$withThreadLocalCaptured$1 at <unknown>:0
[2025-11-12T15:25:57.435+0000] {subprocess.py:106} INFO - 25/11/12 15:25:57 INFO BlockManagerInfo: Removed broadcast_14_piece0 on 172.30.0.8:39477 in memory (size: 5.5 KiB, free: 434.1 MiB)
[2025-11-12T15:25:57.444+0000] {subprocess.py:106} INFO - 25/11/12 15:25:57 INFO FileSourceStrategy: Pushed Filters:
[2025-11-12T15:25:57.445+0000] {subprocess.py:106} INFO - 25/11/12 15:25:57 INFO FileSourceStrategy: Post-Scan Filters:
[2025-11-12T15:25:57.486+0000] {subprocess.py:106} INFO - 25/11/12 15:25:57 INFO MemoryStore: Block broadcast_16 stored as values in memory (estimated size 203.1 KiB, free 433.3 MiB)
[2025-11-12T15:25:57.499+0000] {subprocess.py:106} INFO - 25/11/12 15:25:57 INFO MemoryStore: Block broadcast_16_piece0 stored as bytes in memory (estimated size 35.1 KiB, free 433.2 MiB)
[2025-11-12T15:25:57.500+0000] {subprocess.py:106} INFO - 25/11/12 15:25:57 INFO BlockManagerInfo: Added broadcast_16_piece0 in memory on 68d0d8c522fe:39779 (size: 35.1 KiB, free: 433.8 MiB)
[2025-11-12T15:25:57.500+0000] {subprocess.py:106} INFO - 25/11/12 15:25:57 INFO SparkContext: Created broadcast 16 from count at <unknown>:0
[2025-11-12T15:25:57.503+0000] {subprocess.py:106} INFO - 25/11/12 15:25:57 INFO FileSourceScanExec: Planning scan with bin packing, max size: 4194304 bytes, open cost is considered as scanning 4194304 bytes.
[2025-11-12T15:25:57.511+0000] {subprocess.py:106} INFO - 25/11/12 15:25:57 INFO DAGScheduler: Registering RDD 29 (count at <unknown>:0) as input to shuffle 2
[2025-11-12T15:25:57.512+0000] {subprocess.py:106} INFO - 25/11/12 15:25:57 INFO DAGScheduler: Got map stage job 7 (count at <unknown>:0) with 1 output partitions
[2025-11-12T15:25:57.513+0000] {subprocess.py:106} INFO - 25/11/12 15:25:57 INFO DAGScheduler: Final stage: ShuffleMapStage 9 (count at <unknown>:0)
[2025-11-12T15:25:57.516+0000] {subprocess.py:106} INFO - 25/11/12 15:25:57 INFO DAGScheduler: Parents of final stage: List()
[2025-11-12T15:25:57.516+0000] {subprocess.py:106} INFO - 25/11/12 15:25:57 INFO DAGScheduler: Missing parents: List()
[2025-11-12T15:25:57.518+0000] {subprocess.py:106} INFO - 25/11/12 15:25:57 INFO DAGScheduler: Submitting ShuffleMapStage 9 (MapPartitionsRDD[29] at count at <unknown>:0), which has no missing parents
[2025-11-12T15:25:57.519+0000] {subprocess.py:106} INFO - 25/11/12 15:25:57 INFO MemoryStore: Block broadcast_17 stored as values in memory (estimated size 20.1 KiB, free 433.2 MiB)
[2025-11-12T15:25:57.537+0000] {subprocess.py:106} INFO - 25/11/12 15:25:57 INFO MemoryStore: Block broadcast_17_piece0 stored as bytes in memory (estimated size 9.7 KiB, free 433.2 MiB)
[2025-11-12T15:25:57.538+0000] {subprocess.py:106} INFO - 25/11/12 15:25:57 INFO BlockManagerInfo: Added broadcast_17_piece0 in memory on 68d0d8c522fe:39779 (size: 9.7 KiB, free: 433.7 MiB)
[2025-11-12T15:25:57.541+0000] {subprocess.py:106} INFO - 25/11/12 15:25:57 INFO SparkContext: Created broadcast 17 from broadcast at DAGScheduler.scala:1585
[2025-11-12T15:25:57.542+0000] {subprocess.py:106} INFO - 25/11/12 15:25:57 INFO DAGScheduler: Submitting 1 missing tasks from ShuffleMapStage 9 (MapPartitionsRDD[29] at count at <unknown>:0) (first 15 tasks are for partitions Vector(0))
[2025-11-12T15:25:57.542+0000] {subprocess.py:106} INFO - 25/11/12 15:25:57 INFO TaskSchedulerImpl: Adding task set 9.0 with 1 tasks resource profile 0
[2025-11-12T15:25:57.543+0000] {subprocess.py:106} INFO - 25/11/12 15:25:57 INFO TaskSetManager: Starting task 0.0 in stage 9.0 (TID 13) (172.30.0.8, executor 0, partition 0, ANY, 9944 bytes)
[2025-11-12T15:25:57.558+0000] {subprocess.py:106} INFO - 25/11/12 15:25:57 INFO BlockManagerInfo: Added broadcast_17_piece0 in memory on 172.30.0.8:39477 (size: 9.7 KiB, free: 434.1 MiB)
[2025-11-12T15:25:57.598+0000] {subprocess.py:106} INFO - 25/11/12 15:25:57 INFO BlockManagerInfo: Added broadcast_15_piece0 in memory on 172.30.0.8:39477 (size: 235.0 KiB, free: 433.8 MiB)
[2025-11-12T15:25:57.654+0000] {subprocess.py:106} INFO - 25/11/12 15:25:57 INFO BlockManagerInfo: Added broadcast_16_piece0 in memory on 172.30.0.8:39477 (size: 35.1 KiB, free: 433.8 MiB)
[2025-11-12T15:25:57.770+0000] {subprocess.py:106} INFO - 25/11/12 15:25:57 INFO TaskSetManager: Finished task 0.0 in stage 9.0 (TID 13) in 234 ms on 172.30.0.8 (executor 0) (1/1)
[2025-11-12T15:25:57.771+0000] {subprocess.py:106} INFO - 25/11/12 15:25:57 INFO TaskSchedulerImpl: Removed TaskSet 9.0, whose tasks have all completed, from pool
[2025-11-12T15:25:57.772+0000] {subprocess.py:106} INFO - 25/11/12 15:25:57 INFO DAGScheduler: ShuffleMapStage 9 (count at <unknown>:0) finished in 0.255 s
[2025-11-12T15:25:57.773+0000] {subprocess.py:106} INFO - 25/11/12 15:25:57 INFO DAGScheduler: looking for newly runnable stages
[2025-11-12T15:25:57.773+0000] {subprocess.py:106} INFO - 25/11/12 15:25:57 INFO DAGScheduler: running: Set()
[2025-11-12T15:25:57.774+0000] {subprocess.py:106} INFO - 25/11/12 15:25:57 INFO DAGScheduler: waiting: Set()
[2025-11-12T15:25:57.774+0000] {subprocess.py:106} INFO - 25/11/12 15:25:57 INFO DAGScheduler: failed: Set()
[2025-11-12T15:25:57.809+0000] {subprocess.py:106} INFO - 25/11/12 15:25:57 INFO SparkContext: Starting job: count at <unknown>:0
[2025-11-12T15:25:57.811+0000] {subprocess.py:106} INFO - 25/11/12 15:25:57 INFO DAGScheduler: Got job 8 (count at <unknown>:0) with 1 output partitions
[2025-11-12T15:25:57.812+0000] {subprocess.py:106} INFO - 25/11/12 15:25:57 INFO DAGScheduler: Final stage: ResultStage 11 (count at <unknown>:0)
[2025-11-12T15:25:57.812+0000] {subprocess.py:106} INFO - 25/11/12 15:25:57 INFO DAGScheduler: Parents of final stage: List(ShuffleMapStage 10)
[2025-11-12T15:25:57.813+0000] {subprocess.py:106} INFO - 25/11/12 15:25:57 INFO DAGScheduler: Missing parents: List()
[2025-11-12T15:25:57.817+0000] {subprocess.py:106} INFO - 25/11/12 15:25:57 INFO DAGScheduler: Submitting ResultStage 11 (MapPartitionsRDD[32] at count at <unknown>:0), which has no missing parents
[2025-11-12T15:25:57.821+0000] {subprocess.py:106} INFO - 25/11/12 15:25:57 INFO MemoryStore: Block broadcast_18 stored as values in memory (estimated size 12.5 KiB, free 433.2 MiB)
[2025-11-12T15:25:57.841+0000] {subprocess.py:106} INFO - 25/11/12 15:25:57 INFO MemoryStore: Block broadcast_18_piece0 stored as bytes in memory (estimated size 5.9 KiB, free 433.2 MiB)
[2025-11-12T15:25:57.842+0000] {subprocess.py:106} INFO - 25/11/12 15:25:57 INFO BlockManagerInfo: Added broadcast_18_piece0 in memory on 68d0d8c522fe:39779 (size: 5.9 KiB, free: 433.7 MiB)
[2025-11-12T15:25:57.843+0000] {subprocess.py:106} INFO - 25/11/12 15:25:57 INFO SparkContext: Created broadcast 18 from broadcast at DAGScheduler.scala:1585
[2025-11-12T15:25:57.844+0000] {subprocess.py:106} INFO - 25/11/12 15:25:57 INFO DAGScheduler: Submitting 1 missing tasks from ResultStage 11 (MapPartitionsRDD[32] at count at <unknown>:0) (first 15 tasks are for partitions Vector(0))
[2025-11-12T15:25:57.845+0000] {subprocess.py:106} INFO - 25/11/12 15:25:57 INFO TaskSchedulerImpl: Adding task set 11.0 with 1 tasks resource profile 0
[2025-11-12T15:25:57.846+0000] {subprocess.py:106} INFO - 25/11/12 15:25:57 INFO TaskSetManager: Starting task 0.0 in stage 11.0 (TID 14) (172.30.0.8, executor 0, partition 0, NODE_LOCAL, 9331 bytes)
[2025-11-12T15:25:57.852+0000] {subprocess.py:106} INFO - 25/11/12 15:25:57 INFO BlockManagerInfo: Removed broadcast_17_piece0 on 68d0d8c522fe:39779 in memory (size: 9.7 KiB, free: 433.8 MiB)
[2025-11-12T15:25:57.853+0000] {subprocess.py:106} INFO - 25/11/12 15:25:57 INFO BlockManagerInfo: Removed broadcast_17_piece0 on 172.30.0.8:39477 in memory (size: 9.7 KiB, free: 433.8 MiB)
[2025-11-12T15:25:57.871+0000] {subprocess.py:106} INFO - 25/11/12 15:25:57 INFO BlockManagerInfo: Added broadcast_18_piece0 in memory on 172.30.0.8:39477 (size: 5.9 KiB, free: 433.8 MiB)
[2025-11-12T15:25:57.881+0000] {subprocess.py:106} INFO - 25/11/12 15:25:57 INFO MapOutputTrackerMasterEndpoint: Asked to send map output locations for shuffle 2 to 172.30.0.8:46140
[2025-11-12T15:25:57.947+0000] {subprocess.py:106} INFO - 25/11/12 15:25:57 INFO TaskSetManager: Finished task 0.0 in stage 11.0 (TID 14) in 100 ms on 172.30.0.8 (executor 0) (1/1)
[2025-11-12T15:25:57.949+0000] {subprocess.py:106} INFO - 25/11/12 15:25:57 INFO TaskSchedulerImpl: Removed TaskSet 11.0, whose tasks have all completed, from pool
[2025-11-12T15:25:57.950+0000] {subprocess.py:106} INFO - 25/11/12 15:25:57 INFO BlockManagerInfo: Removed broadcast_5_piece0 on 68d0d8c522fe:39779 in memory (size: 29.7 KiB, free: 433.8 MiB)
[2025-11-12T15:25:57.950+0000] {subprocess.py:106} INFO - 25/11/12 15:25:57 INFO DAGScheduler: ResultStage 11 (count at <unknown>:0) finished in 0.132 s
[2025-11-12T15:25:57.951+0000] {subprocess.py:106} INFO - 25/11/12 15:25:57 INFO DAGScheduler: Job 8 is finished. Cancelling potential speculative or zombie tasks for this job
[2025-11-12T15:25:57.963+0000] {subprocess.py:106} INFO - 25/11/12 15:25:57 INFO TaskSchedulerImpl: Killing all running tasks in stage 11: Stage finished
[2025-11-12T15:25:57.963+0000] {subprocess.py:106} INFO - 25/11/12 15:25:57 INFO DAGScheduler: Job 8 finished: count at <unknown>:0, took 0.153506 s
[2025-11-12T15:25:58.052+0000] {subprocess.py:106} INFO - 25/11/12 15:25:58 INFO V2ScanRelationPushDown:
[2025-11-12T15:25:58.053+0000] {subprocess.py:106} INFO - Pushing operators to hive_catalog.bronze.it_jobs_raw
[2025-11-12T15:25:58.054+0000] {subprocess.py:106} INFO - Pushed Filters: job_link IS NOT NULL
[2025-11-12T15:25:58.055+0000] {subprocess.py:106} INFO - Post-Scan Filters: isnotnull(job_link#66)
[2025-11-12T15:25:58.055+0000] {subprocess.py:106} INFO - 
[2025-11-12T15:25:58.056+0000] {subprocess.py:106} INFO - 25/11/12 15:25:58 INFO V2ScanRelationPushDown:
[2025-11-12T15:25:58.057+0000] {subprocess.py:106} INFO - Output: job_link#66
[2025-11-12T15:25:58.057+0000] {subprocess.py:106} INFO - 
[2025-11-12T15:25:58.058+0000] {subprocess.py:106} INFO - 25/11/12 15:25:58 INFO SnapshotScan: Scanning table hive_catalog.bronze.it_jobs_raw snapshot 3687462850494061843 created at 2025-11-11T10:28:33.523+00:00 with filter job_link IS NOT NULL
[2025-11-12T15:25:58.059+0000] {subprocess.py:106} INFO - 25/11/12 15:25:58 INFO BaseDistributedDataScan: Planning file tasks locally for table hive_catalog.bronze.it_jobs_raw
[2025-11-12T15:25:58.186+0000] {subprocess.py:106} INFO - 25/11/12 15:25:58 INFO SparkPartitioningAwareScan: Reporting UnknownPartitioning with 4 partition(s) for table hive_catalog.bronze.it_jobs_raw
[2025-11-12T15:25:58.230+0000] {subprocess.py:106} INFO - 25/11/12 15:25:58 INFO SparkWrite: Requesting 0 bytes advisory partition size for table hive_catalog.bronze.it_jobs_raw
[2025-11-12T15:25:58.231+0000] {subprocess.py:106} INFO - 25/11/12 15:25:58 INFO SparkWrite: Requesting UnspecifiedDistribution as write distribution for table hive_catalog.bronze.it_jobs_raw
[2025-11-12T15:25:58.232+0000] {subprocess.py:106} INFO - 25/11/12 15:25:58 INFO SparkWrite: Requesting [] as write ordering for table hive_catalog.bronze.it_jobs_raw
[2025-11-12T15:25:58.258+0000] {subprocess.py:106} INFO - 25/11/12 15:25:58 INFO FileSourceStrategy: Pushed Filters:
[2025-11-12T15:25:58.259+0000] {subprocess.py:106} INFO - 25/11/12 15:25:58 INFO FileSourceStrategy: Post-Scan Filters:
[2025-11-12T15:25:58.263+0000] {subprocess.py:106} INFO - 25/11/12 15:25:58 INFO MemoryStore: Block broadcast_19 stored as values in memory (estimated size 32.0 KiB, free 433.2 MiB)
[2025-11-12T15:25:58.277+0000] {subprocess.py:106} INFO - 25/11/12 15:25:58 INFO MemoryStore: Block broadcast_19_piece0 stored as bytes in memory (estimated size 29.7 KiB, free 433.2 MiB)
[2025-11-12T15:25:58.280+0000] {subprocess.py:106} INFO - 25/11/12 15:25:58 INFO BlockManagerInfo: Added broadcast_19_piece0 in memory on 68d0d8c522fe:39779 (size: 29.7 KiB, free: 433.8 MiB)
[2025-11-12T15:25:58.282+0000] {subprocess.py:106} INFO - 25/11/12 15:25:58 INFO SparkContext: Created broadcast 19 from broadcast at SparkBatch.java:79
[2025-11-12T15:25:58.284+0000] {subprocess.py:106} INFO - 25/11/12 15:25:58 INFO BlockManagerInfo: Removed broadcast_18_piece0 on 68d0d8c522fe:39779 in memory (size: 5.9 KiB, free: 433.8 MiB)
[2025-11-12T15:25:58.286+0000] {subprocess.py:106} INFO - 25/11/12 15:25:58 INFO BlockManagerInfo: Removed broadcast_18_piece0 on 172.30.0.8:39477 in memory (size: 5.9 KiB, free: 433.8 MiB)
[2025-11-12T15:25:58.351+0000] {subprocess.py:106} INFO - 25/11/12 15:25:58 INFO MemoryStore: Block broadcast_20 stored as values in memory (estimated size 32.0 KiB, free 433.2 MiB)
[2025-11-12T15:25:58.354+0000] {subprocess.py:106} INFO - 25/11/12 15:25:58 INFO MemoryStore: Block broadcast_20_piece0 stored as bytes in memory (estimated size 29.7 KiB, free 433.2 MiB)
[2025-11-12T15:25:58.356+0000] {subprocess.py:106} INFO - 25/11/12 15:25:58 INFO BlockManagerInfo: Added broadcast_20_piece0 in memory on 68d0d8c522fe:39779 (size: 29.7 KiB, free: 433.7 MiB)
[2025-11-12T15:25:58.358+0000] {subprocess.py:106} INFO - 25/11/12 15:25:58 INFO SparkContext: Created broadcast 20 from broadcast at SparkBatch.java:79
[2025-11-12T15:25:58.453+0000] {subprocess.py:106} INFO - 25/11/12 15:25:58 INFO SparkContext: Starting job: $anonfun$withThreadLocalCaptured$1 at <unknown>:0
[2025-11-12T15:25:58.455+0000] {subprocess.py:106} INFO - 25/11/12 15:25:58 INFO DAGScheduler: Got job 9 ($anonfun$withThreadLocalCaptured$1 at <unknown>:0) with 4 output partitions
[2025-11-12T15:25:58.456+0000] {subprocess.py:106} INFO - 25/11/12 15:25:58 INFO DAGScheduler: Final stage: ResultStage 12 ($anonfun$withThreadLocalCaptured$1 at <unknown>:0)
[2025-11-12T15:25:58.457+0000] {subprocess.py:106} INFO - 25/11/12 15:25:58 INFO DAGScheduler: Parents of final stage: List()
[2025-11-12T15:25:58.458+0000] {subprocess.py:106} INFO - 25/11/12 15:25:58 INFO DAGScheduler: Missing parents: List()
[2025-11-12T15:25:58.458+0000] {subprocess.py:106} INFO - 25/11/12 15:25:58 INFO DAGScheduler: Submitting ResultStage 12 (MapPartitionsRDD[36] at $anonfun$withThreadLocalCaptured$1 at <unknown>:0), which has no missing parents
[2025-11-12T15:25:58.463+0000] {subprocess.py:106} INFO - 25/11/12 15:25:58 INFO MemoryStore: Block broadcast_21 stored as values in memory (estimated size 13.7 KiB, free 433.2 MiB)
[2025-11-12T15:25:58.478+0000] {subprocess.py:106} INFO - 25/11/12 15:25:58 INFO MemoryStore: Block broadcast_21_piece0 stored as bytes in memory (estimated size 5.5 KiB, free 433.2 MiB)
[2025-11-12T15:25:58.483+0000] {subprocess.py:106} INFO - 25/11/12 15:25:58 INFO BlockManagerInfo: Added broadcast_21_piece0 in memory on 68d0d8c522fe:39779 (size: 5.5 KiB, free: 433.7 MiB)
[2025-11-12T15:25:58.484+0000] {subprocess.py:106} INFO - 25/11/12 15:25:58 INFO BlockManagerInfo: Removed broadcast_15_piece0 on 68d0d8c522fe:39779 in memory (size: 235.0 KiB, free: 434.0 MiB)
[2025-11-12T15:25:58.485+0000] {subprocess.py:106} INFO - 25/11/12 15:25:58 INFO SparkContext: Created broadcast 21 from broadcast at DAGScheduler.scala:1585
[2025-11-12T15:25:58.491+0000] {subprocess.py:106} INFO - 25/11/12 15:25:58 INFO DAGScheduler: Submitting 4 missing tasks from ResultStage 12 (MapPartitionsRDD[36] at $anonfun$withThreadLocalCaptured$1 at <unknown>:0) (first 15 tasks are for partitions Vector(0, 1, 2, 3))
[2025-11-12T15:25:58.494+0000] {subprocess.py:106} INFO - 25/11/12 15:25:58 INFO TaskSchedulerImpl: Adding task set 12.0 with 4 tasks resource profile 0
[2025-11-12T15:25:58.503+0000] {subprocess.py:106} INFO - 25/11/12 15:25:58 INFO TaskSetManager: Starting task 0.0 in stage 12.0 (TID 15) (172.30.0.8, executor 0, partition 0, ANY, 15762 bytes)
[2025-11-12T15:25:58.507+0000] {subprocess.py:106} INFO - 25/11/12 15:25:58 INFO BlockManagerInfo: Removed broadcast_15_piece0 on 172.30.0.8:39477 in memory (size: 235.0 KiB, free: 434.0 MiB)
[2025-11-12T15:25:58.533+0000] {subprocess.py:106} INFO - 25/11/12 15:25:58 INFO BlockManagerInfo: Removed broadcast_16_piece0 on 68d0d8c522fe:39779 in memory (size: 35.1 KiB, free: 434.0 MiB)
[2025-11-12T15:25:58.558+0000] {subprocess.py:106} INFO - 25/11/12 15:25:58 INFO BlockManagerInfo: Removed broadcast_16_piece0 on 172.30.0.8:39477 in memory (size: 35.1 KiB, free: 434.1 MiB)
[2025-11-12T15:25:58.567+0000] {subprocess.py:106} INFO - 25/11/12 15:25:58 INFO BlockManagerInfo: Added broadcast_21_piece0 in memory on 172.30.0.8:39477 (size: 5.5 KiB, free: 434.1 MiB)
[2025-11-12T15:25:58.599+0000] {subprocess.py:106} INFO - 25/11/12 15:25:58 INFO BlockManagerInfo: Removed broadcast_6_piece0 on 68d0d8c522fe:39779 in memory (size: 29.7 KiB, free: 434.0 MiB)
[2025-11-12T15:25:58.616+0000] {subprocess.py:106} INFO - 25/11/12 15:25:58 INFO BlockManagerInfo: Removed broadcast_6_piece0 on 172.30.0.8:39477 in memory (size: 29.7 KiB, free: 434.1 MiB)
[2025-11-12T15:25:58.630+0000] {subprocess.py:106} INFO - 25/11/12 15:25:58 INFO BlockManagerInfo: Added broadcast_20_piece0 in memory on 172.30.0.8:39477 (size: 29.7 KiB, free: 434.1 MiB)
[2025-11-12T15:25:58.655+0000] {subprocess.py:106} INFO - 25/11/12 15:25:58 INFO BlockManagerInfo: Removed broadcast_8_piece0 on 68d0d8c522fe:39779 in memory (size: 235.4 KiB, free: 434.2 MiB)
[2025-11-12T15:25:58.660+0000] {subprocess.py:106} INFO - 25/11/12 15:25:58 INFO BlockManagerInfo: Removed broadcast_8_piece0 on 172.30.0.8:39477 in memory (size: 235.4 KiB, free: 434.3 MiB)
[2025-11-12T15:25:58.689+0000] {subprocess.py:106} INFO - 25/11/12 15:25:58 INFO BlockManagerInfo: Removed broadcast_13_piece0 on 68d0d8c522fe:39779 in memory (size: 29.7 KiB, free: 434.3 MiB)
[2025-11-12T15:25:58.705+0000] {subprocess.py:106} INFO - 25/11/12 15:25:58 INFO BlockManagerInfo: Removed broadcast_13_piece0 on 172.30.0.8:39477 in memory (size: 29.7 KiB, free: 434.3 MiB)
[2025-11-12T15:25:58.730+0000] {subprocess.py:106} INFO - 25/11/12 15:25:58 INFO BlockManagerInfo: Removed broadcast_9_piece0 on 68d0d8c522fe:39779 in memory (size: 35.1 KiB, free: 434.3 MiB)
[2025-11-12T15:25:58.733+0000] {subprocess.py:106} INFO - 25/11/12 15:25:58 INFO BlockManagerInfo: Removed broadcast_9_piece0 on 172.30.0.8:39477 in memory (size: 35.1 KiB, free: 434.4 MiB)
[2025-11-12T15:25:58.766+0000] {subprocess.py:106} INFO - 25/11/12 15:25:58 INFO BlockManagerInfo: Removed broadcast_12_piece0 on 68d0d8c522fe:39779 in memory (size: 29.7 KiB, free: 434.3 MiB)
[2025-11-12T15:25:59.261+0000] {subprocess.py:106} INFO - 25/11/12 15:25:59 INFO TaskSetManager: Starting task 1.0 in stage 12.0 (TID 16) (172.30.0.8, executor 0, partition 1, ANY, 15761 bytes)
[2025-11-12T15:25:59.263+0000] {subprocess.py:106} INFO - 25/11/12 15:25:59 INFO TaskSetManager: Finished task 0.0 in stage 12.0 (TID 15) in 765 ms on 172.30.0.8 (executor 0) (1/4)
[2025-11-12T15:25:59.669+0000] {subprocess.py:106} INFO - 25/11/12 15:25:59 INFO TaskSetManager: Starting task 2.0 in stage 12.0 (TID 17) (172.30.0.8, executor 0, partition 2, ANY, 15762 bytes)
[2025-11-12T15:25:59.672+0000] {subprocess.py:106} INFO - 25/11/12 15:25:59 INFO TaskSetManager: Finished task 1.0 in stage 12.0 (TID 16) in 415 ms on 172.30.0.8 (executor 0) (2/4)
[2025-11-12T15:26:00.013+0000] {subprocess.py:106} INFO - 25/11/12 15:26:00 INFO TaskSetManager: Starting task 3.0 in stage 12.0 (TID 18) (172.30.0.8, executor 0, partition 3, ANY, 14808 bytes)
[2025-11-12T15:26:00.014+0000] {subprocess.py:106} INFO - 25/11/12 15:26:00 INFO TaskSetManager: Finished task 2.0 in stage 12.0 (TID 17) in 347 ms on 172.30.0.8 (executor 0) (3/4)
[2025-11-12T15:26:00.194+0000] {subprocess.py:106} INFO - 25/11/12 15:26:00 INFO TaskSetManager: Finished task 3.0 in stage 12.0 (TID 18) in 184 ms on 172.30.0.8 (executor 0) (4/4)
[2025-11-12T15:26:00.200+0000] {subprocess.py:106} INFO - 25/11/12 15:26:00 INFO TaskSchedulerImpl: Removed TaskSet 12.0, whose tasks have all completed, from pool
[2025-11-12T15:26:00.202+0000] {subprocess.py:106} INFO - 25/11/12 15:26:00 INFO DAGScheduler: ResultStage 12 ($anonfun$withThreadLocalCaptured$1 at <unknown>:0) finished in 1.736 s
[2025-11-12T15:26:00.205+0000] {subprocess.py:106} INFO - 25/11/12 15:26:00 INFO DAGScheduler: Job 9 is finished. Cancelling potential speculative or zombie tasks for this job
[2025-11-12T15:26:00.207+0000] {subprocess.py:106} INFO - 25/11/12 15:26:00 INFO TaskSchedulerImpl: Killing all running tasks in stage 12: Stage finished
[2025-11-12T15:26:00.207+0000] {subprocess.py:106} INFO - 25/11/12 15:26:00 INFO DAGScheduler: Job 9 finished: $anonfun$withThreadLocalCaptured$1 at <unknown>:0, took 1.743425 s
[2025-11-12T15:26:00.225+0000] {subprocess.py:106} INFO - 25/11/12 15:26:00 INFO BlockManagerInfo: Removed broadcast_21_piece0 on 68d0d8c522fe:39779 in memory (size: 5.5 KiB, free: 434.3 MiB)
[2025-11-12T15:26:00.227+0000] {subprocess.py:106} INFO - 25/11/12 15:26:00 INFO BlockManagerInfo: Removed broadcast_21_piece0 on 172.30.0.8:39477 in memory (size: 5.5 KiB, free: 434.4 MiB)
[2025-11-12T15:26:00.228+0000] {subprocess.py:106} INFO - 25/11/12 15:26:00 INFO MemoryStore: Block broadcast_22_piece0 stored as bytes in memory (estimated size 235.3 KiB, free 434.0 MiB)
[2025-11-12T15:26:00.229+0000] {subprocess.py:106} INFO - 25/11/12 15:26:00 INFO BlockManagerInfo: Added broadcast_22_piece0 in memory on 68d0d8c522fe:39779 (size: 235.3 KiB, free: 434.1 MiB)
[2025-11-12T15:26:00.233+0000] {subprocess.py:106} INFO - 25/11/12 15:26:00 INFO SparkContext: Created broadcast 22 from $anonfun$withThreadLocalCaptured$1 at <unknown>:0
[2025-11-12T15:26:00.242+0000] {subprocess.py:106} INFO - 25/11/12 15:26:00 INFO FileSourceStrategy: Pushed Filters:
[2025-11-12T15:26:00.245+0000] {subprocess.py:106} INFO - 25/11/12 15:26:00 INFO FileSourceStrategy: Post-Scan Filters:
[2025-11-12T15:26:00.305+0000] {subprocess.py:106} INFO - 25/11/12 15:26:00 INFO CodeGenerator: Code generated in 31.681828 ms
[2025-11-12T15:26:00.311+0000] {subprocess.py:106} INFO - 25/11/12 15:26:00 INFO MemoryStore: Block broadcast_23 stored as values in memory (estimated size 203.1 KiB, free 433.9 MiB)
[2025-11-12T15:26:00.330+0000] {subprocess.py:106} INFO - 25/11/12 15:26:00 INFO MemoryStore: Block broadcast_23_piece0 stored as bytes in memory (estimated size 35.1 KiB, free 433.8 MiB)
[2025-11-12T15:26:00.331+0000] {subprocess.py:106} INFO - 25/11/12 15:26:00 INFO BlockManagerInfo: Added broadcast_23_piece0 in memory on 68d0d8c522fe:39779 (size: 35.1 KiB, free: 434.1 MiB)
[2025-11-12T15:26:00.332+0000] {subprocess.py:106} INFO - 25/11/12 15:26:00 INFO SparkContext: Created broadcast 23 from append at <unknown>:0
[2025-11-12T15:26:00.335+0000] {subprocess.py:106} INFO - 25/11/12 15:26:00 INFO FileSourceScanExec: Planning scan with bin packing, max size: 4194304 bytes, open cost is considered as scanning 4194304 bytes.
[2025-11-12T15:26:00.347+0000] {subprocess.py:106} INFO - 25/11/12 15:26:00 INFO MemoryStore: Block broadcast_24 stored as values in memory (estimated size 32.0 KiB, free 433.8 MiB)
[2025-11-12T15:26:00.350+0000] {subprocess.py:106} INFO - 25/11/12 15:26:00 INFO MemoryStore: Block broadcast_24_piece0 stored as bytes in memory (estimated size 29.7 KiB, free 433.8 MiB)
[2025-11-12T15:26:00.351+0000] {subprocess.py:106} INFO - 25/11/12 15:26:00 INFO BlockManagerInfo: Added broadcast_24_piece0 in memory on 68d0d8c522fe:39779 (size: 29.7 KiB, free: 434.0 MiB)
[2025-11-12T15:26:00.354+0000] {subprocess.py:106} INFO - 25/11/12 15:26:00 INFO SparkContext: Created broadcast 24 from broadcast at SparkWrite.java:193
[2025-11-12T15:26:00.356+0000] {subprocess.py:106} INFO - 25/11/12 15:26:00 INFO AppendDataExec: Start processing data source write support: IcebergBatchWrite(table=hive_catalog.bronze.it_jobs_raw, format=PARQUET). The input RDD has 1 partitions.
[2025-11-12T15:26:00.376+0000] {subprocess.py:106} INFO - 25/11/12 15:26:00 INFO SparkContext: Starting job: append at <unknown>:0
[2025-11-12T15:26:00.377+0000] {subprocess.py:106} INFO - 25/11/12 15:26:00 INFO DAGScheduler: Got job 10 (append at <unknown>:0) with 1 output partitions
[2025-11-12T15:26:00.378+0000] {subprocess.py:106} INFO - 25/11/12 15:26:00 INFO DAGScheduler: Final stage: ResultStage 13 (append at <unknown>:0)
[2025-11-12T15:26:00.379+0000] {subprocess.py:106} INFO - 25/11/12 15:26:00 INFO DAGScheduler: Parents of final stage: List()
[2025-11-12T15:26:00.381+0000] {subprocess.py:106} INFO - 25/11/12 15:26:00 INFO DAGScheduler: Missing parents: List()
[2025-11-12T15:26:00.386+0000] {subprocess.py:106} INFO - 25/11/12 15:26:00 INFO DAGScheduler: Submitting ResultStage 13 (MapPartitionsRDD[39] at append at <unknown>:0), which has no missing parents
[2025-11-12T15:26:00.389+0000] {subprocess.py:106} INFO - 25/11/12 15:26:00 INFO MemoryStore: Block broadcast_25 stored as values in memory (estimated size 22.1 KiB, free 433.7 MiB)
[2025-11-12T15:26:00.390+0000] {subprocess.py:106} INFO - 25/11/12 15:26:00 INFO MemoryStore: Block broadcast_25_piece0 stored as bytes in memory (estimated size 9.8 KiB, free 433.7 MiB)
[2025-11-12T15:26:00.391+0000] {subprocess.py:106} INFO - 25/11/12 15:26:00 INFO BlockManagerInfo: Added broadcast_25_piece0 in memory on 68d0d8c522fe:39779 (size: 9.8 KiB, free: 434.0 MiB)
[2025-11-12T15:26:00.392+0000] {subprocess.py:106} INFO - 25/11/12 15:26:00 INFO SparkContext: Created broadcast 25 from broadcast at DAGScheduler.scala:1585
[2025-11-12T15:26:00.392+0000] {subprocess.py:106} INFO - 25/11/12 15:26:00 INFO DAGScheduler: Submitting 1 missing tasks from ResultStage 13 (MapPartitionsRDD[39] at append at <unknown>:0) (first 15 tasks are for partitions Vector(0))
[2025-11-12T15:26:00.393+0000] {subprocess.py:106} INFO - 25/11/12 15:26:00 INFO TaskSchedulerImpl: Adding task set 13.0 with 1 tasks resource profile 0
[2025-11-12T15:26:00.395+0000] {subprocess.py:106} INFO - 25/11/12 15:26:00 INFO TaskSetManager: Starting task 0.0 in stage 13.0 (TID 19) (172.30.0.8, executor 0, partition 0, ANY, 9955 bytes)
[2025-11-12T15:26:00.417+0000] {subprocess.py:106} INFO - 25/11/12 15:26:00 INFO BlockManagerInfo: Added broadcast_25_piece0 in memory on 172.30.0.8:39477 (size: 9.8 KiB, free: 434.4 MiB)
[2025-11-12T15:26:00.498+0000] {subprocess.py:106} INFO - 25/11/12 15:26:00 INFO BlockManagerInfo: Added broadcast_22_piece0 in memory on 172.30.0.8:39477 (size: 235.3 KiB, free: 434.1 MiB)
[2025-11-12T15:26:00.537+0000] {subprocess.py:106} INFO - 25/11/12 15:26:00 INFO BlockManagerInfo: Added broadcast_24_piece0 in memory on 172.30.0.8:39477 (size: 29.7 KiB, free: 434.1 MiB)
[2025-11-12T15:26:00.774+0000] {subprocess.py:106} INFO - 25/11/12 15:26:00 INFO BlockManagerInfo: Added broadcast_23_piece0 in memory on 172.30.0.8:39477 (size: 35.1 KiB, free: 434.1 MiB)
[2025-11-12T15:26:01.206+0000] {subprocess.py:106} INFO - 25/11/12 15:26:01 INFO TaskSetManager: Finished task 0.0 in stage 13.0 (TID 19) in 804 ms on 172.30.0.8 (executor 0) (1/1)
[2025-11-12T15:26:01.210+0000] {subprocess.py:106} INFO - 25/11/12 15:26:01 INFO DAGScheduler: ResultStage 13 (append at <unknown>:0) finished in 0.817 s
[2025-11-12T15:26:01.211+0000] {subprocess.py:106} INFO - 25/11/12 15:26:01 INFO DAGScheduler: Job 10 is finished. Cancelling potential speculative or zombie tasks for this job
[2025-11-12T15:26:01.212+0000] {subprocess.py:106} INFO - 25/11/12 15:26:01 INFO TaskSchedulerImpl: Removed TaskSet 13.0, whose tasks have all completed, from pool
[2025-11-12T15:26:01.214+0000] {subprocess.py:106} INFO - 25/11/12 15:26:01 INFO TaskSchedulerImpl: Killing all running tasks in stage 13: Stage finished
[2025-11-12T15:26:01.216+0000] {subprocess.py:106} INFO - 25/11/12 15:26:01 INFO DAGScheduler: Job 10 finished: append at <unknown>:0, took 0.832128 s
[2025-11-12T15:26:01.218+0000] {subprocess.py:106} INFO - 25/11/12 15:26:01 INFO AppendDataExec: Data source write support IcebergBatchWrite(table=hive_catalog.bronze.it_jobs_raw, format=PARQUET) is committing.
[2025-11-12T15:26:01.258+0000] {subprocess.py:106} INFO - 25/11/12 15:26:01 INFO SparkWrite: Committing append with 1 new data files to table hive_catalog.bronze.it_jobs_raw
[2025-11-12T15:26:02.090+0000] {subprocess.py:106} INFO - 25/11/12 15:26:02 INFO BlockManagerInfo: Removed broadcast_25_piece0 on 68d0d8c522fe:39779 in memory (size: 9.8 KiB, free: 434.0 MiB)
[2025-11-12T15:26:02.092+0000] {subprocess.py:106} INFO - 25/11/12 15:26:02 INFO BlockManagerInfo: Removed broadcast_25_piece0 on 172.30.0.8:39477 in memory (size: 9.8 KiB, free: 434.1 MiB)
[2025-11-12T15:26:05.201+0000] {subprocess.py:106} INFO - 25/11/12 15:26:05 INFO HiveTableOperations: Committed to table hive_catalog.bronze.it_jobs_raw with the new metadata location hdfs://dinhhoa-master:9000/user/ndh/warehouse/bronze.db/it_jobs_raw/metadata/00014-c7992a9d-19a4-4c41-b1c8-1a161fcfa49d.metadata.json
[2025-11-12T15:26:05.201+0000] {subprocess.py:106} INFO - 25/11/12 15:26:05 INFO BaseMetastoreTableOperations: Successfully committed to table hive_catalog.bronze.it_jobs_raw in 3111 ms
[2025-11-12T15:26:05.202+0000] {subprocess.py:106} INFO - 25/11/12 15:26:05 INFO SnapshotProducer: Committed snapshot 5352840985616303625 (MergeAppend)
[2025-11-12T15:26:05.230+0000] {subprocess.py:106} INFO - 25/11/12 15:26:05 INFO BaseMetastoreTableOperations: Refreshing table metadata from new version: hdfs://dinhhoa-master:9000/user/ndh/warehouse/bronze.db/it_jobs_raw/metadata/00014-c7992a9d-19a4-4c41-b1c8-1a161fcfa49d.metadata.json
[2025-11-12T15:26:05.405+0000] {subprocess.py:106} INFO - 25/11/12 15:26:05 INFO LoggingMetricsReporter: Received metrics report: CommitReport{tableName=hive_catalog.bronze.it_jobs_raw, snapshotId=5352840985616303625, sequenceNumber=15, operation=append, commitMetrics=CommitMetricsResult{totalDuration=TimerResult{timeUnit=NANOSECONDS, totalDuration=PT4.043156827S, count=1}, attempts=CounterResult{unit=COUNT, value=1}, addedDataFiles=CounterResult{unit=COUNT, value=1}, removedDataFiles=null, totalDataFiles=CounterResult{unit=COUNT, value=15}, addedDeleteFiles=null, addedEqualityDeleteFiles=null, addedPositionalDeleteFiles=null, removedDeleteFiles=null, removedEqualityDeleteFiles=null, removedPositionalDeleteFiles=null, totalDeleteFiles=CounterResult{unit=COUNT, value=0}, addedRecords=CounterResult{unit=COUNT, value=132}, removedRecords=null, totalRecords=CounterResult{unit=COUNT, value=4102}, addedFilesSizeInBytes=CounterResult{unit=BYTES, value=16570}, removedFilesSizeInBytes=null, totalFilesSizeInBytes=CounterResult{unit=BYTES, value=276298}, addedPositionalDeletes=null, removedPositionalDeletes=null, totalPositionalDeletes=CounterResult{unit=COUNT, value=0}, addedEqualityDeletes=null, removedEqualityDeletes=null, totalEqualityDeletes=CounterResult{unit=COUNT, value=0}}, metadata={engine-version=3.5.3, app-id=app-20251112152528-0000, engine-name=spark, iceberg-version=Apache Iceberg 1.6.1 (commit 8e9d59d299be42b0bca9461457cd1e95dbaad086)}}
[2025-11-12T15:26:05.407+0000] {subprocess.py:106} INFO - 25/11/12 15:26:05 INFO SparkWrite: Committed in 4127 ms
[2025-11-12T15:26:05.410+0000] {subprocess.py:106} INFO - 25/11/12 15:26:05 INFO AppendDataExec: Data source write support IcebergBatchWrite(table=hive_catalog.bronze.it_jobs_raw, format=PARQUET) committed.
[2025-11-12T15:26:05.411+0000] {subprocess.py:106} INFO -  Loaded into: hive_catalog.bronze.it_jobs_raw
[2025-11-12T15:26:05.411+0000] {subprocess.py:106} INFO - 25/11/12 15:26:05 INFO SparkContext: SparkContext is stopping with exitCode 0.
[2025-11-12T15:26:05.429+0000] {subprocess.py:106} INFO - 25/11/12 15:26:05 INFO SparkUI: Stopped Spark web UI at http://68d0d8c522fe:4040
[2025-11-12T15:26:05.442+0000] {subprocess.py:106} INFO - 25/11/12 15:26:05 INFO StandaloneSchedulerBackend: Shutting down all executors
[2025-11-12T15:26:05.444+0000] {subprocess.py:106} INFO - 25/11/12 15:26:05 INFO StandaloneSchedulerBackend$StandaloneDriverEndpoint: Asking each executor to shut down
[2025-11-12T15:26:05.515+0000] {subprocess.py:106} INFO - 25/11/12 15:26:05 INFO MapOutputTrackerMasterEndpoint: MapOutputTrackerMasterEndpoint stopped!
[2025-11-12T15:26:05.551+0000] {subprocess.py:106} INFO - 25/11/12 15:26:05 INFO MemoryStore: MemoryStore cleared
[2025-11-12T15:26:05.552+0000] {subprocess.py:106} INFO - 25/11/12 15:26:05 INFO BlockManager: BlockManager stopped
[2025-11-12T15:26:05.556+0000] {subprocess.py:106} INFO - 25/11/12 15:26:05 INFO BlockManagerMaster: BlockManagerMaster stopped
[2025-11-12T15:26:05.562+0000] {subprocess.py:106} INFO - 25/11/12 15:26:05 INFO OutputCommitCoordinator$OutputCommitCoordinatorEndpoint: OutputCommitCoordinator stopped!
[2025-11-12T15:26:05.602+0000] {subprocess.py:106} INFO - 25/11/12 15:26:05 INFO SparkContext: Successfully stopped SparkContext
[2025-11-12T15:26:05.780+0000] {subprocess.py:106} INFO - 25/11/12 15:26:05 INFO ShutdownHookManager: Shutdown hook called
[2025-11-12T15:26:05.781+0000] {subprocess.py:106} INFO - 25/11/12 15:26:05 INFO ShutdownHookManager: Deleting directory /tmp/spark-158768a4-d291-409c-bb15-771fbd151f6b
[2025-11-12T15:26:05.785+0000] {subprocess.py:106} INFO - 25/11/12 15:26:05 INFO ShutdownHookManager: Deleting directory /tmp/spark-de438932-ad97-409e-9352-0b5116fd1353
[2025-11-12T15:26:05.789+0000] {subprocess.py:106} INFO - 25/11/12 15:26:05 INFO ShutdownHookManager: Deleting directory /tmp/spark-de438932-ad97-409e-9352-0b5116fd1353/pyspark-54b79f27-6a2e-462b-abf0-2cf3128d9471
[2025-11-12T15:26:05.942+0000] {subprocess.py:110} INFO - Command exited with return code 0
[2025-11-12T15:26:06.051+0000] {taskinstance.py:341} INFO - ::group::Post task execution logs
[2025-11-12T15:26:06.052+0000] {taskinstance.py:353} INFO - Marking task as SUCCESS. dag_id=crawl_etl_itjob, task_id=load_bronze, run_id=scheduled__2025-11-11T02:00:00+00:00, execution_date=20251111T020000, start_date=20251112T152521, end_date=20251112T152606
[2025-11-12T15:26:06.179+0000] {local_task_job_runner.py:266} INFO - Task exited with return code 0
[2025-11-12T15:26:06.250+0000] {taskinstance.py:3901} INFO - 1 downstream tasks scheduled from follow-on schedule check
[2025-11-12T15:26:06.253+0000] {local_task_job_runner.py:245} INFO - ::endgroup::
