[2025-11-22T15:27:37.720+0000] {processor.py:186} INFO - Started process (PID=38) to work on /opt/airflow/dags/Crawl_ETL_ITJob.py
[2025-11-22T15:27:37.721+0000] {processor.py:914} INFO - Processing file /opt/airflow/dags/Crawl_ETL_ITJob.py for tasks to queue
[2025-11-22T15:27:37.724+0000] {logging_mixin.py:190} INFO - [2025-11-22T15:27:37.723+0000] {dagbag.py:588} INFO - Filling up the DagBag from /opt/airflow/dags/Crawl_ETL_ITJob.py
[2025-11-22T15:27:37.770+0000] {processor.py:925} INFO - DAG(s) 'crawl_etl_itjob' retrieved from /opt/airflow/dags/Crawl_ETL_ITJob.py
[2025-11-22T15:27:37.889+0000] {logging_mixin.py:190} INFO - [2025-11-22T15:27:37.888+0000] {dag.py:3239} INFO - Sync 1 DAGs
[2025-11-22T15:27:38.205+0000] {processor.py:208} INFO - Processing /opt/airflow/dags/Crawl_ETL_ITJob.py took 0.505 seconds
[2025-11-22T15:28:08.598+0000] {processor.py:186} INFO - Started process (PID=42) to work on /opt/airflow/dags/Crawl_ETL_ITJob.py
[2025-11-22T15:28:08.599+0000] {processor.py:914} INFO - Processing file /opt/airflow/dags/Crawl_ETL_ITJob.py for tasks to queue
[2025-11-22T15:28:08.601+0000] {logging_mixin.py:190} INFO - [2025-11-22T15:28:08.601+0000] {dagbag.py:588} INFO - Filling up the DagBag from /opt/airflow/dags/Crawl_ETL_ITJob.py
[2025-11-22T15:28:08.630+0000] {processor.py:925} INFO - DAG(s) 'crawl_etl_itjob' retrieved from /opt/airflow/dags/Crawl_ETL_ITJob.py
[2025-11-22T15:28:08.701+0000] {logging_mixin.py:190} INFO - [2025-11-22T15:28:08.701+0000] {dag.py:3239} INFO - Sync 1 DAGs
[2025-11-22T15:28:08.814+0000] {processor.py:208} INFO - Processing /opt/airflow/dags/Crawl_ETL_ITJob.py took 0.230 seconds
[2025-11-22T15:28:39.051+0000] {processor.py:186} INFO - Started process (PID=46) to work on /opt/airflow/dags/Crawl_ETL_ITJob.py
[2025-11-22T15:28:39.051+0000] {processor.py:914} INFO - Processing file /opt/airflow/dags/Crawl_ETL_ITJob.py for tasks to queue
[2025-11-22T15:28:39.053+0000] {logging_mixin.py:190} INFO - [2025-11-22T15:28:39.053+0000] {dagbag.py:588} INFO - Filling up the DagBag from /opt/airflow/dags/Crawl_ETL_ITJob.py
[2025-11-22T15:28:39.073+0000] {processor.py:925} INFO - DAG(s) 'crawl_etl_itjob' retrieved from /opt/airflow/dags/Crawl_ETL_ITJob.py
[2025-11-22T15:28:39.121+0000] {logging_mixin.py:190} INFO - [2025-11-22T15:28:39.121+0000] {dag.py:3239} INFO - Sync 1 DAGs
[2025-11-22T15:28:39.203+0000] {processor.py:208} INFO - Processing /opt/airflow/dags/Crawl_ETL_ITJob.py took 0.158 seconds
[2025-11-22T15:29:09.505+0000] {processor.py:186} INFO - Started process (PID=50) to work on /opt/airflow/dags/Crawl_ETL_ITJob.py
[2025-11-22T15:29:09.505+0000] {processor.py:914} INFO - Processing file /opt/airflow/dags/Crawl_ETL_ITJob.py for tasks to queue
[2025-11-22T15:29:09.508+0000] {logging_mixin.py:190} INFO - [2025-11-22T15:29:09.507+0000] {dagbag.py:588} INFO - Filling up the DagBag from /opt/airflow/dags/Crawl_ETL_ITJob.py
[2025-11-22T15:29:09.536+0000] {processor.py:925} INFO - DAG(s) 'crawl_etl_itjob' retrieved from /opt/airflow/dags/Crawl_ETL_ITJob.py
[2025-11-22T15:29:09.586+0000] {logging_mixin.py:190} INFO - [2025-11-22T15:29:09.586+0000] {dag.py:3239} INFO - Sync 1 DAGs
[2025-11-22T15:29:09.667+0000] {processor.py:208} INFO - Processing /opt/airflow/dags/Crawl_ETL_ITJob.py took 0.170 seconds
[2025-11-22T15:29:39.901+0000] {processor.py:186} INFO - Started process (PID=54) to work on /opt/airflow/dags/Crawl_ETL_ITJob.py
[2025-11-22T15:29:39.902+0000] {processor.py:914} INFO - Processing file /opt/airflow/dags/Crawl_ETL_ITJob.py for tasks to queue
[2025-11-22T15:29:39.904+0000] {logging_mixin.py:190} INFO - [2025-11-22T15:29:39.904+0000] {dagbag.py:588} INFO - Filling up the DagBag from /opt/airflow/dags/Crawl_ETL_ITJob.py
[2025-11-22T15:29:39.928+0000] {processor.py:925} INFO - DAG(s) 'crawl_etl_itjob' retrieved from /opt/airflow/dags/Crawl_ETL_ITJob.py
[2025-11-22T15:29:39.969+0000] {logging_mixin.py:190} INFO - [2025-11-22T15:29:39.969+0000] {dag.py:3239} INFO - Sync 1 DAGs
[2025-11-22T15:29:40.038+0000] {processor.py:208} INFO - Processing /opt/airflow/dags/Crawl_ETL_ITJob.py took 0.144 seconds
[2025-11-22T15:30:11.047+0000] {processor.py:186} INFO - Started process (PID=58) to work on /opt/airflow/dags/Crawl_ETL_ITJob.py
[2025-11-22T15:30:11.048+0000] {processor.py:914} INFO - Processing file /opt/airflow/dags/Crawl_ETL_ITJob.py for tasks to queue
[2025-11-22T15:30:11.050+0000] {logging_mixin.py:190} INFO - [2025-11-22T15:30:11.049+0000] {dagbag.py:588} INFO - Filling up the DagBag from /opt/airflow/dags/Crawl_ETL_ITJob.py
[2025-11-22T15:30:11.075+0000] {processor.py:925} INFO - DAG(s) 'crawl_etl_itjob' retrieved from /opt/airflow/dags/Crawl_ETL_ITJob.py
[2025-11-22T15:30:11.122+0000] {logging_mixin.py:190} INFO - [2025-11-22T15:30:11.122+0000] {dag.py:3239} INFO - Sync 1 DAGs
[2025-11-22T15:30:11.221+0000] {processor.py:208} INFO - Processing /opt/airflow/dags/Crawl_ETL_ITJob.py took 0.179 seconds
[2025-11-22T15:30:41.797+0000] {processor.py:186} INFO - Started process (PID=62) to work on /opt/airflow/dags/Crawl_ETL_ITJob.py
[2025-11-22T15:30:41.798+0000] {processor.py:914} INFO - Processing file /opt/airflow/dags/Crawl_ETL_ITJob.py for tasks to queue
[2025-11-22T15:30:41.801+0000] {logging_mixin.py:190} INFO - [2025-11-22T15:30:41.801+0000] {dagbag.py:588} INFO - Filling up the DagBag from /opt/airflow/dags/Crawl_ETL_ITJob.py
[2025-11-22T15:30:41.837+0000] {processor.py:925} INFO - DAG(s) 'crawl_etl_itjob' retrieved from /opt/airflow/dags/Crawl_ETL_ITJob.py
[2025-11-22T15:30:41.910+0000] {logging_mixin.py:190} INFO - [2025-11-22T15:30:41.910+0000] {dag.py:3239} INFO - Sync 1 DAGs
[2025-11-22T15:30:42.022+0000] {processor.py:208} INFO - Processing /opt/airflow/dags/Crawl_ETL_ITJob.py took 0.237 seconds
[2025-11-22T15:31:12.511+0000] {processor.py:186} INFO - Started process (PID=66) to work on /opt/airflow/dags/Crawl_ETL_ITJob.py
[2025-11-22T15:31:12.512+0000] {processor.py:914} INFO - Processing file /opt/airflow/dags/Crawl_ETL_ITJob.py for tasks to queue
[2025-11-22T15:31:12.514+0000] {logging_mixin.py:190} INFO - [2025-11-22T15:31:12.513+0000] {dagbag.py:588} INFO - Filling up the DagBag from /opt/airflow/dags/Crawl_ETL_ITJob.py
[2025-11-22T15:31:12.550+0000] {processor.py:925} INFO - DAG(s) 'crawl_etl_itjob' retrieved from /opt/airflow/dags/Crawl_ETL_ITJob.py
[2025-11-22T15:31:12.630+0000] {logging_mixin.py:190} INFO - [2025-11-22T15:31:12.630+0000] {dag.py:3239} INFO - Sync 1 DAGs
[2025-11-22T15:31:12.720+0000] {processor.py:208} INFO - Processing /opt/airflow/dags/Crawl_ETL_ITJob.py took 0.218 seconds
[2025-11-22T15:31:42.990+0000] {processor.py:186} INFO - Started process (PID=70) to work on /opt/airflow/dags/Crawl_ETL_ITJob.py
[2025-11-22T15:31:42.990+0000] {processor.py:914} INFO - Processing file /opt/airflow/dags/Crawl_ETL_ITJob.py for tasks to queue
[2025-11-22T15:31:42.992+0000] {logging_mixin.py:190} INFO - [2025-11-22T15:31:42.992+0000] {dagbag.py:588} INFO - Filling up the DagBag from /opt/airflow/dags/Crawl_ETL_ITJob.py
[2025-11-22T15:31:43.021+0000] {processor.py:925} INFO - DAG(s) 'crawl_etl_itjob' retrieved from /opt/airflow/dags/Crawl_ETL_ITJob.py
[2025-11-22T15:31:43.082+0000] {logging_mixin.py:190} INFO - [2025-11-22T15:31:43.082+0000] {dag.py:3239} INFO - Sync 1 DAGs
[2025-11-22T15:31:43.174+0000] {processor.py:208} INFO - Processing /opt/airflow/dags/Crawl_ETL_ITJob.py took 0.192 seconds
[2025-11-22T15:32:13.363+0000] {processor.py:186} INFO - Started process (PID=74) to work on /opt/airflow/dags/Crawl_ETL_ITJob.py
[2025-11-22T15:32:13.366+0000] {processor.py:914} INFO - Processing file /opt/airflow/dags/Crawl_ETL_ITJob.py for tasks to queue
[2025-11-22T15:32:13.370+0000] {logging_mixin.py:190} INFO - [2025-11-22T15:32:13.370+0000] {dagbag.py:588} INFO - Filling up the DagBag from /opt/airflow/dags/Crawl_ETL_ITJob.py
[2025-11-22T15:32:13.430+0000] {processor.py:925} INFO - DAG(s) 'crawl_etl_itjob' retrieved from /opt/airflow/dags/Crawl_ETL_ITJob.py
[2025-11-22T15:32:13.575+0000] {logging_mixin.py:190} INFO - [2025-11-22T15:32:13.574+0000] {dag.py:3239} INFO - Sync 1 DAGs
[2025-11-22T15:32:13.700+0000] {processor.py:208} INFO - Processing /opt/airflow/dags/Crawl_ETL_ITJob.py took 0.350 seconds
[2025-11-22T15:32:44.177+0000] {processor.py:186} INFO - Started process (PID=78) to work on /opt/airflow/dags/Crawl_ETL_ITJob.py
[2025-11-22T15:32:44.177+0000] {processor.py:914} INFO - Processing file /opt/airflow/dags/Crawl_ETL_ITJob.py for tasks to queue
[2025-11-22T15:32:44.178+0000] {logging_mixin.py:190} INFO - [2025-11-22T15:32:44.178+0000] {dagbag.py:588} INFO - Filling up the DagBag from /opt/airflow/dags/Crawl_ETL_ITJob.py
[2025-11-22T15:32:44.203+0000] {processor.py:925} INFO - DAG(s) 'crawl_etl_itjob' retrieved from /opt/airflow/dags/Crawl_ETL_ITJob.py
[2025-11-22T15:32:44.253+0000] {logging_mixin.py:190} INFO - [2025-11-22T15:32:44.253+0000] {dag.py:3239} INFO - Sync 1 DAGs
[2025-11-22T15:32:44.328+0000] {processor.py:208} INFO - Processing /opt/airflow/dags/Crawl_ETL_ITJob.py took 0.158 seconds
[2025-11-22T15:33:14.538+0000] {processor.py:186} INFO - Started process (PID=82) to work on /opt/airflow/dags/Crawl_ETL_ITJob.py
[2025-11-22T15:33:14.539+0000] {processor.py:914} INFO - Processing file /opt/airflow/dags/Crawl_ETL_ITJob.py for tasks to queue
[2025-11-22T15:33:14.541+0000] {logging_mixin.py:190} INFO - [2025-11-22T15:33:14.540+0000] {dagbag.py:588} INFO - Filling up the DagBag from /opt/airflow/dags/Crawl_ETL_ITJob.py
[2025-11-22T15:33:14.563+0000] {processor.py:925} INFO - DAG(s) 'crawl_etl_itjob' retrieved from /opt/airflow/dags/Crawl_ETL_ITJob.py
[2025-11-22T15:33:14.612+0000] {logging_mixin.py:190} INFO - [2025-11-22T15:33:14.611+0000] {dag.py:3239} INFO - Sync 1 DAGs
[2025-11-22T15:33:14.688+0000] {processor.py:208} INFO - Processing /opt/airflow/dags/Crawl_ETL_ITJob.py took 0.158 seconds
[2025-11-22T15:33:45.067+0000] {processor.py:186} INFO - Started process (PID=86) to work on /opt/airflow/dags/Crawl_ETL_ITJob.py
[2025-11-22T15:33:45.070+0000] {processor.py:914} INFO - Processing file /opt/airflow/dags/Crawl_ETL_ITJob.py for tasks to queue
[2025-11-22T15:33:45.073+0000] {logging_mixin.py:190} INFO - [2025-11-22T15:33:45.071+0000] {dagbag.py:588} INFO - Filling up the DagBag from /opt/airflow/dags/Crawl_ETL_ITJob.py
[2025-11-22T15:33:45.127+0000] {processor.py:925} INFO - DAG(s) 'crawl_etl_itjob' retrieved from /opt/airflow/dags/Crawl_ETL_ITJob.py
[2025-11-22T15:33:45.243+0000] {logging_mixin.py:190} INFO - [2025-11-22T15:33:45.243+0000] {dag.py:3239} INFO - Sync 1 DAGs
[2025-11-22T15:33:45.450+0000] {processor.py:208} INFO - Processing /opt/airflow/dags/Crawl_ETL_ITJob.py took 0.391 seconds
[2025-11-22T15:34:16.280+0000] {processor.py:186} INFO - Started process (PID=90) to work on /opt/airflow/dags/Crawl_ETL_ITJob.py
[2025-11-22T15:34:16.281+0000] {processor.py:914} INFO - Processing file /opt/airflow/dags/Crawl_ETL_ITJob.py for tasks to queue
[2025-11-22T15:34:16.282+0000] {logging_mixin.py:190} INFO - [2025-11-22T15:34:16.282+0000] {dagbag.py:588} INFO - Filling up the DagBag from /opt/airflow/dags/Crawl_ETL_ITJob.py
[2025-11-22T15:34:16.305+0000] {processor.py:925} INFO - DAG(s) 'crawl_etl_itjob' retrieved from /opt/airflow/dags/Crawl_ETL_ITJob.py
[2025-11-22T15:34:16.377+0000] {logging_mixin.py:190} INFO - [2025-11-22T15:34:16.376+0000] {dag.py:3239} INFO - Sync 1 DAGs
[2025-11-22T15:34:16.505+0000] {processor.py:208} INFO - Processing /opt/airflow/dags/Crawl_ETL_ITJob.py took 0.231 seconds
[2025-11-22T15:34:47.195+0000] {processor.py:186} INFO - Started process (PID=94) to work on /opt/airflow/dags/Crawl_ETL_ITJob.py
[2025-11-22T15:34:47.196+0000] {processor.py:914} INFO - Processing file /opt/airflow/dags/Crawl_ETL_ITJob.py for tasks to queue
[2025-11-22T15:34:47.198+0000] {logging_mixin.py:190} INFO - [2025-11-22T15:34:47.198+0000] {dagbag.py:588} INFO - Filling up the DagBag from /opt/airflow/dags/Crawl_ETL_ITJob.py
[2025-11-22T15:34:47.237+0000] {processor.py:925} INFO - DAG(s) 'crawl_etl_itjob' retrieved from /opt/airflow/dags/Crawl_ETL_ITJob.py
[2025-11-22T15:34:47.318+0000] {logging_mixin.py:190} INFO - [2025-11-22T15:34:47.318+0000] {dag.py:3239} INFO - Sync 1 DAGs
[2025-11-22T15:34:47.511+0000] {processor.py:208} INFO - Processing /opt/airflow/dags/Crawl_ETL_ITJob.py took 0.324 seconds
[2025-11-22T15:35:18.214+0000] {processor.py:186} INFO - Started process (PID=98) to work on /opt/airflow/dags/Crawl_ETL_ITJob.py
[2025-11-22T15:35:18.216+0000] {processor.py:914} INFO - Processing file /opt/airflow/dags/Crawl_ETL_ITJob.py for tasks to queue
[2025-11-22T15:35:18.219+0000] {logging_mixin.py:190} INFO - [2025-11-22T15:35:18.219+0000] {dagbag.py:588} INFO - Filling up the DagBag from /opt/airflow/dags/Crawl_ETL_ITJob.py
[2025-11-22T15:35:18.260+0000] {processor.py:925} INFO - DAG(s) 'crawl_etl_itjob' retrieved from /opt/airflow/dags/Crawl_ETL_ITJob.py
[2025-11-22T15:35:18.360+0000] {logging_mixin.py:190} INFO - [2025-11-22T15:35:18.360+0000] {dag.py:3239} INFO - Sync 1 DAGs
[2025-11-22T15:35:18.558+0000] {processor.py:208} INFO - Processing /opt/airflow/dags/Crawl_ETL_ITJob.py took 0.358 seconds
[2025-11-22T15:35:48.936+0000] {processor.py:186} INFO - Started process (PID=102) to work on /opt/airflow/dags/Crawl_ETL_ITJob.py
[2025-11-22T15:35:48.936+0000] {processor.py:914} INFO - Processing file /opt/airflow/dags/Crawl_ETL_ITJob.py for tasks to queue
[2025-11-22T15:35:48.937+0000] {logging_mixin.py:190} INFO - [2025-11-22T15:35:48.937+0000] {dagbag.py:588} INFO - Filling up the DagBag from /opt/airflow/dags/Crawl_ETL_ITJob.py
[2025-11-22T15:35:48.954+0000] {processor.py:925} INFO - DAG(s) 'crawl_etl_itjob' retrieved from /opt/airflow/dags/Crawl_ETL_ITJob.py
[2025-11-22T15:35:48.990+0000] {logging_mixin.py:190} INFO - [2025-11-22T15:35:48.990+0000] {dag.py:3239} INFO - Sync 1 DAGs
[2025-11-22T15:35:49.067+0000] {processor.py:208} INFO - Processing /opt/airflow/dags/Crawl_ETL_ITJob.py took 0.137 seconds
[2025-11-22T15:36:19.252+0000] {processor.py:186} INFO - Started process (PID=106) to work on /opt/airflow/dags/Crawl_ETL_ITJob.py
[2025-11-22T15:36:19.253+0000] {processor.py:914} INFO - Processing file /opt/airflow/dags/Crawl_ETL_ITJob.py for tasks to queue
[2025-11-22T15:36:19.256+0000] {logging_mixin.py:190} INFO - [2025-11-22T15:36:19.255+0000] {dagbag.py:588} INFO - Filling up the DagBag from /opt/airflow/dags/Crawl_ETL_ITJob.py
[2025-11-22T15:36:19.289+0000] {processor.py:925} INFO - DAG(s) 'crawl_etl_itjob' retrieved from /opt/airflow/dags/Crawl_ETL_ITJob.py
[2025-11-22T15:36:19.343+0000] {logging_mixin.py:190} INFO - [2025-11-22T15:36:19.342+0000] {dag.py:3239} INFO - Sync 1 DAGs
[2025-11-22T15:36:19.436+0000] {processor.py:208} INFO - Processing /opt/airflow/dags/Crawl_ETL_ITJob.py took 0.194 seconds
[2025-11-22T15:36:49.836+0000] {processor.py:186} INFO - Started process (PID=110) to work on /opt/airflow/dags/Crawl_ETL_ITJob.py
[2025-11-22T15:36:49.837+0000] {processor.py:914} INFO - Processing file /opt/airflow/dags/Crawl_ETL_ITJob.py for tasks to queue
[2025-11-22T15:36:49.838+0000] {logging_mixin.py:190} INFO - [2025-11-22T15:36:49.838+0000] {dagbag.py:588} INFO - Filling up the DagBag from /opt/airflow/dags/Crawl_ETL_ITJob.py
[2025-11-22T15:36:49.859+0000] {processor.py:925} INFO - DAG(s) 'crawl_etl_itjob' retrieved from /opt/airflow/dags/Crawl_ETL_ITJob.py
[2025-11-22T15:36:49.910+0000] {logging_mixin.py:190} INFO - [2025-11-22T15:36:49.909+0000] {dag.py:3239} INFO - Sync 1 DAGs
[2025-11-22T15:36:49.997+0000] {processor.py:208} INFO - Processing /opt/airflow/dags/Crawl_ETL_ITJob.py took 0.166 seconds
[2025-11-22T15:37:20.337+0000] {processor.py:186} INFO - Started process (PID=114) to work on /opt/airflow/dags/Crawl_ETL_ITJob.py
[2025-11-22T15:37:20.338+0000] {processor.py:914} INFO - Processing file /opt/airflow/dags/Crawl_ETL_ITJob.py for tasks to queue
[2025-11-22T15:37:20.339+0000] {logging_mixin.py:190} INFO - [2025-11-22T15:37:20.339+0000] {dagbag.py:588} INFO - Filling up the DagBag from /opt/airflow/dags/Crawl_ETL_ITJob.py
[2025-11-22T15:37:20.357+0000] {processor.py:925} INFO - DAG(s) 'crawl_etl_itjob' retrieved from /opt/airflow/dags/Crawl_ETL_ITJob.py
[2025-11-22T15:37:20.397+0000] {logging_mixin.py:190} INFO - [2025-11-22T15:37:20.397+0000] {dag.py:3239} INFO - Sync 1 DAGs
[2025-11-22T15:37:20.477+0000] {processor.py:208} INFO - Processing /opt/airflow/dags/Crawl_ETL_ITJob.py took 0.145 seconds
[2025-11-22T15:37:50.619+0000] {processor.py:186} INFO - Started process (PID=118) to work on /opt/airflow/dags/Crawl_ETL_ITJob.py
[2025-11-22T15:37:50.620+0000] {processor.py:914} INFO - Processing file /opt/airflow/dags/Crawl_ETL_ITJob.py for tasks to queue
[2025-11-22T15:37:50.621+0000] {logging_mixin.py:190} INFO - [2025-11-22T15:37:50.621+0000] {dagbag.py:588} INFO - Filling up the DagBag from /opt/airflow/dags/Crawl_ETL_ITJob.py
[2025-11-22T15:37:50.640+0000] {processor.py:925} INFO - DAG(s) 'crawl_etl_itjob' retrieved from /opt/airflow/dags/Crawl_ETL_ITJob.py
[2025-11-22T15:37:50.679+0000] {logging_mixin.py:190} INFO - [2025-11-22T15:37:50.679+0000] {dag.py:3239} INFO - Sync 1 DAGs
[2025-11-22T15:37:50.760+0000] {processor.py:208} INFO - Processing /opt/airflow/dags/Crawl_ETL_ITJob.py took 0.147 seconds
[2025-11-22T15:38:21.424+0000] {processor.py:186} INFO - Started process (PID=122) to work on /opt/airflow/dags/Crawl_ETL_ITJob.py
[2025-11-22T15:38:21.425+0000] {processor.py:914} INFO - Processing file /opt/airflow/dags/Crawl_ETL_ITJob.py for tasks to queue
[2025-11-22T15:38:21.426+0000] {logging_mixin.py:190} INFO - [2025-11-22T15:38:21.426+0000] {dagbag.py:588} INFO - Filling up the DagBag from /opt/airflow/dags/Crawl_ETL_ITJob.py
[2025-11-22T15:38:21.446+0000] {processor.py:925} INFO - DAG(s) 'crawl_etl_itjob' retrieved from /opt/airflow/dags/Crawl_ETL_ITJob.py
[2025-11-22T15:38:21.486+0000] {logging_mixin.py:190} INFO - [2025-11-22T15:38:21.486+0000] {dag.py:3239} INFO - Sync 1 DAGs
[2025-11-22T15:38:21.553+0000] {processor.py:208} INFO - Processing /opt/airflow/dags/Crawl_ETL_ITJob.py took 0.136 seconds
[2025-11-22T15:38:52.002+0000] {processor.py:186} INFO - Started process (PID=126) to work on /opt/airflow/dags/Crawl_ETL_ITJob.py
[2025-11-22T15:38:52.003+0000] {processor.py:914} INFO - Processing file /opt/airflow/dags/Crawl_ETL_ITJob.py for tasks to queue
[2025-11-22T15:38:52.004+0000] {logging_mixin.py:190} INFO - [2025-11-22T15:38:52.004+0000] {dagbag.py:588} INFO - Filling up the DagBag from /opt/airflow/dags/Crawl_ETL_ITJob.py
[2025-11-22T15:38:52.035+0000] {processor.py:925} INFO - DAG(s) 'crawl_etl_itjob' retrieved from /opt/airflow/dags/Crawl_ETL_ITJob.py
[2025-11-22T15:38:52.099+0000] {logging_mixin.py:190} INFO - [2025-11-22T15:38:52.099+0000] {dag.py:3239} INFO - Sync 1 DAGs
[2025-11-22T15:38:52.206+0000] {processor.py:208} INFO - Processing /opt/airflow/dags/Crawl_ETL_ITJob.py took 0.213 seconds
[2025-11-22T15:39:22.621+0000] {processor.py:186} INFO - Started process (PID=130) to work on /opt/airflow/dags/Crawl_ETL_ITJob.py
[2025-11-22T15:39:22.622+0000] {processor.py:914} INFO - Processing file /opt/airflow/dags/Crawl_ETL_ITJob.py for tasks to queue
[2025-11-22T15:39:22.625+0000] {logging_mixin.py:190} INFO - [2025-11-22T15:39:22.624+0000] {dagbag.py:588} INFO - Filling up the DagBag from /opt/airflow/dags/Crawl_ETL_ITJob.py
[2025-11-22T15:39:22.654+0000] {processor.py:925} INFO - DAG(s) 'crawl_etl_itjob' retrieved from /opt/airflow/dags/Crawl_ETL_ITJob.py
[2025-11-22T15:39:22.722+0000] {logging_mixin.py:190} INFO - [2025-11-22T15:39:22.722+0000] {dag.py:3239} INFO - Sync 1 DAGs
[2025-11-22T15:39:22.833+0000] {processor.py:208} INFO - Processing /opt/airflow/dags/Crawl_ETL_ITJob.py took 0.220 seconds
[2025-11-22T15:39:52.990+0000] {processor.py:186} INFO - Started process (PID=134) to work on /opt/airflow/dags/Crawl_ETL_ITJob.py
[2025-11-22T15:39:52.991+0000] {processor.py:914} INFO - Processing file /opt/airflow/dags/Crawl_ETL_ITJob.py for tasks to queue
[2025-11-22T15:39:52.992+0000] {logging_mixin.py:190} INFO - [2025-11-22T15:39:52.992+0000] {dagbag.py:588} INFO - Filling up the DagBag from /opt/airflow/dags/Crawl_ETL_ITJob.py
[2025-11-22T15:39:53.011+0000] {processor.py:925} INFO - DAG(s) 'crawl_etl_itjob' retrieved from /opt/airflow/dags/Crawl_ETL_ITJob.py
[2025-11-22T15:39:53.050+0000] {logging_mixin.py:190} INFO - [2025-11-22T15:39:53.049+0000] {dag.py:3239} INFO - Sync 1 DAGs
[2025-11-22T15:39:53.122+0000] {processor.py:208} INFO - Processing /opt/airflow/dags/Crawl_ETL_ITJob.py took 0.137 seconds
[2025-11-22T15:40:23.207+0000] {processor.py:186} INFO - Started process (PID=138) to work on /opt/airflow/dags/Crawl_ETL_ITJob.py
[2025-11-22T15:40:23.208+0000] {processor.py:914} INFO - Processing file /opt/airflow/dags/Crawl_ETL_ITJob.py for tasks to queue
[2025-11-22T15:40:23.210+0000] {logging_mixin.py:190} INFO - [2025-11-22T15:40:23.210+0000] {dagbag.py:588} INFO - Filling up the DagBag from /opt/airflow/dags/Crawl_ETL_ITJob.py
[2025-11-22T15:40:23.227+0000] {processor.py:925} INFO - DAG(s) 'crawl_etl_itjob' retrieved from /opt/airflow/dags/Crawl_ETL_ITJob.py
[2025-11-22T15:40:23.270+0000] {logging_mixin.py:190} INFO - [2025-11-22T15:40:23.269+0000] {dag.py:3239} INFO - Sync 1 DAGs
[2025-11-22T15:40:23.338+0000] {processor.py:208} INFO - Processing /opt/airflow/dags/Crawl_ETL_ITJob.py took 0.138 seconds
[2025-11-22T15:40:53.378+0000] {processor.py:186} INFO - Started process (PID=142) to work on /opt/airflow/dags/Crawl_ETL_ITJob.py
[2025-11-22T15:40:53.380+0000] {processor.py:914} INFO - Processing file /opt/airflow/dags/Crawl_ETL_ITJob.py for tasks to queue
[2025-11-22T15:40:53.381+0000] {logging_mixin.py:190} INFO - [2025-11-22T15:40:53.381+0000] {dagbag.py:588} INFO - Filling up the DagBag from /opt/airflow/dags/Crawl_ETL_ITJob.py
[2025-11-22T15:40:53.399+0000] {processor.py:925} INFO - DAG(s) 'crawl_etl_itjob' retrieved from /opt/airflow/dags/Crawl_ETL_ITJob.py
[2025-11-22T15:40:53.433+0000] {logging_mixin.py:190} INFO - [2025-11-22T15:40:53.432+0000] {dag.py:3239} INFO - Sync 1 DAGs
[2025-11-22T15:40:53.498+0000] {processor.py:208} INFO - Processing /opt/airflow/dags/Crawl_ETL_ITJob.py took 0.126 seconds
[2025-11-22T15:41:23.614+0000] {processor.py:186} INFO - Started process (PID=146) to work on /opt/airflow/dags/Crawl_ETL_ITJob.py
[2025-11-22T15:41:23.615+0000] {processor.py:914} INFO - Processing file /opt/airflow/dags/Crawl_ETL_ITJob.py for tasks to queue
[2025-11-22T15:41:23.617+0000] {logging_mixin.py:190} INFO - [2025-11-22T15:41:23.617+0000] {dagbag.py:588} INFO - Filling up the DagBag from /opt/airflow/dags/Crawl_ETL_ITJob.py
[2025-11-22T15:41:23.649+0000] {processor.py:925} INFO - DAG(s) 'crawl_etl_itjob' retrieved from /opt/airflow/dags/Crawl_ETL_ITJob.py
[2025-11-22T15:41:23.704+0000] {logging_mixin.py:190} INFO - [2025-11-22T15:41:23.704+0000] {dag.py:3239} INFO - Sync 1 DAGs
[2025-11-22T15:41:23.829+0000] {processor.py:208} INFO - Processing /opt/airflow/dags/Crawl_ETL_ITJob.py took 0.224 seconds
[2025-11-22T15:41:53.966+0000] {processor.py:186} INFO - Started process (PID=150) to work on /opt/airflow/dags/Crawl_ETL_ITJob.py
[2025-11-22T15:41:53.972+0000] {processor.py:914} INFO - Processing file /opt/airflow/dags/Crawl_ETL_ITJob.py for tasks to queue
[2025-11-22T15:41:53.982+0000] {logging_mixin.py:190} INFO - [2025-11-22T15:41:53.981+0000] {dagbag.py:588} INFO - Filling up the DagBag from /opt/airflow/dags/Crawl_ETL_ITJob.py
[2025-11-22T15:41:54.025+0000] {processor.py:925} INFO - DAG(s) 'crawl_etl_itjob' retrieved from /opt/airflow/dags/Crawl_ETL_ITJob.py
[2025-11-22T15:41:54.123+0000] {logging_mixin.py:190} INFO - [2025-11-22T15:41:54.123+0000] {dag.py:3239} INFO - Sync 1 DAGs
[2025-11-22T15:41:54.239+0000] {processor.py:208} INFO - Processing /opt/airflow/dags/Crawl_ETL_ITJob.py took 0.298 seconds
[2025-11-22T15:42:24.625+0000] {processor.py:186} INFO - Started process (PID=154) to work on /opt/airflow/dags/Crawl_ETL_ITJob.py
[2025-11-22T15:42:24.626+0000] {processor.py:914} INFO - Processing file /opt/airflow/dags/Crawl_ETL_ITJob.py for tasks to queue
[2025-11-22T15:42:24.629+0000] {logging_mixin.py:190} INFO - [2025-11-22T15:42:24.628+0000] {dagbag.py:588} INFO - Filling up the DagBag from /opt/airflow/dags/Crawl_ETL_ITJob.py
[2025-11-22T15:42:24.668+0000] {processor.py:925} INFO - DAG(s) 'crawl_etl_itjob' retrieved from /opt/airflow/dags/Crawl_ETL_ITJob.py
[2025-11-22T15:42:24.754+0000] {logging_mixin.py:190} INFO - [2025-11-22T15:42:24.753+0000] {dag.py:3239} INFO - Sync 1 DAGs
[2025-11-22T15:42:24.876+0000] {processor.py:208} INFO - Processing /opt/airflow/dags/Crawl_ETL_ITJob.py took 0.262 seconds
[2025-11-22T15:42:55.295+0000] {processor.py:186} INFO - Started process (PID=158) to work on /opt/airflow/dags/Crawl_ETL_ITJob.py
[2025-11-22T15:42:55.296+0000] {processor.py:914} INFO - Processing file /opt/airflow/dags/Crawl_ETL_ITJob.py for tasks to queue
[2025-11-22T15:42:55.299+0000] {logging_mixin.py:190} INFO - [2025-11-22T15:42:55.299+0000] {dagbag.py:588} INFO - Filling up the DagBag from /opt/airflow/dags/Crawl_ETL_ITJob.py
[2025-11-22T15:42:55.336+0000] {processor.py:925} INFO - DAG(s) 'crawl_etl_itjob' retrieved from /opt/airflow/dags/Crawl_ETL_ITJob.py
[2025-11-22T15:42:55.404+0000] {logging_mixin.py:190} INFO - [2025-11-22T15:42:55.404+0000] {dag.py:3239} INFO - Sync 1 DAGs
[2025-11-22T15:42:55.531+0000] {processor.py:208} INFO - Processing /opt/airflow/dags/Crawl_ETL_ITJob.py took 0.252 seconds
[2025-11-22T15:43:25.935+0000] {processor.py:186} INFO - Started process (PID=162) to work on /opt/airflow/dags/Crawl_ETL_ITJob.py
[2025-11-22T15:43:25.936+0000] {processor.py:914} INFO - Processing file /opt/airflow/dags/Crawl_ETL_ITJob.py for tasks to queue
[2025-11-22T15:43:25.939+0000] {logging_mixin.py:190} INFO - [2025-11-22T15:43:25.938+0000] {dagbag.py:588} INFO - Filling up the DagBag from /opt/airflow/dags/Crawl_ETL_ITJob.py
[2025-11-22T15:43:25.983+0000] {processor.py:925} INFO - DAG(s) 'crawl_etl_itjob' retrieved from /opt/airflow/dags/Crawl_ETL_ITJob.py
[2025-11-22T15:43:26.049+0000] {logging_mixin.py:190} INFO - [2025-11-22T15:43:26.048+0000] {dag.py:3239} INFO - Sync 1 DAGs
[2025-11-22T15:43:26.152+0000] {processor.py:208} INFO - Processing /opt/airflow/dags/Crawl_ETL_ITJob.py took 0.230 seconds
[2025-11-22T15:43:56.213+0000] {processor.py:186} INFO - Started process (PID=166) to work on /opt/airflow/dags/Crawl_ETL_ITJob.py
[2025-11-22T15:43:56.214+0000] {processor.py:914} INFO - Processing file /opt/airflow/dags/Crawl_ETL_ITJob.py for tasks to queue
[2025-11-22T15:43:56.215+0000] {logging_mixin.py:190} INFO - [2025-11-22T15:43:56.215+0000] {dagbag.py:588} INFO - Filling up the DagBag from /opt/airflow/dags/Crawl_ETL_ITJob.py
[2025-11-22T15:43:56.240+0000] {processor.py:925} INFO - DAG(s) 'crawl_etl_itjob' retrieved from /opt/airflow/dags/Crawl_ETL_ITJob.py
[2025-11-22T15:43:56.281+0000] {logging_mixin.py:190} INFO - [2025-11-22T15:43:56.280+0000] {dag.py:3239} INFO - Sync 1 DAGs
[2025-11-22T15:43:56.342+0000] {processor.py:208} INFO - Processing /opt/airflow/dags/Crawl_ETL_ITJob.py took 0.135 seconds
[2025-11-22T15:44:29.552+0000] {processor.py:186} INFO - Started process (PID=170) to work on /opt/airflow/dags/Crawl_ETL_ITJob.py
[2025-11-22T15:44:29.553+0000] {processor.py:914} INFO - Processing file /opt/airflow/dags/Crawl_ETL_ITJob.py for tasks to queue
[2025-11-22T15:44:29.557+0000] {logging_mixin.py:190} INFO - [2025-11-22T15:44:29.556+0000] {dagbag.py:588} INFO - Filling up the DagBag from /opt/airflow/dags/Crawl_ETL_ITJob.py
[2025-11-22T15:44:29.604+0000] {processor.py:925} INFO - DAG(s) 'crawl_etl_itjob' retrieved from /opt/airflow/dags/Crawl_ETL_ITJob.py
[2025-11-22T15:44:29.673+0000] {logging_mixin.py:190} INFO - [2025-11-22T15:44:29.673+0000] {dag.py:3239} INFO - Sync 1 DAGs
[2025-11-22T15:44:29.773+0000] {processor.py:208} INFO - Processing /opt/airflow/dags/Crawl_ETL_ITJob.py took 0.232 seconds
[2025-11-22T15:45:02.056+0000] {processor.py:186} INFO - Started process (PID=174) to work on /opt/airflow/dags/Crawl_ETL_ITJob.py
[2025-11-22T15:45:02.057+0000] {processor.py:914} INFO - Processing file /opt/airflow/dags/Crawl_ETL_ITJob.py for tasks to queue
[2025-11-22T15:45:02.059+0000] {logging_mixin.py:190} INFO - [2025-11-22T15:45:02.058+0000] {dagbag.py:588} INFO - Filling up the DagBag from /opt/airflow/dags/Crawl_ETL_ITJob.py
[2025-11-22T15:45:02.076+0000] {processor.py:925} INFO - DAG(s) 'crawl_etl_itjob' retrieved from /opt/airflow/dags/Crawl_ETL_ITJob.py
[2025-11-22T15:45:02.114+0000] {logging_mixin.py:190} INFO - [2025-11-22T15:45:02.114+0000] {dag.py:3239} INFO - Sync 1 DAGs
[2025-11-22T15:45:02.191+0000] {processor.py:208} INFO - Processing /opt/airflow/dags/Crawl_ETL_ITJob.py took 0.141 seconds
[2025-11-22T15:45:32.469+0000] {processor.py:186} INFO - Started process (PID=178) to work on /opt/airflow/dags/Crawl_ETL_ITJob.py
[2025-11-22T15:45:32.469+0000] {processor.py:914} INFO - Processing file /opt/airflow/dags/Crawl_ETL_ITJob.py for tasks to queue
[2025-11-22T15:45:32.471+0000] {logging_mixin.py:190} INFO - [2025-11-22T15:45:32.471+0000] {dagbag.py:588} INFO - Filling up the DagBag from /opt/airflow/dags/Crawl_ETL_ITJob.py
[2025-11-22T15:45:32.495+0000] {processor.py:925} INFO - DAG(s) 'crawl_etl_itjob' retrieved from /opt/airflow/dags/Crawl_ETL_ITJob.py
[2025-11-22T15:45:32.543+0000] {logging_mixin.py:190} INFO - [2025-11-22T15:45:32.543+0000] {dag.py:3239} INFO - Sync 1 DAGs
[2025-11-22T15:45:32.623+0000] {processor.py:208} INFO - Processing /opt/airflow/dags/Crawl_ETL_ITJob.py took 0.163 seconds
[2025-11-22T15:46:03.778+0000] {processor.py:186} INFO - Started process (PID=182) to work on /opt/airflow/dags/Crawl_ETL_ITJob.py
[2025-11-22T15:46:03.779+0000] {processor.py:914} INFO - Processing file /opt/airflow/dags/Crawl_ETL_ITJob.py for tasks to queue
[2025-11-22T15:46:03.781+0000] {logging_mixin.py:190} INFO - [2025-11-22T15:46:03.781+0000] {dagbag.py:588} INFO - Filling up the DagBag from /opt/airflow/dags/Crawl_ETL_ITJob.py
[2025-11-22T15:46:03.808+0000] {processor.py:925} INFO - DAG(s) 'crawl_etl_itjob' retrieved from /opt/airflow/dags/Crawl_ETL_ITJob.py
[2025-11-22T15:46:03.872+0000] {logging_mixin.py:190} INFO - [2025-11-22T15:46:03.872+0000] {dag.py:3239} INFO - Sync 1 DAGs
[2025-11-22T15:46:03.972+0000] {processor.py:208} INFO - Processing /opt/airflow/dags/Crawl_ETL_ITJob.py took 0.202 seconds
[2025-11-22T15:46:34.779+0000] {processor.py:186} INFO - Started process (PID=186) to work on /opt/airflow/dags/Crawl_ETL_ITJob.py
[2025-11-22T15:46:34.780+0000] {processor.py:914} INFO - Processing file /opt/airflow/dags/Crawl_ETL_ITJob.py for tasks to queue
[2025-11-22T15:46:34.784+0000] {logging_mixin.py:190} INFO - [2025-11-22T15:46:34.784+0000] {dagbag.py:588} INFO - Filling up the DagBag from /opt/airflow/dags/Crawl_ETL_ITJob.py
[2025-11-22T15:46:34.819+0000] {processor.py:925} INFO - DAG(s) 'crawl_etl_itjob' retrieved from /opt/airflow/dags/Crawl_ETL_ITJob.py
[2025-11-22T15:46:34.897+0000] {logging_mixin.py:190} INFO - [2025-11-22T15:46:34.897+0000] {dag.py:3239} INFO - Sync 1 DAGs
[2025-11-22T15:46:35.011+0000] {processor.py:208} INFO - Processing /opt/airflow/dags/Crawl_ETL_ITJob.py took 0.243 seconds
[2025-11-22T15:47:05.504+0000] {processor.py:186} INFO - Started process (PID=190) to work on /opt/airflow/dags/Crawl_ETL_ITJob.py
[2025-11-22T15:47:05.505+0000] {processor.py:914} INFO - Processing file /opt/airflow/dags/Crawl_ETL_ITJob.py for tasks to queue
[2025-11-22T15:47:05.507+0000] {logging_mixin.py:190} INFO - [2025-11-22T15:47:05.506+0000] {dagbag.py:588} INFO - Filling up the DagBag from /opt/airflow/dags/Crawl_ETL_ITJob.py
[2025-11-22T15:47:05.536+0000] {processor.py:925} INFO - DAG(s) 'crawl_etl_itjob' retrieved from /opt/airflow/dags/Crawl_ETL_ITJob.py
[2025-11-22T15:47:05.590+0000] {logging_mixin.py:190} INFO - [2025-11-22T15:47:05.589+0000] {dag.py:3239} INFO - Sync 1 DAGs
[2025-11-22T15:47:05.717+0000] {processor.py:208} INFO - Processing /opt/airflow/dags/Crawl_ETL_ITJob.py took 0.221 seconds
[2025-11-22T15:47:36.245+0000] {processor.py:186} INFO - Started process (PID=194) to work on /opt/airflow/dags/Crawl_ETL_ITJob.py
[2025-11-22T15:47:36.246+0000] {processor.py:914} INFO - Processing file /opt/airflow/dags/Crawl_ETL_ITJob.py for tasks to queue
[2025-11-22T15:47:36.249+0000] {logging_mixin.py:190} INFO - [2025-11-22T15:47:36.248+0000] {dagbag.py:588} INFO - Filling up the DagBag from /opt/airflow/dags/Crawl_ETL_ITJob.py
[2025-11-22T15:47:36.281+0000] {processor.py:925} INFO - DAG(s) 'crawl_etl_itjob' retrieved from /opt/airflow/dags/Crawl_ETL_ITJob.py
[2025-11-22T15:47:36.356+0000] {logging_mixin.py:190} INFO - [2025-11-22T15:47:36.356+0000] {dag.py:3239} INFO - Sync 1 DAGs
[2025-11-22T15:47:36.480+0000] {processor.py:208} INFO - Processing /opt/airflow/dags/Crawl_ETL_ITJob.py took 0.246 seconds
[2025-11-22T15:48:06.692+0000] {processor.py:186} INFO - Started process (PID=198) to work on /opt/airflow/dags/Crawl_ETL_ITJob.py
[2025-11-22T15:48:06.692+0000] {processor.py:914} INFO - Processing file /opt/airflow/dags/Crawl_ETL_ITJob.py for tasks to queue
[2025-11-22T15:48:06.695+0000] {logging_mixin.py:190} INFO - [2025-11-22T15:48:06.694+0000] {dagbag.py:588} INFO - Filling up the DagBag from /opt/airflow/dags/Crawl_ETL_ITJob.py
[2025-11-22T15:48:06.719+0000] {processor.py:925} INFO - DAG(s) 'crawl_etl_itjob' retrieved from /opt/airflow/dags/Crawl_ETL_ITJob.py
[2025-11-22T15:48:06.766+0000] {logging_mixin.py:190} INFO - [2025-11-22T15:48:06.766+0000] {dag.py:3239} INFO - Sync 1 DAGs
[2025-11-22T15:48:06.853+0000] {processor.py:208} INFO - Processing /opt/airflow/dags/Crawl_ETL_ITJob.py took 0.168 seconds
[2025-11-22T15:48:39.059+0000] {processor.py:186} INFO - Started process (PID=202) to work on /opt/airflow/dags/Crawl_ETL_ITJob.py
[2025-11-22T15:48:39.060+0000] {processor.py:914} INFO - Processing file /opt/airflow/dags/Crawl_ETL_ITJob.py for tasks to queue
[2025-11-22T15:48:39.061+0000] {logging_mixin.py:190} INFO - [2025-11-22T15:48:39.061+0000] {dagbag.py:588} INFO - Filling up the DagBag from /opt/airflow/dags/Crawl_ETL_ITJob.py
[2025-11-22T15:48:39.088+0000] {processor.py:925} INFO - DAG(s) 'crawl_etl_itjob' retrieved from /opt/airflow/dags/Crawl_ETL_ITJob.py
[2025-11-22T15:48:39.142+0000] {logging_mixin.py:190} INFO - [2025-11-22T15:48:39.142+0000] {dag.py:3239} INFO - Sync 1 DAGs
[2025-11-22T15:48:39.243+0000] {processor.py:208} INFO - Processing /opt/airflow/dags/Crawl_ETL_ITJob.py took 0.192 seconds
[2025-11-22T15:49:12.467+0000] {processor.py:186} INFO - Started process (PID=206) to work on /opt/airflow/dags/Crawl_ETL_ITJob.py
[2025-11-22T15:49:12.467+0000] {processor.py:914} INFO - Processing file /opt/airflow/dags/Crawl_ETL_ITJob.py for tasks to queue
[2025-11-22T15:49:12.469+0000] {logging_mixin.py:190} INFO - [2025-11-22T15:49:12.468+0000] {dagbag.py:588} INFO - Filling up the DagBag from /opt/airflow/dags/Crawl_ETL_ITJob.py
[2025-11-22T15:49:12.492+0000] {processor.py:925} INFO - DAG(s) 'crawl_etl_itjob' retrieved from /opt/airflow/dags/Crawl_ETL_ITJob.py
[2025-11-22T15:49:12.592+0000] {logging_mixin.py:190} INFO - [2025-11-22T15:49:12.583+0000] {dag.py:3239} INFO - Sync 1 DAGs
[2025-11-22T15:49:12.737+0000] {processor.py:208} INFO - Processing /opt/airflow/dags/Crawl_ETL_ITJob.py took 0.276 seconds
[2025-11-22T15:49:43.092+0000] {processor.py:186} INFO - Started process (PID=210) to work on /opt/airflow/dags/Crawl_ETL_ITJob.py
[2025-11-22T15:49:43.093+0000] {processor.py:914} INFO - Processing file /opt/airflow/dags/Crawl_ETL_ITJob.py for tasks to queue
[2025-11-22T15:49:43.094+0000] {logging_mixin.py:190} INFO - [2025-11-22T15:49:43.094+0000] {dagbag.py:588} INFO - Filling up the DagBag from /opt/airflow/dags/Crawl_ETL_ITJob.py
[2025-11-22T15:49:43.111+0000] {processor.py:925} INFO - DAG(s) 'crawl_etl_itjob' retrieved from /opt/airflow/dags/Crawl_ETL_ITJob.py
[2025-11-22T15:49:43.148+0000] {logging_mixin.py:190} INFO - [2025-11-22T15:49:43.148+0000] {dag.py:3239} INFO - Sync 1 DAGs
[2025-11-22T15:49:43.243+0000] {processor.py:208} INFO - Processing /opt/airflow/dags/Crawl_ETL_ITJob.py took 0.159 seconds
[2025-11-22T15:50:13.389+0000] {processor.py:186} INFO - Started process (PID=214) to work on /opt/airflow/dags/Crawl_ETL_ITJob.py
[2025-11-22T15:50:13.390+0000] {processor.py:914} INFO - Processing file /opt/airflow/dags/Crawl_ETL_ITJob.py for tasks to queue
[2025-11-22T15:50:13.392+0000] {logging_mixin.py:190} INFO - [2025-11-22T15:50:13.392+0000] {dagbag.py:588} INFO - Filling up the DagBag from /opt/airflow/dags/Crawl_ETL_ITJob.py
[2025-11-22T15:50:13.417+0000] {processor.py:925} INFO - DAG(s) 'crawl_etl_itjob' retrieved from /opt/airflow/dags/Crawl_ETL_ITJob.py
[2025-11-22T15:50:13.468+0000] {logging_mixin.py:190} INFO - [2025-11-22T15:50:13.468+0000] {dag.py:3239} INFO - Sync 1 DAGs
[2025-11-22T15:50:13.557+0000] {processor.py:208} INFO - Processing /opt/airflow/dags/Crawl_ETL_ITJob.py took 0.175 seconds
[2025-11-22T15:50:44.186+0000] {processor.py:186} INFO - Started process (PID=218) to work on /opt/airflow/dags/Crawl_ETL_ITJob.py
[2025-11-22T15:50:44.187+0000] {processor.py:914} INFO - Processing file /opt/airflow/dags/Crawl_ETL_ITJob.py for tasks to queue
[2025-11-22T15:50:44.188+0000] {logging_mixin.py:190} INFO - [2025-11-22T15:50:44.188+0000] {dagbag.py:588} INFO - Filling up the DagBag from /opt/airflow/dags/Crawl_ETL_ITJob.py
[2025-11-22T15:50:44.215+0000] {processor.py:925} INFO - DAG(s) 'crawl_etl_itjob' retrieved from /opt/airflow/dags/Crawl_ETL_ITJob.py
[2025-11-22T15:50:44.278+0000] {logging_mixin.py:190} INFO - [2025-11-22T15:50:44.277+0000] {dag.py:3239} INFO - Sync 1 DAGs
[2025-11-22T15:50:44.378+0000] {processor.py:208} INFO - Processing /opt/airflow/dags/Crawl_ETL_ITJob.py took 0.200 seconds
[2025-11-22T15:51:15.979+0000] {processor.py:186} INFO - Started process (PID=222) to work on /opt/airflow/dags/Crawl_ETL_ITJob.py
[2025-11-22T15:51:15.980+0000] {processor.py:914} INFO - Processing file /opt/airflow/dags/Crawl_ETL_ITJob.py for tasks to queue
[2025-11-22T15:51:15.984+0000] {logging_mixin.py:190} INFO - [2025-11-22T15:51:15.983+0000] {dagbag.py:588} INFO - Filling up the DagBag from /opt/airflow/dags/Crawl_ETL_ITJob.py
[2025-11-22T15:51:16.030+0000] {processor.py:925} INFO - DAG(s) 'crawl_etl_itjob' retrieved from /opt/airflow/dags/Crawl_ETL_ITJob.py
[2025-11-22T15:51:16.151+0000] {logging_mixin.py:190} INFO - [2025-11-22T15:51:16.150+0000] {dag.py:3239} INFO - Sync 1 DAGs
[2025-11-22T15:51:16.295+0000] {processor.py:208} INFO - Processing /opt/airflow/dags/Crawl_ETL_ITJob.py took 0.326 seconds
[2025-11-22T15:51:46.479+0000] {processor.py:186} INFO - Started process (PID=226) to work on /opt/airflow/dags/Crawl_ETL_ITJob.py
[2025-11-22T15:51:46.479+0000] {processor.py:914} INFO - Processing file /opt/airflow/dags/Crawl_ETL_ITJob.py for tasks to queue
[2025-11-22T15:51:46.481+0000] {logging_mixin.py:190} INFO - [2025-11-22T15:51:46.481+0000] {dagbag.py:588} INFO - Filling up the DagBag from /opt/airflow/dags/Crawl_ETL_ITJob.py
[2025-11-22T15:51:46.505+0000] {processor.py:925} INFO - DAG(s) 'crawl_etl_itjob' retrieved from /opt/airflow/dags/Crawl_ETL_ITJob.py
[2025-11-22T15:51:46.559+0000] {logging_mixin.py:190} INFO - [2025-11-22T15:51:46.559+0000] {dag.py:3239} INFO - Sync 1 DAGs
[2025-11-22T15:51:46.645+0000] {processor.py:208} INFO - Processing /opt/airflow/dags/Crawl_ETL_ITJob.py took 0.172 seconds
[2025-11-22T15:52:16.726+0000] {processor.py:186} INFO - Started process (PID=230) to work on /opt/airflow/dags/Crawl_ETL_ITJob.py
[2025-11-22T15:52:16.727+0000] {processor.py:914} INFO - Processing file /opt/airflow/dags/Crawl_ETL_ITJob.py for tasks to queue
[2025-11-22T15:52:16.728+0000] {logging_mixin.py:190} INFO - [2025-11-22T15:52:16.728+0000] {dagbag.py:588} INFO - Filling up the DagBag from /opt/airflow/dags/Crawl_ETL_ITJob.py
[2025-11-22T15:52:16.756+0000] {processor.py:925} INFO - DAG(s) 'crawl_etl_itjob' retrieved from /opt/airflow/dags/Crawl_ETL_ITJob.py
[2025-11-22T15:52:16.813+0000] {logging_mixin.py:190} INFO - [2025-11-22T15:52:16.813+0000] {dag.py:3239} INFO - Sync 1 DAGs
[2025-11-22T15:52:16.928+0000] {processor.py:208} INFO - Processing /opt/airflow/dags/Crawl_ETL_ITJob.py took 0.209 seconds
[2025-11-22T15:52:49.246+0000] {processor.py:186} INFO - Started process (PID=234) to work on /opt/airflow/dags/Crawl_ETL_ITJob.py
[2025-11-22T15:52:49.247+0000] {processor.py:914} INFO - Processing file /opt/airflow/dags/Crawl_ETL_ITJob.py for tasks to queue
[2025-11-22T15:52:49.250+0000] {logging_mixin.py:190} INFO - [2025-11-22T15:52:49.250+0000] {dagbag.py:588} INFO - Filling up the DagBag from /opt/airflow/dags/Crawl_ETL_ITJob.py
[2025-11-22T15:52:49.279+0000] {processor.py:925} INFO - DAG(s) 'crawl_etl_itjob' retrieved from /opt/airflow/dags/Crawl_ETL_ITJob.py
[2025-11-22T15:52:49.342+0000] {logging_mixin.py:190} INFO - [2025-11-22T15:52:49.341+0000] {dag.py:3239} INFO - Sync 1 DAGs
[2025-11-22T15:52:49.444+0000] {processor.py:208} INFO - Processing /opt/airflow/dags/Crawl_ETL_ITJob.py took 0.208 seconds
[2025-11-22T15:53:21.942+0000] {processor.py:186} INFO - Started process (PID=238) to work on /opt/airflow/dags/Crawl_ETL_ITJob.py
[2025-11-22T15:53:21.943+0000] {processor.py:914} INFO - Processing file /opt/airflow/dags/Crawl_ETL_ITJob.py for tasks to queue
[2025-11-22T15:53:21.946+0000] {logging_mixin.py:190} INFO - [2025-11-22T15:53:21.945+0000] {dagbag.py:588} INFO - Filling up the DagBag from /opt/airflow/dags/Crawl_ETL_ITJob.py
[2025-11-22T15:53:21.984+0000] {processor.py:925} INFO - DAG(s) 'crawl_etl_itjob' retrieved from /opt/airflow/dags/Crawl_ETL_ITJob.py
[2025-11-22T15:53:22.027+0000] {logging_mixin.py:190} INFO - [2025-11-22T15:53:22.027+0000] {dag.py:3239} INFO - Sync 1 DAGs
[2025-11-22T15:53:22.109+0000] {processor.py:208} INFO - Processing /opt/airflow/dags/Crawl_ETL_ITJob.py took 0.174 seconds
[2025-11-22T15:53:53.345+0000] {processor.py:186} INFO - Started process (PID=242) to work on /opt/airflow/dags/Crawl_ETL_ITJob.py
[2025-11-22T15:53:53.345+0000] {processor.py:914} INFO - Processing file /opt/airflow/dags/Crawl_ETL_ITJob.py for tasks to queue
[2025-11-22T15:53:53.347+0000] {logging_mixin.py:190} INFO - [2025-11-22T15:53:53.347+0000] {dagbag.py:588} INFO - Filling up the DagBag from /opt/airflow/dags/Crawl_ETL_ITJob.py
[2025-11-22T15:53:53.378+0000] {processor.py:925} INFO - DAG(s) 'crawl_etl_itjob' retrieved from /opt/airflow/dags/Crawl_ETL_ITJob.py
[2025-11-22T15:53:53.428+0000] {logging_mixin.py:190} INFO - [2025-11-22T15:53:53.428+0000] {dag.py:3239} INFO - Sync 1 DAGs
[2025-11-22T15:53:53.502+0000] {processor.py:208} INFO - Processing /opt/airflow/dags/Crawl_ETL_ITJob.py took 0.164 seconds
[2025-11-22T15:54:23.569+0000] {processor.py:186} INFO - Started process (PID=246) to work on /opt/airflow/dags/Crawl_ETL_ITJob.py
[2025-11-22T15:54:23.569+0000] {processor.py:914} INFO - Processing file /opt/airflow/dags/Crawl_ETL_ITJob.py for tasks to queue
[2025-11-22T15:54:23.571+0000] {logging_mixin.py:190} INFO - [2025-11-22T15:54:23.570+0000] {dagbag.py:588} INFO - Filling up the DagBag from /opt/airflow/dags/Crawl_ETL_ITJob.py
[2025-11-22T15:54:23.593+0000] {processor.py:925} INFO - DAG(s) 'crawl_etl_itjob' retrieved from /opt/airflow/dags/Crawl_ETL_ITJob.py
[2025-11-22T15:54:23.630+0000] {logging_mixin.py:190} INFO - [2025-11-22T15:54:23.630+0000] {dag.py:3239} INFO - Sync 1 DAGs
[2025-11-22T15:54:23.695+0000] {processor.py:208} INFO - Processing /opt/airflow/dags/Crawl_ETL_ITJob.py took 0.132 seconds
[2025-11-22T15:54:54.249+0000] {processor.py:186} INFO - Started process (PID=250) to work on /opt/airflow/dags/Crawl_ETL_ITJob.py
[2025-11-22T15:54:54.250+0000] {processor.py:914} INFO - Processing file /opt/airflow/dags/Crawl_ETL_ITJob.py for tasks to queue
[2025-11-22T15:54:54.252+0000] {logging_mixin.py:190} INFO - [2025-11-22T15:54:54.251+0000] {dagbag.py:588} INFO - Filling up the DagBag from /opt/airflow/dags/Crawl_ETL_ITJob.py
[2025-11-22T15:54:54.278+0000] {processor.py:925} INFO - DAG(s) 'crawl_etl_itjob' retrieved from /opt/airflow/dags/Crawl_ETL_ITJob.py
[2025-11-22T15:54:54.333+0000] {logging_mixin.py:190} INFO - [2025-11-22T15:54:54.332+0000] {dag.py:3239} INFO - Sync 1 DAGs
[2025-11-22T15:54:54.421+0000] {processor.py:208} INFO - Processing /opt/airflow/dags/Crawl_ETL_ITJob.py took 0.182 seconds
[2025-11-22T15:55:25.086+0000] {processor.py:186} INFO - Started process (PID=254) to work on /opt/airflow/dags/Crawl_ETL_ITJob.py
[2025-11-22T15:55:25.087+0000] {processor.py:914} INFO - Processing file /opt/airflow/dags/Crawl_ETL_ITJob.py for tasks to queue
[2025-11-22T15:55:25.088+0000] {logging_mixin.py:190} INFO - [2025-11-22T15:55:25.088+0000] {dagbag.py:588} INFO - Filling up the DagBag from /opt/airflow/dags/Crawl_ETL_ITJob.py
[2025-11-22T15:55:25.106+0000] {processor.py:925} INFO - DAG(s) 'crawl_etl_itjob' retrieved from /opt/airflow/dags/Crawl_ETL_ITJob.py
[2025-11-22T15:55:25.141+0000] {logging_mixin.py:190} INFO - [2025-11-22T15:55:25.141+0000] {dag.py:3239} INFO - Sync 1 DAGs
[2025-11-22T15:55:25.209+0000] {processor.py:208} INFO - Processing /opt/airflow/dags/Crawl_ETL_ITJob.py took 0.129 seconds
[2025-11-22T15:55:56.351+0000] {processor.py:186} INFO - Started process (PID=258) to work on /opt/airflow/dags/Crawl_ETL_ITJob.py
[2025-11-22T15:55:56.351+0000] {processor.py:914} INFO - Processing file /opt/airflow/dags/Crawl_ETL_ITJob.py for tasks to queue
[2025-11-22T15:55:56.352+0000] {logging_mixin.py:190} INFO - [2025-11-22T15:55:56.352+0000] {dagbag.py:588} INFO - Filling up the DagBag from /opt/airflow/dags/Crawl_ETL_ITJob.py
[2025-11-22T15:55:56.370+0000] {processor.py:925} INFO - DAG(s) 'crawl_etl_itjob' retrieved from /opt/airflow/dags/Crawl_ETL_ITJob.py
[2025-11-22T15:55:56.408+0000] {logging_mixin.py:190} INFO - [2025-11-22T15:55:56.408+0000] {dag.py:3239} INFO - Sync 1 DAGs
[2025-11-22T15:55:56.483+0000] {processor.py:208} INFO - Processing /opt/airflow/dags/Crawl_ETL_ITJob.py took 0.138 seconds
[2025-11-22T15:56:28.606+0000] {processor.py:186} INFO - Started process (PID=262) to work on /opt/airflow/dags/Crawl_ETL_ITJob.py
[2025-11-22T15:56:28.606+0000] {processor.py:914} INFO - Processing file /opt/airflow/dags/Crawl_ETL_ITJob.py for tasks to queue
[2025-11-22T15:56:28.607+0000] {logging_mixin.py:190} INFO - [2025-11-22T15:56:28.607+0000] {dagbag.py:588} INFO - Filling up the DagBag from /opt/airflow/dags/Crawl_ETL_ITJob.py
[2025-11-22T15:56:28.624+0000] {processor.py:925} INFO - DAG(s) 'crawl_etl_itjob' retrieved from /opt/airflow/dags/Crawl_ETL_ITJob.py
[2025-11-22T15:56:28.660+0000] {logging_mixin.py:190} INFO - [2025-11-22T15:56:28.660+0000] {dag.py:3239} INFO - Sync 1 DAGs
[2025-11-22T15:56:28.720+0000] {processor.py:208} INFO - Processing /opt/airflow/dags/Crawl_ETL_ITJob.py took 0.119 seconds
[2025-11-22T15:57:02.014+0000] {processor.py:186} INFO - Started process (PID=266) to work on /opt/airflow/dags/Crawl_ETL_ITJob.py
[2025-11-22T15:57:02.015+0000] {processor.py:914} INFO - Processing file /opt/airflow/dags/Crawl_ETL_ITJob.py for tasks to queue
[2025-11-22T15:57:02.018+0000] {logging_mixin.py:190} INFO - [2025-11-22T15:57:02.017+0000] {dagbag.py:588} INFO - Filling up the DagBag from /opt/airflow/dags/Crawl_ETL_ITJob.py
[2025-11-22T15:57:02.066+0000] {processor.py:925} INFO - DAG(s) 'crawl_etl_itjob' retrieved from /opt/airflow/dags/Crawl_ETL_ITJob.py
[2025-11-22T15:57:02.143+0000] {logging_mixin.py:190} INFO - [2025-11-22T15:57:02.143+0000] {dag.py:3239} INFO - Sync 1 DAGs
[2025-11-22T15:57:02.262+0000] {processor.py:208} INFO - Processing /opt/airflow/dags/Crawl_ETL_ITJob.py took 0.272 seconds
[2025-11-22T15:57:32.696+0000] {processor.py:186} INFO - Started process (PID=270) to work on /opt/airflow/dags/Crawl_ETL_ITJob.py
[2025-11-22T15:57:32.697+0000] {processor.py:914} INFO - Processing file /opt/airflow/dags/Crawl_ETL_ITJob.py for tasks to queue
[2025-11-22T15:57:32.700+0000] {logging_mixin.py:190} INFO - [2025-11-22T15:57:32.699+0000] {dagbag.py:588} INFO - Filling up the DagBag from /opt/airflow/dags/Crawl_ETL_ITJob.py
[2025-11-22T15:57:32.725+0000] {processor.py:925} INFO - DAG(s) 'crawl_etl_itjob' retrieved from /opt/airflow/dags/Crawl_ETL_ITJob.py
[2025-11-22T15:57:32.787+0000] {logging_mixin.py:190} INFO - [2025-11-22T15:57:32.787+0000] {dag.py:3239} INFO - Sync 1 DAGs
[2025-11-22T15:57:32.878+0000] {processor.py:208} INFO - Processing /opt/airflow/dags/Crawl_ETL_ITJob.py took 0.188 seconds
[2025-11-22T15:58:03.298+0000] {processor.py:186} INFO - Started process (PID=274) to work on /opt/airflow/dags/Crawl_ETL_ITJob.py
[2025-11-22T15:58:03.300+0000] {processor.py:914} INFO - Processing file /opt/airflow/dags/Crawl_ETL_ITJob.py for tasks to queue
[2025-11-22T15:58:03.303+0000] {logging_mixin.py:190} INFO - [2025-11-22T15:58:03.302+0000] {dagbag.py:588} INFO - Filling up the DagBag from /opt/airflow/dags/Crawl_ETL_ITJob.py
[2025-11-22T15:58:03.337+0000] {processor.py:925} INFO - DAG(s) 'crawl_etl_itjob' retrieved from /opt/airflow/dags/Crawl_ETL_ITJob.py
[2025-11-22T15:58:03.418+0000] {logging_mixin.py:190} INFO - [2025-11-22T15:58:03.417+0000] {dag.py:3239} INFO - Sync 1 DAGs
[2025-11-22T15:58:03.546+0000] {processor.py:208} INFO - Processing /opt/airflow/dags/Crawl_ETL_ITJob.py took 0.263 seconds
[2025-11-22T15:58:33.633+0000] {processor.py:186} INFO - Started process (PID=278) to work on /opt/airflow/dags/Crawl_ETL_ITJob.py
[2025-11-22T15:58:33.634+0000] {processor.py:914} INFO - Processing file /opt/airflow/dags/Crawl_ETL_ITJob.py for tasks to queue
[2025-11-22T15:58:33.635+0000] {logging_mixin.py:190} INFO - [2025-11-22T15:58:33.635+0000] {dagbag.py:588} INFO - Filling up the DagBag from /opt/airflow/dags/Crawl_ETL_ITJob.py
[2025-11-22T15:58:33.652+0000] {processor.py:925} INFO - DAG(s) 'crawl_etl_itjob' retrieved from /opt/airflow/dags/Crawl_ETL_ITJob.py
[2025-11-22T15:58:33.691+0000] {logging_mixin.py:190} INFO - [2025-11-22T15:58:33.691+0000] {dag.py:3239} INFO - Sync 1 DAGs
[2025-11-22T15:58:33.722+0000] {logging_mixin.py:190} INFO - [2025-11-22T15:58:33.722+0000] {dag.py:4180} INFO - Setting next_dagrun for crawl_etl_itjob to 2025-11-22T02:00:00+00:00, run_after=2025-11-23T02:00:00+00:00
[2025-11-22T15:58:33.758+0000] {processor.py:208} INFO - Processing /opt/airflow/dags/Crawl_ETL_ITJob.py took 0.132 seconds
[2025-11-22T15:59:04.241+0000] {processor.py:186} INFO - Started process (PID=282) to work on /opt/airflow/dags/Crawl_ETL_ITJob.py
[2025-11-22T15:59:04.242+0000] {processor.py:914} INFO - Processing file /opt/airflow/dags/Crawl_ETL_ITJob.py for tasks to queue
[2025-11-22T15:59:04.243+0000] {logging_mixin.py:190} INFO - [2025-11-22T15:59:04.243+0000] {dagbag.py:588} INFO - Filling up the DagBag from /opt/airflow/dags/Crawl_ETL_ITJob.py
[2025-11-22T15:59:04.264+0000] {processor.py:925} INFO - DAG(s) 'crawl_etl_itjob' retrieved from /opt/airflow/dags/Crawl_ETL_ITJob.py
[2025-11-22T15:59:04.299+0000] {logging_mixin.py:190} INFO - [2025-11-22T15:59:04.299+0000] {dag.py:3239} INFO - Sync 1 DAGs
[2025-11-22T15:59:04.328+0000] {logging_mixin.py:190} INFO - [2025-11-22T15:59:04.327+0000] {dag.py:4180} INFO - Setting next_dagrun for crawl_etl_itjob to 2025-11-22T02:00:00+00:00, run_after=2025-11-23T02:00:00+00:00
[2025-11-22T15:59:04.364+0000] {processor.py:208} INFO - Processing /opt/airflow/dags/Crawl_ETL_ITJob.py took 0.130 seconds
[2025-11-22T15:59:35.697+0000] {processor.py:186} INFO - Started process (PID=286) to work on /opt/airflow/dags/Crawl_ETL_ITJob.py
[2025-11-22T15:59:35.698+0000] {processor.py:914} INFO - Processing file /opt/airflow/dags/Crawl_ETL_ITJob.py for tasks to queue
[2025-11-22T15:59:35.699+0000] {logging_mixin.py:190} INFO - [2025-11-22T15:59:35.699+0000] {dagbag.py:588} INFO - Filling up the DagBag from /opt/airflow/dags/Crawl_ETL_ITJob.py
[2025-11-22T15:59:35.715+0000] {processor.py:925} INFO - DAG(s) 'crawl_etl_itjob' retrieved from /opt/airflow/dags/Crawl_ETL_ITJob.py
[2025-11-22T15:59:35.746+0000] {logging_mixin.py:190} INFO - [2025-11-22T15:59:35.746+0000] {dag.py:3239} INFO - Sync 1 DAGs
[2025-11-22T15:59:35.773+0000] {logging_mixin.py:190} INFO - [2025-11-22T15:59:35.773+0000] {dag.py:4180} INFO - Setting next_dagrun for crawl_etl_itjob to 2025-11-22T02:00:00+00:00, run_after=2025-11-23T02:00:00+00:00
[2025-11-22T15:59:35.807+0000] {processor.py:208} INFO - Processing /opt/airflow/dags/Crawl_ETL_ITJob.py took 0.114 seconds
[2025-11-22T16:00:07.960+0000] {processor.py:186} INFO - Started process (PID=290) to work on /opt/airflow/dags/Crawl_ETL_ITJob.py
[2025-11-22T16:00:07.961+0000] {processor.py:914} INFO - Processing file /opt/airflow/dags/Crawl_ETL_ITJob.py for tasks to queue
[2025-11-22T16:00:07.963+0000] {logging_mixin.py:190} INFO - [2025-11-22T16:00:07.963+0000] {dagbag.py:588} INFO - Filling up the DagBag from /opt/airflow/dags/Crawl_ETL_ITJob.py
[2025-11-22T16:00:07.985+0000] {processor.py:925} INFO - DAG(s) 'crawl_etl_itjob' retrieved from /opt/airflow/dags/Crawl_ETL_ITJob.py
[2025-11-22T16:00:08.029+0000] {logging_mixin.py:190} INFO - [2025-11-22T16:00:08.028+0000] {dag.py:3239} INFO - Sync 1 DAGs
[2025-11-22T16:00:08.061+0000] {logging_mixin.py:190} INFO - [2025-11-22T16:00:08.061+0000] {dag.py:4180} INFO - Setting next_dagrun for crawl_etl_itjob to 2025-11-22T02:00:00+00:00, run_after=2025-11-23T02:00:00+00:00
[2025-11-22T16:00:08.092+0000] {processor.py:208} INFO - Processing /opt/airflow/dags/Crawl_ETL_ITJob.py took 0.141 seconds
