[2025-11-22T15:27:37.699+0000] {processor.py:186} INFO - Started process (PID=37) to work on /opt/airflow/dags/ETL_Without_Crawl.py
[2025-11-22T15:27:37.707+0000] {processor.py:914} INFO - Processing file /opt/airflow/dags/ETL_Without_Crawl.py for tasks to queue
[2025-11-22T15:27:37.710+0000] {logging_mixin.py:190} INFO - [2025-11-22T15:27:37.710+0000] {dagbag.py:588} INFO - Filling up the DagBag from /opt/airflow/dags/ETL_Without_Crawl.py
[2025-11-22T15:27:37.752+0000] {processor.py:925} INFO - DAG(s) 'etl_without_crawl' retrieved from /opt/airflow/dags/ETL_Without_Crawl.py
[2025-11-22T15:27:37.887+0000] {logging_mixin.py:190} INFO - [2025-11-22T15:27:37.887+0000] {dag.py:3239} INFO - Sync 1 DAGs
[2025-11-22T15:27:38.089+0000] {logging_mixin.py:190} INFO - [2025-11-22T15:27:38.089+0000] {dag.py:4180} INFO - Setting next_dagrun for etl_without_crawl to None, run_after=None
[2025-11-22T15:27:38.180+0000] {processor.py:208} INFO - Processing /opt/airflow/dags/ETL_Without_Crawl.py took 0.501 seconds
[2025-11-22T15:28:08.585+0000] {processor.py:186} INFO - Started process (PID=41) to work on /opt/airflow/dags/ETL_Without_Crawl.py
[2025-11-22T15:28:08.586+0000] {processor.py:914} INFO - Processing file /opt/airflow/dags/ETL_Without_Crawl.py for tasks to queue
[2025-11-22T15:28:08.590+0000] {logging_mixin.py:190} INFO - [2025-11-22T15:28:08.590+0000] {dagbag.py:588} INFO - Filling up the DagBag from /opt/airflow/dags/ETL_Without_Crawl.py
[2025-11-22T15:28:08.620+0000] {processor.py:925} INFO - DAG(s) 'etl_without_crawl' retrieved from /opt/airflow/dags/ETL_Without_Crawl.py
[2025-11-22T15:28:08.696+0000] {logging_mixin.py:190} INFO - [2025-11-22T15:28:08.695+0000] {dag.py:3239} INFO - Sync 1 DAGs
[2025-11-22T15:28:08.740+0000] {logging_mixin.py:190} INFO - [2025-11-22T15:28:08.740+0000] {dag.py:4180} INFO - Setting next_dagrun for etl_without_crawl to None, run_after=None
[2025-11-22T15:28:08.792+0000] {processor.py:208} INFO - Processing /opt/airflow/dags/ETL_Without_Crawl.py took 0.218 seconds
[2025-11-22T15:28:39.045+0000] {processor.py:186} INFO - Started process (PID=45) to work on /opt/airflow/dags/ETL_Without_Crawl.py
[2025-11-22T15:28:39.046+0000] {processor.py:914} INFO - Processing file /opt/airflow/dags/ETL_Without_Crawl.py for tasks to queue
[2025-11-22T15:28:39.047+0000] {logging_mixin.py:190} INFO - [2025-11-22T15:28:39.047+0000] {dagbag.py:588} INFO - Filling up the DagBag from /opt/airflow/dags/ETL_Without_Crawl.py
[2025-11-22T15:28:39.068+0000] {processor.py:925} INFO - DAG(s) 'etl_without_crawl' retrieved from /opt/airflow/dags/ETL_Without_Crawl.py
[2025-11-22T15:28:39.119+0000] {logging_mixin.py:190} INFO - [2025-11-22T15:28:39.119+0000] {dag.py:3239} INFO - Sync 1 DAGs
[2025-11-22T15:28:39.146+0000] {logging_mixin.py:190} INFO - [2025-11-22T15:28:39.145+0000] {dag.py:4180} INFO - Setting next_dagrun for etl_without_crawl to None, run_after=None
[2025-11-22T15:28:39.192+0000] {processor.py:208} INFO - Processing /opt/airflow/dags/ETL_Without_Crawl.py took 0.155 seconds
[2025-11-22T15:29:09.496+0000] {processor.py:186} INFO - Started process (PID=49) to work on /opt/airflow/dags/ETL_Without_Crawl.py
[2025-11-22T15:29:09.497+0000] {processor.py:914} INFO - Processing file /opt/airflow/dags/ETL_Without_Crawl.py for tasks to queue
[2025-11-22T15:29:09.500+0000] {logging_mixin.py:190} INFO - [2025-11-22T15:29:09.500+0000] {dagbag.py:588} INFO - Filling up the DagBag from /opt/airflow/dags/ETL_Without_Crawl.py
[2025-11-22T15:29:09.525+0000] {processor.py:925} INFO - DAG(s) 'etl_without_crawl' retrieved from /opt/airflow/dags/ETL_Without_Crawl.py
[2025-11-22T15:29:09.580+0000] {logging_mixin.py:190} INFO - [2025-11-22T15:29:09.579+0000] {dag.py:3239} INFO - Sync 1 DAGs
[2025-11-22T15:29:09.606+0000] {logging_mixin.py:190} INFO - [2025-11-22T15:29:09.605+0000] {dag.py:4180} INFO - Setting next_dagrun for etl_without_crawl to None, run_after=None
[2025-11-22T15:29:09.648+0000] {processor.py:208} INFO - Processing /opt/airflow/dags/ETL_Without_Crawl.py took 0.162 seconds
[2025-11-22T15:29:39.894+0000] {processor.py:186} INFO - Started process (PID=53) to work on /opt/airflow/dags/ETL_Without_Crawl.py
[2025-11-22T15:29:39.895+0000] {processor.py:914} INFO - Processing file /opt/airflow/dags/ETL_Without_Crawl.py for tasks to queue
[2025-11-22T15:29:39.897+0000] {logging_mixin.py:190} INFO - [2025-11-22T15:29:39.897+0000] {dagbag.py:588} INFO - Filling up the DagBag from /opt/airflow/dags/ETL_Without_Crawl.py
[2025-11-22T15:29:39.919+0000] {processor.py:925} INFO - DAG(s) 'etl_without_crawl' retrieved from /opt/airflow/dags/ETL_Without_Crawl.py
[2025-11-22T15:29:39.965+0000] {logging_mixin.py:190} INFO - [2025-11-22T15:29:39.965+0000] {dag.py:3239} INFO - Sync 1 DAGs
[2025-11-22T15:29:39.987+0000] {logging_mixin.py:190} INFO - [2025-11-22T15:29:39.986+0000] {dag.py:4180} INFO - Setting next_dagrun for etl_without_crawl to None, run_after=None
[2025-11-22T15:29:40.023+0000] {processor.py:208} INFO - Processing /opt/airflow/dags/ETL_Without_Crawl.py took 0.138 seconds
[2025-11-22T15:30:11.041+0000] {processor.py:186} INFO - Started process (PID=57) to work on /opt/airflow/dags/ETL_Without_Crawl.py
[2025-11-22T15:30:11.042+0000] {processor.py:914} INFO - Processing file /opt/airflow/dags/ETL_Without_Crawl.py for tasks to queue
[2025-11-22T15:30:11.046+0000] {logging_mixin.py:190} INFO - [2025-11-22T15:30:11.046+0000] {dagbag.py:588} INFO - Filling up the DagBag from /opt/airflow/dags/ETL_Without_Crawl.py
[2025-11-22T15:30:11.073+0000] {processor.py:925} INFO - DAG(s) 'etl_without_crawl' retrieved from /opt/airflow/dags/ETL_Without_Crawl.py
[2025-11-22T15:30:11.122+0000] {logging_mixin.py:190} INFO - [2025-11-22T15:30:11.122+0000] {dag.py:3239} INFO - Sync 1 DAGs
[2025-11-22T15:30:11.149+0000] {logging_mixin.py:190} INFO - [2025-11-22T15:30:11.149+0000] {dag.py:4180} INFO - Setting next_dagrun for etl_without_crawl to None, run_after=None
[2025-11-22T15:30:11.206+0000] {processor.py:208} INFO - Processing /opt/airflow/dags/ETL_Without_Crawl.py took 0.174 seconds
[2025-11-22T15:30:41.787+0000] {processor.py:186} INFO - Started process (PID=61) to work on /opt/airflow/dags/ETL_Without_Crawl.py
[2025-11-22T15:30:41.790+0000] {processor.py:914} INFO - Processing file /opt/airflow/dags/ETL_Without_Crawl.py for tasks to queue
[2025-11-22T15:30:41.795+0000] {logging_mixin.py:190} INFO - [2025-11-22T15:30:41.795+0000] {dagbag.py:588} INFO - Filling up the DagBag from /opt/airflow/dags/ETL_Without_Crawl.py
[2025-11-22T15:30:41.826+0000] {processor.py:925} INFO - DAG(s) 'etl_without_crawl' retrieved from /opt/airflow/dags/ETL_Without_Crawl.py
[2025-11-22T15:30:41.893+0000] {logging_mixin.py:190} INFO - [2025-11-22T15:30:41.893+0000] {dag.py:3239} INFO - Sync 1 DAGs
[2025-11-22T15:30:41.941+0000] {logging_mixin.py:190} INFO - [2025-11-22T15:30:41.941+0000] {dag.py:4180} INFO - Setting next_dagrun for etl_without_crawl to None, run_after=None
[2025-11-22T15:30:41.983+0000] {processor.py:208} INFO - Processing /opt/airflow/dags/ETL_Without_Crawl.py took 0.206 seconds
[2025-11-22T15:31:12.499+0000] {processor.py:186} INFO - Started process (PID=65) to work on /opt/airflow/dags/ETL_Without_Crawl.py
[2025-11-22T15:31:12.500+0000] {processor.py:914} INFO - Processing file /opt/airflow/dags/ETL_Without_Crawl.py for tasks to queue
[2025-11-22T15:31:12.502+0000] {logging_mixin.py:190} INFO - [2025-11-22T15:31:12.501+0000] {dagbag.py:588} INFO - Filling up the DagBag from /opt/airflow/dags/ETL_Without_Crawl.py
[2025-11-22T15:31:12.529+0000] {processor.py:925} INFO - DAG(s) 'etl_without_crawl' retrieved from /opt/airflow/dags/ETL_Without_Crawl.py
[2025-11-22T15:31:12.595+0000] {logging_mixin.py:190} INFO - [2025-11-22T15:31:12.595+0000] {dag.py:3239} INFO - Sync 1 DAGs
[2025-11-22T15:31:12.632+0000] {logging_mixin.py:190} INFO - [2025-11-22T15:31:12.632+0000] {dag.py:4180} INFO - Setting next_dagrun for etl_without_crawl to None, run_after=None
[2025-11-22T15:31:12.682+0000] {processor.py:208} INFO - Processing /opt/airflow/dags/ETL_Without_Crawl.py took 0.192 seconds
[2025-11-22T15:31:42.985+0000] {processor.py:186} INFO - Started process (PID=69) to work on /opt/airflow/dags/ETL_Without_Crawl.py
[2025-11-22T15:31:42.986+0000] {processor.py:914} INFO - Processing file /opt/airflow/dags/ETL_Without_Crawl.py for tasks to queue
[2025-11-22T15:31:42.988+0000] {logging_mixin.py:190} INFO - [2025-11-22T15:31:42.988+0000] {dagbag.py:588} INFO - Filling up the DagBag from /opt/airflow/dags/ETL_Without_Crawl.py
[2025-11-22T15:31:43.013+0000] {processor.py:925} INFO - DAG(s) 'etl_without_crawl' retrieved from /opt/airflow/dags/ETL_Without_Crawl.py
[2025-11-22T15:31:43.076+0000] {logging_mixin.py:190} INFO - [2025-11-22T15:31:43.076+0000] {dag.py:3239} INFO - Sync 1 DAGs
[2025-11-22T15:31:43.111+0000] {logging_mixin.py:190} INFO - [2025-11-22T15:31:43.111+0000] {dag.py:4180} INFO - Setting next_dagrun for etl_without_crawl to None, run_after=None
[2025-11-22T15:31:43.158+0000] {processor.py:208} INFO - Processing /opt/airflow/dags/ETL_Without_Crawl.py took 0.183 seconds
[2025-11-22T15:32:13.351+0000] {processor.py:186} INFO - Started process (PID=73) to work on /opt/airflow/dags/ETL_Without_Crawl.py
[2025-11-22T15:32:13.353+0000] {processor.py:914} INFO - Processing file /opt/airflow/dags/ETL_Without_Crawl.py for tasks to queue
[2025-11-22T15:32:13.360+0000] {logging_mixin.py:190} INFO - [2025-11-22T15:32:13.359+0000] {dagbag.py:588} INFO - Filling up the DagBag from /opt/airflow/dags/ETL_Without_Crawl.py
[2025-11-22T15:32:13.400+0000] {processor.py:925} INFO - DAG(s) 'etl_without_crawl' retrieved from /opt/airflow/dags/ETL_Without_Crawl.py
[2025-11-22T15:32:13.516+0000] {logging_mixin.py:190} INFO - [2025-11-22T15:32:13.515+0000] {dag.py:3239} INFO - Sync 1 DAGs
[2025-11-22T15:32:13.583+0000] {logging_mixin.py:190} INFO - [2025-11-22T15:32:13.583+0000] {dag.py:4180} INFO - Setting next_dagrun for etl_without_crawl to None, run_after=None
[2025-11-22T15:32:13.644+0000] {processor.py:208} INFO - Processing /opt/airflow/dags/ETL_Without_Crawl.py took 0.308 seconds
[2025-11-22T15:32:44.166+0000] {processor.py:186} INFO - Started process (PID=77) to work on /opt/airflow/dags/ETL_Without_Crawl.py
[2025-11-22T15:32:44.167+0000] {processor.py:914} INFO - Processing file /opt/airflow/dags/ETL_Without_Crawl.py for tasks to queue
[2025-11-22T15:32:44.169+0000] {logging_mixin.py:190} INFO - [2025-11-22T15:32:44.169+0000] {dagbag.py:588} INFO - Filling up the DagBag from /opt/airflow/dags/ETL_Without_Crawl.py
[2025-11-22T15:32:44.190+0000] {processor.py:925} INFO - DAG(s) 'etl_without_crawl' retrieved from /opt/airflow/dags/ETL_Without_Crawl.py
[2025-11-22T15:32:44.240+0000] {logging_mixin.py:190} INFO - [2025-11-22T15:32:44.240+0000] {dag.py:3239} INFO - Sync 1 DAGs
[2025-11-22T15:32:44.267+0000] {logging_mixin.py:190} INFO - [2025-11-22T15:32:44.267+0000] {dag.py:4180} INFO - Setting next_dagrun for etl_without_crawl to None, run_after=None
[2025-11-22T15:32:44.308+0000] {processor.py:208} INFO - Processing /opt/airflow/dags/ETL_Without_Crawl.py took 0.148 seconds
[2025-11-22T15:33:14.531+0000] {processor.py:186} INFO - Started process (PID=81) to work on /opt/airflow/dags/ETL_Without_Crawl.py
[2025-11-22T15:33:14.532+0000] {processor.py:914} INFO - Processing file /opt/airflow/dags/ETL_Without_Crawl.py for tasks to queue
[2025-11-22T15:33:14.533+0000] {logging_mixin.py:190} INFO - [2025-11-22T15:33:14.533+0000] {dagbag.py:588} INFO - Filling up the DagBag from /opt/airflow/dags/ETL_Without_Crawl.py
[2025-11-22T15:33:14.552+0000] {processor.py:925} INFO - DAG(s) 'etl_without_crawl' retrieved from /opt/airflow/dags/ETL_Without_Crawl.py
[2025-11-22T15:33:14.605+0000] {logging_mixin.py:190} INFO - [2025-11-22T15:33:14.604+0000] {dag.py:3239} INFO - Sync 1 DAGs
[2025-11-22T15:33:14.628+0000] {logging_mixin.py:190} INFO - [2025-11-22T15:33:14.628+0000] {dag.py:4180} INFO - Setting next_dagrun for etl_without_crawl to None, run_after=None
[2025-11-22T15:33:14.670+0000] {processor.py:208} INFO - Processing /opt/airflow/dags/ETL_Without_Crawl.py took 0.148 seconds
[2025-11-22T15:33:45.057+0000] {processor.py:186} INFO - Started process (PID=85) to work on /opt/airflow/dags/ETL_Without_Crawl.py
[2025-11-22T15:33:45.058+0000] {processor.py:914} INFO - Processing file /opt/airflow/dags/ETL_Without_Crawl.py for tasks to queue
[2025-11-22T15:33:45.060+0000] {logging_mixin.py:190} INFO - [2025-11-22T15:33:45.060+0000] {dagbag.py:588} INFO - Filling up the DagBag from /opt/airflow/dags/ETL_Without_Crawl.py
[2025-11-22T15:33:45.122+0000] {processor.py:925} INFO - DAG(s) 'etl_without_crawl' retrieved from /opt/airflow/dags/ETL_Without_Crawl.py
[2025-11-22T15:33:45.243+0000] {logging_mixin.py:190} INFO - [2025-11-22T15:33:45.243+0000] {dag.py:3239} INFO - Sync 1 DAGs
[2025-11-22T15:33:45.318+0000] {logging_mixin.py:190} INFO - [2025-11-22T15:33:45.318+0000] {dag.py:4180} INFO - Setting next_dagrun for etl_without_crawl to None, run_after=None
[2025-11-22T15:33:45.440+0000] {processor.py:208} INFO - Processing /opt/airflow/dags/ETL_Without_Crawl.py took 0.393 seconds
[2025-11-22T15:34:16.274+0000] {processor.py:186} INFO - Started process (PID=89) to work on /opt/airflow/dags/ETL_Without_Crawl.py
[2025-11-22T15:34:16.275+0000] {processor.py:914} INFO - Processing file /opt/airflow/dags/ETL_Without_Crawl.py for tasks to queue
[2025-11-22T15:34:16.276+0000] {logging_mixin.py:190} INFO - [2025-11-22T15:34:16.276+0000] {dagbag.py:588} INFO - Filling up the DagBag from /opt/airflow/dags/ETL_Without_Crawl.py
[2025-11-22T15:34:16.296+0000] {processor.py:925} INFO - DAG(s) 'etl_without_crawl' retrieved from /opt/airflow/dags/ETL_Without_Crawl.py
[2025-11-22T15:34:16.353+0000] {logging_mixin.py:190} INFO - [2025-11-22T15:34:16.352+0000] {dag.py:3239} INFO - Sync 1 DAGs
[2025-11-22T15:34:16.404+0000] {logging_mixin.py:190} INFO - [2025-11-22T15:34:16.404+0000] {dag.py:4180} INFO - Setting next_dagrun for etl_without_crawl to None, run_after=None
[2025-11-22T15:34:16.456+0000] {processor.py:208} INFO - Processing /opt/airflow/dags/ETL_Without_Crawl.py took 0.189 seconds
[2025-11-22T15:34:47.179+0000] {processor.py:186} INFO - Started process (PID=93) to work on /opt/airflow/dags/ETL_Without_Crawl.py
[2025-11-22T15:34:47.180+0000] {processor.py:914} INFO - Processing file /opt/airflow/dags/ETL_Without_Crawl.py for tasks to queue
[2025-11-22T15:34:47.182+0000] {logging_mixin.py:190} INFO - [2025-11-22T15:34:47.182+0000] {dagbag.py:588} INFO - Filling up the DagBag from /opt/airflow/dags/ETL_Without_Crawl.py
[2025-11-22T15:34:47.221+0000] {processor.py:925} INFO - DAG(s) 'etl_without_crawl' retrieved from /opt/airflow/dags/ETL_Without_Crawl.py
[2025-11-22T15:34:47.299+0000] {logging_mixin.py:190} INFO - [2025-11-22T15:34:47.299+0000] {dag.py:3239} INFO - Sync 1 DAGs
[2025-11-22T15:34:47.345+0000] {logging_mixin.py:190} INFO - [2025-11-22T15:34:47.345+0000] {dag.py:4180} INFO - Setting next_dagrun for etl_without_crawl to None, run_after=None
[2025-11-22T15:34:47.447+0000] {processor.py:208} INFO - Processing /opt/airflow/dags/ETL_Without_Crawl.py took 0.280 seconds
[2025-11-22T15:35:18.200+0000] {processor.py:186} INFO - Started process (PID=97) to work on /opt/airflow/dags/ETL_Without_Crawl.py
[2025-11-22T15:35:18.202+0000] {processor.py:914} INFO - Processing file /opt/airflow/dags/ETL_Without_Crawl.py for tasks to queue
[2025-11-22T15:35:18.206+0000] {logging_mixin.py:190} INFO - [2025-11-22T15:35:18.204+0000] {dagbag.py:588} INFO - Filling up the DagBag from /opt/airflow/dags/ETL_Without_Crawl.py
[2025-11-22T15:35:18.249+0000] {processor.py:925} INFO - DAG(s) 'etl_without_crawl' retrieved from /opt/airflow/dags/ETL_Without_Crawl.py
[2025-11-22T15:35:18.337+0000] {logging_mixin.py:190} INFO - [2025-11-22T15:35:18.336+0000] {dag.py:3239} INFO - Sync 1 DAGs
[2025-11-22T15:35:18.396+0000] {logging_mixin.py:190} INFO - [2025-11-22T15:35:18.396+0000] {dag.py:4180} INFO - Setting next_dagrun for etl_without_crawl to None, run_after=None
[2025-11-22T15:35:18.491+0000] {processor.py:208} INFO - Processing /opt/airflow/dags/ETL_Without_Crawl.py took 0.305 seconds
[2025-11-22T15:35:48.928+0000] {processor.py:186} INFO - Started process (PID=101) to work on /opt/airflow/dags/ETL_Without_Crawl.py
[2025-11-22T15:35:48.928+0000] {processor.py:914} INFO - Processing file /opt/airflow/dags/ETL_Without_Crawl.py for tasks to queue
[2025-11-22T15:35:48.929+0000] {logging_mixin.py:190} INFO - [2025-11-22T15:35:48.929+0000] {dagbag.py:588} INFO - Filling up the DagBag from /opt/airflow/dags/ETL_Without_Crawl.py
[2025-11-22T15:35:48.945+0000] {processor.py:925} INFO - DAG(s) 'etl_without_crawl' retrieved from /opt/airflow/dags/ETL_Without_Crawl.py
[2025-11-22T15:35:48.982+0000] {logging_mixin.py:190} INFO - [2025-11-22T15:35:48.982+0000] {dag.py:3239} INFO - Sync 1 DAGs
[2025-11-22T15:35:49.000+0000] {logging_mixin.py:190} INFO - [2025-11-22T15:35:49.000+0000] {dag.py:4180} INFO - Setting next_dagrun for etl_without_crawl to None, run_after=None
[2025-11-22T15:35:49.059+0000] {processor.py:208} INFO - Processing /opt/airflow/dags/ETL_Without_Crawl.py took 0.137 seconds
[2025-11-22T15:36:19.238+0000] {processor.py:186} INFO - Started process (PID=105) to work on /opt/airflow/dags/ETL_Without_Crawl.py
[2025-11-22T15:36:19.239+0000] {processor.py:914} INFO - Processing file /opt/airflow/dags/ETL_Without_Crawl.py for tasks to queue
[2025-11-22T15:36:19.241+0000] {logging_mixin.py:190} INFO - [2025-11-22T15:36:19.240+0000] {dagbag.py:588} INFO - Filling up the DagBag from /opt/airflow/dags/ETL_Without_Crawl.py
[2025-11-22T15:36:19.266+0000] {processor.py:925} INFO - DAG(s) 'etl_without_crawl' retrieved from /opt/airflow/dags/ETL_Without_Crawl.py
[2025-11-22T15:36:19.324+0000] {logging_mixin.py:190} INFO - [2025-11-22T15:36:19.324+0000] {dag.py:3239} INFO - Sync 1 DAGs
[2025-11-22T15:36:19.353+0000] {logging_mixin.py:190} INFO - [2025-11-22T15:36:19.353+0000] {dag.py:4180} INFO - Setting next_dagrun for etl_without_crawl to None, run_after=None
[2025-11-22T15:36:19.424+0000] {processor.py:208} INFO - Processing /opt/airflow/dags/ETL_Without_Crawl.py took 0.194 seconds
[2025-11-22T15:36:49.836+0000] {processor.py:186} INFO - Started process (PID=109) to work on /opt/airflow/dags/ETL_Without_Crawl.py
[2025-11-22T15:36:49.837+0000] {processor.py:914} INFO - Processing file /opt/airflow/dags/ETL_Without_Crawl.py for tasks to queue
[2025-11-22T15:36:49.838+0000] {logging_mixin.py:190} INFO - [2025-11-22T15:36:49.838+0000] {dagbag.py:588} INFO - Filling up the DagBag from /opt/airflow/dags/ETL_Without_Crawl.py
[2025-11-22T15:36:49.857+0000] {processor.py:925} INFO - DAG(s) 'etl_without_crawl' retrieved from /opt/airflow/dags/ETL_Without_Crawl.py
[2025-11-22T15:36:49.908+0000] {logging_mixin.py:190} INFO - [2025-11-22T15:36:49.908+0000] {dag.py:3239} INFO - Sync 1 DAGs
[2025-11-22T15:36:49.937+0000] {logging_mixin.py:190} INFO - [2025-11-22T15:36:49.936+0000] {dag.py:4180} INFO - Setting next_dagrun for etl_without_crawl to None, run_after=None
[2025-11-22T15:36:49.979+0000] {processor.py:208} INFO - Processing /opt/airflow/dags/ETL_Without_Crawl.py took 0.149 seconds
[2025-11-22T15:37:20.331+0000] {processor.py:186} INFO - Started process (PID=113) to work on /opt/airflow/dags/ETL_Without_Crawl.py
[2025-11-22T15:37:20.331+0000] {processor.py:914} INFO - Processing file /opt/airflow/dags/ETL_Without_Crawl.py for tasks to queue
[2025-11-22T15:37:20.333+0000] {logging_mixin.py:190} INFO - [2025-11-22T15:37:20.332+0000] {dagbag.py:588} INFO - Filling up the DagBag from /opt/airflow/dags/ETL_Without_Crawl.py
[2025-11-22T15:37:20.350+0000] {processor.py:925} INFO - DAG(s) 'etl_without_crawl' retrieved from /opt/airflow/dags/ETL_Without_Crawl.py
[2025-11-22T15:37:20.394+0000] {logging_mixin.py:190} INFO - [2025-11-22T15:37:20.393+0000] {dag.py:3239} INFO - Sync 1 DAGs
[2025-11-22T15:37:20.431+0000] {logging_mixin.py:190} INFO - [2025-11-22T15:37:20.430+0000] {dag.py:4180} INFO - Setting next_dagrun for etl_without_crawl to None, run_after=None
[2025-11-22T15:37:20.469+0000] {processor.py:208} INFO - Processing /opt/airflow/dags/ETL_Without_Crawl.py took 0.145 seconds
[2025-11-22T15:37:50.611+0000] {processor.py:186} INFO - Started process (PID=117) to work on /opt/airflow/dags/ETL_Without_Crawl.py
[2025-11-22T15:37:50.612+0000] {processor.py:914} INFO - Processing file /opt/airflow/dags/ETL_Without_Crawl.py for tasks to queue
[2025-11-22T15:37:50.614+0000] {logging_mixin.py:190} INFO - [2025-11-22T15:37:50.614+0000] {dagbag.py:588} INFO - Filling up the DagBag from /opt/airflow/dags/ETL_Without_Crawl.py
[2025-11-22T15:37:50.630+0000] {processor.py:925} INFO - DAG(s) 'etl_without_crawl' retrieved from /opt/airflow/dags/ETL_Without_Crawl.py
[2025-11-22T15:37:50.669+0000] {logging_mixin.py:190} INFO - [2025-11-22T15:37:50.669+0000] {dag.py:3239} INFO - Sync 1 DAGs
[2025-11-22T15:37:50.689+0000] {logging_mixin.py:190} INFO - [2025-11-22T15:37:50.689+0000] {dag.py:4180} INFO - Setting next_dagrun for etl_without_crawl to None, run_after=None
[2025-11-22T15:37:50.751+0000] {processor.py:208} INFO - Processing /opt/airflow/dags/ETL_Without_Crawl.py took 0.146 seconds
[2025-11-22T15:38:21.416+0000] {processor.py:186} INFO - Started process (PID=121) to work on /opt/airflow/dags/ETL_Without_Crawl.py
[2025-11-22T15:38:21.417+0000] {processor.py:914} INFO - Processing file /opt/airflow/dags/ETL_Without_Crawl.py for tasks to queue
[2025-11-22T15:38:21.418+0000] {logging_mixin.py:190} INFO - [2025-11-22T15:38:21.417+0000] {dagbag.py:588} INFO - Filling up the DagBag from /opt/airflow/dags/ETL_Without_Crawl.py
[2025-11-22T15:38:21.434+0000] {processor.py:925} INFO - DAG(s) 'etl_without_crawl' retrieved from /opt/airflow/dags/ETL_Without_Crawl.py
[2025-11-22T15:38:21.473+0000] {logging_mixin.py:190} INFO - [2025-11-22T15:38:21.473+0000] {dag.py:3239} INFO - Sync 1 DAGs
[2025-11-22T15:38:21.494+0000] {logging_mixin.py:190} INFO - [2025-11-22T15:38:21.494+0000] {dag.py:4180} INFO - Setting next_dagrun for etl_without_crawl to None, run_after=None
[2025-11-22T15:38:21.536+0000] {processor.py:208} INFO - Processing /opt/airflow/dags/ETL_Without_Crawl.py took 0.126 seconds
[2025-11-22T15:38:51.992+0000] {processor.py:186} INFO - Started process (PID=125) to work on /opt/airflow/dags/ETL_Without_Crawl.py
[2025-11-22T15:38:51.994+0000] {processor.py:914} INFO - Processing file /opt/airflow/dags/ETL_Without_Crawl.py for tasks to queue
[2025-11-22T15:38:51.997+0000] {logging_mixin.py:190} INFO - [2025-11-22T15:38:51.996+0000] {dagbag.py:588} INFO - Filling up the DagBag from /opt/airflow/dags/ETL_Without_Crawl.py
[2025-11-22T15:38:52.023+0000] {processor.py:925} INFO - DAG(s) 'etl_without_crawl' retrieved from /opt/airflow/dags/ETL_Without_Crawl.py
[2025-11-22T15:38:52.090+0000] {logging_mixin.py:190} INFO - [2025-11-22T15:38:52.089+0000] {dag.py:3239} INFO - Sync 1 DAGs
[2025-11-22T15:38:52.127+0000] {logging_mixin.py:190} INFO - [2025-11-22T15:38:52.126+0000] {dag.py:4180} INFO - Setting next_dagrun for etl_without_crawl to None, run_after=None
[2025-11-22T15:38:52.176+0000] {processor.py:208} INFO - Processing /opt/airflow/dags/ETL_Without_Crawl.py took 0.193 seconds
[2025-11-22T15:39:22.614+0000] {processor.py:186} INFO - Started process (PID=129) to work on /opt/airflow/dags/ETL_Without_Crawl.py
[2025-11-22T15:39:22.615+0000] {processor.py:914} INFO - Processing file /opt/airflow/dags/ETL_Without_Crawl.py for tasks to queue
[2025-11-22T15:39:22.618+0000] {logging_mixin.py:190} INFO - [2025-11-22T15:39:22.617+0000] {dagbag.py:588} INFO - Filling up the DagBag from /opt/airflow/dags/ETL_Without_Crawl.py
[2025-11-22T15:39:22.648+0000] {processor.py:925} INFO - DAG(s) 'etl_without_crawl' retrieved from /opt/airflow/dags/ETL_Without_Crawl.py
[2025-11-22T15:39:22.717+0000] {logging_mixin.py:190} INFO - [2025-11-22T15:39:22.716+0000] {dag.py:3239} INFO - Sync 1 DAGs
[2025-11-22T15:39:22.754+0000] {logging_mixin.py:190} INFO - [2025-11-22T15:39:22.754+0000] {dag.py:4180} INFO - Setting next_dagrun for etl_without_crawl to None, run_after=None
[2025-11-22T15:39:22.817+0000] {processor.py:208} INFO - Processing /opt/airflow/dags/ETL_Without_Crawl.py took 0.213 seconds
[2025-11-22T15:39:52.983+0000] {processor.py:186} INFO - Started process (PID=133) to work on /opt/airflow/dags/ETL_Without_Crawl.py
[2025-11-22T15:39:52.984+0000] {processor.py:914} INFO - Processing file /opt/airflow/dags/ETL_Without_Crawl.py for tasks to queue
[2025-11-22T15:39:52.985+0000] {logging_mixin.py:190} INFO - [2025-11-22T15:39:52.985+0000] {dagbag.py:588} INFO - Filling up the DagBag from /opt/airflow/dags/ETL_Without_Crawl.py
[2025-11-22T15:39:53.002+0000] {processor.py:925} INFO - DAG(s) 'etl_without_crawl' retrieved from /opt/airflow/dags/ETL_Without_Crawl.py
[2025-11-22T15:39:53.042+0000] {logging_mixin.py:190} INFO - [2025-11-22T15:39:53.042+0000] {dag.py:3239} INFO - Sync 1 DAGs
[2025-11-22T15:39:53.065+0000] {logging_mixin.py:190} INFO - [2025-11-22T15:39:53.065+0000] {dag.py:4180} INFO - Setting next_dagrun for etl_without_crawl to None, run_after=None
[2025-11-22T15:39:53.108+0000] {processor.py:208} INFO - Processing /opt/airflow/dags/ETL_Without_Crawl.py took 0.132 seconds
[2025-11-22T15:40:23.200+0000] {processor.py:186} INFO - Started process (PID=137) to work on /opt/airflow/dags/ETL_Without_Crawl.py
[2025-11-22T15:40:23.200+0000] {processor.py:914} INFO - Processing file /opt/airflow/dags/ETL_Without_Crawl.py for tasks to queue
[2025-11-22T15:40:23.202+0000] {logging_mixin.py:190} INFO - [2025-11-22T15:40:23.201+0000] {dagbag.py:588} INFO - Filling up the DagBag from /opt/airflow/dags/ETL_Without_Crawl.py
[2025-11-22T15:40:23.217+0000] {processor.py:925} INFO - DAG(s) 'etl_without_crawl' retrieved from /opt/airflow/dags/ETL_Without_Crawl.py
[2025-11-22T15:40:23.259+0000] {logging_mixin.py:190} INFO - [2025-11-22T15:40:23.259+0000] {dag.py:3239} INFO - Sync 1 DAGs
[2025-11-22T15:40:23.280+0000] {logging_mixin.py:190} INFO - [2025-11-22T15:40:23.279+0000] {dag.py:4180} INFO - Setting next_dagrun for etl_without_crawl to None, run_after=None
[2025-11-22T15:40:23.320+0000] {processor.py:208} INFO - Processing /opt/airflow/dags/ETL_Without_Crawl.py took 0.128 seconds
[2025-11-22T15:40:53.371+0000] {processor.py:186} INFO - Started process (PID=141) to work on /opt/airflow/dags/ETL_Without_Crawl.py
[2025-11-22T15:40:53.372+0000] {processor.py:914} INFO - Processing file /opt/airflow/dags/ETL_Without_Crawl.py for tasks to queue
[2025-11-22T15:40:53.373+0000] {logging_mixin.py:190} INFO - [2025-11-22T15:40:53.373+0000] {dagbag.py:588} INFO - Filling up the DagBag from /opt/airflow/dags/ETL_Without_Crawl.py
[2025-11-22T15:40:53.395+0000] {processor.py:925} INFO - DAG(s) 'etl_without_crawl' retrieved from /opt/airflow/dags/ETL_Without_Crawl.py
[2025-11-22T15:40:53.431+0000] {logging_mixin.py:190} INFO - [2025-11-22T15:40:53.431+0000] {dag.py:3239} INFO - Sync 1 DAGs
[2025-11-22T15:40:53.449+0000] {logging_mixin.py:190} INFO - [2025-11-22T15:40:53.449+0000] {dag.py:4180} INFO - Setting next_dagrun for etl_without_crawl to None, run_after=None
[2025-11-22T15:40:53.476+0000] {processor.py:208} INFO - Processing /opt/airflow/dags/ETL_Without_Crawl.py took 0.113 seconds
[2025-11-22T15:41:23.603+0000] {processor.py:186} INFO - Started process (PID=145) to work on /opt/airflow/dags/ETL_Without_Crawl.py
[2025-11-22T15:41:23.603+0000] {processor.py:914} INFO - Processing file /opt/airflow/dags/ETL_Without_Crawl.py for tasks to queue
[2025-11-22T15:41:23.605+0000] {logging_mixin.py:190} INFO - [2025-11-22T15:41:23.605+0000] {dagbag.py:588} INFO - Filling up the DagBag from /opt/airflow/dags/ETL_Without_Crawl.py
[2025-11-22T15:41:23.634+0000] {processor.py:925} INFO - DAG(s) 'etl_without_crawl' retrieved from /opt/airflow/dags/ETL_Without_Crawl.py
[2025-11-22T15:41:23.694+0000] {logging_mixin.py:190} INFO - [2025-11-22T15:41:23.694+0000] {dag.py:3239} INFO - Sync 1 DAGs
[2025-11-22T15:41:23.734+0000] {logging_mixin.py:190} INFO - [2025-11-22T15:41:23.734+0000] {dag.py:4180} INFO - Setting next_dagrun for etl_without_crawl to None, run_after=None
[2025-11-22T15:41:23.797+0000] {processor.py:208} INFO - Processing /opt/airflow/dags/ETL_Without_Crawl.py took 0.203 seconds
[2025-11-22T15:41:53.952+0000] {processor.py:186} INFO - Started process (PID=149) to work on /opt/airflow/dags/ETL_Without_Crawl.py
[2025-11-22T15:41:53.955+0000] {processor.py:914} INFO - Processing file /opt/airflow/dags/ETL_Without_Crawl.py for tasks to queue
[2025-11-22T15:41:53.961+0000] {logging_mixin.py:190} INFO - [2025-11-22T15:41:53.958+0000] {dagbag.py:588} INFO - Filling up the DagBag from /opt/airflow/dags/ETL_Without_Crawl.py
[2025-11-22T15:41:54.010+0000] {processor.py:925} INFO - DAG(s) 'etl_without_crawl' retrieved from /opt/airflow/dags/ETL_Without_Crawl.py
[2025-11-22T15:41:54.112+0000] {logging_mixin.py:190} INFO - [2025-11-22T15:41:54.112+0000] {dag.py:3239} INFO - Sync 1 DAGs
[2025-11-22T15:41:54.148+0000] {logging_mixin.py:190} INFO - [2025-11-22T15:41:54.147+0000] {dag.py:4180} INFO - Setting next_dagrun for etl_without_crawl to None, run_after=None
[2025-11-22T15:41:54.198+0000] {processor.py:208} INFO - Processing /opt/airflow/dags/ETL_Without_Crawl.py took 0.274 seconds
[2025-11-22T15:42:24.303+0000] {processor.py:186} INFO - Started process (PID=153) to work on /opt/airflow/dags/ETL_Without_Crawl.py
[2025-11-22T15:42:24.306+0000] {processor.py:914} INFO - Processing file /opt/airflow/dags/ETL_Without_Crawl.py for tasks to queue
[2025-11-22T15:42:24.311+0000] {logging_mixin.py:190} INFO - [2025-11-22T15:42:24.310+0000] {dagbag.py:588} INFO - Filling up the DagBag from /opt/airflow/dags/ETL_Without_Crawl.py
[2025-11-22T15:42:24.367+0000] {processor.py:925} INFO - DAG(s) 'etl_without_crawl' retrieved from /opt/airflow/dags/ETL_Without_Crawl.py
[2025-11-22T15:42:24.460+0000] {logging_mixin.py:190} INFO - [2025-11-22T15:42:24.459+0000] {dag.py:3239} INFO - Sync 1 DAGs
[2025-11-22T15:42:24.512+0000] {logging_mixin.py:190} INFO - [2025-11-22T15:42:24.512+0000] {dag.py:4180} INFO - Setting next_dagrun for etl_without_crawl to None, run_after=None
[2025-11-22T15:42:24.568+0000] {processor.py:208} INFO - Processing /opt/airflow/dags/ETL_Without_Crawl.py took 0.285 seconds
[2025-11-22T15:42:55.282+0000] {processor.py:186} INFO - Started process (PID=157) to work on /opt/airflow/dags/ETL_Without_Crawl.py
[2025-11-22T15:42:55.286+0000] {processor.py:914} INFO - Processing file /opt/airflow/dags/ETL_Without_Crawl.py for tasks to queue
[2025-11-22T15:42:55.288+0000] {logging_mixin.py:190} INFO - [2025-11-22T15:42:55.288+0000] {dagbag.py:588} INFO - Filling up the DagBag from /opt/airflow/dags/ETL_Without_Crawl.py
[2025-11-22T15:42:55.318+0000] {processor.py:925} INFO - DAG(s) 'etl_without_crawl' retrieved from /opt/airflow/dags/ETL_Without_Crawl.py
[2025-11-22T15:42:55.390+0000] {logging_mixin.py:190} INFO - [2025-11-22T15:42:55.389+0000] {dag.py:3239} INFO - Sync 1 DAGs
[2025-11-22T15:42:55.431+0000] {logging_mixin.py:190} INFO - [2025-11-22T15:42:55.431+0000] {dag.py:4180} INFO - Setting next_dagrun for etl_without_crawl to None, run_after=None
[2025-11-22T15:42:55.487+0000] {processor.py:208} INFO - Processing /opt/airflow/dags/ETL_Without_Crawl.py took 0.221 seconds
[2025-11-22T15:43:25.920+0000] {processor.py:186} INFO - Started process (PID=161) to work on /opt/airflow/dags/ETL_Without_Crawl.py
[2025-11-22T15:43:25.921+0000] {processor.py:914} INFO - Processing file /opt/airflow/dags/ETL_Without_Crawl.py for tasks to queue
[2025-11-22T15:43:25.924+0000] {logging_mixin.py:190} INFO - [2025-11-22T15:43:25.923+0000] {dagbag.py:588} INFO - Filling up the DagBag from /opt/airflow/dags/ETL_Without_Crawl.py
[2025-11-22T15:43:25.963+0000] {processor.py:925} INFO - DAG(s) 'etl_without_crawl' retrieved from /opt/airflow/dags/ETL_Without_Crawl.py
[2025-11-22T15:43:26.033+0000] {logging_mixin.py:190} INFO - [2025-11-22T15:43:26.033+0000] {dag.py:3239} INFO - Sync 1 DAGs
[2025-11-22T15:43:26.079+0000] {logging_mixin.py:190} INFO - [2025-11-22T15:43:26.079+0000] {dag.py:4180} INFO - Setting next_dagrun for etl_without_crawl to None, run_after=None
[2025-11-22T15:43:26.127+0000] {processor.py:208} INFO - Processing /opt/airflow/dags/ETL_Without_Crawl.py took 0.221 seconds
[2025-11-22T15:43:56.178+0000] {processor.py:186} INFO - Started process (PID=165) to work on /opt/airflow/dags/ETL_Without_Crawl.py
[2025-11-22T15:43:56.179+0000] {processor.py:914} INFO - Processing file /opt/airflow/dags/ETL_Without_Crawl.py for tasks to queue
[2025-11-22T15:43:56.180+0000] {logging_mixin.py:190} INFO - [2025-11-22T15:43:56.180+0000] {dagbag.py:588} INFO - Filling up the DagBag from /opt/airflow/dags/ETL_Without_Crawl.py
[2025-11-22T15:43:56.196+0000] {processor.py:925} INFO - DAG(s) 'etl_without_crawl' retrieved from /opt/airflow/dags/ETL_Without_Crawl.py
[2025-11-22T15:43:56.238+0000] {logging_mixin.py:190} INFO - [2025-11-22T15:43:56.238+0000] {dag.py:3239} INFO - Sync 1 DAGs
[2025-11-22T15:43:56.259+0000] {logging_mixin.py:190} INFO - [2025-11-22T15:43:56.259+0000] {dag.py:4180} INFO - Setting next_dagrun for etl_without_crawl to None, run_after=None
[2025-11-22T15:43:56.291+0000] {processor.py:208} INFO - Processing /opt/airflow/dags/ETL_Without_Crawl.py took 0.119 seconds
[2025-11-22T15:44:29.542+0000] {processor.py:186} INFO - Started process (PID=169) to work on /opt/airflow/dags/ETL_Without_Crawl.py
[2025-11-22T15:44:29.542+0000] {processor.py:914} INFO - Processing file /opt/airflow/dags/ETL_Without_Crawl.py for tasks to queue
[2025-11-22T15:44:29.545+0000] {logging_mixin.py:190} INFO - [2025-11-22T15:44:29.544+0000] {dagbag.py:588} INFO - Filling up the DagBag from /opt/airflow/dags/ETL_Without_Crawl.py
[2025-11-22T15:44:29.576+0000] {processor.py:925} INFO - DAG(s) 'etl_without_crawl' retrieved from /opt/airflow/dags/ETL_Without_Crawl.py
[2025-11-22T15:44:29.673+0000] {logging_mixin.py:190} INFO - [2025-11-22T15:44:29.673+0000] {dag.py:3239} INFO - Sync 1 DAGs
[2025-11-22T15:44:29.701+0000] {logging_mixin.py:190} INFO - [2025-11-22T15:44:29.700+0000] {dag.py:4180} INFO - Setting next_dagrun for etl_without_crawl to None, run_after=None
[2025-11-22T15:44:29.745+0000] {processor.py:208} INFO - Processing /opt/airflow/dags/ETL_Without_Crawl.py took 0.214 seconds
[2025-11-22T15:45:02.051+0000] {processor.py:186} INFO - Started process (PID=173) to work on /opt/airflow/dags/ETL_Without_Crawl.py
[2025-11-22T15:45:02.052+0000] {processor.py:914} INFO - Processing file /opt/airflow/dags/ETL_Without_Crawl.py for tasks to queue
[2025-11-22T15:45:02.053+0000] {logging_mixin.py:190} INFO - [2025-11-22T15:45:02.053+0000] {dagbag.py:588} INFO - Filling up the DagBag from /opt/airflow/dags/ETL_Without_Crawl.py
[2025-11-22T15:45:02.070+0000] {processor.py:925} INFO - DAG(s) 'etl_without_crawl' retrieved from /opt/airflow/dags/ETL_Without_Crawl.py
[2025-11-22T15:45:02.112+0000] {logging_mixin.py:190} INFO - [2025-11-22T15:45:02.112+0000] {dag.py:3239} INFO - Sync 1 DAGs
[2025-11-22T15:45:02.135+0000] {logging_mixin.py:190} INFO - [2025-11-22T15:45:02.135+0000] {dag.py:4180} INFO - Setting next_dagrun for etl_without_crawl to None, run_after=None
[2025-11-22T15:45:02.163+0000] {processor.py:208} INFO - Processing /opt/airflow/dags/ETL_Without_Crawl.py took 0.120 seconds
[2025-11-22T15:45:32.462+0000] {processor.py:186} INFO - Started process (PID=177) to work on /opt/airflow/dags/ETL_Without_Crawl.py
[2025-11-22T15:45:32.463+0000] {processor.py:914} INFO - Processing file /opt/airflow/dags/ETL_Without_Crawl.py for tasks to queue
[2025-11-22T15:45:32.464+0000] {logging_mixin.py:190} INFO - [2025-11-22T15:45:32.464+0000] {dagbag.py:588} INFO - Filling up the DagBag from /opt/airflow/dags/ETL_Without_Crawl.py
[2025-11-22T15:45:32.488+0000] {processor.py:925} INFO - DAG(s) 'etl_without_crawl' retrieved from /opt/airflow/dags/ETL_Without_Crawl.py
[2025-11-22T15:45:32.539+0000] {logging_mixin.py:190} INFO - [2025-11-22T15:45:32.538+0000] {dag.py:3239} INFO - Sync 1 DAGs
[2025-11-22T15:45:32.564+0000] {logging_mixin.py:190} INFO - [2025-11-22T15:45:32.564+0000] {dag.py:4180} INFO - Setting next_dagrun for etl_without_crawl to None, run_after=None
[2025-11-22T15:45:32.603+0000] {processor.py:208} INFO - Processing /opt/airflow/dags/ETL_Without_Crawl.py took 0.150 seconds
[2025-11-22T15:46:03.772+0000] {processor.py:186} INFO - Started process (PID=181) to work on /opt/airflow/dags/ETL_Without_Crawl.py
[2025-11-22T15:46:03.773+0000] {processor.py:914} INFO - Processing file /opt/airflow/dags/ETL_Without_Crawl.py for tasks to queue
[2025-11-22T15:46:03.775+0000] {logging_mixin.py:190} INFO - [2025-11-22T15:46:03.774+0000] {dagbag.py:588} INFO - Filling up the DagBag from /opt/airflow/dags/ETL_Without_Crawl.py
[2025-11-22T15:46:03.801+0000] {processor.py:925} INFO - DAG(s) 'etl_without_crawl' retrieved from /opt/airflow/dags/ETL_Without_Crawl.py
[2025-11-22T15:46:03.868+0000] {logging_mixin.py:190} INFO - [2025-11-22T15:46:03.868+0000] {dag.py:3239} INFO - Sync 1 DAGs
[2025-11-22T15:46:03.904+0000] {logging_mixin.py:190} INFO - [2025-11-22T15:46:03.904+0000] {dag.py:4180} INFO - Setting next_dagrun for etl_without_crawl to None, run_after=None
[2025-11-22T15:46:03.955+0000] {processor.py:208} INFO - Processing /opt/airflow/dags/ETL_Without_Crawl.py took 0.193 seconds
[2025-11-22T15:46:34.770+0000] {processor.py:186} INFO - Started process (PID=185) to work on /opt/airflow/dags/ETL_Without_Crawl.py
[2025-11-22T15:46:34.771+0000] {processor.py:914} INFO - Processing file /opt/airflow/dags/ETL_Without_Crawl.py for tasks to queue
[2025-11-22T15:46:34.774+0000] {logging_mixin.py:190} INFO - [2025-11-22T15:46:34.774+0000] {dagbag.py:588} INFO - Filling up the DagBag from /opt/airflow/dags/ETL_Without_Crawl.py
[2025-11-22T15:46:34.809+0000] {processor.py:925} INFO - DAG(s) 'etl_without_crawl' retrieved from /opt/airflow/dags/ETL_Without_Crawl.py
[2025-11-22T15:46:34.889+0000] {logging_mixin.py:190} INFO - [2025-11-22T15:46:34.888+0000] {dag.py:3239} INFO - Sync 1 DAGs
[2025-11-22T15:46:34.941+0000] {logging_mixin.py:190} INFO - [2025-11-22T15:46:34.940+0000] {dag.py:4180} INFO - Setting next_dagrun for etl_without_crawl to None, run_after=None
[2025-11-22T15:46:34.988+0000] {processor.py:208} INFO - Processing /opt/airflow/dags/ETL_Without_Crawl.py took 0.232 seconds
[2025-11-22T15:47:05.495+0000] {processor.py:186} INFO - Started process (PID=189) to work on /opt/airflow/dags/ETL_Without_Crawl.py
[2025-11-22T15:47:05.496+0000] {processor.py:914} INFO - Processing file /opt/airflow/dags/ETL_Without_Crawl.py for tasks to queue
[2025-11-22T15:47:05.498+0000] {logging_mixin.py:190} INFO - [2025-11-22T15:47:05.498+0000] {dagbag.py:588} INFO - Filling up the DagBag from /opt/airflow/dags/ETL_Without_Crawl.py
[2025-11-22T15:47:05.527+0000] {processor.py:925} INFO - DAG(s) 'etl_without_crawl' retrieved from /opt/airflow/dags/ETL_Without_Crawl.py
[2025-11-22T15:47:05.589+0000] {logging_mixin.py:190} INFO - [2025-11-22T15:47:05.589+0000] {dag.py:3239} INFO - Sync 1 DAGs
[2025-11-22T15:47:05.615+0000] {logging_mixin.py:190} INFO - [2025-11-22T15:47:05.615+0000] {dag.py:4180} INFO - Setting next_dagrun for etl_without_crawl to None, run_after=None
[2025-11-22T15:47:05.697+0000] {processor.py:208} INFO - Processing /opt/airflow/dags/ETL_Without_Crawl.py took 0.211 seconds
[2025-11-22T15:47:36.240+0000] {processor.py:186} INFO - Started process (PID=193) to work on /opt/airflow/dags/ETL_Without_Crawl.py
[2025-11-22T15:47:36.241+0000] {processor.py:914} INFO - Processing file /opt/airflow/dags/ETL_Without_Crawl.py for tasks to queue
[2025-11-22T15:47:36.243+0000] {logging_mixin.py:190} INFO - [2025-11-22T15:47:36.243+0000] {dagbag.py:588} INFO - Filling up the DagBag from /opt/airflow/dags/ETL_Without_Crawl.py
[2025-11-22T15:47:36.276+0000] {processor.py:925} INFO - DAG(s) 'etl_without_crawl' retrieved from /opt/airflow/dags/ETL_Without_Crawl.py
[2025-11-22T15:47:36.353+0000] {logging_mixin.py:190} INFO - [2025-11-22T15:47:36.353+0000] {dag.py:3239} INFO - Sync 1 DAGs
[2025-11-22T15:47:36.391+0000] {logging_mixin.py:190} INFO - [2025-11-22T15:47:36.390+0000] {dag.py:4180} INFO - Setting next_dagrun for etl_without_crawl to None, run_after=None
[2025-11-22T15:47:36.446+0000] {processor.py:208} INFO - Processing /opt/airflow/dags/ETL_Without_Crawl.py took 0.218 seconds
[2025-11-22T15:48:06.682+0000] {processor.py:186} INFO - Started process (PID=197) to work on /opt/airflow/dags/ETL_Without_Crawl.py
[2025-11-22T15:48:06.683+0000] {processor.py:914} INFO - Processing file /opt/airflow/dags/ETL_Without_Crawl.py for tasks to queue
[2025-11-22T15:48:06.685+0000] {logging_mixin.py:190} INFO - [2025-11-22T15:48:06.685+0000] {dagbag.py:588} INFO - Filling up the DagBag from /opt/airflow/dags/ETL_Without_Crawl.py
[2025-11-22T15:48:06.706+0000] {processor.py:925} INFO - DAG(s) 'etl_without_crawl' retrieved from /opt/airflow/dags/ETL_Without_Crawl.py
[2025-11-22T15:48:06.757+0000] {logging_mixin.py:190} INFO - [2025-11-22T15:48:06.756+0000] {dag.py:3239} INFO - Sync 1 DAGs
[2025-11-22T15:48:06.783+0000] {logging_mixin.py:190} INFO - [2025-11-22T15:48:06.783+0000] {dag.py:4180} INFO - Setting next_dagrun for etl_without_crawl to None, run_after=None
[2025-11-22T15:48:06.829+0000] {processor.py:208} INFO - Processing /opt/airflow/dags/ETL_Without_Crawl.py took 0.154 seconds
[2025-11-22T15:48:39.050+0000] {processor.py:186} INFO - Started process (PID=201) to work on /opt/airflow/dags/ETL_Without_Crawl.py
[2025-11-22T15:48:39.051+0000] {processor.py:914} INFO - Processing file /opt/airflow/dags/ETL_Without_Crawl.py for tasks to queue
[2025-11-22T15:48:39.052+0000] {logging_mixin.py:190} INFO - [2025-11-22T15:48:39.052+0000] {dagbag.py:588} INFO - Filling up the DagBag from /opt/airflow/dags/ETL_Without_Crawl.py
[2025-11-22T15:48:39.079+0000] {processor.py:925} INFO - DAG(s) 'etl_without_crawl' retrieved from /opt/airflow/dags/ETL_Without_Crawl.py
[2025-11-22T15:48:39.135+0000] {logging_mixin.py:190} INFO - [2025-11-22T15:48:39.135+0000] {dag.py:3239} INFO - Sync 1 DAGs
[2025-11-22T15:48:39.160+0000] {logging_mixin.py:190} INFO - [2025-11-22T15:48:39.160+0000] {dag.py:4180} INFO - Setting next_dagrun for etl_without_crawl to None, run_after=None
[2025-11-22T15:48:39.205+0000] {processor.py:208} INFO - Processing /opt/airflow/dags/ETL_Without_Crawl.py took 0.163 seconds
[2025-11-22T15:49:12.461+0000] {processor.py:186} INFO - Started process (PID=205) to work on /opt/airflow/dags/ETL_Without_Crawl.py
[2025-11-22T15:49:12.462+0000] {processor.py:914} INFO - Processing file /opt/airflow/dags/ETL_Without_Crawl.py for tasks to queue
[2025-11-22T15:49:12.464+0000] {logging_mixin.py:190} INFO - [2025-11-22T15:49:12.463+0000] {dagbag.py:588} INFO - Filling up the DagBag from /opt/airflow/dags/ETL_Without_Crawl.py
[2025-11-22T15:49:12.483+0000] {processor.py:925} INFO - DAG(s) 'etl_without_crawl' retrieved from /opt/airflow/dags/ETL_Without_Crawl.py
[2025-11-22T15:49:12.583+0000] {logging_mixin.py:190} INFO - [2025-11-22T15:49:12.583+0000] {dag.py:3239} INFO - Sync 1 DAGs
[2025-11-22T15:49:12.641+0000] {logging_mixin.py:190} INFO - [2025-11-22T15:49:12.641+0000] {dag.py:4180} INFO - Setting next_dagrun for etl_without_crawl to None, run_after=None
[2025-11-22T15:49:12.701+0000] {processor.py:208} INFO - Processing /opt/airflow/dags/ETL_Without_Crawl.py took 0.248 seconds
[2025-11-22T15:49:43.086+0000] {processor.py:186} INFO - Started process (PID=209) to work on /opt/airflow/dags/ETL_Without_Crawl.py
[2025-11-22T15:49:43.087+0000] {processor.py:914} INFO - Processing file /opt/airflow/dags/ETL_Without_Crawl.py for tasks to queue
[2025-11-22T15:49:43.088+0000] {logging_mixin.py:190} INFO - [2025-11-22T15:49:43.087+0000] {dagbag.py:588} INFO - Filling up the DagBag from /opt/airflow/dags/ETL_Without_Crawl.py
[2025-11-22T15:49:43.103+0000] {processor.py:925} INFO - DAG(s) 'etl_without_crawl' retrieved from /opt/airflow/dags/ETL_Without_Crawl.py
[2025-11-22T15:49:43.143+0000] {logging_mixin.py:190} INFO - [2025-11-22T15:49:43.143+0000] {dag.py:3239} INFO - Sync 1 DAGs
[2025-11-22T15:49:43.168+0000] {logging_mixin.py:190} INFO - [2025-11-22T15:49:43.168+0000] {dag.py:4180} INFO - Setting next_dagrun for etl_without_crawl to None, run_after=None
[2025-11-22T15:49:43.214+0000] {processor.py:208} INFO - Processing /opt/airflow/dags/ETL_Without_Crawl.py took 0.138 seconds
[2025-11-22T15:50:13.380+0000] {processor.py:186} INFO - Started process (PID=213) to work on /opt/airflow/dags/ETL_Without_Crawl.py
[2025-11-22T15:50:13.381+0000] {processor.py:914} INFO - Processing file /opt/airflow/dags/ETL_Without_Crawl.py for tasks to queue
[2025-11-22T15:50:13.383+0000] {logging_mixin.py:190} INFO - [2025-11-22T15:50:13.383+0000] {dagbag.py:588} INFO - Filling up the DagBag from /opt/airflow/dags/ETL_Without_Crawl.py
[2025-11-22T15:50:13.406+0000] {processor.py:925} INFO - DAG(s) 'etl_without_crawl' retrieved from /opt/airflow/dags/ETL_Without_Crawl.py
[2025-11-22T15:50:13.458+0000] {logging_mixin.py:190} INFO - [2025-11-22T15:50:13.458+0000] {dag.py:3239} INFO - Sync 1 DAGs
[2025-11-22T15:50:13.486+0000] {logging_mixin.py:190} INFO - [2025-11-22T15:50:13.486+0000] {dag.py:4180} INFO - Setting next_dagrun for etl_without_crawl to None, run_after=None
[2025-11-22T15:50:13.531+0000] {processor.py:208} INFO - Processing /opt/airflow/dags/ETL_Without_Crawl.py took 0.159 seconds
[2025-11-22T15:50:44.175+0000] {processor.py:186} INFO - Started process (PID=217) to work on /opt/airflow/dags/ETL_Without_Crawl.py
[2025-11-22T15:50:44.176+0000] {processor.py:914} INFO - Processing file /opt/airflow/dags/ETL_Without_Crawl.py for tasks to queue
[2025-11-22T15:50:44.177+0000] {logging_mixin.py:190} INFO - [2025-11-22T15:50:44.177+0000] {dagbag.py:588} INFO - Filling up the DagBag from /opt/airflow/dags/ETL_Without_Crawl.py
[2025-11-22T15:50:44.200+0000] {processor.py:925} INFO - DAG(s) 'etl_without_crawl' retrieved from /opt/airflow/dags/ETL_Without_Crawl.py
[2025-11-22T15:50:44.260+0000] {logging_mixin.py:190} INFO - [2025-11-22T15:50:44.259+0000] {dag.py:3239} INFO - Sync 1 DAGs
[2025-11-22T15:50:44.288+0000] {logging_mixin.py:190} INFO - [2025-11-22T15:50:44.288+0000] {dag.py:4180} INFO - Setting next_dagrun for etl_without_crawl to None, run_after=None
[2025-11-22T15:50:44.339+0000] {processor.py:208} INFO - Processing /opt/airflow/dags/ETL_Without_Crawl.py took 0.172 seconds
[2025-11-22T15:51:15.969+0000] {processor.py:186} INFO - Started process (PID=221) to work on /opt/airflow/dags/ETL_Without_Crawl.py
[2025-11-22T15:51:15.970+0000] {processor.py:914} INFO - Processing file /opt/airflow/dags/ETL_Without_Crawl.py for tasks to queue
[2025-11-22T15:51:15.973+0000] {logging_mixin.py:190} INFO - [2025-11-22T15:51:15.973+0000] {dagbag.py:588} INFO - Filling up the DagBag from /opt/airflow/dags/ETL_Without_Crawl.py
[2025-11-22T15:51:16.014+0000] {processor.py:925} INFO - DAG(s) 'etl_without_crawl' retrieved from /opt/airflow/dags/ETL_Without_Crawl.py
[2025-11-22T15:51:16.112+0000] {logging_mixin.py:190} INFO - [2025-11-22T15:51:16.111+0000] {dag.py:3239} INFO - Sync 1 DAGs
[2025-11-22T15:51:16.197+0000] {logging_mixin.py:190} INFO - [2025-11-22T15:51:16.197+0000] {dag.py:4180} INFO - Setting next_dagrun for etl_without_crawl to None, run_after=None
[2025-11-22T15:51:16.269+0000] {processor.py:208} INFO - Processing /opt/airflow/dags/ETL_Without_Crawl.py took 0.313 seconds
[2025-11-22T15:51:46.472+0000] {processor.py:186} INFO - Started process (PID=225) to work on /opt/airflow/dags/ETL_Without_Crawl.py
[2025-11-22T15:51:46.473+0000] {processor.py:914} INFO - Processing file /opt/airflow/dags/ETL_Without_Crawl.py for tasks to queue
[2025-11-22T15:51:46.475+0000] {logging_mixin.py:190} INFO - [2025-11-22T15:51:46.475+0000] {dagbag.py:588} INFO - Filling up the DagBag from /opt/airflow/dags/ETL_Without_Crawl.py
[2025-11-22T15:51:46.494+0000] {processor.py:925} INFO - DAG(s) 'etl_without_crawl' retrieved from /opt/airflow/dags/ETL_Without_Crawl.py
[2025-11-22T15:51:46.551+0000] {logging_mixin.py:190} INFO - [2025-11-22T15:51:46.551+0000] {dag.py:3239} INFO - Sync 1 DAGs
[2025-11-22T15:51:46.579+0000] {logging_mixin.py:190} INFO - [2025-11-22T15:51:46.578+0000] {dag.py:4180} INFO - Setting next_dagrun for etl_without_crawl to None, run_after=None
[2025-11-22T15:51:46.621+0000] {processor.py:208} INFO - Processing /opt/airflow/dags/ETL_Without_Crawl.py took 0.154 seconds
[2025-11-22T15:52:16.717+0000] {processor.py:186} INFO - Started process (PID=229) to work on /opt/airflow/dags/ETL_Without_Crawl.py
[2025-11-22T15:52:16.718+0000] {processor.py:914} INFO - Processing file /opt/airflow/dags/ETL_Without_Crawl.py for tasks to queue
[2025-11-22T15:52:16.720+0000] {logging_mixin.py:190} INFO - [2025-11-22T15:52:16.720+0000] {dagbag.py:588} INFO - Filling up the DagBag from /opt/airflow/dags/ETL_Without_Crawl.py
[2025-11-22T15:52:16.742+0000] {processor.py:925} INFO - DAG(s) 'etl_without_crawl' retrieved from /opt/airflow/dags/ETL_Without_Crawl.py
[2025-11-22T15:52:16.800+0000] {logging_mixin.py:190} INFO - [2025-11-22T15:52:16.800+0000] {dag.py:3239} INFO - Sync 1 DAGs
[2025-11-22T15:52:16.829+0000] {logging_mixin.py:190} INFO - [2025-11-22T15:52:16.828+0000] {dag.py:4180} INFO - Setting next_dagrun for etl_without_crawl to None, run_after=None
[2025-11-22T15:52:16.885+0000] {processor.py:208} INFO - Processing /opt/airflow/dags/ETL_Without_Crawl.py took 0.175 seconds
[2025-11-22T15:52:49.236+0000] {processor.py:186} INFO - Started process (PID=233) to work on /opt/airflow/dags/ETL_Without_Crawl.py
[2025-11-22T15:52:49.240+0000] {processor.py:914} INFO - Processing file /opt/airflow/dags/ETL_Without_Crawl.py for tasks to queue
[2025-11-22T15:52:49.243+0000] {logging_mixin.py:190} INFO - [2025-11-22T15:52:49.243+0000] {dagbag.py:588} INFO - Filling up the DagBag from /opt/airflow/dags/ETL_Without_Crawl.py
[2025-11-22T15:52:49.274+0000] {processor.py:925} INFO - DAG(s) 'etl_without_crawl' retrieved from /opt/airflow/dags/ETL_Without_Crawl.py
[2025-11-22T15:52:49.340+0000] {logging_mixin.py:190} INFO - [2025-11-22T15:52:49.340+0000] {dag.py:3239} INFO - Sync 1 DAGs
[2025-11-22T15:52:49.375+0000] {logging_mixin.py:190} INFO - [2025-11-22T15:52:49.375+0000] {dag.py:4180} INFO - Setting next_dagrun for etl_without_crawl to None, run_after=None
[2025-11-22T15:52:49.430+0000] {processor.py:208} INFO - Processing /opt/airflow/dags/ETL_Without_Crawl.py took 0.206 seconds
[2025-11-22T15:53:21.933+0000] {processor.py:186} INFO - Started process (PID=237) to work on /opt/airflow/dags/ETL_Without_Crawl.py
[2025-11-22T15:53:21.933+0000] {processor.py:914} INFO - Processing file /opt/airflow/dags/ETL_Without_Crawl.py for tasks to queue
[2025-11-22T15:53:21.935+0000] {logging_mixin.py:190} INFO - [2025-11-22T15:53:21.935+0000] {dagbag.py:588} INFO - Filling up the DagBag from /opt/airflow/dags/ETL_Without_Crawl.py
[2025-11-22T15:53:21.960+0000] {processor.py:925} INFO - DAG(s) 'etl_without_crawl' retrieved from /opt/airflow/dags/ETL_Without_Crawl.py
[2025-11-22T15:53:22.010+0000] {logging_mixin.py:190} INFO - [2025-11-22T15:53:22.009+0000] {dag.py:3239} INFO - Sync 1 DAGs
[2025-11-22T15:53:22.029+0000] {logging_mixin.py:190} INFO - [2025-11-22T15:53:22.029+0000] {dag.py:4180} INFO - Setting next_dagrun for etl_without_crawl to None, run_after=None
[2025-11-22T15:53:22.075+0000] {processor.py:208} INFO - Processing /opt/airflow/dags/ETL_Without_Crawl.py took 0.150 seconds
[2025-11-22T15:53:53.337+0000] {processor.py:186} INFO - Started process (PID=241) to work on /opt/airflow/dags/ETL_Without_Crawl.py
[2025-11-22T15:53:53.338+0000] {processor.py:914} INFO - Processing file /opt/airflow/dags/ETL_Without_Crawl.py for tasks to queue
[2025-11-22T15:53:53.340+0000] {logging_mixin.py:190} INFO - [2025-11-22T15:53:53.340+0000] {dagbag.py:588} INFO - Filling up the DagBag from /opt/airflow/dags/ETL_Without_Crawl.py
[2025-11-22T15:53:53.368+0000] {processor.py:925} INFO - DAG(s) 'etl_without_crawl' retrieved from /opt/airflow/dags/ETL_Without_Crawl.py
[2025-11-22T15:53:53.423+0000] {logging_mixin.py:190} INFO - [2025-11-22T15:53:53.423+0000] {dag.py:3239} INFO - Sync 1 DAGs
[2025-11-22T15:53:53.448+0000] {logging_mixin.py:190} INFO - [2025-11-22T15:53:53.448+0000] {dag.py:4180} INFO - Setting next_dagrun for etl_without_crawl to None, run_after=None
[2025-11-22T15:53:53.487+0000] {processor.py:208} INFO - Processing /opt/airflow/dags/ETL_Without_Crawl.py took 0.159 seconds
[2025-11-22T15:54:23.559+0000] {processor.py:186} INFO - Started process (PID=245) to work on /opt/airflow/dags/ETL_Without_Crawl.py
[2025-11-22T15:54:23.560+0000] {processor.py:914} INFO - Processing file /opt/airflow/dags/ETL_Without_Crawl.py for tasks to queue
[2025-11-22T15:54:23.561+0000] {logging_mixin.py:190} INFO - [2025-11-22T15:54:23.561+0000] {dagbag.py:588} INFO - Filling up the DagBag from /opt/airflow/dags/ETL_Without_Crawl.py
[2025-11-22T15:54:23.576+0000] {processor.py:925} INFO - DAG(s) 'etl_without_crawl' retrieved from /opt/airflow/dags/ETL_Without_Crawl.py
[2025-11-22T15:54:23.614+0000] {logging_mixin.py:190} INFO - [2025-11-22T15:54:23.614+0000] {dag.py:3239} INFO - Sync 1 DAGs
[2025-11-22T15:54:23.634+0000] {logging_mixin.py:190} INFO - [2025-11-22T15:54:23.634+0000] {dag.py:4180} INFO - Setting next_dagrun for etl_without_crawl to None, run_after=None
[2025-11-22T15:54:23.667+0000] {processor.py:208} INFO - Processing /opt/airflow/dags/ETL_Without_Crawl.py took 0.113 seconds
[2025-11-22T15:54:54.242+0000] {processor.py:186} INFO - Started process (PID=249) to work on /opt/airflow/dags/ETL_Without_Crawl.py
[2025-11-22T15:54:54.244+0000] {processor.py:914} INFO - Processing file /opt/airflow/dags/ETL_Without_Crawl.py for tasks to queue
[2025-11-22T15:54:54.246+0000] {logging_mixin.py:190} INFO - [2025-11-22T15:54:54.246+0000] {dagbag.py:588} INFO - Filling up the DagBag from /opt/airflow/dags/ETL_Without_Crawl.py
[2025-11-22T15:54:54.269+0000] {processor.py:925} INFO - DAG(s) 'etl_without_crawl' retrieved from /opt/airflow/dags/ETL_Without_Crawl.py
[2025-11-22T15:54:54.327+0000] {logging_mixin.py:190} INFO - [2025-11-22T15:54:54.327+0000] {dag.py:3239} INFO - Sync 1 DAGs
[2025-11-22T15:54:54.360+0000] {logging_mixin.py:190} INFO - [2025-11-22T15:54:54.359+0000] {dag.py:4180} INFO - Setting next_dagrun for etl_without_crawl to None, run_after=None
[2025-11-22T15:54:54.404+0000] {processor.py:208} INFO - Processing /opt/airflow/dags/ETL_Without_Crawl.py took 0.171 seconds
[2025-11-22T15:55:25.079+0000] {processor.py:186} INFO - Started process (PID=253) to work on /opt/airflow/dags/ETL_Without_Crawl.py
[2025-11-22T15:55:25.080+0000] {processor.py:914} INFO - Processing file /opt/airflow/dags/ETL_Without_Crawl.py for tasks to queue
[2025-11-22T15:55:25.082+0000] {logging_mixin.py:190} INFO - [2025-11-22T15:55:25.082+0000] {dagbag.py:588} INFO - Filling up the DagBag from /opt/airflow/dags/ETL_Without_Crawl.py
[2025-11-22T15:55:25.098+0000] {processor.py:925} INFO - DAG(s) 'etl_without_crawl' retrieved from /opt/airflow/dags/ETL_Without_Crawl.py
[2025-11-22T15:55:25.135+0000] {logging_mixin.py:190} INFO - [2025-11-22T15:55:25.135+0000] {dag.py:3239} INFO - Sync 1 DAGs
[2025-11-22T15:55:25.154+0000] {logging_mixin.py:190} INFO - [2025-11-22T15:55:25.154+0000] {dag.py:4180} INFO - Setting next_dagrun for etl_without_crawl to None, run_after=None
[2025-11-22T15:55:25.189+0000] {processor.py:208} INFO - Processing /opt/airflow/dags/ETL_Without_Crawl.py took 0.115 seconds
[2025-11-22T15:55:56.344+0000] {processor.py:186} INFO - Started process (PID=257) to work on /opt/airflow/dags/ETL_Without_Crawl.py
[2025-11-22T15:55:56.344+0000] {processor.py:914} INFO - Processing file /opt/airflow/dags/ETL_Without_Crawl.py for tasks to queue
[2025-11-22T15:55:56.346+0000] {logging_mixin.py:190} INFO - [2025-11-22T15:55:56.345+0000] {dagbag.py:588} INFO - Filling up the DagBag from /opt/airflow/dags/ETL_Without_Crawl.py
[2025-11-22T15:55:56.362+0000] {processor.py:925} INFO - DAG(s) 'etl_without_crawl' retrieved from /opt/airflow/dags/ETL_Without_Crawl.py
[2025-11-22T15:55:56.402+0000] {logging_mixin.py:190} INFO - [2025-11-22T15:55:56.402+0000] {dag.py:3239} INFO - Sync 1 DAGs
[2025-11-22T15:55:56.426+0000] {logging_mixin.py:190} INFO - [2025-11-22T15:55:56.426+0000] {dag.py:4180} INFO - Setting next_dagrun for etl_without_crawl to None, run_after=None
[2025-11-22T15:55:56.465+0000] {processor.py:208} INFO - Processing /opt/airflow/dags/ETL_Without_Crawl.py took 0.128 seconds
[2025-11-22T15:56:28.600+0000] {processor.py:186} INFO - Started process (PID=261) to work on /opt/airflow/dags/ETL_Without_Crawl.py
[2025-11-22T15:56:28.601+0000] {processor.py:914} INFO - Processing file /opt/airflow/dags/ETL_Without_Crawl.py for tasks to queue
[2025-11-22T15:56:28.602+0000] {logging_mixin.py:190} INFO - [2025-11-22T15:56:28.602+0000] {dagbag.py:588} INFO - Filling up the DagBag from /opt/airflow/dags/ETL_Without_Crawl.py
[2025-11-22T15:56:28.616+0000] {processor.py:925} INFO - DAG(s) 'etl_without_crawl' retrieved from /opt/airflow/dags/ETL_Without_Crawl.py
[2025-11-22T15:56:28.653+0000] {logging_mixin.py:190} INFO - [2025-11-22T15:56:28.653+0000] {dag.py:3239} INFO - Sync 1 DAGs
[2025-11-22T15:56:28.672+0000] {logging_mixin.py:190} INFO - [2025-11-22T15:56:28.672+0000] {dag.py:4180} INFO - Setting next_dagrun for etl_without_crawl to None, run_after=None
[2025-11-22T15:56:28.701+0000] {processor.py:208} INFO - Processing /opt/airflow/dags/ETL_Without_Crawl.py took 0.107 seconds
[2025-11-22T15:57:01.985+0000] {processor.py:186} INFO - Started process (PID=265) to work on /opt/airflow/dags/ETL_Without_Crawl.py
[2025-11-22T15:57:01.987+0000] {processor.py:914} INFO - Processing file /opt/airflow/dags/ETL_Without_Crawl.py for tasks to queue
[2025-11-22T15:57:01.992+0000] {logging_mixin.py:190} INFO - [2025-11-22T15:57:01.992+0000] {dagbag.py:588} INFO - Filling up the DagBag from /opt/airflow/dags/ETL_Without_Crawl.py
[2025-11-22T15:57:02.042+0000] {processor.py:925} INFO - DAG(s) 'etl_without_crawl' retrieved from /opt/airflow/dags/ETL_Without_Crawl.py
[2025-11-22T15:57:02.127+0000] {logging_mixin.py:190} INFO - [2025-11-22T15:57:02.127+0000] {dag.py:3239} INFO - Sync 1 DAGs
[2025-11-22T15:57:02.169+0000] {logging_mixin.py:190} INFO - [2025-11-22T15:57:02.168+0000] {dag.py:4180} INFO - Setting next_dagrun for etl_without_crawl to None, run_after=None
[2025-11-22T15:57:02.241+0000] {processor.py:208} INFO - Processing /opt/airflow/dags/ETL_Without_Crawl.py took 0.272 seconds
[2025-11-22T15:57:32.693+0000] {processor.py:186} INFO - Started process (PID=269) to work on /opt/airflow/dags/ETL_Without_Crawl.py
[2025-11-22T15:57:32.694+0000] {processor.py:914} INFO - Processing file /opt/airflow/dags/ETL_Without_Crawl.py for tasks to queue
[2025-11-22T15:57:32.695+0000] {logging_mixin.py:190} INFO - [2025-11-22T15:57:32.695+0000] {dagbag.py:588} INFO - Filling up the DagBag from /opt/airflow/dags/ETL_Without_Crawl.py
[2025-11-22T15:57:32.717+0000] {processor.py:925} INFO - DAG(s) 'etl_without_crawl' retrieved from /opt/airflow/dags/ETL_Without_Crawl.py
[2025-11-22T15:57:32.777+0000] {logging_mixin.py:190} INFO - [2025-11-22T15:57:32.777+0000] {dag.py:3239} INFO - Sync 1 DAGs
[2025-11-22T15:57:32.814+0000] {logging_mixin.py:190} INFO - [2025-11-22T15:57:32.814+0000] {dag.py:4180} INFO - Setting next_dagrun for etl_without_crawl to None, run_after=None
[2025-11-22T15:57:32.864+0000] {processor.py:208} INFO - Processing /opt/airflow/dags/ETL_Without_Crawl.py took 0.181 seconds
[2025-11-22T15:58:03.287+0000] {processor.py:186} INFO - Started process (PID=273) to work on /opt/airflow/dags/ETL_Without_Crawl.py
[2025-11-22T15:58:03.288+0000] {processor.py:914} INFO - Processing file /opt/airflow/dags/ETL_Without_Crawl.py for tasks to queue
[2025-11-22T15:58:03.290+0000] {logging_mixin.py:190} INFO - [2025-11-22T15:58:03.289+0000] {dagbag.py:588} INFO - Filling up the DagBag from /opt/airflow/dags/ETL_Without_Crawl.py
[2025-11-22T15:58:03.319+0000] {processor.py:925} INFO - DAG(s) 'etl_without_crawl' retrieved from /opt/airflow/dags/ETL_Without_Crawl.py
[2025-11-22T15:58:03.400+0000] {logging_mixin.py:190} INFO - [2025-11-22T15:58:03.400+0000] {dag.py:3239} INFO - Sync 1 DAGs
[2025-11-22T15:58:03.450+0000] {logging_mixin.py:190} INFO - [2025-11-22T15:58:03.450+0000] {dag.py:4180} INFO - Setting next_dagrun for etl_without_crawl to None, run_after=None
[2025-11-22T15:58:03.510+0000] {processor.py:208} INFO - Processing /opt/airflow/dags/ETL_Without_Crawl.py took 0.239 seconds
[2025-11-22T15:58:33.627+0000] {processor.py:186} INFO - Started process (PID=277) to work on /opt/airflow/dags/ETL_Without_Crawl.py
[2025-11-22T15:58:33.628+0000] {processor.py:914} INFO - Processing file /opt/airflow/dags/ETL_Without_Crawl.py for tasks to queue
[2025-11-22T15:58:33.629+0000] {logging_mixin.py:190} INFO - [2025-11-22T15:58:33.629+0000] {dagbag.py:588} INFO - Filling up the DagBag from /opt/airflow/dags/ETL_Without_Crawl.py
[2025-11-22T15:58:33.645+0000] {processor.py:925} INFO - DAG(s) 'etl_without_crawl' retrieved from /opt/airflow/dags/ETL_Without_Crawl.py
[2025-11-22T15:58:33.687+0000] {logging_mixin.py:190} INFO - [2025-11-22T15:58:33.687+0000] {dag.py:3239} INFO - Sync 1 DAGs
[2025-11-22T15:58:33.708+0000] {logging_mixin.py:190} INFO - [2025-11-22T15:58:33.708+0000] {dag.py:4180} INFO - Setting next_dagrun for etl_without_crawl to None, run_after=None
[2025-11-22T15:58:33.740+0000] {processor.py:208} INFO - Processing /opt/airflow/dags/ETL_Without_Crawl.py took 0.120 seconds
[2025-11-22T15:59:04.233+0000] {processor.py:186} INFO - Started process (PID=281) to work on /opt/airflow/dags/ETL_Without_Crawl.py
[2025-11-22T15:59:04.234+0000] {processor.py:914} INFO - Processing file /opt/airflow/dags/ETL_Without_Crawl.py for tasks to queue
[2025-11-22T15:59:04.236+0000] {logging_mixin.py:190} INFO - [2025-11-22T15:59:04.235+0000] {dagbag.py:588} INFO - Filling up the DagBag from /opt/airflow/dags/ETL_Without_Crawl.py
[2025-11-22T15:59:04.257+0000] {processor.py:925} INFO - DAG(s) 'etl_without_crawl' retrieved from /opt/airflow/dags/ETL_Without_Crawl.py
[2025-11-22T15:59:04.294+0000] {logging_mixin.py:190} INFO - [2025-11-22T15:59:04.294+0000] {dag.py:3239} INFO - Sync 1 DAGs
[2025-11-22T15:59:04.313+0000] {logging_mixin.py:190} INFO - [2025-11-22T15:59:04.313+0000] {dag.py:4180} INFO - Setting next_dagrun for etl_without_crawl to None, run_after=None
[2025-11-22T15:59:04.344+0000] {processor.py:208} INFO - Processing /opt/airflow/dags/ETL_Without_Crawl.py took 0.117 seconds
[2025-11-22T15:59:35.693+0000] {processor.py:186} INFO - Started process (PID=285) to work on /opt/airflow/dags/ETL_Without_Crawl.py
[2025-11-22T15:59:35.693+0000] {processor.py:914} INFO - Processing file /opt/airflow/dags/ETL_Without_Crawl.py for tasks to queue
[2025-11-22T15:59:35.694+0000] {logging_mixin.py:190} INFO - [2025-11-22T15:59:35.694+0000] {dagbag.py:588} INFO - Filling up the DagBag from /opt/airflow/dags/ETL_Without_Crawl.py
[2025-11-22T15:59:35.709+0000] {processor.py:925} INFO - DAG(s) 'etl_without_crawl' retrieved from /opt/airflow/dags/ETL_Without_Crawl.py
[2025-11-22T15:59:35.743+0000] {logging_mixin.py:190} INFO - [2025-11-22T15:59:35.743+0000] {dag.py:3239} INFO - Sync 1 DAGs
[2025-11-22T15:59:35.761+0000] {logging_mixin.py:190} INFO - [2025-11-22T15:59:35.761+0000] {dag.py:4180} INFO - Setting next_dagrun for etl_without_crawl to None, run_after=None
[2025-11-22T15:59:35.791+0000] {processor.py:208} INFO - Processing /opt/airflow/dags/ETL_Without_Crawl.py took 0.104 seconds
[2025-11-22T16:00:07.952+0000] {processor.py:186} INFO - Started process (PID=289) to work on /opt/airflow/dags/ETL_Without_Crawl.py
[2025-11-22T16:00:07.953+0000] {processor.py:914} INFO - Processing file /opt/airflow/dags/ETL_Without_Crawl.py for tasks to queue
[2025-11-22T16:00:07.954+0000] {logging_mixin.py:190} INFO - [2025-11-22T16:00:07.954+0000] {dagbag.py:588} INFO - Filling up the DagBag from /opt/airflow/dags/ETL_Without_Crawl.py
[2025-11-22T16:00:07.976+0000] {processor.py:925} INFO - DAG(s) 'etl_without_crawl' retrieved from /opt/airflow/dags/ETL_Without_Crawl.py
[2025-11-22T16:00:08.021+0000] {logging_mixin.py:190} INFO - [2025-11-22T16:00:08.020+0000] {dag.py:3239} INFO - Sync 1 DAGs
[2025-11-22T16:00:08.043+0000] {logging_mixin.py:190} INFO - [2025-11-22T16:00:08.042+0000] {dag.py:4180} INFO - Setting next_dagrun for etl_without_crawl to None, run_after=None
[2025-11-22T16:00:08.075+0000] {processor.py:208} INFO - Processing /opt/airflow/dags/ETL_Without_Crawl.py took 0.131 seconds
