[2025-11-22T15:41:27.629+0000] {local_task_job_runner.py:123} INFO - ::group::Pre task execution logs
[2025-11-22T15:41:27.666+0000] {taskinstance.py:2614} INFO - Dependencies all met for dep_context=non-requeueable deps ti=<TaskInstance: crawl_etl_itjob.load_bronze scheduled__2025-11-20T02:00:00+00:00 [queued]>
[2025-11-22T15:41:27.676+0000] {taskinstance.py:2614} INFO - Dependencies all met for dep_context=requeueable deps ti=<TaskInstance: crawl_etl_itjob.load_bronze scheduled__2025-11-20T02:00:00+00:00 [queued]>
[2025-11-22T15:41:27.677+0000] {taskinstance.py:2867} INFO - Starting attempt 1 of 2
[2025-11-22T15:41:27.689+0000] {taskinstance.py:2890} INFO - Executing <Task(BashOperator): load_bronze> on 2025-11-20 02:00:00+00:00
[2025-11-22T15:41:27.694+0000] {standard_task_runner.py:72} INFO - Started process 55 to run task
[2025-11-22T15:41:27.698+0000] {standard_task_runner.py:104} INFO - Running: ['***', 'tasks', 'run', 'crawl_etl_itjob', 'load_bronze', 'scheduled__2025-11-20T02:00:00+00:00', '--job-id', '196', '--raw', '--subdir', 'DAGS_FOLDER/Crawl_ETL_ITJob.py', '--cfg-path', '/tmp/tmp6m0my0_i']
[2025-11-22T15:41:27.699+0000] {standard_task_runner.py:105} INFO - Job 196: Subtask load_bronze
[2025-11-22T15:41:27.724+0000] {warnings.py:109} WARNING - /home/***/.local/lib/python3.8/site-packages/***/settings.py:209: DeprecationWarning: The sql_alchemy_conn option in [core] has been moved to the sql_alchemy_conn option in [database] - the old setting has been used, but please update your config.
  SQL_ALCHEMY_CONN = conf.get("database", "SQL_ALCHEMY_CONN")

[2025-11-22T15:41:27.831+0000] {task_command.py:467} INFO - Running <TaskInstance: crawl_etl_itjob.load_bronze scheduled__2025-11-20T02:00:00+00:00 [running]> on host a1de7f96d4f1
[2025-11-22T15:41:27.832+0000] {warnings.py:109} WARNING - /home/***/.local/lib/python3.8/site-packages/***/settings.py:470: DeprecationWarning: The sql_alchemy_conn option in [core] has been moved to the sql_alchemy_conn option in [database] - the old setting has been used, but please update your config.
  if conf.get("database", "sql_alchemy_conn") == "none://":

[2025-11-22T15:41:28.000+0000] {taskinstance.py:3134} INFO - Exporting env vars: AIRFLOW_CTX_DAG_EMAIL='alert@datateam.local' AIRFLOW_CTX_DAG_OWNER='***' AIRFLOW_CTX_DAG_ID='crawl_etl_itjob' AIRFLOW_CTX_TASK_ID='load_bronze' AIRFLOW_CTX_EXECUTION_DATE='2025-11-20T02:00:00+00:00' AIRFLOW_CTX_TRY_NUMBER='1' AIRFLOW_CTX_DAG_RUN_ID='scheduled__2025-11-20T02:00:00+00:00'
[2025-11-22T15:41:28.002+0000] {taskinstance.py:732} INFO - ::endgroup::
[2025-11-22T15:41:28.034+0000] {subprocess.py:78} INFO - Tmp dir root location: /tmp
[2025-11-22T15:41:28.036+0000] {subprocess.py:88} INFO - Running command: ['/bin/bash', '-c', "\n        docker exec spark-submit bash -c '\n        /opt/spark/bin/spark-submit         --master spark://spark-master:7077         --deploy-mode client         --packages org.apache.iceberg:iceberg-spark-runtime-3.5_2.12:1.5.0         /opt/spark/scripts/Load_Bronze.py\n        '\n        "]
[2025-11-22T15:41:28.052+0000] {subprocess.py:99} INFO - Output:
[2025-11-22T15:41:30.556+0000] {subprocess.py:106} INFO - :: loading settings :: url = jar:file:/opt/spark/jars/ivy-2.5.1.jar!/org/apache/ivy/core/settings/ivysettings.xml
[2025-11-22T15:41:30.678+0000] {subprocess.py:106} INFO - Ivy Default Cache set to: /home/spark/.ivy2/cache
[2025-11-22T15:41:30.679+0000] {subprocess.py:106} INFO - The jars for the packages stored in: /home/spark/.ivy2/jars
[2025-11-22T15:41:30.686+0000] {subprocess.py:106} INFO - org.apache.iceberg#iceberg-spark-runtime-3.5_2.12 added as a dependency
[2025-11-22T15:41:30.688+0000] {subprocess.py:106} INFO - :: resolving dependencies :: org.apache.spark#spark-submit-parent-17e4ba31-a6bd-4b8b-b3b5-64aa30d9943b;1.0
[2025-11-22T15:41:30.689+0000] {subprocess.py:106} INFO - 	confs: [default]
[2025-11-22T15:41:30.811+0000] {subprocess.py:106} INFO - 	found org.apache.iceberg#iceberg-spark-runtime-3.5_2.12;1.5.0 in central
[2025-11-22T15:41:30.824+0000] {subprocess.py:106} INFO - :: resolution report :: resolve 134ms :: artifacts dl 4ms
[2025-11-22T15:41:30.825+0000] {subprocess.py:106} INFO - 	:: modules in use:
[2025-11-22T15:41:30.825+0000] {subprocess.py:106} INFO - 	org.apache.iceberg#iceberg-spark-runtime-3.5_2.12;1.5.0 from central in [default]
[2025-11-22T15:41:30.826+0000] {subprocess.py:106} INFO - 	---------------------------------------------------------------------
[2025-11-22T15:41:30.826+0000] {subprocess.py:106} INFO - 	|                  |            modules            ||   artifacts   |
[2025-11-22T15:41:30.826+0000] {subprocess.py:106} INFO - 	|       conf       | number| search|dwnlded|evicted|| number|dwnlded|
[2025-11-22T15:41:30.827+0000] {subprocess.py:106} INFO - 	---------------------------------------------------------------------
[2025-11-22T15:41:30.827+0000] {subprocess.py:106} INFO - 	|      default     |   1   |   0   |   0   |   0   ||   1   |   0   |
[2025-11-22T15:41:30.828+0000] {subprocess.py:106} INFO - 	---------------------------------------------------------------------
[2025-11-22T15:41:30.828+0000] {subprocess.py:106} INFO - :: retrieving :: org.apache.spark#spark-submit-parent-17e4ba31-a6bd-4b8b-b3b5-64aa30d9943b
[2025-11-22T15:41:30.829+0000] {subprocess.py:106} INFO - 	confs: [default]
[2025-11-22T15:41:30.832+0000] {subprocess.py:106} INFO - 	0 artifacts copied, 1 already retrieved (0kB/4ms)
[2025-11-22T15:41:31.062+0000] {subprocess.py:106} INFO - 25/11/22 15:41:31 WARN NativeCodeLoader: Unable to load native-hadoop library for your platform... using builtin-java classes where applicable
[2025-11-22T15:41:32.086+0000] {subprocess.py:106} INFO - 25/11/22 15:41:32 INFO SparkContext: Running Spark version 3.5.3
[2025-11-22T15:41:32.087+0000] {subprocess.py:106} INFO - 25/11/22 15:41:32 INFO SparkContext: OS info Linux, 6.6.87.2-microsoft-standard-WSL2, amd64
[2025-11-22T15:41:32.088+0000] {subprocess.py:106} INFO - 25/11/22 15:41:32 INFO SparkContext: Java version 11.0.24
[2025-11-22T15:41:32.114+0000] {subprocess.py:106} INFO - 25/11/22 15:41:32 INFO ResourceUtils: ==============================================================
[2025-11-22T15:41:32.115+0000] {subprocess.py:106} INFO - 25/11/22 15:41:32 INFO ResourceUtils: No custom resources configured for spark.driver.
[2025-11-22T15:41:32.115+0000] {subprocess.py:106} INFO - 25/11/22 15:41:32 INFO ResourceUtils: ==============================================================
[2025-11-22T15:41:32.116+0000] {subprocess.py:106} INFO - 25/11/22 15:41:32 INFO SparkContext: Submitted application: Load_Bronze_Hive_Iceberg
[2025-11-22T15:41:32.149+0000] {subprocess.py:106} INFO - 25/11/22 15:41:32 INFO ResourceProfile: Default ResourceProfile created, executor resources: Map(memory -> name: memory, amount: 1024, script: , vendor: , offHeap -> name: offHeap, amount: 0, script: , vendor: ), task resources: Map(cpus -> name: cpus, amount: 1.0)
[2025-11-22T15:41:32.164+0000] {subprocess.py:106} INFO - 25/11/22 15:41:32 INFO ResourceProfile: Limiting resource is cpu
[2025-11-22T15:41:32.165+0000] {subprocess.py:106} INFO - 25/11/22 15:41:32 INFO ResourceProfileManager: Added ResourceProfile id: 0
[2025-11-22T15:41:32.253+0000] {subprocess.py:106} INFO - 25/11/22 15:41:32 INFO SecurityManager: Changing view acls to: spark
[2025-11-22T15:41:32.254+0000] {subprocess.py:106} INFO - 25/11/22 15:41:32 INFO SecurityManager: Changing modify acls to: spark
[2025-11-22T15:41:32.254+0000] {subprocess.py:106} INFO - 25/11/22 15:41:32 INFO SecurityManager: Changing view acls groups to:
[2025-11-22T15:41:32.255+0000] {subprocess.py:106} INFO - 25/11/22 15:41:32 INFO SecurityManager: Changing modify acls groups to:
[2025-11-22T15:41:32.256+0000] {subprocess.py:106} INFO - 25/11/22 15:41:32 INFO SecurityManager: SecurityManager: authentication disabled; ui acls disabled; users with view permissions: spark; groups with view permissions: EMPTY; users with modify permissions: spark; groups with modify permissions: EMPTY
[2025-11-22T15:41:32.489+0000] {subprocess.py:106} INFO - 25/11/22 15:41:32 INFO Utils: Successfully started service 'sparkDriver' on port 36767.
[2025-11-22T15:41:32.541+0000] {subprocess.py:106} INFO - 25/11/22 15:41:32 INFO SparkEnv: Registering MapOutputTracker
[2025-11-22T15:41:32.594+0000] {subprocess.py:106} INFO - 25/11/22 15:41:32 INFO SparkEnv: Registering BlockManagerMaster
[2025-11-22T15:41:32.616+0000] {subprocess.py:106} INFO - 25/11/22 15:41:32 INFO BlockManagerMasterEndpoint: Using org.apache.spark.storage.DefaultTopologyMapper for getting topology information
[2025-11-22T15:41:32.616+0000] {subprocess.py:106} INFO - 25/11/22 15:41:32 INFO BlockManagerMasterEndpoint: BlockManagerMasterEndpoint up
[2025-11-22T15:41:32.623+0000] {subprocess.py:106} INFO - 25/11/22 15:41:32 INFO SparkEnv: Registering BlockManagerMasterHeartbeat
[2025-11-22T15:41:32.672+0000] {subprocess.py:106} INFO - 25/11/22 15:41:32 INFO DiskBlockManager: Created local directory at /tmp/blockmgr-eb0ef34f-6167-4541-8f06-25dde324e871
[2025-11-22T15:41:32.695+0000] {subprocess.py:106} INFO - 25/11/22 15:41:32 INFO MemoryStore: MemoryStore started with capacity 434.4 MiB
[2025-11-22T15:41:32.712+0000] {subprocess.py:106} INFO - 25/11/22 15:41:32 INFO SparkEnv: Registering OutputCommitCoordinator
[2025-11-22T15:41:32.876+0000] {subprocess.py:106} INFO - 25/11/22 15:41:32 INFO JettyUtils: Start Jetty 0.0.0.0:4040 for SparkUI
[2025-11-22T15:41:32.937+0000] {subprocess.py:106} INFO - 25/11/22 15:41:32 INFO Utils: Successfully started service 'SparkUI' on port 4040.
[2025-11-22T15:41:32.970+0000] {subprocess.py:106} INFO - 25/11/22 15:41:32 INFO SparkContext: Added JAR file:///home/spark/.ivy2/jars/org.apache.iceberg_iceberg-spark-runtime-3.5_2.12-1.5.0.jar at spark://68d0d8c522fe:36767/jars/org.apache.iceberg_iceberg-spark-runtime-3.5_2.12-1.5.0.jar with timestamp 1763826092078
[2025-11-22T15:41:32.975+0000] {subprocess.py:106} INFO - 25/11/22 15:41:32 INFO SparkContext: Added file file:///home/spark/.ivy2/jars/org.apache.iceberg_iceberg-spark-runtime-3.5_2.12-1.5.0.jar at spark://68d0d8c522fe:36767/files/org.apache.iceberg_iceberg-spark-runtime-3.5_2.12-1.5.0.jar with timestamp 1763826092078
[2025-11-22T15:41:32.979+0000] {subprocess.py:106} INFO - 25/11/22 15:41:32 INFO Utils: Copying /home/spark/.ivy2/jars/org.apache.iceberg_iceberg-spark-runtime-3.5_2.12-1.5.0.jar to /tmp/spark-554dc2ab-3e67-4f58-a95c-e5315dc98187/userFiles-12106606-53b2-4f49-9d63-8cda1d342ab5/org.apache.iceberg_iceberg-spark-runtime-3.5_2.12-1.5.0.jar
[2025-11-22T15:41:33.203+0000] {subprocess.py:106} INFO - 25/11/22 15:41:33 INFO StandaloneAppClient$ClientEndpoint: Connecting to master spark://spark-master:7077...
[2025-11-22T15:41:33.248+0000] {subprocess.py:106} INFO - 25/11/22 15:41:33 INFO TransportClientFactory: Successfully created connection to spark-master/172.30.0.6:7077 after 27 ms (0 ms spent in bootstraps)
[2025-11-22T15:41:33.615+0000] {subprocess.py:106} INFO - 25/11/22 15:41:33 INFO StandaloneSchedulerBackend: Connected to Spark cluster with app ID app-20251122154133-0000
[2025-11-22T15:41:33.625+0000] {subprocess.py:106} INFO - 25/11/22 15:41:33 INFO Utils: Successfully started service 'org.apache.spark.network.netty.NettyBlockTransferService' on port 45679.
[2025-11-22T15:41:33.626+0000] {subprocess.py:106} INFO - 25/11/22 15:41:33 INFO NettyBlockTransferService: Server created on 68d0d8c522fe:45679
[2025-11-22T15:41:33.628+0000] {subprocess.py:106} INFO - 25/11/22 15:41:33 INFO BlockManager: Using org.apache.spark.storage.RandomBlockReplicationPolicy for block replication policy
[2025-11-22T15:41:33.639+0000] {subprocess.py:106} INFO - 25/11/22 15:41:33 INFO BlockManagerMaster: Registering BlockManager BlockManagerId(driver, 68d0d8c522fe, 45679, None)
[2025-11-22T15:41:33.643+0000] {subprocess.py:106} INFO - 25/11/22 15:41:33 INFO BlockManagerMasterEndpoint: Registering block manager 68d0d8c522fe:45679 with 434.4 MiB RAM, BlockManagerId(driver, 68d0d8c522fe, 45679, None)
[2025-11-22T15:41:33.647+0000] {subprocess.py:106} INFO - 25/11/22 15:41:33 INFO BlockManagerMaster: Registered BlockManager BlockManagerId(driver, 68d0d8c522fe, 45679, None)
[2025-11-22T15:41:33.648+0000] {subprocess.py:106} INFO - 25/11/22 15:41:33 INFO BlockManager: Initialized BlockManager: BlockManagerId(driver, 68d0d8c522fe, 45679, None)
[2025-11-22T15:41:33.649+0000] {subprocess.py:106} INFO - 25/11/22 15:41:33 INFO StandaloneAppClient$ClientEndpoint: Executor added: app-20251122154133-0000/0 on worker-20251122152716-172.30.0.8-36811 (172.30.0.8:36811) with 1 core(s)
[2025-11-22T15:41:33.652+0000] {subprocess.py:106} INFO - 25/11/22 15:41:33 INFO StandaloneSchedulerBackend: Granted executor ID app-20251122154133-0000/0 on hostPort 172.30.0.8:36811 with 1 core(s), 1024.0 MiB RAM
[2025-11-22T15:41:33.955+0000] {subprocess.py:106} INFO - 25/11/22 15:41:33 INFO StandaloneSchedulerBackend: SchedulerBackend is ready for scheduling beginning after reached minRegisteredResourcesRatio: 0.0
[2025-11-22T15:41:34.123+0000] {subprocess.py:106} INFO - 25/11/22 15:41:34 INFO StandaloneAppClient$ClientEndpoint: Executor updated: app-20251122154133-0000/0 is now RUNNING
[2025-11-22T15:41:34.358+0000] {subprocess.py:106} INFO - 25/11/22 15:41:34 INFO SharedState: Setting hive.metastore.warehouse.dir ('null') to the value of spark.sql.warehouse.dir.
[2025-11-22T15:41:34.362+0000] {subprocess.py:106} INFO - 25/11/22 15:41:34 INFO SharedState: Warehouse path is 'file:/opt/spark/work-dir/spark-warehouse'.
[2025-11-22T15:41:37.890+0000] {subprocess.py:106} INFO - 25/11/22 15:41:37 INFO InMemoryFileIndex: It took 143 ms to list leaf files for 1 paths.
[2025-11-22T15:41:38.177+0000] {subprocess.py:106} INFO - 25/11/22 15:41:38 INFO MemoryStore: Block broadcast_0 stored as values in memory (estimated size 203.7 KiB, free 434.2 MiB)
[2025-11-22T15:41:38.301+0000] {subprocess.py:106} INFO - 25/11/22 15:41:38 INFO MemoryStore: Block broadcast_0_piece0 stored as bytes in memory (estimated size 35.3 KiB, free 434.2 MiB)
[2025-11-22T15:41:38.304+0000] {subprocess.py:106} INFO - 25/11/22 15:41:38 INFO StandaloneSchedulerBackend$StandaloneDriverEndpoint: Registered executor NettyRpcEndpointRef(spark-client://Executor) (172.30.0.8:51598) with ID 0,  ResourceProfileId 0
[2025-11-22T15:41:38.305+0000] {subprocess.py:106} INFO - 25/11/22 15:41:38 INFO BlockManagerInfo: Added broadcast_0_piece0 in memory on 68d0d8c522fe:45679 (size: 35.3 KiB, free: 434.4 MiB)
[2025-11-22T15:41:38.313+0000] {subprocess.py:106} INFO - 25/11/22 15:41:38 INFO SparkContext: Created broadcast 0 from csv at <unknown>:0
[2025-11-22T15:41:38.410+0000] {subprocess.py:106} INFO - 25/11/22 15:41:38 INFO BlockManagerMasterEndpoint: Registering block manager 172.30.0.8:38027 with 434.4 MiB RAM, BlockManagerId(0, 172.30.0.8, 38027, None)
[2025-11-22T15:41:38.929+0000] {subprocess.py:106} INFO - 25/11/22 15:41:38 INFO FileInputFormat: Total input files to process : 1
[2025-11-22T15:41:38.941+0000] {subprocess.py:106} INFO - 25/11/22 15:41:38 INFO FileInputFormat: Total input files to process : 1
[2025-11-22T15:41:39.043+0000] {subprocess.py:106} INFO - 25/11/22 15:41:39 INFO SparkContext: Starting job: csv at <unknown>:0
[2025-11-22T15:41:39.084+0000] {subprocess.py:106} INFO - 25/11/22 15:41:39 INFO DAGScheduler: Got job 0 (csv at <unknown>:0) with 1 output partitions
[2025-11-22T15:41:39.085+0000] {subprocess.py:106} INFO - 25/11/22 15:41:39 INFO DAGScheduler: Final stage: ResultStage 0 (csv at <unknown>:0)
[2025-11-22T15:41:39.085+0000] {subprocess.py:106} INFO - 25/11/22 15:41:39 INFO DAGScheduler: Parents of final stage: List()
[2025-11-22T15:41:39.088+0000] {subprocess.py:106} INFO - 25/11/22 15:41:39 INFO DAGScheduler: Missing parents: List()
[2025-11-22T15:41:39.100+0000] {subprocess.py:106} INFO - 25/11/22 15:41:39 INFO DAGScheduler: Submitting ResultStage 0 (MapPartitionsRDD[2] at csv at <unknown>:0), which has no missing parents
[2025-11-22T15:41:39.133+0000] {subprocess.py:106} INFO - 25/11/22 15:41:39 INFO MemoryStore: Block broadcast_1 stored as values in memory (estimated size 7.6 KiB, free 434.2 MiB)
[2025-11-22T15:41:39.138+0000] {subprocess.py:106} INFO - 25/11/22 15:41:39 INFO MemoryStore: Block broadcast_1_piece0 stored as bytes in memory (estimated size 4.4 KiB, free 434.2 MiB)
[2025-11-22T15:41:39.140+0000] {subprocess.py:106} INFO - 25/11/22 15:41:39 INFO BlockManagerInfo: Added broadcast_1_piece0 in memory on 68d0d8c522fe:45679 (size: 4.4 KiB, free: 434.4 MiB)
[2025-11-22T15:41:39.141+0000] {subprocess.py:106} INFO - 25/11/22 15:41:39 INFO SparkContext: Created broadcast 1 from broadcast at DAGScheduler.scala:1585
[2025-11-22T15:41:39.176+0000] {subprocess.py:106} INFO - 25/11/22 15:41:39 INFO DAGScheduler: Submitting 1 missing tasks from ResultStage 0 (MapPartitionsRDD[2] at csv at <unknown>:0) (first 15 tasks are for partitions Vector(0))
[2025-11-22T15:41:39.178+0000] {subprocess.py:106} INFO - 25/11/22 15:41:39 INFO TaskSchedulerImpl: Adding task set 0.0 with 1 tasks resource profile 0
[2025-11-22T15:41:39.701+0000] {subprocess.py:106} INFO - 25/11/22 15:41:39 INFO TaskSetManager: Starting task 0.0 in stage 0.0 (TID 0) (172.30.0.8, executor 0, partition 0, PROCESS_LOCAL, 9484 bytes)
[2025-11-22T15:41:40.026+0000] {subprocess.py:106} INFO - 25/11/22 15:41:40 INFO BlockManagerInfo: Added broadcast_1_piece0 in memory on 172.30.0.8:38027 (size: 4.4 KiB, free: 434.4 MiB)
[2025-11-22T15:41:40.327+0000] {subprocess.py:106} INFO - 25/11/22 15:41:40 INFO BlockManagerInfo: Added broadcast_0_piece0 in memory on 172.30.0.8:38027 (size: 35.3 KiB, free: 434.4 MiB)
[2025-11-22T15:41:41.230+0000] {subprocess.py:106} INFO - 25/11/22 15:41:41 INFO TaskSetManager: Finished task 0.0 in stage 0.0 (TID 0) in 1549 ms on 172.30.0.8 (executor 0) (1/1)
[2025-11-22T15:41:41.233+0000] {subprocess.py:106} INFO - 25/11/22 15:41:41 INFO TaskSchedulerImpl: Removed TaskSet 0.0, whose tasks have all completed, from pool
[2025-11-22T15:41:41.241+0000] {subprocess.py:106} INFO - 25/11/22 15:41:41 INFO DAGScheduler: ResultStage 0 (csv at <unknown>:0) finished in 2.115 s
[2025-11-22T15:41:41.246+0000] {subprocess.py:106} INFO - 25/11/22 15:41:41 INFO DAGScheduler: Job 0 is finished. Cancelling potential speculative or zombie tasks for this job
[2025-11-22T15:41:41.247+0000] {subprocess.py:106} INFO - 25/11/22 15:41:41 INFO TaskSchedulerImpl: Killing all running tasks in stage 0: Stage finished
[2025-11-22T15:41:41.248+0000] {subprocess.py:106} INFO - 25/11/22 15:41:41 INFO DAGScheduler: Job 0 finished: csv at <unknown>:0, took 2.204754 s
[2025-11-22T15:41:41.809+0000] {subprocess.py:106} INFO - 25/11/22 15:41:41 INFO BlockManagerInfo: Removed broadcast_1_piece0 on 68d0d8c522fe:45679 in memory (size: 4.4 KiB, free: 434.4 MiB)
[2025-11-22T15:41:41.817+0000] {subprocess.py:106} INFO - 25/11/22 15:41:41 INFO BlockManagerInfo: Removed broadcast_1_piece0 on 172.30.0.8:38027 in memory (size: 4.4 KiB, free: 434.4 MiB)
[2025-11-22T15:41:42.193+0000] {subprocess.py:106} INFO - 25/11/22 15:41:42 INFO BlockManagerInfo: Removed broadcast_0_piece0 on 68d0d8c522fe:45679 in memory (size: 35.3 KiB, free: 434.4 MiB)
[2025-11-22T15:41:42.196+0000] {subprocess.py:106} INFO - 25/11/22 15:41:42 INFO BlockManagerInfo: Removed broadcast_0_piece0 on 172.30.0.8:38027 in memory (size: 35.3 KiB, free: 434.4 MiB)
[2025-11-22T15:41:43.112+0000] {subprocess.py:106} INFO - 25/11/22 15:41:43 INFO FileSourceStrategy: Pushed Filters:
[2025-11-22T15:41:43.113+0000] {subprocess.py:106} INFO - 25/11/22 15:41:43 INFO FileSourceStrategy: Post-Scan Filters:
[2025-11-22T15:41:43.639+0000] {subprocess.py:106} INFO - 25/11/22 15:41:43 INFO CodeGenerator: Code generated in 290.514503 ms
[2025-11-22T15:41:43.649+0000] {subprocess.py:106} INFO - 25/11/22 15:41:43 INFO MemoryStore: Block broadcast_2 stored as values in memory (estimated size 203.1 KiB, free 434.2 MiB)
[2025-11-22T15:41:43.691+0000] {subprocess.py:106} INFO - 25/11/22 15:41:43 INFO MemoryStore: Block broadcast_2_piece0 stored as bytes in memory (estimated size 35.1 KiB, free 434.2 MiB)
[2025-11-22T15:41:43.692+0000] {subprocess.py:106} INFO - 25/11/22 15:41:43 INFO BlockManagerInfo: Added broadcast_2_piece0 in memory on 68d0d8c522fe:45679 (size: 35.1 KiB, free: 434.4 MiB)
[2025-11-22T15:41:43.695+0000] {subprocess.py:106} INFO - 25/11/22 15:41:43 INFO SparkContext: Created broadcast 2 from count at <unknown>:0
[2025-11-22T15:41:43.716+0000] {subprocess.py:106} INFO - 25/11/22 15:41:43 INFO FileSourceScanExec: Planning scan with bin packing, max size: 4194304 bytes, open cost is considered as scanning 4194304 bytes.
[2025-11-22T15:41:43.776+0000] {subprocess.py:106} INFO - 25/11/22 15:41:43 INFO DAGScheduler: Registering RDD 7 (count at <unknown>:0) as input to shuffle 0
[2025-11-22T15:41:43.781+0000] {subprocess.py:106} INFO - 25/11/22 15:41:43 INFO DAGScheduler: Got map stage job 1 (count at <unknown>:0) with 1 output partitions
[2025-11-22T15:41:43.781+0000] {subprocess.py:106} INFO - 25/11/22 15:41:43 INFO DAGScheduler: Final stage: ShuffleMapStage 1 (count at <unknown>:0)
[2025-11-22T15:41:43.782+0000] {subprocess.py:106} INFO - 25/11/22 15:41:43 INFO DAGScheduler: Parents of final stage: List()
[2025-11-22T15:41:43.784+0000] {subprocess.py:106} INFO - 25/11/22 15:41:43 INFO DAGScheduler: Missing parents: List()
[2025-11-22T15:41:43.788+0000] {subprocess.py:106} INFO - 25/11/22 15:41:43 INFO DAGScheduler: Submitting ShuffleMapStage 1 (MapPartitionsRDD[7] at count at <unknown>:0), which has no missing parents
[2025-11-22T15:41:43.832+0000] {subprocess.py:106} INFO - 25/11/22 15:41:43 INFO MemoryStore: Block broadcast_3 stored as values in memory (estimated size 18.0 KiB, free 434.1 MiB)
[2025-11-22T15:41:43.844+0000] {subprocess.py:106} INFO - 25/11/22 15:41:43 INFO MemoryStore: Block broadcast_3_piece0 stored as bytes in memory (estimated size 8.9 KiB, free 434.1 MiB)
[2025-11-22T15:41:43.847+0000] {subprocess.py:106} INFO - 25/11/22 15:41:43 INFO BlockManagerInfo: Added broadcast_3_piece0 in memory on 68d0d8c522fe:45679 (size: 8.9 KiB, free: 434.4 MiB)
[2025-11-22T15:41:43.848+0000] {subprocess.py:106} INFO - 25/11/22 15:41:43 INFO SparkContext: Created broadcast 3 from broadcast at DAGScheduler.scala:1585
[2025-11-22T15:41:43.849+0000] {subprocess.py:106} INFO - 25/11/22 15:41:43 INFO DAGScheduler: Submitting 1 missing tasks from ShuffleMapStage 1 (MapPartitionsRDD[7] at count at <unknown>:0) (first 15 tasks are for partitions Vector(0))
[2025-11-22T15:41:43.850+0000] {subprocess.py:106} INFO - 25/11/22 15:41:43 INFO TaskSchedulerImpl: Adding task set 1.0 with 1 tasks resource profile 0
[2025-11-22T15:41:43.860+0000] {subprocess.py:106} INFO - 25/11/22 15:41:43 INFO TaskSetManager: Starting task 0.0 in stage 1.0 (TID 1) (172.30.0.8, executor 0, partition 0, ANY, 9944 bytes)
[2025-11-22T15:41:43.925+0000] {subprocess.py:106} INFO - 25/11/22 15:41:43 INFO BlockManagerInfo: Added broadcast_3_piece0 in memory on 172.30.0.8:38027 (size: 8.9 KiB, free: 434.4 MiB)
[2025-11-22T15:41:44.683+0000] {subprocess.py:106} INFO - 25/11/22 15:41:44 INFO BlockManagerInfo: Added broadcast_2_piece0 in memory on 172.30.0.8:38027 (size: 35.1 KiB, free: 434.4 MiB)
[2025-11-22T15:41:44.877+0000] {subprocess.py:106} INFO - 25/11/22 15:41:44 INFO TaskSetManager: Finished task 0.0 in stage 1.0 (TID 1) in 1020 ms on 172.30.0.8 (executor 0) (1/1)
[2025-11-22T15:41:44.878+0000] {subprocess.py:106} INFO - 25/11/22 15:41:44 INFO TaskSchedulerImpl: Removed TaskSet 1.0, whose tasks have all completed, from pool
[2025-11-22T15:41:44.881+0000] {subprocess.py:106} INFO - 25/11/22 15:41:44 INFO DAGScheduler: ShuffleMapStage 1 (count at <unknown>:0) finished in 1.086 s
[2025-11-22T15:41:44.883+0000] {subprocess.py:106} INFO - 25/11/22 15:41:44 INFO DAGScheduler: looking for newly runnable stages
[2025-11-22T15:41:44.884+0000] {subprocess.py:106} INFO - 25/11/22 15:41:44 INFO DAGScheduler: running: Set()
[2025-11-22T15:41:44.885+0000] {subprocess.py:106} INFO - 25/11/22 15:41:44 INFO DAGScheduler: waiting: Set()
[2025-11-22T15:41:44.885+0000] {subprocess.py:106} INFO - 25/11/22 15:41:44 INFO DAGScheduler: failed: Set()
[2025-11-22T15:41:44.941+0000] {subprocess.py:106} INFO - 25/11/22 15:41:44 INFO CodeGenerator: Code generated in 16.64912 ms
[2025-11-22T15:41:44.978+0000] {subprocess.py:106} INFO - 25/11/22 15:41:44 INFO SparkContext: Starting job: count at <unknown>:0
[2025-11-22T15:41:44.981+0000] {subprocess.py:106} INFO - 25/11/22 15:41:44 INFO DAGScheduler: Got job 2 (count at <unknown>:0) with 1 output partitions
[2025-11-22T15:41:44.982+0000] {subprocess.py:106} INFO - 25/11/22 15:41:44 INFO DAGScheduler: Final stage: ResultStage 3 (count at <unknown>:0)
[2025-11-22T15:41:44.983+0000] {subprocess.py:106} INFO - 25/11/22 15:41:44 INFO DAGScheduler: Parents of final stage: List(ShuffleMapStage 2)
[2025-11-22T15:41:44.984+0000] {subprocess.py:106} INFO - 25/11/22 15:41:44 INFO DAGScheduler: Missing parents: List()
[2025-11-22T15:41:44.985+0000] {subprocess.py:106} INFO - 25/11/22 15:41:44 INFO DAGScheduler: Submitting ResultStage 3 (MapPartitionsRDD[10] at count at <unknown>:0), which has no missing parents
[2025-11-22T15:41:44.992+0000] {subprocess.py:106} INFO - 25/11/22 15:41:44 INFO MemoryStore: Block broadcast_4 stored as values in memory (estimated size 12.5 KiB, free 434.1 MiB)
[2025-11-22T15:41:45.005+0000] {subprocess.py:106} INFO - 25/11/22 15:41:45 INFO MemoryStore: Block broadcast_4_piece0 stored as bytes in memory (estimated size 5.9 KiB, free 434.1 MiB)
[2025-11-22T15:41:45.008+0000] {subprocess.py:106} INFO - 25/11/22 15:41:45 INFO BlockManagerInfo: Added broadcast_4_piece0 in memory on 68d0d8c522fe:45679 (size: 5.9 KiB, free: 434.4 MiB)
[2025-11-22T15:41:45.011+0000] {subprocess.py:106} INFO - 25/11/22 15:41:45 INFO SparkContext: Created broadcast 4 from broadcast at DAGScheduler.scala:1585
[2025-11-22T15:41:45.012+0000] {subprocess.py:106} INFO - 25/11/22 15:41:45 INFO DAGScheduler: Submitting 1 missing tasks from ResultStage 3 (MapPartitionsRDD[10] at count at <unknown>:0) (first 15 tasks are for partitions Vector(0))
[2025-11-22T15:41:45.013+0000] {subprocess.py:106} INFO - 25/11/22 15:41:45 INFO TaskSchedulerImpl: Adding task set 3.0 with 1 tasks resource profile 0
[2025-11-22T15:41:45.014+0000] {subprocess.py:106} INFO - 25/11/22 15:41:45 INFO BlockManagerInfo: Removed broadcast_3_piece0 on 68d0d8c522fe:45679 in memory (size: 8.9 KiB, free: 434.4 MiB)
[2025-11-22T15:41:45.015+0000] {subprocess.py:106} INFO - 25/11/22 15:41:45 INFO BlockManagerInfo: Removed broadcast_3_piece0 on 172.30.0.8:38027 in memory (size: 8.9 KiB, free: 434.4 MiB)
[2025-11-22T15:41:45.020+0000] {subprocess.py:106} INFO - 25/11/22 15:41:45 INFO TaskSetManager: Starting task 0.0 in stage 3.0 (TID 2) (172.30.0.8, executor 0, partition 0, NODE_LOCAL, 9331 bytes)
[2025-11-22T15:41:45.060+0000] {subprocess.py:106} INFO - 25/11/22 15:41:45 INFO BlockManagerInfo: Added broadcast_4_piece0 in memory on 172.30.0.8:38027 (size: 5.9 KiB, free: 434.4 MiB)
[2025-11-22T15:41:45.099+0000] {subprocess.py:106} INFO - 25/11/22 15:41:45 INFO MapOutputTrackerMasterEndpoint: Asked to send map output locations for shuffle 0 to 172.30.0.8:51598
[2025-11-22T15:41:45.276+0000] {subprocess.py:106} INFO - 25/11/22 15:41:45 INFO TaskSetManager: Finished task 0.0 in stage 3.0 (TID 2) in 259 ms on 172.30.0.8 (executor 0) (1/1)
[2025-11-22T15:41:45.277+0000] {subprocess.py:106} INFO - 25/11/22 15:41:45 INFO TaskSchedulerImpl: Removed TaskSet 3.0, whose tasks have all completed, from pool
[2025-11-22T15:41:45.279+0000] {subprocess.py:106} INFO - 25/11/22 15:41:45 INFO DAGScheduler: ResultStage 3 (count at <unknown>:0) finished in 0.286 s
[2025-11-22T15:41:45.280+0000] {subprocess.py:106} INFO - 25/11/22 15:41:45 INFO DAGScheduler: Job 2 is finished. Cancelling potential speculative or zombie tasks for this job
[2025-11-22T15:41:45.281+0000] {subprocess.py:106} INFO - 25/11/22 15:41:45 INFO TaskSchedulerImpl: Killing all running tasks in stage 3: Stage finished
[2025-11-22T15:41:45.282+0000] {subprocess.py:106} INFO - 25/11/22 15:41:45 INFO DAGScheduler: Job 2 finished: count at <unknown>:0, took 0.301518 s
[2025-11-22T15:41:45.290+0000] {subprocess.py:106} INFO -  Record loaded from CSV: 4559
[2025-11-22T15:41:45.293+0000] {subprocess.py:106} INFO - root
[2025-11-22T15:41:45.294+0000] {subprocess.py:106} INFO -  |-- job_title: string (nullable = true)
[2025-11-22T15:41:45.294+0000] {subprocess.py:106} INFO -  |-- company_name: string (nullable = true)
[2025-11-22T15:41:45.295+0000] {subprocess.py:106} INFO -  |-- location: string (nullable = true)
[2025-11-22T15:41:45.295+0000] {subprocess.py:106} INFO -  |-- skills_required: string (nullable = true)
[2025-11-22T15:41:45.296+0000] {subprocess.py:106} INFO -  |-- date_posted: string (nullable = true)
[2025-11-22T15:41:45.297+0000] {subprocess.py:106} INFO -  |-- job_link: string (nullable = true)
[2025-11-22T15:41:45.297+0000] {subprocess.py:106} INFO -  |-- job_category: string (nullable = true)
[2025-11-22T15:41:45.298+0000] {subprocess.py:106} INFO -  |-- work_mode: string (nullable = true)
[2025-11-22T15:41:45.298+0000] {subprocess.py:106} INFO -  |-- crawl_date: string (nullable = true)
[2025-11-22T15:41:45.299+0000] {subprocess.py:106} INFO -  |-- date_only: string (nullable = true)
[2025-11-22T15:41:45.300+0000] {subprocess.py:106} INFO - 
[2025-11-22T15:41:45.856+0000] {subprocess.py:106} INFO - 25/11/22 15:41:45 INFO BlockManagerInfo: Removed broadcast_4_piece0 on 68d0d8c522fe:45679 in memory (size: 5.9 KiB, free: 434.4 MiB)
[2025-11-22T15:41:45.860+0000] {subprocess.py:106} INFO - 25/11/22 15:41:45 INFO BlockManagerInfo: Removed broadcast_4_piece0 on 172.30.0.8:38027 in memory (size: 5.9 KiB, free: 434.4 MiB)
[2025-11-22T15:41:45.980+0000] {subprocess.py:106} INFO - 25/11/22 15:41:45 INFO HiveConf: Found configuration file null
[2025-11-22T15:41:46.218+0000] {subprocess.py:106} INFO - 25/11/22 15:41:46 INFO metastore: Trying to connect to metastore with URI thrift://hive-metastore:9083
[2025-11-22T15:41:46.261+0000] {subprocess.py:106} INFO - 25/11/22 15:41:46 INFO metastore: Opened a connection to metastore, current connections: 1
[2025-11-22T15:41:46.651+0000] {subprocess.py:106} INFO - 25/11/22 15:41:46 INFO metastore: Connected to metastore.
[2025-11-22T15:41:47.817+0000] {subprocess.py:106} INFO - 25/11/22 15:41:47 INFO BaseMetastoreTableOperations: Refreshing table metadata from new version: hdfs://dinhhoa-master:9000/user/ndh/warehouse/bronze.db/it_jobs_raw/metadata/00022-f08a344d-cff7-43e0-9125-32a52e9f3b7e.metadata.json
[2025-11-22T15:41:48.178+0000] {subprocess.py:106} INFO - 25/11/22 15:41:48 INFO BlockManagerInfo: Removed broadcast_2_piece0 on 68d0d8c522fe:45679 in memory (size: 35.1 KiB, free: 434.4 MiB)
[2025-11-22T15:41:48.183+0000] {subprocess.py:106} INFO - 25/11/22 15:41:48 INFO BlockManagerInfo: Removed broadcast_2_piece0 on 172.30.0.8:38027 in memory (size: 35.1 KiB, free: 434.4 MiB)
[2025-11-22T15:41:48.355+0000] {subprocess.py:106} INFO - 25/11/22 15:41:48 INFO BaseMetastoreCatalog: Table loaded by catalog: hive_catalog.bronze.it_jobs_raw
[2025-11-22T15:41:48.636+0000] {subprocess.py:106} INFO - 25/11/22 15:41:48 INFO V2ScanRelationPushDown:
[2025-11-22T15:41:48.637+0000] {subprocess.py:106} INFO - Pushing operators to hive_catalog.bronze.it_jobs_raw
[2025-11-22T15:41:48.637+0000] {subprocess.py:106} INFO - Pushed Filters: job_link IS NOT NULL
[2025-11-22T15:41:48.638+0000] {subprocess.py:106} INFO - Post-Scan Filters: isnotnull(job_link#66)
[2025-11-22T15:41:48.638+0000] {subprocess.py:106} INFO - 
[2025-11-22T15:41:48.702+0000] {subprocess.py:106} INFO - 25/11/22 15:41:48 INFO V2ScanRelationPushDown:
[2025-11-22T15:41:48.702+0000] {subprocess.py:106} INFO - Output: job_link#66
[2025-11-22T15:41:48.703+0000] {subprocess.py:106} INFO - 
[2025-11-22T15:41:48.718+0000] {subprocess.py:106} INFO - 25/11/22 15:41:48 INFO SnapshotScan: Scanning table hive_catalog.bronze.it_jobs_raw snapshot 3425755497916932021 created at 2025-11-20T10:37:35.550+00:00 with filter job_link IS NOT NULL
[2025-11-22T15:41:49.026+0000] {subprocess.py:106} INFO - 25/11/22 15:41:49 INFO BaseDistributedDataScan: Planning file tasks locally for table hive_catalog.bronze.it_jobs_raw
[2025-11-22T15:41:49.452+0000] {subprocess.py:106} INFO - 25/11/22 15:41:49 INFO SparkPartitioningAwareScan: Reporting UnknownPartitioning with 6 partition(s) for table hive_catalog.bronze.it_jobs_raw
[2025-11-22T15:41:49.527+0000] {subprocess.py:106} INFO - 25/11/22 15:41:49 INFO FileSourceStrategy: Pushed Filters:
[2025-11-22T15:41:49.527+0000] {subprocess.py:106} INFO - 25/11/22 15:41:49 INFO FileSourceStrategy: Post-Scan Filters:
[2025-11-22T15:41:49.554+0000] {subprocess.py:106} INFO - 25/11/22 15:41:49 INFO MemoryStore: Block broadcast_5 stored as values in memory (estimated size 32.0 KiB, free 434.4 MiB)
[2025-11-22T15:41:49.594+0000] {subprocess.py:106} INFO - 25/11/22 15:41:49 INFO MemoryStore: Block broadcast_5_piece0 stored as bytes in memory (estimated size 29.7 KiB, free 434.3 MiB)
[2025-11-22T15:41:49.596+0000] {subprocess.py:106} INFO - 25/11/22 15:41:49 INFO BlockManagerInfo: Added broadcast_5_piece0 in memory on 68d0d8c522fe:45679 (size: 29.7 KiB, free: 434.4 MiB)
[2025-11-22T15:41:49.597+0000] {subprocess.py:106} INFO - 25/11/22 15:41:49 INFO SparkContext: Created broadcast 5 from broadcast at SparkBatch.java:79
[2025-11-22T15:41:49.677+0000] {subprocess.py:106} INFO - 25/11/22 15:41:49 INFO MemoryStore: Block broadcast_6 stored as values in memory (estimated size 32.0 KiB, free 434.3 MiB)
[2025-11-22T15:41:49.690+0000] {subprocess.py:106} INFO - 25/11/22 15:41:49 INFO MemoryStore: Block broadcast_6_piece0 stored as bytes in memory (estimated size 29.7 KiB, free 434.3 MiB)
[2025-11-22T15:41:49.695+0000] {subprocess.py:106} INFO - 25/11/22 15:41:49 INFO BlockManagerInfo: Added broadcast_6_piece0 in memory on 68d0d8c522fe:45679 (size: 29.7 KiB, free: 434.3 MiB)
[2025-11-22T15:41:49.696+0000] {subprocess.py:106} INFO - 25/11/22 15:41:49 INFO SparkContext: Created broadcast 6 from broadcast at SparkBatch.java:79
[2025-11-22T15:41:49.846+0000] {subprocess.py:106} INFO - 25/11/22 15:41:49 INFO CodeGenerator: Code generated in 26.418854 ms
[2025-11-22T15:41:49.879+0000] {subprocess.py:106} INFO - 25/11/22 15:41:49 INFO SparkContext: Starting job: $anonfun$withThreadLocalCaptured$1 at <unknown>:0
[2025-11-22T15:41:49.881+0000] {subprocess.py:106} INFO - 25/11/22 15:41:49 INFO DAGScheduler: Got job 3 ($anonfun$withThreadLocalCaptured$1 at <unknown>:0) with 6 output partitions
[2025-11-22T15:41:49.886+0000] {subprocess.py:106} INFO - 25/11/22 15:41:49 INFO DAGScheduler: Final stage: ResultStage 4 ($anonfun$withThreadLocalCaptured$1 at <unknown>:0)
[2025-11-22T15:41:49.887+0000] {subprocess.py:106} INFO - 25/11/22 15:41:49 INFO DAGScheduler: Parents of final stage: List()
[2025-11-22T15:41:49.887+0000] {subprocess.py:106} INFO - 25/11/22 15:41:49 INFO DAGScheduler: Missing parents: List()
[2025-11-22T15:41:49.888+0000] {subprocess.py:106} INFO - 25/11/22 15:41:49 INFO DAGScheduler: Submitting ResultStage 4 (MapPartitionsRDD[14] at $anonfun$withThreadLocalCaptured$1 at <unknown>:0), which has no missing parents
[2025-11-22T15:41:49.891+0000] {subprocess.py:106} INFO - 25/11/22 15:41:49 INFO MemoryStore: Block broadcast_7 stored as values in memory (estimated size 13.8 KiB, free 434.3 MiB)
[2025-11-22T15:41:49.895+0000] {subprocess.py:106} INFO - 25/11/22 15:41:49 INFO MemoryStore: Block broadcast_7_piece0 stored as bytes in memory (estimated size 5.5 KiB, free 434.3 MiB)
[2025-11-22T15:41:49.900+0000] {subprocess.py:106} INFO - 25/11/22 15:41:49 INFO BlockManagerInfo: Added broadcast_7_piece0 in memory on 68d0d8c522fe:45679 (size: 5.5 KiB, free: 434.3 MiB)
[2025-11-22T15:41:49.900+0000] {subprocess.py:106} INFO - 25/11/22 15:41:49 INFO SparkContext: Created broadcast 7 from broadcast at DAGScheduler.scala:1585
[2025-11-22T15:41:49.901+0000] {subprocess.py:106} INFO - 25/11/22 15:41:49 INFO DAGScheduler: Submitting 6 missing tasks from ResultStage 4 (MapPartitionsRDD[14] at $anonfun$withThreadLocalCaptured$1 at <unknown>:0) (first 15 tasks are for partitions Vector(0, 1, 2, 3, 4, 5))
[2025-11-22T15:41:49.902+0000] {subprocess.py:106} INFO - 25/11/22 15:41:49 INFO TaskSchedulerImpl: Adding task set 4.0 with 6 tasks resource profile 0
[2025-11-22T15:41:49.918+0000] {subprocess.py:106} INFO - 25/11/22 15:41:49 INFO TaskSetManager: Starting task 0.0 in stage 4.0 (TID 3) (172.30.0.8, executor 0, partition 0, ANY, 15761 bytes)
[2025-11-22T15:41:50.339+0000] {subprocess.py:106} INFO - 25/11/22 15:41:50 INFO BlockManagerInfo: Added broadcast_7_piece0 in memory on 172.30.0.8:38027 (size: 5.5 KiB, free: 434.4 MiB)
[2025-11-22T15:41:50.408+0000] {subprocess.py:106} INFO - 25/11/22 15:41:50 INFO BlockManagerInfo: Added broadcast_6_piece0 in memory on 172.30.0.8:38027 (size: 29.7 KiB, free: 434.4 MiB)
[2025-11-22T15:41:29.256+0000] {subprocess.py:106} INFO - 25/11/22 15:41:29 INFO TaskSetManager: Starting task 1.0 in stage 4.0 (TID 4) (172.30.0.8, executor 0, partition 1, ANY, 15762 bytes)
[2025-11-22T15:41:29.258+0000] {subprocess.py:106} INFO - 25/11/22 15:41:29 INFO TaskSetManager: Finished task 0.0 in stage 4.0 (TID 3) in -20643 ms on 172.30.0.8 (executor 0) (1/6)
[2025-11-22T15:41:52.815+0000] {subprocess.py:106} INFO - 25/11/22 15:41:52 INFO TaskSetManager: Starting task 2.0 in stage 4.0 (TID 5) (172.30.0.8, executor 0, partition 2, ANY, 15762 bytes)
[2025-11-22T15:41:52.816+0000] {subprocess.py:106} INFO - 25/11/22 15:41:52 INFO TaskSetManager: Finished task 1.0 in stage 4.0 (TID 4) in 23562 ms on 172.30.0.8 (executor 0) (2/6)
[2025-11-22T15:41:53.189+0000] {subprocess.py:106} INFO - 25/11/22 15:41:53 INFO TaskSetManager: Starting task 3.0 in stage 4.0 (TID 6) (172.30.0.8, executor 0, partition 3, ANY, 15762 bytes)
[2025-11-22T15:41:53.191+0000] {subprocess.py:106} INFO - 25/11/22 15:41:53 INFO TaskSetManager: Finished task 2.0 in stage 4.0 (TID 5) in 378 ms on 172.30.0.8 (executor 0) (3/6)
[2025-11-22T15:41:53.541+0000] {subprocess.py:106} INFO - 25/11/22 15:41:53 INFO TaskSetManager: Starting task 4.0 in stage 4.0 (TID 7) (172.30.0.8, executor 0, partition 4, ANY, 15762 bytes)
[2025-11-22T15:41:53.543+0000] {subprocess.py:106} INFO - 25/11/22 15:41:53 INFO TaskSetManager: Finished task 3.0 in stage 4.0 (TID 6) in 356 ms on 172.30.0.8 (executor 0) (4/6)
[2025-11-22T15:41:53.971+0000] {subprocess.py:106} INFO - 25/11/22 15:41:53 INFO TaskSetManager: Starting task 5.0 in stage 4.0 (TID 8) (172.30.0.8, executor 0, partition 5, ANY, 15285 bytes)
[2025-11-22T15:41:53.977+0000] {subprocess.py:106} INFO - 25/11/22 15:41:53 INFO TaskSetManager: Finished task 4.0 in stage 4.0 (TID 7) in 436 ms on 172.30.0.8 (executor 0) (5/6)
[2025-11-22T15:41:54.323+0000] {subprocess.py:106} INFO - 25/11/22 15:41:54 INFO TaskSetManager: Finished task 5.0 in stage 4.0 (TID 8) in 353 ms on 172.30.0.8 (executor 0) (6/6)
[2025-11-22T15:41:54.324+0000] {subprocess.py:106} INFO - 25/11/22 15:41:54 INFO TaskSchedulerImpl: Removed TaskSet 4.0, whose tasks have all completed, from pool
[2025-11-22T15:41:54.326+0000] {subprocess.py:106} INFO - 25/11/22 15:41:54 INFO DAGScheduler: ResultStage 4 ($anonfun$withThreadLocalCaptured$1 at <unknown>:0) finished in 4.441 s
[2025-11-22T15:41:54.329+0000] {subprocess.py:106} INFO - 25/11/22 15:41:54 INFO DAGScheduler: Job 3 is finished. Cancelling potential speculative or zombie tasks for this job
[2025-11-22T15:41:54.330+0000] {subprocess.py:106} INFO - 25/11/22 15:41:54 INFO TaskSchedulerImpl: Killing all running tasks in stage 4: Stage finished
[2025-11-22T15:41:54.330+0000] {subprocess.py:106} INFO - 25/11/22 15:41:54 INFO DAGScheduler: Job 3 finished: $anonfun$withThreadLocalCaptured$1 at <unknown>:0, took 3.878041 s
[2025-11-22T15:41:54.368+0000] {subprocess.py:106} INFO - 25/11/22 15:41:54 INFO CodeGenerator: Code generated in 14.682382 ms
[2025-11-22T15:41:54.392+0000] {subprocess.py:106} INFO - 25/11/22 15:41:54 INFO BlockManagerInfo: Removed broadcast_7_piece0 on 68d0d8c522fe:45679 in memory (size: 5.5 KiB, free: 434.3 MiB)
[2025-11-22T15:41:54.394+0000] {subprocess.py:106} INFO - 25/11/22 15:41:54 INFO BlockManagerInfo: Removed broadcast_7_piece0 on 172.30.0.8:38027 in memory (size: 5.5 KiB, free: 434.4 MiB)
[2025-11-22T15:41:54.462+0000] {subprocess.py:106} INFO - 25/11/22 15:41:54 INFO MemoryStore: Block broadcast_8_piece0 stored as bytes in memory (estimated size 265.2 KiB, free 434.0 MiB)
[2025-11-22T15:41:54.465+0000] {subprocess.py:106} INFO - 25/11/22 15:41:54 INFO BlockManagerInfo: Added broadcast_8_piece0 in memory on 68d0d8c522fe:45679 (size: 265.2 KiB, free: 434.1 MiB)
[2025-11-22T15:41:54.466+0000] {subprocess.py:106} INFO - 25/11/22 15:41:54 INFO SparkContext: Created broadcast 8 from $anonfun$withThreadLocalCaptured$1 at <unknown>:0
[2025-11-22T15:41:54.479+0000] {subprocess.py:106} INFO - 25/11/22 15:41:54 INFO FileSourceStrategy: Pushed Filters:
[2025-11-22T15:41:54.481+0000] {subprocess.py:106} INFO - 25/11/22 15:41:54 INFO FileSourceStrategy: Post-Scan Filters:
[2025-11-22T15:41:54.540+0000] {subprocess.py:106} INFO - 25/11/22 15:41:54 INFO CodeGenerator: Code generated in 18.259251 ms
[2025-11-22T15:41:54.546+0000] {subprocess.py:106} INFO - 25/11/22 15:41:54 INFO MemoryStore: Block broadcast_9 stored as values in memory (estimated size 203.1 KiB, free 433.8 MiB)
[2025-11-22T15:41:54.570+0000] {subprocess.py:106} INFO - 25/11/22 15:41:54 INFO MemoryStore: Block broadcast_9_piece0 stored as bytes in memory (estimated size 35.1 KiB, free 433.8 MiB)
[2025-11-22T15:41:54.572+0000] {subprocess.py:106} INFO - 25/11/22 15:41:54 INFO BlockManagerInfo: Added broadcast_9_piece0 in memory on 68d0d8c522fe:45679 (size: 35.1 KiB, free: 434.0 MiB)
[2025-11-22T15:41:54.574+0000] {subprocess.py:106} INFO - 25/11/22 15:41:54 INFO SparkContext: Created broadcast 9 from count at <unknown>:0
[2025-11-22T15:41:54.581+0000] {subprocess.py:106} INFO - 25/11/22 15:41:54 INFO FileSourceScanExec: Planning scan with bin packing, max size: 4194304 bytes, open cost is considered as scanning 4194304 bytes.
[2025-11-22T15:41:54.588+0000] {subprocess.py:106} INFO - 25/11/22 15:41:54 INFO DAGScheduler: Registering RDD 18 (count at <unknown>:0) as input to shuffle 1
[2025-11-22T15:41:54.589+0000] {subprocess.py:106} INFO - 25/11/22 15:41:54 INFO DAGScheduler: Got map stage job 4 (count at <unknown>:0) with 1 output partitions
[2025-11-22T15:41:54.590+0000] {subprocess.py:106} INFO - 25/11/22 15:41:54 INFO DAGScheduler: Final stage: ShuffleMapStage 5 (count at <unknown>:0)
[2025-11-22T15:41:54.590+0000] {subprocess.py:106} INFO - 25/11/22 15:41:54 INFO DAGScheduler: Parents of final stage: List()
[2025-11-22T15:41:54.596+0000] {subprocess.py:106} INFO - 25/11/22 15:41:54 INFO DAGScheduler: Missing parents: List()
[2025-11-22T15:41:54.597+0000] {subprocess.py:106} INFO - 25/11/22 15:41:54 INFO DAGScheduler: Submitting ShuffleMapStage 5 (MapPartitionsRDD[18] at count at <unknown>:0), which has no missing parents
[2025-11-22T15:41:54.613+0000] {subprocess.py:106} INFO - 25/11/22 15:41:54 INFO MemoryStore: Block broadcast_10 stored as values in memory (estimated size 20.1 KiB, free 433.8 MiB)
[2025-11-22T15:41:54.625+0000] {subprocess.py:106} INFO - 25/11/22 15:41:54 INFO MemoryStore: Block broadcast_10_piece0 stored as bytes in memory (estimated size 9.7 KiB, free 433.8 MiB)
[2025-11-22T15:41:54.629+0000] {subprocess.py:106} INFO - 25/11/22 15:41:54 INFO BlockManagerInfo: Added broadcast_10_piece0 in memory on 68d0d8c522fe:45679 (size: 9.7 KiB, free: 434.0 MiB)
[2025-11-22T15:41:54.630+0000] {subprocess.py:106} INFO - 25/11/22 15:41:54 INFO SparkContext: Created broadcast 10 from broadcast at DAGScheduler.scala:1585
[2025-11-22T15:41:54.631+0000] {subprocess.py:106} INFO - 25/11/22 15:41:54 INFO DAGScheduler: Submitting 1 missing tasks from ShuffleMapStage 5 (MapPartitionsRDD[18] at count at <unknown>:0) (first 15 tasks are for partitions Vector(0))
[2025-11-22T15:41:54.632+0000] {subprocess.py:106} INFO - 25/11/22 15:41:54 INFO TaskSchedulerImpl: Adding task set 5.0 with 1 tasks resource profile 0
[2025-11-22T15:41:54.633+0000] {subprocess.py:106} INFO - 25/11/22 15:41:54 INFO TaskSetManager: Starting task 0.0 in stage 5.0 (TID 9) (172.30.0.8, executor 0, partition 0, ANY, 9944 bytes)
[2025-11-22T15:41:54.655+0000] {subprocess.py:106} INFO - 25/11/22 15:41:54 INFO BlockManagerInfo: Added broadcast_10_piece0 in memory on 172.30.0.8:38027 (size: 9.7 KiB, free: 434.4 MiB)
[2025-11-22T15:41:54.714+0000] {subprocess.py:106} INFO - 25/11/22 15:41:54 INFO BlockManagerInfo: Added broadcast_8_piece0 in memory on 172.30.0.8:38027 (size: 265.2 KiB, free: 434.1 MiB)
[2025-11-22T15:41:54.886+0000] {subprocess.py:106} INFO - 25/11/22 15:41:54 INFO BlockManagerInfo: Added broadcast_9_piece0 in memory on 172.30.0.8:38027 (size: 35.1 KiB, free: 434.1 MiB)
[2025-11-22T15:41:55.022+0000] {subprocess.py:106} INFO - 25/11/22 15:41:55 INFO TaskSetManager: Finished task 0.0 in stage 5.0 (TID 9) in 388 ms on 172.30.0.8 (executor 0) (1/1)
[2025-11-22T15:41:55.025+0000] {subprocess.py:106} INFO - 25/11/22 15:41:55 INFO TaskSchedulerImpl: Removed TaskSet 5.0, whose tasks have all completed, from pool
[2025-11-22T15:41:55.026+0000] {subprocess.py:106} INFO - 25/11/22 15:41:55 INFO DAGScheduler: ShuffleMapStage 5 (count at <unknown>:0) finished in 0.426 s
[2025-11-22T15:41:55.027+0000] {subprocess.py:106} INFO - 25/11/22 15:41:55 INFO DAGScheduler: looking for newly runnable stages
[2025-11-22T15:41:55.027+0000] {subprocess.py:106} INFO - 25/11/22 15:41:55 INFO DAGScheduler: running: Set()
[2025-11-22T15:41:55.028+0000] {subprocess.py:106} INFO - 25/11/22 15:41:55 INFO DAGScheduler: waiting: Set()
[2025-11-22T15:41:55.028+0000] {subprocess.py:106} INFO - 25/11/22 15:41:55 INFO DAGScheduler: failed: Set()
[2025-11-22T15:41:55.052+0000] {subprocess.py:106} INFO - 25/11/22 15:41:55 INFO CodeGenerator: Code generated in 11.332826 ms
[2025-11-22T15:41:55.068+0000] {subprocess.py:106} INFO - 25/11/22 15:41:55 INFO SparkContext: Starting job: count at <unknown>:0
[2025-11-22T15:41:55.070+0000] {subprocess.py:106} INFO - 25/11/22 15:41:55 INFO DAGScheduler: Got job 5 (count at <unknown>:0) with 1 output partitions
[2025-11-22T15:41:55.071+0000] {subprocess.py:106} INFO - 25/11/22 15:41:55 INFO DAGScheduler: Final stage: ResultStage 7 (count at <unknown>:0)
[2025-11-22T15:41:55.074+0000] {subprocess.py:106} INFO - 25/11/22 15:41:55 INFO DAGScheduler: Parents of final stage: List(ShuffleMapStage 6)
[2025-11-22T15:41:55.075+0000] {subprocess.py:106} INFO - 25/11/22 15:41:55 INFO DAGScheduler: Missing parents: List()
[2025-11-22T15:41:55.075+0000] {subprocess.py:106} INFO - 25/11/22 15:41:55 INFO DAGScheduler: Submitting ResultStage 7 (MapPartitionsRDD[21] at count at <unknown>:0), which has no missing parents
[2025-11-22T15:41:55.077+0000] {subprocess.py:106} INFO - 25/11/22 15:41:55 INFO MemoryStore: Block broadcast_11 stored as values in memory (estimated size 12.5 KiB, free 433.7 MiB)
[2025-11-22T15:41:55.087+0000] {subprocess.py:106} INFO - 25/11/22 15:41:55 INFO MemoryStore: Block broadcast_11_piece0 stored as bytes in memory (estimated size 5.9 KiB, free 433.7 MiB)
[2025-11-22T15:41:55.091+0000] {subprocess.py:106} INFO - 25/11/22 15:41:55 INFO BlockManagerInfo: Added broadcast_11_piece0 in memory on 68d0d8c522fe:45679 (size: 5.9 KiB, free: 434.0 MiB)
[2025-11-22T15:41:55.097+0000] {subprocess.py:106} INFO - 25/11/22 15:41:55 INFO BlockManagerInfo: Removed broadcast_10_piece0 on 68d0d8c522fe:45679 in memory (size: 9.7 KiB, free: 434.0 MiB)
[2025-11-22T15:41:55.098+0000] {subprocess.py:106} INFO - 25/11/22 15:41:55 INFO SparkContext: Created broadcast 11 from broadcast at DAGScheduler.scala:1585
[2025-11-22T15:41:55.099+0000] {subprocess.py:106} INFO - 25/11/22 15:41:55 INFO DAGScheduler: Submitting 1 missing tasks from ResultStage 7 (MapPartitionsRDD[21] at count at <unknown>:0) (first 15 tasks are for partitions Vector(0))
[2025-11-22T15:41:55.099+0000] {subprocess.py:106} INFO - 25/11/22 15:41:55 INFO TaskSchedulerImpl: Adding task set 7.0 with 1 tasks resource profile 0
[2025-11-22T15:41:55.100+0000] {subprocess.py:106} INFO - 25/11/22 15:41:55 INFO TaskSetManager: Starting task 0.0 in stage 7.0 (TID 10) (172.30.0.8, executor 0, partition 0, NODE_LOCAL, 9331 bytes)
[2025-11-22T15:41:55.100+0000] {subprocess.py:106} INFO - 25/11/22 15:41:55 INFO BlockManagerInfo: Removed broadcast_10_piece0 on 172.30.0.8:38027 in memory (size: 9.7 KiB, free: 434.1 MiB)
[2025-11-22T15:41:55.115+0000] {subprocess.py:106} INFO - 25/11/22 15:41:55 INFO BlockManagerInfo: Added broadcast_11_piece0 in memory on 172.30.0.8:38027 (size: 5.9 KiB, free: 434.1 MiB)
[2025-11-22T15:41:55.124+0000] {subprocess.py:106} INFO - 25/11/22 15:41:55 INFO MapOutputTrackerMasterEndpoint: Asked to send map output locations for shuffle 1 to 172.30.0.8:51598
[2025-11-22T15:41:55.160+0000] {subprocess.py:106} INFO - 25/11/22 15:41:55 INFO TaskSetManager: Finished task 0.0 in stage 7.0 (TID 10) in 66 ms on 172.30.0.8 (executor 0) (1/1)
[2025-11-22T15:41:55.161+0000] {subprocess.py:106} INFO - 25/11/22 15:41:55 INFO TaskSchedulerImpl: Removed TaskSet 7.0, whose tasks have all completed, from pool
[2025-11-22T15:41:55.162+0000] {subprocess.py:106} INFO - 25/11/22 15:41:55 INFO DAGScheduler: ResultStage 7 (count at <unknown>:0) finished in 0.088 s
[2025-11-22T15:41:55.163+0000] {subprocess.py:106} INFO - 25/11/22 15:41:55 INFO DAGScheduler: Job 5 is finished. Cancelling potential speculative or zombie tasks for this job
[2025-11-22T15:41:55.164+0000] {subprocess.py:106} INFO - 25/11/22 15:41:55 INFO TaskSchedulerImpl: Killing all running tasks in stage 7: Stage finished
[2025-11-22T15:41:55.166+0000] {subprocess.py:106} INFO - 25/11/22 15:41:55 INFO DAGScheduler: Job 5 finished: count at <unknown>:0, took 0.097210 s
[2025-11-22T15:41:55.170+0000] {subprocess.py:106} INFO -  New records to append: 70
[2025-11-22T15:41:55.216+0000] {subprocess.py:106} INFO - 25/11/22 15:41:55 INFO V2ScanRelationPushDown:
[2025-11-22T15:41:55.217+0000] {subprocess.py:106} INFO - Pushing operators to hive_catalog.bronze.it_jobs_raw
[2025-11-22T15:41:55.218+0000] {subprocess.py:106} INFO - Pushed Filters: job_link IS NOT NULL
[2025-11-22T15:41:55.218+0000] {subprocess.py:106} INFO - Post-Scan Filters: isnotnull(job_link#66)
[2025-11-22T15:41:55.220+0000] {subprocess.py:106} INFO - 
[2025-11-22T15:41:55.221+0000] {subprocess.py:106} INFO - 25/11/22 15:41:55 INFO V2ScanRelationPushDown:
[2025-11-22T15:41:55.222+0000] {subprocess.py:106} INFO - Output: job_link#66
[2025-11-22T15:41:55.226+0000] {subprocess.py:106} INFO - 
[2025-11-22T15:41:55.227+0000] {subprocess.py:106} INFO - 25/11/22 15:41:55 INFO SnapshotScan: Scanning table hive_catalog.bronze.it_jobs_raw snapshot 3425755497916932021 created at 2025-11-20T10:37:35.550+00:00 with filter job_link IS NOT NULL
[2025-11-22T15:41:55.230+0000] {subprocess.py:106} INFO - 25/11/22 15:41:55 INFO BaseDistributedDataScan: Planning file tasks locally for table hive_catalog.bronze.it_jobs_raw
[2025-11-22T15:41:55.406+0000] {subprocess.py:106} INFO - 25/11/22 15:41:55 INFO BlockManagerInfo: Removed broadcast_11_piece0 on 68d0d8c522fe:45679 in memory (size: 5.9 KiB, free: 434.0 MiB)
[2025-11-22T15:41:55.410+0000] {subprocess.py:106} INFO - 25/11/22 15:41:55 INFO BlockManagerInfo: Removed broadcast_11_piece0 on 172.30.0.8:38027 in memory (size: 5.9 KiB, free: 434.1 MiB)
[2025-11-22T15:41:55.412+0000] {subprocess.py:106} INFO - 25/11/22 15:41:55 INFO SparkPartitioningAwareScan: Reporting UnknownPartitioning with 6 partition(s) for table hive_catalog.bronze.it_jobs_raw
[2025-11-22T15:41:55.429+0000] {subprocess.py:106} INFO - 25/11/22 15:41:55 INFO FileSourceStrategy: Pushed Filters:
[2025-11-22T15:41:55.431+0000] {subprocess.py:106} INFO - 25/11/22 15:41:55 INFO FileSourceStrategy: Post-Scan Filters:
[2025-11-22T15:41:55.434+0000] {subprocess.py:106} INFO - 25/11/22 15:41:55 INFO MemoryStore: Block broadcast_12 stored as values in memory (estimated size 32.0 KiB, free 433.8 MiB)
[2025-11-22T15:41:55.462+0000] {subprocess.py:106} INFO - 25/11/22 15:41:55 INFO MemoryStore: Block broadcast_12_piece0 stored as bytes in memory (estimated size 29.7 KiB, free 433.7 MiB)
[2025-11-22T15:41:55.463+0000] {subprocess.py:106} INFO - 25/11/22 15:41:55 INFO BlockManagerInfo: Added broadcast_12_piece0 in memory on 68d0d8c522fe:45679 (size: 29.7 KiB, free: 434.0 MiB)
[2025-11-22T15:41:55.468+0000] {subprocess.py:106} INFO - 25/11/22 15:41:55 INFO SparkContext: Created broadcast 12 from broadcast at SparkBatch.java:79
[2025-11-22T15:41:55.608+0000] {subprocess.py:106} INFO - 25/11/22 15:41:55 INFO MemoryStore: Block broadcast_13 stored as values in memory (estimated size 32.0 KiB, free 433.7 MiB)
[2025-11-22T15:41:55.626+0000] {subprocess.py:106} INFO - 25/11/22 15:41:55 INFO MemoryStore: Block broadcast_13_piece0 stored as bytes in memory (estimated size 29.7 KiB, free 433.7 MiB)
[2025-11-22T15:41:55.631+0000] {subprocess.py:106} INFO - 25/11/22 15:41:55 INFO BlockManagerInfo: Added broadcast_13_piece0 in memory on 68d0d8c522fe:45679 (size: 29.7 KiB, free: 434.0 MiB)
[2025-11-22T15:41:55.634+0000] {subprocess.py:106} INFO - 25/11/22 15:41:55 INFO SparkContext: Created broadcast 13 from broadcast at SparkBatch.java:79
[2025-11-22T15:41:55.709+0000] {subprocess.py:106} INFO - 25/11/22 15:41:55 INFO BlockManagerInfo: Removed broadcast_5_piece0 on 68d0d8c522fe:45679 in memory (size: 29.7 KiB, free: 434.0 MiB)
[2025-11-22T15:41:55.778+0000] {subprocess.py:106} INFO - 25/11/22 15:41:55 INFO SparkContext: Starting job: $anonfun$withThreadLocalCaptured$1 at <unknown>:0
[2025-11-22T15:41:55.783+0000] {subprocess.py:106} INFO - 25/11/22 15:41:55 INFO DAGScheduler: Got job 6 ($anonfun$withThreadLocalCaptured$1 at <unknown>:0) with 6 output partitions
[2025-11-22T15:41:55.783+0000] {subprocess.py:106} INFO - 25/11/22 15:41:55 INFO DAGScheduler: Final stage: ResultStage 8 ($anonfun$withThreadLocalCaptured$1 at <unknown>:0)
[2025-11-22T15:41:55.784+0000] {subprocess.py:106} INFO - 25/11/22 15:41:55 INFO DAGScheduler: Parents of final stage: List()
[2025-11-22T15:41:55.790+0000] {subprocess.py:106} INFO - 25/11/22 15:41:55 INFO DAGScheduler: Missing parents: List()
[2025-11-22T15:41:55.792+0000] {subprocess.py:106} INFO - 25/11/22 15:41:55 INFO DAGScheduler: Submitting ResultStage 8 (MapPartitionsRDD[25] at $anonfun$withThreadLocalCaptured$1 at <unknown>:0), which has no missing parents
[2025-11-22T15:41:55.793+0000] {subprocess.py:106} INFO - 25/11/22 15:41:55 INFO MemoryStore: Block broadcast_14 stored as values in memory (estimated size 13.7 KiB, free 433.7 MiB)
[2025-11-22T15:41:55.810+0000] {subprocess.py:106} INFO - 25/11/22 15:41:55 INFO MemoryStore: Block broadcast_14_piece0 stored as bytes in memory (estimated size 5.5 KiB, free 433.7 MiB)
[2025-11-22T15:41:55.814+0000] {subprocess.py:106} INFO - 25/11/22 15:41:55 INFO BlockManagerInfo: Added broadcast_14_piece0 in memory on 68d0d8c522fe:45679 (size: 5.5 KiB, free: 434.0 MiB)
[2025-11-22T15:41:55.815+0000] {subprocess.py:106} INFO - 25/11/22 15:41:55 INFO SparkContext: Created broadcast 14 from broadcast at DAGScheduler.scala:1585
[2025-11-22T15:41:55.816+0000] {subprocess.py:106} INFO - 25/11/22 15:41:55 INFO DAGScheduler: Submitting 6 missing tasks from ResultStage 8 (MapPartitionsRDD[25] at $anonfun$withThreadLocalCaptured$1 at <unknown>:0) (first 15 tasks are for partitions Vector(0, 1, 2, 3, 4, 5))
[2025-11-22T15:41:55.816+0000] {subprocess.py:106} INFO - 25/11/22 15:41:55 INFO TaskSchedulerImpl: Adding task set 8.0 with 6 tasks resource profile 0
[2025-11-22T15:41:55.822+0000] {subprocess.py:106} INFO - 25/11/22 15:41:55 INFO BlockManagerInfo: Removed broadcast_8_piece0 on 68d0d8c522fe:45679 in memory (size: 265.2 KiB, free: 434.3 MiB)
[2025-11-22T15:41:55.823+0000] {subprocess.py:106} INFO - 25/11/22 15:41:55 INFO BlockManagerInfo: Removed broadcast_8_piece0 on 172.30.0.8:38027 in memory (size: 265.2 KiB, free: 434.3 MiB)
[2025-11-22T15:41:55.828+0000] {subprocess.py:106} INFO - 25/11/22 15:41:55 INFO TaskSetManager: Starting task 0.0 in stage 8.0 (TID 11) (172.30.0.8, executor 0, partition 0, ANY, 15762 bytes)
[2025-11-22T15:41:55.865+0000] {subprocess.py:106} INFO - 25/11/22 15:41:55 INFO BlockManagerInfo: Added broadcast_14_piece0 in memory on 172.30.0.8:38027 (size: 5.5 KiB, free: 434.3 MiB)
[2025-11-22T15:41:55.930+0000] {subprocess.py:106} INFO - 25/11/22 15:41:55 INFO BlockManagerInfo: Added broadcast_13_piece0 in memory on 172.30.0.8:38027 (size: 29.7 KiB, free: 434.3 MiB)
[2025-11-22T15:41:56.343+0000] {subprocess.py:106} INFO - 25/11/22 15:41:56 INFO TaskSetManager: Starting task 1.0 in stage 8.0 (TID 12) (172.30.0.8, executor 0, partition 1, ANY, 15761 bytes)
[2025-11-22T15:41:56.345+0000] {subprocess.py:106} INFO - 25/11/22 15:41:56 INFO TaskSetManager: Finished task 0.0 in stage 8.0 (TID 11) in 530 ms on 172.30.0.8 (executor 0) (1/6)
[2025-11-22T15:41:56.610+0000] {subprocess.py:106} INFO - 25/11/22 15:41:56 INFO TaskSetManager: Starting task 2.0 in stage 8.0 (TID 13) (172.30.0.8, executor 0, partition 2, ANY, 15753 bytes)
[2025-11-22T15:41:56.612+0000] {subprocess.py:106} INFO - 25/11/22 15:41:56 INFO TaskSetManager: Finished task 1.0 in stage 8.0 (TID 12) in 268 ms on 172.30.0.8 (executor 0) (2/6)
[2025-11-22T15:41:56.853+0000] {subprocess.py:106} INFO - 25/11/22 15:41:56 INFO TaskSetManager: Starting task 3.0 in stage 8.0 (TID 14) (172.30.0.8, executor 0, partition 3, ANY, 15762 bytes)
[2025-11-22T15:41:56.854+0000] {subprocess.py:106} INFO - 25/11/22 15:41:56 INFO TaskSetManager: Finished task 2.0 in stage 8.0 (TID 13) in 250 ms on 172.30.0.8 (executor 0) (3/6)
[2025-11-22T15:41:57.106+0000] {subprocess.py:106} INFO - 25/11/22 15:41:57 INFO TaskSetManager: Starting task 4.0 in stage 8.0 (TID 15) (172.30.0.8, executor 0, partition 4, ANY, 15762 bytes)
[2025-11-22T15:41:57.107+0000] {subprocess.py:106} INFO - 25/11/22 15:41:57 INFO TaskSetManager: Finished task 3.0 in stage 8.0 (TID 14) in 256 ms on 172.30.0.8 (executor 0) (4/6)
[2025-11-22T15:41:57.364+0000] {subprocess.py:106} INFO - 25/11/22 15:41:57 INFO TaskSetManager: Starting task 5.0 in stage 8.0 (TID 16) (172.30.0.8, executor 0, partition 5, ANY, 15285 bytes)
[2025-11-22T15:41:57.365+0000] {subprocess.py:106} INFO - 25/11/22 15:41:57 INFO TaskSetManager: Finished task 4.0 in stage 8.0 (TID 15) in 262 ms on 172.30.0.8 (executor 0) (5/6)
[2025-11-22T15:41:57.543+0000] {subprocess.py:106} INFO - 25/11/22 15:41:57 INFO TaskSetManager: Finished task 5.0 in stage 8.0 (TID 16) in 180 ms on 172.30.0.8 (executor 0) (6/6)
[2025-11-22T15:41:57.544+0000] {subprocess.py:106} INFO - 25/11/22 15:41:57 INFO TaskSchedulerImpl: Removed TaskSet 8.0, whose tasks have all completed, from pool
[2025-11-22T15:41:57.545+0000] {subprocess.py:106} INFO - 25/11/22 15:41:57 INFO DAGScheduler: ResultStage 8 ($anonfun$withThreadLocalCaptured$1 at <unknown>:0) finished in 1.757 s
[2025-11-22T15:41:57.546+0000] {subprocess.py:106} INFO - 25/11/22 15:41:57 INFO DAGScheduler: Job 6 is finished. Cancelling potential speculative or zombie tasks for this job
[2025-11-22T15:41:57.546+0000] {subprocess.py:106} INFO - 25/11/22 15:41:57 INFO TaskSchedulerImpl: Killing all running tasks in stage 8: Stage finished
[2025-11-22T15:41:57.550+0000] {subprocess.py:106} INFO - 25/11/22 15:41:57 INFO DAGScheduler: Job 6 finished: $anonfun$withThreadLocalCaptured$1 at <unknown>:0, took 1.766674 s
[2025-11-22T15:41:57.564+0000] {subprocess.py:106} INFO - 25/11/22 15:41:57 INFO BlockManagerInfo: Removed broadcast_9_piece0 on 68d0d8c522fe:45679 in memory (size: 35.1 KiB, free: 434.3 MiB)
[2025-11-22T15:41:57.568+0000] {subprocess.py:106} INFO - 25/11/22 15:41:57 INFO BlockManagerInfo: Removed broadcast_9_piece0 on 172.30.0.8:38027 in memory (size: 35.1 KiB, free: 434.3 MiB)
[2025-11-22T15:41:57.584+0000] {subprocess.py:106} INFO - 25/11/22 15:41:57 INFO MemoryStore: Block broadcast_15_piece0 stored as bytes in memory (estimated size 265.6 KiB, free 434.0 MiB)
[2025-11-22T15:41:57.587+0000] {subprocess.py:106} INFO - 25/11/22 15:41:57 INFO BlockManagerInfo: Added broadcast_15_piece0 in memory on 68d0d8c522fe:45679 (size: 265.6 KiB, free: 434.0 MiB)
[2025-11-22T15:41:57.589+0000] {subprocess.py:106} INFO - 25/11/22 15:41:57 INFO SparkContext: Created broadcast 15 from $anonfun$withThreadLocalCaptured$1 at <unknown>:0
[2025-11-22T15:41:57.590+0000] {subprocess.py:106} INFO - 25/11/22 15:41:57 INFO BlockManagerInfo: Removed broadcast_14_piece0 on 68d0d8c522fe:45679 in memory (size: 5.5 KiB, free: 434.1 MiB)
[2025-11-22T15:41:57.596+0000] {subprocess.py:106} INFO - 25/11/22 15:41:57 INFO BlockManagerInfo: Removed broadcast_14_piece0 on 172.30.0.8:38027 in memory (size: 5.5 KiB, free: 434.3 MiB)
[2025-11-22T15:41:57.600+0000] {subprocess.py:106} INFO - 25/11/22 15:41:57 INFO FileSourceStrategy: Pushed Filters:
[2025-11-22T15:41:57.603+0000] {subprocess.py:106} INFO - 25/11/22 15:41:57 INFO FileSourceStrategy: Post-Scan Filters:
[2025-11-22T15:41:57.621+0000] {subprocess.py:106} INFO - 25/11/22 15:41:57 INFO BlockManagerInfo: Removed broadcast_6_piece0 on 68d0d8c522fe:45679 in memory (size: 29.7 KiB, free: 434.1 MiB)
[2025-11-22T15:41:57.626+0000] {subprocess.py:106} INFO - 25/11/22 15:41:57 INFO BlockManagerInfo: Removed broadcast_6_piece0 on 172.30.0.8:38027 in memory (size: 29.7 KiB, free: 434.4 MiB)
[2025-11-22T15:41:57.641+0000] {subprocess.py:106} INFO - 25/11/22 15:41:57 INFO MemoryStore: Block broadcast_16 stored as values in memory (estimated size 203.1 KiB, free 433.8 MiB)
[2025-11-22T15:41:57.664+0000] {subprocess.py:106} INFO - 25/11/22 15:41:57 INFO MemoryStore: Block broadcast_16_piece0 stored as bytes in memory (estimated size 35.1 KiB, free 433.8 MiB)
[2025-11-22T15:41:57.665+0000] {subprocess.py:106} INFO - 25/11/22 15:41:57 INFO BlockManagerInfo: Added broadcast_16_piece0 in memory on 68d0d8c522fe:45679 (size: 35.1 KiB, free: 434.0 MiB)
[2025-11-22T15:41:57.665+0000] {subprocess.py:106} INFO - 25/11/22 15:41:57 INFO SparkContext: Created broadcast 16 from count at <unknown>:0
[2025-11-22T15:41:57.668+0000] {subprocess.py:106} INFO - 25/11/22 15:41:57 INFO FileSourceScanExec: Planning scan with bin packing, max size: 4194304 bytes, open cost is considered as scanning 4194304 bytes.
[2025-11-22T15:41:57.675+0000] {subprocess.py:106} INFO - 25/11/22 15:41:57 INFO DAGScheduler: Registering RDD 29 (count at <unknown>:0) as input to shuffle 2
[2025-11-22T15:41:57.676+0000] {subprocess.py:106} INFO - 25/11/22 15:41:57 INFO DAGScheduler: Got map stage job 7 (count at <unknown>:0) with 1 output partitions
[2025-11-22T15:41:57.677+0000] {subprocess.py:106} INFO - 25/11/22 15:41:57 INFO DAGScheduler: Final stage: ShuffleMapStage 9 (count at <unknown>:0)
[2025-11-22T15:41:57.677+0000] {subprocess.py:106} INFO - 25/11/22 15:41:57 INFO DAGScheduler: Parents of final stage: List()
[2025-11-22T15:41:57.680+0000] {subprocess.py:106} INFO - 25/11/22 15:41:57 INFO DAGScheduler: Missing parents: List()
[2025-11-22T15:41:57.681+0000] {subprocess.py:106} INFO - 25/11/22 15:41:57 INFO DAGScheduler: Submitting ShuffleMapStage 9 (MapPartitionsRDD[29] at count at <unknown>:0), which has no missing parents
[2025-11-22T15:41:57.684+0000] {subprocess.py:106} INFO - 25/11/22 15:41:57 INFO MemoryStore: Block broadcast_17 stored as values in memory (estimated size 20.1 KiB, free 433.8 MiB)
[2025-11-22T15:41:57.688+0000] {subprocess.py:106} INFO - 25/11/22 15:41:57 INFO MemoryStore: Block broadcast_17_piece0 stored as bytes in memory (estimated size 9.7 KiB, free 433.8 MiB)
[2025-11-22T15:41:57.689+0000] {subprocess.py:106} INFO - 25/11/22 15:41:57 INFO BlockManagerInfo: Added broadcast_17_piece0 in memory on 68d0d8c522fe:45679 (size: 9.7 KiB, free: 434.0 MiB)
[2025-11-22T15:41:57.689+0000] {subprocess.py:106} INFO - 25/11/22 15:41:57 INFO SparkContext: Created broadcast 17 from broadcast at DAGScheduler.scala:1585
[2025-11-22T15:41:57.690+0000] {subprocess.py:106} INFO - 25/11/22 15:41:57 INFO DAGScheduler: Submitting 1 missing tasks from ShuffleMapStage 9 (MapPartitionsRDD[29] at count at <unknown>:0) (first 15 tasks are for partitions Vector(0))
[2025-11-22T15:41:57.691+0000] {subprocess.py:106} INFO - 25/11/22 15:41:57 INFO TaskSchedulerImpl: Adding task set 9.0 with 1 tasks resource profile 0
[2025-11-22T15:41:57.691+0000] {subprocess.py:106} INFO - 25/11/22 15:41:57 INFO TaskSetManager: Starting task 0.0 in stage 9.0 (TID 17) (172.30.0.8, executor 0, partition 0, ANY, 9944 bytes)
[2025-11-22T15:41:57.724+0000] {subprocess.py:106} INFO - 25/11/22 15:41:57 INFO BlockManagerInfo: Added broadcast_17_piece0 in memory on 172.30.0.8:38027 (size: 9.7 KiB, free: 434.4 MiB)
[2025-11-22T15:41:57.742+0000] {subprocess.py:106} INFO - 25/11/22 15:41:57 INFO BlockManagerInfo: Added broadcast_15_piece0 in memory on 172.30.0.8:38027 (size: 265.6 KiB, free: 434.1 MiB)
[2025-11-22T15:41:57.800+0000] {subprocess.py:106} INFO - 25/11/22 15:41:57 INFO BlockManagerInfo: Added broadcast_16_piece0 in memory on 172.30.0.8:38027 (size: 35.1 KiB, free: 434.1 MiB)
[2025-11-22T15:41:57.894+0000] {subprocess.py:106} INFO - 25/11/22 15:41:57 INFO TaskSetManager: Finished task 0.0 in stage 9.0 (TID 17) in 198 ms on 172.30.0.8 (executor 0) (1/1)
[2025-11-22T15:41:57.895+0000] {subprocess.py:106} INFO - 25/11/22 15:41:57 INFO TaskSchedulerImpl: Removed TaskSet 9.0, whose tasks have all completed, from pool
[2025-11-22T15:41:57.897+0000] {subprocess.py:106} INFO - 25/11/22 15:41:57 INFO DAGScheduler: ShuffleMapStage 9 (count at <unknown>:0) finished in 0.209 s
[2025-11-22T15:41:57.897+0000] {subprocess.py:106} INFO - 25/11/22 15:41:57 INFO DAGScheduler: looking for newly runnable stages
[2025-11-22T15:41:57.898+0000] {subprocess.py:106} INFO - 25/11/22 15:41:57 INFO DAGScheduler: running: Set()
[2025-11-22T15:41:57.898+0000] {subprocess.py:106} INFO - 25/11/22 15:41:57 INFO DAGScheduler: waiting: Set()
[2025-11-22T15:41:57.899+0000] {subprocess.py:106} INFO - 25/11/22 15:41:57 INFO DAGScheduler: failed: Set()
[2025-11-22T15:41:57.919+0000] {subprocess.py:106} INFO - 25/11/22 15:41:57 INFO SparkContext: Starting job: count at <unknown>:0
[2025-11-22T15:41:57.921+0000] {subprocess.py:106} INFO - 25/11/22 15:41:57 INFO DAGScheduler: Got job 8 (count at <unknown>:0) with 1 output partitions
[2025-11-22T15:41:57.921+0000] {subprocess.py:106} INFO - 25/11/22 15:41:57 INFO DAGScheduler: Final stage: ResultStage 11 (count at <unknown>:0)
[2025-11-22T15:41:57.922+0000] {subprocess.py:106} INFO - 25/11/22 15:41:57 INFO DAGScheduler: Parents of final stage: List(ShuffleMapStage 10)
[2025-11-22T15:41:57.922+0000] {subprocess.py:106} INFO - 25/11/22 15:41:57 INFO DAGScheduler: Missing parents: List()
[2025-11-22T15:41:57.923+0000] {subprocess.py:106} INFO - 25/11/22 15:41:57 INFO DAGScheduler: Submitting ResultStage 11 (MapPartitionsRDD[32] at count at <unknown>:0), which has no missing parents
[2025-11-22T15:41:57.926+0000] {subprocess.py:106} INFO - 25/11/22 15:41:57 INFO MemoryStore: Block broadcast_18 stored as values in memory (estimated size 12.5 KiB, free 433.7 MiB)
[2025-11-22T15:41:57.938+0000] {subprocess.py:106} INFO - 25/11/22 15:41:57 INFO MemoryStore: Block broadcast_18_piece0 stored as bytes in memory (estimated size 5.9 KiB, free 433.7 MiB)
[2025-11-22T15:41:57.939+0000] {subprocess.py:106} INFO - 25/11/22 15:41:57 INFO BlockManagerInfo: Added broadcast_18_piece0 in memory on 68d0d8c522fe:45679 (size: 5.9 KiB, free: 434.0 MiB)
[2025-11-22T15:41:57.943+0000] {subprocess.py:106} INFO - 25/11/22 15:41:57 INFO BlockManagerInfo: Removed broadcast_17_piece0 on 68d0d8c522fe:45679 in memory (size: 9.7 KiB, free: 434.0 MiB)
[2025-11-22T15:41:57.944+0000] {subprocess.py:106} INFO - 25/11/22 15:41:57 INFO SparkContext: Created broadcast 18 from broadcast at DAGScheduler.scala:1585
[2025-11-22T15:41:57.946+0000] {subprocess.py:106} INFO - 25/11/22 15:41:57 INFO DAGScheduler: Submitting 1 missing tasks from ResultStage 11 (MapPartitionsRDD[32] at count at <unknown>:0) (first 15 tasks are for partitions Vector(0))
[2025-11-22T15:41:57.947+0000] {subprocess.py:106} INFO - 25/11/22 15:41:57 INFO TaskSchedulerImpl: Adding task set 11.0 with 1 tasks resource profile 0
[2025-11-22T15:41:57.947+0000] {subprocess.py:106} INFO - 25/11/22 15:41:57 INFO TaskSetManager: Starting task 0.0 in stage 11.0 (TID 18) (172.30.0.8, executor 0, partition 0, NODE_LOCAL, 9331 bytes)
[2025-11-22T15:41:57.950+0000] {subprocess.py:106} INFO - 25/11/22 15:41:57 INFO BlockManagerInfo: Removed broadcast_17_piece0 on 172.30.0.8:38027 in memory (size: 9.7 KiB, free: 434.1 MiB)
[2025-11-22T15:41:57.965+0000] {subprocess.py:106} INFO - 25/11/22 15:41:57 INFO BlockManagerInfo: Added broadcast_18_piece0 in memory on 172.30.0.8:38027 (size: 5.9 KiB, free: 434.1 MiB)
[2025-11-22T15:41:57.974+0000] {subprocess.py:106} INFO - 25/11/22 15:41:57 INFO MapOutputTrackerMasterEndpoint: Asked to send map output locations for shuffle 2 to 172.30.0.8:51598
[2025-11-22T15:41:57.995+0000] {subprocess.py:106} INFO - 25/11/22 15:41:57 INFO TaskSetManager: Finished task 0.0 in stage 11.0 (TID 18) in 49 ms on 172.30.0.8 (executor 0) (1/1)
[2025-11-22T15:41:57.995+0000] {subprocess.py:106} INFO - 25/11/22 15:41:57 INFO TaskSchedulerImpl: Removed TaskSet 11.0, whose tasks have all completed, from pool
[2025-11-22T15:41:57.996+0000] {subprocess.py:106} INFO - 25/11/22 15:41:57 INFO DAGScheduler: ResultStage 11 (count at <unknown>:0) finished in 0.070 s
[2025-11-22T15:41:57.997+0000] {subprocess.py:106} INFO - 25/11/22 15:41:57 INFO DAGScheduler: Job 8 is finished. Cancelling potential speculative or zombie tasks for this job
[2025-11-22T15:41:57.998+0000] {subprocess.py:106} INFO - 25/11/22 15:41:57 INFO TaskSchedulerImpl: Killing all running tasks in stage 11: Stage finished
[2025-11-22T15:41:57.998+0000] {subprocess.py:106} INFO - 25/11/22 15:41:57 INFO DAGScheduler: Job 8 finished: count at <unknown>:0, took 0.077665 s
[2025-11-22T15:41:58.070+0000] {subprocess.py:106} INFO - 25/11/22 15:41:58 INFO V2ScanRelationPushDown:
[2025-11-22T15:41:58.071+0000] {subprocess.py:106} INFO - Pushing operators to hive_catalog.bronze.it_jobs_raw
[2025-11-22T15:41:58.071+0000] {subprocess.py:106} INFO - Pushed Filters: job_link IS NOT NULL
[2025-11-22T15:41:58.072+0000] {subprocess.py:106} INFO - Post-Scan Filters: isnotnull(job_link#66)
[2025-11-22T15:41:58.073+0000] {subprocess.py:106} INFO - 
[2025-11-22T15:41:58.073+0000] {subprocess.py:106} INFO - 25/11/22 15:41:58 INFO V2ScanRelationPushDown:
[2025-11-22T15:41:58.074+0000] {subprocess.py:106} INFO - Output: job_link#66
[2025-11-22T15:41:58.074+0000] {subprocess.py:106} INFO - 
[2025-11-22T15:41:58.075+0000] {subprocess.py:106} INFO - 25/11/22 15:41:58 INFO SnapshotScan: Scanning table hive_catalog.bronze.it_jobs_raw snapshot 3425755497916932021 created at 2025-11-20T10:37:35.550+00:00 with filter job_link IS NOT NULL
[2025-11-22T15:41:58.075+0000] {subprocess.py:106} INFO - 25/11/22 15:41:58 INFO BaseDistributedDataScan: Planning file tasks locally for table hive_catalog.bronze.it_jobs_raw
[2025-11-22T15:41:58.361+0000] {subprocess.py:106} INFO - 25/11/22 15:41:58 INFO BlockManagerInfo: Removed broadcast_18_piece0 on 172.30.0.8:38027 in memory (size: 5.9 KiB, free: 434.1 MiB)
[2025-11-22T15:41:58.362+0000] {subprocess.py:106} INFO - 25/11/22 15:41:58 INFO BlockManagerInfo: Removed broadcast_18_piece0 on 68d0d8c522fe:45679 in memory (size: 5.9 KiB, free: 434.0 MiB)
[2025-11-22T15:41:58.363+0000] {subprocess.py:106} INFO - 25/11/22 15:41:58 INFO SparkPartitioningAwareScan: Reporting UnknownPartitioning with 6 partition(s) for table hive_catalog.bronze.it_jobs_raw
[2025-11-22T15:41:58.415+0000] {subprocess.py:106} INFO - 25/11/22 15:41:58 INFO SparkWrite: Requesting 0 bytes advisory partition size for table hive_catalog.bronze.it_jobs_raw
[2025-11-22T15:41:58.416+0000] {subprocess.py:106} INFO - 25/11/22 15:41:58 INFO SparkWrite: Requesting UnspecifiedDistribution as write distribution for table hive_catalog.bronze.it_jobs_raw
[2025-11-22T15:41:58.417+0000] {subprocess.py:106} INFO - 25/11/22 15:41:58 INFO SparkWrite: Requesting [] as write ordering for table hive_catalog.bronze.it_jobs_raw
[2025-11-22T15:41:58.435+0000] {subprocess.py:106} INFO - 25/11/22 15:41:58 INFO FileSourceStrategy: Pushed Filters:
[2025-11-22T15:41:58.436+0000] {subprocess.py:106} INFO - 25/11/22 15:41:58 INFO FileSourceStrategy: Post-Scan Filters:
[2025-11-22T15:41:58.440+0000] {subprocess.py:106} INFO - 25/11/22 15:41:58 INFO MemoryStore: Block broadcast_19 stored as values in memory (estimated size 32.0 KiB, free 433.8 MiB)
[2025-11-22T15:41:58.448+0000] {subprocess.py:106} INFO - 25/11/22 15:41:58 INFO MemoryStore: Block broadcast_19_piece0 stored as bytes in memory (estimated size 29.7 KiB, free 433.7 MiB)
[2025-11-22T15:41:58.453+0000] {subprocess.py:106} INFO - 25/11/22 15:41:58 INFO BlockManagerInfo: Added broadcast_19_piece0 in memory on 68d0d8c522fe:45679 (size: 29.7 KiB, free: 434.0 MiB)
[2025-11-22T15:41:58.455+0000] {subprocess.py:106} INFO - 25/11/22 15:41:58 INFO SparkContext: Created broadcast 19 from broadcast at SparkBatch.java:79
[2025-11-22T15:41:58.483+0000] {subprocess.py:106} INFO - 25/11/22 15:41:58 INFO BlockManagerInfo: Removed broadcast_12_piece0 on 68d0d8c522fe:45679 in memory (size: 29.7 KiB, free: 434.0 MiB)
[2025-11-22T15:41:58.495+0000] {subprocess.py:106} INFO - 25/11/22 15:41:58 INFO MemoryStore: Block broadcast_20 stored as values in memory (estimated size 32.0 KiB, free 433.8 MiB)
[2025-11-22T15:41:58.496+0000] {subprocess.py:106} INFO - 25/11/22 15:41:58 INFO BlockManagerInfo: Removed broadcast_15_piece0 on 68d0d8c522fe:45679 in memory (size: 265.6 KiB, free: 434.3 MiB)
[2025-11-22T15:41:58.497+0000] {subprocess.py:106} INFO - 25/11/22 15:41:58 INFO MemoryStore: Block broadcast_20_piece0 stored as bytes in memory (estimated size 29.7 KiB, free 434.0 MiB)
[2025-11-22T15:41:58.498+0000] {subprocess.py:106} INFO - 25/11/22 15:41:58 INFO BlockManagerInfo: Added broadcast_20_piece0 in memory on 68d0d8c522fe:45679 (size: 29.7 KiB, free: 434.3 MiB)
[2025-11-22T15:41:58.500+0000] {subprocess.py:106} INFO - 25/11/22 15:41:58 INFO SparkContext: Created broadcast 20 from broadcast at SparkBatch.java:79
[2025-11-22T15:41:58.501+0000] {subprocess.py:106} INFO - 25/11/22 15:41:58 INFO BlockManagerInfo: Removed broadcast_15_piece0 on 172.30.0.8:38027 in memory (size: 265.6 KiB, free: 434.3 MiB)
[2025-11-22T15:41:58.534+0000] {subprocess.py:106} INFO - 25/11/22 15:41:58 INFO BlockManagerInfo: Removed broadcast_16_piece0 on 68d0d8c522fe:45679 in memory (size: 35.1 KiB, free: 434.3 MiB)
[2025-11-22T15:41:58.544+0000] {subprocess.py:106} INFO - 25/11/22 15:41:58 INFO BlockManagerInfo: Removed broadcast_16_piece0 on 172.30.0.8:38027 in memory (size: 35.1 KiB, free: 434.4 MiB)
[2025-11-22T15:41:58.557+0000] {subprocess.py:106} INFO - 25/11/22 15:41:58 INFO BlockManagerInfo: Removed broadcast_13_piece0 on 68d0d8c522fe:45679 in memory (size: 29.7 KiB, free: 434.3 MiB)
[2025-11-22T15:41:58.563+0000] {subprocess.py:106} INFO - 25/11/22 15:41:58 INFO BlockManagerInfo: Removed broadcast_13_piece0 on 172.30.0.8:38027 in memory (size: 29.7 KiB, free: 434.4 MiB)
[2025-11-22T15:41:58.608+0000] {subprocess.py:106} INFO - 25/11/22 15:41:58 INFO SparkContext: Starting job: $anonfun$withThreadLocalCaptured$1 at <unknown>:0
[2025-11-22T15:41:58.609+0000] {subprocess.py:106} INFO - 25/11/22 15:41:58 INFO DAGScheduler: Got job 9 ($anonfun$withThreadLocalCaptured$1 at <unknown>:0) with 6 output partitions
[2025-11-22T15:41:58.610+0000] {subprocess.py:106} INFO - 25/11/22 15:41:58 INFO DAGScheduler: Final stage: ResultStage 12 ($anonfun$withThreadLocalCaptured$1 at <unknown>:0)
[2025-11-22T15:41:58.611+0000] {subprocess.py:106} INFO - 25/11/22 15:41:58 INFO DAGScheduler: Parents of final stage: List()
[2025-11-22T15:41:58.613+0000] {subprocess.py:106} INFO - 25/11/22 15:41:58 INFO DAGScheduler: Missing parents: List()
[2025-11-22T15:41:58.615+0000] {subprocess.py:106} INFO - 25/11/22 15:41:58 INFO DAGScheduler: Submitting ResultStage 12 (MapPartitionsRDD[36] at $anonfun$withThreadLocalCaptured$1 at <unknown>:0), which has no missing parents
[2025-11-22T15:41:58.616+0000] {subprocess.py:106} INFO - 25/11/22 15:41:58 INFO MemoryStore: Block broadcast_21 stored as values in memory (estimated size 13.8 KiB, free 434.3 MiB)
[2025-11-22T15:41:58.629+0000] {subprocess.py:106} INFO - 25/11/22 15:41:58 INFO MemoryStore: Block broadcast_21_piece0 stored as bytes in memory (estimated size 5.5 KiB, free 434.3 MiB)
[2025-11-22T15:41:58.633+0000] {subprocess.py:106} INFO - 25/11/22 15:41:58 INFO BlockManagerInfo: Added broadcast_21_piece0 in memory on 68d0d8c522fe:45679 (size: 5.5 KiB, free: 434.3 MiB)
[2025-11-22T15:41:58.634+0000] {subprocess.py:106} INFO - 25/11/22 15:41:58 INFO SparkContext: Created broadcast 21 from broadcast at DAGScheduler.scala:1585
[2025-11-22T15:41:58.635+0000] {subprocess.py:106} INFO - 25/11/22 15:41:58 INFO DAGScheduler: Submitting 6 missing tasks from ResultStage 12 (MapPartitionsRDD[36] at $anonfun$withThreadLocalCaptured$1 at <unknown>:0) (first 15 tasks are for partitions Vector(0, 1, 2, 3, 4, 5))
[2025-11-22T15:41:58.637+0000] {subprocess.py:106} INFO - 25/11/22 15:41:58 INFO TaskSchedulerImpl: Adding task set 12.0 with 6 tasks resource profile 0
[2025-11-22T15:41:58.637+0000] {subprocess.py:106} INFO - 25/11/22 15:41:58 INFO TaskSetManager: Starting task 0.0 in stage 12.0 (TID 19) (172.30.0.8, executor 0, partition 0, ANY, 15753 bytes)
[2025-11-22T15:41:58.659+0000] {subprocess.py:106} INFO - 25/11/22 15:41:58 INFO BlockManagerInfo: Added broadcast_21_piece0 in memory on 172.30.0.8:38027 (size: 5.5 KiB, free: 434.4 MiB)
[2025-11-22T15:41:58.691+0000] {subprocess.py:106} INFO - 25/11/22 15:41:58 INFO BlockManagerInfo: Added broadcast_20_piece0 in memory on 172.30.0.8:38027 (size: 29.7 KiB, free: 434.4 MiB)
[2025-11-22T15:41:59.026+0000] {subprocess.py:106} INFO - 25/11/22 15:41:59 INFO TaskSetManager: Starting task 1.0 in stage 12.0 (TID 20) (172.30.0.8, executor 0, partition 1, ANY, 15761 bytes)
[2025-11-22T15:41:59.028+0000] {subprocess.py:106} INFO - 25/11/22 15:41:59 INFO TaskSetManager: Finished task 0.0 in stage 12.0 (TID 19) in 393 ms on 172.30.0.8 (executor 0) (1/6)
[2025-11-22T15:41:59.343+0000] {subprocess.py:106} INFO - 25/11/22 15:41:59 INFO TaskSetManager: Starting task 2.0 in stage 12.0 (TID 21) (172.30.0.8, executor 0, partition 2, ANY, 15753 bytes)
[2025-11-22T15:41:59.344+0000] {subprocess.py:106} INFO - 25/11/22 15:41:59 INFO TaskSetManager: Finished task 1.0 in stage 12.0 (TID 20) in 318 ms on 172.30.0.8 (executor 0) (2/6)
[2025-11-22T15:41:59.596+0000] {subprocess.py:106} INFO - 25/11/22 15:41:59 INFO TaskSetManager: Starting task 3.0 in stage 12.0 (TID 22) (172.30.0.8, executor 0, partition 3, ANY, 15762 bytes)
[2025-11-22T15:41:59.598+0000] {subprocess.py:106} INFO - 25/11/22 15:41:59 INFO TaskSetManager: Finished task 2.0 in stage 12.0 (TID 21) in 255 ms on 172.30.0.8 (executor 0) (3/6)
[2025-11-22T15:41:59.874+0000] {subprocess.py:106} INFO - 25/11/22 15:41:59 INFO TaskSetManager: Starting task 4.0 in stage 12.0 (TID 23) (172.30.0.8, executor 0, partition 4, ANY, 15762 bytes)
[2025-11-22T15:41:59.875+0000] {subprocess.py:106} INFO - 25/11/22 15:41:59 INFO TaskSetManager: Finished task 3.0 in stage 12.0 (TID 22) in 279 ms on 172.30.0.8 (executor 0) (4/6)
[2025-11-22T15:42:00.137+0000] {subprocess.py:106} INFO - 25/11/22 15:42:00 INFO TaskSetManager: Starting task 5.0 in stage 12.0 (TID 24) (172.30.0.8, executor 0, partition 5, ANY, 15285 bytes)
[2025-11-22T15:42:00.138+0000] {subprocess.py:106} INFO - 25/11/22 15:42:00 INFO TaskSetManager: Finished task 4.0 in stage 12.0 (TID 23) in 264 ms on 172.30.0.8 (executor 0) (5/6)
[2025-11-22T15:42:00.303+0000] {subprocess.py:106} INFO - 25/11/22 15:42:00 INFO TaskSetManager: Finished task 5.0 in stage 12.0 (TID 24) in 167 ms on 172.30.0.8 (executor 0) (6/6)
[2025-11-22T15:42:00.304+0000] {subprocess.py:106} INFO - 25/11/22 15:42:00 INFO TaskSchedulerImpl: Removed TaskSet 12.0, whose tasks have all completed, from pool
[2025-11-22T15:42:00.305+0000] {subprocess.py:106} INFO - 25/11/22 15:42:00 INFO DAGScheduler: ResultStage 12 ($anonfun$withThreadLocalCaptured$1 at <unknown>:0) finished in 1.691 s
[2025-11-22T15:42:00.305+0000] {subprocess.py:106} INFO - 25/11/22 15:42:00 INFO DAGScheduler: Job 9 is finished. Cancelling potential speculative or zombie tasks for this job
[2025-11-22T15:42:00.305+0000] {subprocess.py:106} INFO - 25/11/22 15:42:00 INFO TaskSchedulerImpl: Killing all running tasks in stage 12: Stage finished
[2025-11-22T15:42:00.306+0000] {subprocess.py:106} INFO - 25/11/22 15:42:00 INFO DAGScheduler: Job 9 finished: $anonfun$withThreadLocalCaptured$1 at <unknown>:0, took 1.696854 s
[2025-11-22T15:42:00.319+0000] {subprocess.py:106} INFO - 25/11/22 15:42:00 INFO BlockManagerInfo: Removed broadcast_21_piece0 on 68d0d8c522fe:45679 in memory (size: 5.5 KiB, free: 434.3 MiB)
[2025-11-22T15:42:00.329+0000] {subprocess.py:106} INFO - 25/11/22 15:42:00 INFO BlockManagerInfo: Removed broadcast_21_piece0 on 172.30.0.8:38027 in memory (size: 5.5 KiB, free: 434.4 MiB)
[2025-11-22T15:42:00.340+0000] {subprocess.py:106} INFO - 25/11/22 15:42:00 INFO MemoryStore: Block broadcast_22_piece0 stored as bytes in memory (estimated size 265.5 KiB, free 434.0 MiB)
[2025-11-22T15:42:00.341+0000] {subprocess.py:106} INFO - 25/11/22 15:42:00 INFO BlockManagerInfo: Added broadcast_22_piece0 in memory on 68d0d8c522fe:45679 (size: 265.5 KiB, free: 434.1 MiB)
[2025-11-22T15:42:00.342+0000] {subprocess.py:106} INFO - 25/11/22 15:42:00 INFO SparkContext: Created broadcast 22 from $anonfun$withThreadLocalCaptured$1 at <unknown>:0
[2025-11-22T15:42:00.349+0000] {subprocess.py:106} INFO - 25/11/22 15:42:00 INFO FileSourceStrategy: Pushed Filters:
[2025-11-22T15:42:00.351+0000] {subprocess.py:106} INFO - 25/11/22 15:42:00 INFO FileSourceStrategy: Post-Scan Filters:
[2025-11-22T15:42:00.406+0000] {subprocess.py:106} INFO - 25/11/22 15:42:00 INFO CodeGenerator: Code generated in 25.641649 ms
[2025-11-22T15:42:00.411+0000] {subprocess.py:106} INFO - 25/11/22 15:42:00 INFO MemoryStore: Block broadcast_23 stored as values in memory (estimated size 203.1 KiB, free 433.8 MiB)
[2025-11-22T15:42:00.432+0000] {subprocess.py:106} INFO - 25/11/22 15:42:00 INFO MemoryStore: Block broadcast_23_piece0 stored as bytes in memory (estimated size 35.1 KiB, free 433.8 MiB)
[2025-11-22T15:42:00.433+0000] {subprocess.py:106} INFO - 25/11/22 15:42:00 INFO BlockManagerInfo: Added broadcast_23_piece0 in memory on 68d0d8c522fe:45679 (size: 35.1 KiB, free: 434.0 MiB)
[2025-11-22T15:42:00.435+0000] {subprocess.py:106} INFO - 25/11/22 15:42:00 INFO SparkContext: Created broadcast 23 from append at <unknown>:0
[2025-11-22T15:42:00.437+0000] {subprocess.py:106} INFO - 25/11/22 15:42:00 INFO FileSourceScanExec: Planning scan with bin packing, max size: 4194304 bytes, open cost is considered as scanning 4194304 bytes.
[2025-11-22T15:42:00.447+0000] {subprocess.py:106} INFO - 25/11/22 15:42:00 INFO MemoryStore: Block broadcast_24 stored as values in memory (estimated size 32.0 KiB, free 433.8 MiB)
[2025-11-22T15:42:00.451+0000] {subprocess.py:106} INFO - 25/11/22 15:42:00 INFO MemoryStore: Block broadcast_24_piece0 stored as bytes in memory (estimated size 29.7 KiB, free 433.7 MiB)
[2025-11-22T15:42:00.452+0000] {subprocess.py:106} INFO - 25/11/22 15:42:00 INFO BlockManagerInfo: Added broadcast_24_piece0 in memory on 68d0d8c522fe:45679 (size: 29.7 KiB, free: 434.0 MiB)
[2025-11-22T15:42:00.453+0000] {subprocess.py:106} INFO - 25/11/22 15:42:00 INFO SparkContext: Created broadcast 24 from broadcast at SparkWrite.java:193
[2025-11-22T15:42:00.456+0000] {subprocess.py:106} INFO - 25/11/22 15:42:00 INFO AppendDataExec: Start processing data source write support: IcebergBatchWrite(table=hive_catalog.bronze.it_jobs_raw, format=PARQUET). The input RDD has 1 partitions.
[2025-11-22T15:42:00.475+0000] {subprocess.py:106} INFO - 25/11/22 15:42:00 INFO SparkContext: Starting job: append at <unknown>:0
[2025-11-22T15:42:00.476+0000] {subprocess.py:106} INFO - 25/11/22 15:42:00 INFO DAGScheduler: Got job 10 (append at <unknown>:0) with 1 output partitions
[2025-11-22T15:42:00.476+0000] {subprocess.py:106} INFO - 25/11/22 15:42:00 INFO DAGScheduler: Final stage: ResultStage 13 (append at <unknown>:0)
[2025-11-22T15:42:00.477+0000] {subprocess.py:106} INFO - 25/11/22 15:42:00 INFO DAGScheduler: Parents of final stage: List()
[2025-11-22T15:42:00.479+0000] {subprocess.py:106} INFO - 25/11/22 15:42:00 INFO DAGScheduler: Missing parents: List()
[2025-11-22T15:42:00.480+0000] {subprocess.py:106} INFO - 25/11/22 15:42:00 INFO DAGScheduler: Submitting ResultStage 13 (MapPartitionsRDD[39] at append at <unknown>:0), which has no missing parents
[2025-11-22T15:42:00.483+0000] {subprocess.py:106} INFO - 25/11/22 15:42:00 INFO MemoryStore: Block broadcast_25 stored as values in memory (estimated size 22.1 KiB, free 433.7 MiB)
[2025-11-22T15:42:00.486+0000] {subprocess.py:106} INFO - 25/11/22 15:42:00 INFO MemoryStore: Block broadcast_25_piece0 stored as bytes in memory (estimated size 9.9 KiB, free 433.7 MiB)
[2025-11-22T15:42:00.487+0000] {subprocess.py:106} INFO - 25/11/22 15:42:00 INFO BlockManagerInfo: Added broadcast_25_piece0 in memory on 68d0d8c522fe:45679 (size: 9.9 KiB, free: 434.0 MiB)
[2025-11-22T15:42:00.488+0000] {subprocess.py:106} INFO - 25/11/22 15:42:00 INFO SparkContext: Created broadcast 25 from broadcast at DAGScheduler.scala:1585
[2025-11-22T15:42:00.488+0000] {subprocess.py:106} INFO - 25/11/22 15:42:00 INFO DAGScheduler: Submitting 1 missing tasks from ResultStage 13 (MapPartitionsRDD[39] at append at <unknown>:0) (first 15 tasks are for partitions Vector(0))
[2025-11-22T15:42:00.489+0000] {subprocess.py:106} INFO - 25/11/22 15:42:00 INFO TaskSchedulerImpl: Adding task set 13.0 with 1 tasks resource profile 0
[2025-11-22T15:42:00.490+0000] {subprocess.py:106} INFO - 25/11/22 15:42:00 INFO TaskSetManager: Starting task 0.0 in stage 13.0 (TID 25) (172.30.0.8, executor 0, partition 0, ANY, 9955 bytes)
[2025-11-22T15:42:00.505+0000] {subprocess.py:106} INFO - 25/11/22 15:42:00 INFO BlockManagerInfo: Added broadcast_25_piece0 in memory on 172.30.0.8:38027 (size: 9.9 KiB, free: 434.4 MiB)
[2025-11-22T15:42:00.559+0000] {subprocess.py:106} INFO - 25/11/22 15:42:00 INFO BlockManagerInfo: Added broadcast_22_piece0 in memory on 172.30.0.8:38027 (size: 265.5 KiB, free: 434.1 MiB)
[2025-11-22T15:42:00.603+0000] {subprocess.py:106} INFO - 25/11/22 15:42:00 INFO BlockManagerInfo: Added broadcast_24_piece0 in memory on 172.30.0.8:38027 (size: 29.7 KiB, free: 434.1 MiB)
[2025-11-22T15:42:00.843+0000] {subprocess.py:106} INFO - 25/11/22 15:42:00 INFO BlockManagerInfo: Added broadcast_23_piece0 in memory on 172.30.0.8:38027 (size: 35.1 KiB, free: 434.0 MiB)
[2025-11-22T15:42:01.172+0000] {subprocess.py:106} INFO - 25/11/22 15:42:01 INFO TaskSetManager: Finished task 0.0 in stage 13.0 (TID 25) in 682 ms on 172.30.0.8 (executor 0) (1/1)
[2025-11-22T15:42:01.173+0000] {subprocess.py:106} INFO - 25/11/22 15:42:01 INFO TaskSchedulerImpl: Removed TaskSet 13.0, whose tasks have all completed, from pool
[2025-11-22T15:42:01.174+0000] {subprocess.py:106} INFO - 25/11/22 15:42:01 INFO DAGScheduler: ResultStage 13 (append at <unknown>:0) finished in 0.691 s
[2025-11-22T15:42:01.174+0000] {subprocess.py:106} INFO - 25/11/22 15:42:01 INFO DAGScheduler: Job 10 is finished. Cancelling potential speculative or zombie tasks for this job
[2025-11-22T15:42:01.175+0000] {subprocess.py:106} INFO - 25/11/22 15:42:01 INFO TaskSchedulerImpl: Killing all running tasks in stage 13: Stage finished
[2025-11-22T15:42:01.175+0000] {subprocess.py:106} INFO - 25/11/22 15:42:01 INFO DAGScheduler: Job 10 finished: append at <unknown>:0, took 0.698543 s
[2025-11-22T15:42:01.176+0000] {subprocess.py:106} INFO - 25/11/22 15:42:01 INFO AppendDataExec: Data source write support IcebergBatchWrite(table=hive_catalog.bronze.it_jobs_raw, format=PARQUET) is committing.
[2025-11-22T15:42:01.198+0000] {subprocess.py:106} INFO - 25/11/22 15:42:01 INFO SparkWrite: Committing append with 1 new data files to table hive_catalog.bronze.it_jobs_raw
[2025-11-22T15:42:01.569+0000] {subprocess.py:106} INFO - 25/11/22 15:42:01 INFO BlockManagerInfo: Removed broadcast_25_piece0 on 68d0d8c522fe:45679 in memory (size: 9.9 KiB, free: 434.0 MiB)
[2025-11-22T15:42:01.571+0000] {subprocess.py:106} INFO - 25/11/22 15:42:01 INFO BlockManagerInfo: Removed broadcast_25_piece0 on 172.30.0.8:38027 in memory (size: 9.9 KiB, free: 434.0 MiB)
[2025-11-22T15:42:04.033+0000] {subprocess.py:106} INFO - 25/11/22 15:42:04 INFO HiveTableOperations: Committed to table hive_catalog.bronze.it_jobs_raw with the new metadata location hdfs://dinhhoa-master:9000/user/ndh/warehouse/bronze.db/it_jobs_raw/metadata/00023-3a66233d-d700-4b31-9ed0-eec565269b78.metadata.json
[2025-11-22T15:42:04.034+0000] {subprocess.py:106} INFO - 25/11/22 15:42:04 INFO BaseMetastoreTableOperations: Successfully committed to table hive_catalog.bronze.it_jobs_raw in 2459 ms
[2025-11-22T15:42:04.035+0000] {subprocess.py:106} INFO - 25/11/22 15:42:04 INFO SnapshotProducer: Committed snapshot 6394847832071616594 (MergeAppend)
[2025-11-22T15:42:04.057+0000] {subprocess.py:106} INFO - 25/11/22 15:42:04 INFO BaseMetastoreTableOperations: Refreshing table metadata from new version: hdfs://dinhhoa-master:9000/user/ndh/warehouse/bronze.db/it_jobs_raw/metadata/00023-3a66233d-d700-4b31-9ed0-eec565269b78.metadata.json
[2025-11-22T15:42:04.127+0000] {subprocess.py:106} INFO - 25/11/22 15:42:04 INFO LoggingMetricsReporter: Received metrics report: CommitReport{tableName=hive_catalog.bronze.it_jobs_raw, snapshotId=6394847832071616594, sequenceNumber=24, operation=append, commitMetrics=CommitMetricsResult{totalDuration=TimerResult{timeUnit=NANOSECONDS, totalDuration=PT2.905319997S, count=1}, attempts=CounterResult{unit=COUNT, value=1}, addedDataFiles=CounterResult{unit=COUNT, value=1}, removedDataFiles=null, totalDataFiles=CounterResult{unit=COUNT, value=24}, addedDeleteFiles=null, addedEqualityDeleteFiles=null, addedPositionalDeleteFiles=null, removedDeleteFiles=null, removedEqualityDeleteFiles=null, removedPositionalDeleteFiles=null, totalDeleteFiles=CounterResult{unit=COUNT, value=0}, addedRecords=CounterResult{unit=COUNT, value=70}, removedRecords=null, totalRecords=CounterResult{unit=COUNT, value=4559}, addedFilesSizeInBytes=CounterResult{unit=BYTES, value=11565}, removedFilesSizeInBytes=null, totalFilesSizeInBytes=CounterResult{unit=BYTES, value=364254}, addedPositionalDeletes=null, removedPositionalDeletes=null, totalPositionalDeletes=CounterResult{unit=COUNT, value=0}, addedEqualityDeletes=null, removedEqualityDeletes=null, totalEqualityDeletes=CounterResult{unit=COUNT, value=0}}, metadata={engine-version=3.5.3, app-id=app-20251122154133-0000, engine-name=spark, iceberg-version=Apache Iceberg 1.6.1 (commit 8e9d59d299be42b0bca9461457cd1e95dbaad086)}}
[2025-11-22T15:42:04.128+0000] {subprocess.py:106} INFO - 25/11/22 15:42:04 INFO SparkWrite: Committed in 2929 ms
[2025-11-22T15:42:04.128+0000] {subprocess.py:106} INFO - 25/11/22 15:42:04 INFO AppendDataExec: Data source write support IcebergBatchWrite(table=hive_catalog.bronze.it_jobs_raw, format=PARQUET) committed.
[2025-11-22T15:42:04.132+0000] {subprocess.py:106} INFO -  Loaded into: hive_catalog.bronze.it_jobs_raw
[2025-11-22T15:42:04.135+0000] {subprocess.py:106} INFO - 25/11/22 15:42:04 INFO SparkContext: SparkContext is stopping with exitCode 0.
[2025-11-22T15:42:04.142+0000] {subprocess.py:106} INFO - 25/11/22 15:42:04 INFO SparkUI: Stopped Spark web UI at http://68d0d8c522fe:4040
[2025-11-22T15:42:04.147+0000] {subprocess.py:106} INFO - 25/11/22 15:42:04 INFO StandaloneSchedulerBackend: Shutting down all executors
[2025-11-22T15:42:04.148+0000] {subprocess.py:106} INFO - 25/11/22 15:42:04 INFO StandaloneSchedulerBackend$StandaloneDriverEndpoint: Asking each executor to shut down
[2025-11-22T15:42:04.168+0000] {subprocess.py:106} INFO - 25/11/22 15:42:04 INFO MapOutputTrackerMasterEndpoint: MapOutputTrackerMasterEndpoint stopped!
[2025-11-22T15:42:04.195+0000] {subprocess.py:106} INFO - 25/11/22 15:42:04 INFO MemoryStore: MemoryStore cleared
[2025-11-22T15:42:04.196+0000] {subprocess.py:106} INFO - 25/11/22 15:42:04 INFO BlockManager: BlockManager stopped
[2025-11-22T15:42:04.206+0000] {subprocess.py:106} INFO - 25/11/22 15:42:04 INFO BlockManagerMaster: BlockManagerMaster stopped
[2025-11-22T15:42:04.223+0000] {subprocess.py:106} INFO - 25/11/22 15:42:04 INFO OutputCommitCoordinator$OutputCommitCoordinatorEndpoint: OutputCommitCoordinator stopped!
[2025-11-22T15:42:04.242+0000] {subprocess.py:106} INFO - 25/11/22 15:42:04 INFO SparkContext: Successfully stopped SparkContext
[2025-11-22T15:42:04.638+0000] {subprocess.py:106} INFO - 25/11/22 15:42:04 INFO ShutdownHookManager: Shutdown hook called
[2025-11-22T15:42:04.638+0000] {subprocess.py:106} INFO - 25/11/22 15:42:04 INFO ShutdownHookManager: Deleting directory /tmp/spark-e25730bf-dae6-4b57-9940-45323dd2b0b2
[2025-11-22T15:42:04.641+0000] {subprocess.py:106} INFO - 25/11/22 15:42:04 INFO ShutdownHookManager: Deleting directory /tmp/spark-554dc2ab-3e67-4f58-a95c-e5315dc98187
[2025-11-22T15:42:04.643+0000] {subprocess.py:106} INFO - 25/11/22 15:42:04 INFO ShutdownHookManager: Deleting directory /tmp/spark-554dc2ab-3e67-4f58-a95c-e5315dc98187/pyspark-a62209eb-2ab1-465c-9c92-8b4056953324
[2025-11-22T15:42:04.779+0000] {subprocess.py:110} INFO - Command exited with return code 0
[2025-11-22T15:42:04.852+0000] {taskinstance.py:341} INFO - ::group::Post task execution logs
[2025-11-22T15:42:04.853+0000] {taskinstance.py:353} INFO - Marking task as SUCCESS. dag_id=crawl_etl_itjob, task_id=load_bronze, run_id=scheduled__2025-11-20T02:00:00+00:00, execution_date=20251120T020000, start_date=20251122T154127, end_date=20251122T154204
[2025-11-22T15:42:04.996+0000] {local_task_job_runner.py:266} INFO - Task exited with return code 0
[2025-11-22T15:42:05.050+0000] {taskinstance.py:3901} INFO - 1 downstream tasks scheduled from follow-on schedule check
[2025-11-22T15:42:05.053+0000] {local_task_job_runner.py:245} INFO - ::endgroup::
