[2025-11-02T09:45:32.782+0000] {local_task_job_runner.py:123} INFO - ::group::Pre task execution logs
[2025-11-02T09:45:32.823+0000] {taskinstance.py:2614} INFO - Dependencies all met for dep_context=non-requeueable deps ti=<TaskInstance: crawl_etl_itjob.clean_silver scheduled__2025-10-31T02:00:00+00:00 [queued]>
[2025-11-02T09:45:32.835+0000] {taskinstance.py:2614} INFO - Dependencies all met for dep_context=requeueable deps ti=<TaskInstance: crawl_etl_itjob.clean_silver scheduled__2025-10-31T02:00:00+00:00 [queued]>
[2025-11-02T09:45:32.836+0000] {taskinstance.py:2867} INFO - Starting attempt 1 of 2
[2025-11-02T09:45:32.849+0000] {taskinstance.py:2890} INFO - Executing <Task(BashOperator): clean_silver> on 2025-10-31 02:00:00+00:00
[2025-11-02T09:45:32.854+0000] {standard_task_runner.py:72} INFO - Started process 70 to run task
[2025-11-02T09:45:32.858+0000] {standard_task_runner.py:104} INFO - Running: ['***', 'tasks', 'run', 'crawl_etl_itjob', 'clean_silver', 'scheduled__2025-10-31T02:00:00+00:00', '--job-id', '87', '--raw', '--subdir', 'DAGS_FOLDER/Crawl_ETL_ITJob.py', '--cfg-path', '/tmp/tmp80wtj5ex']
[2025-11-02T09:45:32.860+0000] {standard_task_runner.py:105} INFO - Job 87: Subtask clean_silver
[2025-11-02T09:45:32.887+0000] {warnings.py:109} WARNING - /home/***/.local/lib/python3.8/site-packages/***/settings.py:209: DeprecationWarning: The sql_alchemy_conn option in [core] has been moved to the sql_alchemy_conn option in [database] - the old setting has been used, but please update your config.
  SQL_ALCHEMY_CONN = conf.get("database", "SQL_ALCHEMY_CONN")

[2025-11-02T09:45:32.979+0000] {task_command.py:467} INFO - Running <TaskInstance: crawl_etl_itjob.clean_silver scheduled__2025-10-31T02:00:00+00:00 [running]> on host a1de7f96d4f1
[2025-11-02T09:45:32.980+0000] {warnings.py:109} WARNING - /home/***/.local/lib/python3.8/site-packages/***/settings.py:470: DeprecationWarning: The sql_alchemy_conn option in [core] has been moved to the sql_alchemy_conn option in [database] - the old setting has been used, but please update your config.
  if conf.get("database", "sql_alchemy_conn") == "none://":

[2025-11-02T09:45:33.116+0000] {taskinstance.py:3134} INFO - Exporting env vars: AIRFLOW_CTX_DAG_EMAIL='alert@datateam.local' AIRFLOW_CTX_DAG_OWNER='***' AIRFLOW_CTX_DAG_ID='crawl_etl_itjob' AIRFLOW_CTX_TASK_ID='clean_silver' AIRFLOW_CTX_EXECUTION_DATE='2025-10-31T02:00:00+00:00' AIRFLOW_CTX_TRY_NUMBER='1' AIRFLOW_CTX_DAG_RUN_ID='scheduled__2025-10-31T02:00:00+00:00'
[2025-11-02T09:45:33.117+0000] {taskinstance.py:732} INFO - ::endgroup::
[2025-11-02T09:45:33.130+0000] {subprocess.py:78} INFO - Tmp dir root location: /tmp
[2025-11-02T09:45:33.131+0000] {subprocess.py:88} INFO - Running command: ['/bin/bash', '-c', "\n        docker exec spark-submit bash -c '\n        /opt/spark/bin/spark-submit         --master spark://spark-master:7077         --deploy-mode client         --packages org.apache.iceberg:iceberg-spark-runtime-3.5_2.12:1.5.0         /opt/spark/scripts/Clean_Silver.py\n        '\n        "]
[2025-11-02T09:45:33.143+0000] {subprocess.py:99} INFO - Output:
[2025-11-02T09:45:35.479+0000] {subprocess.py:106} INFO - :: loading settings :: url = jar:file:/opt/spark/jars/ivy-2.5.1.jar!/org/apache/ivy/core/settings/ivysettings.xml
[2025-11-02T09:45:35.614+0000] {subprocess.py:106} INFO - Ivy Default Cache set to: /home/spark/.ivy2/cache
[2025-11-02T09:45:35.615+0000] {subprocess.py:106} INFO - The jars for the packages stored in: /home/spark/.ivy2/jars
[2025-11-02T09:45:35.623+0000] {subprocess.py:106} INFO - org.apache.iceberg#iceberg-spark-runtime-3.5_2.12 added as a dependency
[2025-11-02T09:45:35.625+0000] {subprocess.py:106} INFO - :: resolving dependencies :: org.apache.spark#spark-submit-parent-fe280b90-1b5f-45cc-965e-6d1be5c8df27;1.0
[2025-11-02T09:45:35.626+0000] {subprocess.py:106} INFO - 	confs: [default]
[2025-11-02T09:45:35.781+0000] {subprocess.py:106} INFO - 	found org.apache.iceberg#iceberg-spark-runtime-3.5_2.12;1.5.0 in central
[2025-11-02T09:45:35.799+0000] {subprocess.py:106} INFO - :: resolution report :: resolve 169ms :: artifacts dl 5ms
[2025-11-02T09:45:35.800+0000] {subprocess.py:106} INFO - 	:: modules in use:
[2025-11-02T09:45:35.801+0000] {subprocess.py:106} INFO - 	org.apache.iceberg#iceberg-spark-runtime-3.5_2.12;1.5.0 from central in [default]
[2025-11-02T09:45:35.801+0000] {subprocess.py:106} INFO - 	---------------------------------------------------------------------
[2025-11-02T09:45:35.802+0000] {subprocess.py:106} INFO - 	|                  |            modules            ||   artifacts   |
[2025-11-02T09:45:35.802+0000] {subprocess.py:106} INFO - 	|       conf       | number| search|dwnlded|evicted|| number|dwnlded|
[2025-11-02T09:45:35.803+0000] {subprocess.py:106} INFO - 	---------------------------------------------------------------------
[2025-11-02T09:45:35.803+0000] {subprocess.py:106} INFO - 	|      default     |   1   |   0   |   0   |   0   ||   1   |   0   |
[2025-11-02T09:45:35.804+0000] {subprocess.py:106} INFO - 	---------------------------------------------------------------------
[2025-11-02T09:45:35.804+0000] {subprocess.py:106} INFO - :: retrieving :: org.apache.spark#spark-submit-parent-fe280b90-1b5f-45cc-965e-6d1be5c8df27
[2025-11-02T09:45:35.809+0000] {subprocess.py:106} INFO - 	confs: [default]
[2025-11-02T09:45:35.810+0000] {subprocess.py:106} INFO - 	0 artifacts copied, 1 already retrieved (0kB/6ms)
[2025-11-02T09:45:36.078+0000] {subprocess.py:106} INFO - 25/11/02 09:45:36 WARN NativeCodeLoader: Unable to load native-hadoop library for your platform... using builtin-java classes where applicable
[2025-11-02T09:45:37.244+0000] {subprocess.py:106} INFO - 25/11/02 09:45:37 INFO SparkContext: Running Spark version 3.5.3
[2025-11-02T09:45:37.245+0000] {subprocess.py:106} INFO - 25/11/02 09:45:37 INFO SparkContext: OS info Linux, 6.6.87.2-microsoft-standard-WSL2, amd64
[2025-11-02T09:45:37.245+0000] {subprocess.py:106} INFO - 25/11/02 09:45:37 INFO SparkContext: Java version 11.0.24
[2025-11-02T09:45:37.271+0000] {subprocess.py:106} INFO - 25/11/02 09:45:37 INFO ResourceUtils: ==============================================================
[2025-11-02T09:45:37.272+0000] {subprocess.py:106} INFO - 25/11/02 09:45:37 INFO ResourceUtils: No custom resources configured for spark.driver.
[2025-11-02T09:45:37.273+0000] {subprocess.py:106} INFO - 25/11/02 09:45:37 INFO ResourceUtils: ==============================================================
[2025-11-02T09:45:37.273+0000] {subprocess.py:106} INFO - 25/11/02 09:45:37 INFO SparkContext: Submitted application: Clean_Silver_Hive_Iceberg
[2025-11-02T09:45:37.300+0000] {subprocess.py:106} INFO - 25/11/02 09:45:37 INFO ResourceProfile: Default ResourceProfile created, executor resources: Map(memory -> name: memory, amount: 1024, script: , vendor: , offHeap -> name: offHeap, amount: 0, script: , vendor: ), task resources: Map(cpus -> name: cpus, amount: 1.0)
[2025-11-02T09:45:37.315+0000] {subprocess.py:106} INFO - 25/11/02 09:45:37 INFO ResourceProfile: Limiting resource is cpu
[2025-11-02T09:45:37.316+0000] {subprocess.py:106} INFO - 25/11/02 09:45:37 INFO ResourceProfileManager: Added ResourceProfile id: 0
[2025-11-02T09:45:37.395+0000] {subprocess.py:106} INFO - 25/11/02 09:45:37 INFO SecurityManager: Changing view acls to: spark
[2025-11-02T09:45:37.396+0000] {subprocess.py:106} INFO - 25/11/02 09:45:37 INFO SecurityManager: Changing modify acls to: spark
[2025-11-02T09:45:37.397+0000] {subprocess.py:106} INFO - 25/11/02 09:45:37 INFO SecurityManager: Changing view acls groups to:
[2025-11-02T09:45:37.398+0000] {subprocess.py:106} INFO - 25/11/02 09:45:37 INFO SecurityManager: Changing modify acls groups to:
[2025-11-02T09:45:37.399+0000] {subprocess.py:106} INFO - 25/11/02 09:45:37 INFO SecurityManager: SecurityManager: authentication disabled; ui acls disabled; users with view permissions: spark; groups with view permissions: EMPTY; users with modify permissions: spark; groups with modify permissions: EMPTY
[2025-11-02T09:45:37.723+0000] {subprocess.py:106} INFO - 25/11/02 09:45:37 INFO Utils: Successfully started service 'sparkDriver' on port 46361.
[2025-11-02T09:45:37.752+0000] {subprocess.py:106} INFO - 25/11/02 09:45:37 INFO SparkEnv: Registering MapOutputTracker
[2025-11-02T09:45:37.783+0000] {subprocess.py:106} INFO - 25/11/02 09:45:37 INFO SparkEnv: Registering BlockManagerMaster
[2025-11-02T09:45:37.798+0000] {subprocess.py:106} INFO - 25/11/02 09:45:37 INFO BlockManagerMasterEndpoint: Using org.apache.spark.storage.DefaultTopologyMapper for getting topology information
[2025-11-02T09:45:37.799+0000] {subprocess.py:106} INFO - 25/11/02 09:45:37 INFO BlockManagerMasterEndpoint: BlockManagerMasterEndpoint up
[2025-11-02T09:45:37.805+0000] {subprocess.py:106} INFO - 25/11/02 09:45:37 INFO SparkEnv: Registering BlockManagerMasterHeartbeat
[2025-11-02T09:45:37.828+0000] {subprocess.py:106} INFO - 25/11/02 09:45:37 INFO DiskBlockManager: Created local directory at /tmp/blockmgr-1c01fc88-722e-41b8-b0c9-a805b63eaaf5
[2025-11-02T09:45:37.840+0000] {subprocess.py:106} INFO - 25/11/02 09:45:37 INFO MemoryStore: MemoryStore started with capacity 434.4 MiB
[2025-11-02T09:45:37.856+0000] {subprocess.py:106} INFO - 25/11/02 09:45:37 INFO SparkEnv: Registering OutputCommitCoordinator
[2025-11-02T09:45:38.016+0000] {subprocess.py:106} INFO - 25/11/02 09:45:38 INFO JettyUtils: Start Jetty 0.0.0.0:4040 for SparkUI
[2025-11-02T09:45:38.073+0000] {subprocess.py:106} INFO - 25/11/02 09:45:38 INFO Utils: Successfully started service 'SparkUI' on port 4040.
[2025-11-02T09:45:38.127+0000] {subprocess.py:106} INFO - 25/11/02 09:45:38 INFO SparkContext: Added JAR file:///home/spark/.ivy2/jars/org.apache.iceberg_iceberg-spark-runtime-3.5_2.12-1.5.0.jar at spark://68d0d8c522fe:46361/jars/org.apache.iceberg_iceberg-spark-runtime-3.5_2.12-1.5.0.jar with timestamp 1762076737234
[2025-11-02T09:45:38.131+0000] {subprocess.py:106} INFO - 25/11/02 09:45:38 INFO SparkContext: Added file file:///home/spark/.ivy2/jars/org.apache.iceberg_iceberg-spark-runtime-3.5_2.12-1.5.0.jar at spark://68d0d8c522fe:46361/files/org.apache.iceberg_iceberg-spark-runtime-3.5_2.12-1.5.0.jar with timestamp 1762076737234
[2025-11-02T09:45:38.134+0000] {subprocess.py:106} INFO - 25/11/02 09:45:38 INFO Utils: Copying /home/spark/.ivy2/jars/org.apache.iceberg_iceberg-spark-runtime-3.5_2.12-1.5.0.jar to /tmp/spark-5475070a-f5a2-4974-8fa8-ed00d033e9ce/userFiles-e14c930a-b19e-43d6-98c6-51d111caf30b/org.apache.iceberg_iceberg-spark-runtime-3.5_2.12-1.5.0.jar
[2025-11-02T09:45:38.283+0000] {subprocess.py:106} INFO - 25/11/02 09:45:38 INFO StandaloneAppClient$ClientEndpoint: Connecting to master spark://spark-master:7077...
[2025-11-02T09:45:38.331+0000] {subprocess.py:106} INFO - 25/11/02 09:45:38 INFO TransportClientFactory: Successfully created connection to spark-master/172.30.0.6:7077 after 28 ms (0 ms spent in bootstraps)
[2025-11-02T09:45:38.420+0000] {subprocess.py:106} INFO - 25/11/02 09:45:38 INFO StandaloneSchedulerBackend: Connected to Spark cluster with app ID app-20251102094538-0001
[2025-11-02T09:45:38.425+0000] {subprocess.py:106} INFO - 25/11/02 09:45:38 INFO StandaloneAppClient$ClientEndpoint: Executor added: app-20251102094538-0001/0 on worker-20251102091121-172.30.0.7-36343 (172.30.0.7:36343) with 1 core(s)
[2025-11-02T09:45:38.428+0000] {subprocess.py:106} INFO - 25/11/02 09:45:38 INFO StandaloneSchedulerBackend: Granted executor ID app-20251102094538-0001/0 on hostPort 172.30.0.7:36343 with 1 core(s), 1024.0 MiB RAM
[2025-11-02T09:45:38.439+0000] {subprocess.py:106} INFO - 25/11/02 09:45:38 INFO Utils: Successfully started service 'org.apache.spark.network.netty.NettyBlockTransferService' on port 42261.
[2025-11-02T09:45:38.440+0000] {subprocess.py:106} INFO - 25/11/02 09:45:38 INFO NettyBlockTransferService: Server created on 68d0d8c522fe:42261
[2025-11-02T09:45:38.443+0000] {subprocess.py:106} INFO - 25/11/02 09:45:38 INFO BlockManager: Using org.apache.spark.storage.RandomBlockReplicationPolicy for block replication policy
[2025-11-02T09:45:38.456+0000] {subprocess.py:106} INFO - 25/11/02 09:45:38 INFO BlockManagerMaster: Registering BlockManager BlockManagerId(driver, 68d0d8c522fe, 42261, None)
[2025-11-02T09:45:38.462+0000] {subprocess.py:106} INFO - 25/11/02 09:45:38 INFO BlockManagerMasterEndpoint: Registering block manager 68d0d8c522fe:42261 with 434.4 MiB RAM, BlockManagerId(driver, 68d0d8c522fe, 42261, None)
[2025-11-02T09:45:38.469+0000] {subprocess.py:106} INFO - 25/11/02 09:45:38 INFO BlockManagerMaster: Registered BlockManager BlockManagerId(driver, 68d0d8c522fe, 42261, None)
[2025-11-02T09:45:38.472+0000] {subprocess.py:106} INFO - 25/11/02 09:45:38 INFO BlockManager: Initialized BlockManager: BlockManagerId(driver, 68d0d8c522fe, 42261, None)
[2025-11-02T09:45:38.497+0000] {subprocess.py:106} INFO - 25/11/02 09:45:38 INFO StandaloneAppClient$ClientEndpoint: Executor updated: app-20251102094538-0001/0 is now RUNNING
[2025-11-02T09:45:38.828+0000] {subprocess.py:106} INFO - 25/11/02 09:45:38 INFO StandaloneSchedulerBackend: SchedulerBackend is ready for scheduling beginning after reached minRegisteredResourcesRatio: 0.0
[2025-11-02T09:45:39.124+0000] {subprocess.py:106} INFO - 25/11/02 09:45:39 INFO SharedState: Setting hive.metastore.warehouse.dir ('null') to the value of spark.sql.warehouse.dir.
[2025-11-02T09:45:39.127+0000] {subprocess.py:106} INFO - 25/11/02 09:45:39 INFO SharedState: Warehouse path is 'file:/opt/spark/work-dir/spark-warehouse'.
[2025-11-02T09:45:41.962+0000] {subprocess.py:106} INFO - 25/11/02 09:45:41 INFO HiveConf: Found configuration file null
[2025-11-02T09:45:42.222+0000] {subprocess.py:106} INFO - 25/11/02 09:45:42 INFO metastore: Trying to connect to metastore with URI thrift://hive-metastore:9083
[2025-11-02T09:45:42.249+0000] {subprocess.py:106} INFO - 25/11/02 09:45:42 INFO metastore: Opened a connection to metastore, current connections: 1
[2025-11-02T09:45:42.288+0000] {subprocess.py:106} INFO - 25/11/02 09:45:42 INFO metastore: Connected to metastore.
[2025-11-02T09:45:42.443+0000] {subprocess.py:106} INFO - 25/11/02 09:45:42 INFO StandaloneSchedulerBackend$StandaloneDriverEndpoint: Registered executor NettyRpcEndpointRef(spark-client://Executor) (172.30.0.7:33020) with ID 0,  ResourceProfileId 0
[2025-11-02T09:45:42.631+0000] {subprocess.py:106} INFO - 25/11/02 09:45:42 INFO BlockManagerMasterEndpoint: Registering block manager 172.30.0.7:35853 with 434.4 MiB RAM, BlockManagerId(0, 172.30.0.7, 35853, None)
[2025-11-02T09:45:42.790+0000] {subprocess.py:106} INFO - 25/11/02 09:45:42 INFO BaseMetastoreTableOperations: Refreshing table metadata from new version: hdfs://dinhhoa-master:9000/user/ndh/warehouse/bronze.db/it_jobs_raw/metadata/00003-aec39e08-26c3-4a60-8e2c-43c8f61a1d2b.metadata.json
[2025-11-02T09:45:43.850+0000] {subprocess.py:106} INFO - 25/11/02 09:45:43 INFO BaseMetastoreCatalog: Table loaded by catalog: hive_catalog.bronze.it_jobs_raw
[2025-11-02T09:45:44.861+0000] {subprocess.py:106} INFO - 25/11/02 09:45:44 INFO SnapshotScan: Scanning table hive_catalog.bronze.it_jobs_raw snapshot 2422297857014766745 created at 2025-11-02T09:45:28.137+00:00 with filter true
[2025-11-02T09:45:45.078+0000] {subprocess.py:106} INFO - 25/11/02 09:45:45 INFO BaseDistributedDataScan: Planning file tasks locally for table hive_catalog.bronze.it_jobs_raw
[2025-11-02T09:45:45.235+0000] {subprocess.py:106} INFO - 25/11/02 09:45:45 INFO V2ScanRelationPushDown:
[2025-11-02T09:45:45.237+0000] {subprocess.py:106} INFO - Pushing operators to hive_catalog.bronze.it_jobs_raw
[2025-11-02T09:45:45.238+0000] {subprocess.py:106} INFO - Pushed Aggregate Functions:
[2025-11-02T09:45:45.238+0000] {subprocess.py:106} INFO -  COUNT(*)
[2025-11-02T09:45:45.239+0000] {subprocess.py:106} INFO - Pushed Group by:
[2025-11-02T09:45:45.239+0000] {subprocess.py:106} INFO - 
[2025-11-02T09:45:45.240+0000] {subprocess.py:106} INFO - 
[2025-11-02T09:45:47.938+0000] {subprocess.py:106} INFO - 25/11/02 09:45:47 INFO CodeGenerator: Code generated in 336.347747 ms
[2025-11-02T09:45:47.972+0000] {subprocess.py:106} INFO - 25/11/02 09:45:47 INFO CodeGenerator: Code generated in 16.776342 ms
[2025-11-02T09:45:48.098+0000] {subprocess.py:106} INFO - 25/11/02 09:45:48 INFO DAGScheduler: Registering RDD 2 (count at <unknown>:0) as input to shuffle 0
[2025-11-02T09:45:48.105+0000] {subprocess.py:106} INFO - 25/11/02 09:45:48 INFO DAGScheduler: Got map stage job 0 (count at <unknown>:0) with 1 output partitions
[2025-11-02T09:45:48.106+0000] {subprocess.py:106} INFO - 25/11/02 09:45:48 INFO DAGScheduler: Final stage: ShuffleMapStage 0 (count at <unknown>:0)
[2025-11-02T09:45:48.107+0000] {subprocess.py:106} INFO - 25/11/02 09:45:48 INFO DAGScheduler: Parents of final stage: List()
[2025-11-02T09:45:48.110+0000] {subprocess.py:106} INFO - 25/11/02 09:45:48 INFO DAGScheduler: Missing parents: List()
[2025-11-02T09:45:48.115+0000] {subprocess.py:106} INFO - 25/11/02 09:45:48 INFO DAGScheduler: Submitting ShuffleMapStage 0 (MapPartitionsRDD[2] at count at <unknown>:0), which has no missing parents
[2025-11-02T09:45:48.234+0000] {subprocess.py:106} INFO - 25/11/02 09:45:48 INFO MemoryStore: Block broadcast_0 stored as values in memory (estimated size 12.6 KiB, free 434.4 MiB)
[2025-11-02T09:45:48.274+0000] {subprocess.py:106} INFO - 25/11/02 09:45:48 INFO MemoryStore: Block broadcast_0_piece0 stored as bytes in memory (estimated size 6.2 KiB, free 434.4 MiB)
[2025-11-02T09:45:48.278+0000] {subprocess.py:106} INFO - 25/11/02 09:45:48 INFO BlockManagerInfo: Added broadcast_0_piece0 in memory on 68d0d8c522fe:42261 (size: 6.2 KiB, free: 434.4 MiB)
[2025-11-02T09:45:48.285+0000] {subprocess.py:106} INFO - 25/11/02 09:45:48 INFO SparkContext: Created broadcast 0 from broadcast at DAGScheduler.scala:1585
[2025-11-02T09:45:48.321+0000] {subprocess.py:106} INFO - 25/11/02 09:45:48 INFO DAGScheduler: Submitting 1 missing tasks from ShuffleMapStage 0 (MapPartitionsRDD[2] at count at <unknown>:0) (first 15 tasks are for partitions Vector(0))
[2025-11-02T09:45:48.324+0000] {subprocess.py:106} INFO - 25/11/02 09:45:48 INFO TaskSchedulerImpl: Adding task set 0.0 with 1 tasks resource profile 0
[2025-11-02T09:45:48.398+0000] {subprocess.py:106} INFO - 25/11/02 09:45:48 INFO TaskSetManager: Starting task 0.0 in stage 0.0 (TID 0) (172.30.0.7, executor 0, partition 0, PROCESS_LOCAL, 9492 bytes)
[2025-11-02T09:45:48.790+0000] {subprocess.py:106} INFO - 25/11/02 09:45:48 INFO BlockManagerInfo: Added broadcast_0_piece0 in memory on 172.30.0.7:35853 (size: 6.2 KiB, free: 434.4 MiB)
[2025-11-02T09:45:49.889+0000] {subprocess.py:106} INFO - 25/11/02 09:45:49 INFO TaskSetManager: Finished task 0.0 in stage 0.0 (TID 0) in 1530 ms on 172.30.0.7 (executor 0) (1/1)
[2025-11-02T09:45:49.894+0000] {subprocess.py:106} INFO - 25/11/02 09:45:49 INFO TaskSchedulerImpl: Removed TaskSet 0.0, whose tasks have all completed, from pool
[2025-11-02T09:45:49.907+0000] {subprocess.py:106} INFO - 25/11/02 09:45:49 INFO DAGScheduler: ShuffleMapStage 0 (count at <unknown>:0) finished in 1.776 s
[2025-11-02T09:45:49.908+0000] {subprocess.py:106} INFO - 25/11/02 09:45:49 INFO DAGScheduler: looking for newly runnable stages
[2025-11-02T09:45:49.910+0000] {subprocess.py:106} INFO - 25/11/02 09:45:49 INFO DAGScheduler: running: Set()
[2025-11-02T09:45:49.910+0000] {subprocess.py:106} INFO - 25/11/02 09:45:49 INFO DAGScheduler: waiting: Set()
[2025-11-02T09:45:49.912+0000] {subprocess.py:106} INFO - 25/11/02 09:45:49 INFO DAGScheduler: failed: Set()
[2025-11-02T09:45:49.972+0000] {subprocess.py:106} INFO - 25/11/02 09:45:49 INFO CodeGenerator: Code generated in 15.938764 ms
[2025-11-02T09:45:50.039+0000] {subprocess.py:106} INFO - 25/11/02 09:45:50 INFO SparkContext: Starting job: count at <unknown>:0
[2025-11-02T09:45:50.044+0000] {subprocess.py:106} INFO - 25/11/02 09:45:50 INFO DAGScheduler: Got job 1 (count at <unknown>:0) with 1 output partitions
[2025-11-02T09:45:50.045+0000] {subprocess.py:106} INFO - 25/11/02 09:45:50 INFO DAGScheduler: Final stage: ResultStage 2 (count at <unknown>:0)
[2025-11-02T09:45:50.045+0000] {subprocess.py:106} INFO - 25/11/02 09:45:50 INFO DAGScheduler: Parents of final stage: List(ShuffleMapStage 1)
[2025-11-02T09:45:50.046+0000] {subprocess.py:106} INFO - 25/11/02 09:45:50 INFO DAGScheduler: Missing parents: List()
[2025-11-02T09:45:50.051+0000] {subprocess.py:106} INFO - 25/11/02 09:45:50 INFO DAGScheduler: Submitting ResultStage 2 (MapPartitionsRDD[5] at count at <unknown>:0), which has no missing parents
[2025-11-02T09:45:50.066+0000] {subprocess.py:106} INFO - 25/11/02 09:45:50 INFO MemoryStore: Block broadcast_1 stored as values in memory (estimated size 13.7 KiB, free 434.4 MiB)
[2025-11-02T09:45:50.070+0000] {subprocess.py:106} INFO - 25/11/02 09:45:50 INFO MemoryStore: Block broadcast_1_piece0 stored as bytes in memory (estimated size 6.3 KiB, free 434.4 MiB)
[2025-11-02T09:45:50.072+0000] {subprocess.py:106} INFO - 25/11/02 09:45:50 INFO BlockManagerInfo: Added broadcast_1_piece0 in memory on 68d0d8c522fe:42261 (size: 6.3 KiB, free: 434.4 MiB)
[2025-11-02T09:45:50.075+0000] {subprocess.py:106} INFO - 25/11/02 09:45:50 INFO SparkContext: Created broadcast 1 from broadcast at DAGScheduler.scala:1585
[2025-11-02T09:45:50.076+0000] {subprocess.py:106} INFO - 25/11/02 09:45:50 INFO DAGScheduler: Submitting 1 missing tasks from ResultStage 2 (MapPartitionsRDD[5] at count at <unknown>:0) (first 15 tasks are for partitions Vector(0))
[2025-11-02T09:45:50.077+0000] {subprocess.py:106} INFO - 25/11/02 09:45:50 INFO TaskSchedulerImpl: Adding task set 2.0 with 1 tasks resource profile 0
[2025-11-02T09:45:50.086+0000] {subprocess.py:106} INFO - 25/11/02 09:45:50 INFO TaskSetManager: Starting task 0.0 in stage 2.0 (TID 1) (172.30.0.7, executor 0, partition 0, NODE_LOCAL, 9331 bytes)
[2025-11-02T09:45:50.115+0000] {subprocess.py:106} INFO - 25/11/02 09:45:50 INFO BlockManagerInfo: Added broadcast_1_piece0 in memory on 172.30.0.7:35853 (size: 6.3 KiB, free: 434.4 MiB)
[2025-11-02T09:45:50.207+0000] {subprocess.py:106} INFO - 25/11/02 09:45:50 INFO MapOutputTrackerMasterEndpoint: Asked to send map output locations for shuffle 0 to 172.30.0.7:33020
[2025-11-02T09:45:50.342+0000] {subprocess.py:106} INFO - 25/11/02 09:45:50 INFO TaskSetManager: Finished task 0.0 in stage 2.0 (TID 1) in 259 ms on 172.30.0.7 (executor 0) (1/1)
[2025-11-02T09:45:50.343+0000] {subprocess.py:106} INFO - 25/11/02 09:45:50 INFO TaskSchedulerImpl: Removed TaskSet 2.0, whose tasks have all completed, from pool
[2025-11-02T09:45:50.344+0000] {subprocess.py:106} INFO - 25/11/02 09:45:50 INFO DAGScheduler: ResultStage 2 (count at <unknown>:0) finished in 0.281 s
[2025-11-02T09:45:50.347+0000] {subprocess.py:106} INFO - 25/11/02 09:45:50 INFO DAGScheduler: Job 1 is finished. Cancelling potential speculative or zombie tasks for this job
[2025-11-02T09:45:50.348+0000] {subprocess.py:106} INFO - 25/11/02 09:45:50 INFO TaskSchedulerImpl: Killing all running tasks in stage 2: Stage finished
[2025-11-02T09:45:50.351+0000] {subprocess.py:106} INFO - 25/11/02 09:45:50 INFO DAGScheduler: Job 1 finished: count at <unknown>:0, took 0.311513 s
[2025-11-02T09:45:50.362+0000] {subprocess.py:106} INFO - 📦 Bronze record count: 3505
[2025-11-02T09:45:50.366+0000] {subprocess.py:106} INFO - root
[2025-11-02T09:45:50.367+0000] {subprocess.py:106} INFO -  |-- job_title: string (nullable = true)
[2025-11-02T09:45:50.367+0000] {subprocess.py:106} INFO -  |-- company_name: string (nullable = true)
[2025-11-02T09:45:50.368+0000] {subprocess.py:106} INFO -  |-- location: string (nullable = true)
[2025-11-02T09:45:50.368+0000] {subprocess.py:106} INFO -  |-- skills_required: string (nullable = true)
[2025-11-02T09:45:50.368+0000] {subprocess.py:106} INFO -  |-- date_posted: string (nullable = true)
[2025-11-02T09:45:50.369+0000] {subprocess.py:106} INFO -  |-- job_link: string (nullable = true)
[2025-11-02T09:45:50.370+0000] {subprocess.py:106} INFO -  |-- job_category: string (nullable = true)
[2025-11-02T09:45:50.370+0000] {subprocess.py:106} INFO -  |-- work_mode: string (nullable = true)
[2025-11-02T09:45:50.371+0000] {subprocess.py:106} INFO -  |-- crawl_date: string (nullable = true)
[2025-11-02T09:45:50.371+0000] {subprocess.py:106} INFO -  |-- date_only: string (nullable = true)
[2025-11-02T09:45:50.372+0000] {subprocess.py:106} INFO -  |-- ingest_time: timestamp (nullable = true)
[2025-11-02T09:45:50.372+0000] {subprocess.py:106} INFO -  |-- source: string (nullable = true)
[2025-11-02T09:45:50.373+0000] {subprocess.py:106} INFO - 
[2025-11-02T09:45:50.996+0000] {subprocess.py:106} INFO - 25/11/02 09:45:50 INFO BlockManagerInfo: Removed broadcast_1_piece0 on 68d0d8c522fe:42261 in memory (size: 6.3 KiB, free: 434.4 MiB)
[2025-11-02T09:45:51.010+0000] {subprocess.py:106} INFO - 25/11/02 09:45:51 INFO BlockManagerInfo: Removed broadcast_1_piece0 on 172.30.0.7:35853 in memory (size: 6.3 KiB, free: 434.4 MiB)
[2025-11-02T09:45:51.033+0000] {subprocess.py:106} INFO - 25/11/02 09:45:51 INFO BlockManagerInfo: Removed broadcast_0_piece0 on 68d0d8c522fe:42261 in memory (size: 6.2 KiB, free: 434.4 MiB)
[2025-11-02T09:45:51.034+0000] {subprocess.py:106} INFO - 25/11/02 09:45:51 INFO BlockManagerInfo: Removed broadcast_0_piece0 on 172.30.0.7:35853 in memory (size: 6.2 KiB, free: 434.4 MiB)
[2025-11-02T09:45:51.369+0000] {subprocess.py:106} INFO - 25/11/02 09:45:51 INFO BaseMetastoreTableOperations: Refreshing table metadata from new version: hdfs://dinhhoa-master:9000/user/ndh/warehouse/silver.db/it_jobs_clean/metadata/00004-818856c6-c093-4834-961d-61e375bffa00.metadata.json
[2025-11-02T09:45:51.427+0000] {subprocess.py:106} INFO - 25/11/02 09:45:51 INFO BaseMetastoreCatalog: Table loaded by catalog: hive_catalog.silver.it_jobs_clean
[2025-11-02T09:45:51.434+0000] {subprocess.py:106} INFO - 25/11/02 09:45:51 INFO BaseMetastoreCatalog: Table properties set at catalog level through catalog properties: {}
[2025-11-02T09:45:51.435+0000] {subprocess.py:106} INFO - 25/11/02 09:45:51 INFO BaseMetastoreCatalog: Table properties enforced at catalog level through catalog properties: {}
[2025-11-02T09:45:51.454+0000] {subprocess.py:106} INFO - 25/11/02 09:45:51 INFO BaseMetastoreTableOperations: Refreshing table metadata from new version: hdfs://dinhhoa-master:9000/user/ndh/warehouse/silver.db/it_jobs_clean/metadata/00004-818856c6-c093-4834-961d-61e375bffa00.metadata.json
[2025-11-02T09:45:51.728+0000] {subprocess.py:106} INFO - 25/11/02 09:45:51 INFO V2ScanRelationPushDown:
[2025-11-02T09:45:51.729+0000] {subprocess.py:106} INFO - Pushing operators to hive_catalog.bronze.it_jobs_raw
[2025-11-02T09:45:51.730+0000] {subprocess.py:106} INFO - Pushed Filters: date_posted IS NOT NULL, job_link IS NOT NULL, NOT (job_link = '')
[2025-11-02T09:45:51.730+0000] {subprocess.py:106} INFO - Post-Scan Filters: isnotnull(date_posted#4),isnotnull(upper(trim(company_name#1, None))),NOT (upper(trim(company_name#1, None)) = ),isnotnull(job_link#5),NOT (job_link#5 = ),isnotnull(initcap(trim(job_title#0, None))),NOT (initcap(trim(job_title#0, None)) = ),isnotnull(cast(date_posted#4 as date)),(size(split(trim(location#2, None),  - , -1), true) > 0),isnotnull(split(trim(location#2, None),  - , -1))
[2025-11-02T09:45:51.731+0000] {subprocess.py:106} INFO - 
[2025-11-02T09:45:51.764+0000] {subprocess.py:106} INFO - 25/11/02 09:45:51 INFO V2ScanRelationPushDown:
[2025-11-02T09:45:51.765+0000] {subprocess.py:106} INFO - Output: job_title#0, company_name#1, location#2, skills_required#3, date_posted#4, job_link#5, job_category#6, work_mode#7, crawl_date#8, date_only#9, ingest_time#10, source#11
[2025-11-02T09:45:51.766+0000] {subprocess.py:106} INFO - 
[2025-11-02T09:45:51.781+0000] {subprocess.py:106} INFO - 25/11/02 09:45:51 INFO SnapshotScan: Scanning table hive_catalog.bronze.it_jobs_raw snapshot 2422297857014766745 created at 2025-11-02T09:45:28.137+00:00 with filter ((date_posted IS NOT NULL AND job_link IS NOT NULL) AND NOT (job_link = (hash-00000000)))
[2025-11-02T09:45:51.790+0000] {subprocess.py:106} INFO - 25/11/02 09:45:51 INFO BaseDistributedDataScan: Planning file tasks locally for table hive_catalog.bronze.it_jobs_raw
[2025-11-02T09:45:51.860+0000] {subprocess.py:106} INFO - 25/11/02 09:45:51 INFO SparkPartitioningAwareScan: Reporting UnknownPartitioning with 1 partition(s) for table hive_catalog.bronze.it_jobs_raw
[2025-11-02T09:45:51.888+0000] {subprocess.py:106} INFO - 25/11/02 09:45:51 INFO SparkWrite: Requesting 0 bytes advisory partition size for table silver.it_jobs_clean
[2025-11-02T09:45:51.889+0000] {subprocess.py:106} INFO - 25/11/02 09:45:51 INFO SparkWrite: Requesting UnspecifiedDistribution as write distribution for table silver.it_jobs_clean
[2025-11-02T09:45:51.891+0000] {subprocess.py:106} INFO - 25/11/02 09:45:51 INFO SparkWrite: Requesting [] as write ordering for table silver.it_jobs_clean
[2025-11-02T09:45:51.983+0000] {subprocess.py:106} INFO - 25/11/02 09:45:51 INFO MemoryStore: Block broadcast_2 stored as values in memory (estimated size 32.0 KiB, free 434.4 MiB)
[2025-11-02T09:45:52.002+0000] {subprocess.py:106} INFO - 25/11/02 09:45:52 INFO MemoryStore: Block broadcast_2_piece0 stored as bytes in memory (estimated size 29.8 KiB, free 434.3 MiB)
[2025-11-02T09:45:52.004+0000] {subprocess.py:106} INFO - 25/11/02 09:45:52 INFO BlockManagerInfo: Added broadcast_2_piece0 in memory on 68d0d8c522fe:42261 (size: 29.8 KiB, free: 434.4 MiB)
[2025-11-02T09:45:52.009+0000] {subprocess.py:106} INFO - 25/11/02 09:45:52 INFO SparkContext: Created broadcast 2 from broadcast at SparkBatch.java:79
[2025-11-02T09:45:52.045+0000] {subprocess.py:106} INFO - 25/11/02 09:45:52 INFO MemoryStore: Block broadcast_3 stored as values in memory (estimated size 32.0 KiB, free 434.3 MiB)
[2025-11-02T09:45:52.062+0000] {subprocess.py:106} INFO - 25/11/02 09:45:52 INFO MemoryStore: Block broadcast_3_piece0 stored as bytes in memory (estimated size 29.8 KiB, free 434.3 MiB)
[2025-11-02T09:45:52.065+0000] {subprocess.py:106} INFO - 25/11/02 09:45:52 INFO BlockManagerInfo: Added broadcast_3_piece0 in memory on 68d0d8c522fe:42261 (size: 29.8 KiB, free: 434.3 MiB)
[2025-11-02T09:45:52.066+0000] {subprocess.py:106} INFO - 25/11/02 09:45:52 INFO SparkContext: Created broadcast 3 from broadcast at SparkBatch.java:79
[2025-11-02T09:45:52.275+0000] {subprocess.py:106} INFO - 25/11/02 09:45:52 INFO CodeGenerator: Code generated in 18.796309 ms
[2025-11-02T09:45:52.429+0000] {subprocess.py:106} INFO - 25/11/02 09:45:52 INFO CodeGenerator: Code generated in 79.350497 ms
[2025-11-02T09:45:52.545+0000] {subprocess.py:106} INFO - 25/11/02 09:45:52 INFO DAGScheduler: Registering RDD 12 (createOrReplace at <unknown>:0) as input to shuffle 1
[2025-11-02T09:45:52.546+0000] {subprocess.py:106} INFO - 25/11/02 09:45:52 INFO DAGScheduler: Got map stage job 2 (createOrReplace at <unknown>:0) with 1 output partitions
[2025-11-02T09:45:52.546+0000] {subprocess.py:106} INFO - 25/11/02 09:45:52 INFO DAGScheduler: Final stage: ShuffleMapStage 3 (createOrReplace at <unknown>:0)
[2025-11-02T09:45:52.547+0000] {subprocess.py:106} INFO - 25/11/02 09:45:52 INFO DAGScheduler: Parents of final stage: List()
[2025-11-02T09:45:52.548+0000] {subprocess.py:106} INFO - 25/11/02 09:45:52 INFO DAGScheduler: Missing parents: List()
[2025-11-02T09:45:52.550+0000] {subprocess.py:106} INFO - 25/11/02 09:45:52 INFO DAGScheduler: Submitting ShuffleMapStage 3 (MapPartitionsRDD[12] at createOrReplace at <unknown>:0), which has no missing parents
[2025-11-02T09:45:52.576+0000] {subprocess.py:106} INFO - 25/11/02 09:45:52 INFO MemoryStore: Block broadcast_4 stored as values in memory (estimated size 73.1 KiB, free 434.2 MiB)
[2025-11-02T09:45:52.588+0000] {subprocess.py:106} INFO - 25/11/02 09:45:52 INFO MemoryStore: Block broadcast_4_piece0 stored as bytes in memory (estimated size 27.1 KiB, free 434.2 MiB)
[2025-11-02T09:45:52.589+0000] {subprocess.py:106} INFO - 25/11/02 09:45:52 INFO BlockManagerInfo: Added broadcast_4_piece0 in memory on 68d0d8c522fe:42261 (size: 27.1 KiB, free: 434.3 MiB)
[2025-11-02T09:45:52.592+0000] {subprocess.py:106} INFO - 25/11/02 09:45:52 INFO SparkContext: Created broadcast 4 from broadcast at DAGScheduler.scala:1585
[2025-11-02T09:45:52.593+0000] {subprocess.py:106} INFO - 25/11/02 09:45:52 INFO DAGScheduler: Submitting 1 missing tasks from ShuffleMapStage 3 (MapPartitionsRDD[12] at createOrReplace at <unknown>:0) (first 15 tasks are for partitions Vector(0))
[2025-11-02T09:45:52.597+0000] {subprocess.py:106} INFO - 25/11/02 09:45:52 INFO TaskSchedulerImpl: Adding task set 3.0 with 1 tasks resource profile 0
[2025-11-02T09:45:52.618+0000] {subprocess.py:106} INFO - 25/11/02 09:45:52 INFO TaskSetManager: Starting task 0.0 in stage 3.0 (TID 2) (172.30.0.7, executor 0, partition 0, ANY, 16860 bytes)
[2025-11-02T09:45:53.109+0000] {subprocess.py:106} INFO - 25/11/02 09:45:53 INFO BlockManagerInfo: Added broadcast_4_piece0 in memory on 172.30.0.7:35853 (size: 27.1 KiB, free: 434.4 MiB)
[2025-11-02T09:45:53.833+0000] {subprocess.py:106} INFO - 25/11/02 09:45:53 INFO BlockManagerInfo: Added broadcast_3_piece0 in memory on 172.30.0.7:35853 (size: 29.8 KiB, free: 434.3 MiB)
[2025-11-02T09:45:56.753+0000] {subprocess.py:106} INFO - 25/11/02 09:45:56 INFO TaskSetManager: Finished task 0.0 in stage 3.0 (TID 2) in 4160 ms on 172.30.0.7 (executor 0) (1/1)
[2025-11-02T09:45:56.756+0000] {subprocess.py:106} INFO - 25/11/02 09:45:56 INFO TaskSchedulerImpl: Removed TaskSet 3.0, whose tasks have all completed, from pool
[2025-11-02T09:45:56.757+0000] {subprocess.py:106} INFO - 25/11/02 09:45:56 INFO DAGScheduler: ShuffleMapStage 3 (createOrReplace at <unknown>:0) finished in 4.201 s
[2025-11-02T09:45:56.758+0000] {subprocess.py:106} INFO - 25/11/02 09:45:56 INFO DAGScheduler: looking for newly runnable stages
[2025-11-02T09:45:56.758+0000] {subprocess.py:106} INFO - 25/11/02 09:45:56 INFO DAGScheduler: running: Set()
[2025-11-02T09:45:56.759+0000] {subprocess.py:106} INFO - 25/11/02 09:45:56 INFO DAGScheduler: waiting: Set()
[2025-11-02T09:45:56.759+0000] {subprocess.py:106} INFO - 25/11/02 09:45:56 INFO DAGScheduler: failed: Set()
[2025-11-02T09:45:56.774+0000] {subprocess.py:106} INFO - 25/11/02 09:45:56 INFO ShufflePartitionsUtil: For shuffle(1), advisory target size: 67108864, actual target size 1048576, minimum partition size: 1048576
[2025-11-02T09:45:56.820+0000] {subprocess.py:106} INFO - 25/11/02 09:45:56 INFO CodeGenerator: Code generated in 11.354342 ms
[2025-11-02T09:45:56.848+0000] {subprocess.py:106} INFO - 25/11/02 09:45:56 INFO MemoryStore: Block broadcast_5 stored as values in memory (estimated size 32.0 KiB, free 434.2 MiB)
[2025-11-02T09:45:56.874+0000] {subprocess.py:106} INFO - 25/11/02 09:45:56 INFO MemoryStore: Block broadcast_5_piece0 stored as bytes in memory (estimated size 29.6 KiB, free 434.1 MiB)
[2025-11-02T09:45:56.875+0000] {subprocess.py:106} INFO - 25/11/02 09:45:56 INFO BlockManagerInfo: Removed broadcast_4_piece0 on 68d0d8c522fe:42261 in memory (size: 27.1 KiB, free: 434.3 MiB)
[2025-11-02T09:45:56.877+0000] {subprocess.py:106} INFO - 25/11/02 09:45:56 INFO BlockManagerInfo: Added broadcast_5_piece0 in memory on 68d0d8c522fe:42261 (size: 29.6 KiB, free: 434.3 MiB)
[2025-11-02T09:45:56.885+0000] {subprocess.py:106} INFO - 25/11/02 09:45:56 INFO SparkContext: Created broadcast 5 from broadcast at SparkWrite.java:193
[2025-11-02T09:45:56.886+0000] {subprocess.py:106} INFO - 25/11/02 09:45:56 INFO AppendDataExec: Start processing data source write support: IcebergBatchWrite(table=silver.it_jobs_clean, format=PARQUET). The input RDD has 1 partitions.
[2025-11-02T09:45:56.887+0000] {subprocess.py:106} INFO - 25/11/02 09:45:56 INFO BlockManagerInfo: Removed broadcast_4_piece0 on 172.30.0.7:35853 in memory (size: 27.1 KiB, free: 434.4 MiB)
[2025-11-02T09:45:56.907+0000] {subprocess.py:106} INFO - 25/11/02 09:45:56 INFO SparkContext: Starting job: createOrReplace at <unknown>:0
[2025-11-02T09:45:56.910+0000] {subprocess.py:106} INFO - 25/11/02 09:45:56 INFO DAGScheduler: Got job 3 (createOrReplace at <unknown>:0) with 1 output partitions
[2025-11-02T09:45:56.910+0000] {subprocess.py:106} INFO - 25/11/02 09:45:56 INFO DAGScheduler: Final stage: ResultStage 5 (createOrReplace at <unknown>:0)
[2025-11-02T09:45:56.911+0000] {subprocess.py:106} INFO - 25/11/02 09:45:56 INFO DAGScheduler: Parents of final stage: List(ShuffleMapStage 4)
[2025-11-02T09:45:56.914+0000] {subprocess.py:106} INFO - 25/11/02 09:45:56 INFO DAGScheduler: Missing parents: List()
[2025-11-02T09:45:56.915+0000] {subprocess.py:106} INFO - 25/11/02 09:45:56 INFO DAGScheduler: Submitting ResultStage 5 (MapPartitionsRDD[15] at createOrReplace at <unknown>:0), which has no missing parents
[2025-11-02T09:45:56.964+0000] {subprocess.py:106} INFO - 25/11/02 09:45:56 INFO MemoryStore: Block broadcast_6 stored as values in memory (estimated size 66.5 KiB, free 434.2 MiB)
[2025-11-02T09:45:56.967+0000] {subprocess.py:106} INFO - 25/11/02 09:45:56 INFO MemoryStore: Block broadcast_6_piece0 stored as bytes in memory (estimated size 26.9 KiB, free 434.1 MiB)
[2025-11-02T09:45:56.969+0000] {subprocess.py:106} INFO - 25/11/02 09:45:56 INFO BlockManagerInfo: Added broadcast_6_piece0 in memory on 68d0d8c522fe:42261 (size: 26.9 KiB, free: 434.3 MiB)
[2025-11-02T09:45:56.970+0000] {subprocess.py:106} INFO - 25/11/02 09:45:56 INFO SparkContext: Created broadcast 6 from broadcast at DAGScheduler.scala:1585
[2025-11-02T09:45:56.971+0000] {subprocess.py:106} INFO - 25/11/02 09:45:56 INFO DAGScheduler: Submitting 1 missing tasks from ResultStage 5 (MapPartitionsRDD[15] at createOrReplace at <unknown>:0) (first 15 tasks are for partitions Vector(0))
[2025-11-02T09:45:56.976+0000] {subprocess.py:106} INFO - 25/11/02 09:45:56 INFO TaskSchedulerImpl: Adding task set 5.0 with 1 tasks resource profile 0
[2025-11-02T09:45:56.977+0000] {subprocess.py:106} INFO - 25/11/02 09:45:56 INFO TaskSetManager: Starting task 0.0 in stage 5.0 (TID 3) (172.30.0.7, executor 0, partition 0, NODE_LOCAL, 9331 bytes)
[2025-11-02T09:45:57.012+0000] {subprocess.py:106} INFO - 25/11/02 09:45:57 INFO BlockManagerInfo: Added broadcast_6_piece0 in memory on 172.30.0.7:35853 (size: 26.9 KiB, free: 434.3 MiB)
[2025-11-02T09:45:57.104+0000] {subprocess.py:106} INFO - 25/11/02 09:45:57 INFO MapOutputTrackerMasterEndpoint: Asked to send map output locations for shuffle 1 to 172.30.0.7:33020
[2025-11-02T09:45:57.681+0000] {subprocess.py:106} INFO - 25/11/02 09:45:57 INFO BlockManagerInfo: Added broadcast_5_piece0 in memory on 172.30.0.7:35853 (size: 29.6 KiB, free: 434.3 MiB)
[2025-11-02T09:45:58.173+0000] {subprocess.py:106} INFO - 25/11/02 09:45:58 INFO TaskSetManager: Finished task 0.0 in stage 5.0 (TID 3) in 1199 ms on 172.30.0.7 (executor 0) (1/1)
[2025-11-02T09:45:58.174+0000] {subprocess.py:106} INFO - 25/11/02 09:45:58 INFO TaskSchedulerImpl: Removed TaskSet 5.0, whose tasks have all completed, from pool
[2025-11-02T09:45:58.175+0000] {subprocess.py:106} INFO - 25/11/02 09:45:58 INFO DAGScheduler: ResultStage 5 (createOrReplace at <unknown>:0) finished in 1.228 s
[2025-11-02T09:45:58.176+0000] {subprocess.py:106} INFO - 25/11/02 09:45:58 INFO DAGScheduler: Job 3 is finished. Cancelling potential speculative or zombie tasks for this job
[2025-11-02T09:45:58.176+0000] {subprocess.py:106} INFO - 25/11/02 09:45:58 INFO TaskSchedulerImpl: Killing all running tasks in stage 5: Stage finished
[2025-11-02T09:45:58.177+0000] {subprocess.py:106} INFO - 25/11/02 09:45:58 INFO DAGScheduler: Job 3 finished: createOrReplace at <unknown>:0, took 1.268647 s
[2025-11-02T09:45:58.179+0000] {subprocess.py:106} INFO - 25/11/02 09:45:58 INFO AppendDataExec: Data source write support IcebergBatchWrite(table=silver.it_jobs_clean, format=PARQUET) is committing.
[2025-11-02T09:45:58.200+0000] {subprocess.py:106} INFO - 25/11/02 09:45:58 INFO SparkWrite: Committing append with 1 new data files to table silver.it_jobs_clean
[2025-11-02T09:45:58.479+0000] {subprocess.py:106} INFO - 25/11/02 09:45:58 INFO SnapshotProducer: Committed snapshot 2548060692489447461 (MergeAppend)
[2025-11-02T09:45:58.515+0000] {subprocess.py:106} INFO - 25/11/02 09:45:58 INFO LoggingMetricsReporter: Received metrics report: CommitReport{tableName=silver.it_jobs_clean, snapshotId=2548060692489447461, sequenceNumber=6, operation=append, commitMetrics=CommitMetricsResult{totalDuration=TimerResult{timeUnit=NANOSECONDS, totalDuration=PT0.305267323S, count=1}, attempts=CounterResult{unit=COUNT, value=1}, addedDataFiles=CounterResult{unit=COUNT, value=1}, removedDataFiles=null, totalDataFiles=CounterResult{unit=COUNT, value=1}, addedDeleteFiles=null, addedEqualityDeleteFiles=null, addedPositionalDeleteFiles=null, removedDeleteFiles=null, removedEqualityDeleteFiles=null, removedPositionalDeleteFiles=null, totalDeleteFiles=CounterResult{unit=COUNT, value=0}, addedRecords=CounterResult{unit=COUNT, value=3466}, removedRecords=null, totalRecords=CounterResult{unit=COUNT, value=3466}, addedFilesSizeInBytes=CounterResult{unit=BYTES, value=113571}, removedFilesSizeInBytes=null, totalFilesSizeInBytes=CounterResult{unit=BYTES, value=113571}, addedPositionalDeletes=null, removedPositionalDeletes=null, totalPositionalDeletes=CounterResult{unit=COUNT, value=0}, addedEqualityDeletes=null, removedEqualityDeletes=null, totalEqualityDeletes=CounterResult{unit=COUNT, value=0}}, metadata={engine-version=3.5.3, app-id=app-20251102094538-0001, engine-name=spark, iceberg-version=Apache Iceberg 1.6.1 (commit 8e9d59d299be42b0bca9461457cd1e95dbaad086)}}
[2025-11-02T09:45:58.516+0000] {subprocess.py:106} INFO - 25/11/02 09:45:58 INFO SparkWrite: Committed in 313 ms
[2025-11-02T09:45:58.517+0000] {subprocess.py:106} INFO - 25/11/02 09:45:58 INFO AppendDataExec: Data source write support IcebergBatchWrite(table=silver.it_jobs_clean, format=PARQUET) committed.
[2025-11-02T09:45:58.883+0000] {subprocess.py:106} INFO - 25/11/02 09:45:58 INFO HiveTableOperations: Committed to table hive_catalog.silver.it_jobs_clean with the new metadata location hdfs://dinhhoa-master:9000/user/ndh/warehouse/silver.db/it_jobs_clean/metadata/00005-c3ef4289-7c67-42ae-901a-15a67288debc.metadata.json
[2025-11-02T09:45:58.883+0000] {subprocess.py:106} INFO - 25/11/02 09:45:58 INFO BaseMetastoreTableOperations: Successfully committed to table hive_catalog.silver.it_jobs_clean in 342 ms
[2025-11-02T09:45:58.888+0000] {subprocess.py:106} INFO -  Cleaned data successfully written to Silver!
[2025-11-02T09:45:58.959+0000] {subprocess.py:106} INFO - 25/11/02 09:45:58 INFO V2ScanRelationPushDown:
[2025-11-02T09:45:58.960+0000] {subprocess.py:106} INFO - Pushing operators to hive_catalog.bronze.it_jobs_raw
[2025-11-02T09:45:58.960+0000] {subprocess.py:106} INFO - Pushed Filters: date_posted IS NOT NULL, job_link IS NOT NULL, NOT (job_link = '')
[2025-11-02T09:45:58.961+0000] {subprocess.py:106} INFO - Post-Scan Filters: isnotnull(date_posted#4),isnotnull(upper(trim(company_name#1, None))),NOT (upper(trim(company_name#1, None)) = ),isnotnull(job_link#5),NOT (job_link#5 = ),isnotnull(initcap(trim(job_title#0, None))),NOT (initcap(trim(job_title#0, None)) = ),isnotnull(cast(date_posted#4 as date)),(size(split(trim(location#2, None),  - , -1), true) > 0),isnotnull(split(trim(location#2, None),  - , -1))
[2025-11-02T09:45:58.961+0000] {subprocess.py:106} INFO - 
[2025-11-02T09:45:58.964+0000] {subprocess.py:106} INFO - 25/11/02 09:45:58 INFO V2ScanRelationPushDown:
[2025-11-02T09:45:58.964+0000] {subprocess.py:106} INFO - Output: job_title#0, company_name#1, location#2, date_posted#4, job_link#5
[2025-11-02T09:45:58.965+0000] {subprocess.py:106} INFO - 
[2025-11-02T09:45:58.967+0000] {subprocess.py:106} INFO - 25/11/02 09:45:58 INFO SnapshotScan: Scanning table hive_catalog.bronze.it_jobs_raw snapshot 2422297857014766745 created at 2025-11-02T09:45:28.137+00:00 with filter ((date_posted IS NOT NULL AND job_link IS NOT NULL) AND NOT (job_link = (hash-00000000)))
[2025-11-02T09:45:58.968+0000] {subprocess.py:106} INFO - 25/11/02 09:45:58 INFO BaseDistributedDataScan: Planning file tasks locally for table hive_catalog.bronze.it_jobs_raw
[2025-11-02T09:45:59.012+0000] {subprocess.py:106} INFO - 25/11/02 09:45:59 INFO BlockManagerInfo: Removed broadcast_6_piece0 on 68d0d8c522fe:42261 in memory (size: 26.9 KiB, free: 434.3 MiB)
[2025-11-02T09:45:59.015+0000] {subprocess.py:106} INFO - 25/11/02 09:45:59 INFO BlockManagerInfo: Removed broadcast_6_piece0 on 172.30.0.7:35853 in memory (size: 26.9 KiB, free: 434.3 MiB)
[2025-11-02T09:45:59.019+0000] {subprocess.py:106} INFO - 25/11/02 09:45:59 INFO SparkPartitioningAwareScan: Reporting UnknownPartitioning with 1 partition(s) for table hive_catalog.bronze.it_jobs_raw
[2025-11-02T09:45:59.029+0000] {subprocess.py:106} INFO - 25/11/02 09:45:59 INFO BlockManagerInfo: Removed broadcast_5_piece0 on 68d0d8c522fe:42261 in memory (size: 29.6 KiB, free: 434.3 MiB)
[2025-11-02T09:45:59.031+0000] {subprocess.py:106} INFO - 25/11/02 09:45:59 INFO BlockManagerInfo: Removed broadcast_5_piece0 on 172.30.0.7:35853 in memory (size: 29.6 KiB, free: 434.4 MiB)
[2025-11-02T09:45:59.042+0000] {subprocess.py:106} INFO - 25/11/02 09:45:59 INFO MemoryStore: Block broadcast_7 stored as values in memory (estimated size 32.0 KiB, free 434.2 MiB)
[2025-11-02T09:45:59.057+0000] {subprocess.py:106} INFO - 25/11/02 09:45:59 INFO MemoryStore: Block broadcast_7_piece0 stored as bytes in memory (estimated size 29.8 KiB, free 434.2 MiB)
[2025-11-02T09:45:59.058+0000] {subprocess.py:106} INFO - 25/11/02 09:45:59 INFO BlockManagerInfo: Added broadcast_7_piece0 in memory on 68d0d8c522fe:42261 (size: 29.8 KiB, free: 434.3 MiB)
[2025-11-02T09:45:59.060+0000] {subprocess.py:106} INFO - 25/11/02 09:45:59 INFO SparkContext: Created broadcast 7 from broadcast at SparkBatch.java:79
[2025-11-02T09:45:59.088+0000] {subprocess.py:106} INFO - 25/11/02 09:45:59 INFO MemoryStore: Block broadcast_8 stored as values in memory (estimated size 32.0 KiB, free 434.2 MiB)
[2025-11-02T09:45:59.091+0000] {subprocess.py:106} INFO - 25/11/02 09:45:59 INFO MemoryStore: Block broadcast_8_piece0 stored as bytes in memory (estimated size 29.8 KiB, free 434.2 MiB)
[2025-11-02T09:45:59.093+0000] {subprocess.py:106} INFO - 25/11/02 09:45:59 INFO BlockManagerInfo: Added broadcast_8_piece0 in memory on 68d0d8c522fe:42261 (size: 29.8 KiB, free: 434.3 MiB)
[2025-11-02T09:45:59.105+0000] {subprocess.py:106} INFO - 25/11/02 09:45:59 INFO SparkContext: Created broadcast 8 from broadcast at SparkBatch.java:79
[2025-11-02T09:45:59.265+0000] {subprocess.py:106} INFO - 25/11/02 09:45:59 INFO CodeGenerator: Code generated in 77.336738 ms
[2025-11-02T09:45:59.282+0000] {subprocess.py:106} INFO - 25/11/02 09:45:59 INFO DAGScheduler: Registering RDD 19 (count at <unknown>:0) as input to shuffle 2
[2025-11-02T09:45:59.283+0000] {subprocess.py:106} INFO - 25/11/02 09:45:59 INFO DAGScheduler: Got map stage job 4 (count at <unknown>:0) with 1 output partitions
[2025-11-02T09:45:59.284+0000] {subprocess.py:106} INFO - 25/11/02 09:45:59 INFO DAGScheduler: Final stage: ShuffleMapStage 6 (count at <unknown>:0)
[2025-11-02T09:45:59.285+0000] {subprocess.py:106} INFO - 25/11/02 09:45:59 INFO DAGScheduler: Parents of final stage: List()
[2025-11-02T09:45:59.285+0000] {subprocess.py:106} INFO - 25/11/02 09:45:59 INFO DAGScheduler: Missing parents: List()
[2025-11-02T09:45:59.287+0000] {subprocess.py:106} INFO - 25/11/02 09:45:59 INFO DAGScheduler: Submitting ShuffleMapStage 6 (MapPartitionsRDD[19] at count at <unknown>:0), which has no missing parents
[2025-11-02T09:45:59.290+0000] {subprocess.py:106} INFO - 25/11/02 09:45:59 INFO MemoryStore: Block broadcast_9 stored as values in memory (estimated size 56.9 KiB, free 434.1 MiB)
[2025-11-02T09:45:59.301+0000] {subprocess.py:106} INFO - 25/11/02 09:45:59 INFO MemoryStore: Block broadcast_9_piece0 stored as bytes in memory (estimated size 22.6 KiB, free 434.1 MiB)
[2025-11-02T09:45:59.304+0000] {subprocess.py:106} INFO - 25/11/02 09:45:59 INFO BlockManagerInfo: Added broadcast_9_piece0 in memory on 68d0d8c522fe:42261 (size: 22.6 KiB, free: 434.3 MiB)
[2025-11-02T09:45:59.307+0000] {subprocess.py:106} INFO - 25/11/02 09:45:59 INFO SparkContext: Created broadcast 9 from broadcast at DAGScheduler.scala:1585
[2025-11-02T09:45:59.308+0000] {subprocess.py:106} INFO - 25/11/02 09:45:59 INFO DAGScheduler: Submitting 1 missing tasks from ShuffleMapStage 6 (MapPartitionsRDD[19] at count at <unknown>:0) (first 15 tasks are for partitions Vector(0))
[2025-11-02T09:45:59.309+0000] {subprocess.py:106} INFO - 25/11/02 09:45:59 INFO TaskSchedulerImpl: Adding task set 6.0 with 1 tasks resource profile 0
[2025-11-02T09:45:59.311+0000] {subprocess.py:106} INFO - 25/11/02 09:45:59 INFO TaskSetManager: Starting task 0.0 in stage 6.0 (TID 4) (172.30.0.7, executor 0, partition 0, ANY, 16416 bytes)
[2025-11-02T09:45:59.336+0000] {subprocess.py:106} INFO - 25/11/02 09:45:59 INFO BlockManagerInfo: Added broadcast_9_piece0 in memory on 172.30.0.7:35853 (size: 22.6 KiB, free: 434.3 MiB)
[2025-11-02T09:45:59.522+0000] {subprocess.py:106} INFO - 25/11/02 09:45:59 INFO BlockManagerInfo: Added broadcast_8_piece0 in memory on 172.30.0.7:35853 (size: 29.8 KiB, free: 434.3 MiB)
[2025-11-02T09:46:00.017+0000] {subprocess.py:106} INFO - 25/11/02 09:46:00 INFO TaskSetManager: Finished task 0.0 in stage 6.0 (TID 4) in 708 ms on 172.30.0.7 (executor 0) (1/1)
[2025-11-02T09:46:00.025+0000] {subprocess.py:106} INFO - 25/11/02 09:46:00 INFO TaskSchedulerImpl: Removed TaskSet 6.0, whose tasks have all completed, from pool
[2025-11-02T09:46:00.027+0000] {subprocess.py:106} INFO - 25/11/02 09:46:00 INFO DAGScheduler: ShuffleMapStage 6 (count at <unknown>:0) finished in 0.732 s
[2025-11-02T09:46:00.028+0000] {subprocess.py:106} INFO - 25/11/02 09:46:00 INFO DAGScheduler: looking for newly runnable stages
[2025-11-02T09:46:00.029+0000] {subprocess.py:106} INFO - 25/11/02 09:46:00 INFO DAGScheduler: running: Set()
[2025-11-02T09:46:00.029+0000] {subprocess.py:106} INFO - 25/11/02 09:46:00 INFO DAGScheduler: waiting: Set()
[2025-11-02T09:46:00.030+0000] {subprocess.py:106} INFO - 25/11/02 09:46:00 INFO DAGScheduler: failed: Set()
[2025-11-02T09:46:00.033+0000] {subprocess.py:106} INFO - 25/11/02 09:46:00 INFO ShufflePartitionsUtil: For shuffle(2), advisory target size: 67108864, actual target size 1048576, minimum partition size: 1048576
[2025-11-02T09:46:00.097+0000] {subprocess.py:106} INFO - 25/11/02 09:46:00 INFO CodeGenerator: Code generated in 39.367457 ms
[2025-11-02T09:46:00.119+0000] {subprocess.py:106} INFO - 25/11/02 09:46:00 INFO DAGScheduler: Registering RDD 22 (count at <unknown>:0) as input to shuffle 3
[2025-11-02T09:46:00.121+0000] {subprocess.py:106} INFO - 25/11/02 09:46:00 INFO DAGScheduler: Got map stage job 5 (count at <unknown>:0) with 1 output partitions
[2025-11-02T09:46:00.123+0000] {subprocess.py:106} INFO - 25/11/02 09:46:00 INFO DAGScheduler: Final stage: ShuffleMapStage 8 (count at <unknown>:0)
[2025-11-02T09:46:00.124+0000] {subprocess.py:106} INFO - 25/11/02 09:46:00 INFO DAGScheduler: Parents of final stage: List(ShuffleMapStage 7)
[2025-11-02T09:46:00.125+0000] {subprocess.py:106} INFO - 25/11/02 09:46:00 INFO DAGScheduler: Missing parents: List()
[2025-11-02T09:46:00.125+0000] {subprocess.py:106} INFO - 25/11/02 09:46:00 INFO DAGScheduler: Submitting ShuffleMapStage 8 (MapPartitionsRDD[22] at count at <unknown>:0), which has no missing parents
[2025-11-02T09:46:00.134+0000] {subprocess.py:106} INFO - 25/11/02 09:46:00 INFO MemoryStore: Block broadcast_10 stored as values in memory (estimated size 54.2 KiB, free 434.0 MiB)
[2025-11-02T09:46:00.146+0000] {subprocess.py:106} INFO - 25/11/02 09:46:00 INFO MemoryStore: Block broadcast_10_piece0 stored as bytes in memory (estimated size 23.5 KiB, free 434.0 MiB)
[2025-11-02T09:46:00.148+0000] {subprocess.py:106} INFO - 25/11/02 09:46:00 INFO BlockManagerInfo: Added broadcast_10_piece0 in memory on 68d0d8c522fe:42261 (size: 23.5 KiB, free: 434.2 MiB)
[2025-11-02T09:46:00.150+0000] {subprocess.py:106} INFO - 25/11/02 09:46:00 INFO BlockManagerInfo: Removed broadcast_9_piece0 on 68d0d8c522fe:42261 in memory (size: 22.6 KiB, free: 434.3 MiB)
[2025-11-02T09:46:00.152+0000] {subprocess.py:106} INFO - 25/11/02 09:46:00 INFO SparkContext: Created broadcast 10 from broadcast at DAGScheduler.scala:1585
[2025-11-02T09:46:00.154+0000] {subprocess.py:106} INFO - 25/11/02 09:46:00 INFO DAGScheduler: Submitting 1 missing tasks from ShuffleMapStage 8 (MapPartitionsRDD[22] at count at <unknown>:0) (first 15 tasks are for partitions Vector(0))
[2025-11-02T09:46:00.155+0000] {subprocess.py:106} INFO - 25/11/02 09:46:00 INFO TaskSchedulerImpl: Adding task set 8.0 with 1 tasks resource profile 0
[2025-11-02T09:46:00.156+0000] {subprocess.py:106} INFO - 25/11/02 09:46:00 INFO TaskSetManager: Starting task 0.0 in stage 8.0 (TID 5) (172.30.0.7, executor 0, partition 0, NODE_LOCAL, 9320 bytes)
[2025-11-02T09:46:00.157+0000] {subprocess.py:106} INFO - 25/11/02 09:46:00 INFO BlockManagerInfo: Removed broadcast_9_piece0 on 172.30.0.7:35853 in memory (size: 22.6 KiB, free: 434.3 MiB)
[2025-11-02T09:46:00.176+0000] {subprocess.py:106} INFO - 25/11/02 09:46:00 INFO BlockManagerInfo: Added broadcast_10_piece0 in memory on 172.30.0.7:35853 (size: 23.5 KiB, free: 434.3 MiB)
[2025-11-02T09:46:00.215+0000] {subprocess.py:106} INFO - 25/11/02 09:46:00 INFO MapOutputTrackerMasterEndpoint: Asked to send map output locations for shuffle 2 to 172.30.0.7:33020
[2025-11-02T09:46:00.228+0000] {subprocess.py:106} INFO - 25/11/02 09:46:00 INFO BlockManagerInfo: Removed broadcast_2_piece0 on 68d0d8c522fe:42261 in memory (size: 29.8 KiB, free: 434.3 MiB)
[2025-11-02T09:46:00.329+0000] {subprocess.py:106} INFO - 25/11/02 09:46:00 INFO TaskSetManager: Finished task 0.0 in stage 8.0 (TID 5) in 169 ms on 172.30.0.7 (executor 0) (1/1)
[2025-11-02T09:46:00.331+0000] {subprocess.py:106} INFO - 25/11/02 09:46:00 INFO TaskSchedulerImpl: Removed TaskSet 8.0, whose tasks have all completed, from pool
[2025-11-02T09:46:00.332+0000] {subprocess.py:106} INFO - 25/11/02 09:46:00 INFO DAGScheduler: ShuffleMapStage 8 (count at <unknown>:0) finished in 0.196 s
[2025-11-02T09:46:00.332+0000] {subprocess.py:106} INFO - 25/11/02 09:46:00 INFO DAGScheduler: looking for newly runnable stages
[2025-11-02T09:46:00.333+0000] {subprocess.py:106} INFO - 25/11/02 09:46:00 INFO DAGScheduler: running: Set()
[2025-11-02T09:46:00.334+0000] {subprocess.py:106} INFO - 25/11/02 09:46:00 INFO DAGScheduler: waiting: Set()
[2025-11-02T09:46:00.334+0000] {subprocess.py:106} INFO - 25/11/02 09:46:00 INFO DAGScheduler: failed: Set()
[2025-11-02T09:46:00.361+0000] {subprocess.py:106} INFO - 25/11/02 09:46:00 INFO CodeGenerator: Code generated in 12.484322 ms
[2025-11-02T09:46:00.398+0000] {subprocess.py:106} INFO - 25/11/02 09:46:00 INFO SparkContext: Starting job: count at <unknown>:0
[2025-11-02T09:46:00.399+0000] {subprocess.py:106} INFO - 25/11/02 09:46:00 INFO DAGScheduler: Got job 6 (count at <unknown>:0) with 1 output partitions
[2025-11-02T09:46:00.400+0000] {subprocess.py:106} INFO - 25/11/02 09:46:00 INFO DAGScheduler: Final stage: ResultStage 11 (count at <unknown>:0)
[2025-11-02T09:46:00.401+0000] {subprocess.py:106} INFO - 25/11/02 09:46:00 INFO DAGScheduler: Parents of final stage: List(ShuffleMapStage 10)
[2025-11-02T09:46:00.401+0000] {subprocess.py:106} INFO - 25/11/02 09:46:00 INFO DAGScheduler: Missing parents: List()
[2025-11-02T09:46:00.403+0000] {subprocess.py:106} INFO - 25/11/02 09:46:00 INFO DAGScheduler: Submitting ResultStage 11 (MapPartitionsRDD[25] at count at <unknown>:0), which has no missing parents
[2025-11-02T09:46:00.409+0000] {subprocess.py:106} INFO - 25/11/02 09:46:00 INFO MemoryStore: Block broadcast_11 stored as values in memory (estimated size 12.5 KiB, free 434.1 MiB)
[2025-11-02T09:46:00.430+0000] {subprocess.py:106} INFO - 25/11/02 09:46:00 INFO MemoryStore: Block broadcast_11_piece0 stored as bytes in memory (estimated size 5.9 KiB, free 434.1 MiB)
[2025-11-02T09:46:00.431+0000] {subprocess.py:106} INFO - 25/11/02 09:46:00 INFO BlockManagerInfo: Added broadcast_11_piece0 in memory on 68d0d8c522fe:42261 (size: 5.9 KiB, free: 434.3 MiB)
[2025-11-02T09:46:00.437+0000] {subprocess.py:106} INFO - 25/11/02 09:46:00 INFO SparkContext: Created broadcast 11 from broadcast at DAGScheduler.scala:1585
[2025-11-02T09:46:00.438+0000] {subprocess.py:106} INFO - 25/11/02 09:46:00 INFO DAGScheduler: Submitting 1 missing tasks from ResultStage 11 (MapPartitionsRDD[25] at count at <unknown>:0) (first 15 tasks are for partitions Vector(0))
[2025-11-02T09:46:00.439+0000] {subprocess.py:106} INFO - 25/11/02 09:46:00 INFO BlockManagerInfo: Removed broadcast_10_piece0 on 172.30.0.7:35853 in memory (size: 23.5 KiB, free: 434.3 MiB)
[2025-11-02T09:46:00.440+0000] {subprocess.py:106} INFO - 25/11/02 09:46:00 INFO TaskSchedulerImpl: Adding task set 11.0 with 1 tasks resource profile 0
[2025-11-02T09:46:00.445+0000] {subprocess.py:106} INFO - 25/11/02 09:46:00 INFO TaskSetManager: Starting task 0.0 in stage 11.0 (TID 6) (172.30.0.7, executor 0, partition 0, NODE_LOCAL, 9331 bytes)
[2025-11-02T09:46:00.447+0000] {subprocess.py:106} INFO - 25/11/02 09:46:00 INFO BlockManagerInfo: Removed broadcast_10_piece0 on 68d0d8c522fe:42261 in memory (size: 23.5 KiB, free: 434.3 MiB)
[2025-11-02T09:46:00.495+0000] {subprocess.py:106} INFO - 25/11/02 09:46:00 INFO BlockManagerInfo: Added broadcast_11_piece0 in memory on 172.30.0.7:35853 (size: 5.9 KiB, free: 434.3 MiB)
[2025-11-02T09:46:00.519+0000] {subprocess.py:106} INFO - 25/11/02 09:46:00 INFO MapOutputTrackerMasterEndpoint: Asked to send map output locations for shuffle 3 to 172.30.0.7:33020
[2025-11-02T09:46:00.607+0000] {subprocess.py:106} INFO - 25/11/02 09:46:00 INFO TaskSetManager: Finished task 0.0 in stage 11.0 (TID 6) in 162 ms on 172.30.0.7 (executor 0) (1/1)
[2025-11-02T09:46:00.609+0000] {subprocess.py:106} INFO - 25/11/02 09:46:00 INFO TaskSchedulerImpl: Removed TaskSet 11.0, whose tasks have all completed, from pool
[2025-11-02T09:46:00.610+0000] {subprocess.py:106} INFO - 25/11/02 09:46:00 INFO DAGScheduler: ResultStage 11 (count at <unknown>:0) finished in 0.203 s
[2025-11-02T09:46:00.611+0000] {subprocess.py:106} INFO - 25/11/02 09:46:00 INFO DAGScheduler: Job 6 is finished. Cancelling potential speculative or zombie tasks for this job
[2025-11-02T09:46:00.612+0000] {subprocess.py:106} INFO - 25/11/02 09:46:00 INFO TaskSchedulerImpl: Killing all running tasks in stage 11: Stage finished
[2025-11-02T09:46:00.612+0000] {subprocess.py:106} INFO - 25/11/02 09:46:00 INFO DAGScheduler: Job 6 finished: count at <unknown>:0, took 0.213295 s
[2025-11-02T09:46:00.632+0000] {subprocess.py:106} INFO -  Record count after cleaning: 3466
[2025-11-02T09:46:00.633+0000] {subprocess.py:106} INFO - 25/11/02 09:46:00 INFO SparkContext: SparkContext is stopping with exitCode 0.
[2025-11-02T09:46:00.649+0000] {subprocess.py:106} INFO - 25/11/02 09:46:00 INFO SparkUI: Stopped Spark web UI at http://68d0d8c522fe:4040
[2025-11-02T09:46:00.662+0000] {subprocess.py:106} INFO - 25/11/02 09:46:00 INFO StandaloneSchedulerBackend: Shutting down all executors
[2025-11-02T09:46:00.663+0000] {subprocess.py:106} INFO - 25/11/02 09:46:00 INFO StandaloneSchedulerBackend$StandaloneDriverEndpoint: Asking each executor to shut down
[2025-11-02T09:46:00.694+0000] {subprocess.py:106} INFO - 25/11/02 09:46:00 INFO MapOutputTrackerMasterEndpoint: MapOutputTrackerMasterEndpoint stopped!
[2025-11-02T09:46:00.725+0000] {subprocess.py:106} INFO - 25/11/02 09:46:00 INFO MemoryStore: MemoryStore cleared
[2025-11-02T09:46:00.726+0000] {subprocess.py:106} INFO - 25/11/02 09:46:00 INFO BlockManager: BlockManager stopped
[2025-11-02T09:46:00.738+0000] {subprocess.py:106} INFO - 25/11/02 09:46:00 INFO BlockManagerMaster: BlockManagerMaster stopped
[2025-11-02T09:46:00.747+0000] {subprocess.py:106} INFO - 25/11/02 09:46:00 INFO OutputCommitCoordinator$OutputCommitCoordinatorEndpoint: OutputCommitCoordinator stopped!
[2025-11-02T09:46:00.771+0000] {subprocess.py:106} INFO - 25/11/02 09:46:00 INFO SparkContext: Successfully stopped SparkContext
[2025-11-02T09:46:00.893+0000] {subprocess.py:106} INFO - 25/11/02 09:46:00 INFO ShutdownHookManager: Shutdown hook called
[2025-11-02T09:46:00.894+0000] {subprocess.py:106} INFO - 25/11/02 09:46:00 INFO ShutdownHookManager: Deleting directory /tmp/spark-5475070a-f5a2-4974-8fa8-ed00d033e9ce
[2025-11-02T09:46:00.897+0000] {subprocess.py:106} INFO - 25/11/02 09:46:00 INFO ShutdownHookManager: Deleting directory /tmp/spark-1e444f10-bf61-4507-a815-39e5a629e3a8
[2025-11-02T09:46:00.901+0000] {subprocess.py:106} INFO - 25/11/02 09:46:00 INFO ShutdownHookManager: Deleting directory /tmp/spark-5475070a-f5a2-4974-8fa8-ed00d033e9ce/pyspark-87b785c4-3531-4421-84ec-0a7b0700f300
[2025-11-02T09:46:00.992+0000] {subprocess.py:110} INFO - Command exited with return code 0
[2025-11-02T09:46:01.057+0000] {taskinstance.py:341} INFO - ::group::Post task execution logs
[2025-11-02T09:46:01.058+0000] {taskinstance.py:353} INFO - Marking task as SUCCESS. dag_id=crawl_etl_itjob, task_id=clean_silver, run_id=scheduled__2025-10-31T02:00:00+00:00, execution_date=20251031T020000, start_date=20251102T094532, end_date=20251102T094601
[2025-11-02T09:46:01.136+0000] {local_task_job_runner.py:266} INFO - Task exited with return code 0
[2025-11-02T09:46:01.181+0000] {taskinstance.py:3901} INFO - 1 downstream tasks scheduled from follow-on schedule check
[2025-11-02T09:46:01.183+0000] {local_task_job_runner.py:245} INFO - ::endgroup::
