[2025-11-25T12:32:23.091+0000] {local_task_job_runner.py:123} INFO - ::group::Pre task execution logs
[2025-11-25T12:32:23.141+0000] {taskinstance.py:2614} INFO - Dependencies all met for dep_context=non-requeueable deps ti=<TaskInstance: crawl_etl_itjob.load_bronze scheduled__2025-11-24T02:00:00+00:00 [queued]>
[2025-11-25T12:32:23.156+0000] {taskinstance.py:2614} INFO - Dependencies all met for dep_context=requeueable deps ti=<TaskInstance: crawl_etl_itjob.load_bronze scheduled__2025-11-24T02:00:00+00:00 [queued]>
[2025-11-25T12:32:23.157+0000] {taskinstance.py:2867} INFO - Starting attempt 1 of 2
[2025-11-25T12:32:23.177+0000] {taskinstance.py:2890} INFO - Executing <Task(BashOperator): load_bronze> on 2025-11-24 02:00:00+00:00
[2025-11-25T12:32:23.184+0000] {standard_task_runner.py:72} INFO - Started process 111 to run task
[2025-11-25T12:32:23.189+0000] {standard_task_runner.py:104} INFO - Running: ['***', 'tasks', 'run', 'crawl_etl_itjob', 'load_bronze', 'scheduled__2025-11-24T02:00:00+00:00', '--job-id', '216', '--raw', '--subdir', 'DAGS_FOLDER/Crawl_ETL_ITJob.py', '--cfg-path', '/tmp/tmpr8i747nv']
[2025-11-25T12:32:23.191+0000] {standard_task_runner.py:105} INFO - Job 216: Subtask load_bronze
[2025-11-25T12:32:23.226+0000] {warnings.py:109} WARNING - /home/***/.local/lib/python3.8/site-packages/***/settings.py:209: DeprecationWarning: The sql_alchemy_conn option in [core] has been moved to the sql_alchemy_conn option in [database] - the old setting has been used, but please update your config.
  SQL_ALCHEMY_CONN = conf.get("database", "SQL_ALCHEMY_CONN")

[2025-11-25T12:32:23.328+0000] {task_command.py:467} INFO - Running <TaskInstance: crawl_etl_itjob.load_bronze scheduled__2025-11-24T02:00:00+00:00 [running]> on host a1de7f96d4f1
[2025-11-25T12:32:23.330+0000] {warnings.py:109} WARNING - /home/***/.local/lib/python3.8/site-packages/***/settings.py:470: DeprecationWarning: The sql_alchemy_conn option in [core] has been moved to the sql_alchemy_conn option in [database] - the old setting has been used, but please update your config.
  if conf.get("database", "sql_alchemy_conn") == "none://":

[2025-11-25T12:32:23.494+0000] {taskinstance.py:3134} INFO - Exporting env vars: AIRFLOW_CTX_DAG_EMAIL='alert@datateam.local' AIRFLOW_CTX_DAG_OWNER='***' AIRFLOW_CTX_DAG_ID='crawl_etl_itjob' AIRFLOW_CTX_TASK_ID='load_bronze' AIRFLOW_CTX_EXECUTION_DATE='2025-11-24T02:00:00+00:00' AIRFLOW_CTX_TRY_NUMBER='1' AIRFLOW_CTX_DAG_RUN_ID='scheduled__2025-11-24T02:00:00+00:00'
[2025-11-25T12:32:23.495+0000] {taskinstance.py:732} INFO - ::endgroup::
[2025-11-25T12:32:23.516+0000] {subprocess.py:78} INFO - Tmp dir root location: /tmp
[2025-11-25T12:32:23.517+0000] {subprocess.py:88} INFO - Running command: ['/bin/bash', '-c', "\n        docker exec spark-submit bash -c '\n        /opt/spark/bin/spark-submit         --master spark://spark-master:7077         --deploy-mode client         --packages org.apache.iceberg:iceberg-spark-runtime-3.5_2.12:1.5.0         /opt/spark/scripts/Load_Bronze.py\n        '\n        "]
[2025-11-25T12:32:23.530+0000] {subprocess.py:99} INFO - Output:
[2025-11-25T12:32:26.229+0000] {subprocess.py:106} INFO - :: loading settings :: url = jar:file:/opt/spark/jars/ivy-2.5.1.jar!/org/apache/ivy/core/settings/ivysettings.xml
[2025-11-25T12:32:26.393+0000] {subprocess.py:106} INFO - Ivy Default Cache set to: /home/spark/.ivy2/cache
[2025-11-25T12:32:26.395+0000] {subprocess.py:106} INFO - The jars for the packages stored in: /home/spark/.ivy2/jars
[2025-11-25T12:32:26.406+0000] {subprocess.py:106} INFO - org.apache.iceberg#iceberg-spark-runtime-3.5_2.12 added as a dependency
[2025-11-25T12:32:26.408+0000] {subprocess.py:106} INFO - :: resolving dependencies :: org.apache.spark#spark-submit-parent-19010311-d6df-4cf3-8f4a-c85b434f2b82;1.0
[2025-11-25T12:32:26.409+0000] {subprocess.py:106} INFO - 	confs: [default]
[2025-11-25T12:32:26.586+0000] {subprocess.py:106} INFO - 	found org.apache.iceberg#iceberg-spark-runtime-3.5_2.12;1.5.0 in central
[2025-11-25T12:32:26.613+0000] {subprocess.py:106} INFO - :: resolution report :: resolve 201ms :: artifacts dl 6ms
[2025-11-25T12:32:26.614+0000] {subprocess.py:106} INFO - 	:: modules in use:
[2025-11-25T12:32:26.615+0000] {subprocess.py:106} INFO - 	org.apache.iceberg#iceberg-spark-runtime-3.5_2.12;1.5.0 from central in [default]
[2025-11-25T12:32:26.616+0000] {subprocess.py:106} INFO - 	---------------------------------------------------------------------
[2025-11-25T12:32:26.617+0000] {subprocess.py:106} INFO - 	|                  |            modules            ||   artifacts   |
[2025-11-25T12:32:26.617+0000] {subprocess.py:106} INFO - 	|       conf       | number| search|dwnlded|evicted|| number|dwnlded|
[2025-11-25T12:32:26.618+0000] {subprocess.py:106} INFO - 	---------------------------------------------------------------------
[2025-11-25T12:32:26.619+0000] {subprocess.py:106} INFO - 	|      default     |   1   |   0   |   0   |   0   ||   1   |   0   |
[2025-11-25T12:32:26.621+0000] {subprocess.py:106} INFO - 	---------------------------------------------------------------------
[2025-11-25T12:32:26.622+0000] {subprocess.py:106} INFO - :: retrieving :: org.apache.spark#spark-submit-parent-19010311-d6df-4cf3-8f4a-c85b434f2b82
[2025-11-25T12:32:26.623+0000] {subprocess.py:106} INFO - 	confs: [default]
[2025-11-25T12:32:26.629+0000] {subprocess.py:106} INFO - 	0 artifacts copied, 1 already retrieved (0kB/7ms)
[2025-11-25T12:32:26.906+0000] {subprocess.py:106} INFO - 25/11/25 12:32:26 WARN NativeCodeLoader: Unable to load native-hadoop library for your platform... using builtin-java classes where applicable
[2025-11-25T12:32:28.206+0000] {subprocess.py:106} INFO - 25/11/25 12:32:28 INFO SparkContext: Running Spark version 3.5.3
[2025-11-25T12:32:28.211+0000] {subprocess.py:106} INFO - 25/11/25 12:32:28 INFO SparkContext: OS info Linux, 6.6.87.2-microsoft-standard-WSL2, amd64
[2025-11-25T12:32:28.212+0000] {subprocess.py:106} INFO - 25/11/25 12:32:28 INFO SparkContext: Java version 11.0.24
[2025-11-25T12:32:28.242+0000] {subprocess.py:106} INFO - 25/11/25 12:32:28 INFO ResourceUtils: ==============================================================
[2025-11-25T12:32:28.243+0000] {subprocess.py:106} INFO - 25/11/25 12:32:28 INFO ResourceUtils: No custom resources configured for spark.driver.
[2025-11-25T12:32:28.243+0000] {subprocess.py:106} INFO - 25/11/25 12:32:28 INFO ResourceUtils: ==============================================================
[2025-11-25T12:32:28.244+0000] {subprocess.py:106} INFO - 25/11/25 12:32:28 INFO SparkContext: Submitted application: Load_Bronze_Hive_Iceberg
[2025-11-25T12:32:28.283+0000] {subprocess.py:106} INFO - 25/11/25 12:32:28 INFO ResourceProfile: Default ResourceProfile created, executor resources: Map(memory -> name: memory, amount: 1024, script: , vendor: , offHeap -> name: offHeap, amount: 0, script: , vendor: ), task resources: Map(cpus -> name: cpus, amount: 1.0)
[2025-11-25T12:32:28.305+0000] {subprocess.py:106} INFO - 25/11/25 12:32:28 INFO ResourceProfile: Limiting resource is cpu
[2025-11-25T12:32:28.306+0000] {subprocess.py:106} INFO - 25/11/25 12:32:28 INFO ResourceProfileManager: Added ResourceProfile id: 0
[2025-11-25T12:32:28.395+0000] {subprocess.py:106} INFO - 25/11/25 12:32:28 INFO SecurityManager: Changing view acls to: spark
[2025-11-25T12:32:28.396+0000] {subprocess.py:106} INFO - 25/11/25 12:32:28 INFO SecurityManager: Changing modify acls to: spark
[2025-11-25T12:32:28.397+0000] {subprocess.py:106} INFO - 25/11/25 12:32:28 INFO SecurityManager: Changing view acls groups to:
[2025-11-25T12:32:28.399+0000] {subprocess.py:106} INFO - 25/11/25 12:32:28 INFO SecurityManager: Changing modify acls groups to:
[2025-11-25T12:32:28.400+0000] {subprocess.py:106} INFO - 25/11/25 12:32:28 INFO SecurityManager: SecurityManager: authentication disabled; ui acls disabled; users with view permissions: spark; groups with view permissions: EMPTY; users with modify permissions: spark; groups with modify permissions: EMPTY
[2025-11-25T12:32:28.797+0000] {subprocess.py:106} INFO - 25/11/25 12:32:28 INFO Utils: Successfully started service 'sparkDriver' on port 46413.
[2025-11-25T12:32:28.887+0000] {subprocess.py:106} INFO - 25/11/25 12:32:28 INFO SparkEnv: Registering MapOutputTracker
[2025-11-25T12:32:28.947+0000] {subprocess.py:106} INFO - 25/11/25 12:32:28 INFO SparkEnv: Registering BlockManagerMaster
[2025-11-25T12:32:28.973+0000] {subprocess.py:106} INFO - 25/11/25 12:32:28 INFO BlockManagerMasterEndpoint: Using org.apache.spark.storage.DefaultTopologyMapper for getting topology information
[2025-11-25T12:32:28.974+0000] {subprocess.py:106} INFO - 25/11/25 12:32:28 INFO BlockManagerMasterEndpoint: BlockManagerMasterEndpoint up
[2025-11-25T12:32:28.980+0000] {subprocess.py:106} INFO - 25/11/25 12:32:28 INFO SparkEnv: Registering BlockManagerMasterHeartbeat
[2025-11-25T12:32:29.013+0000] {subprocess.py:106} INFO - 25/11/25 12:32:29 INFO DiskBlockManager: Created local directory at /tmp/blockmgr-ddf50362-86ad-4527-8c82-b7c136f11e71
[2025-11-25T12:32:29.033+0000] {subprocess.py:106} INFO - 25/11/25 12:32:29 INFO MemoryStore: MemoryStore started with capacity 434.4 MiB
[2025-11-25T12:32:29.055+0000] {subprocess.py:106} INFO - 25/11/25 12:32:29 INFO SparkEnv: Registering OutputCommitCoordinator
[2025-11-25T12:32:29.252+0000] {subprocess.py:106} INFO - 25/11/25 12:32:29 INFO JettyUtils: Start Jetty 0.0.0.0:4040 for SparkUI
[2025-11-25T12:32:29.338+0000] {subprocess.py:106} INFO - 25/11/25 12:32:29 INFO Utils: Successfully started service 'SparkUI' on port 4040.
[2025-11-25T12:32:29.390+0000] {subprocess.py:106} INFO - 25/11/25 12:32:29 INFO SparkContext: Added JAR file:///home/spark/.ivy2/jars/org.apache.iceberg_iceberg-spark-runtime-3.5_2.12-1.5.0.jar at spark://68d0d8c522fe:46413/jars/org.apache.iceberg_iceberg-spark-runtime-3.5_2.12-1.5.0.jar with timestamp 1764073948191
[2025-11-25T12:32:29.395+0000] {subprocess.py:106} INFO - 25/11/25 12:32:29 INFO SparkContext: Added file file:///home/spark/.ivy2/jars/org.apache.iceberg_iceberg-spark-runtime-3.5_2.12-1.5.0.jar at spark://68d0d8c522fe:46413/files/org.apache.iceberg_iceberg-spark-runtime-3.5_2.12-1.5.0.jar with timestamp 1764073948191
[2025-11-25T12:32:29.397+0000] {subprocess.py:106} INFO - 25/11/25 12:32:29 INFO Utils: Copying /home/spark/.ivy2/jars/org.apache.iceberg_iceberg-spark-runtime-3.5_2.12-1.5.0.jar to /tmp/spark-e539177b-0059-4a0d-981e-98e615a0d674/userFiles-b2d74ce9-5a83-40e5-8495-8d2048bb0301/org.apache.iceberg_iceberg-spark-runtime-3.5_2.12-1.5.0.jar
[2025-11-25T12:32:29.740+0000] {subprocess.py:106} INFO - 25/11/25 12:32:29 INFO StandaloneAppClient$ClientEndpoint: Connecting to master spark://spark-master:7077...
[2025-11-25T12:32:29.802+0000] {subprocess.py:106} INFO - 25/11/25 12:32:29 INFO TransportClientFactory: Successfully created connection to spark-master/172.30.0.6:7077 after 37 ms (0 ms spent in bootstraps)
[2025-11-25T12:32:29.968+0000] {subprocess.py:106} INFO - 25/11/25 12:32:29 INFO StandaloneSchedulerBackend: Connected to Spark cluster with app ID app-20251125123229-0003
[2025-11-25T12:32:29.982+0000] {subprocess.py:106} INFO - 25/11/25 12:32:29 INFO StandaloneAppClient$ClientEndpoint: Executor added: app-20251125123229-0003/0 on worker-20251125115752-172.30.0.7-32983 (172.30.0.7:32983) with 1 core(s)
[2025-11-25T12:32:29.987+0000] {subprocess.py:106} INFO - 25/11/25 12:32:29 INFO StandaloneSchedulerBackend: Granted executor ID app-20251125123229-0003/0 on hostPort 172.30.0.7:32983 with 1 core(s), 1024.0 MiB RAM
[2025-11-25T12:32:29.991+0000] {subprocess.py:106} INFO - 25/11/25 12:32:29 INFO Utils: Successfully started service 'org.apache.spark.network.netty.NettyBlockTransferService' on port 46053.
[2025-11-25T12:32:29.992+0000] {subprocess.py:106} INFO - 25/11/25 12:32:29 INFO NettyBlockTransferService: Server created on 68d0d8c522fe:46053
[2025-11-25T12:32:29.993+0000] {subprocess.py:106} INFO - 25/11/25 12:32:29 INFO BlockManager: Using org.apache.spark.storage.RandomBlockReplicationPolicy for block replication policy
[2025-11-25T12:32:30.002+0000] {subprocess.py:106} INFO - 25/11/25 12:32:30 INFO BlockManagerMaster: Registering BlockManager BlockManagerId(driver, 68d0d8c522fe, 46053, None)
[2025-11-25T12:32:30.008+0000] {subprocess.py:106} INFO - 25/11/25 12:32:30 INFO BlockManagerMasterEndpoint: Registering block manager 68d0d8c522fe:46053 with 434.4 MiB RAM, BlockManagerId(driver, 68d0d8c522fe, 46053, None)
[2025-11-25T12:32:30.012+0000] {subprocess.py:106} INFO - 25/11/25 12:32:30 INFO BlockManagerMaster: Registered BlockManager BlockManagerId(driver, 68d0d8c522fe, 46053, None)
[2025-11-25T12:32:30.014+0000] {subprocess.py:106} INFO - 25/11/25 12:32:30 INFO BlockManager: Initialized BlockManager: BlockManagerId(driver, 68d0d8c522fe, 46053, None)
[2025-11-25T12:32:30.193+0000] {subprocess.py:106} INFO - 25/11/25 12:32:30 INFO StandaloneAppClient$ClientEndpoint: Executor updated: app-20251125123229-0003/0 is now RUNNING
[2025-11-25T12:32:30.351+0000] {subprocess.py:106} INFO - 25/11/25 12:32:30 INFO StandaloneSchedulerBackend: SchedulerBackend is ready for scheduling beginning after reached minRegisteredResourcesRatio: 0.0
[2025-11-25T12:32:30.799+0000] {subprocess.py:106} INFO - 25/11/25 12:32:30 INFO SharedState: Setting hive.metastore.warehouse.dir ('null') to the value of spark.sql.warehouse.dir.
[2025-11-25T12:32:30.807+0000] {subprocess.py:106} INFO - 25/11/25 12:32:30 INFO SharedState: Warehouse path is 'file:/opt/spark/work-dir/spark-warehouse'.
[2025-11-25T12:32:34.511+0000] {subprocess.py:106} INFO - 25/11/25 12:32:34 INFO InMemoryFileIndex: It took 152 ms to list leaf files for 1 paths.
[2025-11-25T12:32:34.780+0000] {subprocess.py:106} INFO - 25/11/25 12:32:34 INFO MemoryStore: Block broadcast_0 stored as values in memory (estimated size 203.7 KiB, free 434.2 MiB)
[2025-11-25T12:32:34.874+0000] {subprocess.py:106} INFO - 25/11/25 12:32:34 INFO MemoryStore: Block broadcast_0_piece0 stored as bytes in memory (estimated size 35.3 KiB, free 434.2 MiB)
[2025-11-25T12:32:34.881+0000] {subprocess.py:106} INFO - 25/11/25 12:32:34 INFO BlockManagerInfo: Added broadcast_0_piece0 in memory on 68d0d8c522fe:46053 (size: 35.3 KiB, free: 434.4 MiB)
[2025-11-25T12:32:34.890+0000] {subprocess.py:106} INFO - 25/11/25 12:32:34 INFO SparkContext: Created broadcast 0 from csv at <unknown>:0
[2025-11-25T12:32:35.447+0000] {subprocess.py:106} INFO - 25/11/25 12:32:35 INFO StandaloneSchedulerBackend$StandaloneDriverEndpoint: Registered executor NettyRpcEndpointRef(spark-client://Executor) (172.30.0.7:51760) with ID 0,  ResourceProfileId 0
[2025-11-25T12:32:35.640+0000] {subprocess.py:106} INFO - 25/11/25 12:32:35 INFO FileInputFormat: Total input files to process : 1
[2025-11-25T12:32:35.655+0000] {subprocess.py:106} INFO - 25/11/25 12:32:35 INFO FileInputFormat: Total input files to process : 1
[2025-11-25T12:32:35.666+0000] {subprocess.py:106} INFO - 25/11/25 12:32:35 INFO BlockManagerMasterEndpoint: Registering block manager 172.30.0.7:33623 with 434.4 MiB RAM, BlockManagerId(0, 172.30.0.7, 33623, None)
[2025-11-25T12:32:35.808+0000] {subprocess.py:106} INFO - 25/11/25 12:32:35 INFO SparkContext: Starting job: csv at <unknown>:0
[2025-11-25T12:32:35.861+0000] {subprocess.py:106} INFO - 25/11/25 12:32:35 INFO DAGScheduler: Got job 0 (csv at <unknown>:0) with 1 output partitions
[2025-11-25T12:32:35.863+0000] {subprocess.py:106} INFO - 25/11/25 12:32:35 INFO DAGScheduler: Final stage: ResultStage 0 (csv at <unknown>:0)
[2025-11-25T12:32:35.864+0000] {subprocess.py:106} INFO - 25/11/25 12:32:35 INFO DAGScheduler: Parents of final stage: List()
[2025-11-25T12:32:35.870+0000] {subprocess.py:106} INFO - 25/11/25 12:32:35 INFO DAGScheduler: Missing parents: List()
[2025-11-25T12:32:35.882+0000] {subprocess.py:106} INFO - 25/11/25 12:32:35 INFO DAGScheduler: Submitting ResultStage 0 (MapPartitionsRDD[2] at csv at <unknown>:0), which has no missing parents
[2025-11-25T12:32:35.969+0000] {subprocess.py:106} INFO - 25/11/25 12:32:35 INFO MemoryStore: Block broadcast_1 stored as values in memory (estimated size 7.6 KiB, free 434.2 MiB)
[2025-11-25T12:32:35.976+0000] {subprocess.py:106} INFO - 25/11/25 12:32:35 INFO MemoryStore: Block broadcast_1_piece0 stored as bytes in memory (estimated size 4.4 KiB, free 434.2 MiB)
[2025-11-25T12:32:35.978+0000] {subprocess.py:106} INFO - 25/11/25 12:32:35 INFO BlockManagerInfo: Added broadcast_1_piece0 in memory on 68d0d8c522fe:46053 (size: 4.4 KiB, free: 434.4 MiB)
[2025-11-25T12:32:35.982+0000] {subprocess.py:106} INFO - 25/11/25 12:32:35 INFO SparkContext: Created broadcast 1 from broadcast at DAGScheduler.scala:1585
[2025-11-25T12:32:36.038+0000] {subprocess.py:106} INFO - 25/11/25 12:32:36 INFO DAGScheduler: Submitting 1 missing tasks from ResultStage 0 (MapPartitionsRDD[2] at csv at <unknown>:0) (first 15 tasks are for partitions Vector(0))
[2025-11-25T12:32:36.041+0000] {subprocess.py:106} INFO - 25/11/25 12:32:36 INFO TaskSchedulerImpl: Adding task set 0.0 with 1 tasks resource profile 0
[2025-11-25T12:32:37.390+0000] {subprocess.py:106} INFO - 25/11/25 12:32:37 INFO TaskSetManager: Starting task 0.0 in stage 0.0 (TID 0) (172.30.0.7, executor 0, partition 0, PROCESS_LOCAL, 9484 bytes)
[2025-11-25T12:32:37.816+0000] {subprocess.py:106} INFO - 25/11/25 12:32:37 INFO BlockManagerInfo: Added broadcast_1_piece0 in memory on 172.30.0.7:33623 (size: 4.4 KiB, free: 434.4 MiB)
[2025-11-25T12:32:38.151+0000] {subprocess.py:106} INFO - 25/11/25 12:32:38 INFO BlockManagerInfo: Added broadcast_0_piece0 in memory on 172.30.0.7:33623 (size: 35.3 KiB, free: 434.4 MiB)
[2025-11-25T12:32:39.393+0000] {subprocess.py:106} INFO - 25/11/25 12:32:39 INFO TaskSetManager: Finished task 0.0 in stage 0.0 (TID 0) in 2021 ms on 172.30.0.7 (executor 0) (1/1)
[2025-11-25T12:32:39.396+0000] {subprocess.py:106} INFO - 25/11/25 12:32:39 INFO TaskSchedulerImpl: Removed TaskSet 0.0, whose tasks have all completed, from pool
[2025-11-25T12:32:39.406+0000] {subprocess.py:106} INFO - 25/11/25 12:32:39 INFO DAGScheduler: ResultStage 0 (csv at <unknown>:0) finished in 3.469 s
[2025-11-25T12:32:39.415+0000] {subprocess.py:106} INFO - 25/11/25 12:32:39 INFO DAGScheduler: Job 0 is finished. Cancelling potential speculative or zombie tasks for this job
[2025-11-25T12:32:39.417+0000] {subprocess.py:106} INFO - 25/11/25 12:32:39 INFO TaskSchedulerImpl: Killing all running tasks in stage 0: Stage finished
[2025-11-25T12:32:39.420+0000] {subprocess.py:106} INFO - 25/11/25 12:32:39 INFO DAGScheduler: Job 0 finished: csv at <unknown>:0, took 3.613283 s
[2025-11-25T12:32:40.096+0000] {subprocess.py:106} INFO - 25/11/25 12:32:40 INFO BlockManagerInfo: Removed broadcast_1_piece0 on 68d0d8c522fe:46053 in memory (size: 4.4 KiB, free: 434.4 MiB)
[2025-11-25T12:32:40.120+0000] {subprocess.py:106} INFO - 25/11/25 12:32:40 INFO BlockManagerInfo: Removed broadcast_1_piece0 on 172.30.0.7:33623 in memory (size: 4.4 KiB, free: 434.4 MiB)
[2025-11-25T12:32:40.151+0000] {subprocess.py:106} INFO - 25/11/25 12:32:40 INFO BlockManagerInfo: Removed broadcast_0_piece0 on 68d0d8c522fe:46053 in memory (size: 35.3 KiB, free: 434.4 MiB)
[2025-11-25T12:32:40.157+0000] {subprocess.py:106} INFO - 25/11/25 12:32:40 INFO BlockManagerInfo: Removed broadcast_0_piece0 on 172.30.0.7:33623 in memory (size: 35.3 KiB, free: 434.4 MiB)
[2025-11-25T12:32:41.921+0000] {subprocess.py:106} INFO - 25/11/25 12:32:41 INFO FileSourceStrategy: Pushed Filters:
[2025-11-25T12:32:41.923+0000] {subprocess.py:106} INFO - 25/11/25 12:32:41 INFO FileSourceStrategy: Post-Scan Filters:
[2025-11-25T12:32:32.414+0000] {subprocess.py:106} INFO - 25/11/25 12:32:32 INFO CodeGenerator: Code generated in 552.088097 ms
[2025-11-25T12:32:32.431+0000] {subprocess.py:106} INFO - 25/11/25 12:32:32 INFO MemoryStore: Block broadcast_2 stored as values in memory (estimated size 203.1 KiB, free 434.2 MiB)
[2025-11-25T12:32:32.470+0000] {subprocess.py:106} INFO - 25/11/25 12:32:32 INFO MemoryStore: Block broadcast_2_piece0 stored as bytes in memory (estimated size 35.1 KiB, free 434.2 MiB)
[2025-11-25T12:32:32.472+0000] {subprocess.py:106} INFO - 25/11/25 12:32:32 INFO BlockManagerInfo: Added broadcast_2_piece0 in memory on 68d0d8c522fe:46053 (size: 35.1 KiB, free: 434.4 MiB)
[2025-11-25T12:32:32.482+0000] {subprocess.py:106} INFO - 25/11/25 12:32:32 INFO SparkContext: Created broadcast 2 from count at <unknown>:0
[2025-11-25T12:32:32.504+0000] {subprocess.py:106} INFO - 25/11/25 12:32:32 INFO FileSourceScanExec: Planning scan with bin packing, max size: 4194304 bytes, open cost is considered as scanning 4194304 bytes.
[2025-11-25T12:32:32.602+0000] {subprocess.py:106} INFO - 25/11/25 12:32:32 INFO DAGScheduler: Registering RDD 7 (count at <unknown>:0) as input to shuffle 0
[2025-11-25T12:32:43.807+0000] {subprocess.py:106} INFO - 25/11/25 12:32:43 INFO DAGScheduler: Got map stage job 1 (count at <unknown>:0) with 1 output partitions
[2025-11-25T12:32:43.808+0000] {subprocess.py:106} INFO - 25/11/25 12:32:43 INFO DAGScheduler: Final stage: ShuffleMapStage 1 (count at <unknown>:0)
[2025-11-25T12:32:43.810+0000] {subprocess.py:106} INFO - 25/11/25 12:32:43 INFO DAGScheduler: Parents of final stage: List()
[2025-11-25T12:32:43.813+0000] {subprocess.py:106} INFO - 25/11/25 12:32:43 INFO DAGScheduler: Missing parents: List()
[2025-11-25T12:32:43.819+0000] {subprocess.py:106} INFO - 25/11/25 12:32:43 INFO DAGScheduler: Submitting ShuffleMapStage 1 (MapPartitionsRDD[7] at count at <unknown>:0), which has no missing parents
[2025-11-25T12:32:43.904+0000] {subprocess.py:106} INFO - 25/11/25 12:32:43 INFO MemoryStore: Block broadcast_3 stored as values in memory (estimated size 18.0 KiB, free 434.1 MiB)
[2025-11-25T12:32:43.907+0000] {subprocess.py:106} INFO - 25/11/25 12:32:43 INFO MemoryStore: Block broadcast_3_piece0 stored as bytes in memory (estimated size 8.9 KiB, free 434.1 MiB)
[2025-11-25T12:32:43.910+0000] {subprocess.py:106} INFO - 25/11/25 12:32:43 INFO BlockManagerInfo: Added broadcast_3_piece0 in memory on 68d0d8c522fe:46053 (size: 8.9 KiB, free: 434.4 MiB)
[2025-11-25T12:32:43.911+0000] {subprocess.py:106} INFO - 25/11/25 12:32:43 INFO SparkContext: Created broadcast 3 from broadcast at DAGScheduler.scala:1585
[2025-11-25T12:32:43.914+0000] {subprocess.py:106} INFO - 25/11/25 12:32:43 INFO DAGScheduler: Submitting 1 missing tasks from ShuffleMapStage 1 (MapPartitionsRDD[7] at count at <unknown>:0) (first 15 tasks are for partitions Vector(0))
[2025-11-25T12:32:43.915+0000] {subprocess.py:106} INFO - 25/11/25 12:32:43 INFO TaskSchedulerImpl: Adding task set 1.0 with 1 tasks resource profile 0
[2025-11-25T12:32:43.930+0000] {subprocess.py:106} INFO - 25/11/25 12:32:43 INFO TaskSetManager: Starting task 0.0 in stage 1.0 (TID 1) (172.30.0.7, executor 0, partition 0, ANY, 9944 bytes)
[2025-11-25T12:32:44.003+0000] {subprocess.py:106} INFO - 25/11/25 12:32:44 INFO BlockManagerInfo: Added broadcast_3_piece0 in memory on 172.30.0.7:33623 (size: 8.9 KiB, free: 434.4 MiB)
[2025-11-25T12:32:45.320+0000] {subprocess.py:106} INFO - 25/11/25 12:32:45 INFO BlockManagerInfo: Added broadcast_2_piece0 in memory on 172.30.0.7:33623 (size: 35.1 KiB, free: 434.4 MiB)
[2025-11-25T12:32:45.551+0000] {subprocess.py:106} INFO - 25/11/25 12:32:45 INFO TaskSetManager: Finished task 0.0 in stage 1.0 (TID 1) in 1628 ms on 172.30.0.7 (executor 0) (1/1)
[2025-11-25T12:32:45.552+0000] {subprocess.py:106} INFO - 25/11/25 12:32:45 INFO TaskSchedulerImpl: Removed TaskSet 1.0, whose tasks have all completed, from pool
[2025-11-25T12:32:45.555+0000] {subprocess.py:106} INFO - 25/11/25 12:32:45 INFO DAGScheduler: ShuffleMapStage 1 (count at <unknown>:0) finished in 1.726 s
[2025-11-25T12:32:45.556+0000] {subprocess.py:106} INFO - 25/11/25 12:32:45 INFO DAGScheduler: looking for newly runnable stages
[2025-11-25T12:32:45.557+0000] {subprocess.py:106} INFO - 25/11/25 12:32:45 INFO DAGScheduler: running: Set()
[2025-11-25T12:32:45.558+0000] {subprocess.py:106} INFO - 25/11/25 12:32:45 INFO DAGScheduler: waiting: Set()
[2025-11-25T12:32:45.559+0000] {subprocess.py:106} INFO - 25/11/25 12:32:45 INFO DAGScheduler: failed: Set()
[2025-11-25T12:32:45.662+0000] {subprocess.py:106} INFO - 25/11/25 12:32:45 INFO CodeGenerator: Code generated in 25.380398 ms
[2025-11-25T12:32:45.699+0000] {subprocess.py:106} INFO - 25/11/25 12:32:45 INFO SparkContext: Starting job: count at <unknown>:0
[2025-11-25T12:32:45.703+0000] {subprocess.py:106} INFO - 25/11/25 12:32:45 INFO DAGScheduler: Got job 2 (count at <unknown>:0) with 1 output partitions
[2025-11-25T12:32:45.704+0000] {subprocess.py:106} INFO - 25/11/25 12:32:45 INFO DAGScheduler: Final stage: ResultStage 3 (count at <unknown>:0)
[2025-11-25T12:32:45.705+0000] {subprocess.py:106} INFO - 25/11/25 12:32:45 INFO DAGScheduler: Parents of final stage: List(ShuffleMapStage 2)
[2025-11-25T12:32:45.706+0000] {subprocess.py:106} INFO - 25/11/25 12:32:45 INFO DAGScheduler: Missing parents: List()
[2025-11-25T12:32:45.707+0000] {subprocess.py:106} INFO - 25/11/25 12:32:45 INFO DAGScheduler: Submitting ResultStage 3 (MapPartitionsRDD[10] at count at <unknown>:0), which has no missing parents
[2025-11-25T12:32:45.717+0000] {subprocess.py:106} INFO - 25/11/25 12:32:45 INFO MemoryStore: Block broadcast_4 stored as values in memory (estimated size 12.5 KiB, free 434.1 MiB)
[2025-11-25T12:32:45.723+0000] {subprocess.py:106} INFO - 25/11/25 12:32:45 INFO MemoryStore: Block broadcast_4_piece0 stored as bytes in memory (estimated size 5.9 KiB, free 434.1 MiB)
[2025-11-25T12:32:45.724+0000] {subprocess.py:106} INFO - 25/11/25 12:32:45 INFO BlockManagerInfo: Added broadcast_4_piece0 in memory on 68d0d8c522fe:46053 (size: 5.9 KiB, free: 434.4 MiB)
[2025-11-25T12:32:45.726+0000] {subprocess.py:106} INFO - 25/11/25 12:32:45 INFO SparkContext: Created broadcast 4 from broadcast at DAGScheduler.scala:1585
[2025-11-25T12:32:45.727+0000] {subprocess.py:106} INFO - 25/11/25 12:32:45 INFO DAGScheduler: Submitting 1 missing tasks from ResultStage 3 (MapPartitionsRDD[10] at count at <unknown>:0) (first 15 tasks are for partitions Vector(0))
[2025-11-25T12:32:45.728+0000] {subprocess.py:106} INFO - 25/11/25 12:32:45 INFO TaskSchedulerImpl: Adding task set 3.0 with 1 tasks resource profile 0
[2025-11-25T12:32:45.734+0000] {subprocess.py:106} INFO - 25/11/25 12:32:45 INFO TaskSetManager: Starting task 0.0 in stage 3.0 (TID 2) (172.30.0.7, executor 0, partition 0, NODE_LOCAL, 9331 bytes)
[2025-11-25T12:32:45.766+0000] {subprocess.py:106} INFO - 25/11/25 12:32:45 INFO BlockManagerInfo: Added broadcast_4_piece0 in memory on 172.30.0.7:33623 (size: 5.9 KiB, free: 434.4 MiB)
[2025-11-25T12:32:45.817+0000] {subprocess.py:106} INFO - 25/11/25 12:32:45 INFO MapOutputTrackerMasterEndpoint: Asked to send map output locations for shuffle 0 to 172.30.0.7:51760
[2025-11-25T12:32:46.025+0000] {subprocess.py:106} INFO - 25/11/25 12:32:46 INFO TaskSetManager: Finished task 0.0 in stage 3.0 (TID 2) in 292 ms on 172.30.0.7 (executor 0) (1/1)
[2025-11-25T12:32:46.026+0000] {subprocess.py:106} INFO - 25/11/25 12:32:46 INFO TaskSchedulerImpl: Removed TaskSet 3.0, whose tasks have all completed, from pool
[2025-11-25T12:32:46.033+0000] {subprocess.py:106} INFO - 25/11/25 12:32:46 INFO DAGScheduler: ResultStage 3 (count at <unknown>:0) finished in 0.313 s
[2025-11-25T12:32:46.034+0000] {subprocess.py:106} INFO - 25/11/25 12:32:46 INFO DAGScheduler: Job 2 is finished. Cancelling potential speculative or zombie tasks for this job
[2025-11-25T12:32:46.035+0000] {subprocess.py:106} INFO - 25/11/25 12:32:46 INFO TaskSchedulerImpl: Killing all running tasks in stage 3: Stage finished
[2025-11-25T12:32:46.036+0000] {subprocess.py:106} INFO - 25/11/25 12:32:46 INFO DAGScheduler: Job 2 finished: count at <unknown>:0, took 0.329395 s
[2025-11-25T12:32:46.045+0000] {subprocess.py:106} INFO -  Record loaded from CSV: 4726
[2025-11-25T12:32:46.049+0000] {subprocess.py:106} INFO - root
[2025-11-25T12:32:46.050+0000] {subprocess.py:106} INFO -  |-- job_title: string (nullable = true)
[2025-11-25T12:32:46.051+0000] {subprocess.py:106} INFO -  |-- company_name: string (nullable = true)
[2025-11-25T12:32:46.052+0000] {subprocess.py:106} INFO -  |-- location: string (nullable = true)
[2025-11-25T12:32:46.053+0000] {subprocess.py:106} INFO -  |-- skills_required: string (nullable = true)
[2025-11-25T12:32:46.054+0000] {subprocess.py:106} INFO -  |-- date_posted: string (nullable = true)
[2025-11-25T12:32:46.055+0000] {subprocess.py:106} INFO -  |-- job_link: string (nullable = true)
[2025-11-25T12:32:46.055+0000] {subprocess.py:106} INFO -  |-- job_category: string (nullable = true)
[2025-11-25T12:32:46.057+0000] {subprocess.py:106} INFO -  |-- work_mode: string (nullable = true)
[2025-11-25T12:32:46.060+0000] {subprocess.py:106} INFO -  |-- crawl_date: string (nullable = true)
[2025-11-25T12:32:46.061+0000] {subprocess.py:106} INFO -  |-- date_only: string (nullable = true)
[2025-11-25T12:32:46.062+0000] {subprocess.py:106} INFO - 
[2025-11-25T12:32:46.605+0000] {subprocess.py:106} INFO - 25/11/25 12:32:46 INFO HiveConf: Found configuration file null
[2025-11-25T12:32:46.809+0000] {subprocess.py:106} INFO - 25/11/25 12:32:46 INFO BlockManagerInfo: Removed broadcast_4_piece0 on 68d0d8c522fe:46053 in memory (size: 5.9 KiB, free: 434.4 MiB)
[2025-11-25T12:32:46.815+0000] {subprocess.py:106} INFO - 25/11/25 12:32:46 INFO BlockManagerInfo: Removed broadcast_4_piece0 on 172.30.0.7:33623 in memory (size: 5.9 KiB, free: 434.4 MiB)
[2025-11-25T12:32:46.839+0000] {subprocess.py:106} INFO - 25/11/25 12:32:46 INFO BlockManagerInfo: Removed broadcast_2_piece0 on 68d0d8c522fe:46053 in memory (size: 35.1 KiB, free: 434.4 MiB)
[2025-11-25T12:32:46.844+0000] {subprocess.py:106} INFO - 25/11/25 12:32:46 INFO BlockManagerInfo: Removed broadcast_2_piece0 on 172.30.0.7:33623 in memory (size: 35.1 KiB, free: 434.4 MiB)
[2025-11-25T12:32:46.867+0000] {subprocess.py:106} INFO - 25/11/25 12:32:46 INFO BlockManagerInfo: Removed broadcast_3_piece0 on 68d0d8c522fe:46053 in memory (size: 8.9 KiB, free: 434.4 MiB)
[2025-11-25T12:32:46.872+0000] {subprocess.py:106} INFO - 25/11/25 12:32:46 INFO BlockManagerInfo: Removed broadcast_3_piece0 on 172.30.0.7:33623 in memory (size: 8.9 KiB, free: 434.4 MiB)
[2025-11-25T12:32:46.918+0000] {subprocess.py:106} INFO - 25/11/25 12:32:46 INFO metastore: Trying to connect to metastore with URI thrift://hive-metastore:9083
[2025-11-25T12:32:46.961+0000] {subprocess.py:106} INFO - 25/11/25 12:32:46 INFO metastore: Opened a connection to metastore, current connections: 1
[2025-11-25T12:32:47.028+0000] {subprocess.py:106} INFO - 25/11/25 12:32:47 INFO metastore: Connected to metastore.
[2025-11-25T12:32:47.811+0000] {subprocess.py:106} INFO - 25/11/25 12:32:47 INFO BaseMetastoreTableOperations: Refreshing table metadata from new version: hdfs://dinhhoa-master:9000/user/ndh/warehouse/bronze.db/it_jobs_raw/metadata/00026-fe33938e-a963-4bb2-998f-55eb7170e5c9.metadata.json
[2025-11-25T12:32:48.354+0000] {subprocess.py:106} INFO - 25/11/25 12:32:48 INFO BaseMetastoreCatalog: Table loaded by catalog: hive_catalog.bronze.it_jobs_raw
[2025-11-25T12:32:48.710+0000] {subprocess.py:106} INFO - 25/11/25 12:32:48 INFO V2ScanRelationPushDown:
[2025-11-25T12:32:48.711+0000] {subprocess.py:106} INFO - Pushing operators to hive_catalog.bronze.it_jobs_raw
[2025-11-25T12:32:48.712+0000] {subprocess.py:106} INFO - Pushed Filters: job_link IS NOT NULL
[2025-11-25T12:32:48.713+0000] {subprocess.py:106} INFO - Post-Scan Filters: isnotnull(job_link#66)
[2025-11-25T12:32:48.714+0000] {subprocess.py:106} INFO - 
[2025-11-25T12:32:48.772+0000] {subprocess.py:106} INFO - 25/11/25 12:32:48 INFO V2ScanRelationPushDown:
[2025-11-25T12:32:48.772+0000] {subprocess.py:106} INFO - Output: job_link#66
[2025-11-25T12:32:48.773+0000] {subprocess.py:106} INFO - 
[2025-11-25T12:32:48.803+0000] {subprocess.py:106} INFO - 25/11/25 12:32:48 INFO SnapshotScan: Scanning table hive_catalog.bronze.it_jobs_raw snapshot 804080356627015663 created at 2025-11-25T12:14:46.915+00:00 with filter job_link IS NOT NULL
[2025-11-25T12:32:49.116+0000] {subprocess.py:106} INFO - 25/11/25 12:32:49 INFO BaseDistributedDataScan: Planning file tasks locally for table hive_catalog.bronze.it_jobs_raw
[2025-11-25T12:32:49.480+0000] {subprocess.py:106} INFO - 25/11/25 12:32:49 INFO SparkPartitioningAwareScan: Reporting UnknownPartitioning with 7 partition(s) for table hive_catalog.bronze.it_jobs_raw
[2025-11-25T12:32:49.566+0000] {subprocess.py:106} INFO - 25/11/25 12:32:49 INFO FileSourceStrategy: Pushed Filters:
[2025-11-25T12:32:49.567+0000] {subprocess.py:106} INFO - 25/11/25 12:32:49 INFO FileSourceStrategy: Post-Scan Filters:
[2025-11-25T12:32:49.586+0000] {subprocess.py:106} INFO - 25/11/25 12:32:49 INFO MemoryStore: Block broadcast_5 stored as values in memory (estimated size 32.0 KiB, free 434.4 MiB)
[2025-11-25T12:32:49.612+0000] {subprocess.py:106} INFO - 25/11/25 12:32:49 INFO MemoryStore: Block broadcast_5_piece0 stored as bytes in memory (estimated size 29.7 KiB, free 434.3 MiB)
[2025-11-25T12:32:49.614+0000] {subprocess.py:106} INFO - 25/11/25 12:32:49 INFO BlockManagerInfo: Added broadcast_5_piece0 in memory on 68d0d8c522fe:46053 (size: 29.7 KiB, free: 434.4 MiB)
[2025-11-25T12:32:49.615+0000] {subprocess.py:106} INFO - 25/11/25 12:32:49 INFO SparkContext: Created broadcast 5 from broadcast at SparkBatch.java:79
[2025-11-25T12:32:49.672+0000] {subprocess.py:106} INFO - 25/11/25 12:32:49 INFO MemoryStore: Block broadcast_6 stored as values in memory (estimated size 32.0 KiB, free 434.3 MiB)
[2025-11-25T12:32:49.689+0000] {subprocess.py:106} INFO - 25/11/25 12:32:49 INFO MemoryStore: Block broadcast_6_piece0 stored as bytes in memory (estimated size 29.7 KiB, free 434.3 MiB)
[2025-11-25T12:32:49.692+0000] {subprocess.py:106} INFO - 25/11/25 12:32:49 INFO BlockManagerInfo: Added broadcast_6_piece0 in memory on 68d0d8c522fe:46053 (size: 29.7 KiB, free: 434.3 MiB)
[2025-11-25T12:32:49.693+0000] {subprocess.py:106} INFO - 25/11/25 12:32:49 INFO SparkContext: Created broadcast 6 from broadcast at SparkBatch.java:79
[2025-11-25T12:32:49.883+0000] {subprocess.py:106} INFO - 25/11/25 12:32:49 INFO CodeGenerator: Code generated in 33.189219 ms
[2025-11-25T12:32:49.926+0000] {subprocess.py:106} INFO - 25/11/25 12:32:49 INFO SparkContext: Starting job: $anonfun$withThreadLocalCaptured$1 at <unknown>:0
[2025-11-25T12:32:49.929+0000] {subprocess.py:106} INFO - 25/11/25 12:32:49 INFO DAGScheduler: Got job 3 ($anonfun$withThreadLocalCaptured$1 at <unknown>:0) with 7 output partitions
[2025-11-25T12:32:49.931+0000] {subprocess.py:106} INFO - 25/11/25 12:32:49 INFO DAGScheduler: Final stage: ResultStage 4 ($anonfun$withThreadLocalCaptured$1 at <unknown>:0)
[2025-11-25T12:32:49.932+0000] {subprocess.py:106} INFO - 25/11/25 12:32:49 INFO DAGScheduler: Parents of final stage: List()
[2025-11-25T12:32:49.932+0000] {subprocess.py:106} INFO - 25/11/25 12:32:49 INFO DAGScheduler: Missing parents: List()
[2025-11-25T12:32:49.933+0000] {subprocess.py:106} INFO - 25/11/25 12:32:49 INFO DAGScheduler: Submitting ResultStage 4 (MapPartitionsRDD[14] at $anonfun$withThreadLocalCaptured$1 at <unknown>:0), which has no missing parents
[2025-11-25T12:32:49.936+0000] {subprocess.py:106} INFO - 25/11/25 12:32:49 INFO MemoryStore: Block broadcast_7 stored as values in memory (estimated size 13.7 KiB, free 434.3 MiB)
[2025-11-25T12:32:49.954+0000] {subprocess.py:106} INFO - 25/11/25 12:32:49 INFO MemoryStore: Block broadcast_7_piece0 stored as bytes in memory (estimated size 5.5 KiB, free 434.3 MiB)
[2025-11-25T12:32:49.956+0000] {subprocess.py:106} INFO - 25/11/25 12:32:49 INFO BlockManagerInfo: Added broadcast_7_piece0 in memory on 68d0d8c522fe:46053 (size: 5.5 KiB, free: 434.3 MiB)
[2025-11-25T12:32:49.960+0000] {subprocess.py:106} INFO - 25/11/25 12:32:49 INFO SparkContext: Created broadcast 7 from broadcast at DAGScheduler.scala:1585
[2025-11-25T12:32:49.961+0000] {subprocess.py:106} INFO - 25/11/25 12:32:49 INFO DAGScheduler: Submitting 7 missing tasks from ResultStage 4 (MapPartitionsRDD[14] at $anonfun$withThreadLocalCaptured$1 at <unknown>:0) (first 15 tasks are for partitions Vector(0, 1, 2, 3, 4, 5, 6))
[2025-11-25T12:32:49.962+0000] {subprocess.py:106} INFO - 25/11/25 12:32:49 INFO TaskSchedulerImpl: Adding task set 4.0 with 7 tasks resource profile 0
[2025-11-25T12:32:49.985+0000] {subprocess.py:106} INFO - 25/11/25 12:32:49 INFO TaskSetManager: Starting task 0.0 in stage 4.0 (TID 3) (172.30.0.7, executor 0, partition 0, ANY, 15752 bytes)
[2025-11-25T12:32:50.588+0000] {subprocess.py:106} INFO - 25/11/25 12:32:50 INFO BlockManagerInfo: Added broadcast_7_piece0 in memory on 172.30.0.7:33623 (size: 5.5 KiB, free: 434.4 MiB)
[2025-11-25T12:32:50.672+0000] {subprocess.py:106} INFO - 25/11/25 12:32:50 INFO BlockManagerInfo: Added broadcast_6_piece0 in memory on 172.30.0.7:33623 (size: 29.7 KiB, free: 434.4 MiB)
[2025-11-25T12:32:52.328+0000] {subprocess.py:106} INFO - 25/11/25 12:32:52 INFO TaskSetManager: Starting task 1.0 in stage 4.0 (TID 4) (172.30.0.7, executor 0, partition 1, ANY, 15762 bytes)
[2025-11-25T12:32:52.330+0000] {subprocess.py:106} INFO - 25/11/25 12:32:52 INFO TaskSetManager: Finished task 0.0 in stage 4.0 (TID 3) in 2367 ms on 172.30.0.7 (executor 0) (1/7)
[2025-11-25T12:32:52.687+0000] {subprocess.py:106} INFO - 25/11/25 12:32:52 INFO TaskSetManager: Starting task 2.0 in stage 4.0 (TID 5) (172.30.0.7, executor 0, partition 2, ANY, 15762 bytes)
[2025-11-25T12:32:52.689+0000] {subprocess.py:106} INFO - 25/11/25 12:32:52 INFO TaskSetManager: Finished task 1.0 in stage 4.0 (TID 4) in 366 ms on 172.30.0.7 (executor 0) (2/7)
[2025-11-25T12:32:53.034+0000] {subprocess.py:106} INFO - 25/11/25 12:32:53 INFO TaskSetManager: Starting task 3.0 in stage 4.0 (TID 6) (172.30.0.7, executor 0, partition 3, ANY, 15762 bytes)
[2025-11-25T12:32:53.036+0000] {subprocess.py:106} INFO - 25/11/25 12:32:53 INFO TaskSetManager: Finished task 2.0 in stage 4.0 (TID 5) in 350 ms on 172.30.0.7 (executor 0) (3/7)
[2025-11-25T12:32:53.618+0000] {subprocess.py:106} INFO - 25/11/25 12:32:53 INFO TaskSetManager: Starting task 4.0 in stage 4.0 (TID 7) (172.30.0.7, executor 0, partition 4, ANY, 15762 bytes)
[2025-11-25T12:32:53.622+0000] {subprocess.py:106} INFO - 25/11/25 12:32:53 INFO TaskSetManager: Finished task 3.0 in stage 4.0 (TID 6) in 587 ms on 172.30.0.7 (executor 0) (4/7)
[2025-11-25T12:32:53.980+0000] {subprocess.py:106} INFO - 25/11/25 12:32:53 INFO TaskSetManager: Starting task 5.0 in stage 4.0 (TID 8) (172.30.0.7, executor 0, partition 5, ANY, 15762 bytes)
[2025-11-25T12:32:53.982+0000] {subprocess.py:106} INFO - 25/11/25 12:32:53 INFO TaskSetManager: Finished task 4.0 in stage 4.0 (TID 7) in 366 ms on 172.30.0.7 (executor 0) (5/7)
[2025-11-25T12:32:54.354+0000] {subprocess.py:106} INFO - 25/11/25 12:32:54 INFO TaskSetManager: Starting task 6.0 in stage 4.0 (TID 9) (172.30.0.7, executor 0, partition 6, ANY, 15285 bytes)
[2025-11-25T12:32:54.355+0000] {subprocess.py:106} INFO - 25/11/25 12:32:54 INFO TaskSetManager: Finished task 5.0 in stage 4.0 (TID 8) in 378 ms on 172.30.0.7 (executor 0) (6/7)
[2025-11-25T12:32:54.615+0000] {subprocess.py:106} INFO - 25/11/25 12:32:54 INFO TaskSetManager: Finished task 6.0 in stage 4.0 (TID 9) in 261 ms on 172.30.0.7 (executor 0) (7/7)
[2025-11-25T12:32:54.617+0000] {subprocess.py:106} INFO - 25/11/25 12:32:54 INFO TaskSchedulerImpl: Removed TaskSet 4.0, whose tasks have all completed, from pool
[2025-11-25T12:32:54.624+0000] {subprocess.py:106} INFO - 25/11/25 12:32:54 INFO DAGScheduler: ResultStage 4 ($anonfun$withThreadLocalCaptured$1 at <unknown>:0) finished in 4.683 s
[2025-11-25T12:32:54.625+0000] {subprocess.py:106} INFO - 25/11/25 12:32:54 INFO DAGScheduler: Job 3 is finished. Cancelling potential speculative or zombie tasks for this job
[2025-11-25T12:32:54.626+0000] {subprocess.py:106} INFO - 25/11/25 12:32:54 INFO TaskSchedulerImpl: Killing all running tasks in stage 4: Stage finished
[2025-11-25T12:32:54.627+0000] {subprocess.py:106} INFO - 25/11/25 12:32:54 INFO DAGScheduler: Job 3 finished: $anonfun$withThreadLocalCaptured$1 at <unknown>:0, took 4.692082 s
[2025-11-25T12:32:54.668+0000] {subprocess.py:106} INFO - 25/11/25 12:32:54 INFO CodeGenerator: Code generated in 15.520563 ms
[2025-11-25T12:32:54.746+0000] {subprocess.py:106} INFO - 25/11/25 12:32:54 INFO BlockManagerInfo: Removed broadcast_7_piece0 on 172.30.0.7:33623 in memory (size: 5.5 KiB, free: 434.4 MiB)
[2025-11-25T12:32:54.750+0000] {subprocess.py:106} INFO - 25/11/25 12:32:54 INFO BlockManagerInfo: Removed broadcast_7_piece0 on 68d0d8c522fe:46053 in memory (size: 5.5 KiB, free: 434.3 MiB)
[2025-11-25T12:32:54.750+0000] {subprocess.py:106} INFO - 25/11/25 12:32:54 INFO MemoryStore: Block broadcast_8_piece0 stored as bytes in memory (estimated size 277.0 KiB, free 434.0 MiB)
[2025-11-25T12:32:54.751+0000] {subprocess.py:106} INFO - 25/11/25 12:32:54 INFO BlockManagerInfo: Added broadcast_8_piece0 in memory on 68d0d8c522fe:46053 (size: 277.0 KiB, free: 434.1 MiB)
[2025-11-25T12:32:54.752+0000] {subprocess.py:106} INFO - 25/11/25 12:32:54 INFO SparkContext: Created broadcast 8 from $anonfun$withThreadLocalCaptured$1 at <unknown>:0
[2025-11-25T12:32:54.768+0000] {subprocess.py:106} INFO - 25/11/25 12:32:54 INFO FileSourceStrategy: Pushed Filters:
[2025-11-25T12:32:54.770+0000] {subprocess.py:106} INFO - 25/11/25 12:32:54 INFO FileSourceStrategy: Post-Scan Filters:
[2025-11-25T12:32:54.850+0000] {subprocess.py:106} INFO - 25/11/25 12:32:54 INFO CodeGenerator: Code generated in 25.007592 ms
[2025-11-25T12:32:54.856+0000] {subprocess.py:106} INFO - 25/11/25 12:32:54 INFO MemoryStore: Block broadcast_9 stored as values in memory (estimated size 203.1 KiB, free 433.8 MiB)
[2025-11-25T12:32:54.887+0000] {subprocess.py:106} INFO - 25/11/25 12:32:54 INFO MemoryStore: Block broadcast_9_piece0 stored as bytes in memory (estimated size 35.1 KiB, free 433.8 MiB)
[2025-11-25T12:32:54.891+0000] {subprocess.py:106} INFO - 25/11/25 12:32:54 INFO BlockManagerInfo: Added broadcast_9_piece0 in memory on 68d0d8c522fe:46053 (size: 35.1 KiB, free: 434.0 MiB)
[2025-11-25T12:32:54.892+0000] {subprocess.py:106} INFO - 25/11/25 12:32:54 INFO SparkContext: Created broadcast 9 from count at <unknown>:0
[2025-11-25T12:32:54.895+0000] {subprocess.py:106} INFO - 25/11/25 12:32:54 INFO FileSourceScanExec: Planning scan with bin packing, max size: 4194304 bytes, open cost is considered as scanning 4194304 bytes.
[2025-11-25T12:32:54.916+0000] {subprocess.py:106} INFO - 25/11/25 12:32:54 INFO DAGScheduler: Registering RDD 18 (count at <unknown>:0) as input to shuffle 1
[2025-11-25T12:32:54.917+0000] {subprocess.py:106} INFO - 25/11/25 12:32:54 INFO DAGScheduler: Got map stage job 4 (count at <unknown>:0) with 1 output partitions
[2025-11-25T12:32:54.918+0000] {subprocess.py:106} INFO - 25/11/25 12:32:54 INFO DAGScheduler: Final stage: ShuffleMapStage 5 (count at <unknown>:0)
[2025-11-25T12:32:54.920+0000] {subprocess.py:106} INFO - 25/11/25 12:32:54 INFO DAGScheduler: Parents of final stage: List()
[2025-11-25T12:32:54.930+0000] {subprocess.py:106} INFO - 25/11/25 12:32:54 INFO DAGScheduler: Missing parents: List()
[2025-11-25T12:32:54.931+0000] {subprocess.py:106} INFO - 25/11/25 12:32:54 INFO DAGScheduler: Submitting ShuffleMapStage 5 (MapPartitionsRDD[18] at count at <unknown>:0), which has no missing parents
[2025-11-25T12:32:54.938+0000] {subprocess.py:106} INFO - 25/11/25 12:32:54 INFO MemoryStore: Block broadcast_10 stored as values in memory (estimated size 20.1 KiB, free 433.8 MiB)
[2025-11-25T12:32:54.942+0000] {subprocess.py:106} INFO - 25/11/25 12:32:54 INFO MemoryStore: Block broadcast_10_piece0 stored as bytes in memory (estimated size 9.7 KiB, free 433.7 MiB)
[2025-11-25T12:32:54.968+0000] {subprocess.py:106} INFO - 25/11/25 12:32:54 INFO BlockManagerInfo: Added broadcast_10_piece0 in memory on 68d0d8c522fe:46053 (size: 9.7 KiB, free: 434.0 MiB)
[2025-11-25T12:32:54.969+0000] {subprocess.py:106} INFO - 25/11/25 12:32:54 INFO SparkContext: Created broadcast 10 from broadcast at DAGScheduler.scala:1585
[2025-11-25T12:32:54.970+0000] {subprocess.py:106} INFO - 25/11/25 12:32:54 INFO DAGScheduler: Submitting 1 missing tasks from ShuffleMapStage 5 (MapPartitionsRDD[18] at count at <unknown>:0) (first 15 tasks are for partitions Vector(0))
[2025-11-25T12:32:54.972+0000] {subprocess.py:106} INFO - 25/11/25 12:32:54 INFO TaskSchedulerImpl: Adding task set 5.0 with 1 tasks resource profile 0
[2025-11-25T12:32:54.972+0000] {subprocess.py:106} INFO - 25/11/25 12:32:54 INFO TaskSetManager: Starting task 0.0 in stage 5.0 (TID 10) (172.30.0.7, executor 0, partition 0, ANY, 9944 bytes)
[2025-11-25T12:32:55.004+0000] {subprocess.py:106} INFO - 25/11/25 12:32:55 INFO BlockManagerInfo: Added broadcast_10_piece0 in memory on 172.30.0.7:33623 (size: 9.7 KiB, free: 434.4 MiB)
[2025-11-25T12:32:55.076+0000] {subprocess.py:106} INFO - 25/11/25 12:32:55 INFO BlockManagerInfo: Added broadcast_8_piece0 in memory on 172.30.0.7:33623 (size: 277.0 KiB, free: 434.1 MiB)
[2025-11-25T12:32:55.266+0000] {subprocess.py:106} INFO - 25/11/25 12:32:55 INFO BlockManagerInfo: Added broadcast_9_piece0 in memory on 172.30.0.7:33623 (size: 35.1 KiB, free: 434.1 MiB)
[2025-11-25T12:32:55.418+0000] {subprocess.py:106} INFO - 25/11/25 12:32:55 INFO TaskSetManager: Finished task 0.0 in stage 5.0 (TID 10) in 450 ms on 172.30.0.7 (executor 0) (1/1)
[2025-11-25T12:32:55.419+0000] {subprocess.py:106} INFO - 25/11/25 12:32:55 INFO TaskSchedulerImpl: Removed TaskSet 5.0, whose tasks have all completed, from pool
[2025-11-25T12:32:55.422+0000] {subprocess.py:106} INFO - 25/11/25 12:32:55 INFO DAGScheduler: ShuffleMapStage 5 (count at <unknown>:0) finished in 0.489 s
[2025-11-25T12:32:55.422+0000] {subprocess.py:106} INFO - 25/11/25 12:32:55 INFO DAGScheduler: looking for newly runnable stages
[2025-11-25T12:32:55.423+0000] {subprocess.py:106} INFO - 25/11/25 12:32:55 INFO DAGScheduler: running: Set()
[2025-11-25T12:32:55.424+0000] {subprocess.py:106} INFO - 25/11/25 12:32:55 INFO DAGScheduler: waiting: Set()
[2025-11-25T12:32:55.425+0000] {subprocess.py:106} INFO - 25/11/25 12:32:55 INFO DAGScheduler: failed: Set()
[2025-11-25T12:32:55.466+0000] {subprocess.py:106} INFO - 25/11/25 12:32:55 INFO CodeGenerator: Code generated in 19.775808 ms
[2025-11-25T12:32:55.493+0000] {subprocess.py:106} INFO - 25/11/25 12:32:55 INFO SparkContext: Starting job: count at <unknown>:0
[2025-11-25T12:32:55.504+0000] {subprocess.py:106} INFO - 25/11/25 12:32:55 INFO DAGScheduler: Got job 5 (count at <unknown>:0) with 1 output partitions
[2025-11-25T12:32:55.506+0000] {subprocess.py:106} INFO - 25/11/25 12:32:55 INFO DAGScheduler: Final stage: ResultStage 7 (count at <unknown>:0)
[2025-11-25T12:32:55.513+0000] {subprocess.py:106} INFO - 25/11/25 12:32:55 INFO DAGScheduler: Parents of final stage: List(ShuffleMapStage 6)
[2025-11-25T12:32:55.516+0000] {subprocess.py:106} INFO - 25/11/25 12:32:55 INFO DAGScheduler: Missing parents: List()
[2025-11-25T12:32:55.518+0000] {subprocess.py:106} INFO - 25/11/25 12:32:55 INFO DAGScheduler: Submitting ResultStage 7 (MapPartitionsRDD[21] at count at <unknown>:0), which has no missing parents
[2025-11-25T12:32:55.521+0000] {subprocess.py:106} INFO - 25/11/25 12:32:55 INFO MemoryStore: Block broadcast_11 stored as values in memory (estimated size 12.5 KiB, free 433.7 MiB)
[2025-11-25T12:32:55.553+0000] {subprocess.py:106} INFO - 25/11/25 12:32:55 INFO MemoryStore: Block broadcast_11_piece0 stored as bytes in memory (estimated size 5.9 KiB, free 433.7 MiB)
[2025-11-25T12:32:55.555+0000] {subprocess.py:106} INFO - 25/11/25 12:32:55 INFO BlockManagerInfo: Added broadcast_11_piece0 in memory on 68d0d8c522fe:46053 (size: 5.9 KiB, free: 434.0 MiB)
[2025-11-25T12:32:55.556+0000] {subprocess.py:106} INFO - 25/11/25 12:32:55 INFO SparkContext: Created broadcast 11 from broadcast at DAGScheduler.scala:1585
[2025-11-25T12:32:55.565+0000] {subprocess.py:106} INFO - 25/11/25 12:32:55 INFO BlockManagerInfo: Removed broadcast_10_piece0 on 68d0d8c522fe:46053 in memory (size: 9.7 KiB, free: 434.0 MiB)
[2025-11-25T12:32:55.568+0000] {subprocess.py:106} INFO - 25/11/25 12:32:55 INFO DAGScheduler: Submitting 1 missing tasks from ResultStage 7 (MapPartitionsRDD[21] at count at <unknown>:0) (first 15 tasks are for partitions Vector(0))
[2025-11-25T12:32:55.574+0000] {subprocess.py:106} INFO - 25/11/25 12:32:55 INFO TaskSchedulerImpl: Adding task set 7.0 with 1 tasks resource profile 0
[2025-11-25T12:32:55.576+0000] {subprocess.py:106} INFO - 25/11/25 12:32:55 INFO BlockManagerInfo: Removed broadcast_10_piece0 on 172.30.0.7:33623 in memory (size: 9.7 KiB, free: 434.1 MiB)
[2025-11-25T12:32:55.577+0000] {subprocess.py:106} INFO - 25/11/25 12:32:55 INFO TaskSetManager: Starting task 0.0 in stage 7.0 (TID 11) (172.30.0.7, executor 0, partition 0, NODE_LOCAL, 9331 bytes)
[2025-11-25T12:32:55.592+0000] {subprocess.py:106} INFO - 25/11/25 12:32:55 INFO BlockManagerInfo: Added broadcast_11_piece0 in memory on 172.30.0.7:33623 (size: 5.9 KiB, free: 434.1 MiB)
[2025-11-25T12:32:55.616+0000] {subprocess.py:106} INFO - 25/11/25 12:32:55 INFO MapOutputTrackerMasterEndpoint: Asked to send map output locations for shuffle 1 to 172.30.0.7:51760
[2025-11-25T12:32:55.662+0000] {subprocess.py:106} INFO - 25/11/25 12:32:55 INFO TaskSetManager: Finished task 0.0 in stage 7.0 (TID 11) in 97 ms on 172.30.0.7 (executor 0) (1/1)
[2025-11-25T12:32:55.664+0000] {subprocess.py:106} INFO - 25/11/25 12:32:55 INFO TaskSchedulerImpl: Removed TaskSet 7.0, whose tasks have all completed, from pool
[2025-11-25T12:32:55.665+0000] {subprocess.py:106} INFO - 25/11/25 12:32:55 INFO DAGScheduler: ResultStage 7 (count at <unknown>:0) finished in 0.154 s
[2025-11-25T12:32:55.666+0000] {subprocess.py:106} INFO - 25/11/25 12:32:55 INFO DAGScheduler: Job 5 is finished. Cancelling potential speculative or zombie tasks for this job
[2025-11-25T12:32:55.667+0000] {subprocess.py:106} INFO - 25/11/25 12:32:55 INFO TaskSchedulerImpl: Killing all running tasks in stage 7: Stage finished
[2025-11-25T12:32:55.668+0000] {subprocess.py:106} INFO - 25/11/25 12:32:55 INFO DAGScheduler: Job 5 finished: count at <unknown>:0, took 0.172658 s
[2025-11-25T12:32:55.672+0000] {subprocess.py:106} INFO -  New records to append: 33
[2025-11-25T12:32:55.727+0000] {subprocess.py:106} INFO - 25/11/25 12:32:55 INFO V2ScanRelationPushDown:
[2025-11-25T12:32:55.728+0000] {subprocess.py:106} INFO - Pushing operators to hive_catalog.bronze.it_jobs_raw
[2025-11-25T12:32:55.729+0000] {subprocess.py:106} INFO - Pushed Filters: job_link IS NOT NULL
[2025-11-25T12:32:55.730+0000] {subprocess.py:106} INFO - Post-Scan Filters: isnotnull(job_link#66)
[2025-11-25T12:32:55.731+0000] {subprocess.py:106} INFO - 
[2025-11-25T12:32:55.732+0000] {subprocess.py:106} INFO - 25/11/25 12:32:55 INFO V2ScanRelationPushDown:
[2025-11-25T12:32:55.732+0000] {subprocess.py:106} INFO - Output: job_link#66
[2025-11-25T12:32:55.733+0000] {subprocess.py:106} INFO - 
[2025-11-25T12:32:55.734+0000] {subprocess.py:106} INFO - 25/11/25 12:32:55 INFO SnapshotScan: Scanning table hive_catalog.bronze.it_jobs_raw snapshot 804080356627015663 created at 2025-11-25T12:14:46.915+00:00 with filter job_link IS NOT NULL
[2025-11-25T12:32:55.737+0000] {subprocess.py:106} INFO - 25/11/25 12:32:55 INFO BaseDistributedDataScan: Planning file tasks locally for table hive_catalog.bronze.it_jobs_raw
[2025-11-25T12:32:55.965+0000] {subprocess.py:106} INFO - 25/11/25 12:32:55 INFO SparkPartitioningAwareScan: Reporting UnknownPartitioning with 7 partition(s) for table hive_catalog.bronze.it_jobs_raw
[2025-11-25T12:32:55.983+0000] {subprocess.py:106} INFO - 25/11/25 12:32:55 INFO FileSourceStrategy: Pushed Filters:
[2025-11-25T12:32:55.984+0000] {subprocess.py:106} INFO - 25/11/25 12:32:55 INFO FileSourceStrategy: Post-Scan Filters:
[2025-11-25T12:32:55.988+0000] {subprocess.py:106} INFO - 25/11/25 12:32:55 INFO MemoryStore: Block broadcast_12 stored as values in memory (estimated size 32.0 KiB, free 433.7 MiB)
[2025-11-25T12:32:56.012+0000] {subprocess.py:106} INFO - 25/11/25 12:32:56 INFO MemoryStore: Block broadcast_12_piece0 stored as bytes in memory (estimated size 29.7 KiB, free 433.7 MiB)
[2025-11-25T12:32:56.029+0000] {subprocess.py:106} INFO - 25/11/25 12:32:56 INFO BlockManagerInfo: Added broadcast_12_piece0 in memory on 68d0d8c522fe:46053 (size: 29.7 KiB, free: 434.0 MiB)
[2025-11-25T12:32:56.032+0000] {subprocess.py:106} INFO - 25/11/25 12:32:56 INFO BlockManagerInfo: Removed broadcast_11_piece0 on 68d0d8c522fe:46053 in memory (size: 5.9 KiB, free: 434.0 MiB)
[2025-11-25T12:32:56.035+0000] {subprocess.py:106} INFO - 25/11/25 12:32:56 INFO SparkContext: Created broadcast 12 from broadcast at SparkBatch.java:79
[2025-11-25T12:32:56.038+0000] {subprocess.py:106} INFO - 25/11/25 12:32:56 INFO BlockManagerInfo: Removed broadcast_11_piece0 on 172.30.0.7:33623 in memory (size: 5.9 KiB, free: 434.1 MiB)
[2025-11-25T12:32:56.115+0000] {subprocess.py:106} INFO - 25/11/25 12:32:56 INFO MemoryStore: Block broadcast_13 stored as values in memory (estimated size 32.0 KiB, free 433.7 MiB)
[2025-11-25T12:32:56.120+0000] {subprocess.py:106} INFO - 25/11/25 12:32:56 INFO MemoryStore: Block broadcast_13_piece0 stored as bytes in memory (estimated size 29.7 KiB, free 433.7 MiB)
[2025-11-25T12:32:56.124+0000] {subprocess.py:106} INFO - 25/11/25 12:32:56 INFO BlockManagerInfo: Added broadcast_13_piece0 in memory on 68d0d8c522fe:46053 (size: 29.7 KiB, free: 434.0 MiB)
[2025-11-25T12:32:56.129+0000] {subprocess.py:106} INFO - 25/11/25 12:32:56 INFO SparkContext: Created broadcast 13 from broadcast at SparkBatch.java:79
[2025-11-25T12:32:56.260+0000] {subprocess.py:106} INFO - 25/11/25 12:32:56 INFO SparkContext: Starting job: $anonfun$withThreadLocalCaptured$1 at <unknown>:0
[2025-11-25T12:32:56.262+0000] {subprocess.py:106} INFO - 25/11/25 12:32:56 INFO DAGScheduler: Got job 6 ($anonfun$withThreadLocalCaptured$1 at <unknown>:0) with 7 output partitions
[2025-11-25T12:32:56.263+0000] {subprocess.py:106} INFO - 25/11/25 12:32:56 INFO DAGScheduler: Final stage: ResultStage 8 ($anonfun$withThreadLocalCaptured$1 at <unknown>:0)
[2025-11-25T12:32:56.264+0000] {subprocess.py:106} INFO - 25/11/25 12:32:56 INFO DAGScheduler: Parents of final stage: List()
[2025-11-25T12:32:56.265+0000] {subprocess.py:106} INFO - 25/11/25 12:32:56 INFO DAGScheduler: Missing parents: List()
[2025-11-25T12:32:56.267+0000] {subprocess.py:106} INFO - 25/11/25 12:32:56 INFO DAGScheduler: Submitting ResultStage 8 (MapPartitionsRDD[25] at $anonfun$withThreadLocalCaptured$1 at <unknown>:0), which has no missing parents
[2025-11-25T12:32:56.273+0000] {subprocess.py:106} INFO - 25/11/25 12:32:56 INFO MemoryStore: Block broadcast_14 stored as values in memory (estimated size 13.7 KiB, free 433.6 MiB)
[2025-11-25T12:32:56.298+0000] {subprocess.py:106} INFO - 25/11/25 12:32:56 INFO MemoryStore: Block broadcast_14_piece0 stored as bytes in memory (estimated size 5.5 KiB, free 433.6 MiB)
[2025-11-25T12:32:56.299+0000] {subprocess.py:106} INFO - 25/11/25 12:32:56 INFO BlockManagerInfo: Added broadcast_14_piece0 in memory on 68d0d8c522fe:46053 (size: 5.5 KiB, free: 434.0 MiB)
[2025-11-25T12:32:56.302+0000] {subprocess.py:106} INFO - 25/11/25 12:32:56 INFO SparkContext: Created broadcast 14 from broadcast at DAGScheduler.scala:1585
[2025-11-25T12:32:56.303+0000] {subprocess.py:106} INFO - 25/11/25 12:32:56 INFO DAGScheduler: Submitting 7 missing tasks from ResultStage 8 (MapPartitionsRDD[25] at $anonfun$withThreadLocalCaptured$1 at <unknown>:0) (first 15 tasks are for partitions Vector(0, 1, 2, 3, 4, 5, 6))
[2025-11-25T12:32:56.304+0000] {subprocess.py:106} INFO - 25/11/25 12:32:56 INFO TaskSchedulerImpl: Adding task set 8.0 with 7 tasks resource profile 0
[2025-11-25T12:32:56.312+0000] {subprocess.py:106} INFO - 25/11/25 12:32:56 INFO TaskSetManager: Starting task 0.0 in stage 8.0 (TID 12) (172.30.0.7, executor 0, partition 0, ANY, 15761 bytes)
[2025-11-25T12:32:56.338+0000] {subprocess.py:106} INFO - 25/11/25 12:32:56 INFO BlockManagerInfo: Added broadcast_14_piece0 in memory on 172.30.0.7:33623 (size: 5.5 KiB, free: 434.1 MiB)
[2025-11-25T12:32:56.403+0000] {subprocess.py:106} INFO - 25/11/25 12:32:56 INFO BlockManagerInfo: Added broadcast_13_piece0 in memory on 172.30.0.7:33623 (size: 29.7 KiB, free: 434.0 MiB)
[2025-11-25T12:32:56.899+0000] {subprocess.py:106} INFO - 25/11/25 12:32:56 INFO TaskSetManager: Starting task 1.0 in stage 8.0 (TID 13) (172.30.0.7, executor 0, partition 1, ANY, 15762 bytes)
[2025-11-25T12:32:56.901+0000] {subprocess.py:106} INFO - 25/11/25 12:32:56 INFO TaskSetManager: Finished task 0.0 in stage 8.0 (TID 12) in 596 ms on 172.30.0.7 (executor 0) (1/7)
[2025-11-25T12:32:57.513+0000] {subprocess.py:106} INFO - 25/11/25 12:32:57 INFO TaskSetManager: Starting task 2.0 in stage 8.0 (TID 14) (172.30.0.7, executor 0, partition 2, ANY, 15762 bytes)
[2025-11-25T12:32:57.519+0000] {subprocess.py:106} INFO - 25/11/25 12:32:57 INFO TaskSetManager: Finished task 1.0 in stage 8.0 (TID 13) in 620 ms on 172.30.0.7 (executor 0) (2/7)
[2025-11-25T12:32:57.981+0000] {subprocess.py:106} INFO - 25/11/25 12:32:57 INFO TaskSetManager: Starting task 3.0 in stage 8.0 (TID 15) (172.30.0.7, executor 0, partition 3, ANY, 15762 bytes)
[2025-11-25T12:32:57.984+0000] {subprocess.py:106} INFO - 25/11/25 12:32:57 INFO TaskSetManager: Finished task 2.0 in stage 8.0 (TID 14) in 474 ms on 172.30.0.7 (executor 0) (3/7)
[2025-11-25T12:32:58.334+0000] {subprocess.py:106} INFO - 25/11/25 12:32:58 INFO TaskSetManager: Starting task 4.0 in stage 8.0 (TID 16) (172.30.0.7, executor 0, partition 4, ANY, 15762 bytes)
[2025-11-25T12:32:58.337+0000] {subprocess.py:106} INFO - 25/11/25 12:32:58 INFO TaskSetManager: Finished task 3.0 in stage 8.0 (TID 15) in 360 ms on 172.30.0.7 (executor 0) (4/7)
[2025-11-25T12:32:58.673+0000] {subprocess.py:106} INFO - 25/11/25 12:32:58 INFO TaskSetManager: Starting task 5.0 in stage 8.0 (TID 17) (172.30.0.7, executor 0, partition 5, ANY, 15762 bytes)
[2025-11-25T12:32:58.674+0000] {subprocess.py:106} INFO - 25/11/25 12:32:58 INFO TaskSetManager: Finished task 4.0 in stage 8.0 (TID 16) in 339 ms on 172.30.0.7 (executor 0) (5/7)
[2025-11-25T12:32:58.985+0000] {subprocess.py:106} INFO - 25/11/25 12:32:58 INFO TaskSetManager: Starting task 6.0 in stage 8.0 (TID 18) (172.30.0.7, executor 0, partition 6, ANY, 15285 bytes)
[2025-11-25T12:32:58.988+0000] {subprocess.py:106} INFO - 25/11/25 12:32:58 INFO TaskSetManager: Finished task 5.0 in stage 8.0 (TID 17) in 315 ms on 172.30.0.7 (executor 0) (6/7)
[2025-11-25T12:32:59.247+0000] {subprocess.py:106} INFO - 25/11/25 12:32:59 INFO TaskSetManager: Finished task 6.0 in stage 8.0 (TID 18) in 267 ms on 172.30.0.7 (executor 0) (7/7)
[2025-11-25T12:32:59.248+0000] {subprocess.py:106} INFO - 25/11/25 12:32:59 INFO TaskSchedulerImpl: Removed TaskSet 8.0, whose tasks have all completed, from pool
[2025-11-25T12:32:59.250+0000] {subprocess.py:106} INFO - 25/11/25 12:32:59 INFO DAGScheduler: ResultStage 8 ($anonfun$withThreadLocalCaptured$1 at <unknown>:0) finished in 2.979 s
[2025-11-25T12:32:59.250+0000] {subprocess.py:106} INFO - 25/11/25 12:32:59 INFO DAGScheduler: Job 6 is finished. Cancelling potential speculative or zombie tasks for this job
[2025-11-25T12:32:59.251+0000] {subprocess.py:106} INFO - 25/11/25 12:32:59 INFO TaskSchedulerImpl: Killing all running tasks in stage 8: Stage finished
[2025-11-25T12:32:59.252+0000] {subprocess.py:106} INFO - 25/11/25 12:32:59 INFO DAGScheduler: Job 6 finished: $anonfun$withThreadLocalCaptured$1 at <unknown>:0, took 2.990024 s
[2025-11-25T12:32:59.286+0000] {subprocess.py:106} INFO - 25/11/25 12:32:59 INFO BlockManagerInfo: Removed broadcast_14_piece0 on 68d0d8c522fe:46053 in memory (size: 5.5 KiB, free: 434.0 MiB)
[2025-11-25T12:32:59.297+0000] {subprocess.py:106} INFO - 25/11/25 12:32:59 INFO BlockManagerInfo: Removed broadcast_14_piece0 on 172.30.0.7:33623 in memory (size: 5.5 KiB, free: 434.0 MiB)
[2025-11-25T12:32:59.321+0000] {subprocess.py:106} INFO - 25/11/25 12:32:59 INFO MemoryStore: Block broadcast_15_piece0 stored as bytes in memory (estimated size 277.2 KiB, free 433.4 MiB)
[2025-11-25T12:32:59.343+0000] {subprocess.py:106} INFO - 25/11/25 12:32:59 INFO BlockManagerInfo: Added broadcast_15_piece0 in memory on 68d0d8c522fe:46053 (size: 277.2 KiB, free: 433.7 MiB)
[2025-11-25T12:32:59.351+0000] {subprocess.py:106} INFO - 25/11/25 12:32:59 INFO SparkContext: Created broadcast 15 from $anonfun$withThreadLocalCaptured$1 at <unknown>:0
[2025-11-25T12:32:59.357+0000] {subprocess.py:106} INFO - 25/11/25 12:32:59 INFO FileSourceStrategy: Pushed Filters:
[2025-11-25T12:32:59.361+0000] {subprocess.py:106} INFO - 25/11/25 12:32:59 INFO FileSourceStrategy: Post-Scan Filters:
[2025-11-25T12:32:59.390+0000] {subprocess.py:106} INFO - 25/11/25 12:32:59 INFO MemoryStore: Block broadcast_16 stored as values in memory (estimated size 203.1 KiB, free 433.2 MiB)
[2025-11-25T12:32:59.417+0000] {subprocess.py:106} INFO - 25/11/25 12:32:59 INFO MemoryStore: Block broadcast_16_piece0 stored as bytes in memory (estimated size 35.1 KiB, free 433.2 MiB)
[2025-11-25T12:32:59.418+0000] {subprocess.py:106} INFO - 25/11/25 12:32:59 INFO BlockManagerInfo: Added broadcast_16_piece0 in memory on 68d0d8c522fe:46053 (size: 35.1 KiB, free: 433.7 MiB)
[2025-11-25T12:32:59.425+0000] {subprocess.py:106} INFO - 25/11/25 12:32:59 INFO SparkContext: Created broadcast 16 from count at <unknown>:0
[2025-11-25T12:32:59.427+0000] {subprocess.py:106} INFO - 25/11/25 12:32:59 INFO FileSourceScanExec: Planning scan with bin packing, max size: 4194304 bytes, open cost is considered as scanning 4194304 bytes.
[2025-11-25T12:32:59.434+0000] {subprocess.py:106} INFO - 25/11/25 12:32:59 INFO DAGScheduler: Registering RDD 29 (count at <unknown>:0) as input to shuffle 2
[2025-11-25T12:32:59.435+0000] {subprocess.py:106} INFO - 25/11/25 12:32:59 INFO DAGScheduler: Got map stage job 7 (count at <unknown>:0) with 1 output partitions
[2025-11-25T12:32:59.436+0000] {subprocess.py:106} INFO - 25/11/25 12:32:59 INFO DAGScheduler: Final stage: ShuffleMapStage 9 (count at <unknown>:0)
[2025-11-25T12:32:59.437+0000] {subprocess.py:106} INFO - 25/11/25 12:32:59 INFO DAGScheduler: Parents of final stage: List()
[2025-11-25T12:32:59.438+0000] {subprocess.py:106} INFO - 25/11/25 12:32:59 INFO DAGScheduler: Missing parents: List()
[2025-11-25T12:32:59.443+0000] {subprocess.py:106} INFO - 25/11/25 12:32:59 INFO DAGScheduler: Submitting ShuffleMapStage 9 (MapPartitionsRDD[29] at count at <unknown>:0), which has no missing parents
[2025-11-25T12:32:59.446+0000] {subprocess.py:106} INFO - 25/11/25 12:32:59 INFO MemoryStore: Block broadcast_17 stored as values in memory (estimated size 20.1 KiB, free 433.1 MiB)
[2025-11-25T12:32:59.448+0000] {subprocess.py:106} INFO - 25/11/25 12:32:59 INFO MemoryStore: Block broadcast_17_piece0 stored as bytes in memory (estimated size 9.7 KiB, free 433.1 MiB)
[2025-11-25T12:32:59.449+0000] {subprocess.py:106} INFO - 25/11/25 12:32:59 INFO BlockManagerInfo: Added broadcast_17_piece0 in memory on 68d0d8c522fe:46053 (size: 9.7 KiB, free: 433.7 MiB)
[2025-11-25T12:32:59.450+0000] {subprocess.py:106} INFO - 25/11/25 12:32:59 INFO SparkContext: Created broadcast 17 from broadcast at DAGScheduler.scala:1585
[2025-11-25T12:32:59.451+0000] {subprocess.py:106} INFO - 25/11/25 12:32:59 INFO DAGScheduler: Submitting 1 missing tasks from ShuffleMapStage 9 (MapPartitionsRDD[29] at count at <unknown>:0) (first 15 tasks are for partitions Vector(0))
[2025-11-25T12:32:59.452+0000] {subprocess.py:106} INFO - 25/11/25 12:32:59 INFO TaskSchedulerImpl: Adding task set 9.0 with 1 tasks resource profile 0
[2025-11-25T12:32:59.454+0000] {subprocess.py:106} INFO - 25/11/25 12:32:59 INFO TaskSetManager: Starting task 0.0 in stage 9.0 (TID 19) (172.30.0.7, executor 0, partition 0, ANY, 9944 bytes)
[2025-11-25T12:32:59.489+0000] {subprocess.py:106} INFO - 25/11/25 12:32:59 INFO BlockManagerInfo: Added broadcast_17_piece0 in memory on 172.30.0.7:33623 (size: 9.7 KiB, free: 434.0 MiB)
[2025-11-25T12:32:59.512+0000] {subprocess.py:106} INFO - 25/11/25 12:32:59 INFO BlockManagerInfo: Added broadcast_15_piece0 in memory on 172.30.0.7:33623 (size: 277.2 KiB, free: 433.8 MiB)
[2025-11-25T12:32:59.592+0000] {subprocess.py:106} INFO - 25/11/25 12:32:59 INFO BlockManagerInfo: Added broadcast_16_piece0 in memory on 172.30.0.7:33623 (size: 35.1 KiB, free: 433.7 MiB)
[2025-11-25T12:32:59.728+0000] {subprocess.py:106} INFO - 25/11/25 12:32:59 INFO TaskSetManager: Finished task 0.0 in stage 9.0 (TID 19) in 274 ms on 172.30.0.7 (executor 0) (1/1)
[2025-11-25T12:32:59.730+0000] {subprocess.py:106} INFO - 25/11/25 12:32:59 INFO TaskSchedulerImpl: Removed TaskSet 9.0, whose tasks have all completed, from pool
[2025-11-25T12:32:59.735+0000] {subprocess.py:106} INFO - 25/11/25 12:32:59 INFO DAGScheduler: ShuffleMapStage 9 (count at <unknown>:0) finished in 0.289 s
[2025-11-25T12:32:59.736+0000] {subprocess.py:106} INFO - 25/11/25 12:32:59 INFO DAGScheduler: looking for newly runnable stages
[2025-11-25T12:32:59.737+0000] {subprocess.py:106} INFO - 25/11/25 12:32:59 INFO DAGScheduler: running: Set()
[2025-11-25T12:32:59.738+0000] {subprocess.py:106} INFO - 25/11/25 12:32:59 INFO DAGScheduler: waiting: Set()
[2025-11-25T12:32:59.739+0000] {subprocess.py:106} INFO - 25/11/25 12:32:59 INFO DAGScheduler: failed: Set()
[2025-11-25T12:32:59.789+0000] {subprocess.py:106} INFO - 25/11/25 12:32:59 INFO SparkContext: Starting job: count at <unknown>:0
[2025-11-25T12:32:59.795+0000] {subprocess.py:106} INFO - 25/11/25 12:32:59 INFO DAGScheduler: Got job 8 (count at <unknown>:0) with 1 output partitions
[2025-11-25T12:32:59.796+0000] {subprocess.py:106} INFO - 25/11/25 12:32:59 INFO DAGScheduler: Final stage: ResultStage 11 (count at <unknown>:0)
[2025-11-25T12:32:59.798+0000] {subprocess.py:106} INFO - 25/11/25 12:32:59 INFO DAGScheduler: Parents of final stage: List(ShuffleMapStage 10)
[2025-11-25T12:32:59.798+0000] {subprocess.py:106} INFO - 25/11/25 12:32:59 INFO DAGScheduler: Missing parents: List()
[2025-11-25T12:32:59.799+0000] {subprocess.py:106} INFO - 25/11/25 12:32:59 INFO DAGScheduler: Submitting ResultStage 11 (MapPartitionsRDD[32] at count at <unknown>:0), which has no missing parents
[2025-11-25T12:32:59.800+0000] {subprocess.py:106} INFO - 25/11/25 12:32:59 INFO MemoryStore: Block broadcast_18 stored as values in memory (estimated size 12.5 KiB, free 433.1 MiB)
[2025-11-25T12:32:59.822+0000] {subprocess.py:106} INFO - 25/11/25 12:32:59 INFO MemoryStore: Block broadcast_18_piece0 stored as bytes in memory (estimated size 5.9 KiB, free 433.1 MiB)
[2025-11-25T12:32:59.829+0000] {subprocess.py:106} INFO - 25/11/25 12:32:59 INFO BlockManagerInfo: Added broadcast_18_piece0 in memory on 68d0d8c522fe:46053 (size: 5.9 KiB, free: 433.7 MiB)
[2025-11-25T12:32:59.834+0000] {subprocess.py:106} INFO - 25/11/25 12:32:59 INFO SparkContext: Created broadcast 18 from broadcast at DAGScheduler.scala:1585
[2025-11-25T12:32:59.836+0000] {subprocess.py:106} INFO - 25/11/25 12:32:59 INFO BlockManagerInfo: Removed broadcast_17_piece0 on 68d0d8c522fe:46053 in memory (size: 9.7 KiB, free: 433.7 MiB)
[2025-11-25T12:32:59.838+0000] {subprocess.py:106} INFO - 25/11/25 12:32:59 INFO DAGScheduler: Submitting 1 missing tasks from ResultStage 11 (MapPartitionsRDD[32] at count at <unknown>:0) (first 15 tasks are for partitions Vector(0))
[2025-11-25T12:32:59.839+0000] {subprocess.py:106} INFO - 25/11/25 12:32:59 INFO TaskSchedulerImpl: Adding task set 11.0 with 1 tasks resource profile 0
[2025-11-25T12:32:59.839+0000] {subprocess.py:106} INFO - 25/11/25 12:32:59 INFO BlockManagerInfo: Removed broadcast_17_piece0 on 172.30.0.7:33623 in memory (size: 9.7 KiB, free: 433.7 MiB)
[2025-11-25T12:32:59.843+0000] {subprocess.py:106} INFO - 25/11/25 12:32:59 INFO TaskSetManager: Starting task 0.0 in stage 11.0 (TID 20) (172.30.0.7, executor 0, partition 0, NODE_LOCAL, 9331 bytes)
[2025-11-25T12:32:59.879+0000] {subprocess.py:106} INFO - 25/11/25 12:32:59 INFO BlockManagerInfo: Added broadcast_18_piece0 in memory on 172.30.0.7:33623 (size: 5.9 KiB, free: 433.7 MiB)
[2025-11-25T12:32:59.910+0000] {subprocess.py:106} INFO - 25/11/25 12:32:59 INFO MapOutputTrackerMasterEndpoint: Asked to send map output locations for shuffle 2 to 172.30.0.7:51760
[2025-11-25T12:32:59.921+0000] {subprocess.py:106} INFO - 25/11/25 12:32:59 INFO BlockManagerInfo: Removed broadcast_5_piece0 on 68d0d8c522fe:46053 in memory (size: 29.7 KiB, free: 433.7 MiB)
[2025-11-25T12:32:59.971+0000] {subprocess.py:106} INFO - 25/11/25 12:32:59 INFO TaskSetManager: Finished task 0.0 in stage 11.0 (TID 20) in 137 ms on 172.30.0.7 (executor 0) (1/1)
[2025-11-25T12:32:59.979+0000] {subprocess.py:106} INFO - 25/11/25 12:32:59 INFO TaskSchedulerImpl: Removed TaskSet 11.0, whose tasks have all completed, from pool
[2025-11-25T12:32:59.980+0000] {subprocess.py:106} INFO - 25/11/25 12:32:59 INFO DAGScheduler: ResultStage 11 (count at <unknown>:0) finished in 0.177 s
[2025-11-25T12:32:59.982+0000] {subprocess.py:106} INFO - 25/11/25 12:32:59 INFO DAGScheduler: Job 8 is finished. Cancelling potential speculative or zombie tasks for this job
[2025-11-25T12:32:59.984+0000] {subprocess.py:106} INFO - 25/11/25 12:32:59 INFO TaskSchedulerImpl: Killing all running tasks in stage 11: Stage finished
[2025-11-25T12:32:59.985+0000] {subprocess.py:106} INFO - 25/11/25 12:32:59 INFO DAGScheduler: Job 8 finished: count at <unknown>:0, took 0.191499 s
[2025-11-25T12:33:00.160+0000] {subprocess.py:106} INFO - 25/11/25 12:33:00 INFO V2ScanRelationPushDown:
[2025-11-25T12:33:00.162+0000] {subprocess.py:106} INFO - Pushing operators to hive_catalog.bronze.it_jobs_raw
[2025-11-25T12:33:00.163+0000] {subprocess.py:106} INFO - Pushed Filters: job_link IS NOT NULL
[2025-11-25T12:33:00.165+0000] {subprocess.py:106} INFO - Post-Scan Filters: isnotnull(job_link#66)
[2025-11-25T12:33:00.166+0000] {subprocess.py:106} INFO - 
[2025-11-25T12:33:00.167+0000] {subprocess.py:106} INFO - 25/11/25 12:33:00 INFO V2ScanRelationPushDown:
[2025-11-25T12:33:00.169+0000] {subprocess.py:106} INFO - Output: job_link#66
[2025-11-25T12:33:00.170+0000] {subprocess.py:106} INFO - 
[2025-11-25T12:33:00.178+0000] {subprocess.py:106} INFO - 25/11/25 12:33:00 INFO SnapshotScan: Scanning table hive_catalog.bronze.it_jobs_raw snapshot 804080356627015663 created at 2025-11-25T12:14:46.915+00:00 with filter job_link IS NOT NULL
[2025-11-25T12:33:00.182+0000] {subprocess.py:106} INFO - 25/11/25 12:33:00 INFO BaseDistributedDataScan: Planning file tasks locally for table hive_catalog.bronze.it_jobs_raw
[2025-11-25T12:33:00.454+0000] {subprocess.py:106} INFO - 25/11/25 12:33:00 INFO SparkPartitioningAwareScan: Reporting UnknownPartitioning with 7 partition(s) for table hive_catalog.bronze.it_jobs_raw
[2025-11-25T12:33:00.548+0000] {subprocess.py:106} INFO - 25/11/25 12:33:00 INFO SparkWrite: Requesting 0 bytes advisory partition size for table hive_catalog.bronze.it_jobs_raw
[2025-11-25T12:33:00.549+0000] {subprocess.py:106} INFO - 25/11/25 12:33:00 INFO SparkWrite: Requesting UnspecifiedDistribution as write distribution for table hive_catalog.bronze.it_jobs_raw
[2025-11-25T12:33:00.553+0000] {subprocess.py:106} INFO - 25/11/25 12:33:00 INFO SparkWrite: Requesting [] as write ordering for table hive_catalog.bronze.it_jobs_raw
[2025-11-25T12:33:00.581+0000] {subprocess.py:106} INFO - 25/11/25 12:33:00 INFO FileSourceStrategy: Pushed Filters:
[2025-11-25T12:33:00.582+0000] {subprocess.py:106} INFO - 25/11/25 12:33:00 INFO FileSourceStrategy: Post-Scan Filters:
[2025-11-25T12:33:00.585+0000] {subprocess.py:106} INFO - 25/11/25 12:33:00 INFO MemoryStore: Block broadcast_19 stored as values in memory (estimated size 32.0 KiB, free 433.2 MiB)
[2025-11-25T12:33:00.614+0000] {subprocess.py:106} INFO - 25/11/25 12:33:00 INFO MemoryStore: Block broadcast_19_piece0 stored as bytes in memory (estimated size 29.7 KiB, free 433.1 MiB)
[2025-11-25T12:33:00.619+0000] {subprocess.py:106} INFO - 25/11/25 12:33:00 INFO BlockManagerInfo: Added broadcast_19_piece0 in memory on 68d0d8c522fe:46053 (size: 29.7 KiB, free: 433.7 MiB)
[2025-11-25T12:33:00.621+0000] {subprocess.py:106} INFO - 25/11/25 12:33:00 INFO SparkContext: Created broadcast 19 from broadcast at SparkBatch.java:79
[2025-11-25T12:33:00.643+0000] {subprocess.py:106} INFO - 25/11/25 12:33:00 INFO BlockManagerInfo: Removed broadcast_18_piece0 on 68d0d8c522fe:46053 in memory (size: 5.9 KiB, free: 433.7 MiB)
[2025-11-25T12:33:00.645+0000] {subprocess.py:106} INFO - 25/11/25 12:33:00 INFO BlockManagerInfo: Removed broadcast_18_piece0 on 172.30.0.7:33623 in memory (size: 5.9 KiB, free: 433.7 MiB)
[2025-11-25T12:33:00.683+0000] {subprocess.py:106} INFO - 25/11/25 12:33:00 INFO BlockManagerInfo: Removed broadcast_8_piece0 on 68d0d8c522fe:46053 in memory (size: 277.0 KiB, free: 433.9 MiB)
[2025-11-25T12:33:00.689+0000] {subprocess.py:106} INFO - 25/11/25 12:33:00 INFO BlockManagerInfo: Removed broadcast_8_piece0 on 172.30.0.7:33623 in memory (size: 277.0 KiB, free: 434.0 MiB)
[2025-11-25T12:33:00.745+0000] {subprocess.py:106} INFO - 25/11/25 12:33:00 INFO MemoryStore: Block broadcast_20 stored as values in memory (estimated size 32.0 KiB, free 433.4 MiB)
[2025-11-25T12:33:00.751+0000] {subprocess.py:106} INFO - 25/11/25 12:33:00 INFO BlockManagerInfo: Removed broadcast_6_piece0 on 68d0d8c522fe:46053 in memory (size: 29.7 KiB, free: 434.0 MiB)
[2025-11-25T12:33:00.753+0000] {subprocess.py:106} INFO - 25/11/25 12:33:00 INFO MemoryStore: Block broadcast_20_piece0 stored as bytes in memory (estimated size 29.7 KiB, free 433.4 MiB)
[2025-11-25T12:33:00.755+0000] {subprocess.py:106} INFO - 25/11/25 12:33:00 INFO BlockManagerInfo: Added broadcast_20_piece0 in memory on 68d0d8c522fe:46053 (size: 29.7 KiB, free: 433.9 MiB)
[2025-11-25T12:33:00.758+0000] {subprocess.py:106} INFO - 25/11/25 12:33:00 INFO SparkContext: Created broadcast 20 from broadcast at SparkBatch.java:79
[2025-11-25T12:33:00.777+0000] {subprocess.py:106} INFO - 25/11/25 12:33:00 INFO BlockManagerInfo: Removed broadcast_6_piece0 on 172.30.0.7:33623 in memory (size: 29.7 KiB, free: 434.0 MiB)
[2025-11-25T12:33:00.889+0000] {subprocess.py:106} INFO - 25/11/25 12:33:00 INFO SparkContext: Starting job: $anonfun$withThreadLocalCaptured$1 at <unknown>:0
[2025-11-25T12:33:00.891+0000] {subprocess.py:106} INFO - 25/11/25 12:33:00 INFO DAGScheduler: Got job 9 ($anonfun$withThreadLocalCaptured$1 at <unknown>:0) with 7 output partitions
[2025-11-25T12:33:00.893+0000] {subprocess.py:106} INFO - 25/11/25 12:33:00 INFO DAGScheduler: Final stage: ResultStage 12 ($anonfun$withThreadLocalCaptured$1 at <unknown>:0)
[2025-11-25T12:33:00.894+0000] {subprocess.py:106} INFO - 25/11/25 12:33:00 INFO DAGScheduler: Parents of final stage: List()
[2025-11-25T12:33:00.894+0000] {subprocess.py:106} INFO - 25/11/25 12:33:00 INFO DAGScheduler: Missing parents: List()
[2025-11-25T12:33:00.895+0000] {subprocess.py:106} INFO - 25/11/25 12:33:00 INFO DAGScheduler: Submitting ResultStage 12 (MapPartitionsRDD[36] at $anonfun$withThreadLocalCaptured$1 at <unknown>:0), which has no missing parents
[2025-11-25T12:33:00.896+0000] {subprocess.py:106} INFO - 25/11/25 12:33:00 INFO MemoryStore: Block broadcast_21 stored as values in memory (estimated size 13.7 KiB, free 433.4 MiB)
[2025-11-25T12:33:00.922+0000] {subprocess.py:106} INFO - 25/11/25 12:33:00 INFO MemoryStore: Block broadcast_21_piece0 stored as bytes in memory (estimated size 5.5 KiB, free 433.4 MiB)
[2025-11-25T12:33:00.927+0000] {subprocess.py:106} INFO - 25/11/25 12:33:00 INFO BlockManagerInfo: Added broadcast_21_piece0 in memory on 68d0d8c522fe:46053 (size: 5.5 KiB, free: 433.9 MiB)
[2025-11-25T12:33:00.929+0000] {subprocess.py:106} INFO - 25/11/25 12:33:00 INFO SparkContext: Created broadcast 21 from broadcast at DAGScheduler.scala:1585
[2025-11-25T12:33:00.933+0000] {subprocess.py:106} INFO - 25/11/25 12:33:00 INFO DAGScheduler: Submitting 7 missing tasks from ResultStage 12 (MapPartitionsRDD[36] at $anonfun$withThreadLocalCaptured$1 at <unknown>:0) (first 15 tasks are for partitions Vector(0, 1, 2, 3, 4, 5, 6))
[2025-11-25T12:33:00.934+0000] {subprocess.py:106} INFO - 25/11/25 12:33:00 INFO TaskSchedulerImpl: Adding task set 12.0 with 7 tasks resource profile 0
[2025-11-25T12:33:00.936+0000] {subprocess.py:106} INFO - 25/11/25 12:33:00 INFO BlockManagerInfo: Removed broadcast_15_piece0 on 68d0d8c522fe:46053 in memory (size: 277.2 KiB, free: 434.2 MiB)
[2025-11-25T12:33:00.939+0000] {subprocess.py:106} INFO - 25/11/25 12:33:00 INFO BlockManagerInfo: Removed broadcast_15_piece0 on 172.30.0.7:33623 in memory (size: 277.2 KiB, free: 434.3 MiB)
[2025-11-25T12:33:00.941+0000] {subprocess.py:106} INFO - 25/11/25 12:33:00 INFO TaskSetManager: Starting task 0.0 in stage 12.0 (TID 21) (172.30.0.7, executor 0, partition 0, ANY, 15762 bytes)
[2025-11-25T12:33:00.966+0000] {subprocess.py:106} INFO - 25/11/25 12:33:00 INFO BlockManagerInfo: Removed broadcast_16_piece0 on 68d0d8c522fe:46053 in memory (size: 35.1 KiB, free: 434.2 MiB)
[2025-11-25T12:33:00.969+0000] {subprocess.py:106} INFO - 25/11/25 12:33:00 INFO BlockManagerInfo: Removed broadcast_16_piece0 on 172.30.0.7:33623 in memory (size: 35.1 KiB, free: 434.3 MiB)
[2025-11-25T12:33:01.045+0000] {subprocess.py:106} INFO - 25/11/25 12:33:01 INFO BlockManagerInfo: Added broadcast_21_piece0 in memory on 172.30.0.7:33623 (size: 5.5 KiB, free: 434.3 MiB)
[2025-11-25T12:33:01.075+0000] {subprocess.py:106} INFO - 25/11/25 12:33:01 INFO BlockManagerInfo: Removed broadcast_9_piece0 on 68d0d8c522fe:46053 in memory (size: 35.1 KiB, free: 434.3 MiB)
[2025-11-25T12:33:01.080+0000] {subprocess.py:106} INFO - 25/11/25 12:33:01 INFO BlockManagerInfo: Removed broadcast_9_piece0 on 172.30.0.7:33623 in memory (size: 35.1 KiB, free: 434.4 MiB)
[2025-11-25T12:33:01.098+0000] {subprocess.py:106} INFO - 25/11/25 12:33:01 INFO BlockManagerInfo: Added broadcast_20_piece0 in memory on 172.30.0.7:33623 (size: 29.7 KiB, free: 434.3 MiB)
[2025-11-25T12:33:01.104+0000] {subprocess.py:106} INFO - 25/11/25 12:33:01 INFO BlockManagerInfo: Removed broadcast_13_piece0 on 68d0d8c522fe:46053 in memory (size: 29.7 KiB, free: 434.3 MiB)
[2025-11-25T12:33:01.107+0000] {subprocess.py:106} INFO - 25/11/25 12:33:01 INFO BlockManagerInfo: Removed broadcast_13_piece0 on 172.30.0.7:33623 in memory (size: 29.7 KiB, free: 434.4 MiB)
[2025-11-25T12:33:01.123+0000] {subprocess.py:106} INFO - 25/11/25 12:33:01 INFO BlockManagerInfo: Removed broadcast_12_piece0 on 68d0d8c522fe:46053 in memory (size: 29.7 KiB, free: 434.3 MiB)
[2025-11-25T12:33:01.485+0000] {subprocess.py:106} INFO - 25/11/25 12:33:01 INFO TaskSetManager: Starting task 1.0 in stage 12.0 (TID 22) (172.30.0.7, executor 0, partition 1, ANY, 15761 bytes)
[2025-11-25T12:33:01.487+0000] {subprocess.py:106} INFO - 25/11/25 12:33:01 INFO TaskSetManager: Finished task 0.0 in stage 12.0 (TID 21) in 560 ms on 172.30.0.7 (executor 0) (1/7)
[2025-11-25T12:33:01.807+0000] {subprocess.py:106} INFO - 25/11/25 12:33:01 INFO TaskSetManager: Starting task 2.0 in stage 12.0 (TID 23) (172.30.0.7, executor 0, partition 2, ANY, 15762 bytes)
[2025-11-25T12:33:01.809+0000] {subprocess.py:106} INFO - 25/11/25 12:33:01 INFO TaskSetManager: Finished task 1.0 in stage 12.0 (TID 22) in 323 ms on 172.30.0.7 (executor 0) (2/7)
[2025-11-25T12:33:02.337+0000] {subprocess.py:106} INFO - 25/11/25 12:33:02 INFO TaskSetManager: Starting task 3.0 in stage 12.0 (TID 24) (172.30.0.7, executor 0, partition 3, ANY, 15762 bytes)
[2025-11-25T12:33:02.339+0000] {subprocess.py:106} INFO - 25/11/25 12:33:02 INFO TaskSetManager: Finished task 2.0 in stage 12.0 (TID 23) in 533 ms on 172.30.0.7 (executor 0) (3/7)
[2025-11-25T12:33:02.698+0000] {subprocess.py:106} INFO - 25/11/25 12:33:02 INFO TaskSetManager: Starting task 4.0 in stage 12.0 (TID 25) (172.30.0.7, executor 0, partition 4, ANY, 15762 bytes)
[2025-11-25T12:33:02.699+0000] {subprocess.py:106} INFO - 25/11/25 12:33:02 INFO TaskSetManager: Finished task 3.0 in stage 12.0 (TID 24) in 364 ms on 172.30.0.7 (executor 0) (4/7)
[2025-11-25T12:33:02.991+0000] {subprocess.py:106} INFO - 25/11/25 12:33:02 INFO TaskSetManager: Starting task 5.0 in stage 12.0 (TID 26) (172.30.0.7, executor 0, partition 5, ANY, 15762 bytes)
[2025-11-25T12:33:02.992+0000] {subprocess.py:106} INFO - 25/11/25 12:33:02 INFO TaskSetManager: Finished task 4.0 in stage 12.0 (TID 25) in 294 ms on 172.30.0.7 (executor 0) (5/7)
[2025-11-25T12:33:03.513+0000] {subprocess.py:106} INFO - 25/11/25 12:33:03 INFO TaskSetManager: Starting task 6.0 in stage 12.0 (TID 27) (172.30.0.7, executor 0, partition 6, ANY, 15285 bytes)
[2025-11-25T12:33:03.516+0000] {subprocess.py:106} INFO - 25/11/25 12:33:03 INFO TaskSetManager: Finished task 5.0 in stage 12.0 (TID 26) in 525 ms on 172.30.0.7 (executor 0) (6/7)
[2025-11-25T12:33:03.794+0000] {subprocess.py:106} INFO - 25/11/25 12:33:03 INFO TaskSetManager: Finished task 6.0 in stage 12.0 (TID 27) in 281 ms on 172.30.0.7 (executor 0) (7/7)
[2025-11-25T12:33:03.797+0000] {subprocess.py:106} INFO - 25/11/25 12:33:03 INFO TaskSchedulerImpl: Removed TaskSet 12.0, whose tasks have all completed, from pool
[2025-11-25T12:33:03.798+0000] {subprocess.py:106} INFO - 25/11/25 12:33:03 INFO DAGScheduler: ResultStage 12 ($anonfun$withThreadLocalCaptured$1 at <unknown>:0) finished in 2.900 s
[2025-11-25T12:33:03.799+0000] {subprocess.py:106} INFO - 25/11/25 12:33:03 INFO DAGScheduler: Job 9 is finished. Cancelling potential speculative or zombie tasks for this job
[2025-11-25T12:33:03.800+0000] {subprocess.py:106} INFO - 25/11/25 12:33:03 INFO TaskSchedulerImpl: Killing all running tasks in stage 12: Stage finished
[2025-11-25T12:33:03.800+0000] {subprocess.py:106} INFO - 25/11/25 12:33:03 INFO DAGScheduler: Job 9 finished: $anonfun$withThreadLocalCaptured$1 at <unknown>:0, took 2.907318 s
[2025-11-25T12:33:03.820+0000] {subprocess.py:106} INFO - 25/11/25 12:33:03 INFO BlockManagerInfo: Removed broadcast_21_piece0 on 68d0d8c522fe:46053 in memory (size: 5.5 KiB, free: 434.3 MiB)
[2025-11-25T12:33:03.824+0000] {subprocess.py:106} INFO - 25/11/25 12:33:03 INFO BlockManagerInfo: Removed broadcast_21_piece0 on 172.30.0.7:33623 in memory (size: 5.5 KiB, free: 434.4 MiB)
[2025-11-25T12:33:03.843+0000] {subprocess.py:106} INFO - 25/11/25 12:33:03 INFO MemoryStore: Block broadcast_22_piece0 stored as bytes in memory (estimated size 276.9 KiB, free 434.0 MiB)
[2025-11-25T12:33:03.845+0000] {subprocess.py:106} INFO - 25/11/25 12:33:03 INFO BlockManagerInfo: Added broadcast_22_piece0 in memory on 68d0d8c522fe:46053 (size: 276.9 KiB, free: 434.1 MiB)
[2025-11-25T12:33:03.846+0000] {subprocess.py:106} INFO - 25/11/25 12:33:03 INFO SparkContext: Created broadcast 22 from $anonfun$withThreadLocalCaptured$1 at <unknown>:0
[2025-11-25T12:33:03.857+0000] {subprocess.py:106} INFO - 25/11/25 12:33:03 INFO FileSourceStrategy: Pushed Filters:
[2025-11-25T12:33:03.858+0000] {subprocess.py:106} INFO - 25/11/25 12:33:03 INFO FileSourceStrategy: Post-Scan Filters:
[2025-11-25T12:33:03.925+0000] {subprocess.py:106} INFO - 25/11/25 12:33:03 INFO CodeGenerator: Code generated in 26.687867 ms
[2025-11-25T12:33:03.930+0000] {subprocess.py:106} INFO - 25/11/25 12:33:03 INFO MemoryStore: Block broadcast_23 stored as values in memory (estimated size 203.1 KiB, free 433.8 MiB)
[2025-11-25T12:33:03.958+0000] {subprocess.py:106} INFO - 25/11/25 12:33:03 INFO MemoryStore: Block broadcast_23_piece0 stored as bytes in memory (estimated size 35.1 KiB, free 433.8 MiB)
[2025-11-25T12:33:03.960+0000] {subprocess.py:106} INFO - 25/11/25 12:33:03 INFO BlockManagerInfo: Added broadcast_23_piece0 in memory on 68d0d8c522fe:46053 (size: 35.1 KiB, free: 434.0 MiB)
[2025-11-25T12:33:03.961+0000] {subprocess.py:106} INFO - 25/11/25 12:33:03 INFO SparkContext: Created broadcast 23 from append at <unknown>:0
[2025-11-25T12:33:03.963+0000] {subprocess.py:106} INFO - 25/11/25 12:33:03 INFO FileSourceScanExec: Planning scan with bin packing, max size: 4194304 bytes, open cost is considered as scanning 4194304 bytes.
[2025-11-25T12:33:03.981+0000] {subprocess.py:106} INFO - 25/11/25 12:33:03 INFO MemoryStore: Block broadcast_24 stored as values in memory (estimated size 32.0 KiB, free 433.7 MiB)
[2025-11-25T12:33:03.985+0000] {subprocess.py:106} INFO - 25/11/25 12:33:03 INFO MemoryStore: Block broadcast_24_piece0 stored as bytes in memory (estimated size 29.7 KiB, free 433.7 MiB)
[2025-11-25T12:33:03.986+0000] {subprocess.py:106} INFO - 25/11/25 12:33:03 INFO BlockManagerInfo: Added broadcast_24_piece0 in memory on 68d0d8c522fe:46053 (size: 29.7 KiB, free: 434.0 MiB)
[2025-11-25T12:33:03.988+0000] {subprocess.py:106} INFO - 25/11/25 12:33:03 INFO SparkContext: Created broadcast 24 from broadcast at SparkWrite.java:193
[2025-11-25T12:33:03.992+0000] {subprocess.py:106} INFO - 25/11/25 12:33:03 INFO AppendDataExec: Start processing data source write support: IcebergBatchWrite(table=hive_catalog.bronze.it_jobs_raw, format=PARQUET). The input RDD has 1 partitions.
[2025-11-25T12:33:04.018+0000] {subprocess.py:106} INFO - 25/11/25 12:33:04 INFO SparkContext: Starting job: append at <unknown>:0
[2025-11-25T12:33:04.019+0000] {subprocess.py:106} INFO - 25/11/25 12:33:04 INFO DAGScheduler: Got job 10 (append at <unknown>:0) with 1 output partitions
[2025-11-25T12:33:04.020+0000] {subprocess.py:106} INFO - 25/11/25 12:33:04 INFO DAGScheduler: Final stage: ResultStage 13 (append at <unknown>:0)
[2025-11-25T12:33:04.021+0000] {subprocess.py:106} INFO - 25/11/25 12:33:04 INFO DAGScheduler: Parents of final stage: List()
[2025-11-25T12:33:04.023+0000] {subprocess.py:106} INFO - 25/11/25 12:33:04 INFO DAGScheduler: Missing parents: List()
[2025-11-25T12:33:04.028+0000] {subprocess.py:106} INFO - 25/11/25 12:33:04 INFO DAGScheduler: Submitting ResultStage 13 (MapPartitionsRDD[39] at append at <unknown>:0), which has no missing parents
[2025-11-25T12:33:04.030+0000] {subprocess.py:106} INFO - 25/11/25 12:33:04 INFO MemoryStore: Block broadcast_25 stored as values in memory (estimated size 22.1 KiB, free 433.7 MiB)
[2025-11-25T12:33:04.033+0000] {subprocess.py:106} INFO - 25/11/25 12:33:04 INFO MemoryStore: Block broadcast_25_piece0 stored as bytes in memory (estimated size 9.8 KiB, free 433.7 MiB)
[2025-11-25T12:33:04.034+0000] {subprocess.py:106} INFO - 25/11/25 12:33:04 INFO BlockManagerInfo: Added broadcast_25_piece0 in memory on 68d0d8c522fe:46053 (size: 9.8 KiB, free: 434.0 MiB)
[2025-11-25T12:33:04.035+0000] {subprocess.py:106} INFO - 25/11/25 12:33:04 INFO SparkContext: Created broadcast 25 from broadcast at DAGScheduler.scala:1585
[2025-11-25T12:33:04.035+0000] {subprocess.py:106} INFO - 25/11/25 12:33:04 INFO DAGScheduler: Submitting 1 missing tasks from ResultStage 13 (MapPartitionsRDD[39] at append at <unknown>:0) (first 15 tasks are for partitions Vector(0))
[2025-11-25T12:33:04.036+0000] {subprocess.py:106} INFO - 25/11/25 12:33:04 INFO TaskSchedulerImpl: Adding task set 13.0 with 1 tasks resource profile 0
[2025-11-25T12:33:04.040+0000] {subprocess.py:106} INFO - 25/11/25 12:33:04 INFO TaskSetManager: Starting task 0.0 in stage 13.0 (TID 28) (172.30.0.7, executor 0, partition 0, ANY, 9955 bytes)
[2025-11-25T12:33:04.062+0000] {subprocess.py:106} INFO - 25/11/25 12:33:04 INFO BlockManagerInfo: Added broadcast_25_piece0 in memory on 172.30.0.7:33623 (size: 9.8 KiB, free: 434.4 MiB)
[2025-11-25T12:33:04.144+0000] {subprocess.py:106} INFO - 25/11/25 12:33:04 INFO BlockManagerInfo: Added broadcast_22_piece0 in memory on 172.30.0.7:33623 (size: 276.9 KiB, free: 434.1 MiB)
[2025-11-25T12:33:04.183+0000] {subprocess.py:106} INFO - 25/11/25 12:33:04 INFO BlockManagerInfo: Added broadcast_24_piece0 in memory on 172.30.0.7:33623 (size: 29.7 KiB, free: 434.1 MiB)
[2025-11-25T12:33:04.431+0000] {subprocess.py:106} INFO - 25/11/25 12:33:04 INFO BlockManagerInfo: Added broadcast_23_piece0 in memory on 172.30.0.7:33623 (size: 35.1 KiB, free: 434.0 MiB)
[2025-11-25T12:33:04.831+0000] {subprocess.py:106} INFO - 25/11/25 12:33:04 INFO TaskSetManager: Finished task 0.0 in stage 13.0 (TID 28) in 792 ms on 172.30.0.7 (executor 0) (1/1)
[2025-11-25T12:33:04.837+0000] {subprocess.py:106} INFO - 25/11/25 12:33:04 INFO TaskSchedulerImpl: Removed TaskSet 13.0, whose tasks have all completed, from pool
[2025-11-25T12:33:04.839+0000] {subprocess.py:106} INFO - 25/11/25 12:33:04 INFO DAGScheduler: ResultStage 13 (append at <unknown>:0) finished in 0.804 s
[2025-11-25T12:33:04.840+0000] {subprocess.py:106} INFO - 25/11/25 12:33:04 INFO DAGScheduler: Job 10 is finished. Cancelling potential speculative or zombie tasks for this job
[2025-11-25T12:33:04.846+0000] {subprocess.py:106} INFO - 25/11/25 12:33:04 INFO TaskSchedulerImpl: Killing all running tasks in stage 13: Stage finished
[2025-11-25T12:33:04.847+0000] {subprocess.py:106} INFO - 25/11/25 12:33:04 INFO DAGScheduler: Job 10 finished: append at <unknown>:0, took 0.815483 s
[2025-11-25T12:33:04.848+0000] {subprocess.py:106} INFO - 25/11/25 12:33:04 INFO AppendDataExec: Data source write support IcebergBatchWrite(table=hive_catalog.bronze.it_jobs_raw, format=PARQUET) is committing.
[2025-11-25T12:33:04.868+0000] {subprocess.py:106} INFO - 25/11/25 12:33:04 INFO SparkWrite: Committing append with 1 new data files to table hive_catalog.bronze.it_jobs_raw
[2025-11-25T12:33:05.586+0000] {subprocess.py:106} INFO - 25/11/25 12:33:05 INFO HiveTableOperations: Committed to table hive_catalog.bronze.it_jobs_raw with the new metadata location hdfs://dinhhoa-master:9000/user/ndh/warehouse/bronze.db/it_jobs_raw/metadata/00027-2af6be38-ac6b-481b-96f7-2b5a0d87b2e2.metadata.json
[2025-11-25T12:33:05.587+0000] {subprocess.py:106} INFO - 25/11/25 12:33:05 INFO BaseMetastoreTableOperations: Successfully committed to table hive_catalog.bronze.it_jobs_raw in 334 ms
[2025-11-25T12:33:05.588+0000] {subprocess.py:106} INFO - 25/11/25 12:33:05 INFO SnapshotProducer: Committed snapshot 4657312101927391193 (MergeAppend)
[2025-11-25T12:33:05.604+0000] {subprocess.py:106} INFO - 25/11/25 12:33:05 INFO BaseMetastoreTableOperations: Refreshing table metadata from new version: hdfs://dinhhoa-master:9000/user/ndh/warehouse/bronze.db/it_jobs_raw/metadata/00027-2af6be38-ac6b-481b-96f7-2b5a0d87b2e2.metadata.json
[2025-11-25T12:33:05.690+0000] {subprocess.py:106} INFO - 25/11/25 12:33:05 INFO LoggingMetricsReporter: Received metrics report: CommitReport{tableName=hive_catalog.bronze.it_jobs_raw, snapshotId=4657312101927391193, sequenceNumber=28, operation=append, commitMetrics=CommitMetricsResult{totalDuration=TimerResult{timeUnit=NANOSECONDS, totalDuration=PT0.791069486S, count=1}, attempts=CounterResult{unit=COUNT, value=1}, addedDataFiles=CounterResult{unit=COUNT, value=1}, removedDataFiles=null, totalDataFiles=CounterResult{unit=COUNT, value=28}, addedDeleteFiles=null, addedEqualityDeleteFiles=null, addedPositionalDeleteFiles=null, removedDeleteFiles=null, removedEqualityDeleteFiles=null, removedPositionalDeleteFiles=null, totalDeleteFiles=CounterResult{unit=COUNT, value=0}, addedRecords=CounterResult{unit=COUNT, value=33}, removedRecords=null, totalRecords=CounterResult{unit=COUNT, value=4726}, addedFilesSizeInBytes=CounterResult{unit=BYTES, value=9098}, removedFilesSizeInBytes=null, totalFilesSizeInBytes=CounterResult{unit=BYTES, value=401565}, addedPositionalDeletes=null, removedPositionalDeletes=null, totalPositionalDeletes=CounterResult{unit=COUNT, value=0}, addedEqualityDeletes=null, removedEqualityDeletes=null, totalEqualityDeletes=CounterResult{unit=COUNT, value=0}}, metadata={engine-version=3.5.3, app-id=app-20251125123229-0003, engine-name=spark, iceberg-version=Apache Iceberg 1.6.1 (commit 8e9d59d299be42b0bca9461457cd1e95dbaad086)}}
[2025-11-25T12:33:05.691+0000] {subprocess.py:106} INFO - 25/11/25 12:33:05 INFO SparkWrite: Committed in 820 ms
[2025-11-25T12:33:05.693+0000] {subprocess.py:106} INFO - 25/11/25 12:33:05 INFO AppendDataExec: Data source write support IcebergBatchWrite(table=hive_catalog.bronze.it_jobs_raw, format=PARQUET) committed.
[2025-11-25T12:33:05.694+0000] {subprocess.py:106} INFO -  Loaded into: hive_catalog.bronze.it_jobs_raw
[2025-11-25T12:33:05.697+0000] {subprocess.py:106} INFO - 25/11/25 12:33:05 INFO SparkContext: SparkContext is stopping with exitCode 0.
[2025-11-25T12:33:05.711+0000] {subprocess.py:106} INFO - 25/11/25 12:33:05 INFO SparkUI: Stopped Spark web UI at http://68d0d8c522fe:4040
[2025-11-25T12:33:05.719+0000] {subprocess.py:106} INFO - 25/11/25 12:33:05 INFO StandaloneSchedulerBackend: Shutting down all executors
[2025-11-25T12:33:05.720+0000] {subprocess.py:106} INFO - 25/11/25 12:33:05 INFO StandaloneSchedulerBackend$StandaloneDriverEndpoint: Asking each executor to shut down
[2025-11-25T12:33:05.759+0000] {subprocess.py:106} INFO - 25/11/25 12:33:05 INFO MapOutputTrackerMasterEndpoint: MapOutputTrackerMasterEndpoint stopped!
[2025-11-25T12:33:05.800+0000] {subprocess.py:106} INFO - 25/11/25 12:33:05 INFO MemoryStore: MemoryStore cleared
[2025-11-25T12:33:05.802+0000] {subprocess.py:106} INFO - 25/11/25 12:33:05 INFO BlockManager: BlockManager stopped
[2025-11-25T12:33:05.806+0000] {subprocess.py:106} INFO - 25/11/25 12:33:05 INFO BlockManagerMaster: BlockManagerMaster stopped
[2025-11-25T12:33:05.810+0000] {subprocess.py:106} INFO - 25/11/25 12:33:05 INFO OutputCommitCoordinator$OutputCommitCoordinatorEndpoint: OutputCommitCoordinator stopped!
[2025-11-25T12:33:05.846+0000] {subprocess.py:106} INFO - 25/11/25 12:33:05 INFO SparkContext: Successfully stopped SparkContext
[2025-11-25T12:33:06.330+0000] {subprocess.py:106} INFO - 25/11/25 12:33:06 INFO ShutdownHookManager: Shutdown hook called
[2025-11-25T12:33:06.331+0000] {subprocess.py:106} INFO - 25/11/25 12:33:06 INFO ShutdownHookManager: Deleting directory /tmp/spark-e539177b-0059-4a0d-981e-98e615a0d674/pyspark-7f7b8d06-5159-4c87-9bea-72dd11965578
[2025-11-25T12:33:06.337+0000] {subprocess.py:106} INFO - 25/11/25 12:33:06 INFO ShutdownHookManager: Deleting directory /tmp/spark-6da5b6a0-236f-4d9b-8c5f-dfcb8b956492
[2025-11-25T12:33:06.342+0000] {subprocess.py:106} INFO - 25/11/25 12:33:06 INFO ShutdownHookManager: Deleting directory /tmp/spark-e539177b-0059-4a0d-981e-98e615a0d674
[2025-11-25T12:33:06.447+0000] {subprocess.py:110} INFO - Command exited with return code 0
[2025-11-25T12:33:06.558+0000] {taskinstance.py:341} INFO - ::group::Post task execution logs
[2025-11-25T12:33:06.559+0000] {taskinstance.py:353} INFO - Marking task as SUCCESS. dag_id=crawl_etl_itjob, task_id=load_bronze, run_id=scheduled__2025-11-24T02:00:00+00:00, execution_date=20251124T020000, start_date=20251125T123223, end_date=20251125T123306
[2025-11-25T12:33:06.662+0000] {local_task_job_runner.py:266} INFO - Task exited with return code 0
[2025-11-25T12:33:06.732+0000] {taskinstance.py:3901} INFO - 1 downstream tasks scheduled from follow-on schedule check
[2025-11-25T12:33:06.736+0000] {local_task_job_runner.py:245} INFO - ::endgroup::
