[2025-11-13T11:58:50.121+0000] {local_task_job_runner.py:123} INFO - ::group::Pre task execution logs
[2025-11-13T11:58:50.172+0000] {taskinstance.py:2614} INFO - Dependencies all met for dep_context=non-requeueable deps ti=<TaskInstance: crawl_etl_itjob.load_bronze scheduled__2025-11-12T02:00:00+00:00 [queued]>
[2025-11-13T11:58:50.187+0000] {taskinstance.py:2614} INFO - Dependencies all met for dep_context=requeueable deps ti=<TaskInstance: crawl_etl_itjob.load_bronze scheduled__2025-11-12T02:00:00+00:00 [queued]>
[2025-11-13T11:58:50.188+0000] {taskinstance.py:2867} INFO - Starting attempt 1 of 2
[2025-11-13T11:58:50.205+0000] {taskinstance.py:2890} INFO - Executing <Task(BashOperator): load_bronze> on 2025-11-12 02:00:00+00:00
[2025-11-13T11:58:50.210+0000] {standard_task_runner.py:72} INFO - Started process 54 to run task
[2025-11-13T11:58:50.215+0000] {standard_task_runner.py:104} INFO - Running: ['***', 'tasks', 'run', 'crawl_etl_itjob', 'load_bronze', 'scheduled__2025-11-12T02:00:00+00:00', '--job-id', '154', '--raw', '--subdir', 'DAGS_FOLDER/Crawl_ETL_ITJob.py', '--cfg-path', '/tmp/tmp1sn93vuq']
[2025-11-13T11:58:50.217+0000] {standard_task_runner.py:105} INFO - Job 154: Subtask load_bronze
[2025-11-13T11:58:50.253+0000] {warnings.py:109} WARNING - /home/***/.local/lib/python3.8/site-packages/***/settings.py:209: DeprecationWarning: The sql_alchemy_conn option in [core] has been moved to the sql_alchemy_conn option in [database] - the old setting has been used, but please update your config.
  SQL_ALCHEMY_CONN = conf.get("database", "SQL_ALCHEMY_CONN")

[2025-11-13T11:58:50.360+0000] {task_command.py:467} INFO - Running <TaskInstance: crawl_etl_itjob.load_bronze scheduled__2025-11-12T02:00:00+00:00 [running]> on host a1de7f96d4f1
[2025-11-13T11:58:50.361+0000] {warnings.py:109} WARNING - /home/***/.local/lib/python3.8/site-packages/***/settings.py:470: DeprecationWarning: The sql_alchemy_conn option in [core] has been moved to the sql_alchemy_conn option in [database] - the old setting has been used, but please update your config.
  if conf.get("database", "sql_alchemy_conn") == "none://":

[2025-11-13T11:58:50.545+0000] {taskinstance.py:3134} INFO - Exporting env vars: AIRFLOW_CTX_DAG_EMAIL='alert@datateam.local' AIRFLOW_CTX_DAG_OWNER='***' AIRFLOW_CTX_DAG_ID='crawl_etl_itjob' AIRFLOW_CTX_TASK_ID='load_bronze' AIRFLOW_CTX_EXECUTION_DATE='2025-11-12T02:00:00+00:00' AIRFLOW_CTX_TRY_NUMBER='1' AIRFLOW_CTX_DAG_RUN_ID='scheduled__2025-11-12T02:00:00+00:00'
[2025-11-13T11:58:50.547+0000] {taskinstance.py:732} INFO - ::endgroup::
[2025-11-13T11:58:50.583+0000] {subprocess.py:78} INFO - Tmp dir root location: /tmp
[2025-11-13T11:58:50.585+0000] {subprocess.py:88} INFO - Running command: ['/bin/bash', '-c', "\n        docker exec spark-submit bash -c '\n        /opt/spark/bin/spark-submit         --master spark://spark-master:7077         --deploy-mode client         --packages org.apache.iceberg:iceberg-spark-runtime-3.5_2.12:1.5.0         /opt/spark/scripts/Load_Bronze.py\n        '\n        "]
[2025-11-13T11:58:50.600+0000] {subprocess.py:99} INFO - Output:
[2025-11-13T11:58:53.420+0000] {subprocess.py:106} INFO - :: loading settings :: url = jar:file:/opt/spark/jars/ivy-2.5.1.jar!/org/apache/ivy/core/settings/ivysettings.xml
[2025-11-13T11:58:53.568+0000] {subprocess.py:106} INFO - Ivy Default Cache set to: /home/spark/.ivy2/cache
[2025-11-13T11:58:53.569+0000] {subprocess.py:106} INFO - The jars for the packages stored in: /home/spark/.ivy2/jars
[2025-11-13T11:58:53.588+0000] {subprocess.py:106} INFO - org.apache.iceberg#iceberg-spark-runtime-3.5_2.12 added as a dependency
[2025-11-13T11:58:53.590+0000] {subprocess.py:106} INFO - :: resolving dependencies :: org.apache.spark#spark-submit-parent-04723c9c-2590-450f-8b0c-8ba5f78f4297;1.0
[2025-11-13T11:58:53.591+0000] {subprocess.py:106} INFO - 	confs: [default]
[2025-11-13T11:58:53.753+0000] {subprocess.py:106} INFO - 	found org.apache.iceberg#iceberg-spark-runtime-3.5_2.12;1.5.0 in central
[2025-11-13T11:58:53.771+0000] {subprocess.py:106} INFO - :: resolution report :: resolve 176ms :: artifacts dl 5ms
[2025-11-13T11:58:53.772+0000] {subprocess.py:106} INFO - 	:: modules in use:
[2025-11-13T11:58:53.773+0000] {subprocess.py:106} INFO - 	org.apache.iceberg#iceberg-spark-runtime-3.5_2.12;1.5.0 from central in [default]
[2025-11-13T11:58:53.774+0000] {subprocess.py:106} INFO - 	---------------------------------------------------------------------
[2025-11-13T11:58:53.774+0000] {subprocess.py:106} INFO - 	|                  |            modules            ||   artifacts   |
[2025-11-13T11:58:53.775+0000] {subprocess.py:106} INFO - 	|       conf       | number| search|dwnlded|evicted|| number|dwnlded|
[2025-11-13T11:58:53.776+0000] {subprocess.py:106} INFO - 	---------------------------------------------------------------------
[2025-11-13T11:58:53.776+0000] {subprocess.py:106} INFO - 	|      default     |   1   |   0   |   0   |   0   ||   1   |   0   |
[2025-11-13T11:58:53.777+0000] {subprocess.py:106} INFO - 	---------------------------------------------------------------------
[2025-11-13T11:58:53.778+0000] {subprocess.py:106} INFO - :: retrieving :: org.apache.spark#spark-submit-parent-04723c9c-2590-450f-8b0c-8ba5f78f4297
[2025-11-13T11:58:53.779+0000] {subprocess.py:106} INFO - 	confs: [default]
[2025-11-13T11:58:53.785+0000] {subprocess.py:106} INFO - 	0 artifacts copied, 1 already retrieved (0kB/9ms)
[2025-11-13T11:58:54.086+0000] {subprocess.py:106} INFO - 25/11/13 11:58:54 WARN NativeCodeLoader: Unable to load native-hadoop library for your platform... using builtin-java classes where applicable
[2025-11-13T11:58:56.178+0000] {subprocess.py:106} INFO - 25/11/13 11:58:56 INFO SparkContext: Running Spark version 3.5.3
[2025-11-13T11:58:56.179+0000] {subprocess.py:106} INFO - 25/11/13 11:58:56 INFO SparkContext: OS info Linux, 6.6.87.2-microsoft-standard-WSL2, amd64
[2025-11-13T11:58:56.180+0000] {subprocess.py:106} INFO - 25/11/13 11:58:56 INFO SparkContext: Java version 11.0.24
[2025-11-13T11:58:56.206+0000] {subprocess.py:106} INFO - 25/11/13 11:58:56 INFO ResourceUtils: ==============================================================
[2025-11-13T11:58:56.207+0000] {subprocess.py:106} INFO - 25/11/13 11:58:56 INFO ResourceUtils: No custom resources configured for spark.driver.
[2025-11-13T11:58:56.208+0000] {subprocess.py:106} INFO - 25/11/13 11:58:56 INFO ResourceUtils: ==============================================================
[2025-11-13T11:58:56.208+0000] {subprocess.py:106} INFO - 25/11/13 11:58:56 INFO SparkContext: Submitted application: Load_Bronze_Hive_Iceberg
[2025-11-13T11:58:56.247+0000] {subprocess.py:106} INFO - 25/11/13 11:58:56 INFO ResourceProfile: Default ResourceProfile created, executor resources: Map(memory -> name: memory, amount: 1024, script: , vendor: , offHeap -> name: offHeap, amount: 0, script: , vendor: ), task resources: Map(cpus -> name: cpus, amount: 1.0)
[2025-11-13T11:58:56.264+0000] {subprocess.py:106} INFO - 25/11/13 11:58:56 INFO ResourceProfile: Limiting resource is cpu
[2025-11-13T11:58:56.265+0000] {subprocess.py:106} INFO - 25/11/13 11:58:56 INFO ResourceProfileManager: Added ResourceProfile id: 0
[2025-11-13T11:58:56.360+0000] {subprocess.py:106} INFO - 25/11/13 11:58:56 INFO SecurityManager: Changing view acls to: spark
[2025-11-13T11:58:56.360+0000] {subprocess.py:106} INFO - 25/11/13 11:58:56 INFO SecurityManager: Changing modify acls to: spark
[2025-11-13T11:58:56.361+0000] {subprocess.py:106} INFO - 25/11/13 11:58:56 INFO SecurityManager: Changing view acls groups to:
[2025-11-13T11:58:56.362+0000] {subprocess.py:106} INFO - 25/11/13 11:58:56 INFO SecurityManager: Changing modify acls groups to:
[2025-11-13T11:58:56.362+0000] {subprocess.py:106} INFO - 25/11/13 11:58:56 INFO SecurityManager: SecurityManager: authentication disabled; ui acls disabled; users with view permissions: spark; groups with view permissions: EMPTY; users with modify permissions: spark; groups with modify permissions: EMPTY
[2025-11-13T11:58:56.678+0000] {subprocess.py:106} INFO - 25/11/13 11:58:56 INFO Utils: Successfully started service 'sparkDriver' on port 45053.
[2025-11-13T11:58:56.734+0000] {subprocess.py:106} INFO - 25/11/13 11:58:56 INFO SparkEnv: Registering MapOutputTracker
[2025-11-13T11:58:56.803+0000] {subprocess.py:106} INFO - 25/11/13 11:58:56 INFO SparkEnv: Registering BlockManagerMaster
[2025-11-13T11:58:56.827+0000] {subprocess.py:106} INFO - 25/11/13 11:58:56 INFO BlockManagerMasterEndpoint: Using org.apache.spark.storage.DefaultTopologyMapper for getting topology information
[2025-11-13T11:58:56.828+0000] {subprocess.py:106} INFO - 25/11/13 11:58:56 INFO BlockManagerMasterEndpoint: BlockManagerMasterEndpoint up
[2025-11-13T11:58:56.834+0000] {subprocess.py:106} INFO - 25/11/13 11:58:56 INFO SparkEnv: Registering BlockManagerMasterHeartbeat
[2025-11-13T11:58:56.889+0000] {subprocess.py:106} INFO - 25/11/13 11:58:56 INFO DiskBlockManager: Created local directory at /tmp/blockmgr-fff3eba3-737f-404a-a0cb-af7411ac3985
[2025-11-13T11:58:56.915+0000] {subprocess.py:106} INFO - 25/11/13 11:58:56 INFO MemoryStore: MemoryStore started with capacity 434.4 MiB
[2025-11-13T11:58:56.939+0000] {subprocess.py:106} INFO - 25/11/13 11:58:56 INFO SparkEnv: Registering OutputCommitCoordinator
[2025-11-13T11:58:57.176+0000] {subprocess.py:106} INFO - 25/11/13 11:58:57 INFO JettyUtils: Start Jetty 0.0.0.0:4040 for SparkUI
[2025-11-13T11:58:57.270+0000] {subprocess.py:106} INFO - 25/11/13 11:58:57 INFO Utils: Successfully started service 'SparkUI' on port 4040.
[2025-11-13T11:58:57.330+0000] {subprocess.py:106} INFO - 25/11/13 11:58:57 INFO SparkContext: Added JAR file:///home/spark/.ivy2/jars/org.apache.iceberg_iceberg-spark-runtime-3.5_2.12-1.5.0.jar at spark://68d0d8c522fe:45053/jars/org.apache.iceberg_iceberg-spark-runtime-3.5_2.12-1.5.0.jar with timestamp 1763035136165
[2025-11-13T11:58:57.336+0000] {subprocess.py:106} INFO - 25/11/13 11:58:57 INFO SparkContext: Added file file:///home/spark/.ivy2/jars/org.apache.iceberg_iceberg-spark-runtime-3.5_2.12-1.5.0.jar at spark://68d0d8c522fe:45053/files/org.apache.iceberg_iceberg-spark-runtime-3.5_2.12-1.5.0.jar with timestamp 1763035136165
[2025-11-13T11:58:57.341+0000] {subprocess.py:106} INFO - 25/11/13 11:58:57 INFO Utils: Copying /home/spark/.ivy2/jars/org.apache.iceberg_iceberg-spark-runtime-3.5_2.12-1.5.0.jar to /tmp/spark-108a293d-3c55-43ec-a77f-192511a425be/userFiles-9901edd5-b738-4622-9a71-2ae494cf56f4/org.apache.iceberg_iceberg-spark-runtime-3.5_2.12-1.5.0.jar
[2025-11-13T11:58:57.713+0000] {subprocess.py:106} INFO - 25/11/13 11:58:57 INFO StandaloneAppClient$ClientEndpoint: Connecting to master spark://spark-master:7077...
[2025-11-13T11:58:57.786+0000] {subprocess.py:106} INFO - 25/11/13 11:58:57 INFO TransportClientFactory: Successfully created connection to spark-master/172.30.0.6:7077 after 46 ms (0 ms spent in bootstraps)
[2025-11-13T11:58:58.337+0000] {subprocess.py:106} INFO - 25/11/13 11:58:58 INFO StandaloneSchedulerBackend: Connected to Spark cluster with app ID app-20251113115858-0000
[2025-11-13T11:58:58.353+0000] {subprocess.py:106} INFO - 25/11/13 11:58:58 INFO Utils: Successfully started service 'org.apache.spark.network.netty.NettyBlockTransferService' on port 35139.
[2025-11-13T11:58:58.354+0000] {subprocess.py:106} INFO - 25/11/13 11:58:58 INFO NettyBlockTransferService: Server created on 68d0d8c522fe:35139
[2025-11-13T11:58:58.359+0000] {subprocess.py:106} INFO - 25/11/13 11:58:58 INFO BlockManager: Using org.apache.spark.storage.RandomBlockReplicationPolicy for block replication policy
[2025-11-13T11:58:58.371+0000] {subprocess.py:106} INFO - 25/11/13 11:58:58 INFO BlockManagerMaster: Registering BlockManager BlockManagerId(driver, 68d0d8c522fe, 35139, None)
[2025-11-13T11:58:58.377+0000] {subprocess.py:106} INFO - 25/11/13 11:58:58 INFO BlockManagerMasterEndpoint: Registering block manager 68d0d8c522fe:35139 with 434.4 MiB RAM, BlockManagerId(driver, 68d0d8c522fe, 35139, None)
[2025-11-13T11:58:58.382+0000] {subprocess.py:106} INFO - 25/11/13 11:58:58 INFO BlockManagerMaster: Registered BlockManager BlockManagerId(driver, 68d0d8c522fe, 35139, None)
[2025-11-13T11:58:58.385+0000] {subprocess.py:106} INFO - 25/11/13 11:58:58 INFO BlockManager: Initialized BlockManager: BlockManagerId(driver, 68d0d8c522fe, 35139, None)
[2025-11-13T11:58:58.388+0000] {subprocess.py:106} INFO - 25/11/13 11:58:58 INFO StandaloneAppClient$ClientEndpoint: Executor added: app-20251113115858-0000/0 on worker-20251113112625-172.30.0.7-41323 (172.30.0.7:41323) with 1 core(s)
[2025-11-13T11:58:58.391+0000] {subprocess.py:106} INFO - 25/11/13 11:58:58 INFO StandaloneSchedulerBackend: Granted executor ID app-20251113115858-0000/0 on hostPort 172.30.0.7:41323 with 1 core(s), 1024.0 MiB RAM
[2025-11-13T11:58:58.693+0000] {subprocess.py:106} INFO - 25/11/13 11:58:58 INFO StandaloneAppClient$ClientEndpoint: Executor updated: app-20251113115858-0000/0 is now RUNNING
[2025-11-13T11:58:58.729+0000] {subprocess.py:106} INFO - 25/11/13 11:58:58 INFO StandaloneSchedulerBackend: SchedulerBackend is ready for scheduling beginning after reached minRegisteredResourcesRatio: 0.0
[2025-11-13T11:58:59.227+0000] {subprocess.py:106} INFO - 25/11/13 11:58:59 INFO SharedState: Setting hive.metastore.warehouse.dir ('null') to the value of spark.sql.warehouse.dir.
[2025-11-13T11:58:59.232+0000] {subprocess.py:106} INFO - 25/11/13 11:58:59 INFO SharedState: Warehouse path is 'file:/opt/spark/work-dir/spark-warehouse'.
[2025-11-13T11:59:02.877+0000] {subprocess.py:106} INFO - 25/11/13 11:59:02 INFO StandaloneSchedulerBackend$StandaloneDriverEndpoint: Registered executor NettyRpcEndpointRef(spark-client://Executor) (172.30.0.7:47360) with ID 0,  ResourceProfileId 0
[2025-11-13T11:59:03.065+0000] {subprocess.py:106} INFO - 25/11/13 11:59:03 INFO InMemoryFileIndex: It took 330 ms to list leaf files for 1 paths.
[2025-11-13T11:59:03.180+0000] {subprocess.py:106} INFO - 25/11/13 11:59:03 INFO BlockManagerMasterEndpoint: Registering block manager 172.30.0.7:38861 with 434.4 MiB RAM, BlockManagerId(0, 172.30.0.7, 38861, None)
[2025-11-13T11:59:03.370+0000] {subprocess.py:106} INFO - 25/11/13 11:59:03 INFO MemoryStore: Block broadcast_0 stored as values in memory (estimated size 203.7 KiB, free 434.2 MiB)
[2025-11-13T11:59:03.525+0000] {subprocess.py:106} INFO - 25/11/13 11:59:03 INFO MemoryStore: Block broadcast_0_piece0 stored as bytes in memory (estimated size 35.3 KiB, free 434.2 MiB)
[2025-11-13T11:59:03.531+0000] {subprocess.py:106} INFO - 25/11/13 11:59:03 INFO BlockManagerInfo: Added broadcast_0_piece0 in memory on 68d0d8c522fe:35139 (size: 35.3 KiB, free: 434.4 MiB)
[2025-11-13T11:59:03.538+0000] {subprocess.py:106} INFO - 25/11/13 11:59:03 INFO SparkContext: Created broadcast 0 from csv at <unknown>:0
[2025-11-13T11:59:04.639+0000] {subprocess.py:106} INFO - 25/11/13 11:59:04 INFO FileInputFormat: Total input files to process : 1
[2025-11-13T11:59:04.648+0000] {subprocess.py:106} INFO - 25/11/13 11:59:04 INFO FileInputFormat: Total input files to process : 1
[2025-11-13T11:59:04.738+0000] {subprocess.py:106} INFO - 25/11/13 11:59:04 INFO SparkContext: Starting job: csv at <unknown>:0
[2025-11-13T11:59:04.769+0000] {subprocess.py:106} INFO - 25/11/13 11:59:04 INFO DAGScheduler: Got job 0 (csv at <unknown>:0) with 1 output partitions
[2025-11-13T11:59:04.770+0000] {subprocess.py:106} INFO - 25/11/13 11:59:04 INFO DAGScheduler: Final stage: ResultStage 0 (csv at <unknown>:0)
[2025-11-13T11:59:04.771+0000] {subprocess.py:106} INFO - 25/11/13 11:59:04 INFO DAGScheduler: Parents of final stage: List()
[2025-11-13T11:59:04.775+0000] {subprocess.py:106} INFO - 25/11/13 11:59:04 INFO DAGScheduler: Missing parents: List()
[2025-11-13T11:59:04.785+0000] {subprocess.py:106} INFO - 25/11/13 11:59:04 INFO DAGScheduler: Submitting ResultStage 0 (MapPartitionsRDD[2] at csv at <unknown>:0), which has no missing parents
[2025-11-13T11:59:04.832+0000] {subprocess.py:106} INFO - 25/11/13 11:59:04 INFO MemoryStore: Block broadcast_1 stored as values in memory (estimated size 7.6 KiB, free 434.2 MiB)
[2025-11-13T11:59:04.838+0000] {subprocess.py:106} INFO - 25/11/13 11:59:04 INFO MemoryStore: Block broadcast_1_piece0 stored as bytes in memory (estimated size 4.4 KiB, free 434.2 MiB)
[2025-11-13T11:59:04.840+0000] {subprocess.py:106} INFO - 25/11/13 11:59:04 INFO BlockManagerInfo: Added broadcast_1_piece0 in memory on 68d0d8c522fe:35139 (size: 4.4 KiB, free: 434.4 MiB)
[2025-11-13T11:59:04.841+0000] {subprocess.py:106} INFO - 25/11/13 11:59:04 INFO SparkContext: Created broadcast 1 from broadcast at DAGScheduler.scala:1585
[2025-11-13T11:59:04.913+0000] {subprocess.py:106} INFO - 25/11/13 11:59:04 INFO DAGScheduler: Submitting 1 missing tasks from ResultStage 0 (MapPartitionsRDD[2] at csv at <unknown>:0) (first 15 tasks are for partitions Vector(0))
[2025-11-13T11:59:04.915+0000] {subprocess.py:106} INFO - 25/11/13 11:59:04 INFO TaskSchedulerImpl: Adding task set 0.0 with 1 tasks resource profile 0
[2025-11-13T11:59:05.676+0000] {subprocess.py:106} INFO - 25/11/13 11:59:05 INFO TaskSetManager: Starting task 0.0 in stage 0.0 (TID 0) (172.30.0.7, executor 0, partition 0, PROCESS_LOCAL, 9484 bytes)
[2025-11-13T11:59:06.131+0000] {subprocess.py:106} INFO - 25/11/13 11:59:06 INFO BlockManagerInfo: Added broadcast_1_piece0 in memory on 172.30.0.7:38861 (size: 4.4 KiB, free: 434.4 MiB)
[2025-11-13T11:59:06.622+0000] {subprocess.py:106} INFO - 25/11/13 11:59:06 INFO BlockManagerInfo: Added broadcast_0_piece0 in memory on 172.30.0.7:38861 (size: 35.3 KiB, free: 434.4 MiB)
[2025-11-13T11:59:07.925+0000] {subprocess.py:106} INFO - 25/11/13 11:59:07 INFO TaskSetManager: Finished task 0.0 in stage 0.0 (TID 0) in 2283 ms on 172.30.0.7 (executor 0) (1/1)
[2025-11-13T11:59:07.928+0000] {subprocess.py:106} INFO - 25/11/13 11:59:07 INFO TaskSchedulerImpl: Removed TaskSet 0.0, whose tasks have all completed, from pool
[2025-11-13T11:59:07.938+0000] {subprocess.py:106} INFO - 25/11/13 11:59:07 INFO DAGScheduler: ResultStage 0 (csv at <unknown>:0) finished in 3.117 s
[2025-11-13T11:59:07.948+0000] {subprocess.py:106} INFO - 25/11/13 11:59:07 INFO DAGScheduler: Job 0 is finished. Cancelling potential speculative or zombie tasks for this job
[2025-11-13T11:59:07.949+0000] {subprocess.py:106} INFO - 25/11/13 11:59:07 INFO TaskSchedulerImpl: Killing all running tasks in stage 0: Stage finished
[2025-11-13T11:59:07.952+0000] {subprocess.py:106} INFO - 25/11/13 11:59:07 INFO DAGScheduler: Job 0 finished: csv at <unknown>:0, took 3.186081 s
[2025-11-13T11:59:08.353+0000] {subprocess.py:106} INFO - 25/11/13 11:59:08 INFO BlockManagerInfo: Removed broadcast_1_piece0 on 68d0d8c522fe:35139 in memory (size: 4.4 KiB, free: 434.4 MiB)
[2025-11-13T11:59:08.361+0000] {subprocess.py:106} INFO - 25/11/13 11:59:08 INFO BlockManagerInfo: Removed broadcast_1_piece0 on 172.30.0.7:38861 in memory (size: 4.4 KiB, free: 434.4 MiB)
[2025-11-13T11:59:08.381+0000] {subprocess.py:106} INFO - 25/11/13 11:59:08 INFO BlockManagerInfo: Removed broadcast_0_piece0 on 68d0d8c522fe:35139 in memory (size: 35.3 KiB, free: 434.4 MiB)
[2025-11-13T11:59:08.386+0000] {subprocess.py:106} INFO - 25/11/13 11:59:08 INFO BlockManagerInfo: Removed broadcast_0_piece0 on 172.30.0.7:38861 in memory (size: 35.3 KiB, free: 434.4 MiB)
[2025-11-13T11:59:09.977+0000] {subprocess.py:106} INFO - 25/11/13 11:59:09 INFO FileSourceStrategy: Pushed Filters:
[2025-11-13T11:59:09.980+0000] {subprocess.py:106} INFO - 25/11/13 11:59:09 INFO FileSourceStrategy: Post-Scan Filters:
[2025-11-13T11:59:10.649+0000] {subprocess.py:106} INFO - 25/11/13 11:59:10 INFO CodeGenerator: Code generated in 275.594411 ms
[2025-11-13T11:59:10.659+0000] {subprocess.py:106} INFO - 25/11/13 11:59:10 INFO MemoryStore: Block broadcast_2 stored as values in memory (estimated size 203.1 KiB, free 434.2 MiB)
[2025-11-13T11:59:10.710+0000] {subprocess.py:106} INFO - 25/11/13 11:59:10 INFO MemoryStore: Block broadcast_2_piece0 stored as bytes in memory (estimated size 35.1 KiB, free 434.2 MiB)
[2025-11-13T11:59:10.712+0000] {subprocess.py:106} INFO - 25/11/13 11:59:10 INFO BlockManagerInfo: Added broadcast_2_piece0 in memory on 68d0d8c522fe:35139 (size: 35.1 KiB, free: 434.4 MiB)
[2025-11-13T11:59:10.713+0000] {subprocess.py:106} INFO - 25/11/13 11:59:10 INFO SparkContext: Created broadcast 2 from count at <unknown>:0
[2025-11-13T11:59:10.734+0000] {subprocess.py:106} INFO - 25/11/13 11:59:10 INFO FileSourceScanExec: Planning scan with bin packing, max size: 4194304 bytes, open cost is considered as scanning 4194304 bytes.
[2025-11-13T11:59:10.819+0000] {subprocess.py:106} INFO - 25/11/13 11:59:10 INFO DAGScheduler: Registering RDD 7 (count at <unknown>:0) as input to shuffle 0
[2025-11-13T11:59:10.824+0000] {subprocess.py:106} INFO - 25/11/13 11:59:10 INFO DAGScheduler: Got map stage job 1 (count at <unknown>:0) with 1 output partitions
[2025-11-13T11:59:10.825+0000] {subprocess.py:106} INFO - 25/11/13 11:59:10 INFO DAGScheduler: Final stage: ShuffleMapStage 1 (count at <unknown>:0)
[2025-11-13T11:59:10.826+0000] {subprocess.py:106} INFO - 25/11/13 11:59:10 INFO DAGScheduler: Parents of final stage: List()
[2025-11-13T11:59:10.829+0000] {subprocess.py:106} INFO - 25/11/13 11:59:10 INFO DAGScheduler: Missing parents: List()
[2025-11-13T11:59:10.833+0000] {subprocess.py:106} INFO - 25/11/13 11:59:10 INFO DAGScheduler: Submitting ShuffleMapStage 1 (MapPartitionsRDD[7] at count at <unknown>:0), which has no missing parents
[2025-11-13T11:59:10.888+0000] {subprocess.py:106} INFO - 25/11/13 11:59:10 INFO MemoryStore: Block broadcast_3 stored as values in memory (estimated size 18.0 KiB, free 434.1 MiB)
[2025-11-13T11:59:10.920+0000] {subprocess.py:106} INFO - 25/11/13 11:59:10 INFO MemoryStore: Block broadcast_3_piece0 stored as bytes in memory (estimated size 8.9 KiB, free 434.1 MiB)
[2025-11-13T11:59:10.920+0000] {subprocess.py:106} INFO - 25/11/13 11:59:10 INFO BlockManagerInfo: Added broadcast_3_piece0 in memory on 68d0d8c522fe:35139 (size: 8.9 KiB, free: 434.4 MiB)
[2025-11-13T11:59:10.921+0000] {subprocess.py:106} INFO - 25/11/13 11:59:10 INFO SparkContext: Created broadcast 3 from broadcast at DAGScheduler.scala:1585
[2025-11-13T11:59:10.924+0000] {subprocess.py:106} INFO - 25/11/13 11:59:10 INFO DAGScheduler: Submitting 1 missing tasks from ShuffleMapStage 1 (MapPartitionsRDD[7] at count at <unknown>:0) (first 15 tasks are for partitions Vector(0))
[2025-11-13T11:59:10.925+0000] {subprocess.py:106} INFO - 25/11/13 11:59:10 INFO TaskSchedulerImpl: Adding task set 1.0 with 1 tasks resource profile 0
[2025-11-13T11:59:10.935+0000] {subprocess.py:106} INFO - 25/11/13 11:59:10 INFO TaskSetManager: Starting task 0.0 in stage 1.0 (TID 1) (172.30.0.7, executor 0, partition 0, ANY, 9944 bytes)
[2025-11-13T11:59:11.000+0000] {subprocess.py:106} INFO - 25/11/13 11:59:10 INFO BlockManagerInfo: Added broadcast_3_piece0 in memory on 172.30.0.7:38861 (size: 8.9 KiB, free: 434.4 MiB)
[2025-11-13T11:59:11.858+0000] {subprocess.py:106} INFO - 25/11/13 11:59:11 INFO BlockManagerInfo: Added broadcast_2_piece0 in memory on 172.30.0.7:38861 (size: 35.1 KiB, free: 434.4 MiB)
[2025-11-13T11:59:12.063+0000] {subprocess.py:106} INFO - 25/11/13 11:59:12 INFO TaskSetManager: Finished task 0.0 in stage 1.0 (TID 1) in 1133 ms on 172.30.0.7 (executor 0) (1/1)
[2025-11-13T11:59:12.064+0000] {subprocess.py:106} INFO - 25/11/13 11:59:12 INFO TaskSchedulerImpl: Removed TaskSet 1.0, whose tasks have all completed, from pool
[2025-11-13T11:59:12.066+0000] {subprocess.py:106} INFO - 25/11/13 11:59:12 INFO DAGScheduler: ShuffleMapStage 1 (count at <unknown>:0) finished in 1.223 s
[2025-11-13T11:59:12.067+0000] {subprocess.py:106} INFO - 25/11/13 11:59:12 INFO DAGScheduler: looking for newly runnable stages
[2025-11-13T11:59:12.068+0000] {subprocess.py:106} INFO - 25/11/13 11:59:12 INFO DAGScheduler: running: Set()
[2025-11-13T11:59:12.070+0000] {subprocess.py:106} INFO - 25/11/13 11:59:12 INFO DAGScheduler: waiting: Set()
[2025-11-13T11:59:12.071+0000] {subprocess.py:106} INFO - 25/11/13 11:59:12 INFO DAGScheduler: failed: Set()
[2025-11-13T11:59:12.126+0000] {subprocess.py:106} INFO - 25/11/13 11:59:12 INFO CodeGenerator: Code generated in 17.25957 ms
[2025-11-13T11:59:12.158+0000] {subprocess.py:106} INFO - 25/11/13 11:59:12 INFO SparkContext: Starting job: count at <unknown>:0
[2025-11-13T11:59:12.162+0000] {subprocess.py:106} INFO - 25/11/13 11:59:12 INFO DAGScheduler: Got job 2 (count at <unknown>:0) with 1 output partitions
[2025-11-13T11:59:12.167+0000] {subprocess.py:106} INFO - 25/11/13 11:59:12 INFO DAGScheduler: Final stage: ResultStage 3 (count at <unknown>:0)
[2025-11-13T11:59:12.168+0000] {subprocess.py:106} INFO - 25/11/13 11:59:12 INFO DAGScheduler: Parents of final stage: List(ShuffleMapStage 2)
[2025-11-13T11:59:12.169+0000] {subprocess.py:106} INFO - 25/11/13 11:59:12 INFO DAGScheduler: Missing parents: List()
[2025-11-13T11:59:12.169+0000] {subprocess.py:106} INFO - 25/11/13 11:59:12 INFO DAGScheduler: Submitting ResultStage 3 (MapPartitionsRDD[10] at count at <unknown>:0), which has no missing parents
[2025-11-13T11:59:12.172+0000] {subprocess.py:106} INFO - 25/11/13 11:59:12 INFO MemoryStore: Block broadcast_4 stored as values in memory (estimated size 12.5 KiB, free 434.1 MiB)
[2025-11-13T11:59:12.187+0000] {subprocess.py:106} INFO - 25/11/13 11:59:12 INFO MemoryStore: Block broadcast_4_piece0 stored as bytes in memory (estimated size 5.9 KiB, free 434.1 MiB)
[2025-11-13T11:59:12.188+0000] {subprocess.py:106} INFO - 25/11/13 11:59:12 INFO BlockManagerInfo: Added broadcast_4_piece0 in memory on 68d0d8c522fe:35139 (size: 5.9 KiB, free: 434.4 MiB)
[2025-11-13T11:59:12.189+0000] {subprocess.py:106} INFO - 25/11/13 11:59:12 INFO SparkContext: Created broadcast 4 from broadcast at DAGScheduler.scala:1585
[2025-11-13T11:59:12.190+0000] {subprocess.py:106} INFO - 25/11/13 11:59:12 INFO DAGScheduler: Submitting 1 missing tasks from ResultStage 3 (MapPartitionsRDD[10] at count at <unknown>:0) (first 15 tasks are for partitions Vector(0))
[2025-11-13T11:59:12.191+0000] {subprocess.py:106} INFO - 25/11/13 11:59:12 INFO TaskSchedulerImpl: Adding task set 3.0 with 1 tasks resource profile 0
[2025-11-13T11:59:12.210+0000] {subprocess.py:106} INFO - 25/11/13 11:59:12 INFO BlockManagerInfo: Removed broadcast_3_piece0 on 68d0d8c522fe:35139 in memory (size: 8.9 KiB, free: 434.4 MiB)
[2025-11-13T11:59:12.211+0000] {subprocess.py:106} INFO - 25/11/13 11:59:12 INFO TaskSetManager: Starting task 0.0 in stage 3.0 (TID 2) (172.30.0.7, executor 0, partition 0, NODE_LOCAL, 9331 bytes)
[2025-11-13T11:59:12.216+0000] {subprocess.py:106} INFO - 25/11/13 11:59:12 INFO BlockManagerInfo: Removed broadcast_3_piece0 on 172.30.0.7:38861 in memory (size: 8.9 KiB, free: 434.4 MiB)
[2025-11-13T11:59:12.243+0000] {subprocess.py:106} INFO - 25/11/13 11:59:12 INFO BlockManagerInfo: Added broadcast_4_piece0 in memory on 172.30.0.7:38861 (size: 5.9 KiB, free: 434.4 MiB)
[2025-11-13T11:59:12.280+0000] {subprocess.py:106} INFO - 25/11/13 11:59:12 INFO MapOutputTrackerMasterEndpoint: Asked to send map output locations for shuffle 0 to 172.30.0.7:47360
[2025-11-13T11:59:12.488+0000] {subprocess.py:106} INFO - 25/11/13 11:59:12 INFO TaskSetManager: Finished task 0.0 in stage 3.0 (TID 2) in 281 ms on 172.30.0.7 (executor 0) (1/1)
[2025-11-13T11:59:12.491+0000] {subprocess.py:106} INFO - 25/11/13 11:59:12 INFO TaskSchedulerImpl: Removed TaskSet 3.0, whose tasks have all completed, from pool
[2025-11-13T11:59:12.492+0000] {subprocess.py:106} INFO - 25/11/13 11:59:12 INFO DAGScheduler: ResultStage 3 (count at <unknown>:0) finished in 0.319 s
[2025-11-13T11:59:12.493+0000] {subprocess.py:106} INFO - 25/11/13 11:59:12 INFO DAGScheduler: Job 2 is finished. Cancelling potential speculative or zombie tasks for this job
[2025-11-13T11:59:12.493+0000] {subprocess.py:106} INFO - 25/11/13 11:59:12 INFO TaskSchedulerImpl: Killing all running tasks in stage 3: Stage finished
[2025-11-13T11:59:12.494+0000] {subprocess.py:106} INFO - 25/11/13 11:59:12 INFO DAGScheduler: Job 2 finished: count at <unknown>:0, took 0.332906 s
[2025-11-13T11:59:12.506+0000] {subprocess.py:106} INFO -  Record loaded from CSV: 4195
[2025-11-13T11:59:12.511+0000] {subprocess.py:106} INFO - root
[2025-11-13T11:59:12.512+0000] {subprocess.py:106} INFO -  |-- job_title: string (nullable = true)
[2025-11-13T11:59:12.513+0000] {subprocess.py:106} INFO -  |-- company_name: string (nullable = true)
[2025-11-13T11:59:12.514+0000] {subprocess.py:106} INFO -  |-- location: string (nullable = true)
[2025-11-13T11:59:12.515+0000] {subprocess.py:106} INFO -  |-- skills_required: string (nullable = true)
[2025-11-13T11:59:12.515+0000] {subprocess.py:106} INFO -  |-- date_posted: string (nullable = true)
[2025-11-13T11:59:12.516+0000] {subprocess.py:106} INFO -  |-- job_link: string (nullable = true)
[2025-11-13T11:59:12.517+0000] {subprocess.py:106} INFO -  |-- job_category: string (nullable = true)
[2025-11-13T11:59:12.517+0000] {subprocess.py:106} INFO -  |-- work_mode: string (nullable = true)
[2025-11-13T11:59:12.518+0000] {subprocess.py:106} INFO -  |-- crawl_date: string (nullable = true)
[2025-11-13T11:59:12.518+0000] {subprocess.py:106} INFO -  |-- date_only: string (nullable = true)
[2025-11-13T11:59:12.519+0000] {subprocess.py:106} INFO - 
[2025-11-13T11:59:13.079+0000] {subprocess.py:106} INFO - 25/11/13 11:59:13 INFO HiveConf: Found configuration file null
[2025-11-13T11:59:13.373+0000] {subprocess.py:106} INFO - 25/11/13 11:59:13 INFO metastore: Trying to connect to metastore with URI thrift://hive-metastore:9083
[2025-11-13T11:59:13.414+0000] {subprocess.py:106} INFO - 25/11/13 11:59:13 INFO metastore: Opened a connection to metastore, current connections: 1
[2025-11-13T11:59:14.387+0000] {subprocess.py:106} INFO - 25/11/13 11:59:14 INFO metastore: Connected to metastore.
[2025-11-13T11:59:14.561+0000] {subprocess.py:106} INFO - 25/11/13 11:59:14 INFO BlockManagerInfo: Removed broadcast_4_piece0 on 68d0d8c522fe:35139 in memory (size: 5.9 KiB, free: 434.4 MiB)
[2025-11-13T11:59:14.566+0000] {subprocess.py:106} INFO - 25/11/13 11:59:14 INFO BlockManagerInfo: Removed broadcast_4_piece0 on 172.30.0.7:38861 in memory (size: 5.9 KiB, free: 434.4 MiB)
[2025-11-13T11:59:14.594+0000] {subprocess.py:106} INFO - 25/11/13 11:59:14 INFO BlockManagerInfo: Removed broadcast_2_piece0 on 68d0d8c522fe:35139 in memory (size: 35.1 KiB, free: 434.4 MiB)
[2025-11-13T11:59:14.600+0000] {subprocess.py:106} INFO - 25/11/13 11:59:14 INFO BlockManagerInfo: Removed broadcast_2_piece0 on 172.30.0.7:38861 in memory (size: 35.1 KiB, free: 434.4 MiB)
[2025-11-13T11:59:16.076+0000] {subprocess.py:106} INFO - 25/11/13 11:59:16 INFO BaseMetastoreTableOperations: Refreshing table metadata from new version: hdfs://dinhhoa-master:9000/user/ndh/warehouse/bronze.db/it_jobs_raw/metadata/00014-c7992a9d-19a4-4c41-b1c8-1a161fcfa49d.metadata.json
[2025-11-13T11:59:16.769+0000] {subprocess.py:106} INFO - 25/11/13 11:59:16 INFO BaseMetastoreCatalog: Table loaded by catalog: hive_catalog.bronze.it_jobs_raw
[2025-11-13T11:59:17.084+0000] {subprocess.py:106} INFO - 25/11/13 11:59:17 INFO V2ScanRelationPushDown:
[2025-11-13T11:59:17.085+0000] {subprocess.py:106} INFO - Pushing operators to hive_catalog.bronze.it_jobs_raw
[2025-11-13T11:59:17.086+0000] {subprocess.py:106} INFO - Pushed Filters: job_link IS NOT NULL
[2025-11-13T11:59:17.087+0000] {subprocess.py:106} INFO - Post-Scan Filters: isnotnull(job_link#66)
[2025-11-13T11:59:17.087+0000] {subprocess.py:106} INFO - 
[2025-11-13T11:59:17.160+0000] {subprocess.py:106} INFO - 25/11/13 11:59:17 INFO V2ScanRelationPushDown:
[2025-11-13T11:59:17.162+0000] {subprocess.py:106} INFO - Output: job_link#66
[2025-11-13T11:59:17.163+0000] {subprocess.py:106} INFO - 
[2025-11-13T11:59:17.187+0000] {subprocess.py:106} INFO - 25/11/13 11:59:17 INFO SnapshotScan: Scanning table hive_catalog.bronze.it_jobs_raw snapshot 5352840985616303625 created at 2025-11-12T15:26:02.066+00:00 with filter job_link IS NOT NULL
[2025-11-13T11:59:17.631+0000] {subprocess.py:106} INFO - 25/11/13 11:59:17 INFO BaseDistributedDataScan: Planning file tasks locally for table hive_catalog.bronze.it_jobs_raw
[2025-11-13T11:59:18.067+0000] {subprocess.py:106} INFO - 25/11/13 11:59:18 INFO SparkPartitioningAwareScan: Reporting UnknownPartitioning with 4 partition(s) for table hive_catalog.bronze.it_jobs_raw
[2025-11-13T11:59:18.151+0000] {subprocess.py:106} INFO - 25/11/13 11:59:18 INFO FileSourceStrategy: Pushed Filters:
[2025-11-13T11:59:18.152+0000] {subprocess.py:106} INFO - 25/11/13 11:59:18 INFO FileSourceStrategy: Post-Scan Filters:
[2025-11-13T11:59:18.172+0000] {subprocess.py:106} INFO - 25/11/13 11:59:18 INFO MemoryStore: Block broadcast_5 stored as values in memory (estimated size 32.0 KiB, free 434.4 MiB)
[2025-11-13T11:59:18.197+0000] {subprocess.py:106} INFO - 25/11/13 11:59:18 INFO MemoryStore: Block broadcast_5_piece0 stored as bytes in memory (estimated size 29.7 KiB, free 434.3 MiB)
[2025-11-13T11:59:18.203+0000] {subprocess.py:106} INFO - 25/11/13 11:59:18 INFO BlockManagerInfo: Added broadcast_5_piece0 in memory on 68d0d8c522fe:35139 (size: 29.7 KiB, free: 434.4 MiB)
[2025-11-13T11:59:18.204+0000] {subprocess.py:106} INFO - 25/11/13 11:59:18 INFO SparkContext: Created broadcast 5 from broadcast at SparkBatch.java:79
[2025-11-13T11:59:18.265+0000] {subprocess.py:106} INFO - 25/11/13 11:59:18 INFO MemoryStore: Block broadcast_6 stored as values in memory (estimated size 32.0 KiB, free 434.3 MiB)
[2025-11-13T11:59:18.275+0000] {subprocess.py:106} INFO - 25/11/13 11:59:18 INFO MemoryStore: Block broadcast_6_piece0 stored as bytes in memory (estimated size 29.7 KiB, free 434.3 MiB)
[2025-11-13T11:59:18.277+0000] {subprocess.py:106} INFO - 25/11/13 11:59:18 INFO BlockManagerInfo: Added broadcast_6_piece0 in memory on 68d0d8c522fe:35139 (size: 29.7 KiB, free: 434.3 MiB)
[2025-11-13T11:59:18.278+0000] {subprocess.py:106} INFO - 25/11/13 11:59:18 INFO SparkContext: Created broadcast 6 from broadcast at SparkBatch.java:79
[2025-11-13T11:59:18.414+0000] {subprocess.py:106} INFO - 25/11/13 11:59:18 INFO CodeGenerator: Code generated in 31.08468 ms
[2025-11-13T11:59:18.456+0000] {subprocess.py:106} INFO - 25/11/13 11:59:18 INFO SparkContext: Starting job: $anonfun$withThreadLocalCaptured$1 at <unknown>:0
[2025-11-13T11:59:18.457+0000] {subprocess.py:106} INFO - 25/11/13 11:59:18 INFO DAGScheduler: Got job 3 ($anonfun$withThreadLocalCaptured$1 at <unknown>:0) with 4 output partitions
[2025-11-13T11:59:18.458+0000] {subprocess.py:106} INFO - 25/11/13 11:59:18 INFO DAGScheduler: Final stage: ResultStage 4 ($anonfun$withThreadLocalCaptured$1 at <unknown>:0)
[2025-11-13T11:59:18.460+0000] {subprocess.py:106} INFO - 25/11/13 11:59:18 INFO DAGScheduler: Parents of final stage: List()
[2025-11-13T11:59:18.461+0000] {subprocess.py:106} INFO - 25/11/13 11:59:18 INFO DAGScheduler: Missing parents: List()
[2025-11-13T11:59:18.461+0000] {subprocess.py:106} INFO - 25/11/13 11:59:18 INFO DAGScheduler: Submitting ResultStage 4 (MapPartitionsRDD[14] at $anonfun$withThreadLocalCaptured$1 at <unknown>:0), which has no missing parents
[2025-11-13T11:59:18.465+0000] {subprocess.py:106} INFO - 25/11/13 11:59:18 INFO MemoryStore: Block broadcast_7 stored as values in memory (estimated size 13.7 KiB, free 434.3 MiB)
[2025-11-13T11:59:18.481+0000] {subprocess.py:106} INFO - 25/11/13 11:59:18 INFO MemoryStore: Block broadcast_7_piece0 stored as bytes in memory (estimated size 5.5 KiB, free 434.3 MiB)
[2025-11-13T11:59:18.482+0000] {subprocess.py:106} INFO - 25/11/13 11:59:18 INFO BlockManagerInfo: Added broadcast_7_piece0 in memory on 68d0d8c522fe:35139 (size: 5.5 KiB, free: 434.3 MiB)
[2025-11-13T11:59:18.483+0000] {subprocess.py:106} INFO - 25/11/13 11:59:18 INFO SparkContext: Created broadcast 7 from broadcast at DAGScheduler.scala:1585
[2025-11-13T11:59:18.484+0000] {subprocess.py:106} INFO - 25/11/13 11:59:18 INFO DAGScheduler: Submitting 4 missing tasks from ResultStage 4 (MapPartitionsRDD[14] at $anonfun$withThreadLocalCaptured$1 at <unknown>:0) (first 15 tasks are for partitions Vector(0, 1, 2, 3))
[2025-11-13T11:59:18.485+0000] {subprocess.py:106} INFO - 25/11/13 11:59:18 INFO TaskSchedulerImpl: Adding task set 4.0 with 4 tasks resource profile 0
[2025-11-13T11:59:18.508+0000] {subprocess.py:106} INFO - 25/11/13 11:59:18 INFO TaskSetManager: Starting task 0.0 in stage 4.0 (TID 3) (172.30.0.7, executor 0, partition 0, ANY, 15761 bytes)
[2025-11-13T11:59:19.045+0000] {subprocess.py:106} INFO - 25/11/13 11:59:19 INFO BlockManagerInfo: Added broadcast_7_piece0 in memory on 172.30.0.7:38861 (size: 5.5 KiB, free: 434.4 MiB)
[2025-11-13T11:59:19.124+0000] {subprocess.py:106} INFO - 25/11/13 11:59:19 INFO BlockManagerInfo: Added broadcast_6_piece0 in memory on 172.30.0.7:38861 (size: 29.7 KiB, free: 434.4 MiB)
[2025-11-13T11:59:21.409+0000] {subprocess.py:106} INFO - 25/11/13 11:59:21 INFO TaskSetManager: Starting task 1.0 in stage 4.0 (TID 4) (172.30.0.7, executor 0, partition 1, ANY, 15762 bytes)
[2025-11-13T11:59:21.412+0000] {subprocess.py:106} INFO - 25/11/13 11:59:21 INFO TaskSetManager: Finished task 0.0 in stage 4.0 (TID 3) in 2925 ms on 172.30.0.7 (executor 0) (1/4)
[2025-11-13T11:59:21.882+0000] {subprocess.py:106} INFO - 25/11/13 11:59:21 INFO TaskSetManager: Starting task 2.0 in stage 4.0 (TID 5) (172.30.0.7, executor 0, partition 2, ANY, 15762 bytes)
[2025-11-13T11:59:21.883+0000] {subprocess.py:106} INFO - 25/11/13 11:59:21 INFO TaskSetManager: Finished task 1.0 in stage 4.0 (TID 4) in 476 ms on 172.30.0.7 (executor 0) (2/4)
[2025-11-13T11:59:22.353+0000] {subprocess.py:106} INFO - 25/11/13 11:59:22 INFO TaskSetManager: Starting task 3.0 in stage 4.0 (TID 6) (172.30.0.7, executor 0, partition 3, ANY, 15285 bytes)
[2025-11-13T11:59:22.355+0000] {subprocess.py:106} INFO - 25/11/13 11:59:22 INFO TaskSetManager: Finished task 2.0 in stage 4.0 (TID 5) in 474 ms on 172.30.0.7 (executor 0) (3/4)
[2025-11-13T11:59:22.751+0000] {subprocess.py:106} INFO - 25/11/13 11:59:22 INFO TaskSetManager: Finished task 3.0 in stage 4.0 (TID 6) in 399 ms on 172.30.0.7 (executor 0) (4/4)
[2025-11-13T11:59:22.753+0000] {subprocess.py:106} INFO - 25/11/13 11:59:22 INFO TaskSchedulerImpl: Removed TaskSet 4.0, whose tasks have all completed, from pool
[2025-11-13T11:59:22.753+0000] {subprocess.py:106} INFO - 25/11/13 11:59:22 INFO DAGScheduler: ResultStage 4 ($anonfun$withThreadLocalCaptured$1 at <unknown>:0) finished in 4.288 s
[2025-11-13T11:59:22.754+0000] {subprocess.py:106} INFO - 25/11/13 11:59:22 INFO DAGScheduler: Job 3 is finished. Cancelling potential speculative or zombie tasks for this job
[2025-11-13T11:59:22.754+0000] {subprocess.py:106} INFO - 25/11/13 11:59:22 INFO TaskSchedulerImpl: Killing all running tasks in stage 4: Stage finished
[2025-11-13T11:59:22.755+0000] {subprocess.py:106} INFO - 25/11/13 11:59:22 INFO DAGScheduler: Job 3 finished: $anonfun$withThreadLocalCaptured$1 at <unknown>:0, took 4.296884 s
[2025-11-13T11:59:22.784+0000] {subprocess.py:106} INFO - 25/11/13 11:59:22 INFO CodeGenerator: Code generated in 9.451481 ms
[2025-11-13T11:59:22.807+0000] {subprocess.py:106} INFO - 25/11/13 11:59:22 INFO BlockManagerInfo: Removed broadcast_7_piece0 on 68d0d8c522fe:35139 in memory (size: 5.5 KiB, free: 434.3 MiB)
[2025-11-13T11:59:22.808+0000] {subprocess.py:106} INFO - 25/11/13 11:59:22 INFO BlockManagerInfo: Removed broadcast_7_piece0 on 172.30.0.7:38861 in memory (size: 5.5 KiB, free: 434.4 MiB)
[2025-11-13T11:59:22.862+0000] {subprocess.py:106} INFO - 25/11/13 11:59:22 INFO MemoryStore: Block broadcast_8_piece0 stored as bytes in memory (estimated size 242.4 KiB, free 434.0 MiB)
[2025-11-13T11:59:22.864+0000] {subprocess.py:106} INFO - 25/11/13 11:59:22 INFO BlockManagerInfo: Added broadcast_8_piece0 in memory on 68d0d8c522fe:35139 (size: 242.4 KiB, free: 434.1 MiB)
[2025-11-13T11:59:22.865+0000] {subprocess.py:106} INFO - 25/11/13 11:59:22 INFO SparkContext: Created broadcast 8 from $anonfun$withThreadLocalCaptured$1 at <unknown>:0
[2025-11-13T11:59:22.880+0000] {subprocess.py:106} INFO - 25/11/13 11:59:22 INFO FileSourceStrategy: Pushed Filters:
[2025-11-13T11:59:22.881+0000] {subprocess.py:106} INFO - 25/11/13 11:59:22 INFO FileSourceStrategy: Post-Scan Filters:
[2025-11-13T11:59:22.940+0000] {subprocess.py:106} INFO - 25/11/13 11:59:22 INFO CodeGenerator: Code generated in 22.917988 ms
[2025-11-13T11:59:22.946+0000] {subprocess.py:106} INFO - 25/11/13 11:59:22 INFO MemoryStore: Block broadcast_9 stored as values in memory (estimated size 203.1 KiB, free 433.8 MiB)
[2025-11-13T11:59:22.974+0000] {subprocess.py:106} INFO - 25/11/13 11:59:22 INFO MemoryStore: Block broadcast_9_piece0 stored as bytes in memory (estimated size 35.1 KiB, free 433.8 MiB)
[2025-11-13T11:59:22.976+0000] {subprocess.py:106} INFO - 25/11/13 11:59:22 INFO BlockManagerInfo: Added broadcast_9_piece0 in memory on 68d0d8c522fe:35139 (size: 35.1 KiB, free: 434.1 MiB)
[2025-11-13T11:59:22.978+0000] {subprocess.py:106} INFO - 25/11/13 11:59:22 INFO SparkContext: Created broadcast 9 from count at <unknown>:0
[2025-11-13T11:59:22.980+0000] {subprocess.py:106} INFO - 25/11/13 11:59:22 INFO FileSourceScanExec: Planning scan with bin packing, max size: 4194304 bytes, open cost is considered as scanning 4194304 bytes.
[2025-11-13T11:59:22.994+0000] {subprocess.py:106} INFO - 25/11/13 11:59:22 INFO DAGScheduler: Registering RDD 18 (count at <unknown>:0) as input to shuffle 1
[2025-11-13T11:59:22.995+0000] {subprocess.py:106} INFO - 25/11/13 11:59:22 INFO DAGScheduler: Got map stage job 4 (count at <unknown>:0) with 1 output partitions
[2025-11-13T11:59:22.996+0000] {subprocess.py:106} INFO - 25/11/13 11:59:22 INFO DAGScheduler: Final stage: ShuffleMapStage 5 (count at <unknown>:0)
[2025-11-13T11:59:22.997+0000] {subprocess.py:106} INFO - 25/11/13 11:59:22 INFO DAGScheduler: Parents of final stage: List()
[2025-11-13T11:59:23.002+0000] {subprocess.py:106} INFO - 25/11/13 11:59:22 INFO DAGScheduler: Missing parents: List()
[2025-11-13T11:59:23.003+0000] {subprocess.py:106} INFO - 25/11/13 11:59:22 INFO DAGScheduler: Submitting ShuffleMapStage 5 (MapPartitionsRDD[18] at count at <unknown>:0), which has no missing parents
[2025-11-13T11:59:23.007+0000] {subprocess.py:106} INFO - 25/11/13 11:59:23 INFO MemoryStore: Block broadcast_10 stored as values in memory (estimated size 20.1 KiB, free 433.8 MiB)
[2025-11-13T11:59:23.009+0000] {subprocess.py:106} INFO - 25/11/13 11:59:23 INFO MemoryStore: Block broadcast_10_piece0 stored as bytes in memory (estimated size 9.7 KiB, free 433.8 MiB)
[2025-11-13T11:59:23.021+0000] {subprocess.py:106} INFO - 25/11/13 11:59:23 INFO BlockManagerInfo: Added broadcast_10_piece0 in memory on 68d0d8c522fe:35139 (size: 9.7 KiB, free: 434.1 MiB)
[2025-11-13T11:59:23.022+0000] {subprocess.py:106} INFO - 25/11/13 11:59:23 INFO SparkContext: Created broadcast 10 from broadcast at DAGScheduler.scala:1585
[2025-11-13T11:59:23.023+0000] {subprocess.py:106} INFO - 25/11/13 11:59:23 INFO DAGScheduler: Submitting 1 missing tasks from ShuffleMapStage 5 (MapPartitionsRDD[18] at count at <unknown>:0) (first 15 tasks are for partitions Vector(0))
[2025-11-13T11:59:23.024+0000] {subprocess.py:106} INFO - 25/11/13 11:59:23 INFO TaskSchedulerImpl: Adding task set 5.0 with 1 tasks resource profile 0
[2025-11-13T11:59:23.026+0000] {subprocess.py:106} INFO - 25/11/13 11:59:23 INFO TaskSetManager: Starting task 0.0 in stage 5.0 (TID 7) (172.30.0.7, executor 0, partition 0, ANY, 9944 bytes)
[2025-11-13T11:59:23.045+0000] {subprocess.py:106} INFO - 25/11/13 11:59:23 INFO BlockManagerInfo: Added broadcast_10_piece0 in memory on 172.30.0.7:38861 (size: 9.7 KiB, free: 434.4 MiB)
[2025-11-13T11:59:23.099+0000] {subprocess.py:106} INFO - 25/11/13 11:59:23 INFO BlockManagerInfo: Added broadcast_8_piece0 in memory on 172.30.0.7:38861 (size: 242.4 KiB, free: 434.1 MiB)
[2025-11-13T11:59:23.237+0000] {subprocess.py:106} INFO - 25/11/13 11:59:23 INFO BlockManagerInfo: Added broadcast_9_piece0 in memory on 172.30.0.7:38861 (size: 35.1 KiB, free: 434.1 MiB)
[2025-11-13T11:59:23.371+0000] {subprocess.py:106} INFO - 25/11/13 11:59:23 INFO TaskSetManager: Finished task 0.0 in stage 5.0 (TID 7) in 345 ms on 172.30.0.7 (executor 0) (1/1)
[2025-11-13T11:59:23.372+0000] {subprocess.py:106} INFO - 25/11/13 11:59:23 INFO TaskSchedulerImpl: Removed TaskSet 5.0, whose tasks have all completed, from pool
[2025-11-13T11:59:23.374+0000] {subprocess.py:106} INFO - 25/11/13 11:59:23 INFO DAGScheduler: ShuffleMapStage 5 (count at <unknown>:0) finished in 0.371 s
[2025-11-13T11:59:23.374+0000] {subprocess.py:106} INFO - 25/11/13 11:59:23 INFO DAGScheduler: looking for newly runnable stages
[2025-11-13T11:59:23.375+0000] {subprocess.py:106} INFO - 25/11/13 11:59:23 INFO DAGScheduler: running: Set()
[2025-11-13T11:59:23.376+0000] {subprocess.py:106} INFO - 25/11/13 11:59:23 INFO DAGScheduler: waiting: Set()
[2025-11-13T11:59:23.377+0000] {subprocess.py:106} INFO - 25/11/13 11:59:23 INFO DAGScheduler: failed: Set()
[2025-11-13T11:59:23.401+0000] {subprocess.py:106} INFO - 25/11/13 11:59:23 INFO CodeGenerator: Code generated in 11.921924 ms
[2025-11-13T11:59:23.419+0000] {subprocess.py:106} INFO - 25/11/13 11:59:23 INFO SparkContext: Starting job: count at <unknown>:0
[2025-11-13T11:59:23.420+0000] {subprocess.py:106} INFO - 25/11/13 11:59:23 INFO DAGScheduler: Got job 5 (count at <unknown>:0) with 1 output partitions
[2025-11-13T11:59:23.421+0000] {subprocess.py:106} INFO - 25/11/13 11:59:23 INFO DAGScheduler: Final stage: ResultStage 7 (count at <unknown>:0)
[2025-11-13T11:59:23.422+0000] {subprocess.py:106} INFO - 25/11/13 11:59:23 INFO DAGScheduler: Parents of final stage: List(ShuffleMapStage 6)
[2025-11-13T11:59:23.423+0000] {subprocess.py:106} INFO - 25/11/13 11:59:23 INFO DAGScheduler: Missing parents: List()
[2025-11-13T11:59:23.424+0000] {subprocess.py:106} INFO - 25/11/13 11:59:23 INFO DAGScheduler: Submitting ResultStage 7 (MapPartitionsRDD[21] at count at <unknown>:0), which has no missing parents
[2025-11-13T11:59:23.427+0000] {subprocess.py:106} INFO - 25/11/13 11:59:23 INFO MemoryStore: Block broadcast_11 stored as values in memory (estimated size 12.5 KiB, free 433.8 MiB)
[2025-11-13T11:59:23.442+0000] {subprocess.py:106} INFO - 25/11/13 11:59:23 INFO MemoryStore: Block broadcast_11_piece0 stored as bytes in memory (estimated size 5.9 KiB, free 433.8 MiB)
[2025-11-13T11:59:23.445+0000] {subprocess.py:106} INFO - 25/11/13 11:59:23 INFO BlockManagerInfo: Added broadcast_11_piece0 in memory on 68d0d8c522fe:35139 (size: 5.9 KiB, free: 434.1 MiB)
[2025-11-13T11:59:23.449+0000] {subprocess.py:106} INFO - 25/11/13 11:59:23 INFO BlockManagerInfo: Removed broadcast_10_piece0 on 68d0d8c522fe:35139 in memory (size: 9.7 KiB, free: 434.1 MiB)
[2025-11-13T11:59:23.450+0000] {subprocess.py:106} INFO - 25/11/13 11:59:23 INFO SparkContext: Created broadcast 11 from broadcast at DAGScheduler.scala:1585
[2025-11-13T11:59:23.451+0000] {subprocess.py:106} INFO - 25/11/13 11:59:23 INFO DAGScheduler: Submitting 1 missing tasks from ResultStage 7 (MapPartitionsRDD[21] at count at <unknown>:0) (first 15 tasks are for partitions Vector(0))
[2025-11-13T11:59:23.453+0000] {subprocess.py:106} INFO - 25/11/13 11:59:23 INFO TaskSchedulerImpl: Adding task set 7.0 with 1 tasks resource profile 0
[2025-11-13T11:59:23.454+0000] {subprocess.py:106} INFO - 25/11/13 11:59:23 INFO BlockManagerInfo: Removed broadcast_10_piece0 on 172.30.0.7:38861 in memory (size: 9.7 KiB, free: 434.1 MiB)
[2025-11-13T11:59:23.455+0000] {subprocess.py:106} INFO - 25/11/13 11:59:23 INFO TaskSetManager: Starting task 0.0 in stage 7.0 (TID 8) (172.30.0.7, executor 0, partition 0, NODE_LOCAL, 9331 bytes)
[2025-11-13T11:59:23.473+0000] {subprocess.py:106} INFO - 25/11/13 11:59:23 INFO BlockManagerInfo: Added broadcast_11_piece0 in memory on 172.30.0.7:38861 (size: 5.9 KiB, free: 434.1 MiB)
[2025-11-13T11:59:23.483+0000] {subprocess.py:106} INFO - 25/11/13 11:59:23 INFO MapOutputTrackerMasterEndpoint: Asked to send map output locations for shuffle 1 to 172.30.0.7:47360
[2025-11-13T11:59:23.520+0000] {subprocess.py:106} INFO - 25/11/13 11:59:23 INFO TaskSetManager: Finished task 0.0 in stage 7.0 (TID 8) in 69 ms on 172.30.0.7 (executor 0) (1/1)
[2025-11-13T11:59:23.521+0000] {subprocess.py:106} INFO - 25/11/13 11:59:23 INFO TaskSchedulerImpl: Removed TaskSet 7.0, whose tasks have all completed, from pool
[2025-11-13T11:59:23.522+0000] {subprocess.py:106} INFO - 25/11/13 11:59:23 INFO DAGScheduler: ResultStage 7 (count at <unknown>:0) finished in 0.096 s
[2025-11-13T11:59:23.523+0000] {subprocess.py:106} INFO - 25/11/13 11:59:23 INFO DAGScheduler: Job 5 is finished. Cancelling potential speculative or zombie tasks for this job
[2025-11-13T11:59:23.524+0000] {subprocess.py:106} INFO - 25/11/13 11:59:23 INFO TaskSchedulerImpl: Killing all running tasks in stage 7: Stage finished
[2025-11-13T11:59:23.525+0000] {subprocess.py:106} INFO - 25/11/13 11:59:23 INFO DAGScheduler: Job 5 finished: count at <unknown>:0, took 0.103103 s
[2025-11-13T11:59:23.526+0000] {subprocess.py:106} INFO -  New records to append: 93
[2025-11-13T11:59:23.575+0000] {subprocess.py:106} INFO - 25/11/13 11:59:23 INFO V2ScanRelationPushDown:
[2025-11-13T11:59:23.576+0000] {subprocess.py:106} INFO - Pushing operators to hive_catalog.bronze.it_jobs_raw
[2025-11-13T11:59:23.579+0000] {subprocess.py:106} INFO - Pushed Filters: job_link IS NOT NULL
[2025-11-13T11:59:23.580+0000] {subprocess.py:106} INFO - Post-Scan Filters: isnotnull(job_link#66)
[2025-11-13T11:59:23.582+0000] {subprocess.py:106} INFO - 
[2025-11-13T11:59:23.583+0000] {subprocess.py:106} INFO - 25/11/13 11:59:23 INFO V2ScanRelationPushDown:
[2025-11-13T11:59:23.587+0000] {subprocess.py:106} INFO - Output: job_link#66
[2025-11-13T11:59:23.588+0000] {subprocess.py:106} INFO - 
[2025-11-13T11:59:23.589+0000] {subprocess.py:106} INFO - 25/11/13 11:59:23 INFO SnapshotScan: Scanning table hive_catalog.bronze.it_jobs_raw snapshot 5352840985616303625 created at 2025-11-12T15:26:02.066+00:00 with filter job_link IS NOT NULL
[2025-11-13T11:59:23.590+0000] {subprocess.py:106} INFO - 25/11/13 11:59:23 INFO BaseDistributedDataScan: Planning file tasks locally for table hive_catalog.bronze.it_jobs_raw
[2025-11-13T11:59:23.703+0000] {subprocess.py:106} INFO - 25/11/13 11:59:23 INFO SparkPartitioningAwareScan: Reporting UnknownPartitioning with 4 partition(s) for table hive_catalog.bronze.it_jobs_raw
[2025-11-13T11:59:23.717+0000] {subprocess.py:106} INFO - 25/11/13 11:59:23 INFO FileSourceStrategy: Pushed Filters:
[2025-11-13T11:59:23.718+0000] {subprocess.py:106} INFO - 25/11/13 11:59:23 INFO FileSourceStrategy: Post-Scan Filters:
[2025-11-13T11:59:23.722+0000] {subprocess.py:106} INFO - 25/11/13 11:59:23 INFO MemoryStore: Block broadcast_12 stored as values in memory (estimated size 32.0 KiB, free 433.8 MiB)
[2025-11-13T11:59:23.745+0000] {subprocess.py:106} INFO - 25/11/13 11:59:23 INFO MemoryStore: Block broadcast_12_piece0 stored as bytes in memory (estimated size 29.7 KiB, free 433.7 MiB)
[2025-11-13T11:59:23.749+0000] {subprocess.py:106} INFO - 25/11/13 11:59:23 INFO BlockManagerInfo: Added broadcast_12_piece0 in memory on 68d0d8c522fe:35139 (size: 29.7 KiB, free: 434.0 MiB)
[2025-11-13T11:59:23.752+0000] {subprocess.py:106} INFO - 25/11/13 11:59:23 INFO BlockManagerInfo: Removed broadcast_11_piece0 on 68d0d8c522fe:35139 in memory (size: 5.9 KiB, free: 434.0 MiB)
[2025-11-13T11:59:23.753+0000] {subprocess.py:106} INFO - 25/11/13 11:59:23 INFO SparkContext: Created broadcast 12 from broadcast at SparkBatch.java:79
[2025-11-13T11:59:23.758+0000] {subprocess.py:106} INFO - 25/11/13 11:59:23 INFO BlockManagerInfo: Removed broadcast_11_piece0 on 172.30.0.7:38861 in memory (size: 5.9 KiB, free: 434.1 MiB)
[2025-11-13T11:59:23.801+0000] {subprocess.py:106} INFO - 25/11/13 11:59:23 INFO BlockManagerInfo: Removed broadcast_8_piece0 on 68d0d8c522fe:35139 in memory (size: 242.4 KiB, free: 434.3 MiB)
[2025-11-13T11:59:23.806+0000] {subprocess.py:106} INFO - 25/11/13 11:59:23 INFO MemoryStore: Block broadcast_13 stored as values in memory (estimated size 32.0 KiB, free 434.0 MiB)
[2025-11-13T11:59:23.835+0000] {subprocess.py:106} INFO - 25/11/13 11:59:23 INFO BlockManagerInfo: Removed broadcast_8_piece0 on 172.30.0.7:38861 in memory (size: 242.4 KiB, free: 434.3 MiB)
[2025-11-13T11:59:23.839+0000] {subprocess.py:106} INFO - 25/11/13 11:59:23 INFO MemoryStore: Block broadcast_13_piece0 stored as bytes in memory (estimated size 29.7 KiB, free 433.9 MiB)
[2025-11-13T11:59:23.844+0000] {subprocess.py:106} INFO - 25/11/13 11:59:23 INFO BlockManagerInfo: Added broadcast_13_piece0 in memory on 68d0d8c522fe:35139 (size: 29.7 KiB, free: 434.2 MiB)
[2025-11-13T11:59:23.846+0000] {subprocess.py:106} INFO - 25/11/13 11:59:23 INFO SparkContext: Created broadcast 13 from broadcast at SparkBatch.java:79
[2025-11-13T11:59:23.859+0000] {subprocess.py:106} INFO - 25/11/13 11:59:23 INFO BlockManagerInfo: Removed broadcast_9_piece0 on 68d0d8c522fe:35139 in memory (size: 35.1 KiB, free: 434.3 MiB)
[2025-11-13T11:59:23.863+0000] {subprocess.py:106} INFO - 25/11/13 11:59:23 INFO BlockManagerInfo: Removed broadcast_9_piece0 on 172.30.0.7:38861 in memory (size: 35.1 KiB, free: 434.4 MiB)
[2025-11-13T11:59:23.886+0000] {subprocess.py:106} INFO - 25/11/13 11:59:23 INFO BlockManagerInfo: Removed broadcast_6_piece0 on 68d0d8c522fe:35139 in memory (size: 29.7 KiB, free: 434.3 MiB)
[2025-11-13T11:59:23.893+0000] {subprocess.py:106} INFO - 25/11/13 11:59:23 INFO BlockManagerInfo: Removed broadcast_6_piece0 on 172.30.0.7:38861 in memory (size: 29.7 KiB, free: 434.4 MiB)
[2025-11-13T11:59:23.908+0000] {subprocess.py:106} INFO - 25/11/13 11:59:23 INFO BlockManagerInfo: Removed broadcast_5_piece0 on 68d0d8c522fe:35139 in memory (size: 29.7 KiB, free: 434.3 MiB)
[2025-11-13T11:59:23.977+0000] {subprocess.py:106} INFO - 25/11/13 11:59:23 INFO SparkContext: Starting job: $anonfun$withThreadLocalCaptured$1 at <unknown>:0
[2025-11-13T11:59:23.979+0000] {subprocess.py:106} INFO - 25/11/13 11:59:23 INFO DAGScheduler: Got job 6 ($anonfun$withThreadLocalCaptured$1 at <unknown>:0) with 4 output partitions
[2025-11-13T11:59:23.980+0000] {subprocess.py:106} INFO - 25/11/13 11:59:23 INFO DAGScheduler: Final stage: ResultStage 8 ($anonfun$withThreadLocalCaptured$1 at <unknown>:0)
[2025-11-13T11:59:23.981+0000] {subprocess.py:106} INFO - 25/11/13 11:59:23 INFO DAGScheduler: Parents of final stage: List()
[2025-11-13T11:59:23.983+0000] {subprocess.py:106} INFO - 25/11/13 11:59:23 INFO DAGScheduler: Missing parents: List()
[2025-11-13T11:59:23.985+0000] {subprocess.py:106} INFO - 25/11/13 11:59:23 INFO DAGScheduler: Submitting ResultStage 8 (MapPartitionsRDD[25] at $anonfun$withThreadLocalCaptured$1 at <unknown>:0), which has no missing parents
[2025-11-13T11:59:23.990+0000] {subprocess.py:106} INFO - 25/11/13 11:59:23 INFO MemoryStore: Block broadcast_14 stored as values in memory (estimated size 13.8 KiB, free 434.3 MiB)
[2025-11-13T11:59:24.006+0000] {subprocess.py:106} INFO - 25/11/13 11:59:24 INFO MemoryStore: Block broadcast_14_piece0 stored as bytes in memory (estimated size 5.5 KiB, free 434.3 MiB)
[2025-11-13T11:59:24.012+0000] {subprocess.py:106} INFO - 25/11/13 11:59:24 INFO BlockManagerInfo: Added broadcast_14_piece0 in memory on 68d0d8c522fe:35139 (size: 5.5 KiB, free: 434.3 MiB)
[2025-11-13T11:59:24.013+0000] {subprocess.py:106} INFO - 25/11/13 11:59:24 INFO SparkContext: Created broadcast 14 from broadcast at DAGScheduler.scala:1585
[2025-11-13T11:59:24.014+0000] {subprocess.py:106} INFO - 25/11/13 11:59:24 INFO DAGScheduler: Submitting 4 missing tasks from ResultStage 8 (MapPartitionsRDD[25] at $anonfun$withThreadLocalCaptured$1 at <unknown>:0) (first 15 tasks are for partitions Vector(0, 1, 2, 3))
[2025-11-13T11:59:24.015+0000] {subprocess.py:106} INFO - 25/11/13 11:59:24 INFO TaskSchedulerImpl: Adding task set 8.0 with 4 tasks resource profile 0
[2025-11-13T11:59:24.030+0000] {subprocess.py:106} INFO - 25/11/13 11:59:24 INFO TaskSetManager: Starting task 0.0 in stage 8.0 (TID 9) (172.30.0.7, executor 0, partition 0, ANY, 15762 bytes)
[2025-11-13T11:59:24.080+0000] {subprocess.py:106} INFO - 25/11/13 11:59:24 INFO BlockManagerInfo: Added broadcast_14_piece0 in memory on 172.30.0.7:38861 (size: 5.5 KiB, free: 434.4 MiB)
[2025-11-13T11:59:24.119+0000] {subprocess.py:106} INFO - 25/11/13 11:59:24 INFO BlockManagerInfo: Added broadcast_13_piece0 in memory on 172.30.0.7:38861 (size: 29.7 KiB, free: 434.4 MiB)
[2025-11-13T11:59:24.915+0000] {subprocess.py:106} INFO - 25/11/13 11:59:24 INFO TaskSetManager: Starting task 1.0 in stage 8.0 (TID 10) (172.30.0.7, executor 0, partition 1, ANY, 15761 bytes)
[2025-11-13T11:59:24.917+0000] {subprocess.py:106} INFO - 25/11/13 11:59:24 INFO TaskSetManager: Finished task 0.0 in stage 8.0 (TID 9) in 900 ms on 172.30.0.7 (executor 0) (1/4)
[2025-11-13T11:59:25.424+0000] {subprocess.py:106} INFO - 25/11/13 11:59:25 INFO TaskSetManager: Starting task 2.0 in stage 8.0 (TID 11) (172.30.0.7, executor 0, partition 2, ANY, 15762 bytes)
[2025-11-13T11:59:25.431+0000] {subprocess.py:106} INFO - 25/11/13 11:59:25 INFO TaskSetManager: Finished task 1.0 in stage 8.0 (TID 10) in 516 ms on 172.30.0.7 (executor 0) (2/4)
[2025-11-13T11:59:25.917+0000] {subprocess.py:106} INFO - 25/11/13 11:59:25 INFO TaskSetManager: Starting task 3.0 in stage 8.0 (TID 12) (172.30.0.7, executor 0, partition 3, ANY, 15285 bytes)
[2025-11-13T11:59:25.918+0000] {subprocess.py:106} INFO - 25/11/13 11:59:25 INFO TaskSetManager: Finished task 2.0 in stage 8.0 (TID 11) in 495 ms on 172.30.0.7 (executor 0) (3/4)
[2025-11-13T11:59:26.199+0000] {subprocess.py:106} INFO - 25/11/13 11:59:26 INFO TaskSetManager: Finished task 3.0 in stage 8.0 (TID 12) in 283 ms on 172.30.0.7 (executor 0) (4/4)
[2025-11-13T11:59:26.203+0000] {subprocess.py:106} INFO - 25/11/13 11:59:26 INFO TaskSchedulerImpl: Removed TaskSet 8.0, whose tasks have all completed, from pool
[2025-11-13T11:59:26.204+0000] {subprocess.py:106} INFO - 25/11/13 11:59:26 INFO DAGScheduler: ResultStage 8 ($anonfun$withThreadLocalCaptured$1 at <unknown>:0) finished in 2.215 s
[2025-11-13T11:59:26.205+0000] {subprocess.py:106} INFO - 25/11/13 11:59:26 INFO DAGScheduler: Job 6 is finished. Cancelling potential speculative or zombie tasks for this job
[2025-11-13T11:59:26.206+0000] {subprocess.py:106} INFO - 25/11/13 11:59:26 INFO TaskSchedulerImpl: Killing all running tasks in stage 8: Stage finished
[2025-11-13T11:59:26.207+0000] {subprocess.py:106} INFO - 25/11/13 11:59:26 INFO DAGScheduler: Job 6 finished: $anonfun$withThreadLocalCaptured$1 at <unknown>:0, took 2.224388 s
[2025-11-13T11:59:26.220+0000] {subprocess.py:106} INFO - 25/11/13 11:59:26 INFO BlockManagerInfo: Removed broadcast_14_piece0 on 68d0d8c522fe:35139 in memory (size: 5.5 KiB, free: 434.3 MiB)
[2025-11-13T11:59:26.226+0000] {subprocess.py:106} INFO - 25/11/13 11:59:26 INFO BlockManagerInfo: Removed broadcast_14_piece0 on 172.30.0.7:38861 in memory (size: 5.5 KiB, free: 434.4 MiB)
[2025-11-13T11:59:26.237+0000] {subprocess.py:106} INFO - 25/11/13 11:59:26 INFO MemoryStore: Block broadcast_15_piece0 stored as bytes in memory (estimated size 242.5 KiB, free 434.0 MiB)
[2025-11-13T11:59:26.238+0000] {subprocess.py:106} INFO - 25/11/13 11:59:26 INFO BlockManagerInfo: Added broadcast_15_piece0 in memory on 68d0d8c522fe:35139 (size: 242.5 KiB, free: 434.1 MiB)
[2025-11-13T11:59:26.242+0000] {subprocess.py:106} INFO - 25/11/13 11:59:26 INFO SparkContext: Created broadcast 15 from $anonfun$withThreadLocalCaptured$1 at <unknown>:0
[2025-11-13T11:59:26.249+0000] {subprocess.py:106} INFO - 25/11/13 11:59:26 INFO FileSourceStrategy: Pushed Filters:
[2025-11-13T11:59:26.251+0000] {subprocess.py:106} INFO - 25/11/13 11:59:26 INFO FileSourceStrategy: Post-Scan Filters:
[2025-11-13T11:59:26.292+0000] {subprocess.py:106} INFO - 25/11/13 11:59:26 INFO MemoryStore: Block broadcast_16 stored as values in memory (estimated size 203.1 KiB, free 433.8 MiB)
[2025-11-13T11:59:26.304+0000] {subprocess.py:106} INFO - 25/11/13 11:59:26 INFO MemoryStore: Block broadcast_16_piece0 stored as bytes in memory (estimated size 35.1 KiB, free 433.8 MiB)
[2025-11-13T11:59:26.305+0000] {subprocess.py:106} INFO - 25/11/13 11:59:26 INFO BlockManagerInfo: Added broadcast_16_piece0 in memory on 68d0d8c522fe:35139 (size: 35.1 KiB, free: 434.1 MiB)
[2025-11-13T11:59:26.306+0000] {subprocess.py:106} INFO - 25/11/13 11:59:26 INFO SparkContext: Created broadcast 16 from count at <unknown>:0
[2025-11-13T11:59:26.308+0000] {subprocess.py:106} INFO - 25/11/13 11:59:26 INFO FileSourceScanExec: Planning scan with bin packing, max size: 4194304 bytes, open cost is considered as scanning 4194304 bytes.
[2025-11-13T11:59:26.317+0000] {subprocess.py:106} INFO - 25/11/13 11:59:26 INFO DAGScheduler: Registering RDD 29 (count at <unknown>:0) as input to shuffle 2
[2025-11-13T11:59:26.318+0000] {subprocess.py:106} INFO - 25/11/13 11:59:26 INFO DAGScheduler: Got map stage job 7 (count at <unknown>:0) with 1 output partitions
[2025-11-13T11:59:26.319+0000] {subprocess.py:106} INFO - 25/11/13 11:59:26 INFO DAGScheduler: Final stage: ShuffleMapStage 9 (count at <unknown>:0)
[2025-11-13T11:59:26.319+0000] {subprocess.py:106} INFO - 25/11/13 11:59:26 INFO DAGScheduler: Parents of final stage: List()
[2025-11-13T11:59:26.320+0000] {subprocess.py:106} INFO - 25/11/13 11:59:26 INFO DAGScheduler: Missing parents: List()
[2025-11-13T11:59:26.321+0000] {subprocess.py:106} INFO - 25/11/13 11:59:26 INFO DAGScheduler: Submitting ShuffleMapStage 9 (MapPartitionsRDD[29] at count at <unknown>:0), which has no missing parents
[2025-11-13T11:59:26.326+0000] {subprocess.py:106} INFO - 25/11/13 11:59:26 INFO MemoryStore: Block broadcast_17 stored as values in memory (estimated size 20.1 KiB, free 433.8 MiB)
[2025-11-13T11:59:26.338+0000] {subprocess.py:106} INFO - 25/11/13 11:59:26 INFO MemoryStore: Block broadcast_17_piece0 stored as bytes in memory (estimated size 9.7 KiB, free 433.8 MiB)
[2025-11-13T11:59:26.338+0000] {subprocess.py:106} INFO - 25/11/13 11:59:26 INFO BlockManagerInfo: Added broadcast_17_piece0 in memory on 68d0d8c522fe:35139 (size: 9.7 KiB, free: 434.1 MiB)
[2025-11-13T11:59:26.340+0000] {subprocess.py:106} INFO - 25/11/13 11:59:26 INFO SparkContext: Created broadcast 17 from broadcast at DAGScheduler.scala:1585
[2025-11-13T11:59:26.342+0000] {subprocess.py:106} INFO - 25/11/13 11:59:26 INFO DAGScheduler: Submitting 1 missing tasks from ShuffleMapStage 9 (MapPartitionsRDD[29] at count at <unknown>:0) (first 15 tasks are for partitions Vector(0))
[2025-11-13T11:59:26.343+0000] {subprocess.py:106} INFO - 25/11/13 11:59:26 INFO TaskSchedulerImpl: Adding task set 9.0 with 1 tasks resource profile 0
[2025-11-13T11:59:26.347+0000] {subprocess.py:106} INFO - 25/11/13 11:59:26 INFO TaskSetManager: Starting task 0.0 in stage 9.0 (TID 13) (172.30.0.7, executor 0, partition 0, ANY, 9944 bytes)
[2025-11-13T11:59:26.371+0000] {subprocess.py:106} INFO - 25/11/13 11:59:26 INFO BlockManagerInfo: Added broadcast_17_piece0 in memory on 172.30.0.7:38861 (size: 9.7 KiB, free: 434.4 MiB)
[2025-11-13T11:59:26.407+0000] {subprocess.py:106} INFO - 25/11/13 11:59:26 INFO BlockManagerInfo: Added broadcast_15_piece0 in memory on 172.30.0.7:38861 (size: 242.5 KiB, free: 434.1 MiB)
[2025-11-13T11:59:26.443+0000] {subprocess.py:106} INFO - 25/11/13 11:59:26 INFO BlockManagerInfo: Added broadcast_16_piece0 in memory on 172.30.0.7:38861 (size: 35.1 KiB, free: 434.1 MiB)
[2025-11-13T11:59:26.556+0000] {subprocess.py:106} INFO - 25/11/13 11:59:26 INFO TaskSetManager: Finished task 0.0 in stage 9.0 (TID 13) in 212 ms on 172.30.0.7 (executor 0) (1/1)
[2025-11-13T11:59:26.558+0000] {subprocess.py:106} INFO - 25/11/13 11:59:26 INFO TaskSchedulerImpl: Removed TaskSet 9.0, whose tasks have all completed, from pool
[2025-11-13T11:59:26.559+0000] {subprocess.py:106} INFO - 25/11/13 11:59:26 INFO DAGScheduler: ShuffleMapStage 9 (count at <unknown>:0) finished in 0.234 s
[2025-11-13T11:59:26.560+0000] {subprocess.py:106} INFO - 25/11/13 11:59:26 INFO DAGScheduler: looking for newly runnable stages
[2025-11-13T11:59:26.561+0000] {subprocess.py:106} INFO - 25/11/13 11:59:26 INFO DAGScheduler: running: Set()
[2025-11-13T11:59:26.562+0000] {subprocess.py:106} INFO - 25/11/13 11:59:26 INFO DAGScheduler: waiting: Set()
[2025-11-13T11:59:26.563+0000] {subprocess.py:106} INFO - 25/11/13 11:59:26 INFO DAGScheduler: failed: Set()
[2025-11-13T11:59:26.599+0000] {subprocess.py:106} INFO - 25/11/13 11:59:26 INFO SparkContext: Starting job: count at <unknown>:0
[2025-11-13T11:59:26.603+0000] {subprocess.py:106} INFO - 25/11/13 11:59:26 INFO DAGScheduler: Got job 8 (count at <unknown>:0) with 1 output partitions
[2025-11-13T11:59:26.604+0000] {subprocess.py:106} INFO - 25/11/13 11:59:26 INFO DAGScheduler: Final stage: ResultStage 11 (count at <unknown>:0)
[2025-11-13T11:59:26.605+0000] {subprocess.py:106} INFO - 25/11/13 11:59:26 INFO DAGScheduler: Parents of final stage: List(ShuffleMapStage 10)
[2025-11-13T11:59:26.608+0000] {subprocess.py:106} INFO - 25/11/13 11:59:26 INFO DAGScheduler: Missing parents: List()
[2025-11-13T11:59:26.609+0000] {subprocess.py:106} INFO - 25/11/13 11:59:26 INFO DAGScheduler: Submitting ResultStage 11 (MapPartitionsRDD[32] at count at <unknown>:0), which has no missing parents
[2025-11-13T11:59:26.612+0000] {subprocess.py:106} INFO - 25/11/13 11:59:26 INFO MemoryStore: Block broadcast_18 stored as values in memory (estimated size 12.5 KiB, free 433.8 MiB)
[2025-11-13T11:59:26.637+0000] {subprocess.py:106} INFO - 25/11/13 11:59:26 INFO MemoryStore: Block broadcast_18_piece0 stored as bytes in memory (estimated size 5.9 KiB, free 433.8 MiB)
[2025-11-13T11:59:26.647+0000] {subprocess.py:106} INFO - 25/11/13 11:59:26 INFO BlockManagerInfo: Removed broadcast_17_piece0 on 68d0d8c522fe:35139 in memory (size: 9.7 KiB, free: 434.1 MiB)
[2025-11-13T11:59:26.649+0000] {subprocess.py:106} INFO - 25/11/13 11:59:26 INFO BlockManagerInfo: Added broadcast_18_piece0 in memory on 68d0d8c522fe:35139 (size: 5.9 KiB, free: 434.1 MiB)
[2025-11-13T11:59:26.650+0000] {subprocess.py:106} INFO - 25/11/13 11:59:26 INFO SparkContext: Created broadcast 18 from broadcast at DAGScheduler.scala:1585
[2025-11-13T11:59:26.655+0000] {subprocess.py:106} INFO - 25/11/13 11:59:26 INFO DAGScheduler: Submitting 1 missing tasks from ResultStage 11 (MapPartitionsRDD[32] at count at <unknown>:0) (first 15 tasks are for partitions Vector(0))
[2025-11-13T11:59:26.656+0000] {subprocess.py:106} INFO - 25/11/13 11:59:26 INFO TaskSchedulerImpl: Adding task set 11.0 with 1 tasks resource profile 0
[2025-11-13T11:59:26.660+0000] {subprocess.py:106} INFO - 25/11/13 11:59:26 INFO TaskSetManager: Starting task 0.0 in stage 11.0 (TID 14) (172.30.0.7, executor 0, partition 0, NODE_LOCAL, 9331 bytes)
[2025-11-13T11:59:26.687+0000] {subprocess.py:106} INFO - 25/11/13 11:59:26 INFO BlockManagerInfo: Removed broadcast_17_piece0 on 172.30.0.7:38861 in memory (size: 9.7 KiB, free: 434.1 MiB)
[2025-11-13T11:59:26.699+0000] {subprocess.py:106} INFO - 25/11/13 11:59:26 INFO BlockManagerInfo: Added broadcast_18_piece0 in memory on 172.30.0.7:38861 (size: 5.9 KiB, free: 434.1 MiB)
[2025-11-13T11:59:26.719+0000] {subprocess.py:106} INFO - 25/11/13 11:59:26 INFO MapOutputTrackerMasterEndpoint: Asked to send map output locations for shuffle 2 to 172.30.0.7:47360
[2025-11-13T11:59:26.738+0000] {subprocess.py:106} INFO - 25/11/13 11:59:26 INFO TaskSetManager: Finished task 0.0 in stage 11.0 (TID 14) in 77 ms on 172.30.0.7 (executor 0) (1/1)
[2025-11-13T11:59:26.741+0000] {subprocess.py:106} INFO - 25/11/13 11:59:26 INFO TaskSchedulerImpl: Removed TaskSet 11.0, whose tasks have all completed, from pool
[2025-11-13T11:59:26.742+0000] {subprocess.py:106} INFO - 25/11/13 11:59:26 INFO DAGScheduler: ResultStage 11 (count at <unknown>:0) finished in 0.129 s
[2025-11-13T11:59:26.744+0000] {subprocess.py:106} INFO - 25/11/13 11:59:26 INFO DAGScheduler: Job 8 is finished. Cancelling potential speculative or zombie tasks for this job
[2025-11-13T11:59:26.746+0000] {subprocess.py:106} INFO - 25/11/13 11:59:26 INFO TaskSchedulerImpl: Killing all running tasks in stage 11: Stage finished
[2025-11-13T11:59:26.747+0000] {subprocess.py:106} INFO - 25/11/13 11:59:26 INFO DAGScheduler: Job 8 finished: count at <unknown>:0, took 0.140153 s
[2025-11-13T11:59:26.854+0000] {subprocess.py:106} INFO - 25/11/13 11:59:26 INFO V2ScanRelationPushDown:
[2025-11-13T11:59:26.855+0000] {subprocess.py:106} INFO - Pushing operators to hive_catalog.bronze.it_jobs_raw
[2025-11-13T11:59:26.856+0000] {subprocess.py:106} INFO - Pushed Filters: job_link IS NOT NULL
[2025-11-13T11:59:26.857+0000] {subprocess.py:106} INFO - Post-Scan Filters: isnotnull(job_link#66)
[2025-11-13T11:59:26.858+0000] {subprocess.py:106} INFO - 
[2025-11-13T11:59:26.859+0000] {subprocess.py:106} INFO - 25/11/13 11:59:26 INFO V2ScanRelationPushDown:
[2025-11-13T11:59:26.860+0000] {subprocess.py:106} INFO - Output: job_link#66
[2025-11-13T11:59:26.862+0000] {subprocess.py:106} INFO - 
[2025-11-13T11:59:26.865+0000] {subprocess.py:106} INFO - 25/11/13 11:59:26 INFO SnapshotScan: Scanning table hive_catalog.bronze.it_jobs_raw snapshot 5352840985616303625 created at 2025-11-12T15:26:02.066+00:00 with filter job_link IS NOT NULL
[2025-11-13T11:59:26.867+0000] {subprocess.py:106} INFO - 25/11/13 11:59:26 INFO BaseDistributedDataScan: Planning file tasks locally for table hive_catalog.bronze.it_jobs_raw
[2025-11-13T11:59:27.024+0000] {subprocess.py:106} INFO - 25/11/13 11:59:27 INFO SparkPartitioningAwareScan: Reporting UnknownPartitioning with 4 partition(s) for table hive_catalog.bronze.it_jobs_raw
[2025-11-13T11:59:27.071+0000] {subprocess.py:106} INFO - 25/11/13 11:59:27 INFO SparkWrite: Requesting 0 bytes advisory partition size for table hive_catalog.bronze.it_jobs_raw
[2025-11-13T11:59:27.072+0000] {subprocess.py:106} INFO - 25/11/13 11:59:27 INFO SparkWrite: Requesting UnspecifiedDistribution as write distribution for table hive_catalog.bronze.it_jobs_raw
[2025-11-13T11:59:27.073+0000] {subprocess.py:106} INFO - 25/11/13 11:59:27 INFO SparkWrite: Requesting [] as write ordering for table hive_catalog.bronze.it_jobs_raw
[2025-11-13T11:59:27.106+0000] {subprocess.py:106} INFO - 25/11/13 11:59:27 INFO FileSourceStrategy: Pushed Filters:
[2025-11-13T11:59:27.107+0000] {subprocess.py:106} INFO - 25/11/13 11:59:27 INFO FileSourceStrategy: Post-Scan Filters:
[2025-11-13T11:59:27.112+0000] {subprocess.py:106} INFO - 25/11/13 11:59:27 INFO MemoryStore: Block broadcast_19 stored as values in memory (estimated size 32.0 KiB, free 433.8 MiB)
[2025-11-13T11:59:27.136+0000] {subprocess.py:106} INFO - 25/11/13 11:59:27 INFO MemoryStore: Block broadcast_19_piece0 stored as bytes in memory (estimated size 29.7 KiB, free 433.7 MiB)
[2025-11-13T11:59:27.137+0000] {subprocess.py:106} INFO - 25/11/13 11:59:27 INFO BlockManagerInfo: Removed broadcast_18_piece0 on 68d0d8c522fe:35139 in memory (size: 5.9 KiB, free: 434.1 MiB)
[2025-11-13T11:59:27.138+0000] {subprocess.py:106} INFO - 25/11/13 11:59:27 INFO BlockManagerInfo: Added broadcast_19_piece0 in memory on 68d0d8c522fe:35139 (size: 29.7 KiB, free: 434.0 MiB)
[2025-11-13T11:59:27.139+0000] {subprocess.py:106} INFO - 25/11/13 11:59:27 INFO SparkContext: Created broadcast 19 from broadcast at SparkBatch.java:79
[2025-11-13T11:59:27.148+0000] {subprocess.py:106} INFO - 25/11/13 11:59:27 INFO BlockManagerInfo: Removed broadcast_18_piece0 on 172.30.0.7:38861 in memory (size: 5.9 KiB, free: 434.1 MiB)
[2025-11-13T11:59:27.236+0000] {subprocess.py:106} INFO - 25/11/13 11:59:27 INFO MemoryStore: Block broadcast_20 stored as values in memory (estimated size 32.0 KiB, free 433.7 MiB)
[2025-11-13T11:59:27.241+0000] {subprocess.py:106} INFO - 25/11/13 11:59:27 INFO MemoryStore: Block broadcast_20_piece0 stored as bytes in memory (estimated size 29.7 KiB, free 433.7 MiB)
[2025-11-13T11:59:27.247+0000] {subprocess.py:106} INFO - 25/11/13 11:59:27 INFO BlockManagerInfo: Added broadcast_20_piece0 in memory on 68d0d8c522fe:35139 (size: 29.7 KiB, free: 434.0 MiB)
[2025-11-13T11:59:27.249+0000] {subprocess.py:106} INFO - 25/11/13 11:59:27 INFO SparkContext: Created broadcast 20 from broadcast at SparkBatch.java:79
[2025-11-13T11:59:27.350+0000] {subprocess.py:106} INFO - 25/11/13 11:59:27 INFO SparkContext: Starting job: $anonfun$withThreadLocalCaptured$1 at <unknown>:0
[2025-11-13T11:59:27.352+0000] {subprocess.py:106} INFO - 25/11/13 11:59:27 INFO DAGScheduler: Got job 9 ($anonfun$withThreadLocalCaptured$1 at <unknown>:0) with 4 output partitions
[2025-11-13T11:59:27.353+0000] {subprocess.py:106} INFO - 25/11/13 11:59:27 INFO DAGScheduler: Final stage: ResultStage 12 ($anonfun$withThreadLocalCaptured$1 at <unknown>:0)
[2025-11-13T11:59:27.355+0000] {subprocess.py:106} INFO - 25/11/13 11:59:27 INFO DAGScheduler: Parents of final stage: List()
[2025-11-13T11:59:27.355+0000] {subprocess.py:106} INFO - 25/11/13 11:59:27 INFO DAGScheduler: Missing parents: List()
[2025-11-13T11:59:27.356+0000] {subprocess.py:106} INFO - 25/11/13 11:59:27 INFO DAGScheduler: Submitting ResultStage 12 (MapPartitionsRDD[36] at $anonfun$withThreadLocalCaptured$1 at <unknown>:0), which has no missing parents
[2025-11-13T11:59:27.367+0000] {subprocess.py:106} INFO - 25/11/13 11:59:27 INFO MemoryStore: Block broadcast_21 stored as values in memory (estimated size 13.7 KiB, free 433.7 MiB)
[2025-11-13T11:59:27.389+0000] {subprocess.py:106} INFO - 25/11/13 11:59:27 INFO MemoryStore: Block broadcast_21_piece0 stored as bytes in memory (estimated size 5.5 KiB, free 433.7 MiB)
[2025-11-13T11:59:27.399+0000] {subprocess.py:106} INFO - 25/11/13 11:59:27 INFO BlockManagerInfo: Added broadcast_21_piece0 in memory on 68d0d8c522fe:35139 (size: 5.5 KiB, free: 434.0 MiB)
[2025-11-13T11:59:27.400+0000] {subprocess.py:106} INFO - 25/11/13 11:59:27 INFO SparkContext: Created broadcast 21 from broadcast at DAGScheduler.scala:1585
[2025-11-13T11:59:27.401+0000] {subprocess.py:106} INFO - 25/11/13 11:59:27 INFO BlockManagerInfo: Removed broadcast_12_piece0 on 68d0d8c522fe:35139 in memory (size: 29.7 KiB, free: 434.0 MiB)
[2025-11-13T11:59:27.402+0000] {subprocess.py:106} INFO - 25/11/13 11:59:27 INFO DAGScheduler: Submitting 4 missing tasks from ResultStage 12 (MapPartitionsRDD[36] at $anonfun$withThreadLocalCaptured$1 at <unknown>:0) (first 15 tasks are for partitions Vector(0, 1, 2, 3))
[2025-11-13T11:59:27.404+0000] {subprocess.py:106} INFO - 25/11/13 11:59:27 INFO TaskSchedulerImpl: Adding task set 12.0 with 4 tasks resource profile 0
[2025-11-13T11:59:27.411+0000] {subprocess.py:106} INFO - 25/11/13 11:59:27 INFO TaskSetManager: Starting task 0.0 in stage 12.0 (TID 15) (172.30.0.7, executor 0, partition 0, ANY, 15762 bytes)
[2025-11-13T11:59:27.419+0000] {subprocess.py:106} INFO - 25/11/13 11:59:27 INFO BlockManagerInfo: Removed broadcast_15_piece0 on 68d0d8c522fe:35139 in memory (size: 242.5 KiB, free: 434.3 MiB)
[2025-11-13T11:59:27.430+0000] {subprocess.py:106} INFO - 25/11/13 11:59:27 INFO BlockManagerInfo: Removed broadcast_15_piece0 on 172.30.0.7:38861 in memory (size: 242.5 KiB, free: 434.3 MiB)
[2025-11-13T11:59:27.450+0000] {subprocess.py:106} INFO - 25/11/13 11:59:27 INFO BlockManagerInfo: Added broadcast_21_piece0 in memory on 172.30.0.7:38861 (size: 5.5 KiB, free: 434.3 MiB)
[2025-11-13T11:59:27.451+0000] {subprocess.py:106} INFO - 25/11/13 11:59:27 INFO BlockManagerInfo: Removed broadcast_16_piece0 on 68d0d8c522fe:35139 in memory (size: 35.1 KiB, free: 434.3 MiB)
[2025-11-13T11:59:27.475+0000] {subprocess.py:106} INFO - 25/11/13 11:59:27 INFO BlockManagerInfo: Removed broadcast_16_piece0 on 172.30.0.7:38861 in memory (size: 35.1 KiB, free: 434.4 MiB)
[2025-11-13T11:59:27.495+0000] {subprocess.py:106} INFO - 25/11/13 11:59:27 INFO BlockManagerInfo: Removed broadcast_13_piece0 on 68d0d8c522fe:35139 in memory (size: 29.7 KiB, free: 434.3 MiB)
[2025-11-13T11:59:27.500+0000] {subprocess.py:106} INFO - 25/11/13 11:59:27 INFO BlockManagerInfo: Removed broadcast_13_piece0 on 172.30.0.7:38861 in memory (size: 29.7 KiB, free: 434.4 MiB)
[2025-11-13T11:59:27.511+0000] {subprocess.py:106} INFO - 25/11/13 11:59:27 INFO BlockManagerInfo: Added broadcast_20_piece0 in memory on 172.30.0.7:38861 (size: 29.7 KiB, free: 434.4 MiB)
[2025-11-13T11:59:28.040+0000] {subprocess.py:106} INFO - 25/11/13 11:59:28 INFO TaskSetManager: Starting task 1.0 in stage 12.0 (TID 16) (172.30.0.7, executor 0, partition 1, ANY, 15761 bytes)
[2025-11-13T11:59:28.041+0000] {subprocess.py:106} INFO - 25/11/13 11:59:28 INFO TaskSetManager: Finished task 0.0 in stage 12.0 (TID 15) in 641 ms on 172.30.0.7 (executor 0) (1/4)
[2025-11-13T11:59:28.450+0000] {subprocess.py:106} INFO - 25/11/13 11:59:28 INFO TaskSetManager: Starting task 2.0 in stage 12.0 (TID 17) (172.30.0.7, executor 0, partition 2, ANY, 15762 bytes)
[2025-11-13T11:59:28.451+0000] {subprocess.py:106} INFO - 25/11/13 11:59:28 INFO TaskSetManager: Finished task 1.0 in stage 12.0 (TID 16) in 415 ms on 172.30.0.7 (executor 0) (2/4)
[2025-11-13T11:59:28.837+0000] {subprocess.py:106} INFO - 25/11/13 11:59:28 INFO TaskSetManager: Starting task 3.0 in stage 12.0 (TID 18) (172.30.0.7, executor 0, partition 3, ANY, 15285 bytes)
[2025-11-13T11:59:28.838+0000] {subprocess.py:106} INFO - 25/11/13 11:59:28 INFO TaskSetManager: Finished task 2.0 in stage 12.0 (TID 17) in 391 ms on 172.30.0.7 (executor 0) (3/4)
[2025-11-13T11:59:29.123+0000] {subprocess.py:106} INFO - 25/11/13 11:59:29 INFO TaskSetManager: Finished task 3.0 in stage 12.0 (TID 18) in 289 ms on 172.30.0.7 (executor 0) (4/4)
[2025-11-13T11:59:29.127+0000] {subprocess.py:106} INFO - 25/11/13 11:59:29 INFO TaskSchedulerImpl: Removed TaskSet 12.0, whose tasks have all completed, from pool
[2025-11-13T11:59:29.127+0000] {subprocess.py:106} INFO - 25/11/13 11:59:29 INFO DAGScheduler: ResultStage 12 ($anonfun$withThreadLocalCaptured$1 at <unknown>:0) finished in 1.765 s
[2025-11-13T11:59:29.128+0000] {subprocess.py:106} INFO - 25/11/13 11:59:29 INFO DAGScheduler: Job 9 is finished. Cancelling potential speculative or zombie tasks for this job
[2025-11-13T11:59:29.128+0000] {subprocess.py:106} INFO - 25/11/13 11:59:29 INFO TaskSchedulerImpl: Killing all running tasks in stage 12: Stage finished
[2025-11-13T11:59:29.129+0000] {subprocess.py:106} INFO - 25/11/13 11:59:29 INFO DAGScheduler: Job 9 finished: $anonfun$withThreadLocalCaptured$1 at <unknown>:0, took 1.775543 s
[2025-11-13T11:59:29.147+0000] {subprocess.py:106} INFO - 25/11/13 11:59:29 INFO BlockManagerInfo: Removed broadcast_21_piece0 on 68d0d8c522fe:35139 in memory (size: 5.5 KiB, free: 434.3 MiB)
[2025-11-13T11:59:29.148+0000] {subprocess.py:106} INFO - 25/11/13 11:59:29 INFO BlockManagerInfo: Removed broadcast_21_piece0 on 172.30.0.7:38861 in memory (size: 5.5 KiB, free: 434.4 MiB)
[2025-11-13T11:59:29.160+0000] {subprocess.py:106} INFO - 25/11/13 11:59:29 INFO MemoryStore: Block broadcast_22_piece0 stored as bytes in memory (estimated size 243.0 KiB, free 434.0 MiB)
[2025-11-13T11:59:29.160+0000] {subprocess.py:106} INFO - 25/11/13 11:59:29 INFO BlockManagerInfo: Added broadcast_22_piece0 in memory on 68d0d8c522fe:35139 (size: 243.0 KiB, free: 434.1 MiB)
[2025-11-13T11:59:29.161+0000] {subprocess.py:106} INFO - 25/11/13 11:59:29 INFO SparkContext: Created broadcast 22 from $anonfun$withThreadLocalCaptured$1 at <unknown>:0
[2025-11-13T11:59:29.168+0000] {subprocess.py:106} INFO - 25/11/13 11:59:29 INFO FileSourceStrategy: Pushed Filters:
[2025-11-13T11:59:29.169+0000] {subprocess.py:106} INFO - 25/11/13 11:59:29 INFO FileSourceStrategy: Post-Scan Filters:
[2025-11-13T11:59:29.221+0000] {subprocess.py:106} INFO - 25/11/13 11:59:29 INFO CodeGenerator: Code generated in 22.749997 ms
[2025-11-13T11:59:29.227+0000] {subprocess.py:106} INFO - 25/11/13 11:59:29 INFO MemoryStore: Block broadcast_23 stored as values in memory (estimated size 203.1 KiB, free 433.8 MiB)
[2025-11-13T11:59:29.247+0000] {subprocess.py:106} INFO - 25/11/13 11:59:29 INFO MemoryStore: Block broadcast_23_piece0 stored as bytes in memory (estimated size 35.1 KiB, free 433.8 MiB)
[2025-11-13T11:59:29.248+0000] {subprocess.py:106} INFO - 25/11/13 11:59:29 INFO BlockManagerInfo: Added broadcast_23_piece0 in memory on 68d0d8c522fe:35139 (size: 35.1 KiB, free: 434.1 MiB)
[2025-11-13T11:59:29.249+0000] {subprocess.py:106} INFO - 25/11/13 11:59:29 INFO SparkContext: Created broadcast 23 from append at <unknown>:0
[2025-11-13T11:59:29.252+0000] {subprocess.py:106} INFO - 25/11/13 11:59:29 INFO FileSourceScanExec: Planning scan with bin packing, max size: 4194304 bytes, open cost is considered as scanning 4194304 bytes.
[2025-11-13T11:59:29.265+0000] {subprocess.py:106} INFO - 25/11/13 11:59:29 INFO MemoryStore: Block broadcast_24 stored as values in memory (estimated size 32.0 KiB, free 433.8 MiB)
[2025-11-13T11:59:29.269+0000] {subprocess.py:106} INFO - 25/11/13 11:59:29 INFO MemoryStore: Block broadcast_24_piece0 stored as bytes in memory (estimated size 29.7 KiB, free 433.7 MiB)
[2025-11-13T11:59:29.270+0000] {subprocess.py:106} INFO - 25/11/13 11:59:29 INFO BlockManagerInfo: Added broadcast_24_piece0 in memory on 68d0d8c522fe:35139 (size: 29.7 KiB, free: 434.0 MiB)
[2025-11-13T11:59:29.271+0000] {subprocess.py:106} INFO - 25/11/13 11:59:29 INFO SparkContext: Created broadcast 24 from broadcast at SparkWrite.java:193
[2025-11-13T11:59:29.275+0000] {subprocess.py:106} INFO - 25/11/13 11:59:29 INFO AppendDataExec: Start processing data source write support: IcebergBatchWrite(table=hive_catalog.bronze.it_jobs_raw, format=PARQUET). The input RDD has 1 partitions.
[2025-11-13T11:59:29.306+0000] {subprocess.py:106} INFO - 25/11/13 11:59:29 INFO SparkContext: Starting job: append at <unknown>:0
[2025-11-13T11:59:29.308+0000] {subprocess.py:106} INFO - 25/11/13 11:59:29 INFO DAGScheduler: Got job 10 (append at <unknown>:0) with 1 output partitions
[2025-11-13T11:59:29.309+0000] {subprocess.py:106} INFO - 25/11/13 11:59:29 INFO DAGScheduler: Final stage: ResultStage 13 (append at <unknown>:0)
[2025-11-13T11:59:29.310+0000] {subprocess.py:106} INFO - 25/11/13 11:59:29 INFO DAGScheduler: Parents of final stage: List()
[2025-11-13T11:59:29.312+0000] {subprocess.py:106} INFO - 25/11/13 11:59:29 INFO DAGScheduler: Missing parents: List()
[2025-11-13T11:59:29.315+0000] {subprocess.py:106} INFO - 25/11/13 11:59:29 INFO DAGScheduler: Submitting ResultStage 13 (MapPartitionsRDD[39] at append at <unknown>:0), which has no missing parents
[2025-11-13T11:59:29.317+0000] {subprocess.py:106} INFO - 25/11/13 11:59:29 INFO MemoryStore: Block broadcast_25 stored as values in memory (estimated size 22.1 KiB, free 433.7 MiB)
[2025-11-13T11:59:29.320+0000] {subprocess.py:106} INFO - 25/11/13 11:59:29 INFO MemoryStore: Block broadcast_25_piece0 stored as bytes in memory (estimated size 9.8 KiB, free 433.7 MiB)
[2025-11-13T11:59:29.324+0000] {subprocess.py:106} INFO - 25/11/13 11:59:29 INFO BlockManagerInfo: Added broadcast_25_piece0 in memory on 68d0d8c522fe:35139 (size: 9.8 KiB, free: 434.0 MiB)
[2025-11-13T11:59:29.325+0000] {subprocess.py:106} INFO - 25/11/13 11:59:29 INFO SparkContext: Created broadcast 25 from broadcast at DAGScheduler.scala:1585
[2025-11-13T11:59:29.328+0000] {subprocess.py:106} INFO - 25/11/13 11:59:29 INFO DAGScheduler: Submitting 1 missing tasks from ResultStage 13 (MapPartitionsRDD[39] at append at <unknown>:0) (first 15 tasks are for partitions Vector(0))
[2025-11-13T11:59:29.329+0000] {subprocess.py:106} INFO - 25/11/13 11:59:29 INFO TaskSchedulerImpl: Adding task set 13.0 with 1 tasks resource profile 0
[2025-11-13T11:59:29.329+0000] {subprocess.py:106} INFO - 25/11/13 11:59:29 INFO TaskSetManager: Starting task 0.0 in stage 13.0 (TID 19) (172.30.0.7, executor 0, partition 0, ANY, 9955 bytes)
[2025-11-13T11:59:29.349+0000] {subprocess.py:106} INFO - 25/11/13 11:59:29 INFO BlockManagerInfo: Added broadcast_25_piece0 in memory on 172.30.0.7:38861 (size: 9.8 KiB, free: 434.4 MiB)
[2025-11-13T11:59:29.415+0000] {subprocess.py:106} INFO - 25/11/13 11:59:29 INFO BlockManagerInfo: Added broadcast_22_piece0 in memory on 172.30.0.7:38861 (size: 243.0 KiB, free: 434.1 MiB)
[2025-11-13T11:59:29.440+0000] {subprocess.py:106} INFO - 25/11/13 11:59:29 INFO BlockManagerInfo: Added broadcast_24_piece0 in memory on 172.30.0.7:38861 (size: 29.7 KiB, free: 434.1 MiB)
[2025-11-13T11:59:29.722+0000] {subprocess.py:106} INFO - 25/11/13 11:59:29 INFO BlockManagerInfo: Added broadcast_23_piece0 in memory on 172.30.0.7:38861 (size: 35.1 KiB, free: 434.1 MiB)
[2025-11-13T11:59:30.146+0000] {subprocess.py:106} INFO - 25/11/13 11:59:30 INFO TaskSetManager: Finished task 0.0 in stage 13.0 (TID 19) in 819 ms on 172.30.0.7 (executor 0) (1/1)
[2025-11-13T11:59:30.147+0000] {subprocess.py:106} INFO - 25/11/13 11:59:30 INFO TaskSchedulerImpl: Removed TaskSet 13.0, whose tasks have all completed, from pool
[2025-11-13T11:59:30.148+0000] {subprocess.py:106} INFO - 25/11/13 11:59:30 INFO DAGScheduler: ResultStage 13 (append at <unknown>:0) finished in 0.833 s
[2025-11-13T11:59:30.149+0000] {subprocess.py:106} INFO - 25/11/13 11:59:30 INFO DAGScheduler: Job 10 is finished. Cancelling potential speculative or zombie tasks for this job
[2025-11-13T11:59:30.149+0000] {subprocess.py:106} INFO - 25/11/13 11:59:30 INFO TaskSchedulerImpl: Killing all running tasks in stage 13: Stage finished
[2025-11-13T11:59:30.150+0000] {subprocess.py:106} INFO - 25/11/13 11:59:30 INFO DAGScheduler: Job 10 finished: append at <unknown>:0, took 0.842345 s
[2025-11-13T11:59:30.151+0000] {subprocess.py:106} INFO - 25/11/13 11:59:30 INFO AppendDataExec: Data source write support IcebergBatchWrite(table=hive_catalog.bronze.it_jobs_raw, format=PARQUET) is committing.
[2025-11-13T11:59:30.176+0000] {subprocess.py:106} INFO - 25/11/13 11:59:30 INFO SparkWrite: Committing append with 1 new data files to table hive_catalog.bronze.it_jobs_raw
[2025-11-13T11:59:32.128+0000] {subprocess.py:106} INFO - 25/11/13 11:59:32 INFO BlockManagerInfo: Removed broadcast_25_piece0 on 68d0d8c522fe:35139 in memory (size: 9.8 KiB, free: 434.0 MiB)
[2025-11-13T11:59:32.131+0000] {subprocess.py:106} INFO - 25/11/13 11:59:32 INFO BlockManagerInfo: Removed broadcast_25_piece0 on 172.30.0.7:38861 in memory (size: 9.8 KiB, free: 434.1 MiB)
[2025-11-13T11:59:35.037+0000] {subprocess.py:106} INFO - 25/11/13 11:59:35 INFO HiveTableOperations: Committed to table hive_catalog.bronze.it_jobs_raw with the new metadata location hdfs://dinhhoa-master:9000/user/ndh/warehouse/bronze.db/it_jobs_raw/metadata/00015-e4963e0a-10cf-45c0-b546-e3cf2793a149.metadata.json
[2025-11-13T11:59:35.038+0000] {subprocess.py:106} INFO - 25/11/13 11:59:35 INFO BaseMetastoreTableOperations: Successfully committed to table hive_catalog.bronze.it_jobs_raw in 3998 ms
[2025-11-13T11:59:35.040+0000] {subprocess.py:106} INFO - 25/11/13 11:59:35 INFO SnapshotProducer: Committed snapshot 7113389479847708482 (MergeAppend)
[2025-11-13T11:59:35.062+0000] {subprocess.py:106} INFO - 25/11/13 11:59:35 INFO BaseMetastoreTableOperations: Refreshing table metadata from new version: hdfs://dinhhoa-master:9000/user/ndh/warehouse/bronze.db/it_jobs_raw/metadata/00015-e4963e0a-10cf-45c0-b546-e3cf2793a149.metadata.json
[2025-11-13T11:59:35.173+0000] {subprocess.py:106} INFO - 25/11/13 11:59:35 INFO LoggingMetricsReporter: Received metrics report: CommitReport{tableName=hive_catalog.bronze.it_jobs_raw, snapshotId=7113389479847708482, sequenceNumber=16, operation=append, commitMetrics=CommitMetricsResult{totalDuration=TimerResult{timeUnit=NANOSECONDS, totalDuration=PT4.938641042S, count=1}, attempts=CounterResult{unit=COUNT, value=1}, addedDataFiles=CounterResult{unit=COUNT, value=1}, removedDataFiles=null, totalDataFiles=CounterResult{unit=COUNT, value=16}, addedDeleteFiles=null, addedEqualityDeleteFiles=null, addedPositionalDeleteFiles=null, removedDeleteFiles=null, removedEqualityDeleteFiles=null, removedPositionalDeleteFiles=null, totalDeleteFiles=CounterResult{unit=COUNT, value=0}, addedRecords=CounterResult{unit=COUNT, value=93}, removedRecords=null, totalRecords=CounterResult{unit=COUNT, value=4195}, addedFilesSizeInBytes=CounterResult{unit=BYTES, value=13349}, removedFilesSizeInBytes=null, totalFilesSizeInBytes=CounterResult{unit=BYTES, value=289647}, addedPositionalDeletes=null, removedPositionalDeletes=null, totalPositionalDeletes=CounterResult{unit=COUNT, value=0}, addedEqualityDeletes=null, removedEqualityDeletes=null, totalEqualityDeletes=CounterResult{unit=COUNT, value=0}}, metadata={engine-version=3.5.3, app-id=app-20251113115858-0000, engine-name=spark, iceberg-version=Apache Iceberg 1.6.1 (commit 8e9d59d299be42b0bca9461457cd1e95dbaad086)}}
[2025-11-13T11:59:35.174+0000] {subprocess.py:106} INFO - 25/11/13 11:59:35 INFO SparkWrite: Committed in 4996 ms
[2025-11-13T11:59:35.174+0000] {subprocess.py:106} INFO - 25/11/13 11:59:35 INFO AppendDataExec: Data source write support IcebergBatchWrite(table=hive_catalog.bronze.it_jobs_raw, format=PARQUET) committed.
[2025-11-13T11:59:35.177+0000] {subprocess.py:106} INFO -  Loaded into: hive_catalog.bronze.it_jobs_raw
[2025-11-13T11:59:35.178+0000] {subprocess.py:106} INFO - 25/11/13 11:59:35 INFO SparkContext: SparkContext is stopping with exitCode 0.
[2025-11-13T11:59:35.197+0000] {subprocess.py:106} INFO - 25/11/13 11:59:35 INFO SparkUI: Stopped Spark web UI at http://68d0d8c522fe:4040
[2025-11-13T11:59:35.204+0000] {subprocess.py:106} INFO - 25/11/13 11:59:35 INFO StandaloneSchedulerBackend: Shutting down all executors
[2025-11-13T11:59:35.206+0000] {subprocess.py:106} INFO - 25/11/13 11:59:35 INFO StandaloneSchedulerBackend$StandaloneDriverEndpoint: Asking each executor to shut down
[2025-11-13T11:59:35.240+0000] {subprocess.py:106} INFO - 25/11/13 11:59:35 INFO MapOutputTrackerMasterEndpoint: MapOutputTrackerMasterEndpoint stopped!
[2025-11-13T11:59:35.268+0000] {subprocess.py:106} INFO - 25/11/13 11:59:35 INFO MemoryStore: MemoryStore cleared
[2025-11-13T11:59:35.269+0000] {subprocess.py:106} INFO - 25/11/13 11:59:35 INFO BlockManager: BlockManager stopped
[2025-11-13T11:59:35.274+0000] {subprocess.py:106} INFO - 25/11/13 11:59:35 INFO BlockManagerMaster: BlockManagerMaster stopped
[2025-11-13T11:59:35.290+0000] {subprocess.py:106} INFO - 25/11/13 11:59:35 INFO OutputCommitCoordinator$OutputCommitCoordinatorEndpoint: OutputCommitCoordinator stopped!
[2025-11-13T11:59:35.323+0000] {subprocess.py:106} INFO - 25/11/13 11:59:35 INFO SparkContext: Successfully stopped SparkContext
[2025-11-13T11:59:35.435+0000] {subprocess.py:106} INFO - 25/11/13 11:59:35 INFO ShutdownHookManager: Shutdown hook called
[2025-11-13T11:59:35.436+0000] {subprocess.py:106} INFO - 25/11/13 11:59:35 INFO ShutdownHookManager: Deleting directory /tmp/spark-6d5802ad-89ce-4202-a77b-3f97aefc9f13
[2025-11-13T11:59:35.440+0000] {subprocess.py:106} INFO - 25/11/13 11:59:35 INFO ShutdownHookManager: Deleting directory /tmp/spark-108a293d-3c55-43ec-a77f-192511a425be
[2025-11-13T11:59:35.445+0000] {subprocess.py:106} INFO - 25/11/13 11:59:35 INFO ShutdownHookManager: Deleting directory /tmp/spark-108a293d-3c55-43ec-a77f-192511a425be/pyspark-009995c5-4f06-4e37-b2c4-4ba6313b4768
[2025-11-13T11:59:35.542+0000] {subprocess.py:110} INFO - Command exited with return code 0
[2025-11-13T11:59:35.666+0000] {taskinstance.py:341} INFO - ::group::Post task execution logs
[2025-11-13T11:59:35.667+0000] {taskinstance.py:353} INFO - Marking task as SUCCESS. dag_id=crawl_etl_itjob, task_id=load_bronze, run_id=scheduled__2025-11-12T02:00:00+00:00, execution_date=20251112T020000, start_date=20251113T115850, end_date=20251113T115935
[2025-11-13T11:59:35.772+0000] {local_task_job_runner.py:266} INFO - Task exited with return code 0
[2025-11-13T11:59:35.833+0000] {taskinstance.py:3901} INFO - 0 downstream tasks scheduled from follow-on schedule check
[2025-11-13T11:59:35.847+0000] {local_task_job_runner.py:245} INFO - ::endgroup::
