[2026-01-17T09:29:52.948+0000] {local_task_job_runner.py:123} INFO - ::group::Pre task execution logs
[2026-01-17T09:29:52.986+0000] {taskinstance.py:2614} INFO - Dependencies all met for dep_context=non-requeueable deps ti=<TaskInstance: crawl_etl_itjob.load_bronze scheduled__2026-01-16T02:00:00+00:00 [queued]>
[2026-01-17T09:29:52.994+0000] {taskinstance.py:2614} INFO - Dependencies all met for dep_context=requeueable deps ti=<TaskInstance: crawl_etl_itjob.load_bronze scheduled__2026-01-16T02:00:00+00:00 [queued]>
[2026-01-17T09:29:52.995+0000] {taskinstance.py:2867} INFO - Starting attempt 1 of 2
[2026-01-17T09:29:53.005+0000] {taskinstance.py:2890} INFO - Executing <Task(BashOperator): load_bronze> on 2026-01-16 02:00:00+00:00
[2026-01-17T09:29:53.010+0000] {standard_task_runner.py:72} INFO - Started process 113 to run task
[2026-01-17T09:29:53.013+0000] {standard_task_runner.py:104} INFO - Running: ['***', 'tasks', 'run', 'crawl_etl_itjob', 'load_bronze', 'scheduled__2026-01-16T02:00:00+00:00', '--job-id', '450', '--raw', '--subdir', 'DAGS_FOLDER/Crawl_ETL_ITJob.py', '--cfg-path', '/tmp/tmpt3j1ha1c']
[2026-01-17T09:29:53.015+0000] {standard_task_runner.py:105} INFO - Job 450: Subtask load_bronze
[2026-01-17T09:29:53.034+0000] {warnings.py:109} WARNING - /home/***/.local/lib/python3.8/site-packages/***/settings.py:209: DeprecationWarning: The sql_alchemy_conn option in [core] has been moved to the sql_alchemy_conn option in [database] - the old setting has been used, but please update your config.
  SQL_ALCHEMY_CONN = conf.get("database", "SQL_ALCHEMY_CONN")

[2026-01-17T09:29:53.095+0000] {task_command.py:467} INFO - Running <TaskInstance: crawl_etl_itjob.load_bronze scheduled__2026-01-16T02:00:00+00:00 [running]> on host a1de7f96d4f1
[2026-01-17T09:29:53.096+0000] {warnings.py:109} WARNING - /home/***/.local/lib/python3.8/site-packages/***/settings.py:470: DeprecationWarning: The sql_alchemy_conn option in [core] has been moved to the sql_alchemy_conn option in [database] - the old setting has been used, but please update your config.
  if conf.get("database", "sql_alchemy_conn") == "none://":

[2026-01-17T09:29:53.195+0000] {taskinstance.py:3134} INFO - Exporting env vars: AIRFLOW_CTX_DAG_EMAIL='dinhhoa0102@gmail.com' AIRFLOW_CTX_DAG_OWNER='***' AIRFLOW_CTX_DAG_ID='crawl_etl_itjob' AIRFLOW_CTX_TASK_ID='load_bronze' AIRFLOW_CTX_EXECUTION_DATE='2026-01-16T02:00:00+00:00' AIRFLOW_CTX_TRY_NUMBER='1' AIRFLOW_CTX_DAG_RUN_ID='scheduled__2026-01-16T02:00:00+00:00'
[2026-01-17T09:29:53.195+0000] {taskinstance.py:732} INFO - ::endgroup::
[2026-01-17T09:29:53.206+0000] {subprocess.py:78} INFO - Tmp dir root location: /tmp
[2026-01-17T09:29:53.207+0000] {subprocess.py:88} INFO - Running command: ['/bin/bash', '-c', "\n        docker exec spark-submit bash -c '\n        /opt/spark/bin/spark-submit         --master spark://spark-master:7077         --deploy-mode client         --packages org.apache.iceberg:iceberg-spark-runtime-3.5_2.12:1.5.0         /opt/spark/scripts/Load_Bronze.py\n        '\n        "]
[2026-01-17T09:29:53.216+0000] {subprocess.py:99} INFO - Output:
[2026-01-17T09:29:54.705+0000] {subprocess.py:106} INFO - :: loading settings :: url = jar:file:/opt/spark/jars/ivy-2.5.1.jar!/org/apache/ivy/core/settings/ivysettings.xml
[2026-01-17T09:29:54.784+0000] {subprocess.py:106} INFO - Ivy Default Cache set to: /home/spark/.ivy2/cache
[2026-01-17T09:29:54.784+0000] {subprocess.py:106} INFO - The jars for the packages stored in: /home/spark/.ivy2/jars
[2026-01-17T09:29:54.790+0000] {subprocess.py:106} INFO - org.apache.iceberg#iceberg-spark-runtime-3.5_2.12 added as a dependency
[2026-01-17T09:29:54.792+0000] {subprocess.py:106} INFO - :: resolving dependencies :: org.apache.spark#spark-submit-parent-645c39f5-b093-4109-abef-d641830d5793;1.0
[2026-01-17T09:29:54.792+0000] {subprocess.py:106} INFO - 	confs: [default]
[2026-01-17T09:29:54.883+0000] {subprocess.py:106} INFO - 	found org.apache.iceberg#iceberg-spark-runtime-3.5_2.12;1.5.0 in central
[2026-01-17T09:29:54.897+0000] {subprocess.py:106} INFO - :: resolution report :: resolve 102ms :: artifacts dl 4ms
[2026-01-17T09:29:54.898+0000] {subprocess.py:106} INFO - 	:: modules in use:
[2026-01-17T09:29:54.899+0000] {subprocess.py:106} INFO - 	org.apache.iceberg#iceberg-spark-runtime-3.5_2.12;1.5.0 from central in [default]
[2026-01-17T09:29:54.900+0000] {subprocess.py:106} INFO - 	---------------------------------------------------------------------
[2026-01-17T09:29:54.900+0000] {subprocess.py:106} INFO - 	|                  |            modules            ||   artifacts   |
[2026-01-17T09:29:54.900+0000] {subprocess.py:106} INFO - 	|       conf       | number| search|dwnlded|evicted|| number|dwnlded|
[2026-01-17T09:29:54.901+0000] {subprocess.py:106} INFO - 	---------------------------------------------------------------------
[2026-01-17T09:29:54.901+0000] {subprocess.py:106} INFO - 	|      default     |   1   |   0   |   0   |   0   ||   1   |   0   |
[2026-01-17T09:29:54.902+0000] {subprocess.py:106} INFO - 	---------------------------------------------------------------------
[2026-01-17T09:29:54.902+0000] {subprocess.py:106} INFO - :: retrieving :: org.apache.spark#spark-submit-parent-645c39f5-b093-4109-abef-d641830d5793
[2026-01-17T09:29:54.903+0000] {subprocess.py:106} INFO - 	confs: [default]
[2026-01-17T09:29:54.908+0000] {subprocess.py:106} INFO - 	0 artifacts copied, 1 already retrieved (0kB/6ms)
[2026-01-17T09:29:55.106+0000] {subprocess.py:106} INFO - 26/01/17 09:29:55 WARN NativeCodeLoader: Unable to load native-hadoop library for your platform... using builtin-java classes where applicable
[2026-01-17T09:29:55.854+0000] {subprocess.py:106} INFO - 26/01/17 09:29:55 INFO SparkContext: Running Spark version 3.5.3
[2026-01-17T09:29:55.855+0000] {subprocess.py:106} INFO - 26/01/17 09:29:55 INFO SparkContext: OS info Linux, 6.6.87.2-microsoft-standard-WSL2, amd64
[2026-01-17T09:29:55.855+0000] {subprocess.py:106} INFO - 26/01/17 09:29:55 INFO SparkContext: Java version 11.0.24
[2026-01-17T09:29:55.871+0000] {subprocess.py:106} INFO - 26/01/17 09:29:55 INFO ResourceUtils: ==============================================================
[2026-01-17T09:29:55.872+0000] {subprocess.py:106} INFO - 26/01/17 09:29:55 INFO ResourceUtils: No custom resources configured for spark.driver.
[2026-01-17T09:29:55.873+0000] {subprocess.py:106} INFO - 26/01/17 09:29:55 INFO ResourceUtils: ==============================================================
[2026-01-17T09:29:55.873+0000] {subprocess.py:106} INFO - 26/01/17 09:29:55 INFO SparkContext: Submitted application: Load_Bronze_Hive_Iceberg
[2026-01-17T09:29:55.894+0000] {subprocess.py:106} INFO - 26/01/17 09:29:55 INFO ResourceProfile: Default ResourceProfile created, executor resources: Map(memory -> name: memory, amount: 1024, script: , vendor: , offHeap -> name: offHeap, amount: 0, script: , vendor: ), task resources: Map(cpus -> name: cpus, amount: 1.0)
[2026-01-17T09:29:55.904+0000] {subprocess.py:106} INFO - 26/01/17 09:29:55 INFO ResourceProfile: Limiting resource is cpu
[2026-01-17T09:29:55.905+0000] {subprocess.py:106} INFO - 26/01/17 09:29:55 INFO ResourceProfileManager: Added ResourceProfile id: 0
[2026-01-17T09:29:55.957+0000] {subprocess.py:106} INFO - 26/01/17 09:29:55 INFO SecurityManager: Changing view acls to: spark
[2026-01-17T09:29:55.958+0000] {subprocess.py:106} INFO - 26/01/17 09:29:55 INFO SecurityManager: Changing modify acls to: spark
[2026-01-17T09:29:55.958+0000] {subprocess.py:106} INFO - 26/01/17 09:29:55 INFO SecurityManager: Changing view acls groups to:
[2026-01-17T09:29:55.959+0000] {subprocess.py:106} INFO - 26/01/17 09:29:55 INFO SecurityManager: Changing modify acls groups to:
[2026-01-17T09:29:55.959+0000] {subprocess.py:106} INFO - 26/01/17 09:29:55 INFO SecurityManager: SecurityManager: authentication disabled; ui acls disabled; users with view permissions: spark; groups with view permissions: EMPTY; users with modify permissions: spark; groups with modify permissions: EMPTY
[2026-01-17T09:29:56.175+0000] {subprocess.py:106} INFO - 26/01/17 09:29:56 INFO Utils: Successfully started service 'sparkDriver' on port 44913.
[2026-01-17T09:29:56.200+0000] {subprocess.py:106} INFO - 26/01/17 09:29:56 INFO SparkEnv: Registering MapOutputTracker
[2026-01-17T09:29:56.227+0000] {subprocess.py:106} INFO - 26/01/17 09:29:56 INFO SparkEnv: Registering BlockManagerMaster
[2026-01-17T09:29:56.240+0000] {subprocess.py:106} INFO - 26/01/17 09:29:56 INFO BlockManagerMasterEndpoint: Using org.apache.spark.storage.DefaultTopologyMapper for getting topology information
[2026-01-17T09:29:56.240+0000] {subprocess.py:106} INFO - 26/01/17 09:29:56 INFO BlockManagerMasterEndpoint: BlockManagerMasterEndpoint up
[2026-01-17T09:29:56.244+0000] {subprocess.py:106} INFO - 26/01/17 09:29:56 INFO SparkEnv: Registering BlockManagerMasterHeartbeat
[2026-01-17T09:29:56.264+0000] {subprocess.py:106} INFO - 26/01/17 09:29:56 INFO DiskBlockManager: Created local directory at /tmp/blockmgr-192c2358-696a-4598-812b-7d7b66522339
[2026-01-17T09:29:56.276+0000] {subprocess.py:106} INFO - 26/01/17 09:29:56 INFO MemoryStore: MemoryStore started with capacity 434.4 MiB
[2026-01-17T09:29:56.288+0000] {subprocess.py:106} INFO - 26/01/17 09:29:56 INFO SparkEnv: Registering OutputCommitCoordinator
[2026-01-17T09:29:56.388+0000] {subprocess.py:106} INFO - 26/01/17 09:29:56 INFO JettyUtils: Start Jetty 0.0.0.0:4040 for SparkUI
[2026-01-17T09:29:56.433+0000] {subprocess.py:106} INFO - 26/01/17 09:29:56 INFO Utils: Successfully started service 'SparkUI' on port 4040.
[2026-01-17T09:29:56.464+0000] {subprocess.py:106} INFO - 26/01/17 09:29:56 INFO SparkContext: Added JAR file:///home/spark/.ivy2/jars/org.apache.iceberg_iceberg-spark-runtime-3.5_2.12-1.5.0.jar at spark://65f44b4fd513:44913/jars/org.apache.iceberg_iceberg-spark-runtime-3.5_2.12-1.5.0.jar with timestamp 1768642195847
[2026-01-17T09:29:56.468+0000] {subprocess.py:106} INFO - 26/01/17 09:29:56 INFO SparkContext: Added file file:///home/spark/.ivy2/jars/org.apache.iceberg_iceberg-spark-runtime-3.5_2.12-1.5.0.jar at spark://65f44b4fd513:44913/files/org.apache.iceberg_iceberg-spark-runtime-3.5_2.12-1.5.0.jar with timestamp 1768642195847
[2026-01-17T09:29:56.470+0000] {subprocess.py:106} INFO - 26/01/17 09:29:56 INFO Utils: Copying /home/spark/.ivy2/jars/org.apache.iceberg_iceberg-spark-runtime-3.5_2.12-1.5.0.jar to /tmp/spark-cce123cd-18f6-4560-9a76-624fbd1fef7f/userFiles-ed43a7a3-d180-4806-8040-81fc01bebd86/org.apache.iceberg_iceberg-spark-runtime-3.5_2.12-1.5.0.jar
[2026-01-17T09:29:56.577+0000] {subprocess.py:106} INFO - 26/01/17 09:29:56 INFO StandaloneAppClient$ClientEndpoint: Connecting to master spark://spark-master:7077...
[2026-01-17T09:29:56.612+0000] {subprocess.py:106} INFO - 26/01/17 09:29:56 INFO TransportClientFactory: Successfully created connection to spark-master/172.30.0.6:7077 after 22 ms (0 ms spent in bootstraps)
[2026-01-17T09:29:56.689+0000] {subprocess.py:106} INFO - 26/01/17 09:29:56 INFO StandaloneSchedulerBackend: Connected to Spark cluster with app ID app-20260117092956-0003
[2026-01-17T09:29:56.691+0000] {subprocess.py:106} INFO - 26/01/17 09:29:56 INFO StandaloneAppClient$ClientEndpoint: Executor added: app-20260117092956-0003/0 on worker-20260117090622-172.30.0.8-33251 (172.30.0.8:33251) with 1 core(s)
[2026-01-17T09:29:56.693+0000] {subprocess.py:106} INFO - 26/01/17 09:29:56 INFO StandaloneSchedulerBackend: Granted executor ID app-20260117092956-0003/0 on hostPort 172.30.0.8:33251 with 1 core(s), 1024.0 MiB RAM
[2026-01-17T09:29:56.701+0000] {subprocess.py:106} INFO - 26/01/17 09:29:56 INFO Utils: Successfully started service 'org.apache.spark.network.netty.NettyBlockTransferService' on port 35339.
[2026-01-17T09:29:56.702+0000] {subprocess.py:106} INFO - 26/01/17 09:29:56 INFO NettyBlockTransferService: Server created on 65f44b4fd513:35339
[2026-01-17T09:29:56.703+0000] {subprocess.py:106} INFO - 26/01/17 09:29:56 INFO BlockManager: Using org.apache.spark.storage.RandomBlockReplicationPolicy for block replication policy
[2026-01-17T09:29:56.710+0000] {subprocess.py:106} INFO - 26/01/17 09:29:56 INFO BlockManagerMaster: Registering BlockManager BlockManagerId(driver, 65f44b4fd513, 35339, None)
[2026-01-17T09:29:56.714+0000] {subprocess.py:106} INFO - 26/01/17 09:29:56 INFO BlockManagerMasterEndpoint: Registering block manager 65f44b4fd513:35339 with 434.4 MiB RAM, BlockManagerId(driver, 65f44b4fd513, 35339, None)
[2026-01-17T09:29:56.718+0000] {subprocess.py:106} INFO - 26/01/17 09:29:56 INFO BlockManagerMaster: Registered BlockManager BlockManagerId(driver, 65f44b4fd513, 35339, None)
[2026-01-17T09:29:56.720+0000] {subprocess.py:106} INFO - 26/01/17 09:29:56 INFO BlockManager: Initialized BlockManager: BlockManagerId(driver, 65f44b4fd513, 35339, None)
[2026-01-17T09:29:56.729+0000] {subprocess.py:106} INFO - 26/01/17 09:29:56 INFO StandaloneAppClient$ClientEndpoint: Executor updated: app-20260117092956-0003/0 is now RUNNING
[2026-01-17T09:29:56.945+0000] {subprocess.py:106} INFO - 26/01/17 09:29:56 INFO StandaloneSchedulerBackend: SchedulerBackend is ready for scheduling beginning after reached minRegisteredResourcesRatio: 0.0
[2026-01-17T09:29:57.181+0000] {subprocess.py:106} INFO - 26/01/17 09:29:57 INFO SharedState: Setting hive.metastore.warehouse.dir ('null') to the value of spark.sql.warehouse.dir.
[2026-01-17T09:29:57.185+0000] {subprocess.py:106} INFO - 26/01/17 09:29:57 INFO SharedState: Warehouse path is 'file:/opt/spark/work-dir/spark-warehouse'.
[2026-01-17T09:29:59.030+0000] {subprocess.py:106} INFO - 26/01/17 09:29:59 INFO InMemoryFileIndex: It took 98 ms to list leaf files for 1 paths.
[2026-01-17T09:29:59.229+0000] {subprocess.py:106} INFO - 26/01/17 09:29:59 INFO MemoryStore: Block broadcast_0 stored as values in memory (estimated size 203.7 KiB, free 434.2 MiB)
[2026-01-17T09:29:59.288+0000] {subprocess.py:106} INFO - 26/01/17 09:29:59 INFO MemoryStore: Block broadcast_0_piece0 stored as bytes in memory (estimated size 35.3 KiB, free 434.2 MiB)
[2026-01-17T09:29:59.293+0000] {subprocess.py:106} INFO - 26/01/17 09:29:59 INFO BlockManagerInfo: Added broadcast_0_piece0 in memory on 65f44b4fd513:35339 (size: 35.3 KiB, free: 434.4 MiB)
[2026-01-17T09:29:59.298+0000] {subprocess.py:106} INFO - 26/01/17 09:29:59 INFO SparkContext: Created broadcast 0 from csv at <unknown>:0
[2026-01-17T09:29:59.592+0000] {subprocess.py:106} INFO - 26/01/17 09:29:59 INFO StandaloneSchedulerBackend$StandaloneDriverEndpoint: Registered executor NettyRpcEndpointRef(spark-client://Executor) (172.30.0.8:52276) with ID 0,  ResourceProfileId 0
[2026-01-17T09:29:59.695+0000] {subprocess.py:106} INFO - 26/01/17 09:29:59 INFO BlockManagerMasterEndpoint: Registering block manager 172.30.0.8:37663 with 434.4 MiB RAM, BlockManagerId(0, 172.30.0.8, 37663, None)
[2026-01-17T09:29:59.738+0000] {subprocess.py:106} INFO - 26/01/17 09:29:59 INFO FileInputFormat: Total input files to process : 1
[2026-01-17T09:29:59.744+0000] {subprocess.py:106} INFO - 26/01/17 09:29:59 INFO FileInputFormat: Total input files to process : 1
[2026-01-17T09:29:59.831+0000] {subprocess.py:106} INFO - 26/01/17 09:29:59 INFO SparkContext: Starting job: csv at <unknown>:0
[2026-01-17T09:29:59.865+0000] {subprocess.py:106} INFO - 26/01/17 09:29:59 INFO DAGScheduler: Got job 0 (csv at <unknown>:0) with 1 output partitions
[2026-01-17T09:29:59.866+0000] {subprocess.py:106} INFO - 26/01/17 09:29:59 INFO DAGScheduler: Final stage: ResultStage 0 (csv at <unknown>:0)
[2026-01-17T09:29:59.867+0000] {subprocess.py:106} INFO - 26/01/17 09:29:59 INFO DAGScheduler: Parents of final stage: List()
[2026-01-17T09:29:59.870+0000] {subprocess.py:106} INFO - 26/01/17 09:29:59 INFO DAGScheduler: Missing parents: List()
[2026-01-17T09:29:59.879+0000] {subprocess.py:106} INFO - 26/01/17 09:29:59 INFO DAGScheduler: Submitting ResultStage 0 (MapPartitionsRDD[2] at csv at <unknown>:0), which has no missing parents
[2026-01-17T09:29:59.911+0000] {subprocess.py:106} INFO - 26/01/17 09:29:59 INFO MemoryStore: Block broadcast_1 stored as values in memory (estimated size 7.6 KiB, free 434.2 MiB)
[2026-01-17T09:29:59.921+0000] {subprocess.py:106} INFO - 26/01/17 09:29:59 INFO MemoryStore: Block broadcast_1_piece0 stored as bytes in memory (estimated size 4.4 KiB, free 434.2 MiB)
[2026-01-17T09:29:59.922+0000] {subprocess.py:106} INFO - 26/01/17 09:29:59 INFO BlockManagerInfo: Added broadcast_1_piece0 in memory on 65f44b4fd513:35339 (size: 4.4 KiB, free: 434.4 MiB)
[2026-01-17T09:29:59.923+0000] {subprocess.py:106} INFO - 26/01/17 09:29:59 INFO SparkContext: Created broadcast 1 from broadcast at DAGScheduler.scala:1585
[2026-01-17T09:29:59.965+0000] {subprocess.py:106} INFO - 26/01/17 09:29:59 INFO DAGScheduler: Submitting 1 missing tasks from ResultStage 0 (MapPartitionsRDD[2] at csv at <unknown>:0) (first 15 tasks are for partitions Vector(0))
[2026-01-17T09:29:59.968+0000] {subprocess.py:106} INFO - 26/01/17 09:29:59 INFO TaskSchedulerImpl: Adding task set 0.0 with 1 tasks resource profile 0
[2026-01-17T09:30:00.330+0000] {subprocess.py:106} INFO - 26/01/17 09:30:00 INFO TaskSetManager: Starting task 0.0 in stage 0.0 (TID 0) (172.30.0.8, executor 0, partition 0, PROCESS_LOCAL, 9484 bytes)
[2026-01-17T09:30:00.600+0000] {subprocess.py:106} INFO - 26/01/17 09:30:00 INFO BlockManagerInfo: Added broadcast_1_piece0 in memory on 172.30.0.8:37663 (size: 4.4 KiB, free: 434.4 MiB)
[2026-01-17T09:30:00.797+0000] {subprocess.py:106} INFO - 26/01/17 09:30:00 INFO BlockManagerInfo: Added broadcast_0_piece0 in memory on 172.30.0.8:37663 (size: 35.3 KiB, free: 434.4 MiB)
[2026-01-17T09:30:01.501+0000] {subprocess.py:106} INFO - 26/01/17 09:30:01 INFO TaskSetManager: Finished task 0.0 in stage 0.0 (TID 0) in 1199 ms on 172.30.0.8 (executor 0) (1/1)
[2026-01-17T09:30:01.503+0000] {subprocess.py:106} INFO - 26/01/17 09:30:01 INFO TaskSchedulerImpl: Removed TaskSet 0.0, whose tasks have all completed, from pool
[2026-01-17T09:30:01.510+0000] {subprocess.py:106} INFO - 26/01/17 09:30:01 INFO DAGScheduler: ResultStage 0 (csv at <unknown>:0) finished in 1.607 s
[2026-01-17T09:30:01.515+0000] {subprocess.py:106} INFO - 26/01/17 09:30:01 INFO DAGScheduler: Job 0 is finished. Cancelling potential speculative or zombie tasks for this job
[2026-01-17T09:30:01.520+0000] {subprocess.py:106} INFO - 26/01/17 09:30:01 INFO TaskSchedulerImpl: Killing all running tasks in stage 0: Stage finished
[2026-01-17T09:30:01.521+0000] {subprocess.py:106} INFO - 26/01/17 09:30:01 INFO DAGScheduler: Job 0 finished: csv at <unknown>:0, took 1.686865 s
[2026-01-17T09:30:01.940+0000] {subprocess.py:106} INFO - 26/01/17 09:30:01 INFO BlockManagerInfo: Removed broadcast_0_piece0 on 65f44b4fd513:35339 in memory (size: 35.3 KiB, free: 434.4 MiB)
[2026-01-17T09:30:01.948+0000] {subprocess.py:106} INFO - 26/01/17 09:30:01 INFO BlockManagerInfo: Removed broadcast_0_piece0 on 172.30.0.8:37663 in memory (size: 35.3 KiB, free: 434.4 MiB)
[2026-01-17T09:30:01.957+0000] {subprocess.py:106} INFO - 26/01/17 09:30:01 INFO BlockManagerInfo: Removed broadcast_1_piece0 on 65f44b4fd513:35339 in memory (size: 4.4 KiB, free: 434.4 MiB)
[2026-01-17T09:30:01.960+0000] {subprocess.py:106} INFO - 26/01/17 09:30:01 INFO BlockManagerInfo: Removed broadcast_1_piece0 on 172.30.0.8:37663 in memory (size: 4.4 KiB, free: 434.4 MiB)
[2026-01-17T09:30:02.552+0000] {subprocess.py:106} INFO - 26/01/17 09:30:02 INFO FileSourceStrategy: Pushed Filters:
[2026-01-17T09:30:02.553+0000] {subprocess.py:106} INFO - 26/01/17 09:30:02 INFO FileSourceStrategy: Post-Scan Filters:
[2026-01-17T09:30:02.919+0000] {subprocess.py:106} INFO - 26/01/17 09:30:02 INFO CodeGenerator: Code generated in 187.435696 ms
[2026-01-17T09:30:02.926+0000] {subprocess.py:106} INFO - 26/01/17 09:30:02 INFO MemoryStore: Block broadcast_2 stored as values in memory (estimated size 203.1 KiB, free 434.2 MiB)
[2026-01-17T09:30:02.935+0000] {subprocess.py:106} INFO - 26/01/17 09:30:02 INFO MemoryStore: Block broadcast_2_piece0 stored as bytes in memory (estimated size 35.1 KiB, free 434.2 MiB)
[2026-01-17T09:30:02.937+0000] {subprocess.py:106} INFO - 26/01/17 09:30:02 INFO BlockManagerInfo: Added broadcast_2_piece0 in memory on 65f44b4fd513:35339 (size: 35.1 KiB, free: 434.4 MiB)
[2026-01-17T09:30:02.938+0000] {subprocess.py:106} INFO - 26/01/17 09:30:02 INFO SparkContext: Created broadcast 2 from count at <unknown>:0
[2026-01-17T09:30:02.951+0000] {subprocess.py:106} INFO - 26/01/17 09:30:02 INFO FileSourceScanExec: Planning scan with bin packing, max size: 4194304 bytes, open cost is considered as scanning 4194304 bytes.
[2026-01-17T09:30:02.989+0000] {subprocess.py:106} INFO - 26/01/17 09:30:02 INFO DAGScheduler: Registering RDD 7 (count at <unknown>:0) as input to shuffle 0
[2026-01-17T09:30:02.993+0000] {subprocess.py:106} INFO - 26/01/17 09:30:02 INFO DAGScheduler: Got map stage job 1 (count at <unknown>:0) with 1 output partitions
[2026-01-17T09:30:02.994+0000] {subprocess.py:106} INFO - 26/01/17 09:30:02 INFO DAGScheduler: Final stage: ShuffleMapStage 1 (count at <unknown>:0)
[2026-01-17T09:30:02.995+0000] {subprocess.py:106} INFO - 26/01/17 09:30:02 INFO DAGScheduler: Parents of final stage: List()
[2026-01-17T09:30:02.996+0000] {subprocess.py:106} INFO - 26/01/17 09:30:02 INFO DAGScheduler: Missing parents: List()
[2026-01-17T09:30:02.999+0000] {subprocess.py:106} INFO - 26/01/17 09:30:02 INFO DAGScheduler: Submitting ShuffleMapStage 1 (MapPartitionsRDD[7] at count at <unknown>:0), which has no missing parents
[2026-01-17T09:30:03.052+0000] {subprocess.py:106} INFO - 26/01/17 09:30:03 INFO MemoryStore: Block broadcast_3 stored as values in memory (estimated size 18.0 KiB, free 434.1 MiB)
[2026-01-17T09:30:03.057+0000] {subprocess.py:106} INFO - 26/01/17 09:30:03 INFO MemoryStore: Block broadcast_3_piece0 stored as bytes in memory (estimated size 8.9 KiB, free 434.1 MiB)
[2026-01-17T09:30:03.059+0000] {subprocess.py:106} INFO - 26/01/17 09:30:03 INFO BlockManagerInfo: Added broadcast_3_piece0 in memory on 65f44b4fd513:35339 (size: 8.9 KiB, free: 434.4 MiB)
[2026-01-17T09:30:03.059+0000] {subprocess.py:106} INFO - 26/01/17 09:30:03 INFO SparkContext: Created broadcast 3 from broadcast at DAGScheduler.scala:1585
[2026-01-17T09:30:03.061+0000] {subprocess.py:106} INFO - 26/01/17 09:30:03 INFO DAGScheduler: Submitting 1 missing tasks from ShuffleMapStage 1 (MapPartitionsRDD[7] at count at <unknown>:0) (first 15 tasks are for partitions Vector(0))
[2026-01-17T09:30:03.061+0000] {subprocess.py:106} INFO - 26/01/17 09:30:03 INFO TaskSchedulerImpl: Adding task set 1.0 with 1 tasks resource profile 0
[2026-01-17T09:30:03.068+0000] {subprocess.py:106} INFO - 26/01/17 09:30:03 INFO TaskSetManager: Starting task 0.0 in stage 1.0 (TID 1) (172.30.0.8, executor 0, partition 0, ANY, 9944 bytes)
[2026-01-17T09:30:03.115+0000] {subprocess.py:106} INFO - 26/01/17 09:30:03 INFO BlockManagerInfo: Added broadcast_3_piece0 in memory on 172.30.0.8:37663 (size: 8.9 KiB, free: 434.4 MiB)
[2026-01-17T09:30:03.707+0000] {subprocess.py:106} INFO - 26/01/17 09:30:03 INFO BlockManagerInfo: Added broadcast_2_piece0 in memory on 172.30.0.8:37663 (size: 35.1 KiB, free: 434.4 MiB)
[2026-01-17T09:30:03.846+0000] {subprocess.py:106} INFO - 26/01/17 09:30:03 INFO TaskSetManager: Finished task 0.0 in stage 1.0 (TID 1) in 782 ms on 172.30.0.8 (executor 0) (1/1)
[2026-01-17T09:30:03.847+0000] {subprocess.py:106} INFO - 26/01/17 09:30:03 INFO TaskSchedulerImpl: Removed TaskSet 1.0, whose tasks have all completed, from pool
[2026-01-17T09:30:03.850+0000] {subprocess.py:106} INFO - 26/01/17 09:30:03 INFO DAGScheduler: ShuffleMapStage 1 (count at <unknown>:0) finished in 0.844 s
[2026-01-17T09:30:03.850+0000] {subprocess.py:106} INFO - 26/01/17 09:30:03 INFO DAGScheduler: looking for newly runnable stages
[2026-01-17T09:30:03.851+0000] {subprocess.py:106} INFO - 26/01/17 09:30:03 INFO DAGScheduler: running: Set()
[2026-01-17T09:30:03.852+0000] {subprocess.py:106} INFO - 26/01/17 09:30:03 INFO DAGScheduler: waiting: Set()
[2026-01-17T09:30:03.852+0000] {subprocess.py:106} INFO - 26/01/17 09:30:03 INFO DAGScheduler: failed: Set()
[2026-01-17T09:30:03.894+0000] {subprocess.py:106} INFO - 26/01/17 09:30:03 INFO CodeGenerator: Code generated in 11.220491 ms
[2026-01-17T09:30:03.916+0000] {subprocess.py:106} INFO - 26/01/17 09:30:03 INFO SparkContext: Starting job: count at <unknown>:0
[2026-01-17T09:30:03.919+0000] {subprocess.py:106} INFO - 26/01/17 09:30:03 INFO DAGScheduler: Got job 2 (count at <unknown>:0) with 1 output partitions
[2026-01-17T09:30:03.920+0000] {subprocess.py:106} INFO - 26/01/17 09:30:03 INFO DAGScheduler: Final stage: ResultStage 3 (count at <unknown>:0)
[2026-01-17T09:30:03.921+0000] {subprocess.py:106} INFO - 26/01/17 09:30:03 INFO DAGScheduler: Parents of final stage: List(ShuffleMapStage 2)
[2026-01-17T09:30:03.922+0000] {subprocess.py:106} INFO - 26/01/17 09:30:03 INFO DAGScheduler: Missing parents: List()
[2026-01-17T09:30:03.922+0000] {subprocess.py:106} INFO - 26/01/17 09:30:03 INFO DAGScheduler: Submitting ResultStage 3 (MapPartitionsRDD[10] at count at <unknown>:0), which has no missing parents
[2026-01-17T09:30:03.929+0000] {subprocess.py:106} INFO - 26/01/17 09:30:03 INFO MemoryStore: Block broadcast_4 stored as values in memory (estimated size 12.5 KiB, free 434.1 MiB)
[2026-01-17T09:30:03.933+0000] {subprocess.py:106} INFO - 26/01/17 09:30:03 INFO MemoryStore: Block broadcast_4_piece0 stored as bytes in memory (estimated size 5.9 KiB, free 434.1 MiB)
[2026-01-17T09:30:03.935+0000] {subprocess.py:106} INFO - 26/01/17 09:30:03 INFO BlockManagerInfo: Added broadcast_4_piece0 in memory on 65f44b4fd513:35339 (size: 5.9 KiB, free: 434.4 MiB)
[2026-01-17T09:30:03.935+0000] {subprocess.py:106} INFO - 26/01/17 09:30:03 INFO SparkContext: Created broadcast 4 from broadcast at DAGScheduler.scala:1585
[2026-01-17T09:30:03.937+0000] {subprocess.py:106} INFO - 26/01/17 09:30:03 INFO DAGScheduler: Submitting 1 missing tasks from ResultStage 3 (MapPartitionsRDD[10] at count at <unknown>:0) (first 15 tasks are for partitions Vector(0))
[2026-01-17T09:30:03.937+0000] {subprocess.py:106} INFO - 26/01/17 09:30:03 INFO TaskSchedulerImpl: Adding task set 3.0 with 1 tasks resource profile 0
[2026-01-17T09:30:03.942+0000] {subprocess.py:106} INFO - 26/01/17 09:30:03 INFO TaskSetManager: Starting task 0.0 in stage 3.0 (TID 2) (172.30.0.8, executor 0, partition 0, NODE_LOCAL, 9331 bytes)
[2026-01-17T09:30:03.971+0000] {subprocess.py:106} INFO - 26/01/17 09:30:03 INFO BlockManagerInfo: Added broadcast_4_piece0 in memory on 172.30.0.8:37663 (size: 5.9 KiB, free: 434.4 MiB)
[2026-01-17T09:30:04.003+0000] {subprocess.py:106} INFO - 26/01/17 09:30:04 INFO MapOutputTrackerMasterEndpoint: Asked to send map output locations for shuffle 0 to 172.30.0.8:52276
[2026-01-17T09:30:04.110+0000] {subprocess.py:106} INFO - 26/01/17 09:30:04 INFO TaskSetManager: Finished task 0.0 in stage 3.0 (TID 2) in 168 ms on 172.30.0.8 (executor 0) (1/1)
[2026-01-17T09:30:04.116+0000] {subprocess.py:106} INFO - 26/01/17 09:30:04 INFO TaskSchedulerImpl: Removed TaskSet 3.0, whose tasks have all completed, from pool
[2026-01-17T09:30:04.117+0000] {subprocess.py:106} INFO - 26/01/17 09:30:04 INFO DAGScheduler: ResultStage 3 (count at <unknown>:0) finished in 0.183 s
[2026-01-17T09:30:04.117+0000] {subprocess.py:106} INFO - 26/01/17 09:30:04 INFO DAGScheduler: Job 2 is finished. Cancelling potential speculative or zombie tasks for this job
[2026-01-17T09:30:04.118+0000] {subprocess.py:106} INFO - 26/01/17 09:30:04 INFO TaskSchedulerImpl: Killing all running tasks in stage 3: Stage finished
[2026-01-17T09:30:04.118+0000] {subprocess.py:106} INFO - 26/01/17 09:30:04 INFO DAGScheduler: Job 2 finished: count at <unknown>:0, took 0.194951 s
[2026-01-17T09:30:04.123+0000] {subprocess.py:106} INFO -  Record loaded from CSV: 6983
[2026-01-17T09:30:04.124+0000] {subprocess.py:106} INFO - root
[2026-01-17T09:30:04.126+0000] {subprocess.py:106} INFO -  |-- job_title: string (nullable = true)
[2026-01-17T09:30:04.127+0000] {subprocess.py:106} INFO -  |-- company_name: string (nullable = true)
[2026-01-17T09:30:04.127+0000] {subprocess.py:106} INFO -  |-- location: string (nullable = true)
[2026-01-17T09:30:04.129+0000] {subprocess.py:106} INFO -  |-- skills_required: string (nullable = true)
[2026-01-17T09:30:04.130+0000] {subprocess.py:106} INFO -  |-- date_posted: string (nullable = true)
[2026-01-17T09:30:04.130+0000] {subprocess.py:106} INFO -  |-- job_link: string (nullable = true)
[2026-01-17T09:30:04.132+0000] {subprocess.py:106} INFO -  |-- job_category: string (nullable = true)
[2026-01-17T09:30:04.133+0000] {subprocess.py:106} INFO -  |-- work_mode: string (nullable = true)
[2026-01-17T09:30:04.136+0000] {subprocess.py:106} INFO -  |-- crawl_date: string (nullable = true)
[2026-01-17T09:30:04.137+0000] {subprocess.py:106} INFO -  |-- date_only: string (nullable = true)
[2026-01-17T09:30:04.137+0000] {subprocess.py:106} INFO - 
[2026-01-17T09:30:04.239+0000] {subprocess.py:106} INFO - 26/01/17 09:30:04 INFO BlockManagerInfo: Removed broadcast_3_piece0 on 65f44b4fd513:35339 in memory (size: 8.9 KiB, free: 434.4 MiB)
[2026-01-17T09:30:04.243+0000] {subprocess.py:106} INFO - 26/01/17 09:30:04 INFO BlockManagerInfo: Removed broadcast_3_piece0 on 172.30.0.8:37663 in memory (size: 8.9 KiB, free: 434.4 MiB)
[2026-01-17T09:30:04.251+0000] {subprocess.py:106} INFO - 26/01/17 09:30:04 INFO BlockManagerInfo: Removed broadcast_4_piece0 on 65f44b4fd513:35339 in memory (size: 5.9 KiB, free: 434.4 MiB)
[2026-01-17T09:30:04.254+0000] {subprocess.py:106} INFO - 26/01/17 09:30:04 INFO BlockManagerInfo: Removed broadcast_4_piece0 on 172.30.0.8:37663 in memory (size: 5.9 KiB, free: 434.4 MiB)
[2026-01-17T09:30:04.407+0000] {subprocess.py:106} INFO - 26/01/17 09:30:04 INFO HiveConf: Found configuration file null
[2026-01-17T09:30:04.525+0000] {subprocess.py:106} INFO - 26/01/17 09:30:04 INFO metastore: Trying to connect to metastore with URI thrift://hive-metastore:9083
[2026-01-17T09:30:04.540+0000] {subprocess.py:106} INFO - 26/01/17 09:30:04 INFO metastore: Opened a connection to metastore, current connections: 1
[2026-01-17T09:30:04.561+0000] {subprocess.py:106} INFO - 26/01/17 09:30:04 INFO metastore: Connected to metastore.
[2026-01-17T09:30:04.761+0000] {subprocess.py:106} INFO - 26/01/17 09:30:04 INFO BaseMetastoreTableOperations: Refreshing table metadata from new version: hdfs://dinhhoa-master:9000/user/ndh/warehouse/bronze.db/it_jobs_raw/metadata/00018-8e653462-cfa7-484b-b84b-72f6f474a8e4.metadata.json
[2026-01-17T09:30:04.823+0000] {subprocess.py:106} INFO - 26/01/17 09:30:04 INFO BlockManagerInfo: Removed broadcast_2_piece0 on 65f44b4fd513:35339 in memory (size: 35.1 KiB, free: 434.4 MiB)
[2026-01-17T09:30:04.825+0000] {subprocess.py:106} INFO - 26/01/17 09:30:04 INFO BlockManagerInfo: Removed broadcast_2_piece0 on 172.30.0.8:37663 in memory (size: 35.1 KiB, free: 434.4 MiB)
[2026-01-17T09:30:05.069+0000] {subprocess.py:106} INFO - 26/01/17 09:30:05 INFO BaseMetastoreCatalog: Table loaded by catalog: hive_catalog.bronze.it_jobs_raw
[2026-01-17T09:30:05.248+0000] {subprocess.py:106} INFO - 26/01/17 09:30:05 INFO V2ScanRelationPushDown:
[2026-01-17T09:30:05.250+0000] {subprocess.py:106} INFO - Pushing operators to hive_catalog.bronze.it_jobs_raw
[2026-01-17T09:30:05.251+0000] {subprocess.py:106} INFO - Pushed Filters: job_link IS NOT NULL
[2026-01-17T09:30:05.251+0000] {subprocess.py:106} INFO - Post-Scan Filters: isnotnull(job_link#66)
[2026-01-17T09:30:05.252+0000] {subprocess.py:106} INFO - 
[2026-01-17T09:30:05.296+0000] {subprocess.py:106} INFO - 26/01/17 09:30:05 INFO V2ScanRelationPushDown:
[2026-01-17T09:30:05.297+0000] {subprocess.py:106} INFO - Output: job_link#66
[2026-01-17T09:30:05.297+0000] {subprocess.py:106} INFO - 
[2026-01-17T09:30:05.309+0000] {subprocess.py:106} INFO - 26/01/17 09:30:05 INFO SnapshotScan: Scanning table hive_catalog.bronze.it_jobs_raw snapshot 6064258451110206604 created at 2026-01-17T09:17:54.142+00:00 with filter job_link IS NOT NULL
[2026-01-17T09:30:05.508+0000] {subprocess.py:106} INFO - 26/01/17 09:30:05 INFO BaseDistributedDataScan: Planning file tasks locally for table hive_catalog.bronze.it_jobs_raw
[2026-01-17T09:30:05.703+0000] {subprocess.py:106} INFO - 26/01/17 09:30:05 INFO SparkPartitioningAwareScan: Reporting UnknownPartitioning with 5 partition(s) for table hive_catalog.bronze.it_jobs_raw
[2026-01-17T09:30:05.746+0000] {subprocess.py:106} INFO - 26/01/17 09:30:05 INFO FileSourceStrategy: Pushed Filters:
[2026-01-17T09:30:05.747+0000] {subprocess.py:106} INFO - 26/01/17 09:30:05 INFO FileSourceStrategy: Post-Scan Filters:
[2026-01-17T09:30:05.756+0000] {subprocess.py:106} INFO - 26/01/17 09:30:05 INFO MemoryStore: Block broadcast_5 stored as values in memory (estimated size 32.0 KiB, free 434.4 MiB)
[2026-01-17T09:30:05.767+0000] {subprocess.py:106} INFO - 26/01/17 09:30:05 INFO MemoryStore: Block broadcast_5_piece0 stored as bytes in memory (estimated size 29.7 KiB, free 434.3 MiB)
[2026-01-17T09:30:05.767+0000] {subprocess.py:106} INFO - 26/01/17 09:30:05 INFO BlockManagerInfo: Added broadcast_5_piece0 in memory on 65f44b4fd513:35339 (size: 29.7 KiB, free: 434.4 MiB)
[2026-01-17T09:30:05.769+0000] {subprocess.py:106} INFO - 26/01/17 09:30:05 INFO SparkContext: Created broadcast 5 from broadcast at SparkBatch.java:79
[2026-01-17T09:30:05.804+0000] {subprocess.py:106} INFO - 26/01/17 09:30:05 INFO MemoryStore: Block broadcast_6 stored as values in memory (estimated size 32.0 KiB, free 434.3 MiB)
[2026-01-17T09:30:05.806+0000] {subprocess.py:106} INFO - 26/01/17 09:30:05 INFO MemoryStore: Block broadcast_6_piece0 stored as bytes in memory (estimated size 29.7 KiB, free 434.3 MiB)
[2026-01-17T09:30:05.807+0000] {subprocess.py:106} INFO - 26/01/17 09:30:05 INFO BlockManagerInfo: Added broadcast_6_piece0 in memory on 65f44b4fd513:35339 (size: 29.7 KiB, free: 434.3 MiB)
[2026-01-17T09:30:05.808+0000] {subprocess.py:106} INFO - 26/01/17 09:30:05 INFO SparkContext: Created broadcast 6 from broadcast at SparkBatch.java:79
[2026-01-17T09:30:05.893+0000] {subprocess.py:106} INFO - 26/01/17 09:30:05 INFO CodeGenerator: Code generated in 18.091831 ms
[2026-01-17T09:30:05.928+0000] {subprocess.py:106} INFO - 26/01/17 09:30:05 INFO SparkContext: Starting job: $anonfun$withThreadLocalCaptured$1 at <unknown>:0
[2026-01-17T09:30:05.929+0000] {subprocess.py:106} INFO - 26/01/17 09:30:05 INFO DAGScheduler: Got job 3 ($anonfun$withThreadLocalCaptured$1 at <unknown>:0) with 5 output partitions
[2026-01-17T09:30:05.931+0000] {subprocess.py:106} INFO - 26/01/17 09:30:05 INFO DAGScheduler: Final stage: ResultStage 4 ($anonfun$withThreadLocalCaptured$1 at <unknown>:0)
[2026-01-17T09:30:05.931+0000] {subprocess.py:106} INFO - 26/01/17 09:30:05 INFO DAGScheduler: Parents of final stage: List()
[2026-01-17T09:30:05.931+0000] {subprocess.py:106} INFO - 26/01/17 09:30:05 INFO DAGScheduler: Missing parents: List()
[2026-01-17T09:30:05.932+0000] {subprocess.py:106} INFO - 26/01/17 09:30:05 INFO DAGScheduler: Submitting ResultStage 4 (MapPartitionsRDD[14] at $anonfun$withThreadLocalCaptured$1 at <unknown>:0), which has no missing parents
[2026-01-17T09:30:05.935+0000] {subprocess.py:106} INFO - 26/01/17 09:30:05 INFO MemoryStore: Block broadcast_7 stored as values in memory (estimated size 13.8 KiB, free 434.3 MiB)
[2026-01-17T09:30:05.937+0000] {subprocess.py:106} INFO - 26/01/17 09:30:05 INFO MemoryStore: Block broadcast_7_piece0 stored as bytes in memory (estimated size 5.5 KiB, free 434.3 MiB)
[2026-01-17T09:30:05.938+0000] {subprocess.py:106} INFO - 26/01/17 09:30:05 INFO BlockManagerInfo: Added broadcast_7_piece0 in memory on 65f44b4fd513:35339 (size: 5.5 KiB, free: 434.3 MiB)
[2026-01-17T09:30:05.940+0000] {subprocess.py:106} INFO - 26/01/17 09:30:05 INFO SparkContext: Created broadcast 7 from broadcast at DAGScheduler.scala:1585
[2026-01-17T09:30:05.941+0000] {subprocess.py:106} INFO - 26/01/17 09:30:05 INFO DAGScheduler: Submitting 5 missing tasks from ResultStage 4 (MapPartitionsRDD[14] at $anonfun$withThreadLocalCaptured$1 at <unknown>:0) (first 15 tasks are for partitions Vector(0, 1, 2, 3, 4))
[2026-01-17T09:30:05.941+0000] {subprocess.py:106} INFO - 26/01/17 09:30:05 INFO TaskSchedulerImpl: Adding task set 4.0 with 5 tasks resource profile 0
[2026-01-17T09:30:05.952+0000] {subprocess.py:106} INFO - 26/01/17 09:30:05 INFO TaskSetManager: Starting task 0.0 in stage 4.0 (TID 3) (172.30.0.8, executor 0, partition 0, ANY, 15761 bytes)
[2026-01-17T09:30:06.316+0000] {subprocess.py:106} INFO - 26/01/17 09:30:06 INFO BlockManagerInfo: Added broadcast_7_piece0 in memory on 172.30.0.8:37663 (size: 5.5 KiB, free: 434.4 MiB)
[2026-01-17T09:30:06.395+0000] {subprocess.py:106} INFO - 26/01/17 09:30:06 INFO BlockManagerInfo: Added broadcast_6_piece0 in memory on 172.30.0.8:37663 (size: 29.7 KiB, free: 434.4 MiB)
[2026-01-17T09:30:07.328+0000] {subprocess.py:106} INFO - 26/01/17 09:30:07 INFO TaskSetManager: Starting task 1.0 in stage 4.0 (TID 4) (172.30.0.8, executor 0, partition 1, ANY, 15762 bytes)
[2026-01-17T09:30:07.330+0000] {subprocess.py:106} INFO - 26/01/17 09:30:07 INFO TaskSetManager: Finished task 0.0 in stage 4.0 (TID 3) in 1388 ms on 172.30.0.8 (executor 0) (1/5)
[2026-01-17T09:30:07.524+0000] {subprocess.py:106} INFO - 26/01/17 09:30:07 INFO TaskSetManager: Starting task 2.0 in stage 4.0 (TID 5) (172.30.0.8, executor 0, partition 2, ANY, 15762 bytes)
[2026-01-17T09:30:07.526+0000] {subprocess.py:106} INFO - 26/01/17 09:30:07 INFO TaskSetManager: Finished task 1.0 in stage 4.0 (TID 4) in 199 ms on 172.30.0.8 (executor 0) (2/5)
[2026-01-17T09:30:07.705+0000] {subprocess.py:106} INFO - 26/01/17 09:30:07 INFO TaskSetManager: Starting task 3.0 in stage 4.0 (TID 6) (172.30.0.8, executor 0, partition 3, ANY, 15762 bytes)
[2026-01-17T09:30:07.708+0000] {subprocess.py:106} INFO - 26/01/17 09:30:07 INFO TaskSetManager: Finished task 2.0 in stage 4.0 (TID 5) in 183 ms on 172.30.0.8 (executor 0) (3/5)
[2026-01-17T09:30:07.895+0000] {subprocess.py:106} INFO - 26/01/17 09:30:07 INFO TaskSetManager: Starting task 4.0 in stage 4.0 (TID 7) (172.30.0.8, executor 0, partition 4, ANY, 15285 bytes)
[2026-01-17T09:30:07.896+0000] {subprocess.py:106} INFO - 26/01/17 09:30:07 INFO TaskSetManager: Finished task 3.0 in stage 4.0 (TID 6) in 193 ms on 172.30.0.8 (executor 0) (4/5)
[2026-01-17T09:30:08.049+0000] {subprocess.py:106} INFO - 26/01/17 09:30:08 INFO TaskSetManager: Finished task 4.0 in stage 4.0 (TID 7) in 156 ms on 172.30.0.8 (executor 0) (5/5)
[2026-01-17T09:30:08.050+0000] {subprocess.py:106} INFO - 26/01/17 09:30:08 INFO TaskSchedulerImpl: Removed TaskSet 4.0, whose tasks have all completed, from pool
[2026-01-17T09:30:08.051+0000] {subprocess.py:106} INFO - 26/01/17 09:30:08 INFO DAGScheduler: ResultStage 4 ($anonfun$withThreadLocalCaptured$1 at <unknown>:0) finished in 2.117 s
[2026-01-17T09:30:08.052+0000] {subprocess.py:106} INFO - 26/01/17 09:30:08 INFO DAGScheduler: Job 3 is finished. Cancelling potential speculative or zombie tasks for this job
[2026-01-17T09:30:08.053+0000] {subprocess.py:106} INFO - 26/01/17 09:30:08 INFO TaskSchedulerImpl: Killing all running tasks in stage 4: Stage finished
[2026-01-17T09:30:08.053+0000] {subprocess.py:106} INFO - 26/01/17 09:30:08 INFO DAGScheduler: Job 3 finished: $anonfun$withThreadLocalCaptured$1 at <unknown>:0, took 2.123664 s
[2026-01-17T09:30:08.079+0000] {subprocess.py:106} INFO - 26/01/17 09:30:08 INFO CodeGenerator: Code generated in 7.983875 ms
[2026-01-17T09:30:08.112+0000] {subprocess.py:106} INFO - 26/01/17 09:30:08 INFO MemoryStore: Block broadcast_8_piece0 stored as bytes in memory (estimated size 409.4 KiB, free 433.9 MiB)
[2026-01-17T09:30:08.113+0000] {subprocess.py:106} INFO - 26/01/17 09:30:08 INFO BlockManagerInfo: Added broadcast_8_piece0 in memory on 65f44b4fd513:35339 (size: 409.4 KiB, free: 433.9 MiB)
[2026-01-17T09:30:08.120+0000] {subprocess.py:106} INFO - 26/01/17 09:30:08 INFO SparkContext: Created broadcast 8 from $anonfun$withThreadLocalCaptured$1 at <unknown>:0
[2026-01-17T09:30:08.121+0000] {subprocess.py:106} INFO - 26/01/17 09:30:08 INFO FileSourceStrategy: Pushed Filters:
[2026-01-17T09:30:08.122+0000] {subprocess.py:106} INFO - 26/01/17 09:30:08 INFO FileSourceStrategy: Post-Scan Filters:
[2026-01-17T09:30:08.154+0000] {subprocess.py:106} INFO - 26/01/17 09:30:08 INFO CodeGenerator: Code generated in 10.838247 ms
[2026-01-17T09:30:08.157+0000] {subprocess.py:106} INFO - 26/01/17 09:30:08 INFO MemoryStore: Block broadcast_9 stored as values in memory (estimated size 203.1 KiB, free 433.7 MiB)
[2026-01-17T09:30:08.165+0000] {subprocess.py:106} INFO - 26/01/17 09:30:08 INFO MemoryStore: Block broadcast_9_piece0 stored as bytes in memory (estimated size 35.1 KiB, free 433.6 MiB)
[2026-01-17T09:30:08.166+0000] {subprocess.py:106} INFO - 26/01/17 09:30:08 INFO BlockManagerInfo: Added broadcast_9_piece0 in memory on 65f44b4fd513:35339 (size: 35.1 KiB, free: 433.9 MiB)
[2026-01-17T09:30:08.166+0000] {subprocess.py:106} INFO - 26/01/17 09:30:08 INFO SparkContext: Created broadcast 9 from count at <unknown>:0
[2026-01-17T09:30:08.168+0000] {subprocess.py:106} INFO - 26/01/17 09:30:08 INFO FileSourceScanExec: Planning scan with bin packing, max size: 4194304 bytes, open cost is considered as scanning 4194304 bytes.
[2026-01-17T09:30:08.175+0000] {subprocess.py:106} INFO - 26/01/17 09:30:08 INFO DAGScheduler: Registering RDD 18 (count at <unknown>:0) as input to shuffle 1
[2026-01-17T09:30:08.176+0000] {subprocess.py:106} INFO - 26/01/17 09:30:08 INFO DAGScheduler: Got map stage job 4 (count at <unknown>:0) with 1 output partitions
[2026-01-17T09:30:08.176+0000] {subprocess.py:106} INFO - 26/01/17 09:30:08 INFO DAGScheduler: Final stage: ShuffleMapStage 5 (count at <unknown>:0)
[2026-01-17T09:30:08.178+0000] {subprocess.py:106} INFO - 26/01/17 09:30:08 INFO DAGScheduler: Parents of final stage: List()
[2026-01-17T09:30:08.179+0000] {subprocess.py:106} INFO - 26/01/17 09:30:08 INFO DAGScheduler: Missing parents: List()
[2026-01-17T09:30:08.179+0000] {subprocess.py:106} INFO - 26/01/17 09:30:08 INFO DAGScheduler: Submitting ShuffleMapStage 5 (MapPartitionsRDD[18] at count at <unknown>:0), which has no missing parents
[2026-01-17T09:30:08.181+0000] {subprocess.py:106} INFO - 26/01/17 09:30:08 INFO MemoryStore: Block broadcast_10 stored as values in memory (estimated size 20.1 KiB, free 433.6 MiB)
[2026-01-17T09:30:08.183+0000] {subprocess.py:106} INFO - 26/01/17 09:30:08 INFO MemoryStore: Block broadcast_10_piece0 stored as bytes in memory (estimated size 9.7 KiB, free 433.6 MiB)
[2026-01-17T09:30:08.184+0000] {subprocess.py:106} INFO - 26/01/17 09:30:08 INFO BlockManagerInfo: Added broadcast_10_piece0 in memory on 65f44b4fd513:35339 (size: 9.7 KiB, free: 433.9 MiB)
[2026-01-17T09:30:08.184+0000] {subprocess.py:106} INFO - 26/01/17 09:30:08 INFO SparkContext: Created broadcast 10 from broadcast at DAGScheduler.scala:1585
[2026-01-17T09:30:08.185+0000] {subprocess.py:106} INFO - 26/01/17 09:30:08 INFO DAGScheduler: Submitting 1 missing tasks from ShuffleMapStage 5 (MapPartitionsRDD[18] at count at <unknown>:0) (first 15 tasks are for partitions Vector(0))
[2026-01-17T09:30:08.185+0000] {subprocess.py:106} INFO - 26/01/17 09:30:08 INFO TaskSchedulerImpl: Adding task set 5.0 with 1 tasks resource profile 0
[2026-01-17T09:30:08.187+0000] {subprocess.py:106} INFO - 26/01/17 09:30:08 INFO TaskSetManager: Starting task 0.0 in stage 5.0 (TID 8) (172.30.0.8, executor 0, partition 0, ANY, 9944 bytes)
[2026-01-17T09:30:08.200+0000] {subprocess.py:106} INFO - 26/01/17 09:30:08 INFO BlockManagerInfo: Added broadcast_10_piece0 in memory on 172.30.0.8:37663 (size: 9.7 KiB, free: 434.4 MiB)
[2026-01-17T09:30:08.238+0000] {subprocess.py:106} INFO - 26/01/17 09:30:08 INFO BlockManagerInfo: Added broadcast_8_piece0 in memory on 172.30.0.8:37663 (size: 409.4 KiB, free: 434.0 MiB)
[2026-01-17T09:30:08.373+0000] {subprocess.py:106} INFO - 26/01/17 09:30:08 INFO BlockManagerInfo: Added broadcast_9_piece0 in memory on 172.30.0.8:37663 (size: 35.1 KiB, free: 433.9 MiB)
[2026-01-17T09:30:08.493+0000] {subprocess.py:106} INFO - 26/01/17 09:30:08 INFO TaskSetManager: Finished task 0.0 in stage 5.0 (TID 8) in 307 ms on 172.30.0.8 (executor 0) (1/1)
[2026-01-17T09:30:08.494+0000] {subprocess.py:106} INFO - 26/01/17 09:30:08 INFO TaskSchedulerImpl: Removed TaskSet 5.0, whose tasks have all completed, from pool
[2026-01-17T09:30:08.496+0000] {subprocess.py:106} INFO - 26/01/17 09:30:08 INFO DAGScheduler: ShuffleMapStage 5 (count at <unknown>:0) finished in 0.315 s
[2026-01-17T09:30:08.496+0000] {subprocess.py:106} INFO - 26/01/17 09:30:08 INFO DAGScheduler: looking for newly runnable stages
[2026-01-17T09:30:08.497+0000] {subprocess.py:106} INFO - 26/01/17 09:30:08 INFO DAGScheduler: running: Set()
[2026-01-17T09:30:08.497+0000] {subprocess.py:106} INFO - 26/01/17 09:30:08 INFO DAGScheduler: waiting: Set()
[2026-01-17T09:30:08.498+0000] {subprocess.py:106} INFO - 26/01/17 09:30:08 INFO DAGScheduler: failed: Set()
[2026-01-17T09:30:08.517+0000] {subprocess.py:106} INFO - 26/01/17 09:30:08 INFO CodeGenerator: Code generated in 9.717518 ms
[2026-01-17T09:30:08.536+0000] {subprocess.py:106} INFO - 26/01/17 09:30:08 INFO SparkContext: Starting job: count at <unknown>:0
[2026-01-17T09:30:08.538+0000] {subprocess.py:106} INFO - 26/01/17 09:30:08 INFO DAGScheduler: Got job 5 (count at <unknown>:0) with 1 output partitions
[2026-01-17T09:30:08.539+0000] {subprocess.py:106} INFO - 26/01/17 09:30:08 INFO DAGScheduler: Final stage: ResultStage 7 (count at <unknown>:0)
[2026-01-17T09:30:08.540+0000] {subprocess.py:106} INFO - 26/01/17 09:30:08 INFO DAGScheduler: Parents of final stage: List(ShuffleMapStage 6)
[2026-01-17T09:30:08.541+0000] {subprocess.py:106} INFO - 26/01/17 09:30:08 INFO DAGScheduler: Missing parents: List()
[2026-01-17T09:30:08.545+0000] {subprocess.py:106} INFO - 26/01/17 09:30:08 INFO DAGScheduler: Submitting ResultStage 7 (MapPartitionsRDD[21] at count at <unknown>:0), which has no missing parents
[2026-01-17T09:30:08.547+0000] {subprocess.py:106} INFO - 26/01/17 09:30:08 INFO MemoryStore: Block broadcast_11 stored as values in memory (estimated size 12.5 KiB, free 433.6 MiB)
[2026-01-17T09:30:08.561+0000] {subprocess.py:106} INFO - 26/01/17 09:30:08 INFO MemoryStore: Block broadcast_11_piece0 stored as bytes in memory (estimated size 5.9 KiB, free 433.6 MiB)
[2026-01-17T09:30:08.563+0000] {subprocess.py:106} INFO - 26/01/17 09:30:08 INFO BlockManagerInfo: Added broadcast_11_piece0 in memory on 65f44b4fd513:35339 (size: 5.9 KiB, free: 433.9 MiB)
[2026-01-17T09:30:08.564+0000] {subprocess.py:106} INFO - 26/01/17 09:30:08 INFO SparkContext: Created broadcast 11 from broadcast at DAGScheduler.scala:1585
[2026-01-17T09:30:08.565+0000] {subprocess.py:106} INFO - 26/01/17 09:30:08 INFO DAGScheduler: Submitting 1 missing tasks from ResultStage 7 (MapPartitionsRDD[21] at count at <unknown>:0) (first 15 tasks are for partitions Vector(0))
[2026-01-17T09:30:08.566+0000] {subprocess.py:106} INFO - 26/01/17 09:30:08 INFO TaskSchedulerImpl: Adding task set 7.0 with 1 tasks resource profile 0
[2026-01-17T09:30:08.568+0000] {subprocess.py:106} INFO - 26/01/17 09:30:08 INFO BlockManagerInfo: Removed broadcast_7_piece0 on 65f44b4fd513:35339 in memory (size: 5.5 KiB, free: 433.9 MiB)
[2026-01-17T09:30:08.575+0000] {subprocess.py:106} INFO - 26/01/17 09:30:08 INFO TaskSetManager: Starting task 0.0 in stage 7.0 (TID 9) (172.30.0.8, executor 0, partition 0, NODE_LOCAL, 9331 bytes)
[2026-01-17T09:30:08.577+0000] {subprocess.py:106} INFO - 26/01/17 09:30:08 INFO BlockManagerInfo: Removed broadcast_7_piece0 on 172.30.0.8:37663 in memory (size: 5.5 KiB, free: 433.9 MiB)
[2026-01-17T09:30:08.594+0000] {subprocess.py:106} INFO - 26/01/17 09:30:08 INFO BlockManagerInfo: Removed broadcast_10_piece0 on 65f44b4fd513:35339 in memory (size: 9.7 KiB, free: 433.9 MiB)
[2026-01-17T09:30:08.596+0000] {subprocess.py:106} INFO - 26/01/17 09:30:08 INFO BlockManagerInfo: Removed broadcast_10_piece0 on 172.30.0.8:37663 in memory (size: 9.7 KiB, free: 433.9 MiB)
[2026-01-17T09:30:08.609+0000] {subprocess.py:106} INFO - 26/01/17 09:30:08 INFO BlockManagerInfo: Added broadcast_11_piece0 in memory on 172.30.0.8:37663 (size: 5.9 KiB, free: 433.9 MiB)
[2026-01-17T09:30:08.621+0000] {subprocess.py:106} INFO - 26/01/17 09:30:08 INFO MapOutputTrackerMasterEndpoint: Asked to send map output locations for shuffle 1 to 172.30.0.8:52276
[2026-01-17T09:30:08.657+0000] {subprocess.py:106} INFO - 26/01/17 09:30:08 INFO TaskSetManager: Finished task 0.0 in stage 7.0 (TID 9) in 82 ms on 172.30.0.8 (executor 0) (1/1)
[2026-01-17T09:30:08.658+0000] {subprocess.py:106} INFO - 26/01/17 09:30:08 INFO TaskSchedulerImpl: Removed TaskSet 7.0, whose tasks have all completed, from pool
[2026-01-17T09:30:08.659+0000] {subprocess.py:106} INFO - 26/01/17 09:30:08 INFO DAGScheduler: ResultStage 7 (count at <unknown>:0) finished in 0.116 s
[2026-01-17T09:30:08.661+0000] {subprocess.py:106} INFO - 26/01/17 09:30:08 INFO DAGScheduler: Job 5 is finished. Cancelling potential speculative or zombie tasks for this job
[2026-01-17T09:30:08.662+0000] {subprocess.py:106} INFO - 26/01/17 09:30:08 INFO TaskSchedulerImpl: Killing all running tasks in stage 7: Stage finished
[2026-01-17T09:30:08.662+0000] {subprocess.py:106} INFO - 26/01/17 09:30:08 INFO DAGScheduler: Job 5 finished: count at <unknown>:0, took 0.124660 s
[2026-01-17T09:30:08.666+0000] {subprocess.py:106} INFO -  New records to append: 16
[2026-01-17T09:30:08.698+0000] {subprocess.py:106} INFO - 26/01/17 09:30:08 INFO V2ScanRelationPushDown:
[2026-01-17T09:30:08.699+0000] {subprocess.py:106} INFO - Pushing operators to hive_catalog.bronze.it_jobs_raw
[2026-01-17T09:30:08.700+0000] {subprocess.py:106} INFO - Pushed Filters: job_link IS NOT NULL
[2026-01-17T09:30:08.701+0000] {subprocess.py:106} INFO - Post-Scan Filters: isnotnull(job_link#66)
[2026-01-17T09:30:08.701+0000] {subprocess.py:106} INFO - 
[2026-01-17T09:30:08.702+0000] {subprocess.py:106} INFO - 26/01/17 09:30:08 INFO V2ScanRelationPushDown:
[2026-01-17T09:30:08.702+0000] {subprocess.py:106} INFO - Output: job_link#66
[2026-01-17T09:30:08.703+0000] {subprocess.py:106} INFO - 
[2026-01-17T09:30:08.703+0000] {subprocess.py:106} INFO - 26/01/17 09:30:08 INFO SnapshotScan: Scanning table hive_catalog.bronze.it_jobs_raw snapshot 6064258451110206604 created at 2026-01-17T09:17:54.142+00:00 with filter job_link IS NOT NULL
[2026-01-17T09:30:08.706+0000] {subprocess.py:106} INFO - 26/01/17 09:30:08 INFO BaseDistributedDataScan: Planning file tasks locally for table hive_catalog.bronze.it_jobs_raw
[2026-01-17T09:30:08.801+0000] {subprocess.py:106} INFO - 26/01/17 09:30:08 INFO SparkPartitioningAwareScan: Reporting UnknownPartitioning with 5 partition(s) for table hive_catalog.bronze.it_jobs_raw
[2026-01-17T09:30:08.811+0000] {subprocess.py:106} INFO - 26/01/17 09:30:08 INFO FileSourceStrategy: Pushed Filters:
[2026-01-17T09:30:08.811+0000] {subprocess.py:106} INFO - 26/01/17 09:30:08 INFO FileSourceStrategy: Post-Scan Filters:
[2026-01-17T09:30:08.816+0000] {subprocess.py:106} INFO - 26/01/17 09:30:08 INFO MemoryStore: Block broadcast_12 stored as values in memory (estimated size 32.0 KiB, free 433.6 MiB)
[2026-01-17T09:30:08.817+0000] {subprocess.py:106} INFO - 26/01/17 09:30:08 INFO MemoryStore: Block broadcast_12_piece0 stored as bytes in memory (estimated size 29.7 KiB, free 433.6 MiB)
[2026-01-17T09:30:08.818+0000] {subprocess.py:106} INFO - 26/01/17 09:30:08 INFO BlockManagerInfo: Added broadcast_12_piece0 in memory on 65f44b4fd513:35339 (size: 29.7 KiB, free: 433.9 MiB)
[2026-01-17T09:30:08.820+0000] {subprocess.py:106} INFO - 26/01/17 09:30:08 INFO SparkContext: Created broadcast 12 from broadcast at SparkBatch.java:79
[2026-01-17T09:30:08.834+0000] {subprocess.py:106} INFO - 26/01/17 09:30:08 INFO MemoryStore: Block broadcast_13 stored as values in memory (estimated size 32.0 KiB, free 433.5 MiB)
[2026-01-17T09:30:08.837+0000] {subprocess.py:106} INFO - 26/01/17 09:30:08 INFO MemoryStore: Block broadcast_13_piece0 stored as bytes in memory (estimated size 29.7 KiB, free 433.5 MiB)
[2026-01-17T09:30:08.838+0000] {subprocess.py:106} INFO - 26/01/17 09:30:08 INFO BlockManagerInfo: Added broadcast_13_piece0 in memory on 65f44b4fd513:35339 (size: 29.7 KiB, free: 433.8 MiB)
[2026-01-17T09:30:08.839+0000] {subprocess.py:106} INFO - 26/01/17 09:30:08 INFO SparkContext: Created broadcast 13 from broadcast at SparkBatch.java:79
[2026-01-17T09:30:08.888+0000] {subprocess.py:106} INFO - 26/01/17 09:30:08 INFO SparkContext: Starting job: $anonfun$withThreadLocalCaptured$1 at <unknown>:0
[2026-01-17T09:30:08.889+0000] {subprocess.py:106} INFO - 26/01/17 09:30:08 INFO DAGScheduler: Got job 6 ($anonfun$withThreadLocalCaptured$1 at <unknown>:0) with 5 output partitions
[2026-01-17T09:30:08.889+0000] {subprocess.py:106} INFO - 26/01/17 09:30:08 INFO DAGScheduler: Final stage: ResultStage 8 ($anonfun$withThreadLocalCaptured$1 at <unknown>:0)
[2026-01-17T09:30:08.890+0000] {subprocess.py:106} INFO - 26/01/17 09:30:08 INFO DAGScheduler: Parents of final stage: List()
[2026-01-17T09:30:08.890+0000] {subprocess.py:106} INFO - 26/01/17 09:30:08 INFO DAGScheduler: Missing parents: List()
[2026-01-17T09:30:08.895+0000] {subprocess.py:106} INFO - 26/01/17 09:30:08 INFO DAGScheduler: Submitting ResultStage 8 (MapPartitionsRDD[25] at $anonfun$withThreadLocalCaptured$1 at <unknown>:0), which has no missing parents
[2026-01-17T09:30:08.897+0000] {subprocess.py:106} INFO - 26/01/17 09:30:08 INFO MemoryStore: Block broadcast_14 stored as values in memory (estimated size 13.7 KiB, free 433.5 MiB)
[2026-01-17T09:30:08.914+0000] {subprocess.py:106} INFO - 26/01/17 09:30:08 INFO MemoryStore: Block broadcast_14_piece0 stored as bytes in memory (estimated size 5.5 KiB, free 433.5 MiB)
[2026-01-17T09:30:08.916+0000] {subprocess.py:106} INFO - 26/01/17 09:30:08 INFO BlockManagerInfo: Added broadcast_14_piece0 in memory on 65f44b4fd513:35339 (size: 5.5 KiB, free: 433.8 MiB)
[2026-01-17T09:30:08.919+0000] {subprocess.py:106} INFO - 26/01/17 09:30:08 INFO BlockManagerInfo: Removed broadcast_5_piece0 on 65f44b4fd513:35339 in memory (size: 29.7 KiB, free: 433.9 MiB)
[2026-01-17T09:30:08.920+0000] {subprocess.py:106} INFO - 26/01/17 09:30:08 INFO SparkContext: Created broadcast 14 from broadcast at DAGScheduler.scala:1585
[2026-01-17T09:30:08.922+0000] {subprocess.py:106} INFO - 26/01/17 09:30:08 INFO DAGScheduler: Submitting 5 missing tasks from ResultStage 8 (MapPartitionsRDD[25] at $anonfun$withThreadLocalCaptured$1 at <unknown>:0) (first 15 tasks are for partitions Vector(0, 1, 2, 3, 4))
[2026-01-17T09:30:08.925+0000] {subprocess.py:106} INFO - 26/01/17 09:30:08 INFO TaskSchedulerImpl: Adding task set 8.0 with 5 tasks resource profile 0
[2026-01-17T09:30:08.928+0000] {subprocess.py:106} INFO - 26/01/17 09:30:08 INFO TaskSetManager: Starting task 0.0 in stage 8.0 (TID 10) (172.30.0.8, executor 0, partition 0, ANY, 15762 bytes)
[2026-01-17T09:30:08.935+0000] {subprocess.py:106} INFO - 26/01/17 09:30:08 INFO BlockManagerInfo: Removed broadcast_11_piece0 on 65f44b4fd513:35339 in memory (size: 5.9 KiB, free: 433.9 MiB)
[2026-01-17T09:30:08.939+0000] {subprocess.py:106} INFO - 26/01/17 09:30:08 INFO BlockManagerInfo: Removed broadcast_11_piece0 on 172.30.0.8:37663 in memory (size: 5.9 KiB, free: 433.9 MiB)
[2026-01-17T09:30:08.949+0000] {subprocess.py:106} INFO - 26/01/17 09:30:08 INFO BlockManagerInfo: Removed broadcast_9_piece0 on 65f44b4fd513:35339 in memory (size: 35.1 KiB, free: 433.9 MiB)
[2026-01-17T09:30:08.954+0000] {subprocess.py:106} INFO - 26/01/17 09:30:08 INFO BlockManagerInfo: Added broadcast_14_piece0 in memory on 172.30.0.8:37663 (size: 5.5 KiB, free: 433.9 MiB)
[2026-01-17T09:30:08.955+0000] {subprocess.py:106} INFO - 26/01/17 09:30:08 INFO BlockManagerInfo: Removed broadcast_9_piece0 on 172.30.0.8:37663 in memory (size: 35.1 KiB, free: 434.0 MiB)
[2026-01-17T09:30:08.971+0000] {subprocess.py:106} INFO - 26/01/17 09:30:08 INFO BlockManagerInfo: Removed broadcast_6_piece0 on 65f44b4fd513:35339 in memory (size: 29.7 KiB, free: 433.9 MiB)
[2026-01-17T09:30:08.975+0000] {subprocess.py:106} INFO - 26/01/17 09:30:08 INFO BlockManagerInfo: Removed broadcast_6_piece0 on 172.30.0.8:37663 in memory (size: 29.7 KiB, free: 434.0 MiB)
[2026-01-17T09:30:08.980+0000] {subprocess.py:106} INFO - 26/01/17 09:30:08 INFO BlockManagerInfo: Added broadcast_13_piece0 in memory on 172.30.0.8:37663 (size: 29.7 KiB, free: 434.0 MiB)
[2026-01-17T09:30:08.986+0000] {subprocess.py:106} INFO - 26/01/17 09:30:08 INFO BlockManagerInfo: Removed broadcast_8_piece0 on 65f44b4fd513:35339 in memory (size: 409.4 KiB, free: 434.3 MiB)
[2026-01-17T09:30:08.988+0000] {subprocess.py:106} INFO - 26/01/17 09:30:08 INFO BlockManagerInfo: Removed broadcast_8_piece0 on 172.30.0.8:37663 in memory (size: 409.4 KiB, free: 434.4 MiB)
[2026-01-17T09:30:09.199+0000] {subprocess.py:106} INFO - 26/01/17 09:30:09 INFO TaskSetManager: Starting task 1.0 in stage 8.0 (TID 11) (172.30.0.8, executor 0, partition 1, ANY, 15761 bytes)
[2026-01-17T09:30:09.200+0000] {subprocess.py:106} INFO - 26/01/17 09:30:09 INFO TaskSetManager: Finished task 0.0 in stage 8.0 (TID 10) in 286 ms on 172.30.0.8 (executor 0) (1/5)
[2026-01-17T09:30:09.423+0000] {subprocess.py:106} INFO - 26/01/17 09:30:09 INFO TaskSetManager: Starting task 2.0 in stage 8.0 (TID 12) (172.30.0.8, executor 0, partition 2, ANY, 15762 bytes)
[2026-01-17T09:30:09.424+0000] {subprocess.py:106} INFO - 26/01/17 09:30:09 INFO TaskSetManager: Finished task 1.0 in stage 8.0 (TID 11) in 225 ms on 172.30.0.8 (executor 0) (2/5)
[2026-01-17T09:30:09.636+0000] {subprocess.py:106} INFO - 26/01/17 09:30:09 INFO TaskSetManager: Starting task 3.0 in stage 8.0 (TID 13) (172.30.0.8, executor 0, partition 3, ANY, 15762 bytes)
[2026-01-17T09:30:09.637+0000] {subprocess.py:106} INFO - 26/01/17 09:30:09 INFO TaskSetManager: Finished task 2.0 in stage 8.0 (TID 12) in 214 ms on 172.30.0.8 (executor 0) (3/5)
[2026-01-17T09:30:09.837+0000] {subprocess.py:106} INFO - 26/01/17 09:30:09 INFO TaskSetManager: Starting task 4.0 in stage 8.0 (TID 14) (172.30.0.8, executor 0, partition 4, ANY, 15285 bytes)
[2026-01-17T09:30:09.839+0000] {subprocess.py:106} INFO - 26/01/17 09:30:09 INFO TaskSetManager: Finished task 3.0 in stage 8.0 (TID 13) in 202 ms on 172.30.0.8 (executor 0) (4/5)
[2026-01-17T09:30:10.045+0000] {subprocess.py:106} INFO - 26/01/17 09:30:10 INFO TaskSetManager: Finished task 4.0 in stage 8.0 (TID 14) in 209 ms on 172.30.0.8 (executor 0) (5/5)
[2026-01-17T09:30:10.048+0000] {subprocess.py:106} INFO - 26/01/17 09:30:10 INFO TaskSchedulerImpl: Removed TaskSet 8.0, whose tasks have all completed, from pool
[2026-01-17T09:30:10.049+0000] {subprocess.py:106} INFO - 26/01/17 09:30:10 INFO DAGScheduler: ResultStage 8 ($anonfun$withThreadLocalCaptured$1 at <unknown>:0) finished in 1.150 s
[2026-01-17T09:30:10.049+0000] {subprocess.py:106} INFO - 26/01/17 09:30:10 INFO DAGScheduler: Job 6 is finished. Cancelling potential speculative or zombie tasks for this job
[2026-01-17T09:30:10.050+0000] {subprocess.py:106} INFO - 26/01/17 09:30:10 INFO TaskSchedulerImpl: Killing all running tasks in stage 8: Stage finished
[2026-01-17T09:30:10.050+0000] {subprocess.py:106} INFO - 26/01/17 09:30:10 INFO DAGScheduler: Job 6 finished: $anonfun$withThreadLocalCaptured$1 at <unknown>:0, took 1.159696 s
[2026-01-17T09:30:10.068+0000] {subprocess.py:106} INFO - 26/01/17 09:30:10 INFO MemoryStore: Block broadcast_15_piece0 stored as bytes in memory (estimated size 408.9 KiB, free 433.9 MiB)
[2026-01-17T09:30:10.069+0000] {subprocess.py:106} INFO - 26/01/17 09:30:10 INFO BlockManagerInfo: Added broadcast_15_piece0 in memory on 65f44b4fd513:35339 (size: 408.9 KiB, free: 433.9 MiB)
[2026-01-17T09:30:10.070+0000] {subprocess.py:106} INFO - 26/01/17 09:30:10 INFO SparkContext: Created broadcast 15 from $anonfun$withThreadLocalCaptured$1 at <unknown>:0
[2026-01-17T09:30:10.075+0000] {subprocess.py:106} INFO - 26/01/17 09:30:10 INFO FileSourceStrategy: Pushed Filters:
[2026-01-17T09:30:10.075+0000] {subprocess.py:106} INFO - 26/01/17 09:30:10 INFO FileSourceStrategy: Post-Scan Filters:
[2026-01-17T09:30:10.092+0000] {subprocess.py:106} INFO - 26/01/17 09:30:10 INFO MemoryStore: Block broadcast_16 stored as values in memory (estimated size 203.1 KiB, free 433.7 MiB)
[2026-01-17T09:30:10.100+0000] {subprocess.py:106} INFO - 26/01/17 09:30:10 INFO MemoryStore: Block broadcast_16_piece0 stored as bytes in memory (estimated size 35.1 KiB, free 433.6 MiB)
[2026-01-17T09:30:10.101+0000] {subprocess.py:106} INFO - 26/01/17 09:30:10 INFO BlockManagerInfo: Added broadcast_16_piece0 in memory on 65f44b4fd513:35339 (size: 35.1 KiB, free: 433.9 MiB)
[2026-01-17T09:30:10.101+0000] {subprocess.py:106} INFO - 26/01/17 09:30:10 INFO SparkContext: Created broadcast 16 from count at <unknown>:0
[2026-01-17T09:30:10.103+0000] {subprocess.py:106} INFO - 26/01/17 09:30:10 INFO FileSourceScanExec: Planning scan with bin packing, max size: 4194304 bytes, open cost is considered as scanning 4194304 bytes.
[2026-01-17T09:30:10.110+0000] {subprocess.py:106} INFO - 26/01/17 09:30:10 INFO DAGScheduler: Registering RDD 29 (count at <unknown>:0) as input to shuffle 2
[2026-01-17T09:30:10.111+0000] {subprocess.py:106} INFO - 26/01/17 09:30:10 INFO DAGScheduler: Got map stage job 7 (count at <unknown>:0) with 1 output partitions
[2026-01-17T09:30:10.111+0000] {subprocess.py:106} INFO - 26/01/17 09:30:10 INFO DAGScheduler: Final stage: ShuffleMapStage 9 (count at <unknown>:0)
[2026-01-17T09:30:10.113+0000] {subprocess.py:106} INFO - 26/01/17 09:30:10 INFO DAGScheduler: Parents of final stage: List()
[2026-01-17T09:30:10.114+0000] {subprocess.py:106} INFO - 26/01/17 09:30:10 INFO DAGScheduler: Missing parents: List()
[2026-01-17T09:30:10.115+0000] {subprocess.py:106} INFO - 26/01/17 09:30:10 INFO DAGScheduler: Submitting ShuffleMapStage 9 (MapPartitionsRDD[29] at count at <unknown>:0), which has no missing parents
[2026-01-17T09:30:10.117+0000] {subprocess.py:106} INFO - 26/01/17 09:30:10 INFO MemoryStore: Block broadcast_17 stored as values in memory (estimated size 20.1 KiB, free 433.6 MiB)
[2026-01-17T09:30:10.125+0000] {subprocess.py:106} INFO - 26/01/17 09:30:10 INFO MemoryStore: Block broadcast_17_piece0 stored as bytes in memory (estimated size 9.7 KiB, free 433.6 MiB)
[2026-01-17T09:30:10.127+0000] {subprocess.py:106} INFO - 26/01/17 09:30:10 INFO BlockManagerInfo: Added broadcast_17_piece0 in memory on 65f44b4fd513:35339 (size: 9.7 KiB, free: 433.9 MiB)
[2026-01-17T09:30:10.134+0000] {subprocess.py:106} INFO - 26/01/17 09:30:10 INFO BlockManagerInfo: Removed broadcast_14_piece0 on 65f44b4fd513:35339 in memory (size: 5.5 KiB, free: 433.9 MiB)
[2026-01-17T09:30:10.134+0000] {subprocess.py:106} INFO - 26/01/17 09:30:10 INFO SparkContext: Created broadcast 17 from broadcast at DAGScheduler.scala:1585
[2026-01-17T09:30:10.135+0000] {subprocess.py:106} INFO - 26/01/17 09:30:10 INFO BlockManagerInfo: Removed broadcast_14_piece0 on 172.30.0.8:37663 in memory (size: 5.5 KiB, free: 434.4 MiB)
[2026-01-17T09:30:10.136+0000] {subprocess.py:106} INFO - 26/01/17 09:30:10 INFO DAGScheduler: Submitting 1 missing tasks from ShuffleMapStage 9 (MapPartitionsRDD[29] at count at <unknown>:0) (first 15 tasks are for partitions Vector(0))
[2026-01-17T09:30:10.136+0000] {subprocess.py:106} INFO - 26/01/17 09:30:10 INFO TaskSchedulerImpl: Adding task set 9.0 with 1 tasks resource profile 0
[2026-01-17T09:30:10.137+0000] {subprocess.py:106} INFO - 26/01/17 09:30:10 INFO TaskSetManager: Starting task 0.0 in stage 9.0 (TID 15) (172.30.0.8, executor 0, partition 0, ANY, 9944 bytes)
[2026-01-17T09:30:10.156+0000] {subprocess.py:106} INFO - 26/01/17 09:30:10 INFO BlockManagerInfo: Added broadcast_17_piece0 in memory on 172.30.0.8:37663 (size: 9.7 KiB, free: 434.4 MiB)
[2026-01-17T09:30:10.184+0000] {subprocess.py:106} INFO - 26/01/17 09:30:10 INFO BlockManagerInfo: Added broadcast_15_piece0 in memory on 172.30.0.8:37663 (size: 408.9 KiB, free: 434.0 MiB)
[2026-01-17T09:30:10.221+0000] {subprocess.py:106} INFO - 26/01/17 09:30:10 INFO BlockManagerInfo: Added broadcast_16_piece0 in memory on 172.30.0.8:37663 (size: 35.1 KiB, free: 433.9 MiB)
[2026-01-17T09:30:10.284+0000] {subprocess.py:106} INFO - 26/01/17 09:30:10 INFO TaskSetManager: Finished task 0.0 in stage 9.0 (TID 15) in 149 ms on 172.30.0.8 (executor 0) (1/1)
[2026-01-17T09:30:10.285+0000] {subprocess.py:106} INFO - 26/01/17 09:30:10 INFO TaskSchedulerImpl: Removed TaskSet 9.0, whose tasks have all completed, from pool
[2026-01-17T09:30:10.286+0000] {subprocess.py:106} INFO - 26/01/17 09:30:10 INFO DAGScheduler: ShuffleMapStage 9 (count at <unknown>:0) finished in 0.171 s
[2026-01-17T09:30:10.287+0000] {subprocess.py:106} INFO - 26/01/17 09:30:10 INFO DAGScheduler: looking for newly runnable stages
[2026-01-17T09:30:10.288+0000] {subprocess.py:106} INFO - 26/01/17 09:30:10 INFO DAGScheduler: running: Set()
[2026-01-17T09:30:10.292+0000] {subprocess.py:106} INFO - 26/01/17 09:30:10 INFO DAGScheduler: waiting: Set()
[2026-01-17T09:30:10.293+0000] {subprocess.py:106} INFO - 26/01/17 09:30:10 INFO DAGScheduler: failed: Set()
[2026-01-17T09:30:10.308+0000] {subprocess.py:106} INFO - 26/01/17 09:30:10 INFO SparkContext: Starting job: count at <unknown>:0
[2026-01-17T09:30:10.310+0000] {subprocess.py:106} INFO - 26/01/17 09:30:10 INFO DAGScheduler: Got job 8 (count at <unknown>:0) with 1 output partitions
[2026-01-17T09:30:10.310+0000] {subprocess.py:106} INFO - 26/01/17 09:30:10 INFO DAGScheduler: Final stage: ResultStage 11 (count at <unknown>:0)
[2026-01-17T09:30:10.311+0000] {subprocess.py:106} INFO - 26/01/17 09:30:10 INFO DAGScheduler: Parents of final stage: List(ShuffleMapStage 10)
[2026-01-17T09:30:10.312+0000] {subprocess.py:106} INFO - 26/01/17 09:30:10 INFO DAGScheduler: Missing parents: List()
[2026-01-17T09:30:10.312+0000] {subprocess.py:106} INFO - 26/01/17 09:30:10 INFO DAGScheduler: Submitting ResultStage 11 (MapPartitionsRDD[32] at count at <unknown>:0), which has no missing parents
[2026-01-17T09:30:10.314+0000] {subprocess.py:106} INFO - 26/01/17 09:30:10 INFO MemoryStore: Block broadcast_18 stored as values in memory (estimated size 12.5 KiB, free 433.6 MiB)
[2026-01-17T09:30:10.316+0000] {subprocess.py:106} INFO - 26/01/17 09:30:10 INFO MemoryStore: Block broadcast_18_piece0 stored as bytes in memory (estimated size 5.9 KiB, free 433.6 MiB)
[2026-01-17T09:30:10.317+0000] {subprocess.py:106} INFO - 26/01/17 09:30:10 INFO BlockManagerInfo: Added broadcast_18_piece0 in memory on 65f44b4fd513:35339 (size: 5.9 KiB, free: 433.9 MiB)
[2026-01-17T09:30:10.317+0000] {subprocess.py:106} INFO - 26/01/17 09:30:10 INFO SparkContext: Created broadcast 18 from broadcast at DAGScheduler.scala:1585
[2026-01-17T09:30:10.319+0000] {subprocess.py:106} INFO - 26/01/17 09:30:10 INFO DAGScheduler: Submitting 1 missing tasks from ResultStage 11 (MapPartitionsRDD[32] at count at <unknown>:0) (first 15 tasks are for partitions Vector(0))
[2026-01-17T09:30:10.320+0000] {subprocess.py:106} INFO - 26/01/17 09:30:10 INFO TaskSchedulerImpl: Adding task set 11.0 with 1 tasks resource profile 0
[2026-01-17T09:30:10.320+0000] {subprocess.py:106} INFO - 26/01/17 09:30:10 INFO TaskSetManager: Starting task 0.0 in stage 11.0 (TID 16) (172.30.0.8, executor 0, partition 0, NODE_LOCAL, 9331 bytes)
[2026-01-17T09:30:10.333+0000] {subprocess.py:106} INFO - 26/01/17 09:30:10 INFO BlockManagerInfo: Added broadcast_18_piece0 in memory on 172.30.0.8:37663 (size: 5.9 KiB, free: 433.9 MiB)
[2026-01-17T09:30:10.340+0000] {subprocess.py:106} INFO - 26/01/17 09:30:10 INFO MapOutputTrackerMasterEndpoint: Asked to send map output locations for shuffle 2 to 172.30.0.8:52276
[2026-01-17T09:30:10.359+0000] {subprocess.py:106} INFO - 26/01/17 09:30:10 INFO TaskSetManager: Finished task 0.0 in stage 11.0 (TID 16) in 38 ms on 172.30.0.8 (executor 0) (1/1)
[2026-01-17T09:30:10.360+0000] {subprocess.py:106} INFO - 26/01/17 09:30:10 INFO TaskSchedulerImpl: Removed TaskSet 11.0, whose tasks have all completed, from pool
[2026-01-17T09:30:10.360+0000] {subprocess.py:106} INFO - 26/01/17 09:30:10 INFO DAGScheduler: ResultStage 11 (count at <unknown>:0) finished in 0.046 s
[2026-01-17T09:30:10.361+0000] {subprocess.py:106} INFO - 26/01/17 09:30:10 INFO DAGScheduler: Job 8 is finished. Cancelling potential speculative or zombie tasks for this job
[2026-01-17T09:30:10.361+0000] {subprocess.py:106} INFO - 26/01/17 09:30:10 INFO TaskSchedulerImpl: Killing all running tasks in stage 11: Stage finished
[2026-01-17T09:30:10.363+0000] {subprocess.py:106} INFO - 26/01/17 09:30:10 INFO DAGScheduler: Job 8 finished: count at <unknown>:0, took 0.052854 s
[2026-01-17T09:30:10.429+0000] {subprocess.py:106} INFO - 26/01/17 09:30:10 INFO V2ScanRelationPushDown:
[2026-01-17T09:30:10.430+0000] {subprocess.py:106} INFO - Pushing operators to hive_catalog.bronze.it_jobs_raw
[2026-01-17T09:30:10.430+0000] {subprocess.py:106} INFO - Pushed Filters: job_link IS NOT NULL
[2026-01-17T09:30:10.431+0000] {subprocess.py:106} INFO - Post-Scan Filters: isnotnull(job_link#66)
[2026-01-17T09:30:10.431+0000] {subprocess.py:106} INFO - 
[2026-01-17T09:30:10.432+0000] {subprocess.py:106} INFO - 26/01/17 09:30:10 INFO V2ScanRelationPushDown:
[2026-01-17T09:30:10.432+0000] {subprocess.py:106} INFO - Output: job_link#66
[2026-01-17T09:30:10.433+0000] {subprocess.py:106} INFO - 
[2026-01-17T09:30:10.433+0000] {subprocess.py:106} INFO - 26/01/17 09:30:10 INFO SnapshotScan: Scanning table hive_catalog.bronze.it_jobs_raw snapshot 6064258451110206604 created at 2026-01-17T09:17:54.142+00:00 with filter job_link IS NOT NULL
[2026-01-17T09:30:10.434+0000] {subprocess.py:106} INFO - 26/01/17 09:30:10 INFO BaseDistributedDataScan: Planning file tasks locally for table hive_catalog.bronze.it_jobs_raw
[2026-01-17T09:30:10.552+0000] {subprocess.py:106} INFO - 26/01/17 09:30:10 INFO SparkPartitioningAwareScan: Reporting UnknownPartitioning with 5 partition(s) for table hive_catalog.bronze.it_jobs_raw
[2026-01-17T09:30:10.577+0000] {subprocess.py:106} INFO - 26/01/17 09:30:10 INFO SparkWrite: Requesting 0 bytes advisory partition size for table hive_catalog.bronze.it_jobs_raw
[2026-01-17T09:30:10.578+0000] {subprocess.py:106} INFO - 26/01/17 09:30:10 INFO SparkWrite: Requesting UnspecifiedDistribution as write distribution for table hive_catalog.bronze.it_jobs_raw
[2026-01-17T09:30:10.578+0000] {subprocess.py:106} INFO - 26/01/17 09:30:10 INFO SparkWrite: Requesting [] as write ordering for table hive_catalog.bronze.it_jobs_raw
[2026-01-17T09:30:10.595+0000] {subprocess.py:106} INFO - 26/01/17 09:30:10 INFO FileSourceStrategy: Pushed Filters:
[2026-01-17T09:30:10.596+0000] {subprocess.py:106} INFO - 26/01/17 09:30:10 INFO FileSourceStrategy: Post-Scan Filters:
[2026-01-17T09:30:10.598+0000] {subprocess.py:106} INFO - 26/01/17 09:30:10 INFO MemoryStore: Block broadcast_19 stored as values in memory (estimated size 32.0 KiB, free 433.6 MiB)
[2026-01-17T09:30:10.600+0000] {subprocess.py:106} INFO - 26/01/17 09:30:10 INFO MemoryStore: Block broadcast_19_piece0 stored as bytes in memory (estimated size 29.7 KiB, free 433.5 MiB)
[2026-01-17T09:30:10.602+0000] {subprocess.py:106} INFO - 26/01/17 09:30:10 INFO BlockManagerInfo: Added broadcast_19_piece0 in memory on 65f44b4fd513:35339 (size: 29.7 KiB, free: 433.9 MiB)
[2026-01-17T09:30:10.603+0000] {subprocess.py:106} INFO - 26/01/17 09:30:10 INFO SparkContext: Created broadcast 19 from broadcast at SparkBatch.java:79
[2026-01-17T09:30:10.629+0000] {subprocess.py:106} INFO - 26/01/17 09:30:10 INFO MemoryStore: Block broadcast_20 stored as values in memory (estimated size 32.0 KiB, free 433.5 MiB)
[2026-01-17T09:30:10.642+0000] {subprocess.py:106} INFO - 26/01/17 09:30:10 INFO MemoryStore: Block broadcast_20_piece0 stored as bytes in memory (estimated size 29.7 KiB, free 433.5 MiB)
[2026-01-17T09:30:10.648+0000] {subprocess.py:106} INFO - 26/01/17 09:30:10 INFO BlockManagerInfo: Added broadcast_20_piece0 in memory on 65f44b4fd513:35339 (size: 29.7 KiB, free: 433.8 MiB)
[2026-01-17T09:30:10.649+0000] {subprocess.py:106} INFO - 26/01/17 09:30:10 INFO BlockManagerInfo: Removed broadcast_18_piece0 on 65f44b4fd513:35339 in memory (size: 5.9 KiB, free: 433.8 MiB)
[2026-01-17T09:30:10.650+0000] {subprocess.py:106} INFO - 26/01/17 09:30:10 INFO SparkContext: Created broadcast 20 from broadcast at SparkBatch.java:79
[2026-01-17T09:30:10.652+0000] {subprocess.py:106} INFO - 26/01/17 09:30:10 INFO BlockManagerInfo: Removed broadcast_18_piece0 on 172.30.0.8:37663 in memory (size: 5.9 KiB, free: 433.9 MiB)
[2026-01-17T09:30:10.676+0000] {subprocess.py:106} INFO - 26/01/17 09:30:10 INFO BlockManagerInfo: Removed broadcast_17_piece0 on 65f44b4fd513:35339 in memory (size: 9.7 KiB, free: 433.9 MiB)
[2026-01-17T09:30:10.678+0000] {subprocess.py:106} INFO - 26/01/17 09:30:10 INFO BlockManagerInfo: Removed broadcast_17_piece0 on 172.30.0.8:37663 in memory (size: 9.7 KiB, free: 433.9 MiB)
[2026-01-17T09:30:10.698+0000] {subprocess.py:106} INFO - 26/01/17 09:30:10 INFO BlockManagerInfo: Removed broadcast_15_piece0 on 65f44b4fd513:35339 in memory (size: 408.9 KiB, free: 434.2 MiB)
[2026-01-17T09:30:10.701+0000] {subprocess.py:106} INFO - 26/01/17 09:30:10 INFO BlockManagerInfo: Removed broadcast_15_piece0 on 172.30.0.8:37663 in memory (size: 408.9 KiB, free: 434.3 MiB)
[2026-01-17T09:30:10.712+0000] {subprocess.py:106} INFO - 26/01/17 09:30:10 INFO BlockManagerInfo: Removed broadcast_13_piece0 on 65f44b4fd513:35339 in memory (size: 29.7 KiB, free: 434.3 MiB)
[2026-01-17T09:30:10.715+0000] {subprocess.py:106} INFO - 26/01/17 09:30:10 INFO BlockManagerInfo: Removed broadcast_13_piece0 on 172.30.0.8:37663 in memory (size: 29.7 KiB, free: 434.4 MiB)
[2026-01-17T09:30:10.725+0000] {subprocess.py:106} INFO - 26/01/17 09:30:10 INFO BlockManagerInfo: Removed broadcast_12_piece0 on 65f44b4fd513:35339 in memory (size: 29.7 KiB, free: 434.3 MiB)
[2026-01-17T09:30:10.731+0000] {subprocess.py:106} INFO - 26/01/17 09:30:10 INFO BlockManagerInfo: Removed broadcast_16_piece0 on 65f44b4fd513:35339 in memory (size: 35.1 KiB, free: 434.3 MiB)
[2026-01-17T09:30:10.735+0000] {subprocess.py:106} INFO - 26/01/17 09:30:10 INFO BlockManagerInfo: Removed broadcast_16_piece0 on 172.30.0.8:37663 in memory (size: 35.1 KiB, free: 434.4 MiB)
[2026-01-17T09:30:10.744+0000] {subprocess.py:106} INFO - 26/01/17 09:30:10 INFO SparkContext: Starting job: $anonfun$withThreadLocalCaptured$1 at <unknown>:0
[2026-01-17T09:30:10.746+0000] {subprocess.py:106} INFO - 26/01/17 09:30:10 INFO DAGScheduler: Got job 9 ($anonfun$withThreadLocalCaptured$1 at <unknown>:0) with 5 output partitions
[2026-01-17T09:30:10.747+0000] {subprocess.py:106} INFO - 26/01/17 09:30:10 INFO DAGScheduler: Final stage: ResultStage 12 ($anonfun$withThreadLocalCaptured$1 at <unknown>:0)
[2026-01-17T09:30:10.747+0000] {subprocess.py:106} INFO - 26/01/17 09:30:10 INFO DAGScheduler: Parents of final stage: List()
[2026-01-17T09:30:10.749+0000] {subprocess.py:106} INFO - 26/01/17 09:30:10 INFO DAGScheduler: Missing parents: List()
[2026-01-17T09:30:10.750+0000] {subprocess.py:106} INFO - 26/01/17 09:30:10 INFO DAGScheduler: Submitting ResultStage 12 (MapPartitionsRDD[36] at $anonfun$withThreadLocalCaptured$1 at <unknown>:0), which has no missing parents
[2026-01-17T09:30:10.751+0000] {subprocess.py:106} INFO - 26/01/17 09:30:10 INFO MemoryStore: Block broadcast_21 stored as values in memory (estimated size 13.8 KiB, free 434.3 MiB)
[2026-01-17T09:30:10.752+0000] {subprocess.py:106} INFO - 26/01/17 09:30:10 INFO MemoryStore: Block broadcast_21_piece0 stored as bytes in memory (estimated size 5.5 KiB, free 434.3 MiB)
[2026-01-17T09:30:10.754+0000] {subprocess.py:106} INFO - 26/01/17 09:30:10 INFO BlockManagerInfo: Added broadcast_21_piece0 in memory on 65f44b4fd513:35339 (size: 5.5 KiB, free: 434.3 MiB)
[2026-01-17T09:30:10.755+0000] {subprocess.py:106} INFO - 26/01/17 09:30:10 INFO SparkContext: Created broadcast 21 from broadcast at DAGScheduler.scala:1585
[2026-01-17T09:30:10.756+0000] {subprocess.py:106} INFO - 26/01/17 09:30:10 INFO DAGScheduler: Submitting 5 missing tasks from ResultStage 12 (MapPartitionsRDD[36] at $anonfun$withThreadLocalCaptured$1 at <unknown>:0) (first 15 tasks are for partitions Vector(0, 1, 2, 3, 4))
[2026-01-17T09:30:10.756+0000] {subprocess.py:106} INFO - 26/01/17 09:30:10 INFO TaskSchedulerImpl: Adding task set 12.0 with 5 tasks resource profile 0
[2026-01-17T09:30:10.758+0000] {subprocess.py:106} INFO - 26/01/17 09:30:10 INFO TaskSetManager: Starting task 0.0 in stage 12.0 (TID 17) (172.30.0.8, executor 0, partition 0, ANY, 15762 bytes)
[2026-01-17T09:30:10.771+0000] {subprocess.py:106} INFO - 26/01/17 09:30:10 INFO BlockManagerInfo: Added broadcast_21_piece0 in memory on 172.30.0.8:37663 (size: 5.5 KiB, free: 434.4 MiB)
[2026-01-17T09:30:10.785+0000] {subprocess.py:106} INFO - 26/01/17 09:30:10 INFO BlockManagerInfo: Added broadcast_20_piece0 in memory on 172.30.0.8:37663 (size: 29.7 KiB, free: 434.4 MiB)
[2026-01-17T09:30:10.964+0000] {subprocess.py:106} INFO - 26/01/17 09:30:10 INFO TaskSetManager: Starting task 1.0 in stage 12.0 (TID 18) (172.30.0.8, executor 0, partition 1, ANY, 15761 bytes)
[2026-01-17T09:30:10.968+0000] {subprocess.py:106} INFO - 26/01/17 09:30:10 INFO TaskSetManager: Finished task 0.0 in stage 12.0 (TID 17) in 210 ms on 172.30.0.8 (executor 0) (1/5)
[2026-01-17T09:30:11.151+0000] {subprocess.py:106} INFO - 26/01/17 09:30:11 INFO TaskSetManager: Starting task 2.0 in stage 12.0 (TID 19) (172.30.0.8, executor 0, partition 2, ANY, 15762 bytes)
[2026-01-17T09:30:11.152+0000] {subprocess.py:106} INFO - 26/01/17 09:30:11 INFO TaskSetManager: Finished task 1.0 in stage 12.0 (TID 18) in 189 ms on 172.30.0.8 (executor 0) (2/5)
[2026-01-17T09:30:11.318+0000] {subprocess.py:106} INFO - 26/01/17 09:30:11 INFO TaskSetManager: Starting task 3.0 in stage 12.0 (TID 20) (172.30.0.8, executor 0, partition 3, ANY, 15762 bytes)
[2026-01-17T09:30:11.319+0000] {subprocess.py:106} INFO - 26/01/17 09:30:11 INFO TaskSetManager: Finished task 2.0 in stage 12.0 (TID 19) in 168 ms on 172.30.0.8 (executor 0) (3/5)
[2026-01-17T09:30:11.540+0000] {subprocess.py:106} INFO - 26/01/17 09:30:11 INFO TaskSetManager: Starting task 4.0 in stage 12.0 (TID 21) (172.30.0.8, executor 0, partition 4, ANY, 15285 bytes)
[2026-01-17T09:30:11.541+0000] {subprocess.py:106} INFO - 26/01/17 09:30:11 INFO TaskSetManager: Finished task 3.0 in stage 12.0 (TID 20) in 226 ms on 172.30.0.8 (executor 0) (4/5)
[2026-01-17T09:30:11.700+0000] {subprocess.py:106} INFO - 26/01/17 09:30:11 INFO TaskSetManager: Finished task 4.0 in stage 12.0 (TID 21) in 162 ms on 172.30.0.8 (executor 0) (5/5)
[2026-01-17T09:30:11.701+0000] {subprocess.py:106} INFO - 26/01/17 09:30:11 INFO TaskSchedulerImpl: Removed TaskSet 12.0, whose tasks have all completed, from pool
[2026-01-17T09:30:11.701+0000] {subprocess.py:106} INFO - 26/01/17 09:30:11 INFO DAGScheduler: ResultStage 12 ($anonfun$withThreadLocalCaptured$1 at <unknown>:0) finished in 0.951 s
[2026-01-17T09:30:11.702+0000] {subprocess.py:106} INFO - 26/01/17 09:30:11 INFO DAGScheduler: Job 9 is finished. Cancelling potential speculative or zombie tasks for this job
[2026-01-17T09:30:11.702+0000] {subprocess.py:106} INFO - 26/01/17 09:30:11 INFO TaskSchedulerImpl: Killing all running tasks in stage 12: Stage finished
[2026-01-17T09:30:11.703+0000] {subprocess.py:106} INFO - 26/01/17 09:30:11 INFO DAGScheduler: Job 9 finished: $anonfun$withThreadLocalCaptured$1 at <unknown>:0, took 0.956567 s
[2026-01-17T09:30:11.719+0000] {subprocess.py:106} INFO - 26/01/17 09:30:11 INFO MemoryStore: Block broadcast_22_piece0 stored as bytes in memory (estimated size 409.4 KiB, free 433.9 MiB)
[2026-01-17T09:30:11.721+0000] {subprocess.py:106} INFO - 26/01/17 09:30:11 INFO BlockManagerInfo: Added broadcast_22_piece0 in memory on 65f44b4fd513:35339 (size: 409.4 KiB, free: 433.9 MiB)
[2026-01-17T09:30:11.722+0000] {subprocess.py:106} INFO - 26/01/17 09:30:11 INFO SparkContext: Created broadcast 22 from $anonfun$withThreadLocalCaptured$1 at <unknown>:0
[2026-01-17T09:30:11.726+0000] {subprocess.py:106} INFO - 26/01/17 09:30:11 INFO FileSourceStrategy: Pushed Filters:
[2026-01-17T09:30:11.728+0000] {subprocess.py:106} INFO - 26/01/17 09:30:11 INFO FileSourceStrategy: Post-Scan Filters:
[2026-01-17T09:30:11.770+0000] {subprocess.py:106} INFO - 26/01/17 09:30:11 INFO CodeGenerator: Code generated in 24.424894 ms
[2026-01-17T09:30:11.773+0000] {subprocess.py:106} INFO - 26/01/17 09:30:11 INFO MemoryStore: Block broadcast_23 stored as values in memory (estimated size 203.1 KiB, free 433.7 MiB)
[2026-01-17T09:30:11.800+0000] {subprocess.py:106} INFO - 26/01/17 09:30:11 INFO BlockManagerInfo: Removed broadcast_21_piece0 on 65f44b4fd513:35339 in memory (size: 5.5 KiB, free: 433.9 MiB)
[2026-01-17T09:30:11.808+0000] {subprocess.py:106} INFO - 26/01/17 09:30:11 INFO BlockManagerInfo: Removed broadcast_21_piece0 on 172.30.0.8:37663 in memory (size: 5.5 KiB, free: 434.4 MiB)
[2026-01-17T09:30:11.809+0000] {subprocess.py:106} INFO - 26/01/17 09:30:11 INFO MemoryStore: Block broadcast_23_piece0 stored as bytes in memory (estimated size 35.1 KiB, free 433.6 MiB)
[2026-01-17T09:30:11.810+0000] {subprocess.py:106} INFO - 26/01/17 09:30:11 INFO BlockManagerInfo: Added broadcast_23_piece0 in memory on 65f44b4fd513:35339 (size: 35.1 KiB, free: 433.9 MiB)
[2026-01-17T09:30:11.810+0000] {subprocess.py:106} INFO - 26/01/17 09:30:11 INFO SparkContext: Created broadcast 23 from append at <unknown>:0
[2026-01-17T09:30:11.811+0000] {subprocess.py:106} INFO - 26/01/17 09:30:11 INFO FileSourceScanExec: Planning scan with bin packing, max size: 4194304 bytes, open cost is considered as scanning 4194304 bytes.
[2026-01-17T09:30:11.816+0000] {subprocess.py:106} INFO - 26/01/17 09:30:11 INFO MemoryStore: Block broadcast_24 stored as values in memory (estimated size 32.0 KiB, free 433.6 MiB)
[2026-01-17T09:30:11.819+0000] {subprocess.py:106} INFO - 26/01/17 09:30:11 INFO MemoryStore: Block broadcast_24_piece0 stored as bytes in memory (estimated size 29.7 KiB, free 433.6 MiB)
[2026-01-17T09:30:11.825+0000] {subprocess.py:106} INFO - 26/01/17 09:30:11 INFO BlockManagerInfo: Added broadcast_24_piece0 in memory on 65f44b4fd513:35339 (size: 29.7 KiB, free: 433.9 MiB)
[2026-01-17T09:30:11.825+0000] {subprocess.py:106} INFO - 26/01/17 09:30:11 INFO SparkContext: Created broadcast 24 from broadcast at SparkWrite.java:193
[2026-01-17T09:30:11.826+0000] {subprocess.py:106} INFO - 26/01/17 09:30:11 INFO AppendDataExec: Start processing data source write support: IcebergBatchWrite(table=hive_catalog.bronze.it_jobs_raw, format=PARQUET). The input RDD has 1 partitions.
[2026-01-17T09:30:11.845+0000] {subprocess.py:106} INFO - 26/01/17 09:30:11 INFO SparkContext: Starting job: append at <unknown>:0
[2026-01-17T09:30:11.846+0000] {subprocess.py:106} INFO - 26/01/17 09:30:11 INFO DAGScheduler: Got job 10 (append at <unknown>:0) with 1 output partitions
[2026-01-17T09:30:11.846+0000] {subprocess.py:106} INFO - 26/01/17 09:30:11 INFO DAGScheduler: Final stage: ResultStage 13 (append at <unknown>:0)
[2026-01-17T09:30:11.847+0000] {subprocess.py:106} INFO - 26/01/17 09:30:11 INFO DAGScheduler: Parents of final stage: List()
[2026-01-17T09:30:11.849+0000] {subprocess.py:106} INFO - 26/01/17 09:30:11 INFO DAGScheduler: Missing parents: List()
[2026-01-17T09:30:11.852+0000] {subprocess.py:106} INFO - 26/01/17 09:30:11 INFO DAGScheduler: Submitting ResultStage 13 (MapPartitionsRDD[39] at append at <unknown>:0), which has no missing parents
[2026-01-17T09:30:11.855+0000] {subprocess.py:106} INFO - 26/01/17 09:30:11 INFO MemoryStore: Block broadcast_25 stored as values in memory (estimated size 22.1 KiB, free 433.6 MiB)
[2026-01-17T09:30:11.857+0000] {subprocess.py:106} INFO - 26/01/17 09:30:11 INFO MemoryStore: Block broadcast_25_piece0 stored as bytes in memory (estimated size 9.9 KiB, free 433.6 MiB)
[2026-01-17T09:30:11.858+0000] {subprocess.py:106} INFO - 26/01/17 09:30:11 INFO BlockManagerInfo: Added broadcast_25_piece0 in memory on 65f44b4fd513:35339 (size: 9.9 KiB, free: 433.9 MiB)
[2026-01-17T09:30:11.859+0000] {subprocess.py:106} INFO - 26/01/17 09:30:11 INFO SparkContext: Created broadcast 25 from broadcast at DAGScheduler.scala:1585
[2026-01-17T09:30:11.860+0000] {subprocess.py:106} INFO - 26/01/17 09:30:11 INFO DAGScheduler: Submitting 1 missing tasks from ResultStage 13 (MapPartitionsRDD[39] at append at <unknown>:0) (first 15 tasks are for partitions Vector(0))
[2026-01-17T09:30:11.861+0000] {subprocess.py:106} INFO - 26/01/17 09:30:11 INFO TaskSchedulerImpl: Adding task set 13.0 with 1 tasks resource profile 0
[2026-01-17T09:30:11.863+0000] {subprocess.py:106} INFO - 26/01/17 09:30:11 INFO TaskSetManager: Starting task 0.0 in stage 13.0 (TID 22) (172.30.0.8, executor 0, partition 0, ANY, 9955 bytes)
[2026-01-17T09:30:11.879+0000] {subprocess.py:106} INFO - 26/01/17 09:30:11 INFO BlockManagerInfo: Added broadcast_25_piece0 in memory on 172.30.0.8:37663 (size: 9.9 KiB, free: 434.4 MiB)
[2026-01-17T09:30:11.925+0000] {subprocess.py:106} INFO - 26/01/17 09:30:11 INFO BlockManagerInfo: Added broadcast_22_piece0 in memory on 172.30.0.8:37663 (size: 409.4 KiB, free: 434.0 MiB)
[2026-01-17T09:30:11.953+0000] {subprocess.py:106} INFO - 26/01/17 09:30:11 INFO BlockManagerInfo: Added broadcast_24_piece0 in memory on 172.30.0.8:37663 (size: 29.7 KiB, free: 433.9 MiB)
[2026-01-17T09:30:12.122+0000] {subprocess.py:106} INFO - 26/01/17 09:30:12 INFO BlockManagerInfo: Added broadcast_23_piece0 in memory on 172.30.0.8:37663 (size: 35.1 KiB, free: 433.9 MiB)
[2026-01-17T09:30:12.383+0000] {subprocess.py:106} INFO - 26/01/17 09:30:12 INFO TaskSetManager: Finished task 0.0 in stage 13.0 (TID 22) in 519 ms on 172.30.0.8 (executor 0) (1/1)
[2026-01-17T09:30:12.384+0000] {subprocess.py:106} INFO - 26/01/17 09:30:12 INFO TaskSchedulerImpl: Removed TaskSet 13.0, whose tasks have all completed, from pool
[2026-01-17T09:30:12.387+0000] {subprocess.py:106} INFO - 26/01/17 09:30:12 INFO DAGScheduler: ResultStage 13 (append at <unknown>:0) finished in 0.530 s
[2026-01-17T09:30:12.389+0000] {subprocess.py:106} INFO - 26/01/17 09:30:12 INFO DAGScheduler: Job 10 is finished. Cancelling potential speculative or zombie tasks for this job
[2026-01-17T09:30:12.389+0000] {subprocess.py:106} INFO - 26/01/17 09:30:12 INFO TaskSchedulerImpl: Killing all running tasks in stage 13: Stage finished
[2026-01-17T09:30:12.390+0000] {subprocess.py:106} INFO - 26/01/17 09:30:12 INFO DAGScheduler: Job 10 finished: append at <unknown>:0, took 0.538683 s
[2026-01-17T09:30:12.391+0000] {subprocess.py:106} INFO - 26/01/17 09:30:12 INFO AppendDataExec: Data source write support IcebergBatchWrite(table=hive_catalog.bronze.it_jobs_raw, format=PARQUET) is committing.
[2026-01-17T09:30:12.405+0000] {subprocess.py:106} INFO - 26/01/17 09:30:12 INFO SparkWrite: Committing append with 1 new data files to table hive_catalog.bronze.it_jobs_raw
[2026-01-17T09:30:12.840+0000] {subprocess.py:106} INFO - 26/01/17 09:30:12 INFO HiveTableOperations: Committed to table hive_catalog.bronze.it_jobs_raw with the new metadata location hdfs://dinhhoa-master:9000/user/ndh/warehouse/bronze.db/it_jobs_raw/metadata/00019-711fef6c-80d6-442f-8a35-fc0c9782e01b.metadata.json
[2026-01-17T09:30:12.840+0000] {subprocess.py:106} INFO - 26/01/17 09:30:12 INFO BaseMetastoreTableOperations: Successfully committed to table hive_catalog.bronze.it_jobs_raw in 189 ms
[2026-01-17T09:30:12.841+0000] {subprocess.py:106} INFO - 26/01/17 09:30:12 INFO SnapshotProducer: Committed snapshot 2837103792677262805 (MergeAppend)
[2026-01-17T09:30:12.853+0000] {subprocess.py:106} INFO - 26/01/17 09:30:12 INFO BaseMetastoreTableOperations: Refreshing table metadata from new version: hdfs://dinhhoa-master:9000/user/ndh/warehouse/bronze.db/it_jobs_raw/metadata/00019-711fef6c-80d6-442f-8a35-fc0c9782e01b.metadata.json
[2026-01-17T09:30:12.902+0000] {subprocess.py:106} INFO - 26/01/17 09:30:12 INFO LoggingMetricsReporter: Received metrics report: CommitReport{tableName=hive_catalog.bronze.it_jobs_raw, snapshotId=2837103792677262805, sequenceNumber=20, operation=append, commitMetrics=CommitMetricsResult{totalDuration=TimerResult{timeUnit=NANOSECONDS, totalDuration=PT0.481827805S, count=1}, attempts=CounterResult{unit=COUNT, value=1}, addedDataFiles=CounterResult{unit=COUNT, value=1}, removedDataFiles=null, totalDataFiles=CounterResult{unit=COUNT, value=20}, addedDeleteFiles=null, addedEqualityDeleteFiles=null, addedPositionalDeleteFiles=null, removedDeleteFiles=null, removedEqualityDeleteFiles=null, removedPositionalDeleteFiles=null, totalDeleteFiles=CounterResult{unit=COUNT, value=0}, addedRecords=CounterResult{unit=COUNT, value=16}, removedRecords=null, totalRecords=CounterResult{unit=COUNT, value=6983}, addedFilesSizeInBytes=CounterResult{unit=BYTES, value=6601}, removedFilesSizeInBytes=null, totalFilesSizeInBytes=CounterResult{unit=BYTES, value=436119}, addedPositionalDeletes=null, removedPositionalDeletes=null, totalPositionalDeletes=CounterResult{unit=COUNT, value=0}, addedEqualityDeletes=null, removedEqualityDeletes=null, totalEqualityDeletes=CounterResult{unit=COUNT, value=0}}, metadata={engine-version=3.5.3, app-id=app-20260117092956-0003, engine-name=spark, iceberg-version=Apache Iceberg 1.6.1 (commit 8e9d59d299be42b0bca9461457cd1e95dbaad086)}}
[2026-01-17T09:30:12.903+0000] {subprocess.py:106} INFO - 26/01/17 09:30:12 INFO SparkWrite: Committed in 497 ms
[2026-01-17T09:30:12.904+0000] {subprocess.py:106} INFO - 26/01/17 09:30:12 INFO AppendDataExec: Data source write support IcebergBatchWrite(table=hive_catalog.bronze.it_jobs_raw, format=PARQUET) committed.
[2026-01-17T09:30:12.907+0000] {subprocess.py:106} INFO -  Loaded into: hive_catalog.bronze.it_jobs_raw
[2026-01-17T09:30:12.909+0000] {subprocess.py:106} INFO - 26/01/17 09:30:12 INFO SparkContext: SparkContext is stopping with exitCode 0.
[2026-01-17T09:30:12.916+0000] {subprocess.py:106} INFO - 26/01/17 09:30:12 INFO SparkUI: Stopped Spark web UI at http://65f44b4fd513:4040
[2026-01-17T09:30:12.922+0000] {subprocess.py:106} INFO - 26/01/17 09:30:12 INFO StandaloneSchedulerBackend: Shutting down all executors
[2026-01-17T09:30:12.922+0000] {subprocess.py:106} INFO - 26/01/17 09:30:12 INFO StandaloneSchedulerBackend$StandaloneDriverEndpoint: Asking each executor to shut down
[2026-01-17T09:30:12.942+0000] {subprocess.py:106} INFO - 26/01/17 09:30:12 INFO MapOutputTrackerMasterEndpoint: MapOutputTrackerMasterEndpoint stopped!
[2026-01-17T09:30:12.966+0000] {subprocess.py:106} INFO - 26/01/17 09:30:12 INFO MemoryStore: MemoryStore cleared
[2026-01-17T09:30:12.967+0000] {subprocess.py:106} INFO - 26/01/17 09:30:12 INFO BlockManager: BlockManager stopped
[2026-01-17T09:30:12.973+0000] {subprocess.py:106} INFO - 26/01/17 09:30:12 INFO BlockManagerMaster: BlockManagerMaster stopped
[2026-01-17T09:30:12.980+0000] {subprocess.py:106} INFO - 26/01/17 09:30:12 INFO OutputCommitCoordinator$OutputCommitCoordinatorEndpoint: OutputCommitCoordinator stopped!
[2026-01-17T09:30:13.004+0000] {subprocess.py:106} INFO - 26/01/17 09:30:13 INFO SparkContext: Successfully stopped SparkContext
[2026-01-17T09:30:13.513+0000] {subprocess.py:106} INFO - 26/01/17 09:30:13 INFO ShutdownHookManager: Shutdown hook called
[2026-01-17T09:30:13.515+0000] {subprocess.py:106} INFO - 26/01/17 09:30:13 INFO ShutdownHookManager: Deleting directory /tmp/spark-cce123cd-18f6-4560-9a76-624fbd1fef7f
[2026-01-17T09:30:13.522+0000] {subprocess.py:106} INFO - 26/01/17 09:30:13 INFO ShutdownHookManager: Deleting directory /tmp/spark-fd02ba3b-80bf-43f8-955a-bb590ab74851
[2026-01-17T09:30:13.523+0000] {subprocess.py:106} INFO - 26/01/17 09:30:13 INFO ShutdownHookManager: Deleting directory /tmp/spark-cce123cd-18f6-4560-9a76-624fbd1fef7f/pyspark-b777609b-52f0-41a1-97a0-f14330d9ebd0
[2026-01-17T09:30:13.589+0000] {subprocess.py:110} INFO - Command exited with return code 0
[2026-01-17T09:30:13.643+0000] {taskinstance.py:341} INFO - ::group::Post task execution logs
[2026-01-17T09:30:13.644+0000] {taskinstance.py:353} INFO - Marking task as SUCCESS. dag_id=crawl_etl_itjob, task_id=load_bronze, run_id=scheduled__2026-01-16T02:00:00+00:00, execution_date=20260116T020000, start_date=20260117T092952, end_date=20260117T093013
[2026-01-17T09:30:13.717+0000] {local_task_job_runner.py:266} INFO - Task exited with return code 0
[2026-01-17T09:30:13.750+0000] {taskinstance.py:3901} INFO - 1 downstream tasks scheduled from follow-on schedule check
[2026-01-17T09:30:13.758+0000] {local_task_job_runner.py:245} INFO - ::endgroup::
