[2025-11-04T10:07:43.393+0000] {local_task_job_runner.py:123} INFO - ::group::Pre task execution logs
[2025-11-04T10:07:43.431+0000] {taskinstance.py:2614} INFO - Dependencies all met for dep_context=non-requeueable deps ti=<TaskInstance: crawl_etl_itjob.load_bronze scheduled__2025-11-03T02:00:00+00:00 [queued]>
[2025-11-04T10:07:43.442+0000] {taskinstance.py:2614} INFO - Dependencies all met for dep_context=requeueable deps ti=<TaskInstance: crawl_etl_itjob.load_bronze scheduled__2025-11-03T02:00:00+00:00 [queued]>
[2025-11-04T10:07:43.443+0000] {taskinstance.py:2867} INFO - Starting attempt 1 of 2
[2025-11-04T10:07:43.455+0000] {taskinstance.py:2890} INFO - Executing <Task(BashOperator): load_bronze> on 2025-11-03 02:00:00+00:00
[2025-11-04T10:07:43.460+0000] {standard_task_runner.py:72} INFO - Started process 55 to run task
[2025-11-04T10:07:43.466+0000] {standard_task_runner.py:104} INFO - Running: ['***', 'tasks', 'run', 'crawl_etl_itjob', 'load_bronze', 'scheduled__2025-11-03T02:00:00+00:00', '--job-id', '102', '--raw', '--subdir', 'DAGS_FOLDER/Crawl_ETL_ITJob.py', '--cfg-path', '/tmp/tmpy4sx_dgx']
[2025-11-04T10:07:43.468+0000] {standard_task_runner.py:105} INFO - Job 102: Subtask load_bronze
[2025-11-04T10:07:43.492+0000] {warnings.py:109} WARNING - /home/***/.local/lib/python3.8/site-packages/***/settings.py:209: DeprecationWarning: The sql_alchemy_conn option in [core] has been moved to the sql_alchemy_conn option in [database] - the old setting has been used, but please update your config.
  SQL_ALCHEMY_CONN = conf.get("database", "SQL_ALCHEMY_CONN")

[2025-11-04T10:07:43.570+0000] {task_command.py:467} INFO - Running <TaskInstance: crawl_etl_itjob.load_bronze scheduled__2025-11-03T02:00:00+00:00 [running]> on host a1de7f96d4f1
[2025-11-04T10:07:43.571+0000] {warnings.py:109} WARNING - /home/***/.local/lib/python3.8/site-packages/***/settings.py:470: DeprecationWarning: The sql_alchemy_conn option in [core] has been moved to the sql_alchemy_conn option in [database] - the old setting has been used, but please update your config.
  if conf.get("database", "sql_alchemy_conn") == "none://":

[2025-11-04T10:07:43.730+0000] {taskinstance.py:3134} INFO - Exporting env vars: AIRFLOW_CTX_DAG_EMAIL='alert@datateam.local' AIRFLOW_CTX_DAG_OWNER='***' AIRFLOW_CTX_DAG_ID='crawl_etl_itjob' AIRFLOW_CTX_TASK_ID='load_bronze' AIRFLOW_CTX_EXECUTION_DATE='2025-11-03T02:00:00+00:00' AIRFLOW_CTX_TRY_NUMBER='1' AIRFLOW_CTX_DAG_RUN_ID='scheduled__2025-11-03T02:00:00+00:00'
[2025-11-04T10:07:43.732+0000] {taskinstance.py:732} INFO - ::endgroup::
[2025-11-04T10:07:43.756+0000] {subprocess.py:78} INFO - Tmp dir root location: /tmp
[2025-11-04T10:07:43.757+0000] {subprocess.py:88} INFO - Running command: ['/bin/bash', '-c', "\n        docker exec spark-submit bash -c '\n        /opt/spark/bin/spark-submit         --master spark://spark-master:7077         --deploy-mode client         --packages org.apache.iceberg:iceberg-spark-runtime-3.5_2.12:1.5.0         /opt/spark/scripts/Load_Bronze.py\n        '\n        "]
[2025-11-04T10:07:43.769+0000] {subprocess.py:99} INFO - Output:
[2025-11-04T10:07:46.300+0000] {subprocess.py:106} INFO - :: loading settings :: url = jar:file:/opt/spark/jars/ivy-2.5.1.jar!/org/apache/ivy/core/settings/ivysettings.xml
[2025-11-04T10:07:46.441+0000] {subprocess.py:106} INFO - Ivy Default Cache set to: /home/spark/.ivy2/cache
[2025-11-04T10:07:46.442+0000] {subprocess.py:106} INFO - The jars for the packages stored in: /home/spark/.ivy2/jars
[2025-11-04T10:07:46.448+0000] {subprocess.py:106} INFO - org.apache.iceberg#iceberg-spark-runtime-3.5_2.12 added as a dependency
[2025-11-04T10:07:46.449+0000] {subprocess.py:106} INFO - :: resolving dependencies :: org.apache.spark#spark-submit-parent-919673a1-613d-476f-84f1-80af9a012e9c;1.0
[2025-11-04T10:07:46.450+0000] {subprocess.py:106} INFO - 	confs: [default]
[2025-11-04T10:07:46.587+0000] {subprocess.py:106} INFO - 	found org.apache.iceberg#iceberg-spark-runtime-3.5_2.12;1.5.0 in central
[2025-11-04T10:07:46.607+0000] {subprocess.py:106} INFO - :: resolution report :: resolve 151ms :: artifacts dl 6ms
[2025-11-04T10:07:46.608+0000] {subprocess.py:106} INFO - 	:: modules in use:
[2025-11-04T10:07:46.609+0000] {subprocess.py:106} INFO - 	org.apache.iceberg#iceberg-spark-runtime-3.5_2.12;1.5.0 from central in [default]
[2025-11-04T10:07:46.610+0000] {subprocess.py:106} INFO - 	---------------------------------------------------------------------
[2025-11-04T10:07:46.611+0000] {subprocess.py:106} INFO - 	|                  |            modules            ||   artifacts   |
[2025-11-04T10:07:46.611+0000] {subprocess.py:106} INFO - 	|       conf       | number| search|dwnlded|evicted|| number|dwnlded|
[2025-11-04T10:07:46.612+0000] {subprocess.py:106} INFO - 	---------------------------------------------------------------------
[2025-11-04T10:07:46.613+0000] {subprocess.py:106} INFO - 	|      default     |   1   |   0   |   0   |   0   ||   1   |   0   |
[2025-11-04T10:07:46.614+0000] {subprocess.py:106} INFO - 	---------------------------------------------------------------------
[2025-11-04T10:07:46.615+0000] {subprocess.py:106} INFO - :: retrieving :: org.apache.spark#spark-submit-parent-919673a1-613d-476f-84f1-80af9a012e9c
[2025-11-04T10:07:46.616+0000] {subprocess.py:106} INFO - 	confs: [default]
[2025-11-04T10:07:46.624+0000] {subprocess.py:106} INFO - 	0 artifacts copied, 1 already retrieved (0kB/9ms)
[2025-11-04T10:07:47.012+0000] {subprocess.py:106} INFO - 25/11/04 10:07:47 WARN NativeCodeLoader: Unable to load native-hadoop library for your platform... using builtin-java classes where applicable
[2025-11-04T10:07:48.371+0000] {subprocess.py:106} INFO - 25/11/04 10:07:48 INFO SparkContext: Running Spark version 3.5.3
[2025-11-04T10:07:48.377+0000] {subprocess.py:106} INFO - 25/11/04 10:07:48 INFO SparkContext: OS info Linux, 6.6.87.2-microsoft-standard-WSL2, amd64
[2025-11-04T10:07:48.378+0000] {subprocess.py:106} INFO - 25/11/04 10:07:48 INFO SparkContext: Java version 11.0.24
[2025-11-04T10:07:48.406+0000] {subprocess.py:106} INFO - 25/11/04 10:07:48 INFO ResourceUtils: ==============================================================
[2025-11-04T10:07:48.407+0000] {subprocess.py:106} INFO - 25/11/04 10:07:48 INFO ResourceUtils: No custom resources configured for spark.driver.
[2025-11-04T10:07:48.407+0000] {subprocess.py:106} INFO - 25/11/04 10:07:48 INFO ResourceUtils: ==============================================================
[2025-11-04T10:07:48.408+0000] {subprocess.py:106} INFO - 25/11/04 10:07:48 INFO SparkContext: Submitted application: Load_Bronze_Hive_Iceberg
[2025-11-04T10:07:48.448+0000] {subprocess.py:106} INFO - 25/11/04 10:07:48 INFO ResourceProfile: Default ResourceProfile created, executor resources: Map(memory -> name: memory, amount: 1024, script: , vendor: , offHeap -> name: offHeap, amount: 0, script: , vendor: ), task resources: Map(cpus -> name: cpus, amount: 1.0)
[2025-11-04T10:07:48.462+0000] {subprocess.py:106} INFO - 25/11/04 10:07:48 INFO ResourceProfile: Limiting resource is cpu
[2025-11-04T10:07:48.463+0000] {subprocess.py:106} INFO - 25/11/04 10:07:48 INFO ResourceProfileManager: Added ResourceProfile id: 0
[2025-11-04T10:07:48.648+0000] {subprocess.py:106} INFO - 25/11/04 10:07:48 INFO SecurityManager: Changing view acls to: spark
[2025-11-04T10:07:48.650+0000] {subprocess.py:106} INFO - 25/11/04 10:07:48 INFO SecurityManager: Changing modify acls to: spark
[2025-11-04T10:07:48.651+0000] {subprocess.py:106} INFO - 25/11/04 10:07:48 INFO SecurityManager: Changing view acls groups to:
[2025-11-04T10:07:48.651+0000] {subprocess.py:106} INFO - 25/11/04 10:07:48 INFO SecurityManager: Changing modify acls groups to:
[2025-11-04T10:07:48.653+0000] {subprocess.py:106} INFO - 25/11/04 10:07:48 INFO SecurityManager: SecurityManager: authentication disabled; ui acls disabled; users with view permissions: spark; groups with view permissions: EMPTY; users with modify permissions: spark; groups with modify permissions: EMPTY
[2025-11-04T10:07:49.087+0000] {subprocess.py:106} INFO - 25/11/04 10:07:49 INFO Utils: Successfully started service 'sparkDriver' on port 38287.
[2025-11-04T10:07:49.135+0000] {subprocess.py:106} INFO - 25/11/04 10:07:49 INFO SparkEnv: Registering MapOutputTracker
[2025-11-04T10:07:49.192+0000] {subprocess.py:106} INFO - 25/11/04 10:07:49 INFO SparkEnv: Registering BlockManagerMaster
[2025-11-04T10:07:49.217+0000] {subprocess.py:106} INFO - 25/11/04 10:07:49 INFO BlockManagerMasterEndpoint: Using org.apache.spark.storage.DefaultTopologyMapper for getting topology information
[2025-11-04T10:07:49.218+0000] {subprocess.py:106} INFO - 25/11/04 10:07:49 INFO BlockManagerMasterEndpoint: BlockManagerMasterEndpoint up
[2025-11-04T10:07:49.223+0000] {subprocess.py:106} INFO - 25/11/04 10:07:49 INFO SparkEnv: Registering BlockManagerMasterHeartbeat
[2025-11-04T10:07:49.274+0000] {subprocess.py:106} INFO - 25/11/04 10:07:49 INFO DiskBlockManager: Created local directory at /tmp/blockmgr-0db7af69-431c-4982-891b-273d5ea39644
[2025-11-04T10:07:49.291+0000] {subprocess.py:106} INFO - 25/11/04 10:07:49 INFO MemoryStore: MemoryStore started with capacity 434.4 MiB
[2025-11-04T10:07:49.312+0000] {subprocess.py:106} INFO - 25/11/04 10:07:49 INFO SparkEnv: Registering OutputCommitCoordinator
[2025-11-04T10:07:49.469+0000] {subprocess.py:106} INFO - 25/11/04 10:07:49 INFO JettyUtils: Start Jetty 0.0.0.0:4040 for SparkUI
[2025-11-04T10:07:49.518+0000] {subprocess.py:106} INFO - 25/11/04 10:07:49 INFO Utils: Successfully started service 'SparkUI' on port 4040.
[2025-11-04T10:07:49.552+0000] {subprocess.py:106} INFO - 25/11/04 10:07:49 INFO SparkContext: Added JAR file:///home/spark/.ivy2/jars/org.apache.iceberg_iceberg-spark-runtime-3.5_2.12-1.5.0.jar at spark://68d0d8c522fe:38287/jars/org.apache.iceberg_iceberg-spark-runtime-3.5_2.12-1.5.0.jar with timestamp 1762250868361
[2025-11-04T10:07:49.556+0000] {subprocess.py:106} INFO - 25/11/04 10:07:49 INFO SparkContext: Added file file:///home/spark/.ivy2/jars/org.apache.iceberg_iceberg-spark-runtime-3.5_2.12-1.5.0.jar at spark://68d0d8c522fe:38287/files/org.apache.iceberg_iceberg-spark-runtime-3.5_2.12-1.5.0.jar with timestamp 1762250868361
[2025-11-04T10:07:49.557+0000] {subprocess.py:106} INFO - 25/11/04 10:07:49 INFO Utils: Copying /home/spark/.ivy2/jars/org.apache.iceberg_iceberg-spark-runtime-3.5_2.12-1.5.0.jar to /tmp/spark-2695f357-99b3-4f40-8232-3d1c98679bb9/userFiles-c7f9d456-e2db-4820-a80f-3995e18cb4b6/org.apache.iceberg_iceberg-spark-runtime-3.5_2.12-1.5.0.jar
[2025-11-04T10:07:49.781+0000] {subprocess.py:106} INFO - 25/11/04 10:07:49 INFO StandaloneAppClient$ClientEndpoint: Connecting to master spark://spark-master:7077...
[2025-11-04T10:07:49.832+0000] {subprocess.py:106} INFO - 25/11/04 10:07:49 INFO TransportClientFactory: Successfully created connection to spark-master/172.30.0.6:7077 after 30 ms (0 ms spent in bootstraps)
[2025-11-04T10:07:50.238+0000] {subprocess.py:106} INFO - 25/11/04 10:07:50 INFO StandaloneSchedulerBackend: Connected to Spark cluster with app ID app-20251104100750-0000
[2025-11-04T10:07:50.253+0000] {subprocess.py:106} INFO - 25/11/04 10:07:50 INFO Utils: Successfully started service 'org.apache.spark.network.netty.NettyBlockTransferService' on port 42617.
[2025-11-04T10:07:50.254+0000] {subprocess.py:106} INFO - 25/11/04 10:07:50 INFO NettyBlockTransferService: Server created on 68d0d8c522fe:42617
[2025-11-04T10:07:50.257+0000] {subprocess.py:106} INFO - 25/11/04 10:07:50 INFO BlockManager: Using org.apache.spark.storage.RandomBlockReplicationPolicy for block replication policy
[2025-11-04T10:07:50.268+0000] {subprocess.py:106} INFO - 25/11/04 10:07:50 INFO BlockManagerMaster: Registering BlockManager BlockManagerId(driver, 68d0d8c522fe, 42617, None)
[2025-11-04T10:07:50.273+0000] {subprocess.py:106} INFO - 25/11/04 10:07:50 INFO StandaloneAppClient$ClientEndpoint: Executor added: app-20251104100750-0000/0 on worker-20251104093746-172.30.0.7-45293 (172.30.0.7:45293) with 1 core(s)
[2025-11-04T10:07:50.274+0000] {subprocess.py:106} INFO - 25/11/04 10:07:50 INFO BlockManagerMasterEndpoint: Registering block manager 68d0d8c522fe:42617 with 434.4 MiB RAM, BlockManagerId(driver, 68d0d8c522fe, 42617, None)
[2025-11-04T10:07:50.277+0000] {subprocess.py:106} INFO - 25/11/04 10:07:50 INFO StandaloneSchedulerBackend: Granted executor ID app-20251104100750-0000/0 on hostPort 172.30.0.7:45293 with 1 core(s), 1024.0 MiB RAM
[2025-11-04T10:07:50.278+0000] {subprocess.py:106} INFO - 25/11/04 10:07:50 INFO BlockManagerMaster: Registered BlockManager BlockManagerId(driver, 68d0d8c522fe, 42617, None)
[2025-11-04T10:07:50.279+0000] {subprocess.py:106} INFO - 25/11/04 10:07:50 INFO BlockManager: Initialized BlockManager: BlockManagerId(driver, 68d0d8c522fe, 42617, None)
[2025-11-04T10:07:50.589+0000] {subprocess.py:106} INFO - 25/11/04 10:07:50 INFO StandaloneSchedulerBackend: SchedulerBackend is ready for scheduling beginning after reached minRegisteredResourcesRatio: 0.0
[2025-11-04T10:07:50.601+0000] {subprocess.py:106} INFO - 25/11/04 10:07:50 INFO StandaloneAppClient$ClientEndpoint: Executor updated: app-20251104100750-0000/0 is now RUNNING
[2025-11-04T10:07:50.952+0000] {subprocess.py:106} INFO - 25/11/04 10:07:50 INFO SharedState: Setting hive.metastore.warehouse.dir ('null') to the value of spark.sql.warehouse.dir.
[2025-11-04T10:07:50.954+0000] {subprocess.py:106} INFO - 25/11/04 10:07:50 INFO SharedState: Warehouse path is 'file:/opt/spark/work-dir/spark-warehouse'.
[2025-11-04T10:07:54.093+0000] {subprocess.py:106} INFO - 25/11/04 10:07:54 INFO InMemoryFileIndex: It took 128 ms to list leaf files for 1 paths.
[2025-11-04T10:07:54.347+0000] {subprocess.py:106} INFO - 25/11/04 10:07:54 INFO MemoryStore: Block broadcast_0 stored as values in memory (estimated size 203.7 KiB, free 434.2 MiB)
[2025-11-04T10:07:54.367+0000] {subprocess.py:106} INFO - 25/11/04 10:07:54 INFO StandaloneSchedulerBackend$StandaloneDriverEndpoint: Registered executor NettyRpcEndpointRef(spark-client://Executor) (172.30.0.7:47276) with ID 0,  ResourceProfileId 0
[2025-11-04T10:07:54.464+0000] {subprocess.py:106} INFO - 25/11/04 10:07:54 INFO MemoryStore: Block broadcast_0_piece0 stored as bytes in memory (estimated size 35.3 KiB, free 434.2 MiB)
[2025-11-04T10:07:54.469+0000] {subprocess.py:106} INFO - 25/11/04 10:07:54 INFO BlockManagerInfo: Added broadcast_0_piece0 in memory on 68d0d8c522fe:42617 (size: 35.3 KiB, free: 434.4 MiB)
[2025-11-04T10:07:54.473+0000] {subprocess.py:106} INFO - 25/11/04 10:07:54 INFO BlockManagerMasterEndpoint: Registering block manager 172.30.0.7:36789 with 434.4 MiB RAM, BlockManagerId(0, 172.30.0.7, 36789, None)
[2025-11-04T10:07:54.475+0000] {subprocess.py:106} INFO - 25/11/04 10:07:54 INFO SparkContext: Created broadcast 0 from csv at <unknown>:0
[2025-11-04T10:07:55.097+0000] {subprocess.py:106} INFO - 25/11/04 10:07:55 INFO FileInputFormat: Total input files to process : 1
[2025-11-04T10:07:55.117+0000] {subprocess.py:106} INFO - 25/11/04 10:07:55 INFO FileInputFormat: Total input files to process : 1
[2025-11-04T10:07:55.193+0000] {subprocess.py:106} INFO - 25/11/04 10:07:55 INFO SparkContext: Starting job: csv at <unknown>:0
[2025-11-04T10:07:55.215+0000] {subprocess.py:106} INFO - 25/11/04 10:07:55 INFO DAGScheduler: Got job 0 (csv at <unknown>:0) with 1 output partitions
[2025-11-04T10:07:55.217+0000] {subprocess.py:106} INFO - 25/11/04 10:07:55 INFO DAGScheduler: Final stage: ResultStage 0 (csv at <unknown>:0)
[2025-11-04T10:07:55.218+0000] {subprocess.py:106} INFO - 25/11/04 10:07:55 INFO DAGScheduler: Parents of final stage: List()
[2025-11-04T10:07:55.219+0000] {subprocess.py:106} INFO - 25/11/04 10:07:55 INFO DAGScheduler: Missing parents: List()
[2025-11-04T10:07:55.225+0000] {subprocess.py:106} INFO - 25/11/04 10:07:55 INFO DAGScheduler: Submitting ResultStage 0 (MapPartitionsRDD[2] at csv at <unknown>:0), which has no missing parents
[2025-11-04T10:07:55.254+0000] {subprocess.py:106} INFO - 25/11/04 10:07:55 INFO MemoryStore: Block broadcast_1 stored as values in memory (estimated size 7.6 KiB, free 434.2 MiB)
[2025-11-04T10:07:55.258+0000] {subprocess.py:106} INFO - 25/11/04 10:07:55 INFO MemoryStore: Block broadcast_1_piece0 stored as bytes in memory (estimated size 4.4 KiB, free 434.2 MiB)
[2025-11-04T10:07:55.259+0000] {subprocess.py:106} INFO - 25/11/04 10:07:55 INFO BlockManagerInfo: Added broadcast_1_piece0 in memory on 68d0d8c522fe:42617 (size: 4.4 KiB, free: 434.4 MiB)
[2025-11-04T10:07:55.262+0000] {subprocess.py:106} INFO - 25/11/04 10:07:55 INFO SparkContext: Created broadcast 1 from broadcast at DAGScheduler.scala:1585
[2025-11-04T10:07:55.294+0000] {subprocess.py:106} INFO - 25/11/04 10:07:55 INFO DAGScheduler: Submitting 1 missing tasks from ResultStage 0 (MapPartitionsRDD[2] at csv at <unknown>:0) (first 15 tasks are for partitions Vector(0))
[2025-11-04T10:07:55.295+0000] {subprocess.py:106} INFO - 25/11/04 10:07:55 INFO TaskSchedulerImpl: Adding task set 0.0 with 1 tasks resource profile 0
[2025-11-04T10:07:55.627+0000] {subprocess.py:106} INFO - 25/11/04 10:07:55 INFO TaskSetManager: Starting task 0.0 in stage 0.0 (TID 0) (172.30.0.7, executor 0, partition 0, PROCESS_LOCAL, 9484 bytes)
[2025-11-04T10:07:55.938+0000] {subprocess.py:106} INFO - 25/11/04 10:07:55 INFO BlockManagerInfo: Added broadcast_1_piece0 in memory on 172.30.0.7:36789 (size: 4.4 KiB, free: 434.4 MiB)
[2025-11-04T10:07:56.205+0000] {subprocess.py:106} INFO - 25/11/04 10:07:56 INFO BlockManagerInfo: Added broadcast_0_piece0 in memory on 172.30.0.7:36789 (size: 35.3 KiB, free: 434.4 MiB)
[2025-11-04T10:07:57.158+0000] {subprocess.py:106} INFO - 25/11/04 10:07:57 INFO TaskSetManager: Finished task 0.0 in stage 0.0 (TID 0) in 1550 ms on 172.30.0.7 (executor 0) (1/1)
[2025-11-04T10:07:57.162+0000] {subprocess.py:106} INFO - 25/11/04 10:07:57 INFO TaskSchedulerImpl: Removed TaskSet 0.0, whose tasks have all completed, from pool
[2025-11-04T10:07:57.174+0000] {subprocess.py:106} INFO - 25/11/04 10:07:57 INFO DAGScheduler: ResultStage 0 (csv at <unknown>:0) finished in 1.926 s
[2025-11-04T10:07:57.182+0000] {subprocess.py:106} INFO - 25/11/04 10:07:57 INFO DAGScheduler: Job 0 is finished. Cancelling potential speculative or zombie tasks for this job
[2025-11-04T10:07:57.183+0000] {subprocess.py:106} INFO - 25/11/04 10:07:57 INFO TaskSchedulerImpl: Killing all running tasks in stage 0: Stage finished
[2025-11-04T10:07:57.187+0000] {subprocess.py:106} INFO - 25/11/04 10:07:57 INFO DAGScheduler: Job 0 finished: csv at <unknown>:0, took 1.993487 s
[2025-11-04T10:07:57.549+0000] {subprocess.py:106} INFO - 25/11/04 10:07:57 INFO BlockManagerInfo: Removed broadcast_1_piece0 on 68d0d8c522fe:42617 in memory (size: 4.4 KiB, free: 434.4 MiB)
[2025-11-04T10:07:57.555+0000] {subprocess.py:106} INFO - 25/11/04 10:07:57 INFO BlockManagerInfo: Removed broadcast_1_piece0 on 172.30.0.7:36789 in memory (size: 4.4 KiB, free: 434.4 MiB)
[2025-11-04T10:07:57.573+0000] {subprocess.py:106} INFO - 25/11/04 10:07:57 INFO BlockManagerInfo: Removed broadcast_0_piece0 on 68d0d8c522fe:42617 in memory (size: 35.3 KiB, free: 434.4 MiB)
[2025-11-04T10:07:57.576+0000] {subprocess.py:106} INFO - 25/11/04 10:07:57 INFO BlockManagerInfo: Removed broadcast_0_piece0 on 172.30.0.7:36789 in memory (size: 35.3 KiB, free: 434.4 MiB)
[2025-11-04T10:07:59.054+0000] {subprocess.py:106} INFO - 25/11/04 10:07:59 INFO FileSourceStrategy: Pushed Filters:
[2025-11-04T10:07:59.055+0000] {subprocess.py:106} INFO - 25/11/04 10:07:59 INFO FileSourceStrategy: Post-Scan Filters:
[2025-11-04T10:07:59.577+0000] {subprocess.py:106} INFO - 25/11/04 10:07:59 INFO CodeGenerator: Code generated in 266.081288 ms
[2025-11-04T10:07:59.589+0000] {subprocess.py:106} INFO - 25/11/04 10:07:59 INFO MemoryStore: Block broadcast_2 stored as values in memory (estimated size 203.1 KiB, free 434.2 MiB)
[2025-11-04T10:07:59.620+0000] {subprocess.py:106} INFO - 25/11/04 10:07:59 INFO MemoryStore: Block broadcast_2_piece0 stored as bytes in memory (estimated size 35.1 KiB, free 434.2 MiB)
[2025-11-04T10:07:59.622+0000] {subprocess.py:106} INFO - 25/11/04 10:07:59 INFO BlockManagerInfo: Added broadcast_2_piece0 in memory on 68d0d8c522fe:42617 (size: 35.1 KiB, free: 434.4 MiB)
[2025-11-04T10:07:59.624+0000] {subprocess.py:106} INFO - 25/11/04 10:07:59 INFO SparkContext: Created broadcast 2 from count at <unknown>:0
[2025-11-04T10:07:59.651+0000] {subprocess.py:106} INFO - 25/11/04 10:07:59 INFO FileSourceScanExec: Planning scan with bin packing, max size: 4194304 bytes, open cost is considered as scanning 4194304 bytes.
[2025-11-04T10:07:59.754+0000] {subprocess.py:106} INFO - 25/11/04 10:07:59 INFO DAGScheduler: Registering RDD 7 (count at <unknown>:0) as input to shuffle 0
[2025-11-04T10:07:59.759+0000] {subprocess.py:106} INFO - 25/11/04 10:07:59 INFO DAGScheduler: Got map stage job 1 (count at <unknown>:0) with 1 output partitions
[2025-11-04T10:07:59.760+0000] {subprocess.py:106} INFO - 25/11/04 10:07:59 INFO DAGScheduler: Final stage: ShuffleMapStage 1 (count at <unknown>:0)
[2025-11-04T10:07:59.761+0000] {subprocess.py:106} INFO - 25/11/04 10:07:59 INFO DAGScheduler: Parents of final stage: List()
[2025-11-04T10:07:59.762+0000] {subprocess.py:106} INFO - 25/11/04 10:07:59 INFO DAGScheduler: Missing parents: List()
[2025-11-04T10:07:59.766+0000] {subprocess.py:106} INFO - 25/11/04 10:07:59 INFO DAGScheduler: Submitting ShuffleMapStage 1 (MapPartitionsRDD[7] at count at <unknown>:0), which has no missing parents
[2025-11-04T10:07:59.836+0000] {subprocess.py:106} INFO - 25/11/04 10:07:59 INFO MemoryStore: Block broadcast_3 stored as values in memory (estimated size 18.0 KiB, free 434.1 MiB)
[2025-11-04T10:07:59.849+0000] {subprocess.py:106} INFO - 25/11/04 10:07:59 INFO MemoryStore: Block broadcast_3_piece0 stored as bytes in memory (estimated size 8.9 KiB, free 434.1 MiB)
[2025-11-04T10:07:59.853+0000] {subprocess.py:106} INFO - 25/11/04 10:07:59 INFO BlockManagerInfo: Added broadcast_3_piece0 in memory on 68d0d8c522fe:42617 (size: 8.9 KiB, free: 434.4 MiB)
[2025-11-04T10:07:59.854+0000] {subprocess.py:106} INFO - 25/11/04 10:07:59 INFO SparkContext: Created broadcast 3 from broadcast at DAGScheduler.scala:1585
[2025-11-04T10:07:59.856+0000] {subprocess.py:106} INFO - 25/11/04 10:07:59 INFO DAGScheduler: Submitting 1 missing tasks from ShuffleMapStage 1 (MapPartitionsRDD[7] at count at <unknown>:0) (first 15 tasks are for partitions Vector(0))
[2025-11-04T10:07:59.856+0000] {subprocess.py:106} INFO - 25/11/04 10:07:59 INFO TaskSchedulerImpl: Adding task set 1.0 with 1 tasks resource profile 0
[2025-11-04T10:07:59.871+0000] {subprocess.py:106} INFO - 25/11/04 10:07:59 INFO TaskSetManager: Starting task 0.0 in stage 1.0 (TID 1) (172.30.0.7, executor 0, partition 0, ANY, 9944 bytes)
[2025-11-04T10:07:59.961+0000] {subprocess.py:106} INFO - 25/11/04 10:07:59 INFO BlockManagerInfo: Added broadcast_3_piece0 in memory on 172.30.0.7:36789 (size: 8.9 KiB, free: 434.4 MiB)
[2025-11-04T10:08:00.899+0000] {subprocess.py:106} INFO - 25/11/04 10:08:00 INFO BlockManagerInfo: Added broadcast_2_piece0 in memory on 172.30.0.7:36789 (size: 35.1 KiB, free: 434.4 MiB)
[2025-11-04T10:08:01.103+0000] {subprocess.py:106} INFO - 25/11/04 10:08:01 INFO TaskSetManager: Finished task 0.0 in stage 1.0 (TID 1) in 1240 ms on 172.30.0.7 (executor 0) (1/1)
[2025-11-04T10:08:01.106+0000] {subprocess.py:106} INFO - 25/11/04 10:08:01 INFO TaskSchedulerImpl: Removed TaskSet 1.0, whose tasks have all completed, from pool
[2025-11-04T10:08:01.107+0000] {subprocess.py:106} INFO - 25/11/04 10:08:01 INFO DAGScheduler: ShuffleMapStage 1 (count at <unknown>:0) finished in 1.333 s
[2025-11-04T10:08:01.109+0000] {subprocess.py:106} INFO - 25/11/04 10:08:01 INFO DAGScheduler: looking for newly runnable stages
[2025-11-04T10:08:01.110+0000] {subprocess.py:106} INFO - 25/11/04 10:08:01 INFO DAGScheduler: running: Set()
[2025-11-04T10:08:01.111+0000] {subprocess.py:106} INFO - 25/11/04 10:08:01 INFO DAGScheduler: waiting: Set()
[2025-11-04T10:08:01.112+0000] {subprocess.py:106} INFO - 25/11/04 10:08:01 INFO DAGScheduler: failed: Set()
[2025-11-04T10:08:01.193+0000] {subprocess.py:106} INFO - 25/11/04 10:08:01 INFO CodeGenerator: Code generated in 21.364139 ms
[2025-11-04T10:08:01.226+0000] {subprocess.py:106} INFO - 25/11/04 10:08:01 INFO SparkContext: Starting job: count at <unknown>:0
[2025-11-04T10:08:01.229+0000] {subprocess.py:106} INFO - 25/11/04 10:08:01 INFO DAGScheduler: Got job 2 (count at <unknown>:0) with 1 output partitions
[2025-11-04T10:08:01.230+0000] {subprocess.py:106} INFO - 25/11/04 10:08:01 INFO DAGScheduler: Final stage: ResultStage 3 (count at <unknown>:0)
[2025-11-04T10:08:01.231+0000] {subprocess.py:106} INFO - 25/11/04 10:08:01 INFO DAGScheduler: Parents of final stage: List(ShuffleMapStage 2)
[2025-11-04T10:08:01.231+0000] {subprocess.py:106} INFO - 25/11/04 10:08:01 INFO DAGScheduler: Missing parents: List()
[2025-11-04T10:08:01.232+0000] {subprocess.py:106} INFO - 25/11/04 10:08:01 INFO DAGScheduler: Submitting ResultStage 3 (MapPartitionsRDD[10] at count at <unknown>:0), which has no missing parents
[2025-11-04T10:08:01.243+0000] {subprocess.py:106} INFO - 25/11/04 10:08:01 INFO MemoryStore: Block broadcast_4 stored as values in memory (estimated size 12.5 KiB, free 434.1 MiB)
[2025-11-04T10:08:01.254+0000] {subprocess.py:106} INFO - 25/11/04 10:08:01 INFO MemoryStore: Block broadcast_4_piece0 stored as bytes in memory (estimated size 5.9 KiB, free 434.1 MiB)
[2025-11-04T10:08:01.255+0000] {subprocess.py:106} INFO - 25/11/04 10:08:01 INFO BlockManagerInfo: Added broadcast_4_piece0 in memory on 68d0d8c522fe:42617 (size: 5.9 KiB, free: 434.4 MiB)
[2025-11-04T10:08:01.257+0000] {subprocess.py:106} INFO - 25/11/04 10:08:01 INFO SparkContext: Created broadcast 4 from broadcast at DAGScheduler.scala:1585
[2025-11-04T10:08:01.259+0000] {subprocess.py:106} INFO - 25/11/04 10:08:01 INFO DAGScheduler: Submitting 1 missing tasks from ResultStage 3 (MapPartitionsRDD[10] at count at <unknown>:0) (first 15 tasks are for partitions Vector(0))
[2025-11-04T10:08:01.260+0000] {subprocess.py:106} INFO - 25/11/04 10:08:01 INFO TaskSchedulerImpl: Adding task set 3.0 with 1 tasks resource profile 0
[2025-11-04T10:08:01.263+0000] {subprocess.py:106} INFO - 25/11/04 10:08:01 INFO BlockManagerInfo: Removed broadcast_3_piece0 on 68d0d8c522fe:42617 in memory (size: 8.9 KiB, free: 434.4 MiB)
[2025-11-04T10:08:01.264+0000] {subprocess.py:106} INFO - 25/11/04 10:08:01 INFO BlockManagerInfo: Removed broadcast_3_piece0 on 172.30.0.7:36789 in memory (size: 8.9 KiB, free: 434.4 MiB)
[2025-11-04T10:08:01.270+0000] {subprocess.py:106} INFO - 25/11/04 10:08:01 INFO TaskSetManager: Starting task 0.0 in stage 3.0 (TID 2) (172.30.0.7, executor 0, partition 0, NODE_LOCAL, 9331 bytes)
[2025-11-04T10:08:01.308+0000] {subprocess.py:106} INFO - 25/11/04 10:08:01 INFO BlockManagerInfo: Added broadcast_4_piece0 in memory on 172.30.0.7:36789 (size: 5.9 KiB, free: 434.4 MiB)
[2025-11-04T10:08:01.342+0000] {subprocess.py:106} INFO - 25/11/04 10:08:01 INFO MapOutputTrackerMasterEndpoint: Asked to send map output locations for shuffle 0 to 172.30.0.7:47276
[2025-11-04T10:08:01.508+0000] {subprocess.py:106} INFO - 25/11/04 10:08:01 INFO TaskSetManager: Finished task 0.0 in stage 3.0 (TID 2) in 240 ms on 172.30.0.7 (executor 0) (1/1)
[2025-11-04T10:08:01.509+0000] {subprocess.py:106} INFO - 25/11/04 10:08:01 INFO TaskSchedulerImpl: Removed TaskSet 3.0, whose tasks have all completed, from pool
[2025-11-04T10:08:01.510+0000] {subprocess.py:106} INFO - 25/11/04 10:08:01 INFO DAGScheduler: ResultStage 3 (count at <unknown>:0) finished in 0.269 s
[2025-11-04T10:08:01.511+0000] {subprocess.py:106} INFO - 25/11/04 10:08:01 INFO DAGScheduler: Job 2 is finished. Cancelling potential speculative or zombie tasks for this job
[2025-11-04T10:08:01.511+0000] {subprocess.py:106} INFO - 25/11/04 10:08:01 INFO TaskSchedulerImpl: Killing all running tasks in stage 3: Stage finished
[2025-11-04T10:08:01.512+0000] {subprocess.py:106} INFO - 25/11/04 10:08:01 INFO DAGScheduler: Job 2 finished: count at <unknown>:0, took 0.285400 s
[2025-11-04T10:08:01.519+0000] {subprocess.py:106} INFO -  Record loaded from CSV: 3631
[2025-11-04T10:08:01.522+0000] {subprocess.py:106} INFO - root
[2025-11-04T10:08:01.523+0000] {subprocess.py:106} INFO -  |-- job_title: string (nullable = true)
[2025-11-04T10:08:01.524+0000] {subprocess.py:106} INFO -  |-- company_name: string (nullable = true)
[2025-11-04T10:08:01.525+0000] {subprocess.py:106} INFO -  |-- location: string (nullable = true)
[2025-11-04T10:08:01.526+0000] {subprocess.py:106} INFO -  |-- skills_required: string (nullable = true)
[2025-11-04T10:08:01.526+0000] {subprocess.py:106} INFO -  |-- date_posted: string (nullable = true)
[2025-11-04T10:08:01.527+0000] {subprocess.py:106} INFO -  |-- job_link: string (nullable = true)
[2025-11-04T10:08:01.527+0000] {subprocess.py:106} INFO -  |-- job_category: string (nullable = true)
[2025-11-04T10:08:01.528+0000] {subprocess.py:106} INFO -  |-- work_mode: string (nullable = true)
[2025-11-04T10:08:01.528+0000] {subprocess.py:106} INFO -  |-- crawl_date: string (nullable = true)
[2025-11-04T10:08:01.528+0000] {subprocess.py:106} INFO -  |-- date_only: string (nullable = true)
[2025-11-04T10:08:01.529+0000] {subprocess.py:106} INFO - 
[2025-11-04T10:08:01.914+0000] {subprocess.py:106} INFO - 25/11/04 10:08:01 INFO BlockManagerInfo: Removed broadcast_4_piece0 on 68d0d8c522fe:42617 in memory (size: 5.9 KiB, free: 434.4 MiB)
[2025-11-04T10:08:01.917+0000] {subprocess.py:106} INFO - 25/11/04 10:08:01 INFO BlockManagerInfo: Removed broadcast_4_piece0 on 172.30.0.7:36789 in memory (size: 5.9 KiB, free: 434.4 MiB)
[2025-11-04T10:08:02.000+0000] {subprocess.py:106} INFO - 25/11/04 10:08:01 INFO HiveConf: Found configuration file null
[2025-11-04T10:08:02.256+0000] {subprocess.py:106} INFO - 25/11/04 10:08:02 INFO metastore: Trying to connect to metastore with URI thrift://hive-metastore:9083
[2025-11-04T10:08:02.292+0000] {subprocess.py:106} INFO - 25/11/04 10:08:02 INFO metastore: Opened a connection to metastore, current connections: 1
[2025-11-04T10:08:02.605+0000] {subprocess.py:106} INFO - 25/11/04 10:08:02 INFO metastore: Connected to metastore.
[2025-11-04T10:08:04.048+0000] {subprocess.py:106} INFO - 25/11/04 10:08:04 INFO BaseMetastoreTableOperations: Refreshing table metadata from new version: hdfs://dinhhoa-master:9000/user/ndh/warehouse/bronze.db/it_jobs_raw/metadata/00005-dc59436b-09b4-4042-85ea-68c1b42fb63f.metadata.json
[2025-11-04T10:08:04.468+0000] {subprocess.py:106} INFO - 25/11/04 10:08:04 INFO BlockManagerInfo: Removed broadcast_2_piece0 on 68d0d8c522fe:42617 in memory (size: 35.1 KiB, free: 434.4 MiB)
[2025-11-04T10:08:04.472+0000] {subprocess.py:106} INFO - 25/11/04 10:08:04 INFO BlockManagerInfo: Removed broadcast_2_piece0 on 172.30.0.7:36789 in memory (size: 35.1 KiB, free: 434.4 MiB)
[2025-11-04T10:08:04.561+0000] {subprocess.py:106} INFO - 25/11/04 10:08:04 INFO BaseMetastoreCatalog: Table loaded by catalog: hive_catalog.bronze.it_jobs_raw
[2025-11-04T10:08:04.830+0000] {subprocess.py:106} INFO - 25/11/04 10:08:04 INFO V2ScanRelationPushDown:
[2025-11-04T10:08:04.830+0000] {subprocess.py:106} INFO - Pushing operators to hive_catalog.bronze.it_jobs_raw
[2025-11-04T10:08:04.831+0000] {subprocess.py:106} INFO - Pushed Filters: job_link IS NOT NULL
[2025-11-04T10:08:04.831+0000] {subprocess.py:106} INFO - Post-Scan Filters: isnotnull(job_link#66)
[2025-11-04T10:08:04.832+0000] {subprocess.py:106} INFO - 
[2025-11-04T10:08:04.872+0000] {subprocess.py:106} INFO - 25/11/04 10:08:04 INFO V2ScanRelationPushDown:
[2025-11-04T10:08:04.873+0000] {subprocess.py:106} INFO - Output: job_link#66
[2025-11-04T10:08:04.873+0000] {subprocess.py:106} INFO - 
[2025-11-04T10:08:04.895+0000] {subprocess.py:106} INFO - 25/11/04 10:08:04 INFO SnapshotScan: Scanning table hive_catalog.bronze.it_jobs_raw snapshot 624367781127958954 created at 2025-11-03T12:42:49.822+00:00 with filter job_link IS NOT NULL
[2025-11-04T10:08:05.221+0000] {subprocess.py:106} INFO - 25/11/04 10:08:05 INFO BaseDistributedDataScan: Planning file tasks locally for table hive_catalog.bronze.it_jobs_raw
[2025-11-04T10:08:05.477+0000] {subprocess.py:106} INFO - 25/11/04 10:08:05 INFO SparkPartitioningAwareScan: Reporting UnknownPartitioning with 2 partition(s) for table hive_catalog.bronze.it_jobs_raw
[2025-11-04T10:08:05.542+0000] {subprocess.py:106} INFO - 25/11/04 10:08:05 INFO FileSourceStrategy: Pushed Filters:
[2025-11-04T10:08:05.542+0000] {subprocess.py:106} INFO - 25/11/04 10:08:05 INFO FileSourceStrategy: Post-Scan Filters:
[2025-11-04T10:08:05.557+0000] {subprocess.py:106} INFO - 25/11/04 10:08:05 INFO MemoryStore: Block broadcast_5 stored as values in memory (estimated size 32.0 KiB, free 434.4 MiB)
[2025-11-04T10:08:05.579+0000] {subprocess.py:106} INFO - 25/11/04 10:08:05 INFO MemoryStore: Block broadcast_5_piece0 stored as bytes in memory (estimated size 29.7 KiB, free 434.3 MiB)
[2025-11-04T10:08:05.580+0000] {subprocess.py:106} INFO - 25/11/04 10:08:05 INFO BlockManagerInfo: Added broadcast_5_piece0 in memory on 68d0d8c522fe:42617 (size: 29.7 KiB, free: 434.4 MiB)
[2025-11-04T10:08:05.582+0000] {subprocess.py:106} INFO - 25/11/04 10:08:05 INFO SparkContext: Created broadcast 5 from broadcast at SparkBatch.java:79
[2025-11-04T10:08:05.644+0000] {subprocess.py:106} INFO - 25/11/04 10:08:05 INFO MemoryStore: Block broadcast_6 stored as values in memory (estimated size 32.0 KiB, free 434.3 MiB)
[2025-11-04T10:08:05.653+0000] {subprocess.py:106} INFO - 25/11/04 10:08:05 INFO MemoryStore: Block broadcast_6_piece0 stored as bytes in memory (estimated size 29.7 KiB, free 434.3 MiB)
[2025-11-04T10:08:05.654+0000] {subprocess.py:106} INFO - 25/11/04 10:08:05 INFO BlockManagerInfo: Added broadcast_6_piece0 in memory on 68d0d8c522fe:42617 (size: 29.7 KiB, free: 434.3 MiB)
[2025-11-04T10:08:05.655+0000] {subprocess.py:106} INFO - 25/11/04 10:08:05 INFO SparkContext: Created broadcast 6 from broadcast at SparkBatch.java:79
[2025-11-04T10:08:05.792+0000] {subprocess.py:106} INFO - 25/11/04 10:08:05 INFO CodeGenerator: Code generated in 25.944842 ms
[2025-11-04T10:08:05.823+0000] {subprocess.py:106} INFO - 25/11/04 10:08:05 INFO SparkContext: Starting job: $anonfun$withThreadLocalCaptured$1 at <unknown>:0
[2025-11-04T10:08:05.825+0000] {subprocess.py:106} INFO - 25/11/04 10:08:05 INFO DAGScheduler: Got job 3 ($anonfun$withThreadLocalCaptured$1 at <unknown>:0) with 2 output partitions
[2025-11-04T10:08:05.825+0000] {subprocess.py:106} INFO - 25/11/04 10:08:05 INFO DAGScheduler: Final stage: ResultStage 4 ($anonfun$withThreadLocalCaptured$1 at <unknown>:0)
[2025-11-04T10:08:05.826+0000] {subprocess.py:106} INFO - 25/11/04 10:08:05 INFO DAGScheduler: Parents of final stage: List()
[2025-11-04T10:08:05.827+0000] {subprocess.py:106} INFO - 25/11/04 10:08:05 INFO DAGScheduler: Missing parents: List()
[2025-11-04T10:08:05.827+0000] {subprocess.py:106} INFO - 25/11/04 10:08:05 INFO DAGScheduler: Submitting ResultStage 4 (MapPartitionsRDD[14] at $anonfun$withThreadLocalCaptured$1 at <unknown>:0), which has no missing parents
[2025-11-04T10:08:05.832+0000] {subprocess.py:106} INFO - 25/11/04 10:08:05 INFO MemoryStore: Block broadcast_7 stored as values in memory (estimated size 13.8 KiB, free 434.3 MiB)
[2025-11-04T10:08:05.844+0000] {subprocess.py:106} INFO - 25/11/04 10:08:05 INFO MemoryStore: Block broadcast_7_piece0 stored as bytes in memory (estimated size 5.5 KiB, free 434.3 MiB)
[2025-11-04T10:08:05.845+0000] {subprocess.py:106} INFO - 25/11/04 10:08:05 INFO BlockManagerInfo: Added broadcast_7_piece0 in memory on 68d0d8c522fe:42617 (size: 5.5 KiB, free: 434.3 MiB)
[2025-11-04T10:08:05.846+0000] {subprocess.py:106} INFO - 25/11/04 10:08:05 INFO SparkContext: Created broadcast 7 from broadcast at DAGScheduler.scala:1585
[2025-11-04T10:08:05.847+0000] {subprocess.py:106} INFO - 25/11/04 10:08:05 INFO DAGScheduler: Submitting 2 missing tasks from ResultStage 4 (MapPartitionsRDD[14] at $anonfun$withThreadLocalCaptured$1 at <unknown>:0) (first 15 tasks are for partitions Vector(0, 1))
[2025-11-04T10:08:05.848+0000] {subprocess.py:106} INFO - 25/11/04 10:08:05 INFO TaskSchedulerImpl: Adding task set 4.0 with 2 tasks resource profile 0
[2025-11-04T10:08:05.872+0000] {subprocess.py:106} INFO - 25/11/04 10:08:05 INFO TaskSetManager: Starting task 0.0 in stage 4.0 (TID 3) (172.30.0.7, executor 0, partition 0, ANY, 15761 bytes)
[2025-11-04T10:08:06.248+0000] {subprocess.py:106} INFO - 25/11/04 10:08:06 INFO BlockManagerInfo: Added broadcast_7_piece0 in memory on 172.30.0.7:36789 (size: 5.5 KiB, free: 434.4 MiB)
[2025-11-04T10:08:06.320+0000] {subprocess.py:106} INFO - 25/11/04 10:08:06 INFO BlockManagerInfo: Added broadcast_6_piece0 in memory on 172.30.0.7:36789 (size: 29.7 KiB, free: 434.4 MiB)
[2025-11-04T10:08:08.027+0000] {subprocess.py:106} INFO - 25/11/04 10:08:08 INFO TaskSetManager: Starting task 1.0 in stage 4.0 (TID 4) (172.30.0.7, executor 0, partition 1, ANY, 14808 bytes)
[2025-11-04T10:08:08.028+0000] {subprocess.py:106} INFO - 25/11/04 10:08:08 INFO TaskSetManager: Finished task 0.0 in stage 4.0 (TID 3) in 2178 ms on 172.30.0.7 (executor 0) (1/2)
[2025-11-04T10:08:08.209+0000] {subprocess.py:106} INFO - 25/11/04 10:08:08 INFO TaskSetManager: Finished task 1.0 in stage 4.0 (TID 4) in 183 ms on 172.30.0.7 (executor 0) (2/2)
[2025-11-04T10:08:08.210+0000] {subprocess.py:106} INFO - 25/11/04 10:08:08 INFO TaskSchedulerImpl: Removed TaskSet 4.0, whose tasks have all completed, from pool
[2025-11-04T10:08:08.210+0000] {subprocess.py:106} INFO - 25/11/04 10:08:08 INFO DAGScheduler: ResultStage 4 ($anonfun$withThreadLocalCaptured$1 at <unknown>:0) finished in 2.380 s
[2025-11-04T10:08:08.211+0000] {subprocess.py:106} INFO - 25/11/04 10:08:08 INFO DAGScheduler: Job 3 is finished. Cancelling potential speculative or zombie tasks for this job
[2025-11-04T10:08:08.211+0000] {subprocess.py:106} INFO - 25/11/04 10:08:08 INFO TaskSchedulerImpl: Killing all running tasks in stage 4: Stage finished
[2025-11-04T10:08:08.211+0000] {subprocess.py:106} INFO - 25/11/04 10:08:08 INFO DAGScheduler: Job 3 finished: $anonfun$withThreadLocalCaptured$1 at <unknown>:0, took 2.386780 s
[2025-11-04T10:08:08.243+0000] {subprocess.py:106} INFO - 25/11/04 10:08:08 INFO CodeGenerator: Code generated in 10.426808 ms
[2025-11-04T10:08:08.260+0000] {subprocess.py:106} INFO - 25/11/04 10:08:08 INFO BlockManagerInfo: Removed broadcast_7_piece0 on 68d0d8c522fe:42617 in memory (size: 5.5 KiB, free: 434.3 MiB)
[2025-11-04T10:08:08.262+0000] {subprocess.py:106} INFO - 25/11/04 10:08:08 INFO BlockManagerInfo: Removed broadcast_7_piece0 on 172.30.0.7:36789 in memory (size: 5.5 KiB, free: 434.4 MiB)
[2025-11-04T10:08:08.318+0000] {subprocess.py:106} INFO - 25/11/04 10:08:08 INFO MemoryStore: Block broadcast_8_piece0 stored as bytes in memory (estimated size 212.8 KiB, free 434.1 MiB)
[2025-11-04T10:08:08.321+0000] {subprocess.py:106} INFO - 25/11/04 10:08:08 INFO BlockManagerInfo: Added broadcast_8_piece0 in memory on 68d0d8c522fe:42617 (size: 212.8 KiB, free: 434.1 MiB)
[2025-11-04T10:08:08.324+0000] {subprocess.py:106} INFO - 25/11/04 10:08:08 INFO SparkContext: Created broadcast 8 from $anonfun$withThreadLocalCaptured$1 at <unknown>:0
[2025-11-04T10:08:08.335+0000] {subprocess.py:106} INFO - 25/11/04 10:08:08 INFO FileSourceStrategy: Pushed Filters:
[2025-11-04T10:08:08.335+0000] {subprocess.py:106} INFO - 25/11/04 10:08:08 INFO FileSourceStrategy: Post-Scan Filters:
[2025-11-04T10:08:08.404+0000] {subprocess.py:106} INFO - 25/11/04 10:08:08 INFO CodeGenerator: Code generated in 24.859045 ms
[2025-11-04T10:08:08.414+0000] {subprocess.py:106} INFO - 25/11/04 10:08:08 INFO MemoryStore: Block broadcast_9 stored as values in memory (estimated size 203.1 KiB, free 433.9 MiB)
[2025-11-04T10:08:08.449+0000] {subprocess.py:106} INFO - 25/11/04 10:08:08 INFO MemoryStore: Block broadcast_9_piece0 stored as bytes in memory (estimated size 35.1 KiB, free 433.8 MiB)
[2025-11-04T10:08:08.454+0000] {subprocess.py:106} INFO - 25/11/04 10:08:08 INFO BlockManagerInfo: Added broadcast_9_piece0 in memory on 68d0d8c522fe:42617 (size: 35.1 KiB, free: 434.1 MiB)
[2025-11-04T10:08:08.455+0000] {subprocess.py:106} INFO - 25/11/04 10:08:08 INFO SparkContext: Created broadcast 9 from count at <unknown>:0
[2025-11-04T10:08:08.455+0000] {subprocess.py:106} INFO - 25/11/04 10:08:08 INFO FileSourceScanExec: Planning scan with bin packing, max size: 4194304 bytes, open cost is considered as scanning 4194304 bytes.
[2025-11-04T10:08:08.484+0000] {subprocess.py:106} INFO - 25/11/04 10:08:08 INFO DAGScheduler: Registering RDD 18 (count at <unknown>:0) as input to shuffle 1
[2025-11-04T10:08:08.485+0000] {subprocess.py:106} INFO - 25/11/04 10:08:08 INFO DAGScheduler: Got map stage job 4 (count at <unknown>:0) with 1 output partitions
[2025-11-04T10:08:08.488+0000] {subprocess.py:106} INFO - 25/11/04 10:08:08 INFO DAGScheduler: Final stage: ShuffleMapStage 5 (count at <unknown>:0)
[2025-11-04T10:08:08.499+0000] {subprocess.py:106} INFO - 25/11/04 10:08:08 INFO DAGScheduler: Parents of final stage: List()
[2025-11-04T10:08:08.501+0000] {subprocess.py:106} INFO - 25/11/04 10:08:08 INFO DAGScheduler: Missing parents: List()
[2025-11-04T10:08:08.503+0000] {subprocess.py:106} INFO - 25/11/04 10:08:08 INFO DAGScheduler: Submitting ShuffleMapStage 5 (MapPartitionsRDD[18] at count at <unknown>:0), which has no missing parents
[2025-11-04T10:08:08.503+0000] {subprocess.py:106} INFO - 25/11/04 10:08:08 INFO MemoryStore: Block broadcast_10 stored as values in memory (estimated size 20.1 KiB, free 433.8 MiB)
[2025-11-04T10:08:08.519+0000] {subprocess.py:106} INFO - 25/11/04 10:08:08 INFO MemoryStore: Block broadcast_10_piece0 stored as bytes in memory (estimated size 9.7 KiB, free 433.8 MiB)
[2025-11-04T10:08:08.530+0000] {subprocess.py:106} INFO - 25/11/04 10:08:08 INFO BlockManagerInfo: Added broadcast_10_piece0 in memory on 68d0d8c522fe:42617 (size: 9.7 KiB, free: 434.1 MiB)
[2025-11-04T10:08:08.534+0000] {subprocess.py:106} INFO - 25/11/04 10:08:08 INFO SparkContext: Created broadcast 10 from broadcast at DAGScheduler.scala:1585
[2025-11-04T10:08:08.540+0000] {subprocess.py:106} INFO - 25/11/04 10:08:08 INFO DAGScheduler: Submitting 1 missing tasks from ShuffleMapStage 5 (MapPartitionsRDD[18] at count at <unknown>:0) (first 15 tasks are for partitions Vector(0))
[2025-11-04T10:08:08.541+0000] {subprocess.py:106} INFO - 25/11/04 10:08:08 INFO TaskSchedulerImpl: Adding task set 5.0 with 1 tasks resource profile 0
[2025-11-04T10:08:08.542+0000] {subprocess.py:106} INFO - 25/11/04 10:08:08 INFO TaskSetManager: Starting task 0.0 in stage 5.0 (TID 5) (172.30.0.7, executor 0, partition 0, ANY, 9944 bytes)
[2025-11-04T10:08:08.579+0000] {subprocess.py:106} INFO - 25/11/04 10:08:08 INFO BlockManagerInfo: Added broadcast_10_piece0 in memory on 172.30.0.7:36789 (size: 9.7 KiB, free: 434.4 MiB)
[2025-11-04T10:08:08.709+0000] {subprocess.py:106} INFO - 25/11/04 10:08:08 INFO BlockManagerInfo: Added broadcast_8_piece0 in memory on 172.30.0.7:36789 (size: 212.8 KiB, free: 434.2 MiB)
[2025-11-04T10:08:09.053+0000] {subprocess.py:106} INFO - 25/11/04 10:08:09 INFO BlockManagerInfo: Added broadcast_9_piece0 in memory on 172.30.0.7:36789 (size: 35.1 KiB, free: 434.1 MiB)
[2025-11-04T10:08:09.200+0000] {subprocess.py:106} INFO - 25/11/04 10:08:09 INFO TaskSetManager: Finished task 0.0 in stage 5.0 (TID 5) in 670 ms on 172.30.0.7 (executor 0) (1/1)
[2025-11-04T10:08:09.202+0000] {subprocess.py:106} INFO - 25/11/04 10:08:09 INFO TaskSchedulerImpl: Removed TaskSet 5.0, whose tasks have all completed, from pool
[2025-11-04T10:08:09.203+0000] {subprocess.py:106} INFO - 25/11/04 10:08:09 INFO DAGScheduler: ShuffleMapStage 5 (count at <unknown>:0) finished in 0.709 s
[2025-11-04T10:08:09.209+0000] {subprocess.py:106} INFO - 25/11/04 10:08:09 INFO DAGScheduler: looking for newly runnable stages
[2025-11-04T10:08:09.210+0000] {subprocess.py:106} INFO - 25/11/04 10:08:09 INFO DAGScheduler: running: Set()
[2025-11-04T10:08:09.211+0000] {subprocess.py:106} INFO - 25/11/04 10:08:09 INFO DAGScheduler: waiting: Set()
[2025-11-04T10:08:09.212+0000] {subprocess.py:106} INFO - 25/11/04 10:08:09 INFO DAGScheduler: failed: Set()
[2025-11-04T10:08:09.248+0000] {subprocess.py:106} INFO - 25/11/04 10:08:09 INFO CodeGenerator: Code generated in 18.952053 ms
[2025-11-04T10:08:09.272+0000] {subprocess.py:106} INFO - 25/11/04 10:08:09 INFO SparkContext: Starting job: count at <unknown>:0
[2025-11-04T10:08:09.274+0000] {subprocess.py:106} INFO - 25/11/04 10:08:09 INFO DAGScheduler: Got job 5 (count at <unknown>:0) with 1 output partitions
[2025-11-04T10:08:09.277+0000] {subprocess.py:106} INFO - 25/11/04 10:08:09 INFO DAGScheduler: Final stage: ResultStage 7 (count at <unknown>:0)
[2025-11-04T10:08:09.278+0000] {subprocess.py:106} INFO - 25/11/04 10:08:09 INFO DAGScheduler: Parents of final stage: List(ShuffleMapStage 6)
[2025-11-04T10:08:09.279+0000] {subprocess.py:106} INFO - 25/11/04 10:08:09 INFO DAGScheduler: Missing parents: List()
[2025-11-04T10:08:09.279+0000] {subprocess.py:106} INFO - 25/11/04 10:08:09 INFO DAGScheduler: Submitting ResultStage 7 (MapPartitionsRDD[21] at count at <unknown>:0), which has no missing parents
[2025-11-04T10:08:09.281+0000] {subprocess.py:106} INFO - 25/11/04 10:08:09 INFO MemoryStore: Block broadcast_11 stored as values in memory (estimated size 12.5 KiB, free 433.8 MiB)
[2025-11-04T10:08:09.297+0000] {subprocess.py:106} INFO - 25/11/04 10:08:09 INFO MemoryStore: Block broadcast_11_piece0 stored as bytes in memory (estimated size 5.9 KiB, free 433.8 MiB)
[2025-11-04T10:08:09.298+0000] {subprocess.py:106} INFO - 25/11/04 10:08:09 INFO BlockManagerInfo: Added broadcast_11_piece0 in memory on 68d0d8c522fe:42617 (size: 5.9 KiB, free: 434.1 MiB)
[2025-11-04T10:08:09.302+0000] {subprocess.py:106} INFO - 25/11/04 10:08:09 INFO SparkContext: Created broadcast 11 from broadcast at DAGScheduler.scala:1585
[2025-11-04T10:08:09.303+0000] {subprocess.py:106} INFO - 25/11/04 10:08:09 INFO DAGScheduler: Submitting 1 missing tasks from ResultStage 7 (MapPartitionsRDD[21] at count at <unknown>:0) (first 15 tasks are for partitions Vector(0))
[2025-11-04T10:08:09.304+0000] {subprocess.py:106} INFO - 25/11/04 10:08:09 INFO BlockManagerInfo: Removed broadcast_10_piece0 on 68d0d8c522fe:42617 in memory (size: 9.7 KiB, free: 434.1 MiB)
[2025-11-04T10:08:09.305+0000] {subprocess.py:106} INFO - 25/11/04 10:08:09 INFO TaskSchedulerImpl: Adding task set 7.0 with 1 tasks resource profile 0
[2025-11-04T10:08:09.306+0000] {subprocess.py:106} INFO - 25/11/04 10:08:09 INFO BlockManagerInfo: Removed broadcast_10_piece0 on 172.30.0.7:36789 in memory (size: 9.7 KiB, free: 434.1 MiB)
[2025-11-04T10:08:09.308+0000] {subprocess.py:106} INFO - 25/11/04 10:08:09 INFO TaskSetManager: Starting task 0.0 in stage 7.0 (TID 6) (172.30.0.7, executor 0, partition 0, NODE_LOCAL, 9331 bytes)
[2025-11-04T10:08:09.370+0000] {subprocess.py:106} INFO - 25/11/04 10:08:09 INFO BlockManagerInfo: Added broadcast_11_piece0 in memory on 172.30.0.7:36789 (size: 5.9 KiB, free: 434.1 MiB)
[2025-11-04T10:08:09.387+0000] {subprocess.py:106} INFO - 25/11/04 10:08:09 INFO MapOutputTrackerMasterEndpoint: Asked to send map output locations for shuffle 1 to 172.30.0.7:47276
[2025-11-04T10:08:09.445+0000] {subprocess.py:106} INFO - 25/11/04 10:08:09 INFO TaskSetManager: Finished task 0.0 in stage 7.0 (TID 6) in 138 ms on 172.30.0.7 (executor 0) (1/1)
[2025-11-04T10:08:09.447+0000] {subprocess.py:106} INFO - 25/11/04 10:08:09 INFO TaskSchedulerImpl: Removed TaskSet 7.0, whose tasks have all completed, from pool
[2025-11-04T10:08:09.449+0000] {subprocess.py:106} INFO - 25/11/04 10:08:09 INFO DAGScheduler: ResultStage 7 (count at <unknown>:0) finished in 0.168 s
[2025-11-04T10:08:09.453+0000] {subprocess.py:106} INFO - 25/11/04 10:08:09 INFO DAGScheduler: Job 5 is finished. Cancelling potential speculative or zombie tasks for this job
[2025-11-04T10:08:09.457+0000] {subprocess.py:106} INFO - 25/11/04 10:08:09 INFO TaskSchedulerImpl: Killing all running tasks in stage 7: Stage finished
[2025-11-04T10:08:09.458+0000] {subprocess.py:106} INFO - 25/11/04 10:08:09 INFO DAGScheduler: Job 5 finished: count at <unknown>:0, took 0.178894 s
[2025-11-04T10:08:09.459+0000] {subprocess.py:106} INFO -  New records to append: 39
[2025-11-04T10:08:09.522+0000] {subprocess.py:106} INFO - 25/11/04 10:08:09 INFO V2ScanRelationPushDown:
[2025-11-04T10:08:09.523+0000] {subprocess.py:106} INFO - Pushing operators to hive_catalog.bronze.it_jobs_raw
[2025-11-04T10:08:09.524+0000] {subprocess.py:106} INFO - Pushed Filters: job_link IS NOT NULL
[2025-11-04T10:08:09.525+0000] {subprocess.py:106} INFO - Post-Scan Filters: isnotnull(job_link#66)
[2025-11-04T10:08:09.526+0000] {subprocess.py:106} INFO - 
[2025-11-04T10:08:09.526+0000] {subprocess.py:106} INFO - 25/11/04 10:08:09 INFO V2ScanRelationPushDown:
[2025-11-04T10:08:09.527+0000] {subprocess.py:106} INFO - Output: job_link#66
[2025-11-04T10:08:09.528+0000] {subprocess.py:106} INFO - 
[2025-11-04T10:08:09.529+0000] {subprocess.py:106} INFO - 25/11/04 10:08:09 INFO SnapshotScan: Scanning table hive_catalog.bronze.it_jobs_raw snapshot 624367781127958954 created at 2025-11-03T12:42:49.822+00:00 with filter job_link IS NOT NULL
[2025-11-04T10:08:09.529+0000] {subprocess.py:106} INFO - 25/11/04 10:08:09 INFO BaseDistributedDataScan: Planning file tasks locally for table hive_catalog.bronze.it_jobs_raw
[2025-11-04T10:08:09.618+0000] {subprocess.py:106} INFO - 25/11/04 10:08:09 INFO SparkPartitioningAwareScan: Reporting UnknownPartitioning with 2 partition(s) for table hive_catalog.bronze.it_jobs_raw
[2025-11-04T10:08:09.633+0000] {subprocess.py:106} INFO - 25/11/04 10:08:09 INFO FileSourceStrategy: Pushed Filters:
[2025-11-04T10:08:09.634+0000] {subprocess.py:106} INFO - 25/11/04 10:08:09 INFO FileSourceStrategy: Post-Scan Filters:
[2025-11-04T10:08:09.638+0000] {subprocess.py:106} INFO - 25/11/04 10:08:09 INFO MemoryStore: Block broadcast_12 stored as values in memory (estimated size 32.0 KiB, free 433.8 MiB)
[2025-11-04T10:08:09.655+0000] {subprocess.py:106} INFO - 25/11/04 10:08:09 INFO MemoryStore: Block broadcast_12_piece0 stored as bytes in memory (estimated size 29.7 KiB, free 433.8 MiB)
[2025-11-04T10:08:09.658+0000] {subprocess.py:106} INFO - 25/11/04 10:08:09 INFO BlockManagerInfo: Added broadcast_12_piece0 in memory on 68d0d8c522fe:42617 (size: 29.7 KiB, free: 434.1 MiB)
[2025-11-04T10:08:09.661+0000] {subprocess.py:106} INFO - 25/11/04 10:08:09 INFO SparkContext: Created broadcast 12 from broadcast at SparkBatch.java:79
[2025-11-04T10:08:09.663+0000] {subprocess.py:106} INFO - 25/11/04 10:08:09 INFO BlockManagerInfo: Removed broadcast_11_piece0 on 68d0d8c522fe:42617 in memory (size: 5.9 KiB, free: 434.1 MiB)
[2025-11-04T10:08:09.669+0000] {subprocess.py:106} INFO - 25/11/04 10:08:09 INFO BlockManagerInfo: Removed broadcast_11_piece0 on 172.30.0.7:36789 in memory (size: 5.9 KiB, free: 434.1 MiB)
[2025-11-04T10:08:09.723+0000] {subprocess.py:106} INFO - 25/11/04 10:08:09 INFO MemoryStore: Block broadcast_13 stored as values in memory (estimated size 32.0 KiB, free 433.7 MiB)
[2025-11-04T10:08:09.727+0000] {subprocess.py:106} INFO - 25/11/04 10:08:09 INFO MemoryStore: Block broadcast_13_piece0 stored as bytes in memory (estimated size 29.7 KiB, free 433.7 MiB)
[2025-11-04T10:08:09.729+0000] {subprocess.py:106} INFO - 25/11/04 10:08:09 INFO BlockManagerInfo: Added broadcast_13_piece0 in memory on 68d0d8c522fe:42617 (size: 29.7 KiB, free: 434.0 MiB)
[2025-11-04T10:08:09.730+0000] {subprocess.py:106} INFO - 25/11/04 10:08:09 INFO SparkContext: Created broadcast 13 from broadcast at SparkBatch.java:79
[2025-11-04T10:08:09.806+0000] {subprocess.py:106} INFO - 25/11/04 10:08:09 INFO SparkContext: Starting job: $anonfun$withThreadLocalCaptured$1 at <unknown>:0
[2025-11-04T10:08:09.808+0000] {subprocess.py:106} INFO - 25/11/04 10:08:09 INFO DAGScheduler: Got job 6 ($anonfun$withThreadLocalCaptured$1 at <unknown>:0) with 2 output partitions
[2025-11-04T10:08:09.808+0000] {subprocess.py:106} INFO - 25/11/04 10:08:09 INFO DAGScheduler: Final stage: ResultStage 8 ($anonfun$withThreadLocalCaptured$1 at <unknown>:0)
[2025-11-04T10:08:09.809+0000] {subprocess.py:106} INFO - 25/11/04 10:08:09 INFO DAGScheduler: Parents of final stage: List()
[2025-11-04T10:08:09.809+0000] {subprocess.py:106} INFO - 25/11/04 10:08:09 INFO DAGScheduler: Missing parents: List()
[2025-11-04T10:08:09.812+0000] {subprocess.py:106} INFO - 25/11/04 10:08:09 INFO DAGScheduler: Submitting ResultStage 8 (MapPartitionsRDD[25] at $anonfun$withThreadLocalCaptured$1 at <unknown>:0), which has no missing parents
[2025-11-04T10:08:09.815+0000] {subprocess.py:106} INFO - 25/11/04 10:08:09 INFO MemoryStore: Block broadcast_14 stored as values in memory (estimated size 13.7 KiB, free 433.7 MiB)
[2025-11-04T10:08:09.826+0000] {subprocess.py:106} INFO - 25/11/04 10:08:09 INFO MemoryStore: Block broadcast_14_piece0 stored as bytes in memory (estimated size 5.5 KiB, free 433.7 MiB)
[2025-11-04T10:08:09.827+0000] {subprocess.py:106} INFO - 25/11/04 10:08:09 INFO BlockManagerInfo: Added broadcast_14_piece0 in memory on 68d0d8c522fe:42617 (size: 5.5 KiB, free: 434.0 MiB)
[2025-11-04T10:08:09.830+0000] {subprocess.py:106} INFO - 25/11/04 10:08:09 INFO SparkContext: Created broadcast 14 from broadcast at DAGScheduler.scala:1585
[2025-11-04T10:08:09.831+0000] {subprocess.py:106} INFO - 25/11/04 10:08:09 INFO DAGScheduler: Submitting 2 missing tasks from ResultStage 8 (MapPartitionsRDD[25] at $anonfun$withThreadLocalCaptured$1 at <unknown>:0) (first 15 tasks are for partitions Vector(0, 1))
[2025-11-04T10:08:09.832+0000] {subprocess.py:106} INFO - 25/11/04 10:08:09 INFO TaskSchedulerImpl: Adding task set 8.0 with 2 tasks resource profile 0
[2025-11-04T10:08:09.837+0000] {subprocess.py:106} INFO - 25/11/04 10:08:09 INFO TaskSetManager: Starting task 0.0 in stage 8.0 (TID 7) (172.30.0.7, executor 0, partition 0, ANY, 15761 bytes)
[2025-11-04T10:08:09.855+0000] {subprocess.py:106} INFO - 25/11/04 10:08:09 INFO BlockManagerInfo: Added broadcast_14_piece0 in memory on 172.30.0.7:36789 (size: 5.5 KiB, free: 434.1 MiB)
[2025-11-04T10:08:09.884+0000] {subprocess.py:106} INFO - 25/11/04 10:08:09 INFO BlockManagerInfo: Added broadcast_13_piece0 in memory on 172.30.0.7:36789 (size: 29.7 KiB, free: 434.1 MiB)
[2025-11-04T10:08:10.156+0000] {subprocess.py:106} INFO - 25/11/04 10:08:10 INFO TaskSetManager: Starting task 1.0 in stage 8.0 (TID 8) (172.30.0.7, executor 0, partition 1, ANY, 14808 bytes)
[2025-11-04T10:08:10.157+0000] {subprocess.py:106} INFO - 25/11/04 10:08:10 INFO TaskSetManager: Finished task 0.0 in stage 8.0 (TID 7) in 319 ms on 172.30.0.7 (executor 0) (1/2)
[2025-11-04T10:08:10.288+0000] {subprocess.py:106} INFO - 25/11/04 10:08:10 INFO TaskSetManager: Finished task 1.0 in stage 8.0 (TID 8) in 142 ms on 172.30.0.7 (executor 0) (2/2)
[2025-11-04T10:08:10.290+0000] {subprocess.py:106} INFO - 25/11/04 10:08:10 INFO TaskSchedulerImpl: Removed TaskSet 8.0, whose tasks have all completed, from pool
[2025-11-04T10:08:10.291+0000] {subprocess.py:106} INFO - 25/11/04 10:08:10 INFO DAGScheduler: ResultStage 8 ($anonfun$withThreadLocalCaptured$1 at <unknown>:0) finished in 0.477 s
[2025-11-04T10:08:10.291+0000] {subprocess.py:106} INFO - 25/11/04 10:08:10 INFO DAGScheduler: Job 6 is finished. Cancelling potential speculative or zombie tasks for this job
[2025-11-04T10:08:10.292+0000] {subprocess.py:106} INFO - 25/11/04 10:08:10 INFO TaskSchedulerImpl: Killing all running tasks in stage 8: Stage finished
[2025-11-04T10:08:10.292+0000] {subprocess.py:106} INFO - 25/11/04 10:08:10 INFO DAGScheduler: Job 6 finished: $anonfun$withThreadLocalCaptured$1 at <unknown>:0, took 0.484642 s
[2025-11-04T10:08:10.305+0000] {subprocess.py:106} INFO - 25/11/04 10:08:10 INFO BlockManagerInfo: Removed broadcast_14_piece0 on 68d0d8c522fe:42617 in memory (size: 5.5 KiB, free: 434.0 MiB)
[2025-11-04T10:08:10.307+0000] {subprocess.py:106} INFO - 25/11/04 10:08:10 INFO BlockManagerInfo: Removed broadcast_14_piece0 on 172.30.0.7:36789 in memory (size: 5.5 KiB, free: 434.1 MiB)
[2025-11-04T10:08:10.316+0000] {subprocess.py:106} INFO - 25/11/04 10:08:10 INFO MemoryStore: Block broadcast_15_piece0 stored as bytes in memory (estimated size 213.3 KiB, free 433.5 MiB)
[2025-11-04T10:08:10.318+0000] {subprocess.py:106} INFO - 25/11/04 10:08:10 INFO BlockManagerInfo: Added broadcast_15_piece0 in memory on 68d0d8c522fe:42617 (size: 213.3 KiB, free: 433.8 MiB)
[2025-11-04T10:08:10.318+0000] {subprocess.py:106} INFO - 25/11/04 10:08:10 INFO SparkContext: Created broadcast 15 from $anonfun$withThreadLocalCaptured$1 at <unknown>:0
[2025-11-04T10:08:10.327+0000] {subprocess.py:106} INFO - 25/11/04 10:08:10 INFO FileSourceStrategy: Pushed Filters:
[2025-11-04T10:08:10.328+0000] {subprocess.py:106} INFO - 25/11/04 10:08:10 INFO FileSourceStrategy: Post-Scan Filters:
[2025-11-04T10:08:10.354+0000] {subprocess.py:106} INFO - 25/11/04 10:08:10 INFO BlockManagerInfo: Removed broadcast_5_piece0 on 68d0d8c522fe:42617 in memory (size: 29.7 KiB, free: 433.9 MiB)
[2025-11-04T10:08:10.368+0000] {subprocess.py:106} INFO - 25/11/04 10:08:10 INFO MemoryStore: Block broadcast_16 stored as values in memory (estimated size 203.1 KiB, free 433.4 MiB)
[2025-11-04T10:08:10.383+0000] {subprocess.py:106} INFO - 25/11/04 10:08:10 INFO MemoryStore: Block broadcast_16_piece0 stored as bytes in memory (estimated size 35.1 KiB, free 433.3 MiB)
[2025-11-04T10:08:10.384+0000] {subprocess.py:106} INFO - 25/11/04 10:08:10 INFO BlockManagerInfo: Added broadcast_16_piece0 in memory on 68d0d8c522fe:42617 (size: 35.1 KiB, free: 433.8 MiB)
[2025-11-04T10:08:10.385+0000] {subprocess.py:106} INFO - 25/11/04 10:08:10 INFO SparkContext: Created broadcast 16 from count at <unknown>:0
[2025-11-04T10:08:10.387+0000] {subprocess.py:106} INFO - 25/11/04 10:08:10 INFO FileSourceScanExec: Planning scan with bin packing, max size: 4194304 bytes, open cost is considered as scanning 4194304 bytes.
[2025-11-04T10:08:10.393+0000] {subprocess.py:106} INFO - 25/11/04 10:08:10 INFO DAGScheduler: Registering RDD 29 (count at <unknown>:0) as input to shuffle 2
[2025-11-04T10:08:10.394+0000] {subprocess.py:106} INFO - 25/11/04 10:08:10 INFO DAGScheduler: Got map stage job 7 (count at <unknown>:0) with 1 output partitions
[2025-11-04T10:08:10.395+0000] {subprocess.py:106} INFO - 25/11/04 10:08:10 INFO DAGScheduler: Final stage: ShuffleMapStage 9 (count at <unknown>:0)
[2025-11-04T10:08:10.395+0000] {subprocess.py:106} INFO - 25/11/04 10:08:10 INFO DAGScheduler: Parents of final stage: List()
[2025-11-04T10:08:10.396+0000] {subprocess.py:106} INFO - 25/11/04 10:08:10 INFO DAGScheduler: Missing parents: List()
[2025-11-04T10:08:10.397+0000] {subprocess.py:106} INFO - 25/11/04 10:08:10 INFO DAGScheduler: Submitting ShuffleMapStage 9 (MapPartitionsRDD[29] at count at <unknown>:0), which has no missing parents
[2025-11-04T10:08:10.402+0000] {subprocess.py:106} INFO - 25/11/04 10:08:10 INFO MemoryStore: Block broadcast_17 stored as values in memory (estimated size 20.1 KiB, free 433.3 MiB)
[2025-11-04T10:08:10.419+0000] {subprocess.py:106} INFO - 25/11/04 10:08:10 INFO MemoryStore: Block broadcast_17_piece0 stored as bytes in memory (estimated size 9.7 KiB, free 433.3 MiB)
[2025-11-04T10:08:10.420+0000] {subprocess.py:106} INFO - 25/11/04 10:08:10 INFO BlockManagerInfo: Added broadcast_17_piece0 in memory on 68d0d8c522fe:42617 (size: 9.7 KiB, free: 433.8 MiB)
[2025-11-04T10:08:10.421+0000] {subprocess.py:106} INFO - 25/11/04 10:08:10 INFO SparkContext: Created broadcast 17 from broadcast at DAGScheduler.scala:1585
[2025-11-04T10:08:10.423+0000] {subprocess.py:106} INFO - 25/11/04 10:08:10 INFO DAGScheduler: Submitting 1 missing tasks from ShuffleMapStage 9 (MapPartitionsRDD[29] at count at <unknown>:0) (first 15 tasks are for partitions Vector(0))
[2025-11-04T10:08:10.424+0000] {subprocess.py:106} INFO - 25/11/04 10:08:10 INFO TaskSchedulerImpl: Adding task set 9.0 with 1 tasks resource profile 0
[2025-11-04T10:08:10.426+0000] {subprocess.py:106} INFO - 25/11/04 10:08:10 INFO BlockManagerInfo: Removed broadcast_8_piece0 on 68d0d8c522fe:42617 in memory (size: 212.8 KiB, free: 434.0 MiB)
[2025-11-04T10:08:10.429+0000] {subprocess.py:106} INFO - 25/11/04 10:08:10 INFO TaskSetManager: Starting task 0.0 in stage 9.0 (TID 9) (172.30.0.7, executor 0, partition 0, ANY, 9944 bytes)
[2025-11-04T10:08:10.430+0000] {subprocess.py:106} INFO - 25/11/04 10:08:10 INFO BlockManagerInfo: Removed broadcast_8_piece0 on 172.30.0.7:36789 in memory (size: 212.8 KiB, free: 434.3 MiB)
[2025-11-04T10:08:10.446+0000] {subprocess.py:106} INFO - 25/11/04 10:08:10 INFO BlockManagerInfo: Added broadcast_17_piece0 in memory on 172.30.0.7:36789 (size: 9.7 KiB, free: 434.3 MiB)
[2025-11-04T10:08:10.488+0000] {subprocess.py:106} INFO - 25/11/04 10:08:10 INFO BlockManagerInfo: Removed broadcast_6_piece0 on 68d0d8c522fe:42617 in memory (size: 29.7 KiB, free: 434.1 MiB)
[2025-11-04T10:08:10.494+0000] {subprocess.py:106} INFO - 25/11/04 10:08:10 INFO BlockManagerInfo: Removed broadcast_6_piece0 on 172.30.0.7:36789 in memory (size: 29.7 KiB, free: 434.3 MiB)
[2025-11-04T10:08:10.498+0000] {subprocess.py:106} INFO - 25/11/04 10:08:10 INFO BlockManagerInfo: Added broadcast_15_piece0 in memory on 172.30.0.7:36789 (size: 213.3 KiB, free: 434.1 MiB)
[2025-11-04T10:08:10.537+0000] {subprocess.py:106} INFO - 25/11/04 10:08:10 INFO BlockManagerInfo: Added broadcast_16_piece0 in memory on 172.30.0.7:36789 (size: 35.1 KiB, free: 434.1 MiB)
[2025-11-04T10:08:10.624+0000] {subprocess.py:106} INFO - 25/11/04 10:08:10 INFO TaskSetManager: Finished task 0.0 in stage 9.0 (TID 9) in 200 ms on 172.30.0.7 (executor 0) (1/1)
[2025-11-04T10:08:10.625+0000] {subprocess.py:106} INFO - 25/11/04 10:08:10 INFO TaskSchedulerImpl: Removed TaskSet 9.0, whose tasks have all completed, from pool
[2025-11-04T10:08:10.630+0000] {subprocess.py:106} INFO - 25/11/04 10:08:10 INFO DAGScheduler: ShuffleMapStage 9 (count at <unknown>:0) finished in 0.229 s
[2025-11-04T10:08:10.631+0000] {subprocess.py:106} INFO - 25/11/04 10:08:10 INFO DAGScheduler: looking for newly runnable stages
[2025-11-04T10:08:10.631+0000] {subprocess.py:106} INFO - 25/11/04 10:08:10 INFO DAGScheduler: running: Set()
[2025-11-04T10:08:10.632+0000] {subprocess.py:106} INFO - 25/11/04 10:08:10 INFO DAGScheduler: waiting: Set()
[2025-11-04T10:08:10.632+0000] {subprocess.py:106} INFO - 25/11/04 10:08:10 INFO DAGScheduler: failed: Set()
[2025-11-04T10:08:10.676+0000] {subprocess.py:106} INFO - 25/11/04 10:08:10 INFO SparkContext: Starting job: count at <unknown>:0
[2025-11-04T10:08:10.678+0000] {subprocess.py:106} INFO - 25/11/04 10:08:10 INFO DAGScheduler: Got job 8 (count at <unknown>:0) with 1 output partitions
[2025-11-04T10:08:10.681+0000] {subprocess.py:106} INFO - 25/11/04 10:08:10 INFO DAGScheduler: Final stage: ResultStage 11 (count at <unknown>:0)
[2025-11-04T10:08:10.682+0000] {subprocess.py:106} INFO - 25/11/04 10:08:10 INFO DAGScheduler: Parents of final stage: List(ShuffleMapStage 10)
[2025-11-04T10:08:10.682+0000] {subprocess.py:106} INFO - 25/11/04 10:08:10 INFO DAGScheduler: Missing parents: List()
[2025-11-04T10:08:10.683+0000] {subprocess.py:106} INFO - 25/11/04 10:08:10 INFO DAGScheduler: Submitting ResultStage 11 (MapPartitionsRDD[32] at count at <unknown>:0), which has no missing parents
[2025-11-04T10:08:10.684+0000] {subprocess.py:106} INFO - 25/11/04 10:08:10 INFO MemoryStore: Block broadcast_18 stored as values in memory (estimated size 12.5 KiB, free 433.6 MiB)
[2025-11-04T10:08:10.694+0000] {subprocess.py:106} INFO - 25/11/04 10:08:10 INFO MemoryStore: Block broadcast_18_piece0 stored as bytes in memory (estimated size 5.9 KiB, free 433.6 MiB)
[2025-11-04T10:08:10.696+0000] {subprocess.py:106} INFO - 25/11/04 10:08:10 INFO BlockManagerInfo: Added broadcast_18_piece0 in memory on 68d0d8c522fe:42617 (size: 5.9 KiB, free: 434.0 MiB)
[2025-11-04T10:08:10.698+0000] {subprocess.py:106} INFO - 25/11/04 10:08:10 INFO BlockManagerInfo: Removed broadcast_17_piece0 on 68d0d8c522fe:42617 in memory (size: 9.7 KiB, free: 434.1 MiB)
[2025-11-04T10:08:10.700+0000] {subprocess.py:106} INFO - 25/11/04 10:08:10 INFO SparkContext: Created broadcast 18 from broadcast at DAGScheduler.scala:1585
[2025-11-04T10:08:10.700+0000] {subprocess.py:106} INFO - 25/11/04 10:08:10 INFO DAGScheduler: Submitting 1 missing tasks from ResultStage 11 (MapPartitionsRDD[32] at count at <unknown>:0) (first 15 tasks are for partitions Vector(0))
[2025-11-04T10:08:10.705+0000] {subprocess.py:106} INFO - 25/11/04 10:08:10 INFO TaskSchedulerImpl: Adding task set 11.0 with 1 tasks resource profile 0
[2025-11-04T10:08:10.706+0000] {subprocess.py:106} INFO - 25/11/04 10:08:10 INFO BlockManagerInfo: Removed broadcast_17_piece0 on 172.30.0.7:36789 in memory (size: 9.7 KiB, free: 434.1 MiB)
[2025-11-04T10:08:10.707+0000] {subprocess.py:106} INFO - 25/11/04 10:08:10 INFO TaskSetManager: Starting task 0.0 in stage 11.0 (TID 10) (172.30.0.7, executor 0, partition 0, NODE_LOCAL, 9331 bytes)
[2025-11-04T10:08:10.729+0000] {subprocess.py:106} INFO - 25/11/04 10:08:10 INFO BlockManagerInfo: Removed broadcast_9_piece0 on 68d0d8c522fe:42617 in memory (size: 35.1 KiB, free: 434.1 MiB)
[2025-11-04T10:08:10.730+0000] {subprocess.py:106} INFO - 25/11/04 10:08:10 INFO BlockManagerInfo: Removed broadcast_9_piece0 on 172.30.0.7:36789 in memory (size: 35.1 KiB, free: 434.1 MiB)
[2025-11-04T10:08:10.733+0000] {subprocess.py:106} INFO - 25/11/04 10:08:10 INFO BlockManagerInfo: Added broadcast_18_piece0 in memory on 172.30.0.7:36789 (size: 5.9 KiB, free: 434.1 MiB)
[2025-11-04T10:08:10.742+0000] {subprocess.py:106} INFO - 25/11/04 10:08:10 INFO MapOutputTrackerMasterEndpoint: Asked to send map output locations for shuffle 2 to 172.30.0.7:47276
[2025-11-04T10:08:10.774+0000] {subprocess.py:106} INFO - 25/11/04 10:08:10 INFO TaskSetManager: Finished task 0.0 in stage 11.0 (TID 10) in 72 ms on 172.30.0.7 (executor 0) (1/1)
[2025-11-04T10:08:10.778+0000] {subprocess.py:106} INFO - 25/11/04 10:08:10 INFO TaskSchedulerImpl: Removed TaskSet 11.0, whose tasks have all completed, from pool
[2025-11-04T10:08:10.779+0000] {subprocess.py:106} INFO - 25/11/04 10:08:10 INFO DAGScheduler: ResultStage 11 (count at <unknown>:0) finished in 0.094 s
[2025-11-04T10:08:10.779+0000] {subprocess.py:106} INFO - 25/11/04 10:08:10 INFO DAGScheduler: Job 8 is finished. Cancelling potential speculative or zombie tasks for this job
[2025-11-04T10:08:10.780+0000] {subprocess.py:106} INFO - 25/11/04 10:08:10 INFO TaskSchedulerImpl: Killing all running tasks in stage 11: Stage finished
[2025-11-04T10:08:10.780+0000] {subprocess.py:106} INFO - 25/11/04 10:08:10 INFO DAGScheduler: Job 8 finished: count at <unknown>:0, took 0.100854 s
[2025-11-04T10:08:10.866+0000] {subprocess.py:106} INFO - 25/11/04 10:08:10 INFO V2ScanRelationPushDown:
[2025-11-04T10:08:10.866+0000] {subprocess.py:106} INFO - Pushing operators to hive_catalog.bronze.it_jobs_raw
[2025-11-04T10:08:10.867+0000] {subprocess.py:106} INFO - Pushed Filters: job_link IS NOT NULL
[2025-11-04T10:08:10.867+0000] {subprocess.py:106} INFO - Post-Scan Filters: isnotnull(job_link#66)
[2025-11-04T10:08:10.868+0000] {subprocess.py:106} INFO - 
[2025-11-04T10:08:10.869+0000] {subprocess.py:106} INFO - 25/11/04 10:08:10 INFO V2ScanRelationPushDown:
[2025-11-04T10:08:10.869+0000] {subprocess.py:106} INFO - Output: job_link#66
[2025-11-04T10:08:10.870+0000] {subprocess.py:106} INFO - 
[2025-11-04T10:08:10.873+0000] {subprocess.py:106} INFO - 25/11/04 10:08:10 INFO SnapshotScan: Scanning table hive_catalog.bronze.it_jobs_raw snapshot 624367781127958954 created at 2025-11-03T12:42:49.822+00:00 with filter job_link IS NOT NULL
[2025-11-04T10:08:10.875+0000] {subprocess.py:106} INFO - 25/11/04 10:08:10 INFO BaseDistributedDataScan: Planning file tasks locally for table hive_catalog.bronze.it_jobs_raw
[2025-11-04T10:08:10.914+0000] {subprocess.py:106} INFO - 25/11/04 10:08:10 INFO SparkPartitioningAwareScan: Reporting UnknownPartitioning with 2 partition(s) for table hive_catalog.bronze.it_jobs_raw
[2025-11-04T10:08:10.958+0000] {subprocess.py:106} INFO - 25/11/04 10:08:10 INFO SparkWrite: Requesting 0 bytes advisory partition size for table hive_catalog.bronze.it_jobs_raw
[2025-11-04T10:08:10.960+0000] {subprocess.py:106} INFO - 25/11/04 10:08:10 INFO SparkWrite: Requesting UnspecifiedDistribution as write distribution for table hive_catalog.bronze.it_jobs_raw
[2025-11-04T10:08:10.961+0000] {subprocess.py:106} INFO - 25/11/04 10:08:10 INFO SparkWrite: Requesting [] as write ordering for table hive_catalog.bronze.it_jobs_raw
[2025-11-04T10:08:11.001+0000] {subprocess.py:106} INFO - 25/11/04 10:08:11 INFO FileSourceStrategy: Pushed Filters:
[2025-11-04T10:08:11.002+0000] {subprocess.py:106} INFO - 25/11/04 10:08:11 INFO FileSourceStrategy: Post-Scan Filters:
[2025-11-04T10:08:11.005+0000] {subprocess.py:106} INFO - 25/11/04 10:08:11 INFO MemoryStore: Block broadcast_19 stored as values in memory (estimated size 32.0 KiB, free 433.8 MiB)
[2025-11-04T10:08:11.018+0000] {subprocess.py:106} INFO - 25/11/04 10:08:11 INFO MemoryStore: Block broadcast_19_piece0 stored as bytes in memory (estimated size 29.7 KiB, free 433.8 MiB)
[2025-11-04T10:08:11.019+0000] {subprocess.py:106} INFO - 25/11/04 10:08:11 INFO BlockManagerInfo: Added broadcast_19_piece0 in memory on 68d0d8c522fe:42617 (size: 29.7 KiB, free: 434.1 MiB)
[2025-11-04T10:08:11.020+0000] {subprocess.py:106} INFO - 25/11/04 10:08:11 INFO BlockManagerInfo: Removed broadcast_18_piece0 on 68d0d8c522fe:42617 in memory (size: 5.9 KiB, free: 434.1 MiB)
[2025-11-04T10:08:11.021+0000] {subprocess.py:106} INFO - 25/11/04 10:08:11 INFO SparkContext: Created broadcast 19 from broadcast at SparkBatch.java:79
[2025-11-04T10:08:11.025+0000] {subprocess.py:106} INFO - 25/11/04 10:08:11 INFO BlockManagerInfo: Removed broadcast_18_piece0 on 172.30.0.7:36789 in memory (size: 5.9 KiB, free: 434.1 MiB)
[2025-11-04T10:08:11.061+0000] {subprocess.py:106} INFO - 25/11/04 10:08:11 INFO MemoryStore: Block broadcast_20 stored as values in memory (estimated size 32.0 KiB, free 433.7 MiB)
[2025-11-04T10:08:11.077+0000] {subprocess.py:106} INFO - 25/11/04 10:08:11 INFO MemoryStore: Block broadcast_20_piece0 stored as bytes in memory (estimated size 29.7 KiB, free 433.7 MiB)
[2025-11-04T10:08:11.081+0000] {subprocess.py:106} INFO - 25/11/04 10:08:11 INFO BlockManagerInfo: Added broadcast_20_piece0 in memory on 68d0d8c522fe:42617 (size: 29.7 KiB, free: 434.0 MiB)
[2025-11-04T10:08:11.082+0000] {subprocess.py:106} INFO - 25/11/04 10:08:11 INFO SparkContext: Created broadcast 20 from broadcast at SparkBatch.java:79
[2025-11-04T10:08:11.139+0000] {subprocess.py:106} INFO - 25/11/04 10:08:11 INFO SparkContext: Starting job: $anonfun$withThreadLocalCaptured$1 at <unknown>:0
[2025-11-04T10:08:11.141+0000] {subprocess.py:106} INFO - 25/11/04 10:08:11 INFO DAGScheduler: Got job 9 ($anonfun$withThreadLocalCaptured$1 at <unknown>:0) with 2 output partitions
[2025-11-04T10:08:11.142+0000] {subprocess.py:106} INFO - 25/11/04 10:08:11 INFO DAGScheduler: Final stage: ResultStage 12 ($anonfun$withThreadLocalCaptured$1 at <unknown>:0)
[2025-11-04T10:08:11.144+0000] {subprocess.py:106} INFO - 25/11/04 10:08:11 INFO DAGScheduler: Parents of final stage: List()
[2025-11-04T10:08:11.144+0000] {subprocess.py:106} INFO - 25/11/04 10:08:11 INFO DAGScheduler: Missing parents: List()
[2025-11-04T10:08:11.145+0000] {subprocess.py:106} INFO - 25/11/04 10:08:11 INFO DAGScheduler: Submitting ResultStage 12 (MapPartitionsRDD[36] at $anonfun$withThreadLocalCaptured$1 at <unknown>:0), which has no missing parents
[2025-11-04T10:08:11.146+0000] {subprocess.py:106} INFO - 25/11/04 10:08:11 INFO MemoryStore: Block broadcast_21 stored as values in memory (estimated size 13.7 KiB, free 433.7 MiB)
[2025-11-04T10:08:11.159+0000] {subprocess.py:106} INFO - 25/11/04 10:08:11 INFO MemoryStore: Block broadcast_21_piece0 stored as bytes in memory (estimated size 5.5 KiB, free 433.7 MiB)
[2025-11-04T10:08:11.160+0000] {subprocess.py:106} INFO - 25/11/04 10:08:11 INFO BlockManagerInfo: Added broadcast_21_piece0 in memory on 68d0d8c522fe:42617 (size: 5.5 KiB, free: 434.0 MiB)
[2025-11-04T10:08:11.160+0000] {subprocess.py:106} INFO - 25/11/04 10:08:11 INFO SparkContext: Created broadcast 21 from broadcast at DAGScheduler.scala:1585
[2025-11-04T10:08:11.162+0000] {subprocess.py:106} INFO - 25/11/04 10:08:11 INFO BlockManagerInfo: Removed broadcast_15_piece0 on 68d0d8c522fe:42617 in memory (size: 213.3 KiB, free: 434.2 MiB)
[2025-11-04T10:08:11.163+0000] {subprocess.py:106} INFO - 25/11/04 10:08:11 INFO BlockManagerInfo: Removed broadcast_15_piece0 on 172.30.0.7:36789 in memory (size: 213.3 KiB, free: 434.3 MiB)
[2025-11-04T10:08:11.167+0000] {subprocess.py:106} INFO - 25/11/04 10:08:11 INFO DAGScheduler: Submitting 2 missing tasks from ResultStage 12 (MapPartitionsRDD[36] at $anonfun$withThreadLocalCaptured$1 at <unknown>:0) (first 15 tasks are for partitions Vector(0, 1))
[2025-11-04T10:08:11.168+0000] {subprocess.py:106} INFO - 25/11/04 10:08:11 INFO TaskSchedulerImpl: Adding task set 12.0 with 2 tasks resource profile 0
[2025-11-04T10:08:11.179+0000] {subprocess.py:106} INFO - 25/11/04 10:08:11 INFO TaskSetManager: Starting task 0.0 in stage 12.0 (TID 11) (172.30.0.7, executor 0, partition 0, ANY, 15762 bytes)
[2025-11-04T10:08:11.182+0000] {subprocess.py:106} INFO - 25/11/04 10:08:11 INFO BlockManagerInfo: Removed broadcast_12_piece0 on 68d0d8c522fe:42617 in memory (size: 29.7 KiB, free: 434.3 MiB)
[2025-11-04T10:08:11.222+0000] {subprocess.py:106} INFO - 25/11/04 10:08:11 INFO BlockManagerInfo: Added broadcast_21_piece0 in memory on 172.30.0.7:36789 (size: 5.5 KiB, free: 434.3 MiB)
[2025-11-04T10:08:11.224+0000] {subprocess.py:106} INFO - 25/11/04 10:08:11 INFO BlockManagerInfo: Removed broadcast_13_piece0 on 68d0d8c522fe:42617 in memory (size: 29.7 KiB, free: 434.3 MiB)
[2025-11-04T10:08:11.228+0000] {subprocess.py:106} INFO - 25/11/04 10:08:11 INFO BlockManagerInfo: Removed broadcast_13_piece0 on 172.30.0.7:36789 in memory (size: 29.7 KiB, free: 434.4 MiB)
[2025-11-04T10:08:11.257+0000] {subprocess.py:106} INFO - 25/11/04 10:08:11 INFO BlockManagerInfo: Removed broadcast_16_piece0 on 68d0d8c522fe:42617 in memory (size: 35.1 KiB, free: 434.3 MiB)
[2025-11-04T10:08:11.266+0000] {subprocess.py:106} INFO - 25/11/04 10:08:11 INFO BlockManagerInfo: Removed broadcast_16_piece0 on 172.30.0.7:36789 in memory (size: 35.1 KiB, free: 434.4 MiB)
[2025-11-04T10:08:11.271+0000] {subprocess.py:106} INFO - 25/11/04 10:08:11 INFO BlockManagerInfo: Added broadcast_20_piece0 in memory on 172.30.0.7:36789 (size: 29.7 KiB, free: 434.4 MiB)
[2025-11-04T10:08:11.638+0000] {subprocess.py:106} INFO - 25/11/04 10:08:11 INFO TaskSetManager: Starting task 1.0 in stage 12.0 (TID 12) (172.30.0.7, executor 0, partition 1, ANY, 14807 bytes)
[2025-11-04T10:08:11.640+0000] {subprocess.py:106} INFO - 25/11/04 10:08:11 INFO TaskSetManager: Finished task 0.0 in stage 12.0 (TID 11) in 469 ms on 172.30.0.7 (executor 0) (1/2)
[2025-11-04T10:08:11.866+0000] {subprocess.py:106} INFO - 25/11/04 10:08:11 INFO TaskSetManager: Finished task 1.0 in stage 12.0 (TID 12) in 233 ms on 172.30.0.7 (executor 0) (2/2)
[2025-11-04T10:08:11.869+0000] {subprocess.py:106} INFO - 25/11/04 10:08:11 INFO TaskSchedulerImpl: Removed TaskSet 12.0, whose tasks have all completed, from pool
[2025-11-04T10:08:11.870+0000] {subprocess.py:106} INFO - 25/11/04 10:08:11 INFO DAGScheduler: ResultStage 12 ($anonfun$withThreadLocalCaptured$1 at <unknown>:0) finished in 0.722 s
[2025-11-04T10:08:11.870+0000] {subprocess.py:106} INFO - 25/11/04 10:08:11 INFO DAGScheduler: Job 9 is finished. Cancelling potential speculative or zombie tasks for this job
[2025-11-04T10:08:11.871+0000] {subprocess.py:106} INFO - 25/11/04 10:08:11 INFO TaskSchedulerImpl: Killing all running tasks in stage 12: Stage finished
[2025-11-04T10:08:11.871+0000] {subprocess.py:106} INFO - 25/11/04 10:08:11 INFO DAGScheduler: Job 9 finished: $anonfun$withThreadLocalCaptured$1 at <unknown>:0, took 0.728421 s
[2025-11-04T10:08:11.890+0000] {subprocess.py:106} INFO - 25/11/04 10:08:11 INFO BlockManagerInfo: Removed broadcast_21_piece0 on 68d0d8c522fe:42617 in memory (size: 5.5 KiB, free: 434.3 MiB)
[2025-11-04T10:08:11.902+0000] {subprocess.py:106} INFO - 25/11/04 10:08:11 INFO BlockManagerInfo: Removed broadcast_21_piece0 on 172.30.0.7:36789 in memory (size: 5.5 KiB, free: 434.4 MiB)
[2025-11-04T10:08:11.906+0000] {subprocess.py:106} INFO - 25/11/04 10:08:11 INFO MemoryStore: Block broadcast_22_piece0 stored as bytes in memory (estimated size 213.2 KiB, free 434.1 MiB)
[2025-11-04T10:08:11.907+0000] {subprocess.py:106} INFO - 25/11/04 10:08:11 INFO BlockManagerInfo: Added broadcast_22_piece0 in memory on 68d0d8c522fe:42617 (size: 213.2 KiB, free: 434.1 MiB)
[2025-11-04T10:08:11.909+0000] {subprocess.py:106} INFO - 25/11/04 10:08:11 INFO SparkContext: Created broadcast 22 from $anonfun$withThreadLocalCaptured$1 at <unknown>:0
[2025-11-04T10:08:11.920+0000] {subprocess.py:106} INFO - 25/11/04 10:08:11 INFO FileSourceStrategy: Pushed Filters:
[2025-11-04T10:08:11.921+0000] {subprocess.py:106} INFO - 25/11/04 10:08:11 INFO FileSourceStrategy: Post-Scan Filters:
[2025-11-04T10:08:11.983+0000] {subprocess.py:106} INFO - 25/11/04 10:08:11 INFO CodeGenerator: Code generated in 26.707362 ms
[2025-11-04T10:08:11.988+0000] {subprocess.py:106} INFO - 25/11/04 10:08:11 INFO MemoryStore: Block broadcast_23 stored as values in memory (estimated size 203.1 KiB, free 433.9 MiB)
[2025-11-04T10:08:12.010+0000] {subprocess.py:106} INFO - 25/11/04 10:08:12 INFO MemoryStore: Block broadcast_23_piece0 stored as bytes in memory (estimated size 35.1 KiB, free 433.8 MiB)
[2025-11-04T10:08:12.012+0000] {subprocess.py:106} INFO - 25/11/04 10:08:12 INFO BlockManagerInfo: Added broadcast_23_piece0 in memory on 68d0d8c522fe:42617 (size: 35.1 KiB, free: 434.1 MiB)
[2025-11-04T10:08:12.014+0000] {subprocess.py:106} INFO - 25/11/04 10:08:12 INFO SparkContext: Created broadcast 23 from append at <unknown>:0
[2025-11-04T10:08:12.015+0000] {subprocess.py:106} INFO - 25/11/04 10:08:12 INFO FileSourceScanExec: Planning scan with bin packing, max size: 4194304 bytes, open cost is considered as scanning 4194304 bytes.
[2025-11-04T10:08:12.030+0000] {subprocess.py:106} INFO - 25/11/04 10:08:12 INFO MemoryStore: Block broadcast_24 stored as values in memory (estimated size 32.0 KiB, free 433.8 MiB)
[2025-11-04T10:08:12.033+0000] {subprocess.py:106} INFO - 25/11/04 10:08:12 INFO MemoryStore: Block broadcast_24_piece0 stored as bytes in memory (estimated size 29.7 KiB, free 433.8 MiB)
[2025-11-04T10:08:12.034+0000] {subprocess.py:106} INFO - 25/11/04 10:08:12 INFO BlockManagerInfo: Added broadcast_24_piece0 in memory on 68d0d8c522fe:42617 (size: 29.7 KiB, free: 434.1 MiB)
[2025-11-04T10:08:12.038+0000] {subprocess.py:106} INFO - 25/11/04 10:08:12 INFO SparkContext: Created broadcast 24 from broadcast at SparkWrite.java:193
[2025-11-04T10:08:12.039+0000] {subprocess.py:106} INFO - 25/11/04 10:08:12 INFO AppendDataExec: Start processing data source write support: IcebergBatchWrite(table=hive_catalog.bronze.it_jobs_raw, format=PARQUET). The input RDD has 1 partitions.
[2025-11-04T10:08:12.061+0000] {subprocess.py:106} INFO - 25/11/04 10:08:12 INFO SparkContext: Starting job: append at <unknown>:0
[2025-11-04T10:08:12.062+0000] {subprocess.py:106} INFO - 25/11/04 10:08:12 INFO DAGScheduler: Got job 10 (append at <unknown>:0) with 1 output partitions
[2025-11-04T10:08:12.062+0000] {subprocess.py:106} INFO - 25/11/04 10:08:12 INFO DAGScheduler: Final stage: ResultStage 13 (append at <unknown>:0)
[2025-11-04T10:08:12.063+0000] {subprocess.py:106} INFO - 25/11/04 10:08:12 INFO DAGScheduler: Parents of final stage: List()
[2025-11-04T10:08:12.065+0000] {subprocess.py:106} INFO - 25/11/04 10:08:12 INFO DAGScheduler: Missing parents: List()
[2025-11-04T10:08:12.067+0000] {subprocess.py:106} INFO - 25/11/04 10:08:12 INFO DAGScheduler: Submitting ResultStage 13 (MapPartitionsRDD[39] at append at <unknown>:0), which has no missing parents
[2025-11-04T10:08:12.071+0000] {subprocess.py:106} INFO - 25/11/04 10:08:12 INFO MemoryStore: Block broadcast_25 stored as values in memory (estimated size 22.1 KiB, free 433.8 MiB)
[2025-11-04T10:08:12.075+0000] {subprocess.py:106} INFO - 25/11/04 10:08:12 INFO MemoryStore: Block broadcast_25_piece0 stored as bytes in memory (estimated size 9.8 KiB, free 433.7 MiB)
[2025-11-04T10:08:12.076+0000] {subprocess.py:106} INFO - 25/11/04 10:08:12 INFO BlockManagerInfo: Added broadcast_25_piece0 in memory on 68d0d8c522fe:42617 (size: 9.8 KiB, free: 434.1 MiB)
[2025-11-04T10:08:12.077+0000] {subprocess.py:106} INFO - 25/11/04 10:08:12 INFO SparkContext: Created broadcast 25 from broadcast at DAGScheduler.scala:1585
[2025-11-04T10:08:12.078+0000] {subprocess.py:106} INFO - 25/11/04 10:08:12 INFO DAGScheduler: Submitting 1 missing tasks from ResultStage 13 (MapPartitionsRDD[39] at append at <unknown>:0) (first 15 tasks are for partitions Vector(0))
[2025-11-04T10:08:12.079+0000] {subprocess.py:106} INFO - 25/11/04 10:08:12 INFO TaskSchedulerImpl: Adding task set 13.0 with 1 tasks resource profile 0
[2025-11-04T10:08:12.081+0000] {subprocess.py:106} INFO - 25/11/04 10:08:12 INFO TaskSetManager: Starting task 0.0 in stage 13.0 (TID 13) (172.30.0.7, executor 0, partition 0, ANY, 9955 bytes)
[2025-11-04T10:08:12.100+0000] {subprocess.py:106} INFO - 25/11/04 10:08:12 INFO BlockManagerInfo: Added broadcast_25_piece0 in memory on 172.30.0.7:36789 (size: 9.8 KiB, free: 434.4 MiB)
[2025-11-04T10:08:12.164+0000] {subprocess.py:106} INFO - 25/11/04 10:08:12 INFO BlockManagerInfo: Added broadcast_22_piece0 in memory on 172.30.0.7:36789 (size: 213.2 KiB, free: 434.2 MiB)
[2025-11-04T10:08:12.205+0000] {subprocess.py:106} INFO - 25/11/04 10:08:12 INFO BlockManagerInfo: Added broadcast_24_piece0 in memory on 172.30.0.7:36789 (size: 29.7 KiB, free: 434.1 MiB)
[2025-11-04T10:08:12.449+0000] {subprocess.py:106} INFO - 25/11/04 10:08:12 INFO BlockManagerInfo: Added broadcast_23_piece0 in memory on 172.30.0.7:36789 (size: 35.1 KiB, free: 434.1 MiB)
[2025-11-04T10:08:12.769+0000] {subprocess.py:106} INFO - 25/11/04 10:08:12 INFO TaskSetManager: Finished task 0.0 in stage 13.0 (TID 13) in 687 ms on 172.30.0.7 (executor 0) (1/1)
[2025-11-04T10:08:12.770+0000] {subprocess.py:106} INFO - 25/11/04 10:08:12 INFO TaskSchedulerImpl: Removed TaskSet 13.0, whose tasks have all completed, from pool
[2025-11-04T10:08:12.772+0000] {subprocess.py:106} INFO - 25/11/04 10:08:12 INFO DAGScheduler: ResultStage 13 (append at <unknown>:0) finished in 0.700 s
[2025-11-04T10:08:12.773+0000] {subprocess.py:106} INFO - 25/11/04 10:08:12 INFO DAGScheduler: Job 10 is finished. Cancelling potential speculative or zombie tasks for this job
[2025-11-04T10:08:12.777+0000] {subprocess.py:106} INFO - 25/11/04 10:08:12 INFO TaskSchedulerImpl: Killing all running tasks in stage 13: Stage finished
[2025-11-04T10:08:12.778+0000] {subprocess.py:106} INFO - 25/11/04 10:08:12 INFO DAGScheduler: Job 10 finished: append at <unknown>:0, took 0.709466 s
[2025-11-04T10:08:12.778+0000] {subprocess.py:106} INFO - 25/11/04 10:08:12 INFO AppendDataExec: Data source write support IcebergBatchWrite(table=hive_catalog.bronze.it_jobs_raw, format=PARQUET) is committing.
[2025-11-04T10:08:12.798+0000] {subprocess.py:106} INFO - 25/11/04 10:08:12 INFO SparkWrite: Committing append with 1 new data files to table hive_catalog.bronze.it_jobs_raw
[2025-11-04T10:08:13.777+0000] {subprocess.py:106} INFO - 25/11/04 10:08:13 INFO BlockManagerInfo: Removed broadcast_25_piece0 on 68d0d8c522fe:42617 in memory (size: 9.8 KiB, free: 434.1 MiB)
[2025-11-04T10:08:13.778+0000] {subprocess.py:106} INFO - 25/11/04 10:08:13 INFO BlockManagerInfo: Removed broadcast_25_piece0 on 172.30.0.7:36789 in memory (size: 9.8 KiB, free: 434.1 MiB)
[2025-11-04T10:08:15.504+0000] {subprocess.py:106} INFO - 25/11/04 10:08:15 INFO HiveTableOperations: Committed to table hive_catalog.bronze.it_jobs_raw with the new metadata location hdfs://dinhhoa-master:9000/user/ndh/warehouse/bronze.db/it_jobs_raw/metadata/00006-2e31ae9d-2f56-48c4-be5a-9170b9485b15.metadata.json
[2025-11-04T10:08:15.505+0000] {subprocess.py:106} INFO - 25/11/04 10:08:15 INFO BaseMetastoreTableOperations: Successfully committed to table hive_catalog.bronze.it_jobs_raw in 2295 ms
[2025-11-04T10:08:15.506+0000] {subprocess.py:106} INFO - 25/11/04 10:08:15 INFO SnapshotProducer: Committed snapshot 5262450162577189907 (MergeAppend)
[2025-11-04T10:08:15.521+0000] {subprocess.py:106} INFO - 25/11/04 10:08:15 INFO BaseMetastoreTableOperations: Refreshing table metadata from new version: hdfs://dinhhoa-master:9000/user/ndh/warehouse/bronze.db/it_jobs_raw/metadata/00006-2e31ae9d-2f56-48c4-be5a-9170b9485b15.metadata.json
[2025-11-04T10:08:15.591+0000] {subprocess.py:106} INFO - 25/11/04 10:08:15 INFO LoggingMetricsReporter: Received metrics report: CommitReport{tableName=hive_catalog.bronze.it_jobs_raw, snapshotId=5262450162577189907, sequenceNumber=7, operation=append, commitMetrics=CommitMetricsResult{totalDuration=TimerResult{timeUnit=NANOSECONDS, totalDuration=PT2.764064104S, count=1}, attempts=CounterResult{unit=COUNT, value=1}, addedDataFiles=CounterResult{unit=COUNT, value=1}, removedDataFiles=null, totalDataFiles=CounterResult{unit=COUNT, value=7}, addedDeleteFiles=null, addedEqualityDeleteFiles=null, addedPositionalDeleteFiles=null, removedDeleteFiles=null, removedEqualityDeleteFiles=null, removedPositionalDeleteFiles=null, totalDeleteFiles=CounterResult{unit=COUNT, value=0}, addedRecords=CounterResult{unit=COUNT, value=39}, removedRecords=null, totalRecords=CounterResult{unit=COUNT, value=3631}, addedFilesSizeInBytes=CounterResult{unit=BYTES, value=8707}, removedFilesSizeInBytes=null, totalFilesSizeInBytes=CounterResult{unit=BYTES, value=193310}, addedPositionalDeletes=null, removedPositionalDeletes=null, totalPositionalDeletes=CounterResult{unit=COUNT, value=0}, addedEqualityDeletes=null, removedEqualityDeletes=null, totalEqualityDeletes=CounterResult{unit=COUNT, value=0}}, metadata={engine-version=3.5.3, app-id=app-20251104100750-0000, engine-name=spark, iceberg-version=Apache Iceberg 1.6.1 (commit 8e9d59d299be42b0bca9461457cd1e95dbaad086)}}
[2025-11-04T10:08:15.591+0000] {subprocess.py:106} INFO - 25/11/04 10:08:15 INFO SparkWrite: Committed in 2792 ms
[2025-11-04T10:08:15.592+0000] {subprocess.py:106} INFO - 25/11/04 10:08:15 INFO AppendDataExec: Data source write support IcebergBatchWrite(table=hive_catalog.bronze.it_jobs_raw, format=PARQUET) committed.
[2025-11-04T10:08:15.594+0000] {subprocess.py:106} INFO -  Loaded into: hive_catalog.bronze.it_jobs_raw
[2025-11-04T10:08:15.595+0000] {subprocess.py:106} INFO - 25/11/04 10:08:15 INFO SparkContext: SparkContext is stopping with exitCode 0.
[2025-11-04T10:08:15.616+0000] {subprocess.py:106} INFO - 25/11/04 10:08:15 INFO SparkUI: Stopped Spark web UI at http://68d0d8c522fe:4040
[2025-11-04T10:08:15.624+0000] {subprocess.py:106} INFO - 25/11/04 10:08:15 INFO StandaloneSchedulerBackend: Shutting down all executors
[2025-11-04T10:08:15.625+0000] {subprocess.py:106} INFO - 25/11/04 10:08:15 INFO StandaloneSchedulerBackend$StandaloneDriverEndpoint: Asking each executor to shut down
[2025-11-04T10:08:15.653+0000] {subprocess.py:106} INFO - 25/11/04 10:08:15 INFO MapOutputTrackerMasterEndpoint: MapOutputTrackerMasterEndpoint stopped!
[2025-11-04T10:08:15.682+0000] {subprocess.py:106} INFO - 25/11/04 10:08:15 INFO MemoryStore: MemoryStore cleared
[2025-11-04T10:08:15.684+0000] {subprocess.py:106} INFO - 25/11/04 10:08:15 INFO BlockManager: BlockManager stopped
[2025-11-04T10:08:15.691+0000] {subprocess.py:106} INFO - 25/11/04 10:08:15 INFO BlockManagerMaster: BlockManagerMaster stopped
[2025-11-04T10:08:15.698+0000] {subprocess.py:106} INFO - 25/11/04 10:08:15 INFO OutputCommitCoordinator$OutputCommitCoordinatorEndpoint: OutputCommitCoordinator stopped!
[2025-11-04T10:08:15.735+0000] {subprocess.py:106} INFO - 25/11/04 10:08:15 INFO SparkContext: Successfully stopped SparkContext
[2025-11-04T10:08:16.204+0000] {subprocess.py:106} INFO - 25/11/04 10:08:16 INFO ShutdownHookManager: Shutdown hook called
[2025-11-04T10:08:16.205+0000] {subprocess.py:106} INFO - 25/11/04 10:08:16 INFO ShutdownHookManager: Deleting directory /tmp/spark-2695f357-99b3-4f40-8232-3d1c98679bb9
[2025-11-04T10:08:16.207+0000] {subprocess.py:106} INFO - 25/11/04 10:08:16 INFO ShutdownHookManager: Deleting directory /tmp/spark-908c143f-d615-4d06-8bca-314448981448
[2025-11-04T10:08:16.211+0000] {subprocess.py:106} INFO - 25/11/04 10:08:16 INFO ShutdownHookManager: Deleting directory /tmp/spark-2695f357-99b3-4f40-8232-3d1c98679bb9/pyspark-309bf7ed-e4ee-4203-b52f-9dfc36ee8077
[2025-11-04T10:08:16.284+0000] {subprocess.py:110} INFO - Command exited with return code 0
[2025-11-04T10:08:16.347+0000] {taskinstance.py:341} INFO - ::group::Post task execution logs
[2025-11-04T10:08:16.348+0000] {taskinstance.py:353} INFO - Marking task as SUCCESS. dag_id=crawl_etl_itjob, task_id=load_bronze, run_id=scheduled__2025-11-03T02:00:00+00:00, execution_date=20251103T020000, start_date=20251104T100743, end_date=20251104T100816
[2025-11-04T10:08:16.415+0000] {local_task_job_runner.py:266} INFO - Task exited with return code 0
[2025-11-04T10:08:16.457+0000] {taskinstance.py:3901} INFO - 1 downstream tasks scheduled from follow-on schedule check
[2025-11-04T10:08:16.459+0000] {local_task_job_runner.py:245} INFO - ::endgroup::
