[2025-11-09T08:05:11.657+0000] {local_task_job_runner.py:123} INFO - ::group::Pre task execution logs
[2025-11-09T08:05:11.694+0000] {taskinstance.py:2614} INFO - Dependencies all met for dep_context=non-requeueable deps ti=<TaskInstance: crawl_etl_itjob.clean_silver scheduled__2025-11-08T02:00:00+00:00 [queued]>
[2025-11-09T08:05:11.707+0000] {taskinstance.py:2614} INFO - Dependencies all met for dep_context=requeueable deps ti=<TaskInstance: crawl_etl_itjob.clean_silver scheduled__2025-11-08T02:00:00+00:00 [queued]>
[2025-11-09T08:05:11.708+0000] {taskinstance.py:2867} INFO - Starting attempt 1 of 2
[2025-11-09T08:05:11.722+0000] {taskinstance.py:2890} INFO - Executing <Task(BashOperator): clean_silver> on 2025-11-08 02:00:00+00:00
[2025-11-09T08:05:11.728+0000] {standard_task_runner.py:72} INFO - Started process 125 to run task
[2025-11-09T08:05:11.734+0000] {standard_task_runner.py:104} INFO - Running: ['***', 'tasks', 'run', 'crawl_etl_itjob', 'clean_silver', 'scheduled__2025-11-08T02:00:00+00:00', '--job-id', '131', '--raw', '--subdir', 'DAGS_FOLDER/Crawl_ETL_ITJob.py', '--cfg-path', '/tmp/tmph5kcf20g']
[2025-11-09T08:05:11.737+0000] {standard_task_runner.py:105} INFO - Job 131: Subtask clean_silver
[2025-11-09T08:05:11.773+0000] {warnings.py:109} WARNING - /home/***/.local/lib/python3.8/site-packages/***/settings.py:209: DeprecationWarning: The sql_alchemy_conn option in [core] has been moved to the sql_alchemy_conn option in [database] - the old setting has been used, but please update your config.
  SQL_ALCHEMY_CONN = conf.get("database", "SQL_ALCHEMY_CONN")

[2025-11-09T08:05:11.854+0000] {task_command.py:467} INFO - Running <TaskInstance: crawl_etl_itjob.clean_silver scheduled__2025-11-08T02:00:00+00:00 [running]> on host a1de7f96d4f1
[2025-11-09T08:05:11.855+0000] {warnings.py:109} WARNING - /home/***/.local/lib/python3.8/site-packages/***/settings.py:470: DeprecationWarning: The sql_alchemy_conn option in [core] has been moved to the sql_alchemy_conn option in [database] - the old setting has been used, but please update your config.
  if conf.get("database", "sql_alchemy_conn") == "none://":

[2025-11-09T08:05:11.986+0000] {taskinstance.py:3134} INFO - Exporting env vars: AIRFLOW_CTX_DAG_EMAIL='alert@datateam.local' AIRFLOW_CTX_DAG_OWNER='***' AIRFLOW_CTX_DAG_ID='crawl_etl_itjob' AIRFLOW_CTX_TASK_ID='clean_silver' AIRFLOW_CTX_EXECUTION_DATE='2025-11-08T02:00:00+00:00' AIRFLOW_CTX_TRY_NUMBER='1' AIRFLOW_CTX_DAG_RUN_ID='scheduled__2025-11-08T02:00:00+00:00'
[2025-11-09T08:05:11.987+0000] {taskinstance.py:732} INFO - ::endgroup::
[2025-11-09T08:05:11.999+0000] {subprocess.py:78} INFO - Tmp dir root location: /tmp
[2025-11-09T08:05:12.001+0000] {subprocess.py:88} INFO - Running command: ['/bin/bash', '-c', "\n        docker exec spark-submit bash -c '\n        /opt/spark/bin/spark-submit         --master spark://spark-master:7077         --deploy-mode client         --packages org.apache.iceberg:iceberg-spark-runtime-3.5_2.12:1.5.0         /opt/spark/scripts/Clean_Silver.py\n        '\n        "]
[2025-11-09T08:05:12.010+0000] {subprocess.py:99} INFO - Output:
[2025-11-09T08:05:13.764+0000] {subprocess.py:106} INFO - :: loading settings :: url = jar:file:/opt/spark/jars/ivy-2.5.1.jar!/org/apache/ivy/core/settings/ivysettings.xml
[2025-11-09T08:05:13.862+0000] {subprocess.py:106} INFO - Ivy Default Cache set to: /home/spark/.ivy2/cache
[2025-11-09T08:05:13.864+0000] {subprocess.py:106} INFO - The jars for the packages stored in: /home/spark/.ivy2/jars
[2025-11-09T08:05:13.870+0000] {subprocess.py:106} INFO - org.apache.iceberg#iceberg-spark-runtime-3.5_2.12 added as a dependency
[2025-11-09T08:05:13.871+0000] {subprocess.py:106} INFO - :: resolving dependencies :: org.apache.spark#spark-submit-parent-acda9a36-1ff2-4949-ba8f-7b03678d7ff6;1.0
[2025-11-09T08:05:13.871+0000] {subprocess.py:106} INFO - 	confs: [default]
[2025-11-09T08:05:13.980+0000] {subprocess.py:106} INFO - 	found org.apache.iceberg#iceberg-spark-runtime-3.5_2.12;1.5.0 in central
[2025-11-09T08:05:13.996+0000] {subprocess.py:106} INFO - :: resolution report :: resolve 121ms :: artifacts dl 3ms
[2025-11-09T08:05:13.997+0000] {subprocess.py:106} INFO - 	:: modules in use:
[2025-11-09T08:05:13.997+0000] {subprocess.py:106} INFO - 	org.apache.iceberg#iceberg-spark-runtime-3.5_2.12;1.5.0 from central in [default]
[2025-11-09T08:05:13.998+0000] {subprocess.py:106} INFO - 	---------------------------------------------------------------------
[2025-11-09T08:05:13.999+0000] {subprocess.py:106} INFO - 	|                  |            modules            ||   artifacts   |
[2025-11-09T08:05:14.000+0000] {subprocess.py:106} INFO - 	|       conf       | number| search|dwnlded|evicted|| number|dwnlded|
[2025-11-09T08:05:14.001+0000] {subprocess.py:106} INFO - 	---------------------------------------------------------------------
[2025-11-09T08:05:14.002+0000] {subprocess.py:106} INFO - 	|      default     |   1   |   0   |   0   |   0   ||   1   |   0   |
[2025-11-09T08:05:14.004+0000] {subprocess.py:106} INFO - 	---------------------------------------------------------------------
[2025-11-09T08:05:14.005+0000] {subprocess.py:106} INFO - :: retrieving :: org.apache.spark#spark-submit-parent-acda9a36-1ff2-4949-ba8f-7b03678d7ff6
[2025-11-09T08:05:14.006+0000] {subprocess.py:106} INFO - 	confs: [default]
[2025-11-09T08:05:14.010+0000] {subprocess.py:106} INFO - 	0 artifacts copied, 1 already retrieved (0kB/8ms)
[2025-11-09T08:05:14.255+0000] {subprocess.py:106} INFO - 25/11/09 08:05:14 WARN NativeCodeLoader: Unable to load native-hadoop library for your platform... using builtin-java classes where applicable
[2025-11-09T08:05:15.202+0000] {subprocess.py:106} INFO - 25/11/09 08:05:15 INFO SparkContext: Running Spark version 3.5.3
[2025-11-09T08:05:15.203+0000] {subprocess.py:106} INFO - 25/11/09 08:05:15 INFO SparkContext: OS info Linux, 6.6.87.2-microsoft-standard-WSL2, amd64
[2025-11-09T08:05:15.208+0000] {subprocess.py:106} INFO - 25/11/09 08:05:15 INFO SparkContext: Java version 11.0.24
[2025-11-09T08:05:15.242+0000] {subprocess.py:106} INFO - 25/11/09 08:05:15 INFO ResourceUtils: ==============================================================
[2025-11-09T08:05:15.244+0000] {subprocess.py:106} INFO - 25/11/09 08:05:15 INFO ResourceUtils: No custom resources configured for spark.driver.
[2025-11-09T08:05:15.245+0000] {subprocess.py:106} INFO - 25/11/09 08:05:15 INFO ResourceUtils: ==============================================================
[2025-11-09T08:05:15.247+0000] {subprocess.py:106} INFO - 25/11/09 08:05:15 INFO SparkContext: Submitted application: Clean_Silver_Hive_Iceberg
[2025-11-09T08:05:15.285+0000] {subprocess.py:106} INFO - 25/11/09 08:05:15 INFO ResourceProfile: Default ResourceProfile created, executor resources: Map(memory -> name: memory, amount: 1024, script: , vendor: , offHeap -> name: offHeap, amount: 0, script: , vendor: ), task resources: Map(cpus -> name: cpus, amount: 1.0)
[2025-11-09T08:05:15.305+0000] {subprocess.py:106} INFO - 25/11/09 08:05:15 INFO ResourceProfile: Limiting resource is cpu
[2025-11-09T08:05:15.305+0000] {subprocess.py:106} INFO - 25/11/09 08:05:15 INFO ResourceProfileManager: Added ResourceProfile id: 0
[2025-11-09T08:05:15.378+0000] {subprocess.py:106} INFO - 25/11/09 08:05:15 INFO SecurityManager: Changing view acls to: spark
[2025-11-09T08:05:15.378+0000] {subprocess.py:106} INFO - 25/11/09 08:05:15 INFO SecurityManager: Changing modify acls to: spark
[2025-11-09T08:05:15.379+0000] {subprocess.py:106} INFO - 25/11/09 08:05:15 INFO SecurityManager: Changing view acls groups to:
[2025-11-09T08:05:15.380+0000] {subprocess.py:106} INFO - 25/11/09 08:05:15 INFO SecurityManager: Changing modify acls groups to:
[2025-11-09T08:05:15.380+0000] {subprocess.py:106} INFO - 25/11/09 08:05:15 INFO SecurityManager: SecurityManager: authentication disabled; ui acls disabled; users with view permissions: spark; groups with view permissions: EMPTY; users with modify permissions: spark; groups with modify permissions: EMPTY
[2025-11-09T08:05:15.609+0000] {subprocess.py:106} INFO - 25/11/09 08:05:15 INFO Utils: Successfully started service 'sparkDriver' on port 35285.
[2025-11-09T08:05:15.639+0000] {subprocess.py:106} INFO - 25/11/09 08:05:15 INFO SparkEnv: Registering MapOutputTracker
[2025-11-09T08:05:15.672+0000] {subprocess.py:106} INFO - 25/11/09 08:05:15 INFO SparkEnv: Registering BlockManagerMaster
[2025-11-09T08:05:15.690+0000] {subprocess.py:106} INFO - 25/11/09 08:05:15 INFO BlockManagerMasterEndpoint: Using org.apache.spark.storage.DefaultTopologyMapper for getting topology information
[2025-11-09T08:05:15.691+0000] {subprocess.py:106} INFO - 25/11/09 08:05:15 INFO BlockManagerMasterEndpoint: BlockManagerMasterEndpoint up
[2025-11-09T08:05:15.698+0000] {subprocess.py:106} INFO - 25/11/09 08:05:15 INFO SparkEnv: Registering BlockManagerMasterHeartbeat
[2025-11-09T08:05:15.721+0000] {subprocess.py:106} INFO - 25/11/09 08:05:15 INFO DiskBlockManager: Created local directory at /tmp/blockmgr-07c1ba11-187d-49bb-8a1f-30a3ad07f91b
[2025-11-09T08:05:15.732+0000] {subprocess.py:106} INFO - 25/11/09 08:05:15 INFO MemoryStore: MemoryStore started with capacity 434.4 MiB
[2025-11-09T08:05:15.752+0000] {subprocess.py:106} INFO - 25/11/09 08:05:15 INFO SparkEnv: Registering OutputCommitCoordinator
[2025-11-09T08:05:15.880+0000] {subprocess.py:106} INFO - 25/11/09 08:05:15 INFO JettyUtils: Start Jetty 0.0.0.0:4040 for SparkUI
[2025-11-09T08:05:15.928+0000] {subprocess.py:106} INFO - 25/11/09 08:05:15 INFO Utils: Successfully started service 'SparkUI' on port 4040.
[2025-11-09T08:05:15.963+0000] {subprocess.py:106} INFO - 25/11/09 08:05:15 INFO SparkContext: Added JAR file:///home/spark/.ivy2/jars/org.apache.iceberg_iceberg-spark-runtime-3.5_2.12-1.5.0.jar at spark://68d0d8c522fe:35285/jars/org.apache.iceberg_iceberg-spark-runtime-3.5_2.12-1.5.0.jar with timestamp 1762675515189
[2025-11-09T08:05:15.967+0000] {subprocess.py:106} INFO - 25/11/09 08:05:15 INFO SparkContext: Added file file:///home/spark/.ivy2/jars/org.apache.iceberg_iceberg-spark-runtime-3.5_2.12-1.5.0.jar at spark://68d0d8c522fe:35285/files/org.apache.iceberg_iceberg-spark-runtime-3.5_2.12-1.5.0.jar with timestamp 1762675515189
[2025-11-09T08:05:15.969+0000] {subprocess.py:106} INFO - 25/11/09 08:05:15 INFO Utils: Copying /home/spark/.ivy2/jars/org.apache.iceberg_iceberg-spark-runtime-3.5_2.12-1.5.0.jar to /tmp/spark-6be9f0b8-e786-4f60-9dd0-ceea172946f3/userFiles-ba785083-e6f9-492e-9580-11ad02452ea9/org.apache.iceberg_iceberg-spark-runtime-3.5_2.12-1.5.0.jar
[2025-11-09T08:05:16.086+0000] {subprocess.py:106} INFO - 25/11/09 08:05:16 INFO StandaloneAppClient$ClientEndpoint: Connecting to master spark://spark-master:7077...
[2025-11-09T08:05:16.146+0000] {subprocess.py:106} INFO - 25/11/09 08:05:16 INFO TransportClientFactory: Successfully created connection to spark-master/172.30.0.6:7077 after 34 ms (0 ms spent in bootstraps)
[2025-11-09T08:05:16.231+0000] {subprocess.py:106} INFO - 25/11/09 08:05:16 INFO StandaloneSchedulerBackend: Connected to Spark cluster with app ID app-20251109080516-0004
[2025-11-09T08:05:16.233+0000] {subprocess.py:106} INFO - 25/11/09 08:05:16 INFO StandaloneAppClient$ClientEndpoint: Executor added: app-20251109080516-0004/0 on worker-20251109065656-172.30.0.8-34247 (172.30.0.8:34247) with 1 core(s)
[2025-11-09T08:05:16.243+0000] {subprocess.py:106} INFO - 25/11/09 08:05:16 INFO StandaloneSchedulerBackend: Granted executor ID app-20251109080516-0004/0 on hostPort 172.30.0.8:34247 with 1 core(s), 1024.0 MiB RAM
[2025-11-09T08:05:16.248+0000] {subprocess.py:106} INFO - 25/11/09 08:05:16 INFO Utils: Successfully started service 'org.apache.spark.network.netty.NettyBlockTransferService' on port 35019.
[2025-11-09T08:05:16.249+0000] {subprocess.py:106} INFO - 25/11/09 08:05:16 INFO NettyBlockTransferService: Server created on 68d0d8c522fe:35019
[2025-11-09T08:05:16.251+0000] {subprocess.py:106} INFO - 25/11/09 08:05:16 INFO BlockManager: Using org.apache.spark.storage.RandomBlockReplicationPolicy for block replication policy
[2025-11-09T08:05:16.258+0000] {subprocess.py:106} INFO - 25/11/09 08:05:16 INFO BlockManagerMaster: Registering BlockManager BlockManagerId(driver, 68d0d8c522fe, 35019, None)
[2025-11-09T08:05:16.263+0000] {subprocess.py:106} INFO - 25/11/09 08:05:16 INFO BlockManagerMasterEndpoint: Registering block manager 68d0d8c522fe:35019 with 434.4 MiB RAM, BlockManagerId(driver, 68d0d8c522fe, 35019, None)
[2025-11-09T08:05:16.268+0000] {subprocess.py:106} INFO - 25/11/09 08:05:16 INFO BlockManagerMaster: Registered BlockManager BlockManagerId(driver, 68d0d8c522fe, 35019, None)
[2025-11-09T08:05:16.269+0000] {subprocess.py:106} INFO - 25/11/09 08:05:16 INFO BlockManager: Initialized BlockManager: BlockManagerId(driver, 68d0d8c522fe, 35019, None)
[2025-11-09T08:05:16.292+0000] {subprocess.py:106} INFO - 25/11/09 08:05:16 INFO StandaloneAppClient$ClientEndpoint: Executor updated: app-20251109080516-0004/0 is now RUNNING
[2025-11-09T08:05:16.539+0000] {subprocess.py:106} INFO - 25/11/09 08:05:16 INFO StandaloneSchedulerBackend: SchedulerBackend is ready for scheduling beginning after reached minRegisteredResourcesRatio: 0.0
[2025-11-09T08:05:16.808+0000] {subprocess.py:106} INFO - 25/11/09 08:05:16 INFO SharedState: Setting hive.metastore.warehouse.dir ('null') to the value of spark.sql.warehouse.dir.
[2025-11-09T08:05:16.811+0000] {subprocess.py:106} INFO - 25/11/09 08:05:16 INFO SharedState: Warehouse path is 'file:/opt/spark/work-dir/spark-warehouse'.
[2025-11-09T08:05:18.944+0000] {subprocess.py:106} INFO - 25/11/09 08:05:18 INFO HiveConf: Found configuration file null
[2025-11-09T08:05:19.231+0000] {subprocess.py:106} INFO - 25/11/09 08:05:19 INFO metastore: Trying to connect to metastore with URI thrift://hive-metastore:9083
[2025-11-09T08:05:19.260+0000] {subprocess.py:106} INFO - 25/11/09 08:05:19 INFO metastore: Opened a connection to metastore, current connections: 1
[2025-11-09T08:05:19.292+0000] {subprocess.py:106} INFO - 25/11/09 08:05:19 INFO metastore: Connected to metastore.
[2025-11-09T08:05:19.563+0000] {subprocess.py:106} INFO - 25/11/09 08:05:19 INFO StandaloneSchedulerBackend$StandaloneDriverEndpoint: Registered executor NettyRpcEndpointRef(spark-client://Executor) (172.30.0.8:44994) with ID 0,  ResourceProfileId 0
[2025-11-09T08:05:19.664+0000] {subprocess.py:106} INFO - 25/11/09 08:05:19 INFO BlockManagerMasterEndpoint: Registering block manager 172.30.0.8:44079 with 434.4 MiB RAM, BlockManagerId(0, 172.30.0.8, 44079, None)
[2025-11-09T08:05:19.717+0000] {subprocess.py:106} INFO - 25/11/09 08:05:19 INFO BaseMetastoreTableOperations: Refreshing table metadata from new version: hdfs://dinhhoa-master:9000/user/ndh/warehouse/bronze.db/it_jobs_raw/metadata/00011-3fdfbf86-753b-46f6-af30-6191ce793c3d.metadata.json
[2025-11-09T08:05:20.897+0000] {subprocess.py:106} INFO - 25/11/09 08:05:20 INFO BaseMetastoreCatalog: Table loaded by catalog: hive_catalog.bronze.it_jobs_raw
[2025-11-09T08:05:21.765+0000] {subprocess.py:106} INFO - 25/11/09 08:05:21 INFO SnapshotScan: Scanning table hive_catalog.bronze.it_jobs_raw snapshot 703874905394608015 created at 2025-11-09T08:05:09.683+00:00 with filter true
[2025-11-09T08:05:22.018+0000] {subprocess.py:106} INFO - 25/11/09 08:05:22 INFO BaseDistributedDataScan: Planning file tasks locally for table hive_catalog.bronze.it_jobs_raw
[2025-11-09T08:05:22.211+0000] {subprocess.py:106} INFO - 25/11/09 08:05:22 INFO V2ScanRelationPushDown:
[2025-11-09T08:05:22.211+0000] {subprocess.py:106} INFO - Pushing operators to hive_catalog.bronze.it_jobs_raw
[2025-11-09T08:05:22.212+0000] {subprocess.py:106} INFO - Pushed Aggregate Functions:
[2025-11-09T08:05:22.212+0000] {subprocess.py:106} INFO -  COUNT(*)
[2025-11-09T08:05:22.213+0000] {subprocess.py:106} INFO - Pushed Group by:
[2025-11-09T08:05:22.213+0000] {subprocess.py:106} INFO - 
[2025-11-09T08:05:22.213+0000] {subprocess.py:106} INFO - 
[2025-11-09T08:05:23.134+0000] {subprocess.py:106} INFO - 25/11/09 08:05:23 INFO CodeGenerator: Code generated in 222.416092 ms
[2025-11-09T08:05:23.153+0000] {subprocess.py:106} INFO - 25/11/09 08:05:23 INFO CodeGenerator: Code generated in 9.667144 ms
[2025-11-09T08:05:23.265+0000] {subprocess.py:106} INFO - 25/11/09 08:05:23 INFO DAGScheduler: Registering RDD 2 (count at <unknown>:0) as input to shuffle 0
[2025-11-09T08:05:23.270+0000] {subprocess.py:106} INFO - 25/11/09 08:05:23 INFO DAGScheduler: Got map stage job 0 (count at <unknown>:0) with 1 output partitions
[2025-11-09T08:05:23.271+0000] {subprocess.py:106} INFO - 25/11/09 08:05:23 INFO DAGScheduler: Final stage: ShuffleMapStage 0 (count at <unknown>:0)
[2025-11-09T08:05:23.272+0000] {subprocess.py:106} INFO - 25/11/09 08:05:23 INFO DAGScheduler: Parents of final stage: List()
[2025-11-09T08:05:23.275+0000] {subprocess.py:106} INFO - 25/11/09 08:05:23 INFO DAGScheduler: Missing parents: List()
[2025-11-09T08:05:23.280+0000] {subprocess.py:106} INFO - 25/11/09 08:05:23 INFO DAGScheduler: Submitting ShuffleMapStage 0 (MapPartitionsRDD[2] at count at <unknown>:0), which has no missing parents
[2025-11-09T08:05:23.426+0000] {subprocess.py:106} INFO - 25/11/09 08:05:23 INFO MemoryStore: Block broadcast_0 stored as values in memory (estimated size 12.6 KiB, free 434.4 MiB)
[2025-11-09T08:05:23.485+0000] {subprocess.py:106} INFO - 25/11/09 08:05:23 INFO MemoryStore: Block broadcast_0_piece0 stored as bytes in memory (estimated size 6.2 KiB, free 434.4 MiB)
[2025-11-09T08:05:23.489+0000] {subprocess.py:106} INFO - 25/11/09 08:05:23 INFO BlockManagerInfo: Added broadcast_0_piece0 in memory on 68d0d8c522fe:35019 (size: 6.2 KiB, free: 434.4 MiB)
[2025-11-09T08:05:23.494+0000] {subprocess.py:106} INFO - 25/11/09 08:05:23 INFO SparkContext: Created broadcast 0 from broadcast at DAGScheduler.scala:1585
[2025-11-09T08:05:23.518+0000] {subprocess.py:106} INFO - 25/11/09 08:05:23 INFO DAGScheduler: Submitting 1 missing tasks from ShuffleMapStage 0 (MapPartitionsRDD[2] at count at <unknown>:0) (first 15 tasks are for partitions Vector(0))
[2025-11-09T08:05:23.519+0000] {subprocess.py:106} INFO - 25/11/09 08:05:23 INFO TaskSchedulerImpl: Adding task set 0.0 with 1 tasks resource profile 0
[2025-11-09T08:05:23.562+0000] {subprocess.py:106} INFO - 25/11/09 08:05:23 INFO TaskSetManager: Starting task 0.0 in stage 0.0 (TID 0) (172.30.0.8, executor 0, partition 0, PROCESS_LOCAL, 9492 bytes)
[2025-11-09T08:05:23.884+0000] {subprocess.py:106} INFO - 25/11/09 08:05:23 INFO BlockManagerInfo: Added broadcast_0_piece0 in memory on 172.30.0.8:44079 (size: 6.2 KiB, free: 434.4 MiB)
[2025-11-09T08:05:24.756+0000] {subprocess.py:106} INFO - 25/11/09 08:05:24 INFO TaskSetManager: Finished task 0.0 in stage 0.0 (TID 0) in 1211 ms on 172.30.0.8 (executor 0) (1/1)
[2025-11-09T08:05:24.758+0000] {subprocess.py:106} INFO - 25/11/09 08:05:24 INFO TaskSchedulerImpl: Removed TaskSet 0.0, whose tasks have all completed, from pool
[2025-11-09T08:05:24.765+0000] {subprocess.py:106} INFO - 25/11/09 08:05:24 INFO DAGScheduler: ShuffleMapStage 0 (count at <unknown>:0) finished in 1.467 s
[2025-11-09T08:05:24.766+0000] {subprocess.py:106} INFO - 25/11/09 08:05:24 INFO DAGScheduler: looking for newly runnable stages
[2025-11-09T08:05:24.766+0000] {subprocess.py:106} INFO - 25/11/09 08:05:24 INFO DAGScheduler: running: Set()
[2025-11-09T08:05:24.767+0000] {subprocess.py:106} INFO - 25/11/09 08:05:24 INFO DAGScheduler: waiting: Set()
[2025-11-09T08:05:24.768+0000] {subprocess.py:106} INFO - 25/11/09 08:05:24 INFO DAGScheduler: failed: Set()
[2025-11-09T08:05:24.828+0000] {subprocess.py:106} INFO - 25/11/09 08:05:24 INFO CodeGenerator: Code generated in 12.650926 ms
[2025-11-09T08:05:24.886+0000] {subprocess.py:106} INFO - 25/11/09 08:05:24 INFO SparkContext: Starting job: count at <unknown>:0
[2025-11-09T08:05:24.892+0000] {subprocess.py:106} INFO - 25/11/09 08:05:24 INFO DAGScheduler: Got job 1 (count at <unknown>:0) with 1 output partitions
[2025-11-09T08:05:24.893+0000] {subprocess.py:106} INFO - 25/11/09 08:05:24 INFO DAGScheduler: Final stage: ResultStage 2 (count at <unknown>:0)
[2025-11-09T08:05:24.894+0000] {subprocess.py:106} INFO - 25/11/09 08:05:24 INFO DAGScheduler: Parents of final stage: List(ShuffleMapStage 1)
[2025-11-09T08:05:24.894+0000] {subprocess.py:106} INFO - 25/11/09 08:05:24 INFO DAGScheduler: Missing parents: List()
[2025-11-09T08:05:24.897+0000] {subprocess.py:106} INFO - 25/11/09 08:05:24 INFO DAGScheduler: Submitting ResultStage 2 (MapPartitionsRDD[5] at count at <unknown>:0), which has no missing parents
[2025-11-09T08:05:24.908+0000] {subprocess.py:106} INFO - 25/11/09 08:05:24 INFO MemoryStore: Block broadcast_1 stored as values in memory (estimated size 13.7 KiB, free 434.4 MiB)
[2025-11-09T08:05:24.911+0000] {subprocess.py:106} INFO - 25/11/09 08:05:24 INFO MemoryStore: Block broadcast_1_piece0 stored as bytes in memory (estimated size 6.3 KiB, free 434.4 MiB)
[2025-11-09T08:05:24.912+0000] {subprocess.py:106} INFO - 25/11/09 08:05:24 INFO BlockManagerInfo: Added broadcast_1_piece0 in memory on 68d0d8c522fe:35019 (size: 6.3 KiB, free: 434.4 MiB)
[2025-11-09T08:05:24.913+0000] {subprocess.py:106} INFO - 25/11/09 08:05:24 INFO SparkContext: Created broadcast 1 from broadcast at DAGScheduler.scala:1585
[2025-11-09T08:05:24.916+0000] {subprocess.py:106} INFO - 25/11/09 08:05:24 INFO DAGScheduler: Submitting 1 missing tasks from ResultStage 2 (MapPartitionsRDD[5] at count at <unknown>:0) (first 15 tasks are for partitions Vector(0))
[2025-11-09T08:05:24.918+0000] {subprocess.py:106} INFO - 25/11/09 08:05:24 INFO TaskSchedulerImpl: Adding task set 2.0 with 1 tasks resource profile 0
[2025-11-09T08:05:24.926+0000] {subprocess.py:106} INFO - 25/11/09 08:05:24 INFO TaskSetManager: Starting task 0.0 in stage 2.0 (TID 1) (172.30.0.8, executor 0, partition 0, NODE_LOCAL, 9331 bytes)
[2025-11-09T08:05:24.955+0000] {subprocess.py:106} INFO - 25/11/09 08:05:24 INFO BlockManagerInfo: Added broadcast_1_piece0 in memory on 172.30.0.8:44079 (size: 6.3 KiB, free: 434.4 MiB)
[2025-11-09T08:05:25.029+0000] {subprocess.py:106} INFO - 25/11/09 08:05:25 INFO MapOutputTrackerMasterEndpoint: Asked to send map output locations for shuffle 0 to 172.30.0.8:44994
[2025-11-09T08:05:25.149+0000] {subprocess.py:106} INFO - 25/11/09 08:05:25 INFO TaskSetManager: Finished task 0.0 in stage 2.0 (TID 1) in 223 ms on 172.30.0.8 (executor 0) (1/1)
[2025-11-09T08:05:25.150+0000] {subprocess.py:106} INFO - 25/11/09 08:05:25 INFO TaskSchedulerImpl: Removed TaskSet 2.0, whose tasks have all completed, from pool
[2025-11-09T08:05:25.151+0000] {subprocess.py:106} INFO - 25/11/09 08:05:25 INFO DAGScheduler: ResultStage 2 (count at <unknown>:0) finished in 0.243 s
[2025-11-09T08:05:25.155+0000] {subprocess.py:106} INFO - 25/11/09 08:05:25 INFO DAGScheduler: Job 1 is finished. Cancelling potential speculative or zombie tasks for this job
[2025-11-09T08:05:25.156+0000] {subprocess.py:106} INFO - 25/11/09 08:05:25 INFO TaskSchedulerImpl: Killing all running tasks in stage 2: Stage finished
[2025-11-09T08:05:25.158+0000] {subprocess.py:106} INFO - 25/11/09 08:05:25 INFO DAGScheduler: Job 1 finished: count at <unknown>:0, took 0.272688 s
[2025-11-09T08:05:25.171+0000] {subprocess.py:106} INFO - 📦 Bronze record count: 3865
[2025-11-09T08:05:25.175+0000] {subprocess.py:106} INFO - root
[2025-11-09T08:05:25.180+0000] {subprocess.py:106} INFO -  |-- job_title: string (nullable = true)
[2025-11-09T08:05:25.181+0000] {subprocess.py:106} INFO -  |-- company_name: string (nullable = true)
[2025-11-09T08:05:25.184+0000] {subprocess.py:106} INFO -  |-- location: string (nullable = true)
[2025-11-09T08:05:25.185+0000] {subprocess.py:106} INFO -  |-- skills_required: string (nullable = true)
[2025-11-09T08:05:25.185+0000] {subprocess.py:106} INFO -  |-- date_posted: string (nullable = true)
[2025-11-09T08:05:25.186+0000] {subprocess.py:106} INFO -  |-- job_link: string (nullable = true)
[2025-11-09T08:05:25.187+0000] {subprocess.py:106} INFO -  |-- job_category: string (nullable = true)
[2025-11-09T08:05:25.187+0000] {subprocess.py:106} INFO -  |-- work_mode: string (nullable = true)
[2025-11-09T08:05:25.188+0000] {subprocess.py:106} INFO -  |-- crawl_date: string (nullable = true)
[2025-11-09T08:05:25.189+0000] {subprocess.py:106} INFO -  |-- date_only: string (nullable = true)
[2025-11-09T08:05:25.189+0000] {subprocess.py:106} INFO -  |-- ingest_time: timestamp (nullable = true)
[2025-11-09T08:05:25.189+0000] {subprocess.py:106} INFO -  |-- source: string (nullable = true)
[2025-11-09T08:05:25.190+0000] {subprocess.py:106} INFO - 
[2025-11-09T08:05:25.639+0000] {subprocess.py:106} INFO - 25/11/09 08:05:25 INFO BlockManagerInfo: Removed broadcast_0_piece0 on 68d0d8c522fe:35019 in memory (size: 6.2 KiB, free: 434.4 MiB)
[2025-11-09T08:05:25.643+0000] {subprocess.py:106} INFO - 25/11/09 08:05:25 INFO BlockManagerInfo: Removed broadcast_0_piece0 on 172.30.0.8:44079 in memory (size: 6.2 KiB, free: 434.4 MiB)
[2025-11-09T08:05:25.657+0000] {subprocess.py:106} INFO - 25/11/09 08:05:25 INFO BlockManagerInfo: Removed broadcast_1_piece0 on 68d0d8c522fe:35019 in memory (size: 6.3 KiB, free: 434.4 MiB)
[2025-11-09T08:05:25.660+0000] {subprocess.py:106} INFO - 25/11/09 08:05:25 INFO BlockManagerInfo: Removed broadcast_1_piece0 on 172.30.0.8:44079 in memory (size: 6.3 KiB, free: 434.4 MiB)
[2025-11-09T08:05:26.032+0000] {subprocess.py:106} INFO - 25/11/09 08:05:26 INFO BaseMetastoreTableOperations: Refreshing table metadata from new version: hdfs://dinhhoa-master:9000/user/ndh/warehouse/silver.db/it_jobs_clean/metadata/00012-791c377e-16ac-4995-bc55-9da9aea5f817.metadata.json
[2025-11-09T08:05:26.065+0000] {subprocess.py:106} INFO - 25/11/09 08:05:26 INFO BaseMetastoreCatalog: Table loaded by catalog: hive_catalog.silver.it_jobs_clean
[2025-11-09T08:05:26.071+0000] {subprocess.py:106} INFO - 25/11/09 08:05:26 INFO BaseMetastoreCatalog: Table properties set at catalog level through catalog properties: {}
[2025-11-09T08:05:26.072+0000] {subprocess.py:106} INFO - 25/11/09 08:05:26 INFO BaseMetastoreCatalog: Table properties enforced at catalog level through catalog properties: {}
[2025-11-09T08:05:26.087+0000] {subprocess.py:106} INFO - 25/11/09 08:05:26 INFO BaseMetastoreTableOperations: Refreshing table metadata from new version: hdfs://dinhhoa-master:9000/user/ndh/warehouse/silver.db/it_jobs_clean/metadata/00012-791c377e-16ac-4995-bc55-9da9aea5f817.metadata.json
[2025-11-09T08:05:26.351+0000] {subprocess.py:106} INFO - 25/11/09 08:05:26 INFO V2ScanRelationPushDown:
[2025-11-09T08:05:26.351+0000] {subprocess.py:106} INFO - Pushing operators to hive_catalog.bronze.it_jobs_raw
[2025-11-09T08:05:26.352+0000] {subprocess.py:106} INFO - Pushed Filters: date_posted IS NOT NULL, job_link IS NOT NULL, NOT (job_link = '')
[2025-11-09T08:05:26.353+0000] {subprocess.py:106} INFO - Post-Scan Filters: isnotnull(date_posted#4),isnotnull(upper(trim(company_name#1, None))),NOT (upper(trim(company_name#1, None)) = ),isnotnull(job_link#5),NOT (job_link#5 = ),isnotnull(initcap(trim(job_title#0, None))),NOT (initcap(trim(job_title#0, None)) = ),isnotnull(cast(date_posted#4 as date)),(size(split(trim(location#2, None),  - , -1), true) > 0),isnotnull(split(trim(location#2, None),  - , -1))
[2025-11-09T08:05:26.353+0000] {subprocess.py:106} INFO - 
[2025-11-09T08:05:26.391+0000] {subprocess.py:106} INFO - 25/11/09 08:05:26 INFO V2ScanRelationPushDown:
[2025-11-09T08:05:26.392+0000] {subprocess.py:106} INFO - Output: job_title#0, company_name#1, location#2, skills_required#3, date_posted#4, job_link#5, job_category#6, work_mode#7, crawl_date#8, date_only#9, ingest_time#10, source#11
[2025-11-09T08:05:26.392+0000] {subprocess.py:106} INFO - 
[2025-11-09T08:05:26.403+0000] {subprocess.py:106} INFO - 25/11/09 08:05:26 INFO SnapshotScan: Scanning table hive_catalog.bronze.it_jobs_raw snapshot 703874905394608015 created at 2025-11-09T08:05:09.683+00:00 with filter ((date_posted IS NOT NULL AND job_link IS NOT NULL) AND NOT (job_link = (hash-00000000)))
[2025-11-09T08:05:26.422+0000] {subprocess.py:106} INFO - 25/11/09 08:05:26 INFO BaseDistributedDataScan: Planning file tasks locally for table hive_catalog.bronze.it_jobs_raw
[2025-11-09T08:05:26.517+0000] {subprocess.py:106} INFO - 25/11/09 08:05:26 INFO SparkPartitioningAwareScan: Reporting UnknownPartitioning with 3 partition(s) for table hive_catalog.bronze.it_jobs_raw
[2025-11-09T08:05:26.546+0000] {subprocess.py:106} INFO - 25/11/09 08:05:26 INFO SparkWrite: Requesting 0 bytes advisory partition size for table silver.it_jobs_clean
[2025-11-09T08:05:26.547+0000] {subprocess.py:106} INFO - 25/11/09 08:05:26 INFO SparkWrite: Requesting UnspecifiedDistribution as write distribution for table silver.it_jobs_clean
[2025-11-09T08:05:26.550+0000] {subprocess.py:106} INFO - 25/11/09 08:05:26 INFO SparkWrite: Requesting [] as write ordering for table silver.it_jobs_clean
[2025-11-09T08:05:26.653+0000] {subprocess.py:106} INFO - 25/11/09 08:05:26 INFO MemoryStore: Block broadcast_2 stored as values in memory (estimated size 32.0 KiB, free 434.4 MiB)
[2025-11-09T08:05:26.668+0000] {subprocess.py:106} INFO - 25/11/09 08:05:26 INFO MemoryStore: Block broadcast_2_piece0 stored as bytes in memory (estimated size 29.8 KiB, free 434.3 MiB)
[2025-11-09T08:05:26.669+0000] {subprocess.py:106} INFO - 25/11/09 08:05:26 INFO BlockManagerInfo: Added broadcast_2_piece0 in memory on 68d0d8c522fe:35019 (size: 29.8 KiB, free: 434.4 MiB)
[2025-11-09T08:05:26.671+0000] {subprocess.py:106} INFO - 25/11/09 08:05:26 INFO SparkContext: Created broadcast 2 from broadcast at SparkBatch.java:79
[2025-11-09T08:05:26.721+0000] {subprocess.py:106} INFO - 25/11/09 08:05:26 INFO MemoryStore: Block broadcast_3 stored as values in memory (estimated size 32.0 KiB, free 434.3 MiB)
[2025-11-09T08:05:26.725+0000] {subprocess.py:106} INFO - 25/11/09 08:05:26 INFO MemoryStore: Block broadcast_3_piece0 stored as bytes in memory (estimated size 29.8 KiB, free 434.3 MiB)
[2025-11-09T08:05:26.726+0000] {subprocess.py:106} INFO - 25/11/09 08:05:26 INFO BlockManagerInfo: Added broadcast_3_piece0 in memory on 68d0d8c522fe:35019 (size: 29.8 KiB, free: 434.3 MiB)
[2025-11-09T08:05:26.727+0000] {subprocess.py:106} INFO - 25/11/09 08:05:26 INFO SparkContext: Created broadcast 3 from broadcast at SparkBatch.java:79
[2025-11-09T08:05:26.880+0000] {subprocess.py:106} INFO - 25/11/09 08:05:26 INFO CodeGenerator: Code generated in 18.898801 ms
[2025-11-09T08:05:27.024+0000] {subprocess.py:106} INFO - 25/11/09 08:05:27 INFO CodeGenerator: Code generated in 70.014177 ms
[2025-11-09T08:05:27.178+0000] {subprocess.py:106} INFO - 25/11/09 08:05:27 INFO DAGScheduler: Registering RDD 12 (createOrReplace at <unknown>:0) as input to shuffle 1
[2025-11-09T08:05:27.179+0000] {subprocess.py:106} INFO - 25/11/09 08:05:27 INFO DAGScheduler: Got map stage job 2 (createOrReplace at <unknown>:0) with 3 output partitions
[2025-11-09T08:05:27.180+0000] {subprocess.py:106} INFO - 25/11/09 08:05:27 INFO DAGScheduler: Final stage: ShuffleMapStage 3 (createOrReplace at <unknown>:0)
[2025-11-09T08:05:27.180+0000] {subprocess.py:106} INFO - 25/11/09 08:05:27 INFO DAGScheduler: Parents of final stage: List()
[2025-11-09T08:05:27.182+0000] {subprocess.py:106} INFO - 25/11/09 08:05:27 INFO DAGScheduler: Missing parents: List()
[2025-11-09T08:05:27.183+0000] {subprocess.py:106} INFO - 25/11/09 08:05:27 INFO DAGScheduler: Submitting ShuffleMapStage 3 (MapPartitionsRDD[12] at createOrReplace at <unknown>:0), which has no missing parents
[2025-11-09T08:05:27.210+0000] {subprocess.py:106} INFO - 25/11/09 08:05:27 INFO MemoryStore: Block broadcast_4 stored as values in memory (estimated size 73.1 KiB, free 434.2 MiB)
[2025-11-09T08:05:27.213+0000] {subprocess.py:106} INFO - 25/11/09 08:05:27 INFO MemoryStore: Block broadcast_4_piece0 stored as bytes in memory (estimated size 27.0 KiB, free 434.2 MiB)
[2025-11-09T08:05:27.214+0000] {subprocess.py:106} INFO - 25/11/09 08:05:27 INFO BlockManagerInfo: Added broadcast_4_piece0 in memory on 68d0d8c522fe:35019 (size: 27.0 KiB, free: 434.3 MiB)
[2025-11-09T08:05:27.215+0000] {subprocess.py:106} INFO - 25/11/09 08:05:27 INFO SparkContext: Created broadcast 4 from broadcast at DAGScheduler.scala:1585
[2025-11-09T08:05:27.216+0000] {subprocess.py:106} INFO - 25/11/09 08:05:27 INFO DAGScheduler: Submitting 3 missing tasks from ShuffleMapStage 3 (MapPartitionsRDD[12] at createOrReplace at <unknown>:0) (first 15 tasks are for partitions Vector(0, 1, 2))
[2025-11-09T08:05:27.216+0000] {subprocess.py:106} INFO - 25/11/09 08:05:27 INFO TaskSchedulerImpl: Adding task set 3.0 with 3 tasks resource profile 0
[2025-11-09T08:05:27.233+0000] {subprocess.py:106} INFO - 25/11/09 08:05:27 INFO TaskSetManager: Starting task 0.0 in stage 3.0 (TID 2) (172.30.0.8, executor 0, partition 0, ANY, 16860 bytes)
[2025-11-09T08:05:27.639+0000] {subprocess.py:106} INFO - 25/11/09 08:05:27 INFO BlockManagerInfo: Added broadcast_4_piece0 in memory on 172.30.0.8:44079 (size: 27.0 KiB, free: 434.4 MiB)
[2025-11-09T08:05:28.320+0000] {subprocess.py:106} INFO - 25/11/09 08:05:28 INFO BlockManagerInfo: Added broadcast_3_piece0 in memory on 172.30.0.8:44079 (size: 29.8 KiB, free: 434.3 MiB)
[2025-11-09T08:05:33.273+0000] {subprocess.py:106} INFO - 25/11/09 08:05:33 INFO TaskSetManager: Starting task 1.0 in stage 3.0 (TID 3) (172.30.0.8, executor 0, partition 1, ANY, 16861 bytes)
[2025-11-09T08:05:33.279+0000] {subprocess.py:106} INFO - 25/11/09 08:05:33 INFO TaskSetManager: Finished task 0.0 in stage 3.0 (TID 2) in 6058 ms on 172.30.0.8 (executor 0) (1/3)
[2025-11-09T08:05:33.727+0000] {subprocess.py:106} INFO - 25/11/09 08:05:33 INFO TaskSetManager: Starting task 2.0 in stage 3.0 (TID 4) (172.30.0.8, executor 0, partition 2, ANY, 16861 bytes)
[2025-11-09T08:05:33.732+0000] {subprocess.py:106} INFO - 25/11/09 08:05:33 INFO TaskSetManager: Finished task 1.0 in stage 3.0 (TID 3) in 451 ms on 172.30.0.8 (executor 0) (2/3)
[2025-11-09T08:05:34.157+0000] {subprocess.py:106} INFO - 25/11/09 08:05:34 INFO TaskSetManager: Finished task 2.0 in stage 3.0 (TID 4) in 436 ms on 172.30.0.8 (executor 0) (3/3)
[2025-11-09T08:05:34.158+0000] {subprocess.py:106} INFO - 25/11/09 08:05:34 INFO TaskSchedulerImpl: Removed TaskSet 3.0, whose tasks have all completed, from pool
[2025-11-09T08:05:34.159+0000] {subprocess.py:106} INFO - 25/11/09 08:05:34 INFO DAGScheduler: ShuffleMapStage 3 (createOrReplace at <unknown>:0) finished in 6.973 s
[2025-11-09T08:05:34.160+0000] {subprocess.py:106} INFO - 25/11/09 08:05:34 INFO DAGScheduler: looking for newly runnable stages
[2025-11-09T08:05:34.160+0000] {subprocess.py:106} INFO - 25/11/09 08:05:34 INFO DAGScheduler: running: Set()
[2025-11-09T08:05:34.161+0000] {subprocess.py:106} INFO - 25/11/09 08:05:34 INFO DAGScheduler: waiting: Set()
[2025-11-09T08:05:34.161+0000] {subprocess.py:106} INFO - 25/11/09 08:05:34 INFO DAGScheduler: failed: Set()
[2025-11-09T08:05:34.171+0000] {subprocess.py:106} INFO - 25/11/09 08:05:34 INFO ShufflePartitionsUtil: For shuffle(1), advisory target size: 67108864, actual target size 1048576, minimum partition size: 1048576
[2025-11-09T08:05:34.228+0000] {subprocess.py:106} INFO - 25/11/09 08:05:34 INFO CodeGenerator: Code generated in 15.17438 ms
[2025-11-09T08:05:34.254+0000] {subprocess.py:106} INFO - 25/11/09 08:05:34 INFO MemoryStore: Block broadcast_5 stored as values in memory (estimated size 32.0 KiB, free 434.2 MiB)
[2025-11-09T08:05:34.272+0000] {subprocess.py:106} INFO - 25/11/09 08:05:34 INFO MemoryStore: Block broadcast_5_piece0 stored as bytes in memory (estimated size 29.6 KiB, free 434.1 MiB)
[2025-11-09T08:05:34.276+0000] {subprocess.py:106} INFO - 25/11/09 08:05:34 INFO BlockManagerInfo: Added broadcast_5_piece0 in memory on 68d0d8c522fe:35019 (size: 29.6 KiB, free: 434.3 MiB)
[2025-11-09T08:05:34.281+0000] {subprocess.py:106} INFO - 25/11/09 08:05:34 INFO BlockManagerInfo: Removed broadcast_4_piece0 on 68d0d8c522fe:35019 in memory (size: 27.0 KiB, free: 434.3 MiB)
[2025-11-09T08:05:34.282+0000] {subprocess.py:106} INFO - 25/11/09 08:05:34 INFO SparkContext: Created broadcast 5 from broadcast at SparkWrite.java:193
[2025-11-09T08:05:34.283+0000] {subprocess.py:106} INFO - 25/11/09 08:05:34 INFO AppendDataExec: Start processing data source write support: IcebergBatchWrite(table=silver.it_jobs_clean, format=PARQUET). The input RDD has 1 partitions.
[2025-11-09T08:05:34.284+0000] {subprocess.py:106} INFO - 25/11/09 08:05:34 INFO BlockManagerInfo: Removed broadcast_4_piece0 on 172.30.0.8:44079 in memory (size: 27.0 KiB, free: 434.4 MiB)
[2025-11-09T08:05:34.299+0000] {subprocess.py:106} INFO - 25/11/09 08:05:34 INFO SparkContext: Starting job: createOrReplace at <unknown>:0
[2025-11-09T08:05:34.301+0000] {subprocess.py:106} INFO - 25/11/09 08:05:34 INFO DAGScheduler: Got job 3 (createOrReplace at <unknown>:0) with 1 output partitions
[2025-11-09T08:05:34.302+0000] {subprocess.py:106} INFO - 25/11/09 08:05:34 INFO DAGScheduler: Final stage: ResultStage 5 (createOrReplace at <unknown>:0)
[2025-11-09T08:05:34.303+0000] {subprocess.py:106} INFO - 25/11/09 08:05:34 INFO DAGScheduler: Parents of final stage: List(ShuffleMapStage 4)
[2025-11-09T08:05:34.304+0000] {subprocess.py:106} INFO - 25/11/09 08:05:34 INFO DAGScheduler: Missing parents: List()
[2025-11-09T08:05:34.305+0000] {subprocess.py:106} INFO - 25/11/09 08:05:34 INFO DAGScheduler: Submitting ResultStage 5 (MapPartitionsRDD[15] at createOrReplace at <unknown>:0), which has no missing parents
[2025-11-09T08:05:34.376+0000] {subprocess.py:106} INFO - 25/11/09 08:05:34 INFO MemoryStore: Block broadcast_6 stored as values in memory (estimated size 66.5 KiB, free 434.2 MiB)
[2025-11-09T08:05:34.389+0000] {subprocess.py:106} INFO - 25/11/09 08:05:34 INFO MemoryStore: Block broadcast_6_piece0 stored as bytes in memory (estimated size 26.9 KiB, free 434.1 MiB)
[2025-11-09T08:05:34.392+0000] {subprocess.py:106} INFO - 25/11/09 08:05:34 INFO BlockManagerInfo: Added broadcast_6_piece0 in memory on 68d0d8c522fe:35019 (size: 26.9 KiB, free: 434.3 MiB)
[2025-11-09T08:05:34.394+0000] {subprocess.py:106} INFO - 25/11/09 08:05:34 INFO SparkContext: Created broadcast 6 from broadcast at DAGScheduler.scala:1585
[2025-11-09T08:05:34.395+0000] {subprocess.py:106} INFO - 25/11/09 08:05:34 INFO DAGScheduler: Submitting 1 missing tasks from ResultStage 5 (MapPartitionsRDD[15] at createOrReplace at <unknown>:0) (first 15 tasks are for partitions Vector(0))
[2025-11-09T08:05:34.395+0000] {subprocess.py:106} INFO - 25/11/09 08:05:34 INFO TaskSchedulerImpl: Adding task set 5.0 with 1 tasks resource profile 0
[2025-11-09T08:05:34.398+0000] {subprocess.py:106} INFO - 25/11/09 08:05:34 INFO TaskSetManager: Starting task 0.0 in stage 5.0 (TID 5) (172.30.0.8, executor 0, partition 0, NODE_LOCAL, 9331 bytes)
[2025-11-09T08:05:34.421+0000] {subprocess.py:106} INFO - 25/11/09 08:05:34 INFO BlockManagerInfo: Added broadcast_6_piece0 in memory on 172.30.0.8:44079 (size: 26.9 KiB, free: 434.3 MiB)
[2025-11-09T08:05:34.499+0000] {subprocess.py:106} INFO - 25/11/09 08:05:34 INFO MapOutputTrackerMasterEndpoint: Asked to send map output locations for shuffle 1 to 172.30.0.8:44994
[2025-11-09T08:05:34.798+0000] {subprocess.py:106} INFO - 25/11/09 08:05:34 INFO BlockManagerInfo: Added broadcast_5_piece0 in memory on 172.30.0.8:44079 (size: 29.6 KiB, free: 434.3 MiB)
[2025-11-09T08:05:35.362+0000] {subprocess.py:106} INFO - 25/11/09 08:05:35 INFO TaskSetManager: Finished task 0.0 in stage 5.0 (TID 5) in 964 ms on 172.30.0.8 (executor 0) (1/1)
[2025-11-09T08:05:35.366+0000] {subprocess.py:106} INFO - 25/11/09 08:05:35 INFO TaskSchedulerImpl: Removed TaskSet 5.0, whose tasks have all completed, from pool
[2025-11-09T08:05:35.367+0000] {subprocess.py:106} INFO - 25/11/09 08:05:35 INFO DAGScheduler: ResultStage 5 (createOrReplace at <unknown>:0) finished in 1.003 s
[2025-11-09T08:05:35.368+0000] {subprocess.py:106} INFO - 25/11/09 08:05:35 INFO DAGScheduler: Job 3 is finished. Cancelling potential speculative or zombie tasks for this job
[2025-11-09T08:05:35.368+0000] {subprocess.py:106} INFO - 25/11/09 08:05:35 INFO TaskSchedulerImpl: Killing all running tasks in stage 5: Stage finished
[2025-11-09T08:05:35.369+0000] {subprocess.py:106} INFO - 25/11/09 08:05:35 INFO DAGScheduler: Job 3 finished: createOrReplace at <unknown>:0, took 1.064879 s
[2025-11-09T08:05:35.369+0000] {subprocess.py:106} INFO - 25/11/09 08:05:35 INFO AppendDataExec: Data source write support IcebergBatchWrite(table=silver.it_jobs_clean, format=PARQUET) is committing.
[2025-11-09T08:05:35.396+0000] {subprocess.py:106} INFO - 25/11/09 08:05:35 INFO SparkWrite: Committing append with 1 new data files to table silver.it_jobs_clean
[2025-11-09T08:05:35.728+0000] {subprocess.py:106} INFO - 25/11/09 08:05:35 INFO SnapshotProducer: Committed snapshot 3998243538391494284 (MergeAppend)
[2025-11-09T08:05:35.757+0000] {subprocess.py:106} INFO - 25/11/09 08:05:35 INFO LoggingMetricsReporter: Received metrics report: CommitReport{tableName=silver.it_jobs_clean, snapshotId=3998243538391494284, sequenceNumber=14, operation=append, commitMetrics=CommitMetricsResult{totalDuration=TimerResult{timeUnit=NANOSECONDS, totalDuration=PT0.351990043S, count=1}, attempts=CounterResult{unit=COUNT, value=1}, addedDataFiles=CounterResult{unit=COUNT, value=1}, removedDataFiles=null, totalDataFiles=CounterResult{unit=COUNT, value=1}, addedDeleteFiles=null, addedEqualityDeleteFiles=null, addedPositionalDeleteFiles=null, removedDeleteFiles=null, removedEqualityDeleteFiles=null, removedPositionalDeleteFiles=null, totalDeleteFiles=CounterResult{unit=COUNT, value=0}, addedRecords=CounterResult{unit=COUNT, value=3794}, removedRecords=null, totalRecords=CounterResult{unit=COUNT, value=3794}, addedFilesSizeInBytes=CounterResult{unit=BYTES, value=124403}, removedFilesSizeInBytes=null, totalFilesSizeInBytes=CounterResult{unit=BYTES, value=124403}, addedPositionalDeletes=null, removedPositionalDeletes=null, totalPositionalDeletes=CounterResult{unit=COUNT, value=0}, addedEqualityDeletes=null, removedEqualityDeletes=null, totalEqualityDeletes=CounterResult{unit=COUNT, value=0}}, metadata={engine-version=3.5.3, app-id=app-20251109080516-0004, engine-name=spark, iceberg-version=Apache Iceberg 1.6.1 (commit 8e9d59d299be42b0bca9461457cd1e95dbaad086)}}
[2025-11-09T08:05:35.758+0000] {subprocess.py:106} INFO - 25/11/09 08:05:35 INFO SparkWrite: Committed in 360 ms
[2025-11-09T08:05:35.760+0000] {subprocess.py:106} INFO - 25/11/09 08:05:35 INFO AppendDataExec: Data source write support IcebergBatchWrite(table=silver.it_jobs_clean, format=PARQUET) committed.
[2025-11-09T08:05:36.015+0000] {subprocess.py:106} INFO - 25/11/09 08:05:36 INFO HiveTableOperations: Committed to table hive_catalog.silver.it_jobs_clean with the new metadata location hdfs://dinhhoa-master:9000/user/ndh/warehouse/silver.db/it_jobs_clean/metadata/00013-c28f0240-2b0b-4e8b-85a5-f9686d63cf05.metadata.json
[2025-11-09T08:05:36.016+0000] {subprocess.py:106} INFO - 25/11/09 08:05:36 INFO BaseMetastoreTableOperations: Successfully committed to table hive_catalog.silver.it_jobs_clean in 237 ms
[2025-11-09T08:05:36.022+0000] {subprocess.py:106} INFO -  Cleaned data successfully written to Silver!
[2025-11-09T08:05:36.119+0000] {subprocess.py:106} INFO - 25/11/09 08:05:36 INFO V2ScanRelationPushDown:
[2025-11-09T08:05:36.120+0000] {subprocess.py:106} INFO - Pushing operators to hive_catalog.bronze.it_jobs_raw
[2025-11-09T08:05:36.121+0000] {subprocess.py:106} INFO - Pushed Filters: date_posted IS NOT NULL, job_link IS NOT NULL, NOT (job_link = '')
[2025-11-09T08:05:36.123+0000] {subprocess.py:106} INFO - Post-Scan Filters: isnotnull(date_posted#4),isnotnull(upper(trim(company_name#1, None))),NOT (upper(trim(company_name#1, None)) = ),isnotnull(job_link#5),NOT (job_link#5 = ),isnotnull(initcap(trim(job_title#0, None))),NOT (initcap(trim(job_title#0, None)) = ),isnotnull(cast(date_posted#4 as date)),(size(split(trim(location#2, None),  - , -1), true) > 0),isnotnull(split(trim(location#2, None),  - , -1))
[2025-11-09T08:05:36.124+0000] {subprocess.py:106} INFO - 
[2025-11-09T08:05:36.125+0000] {subprocess.py:106} INFO - 25/11/09 08:05:36 INFO V2ScanRelationPushDown:
[2025-11-09T08:05:36.127+0000] {subprocess.py:106} INFO - Output: job_title#0, company_name#1, location#2, date_posted#4, job_link#5
[2025-11-09T08:05:36.127+0000] {subprocess.py:106} INFO - 
[2025-11-09T08:05:36.128+0000] {subprocess.py:106} INFO - 25/11/09 08:05:36 INFO SnapshotScan: Scanning table hive_catalog.bronze.it_jobs_raw snapshot 703874905394608015 created at 2025-11-09T08:05:09.683+00:00 with filter ((date_posted IS NOT NULL AND job_link IS NOT NULL) AND NOT (job_link = (hash-00000000)))
[2025-11-09T08:05:36.129+0000] {subprocess.py:106} INFO - 25/11/09 08:05:36 INFO BaseDistributedDataScan: Planning file tasks locally for table hive_catalog.bronze.it_jobs_raw
[2025-11-09T08:05:36.347+0000] {subprocess.py:106} INFO - 25/11/09 08:05:36 INFO BlockManagerInfo: Removed broadcast_5_piece0 on 68d0d8c522fe:35019 in memory (size: 29.6 KiB, free: 434.3 MiB)
[2025-11-09T08:05:36.351+0000] {subprocess.py:106} INFO - 25/11/09 08:05:36 INFO BlockManagerInfo: Removed broadcast_5_piece0 on 172.30.0.8:44079 in memory (size: 29.6 KiB, free: 434.3 MiB)
[2025-11-09T08:05:36.367+0000] {subprocess.py:106} INFO - 25/11/09 08:05:36 INFO BlockManagerInfo: Removed broadcast_6_piece0 on 68d0d8c522fe:35019 in memory (size: 26.9 KiB, free: 434.3 MiB)
[2025-11-09T08:05:36.374+0000] {subprocess.py:106} INFO - 25/11/09 08:05:36 INFO BlockManagerInfo: Removed broadcast_6_piece0 on 172.30.0.8:44079 in memory (size: 26.9 KiB, free: 434.4 MiB)
[2025-11-09T08:05:36.374+0000] {subprocess.py:106} INFO - 25/11/09 08:05:36 INFO SparkPartitioningAwareScan: Reporting UnknownPartitioning with 3 partition(s) for table hive_catalog.bronze.it_jobs_raw
[2025-11-09T08:05:36.389+0000] {subprocess.py:106} INFO - 25/11/09 08:05:36 INFO MemoryStore: Block broadcast_7 stored as values in memory (estimated size 32.0 KiB, free 434.2 MiB)
[2025-11-09T08:05:36.411+0000] {subprocess.py:106} INFO - 25/11/09 08:05:36 INFO MemoryStore: Block broadcast_7_piece0 stored as bytes in memory (estimated size 29.8 KiB, free 434.2 MiB)
[2025-11-09T08:05:36.412+0000] {subprocess.py:106} INFO - 25/11/09 08:05:36 INFO BlockManagerInfo: Added broadcast_7_piece0 in memory on 68d0d8c522fe:35019 (size: 29.8 KiB, free: 434.3 MiB)
[2025-11-09T08:05:36.414+0000] {subprocess.py:106} INFO - 25/11/09 08:05:36 INFO SparkContext: Created broadcast 7 from broadcast at SparkBatch.java:79
[2025-11-09T08:05:36.452+0000] {subprocess.py:106} INFO - 25/11/09 08:05:36 INFO MemoryStore: Block broadcast_8 stored as values in memory (estimated size 32.0 KiB, free 434.2 MiB)
[2025-11-09T08:05:36.455+0000] {subprocess.py:106} INFO - 25/11/09 08:05:36 INFO MemoryStore: Block broadcast_8_piece0 stored as bytes in memory (estimated size 29.8 KiB, free 434.2 MiB)
[2025-11-09T08:05:36.457+0000] {subprocess.py:106} INFO - 25/11/09 08:05:36 INFO BlockManagerInfo: Added broadcast_8_piece0 in memory on 68d0d8c522fe:35019 (size: 29.8 KiB, free: 434.3 MiB)
[2025-11-09T08:05:36.458+0000] {subprocess.py:106} INFO - 25/11/09 08:05:36 INFO SparkContext: Created broadcast 8 from broadcast at SparkBatch.java:79
[2025-11-09T08:05:36.607+0000] {subprocess.py:106} INFO - 25/11/09 08:05:36 INFO CodeGenerator: Code generated in 70.326251 ms
[2025-11-09T08:05:36.624+0000] {subprocess.py:106} INFO - 25/11/09 08:05:36 INFO DAGScheduler: Registering RDD 19 (count at <unknown>:0) as input to shuffle 2
[2025-11-09T08:05:36.625+0000] {subprocess.py:106} INFO - 25/11/09 08:05:36 INFO DAGScheduler: Got map stage job 4 (count at <unknown>:0) with 3 output partitions
[2025-11-09T08:05:36.626+0000] {subprocess.py:106} INFO - 25/11/09 08:05:36 INFO DAGScheduler: Final stage: ShuffleMapStage 6 (count at <unknown>:0)
[2025-11-09T08:05:36.628+0000] {subprocess.py:106} INFO - 25/11/09 08:05:36 INFO DAGScheduler: Parents of final stage: List()
[2025-11-09T08:05:36.629+0000] {subprocess.py:106} INFO - 25/11/09 08:05:36 INFO DAGScheduler: Missing parents: List()
[2025-11-09T08:05:36.629+0000] {subprocess.py:106} INFO - 25/11/09 08:05:36 INFO DAGScheduler: Submitting ShuffleMapStage 6 (MapPartitionsRDD[19] at count at <unknown>:0), which has no missing parents
[2025-11-09T08:05:36.633+0000] {subprocess.py:106} INFO - 25/11/09 08:05:36 INFO MemoryStore: Block broadcast_9 stored as values in memory (estimated size 56.9 KiB, free 434.1 MiB)
[2025-11-09T08:05:36.647+0000] {subprocess.py:106} INFO - 25/11/09 08:05:36 INFO MemoryStore: Block broadcast_9_piece0 stored as bytes in memory (estimated size 22.6 KiB, free 434.1 MiB)
[2025-11-09T08:05:36.650+0000] {subprocess.py:106} INFO - 25/11/09 08:05:36 INFO BlockManagerInfo: Added broadcast_9_piece0 in memory on 68d0d8c522fe:35019 (size: 22.6 KiB, free: 434.3 MiB)
[2025-11-09T08:05:36.655+0000] {subprocess.py:106} INFO - 25/11/09 08:05:36 INFO SparkContext: Created broadcast 9 from broadcast at DAGScheduler.scala:1585
[2025-11-09T08:05:36.656+0000] {subprocess.py:106} INFO - 25/11/09 08:05:36 INFO DAGScheduler: Submitting 3 missing tasks from ShuffleMapStage 6 (MapPartitionsRDD[19] at count at <unknown>:0) (first 15 tasks are for partitions Vector(0, 1, 2))
[2025-11-09T08:05:36.656+0000] {subprocess.py:106} INFO - 25/11/09 08:05:36 INFO TaskSchedulerImpl: Adding task set 6.0 with 3 tasks resource profile 0
[2025-11-09T08:05:36.658+0000] {subprocess.py:106} INFO - 25/11/09 08:05:36 INFO TaskSetManager: Starting task 0.0 in stage 6.0 (TID 6) (172.30.0.8, executor 0, partition 0, ANY, 16416 bytes)
[2025-11-09T08:05:36.676+0000] {subprocess.py:106} INFO - 25/11/09 08:05:36 INFO BlockManagerInfo: Added broadcast_9_piece0 in memory on 172.30.0.8:44079 (size: 22.6 KiB, free: 434.3 MiB)
[2025-11-09T08:05:36.713+0000] {subprocess.py:106} INFO - 25/11/09 08:05:36 INFO BlockManagerInfo: Removed broadcast_2_piece0 on 68d0d8c522fe:35019 in memory (size: 29.8 KiB, free: 434.3 MiB)
[2025-11-09T08:05:36.824+0000] {subprocess.py:106} INFO - 25/11/09 08:05:36 INFO BlockManagerInfo: Added broadcast_8_piece0 in memory on 172.30.0.8:44079 (size: 29.8 KiB, free: 434.3 MiB)
[2025-11-09T08:05:37.205+0000] {subprocess.py:106} INFO - 25/11/09 08:05:37 INFO TaskSetManager: Starting task 1.0 in stage 6.0 (TID 7) (172.30.0.8, executor 0, partition 1, ANY, 16408 bytes)
[2025-11-09T08:05:37.208+0000] {subprocess.py:106} INFO - 25/11/09 08:05:37 INFO TaskSetManager: Finished task 0.0 in stage 6.0 (TID 6) in 549 ms on 172.30.0.8 (executor 0) (1/3)
[2025-11-09T08:05:37.549+0000] {subprocess.py:106} INFO - 25/11/09 08:05:37 INFO TaskSetManager: Starting task 2.0 in stage 6.0 (TID 8) (172.30.0.8, executor 0, partition 2, ANY, 16417 bytes)
[2025-11-09T08:05:37.550+0000] {subprocess.py:106} INFO - 25/11/09 08:05:37 INFO TaskSetManager: Finished task 1.0 in stage 6.0 (TID 7) in 345 ms on 172.30.0.8 (executor 0) (2/3)
[2025-11-09T08:05:37.881+0000] {subprocess.py:106} INFO - 25/11/09 08:05:37 INFO TaskSetManager: Finished task 2.0 in stage 6.0 (TID 8) in 334 ms on 172.30.0.8 (executor 0) (3/3)
[2025-11-09T08:05:37.882+0000] {subprocess.py:106} INFO - 25/11/09 08:05:37 INFO TaskSchedulerImpl: Removed TaskSet 6.0, whose tasks have all completed, from pool
[2025-11-09T08:05:37.886+0000] {subprocess.py:106} INFO - 25/11/09 08:05:37 INFO DAGScheduler: ShuffleMapStage 6 (count at <unknown>:0) finished in 1.252 s
[2025-11-09T08:05:37.886+0000] {subprocess.py:106} INFO - 25/11/09 08:05:37 INFO DAGScheduler: looking for newly runnable stages
[2025-11-09T08:05:37.887+0000] {subprocess.py:106} INFO - 25/11/09 08:05:37 INFO DAGScheduler: running: Set()
[2025-11-09T08:05:37.887+0000] {subprocess.py:106} INFO - 25/11/09 08:05:37 INFO DAGScheduler: waiting: Set()
[2025-11-09T08:05:37.888+0000] {subprocess.py:106} INFO - 25/11/09 08:05:37 INFO DAGScheduler: failed: Set()
[2025-11-09T08:05:37.896+0000] {subprocess.py:106} INFO - 25/11/09 08:05:37 INFO ShufflePartitionsUtil: For shuffle(2), advisory target size: 67108864, actual target size 1048576, minimum partition size: 1048576
[2025-11-09T08:05:37.948+0000] {subprocess.py:106} INFO - 25/11/09 08:05:37 INFO CodeGenerator: Code generated in 29.680561 ms
[2025-11-09T08:05:37.968+0000] {subprocess.py:106} INFO - 25/11/09 08:05:37 INFO DAGScheduler: Registering RDD 22 (count at <unknown>:0) as input to shuffle 3
[2025-11-09T08:05:37.970+0000] {subprocess.py:106} INFO - 25/11/09 08:05:37 INFO DAGScheduler: Got map stage job 5 (count at <unknown>:0) with 1 output partitions
[2025-11-09T08:05:37.970+0000] {subprocess.py:106} INFO - 25/11/09 08:05:37 INFO DAGScheduler: Final stage: ShuffleMapStage 8 (count at <unknown>:0)
[2025-11-09T08:05:37.971+0000] {subprocess.py:106} INFO - 25/11/09 08:05:37 INFO DAGScheduler: Parents of final stage: List(ShuffleMapStage 7)
[2025-11-09T08:05:37.971+0000] {subprocess.py:106} INFO - 25/11/09 08:05:37 INFO DAGScheduler: Missing parents: List()
[2025-11-09T08:05:37.972+0000] {subprocess.py:106} INFO - 25/11/09 08:05:37 INFO DAGScheduler: Submitting ShuffleMapStage 8 (MapPartitionsRDD[22] at count at <unknown>:0), which has no missing parents
[2025-11-09T08:05:37.980+0000] {subprocess.py:106} INFO - 25/11/09 08:05:37 INFO MemoryStore: Block broadcast_10 stored as values in memory (estimated size 54.2 KiB, free 434.1 MiB)
[2025-11-09T08:05:37.991+0000] {subprocess.py:106} INFO - 25/11/09 08:05:37 INFO MemoryStore: Block broadcast_10_piece0 stored as bytes in memory (estimated size 23.5 KiB, free 434.1 MiB)
[2025-11-09T08:05:37.993+0000] {subprocess.py:106} INFO - 25/11/09 08:05:37 INFO BlockManagerInfo: Added broadcast_10_piece0 in memory on 68d0d8c522fe:35019 (size: 23.5 KiB, free: 434.3 MiB)
[2025-11-09T08:05:37.998+0000] {subprocess.py:106} INFO - 25/11/09 08:05:37 INFO SparkContext: Created broadcast 10 from broadcast at DAGScheduler.scala:1585
[2025-11-09T08:05:37.999+0000] {subprocess.py:106} INFO - 25/11/09 08:05:37 INFO BlockManagerInfo: Removed broadcast_9_piece0 on 68d0d8c522fe:35019 in memory (size: 22.6 KiB, free: 434.3 MiB)
[2025-11-09T08:05:37.999+0000] {subprocess.py:106} INFO - 25/11/09 08:05:37 INFO DAGScheduler: Submitting 1 missing tasks from ShuffleMapStage 8 (MapPartitionsRDD[22] at count at <unknown>:0) (first 15 tasks are for partitions Vector(0))
[2025-11-09T08:05:38.000+0000] {subprocess.py:106} INFO - 25/11/09 08:05:37 INFO TaskSchedulerImpl: Adding task set 8.0 with 1 tasks resource profile 0
[2025-11-09T08:05:38.005+0000] {subprocess.py:106} INFO - 25/11/09 08:05:37 INFO TaskSetManager: Starting task 0.0 in stage 8.0 (TID 9) (172.30.0.8, executor 0, partition 0, NODE_LOCAL, 9320 bytes)
[2025-11-09T08:05:38.008+0000] {subprocess.py:106} INFO - 25/11/09 08:05:37 INFO BlockManagerInfo: Removed broadcast_9_piece0 on 172.30.0.8:44079 in memory (size: 22.6 KiB, free: 434.3 MiB)
[2025-11-09T08:05:38.023+0000] {subprocess.py:106} INFO - 25/11/09 08:05:38 INFO BlockManagerInfo: Added broadcast_10_piece0 in memory on 172.30.0.8:44079 (size: 23.5 KiB, free: 434.3 MiB)
[2025-11-09T08:05:38.056+0000] {subprocess.py:106} INFO - 25/11/09 08:05:38 INFO MapOutputTrackerMasterEndpoint: Asked to send map output locations for shuffle 2 to 172.30.0.8:44994
[2025-11-09T08:05:38.124+0000] {subprocess.py:106} INFO - 25/11/09 08:05:38 INFO TaskSetManager: Finished task 0.0 in stage 8.0 (TID 9) in 126 ms on 172.30.0.8 (executor 0) (1/1)
[2025-11-09T08:05:38.126+0000] {subprocess.py:106} INFO - 25/11/09 08:05:38 INFO TaskSchedulerImpl: Removed TaskSet 8.0, whose tasks have all completed, from pool
[2025-11-09T08:05:38.130+0000] {subprocess.py:106} INFO - 25/11/09 08:05:38 INFO DAGScheduler: ShuffleMapStage 8 (count at <unknown>:0) finished in 0.149 s
[2025-11-09T08:05:38.131+0000] {subprocess.py:106} INFO - 25/11/09 08:05:38 INFO DAGScheduler: looking for newly runnable stages
[2025-11-09T08:05:38.132+0000] {subprocess.py:106} INFO - 25/11/09 08:05:38 INFO DAGScheduler: running: Set()
[2025-11-09T08:05:38.133+0000] {subprocess.py:106} INFO - 25/11/09 08:05:38 INFO DAGScheduler: waiting: Set()
[2025-11-09T08:05:38.133+0000] {subprocess.py:106} INFO - 25/11/09 08:05:38 INFO DAGScheduler: failed: Set()
[2025-11-09T08:05:38.160+0000] {subprocess.py:106} INFO - 25/11/09 08:05:38 INFO CodeGenerator: Code generated in 15.681458 ms
[2025-11-09T08:05:38.174+0000] {subprocess.py:106} INFO - 25/11/09 08:05:38 INFO SparkContext: Starting job: count at <unknown>:0
[2025-11-09T08:05:38.175+0000] {subprocess.py:106} INFO - 25/11/09 08:05:38 INFO DAGScheduler: Got job 6 (count at <unknown>:0) with 1 output partitions
[2025-11-09T08:05:38.176+0000] {subprocess.py:106} INFO - 25/11/09 08:05:38 INFO DAGScheduler: Final stage: ResultStage 11 (count at <unknown>:0)
[2025-11-09T08:05:38.179+0000] {subprocess.py:106} INFO - 25/11/09 08:05:38 INFO DAGScheduler: Parents of final stage: List(ShuffleMapStage 10)
[2025-11-09T08:05:38.179+0000] {subprocess.py:106} INFO - 25/11/09 08:05:38 INFO DAGScheduler: Missing parents: List()
[2025-11-09T08:05:38.180+0000] {subprocess.py:106} INFO - 25/11/09 08:05:38 INFO DAGScheduler: Submitting ResultStage 11 (MapPartitionsRDD[25] at count at <unknown>:0), which has no missing parents
[2025-11-09T08:05:38.183+0000] {subprocess.py:106} INFO - 25/11/09 08:05:38 INFO MemoryStore: Block broadcast_11 stored as values in memory (estimated size 12.5 KiB, free 434.1 MiB)
[2025-11-09T08:05:38.200+0000] {subprocess.py:106} INFO - 25/11/09 08:05:38 INFO MemoryStore: Block broadcast_11_piece0 stored as bytes in memory (estimated size 5.9 KiB, free 434.1 MiB)
[2025-11-09T08:05:38.204+0000] {subprocess.py:106} INFO - 25/11/09 08:05:38 INFO BlockManagerInfo: Added broadcast_11_piece0 in memory on 68d0d8c522fe:35019 (size: 5.9 KiB, free: 434.3 MiB)
[2025-11-09T08:05:38.205+0000] {subprocess.py:106} INFO - 25/11/09 08:05:38 INFO SparkContext: Created broadcast 11 from broadcast at DAGScheduler.scala:1585
[2025-11-09T08:05:38.205+0000] {subprocess.py:106} INFO - 25/11/09 08:05:38 INFO DAGScheduler: Submitting 1 missing tasks from ResultStage 11 (MapPartitionsRDD[25] at count at <unknown>:0) (first 15 tasks are for partitions Vector(0))
[2025-11-09T08:05:38.206+0000] {subprocess.py:106} INFO - 25/11/09 08:05:38 INFO TaskSchedulerImpl: Adding task set 11.0 with 1 tasks resource profile 0
[2025-11-09T08:05:38.210+0000] {subprocess.py:106} INFO - 25/11/09 08:05:38 INFO TaskSetManager: Starting task 0.0 in stage 11.0 (TID 10) (172.30.0.8, executor 0, partition 0, NODE_LOCAL, 9331 bytes)
[2025-11-09T08:05:38.213+0000] {subprocess.py:106} INFO - 25/11/09 08:05:38 INFO BlockManagerInfo: Removed broadcast_10_piece0 on 68d0d8c522fe:35019 in memory (size: 23.5 KiB, free: 434.3 MiB)
[2025-11-09T08:05:38.214+0000] {subprocess.py:106} INFO - 25/11/09 08:05:38 INFO BlockManagerInfo: Removed broadcast_10_piece0 on 172.30.0.8:44079 in memory (size: 23.5 KiB, free: 434.3 MiB)
[2025-11-09T08:05:38.235+0000] {subprocess.py:106} INFO - 25/11/09 08:05:38 INFO BlockManagerInfo: Added broadcast_11_piece0 in memory on 172.30.0.8:44079 (size: 5.9 KiB, free: 434.3 MiB)
[2025-11-09T08:05:38.244+0000] {subprocess.py:106} INFO - 25/11/09 08:05:38 INFO MapOutputTrackerMasterEndpoint: Asked to send map output locations for shuffle 3 to 172.30.0.8:44994
[2025-11-09T08:05:38.288+0000] {subprocess.py:106} INFO - 25/11/09 08:05:38 INFO TaskSetManager: Finished task 0.0 in stage 11.0 (TID 10) in 79 ms on 172.30.0.8 (executor 0) (1/1)
[2025-11-09T08:05:38.289+0000] {subprocess.py:106} INFO - 25/11/09 08:05:38 INFO TaskSchedulerImpl: Removed TaskSet 11.0, whose tasks have all completed, from pool
[2025-11-09T08:05:38.290+0000] {subprocess.py:106} INFO - 25/11/09 08:05:38 INFO DAGScheduler: ResultStage 11 (count at <unknown>:0) finished in 0.107 s
[2025-11-09T08:05:38.294+0000] {subprocess.py:106} INFO - 25/11/09 08:05:38 INFO DAGScheduler: Job 6 is finished. Cancelling potential speculative or zombie tasks for this job
[2025-11-09T08:05:38.295+0000] {subprocess.py:106} INFO - 25/11/09 08:05:38 INFO TaskSchedulerImpl: Killing all running tasks in stage 11: Stage finished
[2025-11-09T08:05:38.297+0000] {subprocess.py:106} INFO - 25/11/09 08:05:38 INFO DAGScheduler: Job 6 finished: count at <unknown>:0, took 0.116526 s
[2025-11-09T08:05:38.302+0000] {subprocess.py:106} INFO -  Record count after cleaning: 3794
[2025-11-09T08:05:38.305+0000] {subprocess.py:106} INFO - 25/11/09 08:05:38 INFO SparkContext: SparkContext is stopping with exitCode 0.
[2025-11-09T08:05:38.332+0000] {subprocess.py:106} INFO - 25/11/09 08:05:38 INFO SparkUI: Stopped Spark web UI at http://68d0d8c522fe:4040
[2025-11-09T08:05:38.347+0000] {subprocess.py:106} INFO - 25/11/09 08:05:38 INFO StandaloneSchedulerBackend: Shutting down all executors
[2025-11-09T08:05:38.349+0000] {subprocess.py:106} INFO - 25/11/09 08:05:38 INFO StandaloneSchedulerBackend$StandaloneDriverEndpoint: Asking each executor to shut down
[2025-11-09T08:05:38.379+0000] {subprocess.py:106} INFO - 25/11/09 08:05:38 INFO MapOutputTrackerMasterEndpoint: MapOutputTrackerMasterEndpoint stopped!
[2025-11-09T08:05:38.408+0000] {subprocess.py:106} INFO - 25/11/09 08:05:38 INFO MemoryStore: MemoryStore cleared
[2025-11-09T08:05:38.409+0000] {subprocess.py:106} INFO - 25/11/09 08:05:38 INFO BlockManager: BlockManager stopped
[2025-11-09T08:05:38.418+0000] {subprocess.py:106} INFO - 25/11/09 08:05:38 INFO BlockManagerMaster: BlockManagerMaster stopped
[2025-11-09T08:05:38.425+0000] {subprocess.py:106} INFO - 25/11/09 08:05:38 INFO OutputCommitCoordinator$OutputCommitCoordinatorEndpoint: OutputCommitCoordinator stopped!
[2025-11-09T08:05:38.446+0000] {subprocess.py:106} INFO - 25/11/09 08:05:38 INFO SparkContext: Successfully stopped SparkContext
[2025-11-09T08:05:38.906+0000] {subprocess.py:106} INFO - 25/11/09 08:05:38 INFO ShutdownHookManager: Shutdown hook called
[2025-11-09T08:05:38.907+0000] {subprocess.py:106} INFO - 25/11/09 08:05:38 INFO ShutdownHookManager: Deleting directory /tmp/spark-6be9f0b8-e786-4f60-9dd0-ceea172946f3
[2025-11-09T08:05:38.911+0000] {subprocess.py:106} INFO - 25/11/09 08:05:38 INFO ShutdownHookManager: Deleting directory /tmp/spark-a7fa691d-be81-4281-bee1-de9ce81fb2d3
[2025-11-09T08:05:38.914+0000] {subprocess.py:106} INFO - 25/11/09 08:05:38 INFO ShutdownHookManager: Deleting directory /tmp/spark-6be9f0b8-e786-4f60-9dd0-ceea172946f3/pyspark-cd638ab1-2e5e-47e5-a86c-eca2b8df9736
[2025-11-09T08:05:38.997+0000] {subprocess.py:110} INFO - Command exited with return code 0
[2025-11-09T08:05:39.074+0000] {taskinstance.py:341} INFO - ::group::Post task execution logs
[2025-11-09T08:05:39.075+0000] {taskinstance.py:353} INFO - Marking task as SUCCESS. dag_id=crawl_etl_itjob, task_id=clean_silver, run_id=scheduled__2025-11-08T02:00:00+00:00, execution_date=20251108T020000, start_date=20251109T080511, end_date=20251109T080539
[2025-11-09T08:05:39.183+0000] {local_task_job_runner.py:266} INFO - Task exited with return code 0
[2025-11-09T08:05:39.223+0000] {taskinstance.py:3901} INFO - 1 downstream tasks scheduled from follow-on schedule check
[2025-11-09T08:05:39.226+0000] {local_task_job_runner.py:245} INFO - ::endgroup::
