[2025-11-07T19:02:09.340+0000] {processor.py:186} INFO - Started process (PID=41) to work on /opt/airflow/dags/etl_datalake_dag.py
[2025-11-07T19:02:09.340+0000] {processor.py:914} INFO - Processing file /opt/airflow/dags/etl_datalake_dag.py for tasks to queue
[2025-11-07T19:02:09.342+0000] {logging_mixin.py:190} INFO - [2025-11-07T19:02:09.342+0000] {dagbag.py:588} INFO - Filling up the DagBag from /opt/airflow/dags/etl_datalake_dag.py
[2025-11-07T19:02:09.360+0000] {processor.py:925} INFO - DAG(s) 'etl_datalake_hive_iceberg' retrieved from /opt/airflow/dags/etl_datalake_dag.py
[2025-11-07T19:02:09.401+0000] {logging_mixin.py:190} INFO - [2025-11-07T19:02:09.401+0000] {dag.py:3239} INFO - Sync 1 DAGs
[2025-11-07T19:02:09.435+0000] {logging_mixin.py:190} INFO - [2025-11-07T19:02:09.435+0000] {dag.py:4180} INFO - Setting next_dagrun for etl_datalake_hive_iceberg to 2025-11-06T00:00:00+00:00, run_after=2025-11-07T00:00:00+00:00
[2025-11-07T19:02:09.458+0000] {processor.py:208} INFO - Processing /opt/airflow/dags/etl_datalake_dag.py took 0.124 seconds
[2025-11-07T19:02:40.105+0000] {processor.py:186} INFO - Started process (PID=45) to work on /opt/airflow/dags/etl_datalake_dag.py
[2025-11-07T19:02:40.105+0000] {processor.py:914} INFO - Processing file /opt/airflow/dags/etl_datalake_dag.py for tasks to queue
[2025-11-07T19:02:40.107+0000] {logging_mixin.py:190} INFO - [2025-11-07T19:02:40.107+0000] {dagbag.py:588} INFO - Filling up the DagBag from /opt/airflow/dags/etl_datalake_dag.py
[2025-11-07T19:02:40.128+0000] {processor.py:925} INFO - DAG(s) 'etl_datalake_hive_iceberg' retrieved from /opt/airflow/dags/etl_datalake_dag.py
[2025-11-07T19:02:40.174+0000] {logging_mixin.py:190} INFO - [2025-11-07T19:02:40.173+0000] {dag.py:3239} INFO - Sync 1 DAGs
[2025-11-07T19:02:40.223+0000] {logging_mixin.py:190} INFO - [2025-11-07T19:02:40.223+0000] {dag.py:4180} INFO - Setting next_dagrun for etl_datalake_hive_iceberg to 2025-11-06T00:00:00+00:00, run_after=2025-11-07T00:00:00+00:00
[2025-11-07T19:02:40.257+0000] {processor.py:208} INFO - Processing /opt/airflow/dags/etl_datalake_dag.py took 0.159 seconds
[2025-11-07T19:03:10.993+0000] {processor.py:186} INFO - Started process (PID=49) to work on /opt/airflow/dags/etl_datalake_dag.py
[2025-11-07T19:03:10.994+0000] {processor.py:914} INFO - Processing file /opt/airflow/dags/etl_datalake_dag.py for tasks to queue
[2025-11-07T19:03:10.995+0000] {logging_mixin.py:190} INFO - [2025-11-07T19:03:10.995+0000] {dagbag.py:588} INFO - Filling up the DagBag from /opt/airflow/dags/etl_datalake_dag.py
[2025-11-07T19:03:11.016+0000] {processor.py:925} INFO - DAG(s) 'etl_datalake_hive_iceberg' retrieved from /opt/airflow/dags/etl_datalake_dag.py
[2025-11-07T19:03:11.057+0000] {logging_mixin.py:190} INFO - [2025-11-07T19:03:11.056+0000] {dag.py:3239} INFO - Sync 1 DAGs
[2025-11-07T19:03:11.089+0000] {logging_mixin.py:190} INFO - [2025-11-07T19:03:11.089+0000] {dag.py:4180} INFO - Setting next_dagrun for etl_datalake_hive_iceberg to 2025-11-06T00:00:00+00:00, run_after=2025-11-07T00:00:00+00:00
[2025-11-07T19:03:11.120+0000] {processor.py:208} INFO - Processing /opt/airflow/dags/etl_datalake_dag.py took 0.133 seconds
[2025-11-07T19:03:41.726+0000] {processor.py:186} INFO - Started process (PID=53) to work on /opt/airflow/dags/etl_datalake_dag.py
[2025-11-07T19:03:41.727+0000] {processor.py:914} INFO - Processing file /opt/airflow/dags/etl_datalake_dag.py for tasks to queue
[2025-11-07T19:03:41.728+0000] {logging_mixin.py:190} INFO - [2025-11-07T19:03:41.728+0000] {dagbag.py:588} INFO - Filling up the DagBag from /opt/airflow/dags/etl_datalake_dag.py
[2025-11-07T19:03:41.751+0000] {processor.py:925} INFO - DAG(s) 'etl_datalake_hive_iceberg' retrieved from /opt/airflow/dags/etl_datalake_dag.py
[2025-11-07T19:03:41.799+0000] {logging_mixin.py:190} INFO - [2025-11-07T19:03:41.798+0000] {dag.py:3239} INFO - Sync 1 DAGs
[2025-11-07T19:03:41.846+0000] {logging_mixin.py:190} INFO - [2025-11-07T19:03:41.846+0000] {dag.py:4180} INFO - Setting next_dagrun for etl_datalake_hive_iceberg to 2025-11-06T00:00:00+00:00, run_after=2025-11-07T00:00:00+00:00
[2025-11-07T19:03:41.906+0000] {processor.py:208} INFO - Processing /opt/airflow/dags/etl_datalake_dag.py took 0.187 seconds
[2025-11-07T19:04:12.707+0000] {processor.py:186} INFO - Started process (PID=57) to work on /opt/airflow/dags/etl_datalake_dag.py
[2025-11-07T19:04:12.707+0000] {processor.py:914} INFO - Processing file /opt/airflow/dags/etl_datalake_dag.py for tasks to queue
[2025-11-07T19:04:12.708+0000] {logging_mixin.py:190} INFO - [2025-11-07T19:04:12.708+0000] {dagbag.py:588} INFO - Filling up the DagBag from /opt/airflow/dags/etl_datalake_dag.py
[2025-11-07T19:04:12.727+0000] {processor.py:925} INFO - DAG(s) 'etl_datalake_hive_iceberg' retrieved from /opt/airflow/dags/etl_datalake_dag.py
[2025-11-07T19:04:12.773+0000] {logging_mixin.py:190} INFO - [2025-11-07T19:04:12.773+0000] {dag.py:3239} INFO - Sync 1 DAGs
[2025-11-07T19:04:12.827+0000] {logging_mixin.py:190} INFO - [2025-11-07T19:04:12.827+0000] {dag.py:4180} INFO - Setting next_dagrun for etl_datalake_hive_iceberg to 2025-11-06T00:00:00+00:00, run_after=2025-11-07T00:00:00+00:00
[2025-11-07T19:04:12.864+0000] {processor.py:208} INFO - Processing /opt/airflow/dags/etl_datalake_dag.py took 0.164 seconds
[2025-11-07T19:04:44.639+0000] {processor.py:186} INFO - Started process (PID=61) to work on /opt/airflow/dags/etl_datalake_dag.py
[2025-11-07T19:04:44.641+0000] {processor.py:914} INFO - Processing file /opt/airflow/dags/etl_datalake_dag.py for tasks to queue
[2025-11-07T19:04:44.643+0000] {logging_mixin.py:190} INFO - [2025-11-07T19:04:44.643+0000] {dagbag.py:588} INFO - Filling up the DagBag from /opt/airflow/dags/etl_datalake_dag.py
[2025-11-07T19:04:44.684+0000] {processor.py:925} INFO - DAG(s) 'etl_datalake_hive_iceberg' retrieved from /opt/airflow/dags/etl_datalake_dag.py
[2025-11-07T19:04:44.769+0000] {logging_mixin.py:190} INFO - [2025-11-07T19:04:44.769+0000] {dag.py:3239} INFO - Sync 1 DAGs
[2025-11-07T19:04:44.809+0000] {logging_mixin.py:190} INFO - [2025-11-07T19:04:44.809+0000] {dag.py:4180} INFO - Setting next_dagrun for etl_datalake_hive_iceberg to 2025-11-06T00:00:00+00:00, run_after=2025-11-07T00:00:00+00:00
[2025-11-07T19:04:44.841+0000] {processor.py:208} INFO - Processing /opt/airflow/dags/etl_datalake_dag.py took 0.213 seconds
[2025-11-07T19:05:17.573+0000] {processor.py:186} INFO - Started process (PID=65) to work on /opt/airflow/dags/etl_datalake_dag.py
[2025-11-07T19:05:17.574+0000] {processor.py:914} INFO - Processing file /opt/airflow/dags/etl_datalake_dag.py for tasks to queue
[2025-11-07T19:05:17.575+0000] {logging_mixin.py:190} INFO - [2025-11-07T19:05:17.575+0000] {dagbag.py:588} INFO - Filling up the DagBag from /opt/airflow/dags/etl_datalake_dag.py
[2025-11-07T19:05:17.595+0000] {processor.py:925} INFO - DAG(s) 'etl_datalake_hive_iceberg' retrieved from /opt/airflow/dags/etl_datalake_dag.py
[2025-11-07T19:05:17.637+0000] {logging_mixin.py:190} INFO - [2025-11-07T19:05:17.637+0000] {dag.py:3239} INFO - Sync 1 DAGs
[2025-11-07T19:05:17.679+0000] {logging_mixin.py:190} INFO - [2025-11-07T19:05:17.679+0000] {dag.py:4180} INFO - Setting next_dagrun for etl_datalake_hive_iceberg to 2025-11-06T00:00:00+00:00, run_after=2025-11-07T00:00:00+00:00
[2025-11-07T19:05:17.719+0000] {processor.py:208} INFO - Processing /opt/airflow/dags/etl_datalake_dag.py took 0.153 seconds
[2025-11-07T19:05:51.305+0000] {processor.py:186} INFO - Started process (PID=69) to work on /opt/airflow/dags/etl_datalake_dag.py
[2025-11-07T19:05:51.305+0000] {processor.py:914} INFO - Processing file /opt/airflow/dags/etl_datalake_dag.py for tasks to queue
[2025-11-07T19:05:51.307+0000] {logging_mixin.py:190} INFO - [2025-11-07T19:05:51.307+0000] {dagbag.py:588} INFO - Filling up the DagBag from /opt/airflow/dags/etl_datalake_dag.py
[2025-11-07T19:05:51.329+0000] {processor.py:925} INFO - DAG(s) 'etl_datalake_hive_iceberg' retrieved from /opt/airflow/dags/etl_datalake_dag.py
[2025-11-07T19:05:51.371+0000] {logging_mixin.py:190} INFO - [2025-11-07T19:05:51.371+0000] {dag.py:3239} INFO - Sync 1 DAGs
[2025-11-07T19:05:51.401+0000] {logging_mixin.py:190} INFO - [2025-11-07T19:05:51.400+0000] {dag.py:4180} INFO - Setting next_dagrun for etl_datalake_hive_iceberg to 2025-11-06T00:00:00+00:00, run_after=2025-11-07T00:00:00+00:00
[2025-11-07T19:05:51.427+0000] {processor.py:208} INFO - Processing /opt/airflow/dags/etl_datalake_dag.py took 0.129 seconds
[2025-11-07T19:06:24.347+0000] {processor.py:186} INFO - Started process (PID=73) to work on /opt/airflow/dags/etl_datalake_dag.py
[2025-11-07T19:06:24.349+0000] {processor.py:914} INFO - Processing file /opt/airflow/dags/etl_datalake_dag.py for tasks to queue
[2025-11-07T19:06:24.350+0000] {logging_mixin.py:190} INFO - [2025-11-07T19:06:24.350+0000] {dagbag.py:588} INFO - Filling up the DagBag from /opt/airflow/dags/etl_datalake_dag.py
[2025-11-07T19:06:24.382+0000] {processor.py:925} INFO - DAG(s) 'etl_datalake_hive_iceberg' retrieved from /opt/airflow/dags/etl_datalake_dag.py
[2025-11-07T19:06:24.448+0000] {logging_mixin.py:190} INFO - [2025-11-07T19:06:24.448+0000] {dag.py:3239} INFO - Sync 1 DAGs
[2025-11-07T19:06:24.504+0000] {logging_mixin.py:190} INFO - [2025-11-07T19:06:24.504+0000] {dag.py:4180} INFO - Setting next_dagrun for etl_datalake_hive_iceberg to 2025-11-06T00:00:00+00:00, run_after=2025-11-07T00:00:00+00:00
[2025-11-07T19:06:24.542+0000] {processor.py:208} INFO - Processing /opt/airflow/dags/etl_datalake_dag.py took 0.202 seconds
[2025-11-07T19:06:58.986+0000] {processor.py:186} INFO - Started process (PID=77) to work on /opt/airflow/dags/etl_datalake_dag.py
[2025-11-07T19:06:58.988+0000] {processor.py:914} INFO - Processing file /opt/airflow/dags/etl_datalake_dag.py for tasks to queue
[2025-11-07T19:06:58.990+0000] {logging_mixin.py:190} INFO - [2025-11-07T19:06:58.989+0000] {dagbag.py:588} INFO - Filling up the DagBag from /opt/airflow/dags/etl_datalake_dag.py
[2025-11-07T19:06:59.040+0000] {processor.py:925} INFO - DAG(s) 'etl_datalake_hive_iceberg' retrieved from /opt/airflow/dags/etl_datalake_dag.py
[2025-11-07T19:06:59.109+0000] {logging_mixin.py:190} INFO - [2025-11-07T19:06:59.108+0000] {dag.py:3239} INFO - Sync 1 DAGs
[2025-11-07T19:06:59.177+0000] {logging_mixin.py:190} INFO - [2025-11-07T19:06:59.176+0000] {dag.py:4180} INFO - Setting next_dagrun for etl_datalake_hive_iceberg to 2025-11-06T00:00:00+00:00, run_after=2025-11-07T00:00:00+00:00
[2025-11-07T19:06:59.222+0000] {processor.py:208} INFO - Processing /opt/airflow/dags/etl_datalake_dag.py took 0.258 seconds
[2025-11-07T19:07:31.391+0000] {processor.py:186} INFO - Started process (PID=81) to work on /opt/airflow/dags/etl_datalake_dag.py
[2025-11-07T19:07:31.392+0000] {processor.py:914} INFO - Processing file /opt/airflow/dags/etl_datalake_dag.py for tasks to queue
[2025-11-07T19:07:31.394+0000] {logging_mixin.py:190} INFO - [2025-11-07T19:07:31.393+0000] {dagbag.py:588} INFO - Filling up the DagBag from /opt/airflow/dags/etl_datalake_dag.py
[2025-11-07T19:07:31.422+0000] {processor.py:925} INFO - DAG(s) 'etl_datalake_hive_iceberg' retrieved from /opt/airflow/dags/etl_datalake_dag.py
[2025-11-07T19:07:31.476+0000] {logging_mixin.py:190} INFO - [2025-11-07T19:07:31.476+0000] {dag.py:3239} INFO - Sync 1 DAGs
[2025-11-07T19:07:31.523+0000] {logging_mixin.py:190} INFO - [2025-11-07T19:07:31.522+0000] {dag.py:4180} INFO - Setting next_dagrun for etl_datalake_hive_iceberg to 2025-11-06T00:00:00+00:00, run_after=2025-11-07T00:00:00+00:00
[2025-11-07T19:07:31.554+0000] {processor.py:208} INFO - Processing /opt/airflow/dags/etl_datalake_dag.py took 0.173 seconds
[2025-11-07T19:08:04.278+0000] {processor.py:186} INFO - Started process (PID=85) to work on /opt/airflow/dags/etl_datalake_dag.py
[2025-11-07T19:08:04.279+0000] {processor.py:914} INFO - Processing file /opt/airflow/dags/etl_datalake_dag.py for tasks to queue
[2025-11-07T19:08:04.281+0000] {logging_mixin.py:190} INFO - [2025-11-07T19:08:04.280+0000] {dagbag.py:588} INFO - Filling up the DagBag from /opt/airflow/dags/etl_datalake_dag.py
[2025-11-07T19:08:04.312+0000] {processor.py:925} INFO - DAG(s) 'etl_datalake_hive_iceberg' retrieved from /opt/airflow/dags/etl_datalake_dag.py
[2025-11-07T19:08:04.377+0000] {logging_mixin.py:190} INFO - [2025-11-07T19:08:04.377+0000] {dag.py:3239} INFO - Sync 1 DAGs
[2025-11-07T19:08:04.422+0000] {logging_mixin.py:190} INFO - [2025-11-07T19:08:04.422+0000] {dag.py:4180} INFO - Setting next_dagrun for etl_datalake_hive_iceberg to 2025-11-06T00:00:00+00:00, run_after=2025-11-07T00:00:00+00:00
[2025-11-07T19:08:04.459+0000] {processor.py:208} INFO - Processing /opt/airflow/dags/etl_datalake_dag.py took 0.190 seconds
[2025-11-07T19:08:37.777+0000] {processor.py:186} INFO - Started process (PID=89) to work on /opt/airflow/dags/etl_datalake_dag.py
[2025-11-07T19:08:37.778+0000] {processor.py:914} INFO - Processing file /opt/airflow/dags/etl_datalake_dag.py for tasks to queue
[2025-11-07T19:08:37.780+0000] {logging_mixin.py:190} INFO - [2025-11-07T19:08:37.780+0000] {dagbag.py:588} INFO - Filling up the DagBag from /opt/airflow/dags/etl_datalake_dag.py
[2025-11-07T19:08:37.803+0000] {processor.py:925} INFO - DAG(s) 'etl_datalake_hive_iceberg' retrieved from /opt/airflow/dags/etl_datalake_dag.py
[2025-11-07T19:08:37.867+0000] {logging_mixin.py:190} INFO - [2025-11-07T19:08:37.867+0000] {dag.py:3239} INFO - Sync 1 DAGs
[2025-11-07T19:08:37.920+0000] {logging_mixin.py:190} INFO - [2025-11-07T19:08:37.920+0000] {dag.py:4180} INFO - Setting next_dagrun for etl_datalake_hive_iceberg to 2025-11-06T00:00:00+00:00, run_after=2025-11-07T00:00:00+00:00
[2025-11-07T19:08:37.956+0000] {processor.py:208} INFO - Processing /opt/airflow/dags/etl_datalake_dag.py took 0.189 seconds
[2025-11-07T19:09:10.785+0000] {processor.py:186} INFO - Started process (PID=93) to work on /opt/airflow/dags/etl_datalake_dag.py
[2025-11-07T19:09:10.787+0000] {processor.py:914} INFO - Processing file /opt/airflow/dags/etl_datalake_dag.py for tasks to queue
[2025-11-07T19:09:10.791+0000] {logging_mixin.py:190} INFO - [2025-11-07T19:09:10.791+0000] {dagbag.py:588} INFO - Filling up the DagBag from /opt/airflow/dags/etl_datalake_dag.py
[2025-11-07T19:09:10.836+0000] {processor.py:925} INFO - DAG(s) 'etl_datalake_hive_iceberg' retrieved from /opt/airflow/dags/etl_datalake_dag.py
[2025-11-07T19:09:10.916+0000] {logging_mixin.py:190} INFO - [2025-11-07T19:09:10.915+0000] {dag.py:3239} INFO - Sync 1 DAGs
[2025-11-07T19:09:10.980+0000] {logging_mixin.py:190} INFO - [2025-11-07T19:09:10.980+0000] {dag.py:4180} INFO - Setting next_dagrun for etl_datalake_hive_iceberg to 2025-11-06T00:00:00+00:00, run_after=2025-11-07T00:00:00+00:00
[2025-11-07T19:09:11.046+0000] {processor.py:208} INFO - Processing /opt/airflow/dags/etl_datalake_dag.py took 0.273 seconds
[2025-11-07T19:09:43.936+0000] {processor.py:186} INFO - Started process (PID=97) to work on /opt/airflow/dags/etl_datalake_dag.py
[2025-11-07T19:09:43.937+0000] {processor.py:914} INFO - Processing file /opt/airflow/dags/etl_datalake_dag.py for tasks to queue
[2025-11-07T19:09:43.939+0000] {logging_mixin.py:190} INFO - [2025-11-07T19:09:43.939+0000] {dagbag.py:588} INFO - Filling up the DagBag from /opt/airflow/dags/etl_datalake_dag.py
[2025-11-07T19:09:43.973+0000] {processor.py:925} INFO - DAG(s) 'etl_datalake_hive_iceberg' retrieved from /opt/airflow/dags/etl_datalake_dag.py
[2025-11-07T19:09:44.044+0000] {logging_mixin.py:190} INFO - [2025-11-07T19:09:44.043+0000] {dag.py:3239} INFO - Sync 1 DAGs
[2025-11-07T19:09:44.099+0000] {logging_mixin.py:190} INFO - [2025-11-07T19:09:44.099+0000] {dag.py:4180} INFO - Setting next_dagrun for etl_datalake_hive_iceberg to 2025-11-06T00:00:00+00:00, run_after=2025-11-07T00:00:00+00:00
[2025-11-07T19:09:44.161+0000] {processor.py:208} INFO - Processing /opt/airflow/dags/etl_datalake_dag.py took 0.235 seconds
[2025-11-07T19:10:17.949+0000] {processor.py:186} INFO - Started process (PID=101) to work on /opt/airflow/dags/etl_datalake_dag.py
[2025-11-07T19:10:17.950+0000] {processor.py:914} INFO - Processing file /opt/airflow/dags/etl_datalake_dag.py for tasks to queue
[2025-11-07T19:10:17.951+0000] {logging_mixin.py:190} INFO - [2025-11-07T19:10:17.951+0000] {dagbag.py:588} INFO - Filling up the DagBag from /opt/airflow/dags/etl_datalake_dag.py
[2025-11-07T19:10:17.973+0000] {processor.py:925} INFO - DAG(s) 'etl_datalake_hive_iceberg' retrieved from /opt/airflow/dags/etl_datalake_dag.py
[2025-11-07T19:10:18.021+0000] {logging_mixin.py:190} INFO - [2025-11-07T19:10:18.020+0000] {dag.py:3239} INFO - Sync 1 DAGs
[2025-11-07T19:10:18.062+0000] {logging_mixin.py:190} INFO - [2025-11-07T19:10:18.061+0000] {dag.py:4180} INFO - Setting next_dagrun for etl_datalake_hive_iceberg to 2025-11-06T00:00:00+00:00, run_after=2025-11-07T00:00:00+00:00
[2025-11-07T19:10:18.120+0000] {processor.py:208} INFO - Processing /opt/airflow/dags/etl_datalake_dag.py took 0.179 seconds
[2025-11-07T19:10:51.375+0000] {processor.py:186} INFO - Started process (PID=105) to work on /opt/airflow/dags/etl_datalake_dag.py
[2025-11-07T19:10:51.377+0000] {processor.py:914} INFO - Processing file /opt/airflow/dags/etl_datalake_dag.py for tasks to queue
[2025-11-07T19:10:51.380+0000] {logging_mixin.py:190} INFO - [2025-11-07T19:10:51.379+0000] {dagbag.py:588} INFO - Filling up the DagBag from /opt/airflow/dags/etl_datalake_dag.py
[2025-11-07T19:10:51.422+0000] {processor.py:925} INFO - DAG(s) 'etl_datalake_hive_iceberg' retrieved from /opt/airflow/dags/etl_datalake_dag.py
[2025-11-07T19:10:51.515+0000] {logging_mixin.py:190} INFO - [2025-11-07T19:10:51.514+0000] {dag.py:3239} INFO - Sync 1 DAGs
[2025-11-07T19:10:51.568+0000] {logging_mixin.py:190} INFO - [2025-11-07T19:10:51.568+0000] {dag.py:4180} INFO - Setting next_dagrun for etl_datalake_hive_iceberg to 2025-11-06T00:00:00+00:00, run_after=2025-11-07T00:00:00+00:00
[2025-11-07T19:10:51.613+0000] {processor.py:208} INFO - Processing /opt/airflow/dags/etl_datalake_dag.py took 0.256 seconds
[2025-11-07T19:11:24.294+0000] {processor.py:186} INFO - Started process (PID=109) to work on /opt/airflow/dags/etl_datalake_dag.py
[2025-11-07T19:11:24.295+0000] {processor.py:914} INFO - Processing file /opt/airflow/dags/etl_datalake_dag.py for tasks to queue
[2025-11-07T19:11:24.296+0000] {logging_mixin.py:190} INFO - [2025-11-07T19:11:24.296+0000] {dagbag.py:588} INFO - Filling up the DagBag from /opt/airflow/dags/etl_datalake_dag.py
[2025-11-07T19:11:24.321+0000] {processor.py:925} INFO - DAG(s) 'etl_datalake_hive_iceberg' retrieved from /opt/airflow/dags/etl_datalake_dag.py
[2025-11-07T19:11:24.370+0000] {logging_mixin.py:190} INFO - [2025-11-07T19:11:24.370+0000] {dag.py:3239} INFO - Sync 1 DAGs
[2025-11-07T19:11:24.408+0000] {logging_mixin.py:190} INFO - [2025-11-07T19:11:24.407+0000] {dag.py:4180} INFO - Setting next_dagrun for etl_datalake_hive_iceberg to 2025-11-06T00:00:00+00:00, run_after=2025-11-07T00:00:00+00:00
[2025-11-07T19:11:24.446+0000] {processor.py:208} INFO - Processing /opt/airflow/dags/etl_datalake_dag.py took 0.161 seconds
[2025-11-07T19:11:57.520+0000] {processor.py:186} INFO - Started process (PID=113) to work on /opt/airflow/dags/etl_datalake_dag.py
[2025-11-07T19:11:57.521+0000] {processor.py:914} INFO - Processing file /opt/airflow/dags/etl_datalake_dag.py for tasks to queue
[2025-11-07T19:11:57.522+0000] {logging_mixin.py:190} INFO - [2025-11-07T19:11:57.522+0000] {dagbag.py:588} INFO - Filling up the DagBag from /opt/airflow/dags/etl_datalake_dag.py
[2025-11-07T19:11:57.545+0000] {processor.py:925} INFO - DAG(s) 'etl_datalake_hive_iceberg' retrieved from /opt/airflow/dags/etl_datalake_dag.py
[2025-11-07T19:11:57.596+0000] {logging_mixin.py:190} INFO - [2025-11-07T19:11:57.596+0000] {dag.py:3239} INFO - Sync 1 DAGs
[2025-11-07T19:11:57.640+0000] {logging_mixin.py:190} INFO - [2025-11-07T19:11:57.640+0000] {dag.py:4180} INFO - Setting next_dagrun for etl_datalake_hive_iceberg to 2025-11-06T00:00:00+00:00, run_after=2025-11-07T00:00:00+00:00
[2025-11-07T19:11:57.673+0000] {processor.py:208} INFO - Processing /opt/airflow/dags/etl_datalake_dag.py took 0.160 seconds
[2025-11-07T19:12:30.316+0000] {processor.py:186} INFO - Started process (PID=117) to work on /opt/airflow/dags/etl_datalake_dag.py
[2025-11-07T19:12:30.317+0000] {processor.py:914} INFO - Processing file /opt/airflow/dags/etl_datalake_dag.py for tasks to queue
[2025-11-07T19:12:30.318+0000] {logging_mixin.py:190} INFO - [2025-11-07T19:12:30.318+0000] {dagbag.py:588} INFO - Filling up the DagBag from /opt/airflow/dags/etl_datalake_dag.py
[2025-11-07T19:12:30.341+0000] {processor.py:925} INFO - DAG(s) 'etl_datalake_hive_iceberg' retrieved from /opt/airflow/dags/etl_datalake_dag.py
[2025-11-07T19:12:30.390+0000] {logging_mixin.py:190} INFO - [2025-11-07T19:12:30.389+0000] {dag.py:3239} INFO - Sync 1 DAGs
[2025-11-07T19:12:30.434+0000] {logging_mixin.py:190} INFO - [2025-11-07T19:12:30.434+0000] {dag.py:4180} INFO - Setting next_dagrun for etl_datalake_hive_iceberg to 2025-11-06T00:00:00+00:00, run_after=2025-11-07T00:00:00+00:00
[2025-11-07T19:12:30.482+0000] {processor.py:208} INFO - Processing /opt/airflow/dags/etl_datalake_dag.py took 0.173 seconds
[2025-11-07T19:13:04.394+0000] {processor.py:186} INFO - Started process (PID=121) to work on /opt/airflow/dags/etl_datalake_dag.py
[2025-11-07T19:13:04.394+0000] {processor.py:914} INFO - Processing file /opt/airflow/dags/etl_datalake_dag.py for tasks to queue
[2025-11-07T19:13:04.396+0000] {logging_mixin.py:190} INFO - [2025-11-07T19:13:04.396+0000] {dagbag.py:588} INFO - Filling up the DagBag from /opt/airflow/dags/etl_datalake_dag.py
[2025-11-07T19:13:04.418+0000] {processor.py:925} INFO - DAG(s) 'etl_datalake_hive_iceberg' retrieved from /opt/airflow/dags/etl_datalake_dag.py
[2025-11-07T19:13:04.470+0000] {logging_mixin.py:190} INFO - [2025-11-07T19:13:04.469+0000] {dag.py:3239} INFO - Sync 1 DAGs
[2025-11-07T19:13:04.529+0000] {logging_mixin.py:190} INFO - [2025-11-07T19:13:04.529+0000] {dag.py:4180} INFO - Setting next_dagrun for etl_datalake_hive_iceberg to 2025-11-06T00:00:00+00:00, run_after=2025-11-07T00:00:00+00:00
[2025-11-07T19:13:04.573+0000] {processor.py:208} INFO - Processing /opt/airflow/dags/etl_datalake_dag.py took 0.187 seconds
[2025-11-07T19:13:37.431+0000] {processor.py:186} INFO - Started process (PID=125) to work on /opt/airflow/dags/etl_datalake_dag.py
[2025-11-07T19:13:37.432+0000] {processor.py:914} INFO - Processing file /opt/airflow/dags/etl_datalake_dag.py for tasks to queue
[2025-11-07T19:13:37.433+0000] {logging_mixin.py:190} INFO - [2025-11-07T19:13:37.433+0000] {dagbag.py:588} INFO - Filling up the DagBag from /opt/airflow/dags/etl_datalake_dag.py
[2025-11-07T19:13:37.454+0000] {processor.py:925} INFO - DAG(s) 'etl_datalake_hive_iceberg' retrieved from /opt/airflow/dags/etl_datalake_dag.py
[2025-11-07T19:13:37.501+0000] {logging_mixin.py:190} INFO - [2025-11-07T19:13:37.500+0000] {dag.py:3239} INFO - Sync 1 DAGs
[2025-11-07T19:13:37.551+0000] {logging_mixin.py:190} INFO - [2025-11-07T19:13:37.551+0000] {dag.py:4180} INFO - Setting next_dagrun for etl_datalake_hive_iceberg to 2025-11-06T00:00:00+00:00, run_after=2025-11-07T00:00:00+00:00
[2025-11-07T19:13:37.589+0000] {processor.py:208} INFO - Processing /opt/airflow/dags/etl_datalake_dag.py took 0.166 seconds
[2025-11-07T19:14:10.361+0000] {processor.py:186} INFO - Started process (PID=129) to work on /opt/airflow/dags/etl_datalake_dag.py
[2025-11-07T19:14:10.361+0000] {processor.py:914} INFO - Processing file /opt/airflow/dags/etl_datalake_dag.py for tasks to queue
[2025-11-07T19:14:10.364+0000] {logging_mixin.py:190} INFO - [2025-11-07T19:14:10.364+0000] {dagbag.py:588} INFO - Filling up the DagBag from /opt/airflow/dags/etl_datalake_dag.py
[2025-11-07T19:14:10.384+0000] {processor.py:925} INFO - DAG(s) 'etl_datalake_hive_iceberg' retrieved from /opt/airflow/dags/etl_datalake_dag.py
[2025-11-07T19:14:10.426+0000] {logging_mixin.py:190} INFO - [2025-11-07T19:14:10.426+0000] {dag.py:3239} INFO - Sync 1 DAGs
[2025-11-07T19:14:10.465+0000] {logging_mixin.py:190} INFO - [2025-11-07T19:14:10.465+0000] {dag.py:4180} INFO - Setting next_dagrun for etl_datalake_hive_iceberg to 2025-11-06T00:00:00+00:00, run_after=2025-11-07T00:00:00+00:00
[2025-11-07T19:14:10.504+0000] {processor.py:208} INFO - Processing /opt/airflow/dags/etl_datalake_dag.py took 0.151 seconds
[2025-11-07T19:14:44.366+0000] {processor.py:186} INFO - Started process (PID=133) to work on /opt/airflow/dags/etl_datalake_dag.py
[2025-11-07T19:14:44.367+0000] {processor.py:914} INFO - Processing file /opt/airflow/dags/etl_datalake_dag.py for tasks to queue
[2025-11-07T19:14:44.368+0000] {logging_mixin.py:190} INFO - [2025-11-07T19:14:44.367+0000] {dagbag.py:588} INFO - Filling up the DagBag from /opt/airflow/dags/etl_datalake_dag.py
[2025-11-07T19:14:44.386+0000] {processor.py:925} INFO - DAG(s) 'etl_datalake_hive_iceberg' retrieved from /opt/airflow/dags/etl_datalake_dag.py
[2025-11-07T19:14:44.419+0000] {logging_mixin.py:190} INFO - [2025-11-07T19:14:44.419+0000] {dag.py:3239} INFO - Sync 1 DAGs
[2025-11-07T19:14:44.447+0000] {logging_mixin.py:190} INFO - [2025-11-07T19:14:44.447+0000] {dag.py:4180} INFO - Setting next_dagrun for etl_datalake_hive_iceberg to 2025-11-06T00:00:00+00:00, run_after=2025-11-07T00:00:00+00:00
[2025-11-07T19:14:44.469+0000] {processor.py:208} INFO - Processing /opt/airflow/dags/etl_datalake_dag.py took 0.109 seconds
[2025-11-07T19:15:17.291+0000] {processor.py:186} INFO - Started process (PID=137) to work on /opt/airflow/dags/etl_datalake_dag.py
[2025-11-07T19:15:17.292+0000] {processor.py:914} INFO - Processing file /opt/airflow/dags/etl_datalake_dag.py for tasks to queue
[2025-11-07T19:15:17.294+0000] {logging_mixin.py:190} INFO - [2025-11-07T19:15:17.294+0000] {dagbag.py:588} INFO - Filling up the DagBag from /opt/airflow/dags/etl_datalake_dag.py
[2025-11-07T19:15:17.330+0000] {processor.py:925} INFO - DAG(s) 'etl_datalake_hive_iceberg' retrieved from /opt/airflow/dags/etl_datalake_dag.py
[2025-11-07T19:15:17.418+0000] {logging_mixin.py:190} INFO - [2025-11-07T19:15:17.417+0000] {dag.py:3239} INFO - Sync 1 DAGs
[2025-11-07T19:15:17.494+0000] {logging_mixin.py:190} INFO - [2025-11-07T19:15:17.493+0000] {dag.py:4180} INFO - Setting next_dagrun for etl_datalake_hive_iceberg to 2025-11-06T00:00:00+00:00, run_after=2025-11-07T00:00:00+00:00
[2025-11-07T19:15:17.559+0000] {processor.py:208} INFO - Processing /opt/airflow/dags/etl_datalake_dag.py took 0.278 seconds
[2025-11-07T19:15:50.340+0000] {processor.py:186} INFO - Started process (PID=141) to work on /opt/airflow/dags/etl_datalake_dag.py
[2025-11-07T19:15:50.341+0000] {processor.py:914} INFO - Processing file /opt/airflow/dags/etl_datalake_dag.py for tasks to queue
[2025-11-07T19:15:50.342+0000] {logging_mixin.py:190} INFO - [2025-11-07T19:15:50.342+0000] {dagbag.py:588} INFO - Filling up the DagBag from /opt/airflow/dags/etl_datalake_dag.py
[2025-11-07T19:15:50.364+0000] {processor.py:925} INFO - DAG(s) 'etl_datalake_hive_iceberg' retrieved from /opt/airflow/dags/etl_datalake_dag.py
[2025-11-07T19:15:50.404+0000] {logging_mixin.py:190} INFO - [2025-11-07T19:15:50.404+0000] {dag.py:3239} INFO - Sync 1 DAGs
[2025-11-07T19:15:50.446+0000] {logging_mixin.py:190} INFO - [2025-11-07T19:15:50.446+0000] {dag.py:4180} INFO - Setting next_dagrun for etl_datalake_hive_iceberg to 2025-11-06T00:00:00+00:00, run_after=2025-11-07T00:00:00+00:00
[2025-11-07T19:15:50.481+0000] {processor.py:208} INFO - Processing /opt/airflow/dags/etl_datalake_dag.py took 0.149 seconds
[2025-11-07T19:16:24.441+0000] {processor.py:186} INFO - Started process (PID=145) to work on /opt/airflow/dags/etl_datalake_dag.py
[2025-11-07T19:16:24.442+0000] {processor.py:914} INFO - Processing file /opt/airflow/dags/etl_datalake_dag.py for tasks to queue
[2025-11-07T19:16:24.443+0000] {logging_mixin.py:190} INFO - [2025-11-07T19:16:24.443+0000] {dagbag.py:588} INFO - Filling up the DagBag from /opt/airflow/dags/etl_datalake_dag.py
[2025-11-07T19:16:24.464+0000] {processor.py:925} INFO - DAG(s) 'etl_datalake_hive_iceberg' retrieved from /opt/airflow/dags/etl_datalake_dag.py
[2025-11-07T19:16:24.502+0000] {logging_mixin.py:190} INFO - [2025-11-07T19:16:24.502+0000] {dag.py:3239} INFO - Sync 1 DAGs
[2025-11-07T19:16:24.535+0000] {logging_mixin.py:190} INFO - [2025-11-07T19:16:24.535+0000] {dag.py:4180} INFO - Setting next_dagrun for etl_datalake_hive_iceberg to 2025-11-06T00:00:00+00:00, run_after=2025-11-07T00:00:00+00:00
[2025-11-07T19:16:24.557+0000] {processor.py:208} INFO - Processing /opt/airflow/dags/etl_datalake_dag.py took 0.122 seconds
[2025-11-07T19:16:57.227+0000] {processor.py:186} INFO - Started process (PID=149) to work on /opt/airflow/dags/etl_datalake_dag.py
[2025-11-07T19:16:57.228+0000] {processor.py:914} INFO - Processing file /opt/airflow/dags/etl_datalake_dag.py for tasks to queue
[2025-11-07T19:16:57.230+0000] {logging_mixin.py:190} INFO - [2025-11-07T19:16:57.230+0000] {dagbag.py:588} INFO - Filling up the DagBag from /opt/airflow/dags/etl_datalake_dag.py
[2025-11-07T19:16:57.262+0000] {processor.py:925} INFO - DAG(s) 'etl_datalake_hive_iceberg' retrieved from /opt/airflow/dags/etl_datalake_dag.py
[2025-11-07T19:16:57.317+0000] {logging_mixin.py:190} INFO - [2025-11-07T19:16:57.316+0000] {dag.py:3239} INFO - Sync 1 DAGs
[2025-11-07T19:16:57.359+0000] {logging_mixin.py:190} INFO - [2025-11-07T19:16:57.358+0000] {dag.py:4180} INFO - Setting next_dagrun for etl_datalake_hive_iceberg to 2025-11-06T00:00:00+00:00, run_after=2025-11-07T00:00:00+00:00
[2025-11-07T19:16:57.388+0000] {processor.py:208} INFO - Processing /opt/airflow/dags/etl_datalake_dag.py took 0.170 seconds
[2025-11-07T19:17:30.258+0000] {processor.py:186} INFO - Started process (PID=153) to work on /opt/airflow/dags/etl_datalake_dag.py
[2025-11-07T19:17:30.258+0000] {processor.py:914} INFO - Processing file /opt/airflow/dags/etl_datalake_dag.py for tasks to queue
[2025-11-07T19:17:30.260+0000] {logging_mixin.py:190} INFO - [2025-11-07T19:17:30.260+0000] {dagbag.py:588} INFO - Filling up the DagBag from /opt/airflow/dags/etl_datalake_dag.py
[2025-11-07T19:17:30.291+0000] {processor.py:925} INFO - DAG(s) 'etl_datalake_hive_iceberg' retrieved from /opt/airflow/dags/etl_datalake_dag.py
[2025-11-07T19:17:30.352+0000] {logging_mixin.py:190} INFO - [2025-11-07T19:17:30.351+0000] {dag.py:3239} INFO - Sync 1 DAGs
[2025-11-07T19:17:30.397+0000] {logging_mixin.py:190} INFO - [2025-11-07T19:17:30.397+0000] {dag.py:4180} INFO - Setting next_dagrun for etl_datalake_hive_iceberg to 2025-11-06T00:00:00+00:00, run_after=2025-11-07T00:00:00+00:00
[2025-11-07T19:17:30.434+0000] {processor.py:208} INFO - Processing /opt/airflow/dags/etl_datalake_dag.py took 0.186 seconds
[2025-11-07T19:18:04.353+0000] {processor.py:186} INFO - Started process (PID=157) to work on /opt/airflow/dags/etl_datalake_dag.py
[2025-11-07T19:18:04.355+0000] {processor.py:914} INFO - Processing file /opt/airflow/dags/etl_datalake_dag.py for tasks to queue
[2025-11-07T19:18:04.359+0000] {logging_mixin.py:190} INFO - [2025-11-07T19:18:04.358+0000] {dagbag.py:588} INFO - Filling up the DagBag from /opt/airflow/dags/etl_datalake_dag.py
[2025-11-07T19:18:04.394+0000] {processor.py:925} INFO - DAG(s) 'etl_datalake_hive_iceberg' retrieved from /opt/airflow/dags/etl_datalake_dag.py
[2025-11-07T19:18:04.446+0000] {logging_mixin.py:190} INFO - [2025-11-07T19:18:04.445+0000] {dag.py:3239} INFO - Sync 1 DAGs
[2025-11-07T19:18:04.498+0000] {logging_mixin.py:190} INFO - [2025-11-07T19:18:04.498+0000] {dag.py:4180} INFO - Setting next_dagrun for etl_datalake_hive_iceberg to 2025-11-06T00:00:00+00:00, run_after=2025-11-07T00:00:00+00:00
[2025-11-07T19:18:04.541+0000] {processor.py:208} INFO - Processing /opt/airflow/dags/etl_datalake_dag.py took 0.197 seconds
[2025-11-07T19:18:37.627+0000] {processor.py:186} INFO - Started process (PID=161) to work on /opt/airflow/dags/etl_datalake_dag.py
[2025-11-07T19:18:37.627+0000] {processor.py:914} INFO - Processing file /opt/airflow/dags/etl_datalake_dag.py for tasks to queue
[2025-11-07T19:18:37.629+0000] {logging_mixin.py:190} INFO - [2025-11-07T19:18:37.629+0000] {dagbag.py:588} INFO - Filling up the DagBag from /opt/airflow/dags/etl_datalake_dag.py
[2025-11-07T19:18:37.649+0000] {processor.py:925} INFO - DAG(s) 'etl_datalake_hive_iceberg' retrieved from /opt/airflow/dags/etl_datalake_dag.py
[2025-11-07T19:18:37.688+0000] {logging_mixin.py:190} INFO - [2025-11-07T19:18:37.688+0000] {dag.py:3239} INFO - Sync 1 DAGs
[2025-11-07T19:18:37.726+0000] {logging_mixin.py:190} INFO - [2025-11-07T19:18:37.726+0000] {dag.py:4180} INFO - Setting next_dagrun for etl_datalake_hive_iceberg to 2025-11-06T00:00:00+00:00, run_after=2025-11-07T00:00:00+00:00
[2025-11-07T19:18:37.752+0000] {processor.py:208} INFO - Processing /opt/airflow/dags/etl_datalake_dag.py took 0.132 seconds
[2025-11-07T19:19:10.313+0000] {processor.py:186} INFO - Started process (PID=165) to work on /opt/airflow/dags/etl_datalake_dag.py
[2025-11-07T19:19:10.314+0000] {processor.py:914} INFO - Processing file /opt/airflow/dags/etl_datalake_dag.py for tasks to queue
[2025-11-07T19:19:10.315+0000] {logging_mixin.py:190} INFO - [2025-11-07T19:19:10.315+0000] {dagbag.py:588} INFO - Filling up the DagBag from /opt/airflow/dags/etl_datalake_dag.py
[2025-11-07T19:19:10.338+0000] {processor.py:925} INFO - DAG(s) 'etl_datalake_hive_iceberg' retrieved from /opt/airflow/dags/etl_datalake_dag.py
[2025-11-07T19:19:10.389+0000] {logging_mixin.py:190} INFO - [2025-11-07T19:19:10.389+0000] {dag.py:3239} INFO - Sync 1 DAGs
[2025-11-07T19:19:10.426+0000] {logging_mixin.py:190} INFO - [2025-11-07T19:19:10.426+0000] {dag.py:4180} INFO - Setting next_dagrun for etl_datalake_hive_iceberg to 2025-11-06T00:00:00+00:00, run_after=2025-11-07T00:00:00+00:00
[2025-11-07T19:19:10.467+0000] {processor.py:208} INFO - Processing /opt/airflow/dags/etl_datalake_dag.py took 0.162 seconds
[2025-11-07T19:19:44.267+0000] {processor.py:186} INFO - Started process (PID=169) to work on /opt/airflow/dags/etl_datalake_dag.py
[2025-11-07T19:19:44.267+0000] {processor.py:914} INFO - Processing file /opt/airflow/dags/etl_datalake_dag.py for tasks to queue
[2025-11-07T19:19:44.269+0000] {logging_mixin.py:190} INFO - [2025-11-07T19:19:44.268+0000] {dagbag.py:588} INFO - Filling up the DagBag from /opt/airflow/dags/etl_datalake_dag.py
[2025-11-07T19:19:44.291+0000] {processor.py:925} INFO - DAG(s) 'etl_datalake_hive_iceberg' retrieved from /opt/airflow/dags/etl_datalake_dag.py
[2025-11-07T19:19:44.338+0000] {logging_mixin.py:190} INFO - [2025-11-07T19:19:44.338+0000] {dag.py:3239} INFO - Sync 1 DAGs
[2025-11-07T19:19:44.375+0000] {logging_mixin.py:190} INFO - [2025-11-07T19:19:44.375+0000] {dag.py:4180} INFO - Setting next_dagrun for etl_datalake_hive_iceberg to 2025-11-06T00:00:00+00:00, run_after=2025-11-07T00:00:00+00:00
[2025-11-07T19:19:44.410+0000] {processor.py:208} INFO - Processing /opt/airflow/dags/etl_datalake_dag.py took 0.151 seconds
[2025-11-07T19:20:17.720+0000] {processor.py:186} INFO - Started process (PID=173) to work on /opt/airflow/dags/etl_datalake_dag.py
[2025-11-07T19:20:17.721+0000] {processor.py:914} INFO - Processing file /opt/airflow/dags/etl_datalake_dag.py for tasks to queue
[2025-11-07T19:20:17.723+0000] {logging_mixin.py:190} INFO - [2025-11-07T19:20:17.722+0000] {dagbag.py:588} INFO - Filling up the DagBag from /opt/airflow/dags/etl_datalake_dag.py
[2025-11-07T19:20:17.751+0000] {processor.py:925} INFO - DAG(s) 'etl_datalake_hive_iceberg' retrieved from /opt/airflow/dags/etl_datalake_dag.py
[2025-11-07T19:20:17.829+0000] {logging_mixin.py:190} INFO - [2025-11-07T19:20:17.829+0000] {dag.py:3239} INFO - Sync 1 DAGs
[2025-11-07T19:20:17.880+0000] {logging_mixin.py:190} INFO - [2025-11-07T19:20:17.880+0000] {dag.py:4180} INFO - Setting next_dagrun for etl_datalake_hive_iceberg to 2025-11-06T00:00:00+00:00, run_after=2025-11-07T00:00:00+00:00
[2025-11-07T19:20:17.919+0000] {processor.py:208} INFO - Processing /opt/airflow/dags/etl_datalake_dag.py took 0.209 seconds
[2025-11-07T19:20:50.844+0000] {processor.py:186} INFO - Started process (PID=177) to work on /opt/airflow/dags/etl_datalake_dag.py
[2025-11-07T19:20:50.845+0000] {processor.py:914} INFO - Processing file /opt/airflow/dags/etl_datalake_dag.py for tasks to queue
[2025-11-07T19:20:50.848+0000] {logging_mixin.py:190} INFO - [2025-11-07T19:20:50.847+0000] {dagbag.py:588} INFO - Filling up the DagBag from /opt/airflow/dags/etl_datalake_dag.py
[2025-11-07T19:20:50.881+0000] {processor.py:925} INFO - DAG(s) 'etl_datalake_hive_iceberg' retrieved from /opt/airflow/dags/etl_datalake_dag.py
[2025-11-07T19:20:50.941+0000] {logging_mixin.py:190} INFO - [2025-11-07T19:20:50.940+0000] {dag.py:3239} INFO - Sync 1 DAGs
[2025-11-07T19:20:50.994+0000] {logging_mixin.py:190} INFO - [2025-11-07T19:20:50.994+0000] {dag.py:4180} INFO - Setting next_dagrun for etl_datalake_hive_iceberg to 2025-11-06T00:00:00+00:00, run_after=2025-11-07T00:00:00+00:00
[2025-11-07T19:20:51.038+0000] {processor.py:208} INFO - Processing /opt/airflow/dags/etl_datalake_dag.py took 0.204 seconds
[2025-11-07T19:21:23.496+0000] {processor.py:186} INFO - Started process (PID=181) to work on /opt/airflow/dags/etl_datalake_dag.py
[2025-11-07T19:21:23.497+0000] {processor.py:914} INFO - Processing file /opt/airflow/dags/etl_datalake_dag.py for tasks to queue
[2025-11-07T19:21:23.498+0000] {logging_mixin.py:190} INFO - [2025-11-07T19:21:23.498+0000] {dagbag.py:588} INFO - Filling up the DagBag from /opt/airflow/dags/etl_datalake_dag.py
[2025-11-07T19:21:23.518+0000] {processor.py:925} INFO - DAG(s) 'etl_datalake_hive_iceberg' retrieved from /opt/airflow/dags/etl_datalake_dag.py
[2025-11-07T19:21:23.559+0000] {logging_mixin.py:190} INFO - [2025-11-07T19:21:23.559+0000] {dag.py:3239} INFO - Sync 1 DAGs
[2025-11-07T19:21:23.591+0000] {logging_mixin.py:190} INFO - [2025-11-07T19:21:23.590+0000] {dag.py:4180} INFO - Setting next_dagrun for etl_datalake_hive_iceberg to 2025-11-06T00:00:00+00:00, run_after=2025-11-07T00:00:00+00:00
[2025-11-07T19:21:23.632+0000] {processor.py:208} INFO - Processing /opt/airflow/dags/etl_datalake_dag.py took 0.143 seconds
[2025-11-07T19:21:57.677+0000] {processor.py:186} INFO - Started process (PID=185) to work on /opt/airflow/dags/etl_datalake_dag.py
[2025-11-07T19:21:57.678+0000] {processor.py:914} INFO - Processing file /opt/airflow/dags/etl_datalake_dag.py for tasks to queue
[2025-11-07T19:21:57.680+0000] {logging_mixin.py:190} INFO - [2025-11-07T19:21:57.679+0000] {dagbag.py:588} INFO - Filling up the DagBag from /opt/airflow/dags/etl_datalake_dag.py
[2025-11-07T19:21:57.704+0000] {processor.py:925} INFO - DAG(s) 'etl_datalake_hive_iceberg' retrieved from /opt/airflow/dags/etl_datalake_dag.py
[2025-11-07T19:21:57.751+0000] {logging_mixin.py:190} INFO - [2025-11-07T19:21:57.751+0000] {dag.py:3239} INFO - Sync 1 DAGs
[2025-11-07T19:21:57.802+0000] {logging_mixin.py:190} INFO - [2025-11-07T19:21:57.802+0000] {dag.py:4180} INFO - Setting next_dagrun for etl_datalake_hive_iceberg to 2025-11-06T00:00:00+00:00, run_after=2025-11-07T00:00:00+00:00
[2025-11-07T19:21:57.839+0000] {processor.py:208} INFO - Processing /opt/airflow/dags/etl_datalake_dag.py took 0.170 seconds
[2025-11-07T19:22:30.517+0000] {processor.py:186} INFO - Started process (PID=189) to work on /opt/airflow/dags/etl_datalake_dag.py
[2025-11-07T19:22:30.519+0000] {processor.py:914} INFO - Processing file /opt/airflow/dags/etl_datalake_dag.py for tasks to queue
[2025-11-07T19:22:30.522+0000] {logging_mixin.py:190} INFO - [2025-11-07T19:22:30.521+0000] {dagbag.py:588} INFO - Filling up the DagBag from /opt/airflow/dags/etl_datalake_dag.py
[2025-11-07T19:22:30.547+0000] {processor.py:925} INFO - DAG(s) 'etl_datalake_hive_iceberg' retrieved from /opt/airflow/dags/etl_datalake_dag.py
[2025-11-07T19:22:30.606+0000] {logging_mixin.py:190} INFO - [2025-11-07T19:22:30.606+0000] {dag.py:3239} INFO - Sync 1 DAGs
[2025-11-07T19:22:30.646+0000] {logging_mixin.py:190} INFO - [2025-11-07T19:22:30.645+0000] {dag.py:4180} INFO - Setting next_dagrun for etl_datalake_hive_iceberg to 2025-11-06T00:00:00+00:00, run_after=2025-11-07T00:00:00+00:00
[2025-11-07T19:22:30.691+0000] {processor.py:208} INFO - Processing /opt/airflow/dags/etl_datalake_dag.py took 0.183 seconds
[2025-11-07T19:23:03.480+0000] {processor.py:186} INFO - Started process (PID=193) to work on /opt/airflow/dags/etl_datalake_dag.py
[2025-11-07T19:23:03.481+0000] {processor.py:914} INFO - Processing file /opt/airflow/dags/etl_datalake_dag.py for tasks to queue
[2025-11-07T19:23:03.483+0000] {logging_mixin.py:190} INFO - [2025-11-07T19:23:03.482+0000] {dagbag.py:588} INFO - Filling up the DagBag from /opt/airflow/dags/etl_datalake_dag.py
[2025-11-07T19:23:03.503+0000] {processor.py:925} INFO - DAG(s) 'etl_datalake_hive_iceberg' retrieved from /opt/airflow/dags/etl_datalake_dag.py
[2025-11-07T19:23:03.541+0000] {logging_mixin.py:190} INFO - [2025-11-07T19:23:03.541+0000] {dag.py:3239} INFO - Sync 1 DAGs
[2025-11-07T19:23:03.572+0000] {logging_mixin.py:190} INFO - [2025-11-07T19:23:03.572+0000] {dag.py:4180} INFO - Setting next_dagrun for etl_datalake_hive_iceberg to 2025-11-06T00:00:00+00:00, run_after=2025-11-07T00:00:00+00:00
[2025-11-07T19:23:03.610+0000] {processor.py:208} INFO - Processing /opt/airflow/dags/etl_datalake_dag.py took 0.137 seconds
[2025-11-07T19:23:37.433+0000] {processor.py:186} INFO - Started process (PID=197) to work on /opt/airflow/dags/etl_datalake_dag.py
[2025-11-07T19:23:37.434+0000] {processor.py:914} INFO - Processing file /opt/airflow/dags/etl_datalake_dag.py for tasks to queue
[2025-11-07T19:23:37.435+0000] {logging_mixin.py:190} INFO - [2025-11-07T19:23:37.435+0000] {dagbag.py:588} INFO - Filling up the DagBag from /opt/airflow/dags/etl_datalake_dag.py
[2025-11-07T19:23:37.454+0000] {processor.py:925} INFO - DAG(s) 'etl_datalake_hive_iceberg' retrieved from /opt/airflow/dags/etl_datalake_dag.py
[2025-11-07T19:23:37.493+0000] {logging_mixin.py:190} INFO - [2025-11-07T19:23:37.493+0000] {dag.py:3239} INFO - Sync 1 DAGs
[2025-11-07T19:23:37.520+0000] {logging_mixin.py:190} INFO - [2025-11-07T19:23:37.520+0000] {dag.py:4180} INFO - Setting next_dagrun for etl_datalake_hive_iceberg to 2025-11-06T00:00:00+00:00, run_after=2025-11-07T00:00:00+00:00
[2025-11-07T19:23:37.543+0000] {processor.py:208} INFO - Processing /opt/airflow/dags/etl_datalake_dag.py took 0.116 seconds
[2025-11-07T19:24:10.187+0000] {processor.py:186} INFO - Started process (PID=201) to work on /opt/airflow/dags/etl_datalake_dag.py
[2025-11-07T19:24:10.188+0000] {processor.py:914} INFO - Processing file /opt/airflow/dags/etl_datalake_dag.py for tasks to queue
[2025-11-07T19:24:10.189+0000] {logging_mixin.py:190} INFO - [2025-11-07T19:24:10.189+0000] {dagbag.py:588} INFO - Filling up the DagBag from /opt/airflow/dags/etl_datalake_dag.py
[2025-11-07T19:24:10.209+0000] {processor.py:925} INFO - DAG(s) 'etl_datalake_hive_iceberg' retrieved from /opt/airflow/dags/etl_datalake_dag.py
[2025-11-07T19:24:10.247+0000] {logging_mixin.py:190} INFO - [2025-11-07T19:24:10.247+0000] {dag.py:3239} INFO - Sync 1 DAGs
[2025-11-07T19:24:10.278+0000] {logging_mixin.py:190} INFO - [2025-11-07T19:24:10.278+0000] {dag.py:4180} INFO - Setting next_dagrun for etl_datalake_hive_iceberg to 2025-11-06T00:00:00+00:00, run_after=2025-11-07T00:00:00+00:00
[2025-11-07T19:24:10.309+0000] {processor.py:208} INFO - Processing /opt/airflow/dags/etl_datalake_dag.py took 0.130 seconds
[2025-11-07T19:24:44.111+0000] {processor.py:186} INFO - Started process (PID=205) to work on /opt/airflow/dags/etl_datalake_dag.py
[2025-11-07T19:24:44.112+0000] {processor.py:914} INFO - Processing file /opt/airflow/dags/etl_datalake_dag.py for tasks to queue
[2025-11-07T19:24:44.113+0000] {logging_mixin.py:190} INFO - [2025-11-07T19:24:44.113+0000] {dagbag.py:588} INFO - Filling up the DagBag from /opt/airflow/dags/etl_datalake_dag.py
[2025-11-07T19:24:44.138+0000] {processor.py:925} INFO - DAG(s) 'etl_datalake_hive_iceberg' retrieved from /opt/airflow/dags/etl_datalake_dag.py
[2025-11-07T19:24:44.180+0000] {logging_mixin.py:190} INFO - [2025-11-07T19:24:44.180+0000] {dag.py:3239} INFO - Sync 1 DAGs
[2025-11-07T19:24:44.216+0000] {logging_mixin.py:190} INFO - [2025-11-07T19:24:44.215+0000] {dag.py:4180} INFO - Setting next_dagrun for etl_datalake_hive_iceberg to 2025-11-06T00:00:00+00:00, run_after=2025-11-07T00:00:00+00:00
[2025-11-07T19:24:44.247+0000] {processor.py:208} INFO - Processing /opt/airflow/dags/etl_datalake_dag.py took 0.144 seconds
[2025-11-07T19:25:17.174+0000] {processor.py:186} INFO - Started process (PID=209) to work on /opt/airflow/dags/etl_datalake_dag.py
[2025-11-07T19:25:17.174+0000] {processor.py:914} INFO - Processing file /opt/airflow/dags/etl_datalake_dag.py for tasks to queue
[2025-11-07T19:25:17.175+0000] {logging_mixin.py:190} INFO - [2025-11-07T19:25:17.175+0000] {dagbag.py:588} INFO - Filling up the DagBag from /opt/airflow/dags/etl_datalake_dag.py
[2025-11-07T19:25:17.193+0000] {processor.py:925} INFO - DAG(s) 'etl_datalake_hive_iceberg' retrieved from /opt/airflow/dags/etl_datalake_dag.py
[2025-11-07T19:25:17.226+0000] {logging_mixin.py:190} INFO - [2025-11-07T19:25:17.226+0000] {dag.py:3239} INFO - Sync 1 DAGs
[2025-11-07T19:25:17.257+0000] {logging_mixin.py:190} INFO - [2025-11-07T19:25:17.257+0000] {dag.py:4180} INFO - Setting next_dagrun for etl_datalake_hive_iceberg to 2025-11-06T00:00:00+00:00, run_after=2025-11-07T00:00:00+00:00
[2025-11-07T19:25:17.277+0000] {processor.py:208} INFO - Processing /opt/airflow/dags/etl_datalake_dag.py took 0.109 seconds
[2025-11-07T19:25:49.987+0000] {processor.py:186} INFO - Started process (PID=213) to work on /opt/airflow/dags/etl_datalake_dag.py
[2025-11-07T19:25:49.987+0000] {processor.py:914} INFO - Processing file /opt/airflow/dags/etl_datalake_dag.py for tasks to queue
[2025-11-07T19:25:49.989+0000] {logging_mixin.py:190} INFO - [2025-11-07T19:25:49.989+0000] {dagbag.py:588} INFO - Filling up the DagBag from /opt/airflow/dags/etl_datalake_dag.py
[2025-11-07T19:25:50.012+0000] {processor.py:925} INFO - DAG(s) 'etl_datalake_hive_iceberg' retrieved from /opt/airflow/dags/etl_datalake_dag.py
[2025-11-07T19:25:50.058+0000] {logging_mixin.py:190} INFO - [2025-11-07T19:25:50.058+0000] {dag.py:3239} INFO - Sync 1 DAGs
[2025-11-07T19:25:50.095+0000] {logging_mixin.py:190} INFO - [2025-11-07T19:25:50.095+0000] {dag.py:4180} INFO - Setting next_dagrun for etl_datalake_hive_iceberg to 2025-11-06T00:00:00+00:00, run_after=2025-11-07T00:00:00+00:00
[2025-11-07T19:25:50.139+0000] {processor.py:208} INFO - Processing /opt/airflow/dags/etl_datalake_dag.py took 0.162 seconds
[2025-11-07T19:26:23.929+0000] {processor.py:186} INFO - Started process (PID=217) to work on /opt/airflow/dags/etl_datalake_dag.py
[2025-11-07T19:26:23.929+0000] {processor.py:914} INFO - Processing file /opt/airflow/dags/etl_datalake_dag.py for tasks to queue
[2025-11-07T19:26:23.931+0000] {logging_mixin.py:190} INFO - [2025-11-07T19:26:23.931+0000] {dagbag.py:588} INFO - Filling up the DagBag from /opt/airflow/dags/etl_datalake_dag.py
[2025-11-07T19:26:23.953+0000] {processor.py:925} INFO - DAG(s) 'etl_datalake_hive_iceberg' retrieved from /opt/airflow/dags/etl_datalake_dag.py
[2025-11-07T19:26:23.998+0000] {logging_mixin.py:190} INFO - [2025-11-07T19:26:23.997+0000] {dag.py:3239} INFO - Sync 1 DAGs
[2025-11-07T19:26:24.038+0000] {logging_mixin.py:190} INFO - [2025-11-07T19:26:24.038+0000] {dag.py:4180} INFO - Setting next_dagrun for etl_datalake_hive_iceberg to 2025-11-06T00:00:00+00:00, run_after=2025-11-07T00:00:00+00:00
[2025-11-07T19:26:24.070+0000] {processor.py:208} INFO - Processing /opt/airflow/dags/etl_datalake_dag.py took 0.148 seconds
[2025-11-07T19:26:57.141+0000] {processor.py:186} INFO - Started process (PID=221) to work on /opt/airflow/dags/etl_datalake_dag.py
[2025-11-07T19:26:57.142+0000] {processor.py:914} INFO - Processing file /opt/airflow/dags/etl_datalake_dag.py for tasks to queue
[2025-11-07T19:26:57.143+0000] {logging_mixin.py:190} INFO - [2025-11-07T19:26:57.143+0000] {dagbag.py:588} INFO - Filling up the DagBag from /opt/airflow/dags/etl_datalake_dag.py
[2025-11-07T19:26:57.161+0000] {processor.py:925} INFO - DAG(s) 'etl_datalake_hive_iceberg' retrieved from /opt/airflow/dags/etl_datalake_dag.py
[2025-11-07T19:26:57.202+0000] {logging_mixin.py:190} INFO - [2025-11-07T19:26:57.201+0000] {dag.py:3239} INFO - Sync 1 DAGs
[2025-11-07T19:26:57.231+0000] {logging_mixin.py:190} INFO - [2025-11-07T19:26:57.230+0000] {dag.py:4180} INFO - Setting next_dagrun for etl_datalake_hive_iceberg to 2025-11-06T00:00:00+00:00, run_after=2025-11-07T00:00:00+00:00
[2025-11-07T19:26:57.260+0000] {processor.py:208} INFO - Processing /opt/airflow/dags/etl_datalake_dag.py took 0.125 seconds
[2025-11-07T19:27:30.207+0000] {processor.py:186} INFO - Started process (PID=225) to work on /opt/airflow/dags/etl_datalake_dag.py
[2025-11-07T19:27:30.209+0000] {processor.py:914} INFO - Processing file /opt/airflow/dags/etl_datalake_dag.py for tasks to queue
[2025-11-07T19:27:30.211+0000] {logging_mixin.py:190} INFO - [2025-11-07T19:27:30.210+0000] {dagbag.py:588} INFO - Filling up the DagBag from /opt/airflow/dags/etl_datalake_dag.py
[2025-11-07T19:27:30.234+0000] {processor.py:925} INFO - DAG(s) 'etl_datalake_hive_iceberg' retrieved from /opt/airflow/dags/etl_datalake_dag.py
[2025-11-07T19:27:30.284+0000] {logging_mixin.py:190} INFO - [2025-11-07T19:27:30.284+0000] {dag.py:3239} INFO - Sync 1 DAGs
[2025-11-07T19:27:30.322+0000] {logging_mixin.py:190} INFO - [2025-11-07T19:27:30.322+0000] {dag.py:4180} INFO - Setting next_dagrun for etl_datalake_hive_iceberg to 2025-11-06T00:00:00+00:00, run_after=2025-11-07T00:00:00+00:00
[2025-11-07T19:27:30.356+0000] {processor.py:208} INFO - Processing /opt/airflow/dags/etl_datalake_dag.py took 0.160 seconds
[2025-11-07T19:28:03.175+0000] {processor.py:186} INFO - Started process (PID=229) to work on /opt/airflow/dags/etl_datalake_dag.py
[2025-11-07T19:28:03.176+0000] {processor.py:914} INFO - Processing file /opt/airflow/dags/etl_datalake_dag.py for tasks to queue
[2025-11-07T19:28:03.177+0000] {logging_mixin.py:190} INFO - [2025-11-07T19:28:03.177+0000] {dagbag.py:588} INFO - Filling up the DagBag from /opt/airflow/dags/etl_datalake_dag.py
[2025-11-07T19:28:03.196+0000] {processor.py:925} INFO - DAG(s) 'etl_datalake_hive_iceberg' retrieved from /opt/airflow/dags/etl_datalake_dag.py
[2025-11-07T19:28:03.242+0000] {logging_mixin.py:190} INFO - [2025-11-07T19:28:03.242+0000] {dag.py:3239} INFO - Sync 1 DAGs
[2025-11-07T19:28:03.273+0000] {logging_mixin.py:190} INFO - [2025-11-07T19:28:03.273+0000] {dag.py:4180} INFO - Setting next_dagrun for etl_datalake_hive_iceberg to 2025-11-06T00:00:00+00:00, run_after=2025-11-07T00:00:00+00:00
[2025-11-07T19:28:03.303+0000] {processor.py:208} INFO - Processing /opt/airflow/dags/etl_datalake_dag.py took 0.135 seconds
[2025-11-07T19:28:36.940+0000] {processor.py:186} INFO - Started process (PID=233) to work on /opt/airflow/dags/etl_datalake_dag.py
[2025-11-07T19:28:36.941+0000] {processor.py:914} INFO - Processing file /opt/airflow/dags/etl_datalake_dag.py for tasks to queue
[2025-11-07T19:28:36.943+0000] {logging_mixin.py:190} INFO - [2025-11-07T19:28:36.942+0000] {dagbag.py:588} INFO - Filling up the DagBag from /opt/airflow/dags/etl_datalake_dag.py
[2025-11-07T19:28:36.966+0000] {processor.py:925} INFO - DAG(s) 'etl_datalake_hive_iceberg' retrieved from /opt/airflow/dags/etl_datalake_dag.py
[2025-11-07T19:28:37.019+0000] {logging_mixin.py:190} INFO - [2025-11-07T19:28:37.018+0000] {dag.py:3239} INFO - Sync 1 DAGs
[2025-11-07T19:28:37.067+0000] {logging_mixin.py:190} INFO - [2025-11-07T19:28:37.067+0000] {dag.py:4180} INFO - Setting next_dagrun for etl_datalake_hive_iceberg to 2025-11-06T00:00:00+00:00, run_after=2025-11-07T00:00:00+00:00
[2025-11-07T19:28:37.121+0000] {processor.py:208} INFO - Processing /opt/airflow/dags/etl_datalake_dag.py took 0.189 seconds
[2025-11-07T19:29:09.870+0000] {processor.py:186} INFO - Started process (PID=237) to work on /opt/airflow/dags/etl_datalake_dag.py
[2025-11-07T19:29:09.871+0000] {processor.py:914} INFO - Processing file /opt/airflow/dags/etl_datalake_dag.py for tasks to queue
[2025-11-07T19:29:09.873+0000] {logging_mixin.py:190} INFO - [2025-11-07T19:29:09.872+0000] {dagbag.py:588} INFO - Filling up the DagBag from /opt/airflow/dags/etl_datalake_dag.py
[2025-11-07T19:29:09.896+0000] {processor.py:925} INFO - DAG(s) 'etl_datalake_hive_iceberg' retrieved from /opt/airflow/dags/etl_datalake_dag.py
[2025-11-07T19:29:09.942+0000] {logging_mixin.py:190} INFO - [2025-11-07T19:29:09.942+0000] {dag.py:3239} INFO - Sync 1 DAGs
[2025-11-07T19:29:09.985+0000] {logging_mixin.py:190} INFO - [2025-11-07T19:29:09.985+0000] {dag.py:4180} INFO - Setting next_dagrun for etl_datalake_hive_iceberg to 2025-11-06T00:00:00+00:00, run_after=2025-11-07T00:00:00+00:00
[2025-11-07T19:29:10.033+0000] {processor.py:208} INFO - Processing /opt/airflow/dags/etl_datalake_dag.py took 0.172 seconds
[2025-11-07T19:29:43.830+0000] {processor.py:186} INFO - Started process (PID=241) to work on /opt/airflow/dags/etl_datalake_dag.py
[2025-11-07T19:29:43.831+0000] {processor.py:914} INFO - Processing file /opt/airflow/dags/etl_datalake_dag.py for tasks to queue
[2025-11-07T19:29:43.832+0000] {logging_mixin.py:190} INFO - [2025-11-07T19:29:43.832+0000] {dagbag.py:588} INFO - Filling up the DagBag from /opt/airflow/dags/etl_datalake_dag.py
[2025-11-07T19:29:43.859+0000] {processor.py:925} INFO - DAG(s) 'etl_datalake_hive_iceberg' retrieved from /opt/airflow/dags/etl_datalake_dag.py
[2025-11-07T19:29:43.914+0000] {logging_mixin.py:190} INFO - [2025-11-07T19:29:43.914+0000] {dag.py:3239} INFO - Sync 1 DAGs
[2025-11-07T19:29:43.945+0000] {logging_mixin.py:190} INFO - [2025-11-07T19:29:43.945+0000] {dag.py:4180} INFO - Setting next_dagrun for etl_datalake_hive_iceberg to 2025-11-06T00:00:00+00:00, run_after=2025-11-07T00:00:00+00:00
[2025-11-07T19:29:43.981+0000] {processor.py:208} INFO - Processing /opt/airflow/dags/etl_datalake_dag.py took 0.158 seconds
[2025-11-07T19:30:16.786+0000] {processor.py:186} INFO - Started process (PID=245) to work on /opt/airflow/dags/etl_datalake_dag.py
[2025-11-07T19:30:16.786+0000] {processor.py:914} INFO - Processing file /opt/airflow/dags/etl_datalake_dag.py for tasks to queue
[2025-11-07T19:30:16.788+0000] {logging_mixin.py:190} INFO - [2025-11-07T19:30:16.788+0000] {dagbag.py:588} INFO - Filling up the DagBag from /opt/airflow/dags/etl_datalake_dag.py
[2025-11-07T19:30:16.829+0000] {processor.py:925} INFO - DAG(s) 'etl_datalake_hive_iceberg' retrieved from /opt/airflow/dags/etl_datalake_dag.py
[2025-11-07T19:30:16.926+0000] {logging_mixin.py:190} INFO - [2025-11-07T19:30:16.926+0000] {dag.py:3239} INFO - Sync 1 DAGs
[2025-11-07T19:30:16.969+0000] {logging_mixin.py:190} INFO - [2025-11-07T19:30:16.969+0000] {dag.py:4180} INFO - Setting next_dagrun for etl_datalake_hive_iceberg to 2025-11-06T00:00:00+00:00, run_after=2025-11-07T00:00:00+00:00
[2025-11-07T19:30:17.005+0000] {processor.py:208} INFO - Processing /opt/airflow/dags/etl_datalake_dag.py took 0.230 seconds
[2025-11-07T19:30:50.514+0000] {processor.py:186} INFO - Started process (PID=249) to work on /opt/airflow/dags/etl_datalake_dag.py
[2025-11-07T19:30:50.515+0000] {processor.py:914} INFO - Processing file /opt/airflow/dags/etl_datalake_dag.py for tasks to queue
[2025-11-07T19:30:50.516+0000] {logging_mixin.py:190} INFO - [2025-11-07T19:30:50.516+0000] {dagbag.py:588} INFO - Filling up the DagBag from /opt/airflow/dags/etl_datalake_dag.py
[2025-11-07T19:30:50.532+0000] {processor.py:925} INFO - DAG(s) 'etl_datalake_hive_iceberg' retrieved from /opt/airflow/dags/etl_datalake_dag.py
[2025-11-07T19:30:50.564+0000] {logging_mixin.py:190} INFO - [2025-11-07T19:30:50.564+0000] {dag.py:3239} INFO - Sync 1 DAGs
[2025-11-07T19:30:50.600+0000] {logging_mixin.py:190} INFO - [2025-11-07T19:30:50.600+0000] {dag.py:4180} INFO - Setting next_dagrun for etl_datalake_hive_iceberg to 2025-11-06T00:00:00+00:00, run_after=2025-11-07T00:00:00+00:00
[2025-11-07T19:30:50.628+0000] {processor.py:208} INFO - Processing /opt/airflow/dags/etl_datalake_dag.py took 0.119 seconds
[2025-11-07T19:31:23.244+0000] {processor.py:186} INFO - Started process (PID=253) to work on /opt/airflow/dags/etl_datalake_dag.py
[2025-11-07T19:31:23.245+0000] {processor.py:914} INFO - Processing file /opt/airflow/dags/etl_datalake_dag.py for tasks to queue
[2025-11-07T19:31:23.246+0000] {logging_mixin.py:190} INFO - [2025-11-07T19:31:23.246+0000] {dagbag.py:588} INFO - Filling up the DagBag from /opt/airflow/dags/etl_datalake_dag.py
[2025-11-07T19:31:23.262+0000] {processor.py:925} INFO - DAG(s) 'etl_datalake_hive_iceberg' retrieved from /opt/airflow/dags/etl_datalake_dag.py
[2025-11-07T19:31:23.297+0000] {logging_mixin.py:190} INFO - [2025-11-07T19:31:23.297+0000] {dag.py:3239} INFO - Sync 1 DAGs
[2025-11-07T19:31:23.332+0000] {logging_mixin.py:190} INFO - [2025-11-07T19:31:23.332+0000] {dag.py:4180} INFO - Setting next_dagrun for etl_datalake_hive_iceberg to 2025-11-06T00:00:00+00:00, run_after=2025-11-07T00:00:00+00:00
[2025-11-07T19:31:23.368+0000] {processor.py:208} INFO - Processing /opt/airflow/dags/etl_datalake_dag.py took 0.129 seconds
[2025-11-07T19:31:57.152+0000] {processor.py:186} INFO - Started process (PID=257) to work on /opt/airflow/dags/etl_datalake_dag.py
[2025-11-07T19:31:57.154+0000] {processor.py:914} INFO - Processing file /opt/airflow/dags/etl_datalake_dag.py for tasks to queue
[2025-11-07T19:31:57.163+0000] {logging_mixin.py:190} INFO - [2025-11-07T19:31:57.162+0000] {dagbag.py:588} INFO - Filling up the DagBag from /opt/airflow/dags/etl_datalake_dag.py
[2025-11-07T19:31:57.207+0000] {processor.py:925} INFO - DAG(s) 'etl_datalake_hive_iceberg' retrieved from /opt/airflow/dags/etl_datalake_dag.py
[2025-11-07T19:31:57.381+0000] {logging_mixin.py:190} INFO - [2025-11-07T19:31:57.378+0000] {dag.py:3239} INFO - Sync 1 DAGs
[2025-11-07T19:31:57.481+0000] {logging_mixin.py:190} INFO - [2025-11-07T19:31:57.481+0000] {dag.py:4180} INFO - Setting next_dagrun for etl_datalake_hive_iceberg to 2025-11-06T00:00:00+00:00, run_after=2025-11-07T00:00:00+00:00
[2025-11-07T19:31:57.536+0000] {processor.py:208} INFO - Processing /opt/airflow/dags/etl_datalake_dag.py took 0.421 seconds
[2025-11-07T19:32:29.699+0000] {processor.py:186} INFO - Started process (PID=261) to work on /opt/airflow/dags/etl_datalake_dag.py
[2025-11-07T19:32:29.703+0000] {processor.py:914} INFO - Processing file /opt/airflow/dags/etl_datalake_dag.py for tasks to queue
[2025-11-07T19:32:29.706+0000] {logging_mixin.py:190} INFO - [2025-11-07T19:32:29.706+0000] {dagbag.py:588} INFO - Filling up the DagBag from /opt/airflow/dags/etl_datalake_dag.py
[2025-11-07T19:32:29.777+0000] {processor.py:925} INFO - DAG(s) 'etl_datalake_hive_iceberg' retrieved from /opt/airflow/dags/etl_datalake_dag.py
[2025-11-07T19:32:29.878+0000] {logging_mixin.py:190} INFO - [2025-11-07T19:32:29.877+0000] {dag.py:3239} INFO - Sync 1 DAGs
[2025-11-07T19:32:29.997+0000] {logging_mixin.py:190} INFO - [2025-11-07T19:32:29.996+0000] {dag.py:4180} INFO - Setting next_dagrun for etl_datalake_hive_iceberg to 2025-11-06T00:00:00+00:00, run_after=2025-11-07T00:00:00+00:00
[2025-11-07T19:32:30.059+0000] {processor.py:208} INFO - Processing /opt/airflow/dags/etl_datalake_dag.py took 0.398 seconds
[2025-11-07T19:33:03.209+0000] {processor.py:186} INFO - Started process (PID=265) to work on /opt/airflow/dags/etl_datalake_dag.py
[2025-11-07T19:33:03.210+0000] {processor.py:914} INFO - Processing file /opt/airflow/dags/etl_datalake_dag.py for tasks to queue
[2025-11-07T19:33:03.212+0000] {logging_mixin.py:190} INFO - [2025-11-07T19:33:03.211+0000] {dagbag.py:588} INFO - Filling up the DagBag from /opt/airflow/dags/etl_datalake_dag.py
[2025-11-07T19:33:03.288+0000] {processor.py:925} INFO - DAG(s) 'etl_datalake_hive_iceberg' retrieved from /opt/airflow/dags/etl_datalake_dag.py
[2025-11-07T19:33:03.384+0000] {logging_mixin.py:190} INFO - [2025-11-07T19:33:03.384+0000] {dag.py:3239} INFO - Sync 1 DAGs
[2025-11-07T19:33:03.468+0000] {logging_mixin.py:190} INFO - [2025-11-07T19:33:03.468+0000] {dag.py:4180} INFO - Setting next_dagrun for etl_datalake_hive_iceberg to 2025-11-06T00:00:00+00:00, run_after=2025-11-07T00:00:00+00:00
[2025-11-07T19:33:03.532+0000] {processor.py:208} INFO - Processing /opt/airflow/dags/etl_datalake_dag.py took 0.352 seconds
[2025-11-07T19:33:36.763+0000] {processor.py:186} INFO - Started process (PID=269) to work on /opt/airflow/dags/etl_datalake_dag.py
[2025-11-07T19:33:36.764+0000] {processor.py:914} INFO - Processing file /opt/airflow/dags/etl_datalake_dag.py for tasks to queue
[2025-11-07T19:33:36.765+0000] {logging_mixin.py:190} INFO - [2025-11-07T19:33:36.765+0000] {dagbag.py:588} INFO - Filling up the DagBag from /opt/airflow/dags/etl_datalake_dag.py
[2025-11-07T19:33:36.781+0000] {processor.py:925} INFO - DAG(s) 'etl_datalake_hive_iceberg' retrieved from /opt/airflow/dags/etl_datalake_dag.py
[2025-11-07T19:33:36.836+0000] {logging_mixin.py:190} INFO - [2025-11-07T19:33:36.835+0000] {dag.py:3239} INFO - Sync 1 DAGs
[2025-11-07T19:33:36.909+0000] {logging_mixin.py:190} INFO - [2025-11-07T19:33:36.909+0000] {dag.py:4180} INFO - Setting next_dagrun for etl_datalake_hive_iceberg to 2025-11-06T00:00:00+00:00, run_after=2025-11-07T00:00:00+00:00
[2025-11-07T19:33:36.964+0000] {processor.py:208} INFO - Processing /opt/airflow/dags/etl_datalake_dag.py took 0.206 seconds
[2025-11-07T19:34:09.868+0000] {processor.py:186} INFO - Started process (PID=275) to work on /opt/airflow/dags/etl_datalake_dag.py
[2025-11-07T19:34:09.868+0000] {processor.py:914} INFO - Processing file /opt/airflow/dags/etl_datalake_dag.py for tasks to queue
[2025-11-07T19:34:09.869+0000] {logging_mixin.py:190} INFO - [2025-11-07T19:34:09.869+0000] {dagbag.py:588} INFO - Filling up the DagBag from /opt/airflow/dags/etl_datalake_dag.py
[2025-11-07T19:34:09.891+0000] {processor.py:925} INFO - DAG(s) 'etl_datalake_hive_iceberg' retrieved from /opt/airflow/dags/etl_datalake_dag.py
[2025-11-07T19:34:09.953+0000] {logging_mixin.py:190} INFO - [2025-11-07T19:34:09.953+0000] {dag.py:3239} INFO - Sync 1 DAGs
[2025-11-07T19:34:09.991+0000] {logging_mixin.py:190} INFO - [2025-11-07T19:34:09.991+0000] {dag.py:4180} INFO - Setting next_dagrun for etl_datalake_hive_iceberg to 2025-11-06T00:00:00+00:00, run_after=2025-11-07T00:00:00+00:00
[2025-11-07T19:34:10.034+0000] {processor.py:208} INFO - Processing /opt/airflow/dags/etl_datalake_dag.py took 0.173 seconds
[2025-11-07T19:34:43.782+0000] {processor.py:186} INFO - Started process (PID=279) to work on /opt/airflow/dags/etl_datalake_dag.py
[2025-11-07T19:34:43.783+0000] {processor.py:914} INFO - Processing file /opt/airflow/dags/etl_datalake_dag.py for tasks to queue
[2025-11-07T19:34:43.785+0000] {logging_mixin.py:190} INFO - [2025-11-07T19:34:43.785+0000] {dagbag.py:588} INFO - Filling up the DagBag from /opt/airflow/dags/etl_datalake_dag.py
[2025-11-07T19:34:43.804+0000] {processor.py:925} INFO - DAG(s) 'etl_datalake_hive_iceberg' retrieved from /opt/airflow/dags/etl_datalake_dag.py
[2025-11-07T19:34:43.839+0000] {logging_mixin.py:190} INFO - [2025-11-07T19:34:43.839+0000] {dag.py:3239} INFO - Sync 1 DAGs
[2025-11-07T19:34:43.868+0000] {logging_mixin.py:190} INFO - [2025-11-07T19:34:43.868+0000] {dag.py:4180} INFO - Setting next_dagrun for etl_datalake_hive_iceberg to 2025-11-06T00:00:00+00:00, run_after=2025-11-07T00:00:00+00:00
[2025-11-07T19:34:43.898+0000] {processor.py:208} INFO - Processing /opt/airflow/dags/etl_datalake_dag.py took 0.122 seconds
[2025-11-07T19:35:16.556+0000] {processor.py:186} INFO - Started process (PID=283) to work on /opt/airflow/dags/etl_datalake_dag.py
[2025-11-07T19:35:16.557+0000] {processor.py:914} INFO - Processing file /opt/airflow/dags/etl_datalake_dag.py for tasks to queue
[2025-11-07T19:35:16.558+0000] {logging_mixin.py:190} INFO - [2025-11-07T19:35:16.558+0000] {dagbag.py:588} INFO - Filling up the DagBag from /opt/airflow/dags/etl_datalake_dag.py
[2025-11-07T19:35:16.577+0000] {processor.py:925} INFO - DAG(s) 'etl_datalake_hive_iceberg' retrieved from /opt/airflow/dags/etl_datalake_dag.py
[2025-11-07T19:35:16.616+0000] {logging_mixin.py:190} INFO - [2025-11-07T19:35:16.615+0000] {dag.py:3239} INFO - Sync 1 DAGs
[2025-11-07T19:35:16.646+0000] {logging_mixin.py:190} INFO - [2025-11-07T19:35:16.646+0000] {dag.py:4180} INFO - Setting next_dagrun for etl_datalake_hive_iceberg to 2025-11-06T00:00:00+00:00, run_after=2025-11-07T00:00:00+00:00
[2025-11-07T19:35:16.673+0000] {processor.py:208} INFO - Processing /opt/airflow/dags/etl_datalake_dag.py took 0.123 seconds
[2025-11-07T19:35:50.449+0000] {processor.py:186} INFO - Started process (PID=287) to work on /opt/airflow/dags/etl_datalake_dag.py
[2025-11-07T19:35:50.449+0000] {processor.py:914} INFO - Processing file /opt/airflow/dags/etl_datalake_dag.py for tasks to queue
[2025-11-07T19:35:50.451+0000] {logging_mixin.py:190} INFO - [2025-11-07T19:35:50.450+0000] {dagbag.py:588} INFO - Filling up the DagBag from /opt/airflow/dags/etl_datalake_dag.py
[2025-11-07T19:35:50.469+0000] {processor.py:925} INFO - DAG(s) 'etl_datalake_hive_iceberg' retrieved from /opt/airflow/dags/etl_datalake_dag.py
[2025-11-07T19:35:50.506+0000] {logging_mixin.py:190} INFO - [2025-11-07T19:35:50.506+0000] {dag.py:3239} INFO - Sync 1 DAGs
[2025-11-07T19:35:50.536+0000] {logging_mixin.py:190} INFO - [2025-11-07T19:35:50.536+0000] {dag.py:4180} INFO - Setting next_dagrun for etl_datalake_hive_iceberg to 2025-11-06T00:00:00+00:00, run_after=2025-11-07T00:00:00+00:00
[2025-11-07T19:35:50.563+0000] {processor.py:208} INFO - Processing /opt/airflow/dags/etl_datalake_dag.py took 0.120 seconds
[2025-11-07T19:36:23.228+0000] {processor.py:186} INFO - Started process (PID=291) to work on /opt/airflow/dags/etl_datalake_dag.py
[2025-11-07T19:36:23.229+0000] {processor.py:914} INFO - Processing file /opt/airflow/dags/etl_datalake_dag.py for tasks to queue
[2025-11-07T19:36:23.231+0000] {logging_mixin.py:190} INFO - [2025-11-07T19:36:23.230+0000] {dagbag.py:588} INFO - Filling up the DagBag from /opt/airflow/dags/etl_datalake_dag.py
[2025-11-07T19:36:23.249+0000] {processor.py:925} INFO - DAG(s) 'etl_datalake_hive_iceberg' retrieved from /opt/airflow/dags/etl_datalake_dag.py
[2025-11-07T19:36:23.287+0000] {logging_mixin.py:190} INFO - [2025-11-07T19:36:23.287+0000] {dag.py:3239} INFO - Sync 1 DAGs
[2025-11-07T19:36:23.318+0000] {logging_mixin.py:190} INFO - [2025-11-07T19:36:23.318+0000] {dag.py:4180} INFO - Setting next_dagrun for etl_datalake_hive_iceberg to 2025-11-06T00:00:00+00:00, run_after=2025-11-07T00:00:00+00:00
[2025-11-07T19:36:23.348+0000] {processor.py:208} INFO - Processing /opt/airflow/dags/etl_datalake_dag.py took 0.126 seconds
[2025-11-07T19:36:56.032+0000] {processor.py:186} INFO - Started process (PID=295) to work on /opt/airflow/dags/etl_datalake_dag.py
[2025-11-07T19:36:56.032+0000] {processor.py:914} INFO - Processing file /opt/airflow/dags/etl_datalake_dag.py for tasks to queue
[2025-11-07T19:36:56.034+0000] {logging_mixin.py:190} INFO - [2025-11-07T19:36:56.034+0000] {dagbag.py:588} INFO - Filling up the DagBag from /opt/airflow/dags/etl_datalake_dag.py
[2025-11-07T19:36:56.054+0000] {processor.py:925} INFO - DAG(s) 'etl_datalake_hive_iceberg' retrieved from /opt/airflow/dags/etl_datalake_dag.py
[2025-11-07T19:36:56.091+0000] {logging_mixin.py:190} INFO - [2025-11-07T19:36:56.090+0000] {dag.py:3239} INFO - Sync 1 DAGs
[2025-11-07T19:36:56.117+0000] {logging_mixin.py:190} INFO - [2025-11-07T19:36:56.117+0000] {dag.py:4180} INFO - Setting next_dagrun for etl_datalake_hive_iceberg to 2025-11-06T00:00:00+00:00, run_after=2025-11-07T00:00:00+00:00
[2025-11-07T19:36:56.144+0000] {processor.py:208} INFO - Processing /opt/airflow/dags/etl_datalake_dag.py took 0.118 seconds
[2025-11-07T19:37:29.824+0000] {processor.py:186} INFO - Started process (PID=299) to work on /opt/airflow/dags/etl_datalake_dag.py
[2025-11-07T19:37:29.825+0000] {processor.py:914} INFO - Processing file /opt/airflow/dags/etl_datalake_dag.py for tasks to queue
[2025-11-07T19:37:29.826+0000] {logging_mixin.py:190} INFO - [2025-11-07T19:37:29.826+0000] {dagbag.py:588} INFO - Filling up the DagBag from /opt/airflow/dags/etl_datalake_dag.py
[2025-11-07T19:37:29.844+0000] {processor.py:925} INFO - DAG(s) 'etl_datalake_hive_iceberg' retrieved from /opt/airflow/dags/etl_datalake_dag.py
[2025-11-07T19:37:29.881+0000] {logging_mixin.py:190} INFO - [2025-11-07T19:37:29.880+0000] {dag.py:3239} INFO - Sync 1 DAGs
[2025-11-07T19:37:29.911+0000] {logging_mixin.py:190} INFO - [2025-11-07T19:37:29.910+0000] {dag.py:4180} INFO - Setting next_dagrun for etl_datalake_hive_iceberg to 2025-11-06T00:00:00+00:00, run_after=2025-11-07T00:00:00+00:00
[2025-11-07T19:37:29.940+0000] {processor.py:208} INFO - Processing /opt/airflow/dags/etl_datalake_dag.py took 0.121 seconds
[2025-11-07T19:38:02.684+0000] {processor.py:186} INFO - Started process (PID=303) to work on /opt/airflow/dags/etl_datalake_dag.py
[2025-11-07T19:38:02.685+0000] {processor.py:914} INFO - Processing file /opt/airflow/dags/etl_datalake_dag.py for tasks to queue
[2025-11-07T19:38:02.687+0000] {logging_mixin.py:190} INFO - [2025-11-07T19:38:02.687+0000] {dagbag.py:588} INFO - Filling up the DagBag from /opt/airflow/dags/etl_datalake_dag.py
[2025-11-07T19:38:02.706+0000] {processor.py:925} INFO - DAG(s) 'etl_datalake_hive_iceberg' retrieved from /opt/airflow/dags/etl_datalake_dag.py
[2025-11-07T19:38:02.743+0000] {logging_mixin.py:190} INFO - [2025-11-07T19:38:02.743+0000] {dag.py:3239} INFO - Sync 1 DAGs
[2025-11-07T19:38:02.777+0000] {logging_mixin.py:190} INFO - [2025-11-07T19:38:02.777+0000] {dag.py:4180} INFO - Setting next_dagrun for etl_datalake_hive_iceberg to 2025-11-06T00:00:00+00:00, run_after=2025-11-07T00:00:00+00:00
[2025-11-07T19:38:02.807+0000] {processor.py:208} INFO - Processing /opt/airflow/dags/etl_datalake_dag.py took 0.129 seconds
[2025-11-07T19:38:36.463+0000] {processor.py:186} INFO - Started process (PID=307) to work on /opt/airflow/dags/etl_datalake_dag.py
[2025-11-07T19:38:36.464+0000] {processor.py:914} INFO - Processing file /opt/airflow/dags/etl_datalake_dag.py for tasks to queue
[2025-11-07T19:38:36.465+0000] {logging_mixin.py:190} INFO - [2025-11-07T19:38:36.464+0000] {dagbag.py:588} INFO - Filling up the DagBag from /opt/airflow/dags/etl_datalake_dag.py
[2025-11-07T19:38:36.481+0000] {processor.py:925} INFO - DAG(s) 'etl_datalake_hive_iceberg' retrieved from /opt/airflow/dags/etl_datalake_dag.py
[2025-11-07T19:38:36.518+0000] {logging_mixin.py:190} INFO - [2025-11-07T19:38:36.518+0000] {dag.py:3239} INFO - Sync 1 DAGs
[2025-11-07T19:38:36.547+0000] {logging_mixin.py:190} INFO - [2025-11-07T19:38:36.546+0000] {dag.py:4180} INFO - Setting next_dagrun for etl_datalake_hive_iceberg to 2025-11-06T00:00:00+00:00, run_after=2025-11-07T00:00:00+00:00
[2025-11-07T19:38:36.574+0000] {processor.py:208} INFO - Processing /opt/airflow/dags/etl_datalake_dag.py took 0.118 seconds
[2025-11-07T19:39:09.309+0000] {processor.py:186} INFO - Started process (PID=311) to work on /opt/airflow/dags/etl_datalake_dag.py
[2025-11-07T19:39:09.310+0000] {processor.py:914} INFO - Processing file /opt/airflow/dags/etl_datalake_dag.py for tasks to queue
[2025-11-07T19:39:09.312+0000] {logging_mixin.py:190} INFO - [2025-11-07T19:39:09.312+0000] {dagbag.py:588} INFO - Filling up the DagBag from /opt/airflow/dags/etl_datalake_dag.py
[2025-11-07T19:39:09.338+0000] {processor.py:925} INFO - DAG(s) 'etl_datalake_hive_iceberg' retrieved from /opt/airflow/dags/etl_datalake_dag.py
[2025-11-07T19:39:09.388+0000] {logging_mixin.py:190} INFO - [2025-11-07T19:39:09.388+0000] {dag.py:3239} INFO - Sync 1 DAGs
[2025-11-07T19:39:09.419+0000] {logging_mixin.py:190} INFO - [2025-11-07T19:39:09.419+0000] {dag.py:4180} INFO - Setting next_dagrun for etl_datalake_hive_iceberg to 2025-11-06T00:00:00+00:00, run_after=2025-11-07T00:00:00+00:00
[2025-11-07T19:39:09.455+0000] {processor.py:208} INFO - Processing /opt/airflow/dags/etl_datalake_dag.py took 0.154 seconds
[2025-11-07T19:39:43.253+0000] {processor.py:186} INFO - Started process (PID=315) to work on /opt/airflow/dags/etl_datalake_dag.py
[2025-11-07T19:39:43.253+0000] {processor.py:914} INFO - Processing file /opt/airflow/dags/etl_datalake_dag.py for tasks to queue
[2025-11-07T19:39:43.255+0000] {logging_mixin.py:190} INFO - [2025-11-07T19:39:43.254+0000] {dagbag.py:588} INFO - Filling up the DagBag from /opt/airflow/dags/etl_datalake_dag.py
[2025-11-07T19:39:43.271+0000] {processor.py:925} INFO - DAG(s) 'etl_datalake_hive_iceberg' retrieved from /opt/airflow/dags/etl_datalake_dag.py
[2025-11-07T19:39:43.309+0000] {logging_mixin.py:190} INFO - [2025-11-07T19:39:43.309+0000] {dag.py:3239} INFO - Sync 1 DAGs
[2025-11-07T19:39:43.338+0000] {logging_mixin.py:190} INFO - [2025-11-07T19:39:43.337+0000] {dag.py:4180} INFO - Setting next_dagrun for etl_datalake_hive_iceberg to 2025-11-06T00:00:00+00:00, run_after=2025-11-07T00:00:00+00:00
[2025-11-07T19:39:43.362+0000] {processor.py:208} INFO - Processing /opt/airflow/dags/etl_datalake_dag.py took 0.118 seconds
