[2025-11-10T13:30:48.068+0000] {processor.py:186} INFO - Started process (PID=38) to work on /opt/airflow/dags/Crawl_ETL_ITJob.py
[2025-11-10T13:30:48.069+0000] {processor.py:914} INFO - Processing file /opt/airflow/dags/Crawl_ETL_ITJob.py for tasks to queue
[2025-11-10T13:30:48.073+0000] {logging_mixin.py:190} INFO - [2025-11-10T13:30:48.071+0000] {dagbag.py:588} INFO - Filling up the DagBag from /opt/airflow/dags/Crawl_ETL_ITJob.py
[2025-11-10T13:30:48.109+0000] {processor.py:925} INFO - DAG(s) 'crawl_etl_itjob' retrieved from /opt/airflow/dags/Crawl_ETL_ITJob.py
[2025-11-10T13:30:48.171+0000] {logging_mixin.py:190} INFO - [2025-11-10T13:30:48.170+0000] {dag.py:3239} INFO - Sync 1 DAGs
[2025-11-10T13:30:48.378+0000] {processor.py:208} INFO - Processing /opt/airflow/dags/Crawl_ETL_ITJob.py took 0.320 seconds
[2025-11-10T13:31:18.635+0000] {processor.py:186} INFO - Started process (PID=42) to work on /opt/airflow/dags/Crawl_ETL_ITJob.py
[2025-11-10T13:31:18.652+0000] {processor.py:914} INFO - Processing file /opt/airflow/dags/Crawl_ETL_ITJob.py for tasks to queue
[2025-11-10T13:31:18.654+0000] {logging_mixin.py:190} INFO - [2025-11-10T13:31:18.653+0000] {dagbag.py:588} INFO - Filling up the DagBag from /opt/airflow/dags/Crawl_ETL_ITJob.py
[2025-11-10T13:31:18.699+0000] {processor.py:925} INFO - DAG(s) 'crawl_etl_itjob' retrieved from /opt/airflow/dags/Crawl_ETL_ITJob.py
[2025-11-10T13:31:18.756+0000] {logging_mixin.py:190} INFO - [2025-11-10T13:31:18.756+0000] {dag.py:3239} INFO - Sync 1 DAGs
[2025-11-10T13:31:18.971+0000] {processor.py:208} INFO - Processing /opt/airflow/dags/Crawl_ETL_ITJob.py took 0.343 seconds
[2025-11-10T13:31:49.312+0000] {processor.py:186} INFO - Started process (PID=46) to work on /opt/airflow/dags/Crawl_ETL_ITJob.py
[2025-11-10T13:31:49.313+0000] {processor.py:914} INFO - Processing file /opt/airflow/dags/Crawl_ETL_ITJob.py for tasks to queue
[2025-11-10T13:31:49.315+0000] {logging_mixin.py:190} INFO - [2025-11-10T13:31:49.314+0000] {dagbag.py:588} INFO - Filling up the DagBag from /opt/airflow/dags/Crawl_ETL_ITJob.py
[2025-11-10T13:31:49.340+0000] {processor.py:925} INFO - DAG(s) 'crawl_etl_itjob' retrieved from /opt/airflow/dags/Crawl_ETL_ITJob.py
[2025-11-10T13:31:49.384+0000] {logging_mixin.py:190} INFO - [2025-11-10T13:31:49.383+0000] {dag.py:3239} INFO - Sync 1 DAGs
[2025-11-10T13:31:49.451+0000] {processor.py:208} INFO - Processing /opt/airflow/dags/Crawl_ETL_ITJob.py took 0.145 seconds
[2025-11-10T13:32:19.734+0000] {processor.py:186} INFO - Started process (PID=50) to work on /opt/airflow/dags/Crawl_ETL_ITJob.py
[2025-11-10T13:32:19.741+0000] {processor.py:914} INFO - Processing file /opt/airflow/dags/Crawl_ETL_ITJob.py for tasks to queue
[2025-11-10T13:32:19.744+0000] {logging_mixin.py:190} INFO - [2025-11-10T13:32:19.744+0000] {dagbag.py:588} INFO - Filling up the DagBag from /opt/airflow/dags/Crawl_ETL_ITJob.py
[2025-11-10T13:32:19.790+0000] {processor.py:925} INFO - DAG(s) 'crawl_etl_itjob' retrieved from /opt/airflow/dags/Crawl_ETL_ITJob.py
[2025-11-10T13:32:20.011+0000] {logging_mixin.py:190} INFO - [2025-11-10T13:32:20.010+0000] {dag.py:3239} INFO - Sync 1 DAGs
[2025-11-10T13:32:20.175+0000] {processor.py:208} INFO - Processing /opt/airflow/dags/Crawl_ETL_ITJob.py took 0.450 seconds
[2025-11-10T13:32:50.538+0000] {processor.py:186} INFO - Started process (PID=54) to work on /opt/airflow/dags/Crawl_ETL_ITJob.py
[2025-11-10T13:32:50.539+0000] {processor.py:914} INFO - Processing file /opt/airflow/dags/Crawl_ETL_ITJob.py for tasks to queue
[2025-11-10T13:32:50.540+0000] {logging_mixin.py:190} INFO - [2025-11-10T13:32:50.540+0000] {dagbag.py:588} INFO - Filling up the DagBag from /opt/airflow/dags/Crawl_ETL_ITJob.py
[2025-11-10T13:32:50.564+0000] {processor.py:925} INFO - DAG(s) 'crawl_etl_itjob' retrieved from /opt/airflow/dags/Crawl_ETL_ITJob.py
[2025-11-10T13:32:50.617+0000] {logging_mixin.py:190} INFO - [2025-11-10T13:32:50.617+0000] {dag.py:3239} INFO - Sync 1 DAGs
[2025-11-10T13:32:50.693+0000] {processor.py:208} INFO - Processing /opt/airflow/dags/Crawl_ETL_ITJob.py took 0.162 seconds
[2025-11-10T13:33:21.046+0000] {processor.py:186} INFO - Started process (PID=58) to work on /opt/airflow/dags/Crawl_ETL_ITJob.py
[2025-11-10T13:33:21.047+0000] {processor.py:914} INFO - Processing file /opt/airflow/dags/Crawl_ETL_ITJob.py for tasks to queue
[2025-11-10T13:33:21.049+0000] {logging_mixin.py:190} INFO - [2025-11-10T13:33:21.048+0000] {dagbag.py:588} INFO - Filling up the DagBag from /opt/airflow/dags/Crawl_ETL_ITJob.py
[2025-11-10T13:33:21.092+0000] {processor.py:925} INFO - DAG(s) 'crawl_etl_itjob' retrieved from /opt/airflow/dags/Crawl_ETL_ITJob.py
[2025-11-10T13:33:21.142+0000] {logging_mixin.py:190} INFO - [2025-11-10T13:33:21.142+0000] {dag.py:3239} INFO - Sync 1 DAGs
[2025-11-10T13:33:21.229+0000] {processor.py:208} INFO - Processing /opt/airflow/dags/Crawl_ETL_ITJob.py took 0.192 seconds
[2025-11-10T13:33:51.468+0000] {processor.py:186} INFO - Started process (PID=62) to work on /opt/airflow/dags/Crawl_ETL_ITJob.py
[2025-11-10T13:33:51.469+0000] {processor.py:914} INFO - Processing file /opt/airflow/dags/Crawl_ETL_ITJob.py for tasks to queue
[2025-11-10T13:33:51.470+0000] {logging_mixin.py:190} INFO - [2025-11-10T13:33:51.470+0000] {dagbag.py:588} INFO - Filling up the DagBag from /opt/airflow/dags/Crawl_ETL_ITJob.py
[2025-11-10T13:33:51.495+0000] {processor.py:925} INFO - DAG(s) 'crawl_etl_itjob' retrieved from /opt/airflow/dags/Crawl_ETL_ITJob.py
[2025-11-10T13:33:51.546+0000] {logging_mixin.py:190} INFO - [2025-11-10T13:33:51.546+0000] {dag.py:3239} INFO - Sync 1 DAGs
[2025-11-10T13:33:51.620+0000] {processor.py:208} INFO - Processing /opt/airflow/dags/Crawl_ETL_ITJob.py took 0.159 seconds
[2025-11-10T13:34:21.875+0000] {processor.py:186} INFO - Started process (PID=66) to work on /opt/airflow/dags/Crawl_ETL_ITJob.py
[2025-11-10T13:34:21.876+0000] {processor.py:914} INFO - Processing file /opt/airflow/dags/Crawl_ETL_ITJob.py for tasks to queue
[2025-11-10T13:34:21.877+0000] {logging_mixin.py:190} INFO - [2025-11-10T13:34:21.877+0000] {dagbag.py:588} INFO - Filling up the DagBag from /opt/airflow/dags/Crawl_ETL_ITJob.py
[2025-11-10T13:34:21.911+0000] {processor.py:925} INFO - DAG(s) 'crawl_etl_itjob' retrieved from /opt/airflow/dags/Crawl_ETL_ITJob.py
[2025-11-10T13:34:21.976+0000] {logging_mixin.py:190} INFO - [2025-11-10T13:34:21.976+0000] {dag.py:3239} INFO - Sync 1 DAGs
[2025-11-10T13:34:22.078+0000] {processor.py:208} INFO - Processing /opt/airflow/dags/Crawl_ETL_ITJob.py took 0.211 seconds
[2025-11-10T13:34:52.413+0000] {processor.py:186} INFO - Started process (PID=70) to work on /opt/airflow/dags/Crawl_ETL_ITJob.py
[2025-11-10T13:34:52.414+0000] {processor.py:914} INFO - Processing file /opt/airflow/dags/Crawl_ETL_ITJob.py for tasks to queue
[2025-11-10T13:34:52.418+0000] {logging_mixin.py:190} INFO - [2025-11-10T13:34:52.417+0000] {dagbag.py:588} INFO - Filling up the DagBag from /opt/airflow/dags/Crawl_ETL_ITJob.py
[2025-11-10T13:34:52.449+0000] {processor.py:925} INFO - DAG(s) 'crawl_etl_itjob' retrieved from /opt/airflow/dags/Crawl_ETL_ITJob.py
[2025-11-10T13:34:52.511+0000] {logging_mixin.py:190} INFO - [2025-11-10T13:34:52.511+0000] {dag.py:3239} INFO - Sync 1 DAGs
[2025-11-10T13:34:52.685+0000] {processor.py:208} INFO - Processing /opt/airflow/dags/Crawl_ETL_ITJob.py took 0.282 seconds
[2025-11-10T13:35:23.003+0000] {processor.py:186} INFO - Started process (PID=74) to work on /opt/airflow/dags/Crawl_ETL_ITJob.py
[2025-11-10T13:35:23.004+0000] {processor.py:914} INFO - Processing file /opt/airflow/dags/Crawl_ETL_ITJob.py for tasks to queue
[2025-11-10T13:35:23.006+0000] {logging_mixin.py:190} INFO - [2025-11-10T13:35:23.005+0000] {dagbag.py:588} INFO - Filling up the DagBag from /opt/airflow/dags/Crawl_ETL_ITJob.py
[2025-11-10T13:35:23.027+0000] {processor.py:925} INFO - DAG(s) 'crawl_etl_itjob' retrieved from /opt/airflow/dags/Crawl_ETL_ITJob.py
[2025-11-10T13:35:23.072+0000] {logging_mixin.py:190} INFO - [2025-11-10T13:35:23.071+0000] {dag.py:3239} INFO - Sync 1 DAGs
[2025-11-10T13:35:23.145+0000] {processor.py:208} INFO - Processing /opt/airflow/dags/Crawl_ETL_ITJob.py took 0.147 seconds
[2025-11-10T13:35:53.329+0000] {processor.py:186} INFO - Started process (PID=78) to work on /opt/airflow/dags/Crawl_ETL_ITJob.py
[2025-11-10T13:35:53.330+0000] {processor.py:914} INFO - Processing file /opt/airflow/dags/Crawl_ETL_ITJob.py for tasks to queue
[2025-11-10T13:35:53.331+0000] {logging_mixin.py:190} INFO - [2025-11-10T13:35:53.331+0000] {dagbag.py:588} INFO - Filling up the DagBag from /opt/airflow/dags/Crawl_ETL_ITJob.py
[2025-11-10T13:35:53.354+0000] {processor.py:925} INFO - DAG(s) 'crawl_etl_itjob' retrieved from /opt/airflow/dags/Crawl_ETL_ITJob.py
[2025-11-10T13:35:53.410+0000] {logging_mixin.py:190} INFO - [2025-11-10T13:35:53.409+0000] {dag.py:3239} INFO - Sync 1 DAGs
[2025-11-10T13:35:53.491+0000] {processor.py:208} INFO - Processing /opt/airflow/dags/Crawl_ETL_ITJob.py took 0.168 seconds
[2025-11-10T13:36:26.762+0000] {processor.py:186} INFO - Started process (PID=82) to work on /opt/airflow/dags/Crawl_ETL_ITJob.py
[2025-11-10T13:36:26.763+0000] {processor.py:914} INFO - Processing file /opt/airflow/dags/Crawl_ETL_ITJob.py for tasks to queue
[2025-11-10T13:36:26.764+0000] {logging_mixin.py:190} INFO - [2025-11-10T13:36:26.764+0000] {dagbag.py:588} INFO - Filling up the DagBag from /opt/airflow/dags/Crawl_ETL_ITJob.py
[2025-11-10T13:36:26.790+0000] {processor.py:925} INFO - DAG(s) 'crawl_etl_itjob' retrieved from /opt/airflow/dags/Crawl_ETL_ITJob.py
[2025-11-10T13:36:26.843+0000] {logging_mixin.py:190} INFO - [2025-11-10T13:36:26.843+0000] {dag.py:3239} INFO - Sync 1 DAGs
[2025-11-10T13:36:26.941+0000] {processor.py:208} INFO - Processing /opt/airflow/dags/Crawl_ETL_ITJob.py took 0.187 seconds
[2025-11-10T13:36:59.327+0000] {processor.py:186} INFO - Started process (PID=86) to work on /opt/airflow/dags/Crawl_ETL_ITJob.py
[2025-11-10T13:36:59.328+0000] {processor.py:914} INFO - Processing file /opt/airflow/dags/Crawl_ETL_ITJob.py for tasks to queue
[2025-11-10T13:36:59.330+0000] {logging_mixin.py:190} INFO - [2025-11-10T13:36:59.330+0000] {dagbag.py:588} INFO - Filling up the DagBag from /opt/airflow/dags/Crawl_ETL_ITJob.py
[2025-11-10T13:36:59.367+0000] {processor.py:925} INFO - DAG(s) 'crawl_etl_itjob' retrieved from /opt/airflow/dags/Crawl_ETL_ITJob.py
[2025-11-10T13:36:59.425+0000] {logging_mixin.py:190} INFO - [2025-11-10T13:36:59.425+0000] {dag.py:3239} INFO - Sync 1 DAGs
[2025-11-10T13:36:59.508+0000] {processor.py:208} INFO - Processing /opt/airflow/dags/Crawl_ETL_ITJob.py took 0.202 seconds
[2025-11-10T13:37:31.828+0000] {processor.py:186} INFO - Started process (PID=90) to work on /opt/airflow/dags/Crawl_ETL_ITJob.py
[2025-11-10T13:37:31.829+0000] {processor.py:914} INFO - Processing file /opt/airflow/dags/Crawl_ETL_ITJob.py for tasks to queue
[2025-11-10T13:37:31.831+0000] {logging_mixin.py:190} INFO - [2025-11-10T13:37:31.830+0000] {dagbag.py:588} INFO - Filling up the DagBag from /opt/airflow/dags/Crawl_ETL_ITJob.py
[2025-11-10T13:37:31.856+0000] {processor.py:925} INFO - DAG(s) 'crawl_etl_itjob' retrieved from /opt/airflow/dags/Crawl_ETL_ITJob.py
[2025-11-10T13:37:31.905+0000] {logging_mixin.py:190} INFO - [2025-11-10T13:37:31.905+0000] {dag.py:3239} INFO - Sync 1 DAGs
[2025-11-10T13:37:31.978+0000] {processor.py:208} INFO - Processing /opt/airflow/dags/Crawl_ETL_ITJob.py took 0.156 seconds
[2025-11-10T13:38:04.271+0000] {processor.py:186} INFO - Started process (PID=94) to work on /opt/airflow/dags/Crawl_ETL_ITJob.py
[2025-11-10T13:38:04.272+0000] {processor.py:914} INFO - Processing file /opt/airflow/dags/Crawl_ETL_ITJob.py for tasks to queue
[2025-11-10T13:38:04.274+0000] {logging_mixin.py:190} INFO - [2025-11-10T13:38:04.274+0000] {dagbag.py:588} INFO - Filling up the DagBag from /opt/airflow/dags/Crawl_ETL_ITJob.py
[2025-11-10T13:38:04.299+0000] {processor.py:925} INFO - DAG(s) 'crawl_etl_itjob' retrieved from /opt/airflow/dags/Crawl_ETL_ITJob.py
[2025-11-10T13:38:04.355+0000] {logging_mixin.py:190} INFO - [2025-11-10T13:38:04.355+0000] {dag.py:3239} INFO - Sync 1 DAGs
[2025-11-10T13:38:04.442+0000] {processor.py:208} INFO - Processing /opt/airflow/dags/Crawl_ETL_ITJob.py took 0.178 seconds
[2025-11-10T13:38:37.750+0000] {processor.py:186} INFO - Started process (PID=98) to work on /opt/airflow/dags/Crawl_ETL_ITJob.py
[2025-11-10T13:38:37.751+0000] {processor.py:914} INFO - Processing file /opt/airflow/dags/Crawl_ETL_ITJob.py for tasks to queue
[2025-11-10T13:38:37.754+0000] {logging_mixin.py:190} INFO - [2025-11-10T13:38:37.753+0000] {dagbag.py:588} INFO - Filling up the DagBag from /opt/airflow/dags/Crawl_ETL_ITJob.py
[2025-11-10T13:38:37.776+0000] {processor.py:925} INFO - DAG(s) 'crawl_etl_itjob' retrieved from /opt/airflow/dags/Crawl_ETL_ITJob.py
[2025-11-10T13:38:37.836+0000] {logging_mixin.py:190} INFO - [2025-11-10T13:38:37.836+0000] {dag.py:3239} INFO - Sync 1 DAGs
[2025-11-10T13:38:37.934+0000] {processor.py:208} INFO - Processing /opt/airflow/dags/Crawl_ETL_ITJob.py took 0.192 seconds
[2025-11-10T13:39:08.651+0000] {processor.py:186} INFO - Started process (PID=102) to work on /opt/airflow/dags/Crawl_ETL_ITJob.py
[2025-11-10T13:39:08.652+0000] {processor.py:914} INFO - Processing file /opt/airflow/dags/Crawl_ETL_ITJob.py for tasks to queue
[2025-11-10T13:39:08.653+0000] {logging_mixin.py:190} INFO - [2025-11-10T13:39:08.653+0000] {dagbag.py:588} INFO - Filling up the DagBag from /opt/airflow/dags/Crawl_ETL_ITJob.py
[2025-11-10T13:39:08.677+0000] {processor.py:925} INFO - DAG(s) 'crawl_etl_itjob' retrieved from /opt/airflow/dags/Crawl_ETL_ITJob.py
[2025-11-10T13:39:08.730+0000] {logging_mixin.py:190} INFO - [2025-11-10T13:39:08.730+0000] {dag.py:3239} INFO - Sync 1 DAGs
[2025-11-10T13:39:08.817+0000] {processor.py:208} INFO - Processing /opt/airflow/dags/Crawl_ETL_ITJob.py took 0.173 seconds
[2025-11-10T13:39:39.271+0000] {processor.py:186} INFO - Started process (PID=106) to work on /opt/airflow/dags/Crawl_ETL_ITJob.py
[2025-11-10T13:39:39.272+0000] {processor.py:914} INFO - Processing file /opt/airflow/dags/Crawl_ETL_ITJob.py for tasks to queue
[2025-11-10T13:39:39.275+0000] {logging_mixin.py:190} INFO - [2025-11-10T13:39:39.274+0000] {dagbag.py:588} INFO - Filling up the DagBag from /opt/airflow/dags/Crawl_ETL_ITJob.py
[2025-11-10T13:39:39.309+0000] {processor.py:925} INFO - DAG(s) 'crawl_etl_itjob' retrieved from /opt/airflow/dags/Crawl_ETL_ITJob.py
[2025-11-10T13:39:39.404+0000] {logging_mixin.py:190} INFO - [2025-11-10T13:39:39.403+0000] {dag.py:3239} INFO - Sync 1 DAGs
[2025-11-10T13:39:39.523+0000] {processor.py:208} INFO - Processing /opt/airflow/dags/Crawl_ETL_ITJob.py took 0.261 seconds
[2025-11-10T13:40:10.502+0000] {processor.py:186} INFO - Started process (PID=110) to work on /opt/airflow/dags/Crawl_ETL_ITJob.py
[2025-11-10T13:40:10.502+0000] {processor.py:914} INFO - Processing file /opt/airflow/dags/Crawl_ETL_ITJob.py for tasks to queue
[2025-11-10T13:40:10.506+0000] {logging_mixin.py:190} INFO - [2025-11-10T13:40:10.505+0000] {dagbag.py:588} INFO - Filling up the DagBag from /opt/airflow/dags/Crawl_ETL_ITJob.py
[2025-11-10T13:40:10.548+0000] {processor.py:925} INFO - DAG(s) 'crawl_etl_itjob' retrieved from /opt/airflow/dags/Crawl_ETL_ITJob.py
[2025-11-10T13:40:10.600+0000] {logging_mixin.py:190} INFO - [2025-11-10T13:40:10.599+0000] {dag.py:3239} INFO - Sync 1 DAGs
[2025-11-10T13:40:10.730+0000] {processor.py:208} INFO - Processing /opt/airflow/dags/Crawl_ETL_ITJob.py took 0.242 seconds
[2025-11-10T13:40:40.987+0000] {processor.py:186} INFO - Started process (PID=114) to work on /opt/airflow/dags/Crawl_ETL_ITJob.py
[2025-11-10T13:40:40.989+0000] {processor.py:914} INFO - Processing file /opt/airflow/dags/Crawl_ETL_ITJob.py for tasks to queue
[2025-11-10T13:40:40.990+0000] {logging_mixin.py:190} INFO - [2025-11-10T13:40:40.990+0000] {dagbag.py:588} INFO - Filling up the DagBag from /opt/airflow/dags/Crawl_ETL_ITJob.py
[2025-11-10T13:40:41.011+0000] {processor.py:925} INFO - DAG(s) 'crawl_etl_itjob' retrieved from /opt/airflow/dags/Crawl_ETL_ITJob.py
[2025-11-10T13:40:41.060+0000] {logging_mixin.py:190} INFO - [2025-11-10T13:40:41.060+0000] {dag.py:3239} INFO - Sync 1 DAGs
[2025-11-10T13:40:41.132+0000] {processor.py:208} INFO - Processing /opt/airflow/dags/Crawl_ETL_ITJob.py took 0.150 seconds
[2025-11-10T13:41:11.316+0000] {processor.py:186} INFO - Started process (PID=118) to work on /opt/airflow/dags/Crawl_ETL_ITJob.py
[2025-11-10T13:41:11.316+0000] {processor.py:914} INFO - Processing file /opt/airflow/dags/Crawl_ETL_ITJob.py for tasks to queue
[2025-11-10T13:41:11.319+0000] {logging_mixin.py:190} INFO - [2025-11-10T13:41:11.318+0000] {dagbag.py:588} INFO - Filling up the DagBag from /opt/airflow/dags/Crawl_ETL_ITJob.py
[2025-11-10T13:41:11.340+0000] {processor.py:925} INFO - DAG(s) 'crawl_etl_itjob' retrieved from /opt/airflow/dags/Crawl_ETL_ITJob.py
[2025-11-10T13:41:11.391+0000] {logging_mixin.py:190} INFO - [2025-11-10T13:41:11.391+0000] {dag.py:3239} INFO - Sync 1 DAGs
[2025-11-10T13:41:11.466+0000] {processor.py:208} INFO - Processing /opt/airflow/dags/Crawl_ETL_ITJob.py took 0.157 seconds
[2025-11-10T13:41:41.702+0000] {processor.py:186} INFO - Started process (PID=122) to work on /opt/airflow/dags/Crawl_ETL_ITJob.py
[2025-11-10T13:41:41.703+0000] {processor.py:914} INFO - Processing file /opt/airflow/dags/Crawl_ETL_ITJob.py for tasks to queue
[2025-11-10T13:41:41.705+0000] {logging_mixin.py:190} INFO - [2025-11-10T13:41:41.704+0000] {dagbag.py:588} INFO - Filling up the DagBag from /opt/airflow/dags/Crawl_ETL_ITJob.py
[2025-11-10T13:41:41.740+0000] {processor.py:925} INFO - DAG(s) 'crawl_etl_itjob' retrieved from /opt/airflow/dags/Crawl_ETL_ITJob.py
[2025-11-10T13:41:41.797+0000] {logging_mixin.py:190} INFO - [2025-11-10T13:41:41.797+0000] {dag.py:3239} INFO - Sync 1 DAGs
[2025-11-10T13:41:41.881+0000] {processor.py:208} INFO - Processing /opt/airflow/dags/Crawl_ETL_ITJob.py took 0.188 seconds
[2025-11-10T13:42:12.186+0000] {processor.py:186} INFO - Started process (PID=126) to work on /opt/airflow/dags/Crawl_ETL_ITJob.py
[2025-11-10T13:42:12.187+0000] {processor.py:914} INFO - Processing file /opt/airflow/dags/Crawl_ETL_ITJob.py for tasks to queue
[2025-11-10T13:42:12.189+0000] {logging_mixin.py:190} INFO - [2025-11-10T13:42:12.189+0000] {dagbag.py:588} INFO - Filling up the DagBag from /opt/airflow/dags/Crawl_ETL_ITJob.py
[2025-11-10T13:42:12.213+0000] {processor.py:925} INFO - DAG(s) 'crawl_etl_itjob' retrieved from /opt/airflow/dags/Crawl_ETL_ITJob.py
[2025-11-10T13:42:12.269+0000] {logging_mixin.py:190} INFO - [2025-11-10T13:42:12.269+0000] {dag.py:3239} INFO - Sync 1 DAGs
[2025-11-10T13:42:12.369+0000] {processor.py:208} INFO - Processing /opt/airflow/dags/Crawl_ETL_ITJob.py took 0.192 seconds
[2025-11-10T13:42:42.666+0000] {processor.py:186} INFO - Started process (PID=130) to work on /opt/airflow/dags/Crawl_ETL_ITJob.py
[2025-11-10T13:42:42.668+0000] {processor.py:914} INFO - Processing file /opt/airflow/dags/Crawl_ETL_ITJob.py for tasks to queue
[2025-11-10T13:42:42.673+0000] {logging_mixin.py:190} INFO - [2025-11-10T13:42:42.673+0000] {dagbag.py:588} INFO - Filling up the DagBag from /opt/airflow/dags/Crawl_ETL_ITJob.py
[2025-11-10T13:42:42.709+0000] {processor.py:925} INFO - DAG(s) 'crawl_etl_itjob' retrieved from /opt/airflow/dags/Crawl_ETL_ITJob.py
[2025-11-10T13:42:42.787+0000] {logging_mixin.py:190} INFO - [2025-11-10T13:42:42.787+0000] {dag.py:3239} INFO - Sync 1 DAGs
[2025-11-10T13:42:42.900+0000] {processor.py:208} INFO - Processing /opt/airflow/dags/Crawl_ETL_ITJob.py took 0.254 seconds
[2025-11-10T13:43:13.100+0000] {processor.py:186} INFO - Started process (PID=134) to work on /opt/airflow/dags/Crawl_ETL_ITJob.py
[2025-11-10T13:43:13.100+0000] {processor.py:914} INFO - Processing file /opt/airflow/dags/Crawl_ETL_ITJob.py for tasks to queue
[2025-11-10T13:43:13.102+0000] {logging_mixin.py:190} INFO - [2025-11-10T13:43:13.102+0000] {dagbag.py:588} INFO - Filling up the DagBag from /opt/airflow/dags/Crawl_ETL_ITJob.py
[2025-11-10T13:43:13.124+0000] {processor.py:925} INFO - DAG(s) 'crawl_etl_itjob' retrieved from /opt/airflow/dags/Crawl_ETL_ITJob.py
[2025-11-10T13:43:13.169+0000] {logging_mixin.py:190} INFO - [2025-11-10T13:43:13.168+0000] {dag.py:3239} INFO - Sync 1 DAGs
[2025-11-10T13:43:13.239+0000] {processor.py:208} INFO - Processing /opt/airflow/dags/Crawl_ETL_ITJob.py took 0.145 seconds
[2025-11-10T13:43:43.392+0000] {processor.py:186} INFO - Started process (PID=138) to work on /opt/airflow/dags/Crawl_ETL_ITJob.py
[2025-11-10T13:43:43.393+0000] {processor.py:914} INFO - Processing file /opt/airflow/dags/Crawl_ETL_ITJob.py for tasks to queue
[2025-11-10T13:43:43.394+0000] {logging_mixin.py:190} INFO - [2025-11-10T13:43:43.394+0000] {dagbag.py:588} INFO - Filling up the DagBag from /opt/airflow/dags/Crawl_ETL_ITJob.py
[2025-11-10T13:43:43.417+0000] {processor.py:925} INFO - DAG(s) 'crawl_etl_itjob' retrieved from /opt/airflow/dags/Crawl_ETL_ITJob.py
[2025-11-10T13:43:43.460+0000] {logging_mixin.py:190} INFO - [2025-11-10T13:43:43.460+0000] {dag.py:3239} INFO - Sync 1 DAGs
[2025-11-10T13:43:43.543+0000] {processor.py:208} INFO - Processing /opt/airflow/dags/Crawl_ETL_ITJob.py took 0.157 seconds
[2025-11-10T13:44:13.892+0000] {processor.py:186} INFO - Started process (PID=142) to work on /opt/airflow/dags/Crawl_ETL_ITJob.py
[2025-11-10T13:44:13.893+0000] {processor.py:914} INFO - Processing file /opt/airflow/dags/Crawl_ETL_ITJob.py for tasks to queue
[2025-11-10T13:44:13.896+0000] {logging_mixin.py:190} INFO - [2025-11-10T13:44:13.896+0000] {dagbag.py:588} INFO - Filling up the DagBag from /opt/airflow/dags/Crawl_ETL_ITJob.py
[2025-11-10T13:44:13.921+0000] {processor.py:925} INFO - DAG(s) 'crawl_etl_itjob' retrieved from /opt/airflow/dags/Crawl_ETL_ITJob.py
[2025-11-10T13:44:13.975+0000] {logging_mixin.py:190} INFO - [2025-11-10T13:44:13.975+0000] {dag.py:3239} INFO - Sync 1 DAGs
[2025-11-10T13:44:14.058+0000] {processor.py:208} INFO - Processing /opt/airflow/dags/Crawl_ETL_ITJob.py took 0.175 seconds
[2025-11-10T13:44:44.339+0000] {processor.py:186} INFO - Started process (PID=146) to work on /opt/airflow/dags/Crawl_ETL_ITJob.py
[2025-11-10T13:44:44.340+0000] {processor.py:914} INFO - Processing file /opt/airflow/dags/Crawl_ETL_ITJob.py for tasks to queue
[2025-11-10T13:44:44.341+0000] {logging_mixin.py:190} INFO - [2025-11-10T13:44:44.341+0000] {dagbag.py:588} INFO - Filling up the DagBag from /opt/airflow/dags/Crawl_ETL_ITJob.py
[2025-11-10T13:44:44.362+0000] {processor.py:925} INFO - DAG(s) 'crawl_etl_itjob' retrieved from /opt/airflow/dags/Crawl_ETL_ITJob.py
[2025-11-10T13:44:44.408+0000] {logging_mixin.py:190} INFO - [2025-11-10T13:44:44.407+0000] {dag.py:3239} INFO - Sync 1 DAGs
[2025-11-10T13:44:44.480+0000] {processor.py:208} INFO - Processing /opt/airflow/dags/Crawl_ETL_ITJob.py took 0.148 seconds
[2025-11-10T13:45:14.660+0000] {processor.py:186} INFO - Started process (PID=150) to work on /opt/airflow/dags/Crawl_ETL_ITJob.py
[2025-11-10T13:45:14.661+0000] {processor.py:914} INFO - Processing file /opt/airflow/dags/Crawl_ETL_ITJob.py for tasks to queue
[2025-11-10T13:45:14.664+0000] {logging_mixin.py:190} INFO - [2025-11-10T13:45:14.664+0000] {dagbag.py:588} INFO - Filling up the DagBag from /opt/airflow/dags/Crawl_ETL_ITJob.py
[2025-11-10T13:45:14.685+0000] {processor.py:925} INFO - DAG(s) 'crawl_etl_itjob' retrieved from /opt/airflow/dags/Crawl_ETL_ITJob.py
[2025-11-10T13:45:14.736+0000] {logging_mixin.py:190} INFO - [2025-11-10T13:45:14.736+0000] {dag.py:3239} INFO - Sync 1 DAGs
[2025-11-10T13:45:14.823+0000] {processor.py:208} INFO - Processing /opt/airflow/dags/Crawl_ETL_ITJob.py took 0.169 seconds
[2025-11-10T13:45:45.074+0000] {processor.py:186} INFO - Started process (PID=154) to work on /opt/airflow/dags/Crawl_ETL_ITJob.py
[2025-11-10T13:45:45.074+0000] {processor.py:914} INFO - Processing file /opt/airflow/dags/Crawl_ETL_ITJob.py for tasks to queue
[2025-11-10T13:45:45.076+0000] {logging_mixin.py:190} INFO - [2025-11-10T13:45:45.076+0000] {dagbag.py:588} INFO - Filling up the DagBag from /opt/airflow/dags/Crawl_ETL_ITJob.py
[2025-11-10T13:45:45.101+0000] {processor.py:925} INFO - DAG(s) 'crawl_etl_itjob' retrieved from /opt/airflow/dags/Crawl_ETL_ITJob.py
[2025-11-10T13:45:45.168+0000] {logging_mixin.py:190} INFO - [2025-11-10T13:45:45.168+0000] {dag.py:3239} INFO - Sync 1 DAGs
[2025-11-10T13:45:45.284+0000] {processor.py:208} INFO - Processing /opt/airflow/dags/Crawl_ETL_ITJob.py took 0.220 seconds
[2025-11-10T13:46:15.541+0000] {processor.py:186} INFO - Started process (PID=158) to work on /opt/airflow/dags/Crawl_ETL_ITJob.py
[2025-11-10T13:46:15.542+0000] {processor.py:914} INFO - Processing file /opt/airflow/dags/Crawl_ETL_ITJob.py for tasks to queue
[2025-11-10T13:46:15.544+0000] {logging_mixin.py:190} INFO - [2025-11-10T13:46:15.544+0000] {dagbag.py:588} INFO - Filling up the DagBag from /opt/airflow/dags/Crawl_ETL_ITJob.py
[2025-11-10T13:46:15.570+0000] {processor.py:925} INFO - DAG(s) 'crawl_etl_itjob' retrieved from /opt/airflow/dags/Crawl_ETL_ITJob.py
[2025-11-10T13:46:15.616+0000] {logging_mixin.py:190} INFO - [2025-11-10T13:46:15.616+0000] {dag.py:3239} INFO - Sync 1 DAGs
[2025-11-10T13:46:15.694+0000] {processor.py:208} INFO - Processing /opt/airflow/dags/Crawl_ETL_ITJob.py took 0.161 seconds
[2025-11-10T13:46:48.037+0000] {processor.py:186} INFO - Started process (PID=162) to work on /opt/airflow/dags/Crawl_ETL_ITJob.py
[2025-11-10T13:46:48.038+0000] {processor.py:914} INFO - Processing file /opt/airflow/dags/Crawl_ETL_ITJob.py for tasks to queue
[2025-11-10T13:46:48.040+0000] {logging_mixin.py:190} INFO - [2025-11-10T13:46:48.039+0000] {dagbag.py:588} INFO - Filling up the DagBag from /opt/airflow/dags/Crawl_ETL_ITJob.py
[2025-11-10T13:46:48.074+0000] {processor.py:925} INFO - DAG(s) 'crawl_etl_itjob' retrieved from /opt/airflow/dags/Crawl_ETL_ITJob.py
[2025-11-10T13:46:48.125+0000] {logging_mixin.py:190} INFO - [2025-11-10T13:46:48.124+0000] {dag.py:3239} INFO - Sync 1 DAGs
[2025-11-10T13:46:48.194+0000] {processor.py:208} INFO - Processing /opt/airflow/dags/Crawl_ETL_ITJob.py took 0.166 seconds
[2025-11-10T13:47:21.411+0000] {processor.py:186} INFO - Started process (PID=166) to work on /opt/airflow/dags/Crawl_ETL_ITJob.py
[2025-11-10T13:47:21.411+0000] {processor.py:914} INFO - Processing file /opt/airflow/dags/Crawl_ETL_ITJob.py for tasks to queue
[2025-11-10T13:47:21.413+0000] {logging_mixin.py:190} INFO - [2025-11-10T13:47:21.413+0000] {dagbag.py:588} INFO - Filling up the DagBag from /opt/airflow/dags/Crawl_ETL_ITJob.py
[2025-11-10T13:47:21.441+0000] {processor.py:925} INFO - DAG(s) 'crawl_etl_itjob' retrieved from /opt/airflow/dags/Crawl_ETL_ITJob.py
[2025-11-10T13:47:21.486+0000] {logging_mixin.py:190} INFO - [2025-11-10T13:47:21.485+0000] {dag.py:3239} INFO - Sync 1 DAGs
[2025-11-10T13:47:21.558+0000] {processor.py:208} INFO - Processing /opt/airflow/dags/Crawl_ETL_ITJob.py took 0.154 seconds
[2025-11-10T13:47:53.761+0000] {processor.py:186} INFO - Started process (PID=170) to work on /opt/airflow/dags/Crawl_ETL_ITJob.py
[2025-11-10T13:47:53.761+0000] {processor.py:914} INFO - Processing file /opt/airflow/dags/Crawl_ETL_ITJob.py for tasks to queue
[2025-11-10T13:47:53.763+0000] {logging_mixin.py:190} INFO - [2025-11-10T13:47:53.762+0000] {dagbag.py:588} INFO - Filling up the DagBag from /opt/airflow/dags/Crawl_ETL_ITJob.py
[2025-11-10T13:47:53.784+0000] {processor.py:925} INFO - DAG(s) 'crawl_etl_itjob' retrieved from /opt/airflow/dags/Crawl_ETL_ITJob.py
[2025-11-10T13:47:53.825+0000] {logging_mixin.py:190} INFO - [2025-11-10T13:47:53.825+0000] {dag.py:3239} INFO - Sync 1 DAGs
[2025-11-10T13:47:53.895+0000] {processor.py:208} INFO - Processing /opt/airflow/dags/Crawl_ETL_ITJob.py took 0.142 seconds
[2025-11-10T13:48:27.151+0000] {processor.py:186} INFO - Started process (PID=174) to work on /opt/airflow/dags/Crawl_ETL_ITJob.py
[2025-11-10T13:48:27.151+0000] {processor.py:914} INFO - Processing file /opt/airflow/dags/Crawl_ETL_ITJob.py for tasks to queue
[2025-11-10T13:48:27.155+0000] {logging_mixin.py:190} INFO - [2025-11-10T13:48:27.154+0000] {dagbag.py:588} INFO - Filling up the DagBag from /opt/airflow/dags/Crawl_ETL_ITJob.py
[2025-11-10T13:48:27.177+0000] {processor.py:925} INFO - DAG(s) 'crawl_etl_itjob' retrieved from /opt/airflow/dags/Crawl_ETL_ITJob.py
[2025-11-10T13:48:27.234+0000] {logging_mixin.py:190} INFO - [2025-11-10T13:48:27.234+0000] {dag.py:3239} INFO - Sync 1 DAGs
[2025-11-10T13:48:27.323+0000] {processor.py:208} INFO - Processing /opt/airflow/dags/Crawl_ETL_ITJob.py took 0.179 seconds
[2025-11-10T13:48:59.577+0000] {processor.py:186} INFO - Started process (PID=178) to work on /opt/airflow/dags/Crawl_ETL_ITJob.py
[2025-11-10T13:48:59.578+0000] {processor.py:914} INFO - Processing file /opt/airflow/dags/Crawl_ETL_ITJob.py for tasks to queue
[2025-11-10T13:48:59.580+0000] {logging_mixin.py:190} INFO - [2025-11-10T13:48:59.579+0000] {dagbag.py:588} INFO - Filling up the DagBag from /opt/airflow/dags/Crawl_ETL_ITJob.py
[2025-11-10T13:48:59.602+0000] {processor.py:925} INFO - DAG(s) 'crawl_etl_itjob' retrieved from /opt/airflow/dags/Crawl_ETL_ITJob.py
[2025-11-10T13:48:59.644+0000] {logging_mixin.py:190} INFO - [2025-11-10T13:48:59.644+0000] {dag.py:3239} INFO - Sync 1 DAGs
[2025-11-10T13:48:59.712+0000] {processor.py:208} INFO - Processing /opt/airflow/dags/Crawl_ETL_ITJob.py took 0.140 seconds
[2025-11-10T13:49:31.973+0000] {processor.py:186} INFO - Started process (PID=182) to work on /opt/airflow/dags/Crawl_ETL_ITJob.py
[2025-11-10T13:49:31.974+0000] {processor.py:914} INFO - Processing file /opt/airflow/dags/Crawl_ETL_ITJob.py for tasks to queue
[2025-11-10T13:49:31.976+0000] {logging_mixin.py:190} INFO - [2025-11-10T13:49:31.975+0000] {dagbag.py:588} INFO - Filling up the DagBag from /opt/airflow/dags/Crawl_ETL_ITJob.py
[2025-11-10T13:49:31.999+0000] {processor.py:925} INFO - DAG(s) 'crawl_etl_itjob' retrieved from /opt/airflow/dags/Crawl_ETL_ITJob.py
[2025-11-10T13:49:32.043+0000] {logging_mixin.py:190} INFO - [2025-11-10T13:49:32.043+0000] {dag.py:3239} INFO - Sync 1 DAGs
[2025-11-10T13:49:32.126+0000] {processor.py:208} INFO - Processing /opt/airflow/dags/Crawl_ETL_ITJob.py took 0.158 seconds
[2025-11-10T13:50:04.412+0000] {processor.py:186} INFO - Started process (PID=186) to work on /opt/airflow/dags/Crawl_ETL_ITJob.py
[2025-11-10T13:50:04.413+0000] {processor.py:914} INFO - Processing file /opt/airflow/dags/Crawl_ETL_ITJob.py for tasks to queue
[2025-11-10T13:50:04.417+0000] {logging_mixin.py:190} INFO - [2025-11-10T13:50:04.416+0000] {dagbag.py:588} INFO - Filling up the DagBag from /opt/airflow/dags/Crawl_ETL_ITJob.py
[2025-11-10T13:50:04.445+0000] {processor.py:925} INFO - DAG(s) 'crawl_etl_itjob' retrieved from /opt/airflow/dags/Crawl_ETL_ITJob.py
[2025-11-10T13:50:04.504+0000] {logging_mixin.py:190} INFO - [2025-11-10T13:50:04.504+0000] {dag.py:3239} INFO - Sync 1 DAGs
[2025-11-10T13:50:04.603+0000] {processor.py:208} INFO - Processing /opt/airflow/dags/Crawl_ETL_ITJob.py took 0.201 seconds
[2025-11-10T13:50:37.963+0000] {processor.py:186} INFO - Started process (PID=190) to work on /opt/airflow/dags/Crawl_ETL_ITJob.py
[2025-11-10T13:50:37.964+0000] {processor.py:914} INFO - Processing file /opt/airflow/dags/Crawl_ETL_ITJob.py for tasks to queue
[2025-11-10T13:50:37.967+0000] {logging_mixin.py:190} INFO - [2025-11-10T13:50:37.966+0000] {dagbag.py:588} INFO - Filling up the DagBag from /opt/airflow/dags/Crawl_ETL_ITJob.py
[2025-11-10T13:50:38.000+0000] {processor.py:925} INFO - DAG(s) 'crawl_etl_itjob' retrieved from /opt/airflow/dags/Crawl_ETL_ITJob.py
[2025-11-10T13:50:38.054+0000] {logging_mixin.py:190} INFO - [2025-11-10T13:50:38.053+0000] {dag.py:3239} INFO - Sync 1 DAGs
[2025-11-10T13:50:38.139+0000] {processor.py:208} INFO - Processing /opt/airflow/dags/Crawl_ETL_ITJob.py took 0.186 seconds
[2025-11-10T13:51:10.401+0000] {processor.py:186} INFO - Started process (PID=194) to work on /opt/airflow/dags/Crawl_ETL_ITJob.py
[2025-11-10T13:51:10.403+0000] {processor.py:914} INFO - Processing file /opt/airflow/dags/Crawl_ETL_ITJob.py for tasks to queue
[2025-11-10T13:51:10.406+0000] {logging_mixin.py:190} INFO - [2025-11-10T13:51:10.405+0000] {dagbag.py:588} INFO - Filling up the DagBag from /opt/airflow/dags/Crawl_ETL_ITJob.py
[2025-11-10T13:51:10.449+0000] {processor.py:925} INFO - DAG(s) 'crawl_etl_itjob' retrieved from /opt/airflow/dags/Crawl_ETL_ITJob.py
[2025-11-10T13:51:10.549+0000] {logging_mixin.py:190} INFO - [2025-11-10T13:51:10.549+0000] {dag.py:3239} INFO - Sync 1 DAGs
[2025-11-10T13:51:10.666+0000] {processor.py:208} INFO - Processing /opt/airflow/dags/Crawl_ETL_ITJob.py took 0.276 seconds
[2025-11-10T13:51:42.889+0000] {processor.py:186} INFO - Started process (PID=198) to work on /opt/airflow/dags/Crawl_ETL_ITJob.py
[2025-11-10T13:51:42.890+0000] {processor.py:914} INFO - Processing file /opt/airflow/dags/Crawl_ETL_ITJob.py for tasks to queue
[2025-11-10T13:51:42.891+0000] {logging_mixin.py:190} INFO - [2025-11-10T13:51:42.891+0000] {dagbag.py:588} INFO - Filling up the DagBag from /opt/airflow/dags/Crawl_ETL_ITJob.py
[2025-11-10T13:51:42.912+0000] {processor.py:925} INFO - DAG(s) 'crawl_etl_itjob' retrieved from /opt/airflow/dags/Crawl_ETL_ITJob.py
[2025-11-10T13:51:42.951+0000] {logging_mixin.py:190} INFO - [2025-11-10T13:51:42.951+0000] {dag.py:3239} INFO - Sync 1 DAGs
[2025-11-10T13:51:43.024+0000] {processor.py:208} INFO - Processing /opt/airflow/dags/Crawl_ETL_ITJob.py took 0.142 seconds
[2025-11-10T13:52:15.323+0000] {processor.py:186} INFO - Started process (PID=202) to work on /opt/airflow/dags/Crawl_ETL_ITJob.py
[2025-11-10T13:52:15.323+0000] {processor.py:914} INFO - Processing file /opt/airflow/dags/Crawl_ETL_ITJob.py for tasks to queue
[2025-11-10T13:52:15.326+0000] {logging_mixin.py:190} INFO - [2025-11-10T13:52:15.326+0000] {dagbag.py:588} INFO - Filling up the DagBag from /opt/airflow/dags/Crawl_ETL_ITJob.py
[2025-11-10T13:52:15.348+0000] {processor.py:925} INFO - DAG(s) 'crawl_etl_itjob' retrieved from /opt/airflow/dags/Crawl_ETL_ITJob.py
[2025-11-10T13:52:15.393+0000] {logging_mixin.py:190} INFO - [2025-11-10T13:52:15.392+0000] {dag.py:3239} INFO - Sync 1 DAGs
[2025-11-10T13:52:15.462+0000] {processor.py:208} INFO - Processing /opt/airflow/dags/Crawl_ETL_ITJob.py took 0.146 seconds
[2025-11-10T13:52:47.978+0000] {processor.py:186} INFO - Started process (PID=206) to work on /opt/airflow/dags/Crawl_ETL_ITJob.py
[2025-11-10T13:52:47.980+0000] {processor.py:914} INFO - Processing file /opt/airflow/dags/Crawl_ETL_ITJob.py for tasks to queue
[2025-11-10T13:52:47.982+0000] {logging_mixin.py:190} INFO - [2025-11-10T13:52:47.982+0000] {dagbag.py:588} INFO - Filling up the DagBag from /opt/airflow/dags/Crawl_ETL_ITJob.py
[2025-11-10T13:52:48.033+0000] {processor.py:925} INFO - DAG(s) 'crawl_etl_itjob' retrieved from /opt/airflow/dags/Crawl_ETL_ITJob.py
[2025-11-10T13:52:48.116+0000] {logging_mixin.py:190} INFO - [2025-11-10T13:52:48.116+0000] {dag.py:3239} INFO - Sync 1 DAGs
[2025-11-10T13:52:48.210+0000] {processor.py:208} INFO - Processing /opt/airflow/dags/Crawl_ETL_ITJob.py took 0.241 seconds
[2025-11-10T13:53:21.453+0000] {processor.py:186} INFO - Started process (PID=210) to work on /opt/airflow/dags/Crawl_ETL_ITJob.py
[2025-11-10T13:53:21.454+0000] {processor.py:914} INFO - Processing file /opt/airflow/dags/Crawl_ETL_ITJob.py for tasks to queue
[2025-11-10T13:53:21.455+0000] {logging_mixin.py:190} INFO - [2025-11-10T13:53:21.455+0000] {dagbag.py:588} INFO - Filling up the DagBag from /opt/airflow/dags/Crawl_ETL_ITJob.py
[2025-11-10T13:53:21.479+0000] {processor.py:925} INFO - DAG(s) 'crawl_etl_itjob' retrieved from /opt/airflow/dags/Crawl_ETL_ITJob.py
[2025-11-10T13:53:21.520+0000] {logging_mixin.py:190} INFO - [2025-11-10T13:53:21.519+0000] {dag.py:3239} INFO - Sync 1 DAGs
[2025-11-10T13:53:21.593+0000] {processor.py:208} INFO - Processing /opt/airflow/dags/Crawl_ETL_ITJob.py took 0.150 seconds
[2025-11-10T13:53:53.897+0000] {processor.py:186} INFO - Started process (PID=214) to work on /opt/airflow/dags/Crawl_ETL_ITJob.py
[2025-11-10T13:53:53.898+0000] {processor.py:914} INFO - Processing file /opt/airflow/dags/Crawl_ETL_ITJob.py for tasks to queue
[2025-11-10T13:53:53.901+0000] {logging_mixin.py:190} INFO - [2025-11-10T13:53:53.900+0000] {dagbag.py:588} INFO - Filling up the DagBag from /opt/airflow/dags/Crawl_ETL_ITJob.py
[2025-11-10T13:53:53.942+0000] {processor.py:925} INFO - DAG(s) 'crawl_etl_itjob' retrieved from /opt/airflow/dags/Crawl_ETL_ITJob.py
[2025-11-10T13:53:53.992+0000] {logging_mixin.py:190} INFO - [2025-11-10T13:53:53.991+0000] {dag.py:3239} INFO - Sync 1 DAGs
[2025-11-10T13:53:54.068+0000] {processor.py:208} INFO - Processing /opt/airflow/dags/Crawl_ETL_ITJob.py took 0.179 seconds
[2025-11-10T13:54:26.276+0000] {processor.py:186} INFO - Started process (PID=218) to work on /opt/airflow/dags/Crawl_ETL_ITJob.py
[2025-11-10T13:54:26.277+0000] {processor.py:914} INFO - Processing file /opt/airflow/dags/Crawl_ETL_ITJob.py for tasks to queue
[2025-11-10T13:54:26.278+0000] {logging_mixin.py:190} INFO - [2025-11-10T13:54:26.278+0000] {dagbag.py:588} INFO - Filling up the DagBag from /opt/airflow/dags/Crawl_ETL_ITJob.py
[2025-11-10T13:54:26.306+0000] {processor.py:925} INFO - DAG(s) 'crawl_etl_itjob' retrieved from /opt/airflow/dags/Crawl_ETL_ITJob.py
[2025-11-10T13:54:26.356+0000] {logging_mixin.py:190} INFO - [2025-11-10T13:54:26.356+0000] {dag.py:3239} INFO - Sync 1 DAGs
[2025-11-10T13:54:26.448+0000] {processor.py:208} INFO - Processing /opt/airflow/dags/Crawl_ETL_ITJob.py took 0.179 seconds
[2025-11-10T13:54:58.881+0000] {processor.py:186} INFO - Started process (PID=222) to work on /opt/airflow/dags/Crawl_ETL_ITJob.py
[2025-11-10T13:54:58.881+0000] {processor.py:914} INFO - Processing file /opt/airflow/dags/Crawl_ETL_ITJob.py for tasks to queue
[2025-11-10T13:54:58.883+0000] {logging_mixin.py:190} INFO - [2025-11-10T13:54:58.883+0000] {dagbag.py:588} INFO - Filling up the DagBag from /opt/airflow/dags/Crawl_ETL_ITJob.py
[2025-11-10T13:54:58.905+0000] {processor.py:925} INFO - DAG(s) 'crawl_etl_itjob' retrieved from /opt/airflow/dags/Crawl_ETL_ITJob.py
[2025-11-10T13:54:58.954+0000] {logging_mixin.py:190} INFO - [2025-11-10T13:54:58.954+0000] {dag.py:3239} INFO - Sync 1 DAGs
[2025-11-10T13:54:59.027+0000] {processor.py:208} INFO - Processing /opt/airflow/dags/Crawl_ETL_ITJob.py took 0.153 seconds
[2025-11-10T13:55:32.263+0000] {processor.py:186} INFO - Started process (PID=226) to work on /opt/airflow/dags/Crawl_ETL_ITJob.py
[2025-11-10T13:55:32.264+0000] {processor.py:914} INFO - Processing file /opt/airflow/dags/Crawl_ETL_ITJob.py for tasks to queue
[2025-11-10T13:55:32.265+0000] {logging_mixin.py:190} INFO - [2025-11-10T13:55:32.265+0000] {dagbag.py:588} INFO - Filling up the DagBag from /opt/airflow/dags/Crawl_ETL_ITJob.py
[2025-11-10T13:55:32.285+0000] {processor.py:925} INFO - DAG(s) 'crawl_etl_itjob' retrieved from /opt/airflow/dags/Crawl_ETL_ITJob.py
[2025-11-10T13:55:32.327+0000] {logging_mixin.py:190} INFO - [2025-11-10T13:55:32.327+0000] {dag.py:3239} INFO - Sync 1 DAGs
[2025-11-10T13:55:32.399+0000] {processor.py:208} INFO - Processing /opt/airflow/dags/Crawl_ETL_ITJob.py took 0.142 seconds
[2025-11-10T13:56:04.699+0000] {processor.py:186} INFO - Started process (PID=230) to work on /opt/airflow/dags/Crawl_ETL_ITJob.py
[2025-11-10T13:56:04.699+0000] {processor.py:914} INFO - Processing file /opt/airflow/dags/Crawl_ETL_ITJob.py for tasks to queue
[2025-11-10T13:56:04.701+0000] {logging_mixin.py:190} INFO - [2025-11-10T13:56:04.700+0000] {dagbag.py:588} INFO - Filling up the DagBag from /opt/airflow/dags/Crawl_ETL_ITJob.py
[2025-11-10T13:56:04.739+0000] {processor.py:925} INFO - DAG(s) 'crawl_etl_itjob' retrieved from /opt/airflow/dags/Crawl_ETL_ITJob.py
[2025-11-10T13:56:04.815+0000] {logging_mixin.py:190} INFO - [2025-11-10T13:56:04.814+0000] {dag.py:3239} INFO - Sync 1 DAGs
[2025-11-10T13:56:04.903+0000] {processor.py:208} INFO - Processing /opt/airflow/dags/Crawl_ETL_ITJob.py took 0.212 seconds
[2025-11-10T13:56:37.256+0000] {processor.py:186} INFO - Started process (PID=234) to work on /opt/airflow/dags/Crawl_ETL_ITJob.py
[2025-11-10T13:56:37.257+0000] {processor.py:914} INFO - Processing file /opt/airflow/dags/Crawl_ETL_ITJob.py for tasks to queue
[2025-11-10T13:56:37.259+0000] {logging_mixin.py:190} INFO - [2025-11-10T13:56:37.259+0000] {dagbag.py:588} INFO - Filling up the DagBag from /opt/airflow/dags/Crawl_ETL_ITJob.py
[2025-11-10T13:56:37.291+0000] {processor.py:925} INFO - DAG(s) 'crawl_etl_itjob' retrieved from /opt/airflow/dags/Crawl_ETL_ITJob.py
[2025-11-10T13:56:37.346+0000] {logging_mixin.py:190} INFO - [2025-11-10T13:56:37.345+0000] {dag.py:3239} INFO - Sync 1 DAGs
[2025-11-10T13:56:37.447+0000] {processor.py:208} INFO - Processing /opt/airflow/dags/Crawl_ETL_ITJob.py took 0.203 seconds
[2025-11-10T13:57:09.942+0000] {processor.py:186} INFO - Started process (PID=238) to work on /opt/airflow/dags/Crawl_ETL_ITJob.py
[2025-11-10T13:57:09.943+0000] {processor.py:914} INFO - Processing file /opt/airflow/dags/Crawl_ETL_ITJob.py for tasks to queue
[2025-11-10T13:57:09.944+0000] {logging_mixin.py:190} INFO - [2025-11-10T13:57:09.944+0000] {dagbag.py:588} INFO - Filling up the DagBag from /opt/airflow/dags/Crawl_ETL_ITJob.py
[2025-11-10T13:57:09.965+0000] {processor.py:925} INFO - DAG(s) 'crawl_etl_itjob' retrieved from /opt/airflow/dags/Crawl_ETL_ITJob.py
[2025-11-10T13:57:10.009+0000] {logging_mixin.py:190} INFO - [2025-11-10T13:57:10.009+0000] {dag.py:3239} INFO - Sync 1 DAGs
[2025-11-10T13:57:10.092+0000] {processor.py:208} INFO - Processing /opt/airflow/dags/Crawl_ETL_ITJob.py took 0.158 seconds
[2025-11-10T13:57:43.343+0000] {processor.py:186} INFO - Started process (PID=242) to work on /opt/airflow/dags/Crawl_ETL_ITJob.py
[2025-11-10T13:57:43.344+0000] {processor.py:914} INFO - Processing file /opt/airflow/dags/Crawl_ETL_ITJob.py for tasks to queue
[2025-11-10T13:57:43.346+0000] {logging_mixin.py:190} INFO - [2025-11-10T13:57:43.345+0000] {dagbag.py:588} INFO - Filling up the DagBag from /opt/airflow/dags/Crawl_ETL_ITJob.py
[2025-11-10T13:57:43.376+0000] {processor.py:925} INFO - DAG(s) 'crawl_etl_itjob' retrieved from /opt/airflow/dags/Crawl_ETL_ITJob.py
[2025-11-10T13:57:43.429+0000] {logging_mixin.py:190} INFO - [2025-11-10T13:57:43.429+0000] {dag.py:3239} INFO - Sync 1 DAGs
[2025-11-10T13:57:43.510+0000] {processor.py:208} INFO - Processing /opt/airflow/dags/Crawl_ETL_ITJob.py took 0.173 seconds
[2025-11-10T13:58:15.816+0000] {processor.py:186} INFO - Started process (PID=246) to work on /opt/airflow/dags/Crawl_ETL_ITJob.py
[2025-11-10T13:58:15.817+0000] {processor.py:914} INFO - Processing file /opt/airflow/dags/Crawl_ETL_ITJob.py for tasks to queue
[2025-11-10T13:58:15.820+0000] {logging_mixin.py:190} INFO - [2025-11-10T13:58:15.820+0000] {dagbag.py:588} INFO - Filling up the DagBag from /opt/airflow/dags/Crawl_ETL_ITJob.py
[2025-11-10T13:58:15.848+0000] {processor.py:925} INFO - DAG(s) 'crawl_etl_itjob' retrieved from /opt/airflow/dags/Crawl_ETL_ITJob.py
[2025-11-10T13:58:15.924+0000] {logging_mixin.py:190} INFO - [2025-11-10T13:58:15.924+0000] {dag.py:3239} INFO - Sync 1 DAGs
[2025-11-10T13:58:16.013+0000] {processor.py:208} INFO - Processing /opt/airflow/dags/Crawl_ETL_ITJob.py took 0.204 seconds
[2025-11-10T13:58:48.258+0000] {processor.py:186} INFO - Started process (PID=250) to work on /opt/airflow/dags/Crawl_ETL_ITJob.py
[2025-11-10T13:58:48.259+0000] {processor.py:914} INFO - Processing file /opt/airflow/dags/Crawl_ETL_ITJob.py for tasks to queue
[2025-11-10T13:58:48.260+0000] {logging_mixin.py:190} INFO - [2025-11-10T13:58:48.260+0000] {dagbag.py:588} INFO - Filling up the DagBag from /opt/airflow/dags/Crawl_ETL_ITJob.py
[2025-11-10T13:58:48.287+0000] {processor.py:925} INFO - DAG(s) 'crawl_etl_itjob' retrieved from /opt/airflow/dags/Crawl_ETL_ITJob.py
[2025-11-10T13:58:48.339+0000] {logging_mixin.py:190} INFO - [2025-11-10T13:58:48.338+0000] {dag.py:3239} INFO - Sync 1 DAGs
[2025-11-10T13:58:48.413+0000] {processor.py:208} INFO - Processing /opt/airflow/dags/Crawl_ETL_ITJob.py took 0.163 seconds
[2025-11-10T13:59:21.689+0000] {processor.py:186} INFO - Started process (PID=254) to work on /opt/airflow/dags/Crawl_ETL_ITJob.py
[2025-11-10T13:59:21.689+0000] {processor.py:914} INFO - Processing file /opt/airflow/dags/Crawl_ETL_ITJob.py for tasks to queue
[2025-11-10T13:59:21.691+0000] {logging_mixin.py:190} INFO - [2025-11-10T13:59:21.691+0000] {dagbag.py:588} INFO - Filling up the DagBag from /opt/airflow/dags/Crawl_ETL_ITJob.py
[2025-11-10T13:59:21.711+0000] {processor.py:925} INFO - DAG(s) 'crawl_etl_itjob' retrieved from /opt/airflow/dags/Crawl_ETL_ITJob.py
[2025-11-10T13:59:21.755+0000] {logging_mixin.py:190} INFO - [2025-11-10T13:59:21.754+0000] {dag.py:3239} INFO - Sync 1 DAGs
[2025-11-10T13:59:21.843+0000] {processor.py:208} INFO - Processing /opt/airflow/dags/Crawl_ETL_ITJob.py took 0.162 seconds
[2025-11-10T13:59:54.100+0000] {processor.py:186} INFO - Started process (PID=258) to work on /opt/airflow/dags/Crawl_ETL_ITJob.py
[2025-11-10T13:59:54.102+0000] {processor.py:914} INFO - Processing file /opt/airflow/dags/Crawl_ETL_ITJob.py for tasks to queue
[2025-11-10T13:59:54.106+0000] {logging_mixin.py:190} INFO - [2025-11-10T13:59:54.105+0000] {dagbag.py:588} INFO - Filling up the DagBag from /opt/airflow/dags/Crawl_ETL_ITJob.py
[2025-11-10T13:59:54.139+0000] {processor.py:925} INFO - DAG(s) 'crawl_etl_itjob' retrieved from /opt/airflow/dags/Crawl_ETL_ITJob.py
[2025-11-10T13:59:54.194+0000] {logging_mixin.py:190} INFO - [2025-11-10T13:59:54.194+0000] {dag.py:3239} INFO - Sync 1 DAGs
[2025-11-10T13:59:54.280+0000] {processor.py:208} INFO - Processing /opt/airflow/dags/Crawl_ETL_ITJob.py took 0.189 seconds
[2025-11-10T14:00:26.761+0000] {processor.py:186} INFO - Started process (PID=262) to work on /opt/airflow/dags/Crawl_ETL_ITJob.py
[2025-11-10T14:00:26.764+0000] {processor.py:914} INFO - Processing file /opt/airflow/dags/Crawl_ETL_ITJob.py for tasks to queue
[2025-11-10T14:00:26.773+0000] {logging_mixin.py:190} INFO - [2025-11-10T14:00:26.772+0000] {dagbag.py:588} INFO - Filling up the DagBag from /opt/airflow/dags/Crawl_ETL_ITJob.py
[2025-11-10T14:00:26.873+0000] {processor.py:925} INFO - DAG(s) 'crawl_etl_itjob' retrieved from /opt/airflow/dags/Crawl_ETL_ITJob.py
[2025-11-10T14:00:26.977+0000] {logging_mixin.py:190} INFO - [2025-11-10T14:00:26.977+0000] {dag.py:3239} INFO - Sync 1 DAGs
[2025-11-10T14:00:27.103+0000] {processor.py:208} INFO - Processing /opt/airflow/dags/Crawl_ETL_ITJob.py took 0.376 seconds
[2025-11-10T14:00:59.565+0000] {processor.py:186} INFO - Started process (PID=266) to work on /opt/airflow/dags/Crawl_ETL_ITJob.py
[2025-11-10T14:00:59.586+0000] {processor.py:914} INFO - Processing file /opt/airflow/dags/Crawl_ETL_ITJob.py for tasks to queue
[2025-11-10T14:00:59.589+0000] {logging_mixin.py:190} INFO - [2025-11-10T14:00:59.588+0000] {dagbag.py:588} INFO - Filling up the DagBag from /opt/airflow/dags/Crawl_ETL_ITJob.py
[2025-11-10T14:00:59.631+0000] {processor.py:925} INFO - DAG(s) 'crawl_etl_itjob' retrieved from /opt/airflow/dags/Crawl_ETL_ITJob.py
[2025-11-10T14:00:59.731+0000] {logging_mixin.py:190} INFO - [2025-11-10T14:00:59.730+0000] {dag.py:3239} INFO - Sync 1 DAGs
[2025-11-10T14:01:00.167+0000] {processor.py:208} INFO - Processing /opt/airflow/dags/Crawl_ETL_ITJob.py took 0.637 seconds
[2025-11-10T14:01:32.026+0000] {processor.py:186} INFO - Started process (PID=270) to work on /opt/airflow/dags/Crawl_ETL_ITJob.py
[2025-11-10T14:01:32.028+0000] {processor.py:914} INFO - Processing file /opt/airflow/dags/Crawl_ETL_ITJob.py for tasks to queue
[2025-11-10T14:01:32.031+0000] {logging_mixin.py:190} INFO - [2025-11-10T14:01:32.030+0000] {dagbag.py:588} INFO - Filling up the DagBag from /opt/airflow/dags/Crawl_ETL_ITJob.py
[2025-11-10T14:01:32.106+0000] {processor.py:925} INFO - DAG(s) 'crawl_etl_itjob' retrieved from /opt/airflow/dags/Crawl_ETL_ITJob.py
[2025-11-10T14:01:32.293+0000] {logging_mixin.py:190} INFO - [2025-11-10T14:01:32.292+0000] {dag.py:3239} INFO - Sync 1 DAGs
[2025-11-10T14:01:32.734+0000] {processor.py:208} INFO - Processing /opt/airflow/dags/Crawl_ETL_ITJob.py took 0.736 seconds
[2025-11-10T14:02:04.938+0000] {processor.py:186} INFO - Started process (PID=274) to work on /opt/airflow/dags/Crawl_ETL_ITJob.py
[2025-11-10T14:02:04.938+0000] {processor.py:914} INFO - Processing file /opt/airflow/dags/Crawl_ETL_ITJob.py for tasks to queue
[2025-11-10T14:02:04.940+0000] {logging_mixin.py:190} INFO - [2025-11-10T14:02:04.940+0000] {dagbag.py:588} INFO - Filling up the DagBag from /opt/airflow/dags/Crawl_ETL_ITJob.py
[2025-11-10T14:02:04.962+0000] {processor.py:925} INFO - DAG(s) 'crawl_etl_itjob' retrieved from /opt/airflow/dags/Crawl_ETL_ITJob.py
[2025-11-10T14:02:05.005+0000] {logging_mixin.py:190} INFO - [2025-11-10T14:02:05.004+0000] {dag.py:3239} INFO - Sync 1 DAGs
[2025-11-10T14:02:05.040+0000] {logging_mixin.py:190} INFO - [2025-11-10T14:02:05.040+0000] {dag.py:4180} INFO - Setting next_dagrun for crawl_etl_itjob to 2025-11-10T02:00:00+00:00, run_after=2025-11-11T02:00:00+00:00
[2025-11-10T14:02:05.074+0000] {processor.py:208} INFO - Processing /opt/airflow/dags/Crawl_ETL_ITJob.py took 0.144 seconds
[2025-11-10T14:02:37.258+0000] {processor.py:186} INFO - Started process (PID=278) to work on /opt/airflow/dags/Crawl_ETL_ITJob.py
[2025-11-10T14:02:37.259+0000] {processor.py:914} INFO - Processing file /opt/airflow/dags/Crawl_ETL_ITJob.py for tasks to queue
[2025-11-10T14:02:37.260+0000] {logging_mixin.py:190} INFO - [2025-11-10T14:02:37.260+0000] {dagbag.py:588} INFO - Filling up the DagBag from /opt/airflow/dags/Crawl_ETL_ITJob.py
[2025-11-10T14:02:37.286+0000] {processor.py:925} INFO - DAG(s) 'crawl_etl_itjob' retrieved from /opt/airflow/dags/Crawl_ETL_ITJob.py
[2025-11-10T14:02:37.324+0000] {logging_mixin.py:190} INFO - [2025-11-10T14:02:37.324+0000] {dag.py:3239} INFO - Sync 1 DAGs
[2025-11-10T14:02:37.356+0000] {logging_mixin.py:190} INFO - [2025-11-10T14:02:37.356+0000] {dag.py:4180} INFO - Setting next_dagrun for crawl_etl_itjob to 2025-11-10T02:00:00+00:00, run_after=2025-11-11T02:00:00+00:00
[2025-11-10T14:02:37.391+0000] {processor.py:208} INFO - Processing /opt/airflow/dags/Crawl_ETL_ITJob.py took 0.140 seconds
[2025-11-10T14:03:10.581+0000] {processor.py:186} INFO - Started process (PID=282) to work on /opt/airflow/dags/Crawl_ETL_ITJob.py
[2025-11-10T14:03:10.582+0000] {processor.py:914} INFO - Processing file /opt/airflow/dags/Crawl_ETL_ITJob.py for tasks to queue
[2025-11-10T14:03:10.584+0000] {logging_mixin.py:190} INFO - [2025-11-10T14:03:10.584+0000] {dagbag.py:588} INFO - Filling up the DagBag from /opt/airflow/dags/Crawl_ETL_ITJob.py
[2025-11-10T14:03:10.603+0000] {processor.py:925} INFO - DAG(s) 'crawl_etl_itjob' retrieved from /opt/airflow/dags/Crawl_ETL_ITJob.py
[2025-11-10T14:03:10.643+0000] {logging_mixin.py:190} INFO - [2025-11-10T14:03:10.643+0000] {dag.py:3239} INFO - Sync 1 DAGs
[2025-11-10T14:03:10.678+0000] {logging_mixin.py:190} INFO - [2025-11-10T14:03:10.678+0000] {dag.py:4180} INFO - Setting next_dagrun for crawl_etl_itjob to 2025-11-10T02:00:00+00:00, run_after=2025-11-11T02:00:00+00:00
[2025-11-10T14:03:10.735+0000] {processor.py:208} INFO - Processing /opt/airflow/dags/Crawl_ETL_ITJob.py took 0.160 seconds
[2025-11-10T14:03:42.966+0000] {processor.py:186} INFO - Started process (PID=286) to work on /opt/airflow/dags/Crawl_ETL_ITJob.py
[2025-11-10T14:03:42.967+0000] {processor.py:914} INFO - Processing file /opt/airflow/dags/Crawl_ETL_ITJob.py for tasks to queue
[2025-11-10T14:03:42.968+0000] {logging_mixin.py:190} INFO - [2025-11-10T14:03:42.968+0000] {dagbag.py:588} INFO - Filling up the DagBag from /opt/airflow/dags/Crawl_ETL_ITJob.py
[2025-11-10T14:03:42.989+0000] {processor.py:925} INFO - DAG(s) 'crawl_etl_itjob' retrieved from /opt/airflow/dags/Crawl_ETL_ITJob.py
[2025-11-10T14:03:43.030+0000] {logging_mixin.py:190} INFO - [2025-11-10T14:03:43.030+0000] {dag.py:3239} INFO - Sync 1 DAGs
[2025-11-10T14:03:43.068+0000] {logging_mixin.py:190} INFO - [2025-11-10T14:03:43.068+0000] {dag.py:4180} INFO - Setting next_dagrun for crawl_etl_itjob to 2025-11-10T02:00:00+00:00, run_after=2025-11-11T02:00:00+00:00
[2025-11-10T14:03:43.116+0000] {processor.py:208} INFO - Processing /opt/airflow/dags/Crawl_ETL_ITJob.py took 0.156 seconds
[2025-11-10T14:04:15.326+0000] {processor.py:186} INFO - Started process (PID=290) to work on /opt/airflow/dags/Crawl_ETL_ITJob.py
[2025-11-10T14:04:15.327+0000] {processor.py:914} INFO - Processing file /opt/airflow/dags/Crawl_ETL_ITJob.py for tasks to queue
[2025-11-10T14:04:15.328+0000] {logging_mixin.py:190} INFO - [2025-11-10T14:04:15.328+0000] {dagbag.py:588} INFO - Filling up the DagBag from /opt/airflow/dags/Crawl_ETL_ITJob.py
[2025-11-10T14:04:15.349+0000] {processor.py:925} INFO - DAG(s) 'crawl_etl_itjob' retrieved from /opt/airflow/dags/Crawl_ETL_ITJob.py
[2025-11-10T14:04:15.392+0000] {logging_mixin.py:190} INFO - [2025-11-10T14:04:15.392+0000] {dag.py:3239} INFO - Sync 1 DAGs
[2025-11-10T14:04:15.429+0000] {logging_mixin.py:190} INFO - [2025-11-10T14:04:15.429+0000] {dag.py:4180} INFO - Setting next_dagrun for crawl_etl_itjob to 2025-11-10T02:00:00+00:00, run_after=2025-11-11T02:00:00+00:00
[2025-11-10T14:04:15.464+0000] {processor.py:208} INFO - Processing /opt/airflow/dags/Crawl_ETL_ITJob.py took 0.147 seconds
[2025-11-10T14:04:48.671+0000] {processor.py:186} INFO - Started process (PID=294) to work on /opt/airflow/dags/Crawl_ETL_ITJob.py
[2025-11-10T14:04:48.671+0000] {processor.py:914} INFO - Processing file /opt/airflow/dags/Crawl_ETL_ITJob.py for tasks to queue
[2025-11-10T14:04:48.674+0000] {logging_mixin.py:190} INFO - [2025-11-10T14:04:48.674+0000] {dagbag.py:588} INFO - Filling up the DagBag from /opt/airflow/dags/Crawl_ETL_ITJob.py
[2025-11-10T14:04:48.697+0000] {processor.py:925} INFO - DAG(s) 'crawl_etl_itjob' retrieved from /opt/airflow/dags/Crawl_ETL_ITJob.py
[2025-11-10T14:04:48.747+0000] {logging_mixin.py:190} INFO - [2025-11-10T14:04:48.747+0000] {dag.py:3239} INFO - Sync 1 DAGs
[2025-11-10T14:04:48.785+0000] {logging_mixin.py:190} INFO - [2025-11-10T14:04:48.785+0000] {dag.py:4180} INFO - Setting next_dagrun for crawl_etl_itjob to 2025-11-10T02:00:00+00:00, run_after=2025-11-11T02:00:00+00:00
[2025-11-10T14:04:48.821+0000] {processor.py:208} INFO - Processing /opt/airflow/dags/Crawl_ETL_ITJob.py took 0.159 seconds
[2025-11-10T14:05:21.017+0000] {processor.py:186} INFO - Started process (PID=298) to work on /opt/airflow/dags/Crawl_ETL_ITJob.py
[2025-11-10T14:05:21.017+0000] {processor.py:914} INFO - Processing file /opt/airflow/dags/Crawl_ETL_ITJob.py for tasks to queue
[2025-11-10T14:05:21.020+0000] {logging_mixin.py:190} INFO - [2025-11-10T14:05:21.019+0000] {dagbag.py:588} INFO - Filling up the DagBag from /opt/airflow/dags/Crawl_ETL_ITJob.py
[2025-11-10T14:05:21.050+0000] {processor.py:925} INFO - DAG(s) 'crawl_etl_itjob' retrieved from /opt/airflow/dags/Crawl_ETL_ITJob.py
[2025-11-10T14:05:21.137+0000] {logging_mixin.py:190} INFO - [2025-11-10T14:05:21.137+0000] {dag.py:3239} INFO - Sync 1 DAGs
[2025-11-10T14:05:21.197+0000] {logging_mixin.py:190} INFO - [2025-11-10T14:05:21.196+0000] {dag.py:4180} INFO - Setting next_dagrun for crawl_etl_itjob to 2025-11-10T02:00:00+00:00, run_after=2025-11-11T02:00:00+00:00
[2025-11-10T14:05:21.248+0000] {processor.py:208} INFO - Processing /opt/airflow/dags/Crawl_ETL_ITJob.py took 0.243 seconds
[2025-11-10T14:05:54.477+0000] {processor.py:186} INFO - Started process (PID=302) to work on /opt/airflow/dags/Crawl_ETL_ITJob.py
[2025-11-10T14:05:54.478+0000] {processor.py:914} INFO - Processing file /opt/airflow/dags/Crawl_ETL_ITJob.py for tasks to queue
[2025-11-10T14:05:54.479+0000] {logging_mixin.py:190} INFO - [2025-11-10T14:05:54.479+0000] {dagbag.py:588} INFO - Filling up the DagBag from /opt/airflow/dags/Crawl_ETL_ITJob.py
[2025-11-10T14:05:54.500+0000] {processor.py:925} INFO - DAG(s) 'crawl_etl_itjob' retrieved from /opt/airflow/dags/Crawl_ETL_ITJob.py
[2025-11-10T14:05:54.547+0000] {logging_mixin.py:190} INFO - [2025-11-10T14:05:54.547+0000] {dag.py:3239} INFO - Sync 1 DAGs
[2025-11-10T14:05:54.586+0000] {logging_mixin.py:190} INFO - [2025-11-10T14:05:54.586+0000] {dag.py:4180} INFO - Setting next_dagrun for crawl_etl_itjob to 2025-11-10T02:00:00+00:00, run_after=2025-11-11T02:00:00+00:00
[2025-11-10T14:05:54.623+0000] {processor.py:208} INFO - Processing /opt/airflow/dags/Crawl_ETL_ITJob.py took 0.154 seconds
[2025-11-10T14:06:26.813+0000] {processor.py:186} INFO - Started process (PID=306) to work on /opt/airflow/dags/Crawl_ETL_ITJob.py
[2025-11-10T14:06:26.814+0000] {processor.py:914} INFO - Processing file /opt/airflow/dags/Crawl_ETL_ITJob.py for tasks to queue
[2025-11-10T14:06:26.815+0000] {logging_mixin.py:190} INFO - [2025-11-10T14:06:26.815+0000] {dagbag.py:588} INFO - Filling up the DagBag from /opt/airflow/dags/Crawl_ETL_ITJob.py
[2025-11-10T14:06:26.836+0000] {processor.py:925} INFO - DAG(s) 'crawl_etl_itjob' retrieved from /opt/airflow/dags/Crawl_ETL_ITJob.py
[2025-11-10T14:06:26.879+0000] {logging_mixin.py:190} INFO - [2025-11-10T14:06:26.878+0000] {dag.py:3239} INFO - Sync 1 DAGs
[2025-11-10T14:06:26.920+0000] {logging_mixin.py:190} INFO - [2025-11-10T14:06:26.920+0000] {dag.py:4180} INFO - Setting next_dagrun for crawl_etl_itjob to 2025-11-10T02:00:00+00:00, run_after=2025-11-11T02:00:00+00:00
[2025-11-10T14:06:26.965+0000] {processor.py:208} INFO - Processing /opt/airflow/dags/Crawl_ETL_ITJob.py took 0.160 seconds
[2025-11-10T14:06:59.176+0000] {processor.py:186} INFO - Started process (PID=310) to work on /opt/airflow/dags/Crawl_ETL_ITJob.py
[2025-11-10T14:06:59.176+0000] {processor.py:914} INFO - Processing file /opt/airflow/dags/Crawl_ETL_ITJob.py for tasks to queue
[2025-11-10T14:06:59.177+0000] {logging_mixin.py:190} INFO - [2025-11-10T14:06:59.177+0000] {dagbag.py:588} INFO - Filling up the DagBag from /opt/airflow/dags/Crawl_ETL_ITJob.py
[2025-11-10T14:06:59.199+0000] {processor.py:925} INFO - DAG(s) 'crawl_etl_itjob' retrieved from /opt/airflow/dags/Crawl_ETL_ITJob.py
[2025-11-10T14:06:59.240+0000] {logging_mixin.py:190} INFO - [2025-11-10T14:06:59.240+0000] {dag.py:3239} INFO - Sync 1 DAGs
[2025-11-10T14:06:59.275+0000] {logging_mixin.py:190} INFO - [2025-11-10T14:06:59.275+0000] {dag.py:4180} INFO - Setting next_dagrun for crawl_etl_itjob to 2025-11-10T02:00:00+00:00, run_after=2025-11-11T02:00:00+00:00
[2025-11-10T14:06:59.309+0000] {processor.py:208} INFO - Processing /opt/airflow/dags/Crawl_ETL_ITJob.py took 0.139 seconds
[2025-11-10T14:07:32.485+0000] {processor.py:186} INFO - Started process (PID=314) to work on /opt/airflow/dags/Crawl_ETL_ITJob.py
[2025-11-10T14:07:32.486+0000] {processor.py:914} INFO - Processing file /opt/airflow/dags/Crawl_ETL_ITJob.py for tasks to queue
[2025-11-10T14:07:32.487+0000] {logging_mixin.py:190} INFO - [2025-11-10T14:07:32.487+0000] {dagbag.py:588} INFO - Filling up the DagBag from /opt/airflow/dags/Crawl_ETL_ITJob.py
[2025-11-10T14:07:32.506+0000] {processor.py:925} INFO - DAG(s) 'crawl_etl_itjob' retrieved from /opt/airflow/dags/Crawl_ETL_ITJob.py
[2025-11-10T14:07:32.552+0000] {logging_mixin.py:190} INFO - [2025-11-10T14:07:32.552+0000] {dag.py:3239} INFO - Sync 1 DAGs
[2025-11-10T14:07:32.592+0000] {logging_mixin.py:190} INFO - [2025-11-10T14:07:32.592+0000] {dag.py:4180} INFO - Setting next_dagrun for crawl_etl_itjob to 2025-11-10T02:00:00+00:00, run_after=2025-11-11T02:00:00+00:00
[2025-11-10T14:07:32.638+0000] {processor.py:208} INFO - Processing /opt/airflow/dags/Crawl_ETL_ITJob.py took 0.158 seconds
[2025-11-10T14:08:04.823+0000] {processor.py:186} INFO - Started process (PID=318) to work on /opt/airflow/dags/Crawl_ETL_ITJob.py
[2025-11-10T14:08:04.824+0000] {processor.py:914} INFO - Processing file /opt/airflow/dags/Crawl_ETL_ITJob.py for tasks to queue
[2025-11-10T14:08:04.825+0000] {logging_mixin.py:190} INFO - [2025-11-10T14:08:04.825+0000] {dagbag.py:588} INFO - Filling up the DagBag from /opt/airflow/dags/Crawl_ETL_ITJob.py
[2025-11-10T14:08:04.843+0000] {processor.py:925} INFO - DAG(s) 'crawl_etl_itjob' retrieved from /opt/airflow/dags/Crawl_ETL_ITJob.py
[2025-11-10T14:08:04.882+0000] {logging_mixin.py:190} INFO - [2025-11-10T14:08:04.882+0000] {dag.py:3239} INFO - Sync 1 DAGs
[2025-11-10T14:08:04.915+0000] {logging_mixin.py:190} INFO - [2025-11-10T14:08:04.915+0000] {dag.py:4180} INFO - Setting next_dagrun for crawl_etl_itjob to 2025-11-10T02:00:00+00:00, run_after=2025-11-11T02:00:00+00:00
[2025-11-10T14:08:04.950+0000] {processor.py:208} INFO - Processing /opt/airflow/dags/Crawl_ETL_ITJob.py took 0.133 seconds
[2025-11-10T14:08:37.135+0000] {processor.py:186} INFO - Started process (PID=322) to work on /opt/airflow/dags/Crawl_ETL_ITJob.py
[2025-11-10T14:08:37.136+0000] {processor.py:914} INFO - Processing file /opt/airflow/dags/Crawl_ETL_ITJob.py for tasks to queue
[2025-11-10T14:08:37.138+0000] {logging_mixin.py:190} INFO - [2025-11-10T14:08:37.137+0000] {dagbag.py:588} INFO - Filling up the DagBag from /opt/airflow/dags/Crawl_ETL_ITJob.py
[2025-11-10T14:08:37.156+0000] {processor.py:925} INFO - DAG(s) 'crawl_etl_itjob' retrieved from /opt/airflow/dags/Crawl_ETL_ITJob.py
[2025-11-10T14:08:37.193+0000] {logging_mixin.py:190} INFO - [2025-11-10T14:08:37.193+0000] {dag.py:3239} INFO - Sync 1 DAGs
[2025-11-10T14:08:37.226+0000] {logging_mixin.py:190} INFO - [2025-11-10T14:08:37.226+0000] {dag.py:4180} INFO - Setting next_dagrun for crawl_etl_itjob to 2025-11-10T02:00:00+00:00, run_after=2025-11-11T02:00:00+00:00
[2025-11-10T14:08:37.259+0000] {processor.py:208} INFO - Processing /opt/airflow/dags/Crawl_ETL_ITJob.py took 0.130 seconds
[2025-11-10T14:09:10.485+0000] {processor.py:186} INFO - Started process (PID=326) to work on /opt/airflow/dags/Crawl_ETL_ITJob.py
[2025-11-10T14:09:10.485+0000] {processor.py:914} INFO - Processing file /opt/airflow/dags/Crawl_ETL_ITJob.py for tasks to queue
[2025-11-10T14:09:10.487+0000] {logging_mixin.py:190} INFO - [2025-11-10T14:09:10.486+0000] {dagbag.py:588} INFO - Filling up the DagBag from /opt/airflow/dags/Crawl_ETL_ITJob.py
[2025-11-10T14:09:10.507+0000] {processor.py:925} INFO - DAG(s) 'crawl_etl_itjob' retrieved from /opt/airflow/dags/Crawl_ETL_ITJob.py
[2025-11-10T14:09:10.548+0000] {logging_mixin.py:190} INFO - [2025-11-10T14:09:10.548+0000] {dag.py:3239} INFO - Sync 1 DAGs
[2025-11-10T14:09:10.584+0000] {logging_mixin.py:190} INFO - [2025-11-10T14:09:10.583+0000] {dag.py:4180} INFO - Setting next_dagrun for crawl_etl_itjob to 2025-11-10T02:00:00+00:00, run_after=2025-11-11T02:00:00+00:00
[2025-11-10T14:09:10.619+0000] {processor.py:208} INFO - Processing /opt/airflow/dags/Crawl_ETL_ITJob.py took 0.141 seconds
[2025-11-10T14:09:42.868+0000] {processor.py:186} INFO - Started process (PID=330) to work on /opt/airflow/dags/Crawl_ETL_ITJob.py
[2025-11-10T14:09:42.869+0000] {processor.py:914} INFO - Processing file /opt/airflow/dags/Crawl_ETL_ITJob.py for tasks to queue
[2025-11-10T14:09:42.870+0000] {logging_mixin.py:190} INFO - [2025-11-10T14:09:42.870+0000] {dagbag.py:588} INFO - Filling up the DagBag from /opt/airflow/dags/Crawl_ETL_ITJob.py
[2025-11-10T14:09:42.890+0000] {processor.py:925} INFO - DAG(s) 'crawl_etl_itjob' retrieved from /opt/airflow/dags/Crawl_ETL_ITJob.py
[2025-11-10T14:09:42.931+0000] {logging_mixin.py:190} INFO - [2025-11-10T14:09:42.931+0000] {dag.py:3239} INFO - Sync 1 DAGs
[2025-11-10T14:09:42.965+0000] {logging_mixin.py:190} INFO - [2025-11-10T14:09:42.965+0000] {dag.py:4180} INFO - Setting next_dagrun for crawl_etl_itjob to 2025-11-10T02:00:00+00:00, run_after=2025-11-11T02:00:00+00:00
[2025-11-10T14:09:43.000+0000] {processor.py:208} INFO - Processing /opt/airflow/dags/Crawl_ETL_ITJob.py took 0.138 seconds
[2025-11-10T14:10:16.206+0000] {processor.py:186} INFO - Started process (PID=334) to work on /opt/airflow/dags/Crawl_ETL_ITJob.py
[2025-11-10T14:10:16.207+0000] {processor.py:914} INFO - Processing file /opt/airflow/dags/Crawl_ETL_ITJob.py for tasks to queue
[2025-11-10T14:10:16.208+0000] {logging_mixin.py:190} INFO - [2025-11-10T14:10:16.208+0000] {dagbag.py:588} INFO - Filling up the DagBag from /opt/airflow/dags/Crawl_ETL_ITJob.py
[2025-11-10T14:10:16.228+0000] {processor.py:925} INFO - DAG(s) 'crawl_etl_itjob' retrieved from /opt/airflow/dags/Crawl_ETL_ITJob.py
[2025-11-10T14:10:16.270+0000] {logging_mixin.py:190} INFO - [2025-11-10T14:10:16.270+0000] {dag.py:3239} INFO - Sync 1 DAGs
[2025-11-10T14:10:16.303+0000] {logging_mixin.py:190} INFO - [2025-11-10T14:10:16.303+0000] {dag.py:4180} INFO - Setting next_dagrun for crawl_etl_itjob to 2025-11-10T02:00:00+00:00, run_after=2025-11-11T02:00:00+00:00
[2025-11-10T14:10:16.346+0000] {processor.py:208} INFO - Processing /opt/airflow/dags/Crawl_ETL_ITJob.py took 0.148 seconds
[2025-11-10T14:10:48.647+0000] {processor.py:186} INFO - Started process (PID=338) to work on /opt/airflow/dags/Crawl_ETL_ITJob.py
[2025-11-10T14:10:48.648+0000] {processor.py:914} INFO - Processing file /opt/airflow/dags/Crawl_ETL_ITJob.py for tasks to queue
[2025-11-10T14:10:48.649+0000] {logging_mixin.py:190} INFO - [2025-11-10T14:10:48.649+0000] {dagbag.py:588} INFO - Filling up the DagBag from /opt/airflow/dags/Crawl_ETL_ITJob.py
[2025-11-10T14:10:48.673+0000] {processor.py:925} INFO - DAG(s) 'crawl_etl_itjob' retrieved from /opt/airflow/dags/Crawl_ETL_ITJob.py
[2025-11-10T14:10:48.715+0000] {logging_mixin.py:190} INFO - [2025-11-10T14:10:48.715+0000] {dag.py:3239} INFO - Sync 1 DAGs
[2025-11-10T14:10:48.750+0000] {logging_mixin.py:190} INFO - [2025-11-10T14:10:48.749+0000] {dag.py:4180} INFO - Setting next_dagrun for crawl_etl_itjob to 2025-11-10T02:00:00+00:00, run_after=2025-11-11T02:00:00+00:00
[2025-11-10T14:10:48.800+0000] {processor.py:208} INFO - Processing /opt/airflow/dags/Crawl_ETL_ITJob.py took 0.159 seconds
[2025-11-10T14:11:21.027+0000] {processor.py:186} INFO - Started process (PID=342) to work on /opt/airflow/dags/Crawl_ETL_ITJob.py
[2025-11-10T14:11:21.028+0000] {processor.py:914} INFO - Processing file /opt/airflow/dags/Crawl_ETL_ITJob.py for tasks to queue
[2025-11-10T14:11:21.029+0000] {logging_mixin.py:190} INFO - [2025-11-10T14:11:21.029+0000] {dagbag.py:588} INFO - Filling up the DagBag from /opt/airflow/dags/Crawl_ETL_ITJob.py
[2025-11-10T14:11:21.052+0000] {processor.py:925} INFO - DAG(s) 'crawl_etl_itjob' retrieved from /opt/airflow/dags/Crawl_ETL_ITJob.py
[2025-11-10T14:11:21.093+0000] {logging_mixin.py:190} INFO - [2025-11-10T14:11:21.093+0000] {dag.py:3239} INFO - Sync 1 DAGs
[2025-11-10T14:11:21.130+0000] {logging_mixin.py:190} INFO - [2025-11-10T14:11:21.130+0000] {dag.py:4180} INFO - Setting next_dagrun for crawl_etl_itjob to 2025-11-10T02:00:00+00:00, run_after=2025-11-11T02:00:00+00:00
[2025-11-10T14:11:21.163+0000] {processor.py:208} INFO - Processing /opt/airflow/dags/Crawl_ETL_ITJob.py took 0.145 seconds
[2025-11-10T14:11:54.460+0000] {processor.py:186} INFO - Started process (PID=346) to work on /opt/airflow/dags/Crawl_ETL_ITJob.py
[2025-11-10T14:11:54.461+0000] {processor.py:914} INFO - Processing file /opt/airflow/dags/Crawl_ETL_ITJob.py for tasks to queue
[2025-11-10T14:11:54.463+0000] {logging_mixin.py:190} INFO - [2025-11-10T14:11:54.462+0000] {dagbag.py:588} INFO - Filling up the DagBag from /opt/airflow/dags/Crawl_ETL_ITJob.py
[2025-11-10T14:11:54.492+0000] {processor.py:925} INFO - DAG(s) 'crawl_etl_itjob' retrieved from /opt/airflow/dags/Crawl_ETL_ITJob.py
[2025-11-10T14:11:54.544+0000] {logging_mixin.py:190} INFO - [2025-11-10T14:11:54.544+0000] {dag.py:3239} INFO - Sync 1 DAGs
[2025-11-10T14:11:54.600+0000] {logging_mixin.py:190} INFO - [2025-11-10T14:11:54.600+0000] {dag.py:4180} INFO - Setting next_dagrun for crawl_etl_itjob to 2025-11-10T02:00:00+00:00, run_after=2025-11-11T02:00:00+00:00
[2025-11-10T14:11:54.645+0000] {processor.py:208} INFO - Processing /opt/airflow/dags/Crawl_ETL_ITJob.py took 0.196 seconds
[2025-11-10T14:12:26.910+0000] {processor.py:186} INFO - Started process (PID=350) to work on /opt/airflow/dags/Crawl_ETL_ITJob.py
[2025-11-10T14:12:26.911+0000] {processor.py:914} INFO - Processing file /opt/airflow/dags/Crawl_ETL_ITJob.py for tasks to queue
[2025-11-10T14:12:26.913+0000] {logging_mixin.py:190} INFO - [2025-11-10T14:12:26.912+0000] {dagbag.py:588} INFO - Filling up the DagBag from /opt/airflow/dags/Crawl_ETL_ITJob.py
[2025-11-10T14:12:26.934+0000] {processor.py:925} INFO - DAG(s) 'crawl_etl_itjob' retrieved from /opt/airflow/dags/Crawl_ETL_ITJob.py
[2025-11-10T14:12:26.978+0000] {logging_mixin.py:190} INFO - [2025-11-10T14:12:26.978+0000] {dag.py:3239} INFO - Sync 1 DAGs
[2025-11-10T14:12:27.012+0000] {logging_mixin.py:190} INFO - [2025-11-10T14:12:27.012+0000] {dag.py:4180} INFO - Setting next_dagrun for crawl_etl_itjob to 2025-11-10T02:00:00+00:00, run_after=2025-11-11T02:00:00+00:00
[2025-11-10T14:12:27.047+0000] {processor.py:208} INFO - Processing /opt/airflow/dags/Crawl_ETL_ITJob.py took 0.144 seconds
[2025-11-10T14:12:59.259+0000] {processor.py:186} INFO - Started process (PID=354) to work on /opt/airflow/dags/Crawl_ETL_ITJob.py
[2025-11-10T14:12:59.259+0000] {processor.py:914} INFO - Processing file /opt/airflow/dags/Crawl_ETL_ITJob.py for tasks to queue
[2025-11-10T14:12:59.261+0000] {logging_mixin.py:190} INFO - [2025-11-10T14:12:59.260+0000] {dagbag.py:588} INFO - Filling up the DagBag from /opt/airflow/dags/Crawl_ETL_ITJob.py
[2025-11-10T14:12:59.282+0000] {processor.py:925} INFO - DAG(s) 'crawl_etl_itjob' retrieved from /opt/airflow/dags/Crawl_ETL_ITJob.py
[2025-11-10T14:12:59.322+0000] {logging_mixin.py:190} INFO - [2025-11-10T14:12:59.322+0000] {dag.py:3239} INFO - Sync 1 DAGs
[2025-11-10T14:12:59.356+0000] {logging_mixin.py:190} INFO - [2025-11-10T14:12:59.356+0000] {dag.py:4180} INFO - Setting next_dagrun for crawl_etl_itjob to 2025-11-10T02:00:00+00:00, run_after=2025-11-11T02:00:00+00:00
[2025-11-10T14:12:59.391+0000] {processor.py:208} INFO - Processing /opt/airflow/dags/Crawl_ETL_ITJob.py took 0.138 seconds
[2025-11-10T14:13:32.610+0000] {processor.py:186} INFO - Started process (PID=358) to work on /opt/airflow/dags/Crawl_ETL_ITJob.py
[2025-11-10T14:13:32.611+0000] {processor.py:914} INFO - Processing file /opt/airflow/dags/Crawl_ETL_ITJob.py for tasks to queue
[2025-11-10T14:13:32.612+0000] {logging_mixin.py:190} INFO - [2025-11-10T14:13:32.612+0000] {dagbag.py:588} INFO - Filling up the DagBag from /opt/airflow/dags/Crawl_ETL_ITJob.py
[2025-11-10T14:13:32.633+0000] {processor.py:925} INFO - DAG(s) 'crawl_etl_itjob' retrieved from /opt/airflow/dags/Crawl_ETL_ITJob.py
[2025-11-10T14:13:32.688+0000] {logging_mixin.py:190} INFO - [2025-11-10T14:13:32.688+0000] {dag.py:3239} INFO - Sync 1 DAGs
[2025-11-10T14:13:32.724+0000] {logging_mixin.py:190} INFO - [2025-11-10T14:13:32.724+0000] {dag.py:4180} INFO - Setting next_dagrun for crawl_etl_itjob to 2025-11-10T02:00:00+00:00, run_after=2025-11-11T02:00:00+00:00
[2025-11-10T14:13:32.761+0000] {processor.py:208} INFO - Processing /opt/airflow/dags/Crawl_ETL_ITJob.py took 0.158 seconds
[2025-11-10T14:14:04.998+0000] {processor.py:186} INFO - Started process (PID=362) to work on /opt/airflow/dags/Crawl_ETL_ITJob.py
[2025-11-10T14:14:04.998+0000] {processor.py:914} INFO - Processing file /opt/airflow/dags/Crawl_ETL_ITJob.py for tasks to queue
[2025-11-10T14:14:05.000+0000] {logging_mixin.py:190} INFO - [2025-11-10T14:14:05.000+0000] {dagbag.py:588} INFO - Filling up the DagBag from /opt/airflow/dags/Crawl_ETL_ITJob.py
[2025-11-10T14:14:05.022+0000] {processor.py:925} INFO - DAG(s) 'crawl_etl_itjob' retrieved from /opt/airflow/dags/Crawl_ETL_ITJob.py
[2025-11-10T14:14:05.062+0000] {logging_mixin.py:190} INFO - [2025-11-10T14:14:05.062+0000] {dag.py:3239} INFO - Sync 1 DAGs
[2025-11-10T14:14:05.096+0000] {logging_mixin.py:190} INFO - [2025-11-10T14:14:05.096+0000] {dag.py:4180} INFO - Setting next_dagrun for crawl_etl_itjob to 2025-11-10T02:00:00+00:00, run_after=2025-11-11T02:00:00+00:00
[2025-11-10T14:14:05.131+0000] {processor.py:208} INFO - Processing /opt/airflow/dags/Crawl_ETL_ITJob.py took 0.141 seconds
[2025-11-10T14:14:37.321+0000] {processor.py:186} INFO - Started process (PID=366) to work on /opt/airflow/dags/Crawl_ETL_ITJob.py
[2025-11-10T14:14:37.322+0000] {processor.py:914} INFO - Processing file /opt/airflow/dags/Crawl_ETL_ITJob.py for tasks to queue
[2025-11-10T14:14:37.323+0000] {logging_mixin.py:190} INFO - [2025-11-10T14:14:37.323+0000] {dagbag.py:588} INFO - Filling up the DagBag from /opt/airflow/dags/Crawl_ETL_ITJob.py
[2025-11-10T14:14:37.346+0000] {processor.py:925} INFO - DAG(s) 'crawl_etl_itjob' retrieved from /opt/airflow/dags/Crawl_ETL_ITJob.py
[2025-11-10T14:14:37.390+0000] {logging_mixin.py:190} INFO - [2025-11-10T14:14:37.389+0000] {dag.py:3239} INFO - Sync 1 DAGs
[2025-11-10T14:14:37.424+0000] {logging_mixin.py:190} INFO - [2025-11-10T14:14:37.424+0000] {dag.py:4180} INFO - Setting next_dagrun for crawl_etl_itjob to 2025-11-10T02:00:00+00:00, run_after=2025-11-11T02:00:00+00:00
[2025-11-10T14:14:37.458+0000] {processor.py:208} INFO - Processing /opt/airflow/dags/Crawl_ETL_ITJob.py took 0.144 seconds
[2025-11-10T14:15:10.671+0000] {processor.py:186} INFO - Started process (PID=370) to work on /opt/airflow/dags/Crawl_ETL_ITJob.py
[2025-11-10T14:15:10.672+0000] {processor.py:914} INFO - Processing file /opt/airflow/dags/Crawl_ETL_ITJob.py for tasks to queue
[2025-11-10T14:15:10.673+0000] {logging_mixin.py:190} INFO - [2025-11-10T14:15:10.673+0000] {dagbag.py:588} INFO - Filling up the DagBag from /opt/airflow/dags/Crawl_ETL_ITJob.py
[2025-11-10T14:15:10.693+0000] {processor.py:925} INFO - DAG(s) 'crawl_etl_itjob' retrieved from /opt/airflow/dags/Crawl_ETL_ITJob.py
[2025-11-10T14:15:10.733+0000] {logging_mixin.py:190} INFO - [2025-11-10T14:15:10.733+0000] {dag.py:3239} INFO - Sync 1 DAGs
[2025-11-10T14:15:10.769+0000] {logging_mixin.py:190} INFO - [2025-11-10T14:15:10.769+0000] {dag.py:4180} INFO - Setting next_dagrun for crawl_etl_itjob to 2025-11-10T02:00:00+00:00, run_after=2025-11-11T02:00:00+00:00
[2025-11-10T14:15:10.805+0000] {processor.py:208} INFO - Processing /opt/airflow/dags/Crawl_ETL_ITJob.py took 0.141 seconds
[2025-11-10T14:15:43.006+0000] {processor.py:186} INFO - Started process (PID=374) to work on /opt/airflow/dags/Crawl_ETL_ITJob.py
[2025-11-10T14:15:43.007+0000] {processor.py:914} INFO - Processing file /opt/airflow/dags/Crawl_ETL_ITJob.py for tasks to queue
[2025-11-10T14:15:43.008+0000] {logging_mixin.py:190} INFO - [2025-11-10T14:15:43.007+0000] {dagbag.py:588} INFO - Filling up the DagBag from /opt/airflow/dags/Crawl_ETL_ITJob.py
[2025-11-10T14:15:43.029+0000] {processor.py:925} INFO - DAG(s) 'crawl_etl_itjob' retrieved from /opt/airflow/dags/Crawl_ETL_ITJob.py
[2025-11-10T14:15:43.070+0000] {logging_mixin.py:190} INFO - [2025-11-10T14:15:43.069+0000] {dag.py:3239} INFO - Sync 1 DAGs
[2025-11-10T14:15:43.102+0000] {logging_mixin.py:190} INFO - [2025-11-10T14:15:43.102+0000] {dag.py:4180} INFO - Setting next_dagrun for crawl_etl_itjob to 2025-11-10T02:00:00+00:00, run_after=2025-11-11T02:00:00+00:00
[2025-11-10T14:15:43.140+0000] {processor.py:208} INFO - Processing /opt/airflow/dags/Crawl_ETL_ITJob.py took 0.140 seconds
[2025-11-10T14:16:16.350+0000] {processor.py:186} INFO - Started process (PID=378) to work on /opt/airflow/dags/Crawl_ETL_ITJob.py
[2025-11-10T14:16:16.351+0000] {processor.py:914} INFO - Processing file /opt/airflow/dags/Crawl_ETL_ITJob.py for tasks to queue
[2025-11-10T14:16:16.353+0000] {logging_mixin.py:190} INFO - [2025-11-10T14:16:16.352+0000] {dagbag.py:588} INFO - Filling up the DagBag from /opt/airflow/dags/Crawl_ETL_ITJob.py
[2025-11-10T14:16:16.378+0000] {processor.py:925} INFO - DAG(s) 'crawl_etl_itjob' retrieved from /opt/airflow/dags/Crawl_ETL_ITJob.py
[2025-11-10T14:16:16.423+0000] {logging_mixin.py:190} INFO - [2025-11-10T14:16:16.423+0000] {dag.py:3239} INFO - Sync 1 DAGs
[2025-11-10T14:16:16.462+0000] {logging_mixin.py:190} INFO - [2025-11-10T14:16:16.461+0000] {dag.py:4180} INFO - Setting next_dagrun for crawl_etl_itjob to 2025-11-10T02:00:00+00:00, run_after=2025-11-11T02:00:00+00:00
[2025-11-10T14:16:16.498+0000] {processor.py:208} INFO - Processing /opt/airflow/dags/Crawl_ETL_ITJob.py took 0.157 seconds
[2025-11-10T14:16:48.758+0000] {processor.py:186} INFO - Started process (PID=382) to work on /opt/airflow/dags/Crawl_ETL_ITJob.py
[2025-11-10T14:16:48.759+0000] {processor.py:914} INFO - Processing file /opt/airflow/dags/Crawl_ETL_ITJob.py for tasks to queue
[2025-11-10T14:16:48.761+0000] {logging_mixin.py:190} INFO - [2025-11-10T14:16:48.761+0000] {dagbag.py:588} INFO - Filling up the DagBag from /opt/airflow/dags/Crawl_ETL_ITJob.py
[2025-11-10T14:16:48.780+0000] {processor.py:925} INFO - DAG(s) 'crawl_etl_itjob' retrieved from /opt/airflow/dags/Crawl_ETL_ITJob.py
[2025-11-10T14:16:48.821+0000] {logging_mixin.py:190} INFO - [2025-11-10T14:16:48.821+0000] {dag.py:3239} INFO - Sync 1 DAGs
[2025-11-10T14:16:48.856+0000] {logging_mixin.py:190} INFO - [2025-11-10T14:16:48.855+0000] {dag.py:4180} INFO - Setting next_dagrun for crawl_etl_itjob to 2025-11-10T02:00:00+00:00, run_after=2025-11-11T02:00:00+00:00
[2025-11-10T14:16:48.892+0000] {processor.py:208} INFO - Processing /opt/airflow/dags/Crawl_ETL_ITJob.py took 0.141 seconds
[2025-11-10T14:17:21.105+0000] {processor.py:186} INFO - Started process (PID=386) to work on /opt/airflow/dags/Crawl_ETL_ITJob.py
[2025-11-10T14:17:21.106+0000] {processor.py:914} INFO - Processing file /opt/airflow/dags/Crawl_ETL_ITJob.py for tasks to queue
[2025-11-10T14:17:21.107+0000] {logging_mixin.py:190} INFO - [2025-11-10T14:17:21.107+0000] {dagbag.py:588} INFO - Filling up the DagBag from /opt/airflow/dags/Crawl_ETL_ITJob.py
[2025-11-10T14:17:21.125+0000] {processor.py:925} INFO - DAG(s) 'crawl_etl_itjob' retrieved from /opt/airflow/dags/Crawl_ETL_ITJob.py
[2025-11-10T14:17:21.164+0000] {logging_mixin.py:190} INFO - [2025-11-10T14:17:21.164+0000] {dag.py:3239} INFO - Sync 1 DAGs
[2025-11-10T14:17:21.203+0000] {logging_mixin.py:190} INFO - [2025-11-10T14:17:21.203+0000] {dag.py:4180} INFO - Setting next_dagrun for crawl_etl_itjob to 2025-11-10T02:00:00+00:00, run_after=2025-11-11T02:00:00+00:00
[2025-11-10T14:17:21.238+0000] {processor.py:208} INFO - Processing /opt/airflow/dags/Crawl_ETL_ITJob.py took 0.139 seconds
[2025-11-10T14:17:53.568+0000] {processor.py:186} INFO - Started process (PID=390) to work on /opt/airflow/dags/Crawl_ETL_ITJob.py
[2025-11-10T14:17:53.570+0000] {processor.py:914} INFO - Processing file /opt/airflow/dags/Crawl_ETL_ITJob.py for tasks to queue
[2025-11-10T14:17:53.572+0000] {logging_mixin.py:190} INFO - [2025-11-10T14:17:53.572+0000] {dagbag.py:588} INFO - Filling up the DagBag from /opt/airflow/dags/Crawl_ETL_ITJob.py
[2025-11-10T14:17:53.595+0000] {processor.py:925} INFO - DAG(s) 'crawl_etl_itjob' retrieved from /opt/airflow/dags/Crawl_ETL_ITJob.py
[2025-11-10T14:17:53.642+0000] {logging_mixin.py:190} INFO - [2025-11-10T14:17:53.642+0000] {dag.py:3239} INFO - Sync 1 DAGs
[2025-11-10T14:17:53.678+0000] {logging_mixin.py:190} INFO - [2025-11-10T14:17:53.678+0000] {dag.py:4180} INFO - Setting next_dagrun for crawl_etl_itjob to 2025-11-10T02:00:00+00:00, run_after=2025-11-11T02:00:00+00:00
[2025-11-10T14:17:53.715+0000] {processor.py:208} INFO - Processing /opt/airflow/dags/Crawl_ETL_ITJob.py took 0.154 seconds
[2025-11-10T14:18:27.004+0000] {processor.py:186} INFO - Started process (PID=394) to work on /opt/airflow/dags/Crawl_ETL_ITJob.py
[2025-11-10T14:18:27.005+0000] {processor.py:914} INFO - Processing file /opt/airflow/dags/Crawl_ETL_ITJob.py for tasks to queue
[2025-11-10T14:18:27.007+0000] {logging_mixin.py:190} INFO - [2025-11-10T14:18:27.006+0000] {dagbag.py:588} INFO - Filling up the DagBag from /opt/airflow/dags/Crawl_ETL_ITJob.py
[2025-11-10T14:18:27.028+0000] {processor.py:925} INFO - DAG(s) 'crawl_etl_itjob' retrieved from /opt/airflow/dags/Crawl_ETL_ITJob.py
[2025-11-10T14:18:27.071+0000] {logging_mixin.py:190} INFO - [2025-11-10T14:18:27.071+0000] {dag.py:3239} INFO - Sync 1 DAGs
[2025-11-10T14:18:27.109+0000] {logging_mixin.py:190} INFO - [2025-11-10T14:18:27.109+0000] {dag.py:4180} INFO - Setting next_dagrun for crawl_etl_itjob to 2025-11-10T02:00:00+00:00, run_after=2025-11-11T02:00:00+00:00
[2025-11-10T14:18:27.145+0000] {processor.py:208} INFO - Processing /opt/airflow/dags/Crawl_ETL_ITJob.py took 0.149 seconds
[2025-11-10T14:18:59.354+0000] {processor.py:186} INFO - Started process (PID=398) to work on /opt/airflow/dags/Crawl_ETL_ITJob.py
[2025-11-10T14:18:59.355+0000] {processor.py:914} INFO - Processing file /opt/airflow/dags/Crawl_ETL_ITJob.py for tasks to queue
[2025-11-10T14:18:59.356+0000] {logging_mixin.py:190} INFO - [2025-11-10T14:18:59.356+0000] {dagbag.py:588} INFO - Filling up the DagBag from /opt/airflow/dags/Crawl_ETL_ITJob.py
[2025-11-10T14:18:59.379+0000] {processor.py:925} INFO - DAG(s) 'crawl_etl_itjob' retrieved from /opt/airflow/dags/Crawl_ETL_ITJob.py
[2025-11-10T14:18:59.422+0000] {logging_mixin.py:190} INFO - [2025-11-10T14:18:59.422+0000] {dag.py:3239} INFO - Sync 1 DAGs
[2025-11-10T14:18:59.456+0000] {logging_mixin.py:190} INFO - [2025-11-10T14:18:59.456+0000] {dag.py:4180} INFO - Setting next_dagrun for crawl_etl_itjob to 2025-11-10T02:00:00+00:00, run_after=2025-11-11T02:00:00+00:00
[2025-11-10T14:18:59.491+0000] {processor.py:208} INFO - Processing /opt/airflow/dags/Crawl_ETL_ITJob.py took 0.142 seconds
[2025-11-10T14:19:31.817+0000] {processor.py:186} INFO - Started process (PID=402) to work on /opt/airflow/dags/Crawl_ETL_ITJob.py
[2025-11-10T14:19:31.819+0000] {processor.py:914} INFO - Processing file /opt/airflow/dags/Crawl_ETL_ITJob.py for tasks to queue
[2025-11-10T14:19:31.821+0000] {logging_mixin.py:190} INFO - [2025-11-10T14:19:31.821+0000] {dagbag.py:588} INFO - Filling up the DagBag from /opt/airflow/dags/Crawl_ETL_ITJob.py
[2025-11-10T14:19:31.874+0000] {processor.py:925} INFO - DAG(s) 'crawl_etl_itjob' retrieved from /opt/airflow/dags/Crawl_ETL_ITJob.py
[2025-11-10T14:19:31.971+0000] {logging_mixin.py:190} INFO - [2025-11-10T14:19:31.971+0000] {dag.py:3239} INFO - Sync 1 DAGs
[2025-11-10T14:19:32.037+0000] {logging_mixin.py:190} INFO - [2025-11-10T14:19:32.036+0000] {dag.py:4180} INFO - Setting next_dagrun for crawl_etl_itjob to 2025-11-10T02:00:00+00:00, run_after=2025-11-11T02:00:00+00:00
[2025-11-10T14:19:32.073+0000] {processor.py:208} INFO - Processing /opt/airflow/dags/Crawl_ETL_ITJob.py took 0.268 seconds
[2025-11-10T14:20:05.317+0000] {processor.py:186} INFO - Started process (PID=406) to work on /opt/airflow/dags/Crawl_ETL_ITJob.py
[2025-11-10T14:20:05.318+0000] {processor.py:914} INFO - Processing file /opt/airflow/dags/Crawl_ETL_ITJob.py for tasks to queue
[2025-11-10T14:20:05.320+0000] {logging_mixin.py:190} INFO - [2025-11-10T14:20:05.319+0000] {dagbag.py:588} INFO - Filling up the DagBag from /opt/airflow/dags/Crawl_ETL_ITJob.py
[2025-11-10T14:20:05.340+0000] {processor.py:925} INFO - DAG(s) 'crawl_etl_itjob' retrieved from /opt/airflow/dags/Crawl_ETL_ITJob.py
[2025-11-10T14:20:05.380+0000] {logging_mixin.py:190} INFO - [2025-11-10T14:20:05.380+0000] {dag.py:3239} INFO - Sync 1 DAGs
[2025-11-10T14:20:05.413+0000] {logging_mixin.py:190} INFO - [2025-11-10T14:20:05.412+0000] {dag.py:4180} INFO - Setting next_dagrun for crawl_etl_itjob to 2025-11-10T02:00:00+00:00, run_after=2025-11-11T02:00:00+00:00
[2025-11-10T14:20:05.447+0000] {processor.py:208} INFO - Processing /opt/airflow/dags/Crawl_ETL_ITJob.py took 0.137 seconds
[2025-11-10T14:20:37.621+0000] {processor.py:186} INFO - Started process (PID=410) to work on /opt/airflow/dags/Crawl_ETL_ITJob.py
[2025-11-10T14:20:37.621+0000] {processor.py:914} INFO - Processing file /opt/airflow/dags/Crawl_ETL_ITJob.py for tasks to queue
[2025-11-10T14:20:37.624+0000] {logging_mixin.py:190} INFO - [2025-11-10T14:20:37.623+0000] {dagbag.py:588} INFO - Filling up the DagBag from /opt/airflow/dags/Crawl_ETL_ITJob.py
[2025-11-10T14:20:37.649+0000] {processor.py:925} INFO - DAG(s) 'crawl_etl_itjob' retrieved from /opt/airflow/dags/Crawl_ETL_ITJob.py
[2025-11-10T14:20:37.694+0000] {logging_mixin.py:190} INFO - [2025-11-10T14:20:37.694+0000] {dag.py:3239} INFO - Sync 1 DAGs
[2025-11-10T14:20:37.730+0000] {logging_mixin.py:190} INFO - [2025-11-10T14:20:37.730+0000] {dag.py:4180} INFO - Setting next_dagrun for crawl_etl_itjob to 2025-11-10T02:00:00+00:00, run_after=2025-11-11T02:00:00+00:00
[2025-11-10T14:20:37.767+0000] {processor.py:208} INFO - Processing /opt/airflow/dags/Crawl_ETL_ITJob.py took 0.153 seconds
[2025-11-10T14:21:09.972+0000] {processor.py:186} INFO - Started process (PID=414) to work on /opt/airflow/dags/Crawl_ETL_ITJob.py
[2025-11-10T14:21:09.972+0000] {processor.py:914} INFO - Processing file /opt/airflow/dags/Crawl_ETL_ITJob.py for tasks to queue
[2025-11-10T14:21:09.974+0000] {logging_mixin.py:190} INFO - [2025-11-10T14:21:09.974+0000] {dagbag.py:588} INFO - Filling up the DagBag from /opt/airflow/dags/Crawl_ETL_ITJob.py
[2025-11-10T14:21:09.997+0000] {processor.py:925} INFO - DAG(s) 'crawl_etl_itjob' retrieved from /opt/airflow/dags/Crawl_ETL_ITJob.py
[2025-11-10T14:21:10.037+0000] {logging_mixin.py:190} INFO - [2025-11-10T14:21:10.037+0000] {dag.py:3239} INFO - Sync 1 DAGs
[2025-11-10T14:21:10.069+0000] {logging_mixin.py:190} INFO - [2025-11-10T14:21:10.069+0000] {dag.py:4180} INFO - Setting next_dagrun for crawl_etl_itjob to 2025-11-10T02:00:00+00:00, run_after=2025-11-11T02:00:00+00:00
[2025-11-10T14:21:10.104+0000] {processor.py:208} INFO - Processing /opt/airflow/dags/Crawl_ETL_ITJob.py took 0.140 seconds
[2025-11-10T14:21:43.436+0000] {processor.py:186} INFO - Started process (PID=418) to work on /opt/airflow/dags/Crawl_ETL_ITJob.py
[2025-11-10T14:21:43.437+0000] {processor.py:914} INFO - Processing file /opt/airflow/dags/Crawl_ETL_ITJob.py for tasks to queue
[2025-11-10T14:21:43.439+0000] {logging_mixin.py:190} INFO - [2025-11-10T14:21:43.439+0000] {dagbag.py:588} INFO - Filling up the DagBag from /opt/airflow/dags/Crawl_ETL_ITJob.py
[2025-11-10T14:21:43.475+0000] {processor.py:925} INFO - DAG(s) 'crawl_etl_itjob' retrieved from /opt/airflow/dags/Crawl_ETL_ITJob.py
[2025-11-10T14:21:43.565+0000] {logging_mixin.py:190} INFO - [2025-11-10T14:21:43.565+0000] {dag.py:3239} INFO - Sync 1 DAGs
[2025-11-10T14:21:43.599+0000] {logging_mixin.py:190} INFO - [2025-11-10T14:21:43.599+0000] {dag.py:4180} INFO - Setting next_dagrun for crawl_etl_itjob to 2025-11-10T02:00:00+00:00, run_after=2025-11-11T02:00:00+00:00
[2025-11-10T14:21:43.634+0000] {processor.py:208} INFO - Processing /opt/airflow/dags/Crawl_ETL_ITJob.py took 0.211 seconds
[2025-11-10T14:32:09.784+0000] {processor.py:186} INFO - Started process (PID=422) to work on /opt/airflow/dags/Crawl_ETL_ITJob.py
[2025-11-10T14:32:09.787+0000] {processor.py:914} INFO - Processing file /opt/airflow/dags/Crawl_ETL_ITJob.py for tasks to queue
[2025-11-10T14:32:09.800+0000] {logging_mixin.py:190} INFO - [2025-11-10T14:32:09.799+0000] {dagbag.py:588} INFO - Filling up the DagBag from /opt/airflow/dags/Crawl_ETL_ITJob.py
[2025-11-10T14:32:09.919+0000] {processor.py:925} INFO - DAG(s) 'crawl_etl_itjob' retrieved from /opt/airflow/dags/Crawl_ETL_ITJob.py
[2025-11-10T14:32:10.106+0000] {logging_mixin.py:190} INFO - [2025-11-10T14:32:10.105+0000] {dag.py:3239} INFO - Sync 1 DAGs
[2025-11-10T14:32:10.233+0000] {logging_mixin.py:190} INFO - [2025-11-10T14:32:10.232+0000] {dag.py:4180} INFO - Setting next_dagrun for crawl_etl_itjob to 2025-11-10T02:00:00+00:00, run_after=2025-11-11T02:00:00+00:00
[2025-11-10T14:32:10.308+0000] {processor.py:208} INFO - Processing /opt/airflow/dags/Crawl_ETL_ITJob.py took 0.557 seconds
[2025-11-10T14:32:40.796+0000] {processor.py:186} INFO - Started process (PID=426) to work on /opt/airflow/dags/Crawl_ETL_ITJob.py
[2025-11-10T14:32:40.797+0000] {processor.py:914} INFO - Processing file /opt/airflow/dags/Crawl_ETL_ITJob.py for tasks to queue
[2025-11-10T14:32:40.799+0000] {logging_mixin.py:190} INFO - [2025-11-10T14:32:40.799+0000] {dagbag.py:588} INFO - Filling up the DagBag from /opt/airflow/dags/Crawl_ETL_ITJob.py
[2025-11-10T14:32:40.828+0000] {processor.py:925} INFO - DAG(s) 'crawl_etl_itjob' retrieved from /opt/airflow/dags/Crawl_ETL_ITJob.py
[2025-11-10T14:32:40.967+0000] {logging_mixin.py:190} INFO - [2025-11-10T14:32:40.967+0000] {dag.py:3239} INFO - Sync 1 DAGs
[2025-11-10T14:32:41.129+0000] {logging_mixin.py:190} INFO - [2025-11-10T14:32:41.129+0000] {dag.py:4180} INFO - Setting next_dagrun for crawl_etl_itjob to 2025-11-10T02:00:00+00:00, run_after=2025-11-11T02:00:00+00:00
[2025-11-10T14:32:41.179+0000] {processor.py:208} INFO - Processing /opt/airflow/dags/Crawl_ETL_ITJob.py took 0.395 seconds
[2025-11-10T14:33:12.116+0000] {processor.py:186} INFO - Started process (PID=430) to work on /opt/airflow/dags/Crawl_ETL_ITJob.py
[2025-11-10T14:33:12.117+0000] {processor.py:914} INFO - Processing file /opt/airflow/dags/Crawl_ETL_ITJob.py for tasks to queue
[2025-11-10T14:33:12.119+0000] {logging_mixin.py:190} INFO - [2025-11-10T14:33:12.118+0000] {dagbag.py:588} INFO - Filling up the DagBag from /opt/airflow/dags/Crawl_ETL_ITJob.py
[2025-11-10T14:33:12.140+0000] {processor.py:925} INFO - DAG(s) 'crawl_etl_itjob' retrieved from /opt/airflow/dags/Crawl_ETL_ITJob.py
[2025-11-10T14:33:12.184+0000] {logging_mixin.py:190} INFO - [2025-11-10T14:33:12.184+0000] {dag.py:3239} INFO - Sync 1 DAGs
[2025-11-10T14:33:12.222+0000] {logging_mixin.py:190} INFO - [2025-11-10T14:33:12.222+0000] {dag.py:4180} INFO - Setting next_dagrun for crawl_etl_itjob to 2025-11-10T02:00:00+00:00, run_after=2025-11-11T02:00:00+00:00
[2025-11-10T14:33:12.260+0000] {processor.py:208} INFO - Processing /opt/airflow/dags/Crawl_ETL_ITJob.py took 0.151 seconds
