[2025-11-10T13:30:48.420+0000] {processor.py:186} INFO - Started process (PID=39) to work on /opt/airflow/dags/system_dag.py
[2025-11-10T13:30:48.421+0000] {processor.py:914} INFO - Processing file /opt/airflow/dags/system_dag.py for tasks to queue
[2025-11-10T13:30:48.423+0000] {logging_mixin.py:190} INFO - [2025-11-10T13:30:48.423+0000] {dagbag.py:588} INFO - Filling up the DagBag from /opt/airflow/dags/system_dag.py
[2025-11-10T13:30:48.448+0000] {processor.py:925} INFO - DAG(s) 'system_dag' retrieved from /opt/airflow/dags/system_dag.py
[2025-11-10T13:30:48.514+0000] {logging_mixin.py:190} INFO - [2025-11-10T13:30:48.514+0000] {dag.py:3239} INFO - Sync 1 DAGs
[2025-11-10T13:30:48.573+0000] {logging_mixin.py:190} INFO - [2025-11-10T13:30:48.572+0000] {dag.py:4180} INFO - Setting next_dagrun for system_dag to 2025-11-09T00:00:00+00:00, run_after=2025-11-10T00:00:00+00:00
[2025-11-10T13:30:48.618+0000] {processor.py:208} INFO - Processing /opt/airflow/dags/system_dag.py took 0.205 seconds
[2025-11-10T13:31:19.025+0000] {processor.py:186} INFO - Started process (PID=43) to work on /opt/airflow/dags/system_dag.py
[2025-11-10T13:31:19.039+0000] {processor.py:914} INFO - Processing file /opt/airflow/dags/system_dag.py for tasks to queue
[2025-11-10T13:31:19.045+0000] {logging_mixin.py:190} INFO - [2025-11-10T13:31:19.045+0000] {dagbag.py:588} INFO - Filling up the DagBag from /opt/airflow/dags/system_dag.py
[2025-11-10T13:31:19.069+0000] {processor.py:925} INFO - DAG(s) 'system_dag' retrieved from /opt/airflow/dags/system_dag.py
[2025-11-10T13:31:19.122+0000] {logging_mixin.py:190} INFO - [2025-11-10T13:31:19.122+0000] {dag.py:3239} INFO - Sync 1 DAGs
[2025-11-10T13:31:19.163+0000] {logging_mixin.py:190} INFO - [2025-11-10T13:31:19.163+0000] {dag.py:4180} INFO - Setting next_dagrun for system_dag to 2025-11-09T00:00:00+00:00, run_after=2025-11-10T00:00:00+00:00
[2025-11-10T13:31:19.243+0000] {processor.py:208} INFO - Processing /opt/airflow/dags/system_dag.py took 0.225 seconds
[2025-11-10T13:31:49.477+0000] {processor.py:186} INFO - Started process (PID=47) to work on /opt/airflow/dags/system_dag.py
[2025-11-10T13:31:49.478+0000] {processor.py:914} INFO - Processing file /opt/airflow/dags/system_dag.py for tasks to queue
[2025-11-10T13:31:49.480+0000] {logging_mixin.py:190} INFO - [2025-11-10T13:31:49.480+0000] {dagbag.py:588} INFO - Filling up the DagBag from /opt/airflow/dags/system_dag.py
[2025-11-10T13:31:49.500+0000] {processor.py:925} INFO - DAG(s) 'system_dag' retrieved from /opt/airflow/dags/system_dag.py
[2025-11-10T13:31:49.544+0000] {logging_mixin.py:190} INFO - [2025-11-10T13:31:49.544+0000] {dag.py:3239} INFO - Sync 1 DAGs
[2025-11-10T13:31:49.576+0000] {logging_mixin.py:190} INFO - [2025-11-10T13:31:49.576+0000] {dag.py:4180} INFO - Setting next_dagrun for system_dag to 2025-11-09T00:00:00+00:00, run_after=2025-11-10T00:00:00+00:00
[2025-11-10T13:31:49.602+0000] {processor.py:208} INFO - Processing /opt/airflow/dags/system_dag.py took 0.131 seconds
[2025-11-10T13:32:20.224+0000] {processor.py:186} INFO - Started process (PID=51) to work on /opt/airflow/dags/system_dag.py
[2025-11-10T13:32:20.226+0000] {processor.py:914} INFO - Processing file /opt/airflow/dags/system_dag.py for tasks to queue
[2025-11-10T13:32:20.231+0000] {logging_mixin.py:190} INFO - [2025-11-10T13:32:20.230+0000] {dagbag.py:588} INFO - Filling up the DagBag from /opt/airflow/dags/system_dag.py
[2025-11-10T13:32:20.265+0000] {processor.py:925} INFO - DAG(s) 'system_dag' retrieved from /opt/airflow/dags/system_dag.py
[2025-11-10T13:32:20.326+0000] {logging_mixin.py:190} INFO - [2025-11-10T13:32:20.326+0000] {dag.py:3239} INFO - Sync 1 DAGs
[2025-11-10T13:32:20.367+0000] {logging_mixin.py:190} INFO - [2025-11-10T13:32:20.367+0000] {dag.py:4180} INFO - Setting next_dagrun for system_dag to 2025-11-09T00:00:00+00:00, run_after=2025-11-10T00:00:00+00:00
[2025-11-10T13:32:20.409+0000] {processor.py:208} INFO - Processing /opt/airflow/dags/system_dag.py took 0.193 seconds
[2025-11-10T13:32:50.726+0000] {processor.py:186} INFO - Started process (PID=55) to work on /opt/airflow/dags/system_dag.py
[2025-11-10T13:32:50.727+0000] {processor.py:914} INFO - Processing file /opt/airflow/dags/system_dag.py for tasks to queue
[2025-11-10T13:32:50.729+0000] {logging_mixin.py:190} INFO - [2025-11-10T13:32:50.728+0000] {dagbag.py:588} INFO - Filling up the DagBag from /opt/airflow/dags/system_dag.py
[2025-11-10T13:32:50.754+0000] {processor.py:925} INFO - DAG(s) 'system_dag' retrieved from /opt/airflow/dags/system_dag.py
[2025-11-10T13:32:50.824+0000] {logging_mixin.py:190} INFO - [2025-11-10T13:32:50.824+0000] {dag.py:3239} INFO - Sync 1 DAGs
[2025-11-10T13:32:50.861+0000] {logging_mixin.py:190} INFO - [2025-11-10T13:32:50.861+0000] {dag.py:4180} INFO - Setting next_dagrun for system_dag to 2025-11-09T00:00:00+00:00, run_after=2025-11-10T00:00:00+00:00
[2025-11-10T13:32:50.896+0000] {processor.py:208} INFO - Processing /opt/airflow/dags/system_dag.py took 0.177 seconds
[2025-11-10T13:33:21.254+0000] {processor.py:186} INFO - Started process (PID=59) to work on /opt/airflow/dags/system_dag.py
[2025-11-10T13:33:21.254+0000] {processor.py:914} INFO - Processing file /opt/airflow/dags/system_dag.py for tasks to queue
[2025-11-10T13:33:21.256+0000] {logging_mixin.py:190} INFO - [2025-11-10T13:33:21.256+0000] {dagbag.py:588} INFO - Filling up the DagBag from /opt/airflow/dags/system_dag.py
[2025-11-10T13:33:21.285+0000] {processor.py:925} INFO - DAG(s) 'system_dag' retrieved from /opt/airflow/dags/system_dag.py
[2025-11-10T13:33:21.345+0000] {logging_mixin.py:190} INFO - [2025-11-10T13:33:21.344+0000] {dag.py:3239} INFO - Sync 1 DAGs
[2025-11-10T13:33:21.393+0000] {logging_mixin.py:190} INFO - [2025-11-10T13:33:21.392+0000] {dag.py:4180} INFO - Setting next_dagrun for system_dag to 2025-11-09T00:00:00+00:00, run_after=2025-11-10T00:00:00+00:00
[2025-11-10T13:33:21.428+0000] {processor.py:208} INFO - Processing /opt/airflow/dags/system_dag.py took 0.182 seconds
[2025-11-10T13:33:51.660+0000] {processor.py:186} INFO - Started process (PID=63) to work on /opt/airflow/dags/system_dag.py
[2025-11-10T13:33:51.661+0000] {processor.py:914} INFO - Processing file /opt/airflow/dags/system_dag.py for tasks to queue
[2025-11-10T13:33:51.663+0000] {logging_mixin.py:190} INFO - [2025-11-10T13:33:51.662+0000] {dagbag.py:588} INFO - Filling up the DagBag from /opt/airflow/dags/system_dag.py
[2025-11-10T13:33:51.685+0000] {processor.py:925} INFO - DAG(s) 'system_dag' retrieved from /opt/airflow/dags/system_dag.py
[2025-11-10T13:33:51.732+0000] {logging_mixin.py:190} INFO - [2025-11-10T13:33:51.732+0000] {dag.py:3239} INFO - Sync 1 DAGs
[2025-11-10T13:33:51.773+0000] {logging_mixin.py:190} INFO - [2025-11-10T13:33:51.772+0000] {dag.py:4180} INFO - Setting next_dagrun for system_dag to 2025-11-09T00:00:00+00:00, run_after=2025-11-10T00:00:00+00:00
[2025-11-10T13:33:51.802+0000] {processor.py:208} INFO - Processing /opt/airflow/dags/system_dag.py took 0.149 seconds
[2025-11-10T13:34:22.100+0000] {processor.py:186} INFO - Started process (PID=67) to work on /opt/airflow/dags/system_dag.py
[2025-11-10T13:34:22.101+0000] {processor.py:914} INFO - Processing file /opt/airflow/dags/system_dag.py for tasks to queue
[2025-11-10T13:34:22.103+0000] {logging_mixin.py:190} INFO - [2025-11-10T13:34:22.103+0000] {dagbag.py:588} INFO - Filling up the DagBag from /opt/airflow/dags/system_dag.py
[2025-11-10T13:34:22.139+0000] {processor.py:925} INFO - DAG(s) 'system_dag' retrieved from /opt/airflow/dags/system_dag.py
[2025-11-10T13:34:22.205+0000] {logging_mixin.py:190} INFO - [2025-11-10T13:34:22.204+0000] {dag.py:3239} INFO - Sync 1 DAGs
[2025-11-10T13:34:22.259+0000] {logging_mixin.py:190} INFO - [2025-11-10T13:34:22.259+0000] {dag.py:4180} INFO - Setting next_dagrun for system_dag to 2025-11-09T00:00:00+00:00, run_after=2025-11-10T00:00:00+00:00
[2025-11-10T13:34:22.300+0000] {processor.py:208} INFO - Processing /opt/airflow/dags/system_dag.py took 0.208 seconds
[2025-11-10T13:34:52.727+0000] {processor.py:186} INFO - Started process (PID=71) to work on /opt/airflow/dags/system_dag.py
[2025-11-10T13:34:52.727+0000] {processor.py:914} INFO - Processing file /opt/airflow/dags/system_dag.py for tasks to queue
[2025-11-10T13:34:52.729+0000] {logging_mixin.py:190} INFO - [2025-11-10T13:34:52.729+0000] {dagbag.py:588} INFO - Filling up the DagBag from /opt/airflow/dags/system_dag.py
[2025-11-10T13:34:52.759+0000] {processor.py:925} INFO - DAG(s) 'system_dag' retrieved from /opt/airflow/dags/system_dag.py
[2025-11-10T13:34:52.840+0000] {logging_mixin.py:190} INFO - [2025-11-10T13:34:52.840+0000] {dag.py:3239} INFO - Sync 1 DAGs
[2025-11-10T13:34:52.901+0000] {logging_mixin.py:190} INFO - [2025-11-10T13:34:52.901+0000] {dag.py:4180} INFO - Setting next_dagrun for system_dag to 2025-11-09T00:00:00+00:00, run_after=2025-11-10T00:00:00+00:00
[2025-11-10T13:34:52.948+0000] {processor.py:208} INFO - Processing /opt/airflow/dags/system_dag.py took 0.231 seconds
[2025-11-10T13:35:23.170+0000] {processor.py:186} INFO - Started process (PID=75) to work on /opt/airflow/dags/system_dag.py
[2025-11-10T13:35:23.170+0000] {processor.py:914} INFO - Processing file /opt/airflow/dags/system_dag.py for tasks to queue
[2025-11-10T13:35:23.172+0000] {logging_mixin.py:190} INFO - [2025-11-10T13:35:23.172+0000] {dagbag.py:588} INFO - Filling up the DagBag from /opt/airflow/dags/system_dag.py
[2025-11-10T13:35:23.193+0000] {processor.py:925} INFO - DAG(s) 'system_dag' retrieved from /opt/airflow/dags/system_dag.py
[2025-11-10T13:35:23.233+0000] {logging_mixin.py:190} INFO - [2025-11-10T13:35:23.233+0000] {dag.py:3239} INFO - Sync 1 DAGs
[2025-11-10T13:35:23.270+0000] {logging_mixin.py:190} INFO - [2025-11-10T13:35:23.270+0000] {dag.py:4180} INFO - Setting next_dagrun for system_dag to 2025-11-09T00:00:00+00:00, run_after=2025-11-10T00:00:00+00:00
[2025-11-10T13:35:23.295+0000] {processor.py:208} INFO - Processing /opt/airflow/dags/system_dag.py took 0.131 seconds
[2025-11-10T13:35:53.510+0000] {processor.py:186} INFO - Started process (PID=79) to work on /opt/airflow/dags/system_dag.py
[2025-11-10T13:35:53.511+0000] {processor.py:914} INFO - Processing file /opt/airflow/dags/system_dag.py for tasks to queue
[2025-11-10T13:35:53.513+0000] {logging_mixin.py:190} INFO - [2025-11-10T13:35:53.512+0000] {dagbag.py:588} INFO - Filling up the DagBag from /opt/airflow/dags/system_dag.py
[2025-11-10T13:35:53.541+0000] {processor.py:925} INFO - DAG(s) 'system_dag' retrieved from /opt/airflow/dags/system_dag.py
[2025-11-10T13:35:53.589+0000] {logging_mixin.py:190} INFO - [2025-11-10T13:35:53.589+0000] {dag.py:3239} INFO - Sync 1 DAGs
[2025-11-10T13:35:53.625+0000] {logging_mixin.py:190} INFO - [2025-11-10T13:35:53.625+0000] {dag.py:4180} INFO - Setting next_dagrun for system_dag to 2025-11-09T00:00:00+00:00, run_after=2025-11-10T00:00:00+00:00
[2025-11-10T13:35:53.651+0000] {processor.py:208} INFO - Processing /opt/airflow/dags/system_dag.py took 0.148 seconds
[2025-11-10T13:36:26.984+0000] {processor.py:186} INFO - Started process (PID=83) to work on /opt/airflow/dags/system_dag.py
[2025-11-10T13:36:26.984+0000] {processor.py:914} INFO - Processing file /opt/airflow/dags/system_dag.py for tasks to queue
[2025-11-10T13:36:26.986+0000] {logging_mixin.py:190} INFO - [2025-11-10T13:36:26.986+0000] {dagbag.py:588} INFO - Filling up the DagBag from /opt/airflow/dags/system_dag.py
[2025-11-10T13:36:27.016+0000] {processor.py:925} INFO - DAG(s) 'system_dag' retrieved from /opt/airflow/dags/system_dag.py
[2025-11-10T13:36:27.078+0000] {logging_mixin.py:190} INFO - [2025-11-10T13:36:27.078+0000] {dag.py:3239} INFO - Sync 1 DAGs
[2025-11-10T13:36:27.124+0000] {logging_mixin.py:190} INFO - [2025-11-10T13:36:27.124+0000] {dag.py:4180} INFO - Setting next_dagrun for system_dag to 2025-11-09T00:00:00+00:00, run_after=2025-11-10T00:00:00+00:00
[2025-11-10T13:36:27.164+0000] {processor.py:208} INFO - Processing /opt/airflow/dags/system_dag.py took 0.188 seconds
[2025-11-10T13:36:59.521+0000] {processor.py:186} INFO - Started process (PID=87) to work on /opt/airflow/dags/system_dag.py
[2025-11-10T13:36:59.523+0000] {processor.py:914} INFO - Processing file /opt/airflow/dags/system_dag.py for tasks to queue
[2025-11-10T13:36:59.525+0000] {logging_mixin.py:190} INFO - [2025-11-10T13:36:59.525+0000] {dagbag.py:588} INFO - Filling up the DagBag from /opt/airflow/dags/system_dag.py
[2025-11-10T13:36:59.548+0000] {processor.py:925} INFO - DAG(s) 'system_dag' retrieved from /opt/airflow/dags/system_dag.py
[2025-11-10T13:36:59.602+0000] {logging_mixin.py:190} INFO - [2025-11-10T13:36:59.602+0000] {dag.py:3239} INFO - Sync 1 DAGs
[2025-11-10T13:36:59.660+0000] {logging_mixin.py:190} INFO - [2025-11-10T13:36:59.660+0000] {dag.py:4180} INFO - Setting next_dagrun for system_dag to 2025-11-09T00:00:00+00:00, run_after=2025-11-10T00:00:00+00:00
[2025-11-10T13:36:59.728+0000] {processor.py:208} INFO - Processing /opt/airflow/dags/system_dag.py took 0.217 seconds
[2025-11-10T13:37:31.986+0000] {processor.py:186} INFO - Started process (PID=91) to work on /opt/airflow/dags/system_dag.py
[2025-11-10T13:37:31.987+0000] {processor.py:914} INFO - Processing file /opt/airflow/dags/system_dag.py for tasks to queue
[2025-11-10T13:37:31.991+0000] {logging_mixin.py:190} INFO - [2025-11-10T13:37:31.990+0000] {dagbag.py:588} INFO - Filling up the DagBag from /opt/airflow/dags/system_dag.py
[2025-11-10T13:37:32.016+0000] {processor.py:925} INFO - DAG(s) 'system_dag' retrieved from /opt/airflow/dags/system_dag.py
[2025-11-10T13:37:32.064+0000] {logging_mixin.py:190} INFO - [2025-11-10T13:37:32.063+0000] {dag.py:3239} INFO - Sync 1 DAGs
[2025-11-10T13:37:32.124+0000] {logging_mixin.py:190} INFO - [2025-11-10T13:37:32.123+0000] {dag.py:4180} INFO - Setting next_dagrun for system_dag to 2025-11-09T00:00:00+00:00, run_after=2025-11-10T00:00:00+00:00
[2025-11-10T13:37:32.157+0000] {processor.py:208} INFO - Processing /opt/airflow/dags/system_dag.py took 0.179 seconds
[2025-11-10T13:38:04.464+0000] {processor.py:186} INFO - Started process (PID=95) to work on /opt/airflow/dags/system_dag.py
[2025-11-10T13:38:04.464+0000] {processor.py:914} INFO - Processing file /opt/airflow/dags/system_dag.py for tasks to queue
[2025-11-10T13:38:04.466+0000] {logging_mixin.py:190} INFO - [2025-11-10T13:38:04.466+0000] {dagbag.py:588} INFO - Filling up the DagBag from /opt/airflow/dags/system_dag.py
[2025-11-10T13:38:04.490+0000] {processor.py:925} INFO - DAG(s) 'system_dag' retrieved from /opt/airflow/dags/system_dag.py
[2025-11-10T13:38:04.545+0000] {logging_mixin.py:190} INFO - [2025-11-10T13:38:04.545+0000] {dag.py:3239} INFO - Sync 1 DAGs
[2025-11-10T13:38:04.592+0000] {logging_mixin.py:190} INFO - [2025-11-10T13:38:04.591+0000] {dag.py:4180} INFO - Setting next_dagrun for system_dag to 2025-11-09T00:00:00+00:00, run_after=2025-11-10T00:00:00+00:00
[2025-11-10T13:38:04.635+0000] {processor.py:208} INFO - Processing /opt/airflow/dags/system_dag.py took 0.181 seconds
[2025-11-10T13:38:37.952+0000] {processor.py:186} INFO - Started process (PID=99) to work on /opt/airflow/dags/system_dag.py
[2025-11-10T13:38:37.953+0000] {processor.py:914} INFO - Processing file /opt/airflow/dags/system_dag.py for tasks to queue
[2025-11-10T13:38:37.956+0000] {logging_mixin.py:190} INFO - [2025-11-10T13:38:37.956+0000] {dagbag.py:588} INFO - Filling up the DagBag from /opt/airflow/dags/system_dag.py
[2025-11-10T13:38:37.985+0000] {processor.py:925} INFO - DAG(s) 'system_dag' retrieved from /opt/airflow/dags/system_dag.py
[2025-11-10T13:38:38.037+0000] {logging_mixin.py:190} INFO - [2025-11-10T13:38:38.036+0000] {dag.py:3239} INFO - Sync 1 DAGs
[2025-11-10T13:38:38.079+0000] {logging_mixin.py:190} INFO - [2025-11-10T13:38:38.079+0000] {dag.py:4180} INFO - Setting next_dagrun for system_dag to 2025-11-09T00:00:00+00:00, run_after=2025-11-10T00:00:00+00:00
[2025-11-10T13:38:38.109+0000] {processor.py:208} INFO - Processing /opt/airflow/dags/system_dag.py took 0.168 seconds
[2025-11-10T13:39:08.840+0000] {processor.py:186} INFO - Started process (PID=103) to work on /opt/airflow/dags/system_dag.py
[2025-11-10T13:39:08.841+0000] {processor.py:914} INFO - Processing file /opt/airflow/dags/system_dag.py for tasks to queue
[2025-11-10T13:39:08.844+0000] {logging_mixin.py:190} INFO - [2025-11-10T13:39:08.843+0000] {dagbag.py:588} INFO - Filling up the DagBag from /opt/airflow/dags/system_dag.py
[2025-11-10T13:39:08.865+0000] {processor.py:925} INFO - DAG(s) 'system_dag' retrieved from /opt/airflow/dags/system_dag.py
[2025-11-10T13:39:08.907+0000] {logging_mixin.py:190} INFO - [2025-11-10T13:39:08.907+0000] {dag.py:3239} INFO - Sync 1 DAGs
[2025-11-10T13:39:08.952+0000] {logging_mixin.py:190} INFO - [2025-11-10T13:39:08.951+0000] {dag.py:4180} INFO - Setting next_dagrun for system_dag to 2025-11-09T00:00:00+00:00, run_after=2025-11-10T00:00:00+00:00
[2025-11-10T13:39:08.989+0000] {processor.py:208} INFO - Processing /opt/airflow/dags/system_dag.py took 0.157 seconds
[2025-11-10T13:39:39.539+0000] {processor.py:186} INFO - Started process (PID=107) to work on /opt/airflow/dags/system_dag.py
[2025-11-10T13:39:39.540+0000] {processor.py:914} INFO - Processing file /opt/airflow/dags/system_dag.py for tasks to queue
[2025-11-10T13:39:39.543+0000] {logging_mixin.py:190} INFO - [2025-11-10T13:39:39.542+0000] {dagbag.py:588} INFO - Filling up the DagBag from /opt/airflow/dags/system_dag.py
[2025-11-10T13:39:39.584+0000] {processor.py:925} INFO - DAG(s) 'system_dag' retrieved from /opt/airflow/dags/system_dag.py
[2025-11-10T13:39:39.660+0000] {logging_mixin.py:190} INFO - [2025-11-10T13:39:39.660+0000] {dag.py:3239} INFO - Sync 1 DAGs
[2025-11-10T13:39:39.729+0000] {logging_mixin.py:190} INFO - [2025-11-10T13:39:39.728+0000] {dag.py:4180} INFO - Setting next_dagrun for system_dag to 2025-11-09T00:00:00+00:00, run_after=2025-11-10T00:00:00+00:00
[2025-11-10T13:39:39.771+0000] {processor.py:208} INFO - Processing /opt/airflow/dags/system_dag.py took 0.246 seconds
[2025-11-10T13:40:10.761+0000] {processor.py:186} INFO - Started process (PID=111) to work on /opt/airflow/dags/system_dag.py
[2025-11-10T13:40:10.762+0000] {processor.py:914} INFO - Processing file /opt/airflow/dags/system_dag.py for tasks to queue
[2025-11-10T13:40:10.764+0000] {logging_mixin.py:190} INFO - [2025-11-10T13:40:10.763+0000] {dagbag.py:588} INFO - Filling up the DagBag from /opt/airflow/dags/system_dag.py
[2025-11-10T13:40:10.789+0000] {processor.py:925} INFO - DAG(s) 'system_dag' retrieved from /opt/airflow/dags/system_dag.py
[2025-11-10T13:40:10.846+0000] {logging_mixin.py:190} INFO - [2025-11-10T13:40:10.845+0000] {dag.py:3239} INFO - Sync 1 DAGs
[2025-11-10T13:40:10.893+0000] {logging_mixin.py:190} INFO - [2025-11-10T13:40:10.893+0000] {dag.py:4180} INFO - Setting next_dagrun for system_dag to 2025-11-09T00:00:00+00:00, run_after=2025-11-10T00:00:00+00:00
[2025-11-10T13:40:10.944+0000] {processor.py:208} INFO - Processing /opt/airflow/dags/system_dag.py took 0.191 seconds
[2025-11-10T13:40:41.158+0000] {processor.py:186} INFO - Started process (PID=115) to work on /opt/airflow/dags/system_dag.py
[2025-11-10T13:40:41.159+0000] {processor.py:914} INFO - Processing file /opt/airflow/dags/system_dag.py for tasks to queue
[2025-11-10T13:40:41.160+0000] {logging_mixin.py:190} INFO - [2025-11-10T13:40:41.160+0000] {dagbag.py:588} INFO - Filling up the DagBag from /opt/airflow/dags/system_dag.py
[2025-11-10T13:40:41.181+0000] {processor.py:925} INFO - DAG(s) 'system_dag' retrieved from /opt/airflow/dags/system_dag.py
[2025-11-10T13:40:41.223+0000] {logging_mixin.py:190} INFO - [2025-11-10T13:40:41.223+0000] {dag.py:3239} INFO - Sync 1 DAGs
[2025-11-10T13:40:41.255+0000] {logging_mixin.py:190} INFO - [2025-11-10T13:40:41.255+0000] {dag.py:4180} INFO - Setting next_dagrun for system_dag to 2025-11-09T00:00:00+00:00, run_after=2025-11-10T00:00:00+00:00
[2025-11-10T13:40:41.278+0000] {processor.py:208} INFO - Processing /opt/airflow/dags/system_dag.py took 0.127 seconds
[2025-11-10T13:41:11.480+0000] {processor.py:186} INFO - Started process (PID=119) to work on /opt/airflow/dags/system_dag.py
[2025-11-10T13:41:11.482+0000] {processor.py:914} INFO - Processing file /opt/airflow/dags/system_dag.py for tasks to queue
[2025-11-10T13:41:11.484+0000] {logging_mixin.py:190} INFO - [2025-11-10T13:41:11.483+0000] {dagbag.py:588} INFO - Filling up the DagBag from /opt/airflow/dags/system_dag.py
[2025-11-10T13:41:11.507+0000] {processor.py:925} INFO - DAG(s) 'system_dag' retrieved from /opt/airflow/dags/system_dag.py
[2025-11-10T13:41:11.550+0000] {logging_mixin.py:190} INFO - [2025-11-10T13:41:11.550+0000] {dag.py:3239} INFO - Sync 1 DAGs
[2025-11-10T13:41:11.584+0000] {logging_mixin.py:190} INFO - [2025-11-10T13:41:11.584+0000] {dag.py:4180} INFO - Setting next_dagrun for system_dag to 2025-11-09T00:00:00+00:00, run_after=2025-11-10T00:00:00+00:00
[2025-11-10T13:41:11.609+0000] {processor.py:208} INFO - Processing /opt/airflow/dags/system_dag.py took 0.139 seconds
[2025-11-10T13:41:41.914+0000] {processor.py:186} INFO - Started process (PID=123) to work on /opt/airflow/dags/system_dag.py
[2025-11-10T13:41:41.915+0000] {processor.py:914} INFO - Processing file /opt/airflow/dags/system_dag.py for tasks to queue
[2025-11-10T13:41:41.917+0000] {logging_mixin.py:190} INFO - [2025-11-10T13:41:41.917+0000] {dagbag.py:588} INFO - Filling up the DagBag from /opt/airflow/dags/system_dag.py
[2025-11-10T13:41:41.949+0000] {processor.py:925} INFO - DAG(s) 'system_dag' retrieved from /opt/airflow/dags/system_dag.py
[2025-11-10T13:41:42.000+0000] {logging_mixin.py:190} INFO - [2025-11-10T13:41:42.000+0000] {dag.py:3239} INFO - Sync 1 DAGs
[2025-11-10T13:41:42.036+0000] {logging_mixin.py:190} INFO - [2025-11-10T13:41:42.036+0000] {dag.py:4180} INFO - Setting next_dagrun for system_dag to 2025-11-09T00:00:00+00:00, run_after=2025-11-10T00:00:00+00:00
[2025-11-10T13:41:42.069+0000] {processor.py:208} INFO - Processing /opt/airflow/dags/system_dag.py took 0.162 seconds
[2025-11-10T13:42:12.397+0000] {processor.py:186} INFO - Started process (PID=127) to work on /opt/airflow/dags/system_dag.py
[2025-11-10T13:42:12.398+0000] {processor.py:914} INFO - Processing file /opt/airflow/dags/system_dag.py for tasks to queue
[2025-11-10T13:42:12.401+0000] {logging_mixin.py:190} INFO - [2025-11-10T13:42:12.400+0000] {dagbag.py:588} INFO - Filling up the DagBag from /opt/airflow/dags/system_dag.py
[2025-11-10T13:42:12.430+0000] {processor.py:925} INFO - DAG(s) 'system_dag' retrieved from /opt/airflow/dags/system_dag.py
[2025-11-10T13:42:12.490+0000] {logging_mixin.py:190} INFO - [2025-11-10T13:42:12.490+0000] {dag.py:3239} INFO - Sync 1 DAGs
[2025-11-10T13:42:12.543+0000] {logging_mixin.py:190} INFO - [2025-11-10T13:42:12.542+0000] {dag.py:4180} INFO - Setting next_dagrun for system_dag to 2025-11-09T00:00:00+00:00, run_after=2025-11-10T00:00:00+00:00
[2025-11-10T13:42:12.580+0000] {processor.py:208} INFO - Processing /opt/airflow/dags/system_dag.py took 0.195 seconds
[2025-11-10T13:42:42.910+0000] {processor.py:186} INFO - Started process (PID=131) to work on /opt/airflow/dags/system_dag.py
[2025-11-10T13:42:42.911+0000] {processor.py:914} INFO - Processing file /opt/airflow/dags/system_dag.py for tasks to queue
[2025-11-10T13:42:42.913+0000] {logging_mixin.py:190} INFO - [2025-11-10T13:42:42.912+0000] {dagbag.py:588} INFO - Filling up the DagBag from /opt/airflow/dags/system_dag.py
[2025-11-10T13:42:42.935+0000] {processor.py:925} INFO - DAG(s) 'system_dag' retrieved from /opt/airflow/dags/system_dag.py
[2025-11-10T13:42:42.980+0000] {logging_mixin.py:190} INFO - [2025-11-10T13:42:42.979+0000] {dag.py:3239} INFO - Sync 1 DAGs
[2025-11-10T13:42:43.014+0000] {logging_mixin.py:190} INFO - [2025-11-10T13:42:43.014+0000] {dag.py:4180} INFO - Setting next_dagrun for system_dag to 2025-11-09T00:00:00+00:00, run_after=2025-11-10T00:00:00+00:00
[2025-11-10T13:42:43.038+0000] {processor.py:208} INFO - Processing /opt/airflow/dags/system_dag.py took 0.138 seconds
[2025-11-10T13:43:13.257+0000] {processor.py:186} INFO - Started process (PID=135) to work on /opt/airflow/dags/system_dag.py
[2025-11-10T13:43:13.258+0000] {processor.py:914} INFO - Processing file /opt/airflow/dags/system_dag.py for tasks to queue
[2025-11-10T13:43:13.259+0000] {logging_mixin.py:190} INFO - [2025-11-10T13:43:13.259+0000] {dagbag.py:588} INFO - Filling up the DagBag from /opt/airflow/dags/system_dag.py
[2025-11-10T13:43:13.281+0000] {processor.py:925} INFO - DAG(s) 'system_dag' retrieved from /opt/airflow/dags/system_dag.py
[2025-11-10T13:43:13.326+0000] {logging_mixin.py:190} INFO - [2025-11-10T13:43:13.325+0000] {dag.py:3239} INFO - Sync 1 DAGs
[2025-11-10T13:43:13.365+0000] {logging_mixin.py:190} INFO - [2025-11-10T13:43:13.364+0000] {dag.py:4180} INFO - Setting next_dagrun for system_dag to 2025-11-09T00:00:00+00:00, run_after=2025-11-10T00:00:00+00:00
[2025-11-10T13:43:13.390+0000] {processor.py:208} INFO - Processing /opt/airflow/dags/system_dag.py took 0.141 seconds
[2025-11-10T13:43:43.572+0000] {processor.py:186} INFO - Started process (PID=139) to work on /opt/airflow/dags/system_dag.py
[2025-11-10T13:43:43.573+0000] {processor.py:914} INFO - Processing file /opt/airflow/dags/system_dag.py for tasks to queue
[2025-11-10T13:43:43.575+0000] {logging_mixin.py:190} INFO - [2025-11-10T13:43:43.574+0000] {dagbag.py:588} INFO - Filling up the DagBag from /opt/airflow/dags/system_dag.py
[2025-11-10T13:43:43.610+0000] {processor.py:925} INFO - DAG(s) 'system_dag' retrieved from /opt/airflow/dags/system_dag.py
[2025-11-10T13:43:43.662+0000] {logging_mixin.py:190} INFO - [2025-11-10T13:43:43.662+0000] {dag.py:3239} INFO - Sync 1 DAGs
[2025-11-10T13:43:43.714+0000] {logging_mixin.py:190} INFO - [2025-11-10T13:43:43.714+0000] {dag.py:4180} INFO - Setting next_dagrun for system_dag to 2025-11-09T00:00:00+00:00, run_after=2025-11-10T00:00:00+00:00
[2025-11-10T13:43:43.771+0000] {processor.py:208} INFO - Processing /opt/airflow/dags/system_dag.py took 0.209 seconds
[2025-11-10T13:44:14.102+0000] {processor.py:186} INFO - Started process (PID=143) to work on /opt/airflow/dags/system_dag.py
[2025-11-10T13:44:14.103+0000] {processor.py:914} INFO - Processing file /opt/airflow/dags/system_dag.py for tasks to queue
[2025-11-10T13:44:14.104+0000] {logging_mixin.py:190} INFO - [2025-11-10T13:44:14.104+0000] {dagbag.py:588} INFO - Filling up the DagBag from /opt/airflow/dags/system_dag.py
[2025-11-10T13:44:14.128+0000] {processor.py:925} INFO - DAG(s) 'system_dag' retrieved from /opt/airflow/dags/system_dag.py
[2025-11-10T13:44:14.184+0000] {logging_mixin.py:190} INFO - [2025-11-10T13:44:14.184+0000] {dag.py:3239} INFO - Sync 1 DAGs
[2025-11-10T13:44:14.229+0000] {logging_mixin.py:190} INFO - [2025-11-10T13:44:14.229+0000] {dag.py:4180} INFO - Setting next_dagrun for system_dag to 2025-11-09T00:00:00+00:00, run_after=2025-11-10T00:00:00+00:00
[2025-11-10T13:44:14.276+0000] {processor.py:208} INFO - Processing /opt/airflow/dags/system_dag.py took 0.185 seconds
[2025-11-10T13:44:44.499+0000] {processor.py:186} INFO - Started process (PID=147) to work on /opt/airflow/dags/system_dag.py
[2025-11-10T13:44:44.500+0000] {processor.py:914} INFO - Processing file /opt/airflow/dags/system_dag.py for tasks to queue
[2025-11-10T13:44:44.502+0000] {logging_mixin.py:190} INFO - [2025-11-10T13:44:44.501+0000] {dagbag.py:588} INFO - Filling up the DagBag from /opt/airflow/dags/system_dag.py
[2025-11-10T13:44:44.522+0000] {processor.py:925} INFO - DAG(s) 'system_dag' retrieved from /opt/airflow/dags/system_dag.py
[2025-11-10T13:44:44.564+0000] {logging_mixin.py:190} INFO - [2025-11-10T13:44:44.564+0000] {dag.py:3239} INFO - Sync 1 DAGs
[2025-11-10T13:44:44.598+0000] {logging_mixin.py:190} INFO - [2025-11-10T13:44:44.598+0000] {dag.py:4180} INFO - Setting next_dagrun for system_dag to 2025-11-09T00:00:00+00:00, run_after=2025-11-10T00:00:00+00:00
[2025-11-10T13:44:44.634+0000] {processor.py:208} INFO - Processing /opt/airflow/dags/system_dag.py took 0.141 seconds
[2025-11-10T13:45:14.833+0000] {processor.py:186} INFO - Started process (PID=151) to work on /opt/airflow/dags/system_dag.py
[2025-11-10T13:45:14.834+0000] {processor.py:914} INFO - Processing file /opt/airflow/dags/system_dag.py for tasks to queue
[2025-11-10T13:45:14.837+0000] {logging_mixin.py:190} INFO - [2025-11-10T13:45:14.836+0000] {dagbag.py:588} INFO - Filling up the DagBag from /opt/airflow/dags/system_dag.py
[2025-11-10T13:45:14.862+0000] {processor.py:925} INFO - DAG(s) 'system_dag' retrieved from /opt/airflow/dags/system_dag.py
[2025-11-10T13:45:14.916+0000] {logging_mixin.py:190} INFO - [2025-11-10T13:45:14.916+0000] {dag.py:3239} INFO - Sync 1 DAGs
[2025-11-10T13:45:14.984+0000] {logging_mixin.py:190} INFO - [2025-11-10T13:45:14.983+0000] {dag.py:4180} INFO - Setting next_dagrun for system_dag to 2025-11-09T00:00:00+00:00, run_after=2025-11-10T00:00:00+00:00
[2025-11-10T13:45:15.021+0000] {processor.py:208} INFO - Processing /opt/airflow/dags/system_dag.py took 0.197 seconds
[2025-11-10T13:45:45.296+0000] {processor.py:186} INFO - Started process (PID=155) to work on /opt/airflow/dags/system_dag.py
[2025-11-10T13:45:45.298+0000] {processor.py:914} INFO - Processing file /opt/airflow/dags/system_dag.py for tasks to queue
[2025-11-10T13:45:45.301+0000] {logging_mixin.py:190} INFO - [2025-11-10T13:45:45.301+0000] {dagbag.py:588} INFO - Filling up the DagBag from /opt/airflow/dags/system_dag.py
[2025-11-10T13:45:45.328+0000] {processor.py:925} INFO - DAG(s) 'system_dag' retrieved from /opt/airflow/dags/system_dag.py
[2025-11-10T13:45:45.379+0000] {logging_mixin.py:190} INFO - [2025-11-10T13:45:45.379+0000] {dag.py:3239} INFO - Sync 1 DAGs
[2025-11-10T13:45:45.419+0000] {logging_mixin.py:190} INFO - [2025-11-10T13:45:45.419+0000] {dag.py:4180} INFO - Setting next_dagrun for system_dag to 2025-11-09T00:00:00+00:00, run_after=2025-11-10T00:00:00+00:00
[2025-11-10T13:45:45.448+0000] {processor.py:208} INFO - Processing /opt/airflow/dags/system_dag.py took 0.163 seconds
[2025-11-10T13:46:15.718+0000] {processor.py:186} INFO - Started process (PID=159) to work on /opt/airflow/dags/system_dag.py
[2025-11-10T13:46:15.719+0000] {processor.py:914} INFO - Processing file /opt/airflow/dags/system_dag.py for tasks to queue
[2025-11-10T13:46:15.720+0000] {logging_mixin.py:190} INFO - [2025-11-10T13:46:15.720+0000] {dagbag.py:588} INFO - Filling up the DagBag from /opt/airflow/dags/system_dag.py
[2025-11-10T13:46:15.744+0000] {processor.py:925} INFO - DAG(s) 'system_dag' retrieved from /opt/airflow/dags/system_dag.py
[2025-11-10T13:46:15.791+0000] {logging_mixin.py:190} INFO - [2025-11-10T13:46:15.791+0000] {dag.py:3239} INFO - Sync 1 DAGs
[2025-11-10T13:46:15.832+0000] {logging_mixin.py:190} INFO - [2025-11-10T13:46:15.832+0000] {dag.py:4180} INFO - Setting next_dagrun for system_dag to 2025-11-09T00:00:00+00:00, run_after=2025-11-10T00:00:00+00:00
[2025-11-10T13:46:15.865+0000] {processor.py:208} INFO - Processing /opt/airflow/dags/system_dag.py took 0.158 seconds
[2025-11-10T13:46:48.226+0000] {processor.py:186} INFO - Started process (PID=163) to work on /opt/airflow/dags/system_dag.py
[2025-11-10T13:46:48.227+0000] {processor.py:914} INFO - Processing file /opt/airflow/dags/system_dag.py for tasks to queue
[2025-11-10T13:46:48.228+0000] {logging_mixin.py:190} INFO - [2025-11-10T13:46:48.228+0000] {dagbag.py:588} INFO - Filling up the DagBag from /opt/airflow/dags/system_dag.py
[2025-11-10T13:46:48.246+0000] {processor.py:925} INFO - DAG(s) 'system_dag' retrieved from /opt/airflow/dags/system_dag.py
[2025-11-10T13:46:48.290+0000] {logging_mixin.py:190} INFO - [2025-11-10T13:46:48.290+0000] {dag.py:3239} INFO - Sync 1 DAGs
[2025-11-10T13:46:48.322+0000] {logging_mixin.py:190} INFO - [2025-11-10T13:46:48.321+0000] {dag.py:4180} INFO - Setting next_dagrun for system_dag to 2025-11-09T00:00:00+00:00, run_after=2025-11-10T00:00:00+00:00
[2025-11-10T13:46:48.347+0000] {processor.py:208} INFO - Processing /opt/airflow/dags/system_dag.py took 0.127 seconds
[2025-11-10T13:47:21.574+0000] {processor.py:186} INFO - Started process (PID=167) to work on /opt/airflow/dags/system_dag.py
[2025-11-10T13:47:21.575+0000] {processor.py:914} INFO - Processing file /opt/airflow/dags/system_dag.py for tasks to queue
[2025-11-10T13:47:21.576+0000] {logging_mixin.py:190} INFO - [2025-11-10T13:47:21.576+0000] {dagbag.py:588} INFO - Filling up the DagBag from /opt/airflow/dags/system_dag.py
[2025-11-10T13:47:21.597+0000] {processor.py:925} INFO - DAG(s) 'system_dag' retrieved from /opt/airflow/dags/system_dag.py
[2025-11-10T13:47:21.640+0000] {logging_mixin.py:190} INFO - [2025-11-10T13:47:21.640+0000] {dag.py:3239} INFO - Sync 1 DAGs
[2025-11-10T13:47:21.676+0000] {logging_mixin.py:190} INFO - [2025-11-10T13:47:21.675+0000] {dag.py:4180} INFO - Setting next_dagrun for system_dag to 2025-11-09T00:00:00+00:00, run_after=2025-11-10T00:00:00+00:00
[2025-11-10T13:47:21.700+0000] {processor.py:208} INFO - Processing /opt/airflow/dags/system_dag.py took 0.134 seconds
[2025-11-10T13:47:53.926+0000] {processor.py:186} INFO - Started process (PID=171) to work on /opt/airflow/dags/system_dag.py
[2025-11-10T13:47:53.927+0000] {processor.py:914} INFO - Processing file /opt/airflow/dags/system_dag.py for tasks to queue
[2025-11-10T13:47:53.928+0000] {logging_mixin.py:190} INFO - [2025-11-10T13:47:53.928+0000] {dagbag.py:588} INFO - Filling up the DagBag from /opt/airflow/dags/system_dag.py
[2025-11-10T13:47:53.951+0000] {processor.py:925} INFO - DAG(s) 'system_dag' retrieved from /opt/airflow/dags/system_dag.py
[2025-11-10T13:47:53.996+0000] {logging_mixin.py:190} INFO - [2025-11-10T13:47:53.996+0000] {dag.py:3239} INFO - Sync 1 DAGs
[2025-11-10T13:47:54.033+0000] {logging_mixin.py:190} INFO - [2025-11-10T13:47:54.033+0000] {dag.py:4180} INFO - Setting next_dagrun for system_dag to 2025-11-09T00:00:00+00:00, run_after=2025-11-10T00:00:00+00:00
[2025-11-10T13:47:54.071+0000] {processor.py:208} INFO - Processing /opt/airflow/dags/system_dag.py took 0.151 seconds
[2025-11-10T13:48:27.352+0000] {processor.py:186} INFO - Started process (PID=175) to work on /opt/airflow/dags/system_dag.py
[2025-11-10T13:48:27.352+0000] {processor.py:914} INFO - Processing file /opt/airflow/dags/system_dag.py for tasks to queue
[2025-11-10T13:48:27.355+0000] {logging_mixin.py:190} INFO - [2025-11-10T13:48:27.355+0000] {dagbag.py:588} INFO - Filling up the DagBag from /opt/airflow/dags/system_dag.py
[2025-11-10T13:48:27.383+0000] {processor.py:925} INFO - DAG(s) 'system_dag' retrieved from /opt/airflow/dags/system_dag.py
[2025-11-10T13:48:27.439+0000] {logging_mixin.py:190} INFO - [2025-11-10T13:48:27.439+0000] {dag.py:3239} INFO - Sync 1 DAGs
[2025-11-10T13:48:27.484+0000] {logging_mixin.py:190} INFO - [2025-11-10T13:48:27.483+0000] {dag.py:4180} INFO - Setting next_dagrun for system_dag to 2025-11-09T00:00:00+00:00, run_after=2025-11-10T00:00:00+00:00
[2025-11-10T13:48:27.517+0000] {processor.py:208} INFO - Processing /opt/airflow/dags/system_dag.py took 0.173 seconds
[2025-11-10T13:48:59.734+0000] {processor.py:186} INFO - Started process (PID=179) to work on /opt/airflow/dags/system_dag.py
[2025-11-10T13:48:59.735+0000] {processor.py:914} INFO - Processing file /opt/airflow/dags/system_dag.py for tasks to queue
[2025-11-10T13:48:59.737+0000] {logging_mixin.py:190} INFO - [2025-11-10T13:48:59.736+0000] {dagbag.py:588} INFO - Filling up the DagBag from /opt/airflow/dags/system_dag.py
[2025-11-10T13:48:59.767+0000] {processor.py:925} INFO - DAG(s) 'system_dag' retrieved from /opt/airflow/dags/system_dag.py
[2025-11-10T13:48:59.826+0000] {logging_mixin.py:190} INFO - [2025-11-10T13:48:59.826+0000] {dag.py:3239} INFO - Sync 1 DAGs
[2025-11-10T13:48:59.874+0000] {logging_mixin.py:190} INFO - [2025-11-10T13:48:59.874+0000] {dag.py:4180} INFO - Setting next_dagrun for system_dag to 2025-11-09T00:00:00+00:00, run_after=2025-11-10T00:00:00+00:00
[2025-11-10T13:48:59.912+0000] {processor.py:208} INFO - Processing /opt/airflow/dags/system_dag.py took 0.183 seconds
[2025-11-10T13:49:32.159+0000] {processor.py:186} INFO - Started process (PID=183) to work on /opt/airflow/dags/system_dag.py
[2025-11-10T13:49:32.160+0000] {processor.py:914} INFO - Processing file /opt/airflow/dags/system_dag.py for tasks to queue
[2025-11-10T13:49:32.162+0000] {logging_mixin.py:190} INFO - [2025-11-10T13:49:32.161+0000] {dagbag.py:588} INFO - Filling up the DagBag from /opt/airflow/dags/system_dag.py
[2025-11-10T13:49:32.183+0000] {processor.py:925} INFO - DAG(s) 'system_dag' retrieved from /opt/airflow/dags/system_dag.py
[2025-11-10T13:49:32.226+0000] {logging_mixin.py:190} INFO - [2025-11-10T13:49:32.226+0000] {dag.py:3239} INFO - Sync 1 DAGs
[2025-11-10T13:49:32.262+0000] {logging_mixin.py:190} INFO - [2025-11-10T13:49:32.262+0000] {dag.py:4180} INFO - Setting next_dagrun for system_dag to 2025-11-09T00:00:00+00:00, run_after=2025-11-10T00:00:00+00:00
[2025-11-10T13:49:32.289+0000] {processor.py:208} INFO - Processing /opt/airflow/dags/system_dag.py took 0.137 seconds
[2025-11-10T13:50:04.631+0000] {processor.py:186} INFO - Started process (PID=187) to work on /opt/airflow/dags/system_dag.py
[2025-11-10T13:50:04.632+0000] {processor.py:914} INFO - Processing file /opt/airflow/dags/system_dag.py for tasks to queue
[2025-11-10T13:50:04.634+0000] {logging_mixin.py:190} INFO - [2025-11-10T13:50:04.633+0000] {dagbag.py:588} INFO - Filling up the DagBag from /opt/airflow/dags/system_dag.py
[2025-11-10T13:50:04.662+0000] {processor.py:925} INFO - DAG(s) 'system_dag' retrieved from /opt/airflow/dags/system_dag.py
[2025-11-10T13:50:04.719+0000] {logging_mixin.py:190} INFO - [2025-11-10T13:50:04.718+0000] {dag.py:3239} INFO - Sync 1 DAGs
[2025-11-10T13:50:04.772+0000] {logging_mixin.py:190} INFO - [2025-11-10T13:50:04.772+0000] {dag.py:4180} INFO - Setting next_dagrun for system_dag to 2025-11-09T00:00:00+00:00, run_after=2025-11-10T00:00:00+00:00
[2025-11-10T13:50:04.811+0000] {processor.py:208} INFO - Processing /opt/airflow/dags/system_dag.py took 0.192 seconds
[2025-11-10T13:50:38.164+0000] {processor.py:186} INFO - Started process (PID=191) to work on /opt/airflow/dags/system_dag.py
[2025-11-10T13:50:38.164+0000] {processor.py:914} INFO - Processing file /opt/airflow/dags/system_dag.py for tasks to queue
[2025-11-10T13:50:38.166+0000] {logging_mixin.py:190} INFO - [2025-11-10T13:50:38.166+0000] {dagbag.py:588} INFO - Filling up the DagBag from /opt/airflow/dags/system_dag.py
[2025-11-10T13:50:38.188+0000] {processor.py:925} INFO - DAG(s) 'system_dag' retrieved from /opt/airflow/dags/system_dag.py
[2025-11-10T13:50:38.234+0000] {logging_mixin.py:190} INFO - [2025-11-10T13:50:38.234+0000] {dag.py:3239} INFO - Sync 1 DAGs
[2025-11-10T13:50:38.271+0000] {logging_mixin.py:190} INFO - [2025-11-10T13:50:38.271+0000] {dag.py:4180} INFO - Setting next_dagrun for system_dag to 2025-11-09T00:00:00+00:00, run_after=2025-11-10T00:00:00+00:00
[2025-11-10T13:50:38.297+0000] {processor.py:208} INFO - Processing /opt/airflow/dags/system_dag.py took 0.141 seconds
[2025-11-10T13:51:10.681+0000] {processor.py:186} INFO - Started process (PID=195) to work on /opt/airflow/dags/system_dag.py
[2025-11-10T13:51:10.681+0000] {processor.py:914} INFO - Processing file /opt/airflow/dags/system_dag.py for tasks to queue
[2025-11-10T13:51:10.683+0000] {logging_mixin.py:190} INFO - [2025-11-10T13:51:10.683+0000] {dagbag.py:588} INFO - Filling up the DagBag from /opt/airflow/dags/system_dag.py
[2025-11-10T13:51:10.705+0000] {processor.py:925} INFO - DAG(s) 'system_dag' retrieved from /opt/airflow/dags/system_dag.py
[2025-11-10T13:51:10.750+0000] {logging_mixin.py:190} INFO - [2025-11-10T13:51:10.750+0000] {dag.py:3239} INFO - Sync 1 DAGs
[2025-11-10T13:51:10.784+0000] {logging_mixin.py:190} INFO - [2025-11-10T13:51:10.784+0000] {dag.py:4180} INFO - Setting next_dagrun for system_dag to 2025-11-09T00:00:00+00:00, run_after=2025-11-10T00:00:00+00:00
[2025-11-10T13:51:10.809+0000] {processor.py:208} INFO - Processing /opt/airflow/dags/system_dag.py took 0.138 seconds
[2025-11-10T13:51:43.065+0000] {processor.py:186} INFO - Started process (PID=199) to work on /opt/airflow/dags/system_dag.py
[2025-11-10T13:51:43.067+0000] {processor.py:914} INFO - Processing file /opt/airflow/dags/system_dag.py for tasks to queue
[2025-11-10T13:51:43.069+0000] {logging_mixin.py:190} INFO - [2025-11-10T13:51:43.069+0000] {dagbag.py:588} INFO - Filling up the DagBag from /opt/airflow/dags/system_dag.py
[2025-11-10T13:51:43.093+0000] {processor.py:925} INFO - DAG(s) 'system_dag' retrieved from /opt/airflow/dags/system_dag.py
[2025-11-10T13:51:43.147+0000] {logging_mixin.py:190} INFO - [2025-11-10T13:51:43.147+0000] {dag.py:3239} INFO - Sync 1 DAGs
[2025-11-10T13:51:43.206+0000] {logging_mixin.py:190} INFO - [2025-11-10T13:51:43.206+0000] {dag.py:4180} INFO - Setting next_dagrun for system_dag to 2025-11-09T00:00:00+00:00, run_after=2025-11-10T00:00:00+00:00
[2025-11-10T13:51:43.241+0000] {processor.py:208} INFO - Processing /opt/airflow/dags/system_dag.py took 0.183 seconds
[2025-11-10T13:52:15.488+0000] {processor.py:186} INFO - Started process (PID=203) to work on /opt/airflow/dags/system_dag.py
[2025-11-10T13:52:15.489+0000] {processor.py:914} INFO - Processing file /opt/airflow/dags/system_dag.py for tasks to queue
[2025-11-10T13:52:15.491+0000] {logging_mixin.py:190} INFO - [2025-11-10T13:52:15.491+0000] {dagbag.py:588} INFO - Filling up the DagBag from /opt/airflow/dags/system_dag.py
[2025-11-10T13:52:15.512+0000] {processor.py:925} INFO - DAG(s) 'system_dag' retrieved from /opt/airflow/dags/system_dag.py
[2025-11-10T13:52:15.559+0000] {logging_mixin.py:190} INFO - [2025-11-10T13:52:15.558+0000] {dag.py:3239} INFO - Sync 1 DAGs
[2025-11-10T13:52:15.602+0000] {logging_mixin.py:190} INFO - [2025-11-10T13:52:15.602+0000] {dag.py:4180} INFO - Setting next_dagrun for system_dag to 2025-11-09T00:00:00+00:00, run_after=2025-11-10T00:00:00+00:00
[2025-11-10T13:52:15.646+0000] {processor.py:208} INFO - Processing /opt/airflow/dags/system_dag.py took 0.164 seconds
[2025-11-10T13:52:48.225+0000] {processor.py:186} INFO - Started process (PID=207) to work on /opt/airflow/dags/system_dag.py
[2025-11-10T13:52:48.226+0000] {processor.py:914} INFO - Processing file /opt/airflow/dags/system_dag.py for tasks to queue
[2025-11-10T13:52:48.228+0000] {logging_mixin.py:190} INFO - [2025-11-10T13:52:48.227+0000] {dagbag.py:588} INFO - Filling up the DagBag from /opt/airflow/dags/system_dag.py
[2025-11-10T13:52:48.257+0000] {processor.py:925} INFO - DAG(s) 'system_dag' retrieved from /opt/airflow/dags/system_dag.py
[2025-11-10T13:52:48.303+0000] {logging_mixin.py:190} INFO - [2025-11-10T13:52:48.302+0000] {dag.py:3239} INFO - Sync 1 DAGs
[2025-11-10T13:52:48.337+0000] {logging_mixin.py:190} INFO - [2025-11-10T13:52:48.336+0000] {dag.py:4180} INFO - Setting next_dagrun for system_dag to 2025-11-09T00:00:00+00:00, run_after=2025-11-10T00:00:00+00:00
[2025-11-10T13:52:48.370+0000] {processor.py:208} INFO - Processing /opt/airflow/dags/system_dag.py took 0.152 seconds
[2025-11-10T13:53:21.619+0000] {processor.py:186} INFO - Started process (PID=211) to work on /opt/airflow/dags/system_dag.py
[2025-11-10T13:53:21.620+0000] {processor.py:914} INFO - Processing file /opt/airflow/dags/system_dag.py for tasks to queue
[2025-11-10T13:53:21.623+0000] {logging_mixin.py:190} INFO - [2025-11-10T13:53:21.623+0000] {dagbag.py:588} INFO - Filling up the DagBag from /opt/airflow/dags/system_dag.py
[2025-11-10T13:53:21.660+0000] {processor.py:925} INFO - DAG(s) 'system_dag' retrieved from /opt/airflow/dags/system_dag.py
[2025-11-10T13:53:21.715+0000] {logging_mixin.py:190} INFO - [2025-11-10T13:53:21.714+0000] {dag.py:3239} INFO - Sync 1 DAGs
[2025-11-10T13:53:21.761+0000] {logging_mixin.py:190} INFO - [2025-11-10T13:53:21.760+0000] {dag.py:4180} INFO - Setting next_dagrun for system_dag to 2025-11-09T00:00:00+00:00, run_after=2025-11-10T00:00:00+00:00
[2025-11-10T13:53:21.801+0000] {processor.py:208} INFO - Processing /opt/airflow/dags/system_dag.py took 0.190 seconds
[2025-11-10T13:53:54.096+0000] {processor.py:186} INFO - Started process (PID=215) to work on /opt/airflow/dags/system_dag.py
[2025-11-10T13:53:54.097+0000] {processor.py:914} INFO - Processing file /opt/airflow/dags/system_dag.py for tasks to queue
[2025-11-10T13:53:54.099+0000] {logging_mixin.py:190} INFO - [2025-11-10T13:53:54.099+0000] {dagbag.py:588} INFO - Filling up the DagBag from /opt/airflow/dags/system_dag.py
[2025-11-10T13:53:54.118+0000] {processor.py:925} INFO - DAG(s) 'system_dag' retrieved from /opt/airflow/dags/system_dag.py
[2025-11-10T13:53:54.158+0000] {logging_mixin.py:190} INFO - [2025-11-10T13:53:54.158+0000] {dag.py:3239} INFO - Sync 1 DAGs
[2025-11-10T13:53:54.189+0000] {logging_mixin.py:190} INFO - [2025-11-10T13:53:54.189+0000] {dag.py:4180} INFO - Setting next_dagrun for system_dag to 2025-11-09T00:00:00+00:00, run_after=2025-11-10T00:00:00+00:00
[2025-11-10T13:53:54.213+0000] {processor.py:208} INFO - Processing /opt/airflow/dags/system_dag.py took 0.124 seconds
[2025-11-10T13:54:26.483+0000] {processor.py:186} INFO - Started process (PID=219) to work on /opt/airflow/dags/system_dag.py
[2025-11-10T13:54:26.484+0000] {processor.py:914} INFO - Processing file /opt/airflow/dags/system_dag.py for tasks to queue
[2025-11-10T13:54:26.485+0000] {logging_mixin.py:190} INFO - [2025-11-10T13:54:26.485+0000] {dagbag.py:588} INFO - Filling up the DagBag from /opt/airflow/dags/system_dag.py
[2025-11-10T13:54:26.511+0000] {processor.py:925} INFO - DAG(s) 'system_dag' retrieved from /opt/airflow/dags/system_dag.py
[2025-11-10T13:54:26.573+0000] {logging_mixin.py:190} INFO - [2025-11-10T13:54:26.573+0000] {dag.py:3239} INFO - Sync 1 DAGs
[2025-11-10T13:54:26.616+0000] {logging_mixin.py:190} INFO - [2025-11-10T13:54:26.615+0000] {dag.py:4180} INFO - Setting next_dagrun for system_dag to 2025-11-09T00:00:00+00:00, run_after=2025-11-10T00:00:00+00:00
[2025-11-10T13:54:26.653+0000] {processor.py:208} INFO - Processing /opt/airflow/dags/system_dag.py took 0.177 seconds
[2025-11-10T13:54:59.047+0000] {processor.py:186} INFO - Started process (PID=223) to work on /opt/airflow/dags/system_dag.py
[2025-11-10T13:54:59.048+0000] {processor.py:914} INFO - Processing file /opt/airflow/dags/system_dag.py for tasks to queue
[2025-11-10T13:54:59.049+0000] {logging_mixin.py:190} INFO - [2025-11-10T13:54:59.049+0000] {dagbag.py:588} INFO - Filling up the DagBag from /opt/airflow/dags/system_dag.py
[2025-11-10T13:54:59.074+0000] {processor.py:925} INFO - DAG(s) 'system_dag' retrieved from /opt/airflow/dags/system_dag.py
[2025-11-10T13:54:59.124+0000] {logging_mixin.py:190} INFO - [2025-11-10T13:54:59.124+0000] {dag.py:3239} INFO - Sync 1 DAGs
[2025-11-10T13:54:59.157+0000] {logging_mixin.py:190} INFO - [2025-11-10T13:54:59.157+0000] {dag.py:4180} INFO - Setting next_dagrun for system_dag to 2025-11-09T00:00:00+00:00, run_after=2025-11-10T00:00:00+00:00
[2025-11-10T13:54:59.193+0000] {processor.py:208} INFO - Processing /opt/airflow/dags/system_dag.py took 0.154 seconds
[2025-11-10T13:55:32.404+0000] {processor.py:186} INFO - Started process (PID=227) to work on /opt/airflow/dags/system_dag.py
[2025-11-10T13:55:32.405+0000] {processor.py:914} INFO - Processing file /opt/airflow/dags/system_dag.py for tasks to queue
[2025-11-10T13:55:32.410+0000] {logging_mixin.py:190} INFO - [2025-11-10T13:55:32.410+0000] {dagbag.py:588} INFO - Filling up the DagBag from /opt/airflow/dags/system_dag.py
[2025-11-10T13:55:32.433+0000] {processor.py:925} INFO - DAG(s) 'system_dag' retrieved from /opt/airflow/dags/system_dag.py
[2025-11-10T13:55:32.486+0000] {logging_mixin.py:190} INFO - [2025-11-10T13:55:32.486+0000] {dag.py:3239} INFO - Sync 1 DAGs
[2025-11-10T13:55:32.534+0000] {logging_mixin.py:190} INFO - [2025-11-10T13:55:32.534+0000] {dag.py:4180} INFO - Setting next_dagrun for system_dag to 2025-11-09T00:00:00+00:00, run_after=2025-11-10T00:00:00+00:00
[2025-11-10T13:55:32.568+0000] {processor.py:208} INFO - Processing /opt/airflow/dags/system_dag.py took 0.171 seconds
[2025-11-10T13:56:04.924+0000] {processor.py:186} INFO - Started process (PID=231) to work on /opt/airflow/dags/system_dag.py
[2025-11-10T13:56:04.926+0000] {processor.py:914} INFO - Processing file /opt/airflow/dags/system_dag.py for tasks to queue
[2025-11-10T13:56:04.929+0000] {logging_mixin.py:190} INFO - [2025-11-10T13:56:04.928+0000] {dagbag.py:588} INFO - Filling up the DagBag from /opt/airflow/dags/system_dag.py
[2025-11-10T13:56:04.969+0000] {processor.py:925} INFO - DAG(s) 'system_dag' retrieved from /opt/airflow/dags/system_dag.py
[2025-11-10T13:56:05.028+0000] {logging_mixin.py:190} INFO - [2025-11-10T13:56:05.027+0000] {dag.py:3239} INFO - Sync 1 DAGs
[2025-11-10T13:56:05.075+0000] {logging_mixin.py:190} INFO - [2025-11-10T13:56:05.074+0000] {dag.py:4180} INFO - Setting next_dagrun for system_dag to 2025-11-09T00:00:00+00:00, run_after=2025-11-10T00:00:00+00:00
[2025-11-10T13:56:05.108+0000] {processor.py:208} INFO - Processing /opt/airflow/dags/system_dag.py took 0.192 seconds
[2025-11-10T13:56:37.479+0000] {processor.py:186} INFO - Started process (PID=235) to work on /opt/airflow/dags/system_dag.py
[2025-11-10T13:56:37.480+0000] {processor.py:914} INFO - Processing file /opt/airflow/dags/system_dag.py for tasks to queue
[2025-11-10T13:56:37.482+0000] {logging_mixin.py:190} INFO - [2025-11-10T13:56:37.481+0000] {dagbag.py:588} INFO - Filling up the DagBag from /opt/airflow/dags/system_dag.py
[2025-11-10T13:56:37.507+0000] {processor.py:925} INFO - DAG(s) 'system_dag' retrieved from /opt/airflow/dags/system_dag.py
[2025-11-10T13:56:37.571+0000] {logging_mixin.py:190} INFO - [2025-11-10T13:56:37.570+0000] {dag.py:3239} INFO - Sync 1 DAGs
[2025-11-10T13:56:37.617+0000] {logging_mixin.py:190} INFO - [2025-11-10T13:56:37.617+0000] {dag.py:4180} INFO - Setting next_dagrun for system_dag to 2025-11-09T00:00:00+00:00, run_after=2025-11-10T00:00:00+00:00
[2025-11-10T13:56:37.671+0000] {processor.py:208} INFO - Processing /opt/airflow/dags/system_dag.py took 0.201 seconds
[2025-11-10T13:57:10.116+0000] {processor.py:186} INFO - Started process (PID=239) to work on /opt/airflow/dags/system_dag.py
[2025-11-10T13:57:10.117+0000] {processor.py:914} INFO - Processing file /opt/airflow/dags/system_dag.py for tasks to queue
[2025-11-10T13:57:10.119+0000] {logging_mixin.py:190} INFO - [2025-11-10T13:57:10.118+0000] {dagbag.py:588} INFO - Filling up the DagBag from /opt/airflow/dags/system_dag.py
[2025-11-10T13:57:10.145+0000] {processor.py:925} INFO - DAG(s) 'system_dag' retrieved from /opt/airflow/dags/system_dag.py
[2025-11-10T13:57:10.189+0000] {logging_mixin.py:190} INFO - [2025-11-10T13:57:10.189+0000] {dag.py:3239} INFO - Sync 1 DAGs
[2025-11-10T13:57:10.230+0000] {logging_mixin.py:190} INFO - [2025-11-10T13:57:10.229+0000] {dag.py:4180} INFO - Setting next_dagrun for system_dag to 2025-11-09T00:00:00+00:00, run_after=2025-11-10T00:00:00+00:00
[2025-11-10T13:57:10.259+0000] {processor.py:208} INFO - Processing /opt/airflow/dags/system_dag.py took 0.151 seconds
[2025-11-10T13:57:43.516+0000] {processor.py:186} INFO - Started process (PID=243) to work on /opt/airflow/dags/system_dag.py
[2025-11-10T13:57:43.517+0000] {processor.py:914} INFO - Processing file /opt/airflow/dags/system_dag.py for tasks to queue
[2025-11-10T13:57:43.520+0000] {logging_mixin.py:190} INFO - [2025-11-10T13:57:43.520+0000] {dagbag.py:588} INFO - Filling up the DagBag from /opt/airflow/dags/system_dag.py
[2025-11-10T13:57:43.549+0000] {processor.py:925} INFO - DAG(s) 'system_dag' retrieved from /opt/airflow/dags/system_dag.py
[2025-11-10T13:57:43.613+0000] {logging_mixin.py:190} INFO - [2025-11-10T13:57:43.612+0000] {dag.py:3239} INFO - Sync 1 DAGs
[2025-11-10T13:57:43.680+0000] {logging_mixin.py:190} INFO - [2025-11-10T13:57:43.680+0000] {dag.py:4180} INFO - Setting next_dagrun for system_dag to 2025-11-09T00:00:00+00:00, run_after=2025-11-10T00:00:00+00:00
[2025-11-10T13:57:43.725+0000] {processor.py:208} INFO - Processing /opt/airflow/dags/system_dag.py took 0.216 seconds
[2025-11-10T13:58:16.045+0000] {processor.py:186} INFO - Started process (PID=247) to work on /opt/airflow/dags/system_dag.py
[2025-11-10T13:58:16.046+0000] {processor.py:914} INFO - Processing file /opt/airflow/dags/system_dag.py for tasks to queue
[2025-11-10T13:58:16.048+0000] {logging_mixin.py:190} INFO - [2025-11-10T13:58:16.047+0000] {dagbag.py:588} INFO - Filling up the DagBag from /opt/airflow/dags/system_dag.py
[2025-11-10T13:58:16.069+0000] {processor.py:925} INFO - DAG(s) 'system_dag' retrieved from /opt/airflow/dags/system_dag.py
[2025-11-10T13:58:16.107+0000] {logging_mixin.py:190} INFO - [2025-11-10T13:58:16.107+0000] {dag.py:3239} INFO - Sync 1 DAGs
[2025-11-10T13:58:16.142+0000] {logging_mixin.py:190} INFO - [2025-11-10T13:58:16.142+0000] {dag.py:4180} INFO - Setting next_dagrun for system_dag to 2025-11-09T00:00:00+00:00, run_after=2025-11-10T00:00:00+00:00
[2025-11-10T13:58:16.173+0000] {processor.py:208} INFO - Processing /opt/airflow/dags/system_dag.py took 0.134 seconds
[2025-11-10T13:58:48.430+0000] {processor.py:186} INFO - Started process (PID=251) to work on /opt/airflow/dags/system_dag.py
[2025-11-10T13:58:48.431+0000] {processor.py:914} INFO - Processing file /opt/airflow/dags/system_dag.py for tasks to queue
[2025-11-10T13:58:48.432+0000] {logging_mixin.py:190} INFO - [2025-11-10T13:58:48.432+0000] {dagbag.py:588} INFO - Filling up the DagBag from /opt/airflow/dags/system_dag.py
[2025-11-10T13:58:48.458+0000] {processor.py:925} INFO - DAG(s) 'system_dag' retrieved from /opt/airflow/dags/system_dag.py
[2025-11-10T13:58:48.517+0000] {logging_mixin.py:190} INFO - [2025-11-10T13:58:48.516+0000] {dag.py:3239} INFO - Sync 1 DAGs
[2025-11-10T13:58:48.556+0000] {logging_mixin.py:190} INFO - [2025-11-10T13:58:48.556+0000] {dag.py:4180} INFO - Setting next_dagrun for system_dag to 2025-11-09T00:00:00+00:00, run_after=2025-11-10T00:00:00+00:00
[2025-11-10T13:58:48.585+0000] {processor.py:208} INFO - Processing /opt/airflow/dags/system_dag.py took 0.165 seconds
[2025-11-10T13:59:21.870+0000] {processor.py:186} INFO - Started process (PID=255) to work on /opt/airflow/dags/system_dag.py
[2025-11-10T13:59:21.873+0000] {processor.py:914} INFO - Processing file /opt/airflow/dags/system_dag.py for tasks to queue
[2025-11-10T13:59:21.875+0000] {logging_mixin.py:190} INFO - [2025-11-10T13:59:21.875+0000] {dagbag.py:588} INFO - Filling up the DagBag from /opt/airflow/dags/system_dag.py
[2025-11-10T13:59:21.897+0000] {processor.py:925} INFO - DAG(s) 'system_dag' retrieved from /opt/airflow/dags/system_dag.py
[2025-11-10T13:59:21.941+0000] {logging_mixin.py:190} INFO - [2025-11-10T13:59:21.941+0000] {dag.py:3239} INFO - Sync 1 DAGs
[2025-11-10T13:59:21.991+0000] {logging_mixin.py:190} INFO - [2025-11-10T13:59:21.991+0000] {dag.py:4180} INFO - Setting next_dagrun for system_dag to 2025-11-09T00:00:00+00:00, run_after=2025-11-10T00:00:00+00:00
[2025-11-10T13:59:22.018+0000] {processor.py:208} INFO - Processing /opt/airflow/dags/system_dag.py took 0.155 seconds
[2025-11-10T13:59:54.310+0000] {processor.py:186} INFO - Started process (PID=259) to work on /opt/airflow/dags/system_dag.py
[2025-11-10T13:59:54.311+0000] {processor.py:914} INFO - Processing file /opt/airflow/dags/system_dag.py for tasks to queue
[2025-11-10T13:59:54.313+0000] {logging_mixin.py:190} INFO - [2025-11-10T13:59:54.313+0000] {dagbag.py:588} INFO - Filling up the DagBag from /opt/airflow/dags/system_dag.py
[2025-11-10T13:59:54.340+0000] {processor.py:925} INFO - DAG(s) 'system_dag' retrieved from /opt/airflow/dags/system_dag.py
[2025-11-10T13:59:54.393+0000] {logging_mixin.py:190} INFO - [2025-11-10T13:59:54.393+0000] {dag.py:3239} INFO - Sync 1 DAGs
[2025-11-10T13:59:54.428+0000] {logging_mixin.py:190} INFO - [2025-11-10T13:59:54.428+0000] {dag.py:4180} INFO - Setting next_dagrun for system_dag to 2025-11-09T00:00:00+00:00, run_after=2025-11-10T00:00:00+00:00
[2025-11-10T13:59:54.464+0000] {processor.py:208} INFO - Processing /opt/airflow/dags/system_dag.py took 0.162 seconds
[2025-11-10T14:00:27.112+0000] {processor.py:186} INFO - Started process (PID=263) to work on /opt/airflow/dags/system_dag.py
[2025-11-10T14:00:27.114+0000] {processor.py:914} INFO - Processing file /opt/airflow/dags/system_dag.py for tasks to queue
[2025-11-10T14:00:27.120+0000] {logging_mixin.py:190} INFO - [2025-11-10T14:00:27.118+0000] {dagbag.py:588} INFO - Filling up the DagBag from /opt/airflow/dags/system_dag.py
[2025-11-10T14:00:27.166+0000] {processor.py:925} INFO - DAG(s) 'system_dag' retrieved from /opt/airflow/dags/system_dag.py
[2025-11-10T14:00:27.232+0000] {logging_mixin.py:190} INFO - [2025-11-10T14:00:27.232+0000] {dag.py:3239} INFO - Sync 1 DAGs
[2025-11-10T14:00:27.282+0000] {logging_mixin.py:190} INFO - [2025-11-10T14:00:27.282+0000] {dag.py:4180} INFO - Setting next_dagrun for system_dag to 2025-11-09T00:00:00+00:00, run_after=2025-11-10T00:00:00+00:00
[2025-11-10T14:00:27.326+0000] {processor.py:208} INFO - Processing /opt/airflow/dags/system_dag.py took 0.226 seconds
[2025-11-10T14:01:00.229+0000] {processor.py:186} INFO - Started process (PID=267) to work on /opt/airflow/dags/system_dag.py
[2025-11-10T14:01:00.230+0000] {processor.py:914} INFO - Processing file /opt/airflow/dags/system_dag.py for tasks to queue
[2025-11-10T14:01:00.231+0000] {logging_mixin.py:190} INFO - [2025-11-10T14:01:00.231+0000] {dagbag.py:588} INFO - Filling up the DagBag from /opt/airflow/dags/system_dag.py
[2025-11-10T14:01:00.262+0000] {processor.py:925} INFO - DAG(s) 'system_dag' retrieved from /opt/airflow/dags/system_dag.py
[2025-11-10T14:01:00.356+0000] {logging_mixin.py:190} INFO - [2025-11-10T14:01:00.355+0000] {dag.py:3239} INFO - Sync 1 DAGs
[2025-11-10T14:01:00.418+0000] {logging_mixin.py:190} INFO - [2025-11-10T14:01:00.418+0000] {dag.py:4180} INFO - Setting next_dagrun for system_dag to 2025-11-09T00:00:00+00:00, run_after=2025-11-10T00:00:00+00:00
[2025-11-10T14:01:00.471+0000] {processor.py:208} INFO - Processing /opt/airflow/dags/system_dag.py took 0.253 seconds
[2025-11-10T14:01:32.655+0000] {processor.py:186} INFO - Started process (PID=271) to work on /opt/airflow/dags/system_dag.py
[2025-11-10T14:01:32.656+0000] {processor.py:914} INFO - Processing file /opt/airflow/dags/system_dag.py for tasks to queue
[2025-11-10T14:01:32.659+0000] {logging_mixin.py:190} INFO - [2025-11-10T14:01:32.658+0000] {dagbag.py:588} INFO - Filling up the DagBag from /opt/airflow/dags/system_dag.py
[2025-11-10T14:01:32.684+0000] {processor.py:925} INFO - DAG(s) 'system_dag' retrieved from /opt/airflow/dags/system_dag.py
[2025-11-10T14:01:32.731+0000] {logging_mixin.py:190} INFO - [2025-11-10T14:01:32.731+0000] {dag.py:3239} INFO - Sync 1 DAGs
[2025-11-10T14:01:32.784+0000] {logging_mixin.py:190} INFO - [2025-11-10T14:01:32.784+0000] {dag.py:4180} INFO - Setting next_dagrun for system_dag to 2025-11-09T00:00:00+00:00, run_after=2025-11-10T00:00:00+00:00
[2025-11-10T14:01:32.832+0000] {processor.py:208} INFO - Processing /opt/airflow/dags/system_dag.py took 0.184 seconds
[2025-11-10T14:02:05.085+0000] {processor.py:186} INFO - Started process (PID=275) to work on /opt/airflow/dags/system_dag.py
[2025-11-10T14:02:05.085+0000] {processor.py:914} INFO - Processing file /opt/airflow/dags/system_dag.py for tasks to queue
[2025-11-10T14:02:05.087+0000] {logging_mixin.py:190} INFO - [2025-11-10T14:02:05.086+0000] {dagbag.py:588} INFO - Filling up the DagBag from /opt/airflow/dags/system_dag.py
[2025-11-10T14:02:05.108+0000] {processor.py:925} INFO - DAG(s) 'system_dag' retrieved from /opt/airflow/dags/system_dag.py
[2025-11-10T14:02:05.148+0000] {logging_mixin.py:190} INFO - [2025-11-10T14:02:05.148+0000] {dag.py:3239} INFO - Sync 1 DAGs
[2025-11-10T14:02:05.180+0000] {logging_mixin.py:190} INFO - [2025-11-10T14:02:05.180+0000] {dag.py:4180} INFO - Setting next_dagrun for system_dag to 2025-11-09T00:00:00+00:00, run_after=2025-11-10T00:00:00+00:00
[2025-11-10T14:02:05.204+0000] {processor.py:208} INFO - Processing /opt/airflow/dags/system_dag.py took 0.127 seconds
[2025-11-10T14:02:37.414+0000] {processor.py:186} INFO - Started process (PID=279) to work on /opt/airflow/dags/system_dag.py
[2025-11-10T14:02:37.414+0000] {processor.py:914} INFO - Processing file /opt/airflow/dags/system_dag.py for tasks to queue
[2025-11-10T14:02:37.416+0000] {logging_mixin.py:190} INFO - [2025-11-10T14:02:37.416+0000] {dagbag.py:588} INFO - Filling up the DagBag from /opt/airflow/dags/system_dag.py
[2025-11-10T14:02:37.435+0000] {processor.py:925} INFO - DAG(s) 'system_dag' retrieved from /opt/airflow/dags/system_dag.py
[2025-11-10T14:02:37.473+0000] {logging_mixin.py:190} INFO - [2025-11-10T14:02:37.473+0000] {dag.py:3239} INFO - Sync 1 DAGs
[2025-11-10T14:02:37.503+0000] {logging_mixin.py:190} INFO - [2025-11-10T14:02:37.502+0000] {dag.py:4180} INFO - Setting next_dagrun for system_dag to 2025-11-09T00:00:00+00:00, run_after=2025-11-10T00:00:00+00:00
[2025-11-10T14:02:37.525+0000] {processor.py:208} INFO - Processing /opt/airflow/dags/system_dag.py took 0.117 seconds
[2025-11-10T14:03:10.762+0000] {processor.py:186} INFO - Started process (PID=283) to work on /opt/airflow/dags/system_dag.py
[2025-11-10T14:03:10.763+0000] {processor.py:914} INFO - Processing file /opt/airflow/dags/system_dag.py for tasks to queue
[2025-11-10T14:03:10.764+0000] {logging_mixin.py:190} INFO - [2025-11-10T14:03:10.764+0000] {dagbag.py:588} INFO - Filling up the DagBag from /opt/airflow/dags/system_dag.py
[2025-11-10T14:03:10.782+0000] {processor.py:925} INFO - DAG(s) 'system_dag' retrieved from /opt/airflow/dags/system_dag.py
[2025-11-10T14:03:10.819+0000] {logging_mixin.py:190} INFO - [2025-11-10T14:03:10.819+0000] {dag.py:3239} INFO - Sync 1 DAGs
[2025-11-10T14:03:10.851+0000] {logging_mixin.py:190} INFO - [2025-11-10T14:03:10.850+0000] {dag.py:4180} INFO - Setting next_dagrun for system_dag to 2025-11-09T00:00:00+00:00, run_after=2025-11-10T00:00:00+00:00
[2025-11-10T14:03:10.881+0000] {processor.py:208} INFO - Processing /opt/airflow/dags/system_dag.py took 0.125 seconds
[2025-11-10T14:03:43.157+0000] {processor.py:186} INFO - Started process (PID=287) to work on /opt/airflow/dags/system_dag.py
[2025-11-10T14:03:43.158+0000] {processor.py:914} INFO - Processing file /opt/airflow/dags/system_dag.py for tasks to queue
[2025-11-10T14:03:43.159+0000] {logging_mixin.py:190} INFO - [2025-11-10T14:03:43.159+0000] {dagbag.py:588} INFO - Filling up the DagBag from /opt/airflow/dags/system_dag.py
[2025-11-10T14:03:43.180+0000] {processor.py:925} INFO - DAG(s) 'system_dag' retrieved from /opt/airflow/dags/system_dag.py
[2025-11-10T14:03:43.223+0000] {logging_mixin.py:190} INFO - [2025-11-10T14:03:43.223+0000] {dag.py:3239} INFO - Sync 1 DAGs
[2025-11-10T14:03:43.257+0000] {logging_mixin.py:190} INFO - [2025-11-10T14:03:43.257+0000] {dag.py:4180} INFO - Setting next_dagrun for system_dag to 2025-11-09T00:00:00+00:00, run_after=2025-11-10T00:00:00+00:00
[2025-11-10T14:03:43.297+0000] {processor.py:208} INFO - Processing /opt/airflow/dags/system_dag.py took 0.146 seconds
[2025-11-10T14:04:15.481+0000] {processor.py:186} INFO - Started process (PID=291) to work on /opt/airflow/dags/system_dag.py
[2025-11-10T14:04:15.482+0000] {processor.py:914} INFO - Processing file /opt/airflow/dags/system_dag.py for tasks to queue
[2025-11-10T14:04:15.483+0000] {logging_mixin.py:190} INFO - [2025-11-10T14:04:15.483+0000] {dagbag.py:588} INFO - Filling up the DagBag from /opt/airflow/dags/system_dag.py
[2025-11-10T14:04:15.503+0000] {processor.py:925} INFO - DAG(s) 'system_dag' retrieved from /opt/airflow/dags/system_dag.py
[2025-11-10T14:04:15.544+0000] {logging_mixin.py:190} INFO - [2025-11-10T14:04:15.543+0000] {dag.py:3239} INFO - Sync 1 DAGs
[2025-11-10T14:04:15.577+0000] {logging_mixin.py:190} INFO - [2025-11-10T14:04:15.577+0000] {dag.py:4180} INFO - Setting next_dagrun for system_dag to 2025-11-09T00:00:00+00:00, run_after=2025-11-10T00:00:00+00:00
[2025-11-10T14:04:15.611+0000] {processor.py:208} INFO - Processing /opt/airflow/dags/system_dag.py took 0.138 seconds
[2025-11-10T14:04:48.836+0000] {processor.py:186} INFO - Started process (PID=295) to work on /opt/airflow/dags/system_dag.py
[2025-11-10T14:04:48.837+0000] {processor.py:914} INFO - Processing file /opt/airflow/dags/system_dag.py for tasks to queue
[2025-11-10T14:04:48.838+0000] {logging_mixin.py:190} INFO - [2025-11-10T14:04:48.838+0000] {dagbag.py:588} INFO - Filling up the DagBag from /opt/airflow/dags/system_dag.py
[2025-11-10T14:04:48.858+0000] {processor.py:925} INFO - DAG(s) 'system_dag' retrieved from /opt/airflow/dags/system_dag.py
[2025-11-10T14:04:48.897+0000] {logging_mixin.py:190} INFO - [2025-11-10T14:04:48.897+0000] {dag.py:3239} INFO - Sync 1 DAGs
[2025-11-10T14:04:48.929+0000] {logging_mixin.py:190} INFO - [2025-11-10T14:04:48.929+0000] {dag.py:4180} INFO - Setting next_dagrun for system_dag to 2025-11-09T00:00:00+00:00, run_after=2025-11-10T00:00:00+00:00
[2025-11-10T14:04:48.957+0000] {processor.py:208} INFO - Processing /opt/airflow/dags/system_dag.py took 0.129 seconds
[2025-11-10T14:05:21.258+0000] {processor.py:186} INFO - Started process (PID=299) to work on /opt/airflow/dags/system_dag.py
[2025-11-10T14:05:21.259+0000] {processor.py:914} INFO - Processing file /opt/airflow/dags/system_dag.py for tasks to queue
[2025-11-10T14:05:21.261+0000] {logging_mixin.py:190} INFO - [2025-11-10T14:05:21.261+0000] {dagbag.py:588} INFO - Filling up the DagBag from /opt/airflow/dags/system_dag.py
[2025-11-10T14:05:21.286+0000] {processor.py:925} INFO - DAG(s) 'system_dag' retrieved from /opt/airflow/dags/system_dag.py
[2025-11-10T14:05:21.331+0000] {logging_mixin.py:190} INFO - [2025-11-10T14:05:21.330+0000] {dag.py:3239} INFO - Sync 1 DAGs
[2025-11-10T14:05:21.362+0000] {logging_mixin.py:190} INFO - [2025-11-10T14:05:21.362+0000] {dag.py:4180} INFO - Setting next_dagrun for system_dag to 2025-11-09T00:00:00+00:00, run_after=2025-11-10T00:00:00+00:00
[2025-11-10T14:05:21.393+0000] {processor.py:208} INFO - Processing /opt/airflow/dags/system_dag.py took 0.145 seconds
[2025-11-10T14:05:54.632+0000] {processor.py:186} INFO - Started process (PID=303) to work on /opt/airflow/dags/system_dag.py
[2025-11-10T14:05:54.633+0000] {processor.py:914} INFO - Processing file /opt/airflow/dags/system_dag.py for tasks to queue
[2025-11-10T14:05:54.635+0000] {logging_mixin.py:190} INFO - [2025-11-10T14:05:54.634+0000] {dagbag.py:588} INFO - Filling up the DagBag from /opt/airflow/dags/system_dag.py
[2025-11-10T14:05:54.655+0000] {processor.py:925} INFO - DAG(s) 'system_dag' retrieved from /opt/airflow/dags/system_dag.py
[2025-11-10T14:05:54.695+0000] {logging_mixin.py:190} INFO - [2025-11-10T14:05:54.695+0000] {dag.py:3239} INFO - Sync 1 DAGs
[2025-11-10T14:05:54.725+0000] {logging_mixin.py:190} INFO - [2025-11-10T14:05:54.725+0000] {dag.py:4180} INFO - Setting next_dagrun for system_dag to 2025-11-09T00:00:00+00:00, run_after=2025-11-10T00:00:00+00:00
[2025-11-10T14:05:54.749+0000] {processor.py:208} INFO - Processing /opt/airflow/dags/system_dag.py took 0.126 seconds
[2025-11-10T14:06:26.975+0000] {processor.py:186} INFO - Started process (PID=307) to work on /opt/airflow/dags/system_dag.py
[2025-11-10T14:06:26.976+0000] {processor.py:914} INFO - Processing file /opt/airflow/dags/system_dag.py for tasks to queue
[2025-11-10T14:06:26.978+0000] {logging_mixin.py:190} INFO - [2025-11-10T14:06:26.978+0000] {dagbag.py:588} INFO - Filling up the DagBag from /opt/airflow/dags/system_dag.py
[2025-11-10T14:06:27.001+0000] {processor.py:925} INFO - DAG(s) 'system_dag' retrieved from /opt/airflow/dags/system_dag.py
[2025-11-10T14:06:27.042+0000] {logging_mixin.py:190} INFO - [2025-11-10T14:06:27.041+0000] {dag.py:3239} INFO - Sync 1 DAGs
[2025-11-10T14:06:27.074+0000] {logging_mixin.py:190} INFO - [2025-11-10T14:06:27.074+0000] {dag.py:4180} INFO - Setting next_dagrun for system_dag to 2025-11-09T00:00:00+00:00, run_after=2025-11-10T00:00:00+00:00
[2025-11-10T14:06:27.103+0000] {processor.py:208} INFO - Processing /opt/airflow/dags/system_dag.py took 0.134 seconds
[2025-11-10T14:06:59.321+0000] {processor.py:186} INFO - Started process (PID=311) to work on /opt/airflow/dags/system_dag.py
[2025-11-10T14:06:59.322+0000] {processor.py:914} INFO - Processing file /opt/airflow/dags/system_dag.py for tasks to queue
[2025-11-10T14:06:59.324+0000] {logging_mixin.py:190} INFO - [2025-11-10T14:06:59.324+0000] {dagbag.py:588} INFO - Filling up the DagBag from /opt/airflow/dags/system_dag.py
[2025-11-10T14:06:59.344+0000] {processor.py:925} INFO - DAG(s) 'system_dag' retrieved from /opt/airflow/dags/system_dag.py
[2025-11-10T14:06:59.385+0000] {logging_mixin.py:190} INFO - [2025-11-10T14:06:59.385+0000] {dag.py:3239} INFO - Sync 1 DAGs
[2025-11-10T14:06:59.416+0000] {logging_mixin.py:190} INFO - [2025-11-10T14:06:59.416+0000] {dag.py:4180} INFO - Setting next_dagrun for system_dag to 2025-11-09T00:00:00+00:00, run_after=2025-11-10T00:00:00+00:00
[2025-11-10T14:06:59.439+0000] {processor.py:208} INFO - Processing /opt/airflow/dags/system_dag.py took 0.125 seconds
[2025-11-10T14:07:32.658+0000] {processor.py:186} INFO - Started process (PID=315) to work on /opt/airflow/dags/system_dag.py
[2025-11-10T14:07:32.658+0000] {processor.py:914} INFO - Processing file /opt/airflow/dags/system_dag.py for tasks to queue
[2025-11-10T14:07:32.660+0000] {logging_mixin.py:190} INFO - [2025-11-10T14:07:32.659+0000] {dagbag.py:588} INFO - Filling up the DagBag from /opt/airflow/dags/system_dag.py
[2025-11-10T14:07:32.679+0000] {processor.py:925} INFO - DAG(s) 'system_dag' retrieved from /opt/airflow/dags/system_dag.py
[2025-11-10T14:07:32.719+0000] {logging_mixin.py:190} INFO - [2025-11-10T14:07:32.719+0000] {dag.py:3239} INFO - Sync 1 DAGs
[2025-11-10T14:07:32.750+0000] {logging_mixin.py:190} INFO - [2025-11-10T14:07:32.750+0000] {dag.py:4180} INFO - Setting next_dagrun for system_dag to 2025-11-09T00:00:00+00:00, run_after=2025-11-10T00:00:00+00:00
[2025-11-10T14:07:32.774+0000] {processor.py:208} INFO - Processing /opt/airflow/dags/system_dag.py took 0.123 seconds
[2025-11-10T14:08:04.967+0000] {processor.py:186} INFO - Started process (PID=319) to work on /opt/airflow/dags/system_dag.py
[2025-11-10T14:08:04.967+0000] {processor.py:914} INFO - Processing file /opt/airflow/dags/system_dag.py for tasks to queue
[2025-11-10T14:08:04.969+0000] {logging_mixin.py:190} INFO - [2025-11-10T14:08:04.969+0000] {dagbag.py:588} INFO - Filling up the DagBag from /opt/airflow/dags/system_dag.py
[2025-11-10T14:08:04.992+0000] {processor.py:925} INFO - DAG(s) 'system_dag' retrieved from /opt/airflow/dags/system_dag.py
[2025-11-10T14:08:05.034+0000] {logging_mixin.py:190} INFO - [2025-11-10T14:08:05.034+0000] {dag.py:3239} INFO - Sync 1 DAGs
[2025-11-10T14:08:05.065+0000] {logging_mixin.py:190} INFO - [2025-11-10T14:08:05.065+0000] {dag.py:4180} INFO - Setting next_dagrun for system_dag to 2025-11-09T00:00:00+00:00, run_after=2025-11-10T00:00:00+00:00
[2025-11-10T14:08:05.088+0000] {processor.py:208} INFO - Processing /opt/airflow/dags/system_dag.py took 0.130 seconds
[2025-11-10T14:08:37.279+0000] {processor.py:186} INFO - Started process (PID=323) to work on /opt/airflow/dags/system_dag.py
[2025-11-10T14:08:37.280+0000] {processor.py:914} INFO - Processing file /opt/airflow/dags/system_dag.py for tasks to queue
[2025-11-10T14:08:37.281+0000] {logging_mixin.py:190} INFO - [2025-11-10T14:08:37.281+0000] {dagbag.py:588} INFO - Filling up the DagBag from /opt/airflow/dags/system_dag.py
[2025-11-10T14:08:37.302+0000] {processor.py:925} INFO - DAG(s) 'system_dag' retrieved from /opt/airflow/dags/system_dag.py
[2025-11-10T14:08:37.346+0000] {logging_mixin.py:190} INFO - [2025-11-10T14:08:37.346+0000] {dag.py:3239} INFO - Sync 1 DAGs
[2025-11-10T14:08:37.379+0000] {logging_mixin.py:190} INFO - [2025-11-10T14:08:37.379+0000] {dag.py:4180} INFO - Setting next_dagrun for system_dag to 2025-11-09T00:00:00+00:00, run_after=2025-11-10T00:00:00+00:00
[2025-11-10T14:08:37.412+0000] {processor.py:208} INFO - Processing /opt/airflow/dags/system_dag.py took 0.141 seconds
[2025-11-10T14:09:10.637+0000] {processor.py:186} INFO - Started process (PID=327) to work on /opt/airflow/dags/system_dag.py
[2025-11-10T14:09:10.638+0000] {processor.py:914} INFO - Processing file /opt/airflow/dags/system_dag.py for tasks to queue
[2025-11-10T14:09:10.640+0000] {logging_mixin.py:190} INFO - [2025-11-10T14:09:10.640+0000] {dagbag.py:588} INFO - Filling up the DagBag from /opt/airflow/dags/system_dag.py
[2025-11-10T14:09:10.666+0000] {processor.py:925} INFO - DAG(s) 'system_dag' retrieved from /opt/airflow/dags/system_dag.py
[2025-11-10T14:09:10.730+0000] {logging_mixin.py:190} INFO - [2025-11-10T14:09:10.730+0000] {dag.py:3239} INFO - Sync 1 DAGs
[2025-11-10T14:09:10.771+0000] {logging_mixin.py:190} INFO - [2025-11-10T14:09:10.771+0000] {dag.py:4180} INFO - Setting next_dagrun for system_dag to 2025-11-09T00:00:00+00:00, run_after=2025-11-10T00:00:00+00:00
[2025-11-10T14:09:10.801+0000] {processor.py:208} INFO - Processing /opt/airflow/dags/system_dag.py took 0.172 seconds
[2025-11-10T14:09:43.015+0000] {processor.py:186} INFO - Started process (PID=331) to work on /opt/airflow/dags/system_dag.py
[2025-11-10T14:09:43.016+0000] {processor.py:914} INFO - Processing file /opt/airflow/dags/system_dag.py for tasks to queue
[2025-11-10T14:09:43.018+0000] {logging_mixin.py:190} INFO - [2025-11-10T14:09:43.018+0000] {dagbag.py:588} INFO - Filling up the DagBag from /opt/airflow/dags/system_dag.py
[2025-11-10T14:09:43.038+0000] {processor.py:925} INFO - DAG(s) 'system_dag' retrieved from /opt/airflow/dags/system_dag.py
[2025-11-10T14:09:43.080+0000] {logging_mixin.py:190} INFO - [2025-11-10T14:09:43.079+0000] {dag.py:3239} INFO - Sync 1 DAGs
[2025-11-10T14:09:43.111+0000] {logging_mixin.py:190} INFO - [2025-11-10T14:09:43.111+0000] {dag.py:4180} INFO - Setting next_dagrun for system_dag to 2025-11-09T00:00:00+00:00, run_after=2025-11-10T00:00:00+00:00
[2025-11-10T14:09:43.134+0000] {processor.py:208} INFO - Processing /opt/airflow/dags/system_dag.py took 0.126 seconds
[2025-11-10T14:10:16.367+0000] {processor.py:186} INFO - Started process (PID=335) to work on /opt/airflow/dags/system_dag.py
[2025-11-10T14:10:16.368+0000] {processor.py:914} INFO - Processing file /opt/airflow/dags/system_dag.py for tasks to queue
[2025-11-10T14:10:16.370+0000] {logging_mixin.py:190} INFO - [2025-11-10T14:10:16.370+0000] {dagbag.py:588} INFO - Filling up the DagBag from /opt/airflow/dags/system_dag.py
[2025-11-10T14:10:16.408+0000] {processor.py:925} INFO - DAG(s) 'system_dag' retrieved from /opt/airflow/dags/system_dag.py
[2025-11-10T14:10:16.487+0000] {logging_mixin.py:190} INFO - [2025-11-10T14:10:16.486+0000] {dag.py:3239} INFO - Sync 1 DAGs
[2025-11-10T14:10:16.537+0000] {logging_mixin.py:190} INFO - [2025-11-10T14:10:16.536+0000] {dag.py:4180} INFO - Setting next_dagrun for system_dag to 2025-11-09T00:00:00+00:00, run_after=2025-11-10T00:00:00+00:00
[2025-11-10T14:10:16.564+0000] {processor.py:208} INFO - Processing /opt/airflow/dags/system_dag.py took 0.206 seconds
[2025-11-10T14:10:48.812+0000] {processor.py:186} INFO - Started process (PID=339) to work on /opt/airflow/dags/system_dag.py
[2025-11-10T14:10:48.813+0000] {processor.py:914} INFO - Processing file /opt/airflow/dags/system_dag.py for tasks to queue
[2025-11-10T14:10:48.816+0000] {logging_mixin.py:190} INFO - [2025-11-10T14:10:48.815+0000] {dagbag.py:588} INFO - Filling up the DagBag from /opt/airflow/dags/system_dag.py
[2025-11-10T14:10:48.835+0000] {processor.py:925} INFO - DAG(s) 'system_dag' retrieved from /opt/airflow/dags/system_dag.py
[2025-11-10T14:10:48.876+0000] {logging_mixin.py:190} INFO - [2025-11-10T14:10:48.876+0000] {dag.py:3239} INFO - Sync 1 DAGs
[2025-11-10T14:10:48.916+0000] {logging_mixin.py:190} INFO - [2025-11-10T14:10:48.916+0000] {dag.py:4180} INFO - Setting next_dagrun for system_dag to 2025-11-09T00:00:00+00:00, run_after=2025-11-10T00:00:00+00:00
[2025-11-10T14:10:48.955+0000] {processor.py:208} INFO - Processing /opt/airflow/dags/system_dag.py took 0.153 seconds
[2025-11-10T14:11:21.175+0000] {processor.py:186} INFO - Started process (PID=343) to work on /opt/airflow/dags/system_dag.py
[2025-11-10T14:11:21.176+0000] {processor.py:914} INFO - Processing file /opt/airflow/dags/system_dag.py for tasks to queue
[2025-11-10T14:11:21.177+0000] {logging_mixin.py:190} INFO - [2025-11-10T14:11:21.177+0000] {dagbag.py:588} INFO - Filling up the DagBag from /opt/airflow/dags/system_dag.py
[2025-11-10T14:11:21.198+0000] {processor.py:925} INFO - DAG(s) 'system_dag' retrieved from /opt/airflow/dags/system_dag.py
[2025-11-10T14:11:21.237+0000] {logging_mixin.py:190} INFO - [2025-11-10T14:11:21.237+0000] {dag.py:3239} INFO - Sync 1 DAGs
[2025-11-10T14:11:21.268+0000] {logging_mixin.py:190} INFO - [2025-11-10T14:11:21.268+0000] {dag.py:4180} INFO - Setting next_dagrun for system_dag to 2025-11-09T00:00:00+00:00, run_after=2025-11-10T00:00:00+00:00
[2025-11-10T14:11:21.300+0000] {processor.py:208} INFO - Processing /opt/airflow/dags/system_dag.py took 0.134 seconds
[2025-11-10T14:11:54.670+0000] {processor.py:186} INFO - Started process (PID=347) to work on /opt/airflow/dags/system_dag.py
[2025-11-10T14:11:54.670+0000] {processor.py:914} INFO - Processing file /opt/airflow/dags/system_dag.py for tasks to queue
[2025-11-10T14:11:54.672+0000] {logging_mixin.py:190} INFO - [2025-11-10T14:11:54.672+0000] {dagbag.py:588} INFO - Filling up the DagBag from /opt/airflow/dags/system_dag.py
[2025-11-10T14:11:54.699+0000] {processor.py:925} INFO - DAG(s) 'system_dag' retrieved from /opt/airflow/dags/system_dag.py
[2025-11-10T14:11:54.750+0000] {logging_mixin.py:190} INFO - [2025-11-10T14:11:54.750+0000] {dag.py:3239} INFO - Sync 1 DAGs
[2025-11-10T14:11:54.787+0000] {logging_mixin.py:190} INFO - [2025-11-10T14:11:54.786+0000] {dag.py:4180} INFO - Setting next_dagrun for system_dag to 2025-11-09T00:00:00+00:00, run_after=2025-11-10T00:00:00+00:00
[2025-11-10T14:11:54.830+0000] {processor.py:208} INFO - Processing /opt/airflow/dags/system_dag.py took 0.169 seconds
[2025-11-10T14:12:27.064+0000] {processor.py:186} INFO - Started process (PID=351) to work on /opt/airflow/dags/system_dag.py
[2025-11-10T14:12:27.064+0000] {processor.py:914} INFO - Processing file /opt/airflow/dags/system_dag.py for tasks to queue
[2025-11-10T14:12:27.067+0000] {logging_mixin.py:190} INFO - [2025-11-10T14:12:27.066+0000] {dagbag.py:588} INFO - Filling up the DagBag from /opt/airflow/dags/system_dag.py
[2025-11-10T14:12:27.086+0000] {processor.py:925} INFO - DAG(s) 'system_dag' retrieved from /opt/airflow/dags/system_dag.py
[2025-11-10T14:12:27.125+0000] {logging_mixin.py:190} INFO - [2025-11-10T14:12:27.125+0000] {dag.py:3239} INFO - Sync 1 DAGs
[2025-11-10T14:12:27.155+0000] {logging_mixin.py:190} INFO - [2025-11-10T14:12:27.155+0000] {dag.py:4180} INFO - Setting next_dagrun for system_dag to 2025-11-09T00:00:00+00:00, run_after=2025-11-10T00:00:00+00:00
[2025-11-10T14:12:27.186+0000] {processor.py:208} INFO - Processing /opt/airflow/dags/system_dag.py took 0.133 seconds
[2025-11-10T14:12:59.411+0000] {processor.py:186} INFO - Started process (PID=355) to work on /opt/airflow/dags/system_dag.py
[2025-11-10T14:12:59.412+0000] {processor.py:914} INFO - Processing file /opt/airflow/dags/system_dag.py for tasks to queue
[2025-11-10T14:12:59.413+0000] {logging_mixin.py:190} INFO - [2025-11-10T14:12:59.413+0000] {dagbag.py:588} INFO - Filling up the DagBag from /opt/airflow/dags/system_dag.py
[2025-11-10T14:12:59.433+0000] {processor.py:925} INFO - DAG(s) 'system_dag' retrieved from /opt/airflow/dags/system_dag.py
[2025-11-10T14:12:59.479+0000] {logging_mixin.py:190} INFO - [2025-11-10T14:12:59.478+0000] {dag.py:3239} INFO - Sync 1 DAGs
[2025-11-10T14:12:59.511+0000] {logging_mixin.py:190} INFO - [2025-11-10T14:12:59.511+0000] {dag.py:4180} INFO - Setting next_dagrun for system_dag to 2025-11-09T00:00:00+00:00, run_after=2025-11-10T00:00:00+00:00
[2025-11-10T14:12:59.538+0000] {processor.py:208} INFO - Processing /opt/airflow/dags/system_dag.py took 0.134 seconds
[2025-11-10T14:13:32.768+0000] {processor.py:186} INFO - Started process (PID=359) to work on /opt/airflow/dags/system_dag.py
[2025-11-10T14:13:32.769+0000] {processor.py:914} INFO - Processing file /opt/airflow/dags/system_dag.py for tasks to queue
[2025-11-10T14:13:32.771+0000] {logging_mixin.py:190} INFO - [2025-11-10T14:13:32.771+0000] {dagbag.py:588} INFO - Filling up the DagBag from /opt/airflow/dags/system_dag.py
[2025-11-10T14:13:32.803+0000] {processor.py:925} INFO - DAG(s) 'system_dag' retrieved from /opt/airflow/dags/system_dag.py
[2025-11-10T14:13:32.851+0000] {logging_mixin.py:190} INFO - [2025-11-10T14:13:32.851+0000] {dag.py:3239} INFO - Sync 1 DAGs
[2025-11-10T14:13:32.893+0000] {logging_mixin.py:190} INFO - [2025-11-10T14:13:32.892+0000] {dag.py:4180} INFO - Setting next_dagrun for system_dag to 2025-11-09T00:00:00+00:00, run_after=2025-11-10T00:00:00+00:00
[2025-11-10T14:13:32.924+0000] {processor.py:208} INFO - Processing /opt/airflow/dags/system_dag.py took 0.165 seconds
[2025-11-10T14:14:05.153+0000] {processor.py:186} INFO - Started process (PID=363) to work on /opt/airflow/dags/system_dag.py
[2025-11-10T14:14:05.153+0000] {processor.py:914} INFO - Processing file /opt/airflow/dags/system_dag.py for tasks to queue
[2025-11-10T14:14:05.155+0000] {logging_mixin.py:190} INFO - [2025-11-10T14:14:05.155+0000] {dagbag.py:588} INFO - Filling up the DagBag from /opt/airflow/dags/system_dag.py
[2025-11-10T14:14:05.174+0000] {processor.py:925} INFO - DAG(s) 'system_dag' retrieved from /opt/airflow/dags/system_dag.py
[2025-11-10T14:14:05.215+0000] {logging_mixin.py:190} INFO - [2025-11-10T14:14:05.215+0000] {dag.py:3239} INFO - Sync 1 DAGs
[2025-11-10T14:14:05.245+0000] {logging_mixin.py:190} INFO - [2025-11-10T14:14:05.245+0000] {dag.py:4180} INFO - Setting next_dagrun for system_dag to 2025-11-09T00:00:00+00:00, run_after=2025-11-10T00:00:00+00:00
[2025-11-10T14:14:05.269+0000] {processor.py:208} INFO - Processing /opt/airflow/dags/system_dag.py took 0.124 seconds
[2025-11-10T14:14:37.481+0000] {processor.py:186} INFO - Started process (PID=367) to work on /opt/airflow/dags/system_dag.py
[2025-11-10T14:14:37.482+0000] {processor.py:914} INFO - Processing file /opt/airflow/dags/system_dag.py for tasks to queue
[2025-11-10T14:14:37.484+0000] {logging_mixin.py:190} INFO - [2025-11-10T14:14:37.483+0000] {dagbag.py:588} INFO - Filling up the DagBag from /opt/airflow/dags/system_dag.py
[2025-11-10T14:14:37.505+0000] {processor.py:925} INFO - DAG(s) 'system_dag' retrieved from /opt/airflow/dags/system_dag.py
[2025-11-10T14:14:37.549+0000] {logging_mixin.py:190} INFO - [2025-11-10T14:14:37.549+0000] {dag.py:3239} INFO - Sync 1 DAGs
[2025-11-10T14:14:37.581+0000] {logging_mixin.py:190} INFO - [2025-11-10T14:14:37.581+0000] {dag.py:4180} INFO - Setting next_dagrun for system_dag to 2025-11-09T00:00:00+00:00, run_after=2025-11-10T00:00:00+00:00
[2025-11-10T14:14:37.611+0000] {processor.py:208} INFO - Processing /opt/airflow/dags/system_dag.py took 0.136 seconds
[2025-11-10T14:15:10.819+0000] {processor.py:186} INFO - Started process (PID=371) to work on /opt/airflow/dags/system_dag.py
[2025-11-10T14:15:10.820+0000] {processor.py:914} INFO - Processing file /opt/airflow/dags/system_dag.py for tasks to queue
[2025-11-10T14:15:10.822+0000] {logging_mixin.py:190} INFO - [2025-11-10T14:15:10.822+0000] {dagbag.py:588} INFO - Filling up the DagBag from /opt/airflow/dags/system_dag.py
[2025-11-10T14:15:10.843+0000] {processor.py:925} INFO - DAG(s) 'system_dag' retrieved from /opt/airflow/dags/system_dag.py
[2025-11-10T14:15:10.890+0000] {logging_mixin.py:190} INFO - [2025-11-10T14:15:10.890+0000] {dag.py:3239} INFO - Sync 1 DAGs
[2025-11-10T14:15:10.931+0000] {logging_mixin.py:190} INFO - [2025-11-10T14:15:10.931+0000] {dag.py:4180} INFO - Setting next_dagrun for system_dag to 2025-11-09T00:00:00+00:00, run_after=2025-11-10T00:00:00+00:00
[2025-11-10T14:15:10.956+0000] {processor.py:208} INFO - Processing /opt/airflow/dags/system_dag.py took 0.145 seconds
[2025-11-10T14:15:43.160+0000] {processor.py:186} INFO - Started process (PID=375) to work on /opt/airflow/dags/system_dag.py
[2025-11-10T14:15:43.161+0000] {processor.py:914} INFO - Processing file /opt/airflow/dags/system_dag.py for tasks to queue
[2025-11-10T14:15:43.163+0000] {logging_mixin.py:190} INFO - [2025-11-10T14:15:43.163+0000] {dagbag.py:588} INFO - Filling up the DagBag from /opt/airflow/dags/system_dag.py
[2025-11-10T14:15:43.184+0000] {processor.py:925} INFO - DAG(s) 'system_dag' retrieved from /opt/airflow/dags/system_dag.py
[2025-11-10T14:15:43.223+0000] {logging_mixin.py:190} INFO - [2025-11-10T14:15:43.223+0000] {dag.py:3239} INFO - Sync 1 DAGs
[2025-11-10T14:15:43.253+0000] {logging_mixin.py:190} INFO - [2025-11-10T14:15:43.253+0000] {dag.py:4180} INFO - Setting next_dagrun for system_dag to 2025-11-09T00:00:00+00:00, run_after=2025-11-10T00:00:00+00:00
[2025-11-10T14:15:43.277+0000] {processor.py:208} INFO - Processing /opt/airflow/dags/system_dag.py took 0.126 seconds
[2025-11-10T14:16:16.516+0000] {processor.py:186} INFO - Started process (PID=379) to work on /opt/airflow/dags/system_dag.py
[2025-11-10T14:16:16.516+0000] {processor.py:914} INFO - Processing file /opt/airflow/dags/system_dag.py for tasks to queue
[2025-11-10T14:16:16.518+0000] {logging_mixin.py:190} INFO - [2025-11-10T14:16:16.518+0000] {dagbag.py:588} INFO - Filling up the DagBag from /opt/airflow/dags/system_dag.py
[2025-11-10T14:16:16.547+0000] {processor.py:925} INFO - DAG(s) 'system_dag' retrieved from /opt/airflow/dags/system_dag.py
[2025-11-10T14:16:16.588+0000] {logging_mixin.py:190} INFO - [2025-11-10T14:16:16.588+0000] {dag.py:3239} INFO - Sync 1 DAGs
[2025-11-10T14:16:16.624+0000] {logging_mixin.py:190} INFO - [2025-11-10T14:16:16.624+0000] {dag.py:4180} INFO - Setting next_dagrun for system_dag to 2025-11-09T00:00:00+00:00, run_after=2025-11-10T00:00:00+00:00
[2025-11-10T14:16:16.664+0000] {processor.py:208} INFO - Processing /opt/airflow/dags/system_dag.py took 0.155 seconds
[2025-11-10T14:16:48.912+0000] {processor.py:186} INFO - Started process (PID=383) to work on /opt/airflow/dags/system_dag.py
[2025-11-10T14:16:48.913+0000] {processor.py:914} INFO - Processing file /opt/airflow/dags/system_dag.py for tasks to queue
[2025-11-10T14:16:48.914+0000] {logging_mixin.py:190} INFO - [2025-11-10T14:16:48.914+0000] {dagbag.py:588} INFO - Filling up the DagBag from /opt/airflow/dags/system_dag.py
[2025-11-10T14:16:48.934+0000] {processor.py:925} INFO - DAG(s) 'system_dag' retrieved from /opt/airflow/dags/system_dag.py
[2025-11-10T14:16:48.977+0000] {logging_mixin.py:190} INFO - [2025-11-10T14:16:48.977+0000] {dag.py:3239} INFO - Sync 1 DAGs
[2025-11-10T14:16:49.009+0000] {logging_mixin.py:190} INFO - [2025-11-10T14:16:49.008+0000] {dag.py:4180} INFO - Setting next_dagrun for system_dag to 2025-11-09T00:00:00+00:00, run_after=2025-11-10T00:00:00+00:00
[2025-11-10T14:16:49.033+0000] {processor.py:208} INFO - Processing /opt/airflow/dags/system_dag.py took 0.127 seconds
[2025-11-10T14:17:21.261+0000] {processor.py:186} INFO - Started process (PID=387) to work on /opt/airflow/dags/system_dag.py
[2025-11-10T14:17:21.262+0000] {processor.py:914} INFO - Processing file /opt/airflow/dags/system_dag.py for tasks to queue
[2025-11-10T14:17:21.264+0000] {logging_mixin.py:190} INFO - [2025-11-10T14:17:21.264+0000] {dagbag.py:588} INFO - Filling up the DagBag from /opt/airflow/dags/system_dag.py
[2025-11-10T14:17:21.282+0000] {processor.py:925} INFO - DAG(s) 'system_dag' retrieved from /opt/airflow/dags/system_dag.py
[2025-11-10T14:17:21.318+0000] {logging_mixin.py:190} INFO - [2025-11-10T14:17:21.318+0000] {dag.py:3239} INFO - Sync 1 DAGs
[2025-11-10T14:17:21.346+0000] {logging_mixin.py:190} INFO - [2025-11-10T14:17:21.345+0000] {dag.py:4180} INFO - Setting next_dagrun for system_dag to 2025-11-09T00:00:00+00:00, run_after=2025-11-10T00:00:00+00:00
[2025-11-10T14:17:21.371+0000] {processor.py:208} INFO - Processing /opt/airflow/dags/system_dag.py took 0.116 seconds
[2025-11-10T14:17:53.734+0000] {processor.py:186} INFO - Started process (PID=391) to work on /opt/airflow/dags/system_dag.py
[2025-11-10T14:17:53.734+0000] {processor.py:914} INFO - Processing file /opt/airflow/dags/system_dag.py for tasks to queue
[2025-11-10T14:17:53.736+0000] {logging_mixin.py:190} INFO - [2025-11-10T14:17:53.735+0000] {dagbag.py:588} INFO - Filling up the DagBag from /opt/airflow/dags/system_dag.py
[2025-11-10T14:17:53.756+0000] {processor.py:925} INFO - DAG(s) 'system_dag' retrieved from /opt/airflow/dags/system_dag.py
[2025-11-10T14:17:53.796+0000] {logging_mixin.py:190} INFO - [2025-11-10T14:17:53.796+0000] {dag.py:3239} INFO - Sync 1 DAGs
[2025-11-10T14:17:53.827+0000] {logging_mixin.py:190} INFO - [2025-11-10T14:17:53.826+0000] {dag.py:4180} INFO - Setting next_dagrun for system_dag to 2025-11-09T00:00:00+00:00, run_after=2025-11-10T00:00:00+00:00
[2025-11-10T14:17:53.850+0000] {processor.py:208} INFO - Processing /opt/airflow/dags/system_dag.py took 0.126 seconds
[2025-11-10T14:18:27.166+0000] {processor.py:186} INFO - Started process (PID=395) to work on /opt/airflow/dags/system_dag.py
[2025-11-10T14:18:27.167+0000] {processor.py:914} INFO - Processing file /opt/airflow/dags/system_dag.py for tasks to queue
[2025-11-10T14:18:27.168+0000] {logging_mixin.py:190} INFO - [2025-11-10T14:18:27.168+0000] {dagbag.py:588} INFO - Filling up the DagBag from /opt/airflow/dags/system_dag.py
[2025-11-10T14:18:27.187+0000] {processor.py:925} INFO - DAG(s) 'system_dag' retrieved from /opt/airflow/dags/system_dag.py
[2025-11-10T14:18:27.228+0000] {logging_mixin.py:190} INFO - [2025-11-10T14:18:27.227+0000] {dag.py:3239} INFO - Sync 1 DAGs
[2025-11-10T14:18:27.258+0000] {logging_mixin.py:190} INFO - [2025-11-10T14:18:27.258+0000] {dag.py:4180} INFO - Setting next_dagrun for system_dag to 2025-11-09T00:00:00+00:00, run_after=2025-11-10T00:00:00+00:00
[2025-11-10T14:18:27.282+0000] {processor.py:208} INFO - Processing /opt/airflow/dags/system_dag.py took 0.123 seconds
[2025-11-10T14:18:59.516+0000] {processor.py:186} INFO - Started process (PID=399) to work on /opt/airflow/dags/system_dag.py
[2025-11-10T14:18:59.517+0000] {processor.py:914} INFO - Processing file /opt/airflow/dags/system_dag.py for tasks to queue
[2025-11-10T14:18:59.519+0000] {logging_mixin.py:190} INFO - [2025-11-10T14:18:59.519+0000] {dagbag.py:588} INFO - Filling up the DagBag from /opt/airflow/dags/system_dag.py
[2025-11-10T14:18:59.538+0000] {processor.py:925} INFO - DAG(s) 'system_dag' retrieved from /opt/airflow/dags/system_dag.py
[2025-11-10T14:18:59.573+0000] {logging_mixin.py:190} INFO - [2025-11-10T14:18:59.572+0000] {dag.py:3239} INFO - Sync 1 DAGs
[2025-11-10T14:18:59.601+0000] {logging_mixin.py:190} INFO - [2025-11-10T14:18:59.601+0000] {dag.py:4180} INFO - Setting next_dagrun for system_dag to 2025-11-09T00:00:00+00:00, run_after=2025-11-10T00:00:00+00:00
[2025-11-10T14:18:59.626+0000] {processor.py:208} INFO - Processing /opt/airflow/dags/system_dag.py took 0.115 seconds
[2025-11-10T14:19:32.095+0000] {processor.py:186} INFO - Started process (PID=403) to work on /opt/airflow/dags/system_dag.py
[2025-11-10T14:19:32.096+0000] {processor.py:914} INFO - Processing file /opt/airflow/dags/system_dag.py for tasks to queue
[2025-11-10T14:19:32.097+0000] {logging_mixin.py:190} INFO - [2025-11-10T14:19:32.097+0000] {dagbag.py:588} INFO - Filling up the DagBag from /opt/airflow/dags/system_dag.py
[2025-11-10T14:19:32.124+0000] {processor.py:925} INFO - DAG(s) 'system_dag' retrieved from /opt/airflow/dags/system_dag.py
[2025-11-10T14:19:32.165+0000] {logging_mixin.py:190} INFO - [2025-11-10T14:19:32.165+0000] {dag.py:3239} INFO - Sync 1 DAGs
[2025-11-10T14:19:32.196+0000] {logging_mixin.py:190} INFO - [2025-11-10T14:19:32.195+0000] {dag.py:4180} INFO - Setting next_dagrun for system_dag to 2025-11-09T00:00:00+00:00, run_after=2025-11-10T00:00:00+00:00
[2025-11-10T14:19:32.228+0000] {processor.py:208} INFO - Processing /opt/airflow/dags/system_dag.py took 0.141 seconds
[2025-11-10T14:20:05.466+0000] {processor.py:186} INFO - Started process (PID=407) to work on /opt/airflow/dags/system_dag.py
[2025-11-10T14:20:05.467+0000] {processor.py:914} INFO - Processing file /opt/airflow/dags/system_dag.py for tasks to queue
[2025-11-10T14:20:05.468+0000] {logging_mixin.py:190} INFO - [2025-11-10T14:20:05.468+0000] {dagbag.py:588} INFO - Filling up the DagBag from /opt/airflow/dags/system_dag.py
[2025-11-10T14:20:05.488+0000] {processor.py:925} INFO - DAG(s) 'system_dag' retrieved from /opt/airflow/dags/system_dag.py
[2025-11-10T14:20:05.530+0000] {logging_mixin.py:190} INFO - [2025-11-10T14:20:05.530+0000] {dag.py:3239} INFO - Sync 1 DAGs
[2025-11-10T14:20:05.562+0000] {logging_mixin.py:190} INFO - [2025-11-10T14:20:05.561+0000] {dag.py:4180} INFO - Setting next_dagrun for system_dag to 2025-11-09T00:00:00+00:00, run_after=2025-11-10T00:00:00+00:00
[2025-11-10T14:20:05.586+0000] {processor.py:208} INFO - Processing /opt/airflow/dags/system_dag.py took 0.128 seconds
[2025-11-10T14:20:37.791+0000] {processor.py:186} INFO - Started process (PID=411) to work on /opt/airflow/dags/system_dag.py
[2025-11-10T14:20:37.791+0000] {processor.py:914} INFO - Processing file /opt/airflow/dags/system_dag.py for tasks to queue
[2025-11-10T14:20:37.793+0000] {logging_mixin.py:190} INFO - [2025-11-10T14:20:37.793+0000] {dagbag.py:588} INFO - Filling up the DagBag from /opt/airflow/dags/system_dag.py
[2025-11-10T14:20:37.811+0000] {processor.py:925} INFO - DAG(s) 'system_dag' retrieved from /opt/airflow/dags/system_dag.py
[2025-11-10T14:20:37.847+0000] {logging_mixin.py:190} INFO - [2025-11-10T14:20:37.847+0000] {dag.py:3239} INFO - Sync 1 DAGs
[2025-11-10T14:20:37.875+0000] {logging_mixin.py:190} INFO - [2025-11-10T14:20:37.875+0000] {dag.py:4180} INFO - Setting next_dagrun for system_dag to 2025-11-09T00:00:00+00:00, run_after=2025-11-10T00:00:00+00:00
[2025-11-10T14:20:37.898+0000] {processor.py:208} INFO - Processing /opt/airflow/dags/system_dag.py took 0.114 seconds
[2025-11-10T14:21:10.119+0000] {processor.py:186} INFO - Started process (PID=415) to work on /opt/airflow/dags/system_dag.py
[2025-11-10T14:21:10.120+0000] {processor.py:914} INFO - Processing file /opt/airflow/dags/system_dag.py for tasks to queue
[2025-11-10T14:21:10.122+0000] {logging_mixin.py:190} INFO - [2025-11-10T14:21:10.121+0000] {dagbag.py:588} INFO - Filling up the DagBag from /opt/airflow/dags/system_dag.py
[2025-11-10T14:21:10.142+0000] {processor.py:925} INFO - DAG(s) 'system_dag' retrieved from /opt/airflow/dags/system_dag.py
[2025-11-10T14:21:10.182+0000] {logging_mixin.py:190} INFO - [2025-11-10T14:21:10.181+0000] {dag.py:3239} INFO - Sync 1 DAGs
[2025-11-10T14:21:10.214+0000] {logging_mixin.py:190} INFO - [2025-11-10T14:21:10.213+0000] {dag.py:4180} INFO - Setting next_dagrun for system_dag to 2025-11-09T00:00:00+00:00, run_after=2025-11-10T00:00:00+00:00
[2025-11-10T14:21:10.236+0000] {processor.py:208} INFO - Processing /opt/airflow/dags/system_dag.py took 0.126 seconds
[2025-11-10T14:21:43.654+0000] {processor.py:186} INFO - Started process (PID=419) to work on /opt/airflow/dags/system_dag.py
[2025-11-10T14:21:43.655+0000] {processor.py:914} INFO - Processing file /opt/airflow/dags/system_dag.py for tasks to queue
[2025-11-10T14:21:43.656+0000] {logging_mixin.py:190} INFO - [2025-11-10T14:21:43.656+0000] {dagbag.py:588} INFO - Filling up the DagBag from /opt/airflow/dags/system_dag.py
[2025-11-10T14:21:43.676+0000] {processor.py:925} INFO - DAG(s) 'system_dag' retrieved from /opt/airflow/dags/system_dag.py
[2025-11-10T14:21:43.722+0000] {logging_mixin.py:190} INFO - [2025-11-10T14:21:43.721+0000] {dag.py:3239} INFO - Sync 1 DAGs
[2025-11-10T14:21:43.754+0000] {logging_mixin.py:190} INFO - [2025-11-10T14:21:43.753+0000] {dag.py:4180} INFO - Setting next_dagrun for system_dag to 2025-11-09T00:00:00+00:00, run_after=2025-11-10T00:00:00+00:00
[2025-11-10T14:21:43.778+0000] {processor.py:208} INFO - Processing /opt/airflow/dags/system_dag.py took 0.132 seconds
[2025-11-10T14:32:10.366+0000] {processor.py:186} INFO - Started process (PID=423) to work on /opt/airflow/dags/system_dag.py
[2025-11-10T14:32:10.368+0000] {processor.py:914} INFO - Processing file /opt/airflow/dags/system_dag.py for tasks to queue
[2025-11-10T14:32:10.372+0000] {logging_mixin.py:190} INFO - [2025-11-10T14:32:10.371+0000] {dagbag.py:588} INFO - Filling up the DagBag from /opt/airflow/dags/system_dag.py
[2025-11-10T14:32:10.411+0000] {processor.py:925} INFO - DAG(s) 'system_dag' retrieved from /opt/airflow/dags/system_dag.py
[2025-11-10T14:32:10.504+0000] {logging_mixin.py:190} INFO - [2025-11-10T14:32:10.503+0000] {dag.py:3239} INFO - Sync 1 DAGs
[2025-11-10T14:32:10.583+0000] {logging_mixin.py:190} INFO - [2025-11-10T14:32:10.583+0000] {dag.py:4180} INFO - Setting next_dagrun for system_dag to 2025-11-09T00:00:00+00:00, run_after=2025-11-10T00:00:00+00:00
[2025-11-10T14:32:10.635+0000] {processor.py:208} INFO - Processing /opt/airflow/dags/system_dag.py took 0.282 seconds
[2025-11-10T14:32:41.211+0000] {processor.py:186} INFO - Started process (PID=427) to work on /opt/airflow/dags/system_dag.py
[2025-11-10T14:32:41.212+0000] {processor.py:914} INFO - Processing file /opt/airflow/dags/system_dag.py for tasks to queue
[2025-11-10T14:32:41.214+0000] {logging_mixin.py:190} INFO - [2025-11-10T14:32:41.213+0000] {dagbag.py:588} INFO - Filling up the DagBag from /opt/airflow/dags/system_dag.py
[2025-11-10T14:32:41.239+0000] {processor.py:925} INFO - DAG(s) 'system_dag' retrieved from /opt/airflow/dags/system_dag.py
[2025-11-10T14:32:41.296+0000] {logging_mixin.py:190} INFO - [2025-11-10T14:32:41.296+0000] {dag.py:3239} INFO - Sync 1 DAGs
[2025-11-10T14:32:41.342+0000] {logging_mixin.py:190} INFO - [2025-11-10T14:32:41.342+0000] {dag.py:4180} INFO - Setting next_dagrun for system_dag to 2025-11-09T00:00:00+00:00, run_after=2025-11-10T00:00:00+00:00
[2025-11-10T14:32:41.374+0000] {processor.py:208} INFO - Processing /opt/airflow/dags/system_dag.py took 0.171 seconds
[2025-11-10T14:33:12.279+0000] {processor.py:186} INFO - Started process (PID=431) to work on /opt/airflow/dags/system_dag.py
[2025-11-10T14:33:12.280+0000] {processor.py:914} INFO - Processing file /opt/airflow/dags/system_dag.py for tasks to queue
[2025-11-10T14:33:12.283+0000] {logging_mixin.py:190} INFO - [2025-11-10T14:33:12.282+0000] {dagbag.py:588} INFO - Filling up the DagBag from /opt/airflow/dags/system_dag.py
[2025-11-10T14:33:12.306+0000] {processor.py:925} INFO - DAG(s) 'system_dag' retrieved from /opt/airflow/dags/system_dag.py
[2025-11-10T14:33:12.350+0000] {logging_mixin.py:190} INFO - [2025-11-10T14:33:12.350+0000] {dag.py:3239} INFO - Sync 1 DAGs
[2025-11-10T14:33:12.384+0000] {logging_mixin.py:190} INFO - [2025-11-10T14:33:12.383+0000] {dag.py:4180} INFO - Setting next_dagrun for system_dag to 2025-11-09T00:00:00+00:00, run_after=2025-11-10T00:00:00+00:00
[2025-11-10T14:33:12.415+0000] {processor.py:208} INFO - Processing /opt/airflow/dags/system_dag.py took 0.146 seconds
