[2026-01-27T05:48:15.812+0000] {local_task_job_runner.py:123} INFO - ::group::Pre task execution logs
[2026-01-27T05:48:15.878+0000] {taskinstance.py:2614} INFO - Dependencies all met for dep_context=non-requeueable deps ti=<TaskInstance: crawl_etl_itjob.load_bronze scheduled__2026-01-17T02:00:00+00:00 [queued]>
[2026-01-27T05:48:15.899+0000] {taskinstance.py:2614} INFO - Dependencies all met for dep_context=requeueable deps ti=<TaskInstance: crawl_etl_itjob.load_bronze scheduled__2026-01-17T02:00:00+00:00 [queued]>
[2026-01-27T05:48:15.900+0000] {taskinstance.py:2867} INFO - Starting attempt 1 of 2
[2026-01-27T05:48:15.928+0000] {taskinstance.py:2890} INFO - Executing <Task(BashOperator): load_bronze> on 2026-01-17 02:00:00+00:00
[2026-01-27T05:48:15.934+0000] {standard_task_runner.py:72} INFO - Started process 55 to run task
[2026-01-27T05:48:15.938+0000] {standard_task_runner.py:104} INFO - Running: ['***', 'tasks', 'run', 'crawl_etl_itjob', 'load_bronze', 'scheduled__2026-01-17T02:00:00+00:00', '--job-id', '463', '--raw', '--subdir', 'DAGS_FOLDER/Crawl_ETL_ITJob.py', '--cfg-path', '/tmp/tmph62fzwur']
[2026-01-27T05:48:15.941+0000] {standard_task_runner.py:105} INFO - Job 463: Subtask load_bronze
[2026-01-27T05:48:15.972+0000] {warnings.py:109} WARNING - /home/***/.local/lib/python3.8/site-packages/***/settings.py:209: DeprecationWarning: The sql_alchemy_conn option in [core] has been moved to the sql_alchemy_conn option in [database] - the old setting has been used, but please update your config.
  SQL_ALCHEMY_CONN = conf.get("database", "SQL_ALCHEMY_CONN")

[2026-01-27T05:48:16.071+0000] {task_command.py:467} INFO - Running <TaskInstance: crawl_etl_itjob.load_bronze scheduled__2026-01-17T02:00:00+00:00 [running]> on host a1de7f96d4f1
[2026-01-27T05:48:16.072+0000] {warnings.py:109} WARNING - /home/***/.local/lib/python3.8/site-packages/***/settings.py:470: DeprecationWarning: The sql_alchemy_conn option in [core] has been moved to the sql_alchemy_conn option in [database] - the old setting has been used, but please update your config.
  if conf.get("database", "sql_alchemy_conn") == "none://":

[2026-01-27T05:48:16.258+0000] {taskinstance.py:3134} INFO - Exporting env vars: AIRFLOW_CTX_DAG_EMAIL='dinhhoa0102@gmail.com' AIRFLOW_CTX_DAG_OWNER='***' AIRFLOW_CTX_DAG_ID='crawl_etl_itjob' AIRFLOW_CTX_TASK_ID='load_bronze' AIRFLOW_CTX_EXECUTION_DATE='2026-01-17T02:00:00+00:00' AIRFLOW_CTX_TRY_NUMBER='1' AIRFLOW_CTX_DAG_RUN_ID='scheduled__2026-01-17T02:00:00+00:00'
[2026-01-27T05:48:16.260+0000] {taskinstance.py:732} INFO - ::endgroup::
[2026-01-27T05:48:16.289+0000] {subprocess.py:78} INFO - Tmp dir root location: /tmp
[2026-01-27T05:48:16.292+0000] {subprocess.py:88} INFO - Running command: ['/bin/bash', '-c', "\n        docker exec spark-submit bash -c '\n        /opt/spark/bin/spark-submit         --master spark://spark-master:7077         --deploy-mode client         --packages org.apache.iceberg:iceberg-spark-runtime-3.5_2.12:1.5.0         /opt/spark/scripts/Load_Bronze.py\n        '\n        "]
[2026-01-27T05:48:16.320+0000] {subprocess.py:99} INFO - Output:
[2026-01-27T05:48:23.140+0000] {subprocess.py:106} INFO - :: loading settings :: url = jar:file:/opt/spark/jars/ivy-2.5.1.jar!/org/apache/ivy/core/settings/ivysettings.xml
[2026-01-27T05:48:23.319+0000] {subprocess.py:106} INFO - Ivy Default Cache set to: /home/spark/.ivy2/cache
[2026-01-27T05:48:23.320+0000] {subprocess.py:106} INFO - The jars for the packages stored in: /home/spark/.ivy2/jars
[2026-01-27T05:48:23.329+0000] {subprocess.py:106} INFO - org.apache.iceberg#iceberg-spark-runtime-3.5_2.12 added as a dependency
[2026-01-27T05:48:23.333+0000] {subprocess.py:106} INFO - :: resolving dependencies :: org.apache.spark#spark-submit-parent-b68f461b-72c3-415f-9e9a-ae0af68675a0;1.0
[2026-01-27T05:48:23.333+0000] {subprocess.py:106} INFO - 	confs: [default]
[2026-01-27T05:48:23.570+0000] {subprocess.py:106} INFO - 	found org.apache.iceberg#iceberg-spark-runtime-3.5_2.12;1.5.0 in central
[2026-01-27T05:48:23.603+0000] {subprocess.py:106} INFO - :: resolution report :: resolve 257ms :: artifacts dl 7ms
[2026-01-27T05:48:23.604+0000] {subprocess.py:106} INFO - 	:: modules in use:
[2026-01-27T05:48:23.605+0000] {subprocess.py:106} INFO - 	org.apache.iceberg#iceberg-spark-runtime-3.5_2.12;1.5.0 from central in [default]
[2026-01-27T05:48:23.611+0000] {subprocess.py:106} INFO - 	---------------------------------------------------------------------
[2026-01-27T05:48:23.612+0000] {subprocess.py:106} INFO - 	|                  |            modules            ||   artifacts   |
[2026-01-27T05:48:23.613+0000] {subprocess.py:106} INFO - 	|       conf       | number| search|dwnlded|evicted|| number|dwnlded|
[2026-01-27T05:48:23.613+0000] {subprocess.py:106} INFO - 	---------------------------------------------------------------------
[2026-01-27T05:48:23.614+0000] {subprocess.py:106} INFO - 	|      default     |   1   |   0   |   0   |   0   ||   1   |   0   |
[2026-01-27T05:48:23.616+0000] {subprocess.py:106} INFO - 	---------------------------------------------------------------------
[2026-01-27T05:48:23.617+0000] {subprocess.py:106} INFO - :: retrieving :: org.apache.spark#spark-submit-parent-b68f461b-72c3-415f-9e9a-ae0af68675a0
[2026-01-27T05:48:23.618+0000] {subprocess.py:106} INFO - 	confs: [default]
[2026-01-27T05:48:23.619+0000] {subprocess.py:106} INFO - 	0 artifacts copied, 1 already retrieved (0kB/13ms)
[2026-01-27T05:48:24.064+0000] {subprocess.py:106} INFO - 26/01/27 05:48:24 WARN NativeCodeLoader: Unable to load native-hadoop library for your platform... using builtin-java classes where applicable
[2026-01-27T05:48:25.750+0000] {subprocess.py:106} INFO - 26/01/27 05:48:25 INFO SparkContext: Running Spark version 3.5.3
[2026-01-27T05:48:25.751+0000] {subprocess.py:106} INFO - 26/01/27 05:48:25 INFO SparkContext: OS info Linux, 6.6.87.2-microsoft-standard-WSL2, amd64
[2026-01-27T05:48:25.752+0000] {subprocess.py:106} INFO - 26/01/27 05:48:25 INFO SparkContext: Java version 11.0.24
[2026-01-27T05:48:25.807+0000] {subprocess.py:106} INFO - 26/01/27 05:48:25 INFO ResourceUtils: ==============================================================
[2026-01-27T05:48:25.809+0000] {subprocess.py:106} INFO - 26/01/27 05:48:25 INFO ResourceUtils: No custom resources configured for spark.driver.
[2026-01-27T05:48:25.811+0000] {subprocess.py:106} INFO - 26/01/27 05:48:25 INFO ResourceUtils: ==============================================================
[2026-01-27T05:48:25.813+0000] {subprocess.py:106} INFO - 26/01/27 05:48:25 INFO SparkContext: Submitted application: Load_Bronze_Hive_Iceberg
[2026-01-27T05:48:25.895+0000] {subprocess.py:106} INFO - 26/01/27 05:48:25 INFO ResourceProfile: Default ResourceProfile created, executor resources: Map(memory -> name: memory, amount: 1024, script: , vendor: , offHeap -> name: offHeap, amount: 0, script: , vendor: ), task resources: Map(cpus -> name: cpus, amount: 1.0)
[2026-01-27T05:48:25.932+0000] {subprocess.py:106} INFO - 26/01/27 05:48:25 INFO ResourceProfile: Limiting resource is cpu
[2026-01-27T05:48:25.933+0000] {subprocess.py:106} INFO - 26/01/27 05:48:25 INFO ResourceProfileManager: Added ResourceProfile id: 0
[2026-01-27T05:48:26.128+0000] {subprocess.py:106} INFO - 26/01/27 05:48:26 INFO SecurityManager: Changing view acls to: spark
[2026-01-27T05:48:26.131+0000] {subprocess.py:106} INFO - 26/01/27 05:48:26 INFO SecurityManager: Changing modify acls to: spark
[2026-01-27T05:48:26.133+0000] {subprocess.py:106} INFO - 26/01/27 05:48:26 INFO SecurityManager: Changing view acls groups to:
[2026-01-27T05:48:26.142+0000] {subprocess.py:106} INFO - 26/01/27 05:48:26 INFO SecurityManager: Changing modify acls groups to:
[2026-01-27T05:48:26.146+0000] {subprocess.py:106} INFO - 26/01/27 05:48:26 INFO SecurityManager: SecurityManager: authentication disabled; ui acls disabled; users with view permissions: spark; groups with view permissions: EMPTY; users with modify permissions: spark; groups with modify permissions: EMPTY
[2026-01-27T05:48:26.772+0000] {subprocess.py:106} INFO - 26/01/27 05:48:26 INFO Utils: Successfully started service 'sparkDriver' on port 41733.
[2026-01-27T05:48:26.836+0000] {subprocess.py:106} INFO - 26/01/27 05:48:26 INFO SparkEnv: Registering MapOutputTracker
[2026-01-27T05:48:26.893+0000] {subprocess.py:106} INFO - 26/01/27 05:48:26 INFO SparkEnv: Registering BlockManagerMaster
[2026-01-27T05:48:26.926+0000] {subprocess.py:106} INFO - 26/01/27 05:48:26 INFO BlockManagerMasterEndpoint: Using org.apache.spark.storage.DefaultTopologyMapper for getting topology information
[2026-01-27T05:48:26.928+0000] {subprocess.py:106} INFO - 26/01/27 05:48:26 INFO BlockManagerMasterEndpoint: BlockManagerMasterEndpoint up
[2026-01-27T05:48:26.937+0000] {subprocess.py:106} INFO - 26/01/27 05:48:26 INFO SparkEnv: Registering BlockManagerMasterHeartbeat
[2026-01-27T05:48:26.999+0000] {subprocess.py:106} INFO - 26/01/27 05:48:26 INFO DiskBlockManager: Created local directory at /tmp/blockmgr-f65bb6c3-99e5-4ab9-aca3-b0234f5f7236
[2026-01-27T05:48:27.026+0000] {subprocess.py:106} INFO - 26/01/27 05:48:27 INFO MemoryStore: MemoryStore started with capacity 434.4 MiB
[2026-01-27T05:48:27.052+0000] {subprocess.py:106} INFO - 26/01/27 05:48:27 INFO SparkEnv: Registering OutputCommitCoordinator
[2026-01-27T05:48:27.318+0000] {subprocess.py:106} INFO - 26/01/27 05:48:27 INFO JettyUtils: Start Jetty 0.0.0.0:4040 for SparkUI
[2026-01-27T05:48:27.410+0000] {subprocess.py:106} INFO - 26/01/27 05:48:27 INFO Utils: Successfully started service 'SparkUI' on port 4040.
[2026-01-27T05:48:27.458+0000] {subprocess.py:106} INFO - 26/01/27 05:48:27 INFO SparkContext: Added JAR file:///home/spark/.ivy2/jars/org.apache.iceberg_iceberg-spark-runtime-3.5_2.12-1.5.0.jar at spark://65f44b4fd513:41733/jars/org.apache.iceberg_iceberg-spark-runtime-3.5_2.12-1.5.0.jar with timestamp 1769492905729
[2026-01-27T05:48:27.463+0000] {subprocess.py:106} INFO - 26/01/27 05:48:27 INFO SparkContext: Added file file:///home/spark/.ivy2/jars/org.apache.iceberg_iceberg-spark-runtime-3.5_2.12-1.5.0.jar at spark://65f44b4fd513:41733/files/org.apache.iceberg_iceberg-spark-runtime-3.5_2.12-1.5.0.jar with timestamp 1769492905729
[2026-01-27T05:48:27.466+0000] {subprocess.py:106} INFO - 26/01/27 05:48:27 INFO Utils: Copying /home/spark/.ivy2/jars/org.apache.iceberg_iceberg-spark-runtime-3.5_2.12-1.5.0.jar to /tmp/spark-892f1e07-4bec-4325-a8ad-d9159c107afe/userFiles-04eaaeb6-7353-4c43-8ae9-e013ffd5f524/org.apache.iceberg_iceberg-spark-runtime-3.5_2.12-1.5.0.jar
[2026-01-27T05:48:27.945+0000] {subprocess.py:106} INFO - 26/01/27 05:48:27 INFO StandaloneAppClient$ClientEndpoint: Connecting to master spark://spark-master:7077...
[2026-01-27T05:48:28.050+0000] {subprocess.py:106} INFO - 26/01/27 05:48:28 INFO TransportClientFactory: Successfully created connection to spark-master/172.30.0.6:7077 after 66 ms (0 ms spent in bootstraps)
[2026-01-27T05:48:29.496+0000] {subprocess.py:106} INFO - 26/01/27 05:48:29 INFO StandaloneSchedulerBackend: Connected to Spark cluster with app ID app-20260127054828-0000
[2026-01-27T05:48:29.551+0000] {subprocess.py:106} INFO - 26/01/27 05:48:29 INFO Utils: Successfully started service 'org.apache.spark.network.netty.NettyBlockTransferService' on port 41499.
[2026-01-27T05:48:29.558+0000] {subprocess.py:106} INFO - 26/01/27 05:48:29 INFO NettyBlockTransferService: Server created on 65f44b4fd513:41499
[2026-01-27T05:48:29.563+0000] {subprocess.py:106} INFO - 26/01/27 05:48:29 INFO BlockManager: Using org.apache.spark.storage.RandomBlockReplicationPolicy for block replication policy
[2026-01-27T05:48:29.585+0000] {subprocess.py:106} INFO - 26/01/27 05:48:29 INFO BlockManagerMaster: Registering BlockManager BlockManagerId(driver, 65f44b4fd513, 41499, None)
[2026-01-27T05:48:29.602+0000] {subprocess.py:106} INFO - 26/01/27 05:48:29 INFO BlockManagerMasterEndpoint: Registering block manager 65f44b4fd513:41499 with 434.4 MiB RAM, BlockManagerId(driver, 65f44b4fd513, 41499, None)
[2026-01-27T05:48:29.606+0000] {subprocess.py:106} INFO - 26/01/27 05:48:29 INFO BlockManagerMaster: Registered BlockManager BlockManagerId(driver, 65f44b4fd513, 41499, None)
[2026-01-27T05:48:29.608+0000] {subprocess.py:106} INFO - 26/01/27 05:48:29 INFO BlockManager: Initialized BlockManager: BlockManagerId(driver, 65f44b4fd513, 41499, None)
[2026-01-27T05:48:29.639+0000] {subprocess.py:106} INFO - 26/01/27 05:48:29 INFO StandaloneAppClient$ClientEndpoint: Executor added: app-20260127054828-0000/0 on worker-20260127045607-172.30.0.8-46405 (172.30.0.8:46405) with 1 core(s)
[2026-01-27T05:48:29.648+0000] {subprocess.py:106} INFO - 26/01/27 05:48:29 INFO StandaloneSchedulerBackend: Granted executor ID app-20260127054828-0000/0 on hostPort 172.30.0.8:46405 with 1 core(s), 1024.0 MiB RAM
[2026-01-27T05:48:30.219+0000] {subprocess.py:106} INFO - 26/01/27 05:48:30 INFO StandaloneSchedulerBackend: SchedulerBackend is ready for scheduling beginning after reached minRegisteredResourcesRatio: 0.0
[2026-01-27T05:48:30.616+0000] {subprocess.py:106} INFO - 26/01/27 05:48:30 INFO SharedState: Setting hive.metastore.warehouse.dir ('null') to the value of spark.sql.warehouse.dir.
[2026-01-27T05:48:30.620+0000] {subprocess.py:106} INFO - 26/01/27 05:48:30 INFO SharedState: Warehouse path is 'file:/opt/spark/work-dir/spark-warehouse'.
[2026-01-27T05:48:31.162+0000] {subprocess.py:106} INFO - 26/01/27 05:48:31 INFO StandaloneAppClient$ClientEndpoint: Executor updated: app-20260127054828-0000/0 is now RUNNING
[2026-01-27T05:48:34.350+0000] {subprocess.py:106} INFO - 26/01/27 05:48:34 INFO InMemoryFileIndex: It took 159 ms to list leaf files for 1 paths.
[2026-01-27T05:48:34.677+0000] {subprocess.py:106} INFO - 26/01/27 05:48:34 INFO MemoryStore: Block broadcast_0 stored as values in memory (estimated size 203.7 KiB, free 434.2 MiB)
[2026-01-27T05:48:34.834+0000] {subprocess.py:106} INFO - 26/01/27 05:48:34 INFO MemoryStore: Block broadcast_0_piece0 stored as bytes in memory (estimated size 35.3 KiB, free 434.2 MiB)
[2026-01-27T05:48:34.840+0000] {subprocess.py:106} INFO - 26/01/27 05:48:34 INFO BlockManagerInfo: Added broadcast_0_piece0 in memory on 65f44b4fd513:41499 (size: 35.3 KiB, free: 434.4 MiB)
[2026-01-27T05:48:34.847+0000] {subprocess.py:106} INFO - 26/01/27 05:48:34 INFO SparkContext: Created broadcast 0 from csv at <unknown>:0
[2026-01-27T05:48:35.886+0000] {subprocess.py:106} INFO - 26/01/27 05:48:35 INFO FileInputFormat: Total input files to process : 1
[2026-01-27T05:48:35.894+0000] {subprocess.py:106} INFO - 26/01/27 05:48:35 INFO FileInputFormat: Total input files to process : 1
[2026-01-27T05:48:36.010+0000] {subprocess.py:106} INFO - 26/01/27 05:48:36 INFO SparkContext: Starting job: csv at <unknown>:0
[2026-01-27T05:48:36.048+0000] {subprocess.py:106} INFO - 26/01/27 05:48:36 INFO DAGScheduler: Got job 0 (csv at <unknown>:0) with 1 output partitions
[2026-01-27T05:48:36.049+0000] {subprocess.py:106} INFO - 26/01/27 05:48:36 INFO DAGScheduler: Final stage: ResultStage 0 (csv at <unknown>:0)
[2026-01-27T05:48:36.050+0000] {subprocess.py:106} INFO - 26/01/27 05:48:36 INFO DAGScheduler: Parents of final stage: List()
[2026-01-27T05:48:36.054+0000] {subprocess.py:106} INFO - 26/01/27 05:48:36 INFO DAGScheduler: Missing parents: List()
[2026-01-27T05:48:36.064+0000] {subprocess.py:106} INFO - 26/01/27 05:48:36 INFO DAGScheduler: Submitting ResultStage 0 (MapPartitionsRDD[2] at csv at <unknown>:0), which has no missing parents
[2026-01-27T05:48:36.110+0000] {subprocess.py:106} INFO - 26/01/27 05:48:36 INFO MemoryStore: Block broadcast_1 stored as values in memory (estimated size 7.6 KiB, free 434.2 MiB)
[2026-01-27T05:48:36.113+0000] {subprocess.py:106} INFO - 26/01/27 05:48:36 INFO MemoryStore: Block broadcast_1_piece0 stored as bytes in memory (estimated size 4.4 KiB, free 434.2 MiB)
[2026-01-27T05:48:36.114+0000] {subprocess.py:106} INFO - 26/01/27 05:48:36 INFO BlockManagerInfo: Added broadcast_1_piece0 in memory on 65f44b4fd513:41499 (size: 4.4 KiB, free: 434.4 MiB)
[2026-01-27T05:48:36.116+0000] {subprocess.py:106} INFO - 26/01/27 05:48:36 INFO SparkContext: Created broadcast 1 from broadcast at DAGScheduler.scala:1585
[2026-01-27T05:48:36.161+0000] {subprocess.py:106} INFO - 26/01/27 05:48:36 INFO DAGScheduler: Submitting 1 missing tasks from ResultStage 0 (MapPartitionsRDD[2] at csv at <unknown>:0) (first 15 tasks are for partitions Vector(0))
[2026-01-27T05:48:36.163+0000] {subprocess.py:106} INFO - 26/01/27 05:48:36 INFO TaskSchedulerImpl: Adding task set 0.0 with 1 tasks resource profile 0
[2026-01-27T05:48:37.784+0000] {subprocess.py:106} INFO - 26/01/27 05:48:37 INFO StandaloneSchedulerBackend$StandaloneDriverEndpoint: Registered executor NettyRpcEndpointRef(spark-client://Executor) (172.30.0.8:42186) with ID 0,  ResourceProfileId 0
[2026-01-27T05:48:37.964+0000] {subprocess.py:106} INFO - 26/01/27 05:48:37 INFO BlockManagerMasterEndpoint: Registering block manager 172.30.0.8:42163 with 434.4 MiB RAM, BlockManagerId(0, 172.30.0.8, 42163, None)
[2026-01-27T05:48:40.266+0000] {subprocess.py:106} INFO - 26/01/27 05:48:40 INFO TaskSetManager: Starting task 0.0 in stage 0.0 (TID 0) (172.30.0.8, executor 0, partition 0, PROCESS_LOCAL, 9484 bytes)
[2026-01-27T05:48:40.645+0000] {subprocess.py:106} INFO - 26/01/27 05:48:40 INFO BlockManagerInfo: Added broadcast_1_piece0 in memory on 172.30.0.8:42163 (size: 4.4 KiB, free: 434.4 MiB)
[2026-01-27T05:48:41.062+0000] {subprocess.py:106} INFO - 26/01/27 05:48:41 INFO BlockManagerInfo: Added broadcast_0_piece0 in memory on 172.30.0.8:42163 (size: 35.3 KiB, free: 434.4 MiB)
[2026-01-27T05:48:42.574+0000] {subprocess.py:106} INFO - 26/01/27 05:48:42 INFO TaskSetManager: Finished task 0.0 in stage 0.0 (TID 0) in 2323 ms on 172.30.0.8 (executor 0) (1/1)
[2026-01-27T05:48:42.577+0000] {subprocess.py:106} INFO - 26/01/27 05:48:42 INFO TaskSchedulerImpl: Removed TaskSet 0.0, whose tasks have all completed, from pool
[2026-01-27T05:48:42.587+0000] {subprocess.py:106} INFO - 26/01/27 05:48:42 INFO DAGScheduler: ResultStage 0 (csv at <unknown>:0) finished in 6.496 s
[2026-01-27T05:48:42.594+0000] {subprocess.py:106} INFO - 26/01/27 05:48:42 INFO DAGScheduler: Job 0 is finished. Cancelling potential speculative or zombie tasks for this job
[2026-01-27T05:48:42.595+0000] {subprocess.py:106} INFO - 26/01/27 05:48:42 INFO TaskSchedulerImpl: Killing all running tasks in stage 0: Stage finished
[2026-01-27T05:48:42.599+0000] {subprocess.py:106} INFO - 26/01/27 05:48:42 INFO DAGScheduler: Job 0 finished: csv at <unknown>:0, took 6.588630 s
[2026-01-27T05:48:43.473+0000] {subprocess.py:106} INFO - 26/01/27 05:48:43 INFO BlockManagerInfo: Removed broadcast_0_piece0 on 65f44b4fd513:41499 in memory (size: 35.3 KiB, free: 434.4 MiB)
[2026-01-27T05:48:43.504+0000] {subprocess.py:106} INFO - 26/01/27 05:48:43 INFO BlockManagerInfo: Removed broadcast_0_piece0 on 172.30.0.8:42163 in memory (size: 35.3 KiB, free: 434.4 MiB)
[2026-01-27T05:48:43.526+0000] {subprocess.py:106} INFO - 26/01/27 05:48:43 INFO BlockManagerInfo: Removed broadcast_1_piece0 on 65f44b4fd513:41499 in memory (size: 4.4 KiB, free: 434.4 MiB)
[2026-01-27T05:48:43.534+0000] {subprocess.py:106} INFO - 26/01/27 05:48:43 INFO BlockManagerInfo: Removed broadcast_1_piece0 on 172.30.0.8:42163 in memory (size: 4.4 KiB, free: 434.4 MiB)
[2026-01-27T05:48:45.295+0000] {subprocess.py:106} INFO - 26/01/27 05:48:45 INFO FileSourceStrategy: Pushed Filters:
[2026-01-27T05:48:45.297+0000] {subprocess.py:106} INFO - 26/01/27 05:48:45 INFO FileSourceStrategy: Post-Scan Filters:
[2026-01-27T05:48:46.223+0000] {subprocess.py:106} INFO - 26/01/27 05:48:46 INFO CodeGenerator: Code generated in 517.337885 ms
[2026-01-27T05:48:46.240+0000] {subprocess.py:106} INFO - 26/01/27 05:48:46 INFO MemoryStore: Block broadcast_2 stored as values in memory (estimated size 203.1 KiB, free 434.2 MiB)
[2026-01-27T05:48:46.317+0000] {subprocess.py:106} INFO - 26/01/27 05:48:46 INFO MemoryStore: Block broadcast_2_piece0 stored as bytes in memory (estimated size 35.1 KiB, free 434.2 MiB)
[2026-01-27T05:48:46.319+0000] {subprocess.py:106} INFO - 26/01/27 05:48:46 INFO BlockManagerInfo: Added broadcast_2_piece0 in memory on 65f44b4fd513:41499 (size: 35.1 KiB, free: 434.4 MiB)
[2026-01-27T05:48:46.320+0000] {subprocess.py:106} INFO - 26/01/27 05:48:46 INFO SparkContext: Created broadcast 2 from count at <unknown>:0
[2026-01-27T05:48:46.347+0000] {subprocess.py:106} INFO - 26/01/27 05:48:46 INFO FileSourceScanExec: Planning scan with bin packing, max size: 4194304 bytes, open cost is considered as scanning 4194304 bytes.
[2026-01-27T05:48:46.423+0000] {subprocess.py:106} INFO - 26/01/27 05:48:46 INFO DAGScheduler: Registering RDD 7 (count at <unknown>:0) as input to shuffle 0
[2026-01-27T05:48:46.428+0000] {subprocess.py:106} INFO - 26/01/27 05:48:46 INFO DAGScheduler: Got map stage job 1 (count at <unknown>:0) with 1 output partitions
[2026-01-27T05:48:46.429+0000] {subprocess.py:106} INFO - 26/01/27 05:48:46 INFO DAGScheduler: Final stage: ShuffleMapStage 1 (count at <unknown>:0)
[2026-01-27T05:48:46.431+0000] {subprocess.py:106} INFO - 26/01/27 05:48:46 INFO DAGScheduler: Parents of final stage: List()
[2026-01-27T05:48:46.435+0000] {subprocess.py:106} INFO - 26/01/27 05:48:46 INFO DAGScheduler: Missing parents: List()
[2026-01-27T05:48:46.438+0000] {subprocess.py:106} INFO - 26/01/27 05:48:46 INFO DAGScheduler: Submitting ShuffleMapStage 1 (MapPartitionsRDD[7] at count at <unknown>:0), which has no missing parents
[2026-01-27T05:48:46.547+0000] {subprocess.py:106} INFO - 26/01/27 05:48:46 INFO MemoryStore: Block broadcast_3 stored as values in memory (estimated size 18.0 KiB, free 434.1 MiB)
[2026-01-27T05:48:46.611+0000] {subprocess.py:106} INFO - 26/01/27 05:48:46 INFO MemoryStore: Block broadcast_3_piece0 stored as bytes in memory (estimated size 8.9 KiB, free 434.1 MiB)
[2026-01-27T05:48:46.617+0000] {subprocess.py:106} INFO - 26/01/27 05:48:46 INFO BlockManagerInfo: Added broadcast_3_piece0 in memory on 65f44b4fd513:41499 (size: 8.9 KiB, free: 434.4 MiB)
[2026-01-27T05:48:46.619+0000] {subprocess.py:106} INFO - 26/01/27 05:48:46 INFO SparkContext: Created broadcast 3 from broadcast at DAGScheduler.scala:1585
[2026-01-27T05:48:46.623+0000] {subprocess.py:106} INFO - 26/01/27 05:48:46 INFO DAGScheduler: Submitting 1 missing tasks from ShuffleMapStage 1 (MapPartitionsRDD[7] at count at <unknown>:0) (first 15 tasks are for partitions Vector(0))
[2026-01-27T05:48:46.630+0000] {subprocess.py:106} INFO - 26/01/27 05:48:46 INFO TaskSchedulerImpl: Adding task set 1.0 with 1 tasks resource profile 0
[2026-01-27T05:48:46.639+0000] {subprocess.py:106} INFO - 26/01/27 05:48:46 INFO TaskSetManager: Starting task 0.0 in stage 1.0 (TID 1) (172.30.0.8, executor 0, partition 0, ANY, 9944 bytes)
[2026-01-27T05:48:46.734+0000] {subprocess.py:106} INFO - 26/01/27 05:48:46 INFO BlockManagerInfo: Added broadcast_3_piece0 in memory on 172.30.0.8:42163 (size: 8.9 KiB, free: 434.4 MiB)
[2026-01-27T05:48:47.980+0000] {subprocess.py:106} INFO - 26/01/27 05:48:47 INFO BlockManagerInfo: Added broadcast_2_piece0 in memory on 172.30.0.8:42163 (size: 35.1 KiB, free: 434.4 MiB)
[2026-01-27T05:48:48.312+0000] {subprocess.py:106} INFO - 26/01/27 05:48:48 INFO TaskSetManager: Finished task 0.0 in stage 1.0 (TID 1) in 1687 ms on 172.30.0.8 (executor 0) (1/1)
[2026-01-27T05:48:48.313+0000] {subprocess.py:106} INFO - 26/01/27 05:48:48 INFO TaskSchedulerImpl: Removed TaskSet 1.0, whose tasks have all completed, from pool
[2026-01-27T05:48:48.318+0000] {subprocess.py:106} INFO - 26/01/27 05:48:48 INFO DAGScheduler: ShuffleMapStage 1 (count at <unknown>:0) finished in 1.866 s
[2026-01-27T05:48:48.323+0000] {subprocess.py:106} INFO - 26/01/27 05:48:48 INFO DAGScheduler: looking for newly runnable stages
[2026-01-27T05:48:48.327+0000] {subprocess.py:106} INFO - 26/01/27 05:48:48 INFO DAGScheduler: running: Set()
[2026-01-27T05:48:48.329+0000] {subprocess.py:106} INFO - 26/01/27 05:48:48 INFO DAGScheduler: waiting: Set()
[2026-01-27T05:48:48.330+0000] {subprocess.py:106} INFO - 26/01/27 05:48:48 INFO DAGScheduler: failed: Set()
[2026-01-27T05:48:48.406+0000] {subprocess.py:106} INFO - 26/01/27 05:48:48 INFO CodeGenerator: Code generated in 19.653177 ms
[2026-01-27T05:48:48.455+0000] {subprocess.py:106} INFO - 26/01/27 05:48:48 INFO SparkContext: Starting job: count at <unknown>:0
[2026-01-27T05:48:48.459+0000] {subprocess.py:106} INFO - 26/01/27 05:48:48 INFO DAGScheduler: Got job 2 (count at <unknown>:0) with 1 output partitions
[2026-01-27T05:48:48.461+0000] {subprocess.py:106} INFO - 26/01/27 05:48:48 INFO DAGScheduler: Final stage: ResultStage 3 (count at <unknown>:0)
[2026-01-27T05:48:48.463+0000] {subprocess.py:106} INFO - 26/01/27 05:48:48 INFO DAGScheduler: Parents of final stage: List(ShuffleMapStage 2)
[2026-01-27T05:48:48.464+0000] {subprocess.py:106} INFO - 26/01/27 05:48:48 INFO DAGScheduler: Missing parents: List()
[2026-01-27T05:48:48.465+0000] {subprocess.py:106} INFO - 26/01/27 05:48:48 INFO DAGScheduler: Submitting ResultStage 3 (MapPartitionsRDD[10] at count at <unknown>:0), which has no missing parents
[2026-01-27T05:48:48.472+0000] {subprocess.py:106} INFO - 26/01/27 05:48:48 INFO MemoryStore: Block broadcast_4 stored as values in memory (estimated size 12.5 KiB, free 434.1 MiB)
[2026-01-27T05:48:48.502+0000] {subprocess.py:106} INFO - 26/01/27 05:48:48 INFO MemoryStore: Block broadcast_4_piece0 stored as bytes in memory (estimated size 5.9 KiB, free 434.1 MiB)
[2026-01-27T05:48:48.509+0000] {subprocess.py:106} INFO - 26/01/27 05:48:48 INFO BlockManagerInfo: Added broadcast_4_piece0 in memory on 65f44b4fd513:41499 (size: 5.9 KiB, free: 434.4 MiB)
[2026-01-27T05:48:48.511+0000] {subprocess.py:106} INFO - 26/01/27 05:48:48 INFO BlockManagerInfo: Removed broadcast_3_piece0 on 65f44b4fd513:41499 in memory (size: 8.9 KiB, free: 434.4 MiB)
[2026-01-27T05:48:48.512+0000] {subprocess.py:106} INFO - 26/01/27 05:48:48 INFO SparkContext: Created broadcast 4 from broadcast at DAGScheduler.scala:1585
[2026-01-27T05:48:48.513+0000] {subprocess.py:106} INFO - 26/01/27 05:48:48 INFO DAGScheduler: Submitting 1 missing tasks from ResultStage 3 (MapPartitionsRDD[10] at count at <unknown>:0) (first 15 tasks are for partitions Vector(0))
[2026-01-27T05:48:48.519+0000] {subprocess.py:106} INFO - 26/01/27 05:48:48 INFO TaskSchedulerImpl: Adding task set 3.0 with 1 tasks resource profile 0
[2026-01-27T05:48:48.523+0000] {subprocess.py:106} INFO - 26/01/27 05:48:48 INFO BlockManagerInfo: Removed broadcast_3_piece0 on 172.30.0.8:42163 in memory (size: 8.9 KiB, free: 434.4 MiB)
[2026-01-27T05:48:48.539+0000] {subprocess.py:106} INFO - 26/01/27 05:48:48 INFO TaskSetManager: Starting task 0.0 in stage 3.0 (TID 2) (172.30.0.8, executor 0, partition 0, NODE_LOCAL, 9331 bytes)
[2026-01-27T05:48:48.590+0000] {subprocess.py:106} INFO - 26/01/27 05:48:48 INFO BlockManagerInfo: Added broadcast_4_piece0 in memory on 172.30.0.8:42163 (size: 5.9 KiB, free: 434.4 MiB)
[2026-01-27T05:48:48.650+0000] {subprocess.py:106} INFO - 26/01/27 05:48:48 INFO MapOutputTrackerMasterEndpoint: Asked to send map output locations for shuffle 0 to 172.30.0.8:42186
[2026-01-27T05:48:48.881+0000] {subprocess.py:106} INFO - 26/01/27 05:48:48 INFO TaskSetManager: Finished task 0.0 in stage 3.0 (TID 2) in 368 ms on 172.30.0.8 (executor 0) (1/1)
[2026-01-27T05:48:48.882+0000] {subprocess.py:106} INFO - 26/01/27 05:48:48 INFO TaskSchedulerImpl: Removed TaskSet 3.0, whose tasks have all completed, from pool
[2026-01-27T05:48:48.882+0000] {subprocess.py:106} INFO - 26/01/27 05:48:48 INFO DAGScheduler: ResultStage 3 (count at <unknown>:0) finished in 0.412 s
[2026-01-27T05:48:48.887+0000] {subprocess.py:106} INFO - 26/01/27 05:48:48 INFO DAGScheduler: Job 2 is finished. Cancelling potential speculative or zombie tasks for this job
[2026-01-27T05:48:48.888+0000] {subprocess.py:106} INFO - 26/01/27 05:48:48 INFO TaskSchedulerImpl: Killing all running tasks in stage 3: Stage finished
[2026-01-27T05:48:48.889+0000] {subprocess.py:106} INFO - 26/01/27 05:48:48 INFO DAGScheduler: Job 2 finished: count at <unknown>:0, took 0.429385 s
[2026-01-27T05:48:48.894+0000] {subprocess.py:106} INFO -  Record loaded from CSV: 7223
[2026-01-27T05:48:48.897+0000] {subprocess.py:106} INFO - root
[2026-01-27T05:48:48.898+0000] {subprocess.py:106} INFO -  |-- job_title: string (nullable = true)
[2026-01-27T05:48:48.899+0000] {subprocess.py:106} INFO -  |-- company_name: string (nullable = true)
[2026-01-27T05:48:48.899+0000] {subprocess.py:106} INFO -  |-- location: string (nullable = true)
[2026-01-27T05:48:48.900+0000] {subprocess.py:106} INFO -  |-- skills_required: string (nullable = true)
[2026-01-27T05:48:48.900+0000] {subprocess.py:106} INFO -  |-- date_posted: string (nullable = true)
[2026-01-27T05:48:48.901+0000] {subprocess.py:106} INFO -  |-- job_link: string (nullable = true)
[2026-01-27T05:48:48.901+0000] {subprocess.py:106} INFO -  |-- job_category: string (nullable = true)
[2026-01-27T05:48:48.902+0000] {subprocess.py:106} INFO -  |-- work_mode: string (nullable = true)
[2026-01-27T05:48:48.904+0000] {subprocess.py:106} INFO -  |-- crawl_date: string (nullable = true)
[2026-01-27T05:48:48.905+0000] {subprocess.py:106} INFO -  |-- date_only: string (nullable = true)
[2026-01-27T05:48:48.906+0000] {subprocess.py:106} INFO - 
[2026-01-27T05:48:49.493+0000] {subprocess.py:106} INFO - 26/01/27 05:48:49 INFO HiveConf: Found configuration file null
[2026-01-27T05:48:49.860+0000] {subprocess.py:106} INFO - 26/01/27 05:48:49 INFO metastore: Trying to connect to metastore with URI thrift://hive-metastore:9083
[2026-01-27T05:48:49.920+0000] {subprocess.py:106} INFO - 26/01/27 05:48:49 INFO metastore: Opened a connection to metastore, current connections: 1
[2026-01-27T05:48:50.008+0000] {subprocess.py:106} INFO - 26/01/27 05:48:50 INFO BlockManagerInfo: Removed broadcast_2_piece0 on 65f44b4fd513:41499 in memory (size: 35.1 KiB, free: 434.4 MiB)
[2026-01-27T05:48:50.010+0000] {subprocess.py:106} INFO - 26/01/27 05:48:50 INFO BlockManagerInfo: Removed broadcast_2_piece0 on 172.30.0.8:42163 in memory (size: 35.1 KiB, free: 434.4 MiB)
[2026-01-27T05:48:50.030+0000] {subprocess.py:106} INFO - 26/01/27 05:48:50 INFO BlockManagerInfo: Removed broadcast_4_piece0 on 65f44b4fd513:41499 in memory (size: 5.9 KiB, free: 434.4 MiB)
[2026-01-27T05:48:50.039+0000] {subprocess.py:106} INFO - 26/01/27 05:48:50 INFO BlockManagerInfo: Removed broadcast_4_piece0 on 172.30.0.8:42163 in memory (size: 5.9 KiB, free: 434.4 MiB)
[2026-01-27T05:48:51.026+0000] {subprocess.py:106} INFO - 26/01/27 05:48:51 INFO metastore: Connected to metastore.
[2026-01-27T05:48:55.381+0000] {subprocess.py:106} INFO - 26/01/27 05:48:55 INFO BaseMetastoreTableOperations: Refreshing table metadata from new version: hdfs://dinhhoa-master:9000/user/ndh/warehouse/bronze.db/it_jobs_raw/metadata/00019-711fef6c-80d6-442f-8a35-fc0c9782e01b.metadata.json
[2026-01-27T05:48:56.412+0000] {subprocess.py:106} INFO - 26/01/27 05:48:56 INFO BaseMetastoreCatalog: Table loaded by catalog: hive_catalog.bronze.it_jobs_raw
[2026-01-27T05:48:57.032+0000] {subprocess.py:106} INFO - 26/01/27 05:48:57 INFO V2ScanRelationPushDown:
[2026-01-27T05:48:57.033+0000] {subprocess.py:106} INFO - Pushing operators to hive_catalog.bronze.it_jobs_raw
[2026-01-27T05:48:57.034+0000] {subprocess.py:106} INFO - Pushed Filters: job_link IS NOT NULL
[2026-01-27T05:48:57.034+0000] {subprocess.py:106} INFO - Post-Scan Filters: isnotnull(job_link#66)
[2026-01-27T05:48:57.035+0000] {subprocess.py:106} INFO - 
[2026-01-27T05:48:57.114+0000] {subprocess.py:106} INFO - 26/01/27 05:48:57 INFO V2ScanRelationPushDown:
[2026-01-27T05:48:57.118+0000] {subprocess.py:106} INFO - Output: job_link#66
[2026-01-27T05:48:57.118+0000] {subprocess.py:106} INFO - 
[2026-01-27T05:48:57.135+0000] {subprocess.py:106} INFO - 26/01/27 05:48:57 INFO SnapshotScan: Scanning table hive_catalog.bronze.it_jobs_raw snapshot 2837103792677262805 created at 2026-01-17T09:30:12.643+00:00 with filter job_link IS NOT NULL
[2026-01-27T05:48:57.469+0000] {subprocess.py:106} INFO - 26/01/27 05:48:57 INFO BaseDistributedDataScan: Planning file tasks locally for table hive_catalog.bronze.it_jobs_raw
[2026-01-27T05:48:57.894+0000] {subprocess.py:106} INFO - 26/01/27 05:48:57 INFO SparkPartitioningAwareScan: Reporting UnknownPartitioning with 5 partition(s) for table hive_catalog.bronze.it_jobs_raw
[2026-01-27T05:48:58.007+0000] {subprocess.py:106} INFO - 26/01/27 05:48:58 INFO FileSourceStrategy: Pushed Filters:
[2026-01-27T05:48:58.007+0000] {subprocess.py:106} INFO - 26/01/27 05:48:58 INFO FileSourceStrategy: Post-Scan Filters:
[2026-01-27T05:48:58.032+0000] {subprocess.py:106} INFO - 26/01/27 05:48:58 INFO MemoryStore: Block broadcast_5 stored as values in memory (estimated size 32.0 KiB, free 434.4 MiB)
[2026-01-27T05:48:58.054+0000] {subprocess.py:106} INFO - 26/01/27 05:48:58 INFO MemoryStore: Block broadcast_5_piece0 stored as bytes in memory (estimated size 29.7 KiB, free 434.3 MiB)
[2026-01-27T05:48:58.056+0000] {subprocess.py:106} INFO - 26/01/27 05:48:58 INFO BlockManagerInfo: Added broadcast_5_piece0 in memory on 65f44b4fd513:41499 (size: 29.7 KiB, free: 434.4 MiB)
[2026-01-27T05:48:58.058+0000] {subprocess.py:106} INFO - 26/01/27 05:48:58 INFO SparkContext: Created broadcast 5 from broadcast at SparkBatch.java:79
[2026-01-27T05:48:58.154+0000] {subprocess.py:106} INFO - 26/01/27 05:48:58 INFO MemoryStore: Block broadcast_6 stored as values in memory (estimated size 32.0 KiB, free 434.3 MiB)
[2026-01-27T05:48:58.173+0000] {subprocess.py:106} INFO - 26/01/27 05:48:58 INFO MemoryStore: Block broadcast_6_piece0 stored as bytes in memory (estimated size 29.7 KiB, free 434.3 MiB)
[2026-01-27T05:48:58.174+0000] {subprocess.py:106} INFO - 26/01/27 05:48:58 INFO BlockManagerInfo: Added broadcast_6_piece0 in memory on 65f44b4fd513:41499 (size: 29.7 KiB, free: 434.3 MiB)
[2026-01-27T05:48:58.178+0000] {subprocess.py:106} INFO - 26/01/27 05:48:58 INFO SparkContext: Created broadcast 6 from broadcast at SparkBatch.java:79
[2026-01-27T05:48:58.329+0000] {subprocess.py:106} INFO - 26/01/27 05:48:58 INFO CodeGenerator: Code generated in 25.285405 ms
[2026-01-27T05:48:58.375+0000] {subprocess.py:106} INFO - 26/01/27 05:48:58 INFO SparkContext: Starting job: $anonfun$withThreadLocalCaptured$1 at <unknown>:0
[2026-01-27T05:48:58.378+0000] {subprocess.py:106} INFO - 26/01/27 05:48:58 INFO DAGScheduler: Got job 3 ($anonfun$withThreadLocalCaptured$1 at <unknown>:0) with 5 output partitions
[2026-01-27T05:48:58.379+0000] {subprocess.py:106} INFO - 26/01/27 05:48:58 INFO DAGScheduler: Final stage: ResultStage 4 ($anonfun$withThreadLocalCaptured$1 at <unknown>:0)
[2026-01-27T05:48:58.380+0000] {subprocess.py:106} INFO - 26/01/27 05:48:58 INFO DAGScheduler: Parents of final stage: List()
[2026-01-27T05:48:58.380+0000] {subprocess.py:106} INFO - 26/01/27 05:48:58 INFO DAGScheduler: Missing parents: List()
[2026-01-27T05:48:58.381+0000] {subprocess.py:106} INFO - 26/01/27 05:48:58 INFO DAGScheduler: Submitting ResultStage 4 (MapPartitionsRDD[14] at $anonfun$withThreadLocalCaptured$1 at <unknown>:0), which has no missing parents
[2026-01-27T05:48:58.386+0000] {subprocess.py:106} INFO - 26/01/27 05:48:58 INFO MemoryStore: Block broadcast_7 stored as values in memory (estimated size 13.7 KiB, free 434.3 MiB)
[2026-01-27T05:48:58.396+0000] {subprocess.py:106} INFO - 26/01/27 05:48:58 INFO MemoryStore: Block broadcast_7_piece0 stored as bytes in memory (estimated size 5.5 KiB, free 434.3 MiB)
[2026-01-27T05:48:58.402+0000] {subprocess.py:106} INFO - 26/01/27 05:48:58 INFO BlockManagerInfo: Added broadcast_7_piece0 in memory on 65f44b4fd513:41499 (size: 5.5 KiB, free: 434.3 MiB)
[2026-01-27T05:48:58.406+0000] {subprocess.py:106} INFO - 26/01/27 05:48:58 INFO SparkContext: Created broadcast 7 from broadcast at DAGScheduler.scala:1585
[2026-01-27T05:48:58.407+0000] {subprocess.py:106} INFO - 26/01/27 05:48:58 INFO DAGScheduler: Submitting 5 missing tasks from ResultStage 4 (MapPartitionsRDD[14] at $anonfun$withThreadLocalCaptured$1 at <unknown>:0) (first 15 tasks are for partitions Vector(0, 1, 2, 3, 4))
[2026-01-27T05:48:58.407+0000] {subprocess.py:106} INFO - 26/01/27 05:48:58 INFO TaskSchedulerImpl: Adding task set 4.0 with 5 tasks resource profile 0
[2026-01-27T05:48:58.425+0000] {subprocess.py:106} INFO - 26/01/27 05:48:58 INFO TaskSetManager: Starting task 0.0 in stage 4.0 (TID 3) (172.30.0.8, executor 0, partition 0, ANY, 15761 bytes)
[2026-01-27T05:48:59.073+0000] {subprocess.py:106} INFO - 26/01/27 05:48:59 INFO BlockManagerInfo: Added broadcast_7_piece0 in memory on 172.30.0.8:42163 (size: 5.5 KiB, free: 434.4 MiB)
[2026-01-27T05:48:59.190+0000] {subprocess.py:106} INFO - 26/01/27 05:48:59 INFO BlockManagerInfo: Added broadcast_6_piece0 in memory on 172.30.0.8:42163 (size: 29.7 KiB, free: 434.4 MiB)
[2026-01-27T05:49:01.562+0000] {subprocess.py:106} INFO - 26/01/27 05:49:01 INFO TaskSetManager: Starting task 1.0 in stage 4.0 (TID 4) (172.30.0.8, executor 0, partition 1, ANY, 15762 bytes)
[2026-01-27T05:49:01.566+0000] {subprocess.py:106} INFO - 26/01/27 05:49:01 INFO TaskSetManager: Finished task 0.0 in stage 4.0 (TID 3) in 3155 ms on 172.30.0.8 (executor 0) (1/5)
[2026-01-27T05:49:01.884+0000] {subprocess.py:106} INFO - 26/01/27 05:49:01 INFO TaskSetManager: Starting task 2.0 in stage 4.0 (TID 5) (172.30.0.8, executor 0, partition 2, ANY, 15753 bytes)
[2026-01-27T05:49:01.885+0000] {subprocess.py:106} INFO - 26/01/27 05:49:01 INFO TaskSetManager: Finished task 1.0 in stage 4.0 (TID 4) in 331 ms on 172.30.0.8 (executor 0) (2/5)
[2026-01-27T05:49:02.243+0000] {subprocess.py:106} INFO - 26/01/27 05:49:02 INFO TaskSetManager: Starting task 3.0 in stage 4.0 (TID 6) (172.30.0.8, executor 0, partition 3, ANY, 15762 bytes)
[2026-01-27T05:49:02.245+0000] {subprocess.py:106} INFO - 26/01/27 05:49:02 INFO TaskSetManager: Finished task 2.0 in stage 4.0 (TID 5) in 364 ms on 172.30.0.8 (executor 0) (3/5)
[2026-01-27T05:49:02.603+0000] {subprocess.py:106} INFO - 26/01/27 05:49:02 INFO TaskSetManager: Starting task 4.0 in stage 4.0 (TID 7) (172.30.0.8, executor 0, partition 4, ANY, 15762 bytes)
[2026-01-27T05:49:02.605+0000] {subprocess.py:106} INFO - 26/01/27 05:49:02 INFO TaskSetManager: Finished task 3.0 in stage 4.0 (TID 6) in 361 ms on 172.30.0.8 (executor 0) (4/5)
[2026-01-27T05:49:03.039+0000] {subprocess.py:106} INFO - 26/01/27 05:49:03 INFO TaskSetManager: Finished task 4.0 in stage 4.0 (TID 7) in 443 ms on 172.30.0.8 (executor 0) (5/5)
[2026-01-27T05:49:03.042+0000] {subprocess.py:106} INFO - 26/01/27 05:49:03 INFO TaskSchedulerImpl: Removed TaskSet 4.0, whose tasks have all completed, from pool
[2026-01-27T05:49:03.044+0000] {subprocess.py:106} INFO - 26/01/27 05:49:03 INFO DAGScheduler: ResultStage 4 ($anonfun$withThreadLocalCaptured$1 at <unknown>:0) finished in 4.659 s
[2026-01-27T05:49:03.050+0000] {subprocess.py:106} INFO - 26/01/27 05:49:03 INFO DAGScheduler: Job 3 is finished. Cancelling potential speculative or zombie tasks for this job
[2026-01-27T05:49:03.050+0000] {subprocess.py:106} INFO - 26/01/27 05:49:03 INFO TaskSchedulerImpl: Killing all running tasks in stage 4: Stage finished
[2026-01-27T05:49:03.051+0000] {subprocess.py:106} INFO - 26/01/27 05:49:03 INFO DAGScheduler: Job 3 finished: $anonfun$withThreadLocalCaptured$1 at <unknown>:0, took 4.666824 s
[2026-01-27T05:49:03.082+0000] {subprocess.py:106} INFO - 26/01/27 05:49:03 INFO CodeGenerator: Code generated in 11.653931 ms
[2026-01-27T05:49:03.108+0000] {subprocess.py:106} INFO - 26/01/27 05:49:03 INFO BlockManagerInfo: Removed broadcast_7_piece0 on 65f44b4fd513:41499 in memory (size: 5.5 KiB, free: 434.3 MiB)
[2026-01-27T05:49:03.114+0000] {subprocess.py:106} INFO - 26/01/27 05:49:03 INFO BlockManagerInfo: Removed broadcast_7_piece0 on 172.30.0.8:42163 in memory (size: 5.5 KiB, free: 434.4 MiB)
[2026-01-27T05:49:03.204+0000] {subprocess.py:106} INFO - 26/01/27 05:49:03 INFO MemoryStore: Block broadcast_8_piece0 stored as bytes in memory (estimated size 409.6 KiB, free 433.9 MiB)
[2026-01-27T05:49:03.205+0000] {subprocess.py:106} INFO - 26/01/27 05:49:03 INFO BlockManagerInfo: Added broadcast_8_piece0 in memory on 65f44b4fd513:41499 (size: 409.6 KiB, free: 433.9 MiB)
[2026-01-27T05:49:03.206+0000] {subprocess.py:106} INFO - 26/01/27 05:49:03 INFO SparkContext: Created broadcast 8 from $anonfun$withThreadLocalCaptured$1 at <unknown>:0
[2026-01-27T05:49:03.217+0000] {subprocess.py:106} INFO - 26/01/27 05:49:03 INFO FileSourceStrategy: Pushed Filters:
[2026-01-27T05:49:03.218+0000] {subprocess.py:106} INFO - 26/01/27 05:49:03 INFO FileSourceStrategy: Post-Scan Filters:
[2026-01-27T05:49:03.275+0000] {subprocess.py:106} INFO - 26/01/27 05:49:03 INFO CodeGenerator: Code generated in 19.883507 ms
[2026-01-27T05:49:03.280+0000] {subprocess.py:106} INFO - 26/01/27 05:49:03 INFO MemoryStore: Block broadcast_9 stored as values in memory (estimated size 203.1 KiB, free 433.7 MiB)
[2026-01-27T05:49:03.306+0000] {subprocess.py:106} INFO - 26/01/27 05:49:03 INFO MemoryStore: Block broadcast_9_piece0 stored as bytes in memory (estimated size 35.1 KiB, free 433.6 MiB)
[2026-01-27T05:49:03.308+0000] {subprocess.py:106} INFO - 26/01/27 05:49:03 INFO BlockManagerInfo: Added broadcast_9_piece0 in memory on 65f44b4fd513:41499 (size: 35.1 KiB, free: 433.9 MiB)
[2026-01-27T05:49:03.309+0000] {subprocess.py:106} INFO - 26/01/27 05:49:03 INFO SparkContext: Created broadcast 9 from count at <unknown>:0
[2026-01-27T05:49:03.310+0000] {subprocess.py:106} INFO - 26/01/27 05:49:03 INFO FileSourceScanExec: Planning scan with bin packing, max size: 4194304 bytes, open cost is considered as scanning 4194304 bytes.
[2026-01-27T05:49:03.324+0000] {subprocess.py:106} INFO - 26/01/27 05:49:03 INFO DAGScheduler: Registering RDD 18 (count at <unknown>:0) as input to shuffle 1
[2026-01-27T05:49:03.325+0000] {subprocess.py:106} INFO - 26/01/27 05:49:03 INFO DAGScheduler: Got map stage job 4 (count at <unknown>:0) with 1 output partitions
[2026-01-27T05:49:03.327+0000] {subprocess.py:106} INFO - 26/01/27 05:49:03 INFO DAGScheduler: Final stage: ShuffleMapStage 5 (count at <unknown>:0)
[2026-01-27T05:49:03.329+0000] {subprocess.py:106} INFO - 26/01/27 05:49:03 INFO DAGScheduler: Parents of final stage: List()
[2026-01-27T05:49:03.334+0000] {subprocess.py:106} INFO - 26/01/27 05:49:03 INFO DAGScheduler: Missing parents: List()
[2026-01-27T05:49:03.339+0000] {subprocess.py:106} INFO - 26/01/27 05:49:03 INFO DAGScheduler: Submitting ShuffleMapStage 5 (MapPartitionsRDD[18] at count at <unknown>:0), which has no missing parents
[2026-01-27T05:49:03.355+0000] {subprocess.py:106} INFO - 26/01/27 05:49:03 INFO MemoryStore: Block broadcast_10 stored as values in memory (estimated size 20.1 KiB, free 433.6 MiB)
[2026-01-27T05:49:03.373+0000] {subprocess.py:106} INFO - 26/01/27 05:49:03 INFO MemoryStore: Block broadcast_10_piece0 stored as bytes in memory (estimated size 9.7 KiB, free 433.6 MiB)
[2026-01-27T05:49:03.381+0000] {subprocess.py:106} INFO - 26/01/27 05:49:03 INFO BlockManagerInfo: Added broadcast_10_piece0 in memory on 65f44b4fd513:41499 (size: 9.7 KiB, free: 433.9 MiB)
[2026-01-27T05:49:03.383+0000] {subprocess.py:106} INFO - 26/01/27 05:49:03 INFO SparkContext: Created broadcast 10 from broadcast at DAGScheduler.scala:1585
[2026-01-27T05:49:03.384+0000] {subprocess.py:106} INFO - 26/01/27 05:49:03 INFO DAGScheduler: Submitting 1 missing tasks from ShuffleMapStage 5 (MapPartitionsRDD[18] at count at <unknown>:0) (first 15 tasks are for partitions Vector(0))
[2026-01-27T05:49:03.386+0000] {subprocess.py:106} INFO - 26/01/27 05:49:03 INFO TaskSchedulerImpl: Adding task set 5.0 with 1 tasks resource profile 0
[2026-01-27T05:49:03.396+0000] {subprocess.py:106} INFO - 26/01/27 05:49:03 INFO TaskSetManager: Starting task 0.0 in stage 5.0 (TID 8) (172.30.0.8, executor 0, partition 0, ANY, 9944 bytes)
[2026-01-27T05:49:03.414+0000] {subprocess.py:106} INFO - 26/01/27 05:49:03 INFO BlockManagerInfo: Added broadcast_10_piece0 in memory on 172.30.0.8:42163 (size: 9.7 KiB, free: 434.4 MiB)
[2026-01-27T05:49:03.489+0000] {subprocess.py:106} INFO - 26/01/27 05:49:03 INFO BlockManagerInfo: Added broadcast_8_piece0 in memory on 172.30.0.8:42163 (size: 409.6 KiB, free: 434.0 MiB)
[2026-01-27T05:49:03.755+0000] {subprocess.py:106} INFO - 26/01/27 05:49:03 INFO BlockManagerInfo: Added broadcast_9_piece0 in memory on 172.30.0.8:42163 (size: 35.1 KiB, free: 433.9 MiB)
[2026-01-27T05:49:03.920+0000] {subprocess.py:106} INFO - 26/01/27 05:49:03 INFO TaskSetManager: Finished task 0.0 in stage 5.0 (TID 8) in 534 ms on 172.30.0.8 (executor 0) (1/1)
[2026-01-27T05:49:03.921+0000] {subprocess.py:106} INFO - 26/01/27 05:49:03 INFO TaskSchedulerImpl: Removed TaskSet 5.0, whose tasks have all completed, from pool
[2026-01-27T05:49:03.922+0000] {subprocess.py:106} INFO - 26/01/27 05:49:03 INFO DAGScheduler: ShuffleMapStage 5 (count at <unknown>:0) finished in 0.588 s
[2026-01-27T05:49:03.922+0000] {subprocess.py:106} INFO - 26/01/27 05:49:03 INFO DAGScheduler: looking for newly runnable stages
[2026-01-27T05:49:03.923+0000] {subprocess.py:106} INFO - 26/01/27 05:49:03 INFO DAGScheduler: running: Set()
[2026-01-27T05:49:03.924+0000] {subprocess.py:106} INFO - 26/01/27 05:49:03 INFO DAGScheduler: waiting: Set()
[2026-01-27T05:49:03.924+0000] {subprocess.py:106} INFO - 26/01/27 05:49:03 INFO DAGScheduler: failed: Set()
[2026-01-27T05:49:03.966+0000] {subprocess.py:106} INFO - 26/01/27 05:49:03 INFO CodeGenerator: Code generated in 21.04009 ms
[2026-01-27T05:49:03.994+0000] {subprocess.py:106} INFO - 26/01/27 05:49:03 INFO SparkContext: Starting job: count at <unknown>:0
[2026-01-27T05:49:03.999+0000] {subprocess.py:106} INFO - 26/01/27 05:49:03 INFO DAGScheduler: Got job 5 (count at <unknown>:0) with 1 output partitions
[2026-01-27T05:49:04.000+0000] {subprocess.py:106} INFO - 26/01/27 05:49:03 INFO DAGScheduler: Final stage: ResultStage 7 (count at <unknown>:0)
[2026-01-27T05:49:04.006+0000] {subprocess.py:106} INFO - 26/01/27 05:49:03 INFO DAGScheduler: Parents of final stage: List(ShuffleMapStage 6)
[2026-01-27T05:49:04.007+0000] {subprocess.py:106} INFO - 26/01/27 05:49:03 INFO DAGScheduler: Missing parents: List()
[2026-01-27T05:49:04.009+0000] {subprocess.py:106} INFO - 26/01/27 05:49:03 INFO DAGScheduler: Submitting ResultStage 7 (MapPartitionsRDD[21] at count at <unknown>:0), which has no missing parents
[2026-01-27T05:49:04.020+0000] {subprocess.py:106} INFO - 26/01/27 05:49:03 INFO MemoryStore: Block broadcast_11 stored as values in memory (estimated size 12.5 KiB, free 433.6 MiB)
[2026-01-27T05:49:04.030+0000] {subprocess.py:106} INFO - 26/01/27 05:49:04 INFO MemoryStore: Block broadcast_11_piece0 stored as bytes in memory (estimated size 5.9 KiB, free 433.6 MiB)
[2026-01-27T05:49:04.036+0000] {subprocess.py:106} INFO - 26/01/27 05:49:04 INFO BlockManagerInfo: Added broadcast_11_piece0 in memory on 65f44b4fd513:41499 (size: 5.9 KiB, free: 433.9 MiB)
[2026-01-27T05:49:04.037+0000] {subprocess.py:106} INFO - 26/01/27 05:49:04 INFO BlockManagerInfo: Removed broadcast_10_piece0 on 65f44b4fd513:41499 in memory (size: 9.7 KiB, free: 433.9 MiB)
[2026-01-27T05:49:04.038+0000] {subprocess.py:106} INFO - 26/01/27 05:49:04 INFO SparkContext: Created broadcast 11 from broadcast at DAGScheduler.scala:1585
[2026-01-27T05:49:04.039+0000] {subprocess.py:106} INFO - 26/01/27 05:49:04 INFO DAGScheduler: Submitting 1 missing tasks from ResultStage 7 (MapPartitionsRDD[21] at count at <unknown>:0) (first 15 tasks are for partitions Vector(0))
[2026-01-27T05:49:04.040+0000] {subprocess.py:106} INFO - 26/01/27 05:49:04 INFO TaskSchedulerImpl: Adding task set 7.0 with 1 tasks resource profile 0
[2026-01-27T05:49:04.041+0000] {subprocess.py:106} INFO - 26/01/27 05:49:04 INFO TaskSetManager: Starting task 0.0 in stage 7.0 (TID 9) (172.30.0.8, executor 0, partition 0, NODE_LOCAL, 9331 bytes)
[2026-01-27T05:49:04.045+0000] {subprocess.py:106} INFO - 26/01/27 05:49:04 INFO BlockManagerInfo: Removed broadcast_10_piece0 on 172.30.0.8:42163 in memory (size: 9.7 KiB, free: 433.9 MiB)
[2026-01-27T05:49:04.075+0000] {subprocess.py:106} INFO - 26/01/27 05:49:04 INFO BlockManagerInfo: Added broadcast_11_piece0 in memory on 172.30.0.8:42163 (size: 5.9 KiB, free: 433.9 MiB)
[2026-01-27T05:49:04.092+0000] {subprocess.py:106} INFO - 26/01/27 05:49:04 INFO MapOutputTrackerMasterEndpoint: Asked to send map output locations for shuffle 1 to 172.30.0.8:42186
[2026-01-27T05:49:04.130+0000] {subprocess.py:106} INFO - 26/01/27 05:49:04 INFO TaskSetManager: Finished task 0.0 in stage 7.0 (TID 9) in 88 ms on 172.30.0.8 (executor 0) (1/1)
[2026-01-27T05:49:04.133+0000] {subprocess.py:106} INFO - 26/01/27 05:49:04 INFO TaskSchedulerImpl: Removed TaskSet 7.0, whose tasks have all completed, from pool
[2026-01-27T05:49:04.136+0000] {subprocess.py:106} INFO - 26/01/27 05:49:04 INFO DAGScheduler: ResultStage 7 (count at <unknown>:0) finished in 0.133 s
[2026-01-27T05:49:04.137+0000] {subprocess.py:106} INFO - 26/01/27 05:49:04 INFO DAGScheduler: Job 5 is finished. Cancelling potential speculative or zombie tasks for this job
[2026-01-27T05:49:04.138+0000] {subprocess.py:106} INFO - 26/01/27 05:49:04 INFO TaskSchedulerImpl: Killing all running tasks in stage 7: Stage finished
[2026-01-27T05:49:04.144+0000] {subprocess.py:106} INFO - 26/01/27 05:49:04 INFO DAGScheduler: Job 5 finished: count at <unknown>:0, took 0.142020 s
[2026-01-27T05:49:04.146+0000] {subprocess.py:106} INFO -  New records to append: 240
[2026-01-27T05:49:04.184+0000] {subprocess.py:106} INFO - 26/01/27 05:49:04 INFO V2ScanRelationPushDown:
[2026-01-27T05:49:04.185+0000] {subprocess.py:106} INFO - Pushing operators to hive_catalog.bronze.it_jobs_raw
[2026-01-27T05:49:04.186+0000] {subprocess.py:106} INFO - Pushed Filters: job_link IS NOT NULL
[2026-01-27T05:49:04.187+0000] {subprocess.py:106} INFO - Post-Scan Filters: isnotnull(job_link#66)
[2026-01-27T05:49:04.188+0000] {subprocess.py:106} INFO - 
[2026-01-27T05:49:04.191+0000] {subprocess.py:106} INFO - 26/01/27 05:49:04 INFO V2ScanRelationPushDown:
[2026-01-27T05:49:04.196+0000] {subprocess.py:106} INFO - Output: job_link#66
[2026-01-27T05:49:04.197+0000] {subprocess.py:106} INFO - 
[2026-01-27T05:49:04.200+0000] {subprocess.py:106} INFO - 26/01/27 05:49:04 INFO SnapshotScan: Scanning table hive_catalog.bronze.it_jobs_raw snapshot 2837103792677262805 created at 2026-01-17T09:30:12.643+00:00 with filter job_link IS NOT NULL
[2026-01-27T05:49:04.202+0000] {subprocess.py:106} INFO - 26/01/27 05:49:04 INFO BaseDistributedDataScan: Planning file tasks locally for table hive_catalog.bronze.it_jobs_raw
[2026-01-27T05:49:04.351+0000] {subprocess.py:106} INFO - 26/01/27 05:49:04 INFO SparkPartitioningAwareScan: Reporting UnknownPartitioning with 5 partition(s) for table hive_catalog.bronze.it_jobs_raw
[2026-01-27T05:49:04.364+0000] {subprocess.py:106} INFO - 26/01/27 05:49:04 INFO FileSourceStrategy: Pushed Filters:
[2026-01-27T05:49:04.365+0000] {subprocess.py:106} INFO - 26/01/27 05:49:04 INFO FileSourceStrategy: Post-Scan Filters:
[2026-01-27T05:49:04.371+0000] {subprocess.py:106} INFO - 26/01/27 05:49:04 INFO MemoryStore: Block broadcast_12 stored as values in memory (estimated size 32.0 KiB, free 433.6 MiB)
[2026-01-27T05:49:04.397+0000] {subprocess.py:106} INFO - 26/01/27 05:49:04 INFO MemoryStore: Block broadcast_12_piece0 stored as bytes in memory (estimated size 29.7 KiB, free 433.6 MiB)
[2026-01-27T05:49:04.400+0000] {subprocess.py:106} INFO - 26/01/27 05:49:04 INFO BlockManagerInfo: Removed broadcast_11_piece0 on 65f44b4fd513:41499 in memory (size: 5.9 KiB, free: 433.9 MiB)
[2026-01-27T05:49:04.401+0000] {subprocess.py:106} INFO - 26/01/27 05:49:04 INFO BlockManagerInfo: Added broadcast_12_piece0 in memory on 65f44b4fd513:41499 (size: 29.7 KiB, free: 433.9 MiB)
[2026-01-27T05:49:04.402+0000] {subprocess.py:106} INFO - 26/01/27 05:49:04 INFO SparkContext: Created broadcast 12 from broadcast at SparkBatch.java:79
[2026-01-27T05:49:04.403+0000] {subprocess.py:106} INFO - 26/01/27 05:49:04 INFO BlockManagerInfo: Removed broadcast_11_piece0 on 172.30.0.8:42163 in memory (size: 5.9 KiB, free: 433.9 MiB)
[2026-01-27T05:49:04.481+0000] {subprocess.py:106} INFO - 26/01/27 05:49:04 INFO MemoryStore: Block broadcast_13 stored as values in memory (estimated size 32.0 KiB, free 433.6 MiB)
[2026-01-27T05:49:04.498+0000] {subprocess.py:106} INFO - 26/01/27 05:49:04 INFO MemoryStore: Block broadcast_13_piece0 stored as bytes in memory (estimated size 29.7 KiB, free 433.5 MiB)
[2026-01-27T05:49:04.500+0000] {subprocess.py:106} INFO - 26/01/27 05:49:04 INFO BlockManagerInfo: Added broadcast_13_piece0 in memory on 65f44b4fd513:41499 (size: 29.7 KiB, free: 433.8 MiB)
[2026-01-27T05:49:04.502+0000] {subprocess.py:106} INFO - 26/01/27 05:49:04 INFO SparkContext: Created broadcast 13 from broadcast at SparkBatch.java:79
[2026-01-27T05:49:04.618+0000] {subprocess.py:106} INFO - 26/01/27 05:49:04 INFO SparkContext: Starting job: $anonfun$withThreadLocalCaptured$1 at <unknown>:0
[2026-01-27T05:49:04.621+0000] {subprocess.py:106} INFO - 26/01/27 05:49:04 INFO DAGScheduler: Got job 6 ($anonfun$withThreadLocalCaptured$1 at <unknown>:0) with 5 output partitions
[2026-01-27T05:49:04.622+0000] {subprocess.py:106} INFO - 26/01/27 05:49:04 INFO DAGScheduler: Final stage: ResultStage 8 ($anonfun$withThreadLocalCaptured$1 at <unknown>:0)
[2026-01-27T05:49:04.623+0000] {subprocess.py:106} INFO - 26/01/27 05:49:04 INFO DAGScheduler: Parents of final stage: List()
[2026-01-27T05:49:04.624+0000] {subprocess.py:106} INFO - 26/01/27 05:49:04 INFO DAGScheduler: Missing parents: List()
[2026-01-27T05:49:04.624+0000] {subprocess.py:106} INFO - 26/01/27 05:49:04 INFO DAGScheduler: Submitting ResultStage 8 (MapPartitionsRDD[25] at $anonfun$withThreadLocalCaptured$1 at <unknown>:0), which has no missing parents
[2026-01-27T05:49:04.626+0000] {subprocess.py:106} INFO - 26/01/27 05:49:04 INFO MemoryStore: Block broadcast_14 stored as values in memory (estimated size 13.7 KiB, free 433.5 MiB)
[2026-01-27T05:49:04.646+0000] {subprocess.py:106} INFO - 26/01/27 05:49:04 INFO MemoryStore: Block broadcast_14_piece0 stored as bytes in memory (estimated size 5.5 KiB, free 433.5 MiB)
[2026-01-27T05:49:04.649+0000] {subprocess.py:106} INFO - 26/01/27 05:49:04 INFO BlockManagerInfo: Added broadcast_14_piece0 in memory on 65f44b4fd513:41499 (size: 5.5 KiB, free: 433.8 MiB)
[2026-01-27T05:49:04.650+0000] {subprocess.py:106} INFO - 26/01/27 05:49:04 INFO SparkContext: Created broadcast 14 from broadcast at DAGScheduler.scala:1585
[2026-01-27T05:49:04.650+0000] {subprocess.py:106} INFO - 26/01/27 05:49:04 INFO DAGScheduler: Submitting 5 missing tasks from ResultStage 8 (MapPartitionsRDD[25] at $anonfun$withThreadLocalCaptured$1 at <unknown>:0) (first 15 tasks are for partitions Vector(0, 1, 2, 3, 4))
[2026-01-27T05:49:04.651+0000] {subprocess.py:106} INFO - 26/01/27 05:49:04 INFO TaskSchedulerImpl: Adding task set 8.0 with 5 tasks resource profile 0
[2026-01-27T05:49:04.663+0000] {subprocess.py:106} INFO - 26/01/27 05:49:04 INFO TaskSetManager: Starting task 0.0 in stage 8.0 (TID 10) (172.30.0.8, executor 0, partition 0, ANY, 15761 bytes)
[2026-01-27T05:49:04.710+0000] {subprocess.py:106} INFO - 26/01/27 05:49:04 INFO BlockManagerInfo: Added broadcast_14_piece0 in memory on 172.30.0.8:42163 (size: 5.5 KiB, free: 433.9 MiB)
[2026-01-27T05:49:04.734+0000] {subprocess.py:106} INFO - 26/01/27 05:49:04 INFO BlockManagerInfo: Added broadcast_13_piece0 in memory on 172.30.0.8:42163 (size: 29.7 KiB, free: 433.9 MiB)
[2026-01-27T05:49:05.064+0000] {subprocess.py:106} INFO - 26/01/27 05:49:05 INFO TaskSetManager: Starting task 1.0 in stage 8.0 (TID 11) (172.30.0.8, executor 0, partition 1, ANY, 15762 bytes)
[2026-01-27T05:49:05.066+0000] {subprocess.py:106} INFO - 26/01/27 05:49:05 INFO TaskSetManager: Finished task 0.0 in stage 8.0 (TID 10) in 415 ms on 172.30.0.8 (executor 0) (1/5)
[2026-01-27T05:49:05.363+0000] {subprocess.py:106} INFO - 26/01/27 05:49:05 INFO TaskSetManager: Starting task 2.0 in stage 8.0 (TID 12) (172.30.0.8, executor 0, partition 2, ANY, 15753 bytes)
[2026-01-27T05:49:05.371+0000] {subprocess.py:106} INFO - 26/01/27 05:49:05 INFO TaskSetManager: Finished task 1.0 in stage 8.0 (TID 11) in 305 ms on 172.30.0.8 (executor 0) (2/5)
[2026-01-27T05:49:06.042+0000] {subprocess.py:106} INFO - 26/01/27 05:49:06 INFO TaskSetManager: Starting task 3.0 in stage 8.0 (TID 13) (172.30.0.8, executor 0, partition 3, ANY, 15762 bytes)
[2026-01-27T05:49:06.045+0000] {subprocess.py:106} INFO - 26/01/27 05:49:06 INFO TaskSetManager: Finished task 2.0 in stage 8.0 (TID 12) in 684 ms on 172.30.0.8 (executor 0) (3/5)
[2026-01-27T05:49:06.344+0000] {subprocess.py:106} INFO - 26/01/27 05:49:06 INFO TaskSetManager: Starting task 4.0 in stage 8.0 (TID 14) (172.30.0.8, executor 0, partition 4, ANY, 15762 bytes)
[2026-01-27T05:49:06.345+0000] {subprocess.py:106} INFO - 26/01/27 05:49:06 INFO TaskSetManager: Finished task 3.0 in stage 8.0 (TID 13) in 305 ms on 172.30.0.8 (executor 0) (4/5)
[2026-01-27T05:49:06.679+0000] {subprocess.py:106} INFO - 26/01/27 05:49:06 INFO TaskSetManager: Finished task 4.0 in stage 8.0 (TID 14) in 339 ms on 172.30.0.8 (executor 0) (5/5)
[2026-01-27T05:49:06.680+0000] {subprocess.py:106} INFO - 26/01/27 05:49:06 INFO TaskSchedulerImpl: Removed TaskSet 8.0, whose tasks have all completed, from pool
[2026-01-27T05:49:06.680+0000] {subprocess.py:106} INFO - 26/01/27 05:49:06 INFO DAGScheduler: ResultStage 8 ($anonfun$withThreadLocalCaptured$1 at <unknown>:0) finished in 2.054 s
[2026-01-27T05:49:06.681+0000] {subprocess.py:106} INFO - 26/01/27 05:49:06 INFO DAGScheduler: Job 6 is finished. Cancelling potential speculative or zombie tasks for this job
[2026-01-27T05:49:06.682+0000] {subprocess.py:106} INFO - 26/01/27 05:49:06 INFO TaskSchedulerImpl: Killing all running tasks in stage 8: Stage finished
[2026-01-27T05:49:06.683+0000] {subprocess.py:106} INFO - 26/01/27 05:49:06 INFO DAGScheduler: Job 6 finished: $anonfun$withThreadLocalCaptured$1 at <unknown>:0, took 2.060482 s
[2026-01-27T05:49:06.703+0000] {subprocess.py:106} INFO - 26/01/27 05:49:06 INFO BlockManagerInfo: Removed broadcast_14_piece0 on 172.30.0.8:42163 in memory (size: 5.5 KiB, free: 433.9 MiB)
[2026-01-27T05:49:06.720+0000] {subprocess.py:106} INFO - 26/01/27 05:49:06 INFO BlockManagerInfo: Removed broadcast_14_piece0 on 65f44b4fd513:41499 in memory (size: 5.5 KiB, free: 433.8 MiB)
[2026-01-27T05:49:06.746+0000] {subprocess.py:106} INFO - 26/01/27 05:49:06 INFO MemoryStore: Block broadcast_15_piece0 stored as bytes in memory (estimated size 410.1 KiB, free 433.1 MiB)
[2026-01-27T05:49:06.747+0000] {subprocess.py:106} INFO - 26/01/27 05:49:06 INFO BlockManagerInfo: Added broadcast_15_piece0 in memory on 65f44b4fd513:41499 (size: 410.1 KiB, free: 433.4 MiB)
[2026-01-27T05:49:06.747+0000] {subprocess.py:106} INFO - 26/01/27 05:49:06 INFO SparkContext: Created broadcast 15 from $anonfun$withThreadLocalCaptured$1 at <unknown>:0
[2026-01-27T05:49:06.794+0000] {subprocess.py:106} INFO - 26/01/27 05:49:06 INFO FileSourceStrategy: Pushed Filters:
[2026-01-27T05:49:06.795+0000] {subprocess.py:106} INFO - 26/01/27 05:49:06 INFO FileSourceStrategy: Post-Scan Filters:
[2026-01-27T05:49:06.819+0000] {subprocess.py:106} INFO - 26/01/27 05:49:06 INFO MemoryStore: Block broadcast_16 stored as values in memory (estimated size 203.1 KiB, free 432.9 MiB)
[2026-01-27T05:49:06.846+0000] {subprocess.py:106} INFO - 26/01/27 05:49:06 INFO MemoryStore: Block broadcast_16_piece0 stored as bytes in memory (estimated size 35.1 KiB, free 432.9 MiB)
[2026-01-27T05:49:06.848+0000] {subprocess.py:106} INFO - 26/01/27 05:49:06 INFO BlockManagerInfo: Added broadcast_16_piece0 in memory on 65f44b4fd513:41499 (size: 35.1 KiB, free: 433.4 MiB)
[2026-01-27T05:49:06.851+0000] {subprocess.py:106} INFO - 26/01/27 05:49:06 INFO SparkContext: Created broadcast 16 from count at <unknown>:0
[2026-01-27T05:49:06.853+0000] {subprocess.py:106} INFO - 26/01/27 05:49:06 INFO FileSourceScanExec: Planning scan with bin packing, max size: 4194304 bytes, open cost is considered as scanning 4194304 bytes.
[2026-01-27T05:49:06.862+0000] {subprocess.py:106} INFO - 26/01/27 05:49:06 INFO DAGScheduler: Registering RDD 29 (count at <unknown>:0) as input to shuffle 2
[2026-01-27T05:49:06.863+0000] {subprocess.py:106} INFO - 26/01/27 05:49:06 INFO DAGScheduler: Got map stage job 7 (count at <unknown>:0) with 1 output partitions
[2026-01-27T05:49:06.864+0000] {subprocess.py:106} INFO - 26/01/27 05:49:06 INFO DAGScheduler: Final stage: ShuffleMapStage 9 (count at <unknown>:0)
[2026-01-27T05:49:06.864+0000] {subprocess.py:106} INFO - 26/01/27 05:49:06 INFO DAGScheduler: Parents of final stage: List()
[2026-01-27T05:49:06.872+0000] {subprocess.py:106} INFO - 26/01/27 05:49:06 INFO DAGScheduler: Missing parents: List()
[2026-01-27T05:49:06.874+0000] {subprocess.py:106} INFO - 26/01/27 05:49:06 INFO DAGScheduler: Submitting ShuffleMapStage 9 (MapPartitionsRDD[29] at count at <unknown>:0), which has no missing parents
[2026-01-27T05:49:06.879+0000] {subprocess.py:106} INFO - 26/01/27 05:49:06 INFO MemoryStore: Block broadcast_17 stored as values in memory (estimated size 20.1 KiB, free 432.9 MiB)
[2026-01-27T05:49:06.880+0000] {subprocess.py:106} INFO - 26/01/27 05:49:06 INFO MemoryStore: Block broadcast_17_piece0 stored as bytes in memory (estimated size 9.7 KiB, free 432.9 MiB)
[2026-01-27T05:49:06.881+0000] {subprocess.py:106} INFO - 26/01/27 05:49:06 INFO BlockManagerInfo: Added broadcast_17_piece0 in memory on 65f44b4fd513:41499 (size: 9.7 KiB, free: 433.4 MiB)
[2026-01-27T05:49:06.882+0000] {subprocess.py:106} INFO - 26/01/27 05:49:06 INFO SparkContext: Created broadcast 17 from broadcast at DAGScheduler.scala:1585
[2026-01-27T05:49:06.883+0000] {subprocess.py:106} INFO - 26/01/27 05:49:06 INFO DAGScheduler: Submitting 1 missing tasks from ShuffleMapStage 9 (MapPartitionsRDD[29] at count at <unknown>:0) (first 15 tasks are for partitions Vector(0))
[2026-01-27T05:49:06.883+0000] {subprocess.py:106} INFO - 26/01/27 05:49:06 INFO TaskSchedulerImpl: Adding task set 9.0 with 1 tasks resource profile 0
[2026-01-27T05:49:06.889+0000] {subprocess.py:106} INFO - 26/01/27 05:49:06 INFO TaskSetManager: Starting task 0.0 in stage 9.0 (TID 15) (172.30.0.8, executor 0, partition 0, ANY, 9944 bytes)
[2026-01-27T05:49:06.918+0000] {subprocess.py:106} INFO - 26/01/27 05:49:06 INFO BlockManagerInfo: Removed broadcast_5_piece0 on 65f44b4fd513:41499 in memory (size: 29.7 KiB, free: 433.4 MiB)
[2026-01-27T05:49:06.928+0000] {subprocess.py:106} INFO - 26/01/27 05:49:06 INFO BlockManagerInfo: Added broadcast_17_piece0 in memory on 172.30.0.8:42163 (size: 9.7 KiB, free: 433.9 MiB)
[2026-01-27T05:49:06.974+0000] {subprocess.py:106} INFO - 26/01/27 05:49:06 INFO BlockManagerInfo: Added broadcast_15_piece0 in memory on 172.30.0.8:42163 (size: 410.1 KiB, free: 433.5 MiB)
[2026-01-27T05:49:07.015+0000] {subprocess.py:106} INFO - 26/01/27 05:49:07 INFO BlockManagerInfo: Added broadcast_16_piece0 in memory on 172.30.0.8:42163 (size: 35.1 KiB, free: 433.5 MiB)
[2026-01-27T05:49:07.142+0000] {subprocess.py:106} INFO - 26/01/27 05:49:07 INFO TaskSetManager: Finished task 0.0 in stage 9.0 (TID 15) in 254 ms on 172.30.0.8 (executor 0) (1/1)
[2026-01-27T05:49:07.143+0000] {subprocess.py:106} INFO - 26/01/27 05:49:07 INFO TaskSchedulerImpl: Removed TaskSet 9.0, whose tasks have all completed, from pool
[2026-01-27T05:49:07.144+0000] {subprocess.py:106} INFO - 26/01/27 05:49:07 INFO DAGScheduler: ShuffleMapStage 9 (count at <unknown>:0) finished in 0.274 s
[2026-01-27T05:49:07.145+0000] {subprocess.py:106} INFO - 26/01/27 05:49:07 INFO DAGScheduler: looking for newly runnable stages
[2026-01-27T05:49:07.145+0000] {subprocess.py:106} INFO - 26/01/27 05:49:07 INFO DAGScheduler: running: Set()
[2026-01-27T05:49:07.146+0000] {subprocess.py:106} INFO - 26/01/27 05:49:07 INFO DAGScheduler: waiting: Set()
[2026-01-27T05:49:07.147+0000] {subprocess.py:106} INFO - 26/01/27 05:49:07 INFO DAGScheduler: failed: Set()
[2026-01-27T05:49:07.177+0000] {subprocess.py:106} INFO - 26/01/27 05:49:07 INFO SparkContext: Starting job: count at <unknown>:0
[2026-01-27T05:49:07.179+0000] {subprocess.py:106} INFO - 26/01/27 05:49:07 INFO DAGScheduler: Got job 8 (count at <unknown>:0) with 1 output partitions
[2026-01-27T05:49:07.181+0000] {subprocess.py:106} INFO - 26/01/27 05:49:07 INFO DAGScheduler: Final stage: ResultStage 11 (count at <unknown>:0)
[2026-01-27T05:49:07.183+0000] {subprocess.py:106} INFO - 26/01/27 05:49:07 INFO DAGScheduler: Parents of final stage: List(ShuffleMapStage 10)
[2026-01-27T05:49:07.184+0000] {subprocess.py:106} INFO - 26/01/27 05:49:07 INFO DAGScheduler: Missing parents: List()
[2026-01-27T05:49:07.187+0000] {subprocess.py:106} INFO - 26/01/27 05:49:07 INFO DAGScheduler: Submitting ResultStage 11 (MapPartitionsRDD[32] at count at <unknown>:0), which has no missing parents
[2026-01-27T05:49:07.192+0000] {subprocess.py:106} INFO - 26/01/27 05:49:07 INFO MemoryStore: Block broadcast_18 stored as values in memory (estimated size 12.5 KiB, free 432.9 MiB)
[2026-01-27T05:49:07.203+0000] {subprocess.py:106} INFO - 26/01/27 05:49:07 INFO MemoryStore: Block broadcast_18_piece0 stored as bytes in memory (estimated size 5.9 KiB, free 432.9 MiB)
[2026-01-27T05:49:07.207+0000] {subprocess.py:106} INFO - 26/01/27 05:49:07 INFO BlockManagerInfo: Added broadcast_18_piece0 in memory on 65f44b4fd513:41499 (size: 5.9 KiB, free: 433.4 MiB)
[2026-01-27T05:49:07.210+0000] {subprocess.py:106} INFO - 26/01/27 05:49:07 INFO SparkContext: Created broadcast 18 from broadcast at DAGScheduler.scala:1585
[2026-01-27T05:49:07.211+0000] {subprocess.py:106} INFO - 26/01/27 05:49:07 INFO DAGScheduler: Submitting 1 missing tasks from ResultStage 11 (MapPartitionsRDD[32] at count at <unknown>:0) (first 15 tasks are for partitions Vector(0))
[2026-01-27T05:49:07.213+0000] {subprocess.py:106} INFO - 26/01/27 05:49:07 INFO TaskSchedulerImpl: Adding task set 11.0 with 1 tasks resource profile 0
[2026-01-27T05:49:07.215+0000] {subprocess.py:106} INFO - 26/01/27 05:49:07 INFO BlockManagerInfo: Removed broadcast_17_piece0 on 65f44b4fd513:41499 in memory (size: 9.7 KiB, free: 433.4 MiB)
[2026-01-27T05:49:07.217+0000] {subprocess.py:106} INFO - 26/01/27 05:49:07 INFO TaskSetManager: Starting task 0.0 in stage 11.0 (TID 16) (172.30.0.8, executor 0, partition 0, NODE_LOCAL, 9331 bytes)
[2026-01-27T05:49:07.224+0000] {subprocess.py:106} INFO - 26/01/27 05:49:07 INFO BlockManagerInfo: Removed broadcast_17_piece0 on 172.30.0.8:42163 in memory (size: 9.7 KiB, free: 433.5 MiB)
[2026-01-27T05:49:07.245+0000] {subprocess.py:106} INFO - 26/01/27 05:49:07 INFO BlockManagerInfo: Removed broadcast_8_piece0 on 65f44b4fd513:41499 in memory (size: 409.6 KiB, free: 433.8 MiB)
[2026-01-27T05:49:07.250+0000] {subprocess.py:106} INFO - 26/01/27 05:49:07 INFO BlockManagerInfo: Added broadcast_18_piece0 in memory on 172.30.0.8:42163 (size: 5.9 KiB, free: 433.5 MiB)
[2026-01-27T05:49:07.254+0000] {subprocess.py:106} INFO - 26/01/27 05:49:07 INFO BlockManagerInfo: Removed broadcast_8_piece0 on 172.30.0.8:42163 in memory (size: 409.6 KiB, free: 433.9 MiB)
[2026-01-27T05:49:07.286+0000] {subprocess.py:106} INFO - 26/01/27 05:49:07 INFO MapOutputTrackerMasterEndpoint: Asked to send map output locations for shuffle 2 to 172.30.0.8:42186
[2026-01-27T05:49:07.358+0000] {subprocess.py:106} INFO - 26/01/27 05:49:07 INFO TaskSetManager: Finished task 0.0 in stage 11.0 (TID 16) in 141 ms on 172.30.0.8 (executor 0) (1/1)
[2026-01-27T05:49:07.359+0000] {subprocess.py:106} INFO - 26/01/27 05:49:07 INFO TaskSchedulerImpl: Removed TaskSet 11.0, whose tasks have all completed, from pool
[2026-01-27T05:49:07.360+0000] {subprocess.py:106} INFO - 26/01/27 05:49:07 INFO DAGScheduler: ResultStage 11 (count at <unknown>:0) finished in 0.167 s
[2026-01-27T05:49:07.362+0000] {subprocess.py:106} INFO - 26/01/27 05:49:07 INFO DAGScheduler: Job 8 is finished. Cancelling potential speculative or zombie tasks for this job
[2026-01-27T05:49:07.363+0000] {subprocess.py:106} INFO - 26/01/27 05:49:07 INFO TaskSchedulerImpl: Killing all running tasks in stage 11: Stage finished
[2026-01-27T05:49:07.364+0000] {subprocess.py:106} INFO - 26/01/27 05:49:07 INFO DAGScheduler: Job 8 finished: count at <unknown>:0, took 0.175041 s
[2026-01-27T05:49:07.507+0000] {subprocess.py:106} INFO - 26/01/27 05:49:07 INFO V2ScanRelationPushDown:
[2026-01-27T05:49:07.507+0000] {subprocess.py:106} INFO - Pushing operators to hive_catalog.bronze.it_jobs_raw
[2026-01-27T05:49:07.510+0000] {subprocess.py:106} INFO - Pushed Filters: job_link IS NOT NULL
[2026-01-27T05:49:07.510+0000] {subprocess.py:106} INFO - Post-Scan Filters: isnotnull(job_link#66)
[2026-01-27T05:49:07.511+0000] {subprocess.py:106} INFO - 
[2026-01-27T05:49:07.512+0000] {subprocess.py:106} INFO - 26/01/27 05:49:07 INFO V2ScanRelationPushDown:
[2026-01-27T05:49:07.512+0000] {subprocess.py:106} INFO - Output: job_link#66
[2026-01-27T05:49:07.514+0000] {subprocess.py:106} INFO - 
[2026-01-27T05:49:07.519+0000] {subprocess.py:106} INFO - 26/01/27 05:49:07 INFO SnapshotScan: Scanning table hive_catalog.bronze.it_jobs_raw snapshot 2837103792677262805 created at 2026-01-17T09:30:12.643+00:00 with filter job_link IS NOT NULL
[2026-01-27T05:49:07.520+0000] {subprocess.py:106} INFO - 26/01/27 05:49:07 INFO BaseDistributedDataScan: Planning file tasks locally for table hive_catalog.bronze.it_jobs_raw
[2026-01-27T05:49:07.727+0000] {subprocess.py:106} INFO - 26/01/27 05:49:07 INFO SparkPartitioningAwareScan: Reporting UnknownPartitioning with 5 partition(s) for table hive_catalog.bronze.it_jobs_raw
[2026-01-27T05:49:07.780+0000] {subprocess.py:106} INFO - 26/01/27 05:49:07 INFO SparkWrite: Requesting 0 bytes advisory partition size for table hive_catalog.bronze.it_jobs_raw
[2026-01-27T05:49:07.781+0000] {subprocess.py:106} INFO - 26/01/27 05:49:07 INFO SparkWrite: Requesting UnspecifiedDistribution as write distribution for table hive_catalog.bronze.it_jobs_raw
[2026-01-27T05:49:07.782+0000] {subprocess.py:106} INFO - 26/01/27 05:49:07 INFO SparkWrite: Requesting [] as write ordering for table hive_catalog.bronze.it_jobs_raw
[2026-01-27T05:49:07.834+0000] {subprocess.py:106} INFO - 26/01/27 05:49:07 INFO FileSourceStrategy: Pushed Filters:
[2026-01-27T05:49:07.840+0000] {subprocess.py:106} INFO - 26/01/27 05:49:07 INFO FileSourceStrategy: Post-Scan Filters:
[2026-01-27T05:49:07.846+0000] {subprocess.py:106} INFO - 26/01/27 05:49:07 INFO MemoryStore: Block broadcast_19 stored as values in memory (estimated size 32.0 KiB, free 433.3 MiB)
[2026-01-27T05:49:07.874+0000] {subprocess.py:106} INFO - 26/01/27 05:49:07 INFO MemoryStore: Block broadcast_19_piece0 stored as bytes in memory (estimated size 29.7 KiB, free 433.3 MiB)
[2026-01-27T05:49:07.875+0000] {subprocess.py:106} INFO - 26/01/27 05:49:07 INFO BlockManagerInfo: Removed broadcast_18_piece0 on 65f44b4fd513:41499 in memory (size: 5.9 KiB, free: 433.8 MiB)
[2026-01-27T05:49:07.877+0000] {subprocess.py:106} INFO - 26/01/27 05:49:07 INFO BlockManagerInfo: Added broadcast_19_piece0 in memory on 65f44b4fd513:41499 (size: 29.7 KiB, free: 433.8 MiB)
[2026-01-27T05:49:07.885+0000] {subprocess.py:106} INFO - 26/01/27 05:49:07 INFO SparkContext: Created broadcast 19 from broadcast at SparkBatch.java:79
[2026-01-27T05:49:07.903+0000] {subprocess.py:106} INFO - 26/01/27 05:49:07 INFO BlockManagerInfo: Removed broadcast_18_piece0 on 172.30.0.8:42163 in memory (size: 5.9 KiB, free: 433.9 MiB)
[2026-01-27T05:49:07.932+0000] {subprocess.py:106} INFO - 26/01/27 05:49:07 INFO BlockManagerInfo: Removed broadcast_9_piece0 on 65f44b4fd513:41499 in memory (size: 35.1 KiB, free: 433.8 MiB)
[2026-01-27T05:49:07.947+0000] {subprocess.py:106} INFO - 26/01/27 05:49:07 INFO BlockManagerInfo: Removed broadcast_9_piece0 on 172.30.0.8:42163 in memory (size: 35.1 KiB, free: 433.9 MiB)
[2026-01-27T05:49:07.980+0000] {subprocess.py:106} INFO - 26/01/27 05:49:07 INFO MemoryStore: Block broadcast_20 stored as values in memory (estimated size 32.0 KiB, free 433.5 MiB)
[2026-01-27T05:49:07.983+0000] {subprocess.py:106} INFO - 26/01/27 05:49:07 INFO MemoryStore: Block broadcast_20_piece0 stored as bytes in memory (estimated size 29.7 KiB, free 433.5 MiB)
[2026-01-27T05:49:07.986+0000] {subprocess.py:106} INFO - 26/01/27 05:49:07 INFO BlockManagerInfo: Added broadcast_20_piece0 in memory on 65f44b4fd513:41499 (size: 29.7 KiB, free: 433.8 MiB)
[2026-01-27T05:49:07.988+0000] {subprocess.py:106} INFO - 26/01/27 05:49:07 INFO SparkContext: Created broadcast 20 from broadcast at SparkBatch.java:79
[2026-01-27T05:49:08.079+0000] {subprocess.py:106} INFO - 26/01/27 05:49:08 INFO SparkContext: Starting job: $anonfun$withThreadLocalCaptured$1 at <unknown>:0
[2026-01-27T05:49:08.081+0000] {subprocess.py:106} INFO - 26/01/27 05:49:08 INFO DAGScheduler: Got job 9 ($anonfun$withThreadLocalCaptured$1 at <unknown>:0) with 5 output partitions
[2026-01-27T05:49:08.082+0000] {subprocess.py:106} INFO - 26/01/27 05:49:08 INFO DAGScheduler: Final stage: ResultStage 12 ($anonfun$withThreadLocalCaptured$1 at <unknown>:0)
[2026-01-27T05:49:08.083+0000] {subprocess.py:106} INFO - 26/01/27 05:49:08 INFO DAGScheduler: Parents of final stage: List()
[2026-01-27T05:49:08.084+0000] {subprocess.py:106} INFO - 26/01/27 05:49:08 INFO DAGScheduler: Missing parents: List()
[2026-01-27T05:49:08.084+0000] {subprocess.py:106} INFO - 26/01/27 05:49:08 INFO DAGScheduler: Submitting ResultStage 12 (MapPartitionsRDD[36] at $anonfun$withThreadLocalCaptured$1 at <unknown>:0), which has no missing parents
[2026-01-27T05:49:08.086+0000] {subprocess.py:106} INFO - 26/01/27 05:49:08 INFO MemoryStore: Block broadcast_21 stored as values in memory (estimated size 13.7 KiB, free 433.5 MiB)
[2026-01-27T05:49:08.104+0000] {subprocess.py:106} INFO - 26/01/27 05:49:08 INFO MemoryStore: Block broadcast_21_piece0 stored as bytes in memory (estimated size 5.5 KiB, free 433.4 MiB)
[2026-01-27T05:49:08.106+0000] {subprocess.py:106} INFO - 26/01/27 05:49:08 INFO BlockManagerInfo: Added broadcast_21_piece0 in memory on 65f44b4fd513:41499 (size: 5.5 KiB, free: 433.8 MiB)
[2026-01-27T05:49:08.109+0000] {subprocess.py:106} INFO - 26/01/27 05:49:08 INFO SparkContext: Created broadcast 21 from broadcast at DAGScheduler.scala:1585
[2026-01-27T05:49:08.114+0000] {subprocess.py:106} INFO - 26/01/27 05:49:08 INFO DAGScheduler: Submitting 5 missing tasks from ResultStage 12 (MapPartitionsRDD[36] at $anonfun$withThreadLocalCaptured$1 at <unknown>:0) (first 15 tasks are for partitions Vector(0, 1, 2, 3, 4))
[2026-01-27T05:49:08.115+0000] {subprocess.py:106} INFO - 26/01/27 05:49:08 INFO TaskSchedulerImpl: Adding task set 12.0 with 5 tasks resource profile 0
[2026-01-27T05:49:08.119+0000] {subprocess.py:106} INFO - 26/01/27 05:49:08 INFO BlockManagerInfo: Removed broadcast_16_piece0 on 65f44b4fd513:41499 in memory (size: 35.1 KiB, free: 433.8 MiB)
[2026-01-27T05:49:08.123+0000] {subprocess.py:106} INFO - 26/01/27 05:49:08 INFO BlockManagerInfo: Removed broadcast_16_piece0 on 172.30.0.8:42163 in memory (size: 35.1 KiB, free: 433.9 MiB)
[2026-01-27T05:49:08.124+0000] {subprocess.py:106} INFO - 26/01/27 05:49:08 INFO TaskSetManager: Starting task 0.0 in stage 12.0 (TID 17) (172.30.0.8, executor 0, partition 0, ANY, 15762 bytes)
[2026-01-27T05:49:08.165+0000] {subprocess.py:106} INFO - 26/01/27 05:49:08 INFO BlockManagerInfo: Added broadcast_21_piece0 in memory on 172.30.0.8:42163 (size: 5.5 KiB, free: 433.9 MiB)
[2026-01-27T05:49:08.177+0000] {subprocess.py:106} INFO - 26/01/27 05:49:08 INFO BlockManagerInfo: Removed broadcast_12_piece0 on 65f44b4fd513:41499 in memory (size: 29.7 KiB, free: 433.9 MiB)
[2026-01-27T05:49:08.221+0000] {subprocess.py:106} INFO - 26/01/27 05:49:08 INFO BlockManagerInfo: Removed broadcast_13_piece0 on 65f44b4fd513:41499 in memory (size: 29.7 KiB, free: 433.9 MiB)
[2026-01-27T05:49:08.222+0000] {subprocess.py:106} INFO - 26/01/27 05:49:08 INFO BlockManagerInfo: Added broadcast_20_piece0 in memory on 172.30.0.8:42163 (size: 29.7 KiB, free: 433.9 MiB)
[2026-01-27T05:49:08.236+0000] {subprocess.py:106} INFO - 26/01/27 05:49:08 INFO BlockManagerInfo: Removed broadcast_13_piece0 on 172.30.0.8:42163 in memory (size: 29.7 KiB, free: 433.9 MiB)
[2026-01-27T05:49:08.255+0000] {subprocess.py:106} INFO - 26/01/27 05:49:08 INFO BlockManagerInfo: Removed broadcast_15_piece0 on 65f44b4fd513:41499 in memory (size: 410.1 KiB, free: 434.3 MiB)
[2026-01-27T05:49:08.260+0000] {subprocess.py:106} INFO - 26/01/27 05:49:08 INFO BlockManagerInfo: Removed broadcast_15_piece0 on 172.30.0.8:42163 in memory (size: 410.1 KiB, free: 434.3 MiB)
[2026-01-27T05:49:08.563+0000] {subprocess.py:106} INFO - 26/01/27 05:49:08 INFO TaskSetManager: Starting task 1.0 in stage 12.0 (TID 18) (172.30.0.8, executor 0, partition 1, ANY, 15761 bytes)
[2026-01-27T05:49:08.578+0000] {subprocess.py:106} INFO - 26/01/27 05:49:08 INFO TaskSetManager: Finished task 0.0 in stage 12.0 (TID 17) in 447 ms on 172.30.0.8 (executor 0) (1/5)
[2026-01-27T05:49:08.928+0000] {subprocess.py:106} INFO - 26/01/27 05:49:08 INFO TaskSetManager: Starting task 2.0 in stage 12.0 (TID 19) (172.30.0.8, executor 0, partition 2, ANY, 15753 bytes)
[2026-01-27T05:49:08.930+0000] {subprocess.py:106} INFO - 26/01/27 05:49:08 INFO TaskSetManager: Finished task 1.0 in stage 12.0 (TID 18) in 368 ms on 172.30.0.8 (executor 0) (2/5)
[2026-01-27T05:49:09.242+0000] {subprocess.py:106} INFO - 26/01/27 05:49:09 INFO TaskSetManager: Starting task 3.0 in stage 12.0 (TID 20) (172.30.0.8, executor 0, partition 3, ANY, 15762 bytes)
[2026-01-27T05:49:09.242+0000] {subprocess.py:106} INFO - 26/01/27 05:49:09 INFO TaskSetManager: Finished task 2.0 in stage 12.0 (TID 19) in 313 ms on 172.30.0.8 (executor 0) (3/5)
[2026-01-27T05:49:09.596+0000] {subprocess.py:106} INFO - 26/01/27 05:49:09 INFO TaskSetManager: Starting task 4.0 in stage 12.0 (TID 21) (172.30.0.8, executor 0, partition 4, ANY, 15762 bytes)
[2026-01-27T05:49:09.598+0000] {subprocess.py:106} INFO - 26/01/27 05:49:09 INFO TaskSetManager: Finished task 3.0 in stage 12.0 (TID 20) in 358 ms on 172.30.0.8 (executor 0) (4/5)
[2026-01-27T05:49:09.887+0000] {subprocess.py:106} INFO - 26/01/27 05:49:09 INFO TaskSetManager: Finished task 4.0 in stage 12.0 (TID 21) in 290 ms on 172.30.0.8 (executor 0) (5/5)
[2026-01-27T05:49:09.890+0000] {subprocess.py:106} INFO - 26/01/27 05:49:09 INFO TaskSchedulerImpl: Removed TaskSet 12.0, whose tasks have all completed, from pool
[2026-01-27T05:49:09.891+0000] {subprocess.py:106} INFO - 26/01/27 05:49:09 INFO DAGScheduler: ResultStage 12 ($anonfun$withThreadLocalCaptured$1 at <unknown>:0) finished in 1.802 s
[2026-01-27T05:49:09.892+0000] {subprocess.py:106} INFO - 26/01/27 05:49:09 INFO DAGScheduler: Job 9 is finished. Cancelling potential speculative or zombie tasks for this job
[2026-01-27T05:49:09.893+0000] {subprocess.py:106} INFO - 26/01/27 05:49:09 INFO TaskSchedulerImpl: Killing all running tasks in stage 12: Stage finished
[2026-01-27T05:49:09.898+0000] {subprocess.py:106} INFO - 26/01/27 05:49:09 INFO DAGScheduler: Job 9 finished: $anonfun$withThreadLocalCaptured$1 at <unknown>:0, took 1.808515 s
[2026-01-27T05:49:09.913+0000] {subprocess.py:106} INFO - 26/01/27 05:49:09 INFO BlockManagerInfo: Removed broadcast_21_piece0 on 65f44b4fd513:41499 in memory (size: 5.5 KiB, free: 434.3 MiB)
[2026-01-27T05:49:09.919+0000] {subprocess.py:106} INFO - 26/01/27 05:49:09 INFO BlockManagerInfo: Removed broadcast_21_piece0 on 172.30.0.8:42163 in memory (size: 5.5 KiB, free: 434.3 MiB)
[2026-01-27T05:49:09.935+0000] {subprocess.py:106} INFO - 26/01/27 05:49:09 INFO MemoryStore: Block broadcast_22_piece0 stored as bytes in memory (estimated size 408.9 KiB, free 433.8 MiB)
[2026-01-27T05:49:09.936+0000] {subprocess.py:106} INFO - 26/01/27 05:49:09 INFO BlockManagerInfo: Added broadcast_22_piece0 in memory on 65f44b4fd513:41499 (size: 408.9 KiB, free: 433.9 MiB)
[2026-01-27T05:49:09.937+0000] {subprocess.py:106} INFO - 26/01/27 05:49:09 INFO SparkContext: Created broadcast 22 from $anonfun$withThreadLocalCaptured$1 at <unknown>:0
[2026-01-27T05:49:09.952+0000] {subprocess.py:106} INFO - 26/01/27 05:49:09 INFO FileSourceStrategy: Pushed Filters:
[2026-01-27T05:49:09.958+0000] {subprocess.py:106} INFO - 26/01/27 05:49:09 INFO FileSourceStrategy: Post-Scan Filters:
[2026-01-27T05:49:10.024+0000] {subprocess.py:106} INFO - 26/01/27 05:49:10 INFO CodeGenerator: Code generated in 28.666553 ms
[2026-01-27T05:49:10.029+0000] {subprocess.py:106} INFO - 26/01/27 05:49:10 INFO MemoryStore: Block broadcast_23 stored as values in memory (estimated size 203.1 KiB, free 433.6 MiB)
[2026-01-27T05:49:10.058+0000] {subprocess.py:106} INFO - 26/01/27 05:49:10 INFO MemoryStore: Block broadcast_23_piece0 stored as bytes in memory (estimated size 35.1 KiB, free 433.6 MiB)
[2026-01-27T05:49:10.060+0000] {subprocess.py:106} INFO - 26/01/27 05:49:10 INFO BlockManagerInfo: Added broadcast_23_piece0 in memory on 65f44b4fd513:41499 (size: 35.1 KiB, free: 433.9 MiB)
[2026-01-27T05:49:10.066+0000] {subprocess.py:106} INFO - 26/01/27 05:49:10 INFO SparkContext: Created broadcast 23 from append at <unknown>:0
[2026-01-27T05:49:10.068+0000] {subprocess.py:106} INFO - 26/01/27 05:49:10 INFO FileSourceScanExec: Planning scan with bin packing, max size: 4194304 bytes, open cost is considered as scanning 4194304 bytes.
[2026-01-27T05:49:10.078+0000] {subprocess.py:106} INFO - 26/01/27 05:49:10 INFO MemoryStore: Block broadcast_24 stored as values in memory (estimated size 32.0 KiB, free 433.6 MiB)
[2026-01-27T05:49:10.086+0000] {subprocess.py:106} INFO - 26/01/27 05:49:10 INFO MemoryStore: Block broadcast_24_piece0 stored as bytes in memory (estimated size 29.7 KiB, free 433.5 MiB)
[2026-01-27T05:49:10.087+0000] {subprocess.py:106} INFO - 26/01/27 05:49:10 INFO BlockManagerInfo: Added broadcast_24_piece0 in memory on 65f44b4fd513:41499 (size: 29.7 KiB, free: 433.9 MiB)
[2026-01-27T05:49:10.087+0000] {subprocess.py:106} INFO - 26/01/27 05:49:10 INFO SparkContext: Created broadcast 24 from broadcast at SparkWrite.java:193
[2026-01-27T05:49:10.089+0000] {subprocess.py:106} INFO - 26/01/27 05:49:10 INFO AppendDataExec: Start processing data source write support: IcebergBatchWrite(table=hive_catalog.bronze.it_jobs_raw, format=PARQUET). The input RDD has 1 partitions.
[2026-01-27T05:49:10.115+0000] {subprocess.py:106} INFO - 26/01/27 05:49:10 INFO SparkContext: Starting job: append at <unknown>:0
[2026-01-27T05:49:10.116+0000] {subprocess.py:106} INFO - 26/01/27 05:49:10 INFO DAGScheduler: Got job 10 (append at <unknown>:0) with 1 output partitions
[2026-01-27T05:49:10.117+0000] {subprocess.py:106} INFO - 26/01/27 05:49:10 INFO DAGScheduler: Final stage: ResultStage 13 (append at <unknown>:0)
[2026-01-27T05:49:10.118+0000] {subprocess.py:106} INFO - 26/01/27 05:49:10 INFO DAGScheduler: Parents of final stage: List()
[2026-01-27T05:49:10.121+0000] {subprocess.py:106} INFO - 26/01/27 05:49:10 INFO DAGScheduler: Missing parents: List()
[2026-01-27T05:49:10.122+0000] {subprocess.py:106} INFO - 26/01/27 05:49:10 INFO DAGScheduler: Submitting ResultStage 13 (MapPartitionsRDD[39] at append at <unknown>:0), which has no missing parents
[2026-01-27T05:49:10.125+0000] {subprocess.py:106} INFO - 26/01/27 05:49:10 INFO MemoryStore: Block broadcast_25 stored as values in memory (estimated size 22.1 KiB, free 433.5 MiB)
[2026-01-27T05:49:10.146+0000] {subprocess.py:106} INFO - 26/01/27 05:49:10 INFO MemoryStore: Block broadcast_25_piece0 stored as bytes in memory (estimated size 9.8 KiB, free 433.5 MiB)
[2026-01-27T05:49:10.146+0000] {subprocess.py:106} INFO - 26/01/27 05:49:10 INFO BlockManagerInfo: Added broadcast_25_piece0 in memory on 65f44b4fd513:41499 (size: 9.8 KiB, free: 433.8 MiB)
[2026-01-27T05:49:10.147+0000] {subprocess.py:106} INFO - 26/01/27 05:49:10 INFO SparkContext: Created broadcast 25 from broadcast at DAGScheduler.scala:1585
[2026-01-27T05:49:10.149+0000] {subprocess.py:106} INFO - 26/01/27 05:49:10 INFO DAGScheduler: Submitting 1 missing tasks from ResultStage 13 (MapPartitionsRDD[39] at append at <unknown>:0) (first 15 tasks are for partitions Vector(0))
[2026-01-27T05:49:10.150+0000] {subprocess.py:106} INFO - 26/01/27 05:49:10 INFO TaskSchedulerImpl: Adding task set 13.0 with 1 tasks resource profile 0
[2026-01-27T05:49:10.157+0000] {subprocess.py:106} INFO - 26/01/27 05:49:10 INFO TaskSetManager: Starting task 0.0 in stage 13.0 (TID 22) (172.30.0.8, executor 0, partition 0, ANY, 9955 bytes)
[2026-01-27T05:49:10.180+0000] {subprocess.py:106} INFO - 26/01/27 05:49:10 INFO BlockManagerInfo: Added broadcast_25_piece0 in memory on 172.30.0.8:42163 (size: 9.8 KiB, free: 434.3 MiB)
[2026-01-27T05:49:10.339+0000] {subprocess.py:106} INFO - 26/01/27 05:49:10 INFO BlockManagerInfo: Added broadcast_22_piece0 in memory on 172.30.0.8:42163 (size: 408.9 KiB, free: 433.9 MiB)
[2026-01-27T05:49:10.411+0000] {subprocess.py:106} INFO - 26/01/27 05:49:10 INFO BlockManagerInfo: Added broadcast_24_piece0 in memory on 172.30.0.8:42163 (size: 29.7 KiB, free: 433.9 MiB)
[2026-01-27T05:49:10.743+0000] {subprocess.py:106} INFO - 26/01/27 05:49:10 INFO BlockManagerInfo: Added broadcast_23_piece0 in memory on 172.30.0.8:42163 (size: 35.1 KiB, free: 433.9 MiB)
[2026-01-27T05:49:11.186+0000] {subprocess.py:106} INFO - 26/01/27 05:49:11 INFO TaskSetManager: Finished task 0.0 in stage 13.0 (TID 22) in 1036 ms on 172.30.0.8 (executor 0) (1/1)
[2026-01-27T05:49:11.187+0000] {subprocess.py:106} INFO - 26/01/27 05:49:11 INFO TaskSchedulerImpl: Removed TaskSet 13.0, whose tasks have all completed, from pool
[2026-01-27T05:49:11.188+0000] {subprocess.py:106} INFO - 26/01/27 05:49:11 INFO DAGScheduler: ResultStage 13 (append at <unknown>:0) finished in 1.064 s
[2026-01-27T05:49:11.189+0000] {subprocess.py:106} INFO - 26/01/27 05:49:11 INFO DAGScheduler: Job 10 is finished. Cancelling potential speculative or zombie tasks for this job
[2026-01-27T05:49:11.190+0000] {subprocess.py:106} INFO - 26/01/27 05:49:11 INFO TaskSchedulerImpl: Killing all running tasks in stage 13: Stage finished
[2026-01-27T05:49:11.190+0000] {subprocess.py:106} INFO - 26/01/27 05:49:11 INFO DAGScheduler: Job 10 finished: append at <unknown>:0, took 1.071954 s
[2026-01-27T05:49:11.190+0000] {subprocess.py:106} INFO - 26/01/27 05:49:11 INFO AppendDataExec: Data source write support IcebergBatchWrite(table=hive_catalog.bronze.it_jobs_raw, format=PARQUET) is committing.
[2026-01-27T05:49:11.216+0000] {subprocess.py:106} INFO - 26/01/27 05:49:11 INFO SparkWrite: Committing append with 1 new data files to table hive_catalog.bronze.it_jobs_raw
[2026-01-27T05:49:17.965+0000] {subprocess.py:106} INFO - 26/01/27 05:49:17 INFO HiveTableOperations: Committed to table hive_catalog.bronze.it_jobs_raw with the new metadata location hdfs://dinhhoa-master:9000/user/ndh/warehouse/bronze.db/it_jobs_raw/metadata/00020-50da6f76-42ab-4e61-9544-9b64d5253097.metadata.json
[2026-01-27T05:49:17.966+0000] {subprocess.py:106} INFO - 26/01/27 05:49:17 INFO BaseMetastoreTableOperations: Successfully committed to table hive_catalog.bronze.it_jobs_raw in 5786 ms
[2026-01-27T05:49:17.966+0000] {subprocess.py:106} INFO - 26/01/27 05:49:17 INFO SnapshotProducer: Committed snapshot 8040697664739184088 (MergeAppend)
[2026-01-27T05:49:18.009+0000] {subprocess.py:106} INFO - 26/01/27 05:49:18 INFO BaseMetastoreTableOperations: Refreshing table metadata from new version: hdfs://dinhhoa-master:9000/user/ndh/warehouse/bronze.db/it_jobs_raw/metadata/00020-50da6f76-42ab-4e61-9544-9b64d5253097.metadata.json
[2026-01-27T05:49:18.218+0000] {subprocess.py:106} INFO - 26/01/27 05:49:18 INFO LoggingMetricsReporter: Received metrics report: CommitReport{tableName=hive_catalog.bronze.it_jobs_raw, snapshotId=8040697664739184088, sequenceNumber=21, operation=append, commitMetrics=CommitMetricsResult{totalDuration=TimerResult{timeUnit=NANOSECONDS, totalDuration=PT6.894078814S, count=1}, attempts=CounterResult{unit=COUNT, value=1}, addedDataFiles=CounterResult{unit=COUNT, value=1}, removedDataFiles=null, totalDataFiles=CounterResult{unit=COUNT, value=21}, addedDeleteFiles=null, addedEqualityDeleteFiles=null, addedPositionalDeleteFiles=null, removedDeleteFiles=null, removedEqualityDeleteFiles=null, removedPositionalDeleteFiles=null, totalDeleteFiles=CounterResult{unit=COUNT, value=0}, addedRecords=CounterResult{unit=COUNT, value=240}, removedRecords=null, totalRecords=CounterResult{unit=COUNT, value=7223}, addedFilesSizeInBytes=CounterResult{unit=BYTES, value=22713}, removedFilesSizeInBytes=null, totalFilesSizeInBytes=CounterResult{unit=BYTES, value=458832}, addedPositionalDeletes=null, removedPositionalDeletes=null, totalPositionalDeletes=CounterResult{unit=COUNT, value=0}, addedEqualityDeletes=null, removedEqualityDeletes=null, totalEqualityDeletes=CounterResult{unit=COUNT, value=0}}, metadata={engine-version=3.5.3, app-id=app-20260127054828-0000, engine-name=spark, iceberg-version=Apache Iceberg 1.6.1 (commit 8e9d59d299be42b0bca9461457cd1e95dbaad086)}}
[2026-01-27T05:49:18.221+0000] {subprocess.py:106} INFO - 26/01/27 05:49:18 INFO SparkWrite: Committed in 6975 ms
[2026-01-27T05:49:18.228+0000] {subprocess.py:106} INFO - 26/01/27 05:49:18 INFO AppendDataExec: Data source write support IcebergBatchWrite(table=hive_catalog.bronze.it_jobs_raw, format=PARQUET) committed.
[2026-01-27T05:49:18.232+0000] {subprocess.py:106} INFO -  Loaded into: hive_catalog.bronze.it_jobs_raw
[2026-01-27T05:49:18.260+0000] {subprocess.py:106} INFO - 26/01/27 05:49:18 INFO SparkContext: SparkContext is stopping with exitCode 0.
[2026-01-27T05:49:18.292+0000] {subprocess.py:106} INFO - 26/01/27 05:49:18 INFO BlockManagerInfo: Removed broadcast_24_piece0 on 65f44b4fd513:41499 in memory (size: 29.7 KiB, free: 433.9 MiB)
[2026-01-27T05:49:18.294+0000] {subprocess.py:106} INFO - 26/01/27 05:49:18 INFO BlockManagerInfo: Removed broadcast_24_piece0 on 172.30.0.8:42163 in memory (size: 29.7 KiB, free: 433.9 MiB)
[2026-01-27T05:49:18.320+0000] {subprocess.py:106} INFO - 26/01/27 05:49:18 INFO BlockManagerInfo: Removed broadcast_25_piece0 on 65f44b4fd513:41499 in memory (size: 9.8 KiB, free: 433.9 MiB)
[2026-01-27T05:49:18.335+0000] {subprocess.py:106} INFO - 26/01/27 05:49:18 INFO BlockManagerInfo: Removed broadcast_25_piece0 on 172.30.0.8:42163 in memory (size: 9.8 KiB, free: 433.9 MiB)
[2026-01-27T05:49:18.344+0000] {subprocess.py:106} INFO - 26/01/27 05:49:18 INFO SparkUI: Stopped Spark web UI at http://65f44b4fd513:4040
[2026-01-27T05:49:18.375+0000] {subprocess.py:106} INFO - 26/01/27 05:49:18 INFO StandaloneSchedulerBackend: Shutting down all executors
[2026-01-27T05:49:18.387+0000] {subprocess.py:106} INFO - 26/01/27 05:49:18 INFO StandaloneSchedulerBackend$StandaloneDriverEndpoint: Asking each executor to shut down
[2026-01-27T05:49:18.442+0000] {subprocess.py:106} INFO - 26/01/27 05:49:18 INFO MapOutputTrackerMasterEndpoint: MapOutputTrackerMasterEndpoint stopped!
[2026-01-27T05:49:18.506+0000] {subprocess.py:106} INFO - 26/01/27 05:49:18 INFO MemoryStore: MemoryStore cleared
[2026-01-27T05:49:18.510+0000] {subprocess.py:106} INFO - 26/01/27 05:49:18 INFO BlockManager: BlockManager stopped
[2026-01-27T05:49:18.521+0000] {subprocess.py:106} INFO - 26/01/27 05:49:18 INFO BlockManagerMaster: BlockManagerMaster stopped
[2026-01-27T05:49:18.524+0000] {subprocess.py:106} INFO - 26/01/27 05:49:18 INFO OutputCommitCoordinator$OutputCommitCoordinatorEndpoint: OutputCommitCoordinator stopped!
[2026-01-27T05:49:18.625+0000] {subprocess.py:106} INFO - 26/01/27 05:49:18 INFO SparkContext: Successfully stopped SparkContext
[2026-01-27T05:49:19.104+0000] {subprocess.py:106} INFO - 26/01/27 05:49:19 INFO ShutdownHookManager: Shutdown hook called
[2026-01-27T05:49:19.105+0000] {subprocess.py:106} INFO - 26/01/27 05:49:19 INFO ShutdownHookManager: Deleting directory /tmp/spark-892f1e07-4bec-4325-a8ad-d9159c107afe/pyspark-02e1a3ba-6e34-4be7-b7c3-0843ddd7be88
[2026-01-27T05:49:19.111+0000] {subprocess.py:106} INFO - 26/01/27 05:49:19 INFO ShutdownHookManager: Deleting directory /tmp/spark-892f1e07-4bec-4325-a8ad-d9159c107afe
[2026-01-27T05:49:19.115+0000] {subprocess.py:106} INFO - 26/01/27 05:49:19 INFO ShutdownHookManager: Deleting directory /tmp/spark-33bf5fbc-a5a9-459b-8e1d-1ecbef134ee8
[2026-01-27T05:49:19.222+0000] {subprocess.py:110} INFO - Command exited with return code 0
[2026-01-27T05:49:19.311+0000] {taskinstance.py:341} INFO - ::group::Post task execution logs
[2026-01-27T05:49:19.311+0000] {taskinstance.py:353} INFO - Marking task as SUCCESS. dag_id=crawl_etl_itjob, task_id=load_bronze, run_id=scheduled__2026-01-17T02:00:00+00:00, execution_date=20260117T020000, start_date=20260127T054815, end_date=20260127T054919
[2026-01-27T05:49:19.431+0000] {local_task_job_runner.py:266} INFO - Task exited with return code 0
[2026-01-27T05:49:19.494+0000] {taskinstance.py:3901} INFO - 1 downstream tasks scheduled from follow-on schedule check
[2026-01-27T05:49:19.497+0000] {local_task_job_runner.py:245} INFO - ::endgroup::
