[2025-11-12T14:48:14.392+0000] {processor.py:186} INFO - Started process (PID=40) to work on /opt/airflow/dags/etl_datalake_dag.py
[2025-11-12T14:48:14.394+0000] {processor.py:914} INFO - Processing file /opt/airflow/dags/etl_datalake_dag.py for tasks to queue
[2025-11-12T14:48:14.398+0000] {logging_mixin.py:190} INFO - [2025-11-12T14:48:14.397+0000] {dagbag.py:588} INFO - Filling up the DagBag from /opt/airflow/dags/etl_datalake_dag.py
[2025-11-12T14:48:14.490+0000] {processor.py:925} INFO - DAG(s) 'etl_datalake_hive_iceberg' retrieved from /opt/airflow/dags/etl_datalake_dag.py
[2025-11-12T14:48:14.652+0000] {logging_mixin.py:190} INFO - [2025-11-12T14:48:14.651+0000] {dag.py:3239} INFO - Sync 1 DAGs
[2025-11-12T14:48:14.729+0000] {logging_mixin.py:190} INFO - [2025-11-12T14:48:14.728+0000] {dag.py:4180} INFO - Setting next_dagrun for etl_datalake_hive_iceberg to 2025-11-11T00:00:00+00:00, run_after=2025-11-12T00:00:00+00:00
[2025-11-12T14:48:14.774+0000] {processor.py:208} INFO - Processing /opt/airflow/dags/etl_datalake_dag.py took 0.400 seconds
[2025-11-12T14:48:45.504+0000] {processor.py:186} INFO - Started process (PID=44) to work on /opt/airflow/dags/etl_datalake_dag.py
[2025-11-12T14:48:45.506+0000] {processor.py:914} INFO - Processing file /opt/airflow/dags/etl_datalake_dag.py for tasks to queue
[2025-11-12T14:48:45.510+0000] {logging_mixin.py:190} INFO - [2025-11-12T14:48:45.509+0000] {dagbag.py:588} INFO - Filling up the DagBag from /opt/airflow/dags/etl_datalake_dag.py
[2025-11-12T14:48:45.584+0000] {processor.py:925} INFO - DAG(s) 'etl_datalake_hive_iceberg' retrieved from /opt/airflow/dags/etl_datalake_dag.py
[2025-11-12T14:48:45.700+0000] {logging_mixin.py:190} INFO - [2025-11-12T14:48:45.699+0000] {dag.py:3239} INFO - Sync 1 DAGs
[2025-11-12T14:48:45.798+0000] {logging_mixin.py:190} INFO - [2025-11-12T14:48:45.798+0000] {dag.py:4180} INFO - Setting next_dagrun for etl_datalake_hive_iceberg to 2025-11-11T00:00:00+00:00, run_after=2025-11-12T00:00:00+00:00
[2025-11-12T14:48:45.870+0000] {processor.py:208} INFO - Processing /opt/airflow/dags/etl_datalake_dag.py took 0.378 seconds
[2025-11-12T14:49:16.169+0000] {processor.py:186} INFO - Started process (PID=48) to work on /opt/airflow/dags/etl_datalake_dag.py
[2025-11-12T14:49:16.170+0000] {processor.py:914} INFO - Processing file /opt/airflow/dags/etl_datalake_dag.py for tasks to queue
[2025-11-12T14:49:16.172+0000] {logging_mixin.py:190} INFO - [2025-11-12T14:49:16.172+0000] {dagbag.py:588} INFO - Filling up the DagBag from /opt/airflow/dags/etl_datalake_dag.py
[2025-11-12T14:49:16.216+0000] {processor.py:925} INFO - DAG(s) 'etl_datalake_hive_iceberg' retrieved from /opt/airflow/dags/etl_datalake_dag.py
[2025-11-12T14:49:16.319+0000] {logging_mixin.py:190} INFO - [2025-11-12T14:49:16.319+0000] {dag.py:3239} INFO - Sync 1 DAGs
[2025-11-12T14:49:16.385+0000] {logging_mixin.py:190} INFO - [2025-11-12T14:49:16.384+0000] {dag.py:4180} INFO - Setting next_dagrun for etl_datalake_hive_iceberg to 2025-11-11T00:00:00+00:00, run_after=2025-11-12T00:00:00+00:00
[2025-11-12T14:49:16.460+0000] {processor.py:208} INFO - Processing /opt/airflow/dags/etl_datalake_dag.py took 0.305 seconds
[2025-11-12T14:49:46.669+0000] {processor.py:186} INFO - Started process (PID=52) to work on /opt/airflow/dags/etl_datalake_dag.py
[2025-11-12T14:49:46.670+0000] {processor.py:914} INFO - Processing file /opt/airflow/dags/etl_datalake_dag.py for tasks to queue
[2025-11-12T14:49:46.673+0000] {logging_mixin.py:190} INFO - [2025-11-12T14:49:46.673+0000] {dagbag.py:588} INFO - Filling up the DagBag from /opt/airflow/dags/etl_datalake_dag.py
[2025-11-12T14:49:46.712+0000] {processor.py:925} INFO - DAG(s) 'etl_datalake_hive_iceberg' retrieved from /opt/airflow/dags/etl_datalake_dag.py
[2025-11-12T14:49:46.786+0000] {logging_mixin.py:190} INFO - [2025-11-12T14:49:46.786+0000] {dag.py:3239} INFO - Sync 1 DAGs
[2025-11-12T14:49:46.857+0000] {logging_mixin.py:190} INFO - [2025-11-12T14:49:46.856+0000] {dag.py:4180} INFO - Setting next_dagrun for etl_datalake_hive_iceberg to 2025-11-11T00:00:00+00:00, run_after=2025-11-12T00:00:00+00:00
[2025-11-12T14:49:46.904+0000] {processor.py:208} INFO - Processing /opt/airflow/dags/etl_datalake_dag.py took 0.245 seconds
[2025-11-12T14:50:17.640+0000] {processor.py:186} INFO - Started process (PID=56) to work on /opt/airflow/dags/etl_datalake_dag.py
[2025-11-12T14:50:17.641+0000] {processor.py:914} INFO - Processing file /opt/airflow/dags/etl_datalake_dag.py for tasks to queue
[2025-11-12T14:50:17.642+0000] {logging_mixin.py:190} INFO - [2025-11-12T14:50:17.642+0000] {dagbag.py:588} INFO - Filling up the DagBag from /opt/airflow/dags/etl_datalake_dag.py
[2025-11-12T14:50:17.668+0000] {processor.py:925} INFO - DAG(s) 'etl_datalake_hive_iceberg' retrieved from /opt/airflow/dags/etl_datalake_dag.py
[2025-11-12T14:50:17.721+0000] {logging_mixin.py:190} INFO - [2025-11-12T14:50:17.720+0000] {dag.py:3239} INFO - Sync 1 DAGs
[2025-11-12T14:50:17.760+0000] {logging_mixin.py:190} INFO - [2025-11-12T14:50:17.759+0000] {dag.py:4180} INFO - Setting next_dagrun for etl_datalake_hive_iceberg to 2025-11-11T00:00:00+00:00, run_after=2025-11-12T00:00:00+00:00
[2025-11-12T14:50:17.787+0000] {processor.py:208} INFO - Processing /opt/airflow/dags/etl_datalake_dag.py took 0.156 seconds
[2025-11-12T14:50:47.986+0000] {processor.py:186} INFO - Started process (PID=60) to work on /opt/airflow/dags/etl_datalake_dag.py
[2025-11-12T14:50:47.987+0000] {processor.py:914} INFO - Processing file /opt/airflow/dags/etl_datalake_dag.py for tasks to queue
[2025-11-12T14:50:47.990+0000] {logging_mixin.py:190} INFO - [2025-11-12T14:50:47.989+0000] {dagbag.py:588} INFO - Filling up the DagBag from /opt/airflow/dags/etl_datalake_dag.py
[2025-11-12T14:50:48.032+0000] {processor.py:925} INFO - DAG(s) 'etl_datalake_hive_iceberg' retrieved from /opt/airflow/dags/etl_datalake_dag.py
[2025-11-12T14:50:48.102+0000] {logging_mixin.py:190} INFO - [2025-11-12T14:50:48.102+0000] {dag.py:3239} INFO - Sync 1 DAGs
[2025-11-12T14:50:48.147+0000] {logging_mixin.py:190} INFO - [2025-11-12T14:50:48.147+0000] {dag.py:4180} INFO - Setting next_dagrun for etl_datalake_hive_iceberg to 2025-11-11T00:00:00+00:00, run_after=2025-11-12T00:00:00+00:00
[2025-11-12T14:50:48.197+0000] {processor.py:208} INFO - Processing /opt/airflow/dags/etl_datalake_dag.py took 0.220 seconds
[2025-11-12T14:51:20.467+0000] {processor.py:186} INFO - Started process (PID=64) to work on /opt/airflow/dags/etl_datalake_dag.py
[2025-11-12T14:51:20.468+0000] {processor.py:914} INFO - Processing file /opt/airflow/dags/etl_datalake_dag.py for tasks to queue
[2025-11-12T14:51:20.470+0000] {logging_mixin.py:190} INFO - [2025-11-12T14:51:20.469+0000] {dagbag.py:588} INFO - Filling up the DagBag from /opt/airflow/dags/etl_datalake_dag.py
[2025-11-12T14:51:20.495+0000] {processor.py:925} INFO - DAG(s) 'etl_datalake_hive_iceberg' retrieved from /opt/airflow/dags/etl_datalake_dag.py
[2025-11-12T14:51:20.545+0000] {logging_mixin.py:190} INFO - [2025-11-12T14:51:20.545+0000] {dag.py:3239} INFO - Sync 1 DAGs
[2025-11-12T14:51:20.589+0000] {logging_mixin.py:190} INFO - [2025-11-12T14:51:20.589+0000] {dag.py:4180} INFO - Setting next_dagrun for etl_datalake_hive_iceberg to 2025-11-11T00:00:00+00:00, run_after=2025-11-12T00:00:00+00:00
[2025-11-12T14:51:20.617+0000] {processor.py:208} INFO - Processing /opt/airflow/dags/etl_datalake_dag.py took 0.158 seconds
[2025-11-12T14:51:52.773+0000] {processor.py:186} INFO - Started process (PID=68) to work on /opt/airflow/dags/etl_datalake_dag.py
[2025-11-12T14:51:52.774+0000] {processor.py:914} INFO - Processing file /opt/airflow/dags/etl_datalake_dag.py for tasks to queue
[2025-11-12T14:51:52.776+0000] {logging_mixin.py:190} INFO - [2025-11-12T14:51:52.775+0000] {dagbag.py:588} INFO - Filling up the DagBag from /opt/airflow/dags/etl_datalake_dag.py
[2025-11-12T14:51:52.809+0000] {processor.py:925} INFO - DAG(s) 'etl_datalake_hive_iceberg' retrieved from /opt/airflow/dags/etl_datalake_dag.py
[2025-11-12T14:51:52.862+0000] {logging_mixin.py:190} INFO - [2025-11-12T14:51:52.862+0000] {dag.py:3239} INFO - Sync 1 DAGs
[2025-11-12T14:51:52.905+0000] {logging_mixin.py:190} INFO - [2025-11-12T14:51:52.905+0000] {dag.py:4180} INFO - Setting next_dagrun for etl_datalake_hive_iceberg to 2025-11-11T00:00:00+00:00, run_after=2025-11-12T00:00:00+00:00
[2025-11-12T14:51:52.952+0000] {processor.py:208} INFO - Processing /opt/airflow/dags/etl_datalake_dag.py took 0.188 seconds
[2025-11-12T14:52:25.715+0000] {processor.py:186} INFO - Started process (PID=72) to work on /opt/airflow/dags/etl_datalake_dag.py
[2025-11-12T14:52:25.716+0000] {processor.py:914} INFO - Processing file /opt/airflow/dags/etl_datalake_dag.py for tasks to queue
[2025-11-12T14:52:25.719+0000] {logging_mixin.py:190} INFO - [2025-11-12T14:52:25.718+0000] {dagbag.py:588} INFO - Filling up the DagBag from /opt/airflow/dags/etl_datalake_dag.py
[2025-11-12T14:52:25.747+0000] {processor.py:925} INFO - DAG(s) 'etl_datalake_hive_iceberg' retrieved from /opt/airflow/dags/etl_datalake_dag.py
[2025-11-12T14:52:25.804+0000] {logging_mixin.py:190} INFO - [2025-11-12T14:52:25.803+0000] {dag.py:3239} INFO - Sync 1 DAGs
[2025-11-12T14:52:25.849+0000] {logging_mixin.py:190} INFO - [2025-11-12T14:52:25.849+0000] {dag.py:4180} INFO - Setting next_dagrun for etl_datalake_hive_iceberg to 2025-11-11T00:00:00+00:00, run_after=2025-11-12T00:00:00+00:00
[2025-11-12T14:52:25.888+0000] {processor.py:208} INFO - Processing /opt/airflow/dags/etl_datalake_dag.py took 0.181 seconds
[2025-11-12T14:52:58.240+0000] {processor.py:186} INFO - Started process (PID=76) to work on /opt/airflow/dags/etl_datalake_dag.py
[2025-11-12T14:52:58.241+0000] {processor.py:914} INFO - Processing file /opt/airflow/dags/etl_datalake_dag.py for tasks to queue
[2025-11-12T14:52:58.243+0000] {logging_mixin.py:190} INFO - [2025-11-12T14:52:58.243+0000] {dagbag.py:588} INFO - Filling up the DagBag from /opt/airflow/dags/etl_datalake_dag.py
[2025-11-12T14:52:58.298+0000] {processor.py:925} INFO - DAG(s) 'etl_datalake_hive_iceberg' retrieved from /opt/airflow/dags/etl_datalake_dag.py
[2025-11-12T14:52:58.388+0000] {logging_mixin.py:190} INFO - [2025-11-12T14:52:58.388+0000] {dag.py:3239} INFO - Sync 1 DAGs
[2025-11-12T14:52:58.457+0000] {logging_mixin.py:190} INFO - [2025-11-12T14:52:58.456+0000] {dag.py:4180} INFO - Setting next_dagrun for etl_datalake_hive_iceberg to 2025-11-11T00:00:00+00:00, run_after=2025-11-12T00:00:00+00:00
[2025-11-12T14:52:58.516+0000] {processor.py:208} INFO - Processing /opt/airflow/dags/etl_datalake_dag.py took 0.285 seconds
[2025-11-12T14:53:30.883+0000] {processor.py:186} INFO - Started process (PID=80) to work on /opt/airflow/dags/etl_datalake_dag.py
[2025-11-12T14:53:30.885+0000] {processor.py:914} INFO - Processing file /opt/airflow/dags/etl_datalake_dag.py for tasks to queue
[2025-11-12T14:53:30.887+0000] {logging_mixin.py:190} INFO - [2025-11-12T14:53:30.887+0000] {dagbag.py:588} INFO - Filling up the DagBag from /opt/airflow/dags/etl_datalake_dag.py
[2025-11-12T14:53:30.921+0000] {processor.py:925} INFO - DAG(s) 'etl_datalake_hive_iceberg' retrieved from /opt/airflow/dags/etl_datalake_dag.py
[2025-11-12T14:53:30.992+0000] {logging_mixin.py:190} INFO - [2025-11-12T14:53:30.992+0000] {dag.py:3239} INFO - Sync 1 DAGs
[2025-11-12T14:53:31.061+0000] {logging_mixin.py:190} INFO - [2025-11-12T14:53:31.060+0000] {dag.py:4180} INFO - Setting next_dagrun for etl_datalake_hive_iceberg to 2025-11-11T00:00:00+00:00, run_after=2025-11-12T00:00:00+00:00
[2025-11-12T14:53:31.114+0000] {processor.py:208} INFO - Processing /opt/airflow/dags/etl_datalake_dag.py took 0.242 seconds
[2025-11-12T14:54:03.837+0000] {processor.py:186} INFO - Started process (PID=84) to work on /opt/airflow/dags/etl_datalake_dag.py
[2025-11-12T14:54:03.838+0000] {processor.py:914} INFO - Processing file /opt/airflow/dags/etl_datalake_dag.py for tasks to queue
[2025-11-12T14:54:03.840+0000] {logging_mixin.py:190} INFO - [2025-11-12T14:54:03.840+0000] {dagbag.py:588} INFO - Filling up the DagBag from /opt/airflow/dags/etl_datalake_dag.py
[2025-11-12T14:54:03.873+0000] {processor.py:925} INFO - DAG(s) 'etl_datalake_hive_iceberg' retrieved from /opt/airflow/dags/etl_datalake_dag.py
[2025-11-12T14:54:03.930+0000] {logging_mixin.py:190} INFO - [2025-11-12T14:54:03.930+0000] {dag.py:3239} INFO - Sync 1 DAGs
[2025-11-12T14:54:03.986+0000] {logging_mixin.py:190} INFO - [2025-11-12T14:54:03.985+0000] {dag.py:4180} INFO - Setting next_dagrun for etl_datalake_hive_iceberg to 2025-11-11T00:00:00+00:00, run_after=2025-11-12T00:00:00+00:00
[2025-11-12T14:54:04.030+0000] {processor.py:208} INFO - Processing /opt/airflow/dags/etl_datalake_dag.py took 0.202 seconds
[2025-11-12T14:54:36.506+0000] {processor.py:186} INFO - Started process (PID=88) to work on /opt/airflow/dags/etl_datalake_dag.py
[2025-11-12T14:54:36.507+0000] {processor.py:914} INFO - Processing file /opt/airflow/dags/etl_datalake_dag.py for tasks to queue
[2025-11-12T14:54:36.509+0000] {logging_mixin.py:190} INFO - [2025-11-12T14:54:36.508+0000] {dagbag.py:588} INFO - Filling up the DagBag from /opt/airflow/dags/etl_datalake_dag.py
[2025-11-12T14:54:36.538+0000] {processor.py:925} INFO - DAG(s) 'etl_datalake_hive_iceberg' retrieved from /opt/airflow/dags/etl_datalake_dag.py
[2025-11-12T14:54:36.599+0000] {logging_mixin.py:190} INFO - [2025-11-12T14:54:36.598+0000] {dag.py:3239} INFO - Sync 1 DAGs
[2025-11-12T14:54:36.670+0000] {logging_mixin.py:190} INFO - [2025-11-12T14:54:36.669+0000] {dag.py:4180} INFO - Setting next_dagrun for etl_datalake_hive_iceberg to 2025-11-11T00:00:00+00:00, run_after=2025-11-12T00:00:00+00:00
[2025-11-12T14:54:36.714+0000] {processor.py:208} INFO - Processing /opt/airflow/dags/etl_datalake_dag.py took 0.218 seconds
[2025-11-12T14:55:08.994+0000] {processor.py:186} INFO - Started process (PID=92) to work on /opt/airflow/dags/etl_datalake_dag.py
[2025-11-12T14:55:08.995+0000] {processor.py:914} INFO - Processing file /opt/airflow/dags/etl_datalake_dag.py for tasks to queue
[2025-11-12T14:55:08.997+0000] {logging_mixin.py:190} INFO - [2025-11-12T14:55:08.996+0000] {dagbag.py:588} INFO - Filling up the DagBag from /opt/airflow/dags/etl_datalake_dag.py
[2025-11-12T14:55:09.034+0000] {processor.py:925} INFO - DAG(s) 'etl_datalake_hive_iceberg' retrieved from /opt/airflow/dags/etl_datalake_dag.py
[2025-11-12T14:55:09.107+0000] {logging_mixin.py:190} INFO - [2025-11-12T14:55:09.107+0000] {dag.py:3239} INFO - Sync 1 DAGs
[2025-11-12T14:55:09.162+0000] {logging_mixin.py:190} INFO - [2025-11-12T14:55:09.161+0000] {dag.py:4180} INFO - Setting next_dagrun for etl_datalake_hive_iceberg to 2025-11-11T00:00:00+00:00, run_after=2025-11-12T00:00:00+00:00
[2025-11-12T14:55:09.212+0000] {processor.py:208} INFO - Processing /opt/airflow/dags/etl_datalake_dag.py took 0.227 seconds
[2025-11-12T14:55:40.030+0000] {processor.py:186} INFO - Started process (PID=96) to work on /opt/airflow/dags/etl_datalake_dag.py
[2025-11-12T14:55:40.031+0000] {processor.py:914} INFO - Processing file /opt/airflow/dags/etl_datalake_dag.py for tasks to queue
[2025-11-12T14:55:40.033+0000] {logging_mixin.py:190} INFO - [2025-11-12T14:55:40.033+0000] {dagbag.py:588} INFO - Filling up the DagBag from /opt/airflow/dags/etl_datalake_dag.py
[2025-11-12T14:55:40.065+0000] {processor.py:925} INFO - DAG(s) 'etl_datalake_hive_iceberg' retrieved from /opt/airflow/dags/etl_datalake_dag.py
[2025-11-12T14:55:40.134+0000] {logging_mixin.py:190} INFO - [2025-11-12T14:55:40.133+0000] {dag.py:3239} INFO - Sync 1 DAGs
[2025-11-12T14:55:40.186+0000] {logging_mixin.py:190} INFO - [2025-11-12T14:55:40.185+0000] {dag.py:4180} INFO - Setting next_dagrun for etl_datalake_hive_iceberg to 2025-11-11T00:00:00+00:00, run_after=2025-11-12T00:00:00+00:00
[2025-11-12T14:55:40.225+0000] {processor.py:208} INFO - Processing /opt/airflow/dags/etl_datalake_dag.py took 0.206 seconds
[2025-11-12T14:56:11.066+0000] {processor.py:186} INFO - Started process (PID=100) to work on /opt/airflow/dags/etl_datalake_dag.py
[2025-11-12T14:56:11.067+0000] {processor.py:914} INFO - Processing file /opt/airflow/dags/etl_datalake_dag.py for tasks to queue
[2025-11-12T14:56:11.068+0000] {logging_mixin.py:190} INFO - [2025-11-12T14:56:11.068+0000] {dagbag.py:588} INFO - Filling up the DagBag from /opt/airflow/dags/etl_datalake_dag.py
[2025-11-12T14:56:11.088+0000] {processor.py:925} INFO - DAG(s) 'etl_datalake_hive_iceberg' retrieved from /opt/airflow/dags/etl_datalake_dag.py
[2025-11-12T14:56:11.131+0000] {logging_mixin.py:190} INFO - [2025-11-12T14:56:11.131+0000] {dag.py:3239} INFO - Sync 1 DAGs
[2025-11-12T14:56:11.166+0000] {logging_mixin.py:190} INFO - [2025-11-12T14:56:11.166+0000] {dag.py:4180} INFO - Setting next_dagrun for etl_datalake_hive_iceberg to 2025-11-11T00:00:00+00:00, run_after=2025-11-12T00:00:00+00:00
[2025-11-12T14:56:11.192+0000] {processor.py:208} INFO - Processing /opt/airflow/dags/etl_datalake_dag.py took 0.132 seconds
[2025-11-12T14:56:42.050+0000] {processor.py:186} INFO - Started process (PID=104) to work on /opt/airflow/dags/etl_datalake_dag.py
[2025-11-12T14:56:42.051+0000] {processor.py:914} INFO - Processing file /opt/airflow/dags/etl_datalake_dag.py for tasks to queue
[2025-11-12T14:56:42.052+0000] {logging_mixin.py:190} INFO - [2025-11-12T14:56:42.052+0000] {dagbag.py:588} INFO - Filling up the DagBag from /opt/airflow/dags/etl_datalake_dag.py
[2025-11-12T14:56:42.075+0000] {processor.py:925} INFO - DAG(s) 'etl_datalake_hive_iceberg' retrieved from /opt/airflow/dags/etl_datalake_dag.py
[2025-11-12T14:56:42.125+0000] {logging_mixin.py:190} INFO - [2025-11-12T14:56:42.125+0000] {dag.py:3239} INFO - Sync 1 DAGs
[2025-11-12T14:56:42.204+0000] {logging_mixin.py:190} INFO - [2025-11-12T14:56:42.196+0000] {dag.py:4180} INFO - Setting next_dagrun for etl_datalake_hive_iceberg to 2025-11-11T00:00:00+00:00, run_after=2025-11-12T00:00:00+00:00
[2025-11-12T14:56:42.312+0000] {processor.py:208} INFO - Processing /opt/airflow/dags/etl_datalake_dag.py took 0.269 seconds
[2025-11-12T14:57:12.491+0000] {processor.py:186} INFO - Started process (PID=108) to work on /opt/airflow/dags/etl_datalake_dag.py
[2025-11-12T14:57:12.492+0000] {processor.py:914} INFO - Processing file /opt/airflow/dags/etl_datalake_dag.py for tasks to queue
[2025-11-12T14:57:12.493+0000] {logging_mixin.py:190} INFO - [2025-11-12T14:57:12.493+0000] {dagbag.py:588} INFO - Filling up the DagBag from /opt/airflow/dags/etl_datalake_dag.py
[2025-11-12T14:57:12.511+0000] {processor.py:925} INFO - DAG(s) 'etl_datalake_hive_iceberg' retrieved from /opt/airflow/dags/etl_datalake_dag.py
[2025-11-12T14:57:12.543+0000] {logging_mixin.py:190} INFO - [2025-11-12T14:57:12.542+0000] {dag.py:3239} INFO - Sync 1 DAGs
[2025-11-12T14:57:12.570+0000] {logging_mixin.py:190} INFO - [2025-11-12T14:57:12.570+0000] {dag.py:4180} INFO - Setting next_dagrun for etl_datalake_hive_iceberg to 2025-11-11T00:00:00+00:00, run_after=2025-11-12T00:00:00+00:00
[2025-11-12T14:57:12.598+0000] {processor.py:208} INFO - Processing /opt/airflow/dags/etl_datalake_dag.py took 0.112 seconds
[2025-11-12T14:57:42.883+0000] {processor.py:186} INFO - Started process (PID=112) to work on /opt/airflow/dags/etl_datalake_dag.py
[2025-11-12T14:57:42.884+0000] {processor.py:914} INFO - Processing file /opt/airflow/dags/etl_datalake_dag.py for tasks to queue
[2025-11-12T14:57:42.886+0000] {logging_mixin.py:190} INFO - [2025-11-12T14:57:42.886+0000] {dagbag.py:588} INFO - Filling up the DagBag from /opt/airflow/dags/etl_datalake_dag.py
[2025-11-12T14:57:42.914+0000] {processor.py:925} INFO - DAG(s) 'etl_datalake_hive_iceberg' retrieved from /opt/airflow/dags/etl_datalake_dag.py
[2025-11-12T14:57:42.966+0000] {logging_mixin.py:190} INFO - [2025-11-12T14:57:42.966+0000] {dag.py:3239} INFO - Sync 1 DAGs
[2025-11-12T14:57:43.004+0000] {logging_mixin.py:190} INFO - [2025-11-12T14:57:43.003+0000] {dag.py:4180} INFO - Setting next_dagrun for etl_datalake_hive_iceberg to 2025-11-11T00:00:00+00:00, run_after=2025-11-12T00:00:00+00:00
[2025-11-12T14:57:43.040+0000] {processor.py:208} INFO - Processing /opt/airflow/dags/etl_datalake_dag.py took 0.165 seconds
[2025-11-12T14:58:13.335+0000] {processor.py:186} INFO - Started process (PID=116) to work on /opt/airflow/dags/etl_datalake_dag.py
[2025-11-12T14:58:13.336+0000] {processor.py:914} INFO - Processing file /opt/airflow/dags/etl_datalake_dag.py for tasks to queue
[2025-11-12T14:58:13.338+0000] {logging_mixin.py:190} INFO - [2025-11-12T14:58:13.337+0000] {dagbag.py:588} INFO - Filling up the DagBag from /opt/airflow/dags/etl_datalake_dag.py
[2025-11-12T14:58:13.364+0000] {processor.py:925} INFO - DAG(s) 'etl_datalake_hive_iceberg' retrieved from /opt/airflow/dags/etl_datalake_dag.py
[2025-11-12T14:58:13.413+0000] {logging_mixin.py:190} INFO - [2025-11-12T14:58:13.413+0000] {dag.py:3239} INFO - Sync 1 DAGs
[2025-11-12T14:58:13.451+0000] {logging_mixin.py:190} INFO - [2025-11-12T14:58:13.451+0000] {dag.py:4180} INFO - Setting next_dagrun for etl_datalake_hive_iceberg to 2025-11-11T00:00:00+00:00, run_after=2025-11-12T00:00:00+00:00
[2025-11-12T14:58:13.479+0000] {processor.py:208} INFO - Processing /opt/airflow/dags/etl_datalake_dag.py took 0.151 seconds
[2025-11-12T14:58:43.620+0000] {processor.py:186} INFO - Started process (PID=120) to work on /opt/airflow/dags/etl_datalake_dag.py
[2025-11-12T14:58:43.620+0000] {processor.py:914} INFO - Processing file /opt/airflow/dags/etl_datalake_dag.py for tasks to queue
[2025-11-12T14:58:43.622+0000] {logging_mixin.py:190} INFO - [2025-11-12T14:58:43.621+0000] {dagbag.py:588} INFO - Filling up the DagBag from /opt/airflow/dags/etl_datalake_dag.py
[2025-11-12T14:58:43.641+0000] {processor.py:925} INFO - DAG(s) 'etl_datalake_hive_iceberg' retrieved from /opt/airflow/dags/etl_datalake_dag.py
[2025-11-12T14:58:43.683+0000] {logging_mixin.py:190} INFO - [2025-11-12T14:58:43.683+0000] {dag.py:3239} INFO - Sync 1 DAGs
[2025-11-12T14:58:43.717+0000] {logging_mixin.py:190} INFO - [2025-11-12T14:58:43.716+0000] {dag.py:4180} INFO - Setting next_dagrun for etl_datalake_hive_iceberg to 2025-11-11T00:00:00+00:00, run_after=2025-11-12T00:00:00+00:00
[2025-11-12T14:58:43.759+0000] {processor.py:208} INFO - Processing /opt/airflow/dags/etl_datalake_dag.py took 0.147 seconds
[2025-11-12T14:59:14.198+0000] {processor.py:186} INFO - Started process (PID=124) to work on /opt/airflow/dags/etl_datalake_dag.py
[2025-11-12T14:59:14.200+0000] {processor.py:914} INFO - Processing file /opt/airflow/dags/etl_datalake_dag.py for tasks to queue
[2025-11-12T14:59:14.204+0000] {logging_mixin.py:190} INFO - [2025-11-12T14:59:14.203+0000] {dagbag.py:588} INFO - Filling up the DagBag from /opt/airflow/dags/etl_datalake_dag.py
[2025-11-12T14:59:14.272+0000] {processor.py:925} INFO - DAG(s) 'etl_datalake_hive_iceberg' retrieved from /opt/airflow/dags/etl_datalake_dag.py
[2025-11-12T14:59:14.408+0000] {logging_mixin.py:190} INFO - [2025-11-12T14:59:14.407+0000] {dag.py:3239} INFO - Sync 1 DAGs
[2025-11-12T14:59:14.519+0000] {logging_mixin.py:190} INFO - [2025-11-12T14:59:14.518+0000] {dag.py:4180} INFO - Setting next_dagrun for etl_datalake_hive_iceberg to 2025-11-11T00:00:00+00:00, run_after=2025-11-12T00:00:00+00:00
[2025-11-12T14:59:14.561+0000] {processor.py:208} INFO - Processing /opt/airflow/dags/etl_datalake_dag.py took 0.384 seconds
[2025-11-12T14:59:45.056+0000] {processor.py:186} INFO - Started process (PID=128) to work on /opt/airflow/dags/etl_datalake_dag.py
[2025-11-12T14:59:45.058+0000] {processor.py:914} INFO - Processing file /opt/airflow/dags/etl_datalake_dag.py for tasks to queue
[2025-11-12T14:59:45.063+0000] {logging_mixin.py:190} INFO - [2025-11-12T14:59:45.062+0000] {dagbag.py:588} INFO - Filling up the DagBag from /opt/airflow/dags/etl_datalake_dag.py
[2025-11-12T14:59:45.108+0000] {processor.py:925} INFO - DAG(s) 'etl_datalake_hive_iceberg' retrieved from /opt/airflow/dags/etl_datalake_dag.py
[2025-11-12T14:59:45.177+0000] {logging_mixin.py:190} INFO - [2025-11-12T14:59:45.177+0000] {dag.py:3239} INFO - Sync 1 DAGs
[2025-11-12T14:59:45.233+0000] {logging_mixin.py:190} INFO - [2025-11-12T14:59:45.233+0000] {dag.py:4180} INFO - Setting next_dagrun for etl_datalake_hive_iceberg to 2025-11-11T00:00:00+00:00, run_after=2025-11-12T00:00:00+00:00
[2025-11-12T14:59:45.284+0000] {processor.py:208} INFO - Processing /opt/airflow/dags/etl_datalake_dag.py took 0.252 seconds
[2025-11-12T15:00:15.435+0000] {processor.py:186} INFO - Started process (PID=132) to work on /opt/airflow/dags/etl_datalake_dag.py
[2025-11-12T15:00:15.437+0000] {processor.py:914} INFO - Processing file /opt/airflow/dags/etl_datalake_dag.py for tasks to queue
[2025-11-12T15:00:15.439+0000] {logging_mixin.py:190} INFO - [2025-11-12T15:00:15.438+0000] {dagbag.py:588} INFO - Filling up the DagBag from /opt/airflow/dags/etl_datalake_dag.py
[2025-11-12T15:00:15.472+0000] {processor.py:925} INFO - DAG(s) 'etl_datalake_hive_iceberg' retrieved from /opt/airflow/dags/etl_datalake_dag.py
[2025-11-12T15:00:15.541+0000] {logging_mixin.py:190} INFO - [2025-11-12T15:00:15.540+0000] {dag.py:3239} INFO - Sync 1 DAGs
[2025-11-12T15:00:15.594+0000] {logging_mixin.py:190} INFO - [2025-11-12T15:00:15.594+0000] {dag.py:4180} INFO - Setting next_dagrun for etl_datalake_hive_iceberg to 2025-11-11T00:00:00+00:00, run_after=2025-11-12T00:00:00+00:00
[2025-11-12T15:00:15.646+0000] {processor.py:208} INFO - Processing /opt/airflow/dags/etl_datalake_dag.py took 0.219 seconds
[2025-11-12T15:00:46.419+0000] {processor.py:186} INFO - Started process (PID=136) to work on /opt/airflow/dags/etl_datalake_dag.py
[2025-11-12T15:00:46.420+0000] {processor.py:914} INFO - Processing file /opt/airflow/dags/etl_datalake_dag.py for tasks to queue
[2025-11-12T15:00:46.423+0000] {logging_mixin.py:190} INFO - [2025-11-12T15:00:46.422+0000] {dagbag.py:588} INFO - Filling up the DagBag from /opt/airflow/dags/etl_datalake_dag.py
[2025-11-12T15:00:46.471+0000] {processor.py:925} INFO - DAG(s) 'etl_datalake_hive_iceberg' retrieved from /opt/airflow/dags/etl_datalake_dag.py
[2025-11-12T15:00:46.554+0000] {logging_mixin.py:190} INFO - [2025-11-12T15:00:46.554+0000] {dag.py:3239} INFO - Sync 1 DAGs
[2025-11-12T15:00:46.612+0000] {logging_mixin.py:190} INFO - [2025-11-12T15:00:46.611+0000] {dag.py:4180} INFO - Setting next_dagrun for etl_datalake_hive_iceberg to 2025-11-11T00:00:00+00:00, run_after=2025-11-12T00:00:00+00:00
[2025-11-12T15:00:46.688+0000] {processor.py:208} INFO - Processing /opt/airflow/dags/etl_datalake_dag.py took 0.284 seconds
[2025-11-12T15:01:16.906+0000] {processor.py:186} INFO - Started process (PID=140) to work on /opt/airflow/dags/etl_datalake_dag.py
[2025-11-12T15:01:16.908+0000] {processor.py:914} INFO - Processing file /opt/airflow/dags/etl_datalake_dag.py for tasks to queue
[2025-11-12T15:01:16.910+0000] {logging_mixin.py:190} INFO - [2025-11-12T15:01:16.910+0000] {dagbag.py:588} INFO - Filling up the DagBag from /opt/airflow/dags/etl_datalake_dag.py
[2025-11-12T15:01:16.973+0000] {processor.py:925} INFO - DAG(s) 'etl_datalake_hive_iceberg' retrieved from /opt/airflow/dags/etl_datalake_dag.py
[2025-11-12T15:01:17.057+0000] {logging_mixin.py:190} INFO - [2025-11-12T15:01:17.056+0000] {dag.py:3239} INFO - Sync 1 DAGs
[2025-11-12T15:01:17.121+0000] {logging_mixin.py:190} INFO - [2025-11-12T15:01:17.121+0000] {dag.py:4180} INFO - Setting next_dagrun for etl_datalake_hive_iceberg to 2025-11-11T00:00:00+00:00, run_after=2025-11-12T00:00:00+00:00
[2025-11-12T15:01:17.185+0000] {processor.py:208} INFO - Processing /opt/airflow/dags/etl_datalake_dag.py took 0.293 seconds
[2025-11-12T15:01:47.572+0000] {processor.py:186} INFO - Started process (PID=144) to work on /opt/airflow/dags/etl_datalake_dag.py
[2025-11-12T15:01:47.572+0000] {processor.py:914} INFO - Processing file /opt/airflow/dags/etl_datalake_dag.py for tasks to queue
[2025-11-12T15:01:47.574+0000] {logging_mixin.py:190} INFO - [2025-11-12T15:01:47.573+0000] {dagbag.py:588} INFO - Filling up the DagBag from /opt/airflow/dags/etl_datalake_dag.py
[2025-11-12T15:01:47.595+0000] {processor.py:925} INFO - DAG(s) 'etl_datalake_hive_iceberg' retrieved from /opt/airflow/dags/etl_datalake_dag.py
[2025-11-12T15:01:47.634+0000] {logging_mixin.py:190} INFO - [2025-11-12T15:01:47.634+0000] {dag.py:3239} INFO - Sync 1 DAGs
[2025-11-12T15:01:47.669+0000] {logging_mixin.py:190} INFO - [2025-11-12T15:01:47.669+0000] {dag.py:4180} INFO - Setting next_dagrun for etl_datalake_hive_iceberg to 2025-11-11T00:00:00+00:00, run_after=2025-11-12T00:00:00+00:00
[2025-11-12T15:01:47.714+0000] {processor.py:208} INFO - Processing /opt/airflow/dags/etl_datalake_dag.py took 0.148 seconds
[2025-11-12T15:02:18.054+0000] {processor.py:186} INFO - Started process (PID=148) to work on /opt/airflow/dags/etl_datalake_dag.py
[2025-11-12T15:02:18.055+0000] {processor.py:914} INFO - Processing file /opt/airflow/dags/etl_datalake_dag.py for tasks to queue
[2025-11-12T15:02:18.056+0000] {logging_mixin.py:190} INFO - [2025-11-12T15:02:18.056+0000] {dagbag.py:588} INFO - Filling up the DagBag from /opt/airflow/dags/etl_datalake_dag.py
[2025-11-12T15:02:18.079+0000] {processor.py:925} INFO - DAG(s) 'etl_datalake_hive_iceberg' retrieved from /opt/airflow/dags/etl_datalake_dag.py
[2025-11-12T15:02:18.124+0000] {logging_mixin.py:190} INFO - [2025-11-12T15:02:18.124+0000] {dag.py:3239} INFO - Sync 1 DAGs
[2025-11-12T15:02:18.166+0000] {logging_mixin.py:190} INFO - [2025-11-12T15:02:18.166+0000] {dag.py:4180} INFO - Setting next_dagrun for etl_datalake_hive_iceberg to 2025-11-11T00:00:00+00:00, run_after=2025-11-12T00:00:00+00:00
[2025-11-12T15:02:18.217+0000] {processor.py:208} INFO - Processing /opt/airflow/dags/etl_datalake_dag.py took 0.169 seconds
[2025-11-12T15:02:48.350+0000] {processor.py:186} INFO - Started process (PID=152) to work on /opt/airflow/dags/etl_datalake_dag.py
[2025-11-12T15:02:48.352+0000] {processor.py:914} INFO - Processing file /opt/airflow/dags/etl_datalake_dag.py for tasks to queue
[2025-11-12T15:02:48.354+0000] {logging_mixin.py:190} INFO - [2025-11-12T15:02:48.354+0000] {dagbag.py:588} INFO - Filling up the DagBag from /opt/airflow/dags/etl_datalake_dag.py
[2025-11-12T15:02:48.383+0000] {processor.py:925} INFO - DAG(s) 'etl_datalake_hive_iceberg' retrieved from /opt/airflow/dags/etl_datalake_dag.py
[2025-11-12T15:02:48.449+0000] {logging_mixin.py:190} INFO - [2025-11-12T15:02:48.449+0000] {dag.py:3239} INFO - Sync 1 DAGs
[2025-11-12T15:02:48.494+0000] {logging_mixin.py:190} INFO - [2025-11-12T15:02:48.494+0000] {dag.py:4180} INFO - Setting next_dagrun for etl_datalake_hive_iceberg to 2025-11-11T00:00:00+00:00, run_after=2025-11-12T00:00:00+00:00
[2025-11-12T15:02:48.573+0000] {processor.py:208} INFO - Processing /opt/airflow/dags/etl_datalake_dag.py took 0.230 seconds
[2025-11-12T15:03:20.060+0000] {processor.py:186} INFO - Started process (PID=156) to work on /opt/airflow/dags/etl_datalake_dag.py
[2025-11-12T15:03:20.061+0000] {processor.py:914} INFO - Processing file /opt/airflow/dags/etl_datalake_dag.py for tasks to queue
[2025-11-12T15:03:20.063+0000] {logging_mixin.py:190} INFO - [2025-11-12T15:03:20.063+0000] {dagbag.py:588} INFO - Filling up the DagBag from /opt/airflow/dags/etl_datalake_dag.py
[2025-11-12T15:03:20.091+0000] {processor.py:925} INFO - DAG(s) 'etl_datalake_hive_iceberg' retrieved from /opt/airflow/dags/etl_datalake_dag.py
[2025-11-12T15:03:20.143+0000] {logging_mixin.py:190} INFO - [2025-11-12T15:03:20.143+0000] {dag.py:3239} INFO - Sync 1 DAGs
[2025-11-12T15:03:20.189+0000] {logging_mixin.py:190} INFO - [2025-11-12T15:03:20.189+0000] {dag.py:4180} INFO - Setting next_dagrun for etl_datalake_hive_iceberg to 2025-11-11T00:00:00+00:00, run_after=2025-11-12T00:00:00+00:00
[2025-11-12T15:03:20.228+0000] {processor.py:208} INFO - Processing /opt/airflow/dags/etl_datalake_dag.py took 0.176 seconds
[2025-11-12T15:03:52.527+0000] {processor.py:186} INFO - Started process (PID=160) to work on /opt/airflow/dags/etl_datalake_dag.py
[2025-11-12T15:03:52.529+0000] {processor.py:914} INFO - Processing file /opt/airflow/dags/etl_datalake_dag.py for tasks to queue
[2025-11-12T15:03:52.532+0000] {logging_mixin.py:190} INFO - [2025-11-12T15:03:52.531+0000] {dagbag.py:588} INFO - Filling up the DagBag from /opt/airflow/dags/etl_datalake_dag.py
[2025-11-12T15:03:52.572+0000] {processor.py:925} INFO - DAG(s) 'etl_datalake_hive_iceberg' retrieved from /opt/airflow/dags/etl_datalake_dag.py
[2025-11-12T15:03:52.643+0000] {logging_mixin.py:190} INFO - [2025-11-12T15:03:52.643+0000] {dag.py:3239} INFO - Sync 1 DAGs
[2025-11-12T15:03:52.702+0000] {logging_mixin.py:190} INFO - [2025-11-12T15:03:52.702+0000] {dag.py:4180} INFO - Setting next_dagrun for etl_datalake_hive_iceberg to 2025-11-11T00:00:00+00:00, run_after=2025-11-12T00:00:00+00:00
[2025-11-12T15:03:52.757+0000] {processor.py:208} INFO - Processing /opt/airflow/dags/etl_datalake_dag.py took 0.243 seconds
[2025-11-12T15:04:25.917+0000] {processor.py:186} INFO - Started process (PID=164) to work on /opt/airflow/dags/etl_datalake_dag.py
[2025-11-12T15:04:25.919+0000] {processor.py:914} INFO - Processing file /opt/airflow/dags/etl_datalake_dag.py for tasks to queue
[2025-11-12T15:04:25.923+0000] {logging_mixin.py:190} INFO - [2025-11-12T15:04:25.923+0000] {dagbag.py:588} INFO - Filling up the DagBag from /opt/airflow/dags/etl_datalake_dag.py
[2025-11-12T15:04:25.990+0000] {processor.py:925} INFO - DAG(s) 'etl_datalake_hive_iceberg' retrieved from /opt/airflow/dags/etl_datalake_dag.py
[2025-11-12T15:04:26.135+0000] {logging_mixin.py:190} INFO - [2025-11-12T15:04:26.135+0000] {dag.py:3239} INFO - Sync 1 DAGs
[2025-11-12T15:04:26.246+0000] {logging_mixin.py:190} INFO - [2025-11-12T15:04:26.245+0000] {dag.py:4180} INFO - Setting next_dagrun for etl_datalake_hive_iceberg to 2025-11-11T00:00:00+00:00, run_after=2025-11-12T00:00:00+00:00
[2025-11-12T15:04:26.322+0000] {processor.py:208} INFO - Processing /opt/airflow/dags/etl_datalake_dag.py took 0.423 seconds
[2025-11-12T15:04:58.756+0000] {processor.py:186} INFO - Started process (PID=168) to work on /opt/airflow/dags/etl_datalake_dag.py
[2025-11-12T15:04:58.757+0000] {processor.py:914} INFO - Processing file /opt/airflow/dags/etl_datalake_dag.py for tasks to queue
[2025-11-12T15:04:58.759+0000] {logging_mixin.py:190} INFO - [2025-11-12T15:04:58.759+0000] {dagbag.py:588} INFO - Filling up the DagBag from /opt/airflow/dags/etl_datalake_dag.py
[2025-11-12T15:04:58.808+0000] {processor.py:925} INFO - DAG(s) 'etl_datalake_hive_iceberg' retrieved from /opt/airflow/dags/etl_datalake_dag.py
[2025-11-12T15:04:58.901+0000] {logging_mixin.py:190} INFO - [2025-11-12T15:04:58.900+0000] {dag.py:3239} INFO - Sync 1 DAGs
[2025-11-12T15:04:58.969+0000] {logging_mixin.py:190} INFO - [2025-11-12T15:04:58.969+0000] {dag.py:4180} INFO - Setting next_dagrun for etl_datalake_hive_iceberg to 2025-11-11T00:00:00+00:00, run_after=2025-11-12T00:00:00+00:00
[2025-11-12T15:04:59.040+0000] {processor.py:208} INFO - Processing /opt/airflow/dags/etl_datalake_dag.py took 0.297 seconds
[2025-11-12T15:05:31.442+0000] {processor.py:186} INFO - Started process (PID=172) to work on /opt/airflow/dags/etl_datalake_dag.py
[2025-11-12T15:05:31.443+0000] {processor.py:914} INFO - Processing file /opt/airflow/dags/etl_datalake_dag.py for tasks to queue
[2025-11-12T15:05:31.445+0000] {logging_mixin.py:190} INFO - [2025-11-12T15:05:31.445+0000] {dagbag.py:588} INFO - Filling up the DagBag from /opt/airflow/dags/etl_datalake_dag.py
[2025-11-12T15:05:31.482+0000] {processor.py:925} INFO - DAG(s) 'etl_datalake_hive_iceberg' retrieved from /opt/airflow/dags/etl_datalake_dag.py
[2025-11-12T15:05:31.537+0000] {logging_mixin.py:190} INFO - [2025-11-12T15:05:31.536+0000] {dag.py:3239} INFO - Sync 1 DAGs
[2025-11-12T15:05:31.577+0000] {logging_mixin.py:190} INFO - [2025-11-12T15:05:31.576+0000] {dag.py:4180} INFO - Setting next_dagrun for etl_datalake_hive_iceberg to 2025-11-11T00:00:00+00:00, run_after=2025-11-12T00:00:00+00:00
[2025-11-12T15:05:31.622+0000] {processor.py:208} INFO - Processing /opt/airflow/dags/etl_datalake_dag.py took 0.188 seconds
[2025-11-12T15:06:03.888+0000] {processor.py:186} INFO - Started process (PID=176) to work on /opt/airflow/dags/etl_datalake_dag.py
[2025-11-12T15:06:03.889+0000] {processor.py:914} INFO - Processing file /opt/airflow/dags/etl_datalake_dag.py for tasks to queue
[2025-11-12T15:06:03.891+0000] {logging_mixin.py:190} INFO - [2025-11-12T15:06:03.890+0000] {dagbag.py:588} INFO - Filling up the DagBag from /opt/airflow/dags/etl_datalake_dag.py
[2025-11-12T15:06:03.915+0000] {processor.py:925} INFO - DAG(s) 'etl_datalake_hive_iceberg' retrieved from /opt/airflow/dags/etl_datalake_dag.py
[2025-11-12T15:06:03.964+0000] {logging_mixin.py:190} INFO - [2025-11-12T15:06:03.964+0000] {dag.py:3239} INFO - Sync 1 DAGs
[2025-11-12T15:06:04.007+0000] {logging_mixin.py:190} INFO - [2025-11-12T15:06:04.006+0000] {dag.py:4180} INFO - Setting next_dagrun for etl_datalake_hive_iceberg to 2025-11-11T00:00:00+00:00, run_after=2025-11-12T00:00:00+00:00
[2025-11-12T15:06:04.049+0000] {processor.py:208} INFO - Processing /opt/airflow/dags/etl_datalake_dag.py took 0.170 seconds
[2025-11-12T15:06:36.598+0000] {processor.py:186} INFO - Started process (PID=180) to work on /opt/airflow/dags/etl_datalake_dag.py
[2025-11-12T15:06:36.599+0000] {processor.py:914} INFO - Processing file /opt/airflow/dags/etl_datalake_dag.py for tasks to queue
[2025-11-12T15:06:36.602+0000] {logging_mixin.py:190} INFO - [2025-11-12T15:06:36.601+0000] {dagbag.py:588} INFO - Filling up the DagBag from /opt/airflow/dags/etl_datalake_dag.py
[2025-11-12T15:06:36.654+0000] {processor.py:925} INFO - DAG(s) 'etl_datalake_hive_iceberg' retrieved from /opt/airflow/dags/etl_datalake_dag.py
[2025-11-12T15:06:36.736+0000] {logging_mixin.py:190} INFO - [2025-11-12T15:06:36.736+0000] {dag.py:3239} INFO - Sync 1 DAGs
[2025-11-12T15:06:36.791+0000] {logging_mixin.py:190} INFO - [2025-11-12T15:06:36.791+0000] {dag.py:4180} INFO - Setting next_dagrun for etl_datalake_hive_iceberg to 2025-11-11T00:00:00+00:00, run_after=2025-11-12T00:00:00+00:00
[2025-11-12T15:06:36.849+0000] {processor.py:208} INFO - Processing /opt/airflow/dags/etl_datalake_dag.py took 0.265 seconds
[2025-11-12T15:07:09.356+0000] {processor.py:186} INFO - Started process (PID=184) to work on /opt/airflow/dags/etl_datalake_dag.py
[2025-11-12T15:07:09.357+0000] {processor.py:914} INFO - Processing file /opt/airflow/dags/etl_datalake_dag.py for tasks to queue
[2025-11-12T15:07:09.360+0000] {logging_mixin.py:190} INFO - [2025-11-12T15:07:09.359+0000] {dagbag.py:588} INFO - Filling up the DagBag from /opt/airflow/dags/etl_datalake_dag.py
[2025-11-12T15:07:09.396+0000] {processor.py:925} INFO - DAG(s) 'etl_datalake_hive_iceberg' retrieved from /opt/airflow/dags/etl_datalake_dag.py
[2025-11-12T15:07:09.465+0000] {logging_mixin.py:190} INFO - [2025-11-12T15:07:09.465+0000] {dag.py:3239} INFO - Sync 1 DAGs
[2025-11-12T15:07:09.510+0000] {logging_mixin.py:190} INFO - [2025-11-12T15:07:09.510+0000] {dag.py:4180} INFO - Setting next_dagrun for etl_datalake_hive_iceberg to 2025-11-11T00:00:00+00:00, run_after=2025-11-12T00:00:00+00:00
[2025-11-12T15:07:09.553+0000] {processor.py:208} INFO - Processing /opt/airflow/dags/etl_datalake_dag.py took 0.208 seconds
[2025-11-12T15:07:42.226+0000] {processor.py:186} INFO - Started process (PID=188) to work on /opt/airflow/dags/etl_datalake_dag.py
[2025-11-12T15:07:42.227+0000] {processor.py:914} INFO - Processing file /opt/airflow/dags/etl_datalake_dag.py for tasks to queue
[2025-11-12T15:07:42.229+0000] {logging_mixin.py:190} INFO - [2025-11-12T15:07:42.229+0000] {dagbag.py:588} INFO - Filling up the DagBag from /opt/airflow/dags/etl_datalake_dag.py
[2025-11-12T15:07:42.268+0000] {processor.py:925} INFO - DAG(s) 'etl_datalake_hive_iceberg' retrieved from /opt/airflow/dags/etl_datalake_dag.py
[2025-11-12T15:07:42.351+0000] {logging_mixin.py:190} INFO - [2025-11-12T15:07:42.350+0000] {dag.py:3239} INFO - Sync 1 DAGs
[2025-11-12T15:07:42.406+0000] {logging_mixin.py:190} INFO - [2025-11-12T15:07:42.405+0000] {dag.py:4180} INFO - Setting next_dagrun for etl_datalake_hive_iceberg to 2025-11-11T00:00:00+00:00, run_after=2025-11-12T00:00:00+00:00
[2025-11-12T15:07:42.464+0000] {processor.py:208} INFO - Processing /opt/airflow/dags/etl_datalake_dag.py took 0.249 seconds
[2025-11-12T15:08:15.242+0000] {processor.py:186} INFO - Started process (PID=192) to work on /opt/airflow/dags/etl_datalake_dag.py
[2025-11-12T15:08:15.243+0000] {processor.py:914} INFO - Processing file /opt/airflow/dags/etl_datalake_dag.py for tasks to queue
[2025-11-12T15:08:15.245+0000] {logging_mixin.py:190} INFO - [2025-11-12T15:08:15.245+0000] {dagbag.py:588} INFO - Filling up the DagBag from /opt/airflow/dags/etl_datalake_dag.py
[2025-11-12T15:08:15.297+0000] {processor.py:925} INFO - DAG(s) 'etl_datalake_hive_iceberg' retrieved from /opt/airflow/dags/etl_datalake_dag.py
[2025-11-12T15:08:15.502+0000] {logging_mixin.py:190} INFO - [2025-11-12T15:08:15.502+0000] {dag.py:3239} INFO - Sync 1 DAGs
[2025-11-12T15:08:15.583+0000] {logging_mixin.py:190} INFO - [2025-11-12T15:08:15.583+0000] {dag.py:4180} INFO - Setting next_dagrun for etl_datalake_hive_iceberg to 2025-11-11T00:00:00+00:00, run_after=2025-11-12T00:00:00+00:00
[2025-11-12T15:08:15.653+0000] {processor.py:208} INFO - Processing /opt/airflow/dags/etl_datalake_dag.py took 0.429 seconds
[2025-11-12T15:08:47.459+0000] {processor.py:186} INFO - Started process (PID=196) to work on /opt/airflow/dags/etl_datalake_dag.py
[2025-11-12T15:08:47.461+0000] {processor.py:914} INFO - Processing file /opt/airflow/dags/etl_datalake_dag.py for tasks to queue
[2025-11-12T15:08:47.464+0000] {logging_mixin.py:190} INFO - [2025-11-12T15:08:47.464+0000] {dagbag.py:588} INFO - Filling up the DagBag from /opt/airflow/dags/etl_datalake_dag.py
[2025-11-12T15:08:47.501+0000] {processor.py:925} INFO - DAG(s) 'etl_datalake_hive_iceberg' retrieved from /opt/airflow/dags/etl_datalake_dag.py
[2025-11-12T15:08:47.573+0000] {logging_mixin.py:190} INFO - [2025-11-12T15:08:47.573+0000] {dag.py:3239} INFO - Sync 1 DAGs
[2025-11-12T15:08:47.627+0000] {logging_mixin.py:190} INFO - [2025-11-12T15:08:47.627+0000] {dag.py:4180} INFO - Setting next_dagrun for etl_datalake_hive_iceberg to 2025-11-11T00:00:00+00:00, run_after=2025-11-12T00:00:00+00:00
[2025-11-12T15:08:47.680+0000] {processor.py:208} INFO - Processing /opt/airflow/dags/etl_datalake_dag.py took 0.230 seconds
[2025-11-12T15:09:20.941+0000] {processor.py:186} INFO - Started process (PID=200) to work on /opt/airflow/dags/etl_datalake_dag.py
[2025-11-12T15:09:20.942+0000] {processor.py:914} INFO - Processing file /opt/airflow/dags/etl_datalake_dag.py for tasks to queue
[2025-11-12T15:09:20.946+0000] {logging_mixin.py:190} INFO - [2025-11-12T15:09:20.946+0000] {dagbag.py:588} INFO - Filling up the DagBag from /opt/airflow/dags/etl_datalake_dag.py
[2025-11-12T15:09:20.992+0000] {processor.py:925} INFO - DAG(s) 'etl_datalake_hive_iceberg' retrieved from /opt/airflow/dags/etl_datalake_dag.py
[2025-11-12T15:09:21.119+0000] {logging_mixin.py:190} INFO - [2025-11-12T15:09:21.118+0000] {dag.py:3239} INFO - Sync 1 DAGs
[2025-11-12T15:09:21.283+0000] {logging_mixin.py:190} INFO - [2025-11-12T15:09:21.283+0000] {dag.py:4180} INFO - Setting next_dagrun for etl_datalake_hive_iceberg to 2025-11-11T00:00:00+00:00, run_after=2025-11-12T00:00:00+00:00
[2025-11-12T15:09:21.372+0000] {processor.py:208} INFO - Processing /opt/airflow/dags/etl_datalake_dag.py took 0.444 seconds
[2025-11-12T15:09:53.513+0000] {processor.py:186} INFO - Started process (PID=204) to work on /opt/airflow/dags/etl_datalake_dag.py
[2025-11-12T15:09:53.516+0000] {processor.py:914} INFO - Processing file /opt/airflow/dags/etl_datalake_dag.py for tasks to queue
[2025-11-12T15:09:53.524+0000] {logging_mixin.py:190} INFO - [2025-11-12T15:09:53.523+0000] {dagbag.py:588} INFO - Filling up the DagBag from /opt/airflow/dags/etl_datalake_dag.py
[2025-11-12T15:09:53.598+0000] {processor.py:925} INFO - DAG(s) 'etl_datalake_hive_iceberg' retrieved from /opt/airflow/dags/etl_datalake_dag.py
[2025-11-12T15:09:53.721+0000] {logging_mixin.py:190} INFO - [2025-11-12T15:09:53.721+0000] {dag.py:3239} INFO - Sync 1 DAGs
[2025-11-12T15:09:53.817+0000] {logging_mixin.py:190} INFO - [2025-11-12T15:09:53.816+0000] {dag.py:4180} INFO - Setting next_dagrun for etl_datalake_hive_iceberg to 2025-11-11T00:00:00+00:00, run_after=2025-11-12T00:00:00+00:00
[2025-11-12T15:09:53.958+0000] {processor.py:208} INFO - Processing /opt/airflow/dags/etl_datalake_dag.py took 0.468 seconds
[2025-11-12T15:10:26.082+0000] {processor.py:186} INFO - Started process (PID=208) to work on /opt/airflow/dags/etl_datalake_dag.py
[2025-11-12T15:10:26.084+0000] {processor.py:914} INFO - Processing file /opt/airflow/dags/etl_datalake_dag.py for tasks to queue
[2025-11-12T15:10:26.086+0000] {logging_mixin.py:190} INFO - [2025-11-12T15:10:26.086+0000] {dagbag.py:588} INFO - Filling up the DagBag from /opt/airflow/dags/etl_datalake_dag.py
[2025-11-12T15:10:26.186+0000] {processor.py:925} INFO - DAG(s) 'etl_datalake_hive_iceberg' retrieved from /opt/airflow/dags/etl_datalake_dag.py
[2025-11-12T15:10:26.333+0000] {logging_mixin.py:190} INFO - [2025-11-12T15:10:26.332+0000] {dag.py:3239} INFO - Sync 1 DAGs
[2025-11-12T15:10:26.455+0000] {logging_mixin.py:190} INFO - [2025-11-12T15:10:26.455+0000] {dag.py:4180} INFO - Setting next_dagrun for etl_datalake_hive_iceberg to 2025-11-11T00:00:00+00:00, run_after=2025-11-12T00:00:00+00:00
[2025-11-12T15:10:26.585+0000] {processor.py:208} INFO - Processing /opt/airflow/dags/etl_datalake_dag.py took 0.518 seconds
[2025-11-12T15:10:58.244+0000] {processor.py:186} INFO - Started process (PID=212) to work on /opt/airflow/dags/etl_datalake_dag.py
[2025-11-12T15:10:58.246+0000] {processor.py:914} INFO - Processing file /opt/airflow/dags/etl_datalake_dag.py for tasks to queue
[2025-11-12T15:10:58.250+0000] {logging_mixin.py:190} INFO - [2025-11-12T15:10:58.249+0000] {dagbag.py:588} INFO - Filling up the DagBag from /opt/airflow/dags/etl_datalake_dag.py
[2025-11-12T15:10:58.290+0000] {processor.py:925} INFO - DAG(s) 'etl_datalake_hive_iceberg' retrieved from /opt/airflow/dags/etl_datalake_dag.py
[2025-11-12T15:10:58.431+0000] {logging_mixin.py:190} INFO - [2025-11-12T15:10:58.430+0000] {dag.py:3239} INFO - Sync 1 DAGs
[2025-11-12T15:10:58.488+0000] {logging_mixin.py:190} INFO - [2025-11-12T15:10:58.488+0000] {dag.py:4180} INFO - Setting next_dagrun for etl_datalake_hive_iceberg to 2025-11-11T00:00:00+00:00, run_after=2025-11-12T00:00:00+00:00
[2025-11-12T15:10:58.522+0000] {processor.py:208} INFO - Processing /opt/airflow/dags/etl_datalake_dag.py took 0.290 seconds
[2025-11-12T15:11:31.045+0000] {processor.py:186} INFO - Started process (PID=216) to work on /opt/airflow/dags/etl_datalake_dag.py
[2025-11-12T15:11:31.046+0000] {processor.py:914} INFO - Processing file /opt/airflow/dags/etl_datalake_dag.py for tasks to queue
[2025-11-12T15:11:31.048+0000] {logging_mixin.py:190} INFO - [2025-11-12T15:11:31.048+0000] {dagbag.py:588} INFO - Filling up the DagBag from /opt/airflow/dags/etl_datalake_dag.py
[2025-11-12T15:11:31.080+0000] {processor.py:925} INFO - DAG(s) 'etl_datalake_hive_iceberg' retrieved from /opt/airflow/dags/etl_datalake_dag.py
[2025-11-12T15:11:31.147+0000] {logging_mixin.py:190} INFO - [2025-11-12T15:11:31.147+0000] {dag.py:3239} INFO - Sync 1 DAGs
[2025-11-12T15:11:31.201+0000] {logging_mixin.py:190} INFO - [2025-11-12T15:11:31.201+0000] {dag.py:4180} INFO - Setting next_dagrun for etl_datalake_hive_iceberg to 2025-11-11T00:00:00+00:00, run_after=2025-11-12T00:00:00+00:00
[2025-11-12T15:11:31.270+0000] {processor.py:208} INFO - Processing /opt/airflow/dags/etl_datalake_dag.py took 0.234 seconds
[2025-11-12T15:12:03.878+0000] {processor.py:186} INFO - Started process (PID=220) to work on /opt/airflow/dags/etl_datalake_dag.py
[2025-11-12T15:12:03.880+0000] {processor.py:914} INFO - Processing file /opt/airflow/dags/etl_datalake_dag.py for tasks to queue
[2025-11-12T15:12:03.884+0000] {logging_mixin.py:190} INFO - [2025-11-12T15:12:03.883+0000] {dagbag.py:588} INFO - Filling up the DagBag from /opt/airflow/dags/etl_datalake_dag.py
[2025-11-12T15:12:03.928+0000] {processor.py:925} INFO - DAG(s) 'etl_datalake_hive_iceberg' retrieved from /opt/airflow/dags/etl_datalake_dag.py
[2025-11-12T15:12:04.000+0000] {logging_mixin.py:190} INFO - [2025-11-12T15:12:04.000+0000] {dag.py:3239} INFO - Sync 1 DAGs
[2025-11-12T15:12:04.060+0000] {logging_mixin.py:190} INFO - [2025-11-12T15:12:04.059+0000] {dag.py:4180} INFO - Setting next_dagrun for etl_datalake_hive_iceberg to 2025-11-11T00:00:00+00:00, run_after=2025-11-12T00:00:00+00:00
[2025-11-12T15:12:04.125+0000] {processor.py:208} INFO - Processing /opt/airflow/dags/etl_datalake_dag.py took 0.257 seconds
[2025-11-12T15:12:37.283+0000] {processor.py:186} INFO - Started process (PID=224) to work on /opt/airflow/dags/etl_datalake_dag.py
[2025-11-12T15:12:37.285+0000] {processor.py:914} INFO - Processing file /opt/airflow/dags/etl_datalake_dag.py for tasks to queue
[2025-11-12T15:12:37.288+0000] {logging_mixin.py:190} INFO - [2025-11-12T15:12:37.287+0000] {dagbag.py:588} INFO - Filling up the DagBag from /opt/airflow/dags/etl_datalake_dag.py
[2025-11-12T15:12:37.341+0000] {processor.py:925} INFO - DAG(s) 'etl_datalake_hive_iceberg' retrieved from /opt/airflow/dags/etl_datalake_dag.py
[2025-11-12T15:12:37.450+0000] {logging_mixin.py:190} INFO - [2025-11-12T15:12:37.449+0000] {dag.py:3239} INFO - Sync 1 DAGs
[2025-11-12T15:12:37.528+0000] {logging_mixin.py:190} INFO - [2025-11-12T15:12:37.528+0000] {dag.py:4180} INFO - Setting next_dagrun for etl_datalake_hive_iceberg to 2025-11-11T00:00:00+00:00, run_after=2025-11-12T00:00:00+00:00
[2025-11-12T15:12:37.585+0000] {processor.py:208} INFO - Processing /opt/airflow/dags/etl_datalake_dag.py took 0.314 seconds
[2025-11-12T15:13:09.031+0000] {processor.py:186} INFO - Started process (PID=228) to work on /opt/airflow/dags/etl_datalake_dag.py
[2025-11-12T15:13:09.032+0000] {processor.py:914} INFO - Processing file /opt/airflow/dags/etl_datalake_dag.py for tasks to queue
[2025-11-12T15:13:09.040+0000] {logging_mixin.py:190} INFO - [2025-11-12T15:13:09.039+0000] {dagbag.py:588} INFO - Filling up the DagBag from /opt/airflow/dags/etl_datalake_dag.py
[2025-11-12T15:13:09.096+0000] {processor.py:925} INFO - DAG(s) 'etl_datalake_hive_iceberg' retrieved from /opt/airflow/dags/etl_datalake_dag.py
[2025-11-12T15:13:09.184+0000] {logging_mixin.py:190} INFO - [2025-11-12T15:13:09.182+0000] {dag.py:3239} INFO - Sync 1 DAGs
[2025-11-12T15:13:09.245+0000] {logging_mixin.py:190} INFO - [2025-11-12T15:13:09.244+0000] {dag.py:4180} INFO - Setting next_dagrun for etl_datalake_hive_iceberg to 2025-11-11T00:00:00+00:00, run_after=2025-11-12T00:00:00+00:00
[2025-11-12T15:13:09.297+0000] {processor.py:208} INFO - Processing /opt/airflow/dags/etl_datalake_dag.py took 0.278 seconds
[2025-11-12T15:13:41.601+0000] {processor.py:186} INFO - Started process (PID=232) to work on /opt/airflow/dags/etl_datalake_dag.py
[2025-11-12T15:13:41.602+0000] {processor.py:914} INFO - Processing file /opt/airflow/dags/etl_datalake_dag.py for tasks to queue
[2025-11-12T15:13:41.603+0000] {logging_mixin.py:190} INFO - [2025-11-12T15:13:41.603+0000] {dagbag.py:588} INFO - Filling up the DagBag from /opt/airflow/dags/etl_datalake_dag.py
[2025-11-12T15:13:41.628+0000] {processor.py:925} INFO - DAG(s) 'etl_datalake_hive_iceberg' retrieved from /opt/airflow/dags/etl_datalake_dag.py
[2025-11-12T15:13:41.675+0000] {logging_mixin.py:190} INFO - [2025-11-12T15:13:41.675+0000] {dag.py:3239} INFO - Sync 1 DAGs
[2025-11-12T15:13:41.713+0000] {logging_mixin.py:190} INFO - [2025-11-12T15:13:41.713+0000] {dag.py:4180} INFO - Setting next_dagrun for etl_datalake_hive_iceberg to 2025-11-11T00:00:00+00:00, run_after=2025-11-12T00:00:00+00:00
[2025-11-12T15:13:41.765+0000] {processor.py:208} INFO - Processing /opt/airflow/dags/etl_datalake_dag.py took 0.172 seconds
[2025-11-12T15:14:15.545+0000] {processor.py:186} INFO - Started process (PID=236) to work on /opt/airflow/dags/etl_datalake_dag.py
[2025-11-12T15:14:15.547+0000] {processor.py:914} INFO - Processing file /opt/airflow/dags/etl_datalake_dag.py for tasks to queue
[2025-11-12T15:14:15.549+0000] {logging_mixin.py:190} INFO - [2025-11-12T15:14:15.548+0000] {dagbag.py:588} INFO - Filling up the DagBag from /opt/airflow/dags/etl_datalake_dag.py
[2025-11-12T15:14:15.586+0000] {processor.py:925} INFO - DAG(s) 'etl_datalake_hive_iceberg' retrieved from /opt/airflow/dags/etl_datalake_dag.py
[2025-11-12T15:14:15.645+0000] {logging_mixin.py:190} INFO - [2025-11-12T15:14:15.644+0000] {dag.py:3239} INFO - Sync 1 DAGs
[2025-11-12T15:14:15.688+0000] {logging_mixin.py:190} INFO - [2025-11-12T15:14:15.688+0000] {dag.py:4180} INFO - Setting next_dagrun for etl_datalake_hive_iceberg to 2025-11-11T00:00:00+00:00, run_after=2025-11-12T00:00:00+00:00
[2025-11-12T15:14:15.728+0000] {processor.py:208} INFO - Processing /opt/airflow/dags/etl_datalake_dag.py took 0.191 seconds
[2025-11-12T15:14:47.390+0000] {processor.py:186} INFO - Started process (PID=240) to work on /opt/airflow/dags/etl_datalake_dag.py
[2025-11-12T15:14:47.391+0000] {processor.py:914} INFO - Processing file /opt/airflow/dags/etl_datalake_dag.py for tasks to queue
[2025-11-12T15:14:47.394+0000] {logging_mixin.py:190} INFO - [2025-11-12T15:14:47.394+0000] {dagbag.py:588} INFO - Filling up the DagBag from /opt/airflow/dags/etl_datalake_dag.py
[2025-11-12T15:14:47.431+0000] {processor.py:925} INFO - DAG(s) 'etl_datalake_hive_iceberg' retrieved from /opt/airflow/dags/etl_datalake_dag.py
[2025-11-12T15:14:47.484+0000] {logging_mixin.py:190} INFO - [2025-11-12T15:14:47.484+0000] {dag.py:3239} INFO - Sync 1 DAGs
[2025-11-12T15:14:47.536+0000] {logging_mixin.py:190} INFO - [2025-11-12T15:14:47.535+0000] {dag.py:4180} INFO - Setting next_dagrun for etl_datalake_hive_iceberg to 2025-11-11T00:00:00+00:00, run_after=2025-11-12T00:00:00+00:00
[2025-11-12T15:14:47.572+0000] {processor.py:208} INFO - Processing /opt/airflow/dags/etl_datalake_dag.py took 0.192 seconds
[2025-11-12T15:15:17.736+0000] {processor.py:186} INFO - Started process (PID=244) to work on /opt/airflow/dags/etl_datalake_dag.py
[2025-11-12T15:15:17.737+0000] {processor.py:914} INFO - Processing file /opt/airflow/dags/etl_datalake_dag.py for tasks to queue
[2025-11-12T15:15:17.739+0000] {logging_mixin.py:190} INFO - [2025-11-12T15:15:17.738+0000] {dagbag.py:588} INFO - Filling up the DagBag from /opt/airflow/dags/etl_datalake_dag.py
[2025-11-12T15:15:17.773+0000] {processor.py:925} INFO - DAG(s) 'etl_datalake_hive_iceberg' retrieved from /opt/airflow/dags/etl_datalake_dag.py
[2025-11-12T15:15:17.832+0000] {logging_mixin.py:190} INFO - [2025-11-12T15:15:17.832+0000] {dag.py:3239} INFO - Sync 1 DAGs
[2025-11-12T15:15:17.878+0000] {logging_mixin.py:190} INFO - [2025-11-12T15:15:17.877+0000] {dag.py:4180} INFO - Setting next_dagrun for etl_datalake_hive_iceberg to 2025-11-11T00:00:00+00:00, run_after=2025-11-12T00:00:00+00:00
[2025-11-12T15:15:17.916+0000] {processor.py:208} INFO - Processing /opt/airflow/dags/etl_datalake_dag.py took 0.188 seconds
[2025-11-12T15:15:47.979+0000] {processor.py:186} INFO - Started process (PID=248) to work on /opt/airflow/dags/etl_datalake_dag.py
[2025-11-12T15:15:47.980+0000] {processor.py:914} INFO - Processing file /opt/airflow/dags/etl_datalake_dag.py for tasks to queue
[2025-11-12T15:15:47.983+0000] {logging_mixin.py:190} INFO - [2025-11-12T15:15:47.982+0000] {dagbag.py:588} INFO - Filling up the DagBag from /opt/airflow/dags/etl_datalake_dag.py
[2025-11-12T15:15:48.014+0000] {processor.py:925} INFO - DAG(s) 'etl_datalake_hive_iceberg' retrieved from /opt/airflow/dags/etl_datalake_dag.py
[2025-11-12T15:15:48.076+0000] {logging_mixin.py:190} INFO - [2025-11-12T15:15:48.076+0000] {dag.py:3239} INFO - Sync 1 DAGs
[2025-11-12T15:15:48.128+0000] {logging_mixin.py:190} INFO - [2025-11-12T15:15:48.128+0000] {dag.py:4180} INFO - Setting next_dagrun for etl_datalake_hive_iceberg to 2025-11-11T00:00:00+00:00, run_after=2025-11-12T00:00:00+00:00
[2025-11-12T15:15:48.192+0000] {processor.py:208} INFO - Processing /opt/airflow/dags/etl_datalake_dag.py took 0.223 seconds
[2025-11-12T15:16:19.199+0000] {processor.py:186} INFO - Started process (PID=252) to work on /opt/airflow/dags/etl_datalake_dag.py
[2025-11-12T15:16:19.201+0000] {processor.py:914} INFO - Processing file /opt/airflow/dags/etl_datalake_dag.py for tasks to queue
[2025-11-12T15:16:19.202+0000] {logging_mixin.py:190} INFO - [2025-11-12T15:16:19.202+0000] {dagbag.py:588} INFO - Filling up the DagBag from /opt/airflow/dags/etl_datalake_dag.py
[2025-11-12T15:16:19.243+0000] {processor.py:925} INFO - DAG(s) 'etl_datalake_hive_iceberg' retrieved from /opt/airflow/dags/etl_datalake_dag.py
[2025-11-12T15:16:19.316+0000] {logging_mixin.py:190} INFO - [2025-11-12T15:16:19.316+0000] {dag.py:3239} INFO - Sync 1 DAGs
[2025-11-12T15:16:19.384+0000] {logging_mixin.py:190} INFO - [2025-11-12T15:16:19.383+0000] {dag.py:4180} INFO - Setting next_dagrun for etl_datalake_hive_iceberg to 2025-11-11T00:00:00+00:00, run_after=2025-11-12T00:00:00+00:00
[2025-11-12T15:16:19.457+0000] {processor.py:208} INFO - Processing /opt/airflow/dags/etl_datalake_dag.py took 0.268 seconds
[2025-11-12T15:16:49.842+0000] {processor.py:186} INFO - Started process (PID=256) to work on /opt/airflow/dags/etl_datalake_dag.py
[2025-11-12T15:16:49.843+0000] {processor.py:914} INFO - Processing file /opt/airflow/dags/etl_datalake_dag.py for tasks to queue
[2025-11-12T15:16:49.846+0000] {logging_mixin.py:190} INFO - [2025-11-12T15:16:49.845+0000] {dagbag.py:588} INFO - Filling up the DagBag from /opt/airflow/dags/etl_datalake_dag.py
[2025-11-12T15:16:49.887+0000] {processor.py:925} INFO - DAG(s) 'etl_datalake_hive_iceberg' retrieved from /opt/airflow/dags/etl_datalake_dag.py
[2025-11-12T15:16:49.953+0000] {logging_mixin.py:190} INFO - [2025-11-12T15:16:49.952+0000] {dag.py:3239} INFO - Sync 1 DAGs
[2025-11-12T15:16:50.024+0000] {logging_mixin.py:190} INFO - [2025-11-12T15:16:50.023+0000] {dag.py:4180} INFO - Setting next_dagrun for etl_datalake_hive_iceberg to 2025-11-11T00:00:00+00:00, run_after=2025-11-12T00:00:00+00:00
[2025-11-12T15:16:50.077+0000] {processor.py:208} INFO - Processing /opt/airflow/dags/etl_datalake_dag.py took 0.245 seconds
[2025-11-12T15:17:20.541+0000] {processor.py:186} INFO - Started process (PID=260) to work on /opt/airflow/dags/etl_datalake_dag.py
[2025-11-12T15:17:20.542+0000] {processor.py:914} INFO - Processing file /opt/airflow/dags/etl_datalake_dag.py for tasks to queue
[2025-11-12T15:17:20.543+0000] {logging_mixin.py:190} INFO - [2025-11-12T15:17:20.543+0000] {dagbag.py:588} INFO - Filling up the DagBag from /opt/airflow/dags/etl_datalake_dag.py
[2025-11-12T15:17:20.565+0000] {processor.py:925} INFO - DAG(s) 'etl_datalake_hive_iceberg' retrieved from /opt/airflow/dags/etl_datalake_dag.py
[2025-11-12T15:17:20.609+0000] {logging_mixin.py:190} INFO - [2025-11-12T15:17:20.608+0000] {dag.py:3239} INFO - Sync 1 DAGs
[2025-11-12T15:17:20.643+0000] {logging_mixin.py:190} INFO - [2025-11-12T15:17:20.642+0000] {dag.py:4180} INFO - Setting next_dagrun for etl_datalake_hive_iceberg to 2025-11-11T00:00:00+00:00, run_after=2025-11-12T00:00:00+00:00
[2025-11-12T15:17:20.666+0000] {processor.py:208} INFO - Processing /opt/airflow/dags/etl_datalake_dag.py took 0.132 seconds
[2025-11-12T15:17:50.755+0000] {processor.py:186} INFO - Started process (PID=264) to work on /opt/airflow/dags/etl_datalake_dag.py
[2025-11-12T15:17:50.755+0000] {processor.py:914} INFO - Processing file /opt/airflow/dags/etl_datalake_dag.py for tasks to queue
[2025-11-12T15:17:50.757+0000] {logging_mixin.py:190} INFO - [2025-11-12T15:17:50.757+0000] {dagbag.py:588} INFO - Filling up the DagBag from /opt/airflow/dags/etl_datalake_dag.py
[2025-11-12T15:17:50.785+0000] {processor.py:925} INFO - DAG(s) 'etl_datalake_hive_iceberg' retrieved from /opt/airflow/dags/etl_datalake_dag.py
[2025-11-12T15:17:50.833+0000] {logging_mixin.py:190} INFO - [2025-11-12T15:17:50.833+0000] {dag.py:3239} INFO - Sync 1 DAGs
[2025-11-12T15:17:50.873+0000] {logging_mixin.py:190} INFO - [2025-11-12T15:17:50.873+0000] {dag.py:4180} INFO - Setting next_dagrun for etl_datalake_hive_iceberg to 2025-11-11T00:00:00+00:00, run_after=2025-11-12T00:00:00+00:00
[2025-11-12T15:17:50.913+0000] {processor.py:208} INFO - Processing /opt/airflow/dags/etl_datalake_dag.py took 0.166 seconds
[2025-11-12T15:18:21.573+0000] {processor.py:186} INFO - Started process (PID=268) to work on /opt/airflow/dags/etl_datalake_dag.py
[2025-11-12T15:18:21.574+0000] {processor.py:914} INFO - Processing file /opt/airflow/dags/etl_datalake_dag.py for tasks to queue
[2025-11-12T15:18:21.576+0000] {logging_mixin.py:190} INFO - [2025-11-12T15:18:21.575+0000] {dagbag.py:588} INFO - Filling up the DagBag from /opt/airflow/dags/etl_datalake_dag.py
[2025-11-12T15:18:21.604+0000] {processor.py:925} INFO - DAG(s) 'etl_datalake_hive_iceberg' retrieved from /opt/airflow/dags/etl_datalake_dag.py
[2025-11-12T15:18:21.676+0000] {logging_mixin.py:190} INFO - [2025-11-12T15:18:21.676+0000] {dag.py:3239} INFO - Sync 1 DAGs
[2025-11-12T15:18:21.743+0000] {logging_mixin.py:190} INFO - [2025-11-12T15:18:21.743+0000] {dag.py:4180} INFO - Setting next_dagrun for etl_datalake_hive_iceberg to 2025-11-11T00:00:00+00:00, run_after=2025-11-12T00:00:00+00:00
[2025-11-12T15:18:21.788+0000] {processor.py:208} INFO - Processing /opt/airflow/dags/etl_datalake_dag.py took 0.223 seconds
[2025-11-12T15:18:52.035+0000] {processor.py:186} INFO - Started process (PID=272) to work on /opt/airflow/dags/etl_datalake_dag.py
[2025-11-12T15:18:52.036+0000] {processor.py:914} INFO - Processing file /opt/airflow/dags/etl_datalake_dag.py for tasks to queue
[2025-11-12T15:18:52.039+0000] {logging_mixin.py:190} INFO - [2025-11-12T15:18:52.038+0000] {dagbag.py:588} INFO - Filling up the DagBag from /opt/airflow/dags/etl_datalake_dag.py
[2025-11-12T15:18:52.074+0000] {processor.py:925} INFO - DAG(s) 'etl_datalake_hive_iceberg' retrieved from /opt/airflow/dags/etl_datalake_dag.py
[2025-11-12T15:18:52.137+0000] {logging_mixin.py:190} INFO - [2025-11-12T15:18:52.137+0000] {dag.py:3239} INFO - Sync 1 DAGs
[2025-11-12T15:18:52.187+0000] {logging_mixin.py:190} INFO - [2025-11-12T15:18:52.186+0000] {dag.py:4180} INFO - Setting next_dagrun for etl_datalake_hive_iceberg to 2025-11-11T00:00:00+00:00, run_after=2025-11-12T00:00:00+00:00
[2025-11-12T15:18:52.231+0000] {processor.py:208} INFO - Processing /opt/airflow/dags/etl_datalake_dag.py took 0.214 seconds
[2025-11-12T15:19:23.264+0000] {processor.py:186} INFO - Started process (PID=276) to work on /opt/airflow/dags/etl_datalake_dag.py
[2025-11-12T15:19:23.268+0000] {processor.py:914} INFO - Processing file /opt/airflow/dags/etl_datalake_dag.py for tasks to queue
[2025-11-12T15:19:23.273+0000] {logging_mixin.py:190} INFO - [2025-11-12T15:19:23.273+0000] {dagbag.py:588} INFO - Filling up the DagBag from /opt/airflow/dags/etl_datalake_dag.py
[2025-11-12T15:19:23.342+0000] {processor.py:925} INFO - DAG(s) 'etl_datalake_hive_iceberg' retrieved from /opt/airflow/dags/etl_datalake_dag.py
[2025-11-12T15:19:23.416+0000] {logging_mixin.py:190} INFO - [2025-11-12T15:19:23.416+0000] {dag.py:3239} INFO - Sync 1 DAGs
[2025-11-12T15:19:23.492+0000] {logging_mixin.py:190} INFO - [2025-11-12T15:19:23.492+0000] {dag.py:4180} INFO - Setting next_dagrun for etl_datalake_hive_iceberg to 2025-11-11T00:00:00+00:00, run_after=2025-11-12T00:00:00+00:00
[2025-11-12T15:19:23.570+0000] {processor.py:208} INFO - Processing /opt/airflow/dags/etl_datalake_dag.py took 0.322 seconds
[2025-11-12T15:19:53.672+0000] {processor.py:186} INFO - Started process (PID=280) to work on /opt/airflow/dags/etl_datalake_dag.py
[2025-11-12T15:19:53.673+0000] {processor.py:914} INFO - Processing file /opt/airflow/dags/etl_datalake_dag.py for tasks to queue
[2025-11-12T15:19:53.675+0000] {logging_mixin.py:190} INFO - [2025-11-12T15:19:53.675+0000] {dagbag.py:588} INFO - Filling up the DagBag from /opt/airflow/dags/etl_datalake_dag.py
[2025-11-12T15:19:53.701+0000] {processor.py:925} INFO - DAG(s) 'etl_datalake_hive_iceberg' retrieved from /opt/airflow/dags/etl_datalake_dag.py
[2025-11-12T15:19:53.750+0000] {logging_mixin.py:190} INFO - [2025-11-12T15:19:53.750+0000] {dag.py:3239} INFO - Sync 1 DAGs
[2025-11-12T15:19:53.819+0000] {logging_mixin.py:190} INFO - [2025-11-12T15:19:53.819+0000] {dag.py:4180} INFO - Setting next_dagrun for etl_datalake_hive_iceberg to 2025-11-11T00:00:00+00:00, run_after=2025-11-12T00:00:00+00:00
[2025-11-12T15:19:53.847+0000] {processor.py:208} INFO - Processing /opt/airflow/dags/etl_datalake_dag.py took 0.185 seconds
[2025-11-12T15:20:24.212+0000] {processor.py:186} INFO - Started process (PID=284) to work on /opt/airflow/dags/etl_datalake_dag.py
[2025-11-12T15:20:24.213+0000] {processor.py:914} INFO - Processing file /opt/airflow/dags/etl_datalake_dag.py for tasks to queue
[2025-11-12T15:20:24.214+0000] {logging_mixin.py:190} INFO - [2025-11-12T15:20:24.214+0000] {dagbag.py:588} INFO - Filling up the DagBag from /opt/airflow/dags/etl_datalake_dag.py
[2025-11-12T15:20:24.237+0000] {processor.py:925} INFO - DAG(s) 'etl_datalake_hive_iceberg' retrieved from /opt/airflow/dags/etl_datalake_dag.py
[2025-11-12T15:20:24.283+0000] {logging_mixin.py:190} INFO - [2025-11-12T15:20:24.283+0000] {dag.py:3239} INFO - Sync 1 DAGs
[2025-11-12T15:20:24.320+0000] {logging_mixin.py:190} INFO - [2025-11-12T15:20:24.320+0000] {dag.py:4180} INFO - Setting next_dagrun for etl_datalake_hive_iceberg to 2025-11-11T00:00:00+00:00, run_after=2025-11-12T00:00:00+00:00
[2025-11-12T15:20:24.347+0000] {processor.py:208} INFO - Processing /opt/airflow/dags/etl_datalake_dag.py took 0.142 seconds
[2025-11-12T15:20:54.514+0000] {processor.py:186} INFO - Started process (PID=288) to work on /opt/airflow/dags/etl_datalake_dag.py
[2025-11-12T15:20:54.515+0000] {processor.py:914} INFO - Processing file /opt/airflow/dags/etl_datalake_dag.py for tasks to queue
[2025-11-12T15:20:54.520+0000] {logging_mixin.py:190} INFO - [2025-11-12T15:20:54.519+0000] {dagbag.py:588} INFO - Filling up the DagBag from /opt/airflow/dags/etl_datalake_dag.py
[2025-11-12T15:20:54.559+0000] {processor.py:925} INFO - DAG(s) 'etl_datalake_hive_iceberg' retrieved from /opt/airflow/dags/etl_datalake_dag.py
[2025-11-12T15:20:54.633+0000] {logging_mixin.py:190} INFO - [2025-11-12T15:20:54.633+0000] {dag.py:3239} INFO - Sync 1 DAGs
[2025-11-12T15:20:54.690+0000] {logging_mixin.py:190} INFO - [2025-11-12T15:20:54.690+0000] {dag.py:4180} INFO - Setting next_dagrun for etl_datalake_hive_iceberg to 2025-11-11T00:00:00+00:00, run_after=2025-11-12T00:00:00+00:00
[2025-11-12T15:20:54.739+0000] {processor.py:208} INFO - Processing /opt/airflow/dags/etl_datalake_dag.py took 0.236 seconds
[2025-11-12T15:21:25.154+0000] {processor.py:186} INFO - Started process (PID=292) to work on /opt/airflow/dags/etl_datalake_dag.py
[2025-11-12T15:21:25.155+0000] {processor.py:914} INFO - Processing file /opt/airflow/dags/etl_datalake_dag.py for tasks to queue
[2025-11-12T15:21:25.157+0000] {logging_mixin.py:190} INFO - [2025-11-12T15:21:25.156+0000] {dagbag.py:588} INFO - Filling up the DagBag from /opt/airflow/dags/etl_datalake_dag.py
[2025-11-12T15:21:25.198+0000] {processor.py:925} INFO - DAG(s) 'etl_datalake_hive_iceberg' retrieved from /opt/airflow/dags/etl_datalake_dag.py
[2025-11-12T15:21:25.259+0000] {logging_mixin.py:190} INFO - [2025-11-12T15:21:25.259+0000] {dag.py:3239} INFO - Sync 1 DAGs
[2025-11-12T15:21:25.311+0000] {logging_mixin.py:190} INFO - [2025-11-12T15:21:25.310+0000] {dag.py:4180} INFO - Setting next_dagrun for etl_datalake_hive_iceberg to 2025-11-11T00:00:00+00:00, run_after=2025-11-12T00:00:00+00:00
[2025-11-12T15:21:25.389+0000] {processor.py:208} INFO - Processing /opt/airflow/dags/etl_datalake_dag.py took 0.243 seconds
[2025-11-12T15:21:56.034+0000] {processor.py:186} INFO - Started process (PID=296) to work on /opt/airflow/dags/etl_datalake_dag.py
[2025-11-12T15:21:56.035+0000] {processor.py:914} INFO - Processing file /opt/airflow/dags/etl_datalake_dag.py for tasks to queue
[2025-11-12T15:21:56.037+0000] {logging_mixin.py:190} INFO - [2025-11-12T15:21:56.037+0000] {dagbag.py:588} INFO - Filling up the DagBag from /opt/airflow/dags/etl_datalake_dag.py
[2025-11-12T15:21:56.064+0000] {processor.py:925} INFO - DAG(s) 'etl_datalake_hive_iceberg' retrieved from /opt/airflow/dags/etl_datalake_dag.py
[2025-11-12T15:21:56.115+0000] {logging_mixin.py:190} INFO - [2025-11-12T15:21:56.115+0000] {dag.py:3239} INFO - Sync 1 DAGs
[2025-11-12T15:21:56.160+0000] {logging_mixin.py:190} INFO - [2025-11-12T15:21:56.160+0000] {dag.py:4180} INFO - Setting next_dagrun for etl_datalake_hive_iceberg to 2025-11-11T00:00:00+00:00, run_after=2025-11-12T00:00:00+00:00
[2025-11-12T15:21:56.198+0000] {processor.py:208} INFO - Processing /opt/airflow/dags/etl_datalake_dag.py took 0.173 seconds
[2025-11-12T15:22:26.330+0000] {processor.py:186} INFO - Started process (PID=300) to work on /opt/airflow/dags/etl_datalake_dag.py
[2025-11-12T15:22:26.331+0000] {processor.py:914} INFO - Processing file /opt/airflow/dags/etl_datalake_dag.py for tasks to queue
[2025-11-12T15:22:26.333+0000] {logging_mixin.py:190} INFO - [2025-11-12T15:22:26.333+0000] {dagbag.py:588} INFO - Filling up the DagBag from /opt/airflow/dags/etl_datalake_dag.py
[2025-11-12T15:22:26.368+0000] {processor.py:925} INFO - DAG(s) 'etl_datalake_hive_iceberg' retrieved from /opt/airflow/dags/etl_datalake_dag.py
[2025-11-12T15:22:26.432+0000] {logging_mixin.py:190} INFO - [2025-11-12T15:22:26.432+0000] {dag.py:3239} INFO - Sync 1 DAGs
[2025-11-12T15:22:26.595+0000] {logging_mixin.py:190} INFO - [2025-11-12T15:22:26.594+0000] {dag.py:4180} INFO - Setting next_dagrun for etl_datalake_hive_iceberg to 2025-11-11T00:00:00+00:00, run_after=2025-11-12T00:00:00+00:00
[2025-11-12T15:22:26.686+0000] {processor.py:208} INFO - Processing /opt/airflow/dags/etl_datalake_dag.py took 0.367 seconds
[2025-11-12T15:22:58.397+0000] {processor.py:186} INFO - Started process (PID=304) to work on /opt/airflow/dags/etl_datalake_dag.py
[2025-11-12T15:22:58.398+0000] {processor.py:914} INFO - Processing file /opt/airflow/dags/etl_datalake_dag.py for tasks to queue
[2025-11-12T15:22:58.400+0000] {logging_mixin.py:190} INFO - [2025-11-12T15:22:58.400+0000] {dagbag.py:588} INFO - Filling up the DagBag from /opt/airflow/dags/etl_datalake_dag.py
[2025-11-12T15:22:58.439+0000] {processor.py:925} INFO - DAG(s) 'etl_datalake_hive_iceberg' retrieved from /opt/airflow/dags/etl_datalake_dag.py
[2025-11-12T15:22:58.498+0000] {logging_mixin.py:190} INFO - [2025-11-12T15:22:58.498+0000] {dag.py:3239} INFO - Sync 1 DAGs
[2025-11-12T15:22:58.548+0000] {logging_mixin.py:190} INFO - [2025-11-12T15:22:58.548+0000] {dag.py:4180} INFO - Setting next_dagrun for etl_datalake_hive_iceberg to 2025-11-11T00:00:00+00:00, run_after=2025-11-12T00:00:00+00:00
[2025-11-12T15:22:58.581+0000] {processor.py:208} INFO - Processing /opt/airflow/dags/etl_datalake_dag.py took 0.193 seconds
[2025-11-12T15:23:31.008+0000] {processor.py:186} INFO - Started process (PID=308) to work on /opt/airflow/dags/etl_datalake_dag.py
[2025-11-12T15:23:31.009+0000] {processor.py:914} INFO - Processing file /opt/airflow/dags/etl_datalake_dag.py for tasks to queue
[2025-11-12T15:23:31.011+0000] {logging_mixin.py:190} INFO - [2025-11-12T15:23:31.011+0000] {dagbag.py:588} INFO - Filling up the DagBag from /opt/airflow/dags/etl_datalake_dag.py
[2025-11-12T15:23:31.141+0000] {processor.py:925} INFO - DAG(s) 'etl_datalake_hive_iceberg' retrieved from /opt/airflow/dags/etl_datalake_dag.py
[2025-11-12T15:23:31.206+0000] {logging_mixin.py:190} INFO - [2025-11-12T15:23:31.206+0000] {dag.py:3239} INFO - Sync 1 DAGs
[2025-11-12T15:23:31.287+0000] {logging_mixin.py:190} INFO - [2025-11-12T15:23:31.287+0000] {dag.py:4180} INFO - Setting next_dagrun for etl_datalake_hive_iceberg to 2025-11-11T00:00:00+00:00, run_after=2025-11-12T00:00:00+00:00
[2025-11-12T15:23:31.352+0000] {processor.py:208} INFO - Processing /opt/airflow/dags/etl_datalake_dag.py took 0.352 seconds
[2025-11-12T15:24:03.661+0000] {processor.py:186} INFO - Started process (PID=312) to work on /opt/airflow/dags/etl_datalake_dag.py
[2025-11-12T15:24:03.662+0000] {processor.py:914} INFO - Processing file /opt/airflow/dags/etl_datalake_dag.py for tasks to queue
[2025-11-12T15:24:03.664+0000] {logging_mixin.py:190} INFO - [2025-11-12T15:24:03.664+0000] {dagbag.py:588} INFO - Filling up the DagBag from /opt/airflow/dags/etl_datalake_dag.py
[2025-11-12T15:24:03.703+0000] {processor.py:925} INFO - DAG(s) 'etl_datalake_hive_iceberg' retrieved from /opt/airflow/dags/etl_datalake_dag.py
[2025-11-12T15:24:03.764+0000] {logging_mixin.py:190} INFO - [2025-11-12T15:24:03.764+0000] {dag.py:3239} INFO - Sync 1 DAGs
[2025-11-12T15:24:03.840+0000] {logging_mixin.py:190} INFO - [2025-11-12T15:24:03.840+0000] {dag.py:4180} INFO - Setting next_dagrun for etl_datalake_hive_iceberg to 2025-11-11T00:00:00+00:00, run_after=2025-11-12T00:00:00+00:00
[2025-11-12T15:24:03.888+0000] {processor.py:208} INFO - Processing /opt/airflow/dags/etl_datalake_dag.py took 0.238 seconds
[2025-11-12T15:24:35.859+0000] {processor.py:186} INFO - Started process (PID=316) to work on /opt/airflow/dags/etl_datalake_dag.py
[2025-11-12T15:24:35.860+0000] {processor.py:914} INFO - Processing file /opt/airflow/dags/etl_datalake_dag.py for tasks to queue
[2025-11-12T15:24:35.861+0000] {logging_mixin.py:190} INFO - [2025-11-12T15:24:35.861+0000] {dagbag.py:588} INFO - Filling up the DagBag from /opt/airflow/dags/etl_datalake_dag.py
[2025-11-12T15:24:35.884+0000] {processor.py:925} INFO - DAG(s) 'etl_datalake_hive_iceberg' retrieved from /opt/airflow/dags/etl_datalake_dag.py
[2025-11-12T15:24:35.929+0000] {logging_mixin.py:190} INFO - [2025-11-12T15:24:35.929+0000] {dag.py:3239} INFO - Sync 1 DAGs
[2025-11-12T15:24:35.968+0000] {logging_mixin.py:190} INFO - [2025-11-12T15:24:35.967+0000] {dag.py:4180} INFO - Setting next_dagrun for etl_datalake_hive_iceberg to 2025-11-11T00:00:00+00:00, run_after=2025-11-12T00:00:00+00:00
[2025-11-12T15:24:36.012+0000] {processor.py:208} INFO - Processing /opt/airflow/dags/etl_datalake_dag.py took 0.162 seconds
[2025-11-12T15:25:09.499+0000] {processor.py:186} INFO - Started process (PID=320) to work on /opt/airflow/dags/etl_datalake_dag.py
[2025-11-12T15:25:09.500+0000] {processor.py:914} INFO - Processing file /opt/airflow/dags/etl_datalake_dag.py for tasks to queue
[2025-11-12T15:25:09.502+0000] {logging_mixin.py:190} INFO - [2025-11-12T15:25:09.502+0000] {dagbag.py:588} INFO - Filling up the DagBag from /opt/airflow/dags/etl_datalake_dag.py
[2025-11-12T15:25:09.536+0000] {processor.py:925} INFO - DAG(s) 'etl_datalake_hive_iceberg' retrieved from /opt/airflow/dags/etl_datalake_dag.py
[2025-11-12T15:25:09.593+0000] {logging_mixin.py:190} INFO - [2025-11-12T15:25:09.593+0000] {dag.py:3239} INFO - Sync 1 DAGs
[2025-11-12T15:25:09.645+0000] {logging_mixin.py:190} INFO - [2025-11-12T15:25:09.645+0000] {dag.py:4180} INFO - Setting next_dagrun for etl_datalake_hive_iceberg to 2025-11-11T00:00:00+00:00, run_after=2025-11-12T00:00:00+00:00
[2025-11-12T15:25:09.711+0000] {processor.py:208} INFO - Processing /opt/airflow/dags/etl_datalake_dag.py took 0.220 seconds
[2025-11-12T15:25:42.659+0000] {processor.py:186} INFO - Started process (PID=324) to work on /opt/airflow/dags/etl_datalake_dag.py
[2025-11-12T15:25:42.660+0000] {processor.py:914} INFO - Processing file /opt/airflow/dags/etl_datalake_dag.py for tasks to queue
[2025-11-12T15:25:42.662+0000] {logging_mixin.py:190} INFO - [2025-11-12T15:25:42.662+0000] {dagbag.py:588} INFO - Filling up the DagBag from /opt/airflow/dags/etl_datalake_dag.py
[2025-11-12T15:25:42.701+0000] {processor.py:925} INFO - DAG(s) 'etl_datalake_hive_iceberg' retrieved from /opt/airflow/dags/etl_datalake_dag.py
[2025-11-12T15:25:42.802+0000] {logging_mixin.py:190} INFO - [2025-11-12T15:25:42.802+0000] {dag.py:3239} INFO - Sync 1 DAGs
[2025-11-12T15:25:42.873+0000] {logging_mixin.py:190} INFO - [2025-11-12T15:25:42.873+0000] {dag.py:4180} INFO - Setting next_dagrun for etl_datalake_hive_iceberg to 2025-11-11T00:00:00+00:00, run_after=2025-11-12T00:00:00+00:00
[2025-11-12T15:25:42.923+0000] {processor.py:208} INFO - Processing /opt/airflow/dags/etl_datalake_dag.py took 0.275 seconds
[2025-11-12T15:26:14.862+0000] {processor.py:186} INFO - Started process (PID=328) to work on /opt/airflow/dags/etl_datalake_dag.py
[2025-11-12T15:26:14.863+0000] {processor.py:914} INFO - Processing file /opt/airflow/dags/etl_datalake_dag.py for tasks to queue
[2025-11-12T15:26:14.865+0000] {logging_mixin.py:190} INFO - [2025-11-12T15:26:14.865+0000] {dagbag.py:588} INFO - Filling up the DagBag from /opt/airflow/dags/etl_datalake_dag.py
[2025-11-12T15:26:14.901+0000] {processor.py:925} INFO - DAG(s) 'etl_datalake_hive_iceberg' retrieved from /opt/airflow/dags/etl_datalake_dag.py
[2025-11-12T15:26:14.969+0000] {logging_mixin.py:190} INFO - [2025-11-12T15:26:14.969+0000] {dag.py:3239} INFO - Sync 1 DAGs
[2025-11-12T15:26:15.025+0000] {logging_mixin.py:190} INFO - [2025-11-12T15:26:15.025+0000] {dag.py:4180} INFO - Setting next_dagrun for etl_datalake_hive_iceberg to 2025-11-11T00:00:00+00:00, run_after=2025-11-12T00:00:00+00:00
[2025-11-12T15:26:15.124+0000] {processor.py:208} INFO - Processing /opt/airflow/dags/etl_datalake_dag.py took 0.276 seconds
[2025-11-12T15:26:47.984+0000] {processor.py:186} INFO - Started process (PID=332) to work on /opt/airflow/dags/etl_datalake_dag.py
[2025-11-12T15:26:47.986+0000] {processor.py:914} INFO - Processing file /opt/airflow/dags/etl_datalake_dag.py for tasks to queue
[2025-11-12T15:26:47.991+0000] {logging_mixin.py:190} INFO - [2025-11-12T15:26:47.990+0000] {dagbag.py:588} INFO - Filling up the DagBag from /opt/airflow/dags/etl_datalake_dag.py
[2025-11-12T15:26:48.053+0000] {processor.py:925} INFO - DAG(s) 'etl_datalake_hive_iceberg' retrieved from /opt/airflow/dags/etl_datalake_dag.py
[2025-11-12T15:26:48.171+0000] {logging_mixin.py:190} INFO - [2025-11-12T15:26:48.171+0000] {dag.py:3239} INFO - Sync 1 DAGs
[2025-11-12T15:26:48.251+0000] {logging_mixin.py:190} INFO - [2025-11-12T15:26:48.247+0000] {dag.py:4180} INFO - Setting next_dagrun for etl_datalake_hive_iceberg to 2025-11-11T00:00:00+00:00, run_after=2025-11-12T00:00:00+00:00
[2025-11-12T15:26:48.313+0000] {processor.py:208} INFO - Processing /opt/airflow/dags/etl_datalake_dag.py took 0.343 seconds
[2025-11-12T15:27:20.086+0000] {processor.py:186} INFO - Started process (PID=336) to work on /opt/airflow/dags/etl_datalake_dag.py
[2025-11-12T15:27:20.087+0000] {processor.py:914} INFO - Processing file /opt/airflow/dags/etl_datalake_dag.py for tasks to queue
[2025-11-12T15:27:20.092+0000] {logging_mixin.py:190} INFO - [2025-11-12T15:27:20.091+0000] {dagbag.py:588} INFO - Filling up the DagBag from /opt/airflow/dags/etl_datalake_dag.py
[2025-11-12T15:27:20.204+0000] {processor.py:925} INFO - DAG(s) 'etl_datalake_hive_iceberg' retrieved from /opt/airflow/dags/etl_datalake_dag.py
[2025-11-12T15:27:20.333+0000] {logging_mixin.py:190} INFO - [2025-11-12T15:27:20.332+0000] {dag.py:3239} INFO - Sync 1 DAGs
[2025-11-12T15:27:20.454+0000] {logging_mixin.py:190} INFO - [2025-11-12T15:27:20.453+0000] {dag.py:4180} INFO - Setting next_dagrun for etl_datalake_hive_iceberg to 2025-11-11T00:00:00+00:00, run_after=2025-11-12T00:00:00+00:00
[2025-11-12T15:27:20.537+0000] {processor.py:208} INFO - Processing /opt/airflow/dags/etl_datalake_dag.py took 0.477 seconds
[2025-11-12T15:27:53.367+0000] {processor.py:186} INFO - Started process (PID=340) to work on /opt/airflow/dags/etl_datalake_dag.py
[2025-11-12T15:27:53.368+0000] {processor.py:914} INFO - Processing file /opt/airflow/dags/etl_datalake_dag.py for tasks to queue
[2025-11-12T15:27:53.371+0000] {logging_mixin.py:190} INFO - [2025-11-12T15:27:53.371+0000] {dagbag.py:588} INFO - Filling up the DagBag from /opt/airflow/dags/etl_datalake_dag.py
[2025-11-12T15:27:53.425+0000] {processor.py:925} INFO - DAG(s) 'etl_datalake_hive_iceberg' retrieved from /opt/airflow/dags/etl_datalake_dag.py
[2025-11-12T15:27:53.513+0000] {logging_mixin.py:190} INFO - [2025-11-12T15:27:53.513+0000] {dag.py:3239} INFO - Sync 1 DAGs
[2025-11-12T15:27:53.592+0000] {logging_mixin.py:190} INFO - [2025-11-12T15:27:53.591+0000] {dag.py:4180} INFO - Setting next_dagrun for etl_datalake_hive_iceberg to 2025-11-11T00:00:00+00:00, run_after=2025-11-12T00:00:00+00:00
[2025-11-12T15:27:53.646+0000] {processor.py:208} INFO - Processing /opt/airflow/dags/etl_datalake_dag.py took 0.292 seconds
