[2025-12-11T10:11:50.075+0000] {local_task_job_runner.py:123} INFO - ::group::Pre task execution logs
[2025-12-11T10:11:50.116+0000] {taskinstance.py:2614} INFO - Dependencies all met for dep_context=non-requeueable deps ti=<TaskInstance: crawl_etl_itjob.clean_silver scheduled__2025-12-09T02:00:00+00:00 [queued]>
[2025-12-11T10:11:50.128+0000] {taskinstance.py:2614} INFO - Dependencies all met for dep_context=requeueable deps ti=<TaskInstance: crawl_etl_itjob.clean_silver scheduled__2025-12-09T02:00:00+00:00 [queued]>
[2025-12-11T10:11:50.128+0000] {taskinstance.py:2867} INFO - Starting attempt 1 of 2
[2025-12-11T10:11:50.142+0000] {taskinstance.py:2890} INFO - Executing <Task(BashOperator): clean_silver> on 2025-12-09 02:00:00+00:00
[2025-12-11T10:11:50.150+0000] {standard_task_runner.py:72} INFO - Started process 70 to run task
[2025-12-11T10:11:50.154+0000] {standard_task_runner.py:104} INFO - Running: ['***', 'tasks', 'run', 'crawl_etl_itjob', 'clean_silver', 'scheduled__2025-12-09T02:00:00+00:00', '--job-id', '355', '--raw', '--subdir', 'DAGS_FOLDER/Crawl_ETL_ITJob.py', '--cfg-path', '/tmp/tmpf2ktr0vu']
[2025-12-11T10:11:50.156+0000] {standard_task_runner.py:105} INFO - Job 355: Subtask clean_silver
[2025-12-11T10:11:50.184+0000] {warnings.py:109} WARNING - /home/***/.local/lib/python3.8/site-packages/***/settings.py:209: DeprecationWarning: The sql_alchemy_conn option in [core] has been moved to the sql_alchemy_conn option in [database] - the old setting has been used, but please update your config.
  SQL_ALCHEMY_CONN = conf.get("database", "SQL_ALCHEMY_CONN")

[2025-12-11T10:11:50.269+0000] {task_command.py:467} INFO - Running <TaskInstance: crawl_etl_itjob.clean_silver scheduled__2025-12-09T02:00:00+00:00 [running]> on host a1de7f96d4f1
[2025-12-11T10:11:50.270+0000] {warnings.py:109} WARNING - /home/***/.local/lib/python3.8/site-packages/***/settings.py:470: DeprecationWarning: The sql_alchemy_conn option in [core] has been moved to the sql_alchemy_conn option in [database] - the old setting has been used, but please update your config.
  if conf.get("database", "sql_alchemy_conn") == "none://":

[2025-12-11T10:11:50.416+0000] {taskinstance.py:3134} INFO - Exporting env vars: AIRFLOW_CTX_DAG_EMAIL='dinhhoa0102@gmail.com' AIRFLOW_CTX_DAG_OWNER='***' AIRFLOW_CTX_DAG_ID='crawl_etl_itjob' AIRFLOW_CTX_TASK_ID='clean_silver' AIRFLOW_CTX_EXECUTION_DATE='2025-12-09T02:00:00+00:00' AIRFLOW_CTX_TRY_NUMBER='1' AIRFLOW_CTX_DAG_RUN_ID='scheduled__2025-12-09T02:00:00+00:00'
[2025-12-11T10:11:50.417+0000] {taskinstance.py:732} INFO - ::endgroup::
[2025-12-11T10:11:50.437+0000] {subprocess.py:78} INFO - Tmp dir root location: /tmp
[2025-12-11T10:11:50.439+0000] {subprocess.py:88} INFO - Running command: ['/bin/bash', '-c', "\n        docker exec spark-submit bash -c '\n        /opt/spark/bin/spark-submit         --master spark://spark-master:7077         --deploy-mode client         --packages org.apache.iceberg:iceberg-spark-runtime-3.5_2.12:1.5.0         /opt/spark/scripts/Clean_Silver.py\n        '\n        "]
[2025-12-11T10:11:50.451+0000] {subprocess.py:99} INFO - Output:
[2025-12-11T10:11:52.758+0000] {subprocess.py:106} INFO - :: loading settings :: url = jar:file:/opt/spark/jars/ivy-2.5.1.jar!/org/apache/ivy/core/settings/ivysettings.xml
[2025-12-11T10:11:52.867+0000] {subprocess.py:106} INFO - Ivy Default Cache set to: /home/spark/.ivy2/cache
[2025-12-11T10:11:52.868+0000] {subprocess.py:106} INFO - The jars for the packages stored in: /home/spark/.ivy2/jars
[2025-12-11T10:11:52.874+0000] {subprocess.py:106} INFO - org.apache.iceberg#iceberg-spark-runtime-3.5_2.12 added as a dependency
[2025-12-11T10:11:52.876+0000] {subprocess.py:106} INFO - :: resolving dependencies :: org.apache.spark#spark-submit-parent-2be7e33b-50d1-4280-8f09-1ace0b64b0c0;1.0
[2025-12-11T10:11:52.876+0000] {subprocess.py:106} INFO - 	confs: [default]
[2025-12-11T10:11:53.005+0000] {subprocess.py:106} INFO - 	found org.apache.iceberg#iceberg-spark-runtime-3.5_2.12;1.5.0 in central
[2025-12-11T10:11:53.020+0000] {subprocess.py:106} INFO - :: resolution report :: resolve 141ms :: artifacts dl 3ms
[2025-12-11T10:11:53.021+0000] {subprocess.py:106} INFO - 	:: modules in use:
[2025-12-11T10:11:53.022+0000] {subprocess.py:106} INFO - 	org.apache.iceberg#iceberg-spark-runtime-3.5_2.12;1.5.0 from central in [default]
[2025-12-11T10:11:53.022+0000] {subprocess.py:106} INFO - 	---------------------------------------------------------------------
[2025-12-11T10:11:53.023+0000] {subprocess.py:106} INFO - 	|                  |            modules            ||   artifacts   |
[2025-12-11T10:11:53.023+0000] {subprocess.py:106} INFO - 	|       conf       | number| search|dwnlded|evicted|| number|dwnlded|
[2025-12-11T10:11:53.024+0000] {subprocess.py:106} INFO - 	---------------------------------------------------------------------
[2025-12-11T10:11:53.025+0000] {subprocess.py:106} INFO - 	|      default     |   1   |   0   |   0   |   0   ||   1   |   0   |
[2025-12-11T10:11:53.025+0000] {subprocess.py:106} INFO - 	---------------------------------------------------------------------
[2025-12-11T10:11:53.026+0000] {subprocess.py:106} INFO - :: retrieving :: org.apache.spark#spark-submit-parent-2be7e33b-50d1-4280-8f09-1ace0b64b0c0
[2025-12-11T10:11:53.027+0000] {subprocess.py:106} INFO - 	confs: [default]
[2025-12-11T10:11:53.031+0000] {subprocess.py:106} INFO - 	0 artifacts copied, 1 already retrieved (0kB/6ms)
[2025-12-11T10:11:53.258+0000] {subprocess.py:106} INFO - 25/12/11 10:11:53 WARN NativeCodeLoader: Unable to load native-hadoop library for your platform... using builtin-java classes where applicable
[2025-12-11T10:11:54.466+0000] {subprocess.py:106} INFO - 25/12/11 10:11:54 INFO SparkContext: Running Spark version 3.5.3
[2025-12-11T10:11:54.467+0000] {subprocess.py:106} INFO - 25/12/11 10:11:54 INFO SparkContext: OS info Linux, 6.6.87.2-microsoft-standard-WSL2, amd64
[2025-12-11T10:11:54.467+0000] {subprocess.py:106} INFO - 25/12/11 10:11:54 INFO SparkContext: Java version 11.0.24
[2025-12-11T10:11:54.493+0000] {subprocess.py:106} INFO - 25/12/11 10:11:54 INFO ResourceUtils: ==============================================================
[2025-12-11T10:11:54.494+0000] {subprocess.py:106} INFO - 25/12/11 10:11:54 INFO ResourceUtils: No custom resources configured for spark.driver.
[2025-12-11T10:11:54.495+0000] {subprocess.py:106} INFO - 25/12/11 10:11:54 INFO ResourceUtils: ==============================================================
[2025-12-11T10:11:54.496+0000] {subprocess.py:106} INFO - 25/12/11 10:11:54 INFO SparkContext: Submitted application: Silver_Etl_Null_Handling_Optimized
[2025-12-11T10:11:54.523+0000] {subprocess.py:106} INFO - 25/12/11 10:11:54 INFO ResourceProfile: Default ResourceProfile created, executor resources: Map(memory -> name: memory, amount: 1024, script: , vendor: , offHeap -> name: offHeap, amount: 0, script: , vendor: ), task resources: Map(cpus -> name: cpus, amount: 1.0)
[2025-12-11T10:11:54.537+0000] {subprocess.py:106} INFO - 25/12/11 10:11:54 INFO ResourceProfile: Limiting resource is cpu
[2025-12-11T10:11:54.538+0000] {subprocess.py:106} INFO - 25/12/11 10:11:54 INFO ResourceProfileManager: Added ResourceProfile id: 0
[2025-12-11T10:11:54.617+0000] {subprocess.py:106} INFO - 25/12/11 10:11:54 INFO SecurityManager: Changing view acls to: spark
[2025-12-11T10:11:54.618+0000] {subprocess.py:106} INFO - 25/12/11 10:11:54 INFO SecurityManager: Changing modify acls to: spark
[2025-12-11T10:11:54.618+0000] {subprocess.py:106} INFO - 25/12/11 10:11:54 INFO SecurityManager: Changing view acls groups to:
[2025-12-11T10:11:54.619+0000] {subprocess.py:106} INFO - 25/12/11 10:11:54 INFO SecurityManager: Changing modify acls groups to:
[2025-12-11T10:11:54.621+0000] {subprocess.py:106} INFO - 25/12/11 10:11:54 INFO SecurityManager: SecurityManager: authentication disabled; ui acls disabled; users with view permissions: spark; groups with view permissions: EMPTY; users with modify permissions: spark; groups with modify permissions: EMPTY
[2025-12-11T10:11:54.893+0000] {subprocess.py:106} INFO - 25/12/11 10:11:54 INFO Utils: Successfully started service 'sparkDriver' on port 33271.
[2025-12-11T10:11:54.926+0000] {subprocess.py:106} INFO - 25/12/11 10:11:54 INFO SparkEnv: Registering MapOutputTracker
[2025-12-11T10:11:54.961+0000] {subprocess.py:106} INFO - 25/12/11 10:11:54 INFO SparkEnv: Registering BlockManagerMaster
[2025-12-11T10:11:54.979+0000] {subprocess.py:106} INFO - 25/12/11 10:11:54 INFO BlockManagerMasterEndpoint: Using org.apache.spark.storage.DefaultTopologyMapper for getting topology information
[2025-12-11T10:11:54.980+0000] {subprocess.py:106} INFO - 25/12/11 10:11:54 INFO BlockManagerMasterEndpoint: BlockManagerMasterEndpoint up
[2025-12-11T10:11:54.985+0000] {subprocess.py:106} INFO - 25/12/11 10:11:54 INFO SparkEnv: Registering BlockManagerMasterHeartbeat
[2025-12-11T10:11:55.012+0000] {subprocess.py:106} INFO - 25/12/11 10:11:55 INFO DiskBlockManager: Created local directory at /tmp/blockmgr-dca0d8d6-9eda-4bd9-9ab8-8cf408658c3a
[2025-12-11T10:11:55.027+0000] {subprocess.py:106} INFO - 25/12/11 10:11:55 INFO MemoryStore: MemoryStore started with capacity 434.4 MiB
[2025-12-11T10:11:55.044+0000] {subprocess.py:106} INFO - 25/12/11 10:11:55 INFO SparkEnv: Registering OutputCommitCoordinator
[2025-12-11T10:11:55.206+0000] {subprocess.py:106} INFO - 25/12/11 10:11:55 INFO JettyUtils: Start Jetty 0.0.0.0:4040 for SparkUI
[2025-12-11T10:11:55.273+0000] {subprocess.py:106} INFO - 25/12/11 10:11:55 INFO Utils: Successfully started service 'SparkUI' on port 4040.
[2025-12-11T10:11:55.314+0000] {subprocess.py:106} INFO - 25/12/11 10:11:55 INFO SparkContext: Added JAR file:///home/spark/.ivy2/jars/org.apache.iceberg_iceberg-spark-runtime-3.5_2.12-1.5.0.jar at spark://65f44b4fd513:33271/jars/org.apache.iceberg_iceberg-spark-runtime-3.5_2.12-1.5.0.jar with timestamp 1765447914454
[2025-12-11T10:11:55.318+0000] {subprocess.py:106} INFO - 25/12/11 10:11:55 INFO SparkContext: Added file file:///home/spark/.ivy2/jars/org.apache.iceberg_iceberg-spark-runtime-3.5_2.12-1.5.0.jar at spark://65f44b4fd513:33271/files/org.apache.iceberg_iceberg-spark-runtime-3.5_2.12-1.5.0.jar with timestamp 1765447914454
[2025-12-11T10:11:55.320+0000] {subprocess.py:106} INFO - 25/12/11 10:11:55 INFO Utils: Copying /home/spark/.ivy2/jars/org.apache.iceberg_iceberg-spark-runtime-3.5_2.12-1.5.0.jar to /tmp/spark-95636c16-66ae-4268-a36c-9ced092b8833/userFiles-002d8426-608c-4f53-9bb3-13f2f5f4e342/org.apache.iceberg_iceberg-spark-runtime-3.5_2.12-1.5.0.jar
[2025-12-11T10:11:55.457+0000] {subprocess.py:106} INFO - 25/12/11 10:11:55 INFO StandaloneAppClient$ClientEndpoint: Connecting to master spark://spark-master:7077...
[2025-12-11T10:11:55.506+0000] {subprocess.py:106} INFO - 25/12/11 10:11:55 INFO TransportClientFactory: Successfully created connection to spark-master/172.30.0.9:7077 after 30 ms (0 ms spent in bootstraps)
[2025-12-11T10:11:55.607+0000] {subprocess.py:106} INFO - 25/12/11 10:11:55 INFO StandaloneSchedulerBackend: Connected to Spark cluster with app ID app-20251211101155-0001
[2025-12-11T10:11:55.608+0000] {subprocess.py:106} INFO - 25/12/11 10:11:55 INFO StandaloneAppClient$ClientEndpoint: Executor added: app-20251211101155-0001/0 on worker-20251211095732-172.30.0.11-42365 (172.30.0.11:42365) with 1 core(s)
[2025-12-11T10:11:55.612+0000] {subprocess.py:106} INFO - 25/12/11 10:11:55 INFO StandaloneSchedulerBackend: Granted executor ID app-20251211101155-0001/0 on hostPort 172.30.0.11:42365 with 1 core(s), 1024.0 MiB RAM
[2025-12-11T10:11:55.621+0000] {subprocess.py:106} INFO - 25/12/11 10:11:55 INFO Utils: Successfully started service 'org.apache.spark.network.netty.NettyBlockTransferService' on port 43297.
[2025-12-11T10:11:55.622+0000] {subprocess.py:106} INFO - 25/12/11 10:11:55 INFO NettyBlockTransferService: Server created on 65f44b4fd513:43297
[2025-12-11T10:11:55.624+0000] {subprocess.py:106} INFO - 25/12/11 10:11:55 INFO BlockManager: Using org.apache.spark.storage.RandomBlockReplicationPolicy for block replication policy
[2025-12-11T10:11:55.631+0000] {subprocess.py:106} INFO - 25/12/11 10:11:55 INFO BlockManagerMaster: Registering BlockManager BlockManagerId(driver, 65f44b4fd513, 43297, None)
[2025-12-11T10:11:55.635+0000] {subprocess.py:106} INFO - 25/12/11 10:11:55 INFO BlockManagerMasterEndpoint: Registering block manager 65f44b4fd513:43297 with 434.4 MiB RAM, BlockManagerId(driver, 65f44b4fd513, 43297, None)
[2025-12-11T10:11:55.639+0000] {subprocess.py:106} INFO - 25/12/11 10:11:55 INFO BlockManagerMaster: Registered BlockManager BlockManagerId(driver, 65f44b4fd513, 43297, None)
[2025-12-11T10:11:55.641+0000] {subprocess.py:106} INFO - 25/12/11 10:11:55 INFO BlockManager: Initialized BlockManager: BlockManagerId(driver, 65f44b4fd513, 43297, None)
[2025-12-11T10:11:55.695+0000] {subprocess.py:106} INFO - 25/12/11 10:11:55 INFO StandaloneAppClient$ClientEndpoint: Executor updated: app-20251211101155-0001/0 is now RUNNING
[2025-12-11T10:11:55.937+0000] {subprocess.py:106} INFO - 25/12/11 10:11:55 INFO StandaloneSchedulerBackend: SchedulerBackend is ready for scheduling beginning after reached minRegisteredResourcesRatio: 0.0
[2025-12-11T10:11:56.248+0000] {subprocess.py:106} INFO - 25/12/11 10:11:56 INFO SharedState: Setting hive.metastore.warehouse.dir ('null') to the value of spark.sql.warehouse.dir.
[2025-12-11T10:11:56.252+0000] {subprocess.py:106} INFO - 25/12/11 10:11:56 INFO SharedState: Warehouse path is 'file:/opt/spark/work-dir/spark-warehouse'.
[2025-12-11T10:11:59.410+0000] {subprocess.py:106} INFO - 25/12/11 10:11:59 INFO HiveConf: Found configuration file null
[2025-12-11T10:11:59.655+0000] {subprocess.py:106} INFO - 25/12/11 10:11:59 INFO metastore: Trying to connect to metastore with URI thrift://hive-metastore:9083
[2025-12-11T10:11:59.697+0000] {subprocess.py:106} INFO - 25/12/11 10:11:59 INFO metastore: Opened a connection to metastore, current connections: 1
[2025-12-11T10:11:59.746+0000] {subprocess.py:106} INFO - 25/12/11 10:11:59 INFO metastore: Connected to metastore.
[2025-12-11T10:11:59.929+0000] {subprocess.py:106} INFO - 25/12/11 10:11:59 INFO StandaloneSchedulerBackend$StandaloneDriverEndpoint: Registered executor NettyRpcEndpointRef(spark-client://Executor) (172.30.0.11:52602) with ID 0,  ResourceProfileId 0
[2025-12-11T10:12:00.088+0000] {subprocess.py:106} INFO - 25/12/11 10:12:00 INFO BlockManagerMasterEndpoint: Registering block manager 172.30.0.11:41531 with 434.4 MiB RAM, BlockManagerId(0, 172.30.0.11, 41531, None)
[2025-12-11T10:12:00.178+0000] {subprocess.py:106} INFO - 25/12/11 10:12:00 INFO BaseMetastoreTableOperations: Refreshing table metadata from new version: hdfs://dinhhoa-master:9000/user/ndh/warehouse/silver.db/it_jobs_clean/metadata/00000-eb0ffd7a-27ea-4ef2-8248-7c0d0f0de41e.metadata.json
[2025-12-11T10:12:01.490+0000] {subprocess.py:106} INFO - 25/12/11 10:12:01 INFO BaseMetastoreCatalog: Table loaded by catalog: hive_catalog.silver.it_jobs_clean
[2025-12-11T10:12:02.574+0000] {subprocess.py:106} INFO - 25/12/11 10:12:02 INFO SnapshotScan: Scanning table hive_catalog.silver.it_jobs_clean snapshot 4602940596915653270 created at 2025-12-09T11:54:59.334+00:00 with filter true
[2025-12-11T10:12:02.826+0000] {subprocess.py:106} INFO - 25/12/11 10:12:02 INFO BaseDistributedDataScan: Planning file tasks locally for table hive_catalog.silver.it_jobs_clean
[2025-12-11T10:12:02.990+0000] {subprocess.py:106} INFO - 25/12/11 10:12:02 INFO V2ScanRelationPushDown:
[2025-12-11T10:12:02.991+0000] {subprocess.py:106} INFO - Pushing operators to hive_catalog.silver.it_jobs_clean
[2025-12-11T10:12:02.991+0000] {subprocess.py:106} INFO - Pushed Aggregate Functions:
[2025-12-11T10:12:02.992+0000] {subprocess.py:106} INFO -  MAX(ingest_time)
[2025-12-11T10:12:02.992+0000] {subprocess.py:106} INFO - Pushed Group by:
[2025-12-11T10:12:02.993+0000] {subprocess.py:106} INFO - 
[2025-12-11T10:12:02.993+0000] {subprocess.py:106} INFO - 
[2025-12-11T10:12:04.189+0000] {subprocess.py:106} INFO - 25/12/11 10:12:04 INFO CodeGenerator: Code generated in 297.608188 ms
[2025-12-11T10:12:04.213+0000] {subprocess.py:106} INFO - 25/12/11 10:12:04 INFO CodeGenerator: Code generated in 13.3053 ms
[2025-12-11T10:12:04.341+0000] {subprocess.py:106} INFO - 25/12/11 10:12:04 INFO DAGScheduler: Registering RDD 2 (collect at /opt/spark/scripts/Clean_Silver.py:33) as input to shuffle 0
[2025-12-11T10:12:04.348+0000] {subprocess.py:106} INFO - 25/12/11 10:12:04 INFO DAGScheduler: Got map stage job 0 (collect at /opt/spark/scripts/Clean_Silver.py:33) with 1 output partitions
[2025-12-11T10:12:04.349+0000] {subprocess.py:106} INFO - 25/12/11 10:12:04 INFO DAGScheduler: Final stage: ShuffleMapStage 0 (collect at /opt/spark/scripts/Clean_Silver.py:33)
[2025-12-11T10:12:04.350+0000] {subprocess.py:106} INFO - 25/12/11 10:12:04 INFO DAGScheduler: Parents of final stage: List()
[2025-12-11T10:12:04.353+0000] {subprocess.py:106} INFO - 25/12/11 10:12:04 INFO DAGScheduler: Missing parents: List()
[2025-12-11T10:12:04.359+0000] {subprocess.py:106} INFO - 25/12/11 10:12:04 INFO DAGScheduler: Submitting ShuffleMapStage 0 (MapPartitionsRDD[2] at collect at /opt/spark/scripts/Clean_Silver.py:33), which has no missing parents
[2025-12-11T10:12:04.479+0000] {subprocess.py:106} INFO - 25/12/11 10:12:04 INFO MemoryStore: Block broadcast_0 stored as values in memory (estimated size 12.0 KiB, free 434.4 MiB)
[2025-12-11T10:12:04.523+0000] {subprocess.py:106} INFO - 25/12/11 10:12:04 INFO MemoryStore: Block broadcast_0_piece0 stored as bytes in memory (estimated size 6.0 KiB, free 434.4 MiB)
[2025-12-11T10:12:04.528+0000] {subprocess.py:106} INFO - 25/12/11 10:12:04 INFO BlockManagerInfo: Added broadcast_0_piece0 in memory on 65f44b4fd513:43297 (size: 6.0 KiB, free: 434.4 MiB)
[2025-12-11T10:12:04.534+0000] {subprocess.py:106} INFO - 25/12/11 10:12:04 INFO SparkContext: Created broadcast 0 from broadcast at DAGScheduler.scala:1585
[2025-12-11T10:12:04.562+0000] {subprocess.py:106} INFO - 25/12/11 10:12:04 INFO DAGScheduler: Submitting 1 missing tasks from ShuffleMapStage 0 (MapPartitionsRDD[2] at collect at /opt/spark/scripts/Clean_Silver.py:33) (first 15 tasks are for partitions Vector(0))
[2025-12-11T10:12:04.564+0000] {subprocess.py:106} INFO - 25/12/11 10:12:04 INFO TaskSchedulerImpl: Adding task set 0.0 with 1 tasks resource profile 0
[2025-12-11T10:12:04.613+0000] {subprocess.py:106} INFO - 25/12/11 10:12:04 INFO TaskSetManager: Starting task 0.0 in stage 0.0 (TID 0) (172.30.0.11, executor 0, partition 0, PROCESS_LOCAL, 9492 bytes)
[2025-12-11T10:12:04.918+0000] {subprocess.py:106} INFO - 25/12/11 10:12:04 INFO BlockManagerInfo: Added broadcast_0_piece0 in memory on 172.30.0.11:41531 (size: 6.0 KiB, free: 434.4 MiB)
[2025-12-11T10:12:05.710+0000] {subprocess.py:106} INFO - 25/12/11 10:12:05 INFO TaskSetManager: Finished task 0.0 in stage 0.0 (TID 0) in 1118 ms on 172.30.0.11 (executor 0) (1/1)
[2025-12-11T10:12:05.712+0000] {subprocess.py:106} INFO - 25/12/11 10:12:05 INFO TaskSchedulerImpl: Removed TaskSet 0.0, whose tasks have all completed, from pool
[2025-12-11T10:12:05.721+0000] {subprocess.py:106} INFO - 25/12/11 10:12:05 INFO DAGScheduler: ShuffleMapStage 0 (collect at /opt/spark/scripts/Clean_Silver.py:33) finished in 1.345 s
[2025-12-11T10:12:05.722+0000] {subprocess.py:106} INFO - 25/12/11 10:12:05 INFO DAGScheduler: looking for newly runnable stages
[2025-12-11T10:12:05.723+0000] {subprocess.py:106} INFO - 25/12/11 10:12:05 INFO DAGScheduler: running: Set()
[2025-12-11T10:12:05.723+0000] {subprocess.py:106} INFO - 25/12/11 10:12:05 INFO DAGScheduler: waiting: Set()
[2025-12-11T10:12:05.724+0000] {subprocess.py:106} INFO - 25/12/11 10:12:05 INFO DAGScheduler: failed: Set()
[2025-12-11T10:12:05.774+0000] {subprocess.py:106} INFO - 25/12/11 10:12:05 INFO CodeGenerator: Code generated in 13.380958 ms
[2025-12-11T10:12:05.834+0000] {subprocess.py:106} INFO - 25/12/11 10:12:05 INFO SparkContext: Starting job: collect at /opt/spark/scripts/Clean_Silver.py:33
[2025-12-11T10:12:05.842+0000] {subprocess.py:106} INFO - 25/12/11 10:12:05 INFO DAGScheduler: Got job 1 (collect at /opt/spark/scripts/Clean_Silver.py:33) with 1 output partitions
[2025-12-11T10:12:05.844+0000] {subprocess.py:106} INFO - 25/12/11 10:12:05 INFO DAGScheduler: Final stage: ResultStage 2 (collect at /opt/spark/scripts/Clean_Silver.py:33)
[2025-12-11T10:12:05.845+0000] {subprocess.py:106} INFO - 25/12/11 10:12:05 INFO DAGScheduler: Parents of final stage: List(ShuffleMapStage 1)
[2025-12-11T10:12:05.847+0000] {subprocess.py:106} INFO - 25/12/11 10:12:05 INFO DAGScheduler: Missing parents: List()
[2025-12-11T10:12:05.850+0000] {subprocess.py:106} INFO - 25/12/11 10:12:05 INFO DAGScheduler: Submitting ResultStage 2 (MapPartitionsRDD[5] at collect at /opt/spark/scripts/Clean_Silver.py:33), which has no missing parents
[2025-12-11T10:12:05.863+0000] {subprocess.py:106} INFO - 25/12/11 10:12:05 INFO MemoryStore: Block broadcast_1 stored as values in memory (estimated size 13.1 KiB, free 434.4 MiB)
[2025-12-11T10:12:05.871+0000] {subprocess.py:106} INFO - 25/12/11 10:12:05 INFO MemoryStore: Block broadcast_1_piece0 stored as bytes in memory (estimated size 6.1 KiB, free 434.4 MiB)
[2025-12-11T10:12:05.872+0000] {subprocess.py:106} INFO - 25/12/11 10:12:05 INFO BlockManagerInfo: Added broadcast_1_piece0 in memory on 65f44b4fd513:43297 (size: 6.1 KiB, free: 434.4 MiB)
[2025-12-11T10:12:05.873+0000] {subprocess.py:106} INFO - 25/12/11 10:12:05 INFO SparkContext: Created broadcast 1 from broadcast at DAGScheduler.scala:1585
[2025-12-11T10:12:05.876+0000] {subprocess.py:106} INFO - 25/12/11 10:12:05 INFO DAGScheduler: Submitting 1 missing tasks from ResultStage 2 (MapPartitionsRDD[5] at collect at /opt/spark/scripts/Clean_Silver.py:33) (first 15 tasks are for partitions Vector(0))
[2025-12-11T10:12:05.877+0000] {subprocess.py:106} INFO - 25/12/11 10:12:05 INFO TaskSchedulerImpl: Adding task set 2.0 with 1 tasks resource profile 0
[2025-12-11T10:12:05.884+0000] {subprocess.py:106} INFO - 25/12/11 10:12:05 INFO TaskSetManager: Starting task 0.0 in stage 2.0 (TID 1) (172.30.0.11, executor 0, partition 0, NODE_LOCAL, 9331 bytes)
[2025-12-11T10:12:05.918+0000] {subprocess.py:106} INFO - 25/12/11 10:12:05 INFO BlockManagerInfo: Added broadcast_1_piece0 in memory on 172.30.0.11:41531 (size: 6.1 KiB, free: 434.4 MiB)
[2025-12-11T10:12:06.028+0000] {subprocess.py:106} INFO - 25/12/11 10:12:06 INFO MapOutputTrackerMasterEndpoint: Asked to send map output locations for shuffle 0 to 172.30.0.11:52602
[2025-12-11T10:12:06.210+0000] {subprocess.py:106} INFO - 25/12/11 10:12:06 INFO TaskSetManager: Finished task 0.0 in stage 2.0 (TID 1) in 328 ms on 172.30.0.11 (executor 0) (1/1)
[2025-12-11T10:12:06.211+0000] {subprocess.py:106} INFO - 25/12/11 10:12:06 INFO TaskSchedulerImpl: Removed TaskSet 2.0, whose tasks have all completed, from pool
[2025-12-11T10:12:06.212+0000] {subprocess.py:106} INFO - 25/12/11 10:12:06 INFO DAGScheduler: ResultStage 2 (collect at /opt/spark/scripts/Clean_Silver.py:33) finished in 0.353 s
[2025-12-11T10:12:06.215+0000] {subprocess.py:106} INFO - 25/12/11 10:12:06 INFO DAGScheduler: Job 1 is finished. Cancelling potential speculative or zombie tasks for this job
[2025-12-11T10:12:06.216+0000] {subprocess.py:106} INFO - 25/12/11 10:12:06 INFO TaskSchedulerImpl: Killing all running tasks in stage 2: Stage finished
[2025-12-11T10:12:06.218+0000] {subprocess.py:106} INFO - 25/12/11 10:12:06 INFO DAGScheduler: Job 1 finished: collect at /opt/spark/scripts/Clean_Silver.py:33, took 0.383348 s
[2025-12-11T10:12:06.465+0000] {subprocess.py:106} INFO - >>> Watermark: 2025-12-09 11:54:17.936235
[2025-12-11T10:12:06.491+0000] {subprocess.py:106} INFO - 25/12/11 10:12:06 INFO BaseMetastoreTableOperations: Refreshing table metadata from new version: hdfs://dinhhoa-master:9000/user/ndh/warehouse/bronze.db/it_jobs_raw/metadata/00001-7e89bf19-daaf-430b-aecc-3271dad86d45.metadata.json
[2025-12-11T10:12:06.526+0000] {subprocess.py:106} INFO - 25/12/11 10:12:06 INFO BaseMetastoreCatalog: Table loaded by catalog: hive_catalog.bronze.it_jobs_raw
[2025-12-11T10:12:06.544+0000] {subprocess.py:106} INFO - >>> INCREMENTAL LOAD: Reading only new data...
[2025-12-11T10:12:06.861+0000] {subprocess.py:106} INFO - 25/12/11 10:12:06 INFO BlockManagerInfo: Removed broadcast_1_piece0 on 65f44b4fd513:43297 in memory (size: 6.1 KiB, free: 434.4 MiB)
[2025-12-11T10:12:06.870+0000] {subprocess.py:106} INFO - 25/12/11 10:12:06 INFO BlockManagerInfo: Removed broadcast_1_piece0 on 172.30.0.11:41531 in memory (size: 6.1 KiB, free: 434.4 MiB)
[2025-12-11T10:12:06.891+0000] {subprocess.py:106} INFO - 25/12/11 10:12:06 INFO BlockManagerInfo: Removed broadcast_0_piece0 on 65f44b4fd513:43297 in memory (size: 6.0 KiB, free: 434.4 MiB)
[2025-12-11T10:12:06.894+0000] {subprocess.py:106} INFO - 25/12/11 10:12:06 INFO BlockManagerInfo: Removed broadcast_0_piece0 on 172.30.0.11:41531 in memory (size: 6.0 KiB, free: 434.4 MiB)
[2025-12-11T10:12:06.975+0000] {subprocess.py:106} INFO - 25/12/11 10:12:06 INFO V2ScanRelationPushDown:
[2025-12-11T10:12:06.976+0000] {subprocess.py:106} INFO - Pushing operators to hive_catalog.bronze.it_jobs_raw
[2025-12-11T10:12:06.976+0000] {subprocess.py:106} INFO - Pushed Filters: ingest_time IS NOT NULL, ingest_time > 1765281257936235
[2025-12-11T10:12:06.977+0000] {subprocess.py:106} INFO - Post-Scan Filters: isnotnull(ingest_time#36),(ingest_time#36 > 2025-12-09 11:54:17.936235)
[2025-12-11T10:12:06.977+0000] {subprocess.py:106} INFO - 
[2025-12-11T10:12:07.004+0000] {subprocess.py:106} INFO - 25/12/11 10:12:07 INFO V2ScanRelationPushDown:
[2025-12-11T10:12:07.005+0000] {subprocess.py:106} INFO - Output: ingest_time#36
[2025-12-11T10:12:07.006+0000] {subprocess.py:106} INFO - 
[2025-12-11T10:12:07.014+0000] {subprocess.py:106} INFO - 25/12/11 10:12:07 INFO SnapshotScan: Scanning table hive_catalog.bronze.it_jobs_raw snapshot 3773334357071628299 created at 2025-12-11T10:11:45.421+00:00 with filter (ingest_time IS NOT NULL AND ingest_time > (16-digit-int))
[2025-12-11T10:12:07.051+0000] {subprocess.py:106} INFO - 25/12/11 10:12:07 INFO BaseDistributedDataScan: Planning file tasks locally for table hive_catalog.bronze.it_jobs_raw
[2025-12-11T10:12:07.121+0000] {subprocess.py:106} INFO - 25/12/11 10:12:07 INFO SparkPartitioningAwareScan: Reporting UnknownPartitioning with 1 partition(s) for table hive_catalog.bronze.it_jobs_raw
[2025-12-11T10:12:07.142+0000] {subprocess.py:106} INFO - 25/12/11 10:12:07 INFO MemoryStore: Block broadcast_2 stored as values in memory (estimated size 32.0 KiB, free 434.4 MiB)
[2025-12-11T10:12:07.157+0000] {subprocess.py:106} INFO - 25/12/11 10:12:07 INFO MemoryStore: Block broadcast_2_piece0 stored as bytes in memory (estimated size 29.8 KiB, free 434.3 MiB)
[2025-12-11T10:12:07.159+0000] {subprocess.py:106} INFO - 25/12/11 10:12:07 INFO BlockManagerInfo: Added broadcast_2_piece0 in memory on 65f44b4fd513:43297 (size: 29.8 KiB, free: 434.4 MiB)
[2025-12-11T10:12:07.160+0000] {subprocess.py:106} INFO - 25/12/11 10:12:07 INFO SparkContext: Created broadcast 2 from broadcast at SparkBatch.java:79
[2025-12-11T10:12:07.189+0000] {subprocess.py:106} INFO - 25/12/11 10:12:07 INFO MemoryStore: Block broadcast_3 stored as values in memory (estimated size 32.0 KiB, free 434.3 MiB)
[2025-12-11T10:12:07.196+0000] {subprocess.py:106} INFO - 25/12/11 10:12:07 INFO MemoryStore: Block broadcast_3_piece0 stored as bytes in memory (estimated size 29.8 KiB, free 434.3 MiB)
[2025-12-11T10:12:07.198+0000] {subprocess.py:106} INFO - 25/12/11 10:12:07 INFO BlockManagerInfo: Added broadcast_3_piece0 in memory on 65f44b4fd513:43297 (size: 29.8 KiB, free: 434.3 MiB)
[2025-12-11T10:12:07.200+0000] {subprocess.py:106} INFO - 25/12/11 10:12:07 INFO SparkContext: Created broadcast 3 from broadcast at SparkBatch.java:79
[2025-12-11T10:12:07.353+0000] {subprocess.py:106} INFO - 25/12/11 10:12:07 INFO CodeGenerator: Code generated in 45.685524 ms
[2025-12-11T10:12:07.406+0000] {subprocess.py:106} INFO - 25/12/11 10:12:07 INFO DAGScheduler: Registering RDD 9 (count at <unknown>:0) as input to shuffle 1
[2025-12-11T10:12:07.409+0000] {subprocess.py:106} INFO - 25/12/11 10:12:07 INFO DAGScheduler: Got map stage job 2 (count at <unknown>:0) with 1 output partitions
[2025-12-11T10:12:07.410+0000] {subprocess.py:106} INFO - 25/12/11 10:12:07 INFO DAGScheduler: Final stage: ShuffleMapStage 3 (count at <unknown>:0)
[2025-12-11T10:12:07.411+0000] {subprocess.py:106} INFO - 25/12/11 10:12:07 INFO DAGScheduler: Parents of final stage: List()
[2025-12-11T10:12:07.412+0000] {subprocess.py:106} INFO - 25/12/11 10:12:07 INFO DAGScheduler: Missing parents: List()
[2025-12-11T10:12:07.413+0000] {subprocess.py:106} INFO - 25/12/11 10:12:07 INFO DAGScheduler: Submitting ShuffleMapStage 3 (MapPartitionsRDD[9] at count at <unknown>:0), which has no missing parents
[2025-12-11T10:12:07.429+0000] {subprocess.py:106} INFO - 25/12/11 10:12:07 INFO MemoryStore: Block broadcast_4 stored as values in memory (estimated size 17.8 KiB, free 434.3 MiB)
[2025-12-11T10:12:07.458+0000] {subprocess.py:106} INFO - 25/12/11 10:12:07 INFO MemoryStore: Block broadcast_4_piece0 stored as bytes in memory (estimated size 7.6 KiB, free 434.3 MiB)
[2025-12-11T10:12:07.459+0000] {subprocess.py:106} INFO - 25/12/11 10:12:07 INFO BlockManagerInfo: Added broadcast_4_piece0 in memory on 65f44b4fd513:43297 (size: 7.6 KiB, free: 434.3 MiB)
[2025-12-11T10:12:07.461+0000] {subprocess.py:106} INFO - 25/12/11 10:12:07 INFO SparkContext: Created broadcast 4 from broadcast at DAGScheduler.scala:1585
[2025-12-11T10:12:07.466+0000] {subprocess.py:106} INFO - 25/12/11 10:12:07 INFO DAGScheduler: Submitting 1 missing tasks from ShuffleMapStage 3 (MapPartitionsRDD[9] at count at <unknown>:0) (first 15 tasks are for partitions Vector(0))
[2025-12-11T10:12:07.467+0000] {subprocess.py:106} INFO - 25/12/11 10:12:07 INFO TaskSchedulerImpl: Adding task set 3.0 with 1 tasks resource profile 0
[2025-12-11T10:12:07.500+0000] {subprocess.py:106} INFO - 25/12/11 10:12:07 INFO TaskSetManager: Starting task 0.0 in stage 3.0 (TID 2) (172.30.0.11, executor 0, partition 0, ANY, 14732 bytes)
[2025-12-11T10:12:08.122+0000] {subprocess.py:106} INFO - 25/12/11 10:12:08 INFO BlockManagerInfo: Added broadcast_4_piece0 in memory on 172.30.0.11:41531 (size: 7.6 KiB, free: 434.4 MiB)
[2025-12-11T10:12:08.238+0000] {subprocess.py:106} INFO - 25/12/11 10:12:08 INFO BlockManagerInfo: Added broadcast_3_piece0 in memory on 172.30.0.11:41531 (size: 29.8 KiB, free: 434.4 MiB)
[2025-12-11T10:12:10.675+0000] {subprocess.py:106} INFO - 25/12/11 10:12:10 INFO TaskSetManager: Finished task 0.0 in stage 3.0 (TID 2) in 3207 ms on 172.30.0.11 (executor 0) (1/1)
[2025-12-11T10:12:10.676+0000] {subprocess.py:106} INFO - 25/12/11 10:12:10 INFO TaskSchedulerImpl: Removed TaskSet 3.0, whose tasks have all completed, from pool
[2025-12-11T10:12:10.687+0000] {subprocess.py:106} INFO - 25/12/11 10:12:10 INFO DAGScheduler: ShuffleMapStage 3 (count at <unknown>:0) finished in 3.269 s
[2025-12-11T10:12:10.688+0000] {subprocess.py:106} INFO - 25/12/11 10:12:10 INFO DAGScheduler: looking for newly runnable stages
[2025-12-11T10:12:10.689+0000] {subprocess.py:106} INFO - 25/12/11 10:12:10 INFO DAGScheduler: running: Set()
[2025-12-11T10:12:10.689+0000] {subprocess.py:106} INFO - 25/12/11 10:12:10 INFO DAGScheduler: waiting: Set()
[2025-12-11T10:12:10.690+0000] {subprocess.py:106} INFO - 25/12/11 10:12:10 INFO DAGScheduler: failed: Set()
[2025-12-11T10:12:10.728+0000] {subprocess.py:106} INFO - 25/12/11 10:12:10 INFO CodeGenerator: Code generated in 21.079715 ms
[2025-12-11T10:12:10.754+0000] {subprocess.py:106} INFO - 25/12/11 10:12:10 INFO SparkContext: Starting job: count at <unknown>:0
[2025-12-11T10:12:10.758+0000] {subprocess.py:106} INFO - 25/12/11 10:12:10 INFO DAGScheduler: Got job 3 (count at <unknown>:0) with 1 output partitions
[2025-12-11T10:12:10.760+0000] {subprocess.py:106} INFO - 25/12/11 10:12:10 INFO DAGScheduler: Final stage: ResultStage 5 (count at <unknown>:0)
[2025-12-11T10:12:10.761+0000] {subprocess.py:106} INFO - 25/12/11 10:12:10 INFO DAGScheduler: Parents of final stage: List(ShuffleMapStage 4)
[2025-12-11T10:12:10.762+0000] {subprocess.py:106} INFO - 25/12/11 10:12:10 INFO DAGScheduler: Missing parents: List()
[2025-12-11T10:12:10.763+0000] {subprocess.py:106} INFO - 25/12/11 10:12:10 INFO DAGScheduler: Submitting ResultStage 5 (MapPartitionsRDD[12] at count at <unknown>:0), which has no missing parents
[2025-12-11T10:12:10.764+0000] {subprocess.py:106} INFO - 25/12/11 10:12:10 INFO MemoryStore: Block broadcast_5 stored as values in memory (estimated size 12.5 KiB, free 434.2 MiB)
[2025-12-11T10:12:10.787+0000] {subprocess.py:106} INFO - 25/12/11 10:12:10 INFO MemoryStore: Block broadcast_5_piece0 stored as bytes in memory (estimated size 5.9 KiB, free 434.2 MiB)
[2025-12-11T10:12:10.789+0000] {subprocess.py:106} INFO - 25/12/11 10:12:10 INFO BlockManagerInfo: Added broadcast_5_piece0 in memory on 65f44b4fd513:43297 (size: 5.9 KiB, free: 434.3 MiB)
[2025-12-11T10:12:10.796+0000] {subprocess.py:106} INFO - 25/12/11 10:12:10 INFO SparkContext: Created broadcast 5 from broadcast at DAGScheduler.scala:1585
[2025-12-11T10:12:10.797+0000] {subprocess.py:106} INFO - 25/12/11 10:12:10 INFO BlockManagerInfo: Removed broadcast_4_piece0 on 65f44b4fd513:43297 in memory (size: 7.6 KiB, free: 434.3 MiB)
[2025-12-11T10:12:10.800+0000] {subprocess.py:106} INFO - 25/12/11 10:12:10 INFO DAGScheduler: Submitting 1 missing tasks from ResultStage 5 (MapPartitionsRDD[12] at count at <unknown>:0) (first 15 tasks are for partitions Vector(0))
[2025-12-11T10:12:10.804+0000] {subprocess.py:106} INFO - 25/12/11 10:12:10 INFO TaskSchedulerImpl: Adding task set 5.0 with 1 tasks resource profile 0
[2025-12-11T10:12:10.805+0000] {subprocess.py:106} INFO - 25/12/11 10:12:10 INFO TaskSetManager: Starting task 0.0 in stage 5.0 (TID 3) (172.30.0.11, executor 0, partition 0, NODE_LOCAL, 9331 bytes)
[2025-12-11T10:12:10.810+0000] {subprocess.py:106} INFO - 25/12/11 10:12:10 INFO BlockManagerInfo: Removed broadcast_4_piece0 on 172.30.0.11:41531 in memory (size: 7.6 KiB, free: 434.4 MiB)
[2025-12-11T10:12:10.880+0000] {subprocess.py:106} INFO - 25/12/11 10:12:10 INFO BlockManagerInfo: Added broadcast_5_piece0 in memory on 172.30.0.11:41531 (size: 5.9 KiB, free: 434.4 MiB)
[2025-12-11T10:12:10.899+0000] {subprocess.py:106} INFO - 25/12/11 10:12:10 INFO MapOutputTrackerMasterEndpoint: Asked to send map output locations for shuffle 1 to 172.30.0.11:52602
[2025-12-11T10:12:10.969+0000] {subprocess.py:106} INFO - 25/12/11 10:12:10 INFO TaskSetManager: Finished task 0.0 in stage 5.0 (TID 3) in 167 ms on 172.30.0.11 (executor 0) (1/1)
[2025-12-11T10:12:10.971+0000] {subprocess.py:106} INFO - 25/12/11 10:12:10 INFO TaskSchedulerImpl: Removed TaskSet 5.0, whose tasks have all completed, from pool
[2025-12-11T10:12:10.973+0000] {subprocess.py:106} INFO - 25/12/11 10:12:10 INFO DAGScheduler: ResultStage 5 (count at <unknown>:0) finished in 0.209 s
[2025-12-11T10:12:10.974+0000] {subprocess.py:106} INFO - 25/12/11 10:12:10 INFO DAGScheduler: Job 3 is finished. Cancelling potential speculative or zombie tasks for this job
[2025-12-11T10:12:10.975+0000] {subprocess.py:106} INFO - 25/12/11 10:12:10 INFO TaskSchedulerImpl: Killing all running tasks in stage 5: Stage finished
[2025-12-11T10:12:10.976+0000] {subprocess.py:106} INFO - 25/12/11 10:12:10 INFO DAGScheduler: Job 3 finished: count at <unknown>:0, took 0.218724 s
[2025-12-11T10:12:10.978+0000] {subprocess.py:106} INFO - >>> Processing 106 records...
[2025-12-11T10:12:11.018+0000] {subprocess.py:106} INFO - 25/12/11 10:12:11 INFO V2ScanRelationPushDown:
[2025-12-11T10:12:11.019+0000] {subprocess.py:106} INFO - Pushing operators to hive_catalog.bronze.it_jobs_raw
[2025-12-11T10:12:11.020+0000] {subprocess.py:106} INFO - Pushed Filters: ingest_time IS NOT NULL, ingest_time > 1765281257936235
[2025-12-11T10:12:11.021+0000] {subprocess.py:106} INFO - Post-Scan Filters: isnotnull(ingest_time#36),(ingest_time#36 > 2025-12-09 11:54:17.936235)
[2025-12-11T10:12:11.022+0000] {subprocess.py:106} INFO - 
[2025-12-11T10:12:11.023+0000] {subprocess.py:106} INFO - 25/12/11 10:12:11 INFO V2ScanRelationPushDown:
[2025-12-11T10:12:11.024+0000] {subprocess.py:106} INFO - Output: ingest_time#36
[2025-12-11T10:12:11.025+0000] {subprocess.py:106} INFO - 
[2025-12-11T10:12:11.026+0000] {subprocess.py:106} INFO - 25/12/11 10:12:11 INFO SnapshotScan: Scanning table hive_catalog.bronze.it_jobs_raw snapshot 3773334357071628299 created at 2025-12-11T10:11:45.421+00:00 with filter (ingest_time IS NOT NULL AND ingest_time > (16-digit-int))
[2025-12-11T10:12:11.028+0000] {subprocess.py:106} INFO - 25/12/11 10:12:11 INFO BaseDistributedDataScan: Planning file tasks locally for table hive_catalog.bronze.it_jobs_raw
[2025-12-11T10:12:11.083+0000] {subprocess.py:106} INFO - 25/12/11 10:12:11 INFO SparkPartitioningAwareScan: Reporting UnknownPartitioning with 1 partition(s) for table hive_catalog.bronze.it_jobs_raw
[2025-12-11T10:12:11.101+0000] {subprocess.py:106} INFO - 25/12/11 10:12:11 INFO MemoryStore: Block broadcast_6 stored as values in memory (estimated size 32.0 KiB, free 434.2 MiB)
[2025-12-11T10:12:11.131+0000] {subprocess.py:106} INFO - 25/12/11 10:12:11 INFO MemoryStore: Block broadcast_6_piece0 stored as bytes in memory (estimated size 29.8 KiB, free 434.2 MiB)
[2025-12-11T10:12:11.133+0000] {subprocess.py:106} INFO - 25/12/11 10:12:11 INFO BlockManagerInfo: Added broadcast_6_piece0 in memory on 65f44b4fd513:43297 (size: 29.8 KiB, free: 434.3 MiB)
[2025-12-11T10:12:11.134+0000] {subprocess.py:106} INFO - 25/12/11 10:12:11 INFO BlockManagerInfo: Removed broadcast_5_piece0 on 65f44b4fd513:43297 in memory (size: 5.9 KiB, free: 434.3 MiB)
[2025-12-11T10:12:11.135+0000] {subprocess.py:106} INFO - 25/12/11 10:12:11 INFO SparkContext: Created broadcast 6 from broadcast at SparkBatch.java:79
[2025-12-11T10:12:11.137+0000] {subprocess.py:106} INFO - 25/12/11 10:12:11 INFO BlockManagerInfo: Removed broadcast_5_piece0 on 172.30.0.11:41531 in memory (size: 5.9 KiB, free: 434.4 MiB)
[2025-12-11T10:12:11.183+0000] {subprocess.py:106} INFO - 25/12/11 10:12:11 INFO MemoryStore: Block broadcast_7 stored as values in memory (estimated size 32.0 KiB, free 434.2 MiB)
[2025-12-11T10:12:11.184+0000] {subprocess.py:106} INFO - 25/12/11 10:12:11 INFO MemoryStore: Block broadcast_7_piece0 stored as bytes in memory (estimated size 29.8 KiB, free 434.2 MiB)
[2025-12-11T10:12:11.201+0000] {subprocess.py:106} INFO - 25/12/11 10:12:11 INFO BlockManagerInfo: Added broadcast_7_piece0 in memory on 65f44b4fd513:43297 (size: 29.8 KiB, free: 434.3 MiB)
[2025-12-11T10:12:11.203+0000] {subprocess.py:106} INFO - 25/12/11 10:12:11 INFO SparkContext: Created broadcast 7 from broadcast at SparkBatch.java:79
[2025-12-11T10:12:11.284+0000] {subprocess.py:106} INFO - 25/12/11 10:12:11 INFO DAGScheduler: Registering RDD 16 (count at <unknown>:0) as input to shuffle 2
[2025-12-11T10:12:11.285+0000] {subprocess.py:106} INFO - 25/12/11 10:12:11 INFO DAGScheduler: Got map stage job 4 (count at <unknown>:0) with 1 output partitions
[2025-12-11T10:12:11.286+0000] {subprocess.py:106} INFO - 25/12/11 10:12:11 INFO DAGScheduler: Final stage: ShuffleMapStage 6 (count at <unknown>:0)
[2025-12-11T10:12:11.287+0000] {subprocess.py:106} INFO - 25/12/11 10:12:11 INFO DAGScheduler: Parents of final stage: List()
[2025-12-11T10:12:11.288+0000] {subprocess.py:106} INFO - 25/12/11 10:12:11 INFO DAGScheduler: Missing parents: List()
[2025-12-11T10:12:11.292+0000] {subprocess.py:106} INFO - 25/12/11 10:12:11 INFO DAGScheduler: Submitting ShuffleMapStage 6 (MapPartitionsRDD[16] at count at <unknown>:0), which has no missing parents
[2025-12-11T10:12:11.296+0000] {subprocess.py:106} INFO - 25/12/11 10:12:11 INFO MemoryStore: Block broadcast_8 stored as values in memory (estimated size 17.8 KiB, free 434.1 MiB)
[2025-12-11T10:12:11.317+0000] {subprocess.py:106} INFO - 25/12/11 10:12:11 INFO MemoryStore: Block broadcast_8_piece0 stored as bytes in memory (estimated size 7.6 KiB, free 434.1 MiB)
[2025-12-11T10:12:11.322+0000] {subprocess.py:106} INFO - 25/12/11 10:12:11 INFO BlockManagerInfo: Added broadcast_8_piece0 in memory on 65f44b4fd513:43297 (size: 7.6 KiB, free: 434.3 MiB)
[2025-12-11T10:12:11.326+0000] {subprocess.py:106} INFO - 25/12/11 10:12:11 INFO SparkContext: Created broadcast 8 from broadcast at DAGScheduler.scala:1585
[2025-12-11T10:12:11.328+0000] {subprocess.py:106} INFO - 25/12/11 10:12:11 INFO DAGScheduler: Submitting 1 missing tasks from ShuffleMapStage 6 (MapPartitionsRDD[16] at count at <unknown>:0) (first 15 tasks are for partitions Vector(0))
[2025-12-11T10:12:11.329+0000] {subprocess.py:106} INFO - 25/12/11 10:12:11 INFO TaskSchedulerImpl: Adding task set 6.0 with 1 tasks resource profile 0
[2025-12-11T10:12:11.332+0000] {subprocess.py:106} INFO - 25/12/11 10:12:11 INFO BlockManagerInfo: Removed broadcast_3_piece0 on 65f44b4fd513:43297 in memory (size: 29.8 KiB, free: 434.3 MiB)
[2025-12-11T10:12:11.336+0000] {subprocess.py:106} INFO - 25/12/11 10:12:11 INFO TaskSetManager: Starting task 0.0 in stage 6.0 (TID 4) (172.30.0.11, executor 0, partition 0, ANY, 14732 bytes)
[2025-12-11T10:12:11.350+0000] {subprocess.py:106} INFO - 25/12/11 10:12:11 INFO BlockManagerInfo: Removed broadcast_3_piece0 on 172.30.0.11:41531 in memory (size: 29.8 KiB, free: 434.4 MiB)
[2025-12-11T10:12:11.381+0000] {subprocess.py:106} INFO - 25/12/11 10:12:11 INFO BlockManagerInfo: Added broadcast_8_piece0 in memory on 172.30.0.11:41531 (size: 7.6 KiB, free: 434.4 MiB)
[2025-12-11T10:12:11.414+0000] {subprocess.py:106} INFO - 25/12/11 10:12:11 INFO BlockManagerInfo: Removed broadcast_2_piece0 on 65f44b4fd513:43297 in memory (size: 29.8 KiB, free: 434.3 MiB)
[2025-12-11T10:12:11.447+0000] {subprocess.py:106} INFO - 25/12/11 10:12:11 INFO BlockManagerInfo: Added broadcast_7_piece0 in memory on 172.30.0.11:41531 (size: 29.8 KiB, free: 434.4 MiB)
[2025-12-11T10:12:11.587+0000] {subprocess.py:106} INFO - 25/12/11 10:12:11 INFO TaskSetManager: Finished task 0.0 in stage 6.0 (TID 4) in 256 ms on 172.30.0.11 (executor 0) (1/1)
[2025-12-11T10:12:11.588+0000] {subprocess.py:106} INFO - 25/12/11 10:12:11 INFO TaskSchedulerImpl: Removed TaskSet 6.0, whose tasks have all completed, from pool
[2025-12-11T10:12:11.589+0000] {subprocess.py:106} INFO - 25/12/11 10:12:11 INFO DAGScheduler: ShuffleMapStage 6 (count at <unknown>:0) finished in 0.297 s
[2025-12-11T10:12:11.590+0000] {subprocess.py:106} INFO - 25/12/11 10:12:11 INFO DAGScheduler: looking for newly runnable stages
[2025-12-11T10:12:11.591+0000] {subprocess.py:106} INFO - 25/12/11 10:12:11 INFO DAGScheduler: running: Set()
[2025-12-11T10:12:11.597+0000] {subprocess.py:106} INFO - 25/12/11 10:12:11 INFO DAGScheduler: waiting: Set()
[2025-12-11T10:12:11.598+0000] {subprocess.py:106} INFO - 25/12/11 10:12:11 INFO DAGScheduler: failed: Set()
[2025-12-11T10:11:56.343+0000] {subprocess.py:106} INFO - 25/12/11 10:11:56 INFO SparkContext: Starting job: count at <unknown>:0
[2025-12-11T10:11:56.346+0000] {subprocess.py:106} INFO - 25/12/11 10:11:56 INFO DAGScheduler: Got job 5 (count at <unknown>:0) with 1 output partitions
[2025-12-11T10:11:56.349+0000] {subprocess.py:106} INFO - 25/12/11 10:11:56 INFO DAGScheduler: Final stage: ResultStage 8 (count at <unknown>:0)
[2025-12-11T10:11:56.350+0000] {subprocess.py:106} INFO - 25/12/11 10:11:56 INFO DAGScheduler: Parents of final stage: List(ShuffleMapStage 7)
[2025-12-11T10:11:56.351+0000] {subprocess.py:106} INFO - 25/12/11 10:11:56 INFO DAGScheduler: Missing parents: List()
[2025-12-11T10:11:56.352+0000] {subprocess.py:106} INFO - 25/12/11 10:11:56 INFO DAGScheduler: Submitting ResultStage 8 (MapPartitionsRDD[19] at count at <unknown>:0), which has no missing parents
[2025-12-11T10:11:56.355+0000] {subprocess.py:106} INFO - 25/12/11 10:11:56 INFO MemoryStore: Block broadcast_9 stored as values in memory (estimated size 12.5 KiB, free 434.2 MiB)
[2025-12-11T10:11:56.368+0000] {subprocess.py:106} INFO - 25/12/11 10:11:56 INFO MemoryStore: Block broadcast_9_piece0 stored as bytes in memory (estimated size 5.9 KiB, free 434.2 MiB)
[2025-12-11T10:11:56.372+0000] {subprocess.py:106} INFO - 25/12/11 10:11:56 INFO BlockManagerInfo: Added broadcast_9_piece0 in memory on 65f44b4fd513:43297 (size: 5.9 KiB, free: 434.3 MiB)
[2025-12-11T10:11:56.373+0000] {subprocess.py:106} INFO - 25/12/11 10:11:56 INFO SparkContext: Created broadcast 9 from broadcast at DAGScheduler.scala:1585
[2025-12-11T10:11:56.379+0000] {subprocess.py:106} INFO - 25/12/11 10:11:56 INFO DAGScheduler: Submitting 1 missing tasks from ResultStage 8 (MapPartitionsRDD[19] at count at <unknown>:0) (first 15 tasks are for partitions Vector(0))
[2025-12-11T10:11:56.382+0000] {subprocess.py:106} INFO - 25/12/11 10:11:56 INFO TaskSchedulerImpl: Adding task set 8.0 with 1 tasks resource profile 0
[2025-12-11T10:11:56.401+0000] {subprocess.py:106} INFO - 25/12/11 10:11:56 INFO BlockManagerInfo: Removed broadcast_8_piece0 on 65f44b4fd513:43297 in memory (size: 7.6 KiB, free: 434.3 MiB)
[2025-12-11T10:11:56.402+0000] {subprocess.py:106} INFO - 25/12/11 10:11:56 INFO TaskSetManager: Starting task 0.0 in stage 8.0 (TID 5) (172.30.0.11, executor 0, partition 0, NODE_LOCAL, 9331 bytes)
[2025-12-11T10:11:56.403+0000] {subprocess.py:106} INFO - 25/12/11 10:11:56 INFO BlockManagerInfo: Removed broadcast_8_piece0 on 172.30.0.11:41531 in memory (size: 7.6 KiB, free: 434.4 MiB)
[2025-12-11T10:11:56.421+0000] {subprocess.py:106} INFO - 25/12/11 10:11:56 INFO BlockManagerInfo: Added broadcast_9_piece0 in memory on 172.30.0.11:41531 (size: 5.9 KiB, free: 434.4 MiB)
[2025-12-11T10:11:56.448+0000] {subprocess.py:106} INFO - 25/12/11 10:11:56 INFO MapOutputTrackerMasterEndpoint: Asked to send map output locations for shuffle 2 to 172.30.0.11:52602
[2025-12-11T10:11:56.479+0000] {subprocess.py:106} INFO - 25/12/11 10:11:56 INFO TaskSetManager: Finished task 0.0 in stage 8.0 (TID 5) in 100 ms on 172.30.0.11 (executor 0) (1/1)
[2025-12-11T10:11:56.480+0000] {subprocess.py:106} INFO - 25/12/11 10:11:56 INFO TaskSchedulerImpl: Removed TaskSet 8.0, whose tasks have all completed, from pool
[2025-12-11T10:11:56.482+0000] {subprocess.py:106} INFO - 25/12/11 10:11:56 INFO DAGScheduler: ResultStage 8 (count at <unknown>:0) finished in 0.130 s
[2025-12-11T10:11:56.484+0000] {subprocess.py:106} INFO - 25/12/11 10:11:56 INFO DAGScheduler: Job 5 is finished. Cancelling potential speculative or zombie tasks for this job
[2025-12-11T10:11:56.484+0000] {subprocess.py:106} INFO - 25/12/11 10:11:56 INFO TaskSchedulerImpl: Killing all running tasks in stage 8: Stage finished
[2025-12-11T10:11:56.486+0000] {subprocess.py:106} INFO - 25/12/11 10:11:56 INFO DAGScheduler: Job 5 finished: count at <unknown>:0, took 0.139720 s
[2025-12-11T10:12:14.941+0000] {subprocess.py:106} INFO - 25/12/11 10:12:14 INFO BlockManagerInfo: Removed broadcast_7_piece0 on 65f44b4fd513:43297 in memory (size: 29.8 KiB, free: 434.4 MiB)
[2025-12-11T10:12:14.947+0000] {subprocess.py:106} INFO - 25/12/11 10:12:14 INFO BlockManagerInfo: Removed broadcast_7_piece0 on 172.30.0.11:41531 in memory (size: 29.8 KiB, free: 434.4 MiB)
[2025-12-11T10:12:14.961+0000] {subprocess.py:106} INFO - 25/12/11 10:12:14 INFO BlockManagerInfo: Removed broadcast_6_piece0 on 65f44b4fd513:43297 in memory (size: 29.8 KiB, free: 434.4 MiB)
[2025-12-11T10:12:14.974+0000] {subprocess.py:106} INFO - 25/12/11 10:12:14 INFO BlockManagerInfo: Removed broadcast_9_piece0 on 65f44b4fd513:43297 in memory (size: 5.9 KiB, free: 434.4 MiB)
[2025-12-11T10:12:14.975+0000] {subprocess.py:106} INFO - 25/12/11 10:12:14 INFO BlockManagerInfo: Removed broadcast_9_piece0 on 172.30.0.11:41531 in memory (size: 5.9 KiB, free: 434.4 MiB)
[2025-12-11T10:12:15.532+0000] {subprocess.py:106} INFO - 25/12/11 10:12:15 INFO V2ScanRelationPushDown:
[2025-12-11T10:12:15.533+0000] {subprocess.py:106} INFO - Pushing operators to hive_catalog.bronze.it_jobs_raw
[2025-12-11T10:12:15.534+0000] {subprocess.py:106} INFO - Pushed Filters: ingest_time IS NOT NULL, ingest_time > 1765281257936235, job_link IS NOT NULL, NOT (job_link = '')
[2025-12-11T10:12:15.535+0000] {subprocess.py:106} INFO - Post-Scan Filters: isnotnull(ingest_time#36),(ingest_time#36 > 2025-12-09 11:54:17.936235),isnotnull(trim(job_title#26, None)),NOT (trim(job_title#26, None) = ),isnotnull(upper(trim(company_name#27, None))),NOT (upper(trim(company_name#27, None)) = ),isnotnull(job_link#31),NOT (job_link#31 = )
[2025-12-11T10:12:15.536+0000] {subprocess.py:106} INFO - 
[2025-12-11T10:12:15.541+0000] {subprocess.py:106} INFO - 25/12/11 10:12:15 INFO V2ScanRelationPushDown:
[2025-12-11T10:12:15.542+0000] {subprocess.py:106} INFO - Output: job_title#26, company_name#27, job_link#31, ingest_time#36
[2025-12-11T10:12:15.543+0000] {subprocess.py:106} INFO - 
[2025-12-11T10:12:15.559+0000] {subprocess.py:106} INFO - 25/12/11 10:12:15 INFO SnapshotScan: Scanning table hive_catalog.bronze.it_jobs_raw snapshot 3773334357071628299 created at 2025-12-11T10:11:45.421+00:00 with filter (((ingest_time IS NOT NULL AND ingest_time > (16-digit-int)) AND job_link IS NOT NULL) AND NOT (job_link = (hash-00000000)))
[2025-12-11T10:12:15.560+0000] {subprocess.py:106} INFO - 25/12/11 10:12:15 INFO BaseDistributedDataScan: Planning file tasks locally for table hive_catalog.bronze.it_jobs_raw
[2025-12-11T10:12:15.605+0000] {subprocess.py:106} INFO - 25/12/11 10:12:15 INFO SparkPartitioningAwareScan: Reporting UnknownPartitioning with 1 partition(s) for table hive_catalog.bronze.it_jobs_raw
[2025-12-11T10:12:15.622+0000] {subprocess.py:106} INFO - 25/12/11 10:12:15 INFO MemoryStore: Block broadcast_10 stored as values in memory (estimated size 32.0 KiB, free 434.4 MiB)
[2025-12-11T10:12:15.627+0000] {subprocess.py:106} INFO - 25/12/11 10:12:15 INFO MemoryStore: Block broadcast_10_piece0 stored as bytes in memory (estimated size 29.8 KiB, free 434.3 MiB)
[2025-12-11T10:12:15.629+0000] {subprocess.py:106} INFO - 25/12/11 10:12:15 INFO BlockManagerInfo: Added broadcast_10_piece0 in memory on 65f44b4fd513:43297 (size: 29.8 KiB, free: 434.4 MiB)
[2025-12-11T10:12:15.630+0000] {subprocess.py:106} INFO - 25/12/11 10:12:15 INFO SparkContext: Created broadcast 10 from broadcast at SparkBatch.java:79
[2025-12-11T10:12:15.648+0000] {subprocess.py:106} INFO - 25/12/11 10:12:15 INFO MemoryStore: Block broadcast_11 stored as values in memory (estimated size 32.0 KiB, free 434.3 MiB)
[2025-12-11T10:12:15.663+0000] {subprocess.py:106} INFO - 25/12/11 10:12:15 INFO MemoryStore: Block broadcast_11_piece0 stored as bytes in memory (estimated size 29.8 KiB, free 434.3 MiB)
[2025-12-11T10:12:15.666+0000] {subprocess.py:106} INFO - 25/12/11 10:12:15 INFO BlockManagerInfo: Added broadcast_11_piece0 in memory on 65f44b4fd513:43297 (size: 29.8 KiB, free: 434.3 MiB)
[2025-12-11T10:12:15.668+0000] {subprocess.py:106} INFO - 25/12/11 10:12:15 INFO SparkContext: Created broadcast 11 from broadcast at SparkBatch.java:79
[2025-12-11T10:12:15.888+0000] {subprocess.py:106} INFO - 25/12/11 10:12:15 INFO CodeGenerator: Code generated in 95.945876 ms
[2025-12-11T10:12:15.950+0000] {subprocess.py:106} INFO - 25/12/11 10:12:15 INFO DAGScheduler: Registering RDD 23 (count at <unknown>:0) as input to shuffle 3
[2025-12-11T10:12:15.952+0000] {subprocess.py:106} INFO - 25/12/11 10:12:15 INFO DAGScheduler: Got map stage job 6 (count at <unknown>:0) with 1 output partitions
[2025-12-11T10:12:15.953+0000] {subprocess.py:106} INFO - 25/12/11 10:12:15 INFO DAGScheduler: Final stage: ShuffleMapStage 9 (count at <unknown>:0)
[2025-12-11T10:12:15.954+0000] {subprocess.py:106} INFO - 25/12/11 10:12:15 INFO DAGScheduler: Parents of final stage: List()
[2025-12-11T10:12:15.955+0000] {subprocess.py:106} INFO - 25/12/11 10:12:15 INFO DAGScheduler: Missing parents: List()
[2025-12-11T10:12:15.956+0000] {subprocess.py:106} INFO - 25/12/11 10:12:15 INFO DAGScheduler: Submitting ShuffleMapStage 9 (MapPartitionsRDD[23] at count at <unknown>:0), which has no missing parents
[2025-12-11T10:12:15.963+0000] {subprocess.py:106} INFO - 25/12/11 10:12:15 INFO MemoryStore: Block broadcast_12 stored as values in memory (estimated size 43.3 KiB, free 434.2 MiB)
[2025-12-11T10:12:15.986+0000] {subprocess.py:106} INFO - 25/12/11 10:12:15 INFO MemoryStore: Block broadcast_12_piece0 stored as bytes in memory (estimated size 18.3 KiB, free 434.2 MiB)
[2025-12-11T10:12:15.987+0000] {subprocess.py:106} INFO - 25/12/11 10:12:15 INFO BlockManagerInfo: Added broadcast_12_piece0 in memory on 65f44b4fd513:43297 (size: 18.3 KiB, free: 434.3 MiB)
[2025-12-11T10:12:15.989+0000] {subprocess.py:106} INFO - 25/12/11 10:12:15 INFO SparkContext: Created broadcast 12 from broadcast at DAGScheduler.scala:1585
[2025-12-11T10:12:15.992+0000] {subprocess.py:106} INFO - 25/12/11 10:12:15 INFO DAGScheduler: Submitting 1 missing tasks from ShuffleMapStage 9 (MapPartitionsRDD[23] at count at <unknown>:0) (first 15 tasks are for partitions Vector(0))
[2025-12-11T10:12:15.993+0000] {subprocess.py:106} INFO - 25/12/11 10:12:15 INFO TaskSchedulerImpl: Adding task set 9.0 with 1 tasks resource profile 0
[2025-12-11T10:12:15.999+0000] {subprocess.py:106} INFO - 25/12/11 10:12:15 INFO TaskSetManager: Starting task 0.0 in stage 9.0 (TID 6) (172.30.0.11, executor 0, partition 0, ANY, 15150 bytes)
[2025-12-11T10:12:16.031+0000] {subprocess.py:106} INFO - 25/12/11 10:12:16 INFO BlockManagerInfo: Added broadcast_12_piece0 in memory on 172.30.0.11:41531 (size: 18.3 KiB, free: 434.4 MiB)
[2025-12-11T10:12:16.655+0000] {subprocess.py:106} INFO - 25/12/11 10:12:16 INFO BlockManagerInfo: Added broadcast_11_piece0 in memory on 172.30.0.11:41531 (size: 29.8 KiB, free: 434.4 MiB)
[2025-12-11T10:12:16.904+0000] {subprocess.py:106} INFO - 25/12/11 10:12:16 INFO TaskSetManager: Finished task 0.0 in stage 9.0 (TID 6) in 907 ms on 172.30.0.11 (executor 0) (1/1)
[2025-12-11T10:12:16.905+0000] {subprocess.py:106} INFO - 25/12/11 10:12:16 INFO TaskSchedulerImpl: Removed TaskSet 9.0, whose tasks have all completed, from pool
[2025-12-11T10:12:16.909+0000] {subprocess.py:106} INFO - 25/12/11 10:12:16 INFO DAGScheduler: ShuffleMapStage 9 (count at <unknown>:0) finished in 0.946 s
[2025-12-11T10:12:16.910+0000] {subprocess.py:106} INFO - 25/12/11 10:12:16 INFO DAGScheduler: looking for newly runnable stages
[2025-12-11T10:12:16.922+0000] {subprocess.py:106} INFO - 25/12/11 10:12:16 INFO DAGScheduler: running: Set()
[2025-12-11T10:12:16.923+0000] {subprocess.py:106} INFO - 25/12/11 10:12:16 INFO DAGScheduler: waiting: Set()
[2025-12-11T10:12:16.924+0000] {subprocess.py:106} INFO - 25/12/11 10:12:16 INFO DAGScheduler: failed: Set()
[2025-12-11T10:12:16.937+0000] {subprocess.py:106} INFO - 25/12/11 10:12:16 INFO ShufflePartitionsUtil: For shuffle(3), advisory target size: 67108864, actual target size 1048576, minimum partition size: 1048576
[2025-12-11T10:12:17.016+0000] {subprocess.py:106} INFO - 25/12/11 10:12:17 INFO CodeGenerator: Code generated in 40.870784 ms
[2025-12-11T10:12:17.054+0000] {subprocess.py:106} INFO - 25/12/11 10:12:17 INFO DAGScheduler: Registering RDD 26 (count at <unknown>:0) as input to shuffle 4
[2025-12-11T10:12:17.055+0000] {subprocess.py:106} INFO - 25/12/11 10:12:17 INFO DAGScheduler: Got map stage job 7 (count at <unknown>:0) with 1 output partitions
[2025-12-11T10:12:17.056+0000] {subprocess.py:106} INFO - 25/12/11 10:12:17 INFO DAGScheduler: Final stage: ShuffleMapStage 11 (count at <unknown>:0)
[2025-12-11T10:12:17.062+0000] {subprocess.py:106} INFO - 25/12/11 10:12:17 INFO DAGScheduler: Parents of final stage: List(ShuffleMapStage 10)
[2025-12-11T10:12:17.063+0000] {subprocess.py:106} INFO - 25/12/11 10:12:17 INFO DAGScheduler: Missing parents: List()
[2025-12-11T10:12:17.064+0000] {subprocess.py:106} INFO - 25/12/11 10:12:17 INFO DAGScheduler: Submitting ShuffleMapStage 11 (MapPartitionsRDD[26] at count at <unknown>:0), which has no missing parents
[2025-12-11T10:12:17.068+0000] {subprocess.py:106} INFO - 25/12/11 10:12:17 INFO MemoryStore: Block broadcast_13 stored as values in memory (estimated size 48.7 KiB, free 434.2 MiB)
[2025-12-11T10:12:17.083+0000] {subprocess.py:106} INFO - 25/12/11 10:12:17 INFO MemoryStore: Block broadcast_13_piece0 stored as bytes in memory (estimated size 21.3 KiB, free 434.2 MiB)
[2025-12-11T10:12:17.090+0000] {subprocess.py:106} INFO - 25/12/11 10:12:17 INFO BlockManagerInfo: Added broadcast_13_piece0 in memory on 65f44b4fd513:43297 (size: 21.3 KiB, free: 434.3 MiB)
[2025-12-11T10:12:17.093+0000] {subprocess.py:106} INFO - 25/12/11 10:12:17 INFO SparkContext: Created broadcast 13 from broadcast at DAGScheduler.scala:1585
[2025-12-11T10:12:17.094+0000] {subprocess.py:106} INFO - 25/12/11 10:12:17 INFO BlockManagerInfo: Removed broadcast_12_piece0 on 65f44b4fd513:43297 in memory (size: 18.3 KiB, free: 434.3 MiB)
[2025-12-11T10:12:17.096+0000] {subprocess.py:106} INFO - 25/12/11 10:12:17 INFO DAGScheduler: Submitting 1 missing tasks from ShuffleMapStage 11 (MapPartitionsRDD[26] at count at <unknown>:0) (first 15 tasks are for partitions Vector(0))
[2025-12-11T10:12:17.097+0000] {subprocess.py:106} INFO - 25/12/11 10:12:17 INFO TaskSchedulerImpl: Adding task set 11.0 with 1 tasks resource profile 0
[2025-12-11T10:12:17.098+0000] {subprocess.py:106} INFO - 25/12/11 10:12:17 INFO TaskSetManager: Starting task 0.0 in stage 11.0 (TID 7) (172.30.0.11, executor 0, partition 0, NODE_LOCAL, 9320 bytes)
[2025-12-11T10:12:17.098+0000] {subprocess.py:106} INFO - 25/12/11 10:12:17 INFO BlockManagerInfo: Removed broadcast_12_piece0 on 172.30.0.11:41531 in memory (size: 18.3 KiB, free: 434.4 MiB)
[2025-12-11T10:12:17.118+0000] {subprocess.py:106} INFO - 25/12/11 10:12:17 INFO BlockManagerInfo: Added broadcast_13_piece0 in memory on 172.30.0.11:41531 (size: 21.3 KiB, free: 434.4 MiB)
[2025-12-11T10:12:17.199+0000] {subprocess.py:106} INFO - 25/12/11 10:12:17 INFO MapOutputTrackerMasterEndpoint: Asked to send map output locations for shuffle 3 to 172.30.0.11:52602
[2025-12-11T10:12:17.316+0000] {subprocess.py:106} INFO - 25/12/11 10:12:17 INFO TaskSetManager: Finished task 0.0 in stage 11.0 (TID 7) in 224 ms on 172.30.0.11 (executor 0) (1/1)
[2025-12-11T10:12:17.318+0000] {subprocess.py:106} INFO - 25/12/11 10:12:17 INFO TaskSchedulerImpl: Removed TaskSet 11.0, whose tasks have all completed, from pool
[2025-12-11T10:12:17.320+0000] {subprocess.py:106} INFO - 25/12/11 10:12:17 INFO DAGScheduler: ShuffleMapStage 11 (count at <unknown>:0) finished in 0.254 s
[2025-12-11T10:12:17.321+0000] {subprocess.py:106} INFO - 25/12/11 10:12:17 INFO DAGScheduler: looking for newly runnable stages
[2025-12-11T10:12:17.322+0000] {subprocess.py:106} INFO - 25/12/11 10:12:17 INFO DAGScheduler: running: Set()
[2025-12-11T10:12:17.323+0000] {subprocess.py:106} INFO - 25/12/11 10:12:17 INFO DAGScheduler: waiting: Set()
[2025-12-11T10:12:17.324+0000] {subprocess.py:106} INFO - 25/12/11 10:12:17 INFO DAGScheduler: failed: Set()
[2025-12-11T10:12:17.358+0000] {subprocess.py:106} INFO - 25/12/11 10:12:17 INFO CodeGenerator: Code generated in 15.051942 ms
[2025-12-11T10:12:17.387+0000] {subprocess.py:106} INFO - 25/12/11 10:12:17 INFO SparkContext: Starting job: count at <unknown>:0
[2025-12-11T10:12:17.390+0000] {subprocess.py:106} INFO - 25/12/11 10:12:17 INFO DAGScheduler: Got job 8 (count at <unknown>:0) with 1 output partitions
[2025-12-11T10:12:17.391+0000] {subprocess.py:106} INFO - 25/12/11 10:12:17 INFO DAGScheduler: Final stage: ResultStage 14 (count at <unknown>:0)
[2025-12-11T10:12:17.393+0000] {subprocess.py:106} INFO - 25/12/11 10:12:17 INFO DAGScheduler: Parents of final stage: List(ShuffleMapStage 13)
[2025-12-11T10:12:17.395+0000] {subprocess.py:106} INFO - 25/12/11 10:12:17 INFO DAGScheduler: Missing parents: List()
[2025-12-11T10:12:17.396+0000] {subprocess.py:106} INFO - 25/12/11 10:12:17 INFO DAGScheduler: Submitting ResultStage 14 (MapPartitionsRDD[29] at count at <unknown>:0), which has no missing parents
[2025-12-11T10:12:17.398+0000] {subprocess.py:106} INFO - 25/12/11 10:12:17 INFO MemoryStore: Block broadcast_14 stored as values in memory (estimated size 12.5 KiB, free 434.2 MiB)
[2025-12-11T10:12:17.410+0000] {subprocess.py:106} INFO - 25/12/11 10:12:17 INFO MemoryStore: Block broadcast_14_piece0 stored as bytes in memory (estimated size 5.9 KiB, free 434.2 MiB)
[2025-12-11T10:12:17.418+0000] {subprocess.py:106} INFO - 25/12/11 10:12:17 INFO BlockManagerInfo: Added broadcast_14_piece0 in memory on 65f44b4fd513:43297 (size: 5.9 KiB, free: 434.3 MiB)
[2025-12-11T10:12:17.420+0000] {subprocess.py:106} INFO - 25/12/11 10:12:17 INFO BlockManagerInfo: Removed broadcast_13_piece0 on 65f44b4fd513:43297 in memory (size: 21.3 KiB, free: 434.3 MiB)
[2025-12-11T10:12:17.421+0000] {subprocess.py:106} INFO - 25/12/11 10:12:17 INFO SparkContext: Created broadcast 14 from broadcast at DAGScheduler.scala:1585
[2025-12-11T10:12:17.423+0000] {subprocess.py:106} INFO - 25/12/11 10:12:17 INFO DAGScheduler: Submitting 1 missing tasks from ResultStage 14 (MapPartitionsRDD[29] at count at <unknown>:0) (first 15 tasks are for partitions Vector(0))
[2025-12-11T10:12:17.423+0000] {subprocess.py:106} INFO - 25/12/11 10:12:17 INFO TaskSchedulerImpl: Adding task set 14.0 with 1 tasks resource profile 0
[2025-12-11T10:12:17.425+0000] {subprocess.py:106} INFO - 25/12/11 10:12:17 INFO BlockManagerInfo: Removed broadcast_13_piece0 on 172.30.0.11:41531 in memory (size: 21.3 KiB, free: 434.4 MiB)
[2025-12-11T10:12:17.426+0000] {subprocess.py:106} INFO - 25/12/11 10:12:17 INFO TaskSetManager: Starting task 0.0 in stage 14.0 (TID 8) (172.30.0.11, executor 0, partition 0, NODE_LOCAL, 9331 bytes)
[2025-12-11T10:12:17.445+0000] {subprocess.py:106} INFO - 25/12/11 10:12:17 INFO BlockManagerInfo: Added broadcast_14_piece0 in memory on 172.30.0.11:41531 (size: 5.9 KiB, free: 434.4 MiB)
[2025-12-11T10:12:17.457+0000] {subprocess.py:106} INFO - 25/12/11 10:12:17 INFO MapOutputTrackerMasterEndpoint: Asked to send map output locations for shuffle 4 to 172.30.0.11:52602
[2025-12-11T10:12:17.518+0000] {subprocess.py:106} INFO - 25/12/11 10:12:17 INFO TaskSetManager: Finished task 0.0 in stage 14.0 (TID 8) in 97 ms on 172.30.0.11 (executor 0) (1/1)
[2025-12-11T10:12:17.519+0000] {subprocess.py:106} INFO - 25/12/11 10:12:17 INFO TaskSchedulerImpl: Removed TaskSet 14.0, whose tasks have all completed, from pool
[2025-12-11T10:12:17.521+0000] {subprocess.py:106} INFO - 25/12/11 10:12:17 INFO DAGScheduler: ResultStage 14 (count at <unknown>:0) finished in 0.126 s
[2025-12-11T10:12:17.523+0000] {subprocess.py:106} INFO - 25/12/11 10:12:17 INFO DAGScheduler: Job 8 is finished. Cancelling potential speculative or zombie tasks for this job
[2025-12-11T10:12:17.524+0000] {subprocess.py:106} INFO - 25/12/11 10:12:17 INFO TaskSchedulerImpl: Killing all running tasks in stage 14: Stage finished
[2025-12-11T10:12:17.526+0000] {subprocess.py:106} INFO - 25/12/11 10:12:17 INFO DAGScheduler: Job 8 finished: count at <unknown>:0, took 0.139335 s
[2025-12-11T10:12:17.530+0000] {subprocess.py:106} INFO - >>> Writing 106 records to Silver...
[2025-12-11T10:12:17.747+0000] {subprocess.py:106} INFO - 25/12/11 10:12:17 INFO V2ScanRelationPushDown:
[2025-12-11T10:12:17.748+0000] {subprocess.py:106} INFO - Pushing operators to hive_catalog.bronze.it_jobs_raw
[2025-12-11T10:12:17.749+0000] {subprocess.py:106} INFO - Pushed Filters: ingest_time IS NOT NULL, ingest_time > 1765281257936235, job_link IS NOT NULL, NOT (job_link = '')
[2025-12-11T10:12:17.750+0000] {subprocess.py:106} INFO - Post-Scan Filters: isnotnull(ingest_time#36),(ingest_time#36 > 2025-12-09 11:54:17.936235),isnotnull(trim(job_title#26, None)),NOT (trim(job_title#26, None) = ),isnotnull(upper(trim(company_name#27, None))),NOT (upper(trim(company_name#27, None)) = ),isnotnull(job_link#31),NOT (job_link#31 = )
[2025-12-11T10:12:17.750+0000] {subprocess.py:106} INFO - 
[2025-12-11T10:12:17.755+0000] {subprocess.py:106} INFO - 25/12/11 10:12:17 INFO V2ScanRelationPushDown:
[2025-12-11T10:12:17.757+0000] {subprocess.py:106} INFO - Output: job_title#26, company_name#27, location#28, skills_required#29, date_posted#30, job_link#31, job_category#32, work_mode#33, crawl_date#34, date_only#35, ingest_time#36, source#37
[2025-12-11T10:12:17.758+0000] {subprocess.py:106} INFO - 
[2025-12-11T10:12:17.759+0000] {subprocess.py:106} INFO - 25/12/11 10:12:17 INFO SnapshotScan: Scanning table hive_catalog.bronze.it_jobs_raw snapshot 3773334357071628299 created at 2025-12-11T10:11:45.421+00:00 with filter (((ingest_time IS NOT NULL AND ingest_time > (16-digit-int)) AND job_link IS NOT NULL) AND NOT (job_link = (hash-00000000)))
[2025-12-11T10:12:17.764+0000] {subprocess.py:106} INFO - 25/12/11 10:12:17 INFO BaseDistributedDataScan: Planning file tasks locally for table hive_catalog.bronze.it_jobs_raw
[2025-12-11T10:12:17.815+0000] {subprocess.py:106} INFO - 25/12/11 10:12:17 INFO SparkPartitioningAwareScan: Reporting UnknownPartitioning with 1 partition(s) for table hive_catalog.bronze.it_jobs_raw
[2025-12-11T10:12:17.869+0000] {subprocess.py:106} INFO - 25/12/11 10:12:17 INFO SparkWrite: Requesting 0 bytes advisory partition size for table hive_catalog.silver.it_jobs_clean
[2025-12-11T10:12:17.871+0000] {subprocess.py:106} INFO - 25/12/11 10:12:17 INFO SparkWrite: Requesting UnspecifiedDistribution as write distribution for table hive_catalog.silver.it_jobs_clean
[2025-12-11T10:12:17.876+0000] {subprocess.py:106} INFO - 25/12/11 10:12:17 INFO SparkWrite: Requesting [] as write ordering for table hive_catalog.silver.it_jobs_clean
[2025-12-11T10:12:17.956+0000] {subprocess.py:106} INFO - 25/12/11 10:12:17 INFO MemoryStore: Block broadcast_15 stored as values in memory (estimated size 32.0 KiB, free 434.2 MiB)
[2025-12-11T10:12:17.971+0000] {subprocess.py:106} INFO - 25/12/11 10:12:17 INFO MemoryStore: Block broadcast_15_piece0 stored as bytes in memory (estimated size 29.8 KiB, free 434.2 MiB)
[2025-12-11T10:12:17.978+0000] {subprocess.py:106} INFO - 25/12/11 10:12:17 INFO BlockManagerInfo: Removed broadcast_14_piece0 on 65f44b4fd513:43297 in memory (size: 5.9 KiB, free: 434.3 MiB)
[2025-12-11T10:12:17.979+0000] {subprocess.py:106} INFO - 25/12/11 10:12:17 INFO BlockManagerInfo: Added broadcast_15_piece0 in memory on 65f44b4fd513:43297 (size: 29.8 KiB, free: 434.3 MiB)
[2025-12-11T10:12:17.980+0000] {subprocess.py:106} INFO - 25/12/11 10:12:17 INFO SparkContext: Created broadcast 15 from broadcast at SparkBatch.java:79
[2025-12-11T10:12:17.981+0000] {subprocess.py:106} INFO - 25/12/11 10:12:17 INFO BlockManagerInfo: Removed broadcast_14_piece0 on 172.30.0.11:41531 in memory (size: 5.9 KiB, free: 434.4 MiB)
[2025-12-11T10:12:18.004+0000] {subprocess.py:106} INFO - 25/12/11 10:12:18 INFO MemoryStore: Block broadcast_16 stored as values in memory (estimated size 32.0 KiB, free 434.2 MiB)
[2025-12-11T10:12:18.009+0000] {subprocess.py:106} INFO - 25/12/11 10:12:18 INFO MemoryStore: Block broadcast_16_piece0 stored as bytes in memory (estimated size 29.8 KiB, free 434.2 MiB)
[2025-12-11T10:12:18.010+0000] {subprocess.py:106} INFO - 25/12/11 10:12:18 INFO BlockManagerInfo: Added broadcast_16_piece0 in memory on 65f44b4fd513:43297 (size: 29.8 KiB, free: 434.3 MiB)
[2025-12-11T10:12:18.011+0000] {subprocess.py:106} INFO - 25/12/11 10:12:18 INFO SparkContext: Created broadcast 16 from broadcast at SparkBatch.java:79
[2025-12-11T10:12:18.040+0000] {subprocess.py:106} INFO - 25/12/11 10:12:18 INFO BlockManagerInfo: Removed broadcast_10_piece0 on 65f44b4fd513:43297 in memory (size: 29.8 KiB, free: 434.3 MiB)
[2025-12-11T10:12:18.163+0000] {subprocess.py:106} INFO - 25/12/11 10:12:18 INFO CodeGenerator: Code generated in 18.391536 ms
[2025-12-11T10:12:18.261+0000] {subprocess.py:106} INFO - 25/12/11 10:12:18 INFO CodeGenerator: Code generated in 72.943964 ms
[2025-12-11T10:12:18.480+0000] {subprocess.py:106} INFO - 25/12/11 10:12:18 INFO DAGScheduler: Registering RDD 36 (append at <unknown>:0) as input to shuffle 5
[2025-12-11T10:12:18.485+0000] {subprocess.py:106} INFO - 25/12/11 10:12:18 INFO DAGScheduler: Got map stage job 9 (append at <unknown>:0) with 1 output partitions
[2025-12-11T10:12:18.486+0000] {subprocess.py:106} INFO - 25/12/11 10:12:18 INFO DAGScheduler: Final stage: ShuffleMapStage 15 (append at <unknown>:0)
[2025-12-11T10:12:18.491+0000] {subprocess.py:106} INFO - 25/12/11 10:12:18 INFO DAGScheduler: Parents of final stage: List()
[2025-12-11T10:12:18.502+0000] {subprocess.py:106} INFO - 25/12/11 10:12:18 INFO DAGScheduler: Missing parents: List()
[2025-12-11T10:12:18.505+0000] {subprocess.py:106} INFO - 25/12/11 10:12:18 INFO DAGScheduler: Submitting ShuffleMapStage 15 (MapPartitionsRDD[36] at append at <unknown>:0), which has no missing parents
[2025-12-11T10:12:18.560+0000] {subprocess.py:106} INFO - 25/12/11 10:12:18 INFO MemoryStore: Block broadcast_17 stored as values in memory (estimated size 59.2 KiB, free 434.2 MiB)
[2025-12-11T10:12:18.598+0000] {subprocess.py:106} INFO - 25/12/11 10:12:18 INFO MemoryStore: Block broadcast_17_piece0 stored as bytes in memory (estimated size 22.8 KiB, free 434.1 MiB)
[2025-12-11T10:12:18.610+0000] {subprocess.py:106} INFO - 25/12/11 10:12:18 INFO BlockManagerInfo: Added broadcast_17_piece0 in memory on 65f44b4fd513:43297 (size: 22.8 KiB, free: 434.3 MiB)
[2025-12-11T10:12:18.611+0000] {subprocess.py:106} INFO - 25/12/11 10:12:18 INFO SparkContext: Created broadcast 17 from broadcast at DAGScheduler.scala:1585
[2025-12-11T10:12:18.620+0000] {subprocess.py:106} INFO - 25/12/11 10:12:18 INFO DAGScheduler: Submitting 1 missing tasks from ShuffleMapStage 15 (MapPartitionsRDD[36] at append at <unknown>:0) (first 15 tasks are for partitions Vector(0))
[2025-12-11T10:12:18.621+0000] {subprocess.py:106} INFO - 25/12/11 10:12:18 INFO TaskSchedulerImpl: Adding task set 15.0 with 1 tasks resource profile 0
[2025-12-11T10:12:18.626+0000] {subprocess.py:106} INFO - 25/12/11 10:12:18 INFO TaskSetManager: Starting task 0.0 in stage 15.0 (TID 9) (172.30.0.11, executor 0, partition 0, ANY, 15648 bytes)
[2025-12-11T10:12:18.708+0000] {subprocess.py:106} INFO - 25/12/11 10:12:18 INFO BlockManagerInfo: Added broadcast_17_piece0 in memory on 172.30.0.11:41531 (size: 22.8 KiB, free: 434.3 MiB)
[2025-12-11T10:12:19.291+0000] {subprocess.py:106} INFO - 25/12/11 10:12:19 INFO BlockManagerInfo: Added broadcast_16_piece0 in memory on 172.30.0.11:41531 (size: 29.8 KiB, free: 434.3 MiB)
[2025-12-11T10:12:19.922+0000] {subprocess.py:106} INFO - 25/12/11 10:12:19 INFO TaskSetManager: Finished task 0.0 in stage 15.0 (TID 9) in 1297 ms on 172.30.0.11 (executor 0) (1/1)
[2025-12-11T10:12:19.924+0000] {subprocess.py:106} INFO - 25/12/11 10:12:19 INFO TaskSchedulerImpl: Removed TaskSet 15.0, whose tasks have all completed, from pool
[2025-12-11T10:12:19.930+0000] {subprocess.py:106} INFO - 25/12/11 10:12:19 INFO DAGScheduler: ShuffleMapStage 15 (append at <unknown>:0) finished in 1.425 s
[2025-12-11T10:12:19.931+0000] {subprocess.py:106} INFO - 25/12/11 10:12:19 INFO DAGScheduler: looking for newly runnable stages
[2025-12-11T10:12:19.932+0000] {subprocess.py:106} INFO - 25/12/11 10:12:19 INFO DAGScheduler: running: Set()
[2025-12-11T10:12:19.933+0000] {subprocess.py:106} INFO - 25/12/11 10:12:19 INFO DAGScheduler: waiting: Set()
[2025-12-11T10:12:19.934+0000] {subprocess.py:106} INFO - 25/12/11 10:12:19 INFO DAGScheduler: failed: Set()
[2025-12-11T10:12:19.935+0000] {subprocess.py:106} INFO - 25/12/11 10:12:19 INFO ShufflePartitionsUtil: For shuffle(5), advisory target size: 67108864, actual target size 1048576, minimum partition size: 1048576
[2025-12-11T10:12:19.988+0000] {subprocess.py:106} INFO - 25/12/11 10:12:19 INFO CodeGenerator: Code generated in 15.05677 ms
[2025-12-11T10:12:20.030+0000] {subprocess.py:106} INFO - 25/12/11 10:12:20 INFO MemoryStore: Block broadcast_18 stored as values in memory (estimated size 32.0 KiB, free 434.1 MiB)
[2025-12-11T10:12:20.062+0000] {subprocess.py:106} INFO - 25/12/11 10:12:20 INFO MemoryStore: Block broadcast_18_piece0 stored as bytes in memory (estimated size 29.9 KiB, free 434.1 MiB)
[2025-12-11T10:12:20.064+0000] {subprocess.py:106} INFO - 25/12/11 10:12:20 INFO BlockManagerInfo: Added broadcast_18_piece0 in memory on 65f44b4fd513:43297 (size: 29.9 KiB, free: 434.3 MiB)
[2025-12-11T10:12:20.065+0000] {subprocess.py:106} INFO - 25/12/11 10:12:20 INFO SparkContext: Created broadcast 18 from broadcast at SparkWrite.java:193
[2025-12-11T10:12:20.069+0000] {subprocess.py:106} INFO - 25/12/11 10:12:20 INFO BlockManagerInfo: Removed broadcast_17_piece0 on 65f44b4fd513:43297 in memory (size: 22.8 KiB, free: 434.3 MiB)
[2025-12-11T10:12:20.073+0000] {subprocess.py:106} INFO - 25/12/11 10:12:20 INFO BlockManagerInfo: Removed broadcast_17_piece0 on 172.30.0.11:41531 in memory (size: 22.8 KiB, free: 434.3 MiB)
[2025-12-11T10:12:20.074+0000] {subprocess.py:106} INFO - 25/12/11 10:12:20 INFO AppendDataExec: Start processing data source write support: IcebergBatchWrite(table=hive_catalog.silver.it_jobs_clean, format=PARQUET). The input RDD has 1 partitions.
[2025-12-11T10:12:20.090+0000] {subprocess.py:106} INFO - 25/12/11 10:12:20 INFO SparkContext: Starting job: append at <unknown>:0
[2025-12-11T10:12:20.092+0000] {subprocess.py:106} INFO - 25/12/11 10:12:20 INFO DAGScheduler: Got job 10 (append at <unknown>:0) with 1 output partitions
[2025-12-11T10:12:20.093+0000] {subprocess.py:106} INFO - 25/12/11 10:12:20 INFO DAGScheduler: Final stage: ResultStage 17 (append at <unknown>:0)
[2025-12-11T10:12:20.094+0000] {subprocess.py:106} INFO - 25/12/11 10:12:20 INFO DAGScheduler: Parents of final stage: List(ShuffleMapStage 16)
[2025-12-11T10:12:20.096+0000] {subprocess.py:106} INFO - 25/12/11 10:12:20 INFO DAGScheduler: Missing parents: List()
[2025-12-11T10:12:20.104+0000] {subprocess.py:106} INFO - 25/12/11 10:12:20 INFO DAGScheduler: Submitting ResultStage 17 (MapPartitionsRDD[39] at append at <unknown>:0), which has no missing parents
[2025-12-11T10:12:20.153+0000] {subprocess.py:106} INFO - 25/12/11 10:12:20 INFO MemoryStore: Block broadcast_19 stored as values in memory (estimated size 66.6 KiB, free 434.1 MiB)
[2025-12-11T10:12:20.158+0000] {subprocess.py:106} INFO - 25/12/11 10:12:20 INFO MemoryStore: Block broadcast_19_piece0 stored as bytes in memory (estimated size 26.4 KiB, free 434.1 MiB)
[2025-12-11T10:12:20.160+0000] {subprocess.py:106} INFO - 25/12/11 10:12:20 INFO BlockManagerInfo: Added broadcast_19_piece0 in memory on 65f44b4fd513:43297 (size: 26.4 KiB, free: 434.3 MiB)
[2025-12-11T10:12:20.161+0000] {subprocess.py:106} INFO - 25/12/11 10:12:20 INFO SparkContext: Created broadcast 19 from broadcast at DAGScheduler.scala:1585
[2025-12-11T10:12:20.164+0000] {subprocess.py:106} INFO - 25/12/11 10:12:20 INFO DAGScheduler: Submitting 1 missing tasks from ResultStage 17 (MapPartitionsRDD[39] at append at <unknown>:0) (first 15 tasks are for partitions Vector(0))
[2025-12-11T10:12:20.165+0000] {subprocess.py:106} INFO - 25/12/11 10:12:20 INFO TaskSchedulerImpl: Adding task set 17.0 with 1 tasks resource profile 0
[2025-12-11T10:12:20.166+0000] {subprocess.py:106} INFO - 25/12/11 10:12:20 INFO TaskSetManager: Starting task 0.0 in stage 17.0 (TID 10) (172.30.0.11, executor 0, partition 0, NODE_LOCAL, 9331 bytes)
[2025-12-11T10:12:20.175+0000] {subprocess.py:106} INFO - 25/12/11 10:12:20 INFO BlockManagerInfo: Removed broadcast_11_piece0 on 65f44b4fd513:43297 in memory (size: 29.8 KiB, free: 434.3 MiB)
[2025-12-11T10:12:20.179+0000] {subprocess.py:106} INFO - 25/12/11 10:12:20 INFO BlockManagerInfo: Removed broadcast_11_piece0 on 172.30.0.11:41531 in memory (size: 29.8 KiB, free: 434.4 MiB)
[2025-12-11T10:12:20.202+0000] {subprocess.py:106} INFO - 25/12/11 10:12:20 INFO BlockManagerInfo: Added broadcast_19_piece0 in memory on 172.30.0.11:41531 (size: 26.4 KiB, free: 434.3 MiB)
[2025-12-11T10:12:20.275+0000] {subprocess.py:106} INFO - 25/12/11 10:12:20 INFO MapOutputTrackerMasterEndpoint: Asked to send map output locations for shuffle 5 to 172.30.0.11:52602
[2025-12-11T10:12:20.643+0000] {subprocess.py:106} INFO - 25/12/11 10:12:20 INFO BlockManagerInfo: Added broadcast_18_piece0 in memory on 172.30.0.11:41531 (size: 29.9 KiB, free: 434.3 MiB)
[2025-12-11T10:12:21.321+0000] {subprocess.py:106} INFO - 25/12/11 10:12:21 INFO TaskSetManager: Finished task 0.0 in stage 17.0 (TID 10) in 1157 ms on 172.30.0.11 (executor 0) (1/1)
[2025-12-11T10:12:21.326+0000] {subprocess.py:106} INFO - 25/12/11 10:12:21 INFO TaskSchedulerImpl: Removed TaskSet 17.0, whose tasks have all completed, from pool
[2025-12-11T10:12:21.327+0000] {subprocess.py:106} INFO - 25/12/11 10:12:21 INFO DAGScheduler: ResultStage 17 (append at <unknown>:0) finished in 1.207 s
[2025-12-11T10:12:21.328+0000] {subprocess.py:106} INFO - 25/12/11 10:12:21 INFO DAGScheduler: Job 10 is finished. Cancelling potential speculative or zombie tasks for this job
[2025-12-11T10:12:21.329+0000] {subprocess.py:106} INFO - 25/12/11 10:12:21 INFO TaskSchedulerImpl: Killing all running tasks in stage 17: Stage finished
[2025-12-11T10:12:21.330+0000] {subprocess.py:106} INFO - 25/12/11 10:12:21 INFO DAGScheduler: Job 10 finished: append at <unknown>:0, took 1.234010 s
[2025-12-11T10:12:21.332+0000] {subprocess.py:106} INFO - 25/12/11 10:12:21 INFO AppendDataExec: Data source write support IcebergBatchWrite(table=hive_catalog.silver.it_jobs_clean, format=PARQUET) is committing.
[2025-12-11T10:12:21.369+0000] {subprocess.py:106} INFO - 25/12/11 10:12:21 INFO SparkWrite: Committing append with 1 new data files to table hive_catalog.silver.it_jobs_clean
[2025-12-11T10:12:22.151+0000] {subprocess.py:106} INFO - 25/12/11 10:12:22 INFO BlockManagerInfo: Removed broadcast_19_piece0 on 65f44b4fd513:43297 in memory (size: 26.4 KiB, free: 434.3 MiB)
[2025-12-11T10:12:22.156+0000] {subprocess.py:106} INFO - 25/12/11 10:12:22 INFO BlockManagerInfo: Removed broadcast_19_piece0 on 172.30.0.11:41531 in memory (size: 26.4 KiB, free: 434.3 MiB)
[2025-12-11T10:12:22.259+0000] {subprocess.py:106} INFO - 25/12/11 10:12:22 INFO HiveTableOperations: Committed to table hive_catalog.silver.it_jobs_clean with the new metadata location hdfs://dinhhoa-master:9000/user/ndh/warehouse/silver.db/it_jobs_clean/metadata/00001-8804f9e5-7d3b-4a18-8731-531fca3d2f6b.metadata.json
[2025-12-11T10:12:22.260+0000] {subprocess.py:106} INFO - 25/12/11 10:12:22 INFO BaseMetastoreTableOperations: Successfully committed to table hive_catalog.silver.it_jobs_clean in 478 ms
[2025-12-11T10:12:22.262+0000] {subprocess.py:106} INFO - 25/12/11 10:12:22 INFO SnapshotProducer: Committed snapshot 4823620041825293396 (MergeAppend)
[2025-12-11T10:12:22.273+0000] {subprocess.py:106} INFO - 25/12/11 10:12:22 INFO BaseMetastoreTableOperations: Refreshing table metadata from new version: hdfs://dinhhoa-master:9000/user/ndh/warehouse/silver.db/it_jobs_clean/metadata/00001-8804f9e5-7d3b-4a18-8731-531fca3d2f6b.metadata.json
[2025-12-11T10:12:22.378+0000] {subprocess.py:106} INFO - 25/12/11 10:12:22 INFO LoggingMetricsReporter: Received metrics report: CommitReport{tableName=hive_catalog.silver.it_jobs_clean, snapshotId=4823620041825293396, sequenceNumber=2, operation=append, commitMetrics=CommitMetricsResult{totalDuration=TimerResult{timeUnit=NANOSECONDS, totalDuration=PT0.969688712S, count=1}, attempts=CounterResult{unit=COUNT, value=1}, addedDataFiles=CounterResult{unit=COUNT, value=1}, removedDataFiles=null, totalDataFiles=CounterResult{unit=COUNT, value=2}, addedDeleteFiles=null, addedEqualityDeleteFiles=null, addedPositionalDeleteFiles=null, removedDeleteFiles=null, removedEqualityDeleteFiles=null, removedPositionalDeleteFiles=null, totalDeleteFiles=CounterResult{unit=COUNT, value=0}, addedRecords=CounterResult{unit=COUNT, value=106}, removedRecords=null, totalRecords=CounterResult{unit=COUNT, value=5584}, addedFilesSizeInBytes=CounterResult{unit=BYTES, value=13854}, removedFilesSizeInBytes=null, totalFilesSizeInBytes=CounterResult{unit=BYTES, value=191797}, addedPositionalDeletes=null, removedPositionalDeletes=null, totalPositionalDeletes=CounterResult{unit=COUNT, value=0}, addedEqualityDeletes=null, removedEqualityDeletes=null, totalEqualityDeletes=CounterResult{unit=COUNT, value=0}}, metadata={engine-version=3.5.3, app-id=app-20251211101155-0001, engine-name=spark, iceberg-version=Apache Iceberg 1.6.1 (commit 8e9d59d299be42b0bca9461457cd1e95dbaad086)}}
[2025-12-11T10:12:22.379+0000] {subprocess.py:106} INFO - 25/12/11 10:12:22 INFO SparkWrite: Committed in 1007 ms
[2025-12-11T10:12:22.380+0000] {subprocess.py:106} INFO - 25/12/11 10:12:22 INFO AppendDataExec: Data source write support IcebergBatchWrite(table=hive_catalog.silver.it_jobs_clean, format=PARQUET) committed.
[2025-12-11T10:12:22.385+0000] {subprocess.py:106} INFO - >>> SUCCESS: Data Appended.
[2025-12-11T10:12:22.386+0000] {subprocess.py:106} INFO - 25/12/11 10:12:22 INFO SparkContext: SparkContext is stopping with exitCode 0.
[2025-12-11T10:12:22.420+0000] {subprocess.py:106} INFO - 25/12/11 10:12:22 INFO SparkUI: Stopped Spark web UI at http://65f44b4fd513:4040
[2025-12-11T10:12:22.428+0000] {subprocess.py:106} INFO - 25/12/11 10:12:22 INFO StandaloneSchedulerBackend: Shutting down all executors
[2025-12-11T10:12:22.430+0000] {subprocess.py:106} INFO - 25/12/11 10:12:22 INFO StandaloneSchedulerBackend$StandaloneDriverEndpoint: Asking each executor to shut down
[2025-12-11T10:12:22.500+0000] {subprocess.py:106} INFO - 25/12/11 10:12:22 INFO MapOutputTrackerMasterEndpoint: MapOutputTrackerMasterEndpoint stopped!
[2025-12-11T10:12:22.576+0000] {subprocess.py:106} INFO - 25/12/11 10:12:22 INFO MemoryStore: MemoryStore cleared
[2025-12-11T10:12:22.580+0000] {subprocess.py:106} INFO - 25/12/11 10:12:22 INFO BlockManager: BlockManager stopped
[2025-12-11T10:12:22.583+0000] {subprocess.py:106} INFO - 25/12/11 10:12:22 INFO BlockManagerMaster: BlockManagerMaster stopped
[2025-12-11T10:12:22.597+0000] {subprocess.py:106} INFO - 25/12/11 10:12:22 INFO OutputCommitCoordinator$OutputCommitCoordinatorEndpoint: OutputCommitCoordinator stopped!
[2025-12-11T10:12:22.645+0000] {subprocess.py:106} INFO - 25/12/11 10:12:22 INFO SparkContext: Successfully stopped SparkContext
[2025-12-11T10:12:22.835+0000] {subprocess.py:106} INFO - 25/12/11 10:12:22 INFO ShutdownHookManager: Shutdown hook called
[2025-12-11T10:12:22.837+0000] {subprocess.py:106} INFO - 25/12/11 10:12:22 INFO ShutdownHookManager: Deleting directory /tmp/spark-95636c16-66ae-4268-a36c-9ced092b8833
[2025-12-11T10:12:22.846+0000] {subprocess.py:106} INFO - 25/12/11 10:12:22 INFO ShutdownHookManager: Deleting directory /tmp/spark-95636c16-66ae-4268-a36c-9ced092b8833/pyspark-fa9b9e61-0e05-4465-a283-297892bd45bf
[2025-12-11T10:12:22.863+0000] {subprocess.py:106} INFO - 25/12/11 10:12:22 INFO ShutdownHookManager: Deleting directory /tmp/spark-21b018be-25e2-4caa-b603-99a729e17a02
[2025-12-11T10:12:23.036+0000] {subprocess.py:110} INFO - Command exited with return code 0
[2025-12-11T10:12:23.172+0000] {taskinstance.py:341} INFO - ::group::Post task execution logs
[2025-12-11T10:12:23.173+0000] {taskinstance.py:353} INFO - Marking task as SUCCESS. dag_id=crawl_etl_itjob, task_id=clean_silver, run_id=scheduled__2025-12-09T02:00:00+00:00, execution_date=20251209T020000, start_date=20251211T101150, end_date=20251211T101223
[2025-12-11T10:12:23.310+0000] {local_task_job_runner.py:266} INFO - Task exited with return code 0
[2025-12-11T10:12:23.382+0000] {taskinstance.py:3901} INFO - 1 downstream tasks scheduled from follow-on schedule check
[2025-12-11T10:12:23.386+0000] {local_task_job_runner.py:245} INFO - ::endgroup::
