[2025-12-09T11:05:56.106+0000] {local_task_job_runner.py:123} INFO - ::group::Pre task execution logs
[2025-12-09T11:05:56.147+0000] {taskinstance.py:2614} INFO - Dependencies all met for dep_context=non-requeueable deps ti=<TaskInstance: crawl_etl_itjob.clean_silver scheduled__2025-12-08T02:00:00+00:00 [queued]>
[2025-12-09T11:05:56.158+0000] {taskinstance.py:2614} INFO - Dependencies all met for dep_context=requeueable deps ti=<TaskInstance: crawl_etl_itjob.clean_silver scheduled__2025-12-08T02:00:00+00:00 [queued]>
[2025-12-09T11:05:56.159+0000] {taskinstance.py:2867} INFO - Starting attempt 7 of 8
[2025-12-09T11:05:56.173+0000] {taskinstance.py:2890} INFO - Executing <Task(BashOperator): clean_silver> on 2025-12-08 02:00:00+00:00
[2025-12-09T11:05:56.178+0000] {standard_task_runner.py:72} INFO - Started process 70 to run task
[2025-12-09T11:05:56.182+0000] {standard_task_runner.py:104} INFO - Running: ['***', 'tasks', 'run', 'crawl_etl_itjob', 'clean_silver', 'scheduled__2025-12-08T02:00:00+00:00', '--job-id', '329', '--raw', '--subdir', 'DAGS_FOLDER/Crawl_ETL_ITJob.py', '--cfg-path', '/tmp/tmphvr7pxwn']
[2025-12-09T11:05:56.184+0000] {standard_task_runner.py:105} INFO - Job 329: Subtask clean_silver
[2025-12-09T11:05:56.238+0000] {warnings.py:109} WARNING - /home/***/.local/lib/python3.8/site-packages/***/settings.py:209: DeprecationWarning: The sql_alchemy_conn option in [core] has been moved to the sql_alchemy_conn option in [database] - the old setting has been used, but please update your config.
  SQL_ALCHEMY_CONN = conf.get("database", "SQL_ALCHEMY_CONN")

[2025-12-09T11:05:56.319+0000] {task_command.py:467} INFO - Running <TaskInstance: crawl_etl_itjob.clean_silver scheduled__2025-12-08T02:00:00+00:00 [running]> on host a1de7f96d4f1
[2025-12-09T11:05:56.320+0000] {warnings.py:109} WARNING - /home/***/.local/lib/python3.8/site-packages/***/settings.py:470: DeprecationWarning: The sql_alchemy_conn option in [core] has been moved to the sql_alchemy_conn option in [database] - the old setting has been used, but please update your config.
  if conf.get("database", "sql_alchemy_conn") == "none://":

[2025-12-09T11:05:56.455+0000] {taskinstance.py:3134} INFO - Exporting env vars: AIRFLOW_CTX_DAG_EMAIL='alert@datateam.local' AIRFLOW_CTX_DAG_OWNER='***' AIRFLOW_CTX_DAG_ID='crawl_etl_itjob' AIRFLOW_CTX_TASK_ID='clean_silver' AIRFLOW_CTX_EXECUTION_DATE='2025-12-08T02:00:00+00:00' AIRFLOW_CTX_TRY_NUMBER='7' AIRFLOW_CTX_DAG_RUN_ID='scheduled__2025-12-08T02:00:00+00:00'
[2025-12-09T11:05:56.457+0000] {taskinstance.py:732} INFO - ::endgroup::
[2025-12-09T11:05:56.470+0000] {subprocess.py:78} INFO - Tmp dir root location: /tmp
[2025-12-09T11:05:56.472+0000] {subprocess.py:88} INFO - Running command: ['/bin/bash', '-c', "\n        docker exec spark-submit bash -c '\n        /opt/spark/bin/spark-submit         --master spark://spark-master:7077         --deploy-mode client         --packages org.apache.iceberg:iceberg-spark-runtime-3.5_2.12:1.5.0         /opt/spark/scripts/Clean_Silver.py\n        '\n        "]
[2025-12-09T11:05:56.484+0000] {subprocess.py:99} INFO - Output:
[2025-12-09T11:05:58.747+0000] {subprocess.py:106} INFO - :: loading settings :: url = jar:file:/opt/spark/jars/ivy-2.5.1.jar!/org/apache/ivy/core/settings/ivysettings.xml
[2025-12-09T11:05:58.859+0000] {subprocess.py:106} INFO - Ivy Default Cache set to: /home/spark/.ivy2/cache
[2025-12-09T11:05:58.867+0000] {subprocess.py:106} INFO - The jars for the packages stored in: /home/spark/.ivy2/jars
[2025-12-09T11:05:58.872+0000] {subprocess.py:106} INFO - org.apache.iceberg#iceberg-spark-runtime-3.5_2.12 added as a dependency
[2025-12-09T11:05:58.882+0000] {subprocess.py:106} INFO - :: resolving dependencies :: org.apache.spark#spark-submit-parent-16b5cf58-8f42-4b69-abd4-c7368ec34eca;1.0
[2025-12-09T11:05:58.885+0000] {subprocess.py:106} INFO - 	confs: [default]
[2025-12-09T11:05:59.011+0000] {subprocess.py:106} INFO - 	found org.apache.iceberg#iceberg-spark-runtime-3.5_2.12;1.5.0 in central
[2025-12-09T11:05:59.031+0000] {subprocess.py:106} INFO - :: resolution report :: resolve 145ms :: artifacts dl 6ms
[2025-12-09T11:05:59.031+0000] {subprocess.py:106} INFO - 	:: modules in use:
[2025-12-09T11:05:59.032+0000] {subprocess.py:106} INFO - 	org.apache.iceberg#iceberg-spark-runtime-3.5_2.12;1.5.0 from central in [default]
[2025-12-09T11:05:59.033+0000] {subprocess.py:106} INFO - 	---------------------------------------------------------------------
[2025-12-09T11:05:59.034+0000] {subprocess.py:106} INFO - 	|                  |            modules            ||   artifacts   |
[2025-12-09T11:05:59.034+0000] {subprocess.py:106} INFO - 	|       conf       | number| search|dwnlded|evicted|| number|dwnlded|
[2025-12-09T11:05:59.036+0000] {subprocess.py:106} INFO - 	---------------------------------------------------------------------
[2025-12-09T11:05:59.036+0000] {subprocess.py:106} INFO - 	|      default     |   1   |   0   |   0   |   0   ||   1   |   0   |
[2025-12-09T11:05:59.037+0000] {subprocess.py:106} INFO - 	---------------------------------------------------------------------
[2025-12-09T11:05:59.038+0000] {subprocess.py:106} INFO - :: retrieving :: org.apache.spark#spark-submit-parent-16b5cf58-8f42-4b69-abd4-c7368ec34eca
[2025-12-09T11:05:59.038+0000] {subprocess.py:106} INFO - 	confs: [default]
[2025-12-09T11:05:59.043+0000] {subprocess.py:106} INFO - 	0 artifacts copied, 1 already retrieved (0kB/8ms)
[2025-12-09T11:05:59.333+0000] {subprocess.py:106} INFO - 25/12/09 11:05:59 WARN NativeCodeLoader: Unable to load native-hadoop library for your platform... using builtin-java classes where applicable
[2025-12-09T11:06:00.994+0000] {subprocess.py:106} INFO - 25/12/09 11:06:00 INFO SparkContext: Running Spark version 3.5.3
[2025-12-09T11:06:00.995+0000] {subprocess.py:106} INFO - 25/12/09 11:06:00 INFO SparkContext: OS info Linux, 6.6.87.2-microsoft-standard-WSL2, amd64
[2025-12-09T11:06:00.997+0000] {subprocess.py:106} INFO - 25/12/09 11:06:00 INFO SparkContext: Java version 11.0.24
[2025-12-09T11:06:01.030+0000] {subprocess.py:106} INFO - 25/12/09 11:06:01 INFO ResourceUtils: ==============================================================
[2025-12-09T11:06:01.033+0000] {subprocess.py:106} INFO - 25/12/09 11:06:01 INFO ResourceUtils: No custom resources configured for spark.driver.
[2025-12-09T11:06:01.033+0000] {subprocess.py:106} INFO - 25/12/09 11:06:01 INFO ResourceUtils: ==============================================================
[2025-12-09T11:06:01.034+0000] {subprocess.py:106} INFO - 25/12/09 11:06:01 INFO SparkContext: Submitted application: Fix_Silver_Schema_To_Array
[2025-12-09T11:06:01.072+0000] {subprocess.py:106} INFO - 25/12/09 11:06:01 INFO ResourceProfile: Default ResourceProfile created, executor resources: Map(memory -> name: memory, amount: 1024, script: , vendor: , offHeap -> name: offHeap, amount: 0, script: , vendor: ), task resources: Map(cpus -> name: cpus, amount: 1.0)
[2025-12-09T11:06:01.092+0000] {subprocess.py:106} INFO - 25/12/09 11:06:01 INFO ResourceProfile: Limiting resource is cpu
[2025-12-09T11:06:01.093+0000] {subprocess.py:106} INFO - 25/12/09 11:06:01 INFO ResourceProfileManager: Added ResourceProfile id: 0
[2025-12-09T11:06:01.189+0000] {subprocess.py:106} INFO - 25/12/09 11:06:01 INFO SecurityManager: Changing view acls to: spark
[2025-12-09T11:06:01.192+0000] {subprocess.py:106} INFO - 25/12/09 11:06:01 INFO SecurityManager: Changing modify acls to: spark
[2025-12-09T11:06:01.193+0000] {subprocess.py:106} INFO - 25/12/09 11:06:01 INFO SecurityManager: Changing view acls groups to:
[2025-12-09T11:06:01.197+0000] {subprocess.py:106} INFO - 25/12/09 11:06:01 INFO SecurityManager: Changing modify acls groups to:
[2025-12-09T11:06:01.198+0000] {subprocess.py:106} INFO - 25/12/09 11:06:01 INFO SecurityManager: SecurityManager: authentication disabled; ui acls disabled; users with view permissions: spark; groups with view permissions: EMPTY; users with modify permissions: spark; groups with modify permissions: EMPTY
[2025-12-09T11:06:01.622+0000] {subprocess.py:106} INFO - 25/12/09 11:06:01 INFO Utils: Successfully started service 'sparkDriver' on port 35891.
[2025-12-09T11:06:01.677+0000] {subprocess.py:106} INFO - 25/12/09 11:06:01 INFO SparkEnv: Registering MapOutputTracker
[2025-12-09T11:06:01.738+0000] {subprocess.py:106} INFO - 25/12/09 11:06:01 INFO SparkEnv: Registering BlockManagerMaster
[2025-12-09T11:06:01.774+0000] {subprocess.py:106} INFO - 25/12/09 11:06:01 INFO BlockManagerMasterEndpoint: Using org.apache.spark.storage.DefaultTopologyMapper for getting topology information
[2025-12-09T11:06:01.776+0000] {subprocess.py:106} INFO - 25/12/09 11:06:01 INFO BlockManagerMasterEndpoint: BlockManagerMasterEndpoint up
[2025-12-09T11:06:01.783+0000] {subprocess.py:106} INFO - 25/12/09 11:06:01 INFO SparkEnv: Registering BlockManagerMasterHeartbeat
[2025-12-09T11:06:01.817+0000] {subprocess.py:106} INFO - 25/12/09 11:06:01 INFO DiskBlockManager: Created local directory at /tmp/blockmgr-e91bdfd6-ca94-4370-b9a1-84e4b274d6f6
[2025-12-09T11:06:01.839+0000] {subprocess.py:106} INFO - 25/12/09 11:06:01 INFO MemoryStore: MemoryStore started with capacity 434.4 MiB
[2025-12-09T11:06:01.864+0000] {subprocess.py:106} INFO - 25/12/09 11:06:01 INFO SparkEnv: Registering OutputCommitCoordinator
[2025-12-09T11:06:02.051+0000] {subprocess.py:106} INFO - 25/12/09 11:06:02 INFO JettyUtils: Start Jetty 0.0.0.0:4040 for SparkUI
[2025-12-09T11:06:02.125+0000] {subprocess.py:106} INFO - 25/12/09 11:06:02 INFO Utils: Successfully started service 'SparkUI' on port 4040.
[2025-12-09T11:06:02.176+0000] {subprocess.py:106} INFO - 25/12/09 11:06:02 INFO SparkContext: Added JAR file:///home/spark/.ivy2/jars/org.apache.iceberg_iceberg-spark-runtime-3.5_2.12-1.5.0.jar at spark://65f44b4fd513:35891/jars/org.apache.iceberg_iceberg-spark-runtime-3.5_2.12-1.5.0.jar with timestamp 1765278360980
[2025-12-09T11:06:02.180+0000] {subprocess.py:106} INFO - 25/12/09 11:06:02 INFO SparkContext: Added file file:///home/spark/.ivy2/jars/org.apache.iceberg_iceberg-spark-runtime-3.5_2.12-1.5.0.jar at spark://65f44b4fd513:35891/files/org.apache.iceberg_iceberg-spark-runtime-3.5_2.12-1.5.0.jar with timestamp 1765278360980
[2025-12-09T11:06:02.183+0000] {subprocess.py:106} INFO - 25/12/09 11:06:02 INFO Utils: Copying /home/spark/.ivy2/jars/org.apache.iceberg_iceberg-spark-runtime-3.5_2.12-1.5.0.jar to /tmp/spark-afcf088a-a8c2-4b19-9721-c713d4e1d98c/userFiles-f52fd673-fe01-40c8-9918-77f83c9d383e/org.apache.iceberg_iceberg-spark-runtime-3.5_2.12-1.5.0.jar
[2025-12-09T11:06:02.352+0000] {subprocess.py:106} INFO - 25/12/09 11:06:02 INFO StandaloneAppClient$ClientEndpoint: Connecting to master spark://spark-master:7077...
[2025-12-09T11:06:02.419+0000] {subprocess.py:106} INFO - 25/12/09 11:06:02 INFO TransportClientFactory: Successfully created connection to spark-master/172.30.0.6:7077 after 36 ms (0 ms spent in bootstraps)
[2025-12-09T11:06:02.539+0000] {subprocess.py:106} INFO - 25/12/09 11:06:02 INFO StandaloneSchedulerBackend: Connected to Spark cluster with app ID app-20251209110602-0003
[2025-12-09T11:06:02.543+0000] {subprocess.py:106} INFO - 25/12/09 11:06:02 INFO StandaloneAppClient$ClientEndpoint: Executor added: app-20251209110602-0003/0 on worker-20251209103642-172.30.0.8-44161 (172.30.0.8:44161) with 1 core(s)
[2025-12-09T11:06:02.548+0000] {subprocess.py:106} INFO - 25/12/09 11:06:02 INFO StandaloneSchedulerBackend: Granted executor ID app-20251209110602-0003/0 on hostPort 172.30.0.8:44161 with 1 core(s), 1024.0 MiB RAM
[2025-12-09T11:06:02.556+0000] {subprocess.py:106} INFO - 25/12/09 11:06:02 INFO Utils: Successfully started service 'org.apache.spark.network.netty.NettyBlockTransferService' on port 37663.
[2025-12-09T11:06:02.557+0000] {subprocess.py:106} INFO - 25/12/09 11:06:02 INFO NettyBlockTransferService: Server created on 65f44b4fd513:37663
[2025-12-09T11:06:02.560+0000] {subprocess.py:106} INFO - 25/12/09 11:06:02 INFO BlockManager: Using org.apache.spark.storage.RandomBlockReplicationPolicy for block replication policy
[2025-12-09T11:06:02.569+0000] {subprocess.py:106} INFO - 25/12/09 11:06:02 INFO BlockManagerMaster: Registering BlockManager BlockManagerId(driver, 65f44b4fd513, 37663, None)
[2025-12-09T11:06:02.573+0000] {subprocess.py:106} INFO - 25/12/09 11:06:02 INFO BlockManagerMasterEndpoint: Registering block manager 65f44b4fd513:37663 with 434.4 MiB RAM, BlockManagerId(driver, 65f44b4fd513, 37663, None)
[2025-12-09T11:06:02.578+0000] {subprocess.py:106} INFO - 25/12/09 11:06:02 INFO BlockManagerMaster: Registered BlockManager BlockManagerId(driver, 65f44b4fd513, 37663, None)
[2025-12-09T11:06:02.580+0000] {subprocess.py:106} INFO - 25/12/09 11:06:02 INFO BlockManager: Initialized BlockManager: BlockManagerId(driver, 65f44b4fd513, 37663, None)
[2025-12-09T11:06:02.634+0000] {subprocess.py:106} INFO - 25/12/09 11:06:02 INFO StandaloneAppClient$ClientEndpoint: Executor updated: app-20251209110602-0003/0 is now RUNNING
[2025-12-09T11:06:02.944+0000] {subprocess.py:106} INFO - 25/12/09 11:06:02 INFO StandaloneSchedulerBackend: SchedulerBackend is ready for scheduling beginning after reached minRegisteredResourcesRatio: 0.0
[2025-12-09T11:06:03.280+0000] {subprocess.py:106} INFO - >>> READING BRONZE TO REBUILD SILVER...
[2025-12-09T11:06:03.290+0000] {subprocess.py:106} INFO - 25/12/09 11:06:03 INFO SharedState: Setting hive.metastore.warehouse.dir ('null') to the value of spark.sql.warehouse.dir.
[2025-12-09T11:06:03.302+0000] {subprocess.py:106} INFO - 25/12/09 11:06:03 INFO SharedState: Warehouse path is 'file:/opt/spark/work-dir/spark-warehouse'.
[2025-12-09T11:06:05.940+0000] {subprocess.py:106} INFO - 25/12/09 11:06:05 INFO HiveConf: Found configuration file null
[2025-12-09T11:06:06.237+0000] {subprocess.py:106} INFO - 25/12/09 11:06:06 INFO metastore: Trying to connect to metastore with URI thrift://hive-metastore:9083
[2025-12-09T11:06:06.270+0000] {subprocess.py:106} INFO - 25/12/09 11:06:06 INFO metastore: Opened a connection to metastore, current connections: 1
[2025-12-09T11:06:06.318+0000] {subprocess.py:106} INFO - 25/12/09 11:06:06 INFO metastore: Connected to metastore.
[2025-12-09T11:06:07.090+0000] {subprocess.py:106} INFO - 25/12/09 11:06:07 INFO BaseMetastoreTableOperations: Refreshing table metadata from new version: hdfs://dinhhoa-master:9000/user/ndh/warehouse/bronze.db/it_jobs_raw/metadata/00040-2bcd0012-2e93-43dc-9bc2-e6490c8c12d6.metadata.json
[2025-12-09T11:06:07.349+0000] {subprocess.py:106} INFO - 25/12/09 11:06:07 INFO StandaloneSchedulerBackend$StandaloneDriverEndpoint: Registered executor NettyRpcEndpointRef(spark-client://Executor) (172.30.0.8:59468) with ID 0,  ResourceProfileId 0
[2025-12-09T11:06:07.539+0000] {subprocess.py:106} INFO - 25/12/09 11:06:07 INFO BlockManagerMasterEndpoint: Registering block manager 172.30.0.8:46281 with 434.4 MiB RAM, BlockManagerId(0, 172.30.0.8, 46281, None)
[2025-12-09T11:06:08.493+0000] {subprocess.py:106} INFO - 25/12/09 11:06:08 INFO BaseMetastoreCatalog: Table loaded by catalog: hive_catalog.bronze.it_jobs_raw
[2025-12-09T11:06:10.015+0000] {subprocess.py:106} INFO - >>> Overwriting Silver table schema to ARRAY<STRING>...
[2025-12-09T11:06:10.634+0000] {subprocess.py:106} INFO - 25/12/09 11:06:10 INFO BaseMetastoreTableOperations: Refreshing table metadata from new version: hdfs://dinhhoa-master:9000/user/ndh/warehouse/silver.db/it_jobs_clean/metadata/00044-7000a88f-dfff-4ca0-87af-736c314facdd.metadata.json
[2025-12-09T11:06:10.683+0000] {subprocess.py:106} INFO - 25/12/09 11:06:10 INFO BaseMetastoreCatalog: Table loaded by catalog: hive_catalog.silver.it_jobs_clean
[2025-12-09T11:06:10.693+0000] {subprocess.py:106} INFO - 25/12/09 11:06:10 INFO BaseMetastoreCatalog: Table properties set at catalog level through catalog properties: {}
[2025-12-09T11:06:10.695+0000] {subprocess.py:106} INFO - 25/12/09 11:06:10 INFO BaseMetastoreCatalog: Table properties enforced at catalog level through catalog properties: {}
[2025-12-09T11:06:10.718+0000] {subprocess.py:106} INFO - 25/12/09 11:06:10 INFO BaseMetastoreTableOperations: Refreshing table metadata from new version: hdfs://dinhhoa-master:9000/user/ndh/warehouse/silver.db/it_jobs_clean/metadata/00044-7000a88f-dfff-4ca0-87af-736c314facdd.metadata.json
[2025-12-09T11:06:11.009+0000] {subprocess.py:106} INFO - 25/12/09 11:06:11 INFO V2ScanRelationPushDown:
[2025-12-09T11:06:11.010+0000] {subprocess.py:106} INFO - Output: job_title#0, company_name#1, location#2, skills_required#3, date_posted#4, job_link#5, job_category#6, work_mode#7, crawl_date#8, date_only#9, ingest_time#10, source#11
[2025-12-09T11:06:11.010+0000] {subprocess.py:106} INFO - 
[2025-12-09T11:06:11.028+0000] {subprocess.py:106} INFO - 25/12/09 11:06:11 INFO SnapshotScan: Scanning table hive_catalog.bronze.it_jobs_raw snapshot 32859656416608901 created at 2025-12-09T07:27:55.461+00:00 with filter true
[2025-12-09T11:06:11.273+0000] {subprocess.py:106} INFO - 25/12/09 11:06:11 INFO BaseDistributedDataScan: Planning file tasks locally for table hive_catalog.bronze.it_jobs_raw
[2025-12-09T11:06:11.892+0000] {subprocess.py:106} INFO - 25/12/09 11:06:11 INFO SparkPartitioningAwareScan: Reporting UnknownPartitioning with 11 partition(s) for table hive_catalog.bronze.it_jobs_raw
[2025-12-09T11:06:11.929+0000] {subprocess.py:106} INFO - 25/12/09 11:06:11 INFO SparkWrite: Requesting 0 bytes advisory partition size for table silver.it_jobs_clean
[2025-12-09T11:06:11.929+0000] {subprocess.py:106} INFO - 25/12/09 11:06:11 INFO SparkWrite: Requesting UnspecifiedDistribution as write distribution for table silver.it_jobs_clean
[2025-12-09T11:06:11.932+0000] {subprocess.py:106} INFO - 25/12/09 11:06:11 INFO SparkWrite: Requesting [] as write ordering for table silver.it_jobs_clean
[2025-12-09T11:06:12.125+0000] {subprocess.py:106} INFO - 25/12/09 11:06:12 INFO MemoryStore: Block broadcast_0 stored as values in memory (estimated size 32.0 KiB, free 434.4 MiB)
[2025-12-09T11:06:12.185+0000] {subprocess.py:106} INFO - 25/12/09 11:06:12 INFO MemoryStore: Block broadcast_0_piece0 stored as bytes in memory (estimated size 29.8 KiB, free 434.3 MiB)
[2025-12-09T11:06:12.189+0000] {subprocess.py:106} INFO - 25/12/09 11:06:12 INFO BlockManagerInfo: Added broadcast_0_piece0 in memory on 65f44b4fd513:37663 (size: 29.8 KiB, free: 434.4 MiB)
[2025-12-09T11:06:12.194+0000] {subprocess.py:106} INFO - 25/12/09 11:06:12 INFO SparkContext: Created broadcast 0 from broadcast at SparkBatch.java:79
[2025-12-09T11:06:12.382+0000] {subprocess.py:106} INFO - 25/12/09 11:06:12 INFO MemoryStore: Block broadcast_1 stored as values in memory (estimated size 32.0 KiB, free 434.3 MiB)
[2025-12-09T11:06:12.392+0000] {subprocess.py:106} INFO - 25/12/09 11:06:12 INFO MemoryStore: Block broadcast_1_piece0 stored as bytes in memory (estimated size 29.8 KiB, free 434.3 MiB)
[2025-12-09T11:06:12.393+0000] {subprocess.py:106} INFO - 25/12/09 11:06:12 INFO BlockManagerInfo: Added broadcast_1_piece0 in memory on 65f44b4fd513:37663 (size: 29.8 KiB, free: 434.3 MiB)
[2025-12-09T11:06:12.394+0000] {subprocess.py:106} INFO - 25/12/09 11:06:12 INFO SparkContext: Created broadcast 1 from broadcast at SparkBatch.java:79
[2025-12-09T11:06:13.253+0000] {subprocess.py:106} INFO - 25/12/09 11:06:13 INFO CodeGenerator: Code generated in 295.458756 ms
[2025-12-09T11:06:13.328+0000] {subprocess.py:106} INFO - 25/12/09 11:06:13 INFO CodeGenerator: Code generated in 49.288576 ms
[2025-12-09T11:06:13.587+0000] {subprocess.py:106} INFO - 25/12/09 11:06:13 INFO DAGScheduler: Registering RDD 7 (createOrReplace at <unknown>:0) as input to shuffle 0
[2025-12-09T11:06:13.593+0000] {subprocess.py:106} INFO - 25/12/09 11:06:13 INFO DAGScheduler: Got map stage job 0 (createOrReplace at <unknown>:0) with 11 output partitions
[2025-12-09T11:06:13.594+0000] {subprocess.py:106} INFO - 25/12/09 11:06:13 INFO DAGScheduler: Final stage: ShuffleMapStage 0 (createOrReplace at <unknown>:0)
[2025-12-09T11:06:13.595+0000] {subprocess.py:106} INFO - 25/12/09 11:06:13 INFO DAGScheduler: Parents of final stage: List()
[2025-12-09T11:06:13.599+0000] {subprocess.py:106} INFO - 25/12/09 11:06:13 INFO DAGScheduler: Missing parents: List()
[2025-12-09T11:06:13.605+0000] {subprocess.py:106} INFO - 25/12/09 11:06:13 INFO DAGScheduler: Submitting ShuffleMapStage 0 (MapPartitionsRDD[7] at createOrReplace at <unknown>:0), which has no missing parents
[2025-12-09T11:06:13.665+0000] {subprocess.py:106} INFO - 25/12/09 11:06:13 INFO MemoryStore: Block broadcast_2 stored as values in memory (estimated size 54.2 KiB, free 434.2 MiB)
[2025-12-09T11:06:13.669+0000] {subprocess.py:106} INFO - 25/12/09 11:06:13 INFO MemoryStore: Block broadcast_2_piece0 stored as bytes in memory (estimated size 21.0 KiB, free 434.2 MiB)
[2025-12-09T11:06:13.670+0000] {subprocess.py:106} INFO - 25/12/09 11:06:13 INFO BlockManagerInfo: Added broadcast_2_piece0 in memory on 65f44b4fd513:37663 (size: 21.0 KiB, free: 434.3 MiB)
[2025-12-09T11:06:13.671+0000] {subprocess.py:106} INFO - 25/12/09 11:06:13 INFO SparkContext: Created broadcast 2 from broadcast at DAGScheduler.scala:1585
[2025-12-09T11:06:13.687+0000] {subprocess.py:106} INFO - 25/12/09 11:06:13 INFO DAGScheduler: Submitting 11 missing tasks from ShuffleMapStage 0 (MapPartitionsRDD[7] at createOrReplace at <unknown>:0) (first 15 tasks are for partitions Vector(0, 1, 2, 3, 4, 5, 6, 7, 8, 9, 10))
[2025-12-09T11:06:13.688+0000] {subprocess.py:106} INFO - 25/12/09 11:06:13 INFO TaskSchedulerImpl: Adding task set 0.0 with 11 tasks resource profile 0
[2025-12-09T11:06:13.739+0000] {subprocess.py:106} INFO - 25/12/09 11:06:13 INFO TaskSetManager: Starting task 0.0 in stage 0.0 (TID 0) (172.30.0.8, executor 0, partition 0, ANY, 16102 bytes)
[2025-12-09T11:06:14.631+0000] {subprocess.py:106} INFO - 25/12/09 11:06:14 INFO BlockManagerInfo: Added broadcast_2_piece0 in memory on 172.30.0.8:46281 (size: 21.0 KiB, free: 434.4 MiB)
[2025-12-09T11:06:16.478+0000] {subprocess.py:106} INFO - 25/12/09 11:06:16 INFO BlockManagerInfo: Added broadcast_1_piece0 in memory on 172.30.0.8:46281 (size: 29.8 KiB, free: 434.4 MiB)
[2025-12-09T11:06:20.222+0000] {subprocess.py:106} INFO - 25/12/09 11:06:20 INFO TaskSetManager: Starting task 1.0 in stage 0.0 (TID 1) (172.30.0.8, executor 0, partition 1, ANY, 16094 bytes)
[2025-12-09T11:06:20.241+0000] {subprocess.py:106} INFO - 25/12/09 11:06:20 INFO TaskSetManager: Finished task 0.0 in stage 0.0 (TID 0) in 6529 ms on 172.30.0.8 (executor 0) (1/11)
[2025-12-09T11:06:20.823+0000] {subprocess.py:106} INFO - 25/12/09 11:06:20 INFO TaskSetManager: Starting task 2.0 in stage 0.0 (TID 2) (172.30.0.8, executor 0, partition 2, ANY, 16103 bytes)
[2025-12-09T11:06:20.824+0000] {subprocess.py:106} INFO - 25/12/09 11:06:20 INFO TaskSetManager: Finished task 1.0 in stage 0.0 (TID 1) in 605 ms on 172.30.0.8 (executor 0) (2/11)
[2025-12-09T11:06:21.419+0000] {subprocess.py:106} INFO - 25/12/09 11:06:21 INFO TaskSetManager: Starting task 3.0 in stage 0.0 (TID 3) (172.30.0.8, executor 0, partition 3, ANY, 16103 bytes)
[2025-12-09T11:06:21.421+0000] {subprocess.py:106} INFO - 25/12/09 11:06:21 INFO TaskSetManager: Finished task 2.0 in stage 0.0 (TID 2) in 598 ms on 172.30.0.8 (executor 0) (3/11)
[2025-12-09T11:06:22.096+0000] {subprocess.py:106} INFO - 25/12/09 11:06:22 INFO TaskSetManager: Starting task 4.0 in stage 0.0 (TID 4) (172.30.0.8, executor 0, partition 4, ANY, 16103 bytes)
[2025-12-09T11:06:22.098+0000] {subprocess.py:106} INFO - 25/12/09 11:06:22 INFO TaskSetManager: Finished task 3.0 in stage 0.0 (TID 3) in 680 ms on 172.30.0.8 (executor 0) (4/11)
[2025-12-09T11:06:23.227+0000] {subprocess.py:106} INFO - 25/12/09 11:06:23 INFO TaskSetManager: Starting task 5.0 in stage 0.0 (TID 5) (172.30.0.8, executor 0, partition 5, ANY, 16103 bytes)
[2025-12-09T11:06:23.228+0000] {subprocess.py:106} INFO - 25/12/09 11:06:23 INFO TaskSetManager: Finished task 4.0 in stage 0.0 (TID 4) in 1128 ms on 172.30.0.8 (executor 0) (5/11)
[2025-12-09T11:06:25.016+0000] {subprocess.py:106} INFO - 25/12/09 11:06:25 INFO TaskSetManager: Starting task 6.0 in stage 0.0 (TID 6) (172.30.0.8, executor 0, partition 6, ANY, 16103 bytes)
[2025-12-09T11:06:25.018+0000] {subprocess.py:106} INFO - 25/12/09 11:06:25 INFO TaskSetManager: Finished task 5.0 in stage 0.0 (TID 5) in 1795 ms on 172.30.0.8 (executor 0) (6/11)
[2025-12-09T11:06:25.503+0000] {subprocess.py:106} INFO - 25/12/09 11:06:25 INFO TaskSetManager: Starting task 7.0 in stage 0.0 (TID 7) (172.30.0.8, executor 0, partition 7, ANY, 16103 bytes)
[2025-12-09T11:06:25.504+0000] {subprocess.py:106} INFO - 25/12/09 11:06:25 INFO TaskSetManager: Finished task 6.0 in stage 0.0 (TID 6) in 486 ms on 172.30.0.8 (executor 0) (7/11)
[2025-12-09T11:06:26.194+0000] {subprocess.py:106} INFO - 25/12/09 11:06:26 INFO TaskSetManager: Starting task 8.0 in stage 0.0 (TID 8) (172.30.0.8, executor 0, partition 8, ANY, 16103 bytes)
[2025-12-09T11:06:26.196+0000] {subprocess.py:106} INFO - 25/12/09 11:06:26 INFO TaskSetManager: Finished task 7.0 in stage 0.0 (TID 7) in 696 ms on 172.30.0.8 (executor 0) (8/11)
[2025-12-09T11:06:26.921+0000] {subprocess.py:106} INFO - 25/12/09 11:06:26 INFO TaskSetManager: Starting task 9.0 in stage 0.0 (TID 9) (172.30.0.8, executor 0, partition 9, ANY, 16103 bytes)
[2025-12-09T11:06:26.923+0000] {subprocess.py:106} INFO - 25/12/09 11:06:26 INFO TaskSetManager: Finished task 8.0 in stage 0.0 (TID 8) in 730 ms on 172.30.0.8 (executor 0) (9/11)
[2025-12-09T11:06:27.539+0000] {subprocess.py:106} INFO - 25/12/09 11:06:27 INFO TaskSetManager: Starting task 10.0 in stage 0.0 (TID 10) (172.30.0.8, executor 0, partition 10, ANY, 14732 bytes)
[2025-12-09T11:06:27.541+0000] {subprocess.py:106} INFO - 25/12/09 11:06:27 INFO TaskSetManager: Finished task 9.0 in stage 0.0 (TID 9) in 621 ms on 172.30.0.8 (executor 0) (10/11)
[2025-12-09T11:06:27.759+0000] {subprocess.py:106} INFO - 25/12/09 11:06:27 INFO TaskSetManager: Finished task 10.0 in stage 0.0 (TID 10) in 218 ms on 172.30.0.8 (executor 0) (11/11)
[2025-12-09T11:06:27.760+0000] {subprocess.py:106} INFO - 25/12/09 11:06:27 INFO TaskSchedulerImpl: Removed TaskSet 0.0, whose tasks have all completed, from pool
[2025-12-09T11:06:27.762+0000] {subprocess.py:106} INFO - 25/12/09 11:06:27 INFO DAGScheduler: ShuffleMapStage 0 (createOrReplace at <unknown>:0) finished in 14.139 s
[2025-12-09T11:06:27.763+0000] {subprocess.py:106} INFO - 25/12/09 11:06:27 INFO DAGScheduler: looking for newly runnable stages
[2025-12-09T11:06:27.765+0000] {subprocess.py:106} INFO - 25/12/09 11:06:27 INFO DAGScheduler: running: Set()
[2025-12-09T11:06:27.766+0000] {subprocess.py:106} INFO - 25/12/09 11:06:27 INFO DAGScheduler: waiting: Set()
[2025-12-09T11:06:27.767+0000] {subprocess.py:106} INFO - 25/12/09 11:06:27 INFO DAGScheduler: failed: Set()
[2025-12-09T11:06:27.813+0000] {subprocess.py:106} INFO - 25/12/09 11:06:27 INFO ShufflePartitionsUtil: For shuffle(0), advisory target size: 67108864, actual target size 1048576, minimum partition size: 1048576
[2025-12-09T11:06:27.906+0000] {subprocess.py:106} INFO - 25/12/09 11:06:27 INFO CodeGenerator: Code generated in 24.056289 ms
[2025-12-09T11:06:27.952+0000] {subprocess.py:106} INFO - 25/12/09 11:06:27 INFO MemoryStore: Block broadcast_3 stored as values in memory (estimated size 32.0 KiB, free 434.2 MiB)
[2025-12-09T11:06:27.958+0000] {subprocess.py:106} INFO - 25/12/09 11:06:27 INFO MemoryStore: Block broadcast_3_piece0 stored as bytes in memory (estimated size 29.6 KiB, free 434.1 MiB)
[2025-12-09T11:06:27.959+0000] {subprocess.py:106} INFO - 25/12/09 11:06:27 INFO BlockManagerInfo: Added broadcast_3_piece0 in memory on 65f44b4fd513:37663 (size: 29.6 KiB, free: 434.3 MiB)
[2025-12-09T11:06:27.961+0000] {subprocess.py:106} INFO - 25/12/09 11:06:27 INFO SparkContext: Created broadcast 3 from broadcast at SparkWrite.java:193
[2025-12-09T11:06:27.965+0000] {subprocess.py:106} INFO - 25/12/09 11:06:27 INFO AppendDataExec: Start processing data source write support: IcebergBatchWrite(table=silver.it_jobs_clean, format=PARQUET). The input RDD has 1 partitions.
[2025-12-09T11:06:27.980+0000] {subprocess.py:106} INFO - 25/12/09 11:06:27 INFO SparkContext: Starting job: createOrReplace at <unknown>:0
[2025-12-09T11:06:27.985+0000] {subprocess.py:106} INFO - 25/12/09 11:06:27 INFO DAGScheduler: Got job 1 (createOrReplace at <unknown>:0) with 1 output partitions
[2025-12-09T11:06:27.986+0000] {subprocess.py:106} INFO - 25/12/09 11:06:27 INFO DAGScheduler: Final stage: ResultStage 2 (createOrReplace at <unknown>:0)
[2025-12-09T11:06:27.987+0000] {subprocess.py:106} INFO - 25/12/09 11:06:27 INFO DAGScheduler: Parents of final stage: List(ShuffleMapStage 1)
[2025-12-09T11:06:27.989+0000] {subprocess.py:106} INFO - 25/12/09 11:06:27 INFO DAGScheduler: Missing parents: List()
[2025-12-09T11:06:27.993+0000] {subprocess.py:106} INFO - 25/12/09 11:06:27 INFO DAGScheduler: Submitting ResultStage 2 (MapPartitionsRDD[10] at createOrReplace at <unknown>:0), which has no missing parents
[2025-12-09T11:06:28.025+0000] {subprocess.py:106} INFO - 25/12/09 11:06:28 INFO MemoryStore: Block broadcast_4 stored as values in memory (estimated size 59.6 KiB, free 434.1 MiB)
[2025-12-09T11:06:28.040+0000] {subprocess.py:106} INFO - 25/12/09 11:06:28 INFO MemoryStore: Block broadcast_4_piece0 stored as bytes in memory (estimated size 24.6 KiB, free 434.1 MiB)
[2025-12-09T11:06:28.042+0000] {subprocess.py:106} INFO - 25/12/09 11:06:28 INFO BlockManagerInfo: Added broadcast_4_piece0 in memory on 65f44b4fd513:37663 (size: 24.6 KiB, free: 434.3 MiB)
[2025-12-09T11:06:28.043+0000] {subprocess.py:106} INFO - 25/12/09 11:06:28 INFO SparkContext: Created broadcast 4 from broadcast at DAGScheduler.scala:1585
[2025-12-09T11:06:28.046+0000] {subprocess.py:106} INFO - 25/12/09 11:06:28 INFO DAGScheduler: Submitting 1 missing tasks from ResultStage 2 (MapPartitionsRDD[10] at createOrReplace at <unknown>:0) (first 15 tasks are for partitions Vector(0))
[2025-12-09T11:06:28.048+0000] {subprocess.py:106} INFO - 25/12/09 11:06:28 INFO TaskSchedulerImpl: Adding task set 2.0 with 1 tasks resource profile 0
[2025-12-09T11:06:28.056+0000] {subprocess.py:106} INFO - 25/12/09 11:06:28 INFO TaskSetManager: Starting task 0.0 in stage 2.0 (TID 11) (172.30.0.8, executor 0, partition 0, NODE_LOCAL, 9331 bytes)
[2025-12-09T11:06:28.119+0000] {subprocess.py:106} INFO - 25/12/09 11:06:28 INFO BlockManagerInfo: Removed broadcast_2_piece0 on 172.30.0.8:46281 in memory (size: 21.0 KiB, free: 434.4 MiB)
[2025-12-09T11:06:28.125+0000] {subprocess.py:106} INFO - 25/12/09 11:06:28 INFO BlockManagerInfo: Removed broadcast_2_piece0 on 65f44b4fd513:37663 in memory (size: 21.0 KiB, free: 434.3 MiB)
[2025-12-09T11:06:28.126+0000] {subprocess.py:106} INFO - 25/12/09 11:06:28 INFO BlockManagerInfo: Added broadcast_4_piece0 in memory on 172.30.0.8:46281 (size: 24.6 KiB, free: 434.3 MiB)
[2025-12-09T11:06:28.225+0000] {subprocess.py:106} INFO - 25/12/09 11:06:28 INFO MapOutputTrackerMasterEndpoint: Asked to send map output locations for shuffle 0 to 172.30.0.8:59468
[2025-12-09T11:06:28.559+0000] {subprocess.py:106} INFO - 25/12/09 11:06:28 INFO BlockManagerInfo: Added broadcast_3_piece0 in memory on 172.30.0.8:46281 (size: 29.6 KiB, free: 434.3 MiB)
[2025-12-09T11:06:29.606+0000] {subprocess.py:106} INFO - 25/12/09 11:06:29 INFO TaskSetManager: Finished task 0.0 in stage 2.0 (TID 11) in 1554 ms on 172.30.0.8 (executor 0) (1/1)
[2025-12-09T11:06:29.609+0000] {subprocess.py:106} INFO - 25/12/09 11:06:29 INFO TaskSchedulerImpl: Removed TaskSet 2.0, whose tasks have all completed, from pool
[2025-12-09T11:06:29.609+0000] {subprocess.py:106} INFO - 25/12/09 11:06:29 INFO DAGScheduler: ResultStage 2 (createOrReplace at <unknown>:0) finished in 1.592 s
[2025-12-09T11:06:29.610+0000] {subprocess.py:106} INFO - 25/12/09 11:06:29 INFO DAGScheduler: Job 1 is finished. Cancelling potential speculative or zombie tasks for this job
[2025-12-09T11:06:29.611+0000] {subprocess.py:106} INFO - 25/12/09 11:06:29 INFO TaskSchedulerImpl: Killing all running tasks in stage 2: Stage finished
[2025-12-09T11:06:29.613+0000] {subprocess.py:106} INFO - 25/12/09 11:06:29 INFO DAGScheduler: Job 1 finished: createOrReplace at <unknown>:0, took 1.632560 s
[2025-12-09T11:06:29.621+0000] {subprocess.py:106} INFO - 25/12/09 11:06:29 INFO AppendDataExec: Data source write support IcebergBatchWrite(table=silver.it_jobs_clean, format=PARQUET) is committing.
[2025-12-09T11:06:29.646+0000] {subprocess.py:106} INFO - 25/12/09 11:06:29 INFO SparkWrite: Committing append with 1 new data files to table silver.it_jobs_clean
[2025-12-09T11:06:30.029+0000] {subprocess.py:106} INFO - 25/12/09 11:06:30 INFO SnapshotProducer: Committed snapshot 419185658014649687 (MergeAppend)
[2025-12-09T11:06:30.071+0000] {subprocess.py:106} INFO - 25/12/09 11:06:30 INFO LoggingMetricsReporter: Received metrics report: CommitReport{tableName=silver.it_jobs_clean, snapshotId=419185658014649687, sequenceNumber=46, operation=append, commitMetrics=CommitMetricsResult{totalDuration=TimerResult{timeUnit=NANOSECONDS, totalDuration=PT0.412565406S, count=1}, attempts=CounterResult{unit=COUNT, value=1}, addedDataFiles=CounterResult{unit=COUNT, value=1}, removedDataFiles=null, totalDataFiles=CounterResult{unit=COUNT, value=1}, addedDeleteFiles=null, addedEqualityDeleteFiles=null, addedPositionalDeleteFiles=null, removedDeleteFiles=null, removedEqualityDeleteFiles=null, removedPositionalDeleteFiles=null, totalDeleteFiles=CounterResult{unit=COUNT, value=0}, addedRecords=CounterResult{unit=COUNT, value=5592}, removedRecords=null, totalRecords=CounterResult{unit=COUNT, value=5592}, addedFilesSizeInBytes=CounterResult{unit=BYTES, value=182826}, removedFilesSizeInBytes=null, totalFilesSizeInBytes=CounterResult{unit=BYTES, value=182826}, addedPositionalDeletes=null, removedPositionalDeletes=null, totalPositionalDeletes=CounterResult{unit=COUNT, value=0}, addedEqualityDeletes=null, removedEqualityDeletes=null, totalEqualityDeletes=CounterResult{unit=COUNT, value=0}}, metadata={engine-version=3.5.3, app-id=app-20251209110602-0003, engine-name=spark, iceberg-version=Apache Iceberg 1.6.1 (commit 8e9d59d299be42b0bca9461457cd1e95dbaad086)}}
[2025-12-09T11:06:30.072+0000] {subprocess.py:106} INFO - 25/12/09 11:06:30 INFO SparkWrite: Committed in 423 ms
[2025-12-09T11:06:30.072+0000] {subprocess.py:106} INFO - 25/12/09 11:06:30 INFO AppendDataExec: Data source write support IcebergBatchWrite(table=silver.it_jobs_clean, format=PARQUET) committed.
[2025-12-09T11:06:30.580+0000] {subprocess.py:106} INFO - 25/12/09 11:06:30 ERROR HiveTableOperations: Cannot tell if commit to silver.it_jobs_clean succeeded, attempting to reconnect and check.
[2025-12-09T11:06:30.581+0000] {subprocess.py:106} INFO - InvalidOperationException(message:The following columns have types incompatible with the existing columns in their respective positions :
[2025-12-09T11:06:30.581+0000] {subprocess.py:106} INFO - location)
[2025-12-09T11:06:30.582+0000] {subprocess.py:106} INFO - 	at org.apache.hadoop.hive.metastore.api.ThriftHiveMetastore$alter_table_with_environment_context_result$alter_table_with_environment_context_resultStandardScheme.read(ThriftHiveMetastore.java:59744)
[2025-12-09T11:06:30.582+0000] {subprocess.py:106} INFO - 	at org.apache.hadoop.hive.metastore.api.ThriftHiveMetastore$alter_table_with_environment_context_result$alter_table_with_environment_context_resultStandardScheme.read(ThriftHiveMetastore.java:59730)
[2025-12-09T11:06:30.583+0000] {subprocess.py:106} INFO - 	at org.apache.hadoop.hive.metastore.api.ThriftHiveMetastore$alter_table_with_environment_context_result.read(ThriftHiveMetastore.java:59672)
[2025-12-09T11:06:30.583+0000] {subprocess.py:106} INFO - 	at org.apache.thrift.TServiceClient.receiveBase(TServiceClient.java:88)
[2025-12-09T11:06:30.584+0000] {subprocess.py:106} INFO - 	at org.apache.hadoop.hive.metastore.api.ThriftHiveMetastore$Client.recv_alter_table_with_environment_context(ThriftHiveMetastore.java:1693)
[2025-12-09T11:06:30.584+0000] {subprocess.py:106} INFO - 	at org.apache.hadoop.hive.metastore.api.ThriftHiveMetastore$Client.alter_table_with_environment_context(ThriftHiveMetastore.java:1677)
[2025-12-09T11:06:30.585+0000] {subprocess.py:106} INFO - 	at org.apache.hadoop.hive.metastore.HiveMetaStoreClient.alter_table_with_environmentContext(HiveMetaStoreClient.java:373)
[2025-12-09T11:06:30.585+0000] {subprocess.py:106} INFO - 	at java.base/jdk.internal.reflect.NativeMethodAccessorImpl.invoke0(Native Method)
[2025-12-09T11:06:30.586+0000] {subprocess.py:106} INFO - 	at java.base/jdk.internal.reflect.NativeMethodAccessorImpl.invoke(Unknown Source)
[2025-12-09T11:06:30.586+0000] {subprocess.py:106} INFO - 	at java.base/jdk.internal.reflect.DelegatingMethodAccessorImpl.invoke(Unknown Source)
[2025-12-09T11:06:30.587+0000] {subprocess.py:106} INFO - 	at java.base/java.lang.reflect.Method.invoke(Unknown Source)
[2025-12-09T11:06:30.587+0000] {subprocess.py:106} INFO - 	at org.apache.hadoop.hive.metastore.RetryingMetaStoreClient.invoke(RetryingMetaStoreClient.java:169)
[2025-12-09T11:06:30.587+0000] {subprocess.py:106} INFO - 	at com.sun.proxy.$Proxy30.alter_table_with_environmentContext(Unknown Source)
[2025-12-09T11:06:30.588+0000] {subprocess.py:106} INFO - 	at java.base/jdk.internal.reflect.NativeMethodAccessorImpl.invoke0(Native Method)
[2025-12-09T11:06:30.588+0000] {subprocess.py:106} INFO - 	at java.base/jdk.internal.reflect.NativeMethodAccessorImpl.invoke(Unknown Source)
[2025-12-09T11:06:30.589+0000] {subprocess.py:106} INFO - 	at java.base/jdk.internal.reflect.DelegatingMethodAccessorImpl.invoke(Unknown Source)
[2025-12-09T11:06:30.589+0000] {subprocess.py:106} INFO - 	at java.base/java.lang.reflect.Method.invoke(Unknown Source)
[2025-12-09T11:06:30.590+0000] {subprocess.py:106} INFO - 	at org.apache.iceberg.common.DynMethods$UnboundMethod.invokeChecked(DynMethods.java:62)
[2025-12-09T11:06:30.590+0000] {subprocess.py:106} INFO - 	at org.apache.iceberg.common.DynMethods$UnboundMethod.invoke(DynMethods.java:74)
[2025-12-09T11:06:30.590+0000] {subprocess.py:106} INFO - 	at org.apache.iceberg.hive.MetastoreUtil.alterTable(MetastoreUtil.java:78)
[2025-12-09T11:06:30.591+0000] {subprocess.py:106} INFO - 	at org.apache.iceberg.hive.HiveOperationsBase.lambda$persistTable$1(HiveOperationsBase.java:139)
[2025-12-09T11:06:30.591+0000] {subprocess.py:106} INFO - 	at org.apache.iceberg.ClientPoolImpl.run(ClientPoolImpl.java:72)
[2025-12-09T11:06:30.592+0000] {subprocess.py:106} INFO - 	at org.apache.iceberg.ClientPoolImpl.run(ClientPoolImpl.java:65)
[2025-12-09T11:06:30.592+0000] {subprocess.py:106} INFO - 	at org.apache.iceberg.hive.CachedClientPool.run(CachedClientPool.java:122)
[2025-12-09T11:06:30.592+0000] {subprocess.py:106} INFO - 	at org.apache.iceberg.hive.HiveOperationsBase.persistTable(HiveOperationsBase.java:137)
[2025-12-09T11:06:30.593+0000] {subprocess.py:106} INFO - 	at org.apache.iceberg.hive.HiveTableOperations.doCommit(HiveTableOperations.java:244)
[2025-12-09T11:06:30.593+0000] {subprocess.py:106} INFO - 	at org.apache.iceberg.BaseMetastoreTableOperations.commit(BaseMetastoreTableOperations.java:128)
[2025-12-09T11:06:30.593+0000] {subprocess.py:106} INFO - 	at org.apache.iceberg.BaseTransaction.lambda$commitReplaceTransaction$1(BaseTransaction.java:381)
[2025-12-09T11:06:30.597+0000] {subprocess.py:106} INFO - 	at org.apache.iceberg.util.Tasks$Builder.runTaskWithRetry(Tasks.java:413)
[2025-12-09T11:06:30.598+0000] {subprocess.py:106} INFO - 	at org.apache.iceberg.util.Tasks$Builder.runSingleThreaded(Tasks.java:219)
[2025-12-09T11:06:30.598+0000] {subprocess.py:106} INFO - 	at org.apache.iceberg.util.Tasks$Builder.run(Tasks.java:203)
[2025-12-09T11:06:30.599+0000] {subprocess.py:106} INFO - 	at org.apache.iceberg.util.Tasks$Builder.run(Tasks.java:196)
[2025-12-09T11:06:30.599+0000] {subprocess.py:106} INFO - 	at org.apache.iceberg.BaseTransaction.commitReplaceTransaction(BaseTransaction.java:365)
[2025-12-09T11:06:30.600+0000] {subprocess.py:106} INFO - 	at org.apache.iceberg.BaseTransaction.commitTransaction(BaseTransaction.java:314)
[2025-12-09T11:06:30.600+0000] {subprocess.py:106} INFO - 	at org.apache.iceberg.CommitCallbackTransaction.commitTransaction(CommitCallbackTransaction.java:126)
[2025-12-09T11:06:30.600+0000] {subprocess.py:106} INFO - 	at org.apache.iceberg.spark.source.StagedSparkTable.commitStagedChanges(StagedSparkTable.java:34)
[2025-12-09T11:06:30.601+0000] {subprocess.py:106} INFO - 	at org.apache.spark.sql.execution.datasources.v2.V2CreateTableAsSelectBaseExec.$anonfun$writeToTable$1(WriteToDataSourceV2Exec.scala:585)
[2025-12-09T11:06:30.601+0000] {subprocess.py:106} INFO - 	at org.apache.spark.util.Utils$.tryWithSafeFinallyAndFailureCallbacks(Utils.scala:1397)
[2025-12-09T11:06:30.601+0000] {subprocess.py:106} INFO - 	at org.apache.spark.sql.execution.datasources.v2.V2CreateTableAsSelectBaseExec.writeToTable(WriteToDataSourceV2Exec.scala:578)
[2025-12-09T11:06:30.602+0000] {subprocess.py:106} INFO - 	at org.apache.spark.sql.execution.datasources.v2.V2CreateTableAsSelectBaseExec.writeToTable$(WriteToDataSourceV2Exec.scala:572)
[2025-12-09T11:06:30.602+0000] {subprocess.py:106} INFO - 	at org.apache.spark.sql.execution.datasources.v2.AtomicReplaceTableAsSelectExec.writeToTable(WriteToDataSourceV2Exec.scala:186)
[2025-12-09T11:06:30.603+0000] {subprocess.py:106} INFO - 	at org.apache.spark.sql.execution.datasources.v2.AtomicReplaceTableAsSelectExec.run(WriteToDataSourceV2Exec.scala:221)
[2025-12-09T11:06:30.603+0000] {subprocess.py:106} INFO - 	at org.apache.spark.sql.execution.datasources.v2.V2CommandExec.result$lzycompute(V2CommandExec.scala:43)
[2025-12-09T11:06:30.603+0000] {subprocess.py:106} INFO - 	at org.apache.spark.sql.execution.datasources.v2.V2CommandExec.result(V2CommandExec.scala:43)
[2025-12-09T11:06:30.604+0000] {subprocess.py:106} INFO - 	at org.apache.spark.sql.execution.datasources.v2.V2CommandExec.executeCollect(V2CommandExec.scala:49)
[2025-12-09T11:06:30.604+0000] {subprocess.py:106} INFO - 	at org.apache.spark.sql.execution.QueryExecution$$anonfun$eagerlyExecuteCommands$1.$anonfun$applyOrElse$1(QueryExecution.scala:107)
[2025-12-09T11:06:30.605+0000] {subprocess.py:106} INFO - 	at org.apache.spark.sql.execution.SQLExecution$.$anonfun$withNewExecutionId$6(SQLExecution.scala:125)
[2025-12-09T11:06:30.605+0000] {subprocess.py:106} INFO - 	at org.apache.spark.sql.execution.SQLExecution$.withSQLConfPropagated(SQLExecution.scala:201)
[2025-12-09T11:06:30.605+0000] {subprocess.py:106} INFO - 	at org.apache.spark.sql.execution.SQLExecution$.$anonfun$withNewExecutionId$1(SQLExecution.scala:108)
[2025-12-09T11:06:30.606+0000] {subprocess.py:106} INFO - 	at org.apache.spark.sql.SparkSession.withActive(SparkSession.scala:900)
[2025-12-09T11:06:30.606+0000] {subprocess.py:106} INFO - 	at org.apache.spark.sql.execution.SQLExecution$.withNewExecutionId(SQLExecution.scala:66)
[2025-12-09T11:06:30.607+0000] {subprocess.py:106} INFO - 	at org.apache.spark.sql.execution.QueryExecution$$anonfun$eagerlyExecuteCommands$1.applyOrElse(QueryExecution.scala:107)
[2025-12-09T11:06:30.607+0000] {subprocess.py:106} INFO - 	at org.apache.spark.sql.execution.QueryExecution$$anonfun$eagerlyExecuteCommands$1.applyOrElse(QueryExecution.scala:98)
[2025-12-09T11:06:30.607+0000] {subprocess.py:106} INFO - 	at org.apache.spark.sql.catalyst.trees.TreeNode.$anonfun$transformDownWithPruning$1(TreeNode.scala:461)
[2025-12-09T11:06:30.608+0000] {subprocess.py:106} INFO - 	at org.apache.spark.sql.catalyst.trees.CurrentOrigin$.withOrigin(origin.scala:76)
[2025-12-09T11:06:30.608+0000] {subprocess.py:106} INFO - 	at org.apache.spark.sql.catalyst.trees.TreeNode.transformDownWithPruning(TreeNode.scala:461)
[2025-12-09T11:06:30.609+0000] {subprocess.py:106} INFO - 	at org.apache.spark.sql.catalyst.plans.logical.LogicalPlan.org$apache$spark$sql$catalyst$plans$logical$AnalysisHelper$$super$transformDownWithPruning(LogicalPlan.scala:32)
[2025-12-09T11:06:30.609+0000] {subprocess.py:106} INFO - 	at org.apache.spark.sql.catalyst.plans.logical.AnalysisHelper.transformDownWithPruning(AnalysisHelper.scala:267)
[2025-12-09T11:06:30.609+0000] {subprocess.py:106} INFO - 	at org.apache.spark.sql.catalyst.plans.logical.AnalysisHelper.transformDownWithPruning$(AnalysisHelper.scala:263)
[2025-12-09T11:06:30.610+0000] {subprocess.py:106} INFO - 	at org.apache.spark.sql.catalyst.plans.logical.LogicalPlan.transformDownWithPruning(LogicalPlan.scala:32)
[2025-12-09T11:06:30.610+0000] {subprocess.py:106} INFO - 	at org.apache.spark.sql.catalyst.plans.logical.LogicalPlan.transformDownWithPruning(LogicalPlan.scala:32)
[2025-12-09T11:06:30.611+0000] {subprocess.py:106} INFO - 	at org.apache.spark.sql.catalyst.trees.TreeNode.transformDown(TreeNode.scala:437)
[2025-12-09T11:06:30.611+0000] {subprocess.py:106} INFO - 	at org.apache.spark.sql.execution.QueryExecution.eagerlyExecuteCommands(QueryExecution.scala:98)
[2025-12-09T11:06:30.612+0000] {subprocess.py:106} INFO - 	at org.apache.spark.sql.execution.QueryExecution.commandExecuted$lzycompute(QueryExecution.scala:85)
[2025-12-09T11:06:30.612+0000] {subprocess.py:106} INFO - 	at org.apache.spark.sql.execution.QueryExecution.commandExecuted(QueryExecution.scala:83)
[2025-12-09T11:06:30.613+0000] {subprocess.py:106} INFO - 	at org.apache.spark.sql.execution.QueryExecution.assertCommandExecuted(QueryExecution.scala:142)
[2025-12-09T11:06:30.616+0000] {subprocess.py:106} INFO - 	at org.apache.spark.sql.DataFrameWriterV2.runCommand(DataFrameWriterV2.scala:201)
[2025-12-09T11:06:30.617+0000] {subprocess.py:106} INFO - 	at org.apache.spark.sql.DataFrameWriterV2.internalReplace(DataFrameWriterV2.scala:213)
[2025-12-09T11:06:30.617+0000] {subprocess.py:106} INFO - 	at org.apache.spark.sql.DataFrameWriterV2.createOrReplace(DataFrameWriterV2.scala:135)
[2025-12-09T11:06:30.618+0000] {subprocess.py:106} INFO - 	at java.base/jdk.internal.reflect.NativeMethodAccessorImpl.invoke0(Native Method)
[2025-12-09T11:06:30.618+0000] {subprocess.py:106} INFO - 	at java.base/jdk.internal.reflect.NativeMethodAccessorImpl.invoke(Unknown Source)
[2025-12-09T11:06:30.618+0000] {subprocess.py:106} INFO - 	at java.base/jdk.internal.reflect.DelegatingMethodAccessorImpl.invoke(Unknown Source)
[2025-12-09T11:06:30.622+0000] {subprocess.py:106} INFO - 	at java.base/java.lang.reflect.Method.invoke(Unknown Source)
[2025-12-09T11:06:30.623+0000] {subprocess.py:106} INFO - 	at py4j.reflection.MethodInvoker.invoke(MethodInvoker.java:244)
[2025-12-09T11:06:30.623+0000] {subprocess.py:106} INFO - 	at py4j.reflection.ReflectionEngine.invoke(ReflectionEngine.java:374)
[2025-12-09T11:06:30.624+0000] {subprocess.py:106} INFO - 	at py4j.Gateway.invoke(Gateway.java:282)
[2025-12-09T11:06:30.624+0000] {subprocess.py:106} INFO - 	at py4j.commands.AbstractCommand.invokeMethod(AbstractCommand.java:132)
[2025-12-09T11:06:30.625+0000] {subprocess.py:106} INFO - 	at py4j.commands.CallCommand.execute(CallCommand.java:79)
[2025-12-09T11:06:30.625+0000] {subprocess.py:106} INFO - 	at py4j.ClientServerConnection.waitForCommands(ClientServerConnection.java:182)
[2025-12-09T11:06:30.626+0000] {subprocess.py:106} INFO - 	at py4j.ClientServerConnection.run(ClientServerConnection.java:106)
[2025-12-09T11:06:30.626+0000] {subprocess.py:106} INFO - 	at java.base/java.lang.Thread.run(Unknown Source)
[2025-12-09T11:06:30.627+0000] {subprocess.py:106} INFO - 25/12/09 11:06:30 WARN BaseMetastoreOperations: Commit status check: Commit to hive_catalog.silver.it_jobs_clean of hdfs://dinhhoa-master:9000/user/ndh/warehouse/silver.db/it_jobs_clean/metadata/00045-f446f47a-0fc1-4bdb-9531-139bc168af99.metadata.json unknown, new metadata location is not current or in history
[2025-12-09T11:06:30.627+0000] {subprocess.py:106} INFO - 25/12/09 11:06:30 ERROR BaseMetastoreOperations: Cannot determine commit state to hive_catalog.silver.it_jobs_clean. Failed during checking 3 times. Treating commit state as unknown.
[2025-12-09T11:06:30.628+0000] {subprocess.py:106} INFO - 25/12/09 11:06:30 ERROR Utils: Aborting task
[2025-12-09T11:06:30.628+0000] {subprocess.py:106} INFO - org.apache.iceberg.exceptions.CommitStateUnknownException: The following columns have types incompatible with the existing columns in their respective positions :
[2025-12-09T11:06:30.629+0000] {subprocess.py:106} INFO - location
[2025-12-09T11:06:30.629+0000] {subprocess.py:106} INFO - Cannot determine whether the commit was successful or not, the underlying data files may or may not be needed. Manual intervention via the Remove Orphan Files Action can remove these files when a connection to the Catalog can be re-established if the commit was actually unsuccessful.
[2025-12-09T11:06:30.630+0000] {subprocess.py:106} INFO - Please check to see whether or not your commit was successful before retrying this commit. Retrying an already successful operation will result in duplicate records or unintentional modifications.
[2025-12-09T11:06:30.630+0000] {subprocess.py:106} INFO - At this time no files will be deleted including possibly unused manifest lists.
[2025-12-09T11:06:30.631+0000] {subprocess.py:106} INFO - 	at org.apache.iceberg.hive.HiveTableOperations.doCommit(HiveTableOperations.java:300)
[2025-12-09T11:06:30.631+0000] {subprocess.py:106} INFO - 	at org.apache.iceberg.BaseMetastoreTableOperations.commit(BaseMetastoreTableOperations.java:128)
[2025-12-09T11:06:30.632+0000] {subprocess.py:106} INFO - 	at org.apache.iceberg.BaseTransaction.lambda$commitReplaceTransaction$1(BaseTransaction.java:381)
[2025-12-09T11:06:30.632+0000] {subprocess.py:106} INFO - 	at org.apache.iceberg.util.Tasks$Builder.runTaskWithRetry(Tasks.java:413)
[2025-12-09T11:06:30.633+0000] {subprocess.py:106} INFO - 	at org.apache.iceberg.util.Tasks$Builder.runSingleThreaded(Tasks.java:219)
[2025-12-09T11:06:30.633+0000] {subprocess.py:106} INFO - 	at org.apache.iceberg.util.Tasks$Builder.run(Tasks.java:203)
[2025-12-09T11:06:30.634+0000] {subprocess.py:106} INFO - 	at org.apache.iceberg.util.Tasks$Builder.run(Tasks.java:196)
[2025-12-09T11:06:30.634+0000] {subprocess.py:106} INFO - 	at org.apache.iceberg.BaseTransaction.commitReplaceTransaction(BaseTransaction.java:365)
[2025-12-09T11:06:30.635+0000] {subprocess.py:106} INFO - 	at org.apache.iceberg.BaseTransaction.commitTransaction(BaseTransaction.java:314)
[2025-12-09T11:06:30.636+0000] {subprocess.py:106} INFO - 	at org.apache.iceberg.CommitCallbackTransaction.commitTransaction(CommitCallbackTransaction.java:126)
[2025-12-09T11:06:30.637+0000] {subprocess.py:106} INFO - 	at org.apache.iceberg.spark.source.StagedSparkTable.commitStagedChanges(StagedSparkTable.java:34)
[2025-12-09T11:06:30.638+0000] {subprocess.py:106} INFO - 	at org.apache.spark.sql.execution.datasources.v2.V2CreateTableAsSelectBaseExec.$anonfun$writeToTable$1(WriteToDataSourceV2Exec.scala:585)
[2025-12-09T11:06:30.638+0000] {subprocess.py:106} INFO - 	at org.apache.spark.util.Utils$.tryWithSafeFinallyAndFailureCallbacks(Utils.scala:1397)
[2025-12-09T11:06:30.639+0000] {subprocess.py:106} INFO - 	at org.apache.spark.sql.execution.datasources.v2.V2CreateTableAsSelectBaseExec.writeToTable(WriteToDataSourceV2Exec.scala:578)
[2025-12-09T11:06:30.639+0000] {subprocess.py:106} INFO - 	at org.apache.spark.sql.execution.datasources.v2.V2CreateTableAsSelectBaseExec.writeToTable$(WriteToDataSourceV2Exec.scala:572)
[2025-12-09T11:06:30.639+0000] {subprocess.py:106} INFO - 	at org.apache.spark.sql.execution.datasources.v2.AtomicReplaceTableAsSelectExec.writeToTable(WriteToDataSourceV2Exec.scala:186)
[2025-12-09T11:06:30.640+0000] {subprocess.py:106} INFO - 	at org.apache.spark.sql.execution.datasources.v2.AtomicReplaceTableAsSelectExec.run(WriteToDataSourceV2Exec.scala:221)
[2025-12-09T11:06:30.640+0000] {subprocess.py:106} INFO - 	at org.apache.spark.sql.execution.datasources.v2.V2CommandExec.result$lzycompute(V2CommandExec.scala:43)
[2025-12-09T11:06:30.641+0000] {subprocess.py:106} INFO - 	at org.apache.spark.sql.execution.datasources.v2.V2CommandExec.result(V2CommandExec.scala:43)
[2025-12-09T11:06:30.641+0000] {subprocess.py:106} INFO - 	at org.apache.spark.sql.execution.datasources.v2.V2CommandExec.executeCollect(V2CommandExec.scala:49)
[2025-12-09T11:06:30.642+0000] {subprocess.py:106} INFO - 	at org.apache.spark.sql.execution.QueryExecution$$anonfun$eagerlyExecuteCommands$1.$anonfun$applyOrElse$1(QueryExecution.scala:107)
[2025-12-09T11:06:30.642+0000] {subprocess.py:106} INFO - 	at org.apache.spark.sql.execution.SQLExecution$.$anonfun$withNewExecutionId$6(SQLExecution.scala:125)
[2025-12-09T11:06:30.643+0000] {subprocess.py:106} INFO - 	at org.apache.spark.sql.execution.SQLExecution$.withSQLConfPropagated(SQLExecution.scala:201)
[2025-12-09T11:06:30.643+0000] {subprocess.py:106} INFO - 	at org.apache.spark.sql.execution.SQLExecution$.$anonfun$withNewExecutionId$1(SQLExecution.scala:108)
[2025-12-09T11:06:30.645+0000] {subprocess.py:106} INFO - 	at org.apache.spark.sql.SparkSession.withActive(SparkSession.scala:900)
[2025-12-09T11:06:30.645+0000] {subprocess.py:106} INFO - 	at org.apache.spark.sql.execution.SQLExecution$.withNewExecutionId(SQLExecution.scala:66)
[2025-12-09T11:06:30.646+0000] {subprocess.py:106} INFO - 	at org.apache.spark.sql.execution.QueryExecution$$anonfun$eagerlyExecuteCommands$1.applyOrElse(QueryExecution.scala:107)
[2025-12-09T11:06:30.646+0000] {subprocess.py:106} INFO - 	at org.apache.spark.sql.execution.QueryExecution$$anonfun$eagerlyExecuteCommands$1.applyOrElse(QueryExecution.scala:98)
[2025-12-09T11:06:30.647+0000] {subprocess.py:106} INFO - 	at org.apache.spark.sql.catalyst.trees.TreeNode.$anonfun$transformDownWithPruning$1(TreeNode.scala:461)
[2025-12-09T11:06:30.647+0000] {subprocess.py:106} INFO - 	at org.apache.spark.sql.catalyst.trees.CurrentOrigin$.withOrigin(origin.scala:76)
[2025-12-09T11:06:30.647+0000] {subprocess.py:106} INFO - 	at org.apache.spark.sql.catalyst.trees.TreeNode.transformDownWithPruning(TreeNode.scala:461)
[2025-12-09T11:06:30.648+0000] {subprocess.py:106} INFO - 	at org.apache.spark.sql.catalyst.plans.logical.LogicalPlan.org$apache$spark$sql$catalyst$plans$logical$AnalysisHelper$$super$transformDownWithPruning(LogicalPlan.scala:32)
[2025-12-09T11:06:30.648+0000] {subprocess.py:106} INFO - 	at org.apache.spark.sql.catalyst.plans.logical.AnalysisHelper.transformDownWithPruning(AnalysisHelper.scala:267)
[2025-12-09T11:06:30.649+0000] {subprocess.py:106} INFO - 	at org.apache.spark.sql.catalyst.plans.logical.AnalysisHelper.transformDownWithPruning$(AnalysisHelper.scala:263)
[2025-12-09T11:06:30.649+0000] {subprocess.py:106} INFO - 	at org.apache.spark.sql.catalyst.plans.logical.LogicalPlan.transformDownWithPruning(LogicalPlan.scala:32)
[2025-12-09T11:06:30.650+0000] {subprocess.py:106} INFO - 	at org.apache.spark.sql.catalyst.plans.logical.LogicalPlan.transformDownWithPruning(LogicalPlan.scala:32)
[2025-12-09T11:06:30.650+0000] {subprocess.py:106} INFO - 	at org.apache.spark.sql.catalyst.trees.TreeNode.transformDown(TreeNode.scala:437)
[2025-12-09T11:06:30.651+0000] {subprocess.py:106} INFO - 	at org.apache.spark.sql.execution.QueryExecution.eagerlyExecuteCommands(QueryExecution.scala:98)
[2025-12-09T11:06:30.651+0000] {subprocess.py:106} INFO - 	at org.apache.spark.sql.execution.QueryExecution.commandExecuted$lzycompute(QueryExecution.scala:85)
[2025-12-09T11:06:30.651+0000] {subprocess.py:106} INFO - 	at org.apache.spark.sql.execution.QueryExecution.commandExecuted(QueryExecution.scala:83)
[2025-12-09T11:06:30.652+0000] {subprocess.py:106} INFO - 	at org.apache.spark.sql.execution.QueryExecution.assertCommandExecuted(QueryExecution.scala:142)
[2025-12-09T11:06:30.652+0000] {subprocess.py:106} INFO - 	at org.apache.spark.sql.DataFrameWriterV2.runCommand(DataFrameWriterV2.scala:201)
[2025-12-09T11:06:30.653+0000] {subprocess.py:106} INFO - 	at org.apache.spark.sql.DataFrameWriterV2.internalReplace(DataFrameWriterV2.scala:213)
[2025-12-09T11:06:30.653+0000] {subprocess.py:106} INFO - 	at org.apache.spark.sql.DataFrameWriterV2.createOrReplace(DataFrameWriterV2.scala:135)
[2025-12-09T11:06:30.654+0000] {subprocess.py:106} INFO - 	at java.base/jdk.internal.reflect.NativeMethodAccessorImpl.invoke0(Native Method)
[2025-12-09T11:06:30.656+0000] {subprocess.py:106} INFO - 	at java.base/jdk.internal.reflect.NativeMethodAccessorImpl.invoke(Unknown Source)
[2025-12-09T11:06:30.656+0000] {subprocess.py:106} INFO - 	at java.base/jdk.internal.reflect.DelegatingMethodAccessorImpl.invoke(Unknown Source)
[2025-12-09T11:06:30.657+0000] {subprocess.py:106} INFO - 	at java.base/java.lang.reflect.Method.invoke(Unknown Source)
[2025-12-09T11:06:30.657+0000] {subprocess.py:106} INFO - 	at py4j.reflection.MethodInvoker.invoke(MethodInvoker.java:244)
[2025-12-09T11:06:30.658+0000] {subprocess.py:106} INFO - 	at py4j.reflection.ReflectionEngine.invoke(ReflectionEngine.java:374)
[2025-12-09T11:06:30.658+0000] {subprocess.py:106} INFO - 	at py4j.Gateway.invoke(Gateway.java:282)
[2025-12-09T11:06:30.659+0000] {subprocess.py:106} INFO - 	at py4j.commands.AbstractCommand.invokeMethod(AbstractCommand.java:132)
[2025-12-09T11:06:30.659+0000] {subprocess.py:106} INFO - 	at py4j.commands.CallCommand.execute(CallCommand.java:79)
[2025-12-09T11:06:30.660+0000] {subprocess.py:106} INFO - 	at py4j.ClientServerConnection.waitForCommands(ClientServerConnection.java:182)
[2025-12-09T11:06:30.660+0000] {subprocess.py:106} INFO - 	at py4j.ClientServerConnection.run(ClientServerConnection.java:106)
[2025-12-09T11:06:30.660+0000] {subprocess.py:106} INFO - 	at java.base/java.lang.Thread.run(Unknown Source)
[2025-12-09T11:06:30.661+0000] {subprocess.py:106} INFO - Caused by: InvalidOperationException(message:The following columns have types incompatible with the existing columns in their respective positions :
[2025-12-09T11:06:30.661+0000] {subprocess.py:106} INFO - location)
[2025-12-09T11:06:30.662+0000] {subprocess.py:106} INFO - 	at org.apache.hadoop.hive.metastore.api.ThriftHiveMetastore$alter_table_with_environment_context_result$alter_table_with_environment_context_resultStandardScheme.read(ThriftHiveMetastore.java:59744)
[2025-12-09T11:06:30.662+0000] {subprocess.py:106} INFO - 	at org.apache.hadoop.hive.metastore.api.ThriftHiveMetastore$alter_table_with_environment_context_result$alter_table_with_environment_context_resultStandardScheme.read(ThriftHiveMetastore.java:59730)
[2025-12-09T11:06:30.662+0000] {subprocess.py:106} INFO - 	at org.apache.hadoop.hive.metastore.api.ThriftHiveMetastore$alter_table_with_environment_context_result.read(ThriftHiveMetastore.java:59672)
[2025-12-09T11:06:30.663+0000] {subprocess.py:106} INFO - 	at org.apache.thrift.TServiceClient.receiveBase(TServiceClient.java:88)
[2025-12-09T11:06:30.663+0000] {subprocess.py:106} INFO - 	at org.apache.hadoop.hive.metastore.api.ThriftHiveMetastore$Client.recv_alter_table_with_environment_context(ThriftHiveMetastore.java:1693)
[2025-12-09T11:06:30.664+0000] {subprocess.py:106} INFO - 	at org.apache.hadoop.hive.metastore.api.ThriftHiveMetastore$Client.alter_table_with_environment_context(ThriftHiveMetastore.java:1677)
[2025-12-09T11:06:30.664+0000] {subprocess.py:106} INFO - 	at org.apache.hadoop.hive.metastore.HiveMetaStoreClient.alter_table_with_environmentContext(HiveMetaStoreClient.java:373)
[2025-12-09T11:06:30.665+0000] {subprocess.py:106} INFO - 	at java.base/jdk.internal.reflect.NativeMethodAccessorImpl.invoke0(Native Method)
[2025-12-09T11:06:30.665+0000] {subprocess.py:106} INFO - 	at java.base/jdk.internal.reflect.NativeMethodAccessorImpl.invoke(Unknown Source)
[2025-12-09T11:06:30.665+0000] {subprocess.py:106} INFO - 	at java.base/jdk.internal.reflect.DelegatingMethodAccessorImpl.invoke(Unknown Source)
[2025-12-09T11:06:30.666+0000] {subprocess.py:106} INFO - 	at java.base/java.lang.reflect.Method.invoke(Unknown Source)
[2025-12-09T11:06:30.666+0000] {subprocess.py:106} INFO - 	at org.apache.hadoop.hive.metastore.RetryingMetaStoreClient.invoke(RetryingMetaStoreClient.java:169)
[2025-12-09T11:06:30.667+0000] {subprocess.py:106} INFO - 	at com.sun.proxy.$Proxy30.alter_table_with_environmentContext(Unknown Source)
[2025-12-09T11:06:30.667+0000] {subprocess.py:106} INFO - 	at java.base/jdk.internal.reflect.NativeMethodAccessorImpl.invoke0(Native Method)
[2025-12-09T11:06:30.668+0000] {subprocess.py:106} INFO - 	at java.base/jdk.internal.reflect.NativeMethodAccessorImpl.invoke(Unknown Source)
[2025-12-09T11:06:30.668+0000] {subprocess.py:106} INFO - 	at java.base/jdk.internal.reflect.DelegatingMethodAccessorImpl.invoke(Unknown Source)
[2025-12-09T11:06:30.668+0000] {subprocess.py:106} INFO - 	at java.base/java.lang.reflect.Method.invoke(Unknown Source)
[2025-12-09T11:06:30.669+0000] {subprocess.py:106} INFO - 	at org.apache.iceberg.common.DynMethods$UnboundMethod.invokeChecked(DynMethods.java:62)
[2025-12-09T11:06:30.669+0000] {subprocess.py:106} INFO - 	at org.apache.iceberg.common.DynMethods$UnboundMethod.invoke(DynMethods.java:74)
[2025-12-09T11:06:30.669+0000] {subprocess.py:106} INFO - 	at org.apache.iceberg.hive.MetastoreUtil.alterTable(MetastoreUtil.java:78)
[2025-12-09T11:06:30.670+0000] {subprocess.py:106} INFO - 	at org.apache.iceberg.hive.HiveOperationsBase.lambda$persistTable$1(HiveOperationsBase.java:139)
[2025-12-09T11:06:30.670+0000] {subprocess.py:106} INFO - 	at org.apache.iceberg.ClientPoolImpl.run(ClientPoolImpl.java:72)
[2025-12-09T11:06:30.670+0000] {subprocess.py:106} INFO - 	at org.apache.iceberg.ClientPoolImpl.run(ClientPoolImpl.java:65)
[2025-12-09T11:06:30.671+0000] {subprocess.py:106} INFO - 	at org.apache.iceberg.hive.CachedClientPool.run(CachedClientPool.java:122)
[2025-12-09T11:06:30.671+0000] {subprocess.py:106} INFO - 	at org.apache.iceberg.hive.HiveOperationsBase.persistTable(HiveOperationsBase.java:137)
[2025-12-09T11:06:30.672+0000] {subprocess.py:106} INFO - 	at org.apache.iceberg.hive.HiveTableOperations.doCommit(HiveTableOperations.java:244)
[2025-12-09T11:06:30.672+0000] {subprocess.py:106} INFO - 	... 55 more
[2025-12-09T11:06:30.715+0000] {subprocess.py:106} INFO - 25/12/09 11:06:30 INFO BlockManagerInfo: Removed broadcast_3_piece0 on 65f44b4fd513:37663 in memory (size: 29.6 KiB, free: 434.3 MiB)
[2025-12-09T11:06:30.719+0000] {subprocess.py:106} INFO - 25/12/09 11:06:30 INFO BlockManagerInfo: Removed broadcast_3_piece0 on 172.30.0.8:46281 in memory (size: 29.6 KiB, free: 434.3 MiB)
[2025-12-09T11:06:30.729+0000] {subprocess.py:106} INFO - 25/12/09 11:06:30 INFO BlockManagerInfo: Removed broadcast_4_piece0 on 65f44b4fd513:37663 in memory (size: 24.6 KiB, free: 434.3 MiB)
[2025-12-09T11:06:30.732+0000] {subprocess.py:106} INFO - 25/12/09 11:06:30 INFO BlockManagerInfo: Removed broadcast_4_piece0 on 172.30.0.8:46281 in memory (size: 24.6 KiB, free: 434.4 MiB)
[2025-12-09T11:06:30.759+0000] {subprocess.py:106} INFO - Traceback (most recent call last):
[2025-12-09T11:06:30.760+0000] {subprocess.py:106} INFO -   File "/opt/spark/scripts/Clean_Silver.py", line 91, in <module>
[2025-12-09T11:06:30.762+0000] {subprocess.py:106} INFO -     df_clean.writeTo(f"hive_catalog.{DATABASE_SILVER}.{TABLE_SILVER}")
[2025-12-09T11:06:30.762+0000] {subprocess.py:106} INFO -   File "/opt/spark/python/lib/pyspark.zip/pyspark/sql/readwriter.py", line 2100, in createOrReplace
[2025-12-09T11:06:30.763+0000] {subprocess.py:106} INFO -   File "/opt/spark/python/lib/py4j-0.10.9.7-src.zip/py4j/java_gateway.py", line 1322, in __call__
[2025-12-09T11:06:30.764+0000] {subprocess.py:106} INFO -   File "/opt/spark/python/lib/pyspark.zip/pyspark/errors/exceptions/captured.py", line 179, in deco
[2025-12-09T11:06:30.764+0000] {subprocess.py:106} INFO -   File "/opt/spark/python/lib/py4j-0.10.9.7-src.zip/py4j/protocol.py", line 326, in get_return_value
[2025-12-09T11:06:30.806+0000] {subprocess.py:106} INFO - py4j.protocol.Py4JJavaError: An error occurred while calling o106.createOrReplace.
[2025-12-09T11:06:30.806+0000] {subprocess.py:106} INFO - : org.apache.iceberg.exceptions.CommitStateUnknownException: The following columns have types incompatible with the existing columns in their respective positions :
[2025-12-09T11:06:30.807+0000] {subprocess.py:106} INFO - location
[2025-12-09T11:06:30.808+0000] {subprocess.py:106} INFO - Cannot determine whether the commit was successful or not, the underlying data files may or may not be needed. Manual intervention via the Remove Orphan Files Action can remove these files when a connection to the Catalog can be re-established if the commit was actually unsuccessful.
[2025-12-09T11:06:30.808+0000] {subprocess.py:106} INFO - Please check to see whether or not your commit was successful before retrying this commit. Retrying an already successful operation will result in duplicate records or unintentional modifications.
[2025-12-09T11:06:30.809+0000] {subprocess.py:106} INFO - At this time no files will be deleted including possibly unused manifest lists.
[2025-12-09T11:06:30.809+0000] {subprocess.py:106} INFO - 	at org.apache.iceberg.hive.HiveTableOperations.doCommit(HiveTableOperations.java:300)
[2025-12-09T11:06:30.810+0000] {subprocess.py:106} INFO - 	at org.apache.iceberg.BaseMetastoreTableOperations.commit(BaseMetastoreTableOperations.java:128)
[2025-12-09T11:06:30.810+0000] {subprocess.py:106} INFO - 	at org.apache.iceberg.BaseTransaction.lambda$commitReplaceTransaction$1(BaseTransaction.java:381)
[2025-12-09T11:06:30.811+0000] {subprocess.py:106} INFO - 	at org.apache.iceberg.util.Tasks$Builder.runTaskWithRetry(Tasks.java:413)
[2025-12-09T11:06:30.811+0000] {subprocess.py:106} INFO - 	at org.apache.iceberg.util.Tasks$Builder.runSingleThreaded(Tasks.java:219)
[2025-12-09T11:06:30.811+0000] {subprocess.py:106} INFO - 	at org.apache.iceberg.util.Tasks$Builder.run(Tasks.java:203)
[2025-12-09T11:06:30.812+0000] {subprocess.py:106} INFO - 	at org.apache.iceberg.util.Tasks$Builder.run(Tasks.java:196)
[2025-12-09T11:06:30.812+0000] {subprocess.py:106} INFO - 	at org.apache.iceberg.BaseTransaction.commitReplaceTransaction(BaseTransaction.java:365)
[2025-12-09T11:06:30.813+0000] {subprocess.py:106} INFO - 	at org.apache.iceberg.BaseTransaction.commitTransaction(BaseTransaction.java:314)
[2025-12-09T11:06:30.813+0000] {subprocess.py:106} INFO - 	at org.apache.iceberg.CommitCallbackTransaction.commitTransaction(CommitCallbackTransaction.java:126)
[2025-12-09T11:06:30.814+0000] {subprocess.py:106} INFO - 	at org.apache.iceberg.spark.source.StagedSparkTable.commitStagedChanges(StagedSparkTable.java:34)
[2025-12-09T11:06:30.814+0000] {subprocess.py:106} INFO - 	at org.apache.spark.sql.execution.datasources.v2.V2CreateTableAsSelectBaseExec.$anonfun$writeToTable$1(WriteToDataSourceV2Exec.scala:585)
[2025-12-09T11:06:30.815+0000] {subprocess.py:106} INFO - 	at org.apache.spark.util.Utils$.tryWithSafeFinallyAndFailureCallbacks(Utils.scala:1397)
[2025-12-09T11:06:30.815+0000] {subprocess.py:106} INFO - 	at org.apache.spark.sql.execution.datasources.v2.V2CreateTableAsSelectBaseExec.writeToTable(WriteToDataSourceV2Exec.scala:578)
[2025-12-09T11:06:30.816+0000] {subprocess.py:106} INFO - 	at org.apache.spark.sql.execution.datasources.v2.V2CreateTableAsSelectBaseExec.writeToTable$(WriteToDataSourceV2Exec.scala:572)
[2025-12-09T11:06:30.816+0000] {subprocess.py:106} INFO - 	at org.apache.spark.sql.execution.datasources.v2.AtomicReplaceTableAsSelectExec.writeToTable(WriteToDataSourceV2Exec.scala:186)
[2025-12-09T11:06:30.817+0000] {subprocess.py:106} INFO - 	at org.apache.spark.sql.execution.datasources.v2.AtomicReplaceTableAsSelectExec.run(WriteToDataSourceV2Exec.scala:221)
[2025-12-09T11:06:30.817+0000] {subprocess.py:106} INFO - 	at org.apache.spark.sql.execution.datasources.v2.V2CommandExec.result$lzycompute(V2CommandExec.scala:43)
[2025-12-09T11:06:30.817+0000] {subprocess.py:106} INFO - 	at org.apache.spark.sql.execution.datasources.v2.V2CommandExec.result(V2CommandExec.scala:43)
[2025-12-09T11:06:30.818+0000] {subprocess.py:106} INFO - 	at org.apache.spark.sql.execution.datasources.v2.V2CommandExec.executeCollect(V2CommandExec.scala:49)
[2025-12-09T11:06:30.818+0000] {subprocess.py:106} INFO - 	at org.apache.spark.sql.execution.QueryExecution$$anonfun$eagerlyExecuteCommands$1.$anonfun$applyOrElse$1(QueryExecution.scala:107)
[2025-12-09T11:06:30.819+0000] {subprocess.py:106} INFO - 	at org.apache.spark.sql.execution.SQLExecution$.$anonfun$withNewExecutionId$6(SQLExecution.scala:125)
[2025-12-09T11:06:30.819+0000] {subprocess.py:106} INFO - 	at org.apache.spark.sql.execution.SQLExecution$.withSQLConfPropagated(SQLExecution.scala:201)
[2025-12-09T11:06:30.820+0000] {subprocess.py:106} INFO - 	at org.apache.spark.sql.execution.SQLExecution$.$anonfun$withNewExecutionId$1(SQLExecution.scala:108)
[2025-12-09T11:06:30.820+0000] {subprocess.py:106} INFO - 	at org.apache.spark.sql.SparkSession.withActive(SparkSession.scala:900)
[2025-12-09T11:06:30.820+0000] {subprocess.py:106} INFO - 	at org.apache.spark.sql.execution.SQLExecution$.withNewExecutionId(SQLExecution.scala:66)
[2025-12-09T11:06:30.821+0000] {subprocess.py:106} INFO - 	at org.apache.spark.sql.execution.QueryExecution$$anonfun$eagerlyExecuteCommands$1.applyOrElse(QueryExecution.scala:107)
[2025-12-09T11:06:30.821+0000] {subprocess.py:106} INFO - 	at org.apache.spark.sql.execution.QueryExecution$$anonfun$eagerlyExecuteCommands$1.applyOrElse(QueryExecution.scala:98)
[2025-12-09T11:06:30.821+0000] {subprocess.py:106} INFO - 	at org.apache.spark.sql.catalyst.trees.TreeNode.$anonfun$transformDownWithPruning$1(TreeNode.scala:461)
[2025-12-09T11:06:30.822+0000] {subprocess.py:106} INFO - 	at org.apache.spark.sql.catalyst.trees.CurrentOrigin$.withOrigin(origin.scala:76)
[2025-12-09T11:06:30.822+0000] {subprocess.py:106} INFO - 	at org.apache.spark.sql.catalyst.trees.TreeNode.transformDownWithPruning(TreeNode.scala:461)
[2025-12-09T11:06:30.823+0000] {subprocess.py:106} INFO - 	at org.apache.spark.sql.catalyst.plans.logical.LogicalPlan.org$apache$spark$sql$catalyst$plans$logical$AnalysisHelper$$super$transformDownWithPruning(LogicalPlan.scala:32)
[2025-12-09T11:06:30.823+0000] {subprocess.py:106} INFO - 	at org.apache.spark.sql.catalyst.plans.logical.AnalysisHelper.transformDownWithPruning(AnalysisHelper.scala:267)
[2025-12-09T11:06:30.824+0000] {subprocess.py:106} INFO - 	at org.apache.spark.sql.catalyst.plans.logical.AnalysisHelper.transformDownWithPruning$(AnalysisHelper.scala:263)
[2025-12-09T11:06:30.824+0000] {subprocess.py:106} INFO - 	at org.apache.spark.sql.catalyst.plans.logical.LogicalPlan.transformDownWithPruning(LogicalPlan.scala:32)
[2025-12-09T11:06:30.825+0000] {subprocess.py:106} INFO - 	at org.apache.spark.sql.catalyst.plans.logical.LogicalPlan.transformDownWithPruning(LogicalPlan.scala:32)
[2025-12-09T11:06:30.825+0000] {subprocess.py:106} INFO - 	at org.apache.spark.sql.catalyst.trees.TreeNode.transformDown(TreeNode.scala:437)
[2025-12-09T11:06:30.826+0000] {subprocess.py:106} INFO - 	at org.apache.spark.sql.execution.QueryExecution.eagerlyExecuteCommands(QueryExecution.scala:98)
[2025-12-09T11:06:30.826+0000] {subprocess.py:106} INFO - 	at org.apache.spark.sql.execution.QueryExecution.commandExecuted$lzycompute(QueryExecution.scala:85)
[2025-12-09T11:06:30.826+0000] {subprocess.py:106} INFO - 	at org.apache.spark.sql.execution.QueryExecution.commandExecuted(QueryExecution.scala:83)
[2025-12-09T11:06:30.827+0000] {subprocess.py:106} INFO - 	at org.apache.spark.sql.execution.QueryExecution.assertCommandExecuted(QueryExecution.scala:142)
[2025-12-09T11:06:30.827+0000] {subprocess.py:106} INFO - 	at org.apache.spark.sql.DataFrameWriterV2.runCommand(DataFrameWriterV2.scala:201)
[2025-12-09T11:06:30.827+0000] {subprocess.py:106} INFO - 	at org.apache.spark.sql.DataFrameWriterV2.internalReplace(DataFrameWriterV2.scala:213)
[2025-12-09T11:06:30.828+0000] {subprocess.py:106} INFO - 	at org.apache.spark.sql.DataFrameWriterV2.createOrReplace(DataFrameWriterV2.scala:135)
[2025-12-09T11:06:30.828+0000] {subprocess.py:106} INFO - 	at java.base/jdk.internal.reflect.NativeMethodAccessorImpl.invoke0(Native Method)
[2025-12-09T11:06:30.828+0000] {subprocess.py:106} INFO - 	at java.base/jdk.internal.reflect.NativeMethodAccessorImpl.invoke(Unknown Source)
[2025-12-09T11:06:30.829+0000] {subprocess.py:106} INFO - 	at java.base/jdk.internal.reflect.DelegatingMethodAccessorImpl.invoke(Unknown Source)
[2025-12-09T11:06:30.829+0000] {subprocess.py:106} INFO - 	at java.base/java.lang.reflect.Method.invoke(Unknown Source)
[2025-12-09T11:06:30.830+0000] {subprocess.py:106} INFO - 	at py4j.reflection.MethodInvoker.invoke(MethodInvoker.java:244)
[2025-12-09T11:06:30.830+0000] {subprocess.py:106} INFO - 	at py4j.reflection.ReflectionEngine.invoke(ReflectionEngine.java:374)
[2025-12-09T11:06:30.831+0000] {subprocess.py:106} INFO - 	at py4j.Gateway.invoke(Gateway.java:282)
[2025-12-09T11:06:30.831+0000] {subprocess.py:106} INFO - 	at py4j.commands.AbstractCommand.invokeMethod(AbstractCommand.java:132)
[2025-12-09T11:06:30.831+0000] {subprocess.py:106} INFO - 	at py4j.commands.CallCommand.execute(CallCommand.java:79)
[2025-12-09T11:06:30.832+0000] {subprocess.py:106} INFO - 	at py4j.ClientServerConnection.waitForCommands(ClientServerConnection.java:182)
[2025-12-09T11:06:30.832+0000] {subprocess.py:106} INFO - 	at py4j.ClientServerConnection.run(ClientServerConnection.java:106)
[2025-12-09T11:06:30.833+0000] {subprocess.py:106} INFO - 	at java.base/java.lang.Thread.run(Unknown Source)
[2025-12-09T11:06:30.833+0000] {subprocess.py:106} INFO - Caused by: InvalidOperationException(message:The following columns have types incompatible with the existing columns in their respective positions :
[2025-12-09T11:06:30.834+0000] {subprocess.py:106} INFO - location)
[2025-12-09T11:06:30.834+0000] {subprocess.py:106} INFO - 	at org.apache.hadoop.hive.metastore.api.ThriftHiveMetastore$alter_table_with_environment_context_result$alter_table_with_environment_context_resultStandardScheme.read(ThriftHiveMetastore.java:59744)
[2025-12-09T11:06:30.834+0000] {subprocess.py:106} INFO - 	at org.apache.hadoop.hive.metastore.api.ThriftHiveMetastore$alter_table_with_environment_context_result$alter_table_with_environment_context_resultStandardScheme.read(ThriftHiveMetastore.java:59730)
[2025-12-09T11:06:30.835+0000] {subprocess.py:106} INFO - 	at org.apache.hadoop.hive.metastore.api.ThriftHiveMetastore$alter_table_with_environment_context_result.read(ThriftHiveMetastore.java:59672)
[2025-12-09T11:06:30.835+0000] {subprocess.py:106} INFO - 	at org.apache.thrift.TServiceClient.receiveBase(TServiceClient.java:88)
[2025-12-09T11:06:30.835+0000] {subprocess.py:106} INFO - 	at org.apache.hadoop.hive.metastore.api.ThriftHiveMetastore$Client.recv_alter_table_with_environment_context(ThriftHiveMetastore.java:1693)
[2025-12-09T11:06:30.836+0000] {subprocess.py:106} INFO - 	at org.apache.hadoop.hive.metastore.api.ThriftHiveMetastore$Client.alter_table_with_environment_context(ThriftHiveMetastore.java:1677)
[2025-12-09T11:06:30.836+0000] {subprocess.py:106} INFO - 	at org.apache.hadoop.hive.metastore.HiveMetaStoreClient.alter_table_with_environmentContext(HiveMetaStoreClient.java:373)
[2025-12-09T11:06:30.836+0000] {subprocess.py:106} INFO - 	at java.base/jdk.internal.reflect.NativeMethodAccessorImpl.invoke0(Native Method)
[2025-12-09T11:06:30.837+0000] {subprocess.py:106} INFO - 	at java.base/jdk.internal.reflect.NativeMethodAccessorImpl.invoke(Unknown Source)
[2025-12-09T11:06:30.837+0000] {subprocess.py:106} INFO - 	at java.base/jdk.internal.reflect.DelegatingMethodAccessorImpl.invoke(Unknown Source)
[2025-12-09T11:06:30.838+0000] {subprocess.py:106} INFO - 	at java.base/java.lang.reflect.Method.invoke(Unknown Source)
[2025-12-09T11:06:30.838+0000] {subprocess.py:106} INFO - 	at org.apache.hadoop.hive.metastore.RetryingMetaStoreClient.invoke(RetryingMetaStoreClient.java:169)
[2025-12-09T11:06:30.839+0000] {subprocess.py:106} INFO - 	at com.sun.proxy.$Proxy30.alter_table_with_environmentContext(Unknown Source)
[2025-12-09T11:06:30.839+0000] {subprocess.py:106} INFO - 	at java.base/jdk.internal.reflect.NativeMethodAccessorImpl.invoke0(Native Method)
[2025-12-09T11:06:30.840+0000] {subprocess.py:106} INFO - 	at java.base/jdk.internal.reflect.NativeMethodAccessorImpl.invoke(Unknown Source)
[2025-12-09T11:06:30.840+0000] {subprocess.py:106} INFO - 	at java.base/jdk.internal.reflect.DelegatingMethodAccessorImpl.invoke(Unknown Source)
[2025-12-09T11:06:30.841+0000] {subprocess.py:106} INFO - 	at java.base/java.lang.reflect.Method.invoke(Unknown Source)
[2025-12-09T11:06:30.841+0000] {subprocess.py:106} INFO - 	at org.apache.iceberg.common.DynMethods$UnboundMethod.invokeChecked(DynMethods.java:62)
[2025-12-09T11:06:30.841+0000] {subprocess.py:106} INFO - 	at org.apache.iceberg.common.DynMethods$UnboundMethod.invoke(DynMethods.java:74)
[2025-12-09T11:06:30.842+0000] {subprocess.py:106} INFO - 	at org.apache.iceberg.hive.MetastoreUtil.alterTable(MetastoreUtil.java:78)
[2025-12-09T11:06:30.842+0000] {subprocess.py:106} INFO - 	at org.apache.iceberg.hive.HiveOperationsBase.lambda$persistTable$1(HiveOperationsBase.java:139)
[2025-12-09T11:06:30.842+0000] {subprocess.py:106} INFO - 	at org.apache.iceberg.ClientPoolImpl.run(ClientPoolImpl.java:72)
[2025-12-09T11:06:30.843+0000] {subprocess.py:106} INFO - 	at org.apache.iceberg.ClientPoolImpl.run(ClientPoolImpl.java:65)
[2025-12-09T11:06:30.843+0000] {subprocess.py:106} INFO - 	at org.apache.iceberg.hive.CachedClientPool.run(CachedClientPool.java:122)
[2025-12-09T11:06:30.844+0000] {subprocess.py:106} INFO - 	at org.apache.iceberg.hive.HiveOperationsBase.persistTable(HiveOperationsBase.java:137)
[2025-12-09T11:06:30.844+0000] {subprocess.py:106} INFO - 	at org.apache.iceberg.hive.HiveTableOperations.doCommit(HiveTableOperations.java:244)
[2025-12-09T11:06:30.845+0000] {subprocess.py:106} INFO - 	... 55 more
[2025-12-09T11:06:30.845+0000] {subprocess.py:106} INFO - 
[2025-12-09T11:06:30.859+0000] {subprocess.py:106} INFO - 25/12/09 11:06:30 INFO SparkContext: Invoking stop() from shutdown hook
[2025-12-09T11:06:30.860+0000] {subprocess.py:106} INFO - 25/12/09 11:06:30 INFO SparkContext: SparkContext is stopping with exitCode 0.
[2025-12-09T11:06:30.872+0000] {subprocess.py:106} INFO - 25/12/09 11:06:30 INFO SparkUI: Stopped Spark web UI at http://65f44b4fd513:4040
[2025-12-09T11:06:30.879+0000] {subprocess.py:106} INFO - 25/12/09 11:06:30 INFO StandaloneSchedulerBackend: Shutting down all executors
[2025-12-09T11:06:30.880+0000] {subprocess.py:106} INFO - 25/12/09 11:06:30 INFO StandaloneSchedulerBackend$StandaloneDriverEndpoint: Asking each executor to shut down
[2025-12-09T11:06:30.904+0000] {subprocess.py:106} INFO - 25/12/09 11:06:30 INFO MapOutputTrackerMasterEndpoint: MapOutputTrackerMasterEndpoint stopped!
[2025-12-09T11:06:30.924+0000] {subprocess.py:106} INFO - 25/12/09 11:06:30 INFO MemoryStore: MemoryStore cleared
[2025-12-09T11:06:30.925+0000] {subprocess.py:106} INFO - 25/12/09 11:06:30 INFO BlockManager: BlockManager stopped
[2025-12-09T11:06:30.929+0000] {subprocess.py:106} INFO - 25/12/09 11:06:30 INFO BlockManagerMaster: BlockManagerMaster stopped
[2025-12-09T11:06:30.934+0000] {subprocess.py:106} INFO - 25/12/09 11:06:30 INFO OutputCommitCoordinator$OutputCommitCoordinatorEndpoint: OutputCommitCoordinator stopped!
[2025-12-09T11:06:30.955+0000] {subprocess.py:106} INFO - 25/12/09 11:06:30 INFO SparkContext: Successfully stopped SparkContext
[2025-12-09T11:06:30.957+0000] {subprocess.py:106} INFO - 25/12/09 11:06:30 INFO ShutdownHookManager: Shutdown hook called
[2025-12-09T11:06:30.958+0000] {subprocess.py:106} INFO - 25/12/09 11:06:30 INFO ShutdownHookManager: Deleting directory /tmp/spark-afcf088a-a8c2-4b19-9721-c713d4e1d98c/pyspark-a83b1d3d-8f13-41cf-bcff-e7721e422e57
[2025-12-09T11:06:30.961+0000] {subprocess.py:106} INFO - 25/12/09 11:06:30 INFO ShutdownHookManager: Deleting directory /tmp/spark-afcf088a-a8c2-4b19-9721-c713d4e1d98c
[2025-12-09T11:06:30.966+0000] {subprocess.py:106} INFO - 25/12/09 11:06:30 INFO ShutdownHookManager: Deleting directory /tmp/spark-230786b3-6a53-4427-b698-9ff1a23fef8f
[2025-12-09T11:06:31.058+0000] {subprocess.py:110} INFO - Command exited with return code 1
[2025-12-09T11:06:31.097+0000] {taskinstance.py:3313} ERROR - Task failed with exception
Traceback (most recent call last):
  File "/home/airflow/.local/lib/python3.8/site-packages/airflow/models/taskinstance.py", line 763, in _execute_task
    result = _execute_callable(context=context, **execute_callable_kwargs)
  File "/home/airflow/.local/lib/python3.8/site-packages/airflow/models/taskinstance.py", line 734, in _execute_callable
    return ExecutionCallableRunner(
  File "/home/airflow/.local/lib/python3.8/site-packages/airflow/utils/operator_helpers.py", line 252, in run
    return self.func(*args, **kwargs)
  File "/home/airflow/.local/lib/python3.8/site-packages/airflow/models/baseoperator.py", line 424, in wrapper
    return func(self, *args, **kwargs)
  File "/home/airflow/.local/lib/python3.8/site-packages/airflow/operators/bash.py", line 276, in execute
    raise AirflowException(
airflow.exceptions.AirflowException: Bash command failed. The command returned a non-zero exit code 1.
[2025-12-09T11:06:31.113+0000] {taskinstance.py:1226} INFO - Marking task as UP_FOR_RETRY. dag_id=crawl_etl_itjob, task_id=clean_silver, run_id=scheduled__2025-12-08T02:00:00+00:00, execution_date=20251208T020000, start_date=20251209T110556, end_date=20251209T110631
[2025-12-09T11:06:31.210+0000] {taskinstance.py:341} INFO - ::group::Post task execution logs
[2025-12-09T11:06:31.211+0000] {standard_task_runner.py:124} ERROR - Failed to execute job 329 for task clean_silver (Bash command failed. The command returned a non-zero exit code 1.; 70)
Traceback (most recent call last):
  File "/home/airflow/.local/lib/python3.8/site-packages/airflow/task/task_runner/standard_task_runner.py", line 117, in _start_by_fork
    ret = args.func(args, dag=self.dag)
  File "/home/airflow/.local/lib/python3.8/site-packages/airflow/cli/cli_config.py", line 49, in command
    return func(*args, **kwargs)
  File "/home/airflow/.local/lib/python3.8/site-packages/airflow/utils/cli.py", line 116, in wrapper
    return f(*args, **kwargs)
  File "/home/airflow/.local/lib/python3.8/site-packages/airflow/cli/commands/task_command.py", line 483, in task_run
    task_return_code = _run_task_by_selected_method(args, _dag, ti)
  File "/home/airflow/.local/lib/python3.8/site-packages/airflow/cli/commands/task_command.py", line 256, in _run_task_by_selected_method
    return _run_raw_task(args, ti)
  File "/home/airflow/.local/lib/python3.8/site-packages/airflow/cli/commands/task_command.py", line 341, in _run_raw_task
    return ti._run_raw_task(
  File "/home/airflow/.local/lib/python3.8/site-packages/airflow/utils/session.py", line 97, in wrapper
    return func(*args, session=session, **kwargs)
  File "/home/airflow/.local/lib/python3.8/site-packages/airflow/models/taskinstance.py", line 3006, in _run_raw_task
    return _run_raw_task(
  File "/home/airflow/.local/lib/python3.8/site-packages/airflow/models/taskinstance.py", line 274, in _run_raw_task
    TaskInstance._execute_task_with_callbacks(
  File "/home/airflow/.local/lib/python3.8/site-packages/airflow/models/taskinstance.py", line 3161, in _execute_task_with_callbacks
    result = self._execute_task(context, task_orig)
  File "/home/airflow/.local/lib/python3.8/site-packages/airflow/models/taskinstance.py", line 3185, in _execute_task
    return _execute_task(self, context, task_orig)
  File "/home/airflow/.local/lib/python3.8/site-packages/airflow/models/taskinstance.py", line 763, in _execute_task
    result = _execute_callable(context=context, **execute_callable_kwargs)
  File "/home/airflow/.local/lib/python3.8/site-packages/airflow/models/taskinstance.py", line 734, in _execute_callable
    return ExecutionCallableRunner(
  File "/home/airflow/.local/lib/python3.8/site-packages/airflow/utils/operator_helpers.py", line 252, in run
    return self.func(*args, **kwargs)
  File "/home/airflow/.local/lib/python3.8/site-packages/airflow/models/baseoperator.py", line 424, in wrapper
    return func(self, *args, **kwargs)
  File "/home/airflow/.local/lib/python3.8/site-packages/airflow/operators/bash.py", line 276, in execute
    raise AirflowException(
airflow.exceptions.AirflowException: Bash command failed. The command returned a non-zero exit code 1.
[2025-12-09T11:06:31.245+0000] {local_task_job_runner.py:266} INFO - Task exited with return code 1
[2025-12-09T11:06:31.298+0000] {taskinstance.py:3901} INFO - 0 downstream tasks scheduled from follow-on schedule check
[2025-12-09T11:06:31.301+0000] {local_task_job_runner.py:245} INFO - ::endgroup::
