[2025-12-09T11:49:22.489+0000] {local_task_job_runner.py:123} INFO - ::group::Pre task execution logs
[2025-12-09T11:49:22.535+0000] {taskinstance.py:2614} INFO - Dependencies all met for dep_context=non-requeueable deps ti=<TaskInstance: crawl_etl_itjob.clean_silver scheduled__2025-12-08T02:00:00+00:00 [queued]>
[2025-12-09T11:49:22.547+0000] {taskinstance.py:2614} INFO - Dependencies all met for dep_context=requeueable deps ti=<TaskInstance: crawl_etl_itjob.clean_silver scheduled__2025-12-08T02:00:00+00:00 [queued]>
[2025-12-09T11:49:22.547+0000] {taskinstance.py:2867} INFO - Starting attempt 16 of 17
[2025-12-09T11:49:22.569+0000] {taskinstance.py:2890} INFO - Executing <Task(BashOperator): clean_silver> on 2025-12-08 02:00:00+00:00
[2025-12-09T11:49:22.574+0000] {standard_task_runner.py:72} INFO - Started process 249 to run task
[2025-12-09T11:49:22.579+0000] {standard_task_runner.py:104} INFO - Running: ['***', 'tasks', 'run', 'crawl_etl_itjob', 'clean_silver', 'scheduled__2025-12-08T02:00:00+00:00', '--job-id', '342', '--raw', '--subdir', 'DAGS_FOLDER/Crawl_ETL_ITJob.py', '--cfg-path', '/tmp/tmpvl3tfljk']
[2025-12-09T11:49:22.581+0000] {standard_task_runner.py:105} INFO - Job 342: Subtask clean_silver
[2025-12-09T11:49:22.613+0000] {warnings.py:109} WARNING - /home/***/.local/lib/python3.8/site-packages/***/settings.py:209: DeprecationWarning: The sql_alchemy_conn option in [core] has been moved to the sql_alchemy_conn option in [database] - the old setting has been used, but please update your config.
  SQL_ALCHEMY_CONN = conf.get("database", "SQL_ALCHEMY_CONN")

[2025-12-09T11:49:24.145+0000] {task_command.py:467} INFO - Running <TaskInstance: crawl_etl_itjob.clean_silver scheduled__2025-12-08T02:00:00+00:00 [running]> on host a1de7f96d4f1
[2025-12-09T11:49:24.146+0000] {warnings.py:109} WARNING - /home/***/.local/lib/python3.8/site-packages/***/settings.py:470: DeprecationWarning: The sql_alchemy_conn option in [core] has been moved to the sql_alchemy_conn option in [database] - the old setting has been used, but please update your config.
  if conf.get("database", "sql_alchemy_conn") == "none://":

[2025-12-09T11:49:24.296+0000] {taskinstance.py:3134} INFO - Exporting env vars: AIRFLOW_CTX_DAG_EMAIL='alert@datateam.local' AIRFLOW_CTX_DAG_OWNER='***' AIRFLOW_CTX_DAG_ID='crawl_etl_itjob' AIRFLOW_CTX_TASK_ID='clean_silver' AIRFLOW_CTX_EXECUTION_DATE='2025-12-08T02:00:00+00:00' AIRFLOW_CTX_TRY_NUMBER='16' AIRFLOW_CTX_DAG_RUN_ID='scheduled__2025-12-08T02:00:00+00:00'
[2025-12-09T11:49:24.297+0000] {taskinstance.py:732} INFO - ::endgroup::
[2025-12-09T11:49:24.312+0000] {subprocess.py:78} INFO - Tmp dir root location: /tmp
[2025-12-09T11:49:24.313+0000] {subprocess.py:88} INFO - Running command: ['/bin/bash', '-c', "\n        docker exec spark-submit bash -c '\n        /opt/spark/bin/spark-submit         --master spark://spark-master:7077         --deploy-mode client         --packages org.apache.iceberg:iceberg-spark-runtime-3.5_2.12:1.5.0         /opt/spark/scripts/Clean_Silver.py\n        '\n        "]
[2025-12-09T11:49:24.323+0000] {subprocess.py:99} INFO - Output:
[2025-12-09T11:49:26.634+0000] {subprocess.py:106} INFO - :: loading settings :: url = jar:file:/opt/spark/jars/ivy-2.5.1.jar!/org/apache/ivy/core/settings/ivysettings.xml
[2025-12-09T11:49:26.744+0000] {subprocess.py:106} INFO - Ivy Default Cache set to: /home/spark/.ivy2/cache
[2025-12-09T11:49:26.745+0000] {subprocess.py:106} INFO - The jars for the packages stored in: /home/spark/.ivy2/jars
[2025-12-09T11:49:26.753+0000] {subprocess.py:106} INFO - org.apache.iceberg#iceberg-spark-runtime-3.5_2.12 added as a dependency
[2025-12-09T11:49:26.755+0000] {subprocess.py:106} INFO - :: resolving dependencies :: org.apache.spark#spark-submit-parent-7ebd7cb4-d414-4fa0-8dd5-ba13ebdbe337;1.0
[2025-12-09T11:49:26.757+0000] {subprocess.py:106} INFO - 	confs: [default]
[2025-12-09T11:49:26.888+0000] {subprocess.py:106} INFO - 	found org.apache.iceberg#iceberg-spark-runtime-3.5_2.12;1.5.0 in central
[2025-12-09T11:49:26.908+0000] {subprocess.py:106} INFO - :: resolution report :: resolve 147ms :: artifacts dl 5ms
[2025-12-09T11:49:26.910+0000] {subprocess.py:106} INFO - 	:: modules in use:
[2025-12-09T11:49:26.911+0000] {subprocess.py:106} INFO - 	org.apache.iceberg#iceberg-spark-runtime-3.5_2.12;1.5.0 from central in [default]
[2025-12-09T11:49:26.912+0000] {subprocess.py:106} INFO - 	---------------------------------------------------------------------
[2025-12-09T11:49:26.913+0000] {subprocess.py:106} INFO - 	|                  |            modules            ||   artifacts   |
[2025-12-09T11:49:26.913+0000] {subprocess.py:106} INFO - 	|       conf       | number| search|dwnlded|evicted|| number|dwnlded|
[2025-12-09T11:49:26.914+0000] {subprocess.py:106} INFO - 	---------------------------------------------------------------------
[2025-12-09T11:49:26.915+0000] {subprocess.py:106} INFO - 	|      default     |   1   |   0   |   0   |   0   ||   1   |   0   |
[2025-12-09T11:49:26.915+0000] {subprocess.py:106} INFO - 	---------------------------------------------------------------------
[2025-12-09T11:49:26.916+0000] {subprocess.py:106} INFO - :: retrieving :: org.apache.spark#spark-submit-parent-7ebd7cb4-d414-4fa0-8dd5-ba13ebdbe337
[2025-12-09T11:49:26.916+0000] {subprocess.py:106} INFO - 	confs: [default]
[2025-12-09T11:49:26.920+0000] {subprocess.py:106} INFO - 	0 artifacts copied, 1 already retrieved (0kB/6ms)
[2025-12-09T11:49:27.187+0000] {subprocess.py:106} INFO - 25/12/09 11:49:27 WARN NativeCodeLoader: Unable to load native-hadoop library for your platform... using builtin-java classes where applicable
[2025-12-09T11:49:28.431+0000] {subprocess.py:106} INFO - 25/12/09 11:49:28 INFO SparkContext: Running Spark version 3.5.3
[2025-12-09T11:49:28.432+0000] {subprocess.py:106} INFO - 25/12/09 11:49:28 INFO SparkContext: OS info Linux, 6.6.87.2-microsoft-standard-WSL2, amd64
[2025-12-09T11:49:28.433+0000] {subprocess.py:106} INFO - 25/12/09 11:49:28 INFO SparkContext: Java version 11.0.24
[2025-12-09T11:49:28.459+0000] {subprocess.py:106} INFO - 25/12/09 11:49:28 INFO ResourceUtils: ==============================================================
[2025-12-09T11:49:28.460+0000] {subprocess.py:106} INFO - 25/12/09 11:49:28 INFO ResourceUtils: No custom resources configured for spark.driver.
[2025-12-09T11:49:28.460+0000] {subprocess.py:106} INFO - 25/12/09 11:49:28 INFO ResourceUtils: ==============================================================
[2025-12-09T11:49:28.461+0000] {subprocess.py:106} INFO - 25/12/09 11:49:28 INFO SparkContext: Submitted application: Silver_Etl_Null_Handling_Optimized
[2025-12-09T11:49:28.500+0000] {subprocess.py:106} INFO - 25/12/09 11:49:28 INFO ResourceProfile: Default ResourceProfile created, executor resources: Map(memory -> name: memory, amount: 1024, script: , vendor: , offHeap -> name: offHeap, amount: 0, script: , vendor: ), task resources: Map(cpus -> name: cpus, amount: 1.0)
[2025-12-09T11:49:28.514+0000] {subprocess.py:106} INFO - 25/12/09 11:49:28 INFO ResourceProfile: Limiting resource is cpu
[2025-12-09T11:49:28.515+0000] {subprocess.py:106} INFO - 25/12/09 11:49:28 INFO ResourceProfileManager: Added ResourceProfile id: 0
[2025-12-09T11:49:28.575+0000] {subprocess.py:106} INFO - 25/12/09 11:49:28 INFO SecurityManager: Changing view acls to: spark
[2025-12-09T11:49:28.576+0000] {subprocess.py:106} INFO - 25/12/09 11:49:28 INFO SecurityManager: Changing modify acls to: spark
[2025-12-09T11:49:28.577+0000] {subprocess.py:106} INFO - 25/12/09 11:49:28 INFO SecurityManager: Changing view acls groups to:
[2025-12-09T11:49:28.578+0000] {subprocess.py:106} INFO - 25/12/09 11:49:28 INFO SecurityManager: Changing modify acls groups to:
[2025-12-09T11:49:28.580+0000] {subprocess.py:106} INFO - 25/12/09 11:49:28 INFO SecurityManager: SecurityManager: authentication disabled; ui acls disabled; users with view permissions: spark; groups with view permissions: EMPTY; users with modify permissions: spark; groups with modify permissions: EMPTY
[2025-12-09T11:49:28.899+0000] {subprocess.py:106} INFO - 25/12/09 11:49:28 INFO Utils: Successfully started service 'sparkDriver' on port 46713.
[2025-12-09T11:49:28.940+0000] {subprocess.py:106} INFO - 25/12/09 11:49:28 INFO SparkEnv: Registering MapOutputTracker
[2025-12-09T11:49:28.984+0000] {subprocess.py:106} INFO - 25/12/09 11:49:28 INFO SparkEnv: Registering BlockManagerMaster
[2025-12-09T11:49:29.012+0000] {subprocess.py:106} INFO - 25/12/09 11:49:29 INFO BlockManagerMasterEndpoint: Using org.apache.spark.storage.DefaultTopologyMapper for getting topology information
[2025-12-09T11:49:29.013+0000] {subprocess.py:106} INFO - 25/12/09 11:49:29 INFO BlockManagerMasterEndpoint: BlockManagerMasterEndpoint up
[2025-12-09T11:49:29.019+0000] {subprocess.py:106} INFO - 25/12/09 11:49:29 INFO SparkEnv: Registering BlockManagerMasterHeartbeat
[2025-12-09T11:49:29.058+0000] {subprocess.py:106} INFO - 25/12/09 11:49:29 INFO DiskBlockManager: Created local directory at /tmp/blockmgr-db7545a5-3f0c-4136-a5e4-39951b4d5483
[2025-12-09T11:49:29.084+0000] {subprocess.py:106} INFO - 25/12/09 11:49:29 INFO MemoryStore: MemoryStore started with capacity 434.4 MiB
[2025-12-09T11:49:29.112+0000] {subprocess.py:106} INFO - 25/12/09 11:49:29 INFO SparkEnv: Registering OutputCommitCoordinator
[2025-12-09T11:49:29.316+0000] {subprocess.py:106} INFO - 25/12/09 11:49:29 INFO JettyUtils: Start Jetty 0.0.0.0:4040 for SparkUI
[2025-12-09T11:49:29.385+0000] {subprocess.py:106} INFO - 25/12/09 11:49:29 INFO Utils: Successfully started service 'SparkUI' on port 4040.
[2025-12-09T11:49:29.432+0000] {subprocess.py:106} INFO - 25/12/09 11:49:29 INFO SparkContext: Added JAR file:///home/spark/.ivy2/jars/org.apache.iceberg_iceberg-spark-runtime-3.5_2.12-1.5.0.jar at spark://65f44b4fd513:46713/jars/org.apache.iceberg_iceberg-spark-runtime-3.5_2.12-1.5.0.jar with timestamp 1765280968418
[2025-12-09T11:49:29.437+0000] {subprocess.py:106} INFO - 25/12/09 11:49:29 INFO SparkContext: Added file file:///home/spark/.ivy2/jars/org.apache.iceberg_iceberg-spark-runtime-3.5_2.12-1.5.0.jar at spark://65f44b4fd513:46713/files/org.apache.iceberg_iceberg-spark-runtime-3.5_2.12-1.5.0.jar with timestamp 1765280968418
[2025-12-09T11:49:29.439+0000] {subprocess.py:106} INFO - 25/12/09 11:49:29 INFO Utils: Copying /home/spark/.ivy2/jars/org.apache.iceberg_iceberg-spark-runtime-3.5_2.12-1.5.0.jar to /tmp/spark-2b9fc1eb-058c-436d-bef0-1b5ebaa8685b/userFiles-2ba1b0e3-479d-451f-84b9-9e267b42f95f/org.apache.iceberg_iceberg-spark-runtime-3.5_2.12-1.5.0.jar
[2025-12-09T11:49:29.621+0000] {subprocess.py:106} INFO - 25/12/09 11:49:29 INFO StandaloneAppClient$ClientEndpoint: Connecting to master spark://spark-master:7077...
[2025-12-09T11:49:29.678+0000] {subprocess.py:106} INFO - 25/12/09 11:49:29 INFO TransportClientFactory: Successfully created connection to spark-master/172.30.0.6:7077 after 35 ms (0 ms spent in bootstraps)
[2025-12-09T11:49:29.797+0000] {subprocess.py:106} INFO - 25/12/09 11:49:29 INFO StandaloneSchedulerBackend: Connected to Spark cluster with app ID app-20251209114929-0003
[2025-12-09T11:49:29.800+0000] {subprocess.py:106} INFO - 25/12/09 11:49:29 INFO StandaloneAppClient$ClientEndpoint: Executor added: app-20251209114929-0003/0 on worker-20251209113617-172.30.0.7-44033 (172.30.0.7:44033) with 1 core(s)
[2025-12-09T11:49:29.804+0000] {subprocess.py:106} INFO - 25/12/09 11:49:29 INFO StandaloneSchedulerBackend: Granted executor ID app-20251209114929-0003/0 on hostPort 172.30.0.7:44033 with 1 core(s), 1024.0 MiB RAM
[2025-12-09T11:49:29.820+0000] {subprocess.py:106} INFO - 25/12/09 11:49:29 INFO Utils: Successfully started service 'org.apache.spark.network.netty.NettyBlockTransferService' on port 37369.
[2025-12-09T11:49:29.820+0000] {subprocess.py:106} INFO - 25/12/09 11:49:29 INFO NettyBlockTransferService: Server created on 65f44b4fd513:37369
[2025-12-09T11:49:29.824+0000] {subprocess.py:106} INFO - 25/12/09 11:49:29 INFO BlockManager: Using org.apache.spark.storage.RandomBlockReplicationPolicy for block replication policy
[2025-12-09T11:49:29.838+0000] {subprocess.py:106} INFO - 25/12/09 11:49:29 INFO BlockManagerMaster: Registering BlockManager BlockManagerId(driver, 65f44b4fd513, 37369, None)
[2025-12-09T11:49:29.847+0000] {subprocess.py:106} INFO - 25/12/09 11:49:29 INFO BlockManagerMasterEndpoint: Registering block manager 65f44b4fd513:37369 with 434.4 MiB RAM, BlockManagerId(driver, 65f44b4fd513, 37369, None)
[2025-12-09T11:49:29.855+0000] {subprocess.py:106} INFO - 25/12/09 11:49:29 INFO BlockManagerMaster: Registered BlockManager BlockManagerId(driver, 65f44b4fd513, 37369, None)
[2025-12-09T11:49:29.859+0000] {subprocess.py:106} INFO - 25/12/09 11:49:29 INFO BlockManager: Initialized BlockManager: BlockManagerId(driver, 65f44b4fd513, 37369, None)
[2025-12-09T11:49:29.875+0000] {subprocess.py:106} INFO - 25/12/09 11:49:29 INFO StandaloneAppClient$ClientEndpoint: Executor updated: app-20251209114929-0003/0 is now RUNNING
[2025-12-09T11:49:30.246+0000] {subprocess.py:106} INFO - 25/12/09 11:49:30 INFO StandaloneSchedulerBackend: SchedulerBackend is ready for scheduling beginning after reached minRegisteredResourcesRatio: 0.0
[2025-12-09T11:49:30.688+0000] {subprocess.py:106} INFO - 25/12/09 11:49:30 INFO SharedState: Setting hive.metastore.warehouse.dir ('null') to the value of spark.sql.warehouse.dir.
[2025-12-09T11:49:30.694+0000] {subprocess.py:106} INFO - 25/12/09 11:49:30 INFO SharedState: Warehouse path is 'file:/opt/spark/work-dir/spark-warehouse'.
[2025-12-09T11:49:33.834+0000] {subprocess.py:106} INFO - 25/12/09 11:49:33 INFO HiveConf: Found configuration file null
[2025-12-09T11:49:34.120+0000] {subprocess.py:106} INFO - 25/12/09 11:49:34 INFO metastore: Trying to connect to metastore with URI thrift://hive-metastore:9083
[2025-12-09T11:49:34.166+0000] {subprocess.py:106} INFO - 25/12/09 11:49:34 INFO metastore: Opened a connection to metastore, current connections: 1
[2025-12-09T11:49:34.218+0000] {subprocess.py:106} INFO - 25/12/09 11:49:34 INFO metastore: Connected to metastore.
[2025-12-09T11:49:34.764+0000] {subprocess.py:106} INFO - 25/12/09 11:49:34 INFO BaseMetastoreTableOperations: Refreshing table metadata from new version: hdfs://dinhhoa-master:9000/user/ndh/warehouse/silver.db/it_jobs_clean/metadata/00000-8b9d9c3e-9650-4552-88cd-e4fa96de2899.metadata.json
[2025-12-09T11:49:35.124+0000] {subprocess.py:106} INFO - 25/12/09 11:49:35 INFO StandaloneSchedulerBackend$StandaloneDriverEndpoint: Registered executor NettyRpcEndpointRef(spark-client://Executor) (172.30.0.7:51266) with ID 0,  ResourceProfileId 0
[2025-12-09T11:49:35.285+0000] {subprocess.py:106} INFO - 25/12/09 11:49:35 INFO BlockManagerMasterEndpoint: Registering block manager 172.30.0.7:39019 with 434.4 MiB RAM, BlockManagerId(0, 172.30.0.7, 39019, None)
[2025-12-09T11:49:35.941+0000] {subprocess.py:106} INFO - Traceback (most recent call last):
[2025-12-09T11:49:35.942+0000] {subprocess.py:106} INFO -   File "/opt/spark/scripts/Clean_Silver.py", line 31, in <module>
[2025-12-09T11:49:35.944+0000] {subprocess.py:106} INFO -     if spark.catalog.tableExists(f"hive_catalog.{DATABASE_SILVER}.{TABLE_SILVER}"):
[2025-12-09T11:49:35.945+0000] {subprocess.py:106} INFO -   File "/opt/spark/python/lib/pyspark.zip/pyspark/sql/catalog.py", line 747, in tableExists
[2025-12-09T11:49:35.946+0000] {subprocess.py:106} INFO -   File "/opt/spark/python/lib/py4j-0.10.9.7-src.zip/py4j/java_gateway.py", line 1322, in __call__
[2025-12-09T11:49:35.947+0000] {subprocess.py:106} INFO -   File "/opt/spark/python/lib/pyspark.zip/pyspark/errors/exceptions/captured.py", line 179, in deco
[2025-12-09T11:49:35.947+0000] {subprocess.py:106} INFO -   File "/opt/spark/python/lib/py4j-0.10.9.7-src.zip/py4j/protocol.py", line 326, in get_return_value
[2025-12-09T11:49:35.989+0000] {subprocess.py:106} INFO - py4j.protocol.Py4JJavaError: An error occurred while calling o46.tableExists.
[2025-12-09T11:49:35.990+0000] {subprocess.py:106} INFO - : org.apache.iceberg.exceptions.NotFoundException: Failed to open input stream for file: hdfs://dinhhoa-master:9000/user/ndh/warehouse/silver.db/it_jobs_clean/metadata/00000-8b9d9c3e-9650-4552-88cd-e4fa96de2899.metadata.json
[2025-12-09T11:49:35.991+0000] {subprocess.py:106} INFO - 	at org.apache.iceberg.hadoop.HadoopInputFile.newStream(HadoopInputFile.java:185)
[2025-12-09T11:49:35.992+0000] {subprocess.py:106} INFO - 	at org.apache.iceberg.TableMetadataParser.read(TableMetadataParser.java:279)
[2025-12-09T11:49:35.993+0000] {subprocess.py:106} INFO - 	at org.apache.iceberg.TableMetadataParser.read(TableMetadataParser.java:273)
[2025-12-09T11:49:35.994+0000] {subprocess.py:106} INFO - 	at org.apache.iceberg.BaseMetastoreTableOperations.lambda$refreshFromMetadataLocation$0(BaseMetastoreTableOperations.java:182)
[2025-12-09T11:49:35.997+0000] {subprocess.py:106} INFO - 	at org.apache.iceberg.BaseMetastoreTableOperations.lambda$refreshFromMetadataLocation$1(BaseMetastoreTableOperations.java:201)
[2025-12-09T11:49:35.998+0000] {subprocess.py:106} INFO - 	at org.apache.iceberg.util.Tasks$Builder.runTaskWithRetry(Tasks.java:413)
[2025-12-09T11:49:35.999+0000] {subprocess.py:106} INFO - 	at org.apache.iceberg.util.Tasks$Builder.runSingleThreaded(Tasks.java:219)
[2025-12-09T11:49:36.000+0000] {subprocess.py:106} INFO - 	at org.apache.iceberg.util.Tasks$Builder.run(Tasks.java:203)
[2025-12-09T11:49:36.001+0000] {subprocess.py:106} INFO - 	at org.apache.iceberg.util.Tasks$Builder.run(Tasks.java:196)
[2025-12-09T11:49:36.003+0000] {subprocess.py:106} INFO - 	at org.apache.iceberg.BaseMetastoreTableOperations.refreshFromMetadataLocation(BaseMetastoreTableOperations.java:201)
[2025-12-09T11:49:36.004+0000] {subprocess.py:106} INFO - 	at org.apache.iceberg.BaseMetastoreTableOperations.refreshFromMetadataLocation(BaseMetastoreTableOperations.java:178)
[2025-12-09T11:49:36.007+0000] {subprocess.py:106} INFO - 	at org.apache.iceberg.BaseMetastoreTableOperations.refreshFromMetadataLocation(BaseMetastoreTableOperations.java:173)
[2025-12-09T11:49:36.009+0000] {subprocess.py:106} INFO - 	at org.apache.iceberg.hive.HiveTableOperations.doRefresh(HiveTableOperations.java:167)
[2025-12-09T11:49:36.010+0000] {subprocess.py:106} INFO - 	at org.apache.iceberg.BaseMetastoreTableOperations.refresh(BaseMetastoreTableOperations.java:90)
[2025-12-09T11:49:36.012+0000] {subprocess.py:106} INFO - 	at org.apache.iceberg.BaseMetastoreTableOperations.current(BaseMetastoreTableOperations.java:73)
[2025-12-09T11:49:36.013+0000] {subprocess.py:106} INFO - 	at org.apache.iceberg.BaseMetastoreCatalog.loadTable(BaseMetastoreCatalog.java:49)
[2025-12-09T11:49:36.017+0000] {subprocess.py:106} INFO - 	at org.apache.iceberg.shaded.com.github.benmanes.caffeine.cache.BoundedLocalCache.lambda$doComputeIfAbsent$14(BoundedLocalCache.java:2406)
[2025-12-09T11:49:36.018+0000] {subprocess.py:106} INFO - 	at java.base/java.util.concurrent.ConcurrentHashMap.compute(Unknown Source)
[2025-12-09T11:49:36.019+0000] {subprocess.py:106} INFO - 	at org.apache.iceberg.shaded.com.github.benmanes.caffeine.cache.BoundedLocalCache.doComputeIfAbsent(BoundedLocalCache.java:2404)
[2025-12-09T11:49:36.020+0000] {subprocess.py:106} INFO - 	at org.apache.iceberg.shaded.com.github.benmanes.caffeine.cache.BoundedLocalCache.computeIfAbsent(BoundedLocalCache.java:2387)
[2025-12-09T11:49:36.021+0000] {subprocess.py:106} INFO - 	at org.apache.iceberg.shaded.com.github.benmanes.caffeine.cache.LocalCache.computeIfAbsent(LocalCache.java:108)
[2025-12-09T11:49:36.022+0000] {subprocess.py:106} INFO - 	at org.apache.iceberg.shaded.com.github.benmanes.caffeine.cache.LocalManualCache.get(LocalManualCache.java:62)
[2025-12-09T11:49:36.023+0000] {subprocess.py:106} INFO - 	at org.apache.iceberg.CachingCatalog.loadTable(CachingCatalog.java:167)
[2025-12-09T11:49:36.025+0000] {subprocess.py:106} INFO - 	at org.apache.iceberg.spark.SparkCatalog.load(SparkCatalog.java:845)
[2025-12-09T11:49:36.026+0000] {subprocess.py:106} INFO - 	at org.apache.iceberg.spark.SparkCatalog.loadTable(SparkCatalog.java:170)
[2025-12-09T11:49:36.028+0000] {subprocess.py:106} INFO - 	at org.apache.spark.sql.connector.catalog.TableCatalog.tableExists(TableCatalog.java:185)
[2025-12-09T11:49:36.029+0000] {subprocess.py:106} INFO - 	at org.apache.spark.sql.internal.CatalogImpl.tableExists(CatalogImpl.scala:524)
[2025-12-09T11:49:36.030+0000] {subprocess.py:106} INFO - 	at java.base/jdk.internal.reflect.NativeMethodAccessorImpl.invoke0(Native Method)
[2025-12-09T11:49:36.031+0000] {subprocess.py:106} INFO - 	at java.base/jdk.internal.reflect.NativeMethodAccessorImpl.invoke(Unknown Source)
[2025-12-09T11:49:36.031+0000] {subprocess.py:106} INFO - 	at java.base/jdk.internal.reflect.DelegatingMethodAccessorImpl.invoke(Unknown Source)
[2025-12-09T11:49:36.032+0000] {subprocess.py:106} INFO - 	at java.base/java.lang.reflect.Method.invoke(Unknown Source)
[2025-12-09T11:49:36.034+0000] {subprocess.py:106} INFO - 	at py4j.reflection.MethodInvoker.invoke(MethodInvoker.java:244)
[2025-12-09T11:49:36.035+0000] {subprocess.py:106} INFO - 	at py4j.reflection.ReflectionEngine.invoke(ReflectionEngine.java:374)
[2025-12-09T11:49:36.036+0000] {subprocess.py:106} INFO - 	at py4j.Gateway.invoke(Gateway.java:282)
[2025-12-09T11:49:36.036+0000] {subprocess.py:106} INFO - 	at py4j.commands.AbstractCommand.invokeMethod(AbstractCommand.java:132)
[2025-12-09T11:49:36.037+0000] {subprocess.py:106} INFO - 	at py4j.commands.CallCommand.execute(CallCommand.java:79)
[2025-12-09T11:49:36.043+0000] {subprocess.py:106} INFO - 	at py4j.ClientServerConnection.waitForCommands(ClientServerConnection.java:182)
[2025-12-09T11:49:36.046+0000] {subprocess.py:106} INFO - 	at py4j.ClientServerConnection.run(ClientServerConnection.java:106)
[2025-12-09T11:49:36.048+0000] {subprocess.py:106} INFO - 	at java.base/java.lang.Thread.run(Unknown Source)
[2025-12-09T11:49:36.048+0000] {subprocess.py:106} INFO - Caused by: java.io.FileNotFoundException: File does not exist: /user/ndh/warehouse/silver.db/it_jobs_clean/metadata/00000-8b9d9c3e-9650-4552-88cd-e4fa96de2899.metadata.json
[2025-12-09T11:49:36.050+0000] {subprocess.py:106} INFO - 	at org.apache.hadoop.hdfs.server.namenode.INodeFile.valueOf(INodeFile.java:87)
[2025-12-09T11:49:36.051+0000] {subprocess.py:106} INFO - 	at org.apache.hadoop.hdfs.server.namenode.INodeFile.valueOf(INodeFile.java:77)
[2025-12-09T11:49:36.052+0000] {subprocess.py:106} INFO - 	at org.apache.hadoop.hdfs.server.namenode.FSDirStatAndListingOp.getBlockLocations(FSDirStatAndListingOp.java:159)
[2025-12-09T11:49:36.053+0000] {subprocess.py:106} INFO - 	at org.apache.hadoop.hdfs.server.namenode.FSNamesystem.getBlockLocations(FSNamesystem.java:2198)
[2025-12-09T11:49:36.054+0000] {subprocess.py:106} INFO - 	at org.apache.hadoop.hdfs.server.namenode.NameNodeRpcServer.getBlockLocations(NameNodeRpcServer.java:795)
[2025-12-09T11:49:36.055+0000] {subprocess.py:106} INFO - 	at org.apache.hadoop.hdfs.protocolPB.ClientNamenodeProtocolServerSideTranslatorPB.getBlockLocations(ClientNamenodeProtocolServerSideTranslatorPB.java:468)
[2025-12-09T11:49:36.056+0000] {subprocess.py:106} INFO - 	at org.apache.hadoop.hdfs.protocol.proto.ClientNamenodeProtocolProtos$ClientNamenodeProtocol$2.callBlockingMethod(ClientNamenodeProtocolProtos.java)
[2025-12-09T11:49:36.057+0000] {subprocess.py:106} INFO - 	at org.apache.hadoop.ipc.ProtobufRpcEngine2$Server$ProtoBufRpcInvoker.call(ProtobufRpcEngine2.java:621)
[2025-12-09T11:49:36.058+0000] {subprocess.py:106} INFO - 	at org.apache.hadoop.ipc.ProtobufRpcEngine2$Server$ProtoBufRpcInvoker.call(ProtobufRpcEngine2.java:589)
[2025-12-09T11:49:36.059+0000] {subprocess.py:106} INFO - 	at org.apache.hadoop.ipc.ProtobufRpcEngine2$Server$ProtoBufRpcInvoker.call(ProtobufRpcEngine2.java:573)
[2025-12-09T11:49:36.060+0000] {subprocess.py:106} INFO - 	at org.apache.hadoop.ipc.RPC$Server.call(RPC.java:1227)
[2025-12-09T11:49:36.061+0000] {subprocess.py:106} INFO - 	at org.apache.hadoop.ipc.Server$RpcCall.run(Server.java:1246)
[2025-12-09T11:49:36.062+0000] {subprocess.py:106} INFO - 	at org.apache.hadoop.ipc.Server$RpcCall.run(Server.java:1169)
[2025-12-09T11:49:36.063+0000] {subprocess.py:106} INFO - 	at java.security.AccessController.doPrivileged(Native Method)
[2025-12-09T11:49:36.064+0000] {subprocess.py:106} INFO - 	at javax.security.auth.Subject.doAs(Subject.java:422)
[2025-12-09T11:49:36.066+0000] {subprocess.py:106} INFO - 	at org.apache.hadoop.security.UserGroupInformation.doAs(UserGroupInformation.java:1953)
[2025-12-09T11:49:36.066+0000] {subprocess.py:106} INFO - 	at org.apache.hadoop.ipc.Server$Handler.run(Server.java:3198)
[2025-12-09T11:49:36.068+0000] {subprocess.py:106} INFO - 
[2025-12-09T11:49:36.069+0000] {subprocess.py:106} INFO - 	at java.base/jdk.internal.reflect.NativeConstructorAccessorImpl.newInstance0(Native Method)
[2025-12-09T11:49:36.069+0000] {subprocess.py:106} INFO - 	at java.base/jdk.internal.reflect.NativeConstructorAccessorImpl.newInstance(Unknown Source)
[2025-12-09T11:49:36.070+0000] {subprocess.py:106} INFO - 	at java.base/jdk.internal.reflect.DelegatingConstructorAccessorImpl.newInstance(Unknown Source)
[2025-12-09T11:49:36.071+0000] {subprocess.py:106} INFO - 	at java.base/java.lang.reflect.Constructor.newInstance(Unknown Source)
[2025-12-09T11:49:36.072+0000] {subprocess.py:106} INFO - 	at org.apache.hadoop.ipc.RemoteException.instantiateException(RemoteException.java:121)
[2025-12-09T11:49:36.074+0000] {subprocess.py:106} INFO - 	at org.apache.hadoop.ipc.RemoteException.unwrapRemoteException(RemoteException.java:88)
[2025-12-09T11:49:36.077+0000] {subprocess.py:106} INFO - 	at org.apache.hadoop.hdfs.DFSClient.callGetBlockLocations(DFSClient.java:902)
[2025-12-09T11:49:36.079+0000] {subprocess.py:106} INFO - 	at org.apache.hadoop.hdfs.DFSClient.getLocatedBlocks(DFSClient.java:889)
[2025-12-09T11:49:36.080+0000] {subprocess.py:106} INFO - 	at org.apache.hadoop.hdfs.DFSClient.getLocatedBlocks(DFSClient.java:878)
[2025-12-09T11:49:36.081+0000] {subprocess.py:106} INFO - 	at org.apache.hadoop.hdfs.DFSClient.open(DFSClient.java:1046)
[2025-12-09T11:49:36.082+0000] {subprocess.py:106} INFO - 	at org.apache.hadoop.hdfs.DistributedFileSystem$4.doCall(DistributedFileSystem.java:340)
[2025-12-09T11:49:36.083+0000] {subprocess.py:106} INFO - 	at org.apache.hadoop.hdfs.DistributedFileSystem$4.doCall(DistributedFileSystem.java:336)
[2025-12-09T11:49:36.086+0000] {subprocess.py:106} INFO - 	at org.apache.hadoop.fs.FileSystemLinkResolver.resolve(FileSystemLinkResolver.java:81)
[2025-12-09T11:49:36.089+0000] {subprocess.py:106} INFO - 	at org.apache.hadoop.hdfs.DistributedFileSystem.open(DistributedFileSystem.java:353)
[2025-12-09T11:49:36.090+0000] {subprocess.py:106} INFO - 	at org.apache.hadoop.fs.FileSystem.open(FileSystem.java:976)
[2025-12-09T11:49:36.091+0000] {subprocess.py:106} INFO - 	at org.apache.iceberg.hadoop.HadoopInputFile.newStream(HadoopInputFile.java:183)
[2025-12-09T11:49:36.093+0000] {subprocess.py:106} INFO - 	... 38 more
[2025-12-09T11:49:36.093+0000] {subprocess.py:106} INFO - Caused by: org.apache.hadoop.ipc.RemoteException(java.io.FileNotFoundException): File does not exist: /user/ndh/warehouse/silver.db/it_jobs_clean/metadata/00000-8b9d9c3e-9650-4552-88cd-e4fa96de2899.metadata.json
[2025-12-09T11:49:36.097+0000] {subprocess.py:106} INFO - 	at org.apache.hadoop.hdfs.server.namenode.INodeFile.valueOf(INodeFile.java:87)
[2025-12-09T11:49:36.098+0000] {subprocess.py:106} INFO - 	at org.apache.hadoop.hdfs.server.namenode.INodeFile.valueOf(INodeFile.java:77)
[2025-12-09T11:49:36.099+0000] {subprocess.py:106} INFO - 	at org.apache.hadoop.hdfs.server.namenode.FSDirStatAndListingOp.getBlockLocations(FSDirStatAndListingOp.java:159)
[2025-12-09T11:49:36.100+0000] {subprocess.py:106} INFO - 	at org.apache.hadoop.hdfs.server.namenode.FSNamesystem.getBlockLocations(FSNamesystem.java:2198)
[2025-12-09T11:49:36.101+0000] {subprocess.py:106} INFO - 	at org.apache.hadoop.hdfs.server.namenode.NameNodeRpcServer.getBlockLocations(NameNodeRpcServer.java:795)
[2025-12-09T11:49:36.103+0000] {subprocess.py:106} INFO - 	at org.apache.hadoop.hdfs.protocolPB.ClientNamenodeProtocolServerSideTranslatorPB.getBlockLocations(ClientNamenodeProtocolServerSideTranslatorPB.java:468)
[2025-12-09T11:49:36.104+0000] {subprocess.py:106} INFO - 	at org.apache.hadoop.hdfs.protocol.proto.ClientNamenodeProtocolProtos$ClientNamenodeProtocol$2.callBlockingMethod(ClientNamenodeProtocolProtos.java)
[2025-12-09T11:49:36.106+0000] {subprocess.py:106} INFO - 	at org.apache.hadoop.ipc.ProtobufRpcEngine2$Server$ProtoBufRpcInvoker.call(ProtobufRpcEngine2.java:621)
[2025-12-09T11:49:36.107+0000] {subprocess.py:106} INFO - 	at org.apache.hadoop.ipc.ProtobufRpcEngine2$Server$ProtoBufRpcInvoker.call(ProtobufRpcEngine2.java:589)
[2025-12-09T11:49:36.109+0000] {subprocess.py:106} INFO - 	at org.apache.hadoop.ipc.ProtobufRpcEngine2$Server$ProtoBufRpcInvoker.call(ProtobufRpcEngine2.java:573)
[2025-12-09T11:49:36.112+0000] {subprocess.py:106} INFO - 	at org.apache.hadoop.ipc.RPC$Server.call(RPC.java:1227)
[2025-12-09T11:49:36.113+0000] {subprocess.py:106} INFO - 	at org.apache.hadoop.ipc.Server$RpcCall.run(Server.java:1246)
[2025-12-09T11:49:36.114+0000] {subprocess.py:106} INFO - 	at org.apache.hadoop.ipc.Server$RpcCall.run(Server.java:1169)
[2025-12-09T11:49:36.119+0000] {subprocess.py:106} INFO - 	at java.security.AccessController.doPrivileged(Native Method)
[2025-12-09T11:49:36.123+0000] {subprocess.py:106} INFO - 	at javax.security.auth.Subject.doAs(Subject.java:422)
[2025-12-09T11:49:36.125+0000] {subprocess.py:106} INFO - 	at org.apache.hadoop.security.UserGroupInformation.doAs(UserGroupInformation.java:1953)
[2025-12-09T11:49:36.126+0000] {subprocess.py:106} INFO - 	at org.apache.hadoop.ipc.Server$Handler.run(Server.java:3198)
[2025-12-09T11:49:36.127+0000] {subprocess.py:106} INFO - 
[2025-12-09T11:49:36.129+0000] {subprocess.py:106} INFO - 	at org.apache.hadoop.ipc.Client.getRpcResponse(Client.java:1612)
[2025-12-09T11:49:36.133+0000] {subprocess.py:106} INFO - 	at org.apache.hadoop.ipc.Client.call(Client.java:1558)
[2025-12-09T11:49:36.135+0000] {subprocess.py:106} INFO - 	at org.apache.hadoop.ipc.Client.call(Client.java:1455)
[2025-12-09T11:49:36.136+0000] {subprocess.py:106} INFO - 	at org.apache.hadoop.ipc.ProtobufRpcEngine2$Invoker.invoke(ProtobufRpcEngine2.java:242)
[2025-12-09T11:49:36.139+0000] {subprocess.py:106} INFO - 	at org.apache.hadoop.ipc.ProtobufRpcEngine2$Invoker.invoke(ProtobufRpcEngine2.java:129)
[2025-12-09T11:49:36.141+0000] {subprocess.py:106} INFO - 	at com.sun.proxy.$Proxy36.getBlockLocations(Unknown Source)
[2025-12-09T11:49:36.142+0000] {subprocess.py:106} INFO - 	at org.apache.hadoop.hdfs.protocolPB.ClientNamenodeProtocolTranslatorPB.getBlockLocations(ClientNamenodeProtocolTranslatorPB.java:333)
[2025-12-09T11:49:36.144+0000] {subprocess.py:106} INFO - 	at java.base/jdk.internal.reflect.NativeMethodAccessorImpl.invoke0(Native Method)
[2025-12-09T11:49:36.145+0000] {subprocess.py:106} INFO - 	at java.base/jdk.internal.reflect.NativeMethodAccessorImpl.invoke(Unknown Source)
[2025-12-09T11:49:36.146+0000] {subprocess.py:106} INFO - 	at java.base/jdk.internal.reflect.DelegatingMethodAccessorImpl.invoke(Unknown Source)
[2025-12-09T11:49:36.147+0000] {subprocess.py:106} INFO - 	at java.base/java.lang.reflect.Method.invoke(Unknown Source)
[2025-12-09T11:49:36.148+0000] {subprocess.py:106} INFO - 	at org.apache.hadoop.io.retry.RetryInvocationHandler.invokeMethod(RetryInvocationHandler.java:422)
[2025-12-09T11:49:36.149+0000] {subprocess.py:106} INFO - 	at org.apache.hadoop.io.retry.RetryInvocationHandler$Call.invokeMethod(RetryInvocationHandler.java:165)
[2025-12-09T11:49:36.153+0000] {subprocess.py:106} INFO - 	at org.apache.hadoop.io.retry.RetryInvocationHandler$Call.invoke(RetryInvocationHandler.java:157)
[2025-12-09T11:49:36.154+0000] {subprocess.py:106} INFO - 	at org.apache.hadoop.io.retry.RetryInvocationHandler$Call.invokeOnce(RetryInvocationHandler.java:95)
[2025-12-09T11:49:36.155+0000] {subprocess.py:106} INFO - 	at org.apache.hadoop.io.retry.RetryInvocationHandler.invoke(RetryInvocationHandler.java:359)
[2025-12-09T11:49:36.156+0000] {subprocess.py:106} INFO - 	at com.sun.proxy.$Proxy37.getBlockLocations(Unknown Source)
[2025-12-09T11:49:36.157+0000] {subprocess.py:106} INFO - 	at org.apache.hadoop.hdfs.DFSClient.callGetBlockLocations(DFSClient.java:900)
[2025-12-09T11:49:36.158+0000] {subprocess.py:106} INFO - 	... 47 more
[2025-12-09T11:49:36.159+0000] {subprocess.py:106} INFO - 
[2025-12-09T11:49:36.160+0000] {subprocess.py:106} INFO - 25/12/09 11:49:36 INFO SparkContext: Invoking stop() from shutdown hook
[2025-12-09T11:49:36.161+0000] {subprocess.py:106} INFO - 25/12/09 11:49:36 INFO SparkContext: SparkContext is stopping with exitCode 0.
[2025-12-09T11:49:36.162+0000] {subprocess.py:106} INFO - 25/12/09 11:49:36 INFO SparkUI: Stopped Spark web UI at http://65f44b4fd513:4040
[2025-12-09T11:49:36.163+0000] {subprocess.py:106} INFO - 25/12/09 11:49:36 INFO StandaloneSchedulerBackend: Shutting down all executors
[2025-12-09T11:49:36.164+0000] {subprocess.py:106} INFO - 25/12/09 11:49:36 INFO StandaloneSchedulerBackend$StandaloneDriverEndpoint: Asking each executor to shut down
[2025-12-09T11:49:36.165+0000] {subprocess.py:106} INFO - 25/12/09 11:49:36 INFO MapOutputTrackerMasterEndpoint: MapOutputTrackerMasterEndpoint stopped!
[2025-12-09T11:49:36.188+0000] {subprocess.py:106} INFO - 25/12/09 11:49:36 INFO MemoryStore: MemoryStore cleared
[2025-12-09T11:49:36.189+0000] {subprocess.py:106} INFO - 25/12/09 11:49:36 INFO BlockManager: BlockManager stopped
[2025-12-09T11:49:36.205+0000] {subprocess.py:106} INFO - 25/12/09 11:49:36 INFO BlockManagerMaster: BlockManagerMaster stopped
[2025-12-09T11:49:36.212+0000] {subprocess.py:106} INFO - 25/12/09 11:49:36 INFO OutputCommitCoordinator$OutputCommitCoordinatorEndpoint: OutputCommitCoordinator stopped!
[2025-12-09T11:49:36.251+0000] {subprocess.py:106} INFO - 25/12/09 11:49:36 INFO SparkContext: Successfully stopped SparkContext
[2025-12-09T11:49:36.252+0000] {subprocess.py:106} INFO - 25/12/09 11:49:36 INFO ShutdownHookManager: Shutdown hook called
[2025-12-09T11:49:36.253+0000] {subprocess.py:106} INFO - 25/12/09 11:49:36 INFO ShutdownHookManager: Deleting directory /tmp/spark-2b9fc1eb-058c-436d-bef0-1b5ebaa8685b
[2025-12-09T11:49:36.263+0000] {subprocess.py:106} INFO - 25/12/09 11:49:36 INFO ShutdownHookManager: Deleting directory /tmp/spark-2b9fc1eb-058c-436d-bef0-1b5ebaa8685b/pyspark-6fa7aa54-7550-469b-81c3-ebc2bb811af5
[2025-12-09T11:49:36.265+0000] {subprocess.py:106} INFO - 25/12/09 11:49:36 ERROR TransportRequestHandler: Error sending result StreamResponse[streamId=/jars/org.apache.iceberg_iceberg-spark-runtime-3.5_2.12-1.5.0.jar,byteCount=41601849,body=FileSegmentManagedBuffer[file=/home/spark/.ivy2/jars/org.apache.iceberg_iceberg-spark-runtime-3.5_2.12-1.5.0.jar,offset=0,length=41601849]] to /172.30.0.7:51280; closing connection
[2025-12-09T11:49:36.266+0000] {subprocess.py:106} INFO - io.netty.channel.StacklessClosedChannelException
[2025-12-09T11:49:36.267+0000] {subprocess.py:106} INFO - 	at io.netty.channel.AbstractChannel.close(ChannelPromise)(Unknown Source)
[2025-12-09T11:49:36.268+0000] {subprocess.py:106} INFO - 25/12/09 11:49:36 INFO ShutdownHookManager: Deleting directory /tmp/spark-410810d7-7174-4c31-b5b2-49690dee4387
[2025-12-09T11:49:36.402+0000] {subprocess.py:110} INFO - Command exited with return code 1
[2025-12-09T11:49:36.474+0000] {taskinstance.py:3313} ERROR - Task failed with exception
Traceback (most recent call last):
  File "/home/airflow/.local/lib/python3.8/site-packages/airflow/models/taskinstance.py", line 763, in _execute_task
    result = _execute_callable(context=context, **execute_callable_kwargs)
  File "/home/airflow/.local/lib/python3.8/site-packages/airflow/models/taskinstance.py", line 734, in _execute_callable
    return ExecutionCallableRunner(
  File "/home/airflow/.local/lib/python3.8/site-packages/airflow/utils/operator_helpers.py", line 252, in run
    return self.func(*args, **kwargs)
  File "/home/airflow/.local/lib/python3.8/site-packages/airflow/models/baseoperator.py", line 424, in wrapper
    return func(self, *args, **kwargs)
  File "/home/airflow/.local/lib/python3.8/site-packages/airflow/operators/bash.py", line 276, in execute
    raise AirflowException(
airflow.exceptions.AirflowException: Bash command failed. The command returned a non-zero exit code 1.
[2025-12-09T11:49:36.500+0000] {taskinstance.py:1226} INFO - Marking task as UP_FOR_RETRY. dag_id=crawl_etl_itjob, task_id=clean_silver, run_id=scheduled__2025-12-08T02:00:00+00:00, execution_date=20251208T020000, start_date=20251209T114922, end_date=20251209T114936
[2025-12-09T11:49:36.648+0000] {taskinstance.py:341} INFO - ::group::Post task execution logs
[2025-12-09T11:49:36.649+0000] {standard_task_runner.py:124} ERROR - Failed to execute job 342 for task clean_silver (Bash command failed. The command returned a non-zero exit code 1.; 249)
Traceback (most recent call last):
  File "/home/airflow/.local/lib/python3.8/site-packages/airflow/task/task_runner/standard_task_runner.py", line 117, in _start_by_fork
    ret = args.func(args, dag=self.dag)
  File "/home/airflow/.local/lib/python3.8/site-packages/airflow/cli/cli_config.py", line 49, in command
    return func(*args, **kwargs)
  File "/home/airflow/.local/lib/python3.8/site-packages/airflow/utils/cli.py", line 116, in wrapper
    return f(*args, **kwargs)
  File "/home/airflow/.local/lib/python3.8/site-packages/airflow/cli/commands/task_command.py", line 483, in task_run
    task_return_code = _run_task_by_selected_method(args, _dag, ti)
  File "/home/airflow/.local/lib/python3.8/site-packages/airflow/cli/commands/task_command.py", line 256, in _run_task_by_selected_method
    return _run_raw_task(args, ti)
  File "/home/airflow/.local/lib/python3.8/site-packages/airflow/cli/commands/task_command.py", line 341, in _run_raw_task
    return ti._run_raw_task(
  File "/home/airflow/.local/lib/python3.8/site-packages/airflow/utils/session.py", line 97, in wrapper
    return func(*args, session=session, **kwargs)
  File "/home/airflow/.local/lib/python3.8/site-packages/airflow/models/taskinstance.py", line 3006, in _run_raw_task
    return _run_raw_task(
  File "/home/airflow/.local/lib/python3.8/site-packages/airflow/models/taskinstance.py", line 274, in _run_raw_task
    TaskInstance._execute_task_with_callbacks(
  File "/home/airflow/.local/lib/python3.8/site-packages/airflow/models/taskinstance.py", line 3161, in _execute_task_with_callbacks
    result = self._execute_task(context, task_orig)
  File "/home/airflow/.local/lib/python3.8/site-packages/airflow/models/taskinstance.py", line 3185, in _execute_task
    return _execute_task(self, context, task_orig)
  File "/home/airflow/.local/lib/python3.8/site-packages/airflow/models/taskinstance.py", line 763, in _execute_task
    result = _execute_callable(context=context, **execute_callable_kwargs)
  File "/home/airflow/.local/lib/python3.8/site-packages/airflow/models/taskinstance.py", line 734, in _execute_callable
    return ExecutionCallableRunner(
  File "/home/airflow/.local/lib/python3.8/site-packages/airflow/utils/operator_helpers.py", line 252, in run
    return self.func(*args, **kwargs)
  File "/home/airflow/.local/lib/python3.8/site-packages/airflow/models/baseoperator.py", line 424, in wrapper
    return func(self, *args, **kwargs)
  File "/home/airflow/.local/lib/python3.8/site-packages/airflow/operators/bash.py", line 276, in execute
    raise AirflowException(
airflow.exceptions.AirflowException: Bash command failed. The command returned a non-zero exit code 1.
[2025-12-09T11:49:36.698+0000] {local_task_job_runner.py:266} INFO - Task exited with return code 1
[2025-12-09T11:49:36.754+0000] {taskinstance.py:3901} INFO - 0 downstream tasks scheduled from follow-on schedule check
[2025-12-09T11:49:36.757+0000] {local_task_job_runner.py:245} INFO - ::endgroup::
