[2025-12-09T11:17:29.299+0000] {local_task_job_runner.py:123} INFO - ::group::Pre task execution logs
[2025-12-09T11:17:29.330+0000] {taskinstance.py:2614} INFO - Dependencies all met for dep_context=non-requeueable deps ti=<TaskInstance: crawl_etl_itjob.clean_silver scheduled__2025-12-08T02:00:00+00:00 [queued]>
[2025-12-09T11:17:29.339+0000] {taskinstance.py:2614} INFO - Dependencies all met for dep_context=requeueable deps ti=<TaskInstance: crawl_etl_itjob.clean_silver scheduled__2025-12-08T02:00:00+00:00 [queued]>
[2025-12-09T11:17:29.339+0000] {taskinstance.py:2867} INFO - Starting attempt 11 of 12
[2025-12-09T11:17:29.350+0000] {taskinstance.py:2890} INFO - Executing <Task(BashOperator): clean_silver> on 2025-12-08 02:00:00+00:00
[2025-12-09T11:17:29.353+0000] {standard_task_runner.py:72} INFO - Started process 145 to run task
[2025-12-09T11:17:29.357+0000] {standard_task_runner.py:104} INFO - Running: ['***', 'tasks', 'run', 'crawl_etl_itjob', 'clean_silver', 'scheduled__2025-12-08T02:00:00+00:00', '--job-id', '334', '--raw', '--subdir', 'DAGS_FOLDER/Crawl_ETL_ITJob.py', '--cfg-path', '/tmp/tmpix0g6yx9']
[2025-12-09T11:17:29.358+0000] {standard_task_runner.py:105} INFO - Job 334: Subtask clean_silver
[2025-12-09T11:17:29.377+0000] {warnings.py:109} WARNING - /home/***/.local/lib/python3.8/site-packages/***/settings.py:209: DeprecationWarning: The sql_alchemy_conn option in [core] has been moved to the sql_alchemy_conn option in [database] - the old setting has been used, but please update your config.
  SQL_ALCHEMY_CONN = conf.get("database", "SQL_ALCHEMY_CONN")

[2025-12-09T11:17:29.445+0000] {task_command.py:467} INFO - Running <TaskInstance: crawl_etl_itjob.clean_silver scheduled__2025-12-08T02:00:00+00:00 [running]> on host a1de7f96d4f1
[2025-12-09T11:17:29.446+0000] {warnings.py:109} WARNING - /home/***/.local/lib/python3.8/site-packages/***/settings.py:470: DeprecationWarning: The sql_alchemy_conn option in [core] has been moved to the sql_alchemy_conn option in [database] - the old setting has been used, but please update your config.
  if conf.get("database", "sql_alchemy_conn") == "none://":

[2025-12-09T11:17:29.545+0000] {taskinstance.py:3134} INFO - Exporting env vars: AIRFLOW_CTX_DAG_EMAIL='alert@datateam.local' AIRFLOW_CTX_DAG_OWNER='***' AIRFLOW_CTX_DAG_ID='crawl_etl_itjob' AIRFLOW_CTX_TASK_ID='clean_silver' AIRFLOW_CTX_EXECUTION_DATE='2025-12-08T02:00:00+00:00' AIRFLOW_CTX_TRY_NUMBER='11' AIRFLOW_CTX_DAG_RUN_ID='scheduled__2025-12-08T02:00:00+00:00'
[2025-12-09T11:17:29.546+0000] {taskinstance.py:732} INFO - ::endgroup::
[2025-12-09T11:17:29.564+0000] {subprocess.py:78} INFO - Tmp dir root location: /tmp
[2025-12-09T11:17:29.565+0000] {subprocess.py:88} INFO - Running command: ['/bin/bash', '-c', "\n        docker exec spark-submit bash -c '\n        /opt/spark/bin/spark-submit         --master spark://spark-master:7077         --deploy-mode client         --packages org.apache.iceberg:iceberg-spark-runtime-3.5_2.12:1.5.0         /opt/spark/scripts/Clean_Silver.py\n        '\n        "]
[2025-12-09T11:17:29.574+0000] {subprocess.py:99} INFO - Output:
[2025-12-09T11:17:32.345+0000] {subprocess.py:106} INFO - :: loading settings :: url = jar:file:/opt/spark/jars/ivy-2.5.1.jar!/org/apache/ivy/core/settings/ivysettings.xml
[2025-12-09T11:17:32.500+0000] {subprocess.py:106} INFO - Ivy Default Cache set to: /home/spark/.ivy2/cache
[2025-12-09T11:17:32.502+0000] {subprocess.py:106} INFO - The jars for the packages stored in: /home/spark/.ivy2/jars
[2025-12-09T11:17:32.510+0000] {subprocess.py:106} INFO - org.apache.iceberg#iceberg-spark-runtime-3.5_2.12 added as a dependency
[2025-12-09T11:17:32.512+0000] {subprocess.py:106} INFO - :: resolving dependencies :: org.apache.spark#spark-submit-parent-d725c324-04a2-4999-ad7d-405f6e94a672;1.0
[2025-12-09T11:17:32.513+0000] {subprocess.py:106} INFO - 	confs: [default]
[2025-12-09T11:17:32.669+0000] {subprocess.py:106} INFO - 	found org.apache.iceberg#iceberg-spark-runtime-3.5_2.12;1.5.0 in central
[2025-12-09T11:17:32.686+0000] {subprocess.py:106} INFO - :: resolution report :: resolve 170ms :: artifacts dl 3ms
[2025-12-09T11:17:32.687+0000] {subprocess.py:106} INFO - 	:: modules in use:
[2025-12-09T11:17:32.688+0000] {subprocess.py:106} INFO - 	org.apache.iceberg#iceberg-spark-runtime-3.5_2.12;1.5.0 from central in [default]
[2025-12-09T11:17:32.689+0000] {subprocess.py:106} INFO - 	---------------------------------------------------------------------
[2025-12-09T11:17:32.689+0000] {subprocess.py:106} INFO - 	|                  |            modules            ||   artifacts   |
[2025-12-09T11:17:32.690+0000] {subprocess.py:106} INFO - 	|       conf       | number| search|dwnlded|evicted|| number|dwnlded|
[2025-12-09T11:17:32.691+0000] {subprocess.py:106} INFO - 	---------------------------------------------------------------------
[2025-12-09T11:17:32.691+0000] {subprocess.py:106} INFO - 	|      default     |   1   |   0   |   0   |   0   ||   1   |   0   |
[2025-12-09T11:17:32.692+0000] {subprocess.py:106} INFO - 	---------------------------------------------------------------------
[2025-12-09T11:17:32.692+0000] {subprocess.py:106} INFO - :: retrieving :: org.apache.spark#spark-submit-parent-d725c324-04a2-4999-ad7d-405f6e94a672
[2025-12-09T11:17:32.693+0000] {subprocess.py:106} INFO - 	confs: [default]
[2025-12-09T11:17:32.698+0000] {subprocess.py:106} INFO - 	0 artifacts copied, 1 already retrieved (0kB/6ms)
[2025-12-09T11:17:33.008+0000] {subprocess.py:106} INFO - 25/12/09 11:17:33 WARN NativeCodeLoader: Unable to load native-hadoop library for your platform... using builtin-java classes where applicable
[2025-12-09T11:17:34.361+0000] {subprocess.py:106} INFO - 25/12/09 11:17:34 INFO SparkContext: Running Spark version 3.5.3
[2025-12-09T11:17:34.362+0000] {subprocess.py:106} INFO - 25/12/09 11:17:34 INFO SparkContext: OS info Linux, 6.6.87.2-microsoft-standard-WSL2, amd64
[2025-12-09T11:17:34.362+0000] {subprocess.py:106} INFO - 25/12/09 11:17:34 INFO SparkContext: Java version 11.0.24
[2025-12-09T11:17:34.392+0000] {subprocess.py:106} INFO - 25/12/09 11:17:34 INFO ResourceUtils: ==============================================================
[2025-12-09T11:17:34.393+0000] {subprocess.py:106} INFO - 25/12/09 11:17:34 INFO ResourceUtils: No custom resources configured for spark.driver.
[2025-12-09T11:17:34.394+0000] {subprocess.py:106} INFO - 25/12/09 11:17:34 INFO ResourceUtils: ==============================================================
[2025-12-09T11:17:34.395+0000] {subprocess.py:106} INFO - 25/12/09 11:17:34 INFO SparkContext: Submitted application: Silver_Array_Location_Optimization
[2025-12-09T11:17:34.431+0000] {subprocess.py:106} INFO - 25/12/09 11:17:34 INFO ResourceProfile: Default ResourceProfile created, executor resources: Map(memory -> name: memory, amount: 1024, script: , vendor: , offHeap -> name: offHeap, amount: 0, script: , vendor: ), task resources: Map(cpus -> name: cpus, amount: 1.0)
[2025-12-09T11:17:34.445+0000] {subprocess.py:106} INFO - 25/12/09 11:17:34 INFO ResourceProfile: Limiting resource is cpu
[2025-12-09T11:17:34.446+0000] {subprocess.py:106} INFO - 25/12/09 11:17:34 INFO ResourceProfileManager: Added ResourceProfile id: 0
[2025-12-09T11:17:34.533+0000] {subprocess.py:106} INFO - 25/12/09 11:17:34 INFO SecurityManager: Changing view acls to: spark
[2025-12-09T11:17:34.534+0000] {subprocess.py:106} INFO - 25/12/09 11:17:34 INFO SecurityManager: Changing modify acls to: spark
[2025-12-09T11:17:34.535+0000] {subprocess.py:106} INFO - 25/12/09 11:17:34 INFO SecurityManager: Changing view acls groups to:
[2025-12-09T11:17:34.536+0000] {subprocess.py:106} INFO - 25/12/09 11:17:34 INFO SecurityManager: Changing modify acls groups to:
[2025-12-09T11:17:34.537+0000] {subprocess.py:106} INFO - 25/12/09 11:17:34 INFO SecurityManager: SecurityManager: authentication disabled; ui acls disabled; users with view permissions: spark; groups with view permissions: EMPTY; users with modify permissions: spark; groups with modify permissions: EMPTY
[2025-12-09T11:17:34.839+0000] {subprocess.py:106} INFO - 25/12/09 11:17:34 INFO Utils: Successfully started service 'sparkDriver' on port 39889.
[2025-12-09T11:17:34.880+0000] {subprocess.py:106} INFO - 25/12/09 11:17:34 INFO SparkEnv: Registering MapOutputTracker
[2025-12-09T11:17:34.922+0000] {subprocess.py:106} INFO - 25/12/09 11:17:34 INFO SparkEnv: Registering BlockManagerMaster
[2025-12-09T11:17:34.946+0000] {subprocess.py:106} INFO - 25/12/09 11:17:34 INFO BlockManagerMasterEndpoint: Using org.apache.spark.storage.DefaultTopologyMapper for getting topology information
[2025-12-09T11:17:34.947+0000] {subprocess.py:106} INFO - 25/12/09 11:17:34 INFO BlockManagerMasterEndpoint: BlockManagerMasterEndpoint up
[2025-12-09T11:17:34.953+0000] {subprocess.py:106} INFO - 25/12/09 11:17:34 INFO SparkEnv: Registering BlockManagerMasterHeartbeat
[2025-12-09T11:17:34.983+0000] {subprocess.py:106} INFO - 25/12/09 11:17:34 INFO DiskBlockManager: Created local directory at /tmp/blockmgr-1a2e0115-656d-4dc6-985f-135ace2d05dd
[2025-12-09T11:17:34.999+0000] {subprocess.py:106} INFO - 25/12/09 11:17:34 INFO MemoryStore: MemoryStore started with capacity 434.4 MiB
[2025-12-09T11:17:35.017+0000] {subprocess.py:106} INFO - 25/12/09 11:17:35 INFO SparkEnv: Registering OutputCommitCoordinator
[2025-12-09T11:17:35.202+0000] {subprocess.py:106} INFO - 25/12/09 11:17:35 INFO JettyUtils: Start Jetty 0.0.0.0:4040 for SparkUI
[2025-12-09T11:17:35.286+0000] {subprocess.py:106} INFO - 25/12/09 11:17:35 INFO Utils: Successfully started service 'SparkUI' on port 4040.
[2025-12-09T11:17:35.339+0000] {subprocess.py:106} INFO - 25/12/09 11:17:35 INFO SparkContext: Added JAR file:///home/spark/.ivy2/jars/org.apache.iceberg_iceberg-spark-runtime-3.5_2.12-1.5.0.jar at spark://65f44b4fd513:39889/jars/org.apache.iceberg_iceberg-spark-runtime-3.5_2.12-1.5.0.jar with timestamp 1765279054346
[2025-12-09T11:17:35.344+0000] {subprocess.py:106} INFO - 25/12/09 11:17:35 INFO SparkContext: Added file file:///home/spark/.ivy2/jars/org.apache.iceberg_iceberg-spark-runtime-3.5_2.12-1.5.0.jar at spark://65f44b4fd513:39889/files/org.apache.iceberg_iceberg-spark-runtime-3.5_2.12-1.5.0.jar with timestamp 1765279054346
[2025-12-09T11:17:35.346+0000] {subprocess.py:106} INFO - 25/12/09 11:17:35 INFO Utils: Copying /home/spark/.ivy2/jars/org.apache.iceberg_iceberg-spark-runtime-3.5_2.12-1.5.0.jar to /tmp/spark-db0aad7d-648e-4119-974d-cb8790cb3e76/userFiles-4a6397c7-e0a5-4f3e-9f20-fff403b503be/org.apache.iceberg_iceberg-spark-runtime-3.5_2.12-1.5.0.jar
[2025-12-09T11:17:35.536+0000] {subprocess.py:106} INFO - 25/12/09 11:17:35 INFO StandaloneAppClient$ClientEndpoint: Connecting to master spark://spark-master:7077...
[2025-12-09T11:17:35.592+0000] {subprocess.py:106} INFO - 25/12/09 11:17:35 INFO TransportClientFactory: Successfully created connection to spark-master/172.30.0.6:7077 after 35 ms (0 ms spent in bootstraps)
[2025-12-09T11:17:35.747+0000] {subprocess.py:106} INFO - 25/12/09 11:17:35 INFO StandaloneSchedulerBackend: Connected to Spark cluster with app ID app-20251209111735-0008
[2025-12-09T11:17:35.753+0000] {subprocess.py:106} INFO - 25/12/09 11:17:35 INFO StandaloneAppClient$ClientEndpoint: Executor added: app-20251209111735-0008/0 on worker-20251209103642-172.30.0.8-44161 (172.30.0.8:44161) with 1 core(s)
[2025-12-09T11:17:35.759+0000] {subprocess.py:106} INFO - 25/12/09 11:17:35 INFO StandaloneSchedulerBackend: Granted executor ID app-20251209111735-0008/0 on hostPort 172.30.0.8:44161 with 1 core(s), 1024.0 MiB RAM
[2025-12-09T11:17:35.768+0000] {subprocess.py:106} INFO - 25/12/09 11:17:35 INFO Utils: Successfully started service 'org.apache.spark.network.netty.NettyBlockTransferService' on port 33147.
[2025-12-09T11:17:35.770+0000] {subprocess.py:106} INFO - 25/12/09 11:17:35 INFO NettyBlockTransferService: Server created on 65f44b4fd513:33147
[2025-12-09T11:17:35.774+0000] {subprocess.py:106} INFO - 25/12/09 11:17:35 INFO BlockManager: Using org.apache.spark.storage.RandomBlockReplicationPolicy for block replication policy
[2025-12-09T11:17:35.786+0000] {subprocess.py:106} INFO - 25/12/09 11:17:35 INFO BlockManagerMaster: Registering BlockManager BlockManagerId(driver, 65f44b4fd513, 33147, None)
[2025-12-09T11:17:35.793+0000] {subprocess.py:106} INFO - 25/12/09 11:17:35 INFO BlockManagerMasterEndpoint: Registering block manager 65f44b4fd513:33147 with 434.4 MiB RAM, BlockManagerId(driver, 65f44b4fd513, 33147, None)
[2025-12-09T11:17:35.799+0000] {subprocess.py:106} INFO - 25/12/09 11:17:35 INFO BlockManagerMaster: Registered BlockManager BlockManagerId(driver, 65f44b4fd513, 33147, None)
[2025-12-09T11:17:35.803+0000] {subprocess.py:106} INFO - 25/12/09 11:17:35 INFO BlockManager: Initialized BlockManager: BlockManagerId(driver, 65f44b4fd513, 33147, None)
[2025-12-09T11:17:35.841+0000] {subprocess.py:106} INFO - 25/12/09 11:17:35 INFO StandaloneAppClient$ClientEndpoint: Executor updated: app-20251209111735-0008/0 is now RUNNING
[2025-12-09T11:17:36.148+0000] {subprocess.py:106} INFO - 25/12/09 11:17:36 INFO StandaloneSchedulerBackend: SchedulerBackend is ready for scheduling beginning after reached minRegisteredResourcesRatio: 0.0
[2025-12-09T11:17:36.607+0000] {subprocess.py:106} INFO - 25/12/09 11:17:36 INFO SharedState: Setting hive.metastore.warehouse.dir ('null') to the value of spark.sql.warehouse.dir.
[2025-12-09T11:17:36.614+0000] {subprocess.py:106} INFO - 25/12/09 11:17:36 INFO SharedState: Warehouse path is 'file:/opt/spark/work-dir/spark-warehouse'.
[2025-12-09T11:17:42.599+0000] {subprocess.py:106} INFO - 25/12/09 11:17:42 INFO StandaloneSchedulerBackend$StandaloneDriverEndpoint: Registered executor NettyRpcEndpointRef(spark-client://Executor) (172.30.0.8:60908) with ID 0,  ResourceProfileId 0
[2025-12-09T11:17:42.667+0000] {subprocess.py:106} INFO - 25/12/09 11:17:42 INFO HiveConf: Found configuration file null
[2025-12-09T11:17:42.748+0000] {subprocess.py:106} INFO - 25/12/09 11:17:42 INFO BlockManagerMasterEndpoint: Registering block manager 172.30.0.8:46089 with 434.4 MiB RAM, BlockManagerId(0, 172.30.0.8, 46089, None)
[2025-12-09T11:17:43.008+0000] {subprocess.py:106} INFO - 25/12/09 11:17:43 INFO metastore: Trying to connect to metastore with URI thrift://hive-metastore:9083
[2025-12-09T11:17:43.077+0000] {subprocess.py:106} INFO - 25/12/09 11:17:43 INFO metastore: Opened a connection to metastore, current connections: 1
[2025-12-09T11:17:43.151+0000] {subprocess.py:106} INFO - 25/12/09 11:17:43 INFO metastore: Connected to metastore.
[2025-12-09T11:17:43.706+0000] {subprocess.py:106} INFO - 25/12/09 11:17:43 INFO BaseMetastoreTableOperations: Refreshing table metadata from new version: hdfs://dinhhoa-master:9000/user/ndh/warehouse/silver.db/it_jobs_clean/metadata/00044-7000a88f-dfff-4ca0-87af-736c314facdd.metadata.json
[2025-12-09T11:17:44.784+0000] {subprocess.py:106} INFO - Traceback (most recent call last):
[2025-12-09T11:17:44.785+0000] {subprocess.py:106} INFO -   File "/opt/spark/scripts/Clean_Silver.py", line 31, in <module>
[2025-12-09T11:17:44.788+0000] {subprocess.py:106} INFO -     if spark.catalog.tableExists(f"hive_catalog.{DATABASE_SILVER}.{TABLE_SILVER}"):
[2025-12-09T11:17:44.789+0000] {subprocess.py:106} INFO -   File "/opt/spark/python/lib/pyspark.zip/pyspark/sql/catalog.py", line 747, in tableExists
[2025-12-09T11:17:44.790+0000] {subprocess.py:106} INFO -   File "/opt/spark/python/lib/py4j-0.10.9.7-src.zip/py4j/java_gateway.py", line 1322, in __call__
[2025-12-09T11:17:44.791+0000] {subprocess.py:106} INFO -   File "/opt/spark/python/lib/pyspark.zip/pyspark/errors/exceptions/captured.py", line 179, in deco
[2025-12-09T11:17:44.792+0000] {subprocess.py:106} INFO -   File "/opt/spark/python/lib/py4j-0.10.9.7-src.zip/py4j/protocol.py", line 326, in get_return_value
[2025-12-09T11:17:44.834+0000] {subprocess.py:106} INFO - py4j.protocol.Py4JJavaError: An error occurred while calling o46.tableExists.
[2025-12-09T11:17:44.835+0000] {subprocess.py:106} INFO - : org.apache.iceberg.exceptions.NotFoundException: Failed to open input stream for file: hdfs://dinhhoa-master:9000/user/ndh/warehouse/silver.db/it_jobs_clean/metadata/00044-7000a88f-dfff-4ca0-87af-736c314facdd.metadata.json
[2025-12-09T11:17:44.836+0000] {subprocess.py:106} INFO - 	at org.apache.iceberg.hadoop.HadoopInputFile.newStream(HadoopInputFile.java:185)
[2025-12-09T11:17:44.836+0000] {subprocess.py:106} INFO - 	at org.apache.iceberg.TableMetadataParser.read(TableMetadataParser.java:279)
[2025-12-09T11:17:44.837+0000] {subprocess.py:106} INFO - 	at org.apache.iceberg.TableMetadataParser.read(TableMetadataParser.java:273)
[2025-12-09T11:17:44.838+0000] {subprocess.py:106} INFO - 	at org.apache.iceberg.BaseMetastoreTableOperations.lambda$refreshFromMetadataLocation$0(BaseMetastoreTableOperations.java:182)
[2025-12-09T11:17:44.839+0000] {subprocess.py:106} INFO - 	at org.apache.iceberg.BaseMetastoreTableOperations.lambda$refreshFromMetadataLocation$1(BaseMetastoreTableOperations.java:201)
[2025-12-09T11:17:44.839+0000] {subprocess.py:106} INFO - 	at org.apache.iceberg.util.Tasks$Builder.runTaskWithRetry(Tasks.java:413)
[2025-12-09T11:17:44.840+0000] {subprocess.py:106} INFO - 	at org.apache.iceberg.util.Tasks$Builder.runSingleThreaded(Tasks.java:219)
[2025-12-09T11:17:44.841+0000] {subprocess.py:106} INFO - 	at org.apache.iceberg.util.Tasks$Builder.run(Tasks.java:203)
[2025-12-09T11:17:44.843+0000] {subprocess.py:106} INFO - 	at org.apache.iceberg.util.Tasks$Builder.run(Tasks.java:196)
[2025-12-09T11:17:44.845+0000] {subprocess.py:106} INFO - 	at org.apache.iceberg.BaseMetastoreTableOperations.refreshFromMetadataLocation(BaseMetastoreTableOperations.java:201)
[2025-12-09T11:17:44.846+0000] {subprocess.py:106} INFO - 	at org.apache.iceberg.BaseMetastoreTableOperations.refreshFromMetadataLocation(BaseMetastoreTableOperations.java:178)
[2025-12-09T11:17:44.847+0000] {subprocess.py:106} INFO - 	at org.apache.iceberg.BaseMetastoreTableOperations.refreshFromMetadataLocation(BaseMetastoreTableOperations.java:173)
[2025-12-09T11:17:44.848+0000] {subprocess.py:106} INFO - 	at org.apache.iceberg.hive.HiveTableOperations.doRefresh(HiveTableOperations.java:167)
[2025-12-09T11:17:44.849+0000] {subprocess.py:106} INFO - 	at org.apache.iceberg.BaseMetastoreTableOperations.refresh(BaseMetastoreTableOperations.java:90)
[2025-12-09T11:17:44.851+0000] {subprocess.py:106} INFO - 	at org.apache.iceberg.BaseMetastoreTableOperations.current(BaseMetastoreTableOperations.java:73)
[2025-12-09T11:17:44.853+0000] {subprocess.py:106} INFO - 	at org.apache.iceberg.BaseMetastoreCatalog.loadTable(BaseMetastoreCatalog.java:49)
[2025-12-09T11:17:44.853+0000] {subprocess.py:106} INFO - 	at org.apache.iceberg.shaded.com.github.benmanes.caffeine.cache.BoundedLocalCache.lambda$doComputeIfAbsent$14(BoundedLocalCache.java:2406)
[2025-12-09T11:17:44.854+0000] {subprocess.py:106} INFO - 	at java.base/java.util.concurrent.ConcurrentHashMap.compute(Unknown Source)
[2025-12-09T11:17:44.855+0000] {subprocess.py:106} INFO - 	at org.apache.iceberg.shaded.com.github.benmanes.caffeine.cache.BoundedLocalCache.doComputeIfAbsent(BoundedLocalCache.java:2404)
[2025-12-09T11:17:44.856+0000] {subprocess.py:106} INFO - 	at org.apache.iceberg.shaded.com.github.benmanes.caffeine.cache.BoundedLocalCache.computeIfAbsent(BoundedLocalCache.java:2387)
[2025-12-09T11:17:44.857+0000] {subprocess.py:106} INFO - 	at org.apache.iceberg.shaded.com.github.benmanes.caffeine.cache.LocalCache.computeIfAbsent(LocalCache.java:108)
[2025-12-09T11:17:44.858+0000] {subprocess.py:106} INFO - 	at org.apache.iceberg.shaded.com.github.benmanes.caffeine.cache.LocalManualCache.get(LocalManualCache.java:62)
[2025-12-09T11:17:44.858+0000] {subprocess.py:106} INFO - 	at org.apache.iceberg.CachingCatalog.loadTable(CachingCatalog.java:167)
[2025-12-09T11:17:44.859+0000] {subprocess.py:106} INFO - 	at org.apache.iceberg.spark.SparkCatalog.load(SparkCatalog.java:845)
[2025-12-09T11:17:44.860+0000] {subprocess.py:106} INFO - 	at org.apache.iceberg.spark.SparkCatalog.loadTable(SparkCatalog.java:170)
[2025-12-09T11:17:44.861+0000] {subprocess.py:106} INFO - 	at org.apache.spark.sql.connector.catalog.TableCatalog.tableExists(TableCatalog.java:185)
[2025-12-09T11:17:44.861+0000] {subprocess.py:106} INFO - 	at org.apache.spark.sql.internal.CatalogImpl.tableExists(CatalogImpl.scala:524)
[2025-12-09T11:17:44.862+0000] {subprocess.py:106} INFO - 	at java.base/jdk.internal.reflect.NativeMethodAccessorImpl.invoke0(Native Method)
[2025-12-09T11:17:44.862+0000] {subprocess.py:106} INFO - 	at java.base/jdk.internal.reflect.NativeMethodAccessorImpl.invoke(Unknown Source)
[2025-12-09T11:17:44.863+0000] {subprocess.py:106} INFO - 	at java.base/jdk.internal.reflect.DelegatingMethodAccessorImpl.invoke(Unknown Source)
[2025-12-09T11:17:44.864+0000] {subprocess.py:106} INFO - 	at java.base/java.lang.reflect.Method.invoke(Unknown Source)
[2025-12-09T11:17:44.865+0000] {subprocess.py:106} INFO - 	at py4j.reflection.MethodInvoker.invoke(MethodInvoker.java:244)
[2025-12-09T11:17:44.866+0000] {subprocess.py:106} INFO - 	at py4j.reflection.ReflectionEngine.invoke(ReflectionEngine.java:374)
[2025-12-09T11:17:44.867+0000] {subprocess.py:106} INFO - 	at py4j.Gateway.invoke(Gateway.java:282)
[2025-12-09T11:17:44.868+0000] {subprocess.py:106} INFO - 	at py4j.commands.AbstractCommand.invokeMethod(AbstractCommand.java:132)
[2025-12-09T11:17:44.869+0000] {subprocess.py:106} INFO - 	at py4j.commands.CallCommand.execute(CallCommand.java:79)
[2025-12-09T11:17:44.870+0000] {subprocess.py:106} INFO - 	at py4j.ClientServerConnection.waitForCommands(ClientServerConnection.java:182)
[2025-12-09T11:17:44.870+0000] {subprocess.py:106} INFO - 	at py4j.ClientServerConnection.run(ClientServerConnection.java:106)
[2025-12-09T11:17:44.871+0000] {subprocess.py:106} INFO - 	at java.base/java.lang.Thread.run(Unknown Source)
[2025-12-09T11:17:44.872+0000] {subprocess.py:106} INFO - Caused by: java.io.FileNotFoundException: File does not exist: /user/ndh/warehouse/silver.db/it_jobs_clean/metadata/00044-7000a88f-dfff-4ca0-87af-736c314facdd.metadata.json
[2025-12-09T11:17:44.872+0000] {subprocess.py:106} INFO - 	at org.apache.hadoop.hdfs.server.namenode.INodeFile.valueOf(INodeFile.java:87)
[2025-12-09T11:17:44.873+0000] {subprocess.py:106} INFO - 	at org.apache.hadoop.hdfs.server.namenode.INodeFile.valueOf(INodeFile.java:77)
[2025-12-09T11:17:44.875+0000] {subprocess.py:106} INFO - 	at org.apache.hadoop.hdfs.server.namenode.FSDirStatAndListingOp.getBlockLocations(FSDirStatAndListingOp.java:159)
[2025-12-09T11:17:44.876+0000] {subprocess.py:106} INFO - 	at org.apache.hadoop.hdfs.server.namenode.FSNamesystem.getBlockLocations(FSNamesystem.java:2198)
[2025-12-09T11:17:44.877+0000] {subprocess.py:106} INFO - 	at org.apache.hadoop.hdfs.server.namenode.NameNodeRpcServer.getBlockLocations(NameNodeRpcServer.java:795)
[2025-12-09T11:17:44.879+0000] {subprocess.py:106} INFO - 	at org.apache.hadoop.hdfs.protocolPB.ClientNamenodeProtocolServerSideTranslatorPB.getBlockLocations(ClientNamenodeProtocolServerSideTranslatorPB.java:468)
[2025-12-09T11:17:44.880+0000] {subprocess.py:106} INFO - 	at org.apache.hadoop.hdfs.protocol.proto.ClientNamenodeProtocolProtos$ClientNamenodeProtocol$2.callBlockingMethod(ClientNamenodeProtocolProtos.java)
[2025-12-09T11:17:44.881+0000] {subprocess.py:106} INFO - 	at org.apache.hadoop.ipc.ProtobufRpcEngine2$Server$ProtoBufRpcInvoker.call(ProtobufRpcEngine2.java:621)
[2025-12-09T11:17:44.882+0000] {subprocess.py:106} INFO - 	at org.apache.hadoop.ipc.ProtobufRpcEngine2$Server$ProtoBufRpcInvoker.call(ProtobufRpcEngine2.java:589)
[2025-12-09T11:17:44.883+0000] {subprocess.py:106} INFO - 	at org.apache.hadoop.ipc.ProtobufRpcEngine2$Server$ProtoBufRpcInvoker.call(ProtobufRpcEngine2.java:573)
[2025-12-09T11:17:44.884+0000] {subprocess.py:106} INFO - 	at org.apache.hadoop.ipc.RPC$Server.call(RPC.java:1227)
[2025-12-09T11:17:44.885+0000] {subprocess.py:106} INFO - 	at org.apache.hadoop.ipc.Server$RpcCall.run(Server.java:1246)
[2025-12-09T11:17:44.886+0000] {subprocess.py:106} INFO - 	at org.apache.hadoop.ipc.Server$RpcCall.run(Server.java:1169)
[2025-12-09T11:17:44.887+0000] {subprocess.py:106} INFO - 	at java.security.AccessController.doPrivileged(Native Method)
[2025-12-09T11:17:44.888+0000] {subprocess.py:106} INFO - 	at javax.security.auth.Subject.doAs(Subject.java:422)
[2025-12-09T11:17:44.889+0000] {subprocess.py:106} INFO - 	at org.apache.hadoop.security.UserGroupInformation.doAs(UserGroupInformation.java:1953)
[2025-12-09T11:17:44.890+0000] {subprocess.py:106} INFO - 	at org.apache.hadoop.ipc.Server$Handler.run(Server.java:3198)
[2025-12-09T11:17:44.891+0000] {subprocess.py:106} INFO - 
[2025-12-09T11:17:44.891+0000] {subprocess.py:106} INFO - 	at java.base/jdk.internal.reflect.NativeConstructorAccessorImpl.newInstance0(Native Method)
[2025-12-09T11:17:44.892+0000] {subprocess.py:106} INFO - 	at java.base/jdk.internal.reflect.NativeConstructorAccessorImpl.newInstance(Unknown Source)
[2025-12-09T11:17:44.893+0000] {subprocess.py:106} INFO - 	at java.base/jdk.internal.reflect.DelegatingConstructorAccessorImpl.newInstance(Unknown Source)
[2025-12-09T11:17:44.894+0000] {subprocess.py:106} INFO - 	at java.base/java.lang.reflect.Constructor.newInstance(Unknown Source)
[2025-12-09T11:17:44.895+0000] {subprocess.py:106} INFO - 	at org.apache.hadoop.ipc.RemoteException.instantiateException(RemoteException.java:121)
[2025-12-09T11:17:44.895+0000] {subprocess.py:106} INFO - 	at org.apache.hadoop.ipc.RemoteException.unwrapRemoteException(RemoteException.java:88)
[2025-12-09T11:17:44.896+0000] {subprocess.py:106} INFO - 	at org.apache.hadoop.hdfs.DFSClient.callGetBlockLocations(DFSClient.java:902)
[2025-12-09T11:17:44.897+0000] {subprocess.py:106} INFO - 	at org.apache.hadoop.hdfs.DFSClient.getLocatedBlocks(DFSClient.java:889)
[2025-12-09T11:17:44.898+0000] {subprocess.py:106} INFO - 	at org.apache.hadoop.hdfs.DFSClient.getLocatedBlocks(DFSClient.java:878)
[2025-12-09T11:17:44.898+0000] {subprocess.py:106} INFO - 	at org.apache.hadoop.hdfs.DFSClient.open(DFSClient.java:1046)
[2025-12-09T11:17:44.899+0000] {subprocess.py:106} INFO - 	at org.apache.hadoop.hdfs.DistributedFileSystem$4.doCall(DistributedFileSystem.java:340)
[2025-12-09T11:17:44.900+0000] {subprocess.py:106} INFO - 	at org.apache.hadoop.hdfs.DistributedFileSystem$4.doCall(DistributedFileSystem.java:336)
[2025-12-09T11:17:44.902+0000] {subprocess.py:106} INFO - 	at org.apache.hadoop.fs.FileSystemLinkResolver.resolve(FileSystemLinkResolver.java:81)
[2025-12-09T11:17:44.902+0000] {subprocess.py:106} INFO - 	at org.apache.hadoop.hdfs.DistributedFileSystem.open(DistributedFileSystem.java:353)
[2025-12-09T11:17:44.903+0000] {subprocess.py:106} INFO - 	at org.apache.hadoop.fs.FileSystem.open(FileSystem.java:976)
[2025-12-09T11:17:44.905+0000] {subprocess.py:106} INFO - 	at org.apache.iceberg.hadoop.HadoopInputFile.newStream(HadoopInputFile.java:183)
[2025-12-09T11:17:44.906+0000] {subprocess.py:106} INFO - 	... 38 more
[2025-12-09T11:17:44.907+0000] {subprocess.py:106} INFO - Caused by: org.apache.hadoop.ipc.RemoteException(java.io.FileNotFoundException): File does not exist: /user/ndh/warehouse/silver.db/it_jobs_clean/metadata/00044-7000a88f-dfff-4ca0-87af-736c314facdd.metadata.json
[2025-12-09T11:17:44.907+0000] {subprocess.py:106} INFO - 	at org.apache.hadoop.hdfs.server.namenode.INodeFile.valueOf(INodeFile.java:87)
[2025-12-09T11:17:44.908+0000] {subprocess.py:106} INFO - 	at org.apache.hadoop.hdfs.server.namenode.INodeFile.valueOf(INodeFile.java:77)
[2025-12-09T11:17:44.909+0000] {subprocess.py:106} INFO - 	at org.apache.hadoop.hdfs.server.namenode.FSDirStatAndListingOp.getBlockLocations(FSDirStatAndListingOp.java:159)
[2025-12-09T11:17:44.910+0000] {subprocess.py:106} INFO - 	at org.apache.hadoop.hdfs.server.namenode.FSNamesystem.getBlockLocations(FSNamesystem.java:2198)
[2025-12-09T11:17:44.910+0000] {subprocess.py:106} INFO - 	at org.apache.hadoop.hdfs.server.namenode.NameNodeRpcServer.getBlockLocations(NameNodeRpcServer.java:795)
[2025-12-09T11:17:44.910+0000] {subprocess.py:106} INFO - 	at org.apache.hadoop.hdfs.protocolPB.ClientNamenodeProtocolServerSideTranslatorPB.getBlockLocations(ClientNamenodeProtocolServerSideTranslatorPB.java:468)
[2025-12-09T11:17:44.911+0000] {subprocess.py:106} INFO - 	at org.apache.hadoop.hdfs.protocol.proto.ClientNamenodeProtocolProtos$ClientNamenodeProtocol$2.callBlockingMethod(ClientNamenodeProtocolProtos.java)
[2025-12-09T11:17:44.912+0000] {subprocess.py:106} INFO - 	at org.apache.hadoop.ipc.ProtobufRpcEngine2$Server$ProtoBufRpcInvoker.call(ProtobufRpcEngine2.java:621)
[2025-12-09T11:17:44.912+0000] {subprocess.py:106} INFO - 	at org.apache.hadoop.ipc.ProtobufRpcEngine2$Server$ProtoBufRpcInvoker.call(ProtobufRpcEngine2.java:589)
[2025-12-09T11:17:44.913+0000] {subprocess.py:106} INFO - 	at org.apache.hadoop.ipc.ProtobufRpcEngine2$Server$ProtoBufRpcInvoker.call(ProtobufRpcEngine2.java:573)
[2025-12-09T11:17:44.914+0000] {subprocess.py:106} INFO - 	at org.apache.hadoop.ipc.RPC$Server.call(RPC.java:1227)
[2025-12-09T11:17:44.920+0000] {subprocess.py:106} INFO - 	at org.apache.hadoop.ipc.Server$RpcCall.run(Server.java:1246)
[2025-12-09T11:17:44.921+0000] {subprocess.py:106} INFO - 	at org.apache.hadoop.ipc.Server$RpcCall.run(Server.java:1169)
[2025-12-09T11:17:44.922+0000] {subprocess.py:106} INFO - 	at java.security.AccessController.doPrivileged(Native Method)
[2025-12-09T11:17:44.923+0000] {subprocess.py:106} INFO - 	at javax.security.auth.Subject.doAs(Subject.java:422)
[2025-12-09T11:17:44.923+0000] {subprocess.py:106} INFO - 	at org.apache.hadoop.security.UserGroupInformation.doAs(UserGroupInformation.java:1953)
[2025-12-09T11:17:44.924+0000] {subprocess.py:106} INFO - 	at org.apache.hadoop.ipc.Server$Handler.run(Server.java:3198)
[2025-12-09T11:17:44.924+0000] {subprocess.py:106} INFO - 
[2025-12-09T11:17:44.925+0000] {subprocess.py:106} INFO - 	at org.apache.hadoop.ipc.Client.getRpcResponse(Client.java:1612)
[2025-12-09T11:17:44.926+0000] {subprocess.py:106} INFO - 	at org.apache.hadoop.ipc.Client.call(Client.java:1558)
[2025-12-09T11:17:44.927+0000] {subprocess.py:106} INFO - 	at org.apache.hadoop.ipc.Client.call(Client.java:1455)
[2025-12-09T11:17:44.929+0000] {subprocess.py:106} INFO - 	at org.apache.hadoop.ipc.ProtobufRpcEngine2$Invoker.invoke(ProtobufRpcEngine2.java:242)
[2025-12-09T11:17:44.929+0000] {subprocess.py:106} INFO - 	at org.apache.hadoop.ipc.ProtobufRpcEngine2$Invoker.invoke(ProtobufRpcEngine2.java:129)
[2025-12-09T11:17:44.931+0000] {subprocess.py:106} INFO - 	at com.sun.proxy.$Proxy36.getBlockLocations(Unknown Source)
[2025-12-09T11:17:44.931+0000] {subprocess.py:106} INFO - 	at org.apache.hadoop.hdfs.protocolPB.ClientNamenodeProtocolTranslatorPB.getBlockLocations(ClientNamenodeProtocolTranslatorPB.java:333)
[2025-12-09T11:17:44.932+0000] {subprocess.py:106} INFO - 	at java.base/jdk.internal.reflect.NativeMethodAccessorImpl.invoke0(Native Method)
[2025-12-09T11:17:44.933+0000] {subprocess.py:106} INFO - 	at java.base/jdk.internal.reflect.NativeMethodAccessorImpl.invoke(Unknown Source)
[2025-12-09T11:17:44.934+0000] {subprocess.py:106} INFO - 	at java.base/jdk.internal.reflect.DelegatingMethodAccessorImpl.invoke(Unknown Source)
[2025-12-09T11:17:44.934+0000] {subprocess.py:106} INFO - 	at java.base/java.lang.reflect.Method.invoke(Unknown Source)
[2025-12-09T11:17:44.936+0000] {subprocess.py:106} INFO - 	at org.apache.hadoop.io.retry.RetryInvocationHandler.invokeMethod(RetryInvocationHandler.java:422)
[2025-12-09T11:17:44.937+0000] {subprocess.py:106} INFO - 	at org.apache.hadoop.io.retry.RetryInvocationHandler$Call.invokeMethod(RetryInvocationHandler.java:165)
[2025-12-09T11:17:44.938+0000] {subprocess.py:106} INFO - 	at org.apache.hadoop.io.retry.RetryInvocationHandler$Call.invoke(RetryInvocationHandler.java:157)
[2025-12-09T11:17:44.939+0000] {subprocess.py:106} INFO - 	at org.apache.hadoop.io.retry.RetryInvocationHandler$Call.invokeOnce(RetryInvocationHandler.java:95)
[2025-12-09T11:17:44.939+0000] {subprocess.py:106} INFO - 	at org.apache.hadoop.io.retry.RetryInvocationHandler.invoke(RetryInvocationHandler.java:359)
[2025-12-09T11:17:44.940+0000] {subprocess.py:106} INFO - 	at com.sun.proxy.$Proxy37.getBlockLocations(Unknown Source)
[2025-12-09T11:17:44.941+0000] {subprocess.py:106} INFO - 	at org.apache.hadoop.hdfs.DFSClient.callGetBlockLocations(DFSClient.java:900)
[2025-12-09T11:17:44.941+0000] {subprocess.py:106} INFO - 	... 47 more
[2025-12-09T11:17:44.942+0000] {subprocess.py:106} INFO - 
[2025-12-09T11:17:44.943+0000] {subprocess.py:106} INFO - 25/12/09 11:17:44 INFO SparkContext: Invoking stop() from shutdown hook
[2025-12-09T11:17:44.943+0000] {subprocess.py:106} INFO - 25/12/09 11:17:44 INFO SparkContext: SparkContext is stopping with exitCode 0.
[2025-12-09T11:17:44.962+0000] {subprocess.py:106} INFO - 25/12/09 11:17:44 INFO SparkUI: Stopped Spark web UI at http://65f44b4fd513:4040
[2025-12-09T11:17:44.973+0000] {subprocess.py:106} INFO - 25/12/09 11:17:44 INFO StandaloneSchedulerBackend: Shutting down all executors
[2025-12-09T11:17:44.975+0000] {subprocess.py:106} INFO - 25/12/09 11:17:44 INFO StandaloneSchedulerBackend$StandaloneDriverEndpoint: Asking each executor to shut down
[2025-12-09T11:17:45.016+0000] {subprocess.py:106} INFO - 25/12/09 11:17:45 INFO MapOutputTrackerMasterEndpoint: MapOutputTrackerMasterEndpoint stopped!
[2025-12-09T11:17:45.040+0000] {subprocess.py:106} INFO - 25/12/09 11:17:45 INFO MemoryStore: MemoryStore cleared
[2025-12-09T11:17:45.041+0000] {subprocess.py:106} INFO - 25/12/09 11:17:45 INFO BlockManager: BlockManager stopped
[2025-12-09T11:17:45.061+0000] {subprocess.py:106} INFO - 25/12/09 11:17:45 INFO BlockManagerMaster: BlockManagerMaster stopped
[2025-12-09T11:17:45.067+0000] {subprocess.py:106} INFO - 25/12/09 11:17:45 INFO OutputCommitCoordinator$OutputCommitCoordinatorEndpoint: OutputCommitCoordinator stopped!
[2025-12-09T11:17:45.081+0000] {subprocess.py:106} INFO - 25/12/09 11:17:45 INFO SparkContext: Successfully stopped SparkContext
[2025-12-09T11:17:45.082+0000] {subprocess.py:106} INFO - 25/12/09 11:17:45 INFO ShutdownHookManager: Shutdown hook called
[2025-12-09T11:17:45.083+0000] {subprocess.py:106} INFO - 25/12/09 11:17:45 INFO ShutdownHookManager: Deleting directory /tmp/spark-233e58d5-7ac6-44a2-9610-e836045051b3
[2025-12-09T11:17:45.087+0000] {subprocess.py:106} INFO - 25/12/09 11:17:45 INFO ShutdownHookManager: Deleting directory /tmp/spark-db0aad7d-648e-4119-974d-cb8790cb3e76
[2025-12-09T11:17:45.092+0000] {subprocess.py:106} INFO - 25/12/09 11:17:45 INFO ShutdownHookManager: Deleting directory /tmp/spark-db0aad7d-648e-4119-974d-cb8790cb3e76/pyspark-8d6c3467-18b2-44d5-a20a-9c64bf82bf45
[2025-12-09T11:17:45.211+0000] {subprocess.py:110} INFO - Command exited with return code 1
[2025-12-09T11:17:45.248+0000] {taskinstance.py:3313} ERROR - Task failed with exception
Traceback (most recent call last):
  File "/home/airflow/.local/lib/python3.8/site-packages/airflow/models/taskinstance.py", line 763, in _execute_task
    result = _execute_callable(context=context, **execute_callable_kwargs)
  File "/home/airflow/.local/lib/python3.8/site-packages/airflow/models/taskinstance.py", line 734, in _execute_callable
    return ExecutionCallableRunner(
  File "/home/airflow/.local/lib/python3.8/site-packages/airflow/utils/operator_helpers.py", line 252, in run
    return self.func(*args, **kwargs)
  File "/home/airflow/.local/lib/python3.8/site-packages/airflow/models/baseoperator.py", line 424, in wrapper
    return func(self, *args, **kwargs)
  File "/home/airflow/.local/lib/python3.8/site-packages/airflow/operators/bash.py", line 276, in execute
    raise AirflowException(
airflow.exceptions.AirflowException: Bash command failed. The command returned a non-zero exit code 1.
[2025-12-09T11:17:45.264+0000] {taskinstance.py:1226} INFO - Marking task as UP_FOR_RETRY. dag_id=crawl_etl_itjob, task_id=clean_silver, run_id=scheduled__2025-12-08T02:00:00+00:00, execution_date=20251208T020000, start_date=20251209T111729, end_date=20251209T111745
[2025-12-09T11:17:45.378+0000] {taskinstance.py:341} INFO - ::group::Post task execution logs
[2025-12-09T11:17:45.379+0000] {standard_task_runner.py:124} ERROR - Failed to execute job 334 for task clean_silver (Bash command failed. The command returned a non-zero exit code 1.; 145)
Traceback (most recent call last):
  File "/home/airflow/.local/lib/python3.8/site-packages/airflow/task/task_runner/standard_task_runner.py", line 117, in _start_by_fork
    ret = args.func(args, dag=self.dag)
  File "/home/airflow/.local/lib/python3.8/site-packages/airflow/cli/cli_config.py", line 49, in command
    return func(*args, **kwargs)
  File "/home/airflow/.local/lib/python3.8/site-packages/airflow/utils/cli.py", line 116, in wrapper
    return f(*args, **kwargs)
  File "/home/airflow/.local/lib/python3.8/site-packages/airflow/cli/commands/task_command.py", line 483, in task_run
    task_return_code = _run_task_by_selected_method(args, _dag, ti)
  File "/home/airflow/.local/lib/python3.8/site-packages/airflow/cli/commands/task_command.py", line 256, in _run_task_by_selected_method
    return _run_raw_task(args, ti)
  File "/home/airflow/.local/lib/python3.8/site-packages/airflow/cli/commands/task_command.py", line 341, in _run_raw_task
    return ti._run_raw_task(
  File "/home/airflow/.local/lib/python3.8/site-packages/airflow/utils/session.py", line 97, in wrapper
    return func(*args, session=session, **kwargs)
  File "/home/airflow/.local/lib/python3.8/site-packages/airflow/models/taskinstance.py", line 3006, in _run_raw_task
    return _run_raw_task(
  File "/home/airflow/.local/lib/python3.8/site-packages/airflow/models/taskinstance.py", line 274, in _run_raw_task
    TaskInstance._execute_task_with_callbacks(
  File "/home/airflow/.local/lib/python3.8/site-packages/airflow/models/taskinstance.py", line 3161, in _execute_task_with_callbacks
    result = self._execute_task(context, task_orig)
  File "/home/airflow/.local/lib/python3.8/site-packages/airflow/models/taskinstance.py", line 3185, in _execute_task
    return _execute_task(self, context, task_orig)
  File "/home/airflow/.local/lib/python3.8/site-packages/airflow/models/taskinstance.py", line 763, in _execute_task
    result = _execute_callable(context=context, **execute_callable_kwargs)
  File "/home/airflow/.local/lib/python3.8/site-packages/airflow/models/taskinstance.py", line 734, in _execute_callable
    return ExecutionCallableRunner(
  File "/home/airflow/.local/lib/python3.8/site-packages/airflow/utils/operator_helpers.py", line 252, in run
    return self.func(*args, **kwargs)
  File "/home/airflow/.local/lib/python3.8/site-packages/airflow/models/baseoperator.py", line 424, in wrapper
    return func(self, *args, **kwargs)
  File "/home/airflow/.local/lib/python3.8/site-packages/airflow/operators/bash.py", line 276, in execute
    raise AirflowException(
airflow.exceptions.AirflowException: Bash command failed. The command returned a non-zero exit code 1.
[2025-12-09T11:17:45.431+0000] {local_task_job_runner.py:266} INFO - Task exited with return code 1
[2025-12-09T11:17:45.483+0000] {taskinstance.py:3901} INFO - 0 downstream tasks scheduled from follow-on schedule check
[2025-12-09T11:17:45.485+0000] {local_task_job_runner.py:245} INFO - ::endgroup::
