[2025-12-09T07:34:42.025+0000] {local_task_job_runner.py:123} INFO - ::group::Pre task execution logs
[2025-12-09T07:34:42.080+0000] {taskinstance.py:2614} INFO - Dependencies all met for dep_context=non-requeueable deps ti=<TaskInstance: crawl_etl_itjob.clean_silver scheduled__2025-12-08T02:00:00+00:00 [queued]>
[2025-12-09T07:34:42.094+0000] {taskinstance.py:2614} INFO - Dependencies all met for dep_context=requeueable deps ti=<TaskInstance: crawl_etl_itjob.clean_silver scheduled__2025-12-08T02:00:00+00:00 [queued]>
[2025-12-09T07:34:42.094+0000] {taskinstance.py:2867} INFO - Starting attempt 2 of 3
[2025-12-09T07:34:42.119+0000] {taskinstance.py:2890} INFO - Executing <Task(BashOperator): clean_silver> on 2025-12-08 02:00:00+00:00
[2025-12-09T07:34:42.124+0000] {standard_task_runner.py:72} INFO - Started process 98 to run task
[2025-12-09T07:34:42.129+0000] {standard_task_runner.py:104} INFO - Running: ['***', 'tasks', 'run', 'crawl_etl_itjob', 'clean_silver', 'scheduled__2025-12-08T02:00:00+00:00', '--job-id', '309', '--raw', '--subdir', 'DAGS_FOLDER/Crawl_ETL_ITJob.py', '--cfg-path', '/tmp/tmpwnyunuwg']
[2025-12-09T07:34:42.131+0000] {standard_task_runner.py:105} INFO - Job 309: Subtask clean_silver
[2025-12-09T07:34:42.162+0000] {warnings.py:109} WARNING - /home/***/.local/lib/python3.8/site-packages/***/settings.py:209: DeprecationWarning: The sql_alchemy_conn option in [core] has been moved to the sql_alchemy_conn option in [database] - the old setting has been used, but please update your config.
  SQL_ALCHEMY_CONN = conf.get("database", "SQL_ALCHEMY_CONN")

[2025-12-09T07:34:42.348+0000] {task_command.py:467} INFO - Running <TaskInstance: crawl_etl_itjob.clean_silver scheduled__2025-12-08T02:00:00+00:00 [running]> on host a1de7f96d4f1
[2025-12-09T07:34:42.350+0000] {warnings.py:109} WARNING - /home/***/.local/lib/python3.8/site-packages/***/settings.py:470: DeprecationWarning: The sql_alchemy_conn option in [core] has been moved to the sql_alchemy_conn option in [database] - the old setting has been used, but please update your config.
  if conf.get("database", "sql_alchemy_conn") == "none://":

[2025-12-09T07:34:42.588+0000] {taskinstance.py:3134} INFO - Exporting env vars: AIRFLOW_CTX_DAG_EMAIL='alert@datateam.local' AIRFLOW_CTX_DAG_OWNER='***' AIRFLOW_CTX_DAG_ID='crawl_etl_itjob' AIRFLOW_CTX_TASK_ID='clean_silver' AIRFLOW_CTX_EXECUTION_DATE='2025-12-08T02:00:00+00:00' AIRFLOW_CTX_TRY_NUMBER='2' AIRFLOW_CTX_DAG_RUN_ID='scheduled__2025-12-08T02:00:00+00:00'
[2025-12-09T07:34:42.590+0000] {taskinstance.py:732} INFO - ::endgroup::
[2025-12-09T07:34:42.665+0000] {subprocess.py:78} INFO - Tmp dir root location: /tmp
[2025-12-09T07:34:42.666+0000] {subprocess.py:88} INFO - Running command: ['/bin/bash', '-c', "\n        docker exec spark-submit bash -c '\n        /opt/spark/bin/spark-submit         --master spark://spark-master:7077         --deploy-mode client         --packages org.apache.iceberg:iceberg-spark-runtime-3.5_2.12:1.5.0         /opt/spark/scripts/Clean_Silver.py\n        '\n        "]
[2025-12-09T07:34:42.682+0000] {subprocess.py:99} INFO - Output:
[2025-12-09T07:34:46.627+0000] {subprocess.py:106} INFO - :: loading settings :: url = jar:file:/opt/spark/jars/ivy-2.5.1.jar!/org/apache/ivy/core/settings/ivysettings.xml
[2025-12-09T07:34:46.775+0000] {subprocess.py:106} INFO - Ivy Default Cache set to: /home/spark/.ivy2/cache
[2025-12-09T07:34:46.777+0000] {subprocess.py:106} INFO - The jars for the packages stored in: /home/spark/.ivy2/jars
[2025-12-09T07:34:46.782+0000] {subprocess.py:106} INFO - org.apache.iceberg#iceberg-spark-runtime-3.5_2.12 added as a dependency
[2025-12-09T07:34:46.784+0000] {subprocess.py:106} INFO - :: resolving dependencies :: org.apache.spark#spark-submit-parent-6245383c-27f2-4a4a-a456-7f3715e4d725;1.0
[2025-12-09T07:34:46.785+0000] {subprocess.py:106} INFO - 	confs: [default]
[2025-12-09T07:34:46.952+0000] {subprocess.py:106} INFO - 	found org.apache.iceberg#iceberg-spark-runtime-3.5_2.12;1.5.0 in central
[2025-12-09T07:34:46.972+0000] {subprocess.py:106} INFO - :: resolution report :: resolve 181ms :: artifacts dl 6ms
[2025-12-09T07:34:46.973+0000] {subprocess.py:106} INFO - 	:: modules in use:
[2025-12-09T07:34:46.975+0000] {subprocess.py:106} INFO - 	org.apache.iceberg#iceberg-spark-runtime-3.5_2.12;1.5.0 from central in [default]
[2025-12-09T07:34:46.976+0000] {subprocess.py:106} INFO - 	---------------------------------------------------------------------
[2025-12-09T07:34:46.977+0000] {subprocess.py:106} INFO - 	|                  |            modules            ||   artifacts   |
[2025-12-09T07:34:46.978+0000] {subprocess.py:106} INFO - 	|       conf       | number| search|dwnlded|evicted|| number|dwnlded|
[2025-12-09T07:34:46.978+0000] {subprocess.py:106} INFO - 	---------------------------------------------------------------------
[2025-12-09T07:34:46.979+0000] {subprocess.py:106} INFO - 	|      default     |   1   |   0   |   0   |   0   ||   1   |   0   |
[2025-12-09T07:34:46.980+0000] {subprocess.py:106} INFO - 	---------------------------------------------------------------------
[2025-12-09T07:34:46.980+0000] {subprocess.py:106} INFO - :: retrieving :: org.apache.spark#spark-submit-parent-6245383c-27f2-4a4a-a456-7f3715e4d725
[2025-12-09T07:34:46.981+0000] {subprocess.py:106} INFO - 	confs: [default]
[2025-12-09T07:34:46.985+0000] {subprocess.py:106} INFO - 	0 artifacts copied, 1 already retrieved (0kB/8ms)
[2025-12-09T07:34:47.436+0000] {subprocess.py:106} INFO - 25/12/09 07:34:47 WARN NativeCodeLoader: Unable to load native-hadoop library for your platform... using builtin-java classes where applicable
[2025-12-09T07:34:49.005+0000] {subprocess.py:106} INFO - 25/12/09 07:34:49 INFO SparkContext: Running Spark version 3.5.3
[2025-12-09T07:34:49.006+0000] {subprocess.py:106} INFO - 25/12/09 07:34:49 INFO SparkContext: OS info Linux, 6.6.87.2-microsoft-standard-WSL2, amd64
[2025-12-09T07:34:49.007+0000] {subprocess.py:106} INFO - 25/12/09 07:34:49 INFO SparkContext: Java version 11.0.24
[2025-12-09T07:34:49.034+0000] {subprocess.py:106} INFO - 25/12/09 07:34:49 INFO ResourceUtils: ==============================================================
[2025-12-09T07:34:49.036+0000] {subprocess.py:106} INFO - 25/12/09 07:34:49 INFO ResourceUtils: No custom resources configured for spark.driver.
[2025-12-09T07:34:49.037+0000] {subprocess.py:106} INFO - 25/12/09 07:34:49 INFO ResourceUtils: ==============================================================
[2025-12-09T07:34:49.039+0000] {subprocess.py:106} INFO - 25/12/09 07:34:49 INFO SparkContext: Submitted application: Silver_Clean_Full_Overwrite
[2025-12-09T07:34:49.075+0000] {subprocess.py:106} INFO - 25/12/09 07:34:49 INFO ResourceProfile: Default ResourceProfile created, executor resources: Map(memory -> name: memory, amount: 1024, script: , vendor: , offHeap -> name: offHeap, amount: 0, script: , vendor: ), task resources: Map(cpus -> name: cpus, amount: 1.0)
[2025-12-09T07:34:49.093+0000] {subprocess.py:106} INFO - 25/12/09 07:34:49 INFO ResourceProfile: Limiting resource is cpu
[2025-12-09T07:34:49.093+0000] {subprocess.py:106} INFO - 25/12/09 07:34:49 INFO ResourceProfileManager: Added ResourceProfile id: 0
[2025-12-09T07:34:49.192+0000] {subprocess.py:106} INFO - 25/12/09 07:34:49 INFO SecurityManager: Changing view acls to: spark
[2025-12-09T07:34:49.193+0000] {subprocess.py:106} INFO - 25/12/09 07:34:49 INFO SecurityManager: Changing modify acls to: spark
[2025-12-09T07:34:49.194+0000] {subprocess.py:106} INFO - 25/12/09 07:34:49 INFO SecurityManager: Changing view acls groups to:
[2025-12-09T07:34:49.194+0000] {subprocess.py:106} INFO - 25/12/09 07:34:49 INFO SecurityManager: Changing modify acls groups to:
[2025-12-09T07:34:49.195+0000] {subprocess.py:106} INFO - 25/12/09 07:34:49 INFO SecurityManager: SecurityManager: authentication disabled; ui acls disabled; users with view permissions: spark; groups with view permissions: EMPTY; users with modify permissions: spark; groups with modify permissions: EMPTY
[2025-12-09T07:34:49.558+0000] {subprocess.py:106} INFO - 25/12/09 07:34:49 INFO Utils: Successfully started service 'sparkDriver' on port 42623.
[2025-12-09T07:34:49.614+0000] {subprocess.py:106} INFO - 25/12/09 07:34:49 INFO SparkEnv: Registering MapOutputTracker
[2025-12-09T07:34:49.659+0000] {subprocess.py:106} INFO - 25/12/09 07:34:49 INFO SparkEnv: Registering BlockManagerMaster
[2025-12-09T07:34:49.683+0000] {subprocess.py:106} INFO - 25/12/09 07:34:49 INFO BlockManagerMasterEndpoint: Using org.apache.spark.storage.DefaultTopologyMapper for getting topology information
[2025-12-09T07:34:49.684+0000] {subprocess.py:106} INFO - 25/12/09 07:34:49 INFO BlockManagerMasterEndpoint: BlockManagerMasterEndpoint up
[2025-12-09T07:34:49.690+0000] {subprocess.py:106} INFO - 25/12/09 07:34:49 INFO SparkEnv: Registering BlockManagerMasterHeartbeat
[2025-12-09T07:34:49.740+0000] {subprocess.py:106} INFO - 25/12/09 07:34:49 INFO DiskBlockManager: Created local directory at /tmp/blockmgr-8ab1f96a-6087-4e47-8154-6d2d8616bba2
[2025-12-09T07:34:49.757+0000] {subprocess.py:106} INFO - 25/12/09 07:34:49 INFO MemoryStore: MemoryStore started with capacity 434.4 MiB
[2025-12-09T07:34:49.776+0000] {subprocess.py:106} INFO - 25/12/09 07:34:49 INFO SparkEnv: Registering OutputCommitCoordinator
[2025-12-09T07:34:49.978+0000] {subprocess.py:106} INFO - 25/12/09 07:34:49 INFO JettyUtils: Start Jetty 0.0.0.0:4040 for SparkUI
[2025-12-09T07:34:50.050+0000] {subprocess.py:106} INFO - 25/12/09 07:34:50 INFO Utils: Successfully started service 'SparkUI' on port 4040.
[2025-12-09T07:34:50.096+0000] {subprocess.py:106} INFO - 25/12/09 07:34:50 INFO SparkContext: Added JAR file:///home/spark/.ivy2/jars/org.apache.iceberg_iceberg-spark-runtime-3.5_2.12-1.5.0.jar at spark://65f44b4fd513:42623/jars/org.apache.iceberg_iceberg-spark-runtime-3.5_2.12-1.5.0.jar with timestamp 1765265688993
[2025-12-09T07:34:50.099+0000] {subprocess.py:106} INFO - 25/12/09 07:34:50 INFO SparkContext: Added file file:///home/spark/.ivy2/jars/org.apache.iceberg_iceberg-spark-runtime-3.5_2.12-1.5.0.jar at spark://65f44b4fd513:42623/files/org.apache.iceberg_iceberg-spark-runtime-3.5_2.12-1.5.0.jar with timestamp 1765265688993
[2025-12-09T07:34:50.101+0000] {subprocess.py:106} INFO - 25/12/09 07:34:50 INFO Utils: Copying /home/spark/.ivy2/jars/org.apache.iceberg_iceberg-spark-runtime-3.5_2.12-1.5.0.jar to /tmp/spark-50fa6c07-4c7f-42d8-889a-87c9e414b9eb/userFiles-9b7e9225-d816-4977-b5ed-3318d95c6df6/org.apache.iceberg_iceberg-spark-runtime-3.5_2.12-1.5.0.jar
[2025-12-09T07:34:50.317+0000] {subprocess.py:106} INFO - 25/12/09 07:34:50 INFO StandaloneAppClient$ClientEndpoint: Connecting to master spark://spark-master:7077...
[2025-12-09T07:34:50.370+0000] {subprocess.py:106} INFO - 25/12/09 07:34:50 INFO TransportClientFactory: Successfully created connection to spark-master/172.30.0.7:7077 after 31 ms (0 ms spent in bootstraps)
[2025-12-09T07:34:50.479+0000] {subprocess.py:106} INFO - 25/12/09 07:34:50 INFO StandaloneSchedulerBackend: Connected to Spark cluster with app ID app-20251209073450-0003
[2025-12-09T07:34:50.480+0000] {subprocess.py:106} INFO - 25/12/09 07:34:50 INFO StandaloneAppClient$ClientEndpoint: Executor added: app-20251209073450-0003/0 on worker-20251209070951-172.30.0.9-37381 (172.30.0.9:37381) with 1 core(s)
[2025-12-09T07:34:50.484+0000] {subprocess.py:106} INFO - 25/12/09 07:34:50 INFO StandaloneSchedulerBackend: Granted executor ID app-20251209073450-0003/0 on hostPort 172.30.0.9:37381 with 1 core(s), 1024.0 MiB RAM
[2025-12-09T07:34:50.494+0000] {subprocess.py:106} INFO - 25/12/09 07:34:50 INFO Utils: Successfully started service 'org.apache.spark.network.netty.NettyBlockTransferService' on port 33131.
[2025-12-09T07:34:50.495+0000] {subprocess.py:106} INFO - 25/12/09 07:34:50 INFO NettyBlockTransferService: Server created on 65f44b4fd513:33131
[2025-12-09T07:34:50.498+0000] {subprocess.py:106} INFO - 25/12/09 07:34:50 INFO BlockManager: Using org.apache.spark.storage.RandomBlockReplicationPolicy for block replication policy
[2025-12-09T07:34:50.505+0000] {subprocess.py:106} INFO - 25/12/09 07:34:50 INFO BlockManagerMaster: Registering BlockManager BlockManagerId(driver, 65f44b4fd513, 33131, None)
[2025-12-09T07:34:50.509+0000] {subprocess.py:106} INFO - 25/12/09 07:34:50 INFO BlockManagerMasterEndpoint: Registering block manager 65f44b4fd513:33131 with 434.4 MiB RAM, BlockManagerId(driver, 65f44b4fd513, 33131, None)
[2025-12-09T07:34:50.512+0000] {subprocess.py:106} INFO - 25/12/09 07:34:50 INFO BlockManagerMaster: Registered BlockManager BlockManagerId(driver, 65f44b4fd513, 33131, None)
[2025-12-09T07:34:50.513+0000] {subprocess.py:106} INFO - 25/12/09 07:34:50 INFO BlockManager: Initialized BlockManager: BlockManagerId(driver, 65f44b4fd513, 33131, None)
[2025-12-09T07:34:50.583+0000] {subprocess.py:106} INFO - 25/12/09 07:34:50 INFO StandaloneAppClient$ClientEndpoint: Executor updated: app-20251209073450-0003/0 is now RUNNING
[2025-12-09T07:34:50.879+0000] {subprocess.py:106} INFO - 25/12/09 07:34:50 INFO StandaloneSchedulerBackend: SchedulerBackend is ready for scheduling beginning after reached minRegisteredResourcesRatio: 0.0
[2025-12-09T07:34:51.241+0000] {subprocess.py:106} INFO - >>> Spark Session Created Successfully
[2025-12-09T07:34:51.254+0000] {subprocess.py:106} INFO - 25/12/09 07:34:51 INFO SharedState: Setting hive.metastore.warehouse.dir ('null') to the value of spark.sql.warehouse.dir.
[2025-12-09T07:34:51.257+0000] {subprocess.py:106} INFO - 25/12/09 07:34:51 INFO SharedState: Warehouse path is 'file:/opt/spark/work-dir/spark-warehouse'.
[2025-12-09T07:34:54.624+0000] {subprocess.py:106} INFO - 25/12/09 07:34:54 INFO HiveConf: Found configuration file null
[2025-12-09T07:34:54.799+0000] {subprocess.py:106} INFO - 25/12/09 07:34:54 INFO StandaloneSchedulerBackend$StandaloneDriverEndpoint: Registered executor NettyRpcEndpointRef(spark-client://Executor) (172.30.0.9:55864) with ID 0,  ResourceProfileId 0
[2025-12-09T07:34:54.903+0000] {subprocess.py:106} INFO - 25/12/09 07:34:54 INFO metastore: Trying to connect to metastore with URI thrift://hive-metastore:9083
[2025-12-09T07:34:54.920+0000] {subprocess.py:106} INFO - 25/12/09 07:34:54 INFO BlockManagerMasterEndpoint: Registering block manager 172.30.0.9:45613 with 434.4 MiB RAM, BlockManagerId(0, 172.30.0.9, 45613, None)
[2025-12-09T07:34:54.948+0000] {subprocess.py:106} INFO - 25/12/09 07:34:54 INFO metastore: Opened a connection to metastore, current connections: 1
[2025-12-09T07:34:55.017+0000] {subprocess.py:106} INFO - 25/12/09 07:34:55 INFO metastore: Connected to metastore.
[2025-12-09T07:34:55.746+0000] {subprocess.py:106} INFO - 25/12/09 07:34:55 INFO BaseMetastoreTableOperations: Refreshing table metadata from new version: hdfs://dinhhoa-master:9000/user/ndh/warehouse/bronze.db/it_jobs_raw/metadata/00040-2bcd0012-2e93-43dc-9bc2-e6490c8c12d6.metadata.json
[2025-12-09T07:34:57.113+0000] {subprocess.py:106} INFO - 25/12/09 07:34:57 INFO BaseMetastoreCatalog: Table loaded by catalog: hive_catalog.bronze.it_jobs_raw
[2025-12-09T07:34:58.176+0000] {subprocess.py:106} INFO - 25/12/09 07:34:58 INFO SnapshotScan: Scanning table hive_catalog.bronze.it_jobs_raw snapshot 32859656416608901 created at 2025-12-09T07:27:55.461+00:00 with filter true
[2025-12-09T07:34:58.480+0000] {subprocess.py:106} INFO - 25/12/09 07:34:58 INFO BaseDistributedDataScan: Planning file tasks locally for table hive_catalog.bronze.it_jobs_raw
[2025-12-09T07:34:59.046+0000] {subprocess.py:106} INFO - 25/12/09 07:34:59 INFO V2ScanRelationPushDown:
[2025-12-09T07:34:59.047+0000] {subprocess.py:106} INFO - Pushing operators to hive_catalog.bronze.it_jobs_raw
[2025-12-09T07:34:59.047+0000] {subprocess.py:106} INFO - Pushed Aggregate Functions:
[2025-12-09T07:34:59.048+0000] {subprocess.py:106} INFO -  COUNT(*)
[2025-12-09T07:34:59.048+0000] {subprocess.py:106} INFO - Pushed Group by:
[2025-12-09T07:34:59.049+0000] {subprocess.py:106} INFO - 
[2025-12-09T07:34:59.050+0000] {subprocess.py:106} INFO - 
[2025-12-09T07:35:00.463+0000] {subprocess.py:106} INFO - 25/12/09 07:35:00 INFO CodeGenerator: Code generated in 282.512461 ms
[2025-12-09T07:35:00.488+0000] {subprocess.py:106} INFO - 25/12/09 07:35:00 INFO CodeGenerator: Code generated in 13.391739 ms
[2025-12-09T07:35:00.612+0000] {subprocess.py:106} INFO - 25/12/09 07:35:00 INFO DAGScheduler: Registering RDD 2 (count at <unknown>:0) as input to shuffle 0
[2025-12-09T07:35:00.618+0000] {subprocess.py:106} INFO - 25/12/09 07:35:00 INFO DAGScheduler: Got map stage job 0 (count at <unknown>:0) with 1 output partitions
[2025-12-09T07:35:00.619+0000] {subprocess.py:106} INFO - 25/12/09 07:35:00 INFO DAGScheduler: Final stage: ShuffleMapStage 0 (count at <unknown>:0)
[2025-12-09T07:35:00.619+0000] {subprocess.py:106} INFO - 25/12/09 07:35:00 INFO DAGScheduler: Parents of final stage: List()
[2025-12-09T07:35:00.622+0000] {subprocess.py:106} INFO - 25/12/09 07:35:00 INFO DAGScheduler: Missing parents: List()
[2025-12-09T07:35:00.626+0000] {subprocess.py:106} INFO - 25/12/09 07:35:00 INFO DAGScheduler: Submitting ShuffleMapStage 0 (MapPartitionsRDD[2] at count at <unknown>:0), which has no missing parents
[2025-12-09T07:35:00.741+0000] {subprocess.py:106} INFO - 25/12/09 07:35:00 INFO MemoryStore: Block broadcast_0 stored as values in memory (estimated size 12.6 KiB, free 434.4 MiB)
[2025-12-09T07:35:00.795+0000] {subprocess.py:106} INFO - 25/12/09 07:35:00 INFO MemoryStore: Block broadcast_0_piece0 stored as bytes in memory (estimated size 6.2 KiB, free 434.4 MiB)
[2025-12-09T07:35:00.800+0000] {subprocess.py:106} INFO - 25/12/09 07:35:00 INFO BlockManagerInfo: Added broadcast_0_piece0 in memory on 65f44b4fd513:33131 (size: 6.2 KiB, free: 434.4 MiB)
[2025-12-09T07:35:00.815+0000] {subprocess.py:106} INFO - 25/12/09 07:35:00 INFO SparkContext: Created broadcast 0 from broadcast at DAGScheduler.scala:1585
[2025-12-09T07:35:00.838+0000] {subprocess.py:106} INFO - 25/12/09 07:35:00 INFO DAGScheduler: Submitting 1 missing tasks from ShuffleMapStage 0 (MapPartitionsRDD[2] at count at <unknown>:0) (first 15 tasks are for partitions Vector(0))
[2025-12-09T07:35:00.840+0000] {subprocess.py:106} INFO - 25/12/09 07:35:00 INFO TaskSchedulerImpl: Adding task set 0.0 with 1 tasks resource profile 0
[2025-12-09T07:35:00.887+0000] {subprocess.py:106} INFO - 25/12/09 07:35:00 INFO TaskSetManager: Starting task 0.0 in stage 0.0 (TID 0) (172.30.0.9, executor 0, partition 0, PROCESS_LOCAL, 9492 bytes)
[2025-12-09T07:35:01.156+0000] {subprocess.py:106} INFO - 25/12/09 07:35:01 INFO BlockManagerInfo: Added broadcast_0_piece0 in memory on 172.30.0.9:45613 (size: 6.2 KiB, free: 434.4 MiB)
[2025-12-09T07:35:01.878+0000] {subprocess.py:106} INFO - 25/12/09 07:35:01 INFO TaskSetManager: Finished task 0.0 in stage 0.0 (TID 0) in 1009 ms on 172.30.0.9 (executor 0) (1/1)
[2025-12-09T07:35:01.883+0000] {subprocess.py:106} INFO - 25/12/09 07:35:01 INFO TaskSchedulerImpl: Removed TaskSet 0.0, whose tasks have all completed, from pool
[2025-12-09T07:35:01.890+0000] {subprocess.py:106} INFO - 25/12/09 07:35:01 INFO DAGScheduler: ShuffleMapStage 0 (count at <unknown>:0) finished in 1.247 s
[2025-12-09T07:35:01.896+0000] {subprocess.py:106} INFO - 25/12/09 07:35:01 INFO DAGScheduler: looking for newly runnable stages
[2025-12-09T07:35:01.896+0000] {subprocess.py:106} INFO - 25/12/09 07:35:01 INFO DAGScheduler: running: Set()
[2025-12-09T07:35:01.897+0000] {subprocess.py:106} INFO - 25/12/09 07:35:01 INFO DAGScheduler: waiting: Set()
[2025-12-09T07:35:01.898+0000] {subprocess.py:106} INFO - 25/12/09 07:35:01 INFO DAGScheduler: failed: Set()
[2025-12-09T07:35:01.965+0000] {subprocess.py:106} INFO - 25/12/09 07:35:01 INFO CodeGenerator: Code generated in 23.473565 ms
[2025-12-09T07:35:02.045+0000] {subprocess.py:106} INFO - 25/12/09 07:35:02 INFO SparkContext: Starting job: count at <unknown>:0
[2025-12-09T07:35:02.051+0000] {subprocess.py:106} INFO - 25/12/09 07:35:02 INFO DAGScheduler: Got job 1 (count at <unknown>:0) with 1 output partitions
[2025-12-09T07:35:02.055+0000] {subprocess.py:106} INFO - 25/12/09 07:35:02 INFO DAGScheduler: Final stage: ResultStage 2 (count at <unknown>:0)
[2025-12-09T07:35:02.056+0000] {subprocess.py:106} INFO - 25/12/09 07:35:02 INFO DAGScheduler: Parents of final stage: List(ShuffleMapStage 1)
[2025-12-09T07:35:02.057+0000] {subprocess.py:106} INFO - 25/12/09 07:35:02 INFO DAGScheduler: Missing parents: List()
[2025-12-09T07:35:02.059+0000] {subprocess.py:106} INFO - 25/12/09 07:35:02 INFO DAGScheduler: Submitting ResultStage 2 (MapPartitionsRDD[5] at count at <unknown>:0), which has no missing parents
[2025-12-09T07:35:02.077+0000] {subprocess.py:106} INFO - 25/12/09 07:35:02 INFO MemoryStore: Block broadcast_1 stored as values in memory (estimated size 13.7 KiB, free 434.4 MiB)
[2025-12-09T07:35:02.095+0000] {subprocess.py:106} INFO - 25/12/09 07:35:02 INFO MemoryStore: Block broadcast_1_piece0 stored as bytes in memory (estimated size 6.3 KiB, free 434.4 MiB)
[2025-12-09T07:35:02.097+0000] {subprocess.py:106} INFO - 25/12/09 07:35:02 INFO BlockManagerInfo: Added broadcast_1_piece0 in memory on 65f44b4fd513:33131 (size: 6.3 KiB, free: 434.4 MiB)
[2025-12-09T07:35:02.101+0000] {subprocess.py:106} INFO - 25/12/09 07:35:02 INFO SparkContext: Created broadcast 1 from broadcast at DAGScheduler.scala:1585
[2025-12-09T07:35:02.104+0000] {subprocess.py:106} INFO - 25/12/09 07:35:02 INFO DAGScheduler: Submitting 1 missing tasks from ResultStage 2 (MapPartitionsRDD[5] at count at <unknown>:0) (first 15 tasks are for partitions Vector(0))
[2025-12-09T07:35:02.105+0000] {subprocess.py:106} INFO - 25/12/09 07:35:02 INFO TaskSchedulerImpl: Adding task set 2.0 with 1 tasks resource profile 0
[2025-12-09T07:35:02.115+0000] {subprocess.py:106} INFO - 25/12/09 07:35:02 INFO TaskSetManager: Starting task 0.0 in stage 2.0 (TID 1) (172.30.0.9, executor 0, partition 0, NODE_LOCAL, 9331 bytes)
[2025-12-09T07:35:02.189+0000] {subprocess.py:106} INFO - 25/12/09 07:35:02 INFO BlockManagerInfo: Removed broadcast_0_piece0 on 65f44b4fd513:33131 in memory (size: 6.2 KiB, free: 434.4 MiB)
[2025-12-09T07:35:02.208+0000] {subprocess.py:106} INFO - 25/12/09 07:35:02 INFO BlockManagerInfo: Added broadcast_1_piece0 in memory on 172.30.0.9:45613 (size: 6.3 KiB, free: 434.4 MiB)
[2025-12-09T07:35:02.216+0000] {subprocess.py:106} INFO - 25/12/09 07:35:02 INFO BlockManagerInfo: Removed broadcast_0_piece0 on 172.30.0.9:45613 in memory (size: 6.2 KiB, free: 434.4 MiB)
[2025-12-09T07:35:02.362+0000] {subprocess.py:106} INFO - 25/12/09 07:35:02 INFO MapOutputTrackerMasterEndpoint: Asked to send map output locations for shuffle 0 to 172.30.0.9:55864
[2025-12-09T07:35:02.582+0000] {subprocess.py:106} INFO - 25/12/09 07:35:02 INFO TaskSetManager: Finished task 0.0 in stage 2.0 (TID 1) in 470 ms on 172.30.0.9 (executor 0) (1/1)
[2025-12-09T07:35:02.583+0000] {subprocess.py:106} INFO - 25/12/09 07:35:02 INFO TaskSchedulerImpl: Removed TaskSet 2.0, whose tasks have all completed, from pool
[2025-12-09T07:35:02.585+0000] {subprocess.py:106} INFO - 25/12/09 07:35:02 INFO DAGScheduler: ResultStage 2 (count at <unknown>:0) finished in 0.512 s
[2025-12-09T07:35:02.588+0000] {subprocess.py:106} INFO - 25/12/09 07:35:02 INFO DAGScheduler: Job 1 is finished. Cancelling potential speculative or zombie tasks for this job
[2025-12-09T07:35:02.591+0000] {subprocess.py:106} INFO - 25/12/09 07:35:02 INFO TaskSchedulerImpl: Killing all running tasks in stage 2: Stage finished
[2025-12-09T07:35:02.592+0000] {subprocess.py:106} INFO - 25/12/09 07:35:02 INFO DAGScheduler: Job 1 finished: count at <unknown>:0, took 0.545901 s
[2025-12-09T07:35:02.606+0000] {subprocess.py:106} INFO - >>> Loaded 5592 records from Bronze.
[2025-12-09T07:35:05.777+0000] {subprocess.py:106} INFO - 25/12/09 07:35:05 INFO BlockManagerInfo: Removed broadcast_1_piece0 on 65f44b4fd513:33131 in memory (size: 6.3 KiB, free: 434.4 MiB)
[2025-12-09T07:35:05.782+0000] {subprocess.py:106} INFO - 25/12/09 07:35:05 INFO BlockManagerInfo: Removed broadcast_1_piece0 on 172.30.0.9:45613 in memory (size: 6.3 KiB, free: 434.4 MiB)
[2025-12-09T07:35:06.473+0000] {subprocess.py:106} INFO - 25/12/09 07:35:06 INFO V2ScanRelationPushDown:
[2025-12-09T07:35:06.474+0000] {subprocess.py:106} INFO - Pushing operators to hive_catalog.bronze.it_jobs_raw
[2025-12-09T07:35:06.475+0000] {subprocess.py:106} INFO - Pushed Filters: date_posted IS NOT NULL, job_link IS NOT NULL, NOT (job_link = '')
[2025-12-09T07:35:06.476+0000] {subprocess.py:106} INFO - Post-Scan Filters: isnotnull(date_posted#4),isnotnull(upper(trim(company_name#1, None))),NOT (upper(trim(company_name#1, None)) = ),isnotnull(job_link#5),NOT (job_link#5 = ),isnotnull(initcap(trim(job_title#0, None))),NOT (initcap(trim(job_title#0, None)) = ),isnotnull(cast(date_posted#4 as date)),(size(split(trim(location#2, None),  - , -1), true) > 0),isnotnull(split(trim(location#2, None),  - , -1))
[2025-12-09T07:35:06.477+0000] {subprocess.py:106} INFO - 
[2025-12-09T07:35:06.543+0000] {subprocess.py:106} INFO - 25/12/09 07:35:06 INFO V2ScanRelationPushDown:
[2025-12-09T07:35:06.546+0000] {subprocess.py:106} INFO - Output: job_title#0, company_name#1, location#2, date_posted#4, job_link#5
[2025-12-09T07:35:06.546+0000] {subprocess.py:106} INFO - 
[2025-12-09T07:35:06.589+0000] {subprocess.py:106} INFO - 25/12/09 07:35:06 INFO SnapshotScan: Scanning table hive_catalog.bronze.it_jobs_raw snapshot 32859656416608901 created at 2025-12-09T07:27:55.461+00:00 with filter ((date_posted IS NOT NULL AND job_link IS NOT NULL) AND NOT (job_link = (hash-00000000)))
[2025-12-09T07:35:06.626+0000] {subprocess.py:106} INFO - 25/12/09 07:35:06 INFO BaseDistributedDataScan: Planning file tasks locally for table hive_catalog.bronze.it_jobs_raw
[2025-12-09T07:35:06.904+0000] {subprocess.py:106} INFO - 25/12/09 07:35:06 INFO SparkPartitioningAwareScan: Reporting UnknownPartitioning with 11 partition(s) for table hive_catalog.bronze.it_jobs_raw
[2025-12-09T07:35:07.033+0000] {subprocess.py:106} INFO - 25/12/09 07:35:07 INFO MemoryStore: Block broadcast_2 stored as values in memory (estimated size 32.0 KiB, free 434.4 MiB)
[2025-12-09T07:35:07.105+0000] {subprocess.py:106} INFO - 25/12/09 07:35:07 INFO MemoryStore: Block broadcast_2_piece0 stored as bytes in memory (estimated size 29.8 KiB, free 434.3 MiB)
[2025-12-09T07:35:07.107+0000] {subprocess.py:106} INFO - 25/12/09 07:35:07 INFO BlockManagerInfo: Added broadcast_2_piece0 in memory on 65f44b4fd513:33131 (size: 29.8 KiB, free: 434.4 MiB)
[2025-12-09T07:35:07.110+0000] {subprocess.py:106} INFO - 25/12/09 07:35:07 INFO SparkContext: Created broadcast 2 from broadcast at SparkBatch.java:79
[2025-12-09T07:35:07.229+0000] {subprocess.py:106} INFO - 25/12/09 07:35:07 INFO MemoryStore: Block broadcast_3 stored as values in memory (estimated size 32.0 KiB, free 434.3 MiB)
[2025-12-09T07:35:07.251+0000] {subprocess.py:106} INFO - 25/12/09 07:35:07 INFO MemoryStore: Block broadcast_3_piece0 stored as bytes in memory (estimated size 29.8 KiB, free 434.3 MiB)
[2025-12-09T07:35:07.261+0000] {subprocess.py:106} INFO - 25/12/09 07:35:07 INFO BlockManagerInfo: Added broadcast_3_piece0 in memory on 65f44b4fd513:33131 (size: 29.8 KiB, free: 434.3 MiB)
[2025-12-09T07:35:07.262+0000] {subprocess.py:106} INFO - 25/12/09 07:35:07 INFO SparkContext: Created broadcast 3 from broadcast at SparkBatch.java:79
[2025-12-09T07:35:07.694+0000] {subprocess.py:106} INFO - 25/12/09 07:35:07 INFO CodeGenerator: Code generated in 174.991967 ms
[2025-12-09T07:35:07.801+0000] {subprocess.py:106} INFO - 25/12/09 07:35:07 INFO DAGScheduler: Registering RDD 9 (count at <unknown>:0) as input to shuffle 1
[2025-12-09T07:35:07.802+0000] {subprocess.py:106} INFO - 25/12/09 07:35:07 INFO DAGScheduler: Got map stage job 2 (count at <unknown>:0) with 11 output partitions
[2025-12-09T07:35:07.802+0000] {subprocess.py:106} INFO - 25/12/09 07:35:07 INFO DAGScheduler: Final stage: ShuffleMapStage 3 (count at <unknown>:0)
[2025-12-09T07:35:07.804+0000] {subprocess.py:106} INFO - 25/12/09 07:35:07 INFO DAGScheduler: Parents of final stage: List()
[2025-12-09T07:35:07.805+0000] {subprocess.py:106} INFO - 25/12/09 07:35:07 INFO DAGScheduler: Missing parents: List()
[2025-12-09T07:35:07.805+0000] {subprocess.py:106} INFO - 25/12/09 07:35:07 INFO DAGScheduler: Submitting ShuffleMapStage 3 (MapPartitionsRDD[9] at count at <unknown>:0), which has no missing parents
[2025-12-09T07:35:07.815+0000] {subprocess.py:106} INFO - 25/12/09 07:35:07 INFO MemoryStore: Block broadcast_4 stored as values in memory (estimated size 61.6 KiB, free 434.2 MiB)
[2025-12-09T07:35:07.830+0000] {subprocess.py:106} INFO - 25/12/09 07:35:07 INFO MemoryStore: Block broadcast_4_piece0 stored as bytes in memory (estimated size 23.9 KiB, free 434.2 MiB)
[2025-12-09T07:35:07.834+0000] {subprocess.py:106} INFO - 25/12/09 07:35:07 INFO BlockManagerInfo: Added broadcast_4_piece0 in memory on 65f44b4fd513:33131 (size: 23.9 KiB, free: 434.3 MiB)
[2025-12-09T07:35:07.836+0000] {subprocess.py:106} INFO - 25/12/09 07:35:07 INFO SparkContext: Created broadcast 4 from broadcast at DAGScheduler.scala:1585
[2025-12-09T07:35:07.838+0000] {subprocess.py:106} INFO - 25/12/09 07:35:07 INFO DAGScheduler: Submitting 11 missing tasks from ShuffleMapStage 3 (MapPartitionsRDD[9] at count at <unknown>:0) (first 15 tasks are for partitions Vector(0, 1, 2, 3, 4, 5, 6, 7, 8, 9, 10))
[2025-12-09T07:35:07.839+0000] {subprocess.py:106} INFO - 25/12/09 07:35:07 INFO TaskSchedulerImpl: Adding task set 3.0 with 11 tasks resource profile 0
[2025-12-09T07:35:07.869+0000] {subprocess.py:106} INFO - 25/12/09 07:35:07 INFO TaskSetManager: Starting task 0.0 in stage 3.0 (TID 2) (172.30.0.9, executor 0, partition 0, ANY, 16408 bytes)
[2025-12-09T07:35:08.426+0000] {subprocess.py:106} INFO - 25/12/09 07:35:08 INFO BlockManagerInfo: Added broadcast_4_piece0 in memory on 172.30.0.9:45613 (size: 23.9 KiB, free: 434.4 MiB)
[2025-12-09T07:35:09.056+0000] {subprocess.py:106} INFO - 25/12/09 07:35:09 INFO BlockManagerInfo: Added broadcast_3_piece0 in memory on 172.30.0.9:45613 (size: 29.8 KiB, free: 434.3 MiB)
[2025-12-09T07:35:11.395+0000] {subprocess.py:106} INFO - 25/12/09 07:35:11 INFO TaskSetManager: Starting task 1.0 in stage 3.0 (TID 3) (172.30.0.9, executor 0, partition 1, ANY, 16416 bytes)
[2025-12-09T07:35:11.398+0000] {subprocess.py:106} INFO - 25/12/09 07:35:11 INFO TaskSetManager: Finished task 0.0 in stage 3.0 (TID 2) in 3557 ms on 172.30.0.9 (executor 0) (1/11)
[2025-12-09T07:35:12.091+0000] {subprocess.py:106} INFO - 25/12/09 07:35:12 INFO TaskSetManager: Starting task 2.0 in stage 3.0 (TID 4) (172.30.0.9, executor 0, partition 2, ANY, 16408 bytes)
[2025-12-09T07:35:12.092+0000] {subprocess.py:106} INFO - 25/12/09 07:35:12 INFO TaskSetManager: Finished task 1.0 in stage 3.0 (TID 3) in 696 ms on 172.30.0.9 (executor 0) (2/11)
[2025-12-09T07:35:12.557+0000] {subprocess.py:106} INFO - 25/12/09 07:35:12 INFO TaskSetManager: Starting task 3.0 in stage 3.0 (TID 5) (172.30.0.9, executor 0, partition 3, ANY, 16417 bytes)
[2025-12-09T07:35:12.559+0000] {subprocess.py:106} INFO - 25/12/09 07:35:12 INFO TaskSetManager: Finished task 2.0 in stage 3.0 (TID 4) in 470 ms on 172.30.0.9 (executor 0) (3/11)
[2025-12-09T07:35:12.961+0000] {subprocess.py:106} INFO - 25/12/09 07:35:12 INFO TaskSetManager: Starting task 4.0 in stage 3.0 (TID 6) (172.30.0.9, executor 0, partition 4, ANY, 16417 bytes)
[2025-12-09T07:35:12.966+0000] {subprocess.py:106} INFO - 25/12/09 07:35:12 INFO TaskSetManager: Finished task 3.0 in stage 3.0 (TID 5) in 403 ms on 172.30.0.9 (executor 0) (4/11)
[2025-12-09T07:35:13.328+0000] {subprocess.py:106} INFO - 25/12/09 07:35:13 INFO TaskSetManager: Starting task 5.0 in stage 3.0 (TID 7) (172.30.0.9, executor 0, partition 5, ANY, 16417 bytes)
[2025-12-09T07:35:13.330+0000] {subprocess.py:106} INFO - 25/12/09 07:35:13 INFO TaskSetManager: Finished task 4.0 in stage 3.0 (TID 6) in 372 ms on 172.30.0.9 (executor 0) (5/11)
[2025-12-09T07:35:13.660+0000] {subprocess.py:106} INFO - 25/12/09 07:35:13 INFO TaskSetManager: Starting task 6.0 in stage 3.0 (TID 8) (172.30.0.9, executor 0, partition 6, ANY, 16417 bytes)
[2025-12-09T07:35:13.664+0000] {subprocess.py:106} INFO - 25/12/09 07:35:13 INFO TaskSetManager: Finished task 5.0 in stage 3.0 (TID 7) in 333 ms on 172.30.0.9 (executor 0) (6/11)
[2025-12-09T07:35:14.233+0000] {subprocess.py:106} INFO - 25/12/09 07:35:14 INFO TaskSetManager: Starting task 7.0 in stage 3.0 (TID 9) (172.30.0.9, executor 0, partition 7, ANY, 16417 bytes)
[2025-12-09T07:35:14.234+0000] {subprocess.py:106} INFO - 25/12/09 07:35:14 INFO TaskSetManager: Finished task 6.0 in stage 3.0 (TID 8) in 575 ms on 172.30.0.9 (executor 0) (7/11)
[2025-12-09T07:35:14.677+0000] {subprocess.py:106} INFO - 25/12/09 07:35:14 INFO TaskSetManager: Starting task 8.0 in stage 3.0 (TID 10) (172.30.0.9, executor 0, partition 8, ANY, 16417 bytes)
[2025-12-09T07:35:14.682+0000] {subprocess.py:106} INFO - 25/12/09 07:35:14 INFO TaskSetManager: Finished task 7.0 in stage 3.0 (TID 9) in 449 ms on 172.30.0.9 (executor 0) (8/11)
[2025-12-09T07:35:15.038+0000] {subprocess.py:106} INFO - 25/12/09 07:35:15 INFO TaskSetManager: Starting task 9.0 in stage 3.0 (TID 11) (172.30.0.9, executor 0, partition 9, ANY, 16417 bytes)
[2025-12-09T07:35:15.042+0000] {subprocess.py:106} INFO - 25/12/09 07:35:15 INFO TaskSetManager: Finished task 8.0 in stage 3.0 (TID 10) in 360 ms on 172.30.0.9 (executor 0) (9/11)
[2025-12-09T07:35:15.414+0000] {subprocess.py:106} INFO - 25/12/09 07:35:15 INFO TaskSetManager: Starting task 10.0 in stage 3.0 (TID 12) (172.30.0.9, executor 0, partition 10, ANY, 14986 bytes)
[2025-12-09T07:35:15.418+0000] {subprocess.py:106} INFO - 25/12/09 07:35:15 INFO TaskSetManager: Finished task 9.0 in stage 3.0 (TID 11) in 378 ms on 172.30.0.9 (executor 0) (10/11)
[2025-12-09T07:35:15.543+0000] {subprocess.py:106} INFO - 25/12/09 07:35:15 INFO TaskSetManager: Finished task 10.0 in stage 3.0 (TID 12) in 133 ms on 172.30.0.9 (executor 0) (11/11)
[2025-12-09T07:35:15.544+0000] {subprocess.py:106} INFO - 25/12/09 07:35:15 INFO TaskSchedulerImpl: Removed TaskSet 3.0, whose tasks have all completed, from pool
[2025-12-09T07:35:15.545+0000] {subprocess.py:106} INFO - 25/12/09 07:35:15 INFO DAGScheduler: ShuffleMapStage 3 (count at <unknown>:0) finished in 7.737 s
[2025-12-09T07:35:15.546+0000] {subprocess.py:106} INFO - 25/12/09 07:35:15 INFO DAGScheduler: looking for newly runnable stages
[2025-12-09T07:35:15.547+0000] {subprocess.py:106} INFO - 25/12/09 07:35:15 INFO DAGScheduler: running: Set()
[2025-12-09T07:35:15.548+0000] {subprocess.py:106} INFO - 25/12/09 07:35:15 INFO DAGScheduler: waiting: Set()
[2025-12-09T07:35:15.548+0000] {subprocess.py:106} INFO - 25/12/09 07:35:15 INFO DAGScheduler: failed: Set()
[2025-12-09T07:35:15.570+0000] {subprocess.py:106} INFO - 25/12/09 07:35:15 INFO ShufflePartitionsUtil: For shuffle(1), advisory target size: 67108864, actual target size 1048576, minimum partition size: 1048576
[2025-12-09T07:35:15.670+0000] {subprocess.py:106} INFO - 25/12/09 07:35:15 INFO CodeGenerator: Code generated in 50.632606 ms
[2025-12-09T07:35:15.712+0000] {subprocess.py:106} INFO - 25/12/09 07:35:15 INFO DAGScheduler: Registering RDD 12 (count at <unknown>:0) as input to shuffle 2
[2025-12-09T07:35:15.713+0000] {subprocess.py:106} INFO - 25/12/09 07:35:15 INFO DAGScheduler: Got map stage job 3 (count at <unknown>:0) with 1 output partitions
[2025-12-09T07:35:15.714+0000] {subprocess.py:106} INFO - 25/12/09 07:35:15 INFO DAGScheduler: Final stage: ShuffleMapStage 5 (count at <unknown>:0)
[2025-12-09T07:35:15.714+0000] {subprocess.py:106} INFO - 25/12/09 07:35:15 INFO DAGScheduler: Parents of final stage: List(ShuffleMapStage 4)
[2025-12-09T07:35:15.720+0000] {subprocess.py:106} INFO - 25/12/09 07:35:15 INFO DAGScheduler: Missing parents: List()
[2025-12-09T07:35:15.722+0000] {subprocess.py:106} INFO - 25/12/09 07:35:15 INFO DAGScheduler: Submitting ShuffleMapStage 5 (MapPartitionsRDD[12] at count at <unknown>:0), which has no missing parents
[2025-12-09T07:35:15.736+0000] {subprocess.py:106} INFO - 25/12/09 07:35:15 INFO MemoryStore: Block broadcast_5 stored as values in memory (estimated size 57.3 KiB, free 434.1 MiB)
[2025-12-09T07:35:15.753+0000] {subprocess.py:106} INFO - 25/12/09 07:35:15 INFO MemoryStore: Block broadcast_5_piece0 stored as bytes in memory (estimated size 24.2 KiB, free 434.1 MiB)
[2025-12-09T07:35:15.758+0000] {subprocess.py:106} INFO - 25/12/09 07:35:15 INFO BlockManagerInfo: Added broadcast_5_piece0 in memory on 65f44b4fd513:33131 (size: 24.2 KiB, free: 434.3 MiB)
[2025-12-09T07:35:15.759+0000] {subprocess.py:106} INFO - 25/12/09 07:35:15 INFO SparkContext: Created broadcast 5 from broadcast at DAGScheduler.scala:1585
[2025-12-09T07:35:15.759+0000] {subprocess.py:106} INFO - 25/12/09 07:35:15 INFO DAGScheduler: Submitting 1 missing tasks from ShuffleMapStage 5 (MapPartitionsRDD[12] at count at <unknown>:0) (first 15 tasks are for partitions Vector(0))
[2025-12-09T07:35:15.761+0000] {subprocess.py:106} INFO - 25/12/09 07:35:15 INFO TaskSchedulerImpl: Adding task set 5.0 with 1 tasks resource profile 0
[2025-12-09T07:35:15.761+0000] {subprocess.py:106} INFO - 25/12/09 07:35:15 INFO TaskSetManager: Starting task 0.0 in stage 5.0 (TID 13) (172.30.0.9, executor 0, partition 0, NODE_LOCAL, 9320 bytes)
[2025-12-09T07:35:15.767+0000] {subprocess.py:106} INFO - 25/12/09 07:35:15 INFO BlockManagerInfo: Removed broadcast_4_piece0 on 172.30.0.9:45613 in memory (size: 23.9 KiB, free: 434.4 MiB)
[2025-12-09T07:35:15.770+0000] {subprocess.py:106} INFO - 25/12/09 07:35:15 INFO BlockManagerInfo: Removed broadcast_4_piece0 on 65f44b4fd513:33131 in memory (size: 23.9 KiB, free: 434.3 MiB)
[2025-12-09T07:35:15.784+0000] {subprocess.py:106} INFO - 25/12/09 07:35:15 INFO BlockManagerInfo: Added broadcast_5_piece0 in memory on 172.30.0.9:45613 (size: 24.2 KiB, free: 434.3 MiB)
[2025-12-09T07:35:15.847+0000] {subprocess.py:106} INFO - 25/12/09 07:35:15 INFO MapOutputTrackerMasterEndpoint: Asked to send map output locations for shuffle 1 to 172.30.0.9:55864
[2025-12-09T07:35:16.006+0000] {subprocess.py:106} INFO - 25/12/09 07:35:16 INFO TaskSetManager: Finished task 0.0 in stage 5.0 (TID 13) in 246 ms on 172.30.0.9 (executor 0) (1/1)
[2025-12-09T07:35:16.007+0000] {subprocess.py:106} INFO - 25/12/09 07:35:16 INFO TaskSchedulerImpl: Removed TaskSet 5.0, whose tasks have all completed, from pool
[2025-12-09T07:35:16.009+0000] {subprocess.py:106} INFO - 25/12/09 07:35:16 INFO DAGScheduler: ShuffleMapStage 5 (count at <unknown>:0) finished in 0.278 s
[2025-12-09T07:35:16.012+0000] {subprocess.py:106} INFO - 25/12/09 07:35:16 INFO DAGScheduler: looking for newly runnable stages
[2025-12-09T07:35:16.013+0000] {subprocess.py:106} INFO - 25/12/09 07:35:16 INFO DAGScheduler: running: Set()
[2025-12-09T07:35:16.014+0000] {subprocess.py:106} INFO - 25/12/09 07:35:16 INFO DAGScheduler: waiting: Set()
[2025-12-09T07:35:16.015+0000] {subprocess.py:106} INFO - 25/12/09 07:35:16 INFO DAGScheduler: failed: Set()
[2025-12-09T07:35:16.050+0000] {subprocess.py:106} INFO - 25/12/09 07:35:16 INFO CodeGenerator: Code generated in 14.142903 ms
[2025-12-09T07:35:16.067+0000] {subprocess.py:106} INFO - 25/12/09 07:35:16 INFO SparkContext: Starting job: count at <unknown>:0
[2025-12-09T07:35:16.069+0000] {subprocess.py:106} INFO - 25/12/09 07:35:16 INFO DAGScheduler: Got job 4 (count at <unknown>:0) with 1 output partitions
[2025-12-09T07:35:16.074+0000] {subprocess.py:106} INFO - 25/12/09 07:35:16 INFO DAGScheduler: Final stage: ResultStage 8 (count at <unknown>:0)
[2025-12-09T07:35:16.075+0000] {subprocess.py:106} INFO - 25/12/09 07:35:16 INFO DAGScheduler: Parents of final stage: List(ShuffleMapStage 7)
[2025-12-09T07:35:16.076+0000] {subprocess.py:106} INFO - 25/12/09 07:35:16 INFO DAGScheduler: Missing parents: List()
[2025-12-09T07:35:16.076+0000] {subprocess.py:106} INFO - 25/12/09 07:35:16 INFO DAGScheduler: Submitting ResultStage 8 (MapPartitionsRDD[15] at count at <unknown>:0), which has no missing parents
[2025-12-09T07:35:16.078+0000] {subprocess.py:106} INFO - 25/12/09 07:35:16 INFO MemoryStore: Block broadcast_6 stored as values in memory (estimated size 12.5 KiB, free 434.2 MiB)
[2025-12-09T07:35:16.098+0000] {subprocess.py:106} INFO - 25/12/09 07:35:16 INFO MemoryStore: Block broadcast_6_piece0 stored as bytes in memory (estimated size 5.9 KiB, free 434.2 MiB)
[2025-12-09T07:35:16.101+0000] {subprocess.py:106} INFO - 25/12/09 07:35:16 INFO BlockManagerInfo: Added broadcast_6_piece0 in memory on 65f44b4fd513:33131 (size: 5.9 KiB, free: 434.3 MiB)
[2025-12-09T07:35:16.101+0000] {subprocess.py:106} INFO - 25/12/09 07:35:16 INFO SparkContext: Created broadcast 6 from broadcast at DAGScheduler.scala:1585
[2025-12-09T07:35:16.104+0000] {subprocess.py:106} INFO - 25/12/09 07:35:16 INFO BlockManagerInfo: Removed broadcast_5_piece0 on 65f44b4fd513:33131 in memory (size: 24.2 KiB, free: 434.3 MiB)
[2025-12-09T07:35:16.105+0000] {subprocess.py:106} INFO - 25/12/09 07:35:16 INFO DAGScheduler: Submitting 1 missing tasks from ResultStage 8 (MapPartitionsRDD[15] at count at <unknown>:0) (first 15 tasks are for partitions Vector(0))
[2025-12-09T07:35:16.108+0000] {subprocess.py:106} INFO - 25/12/09 07:35:16 INFO TaskSchedulerImpl: Adding task set 8.0 with 1 tasks resource profile 0
[2025-12-09T07:35:16.113+0000] {subprocess.py:106} INFO - 25/12/09 07:35:16 INFO TaskSetManager: Starting task 0.0 in stage 8.0 (TID 14) (172.30.0.9, executor 0, partition 0, NODE_LOCAL, 9331 bytes)
[2025-12-09T07:35:16.115+0000] {subprocess.py:106} INFO - 25/12/09 07:35:16 INFO BlockManagerInfo: Removed broadcast_5_piece0 on 172.30.0.9:45613 in memory (size: 24.2 KiB, free: 434.4 MiB)
[2025-12-09T07:35:16.148+0000] {subprocess.py:106} INFO - 25/12/09 07:35:16 INFO BlockManagerInfo: Added broadcast_6_piece0 in memory on 172.30.0.9:45613 (size: 5.9 KiB, free: 434.4 MiB)
[2025-12-09T07:35:16.166+0000] {subprocess.py:106} INFO - 25/12/09 07:35:16 INFO MapOutputTrackerMasterEndpoint: Asked to send map output locations for shuffle 2 to 172.30.0.9:55864
[2025-12-09T07:35:16.254+0000] {subprocess.py:106} INFO - 25/12/09 07:35:16 INFO TaskSetManager: Finished task 0.0 in stage 8.0 (TID 14) in 141 ms on 172.30.0.9 (executor 0) (1/1)
[2025-12-09T07:35:16.255+0000] {subprocess.py:106} INFO - 25/12/09 07:35:16 INFO TaskSchedulerImpl: Removed TaskSet 8.0, whose tasks have all completed, from pool
[2025-12-09T07:35:16.259+0000] {subprocess.py:106} INFO - 25/12/09 07:35:16 INFO DAGScheduler: ResultStage 8 (count at <unknown>:0) finished in 0.183 s
[2025-12-09T07:35:16.261+0000] {subprocess.py:106} INFO - 25/12/09 07:35:16 INFO DAGScheduler: Job 4 is finished. Cancelling potential speculative or zombie tasks for this job
[2025-12-09T07:35:16.265+0000] {subprocess.py:106} INFO - 25/12/09 07:35:16 INFO TaskSchedulerImpl: Killing all running tasks in stage 8: Stage finished
[2025-12-09T07:35:16.267+0000] {subprocess.py:106} INFO - 25/12/09 07:35:16 INFO DAGScheduler: Job 4 finished: count at <unknown>:0, took 0.198387 s
[2025-12-09T07:35:16.272+0000] {subprocess.py:106} INFO - >>> Transformed records ready to write: 6149
[2025-12-09T07:35:16.439+0000] {subprocess.py:106} INFO - 25/12/09 07:35:16 INFO V2ScanRelationPushDown:
[2025-12-09T07:35:16.442+0000] {subprocess.py:106} INFO - Pushing operators to hive_catalog.bronze.it_jobs_raw
[2025-12-09T07:35:16.443+0000] {subprocess.py:106} INFO - Pushed Filters: date_posted IS NOT NULL, job_link IS NOT NULL, NOT (job_link = '')
[2025-12-09T07:35:16.444+0000] {subprocess.py:106} INFO - Post-Scan Filters: isnotnull(date_posted#4),isnotnull(upper(trim(company_name#1, None))),NOT (upper(trim(company_name#1, None)) = ),isnotnull(job_link#5),NOT (job_link#5 = ),isnotnull(initcap(trim(job_title#0, None))),NOT (initcap(trim(job_title#0, None)) = ),isnotnull(cast(date_posted#4 as date)),(size(split(trim(location#2, None),  - , -1), true) > 0),isnotnull(split(trim(location#2, None),  - , -1))
[2025-12-09T07:35:16.444+0000] {subprocess.py:106} INFO - 
[2025-12-09T07:35:16.446+0000] {subprocess.py:106} INFO - 25/12/09 07:35:16 INFO V2ScanRelationPushDown:
[2025-12-09T07:35:16.447+0000] {subprocess.py:106} INFO - Output: job_title#0, company_name#1, location#2, date_posted#4, job_link#5
[2025-12-09T07:35:16.449+0000] {subprocess.py:106} INFO - 
[2025-12-09T07:35:16.450+0000] {subprocess.py:106} INFO - 25/12/09 07:35:16 INFO SnapshotScan: Scanning table hive_catalog.bronze.it_jobs_raw snapshot 32859656416608901 created at 2025-12-09T07:27:55.461+00:00 with filter ((date_posted IS NOT NULL AND job_link IS NOT NULL) AND NOT (job_link = (hash-00000000)))
[2025-12-09T07:35:16.451+0000] {subprocess.py:106} INFO - 25/12/09 07:35:16 INFO BaseDistributedDataScan: Planning file tasks locally for table hive_catalog.bronze.it_jobs_raw
[2025-12-09T07:35:16.702+0000] {subprocess.py:106} INFO - 25/12/09 07:35:16 INFO BlockManagerInfo: Removed broadcast_6_piece0 on 65f44b4fd513:33131 in memory (size: 5.9 KiB, free: 434.3 MiB)
[2025-12-09T07:35:16.725+0000] {subprocess.py:106} INFO - 25/12/09 07:35:16 INFO BlockManagerInfo: Removed broadcast_6_piece0 on 172.30.0.9:45613 in memory (size: 5.9 KiB, free: 434.4 MiB)
[2025-12-09T07:35:16.768+0000] {subprocess.py:106} INFO - 25/12/09 07:35:16 INFO SparkPartitioningAwareScan: Reporting UnknownPartitioning with 11 partition(s) for table hive_catalog.bronze.it_jobs_raw
[2025-12-09T07:35:16.806+0000] {subprocess.py:106} INFO - 25/12/09 07:35:16 INFO MemoryStore: Block broadcast_7 stored as values in memory (estimated size 32.0 KiB, free 434.2 MiB)
[2025-12-09T07:35:16.811+0000] {subprocess.py:106} INFO - 25/12/09 07:35:16 INFO MemoryStore: Block broadcast_7_piece0 stored as bytes in memory (estimated size 29.8 KiB, free 434.2 MiB)
[2025-12-09T07:35:16.819+0000] {subprocess.py:106} INFO - 25/12/09 07:35:16 INFO BlockManagerInfo: Added broadcast_7_piece0 in memory on 65f44b4fd513:33131 (size: 29.8 KiB, free: 434.3 MiB)
[2025-12-09T07:35:16.824+0000] {subprocess.py:106} INFO - 25/12/09 07:35:16 INFO SparkContext: Created broadcast 7 from broadcast at SparkBatch.java:79
[2025-12-09T07:35:16.895+0000] {subprocess.py:106} INFO - 25/12/09 07:35:16 INFO MemoryStore: Block broadcast_8 stored as values in memory (estimated size 32.0 KiB, free 434.2 MiB)
[2025-12-09T07:35:16.929+0000] {subprocess.py:106} INFO - 25/12/09 07:35:16 INFO MemoryStore: Block broadcast_8_piece0 stored as bytes in memory (estimated size 29.8 KiB, free 434.2 MiB)
[2025-12-09T07:35:16.931+0000] {subprocess.py:106} INFO - 25/12/09 07:35:16 INFO BlockManagerInfo: Added broadcast_8_piece0 in memory on 65f44b4fd513:33131 (size: 29.8 KiB, free: 434.3 MiB)
[2025-12-09T07:35:16.932+0000] {subprocess.py:106} INFO - 25/12/09 07:35:16 INFO SparkContext: Created broadcast 8 from broadcast at SparkBatch.java:79
[2025-12-09T07:35:17.076+0000] {subprocess.py:106} INFO - 25/12/09 07:35:17 INFO BlockManagerInfo: Removed broadcast_2_piece0 on 65f44b4fd513:33131 in memory (size: 29.8 KiB, free: 434.3 MiB)
[2025-12-09T07:35:17.210+0000] {subprocess.py:106} INFO - 25/12/09 07:35:17 INFO DAGScheduler: Registering RDD 19 (count at <unknown>:0) as input to shuffle 3
[2025-12-09T07:35:17.211+0000] {subprocess.py:106} INFO - 25/12/09 07:35:17 INFO DAGScheduler: Got map stage job 5 (count at <unknown>:0) with 11 output partitions
[2025-12-09T07:35:17.212+0000] {subprocess.py:106} INFO - 25/12/09 07:35:17 INFO DAGScheduler: Final stage: ShuffleMapStage 9 (count at <unknown>:0)
[2025-12-09T07:35:17.213+0000] {subprocess.py:106} INFO - 25/12/09 07:35:17 INFO DAGScheduler: Parents of final stage: List()
[2025-12-09T07:35:17.214+0000] {subprocess.py:106} INFO - 25/12/09 07:35:17 INFO DAGScheduler: Missing parents: List()
[2025-12-09T07:35:17.217+0000] {subprocess.py:106} INFO - 25/12/09 07:35:17 INFO DAGScheduler: Submitting ShuffleMapStage 9 (MapPartitionsRDD[19] at count at <unknown>:0), which has no missing parents
[2025-12-09T07:35:17.224+0000] {subprocess.py:106} INFO - 25/12/09 07:35:17 INFO MemoryStore: Block broadcast_9 stored as values in memory (estimated size 61.6 KiB, free 434.2 MiB)
[2025-12-09T07:35:17.248+0000] {subprocess.py:106} INFO - 25/12/09 07:35:17 INFO MemoryStore: Block broadcast_9_piece0 stored as bytes in memory (estimated size 23.8 KiB, free 434.1 MiB)
[2025-12-09T07:35:17.254+0000] {subprocess.py:106} INFO - 25/12/09 07:35:17 INFO BlockManagerInfo: Added broadcast_9_piece0 in memory on 65f44b4fd513:33131 (size: 23.8 KiB, free: 434.3 MiB)
[2025-12-09T07:35:17.256+0000] {subprocess.py:106} INFO - 25/12/09 07:35:17 INFO SparkContext: Created broadcast 9 from broadcast at DAGScheduler.scala:1585
[2025-12-09T07:35:17.257+0000] {subprocess.py:106} INFO - 25/12/09 07:35:17 INFO DAGScheduler: Submitting 11 missing tasks from ShuffleMapStage 9 (MapPartitionsRDD[19] at count at <unknown>:0) (first 15 tasks are for partitions Vector(0, 1, 2, 3, 4, 5, 6, 7, 8, 9, 10))
[2025-12-09T07:35:17.259+0000] {subprocess.py:106} INFO - 25/12/09 07:35:17 INFO TaskSchedulerImpl: Adding task set 9.0 with 11 tasks resource profile 0
[2025-12-09T07:35:17.260+0000] {subprocess.py:106} INFO - 25/12/09 07:35:17 INFO TaskSetManager: Starting task 0.0 in stage 9.0 (TID 15) (172.30.0.9, executor 0, partition 0, ANY, 16408 bytes)
[2025-12-09T07:35:17.289+0000] {subprocess.py:106} INFO - 25/12/09 07:35:17 INFO BlockManagerInfo: Added broadcast_9_piece0 in memory on 172.30.0.9:45613 (size: 23.8 KiB, free: 434.3 MiB)
[2025-12-09T07:35:17.391+0000] {subprocess.py:106} INFO - 25/12/09 07:35:17 INFO BlockManagerInfo: Added broadcast_8_piece0 in memory on 172.30.0.9:45613 (size: 29.8 KiB, free: 434.3 MiB)
[2025-12-09T07:35:17.956+0000] {subprocess.py:106} INFO - 25/12/09 07:35:17 INFO TaskSetManager: Starting task 1.0 in stage 9.0 (TID 16) (172.30.0.9, executor 0, partition 1, ANY, 16416 bytes)
[2025-12-09T07:35:17.963+0000] {subprocess.py:106} INFO - 25/12/09 07:35:17 INFO TaskSetManager: Finished task 0.0 in stage 9.0 (TID 15) in 691 ms on 172.30.0.9 (executor 0) (1/11)
[2025-12-09T07:35:18.610+0000] {subprocess.py:106} INFO - 25/12/09 07:35:18 INFO TaskSetManager: Starting task 2.0 in stage 9.0 (TID 17) (172.30.0.9, executor 0, partition 2, ANY, 16417 bytes)
[2025-12-09T07:35:18.611+0000] {subprocess.py:106} INFO - 25/12/09 07:35:18 INFO TaskSetManager: Finished task 1.0 in stage 9.0 (TID 16) in 662 ms on 172.30.0.9 (executor 0) (2/11)
[2025-12-09T07:35:19.097+0000] {subprocess.py:106} INFO - 25/12/09 07:35:19 INFO TaskSetManager: Starting task 3.0 in stage 9.0 (TID 18) (172.30.0.9, executor 0, partition 3, ANY, 16417 bytes)
[2025-12-09T07:35:19.098+0000] {subprocess.py:106} INFO - 25/12/09 07:35:19 INFO TaskSetManager: Finished task 2.0 in stage 9.0 (TID 17) in 492 ms on 172.30.0.9 (executor 0) (3/11)
[2025-12-09T07:35:19.502+0000] {subprocess.py:106} INFO - 25/12/09 07:35:19 INFO TaskSetManager: Starting task 4.0 in stage 9.0 (TID 19) (172.30.0.9, executor 0, partition 4, ANY, 16417 bytes)
[2025-12-09T07:35:19.503+0000] {subprocess.py:106} INFO - 25/12/09 07:35:19 INFO TaskSetManager: Finished task 3.0 in stage 9.0 (TID 18) in 405 ms on 172.30.0.9 (executor 0) (4/11)
[2025-12-09T07:35:19.931+0000] {subprocess.py:106} INFO - 25/12/09 07:35:19 INFO TaskSetManager: Starting task 5.0 in stage 9.0 (TID 20) (172.30.0.9, executor 0, partition 5, ANY, 16417 bytes)
[2025-12-09T07:35:19.932+0000] {subprocess.py:106} INFO - 25/12/09 07:35:19 INFO TaskSetManager: Finished task 4.0 in stage 9.0 (TID 19) in 432 ms on 172.30.0.9 (executor 0) (5/11)
[2025-12-09T07:35:20.305+0000] {subprocess.py:106} INFO - 25/12/09 07:35:20 INFO TaskSetManager: Starting task 6.0 in stage 9.0 (TID 21) (172.30.0.9, executor 0, partition 6, ANY, 16417 bytes)
[2025-12-09T07:35:20.307+0000] {subprocess.py:106} INFO - 25/12/09 07:35:20 INFO TaskSetManager: Finished task 5.0 in stage 9.0 (TID 20) in 378 ms on 172.30.0.9 (executor 0) (6/11)
[2025-12-09T07:35:20.666+0000] {subprocess.py:106} INFO - 25/12/09 07:35:20 INFO TaskSetManager: Starting task 7.0 in stage 9.0 (TID 22) (172.30.0.9, executor 0, partition 7, ANY, 16417 bytes)
[2025-12-09T07:35:20.667+0000] {subprocess.py:106} INFO - 25/12/09 07:35:20 INFO TaskSetManager: Finished task 6.0 in stage 9.0 (TID 21) in 361 ms on 172.30.0.9 (executor 0) (7/11)
[2025-12-09T07:35:21.051+0000] {subprocess.py:106} INFO - 25/12/09 07:35:21 INFO TaskSetManager: Starting task 8.0 in stage 9.0 (TID 23) (172.30.0.9, executor 0, partition 8, ANY, 16417 bytes)
[2025-12-09T07:35:21.054+0000] {subprocess.py:106} INFO - 25/12/09 07:35:21 INFO TaskSetManager: Finished task 7.0 in stage 9.0 (TID 22) in 385 ms on 172.30.0.9 (executor 0) (8/11)
[2025-12-09T07:35:21.363+0000] {subprocess.py:106} INFO - 25/12/09 07:35:21 INFO TaskSetManager: Starting task 9.0 in stage 9.0 (TID 24) (172.30.0.9, executor 0, partition 9, ANY, 16417 bytes)
[2025-12-09T07:35:21.364+0000] {subprocess.py:106} INFO - 25/12/09 07:35:21 INFO TaskSetManager: Finished task 8.0 in stage 9.0 (TID 23) in 315 ms on 172.30.0.9 (executor 0) (9/11)
[2025-12-09T07:35:21.671+0000] {subprocess.py:106} INFO - 25/12/09 07:35:21 INFO TaskSetManager: Starting task 10.0 in stage 9.0 (TID 25) (172.30.0.9, executor 0, partition 10, ANY, 14986 bytes)
[2025-12-09T07:35:21.672+0000] {subprocess.py:106} INFO - 25/12/09 07:35:21 INFO TaskSetManager: Finished task 9.0 in stage 9.0 (TID 24) in 308 ms on 172.30.0.9 (executor 0) (10/11)
[2025-12-09T07:35:21.772+0000] {subprocess.py:106} INFO - 25/12/09 07:35:21 INFO TaskSetManager: Finished task 10.0 in stage 9.0 (TID 25) in 103 ms on 172.30.0.9 (executor 0) (11/11)
[2025-12-09T07:35:21.774+0000] {subprocess.py:106} INFO - 25/12/09 07:35:21 INFO TaskSchedulerImpl: Removed TaskSet 9.0, whose tasks have all completed, from pool
[2025-12-09T07:35:21.778+0000] {subprocess.py:106} INFO - 25/12/09 07:35:21 INFO DAGScheduler: ShuffleMapStage 9 (count at <unknown>:0) finished in 4.554 s
[2025-12-09T07:35:21.778+0000] {subprocess.py:106} INFO - 25/12/09 07:35:21 INFO DAGScheduler: looking for newly runnable stages
[2025-12-09T07:35:21.779+0000] {subprocess.py:106} INFO - 25/12/09 07:35:21 INFO DAGScheduler: running: Set()
[2025-12-09T07:35:21.779+0000] {subprocess.py:106} INFO - 25/12/09 07:35:21 INFO DAGScheduler: waiting: Set()
[2025-12-09T07:35:21.780+0000] {subprocess.py:106} INFO - 25/12/09 07:35:21 INFO DAGScheduler: failed: Set()
[2025-12-09T07:35:21.781+0000] {subprocess.py:106} INFO - 25/12/09 07:35:21 INFO ShufflePartitionsUtil: For shuffle(3), advisory target size: 67108864, actual target size 1048576, minimum partition size: 1048576
[2025-12-09T07:35:21.818+0000] {subprocess.py:106} INFO - 25/12/09 07:35:21 INFO DAGScheduler: Registering RDD 22 (count at <unknown>:0) as input to shuffle 4
[2025-12-09T07:35:21.819+0000] {subprocess.py:106} INFO - 25/12/09 07:35:21 INFO DAGScheduler: Got map stage job 6 (count at <unknown>:0) with 1 output partitions
[2025-12-09T07:35:21.820+0000] {subprocess.py:106} INFO - 25/12/09 07:35:21 INFO DAGScheduler: Final stage: ShuffleMapStage 11 (count at <unknown>:0)
[2025-12-09T07:35:21.820+0000] {subprocess.py:106} INFO - 25/12/09 07:35:21 INFO DAGScheduler: Parents of final stage: List(ShuffleMapStage 10)
[2025-12-09T07:35:21.821+0000] {subprocess.py:106} INFO - 25/12/09 07:35:21 INFO DAGScheduler: Missing parents: List()
[2025-12-09T07:35:21.822+0000] {subprocess.py:106} INFO - 25/12/09 07:35:21 INFO DAGScheduler: Submitting ShuffleMapStage 11 (MapPartitionsRDD[22] at count at <unknown>:0), which has no missing parents
[2025-12-09T07:35:21.831+0000] {subprocess.py:106} INFO - 25/12/09 07:35:21 INFO MemoryStore: Block broadcast_10 stored as values in memory (estimated size 57.3 KiB, free 434.1 MiB)
[2025-12-09T07:35:21.843+0000] {subprocess.py:106} INFO - 25/12/09 07:35:21 INFO MemoryStore: Block broadcast_10_piece0 stored as bytes in memory (estimated size 24.2 KiB, free 434.1 MiB)
[2025-12-09T07:35:21.844+0000] {subprocess.py:106} INFO - 25/12/09 07:35:21 INFO BlockManagerInfo: Added broadcast_10_piece0 in memory on 65f44b4fd513:33131 (size: 24.2 KiB, free: 434.3 MiB)
[2025-12-09T07:35:21.851+0000] {subprocess.py:106} INFO - 25/12/09 07:35:21 INFO BlockManagerInfo: Removed broadcast_9_piece0 on 65f44b4fd513:33131 in memory (size: 23.8 KiB, free: 434.3 MiB)
[2025-12-09T07:35:21.852+0000] {subprocess.py:106} INFO - 25/12/09 07:35:21 INFO SparkContext: Created broadcast 10 from broadcast at DAGScheduler.scala:1585
[2025-12-09T07:35:21.852+0000] {subprocess.py:106} INFO - 25/12/09 07:35:21 INFO BlockManagerInfo: Removed broadcast_9_piece0 on 172.30.0.9:45613 in memory (size: 23.8 KiB, free: 434.3 MiB)
[2025-12-09T07:35:21.854+0000] {subprocess.py:106} INFO - 25/12/09 07:35:21 INFO DAGScheduler: Submitting 1 missing tasks from ShuffleMapStage 11 (MapPartitionsRDD[22] at count at <unknown>:0) (first 15 tasks are for partitions Vector(0))
[2025-12-09T07:35:21.854+0000] {subprocess.py:106} INFO - 25/12/09 07:35:21 INFO TaskSchedulerImpl: Adding task set 11.0 with 1 tasks resource profile 0
[2025-12-09T07:35:21.855+0000] {subprocess.py:106} INFO - 25/12/09 07:35:21 INFO TaskSetManager: Starting task 0.0 in stage 11.0 (TID 26) (172.30.0.9, executor 0, partition 0, NODE_LOCAL, 9320 bytes)
[2025-12-09T07:35:21.871+0000] {subprocess.py:106} INFO - 25/12/09 07:35:21 INFO BlockManagerInfo: Added broadcast_10_piece0 in memory on 172.30.0.9:45613 (size: 24.2 KiB, free: 434.3 MiB)
[2025-12-09T07:35:21.898+0000] {subprocess.py:106} INFO - 25/12/09 07:35:21 INFO MapOutputTrackerMasterEndpoint: Asked to send map output locations for shuffle 3 to 172.30.0.9:55864
[2025-12-09T07:35:21.973+0000] {subprocess.py:106} INFO - 25/12/09 07:35:21 INFO TaskSetManager: Finished task 0.0 in stage 11.0 (TID 26) in 118 ms on 172.30.0.9 (executor 0) (1/1)
[2025-12-09T07:35:21.975+0000] {subprocess.py:106} INFO - 25/12/09 07:35:21 INFO TaskSchedulerImpl: Removed TaskSet 11.0, whose tasks have all completed, from pool
[2025-12-09T07:35:21.976+0000] {subprocess.py:106} INFO - 25/12/09 07:35:21 INFO DAGScheduler: ShuffleMapStage 11 (count at <unknown>:0) finished in 0.146 s
[2025-12-09T07:35:21.977+0000] {subprocess.py:106} INFO - 25/12/09 07:35:21 INFO DAGScheduler: looking for newly runnable stages
[2025-12-09T07:35:21.977+0000] {subprocess.py:106} INFO - 25/12/09 07:35:21 INFO DAGScheduler: running: Set()
[2025-12-09T07:35:21.978+0000] {subprocess.py:106} INFO - 25/12/09 07:35:21 INFO DAGScheduler: waiting: Set()
[2025-12-09T07:35:21.979+0000] {subprocess.py:106} INFO - 25/12/09 07:35:21 INFO DAGScheduler: failed: Set()
[2025-12-09T07:35:22.007+0000] {subprocess.py:106} INFO - 25/12/09 07:35:22 INFO SparkContext: Starting job: count at <unknown>:0
[2025-12-09T07:35:22.009+0000] {subprocess.py:106} INFO - 25/12/09 07:35:22 INFO DAGScheduler: Got job 7 (count at <unknown>:0) with 1 output partitions
[2025-12-09T07:35:22.011+0000] {subprocess.py:106} INFO - 25/12/09 07:35:22 INFO DAGScheduler: Final stage: ResultStage 14 (count at <unknown>:0)
[2025-12-09T07:35:22.012+0000] {subprocess.py:106} INFO - 25/12/09 07:35:22 INFO DAGScheduler: Parents of final stage: List(ShuffleMapStage 13)
[2025-12-09T07:35:22.013+0000] {subprocess.py:106} INFO - 25/12/09 07:35:22 INFO DAGScheduler: Missing parents: List()
[2025-12-09T07:35:22.014+0000] {subprocess.py:106} INFO - 25/12/09 07:35:22 INFO DAGScheduler: Submitting ResultStage 14 (MapPartitionsRDD[25] at count at <unknown>:0), which has no missing parents
[2025-12-09T07:35:22.015+0000] {subprocess.py:106} INFO - 25/12/09 07:35:22 INFO MemoryStore: Block broadcast_11 stored as values in memory (estimated size 12.5 KiB, free 434.1 MiB)
[2025-12-09T07:35:22.030+0000] {subprocess.py:106} INFO - 25/12/09 07:35:22 INFO MemoryStore: Block broadcast_11_piece0 stored as bytes in memory (estimated size 5.9 KiB, free 434.1 MiB)
[2025-12-09T07:35:22.032+0000] {subprocess.py:106} INFO - 25/12/09 07:35:22 INFO BlockManagerInfo: Added broadcast_11_piece0 in memory on 65f44b4fd513:33131 (size: 5.9 KiB, free: 434.3 MiB)
[2025-12-09T07:35:22.033+0000] {subprocess.py:106} INFO - 25/12/09 07:35:22 INFO BlockManagerInfo: Removed broadcast_10_piece0 on 65f44b4fd513:33131 in memory (size: 24.2 KiB, free: 434.3 MiB)
[2025-12-09T07:35:22.034+0000] {subprocess.py:106} INFO - 25/12/09 07:35:22 INFO SparkContext: Created broadcast 11 from broadcast at DAGScheduler.scala:1585
[2025-12-09T07:35:22.038+0000] {subprocess.py:106} INFO - 25/12/09 07:35:22 INFO BlockManagerInfo: Removed broadcast_10_piece0 on 172.30.0.9:45613 in memory (size: 24.2 KiB, free: 434.3 MiB)
[2025-12-09T07:35:22.042+0000] {subprocess.py:106} INFO - 25/12/09 07:35:22 INFO DAGScheduler: Submitting 1 missing tasks from ResultStage 14 (MapPartitionsRDD[25] at count at <unknown>:0) (first 15 tasks are for partitions Vector(0))
[2025-12-09T07:35:22.043+0000] {subprocess.py:106} INFO - 25/12/09 07:35:22 INFO TaskSchedulerImpl: Adding task set 14.0 with 1 tasks resource profile 0
[2025-12-09T07:35:22.044+0000] {subprocess.py:106} INFO - 25/12/09 07:35:22 INFO TaskSetManager: Starting task 0.0 in stage 14.0 (TID 27) (172.30.0.9, executor 0, partition 0, NODE_LOCAL, 9331 bytes)
[2025-12-09T07:35:22.067+0000] {subprocess.py:106} INFO - 25/12/09 07:35:22 INFO BlockManagerInfo: Added broadcast_11_piece0 in memory on 172.30.0.9:45613 (size: 5.9 KiB, free: 434.3 MiB)
[2025-12-09T07:35:22.076+0000] {subprocess.py:106} INFO - 25/12/09 07:35:22 INFO MapOutputTrackerMasterEndpoint: Asked to send map output locations for shuffle 4 to 172.30.0.9:55864
[2025-12-09T07:35:22.106+0000] {subprocess.py:106} INFO - 25/12/09 07:35:22 INFO TaskSetManager: Finished task 0.0 in stage 14.0 (TID 27) in 58 ms on 172.30.0.9 (executor 0) (1/1)
[2025-12-09T07:35:22.107+0000] {subprocess.py:106} INFO - 25/12/09 07:35:22 INFO TaskSchedulerImpl: Removed TaskSet 14.0, whose tasks have all completed, from pool
[2025-12-09T07:35:22.108+0000] {subprocess.py:106} INFO - 25/12/09 07:35:22 INFO DAGScheduler: ResultStage 14 (count at <unknown>:0) finished in 0.091 s
[2025-12-09T07:35:22.110+0000] {subprocess.py:106} INFO - 25/12/09 07:35:22 INFO DAGScheduler: Job 7 is finished. Cancelling potential speculative or zombie tasks for this job
[2025-12-09T07:35:22.111+0000] {subprocess.py:106} INFO - 25/12/09 07:35:22 INFO TaskSchedulerImpl: Killing all running tasks in stage 14: Stage finished
[2025-12-09T07:35:22.111+0000] {subprocess.py:106} INFO - 25/12/09 07:35:22 INFO DAGScheduler: Job 7 finished: count at <unknown>:0, took 0.098372 s
[2025-12-09T07:35:22.112+0000] {subprocess.py:106} INFO - >>> Writing to hive_catalog.silver.it_jobs_clean (Mode: CreateOrReplace)...
[2025-12-09T07:35:22.215+0000] {subprocess.py:106} INFO - 25/12/09 07:35:22 INFO BaseMetastoreTableOperations: Refreshing table metadata from new version: hdfs://dinhhoa-master:9000/user/ndh/warehouse/silver.db/it_jobs_clean/metadata/00042-9d1d7caf-757e-4ac7-88bf-6c9d2aab223e.metadata.json
[2025-12-09T07:35:22.248+0000] {subprocess.py:106} INFO - 25/12/09 07:35:22 INFO BaseMetastoreCatalog: Table loaded by catalog: hive_catalog.silver.it_jobs_clean
[2025-12-09T07:35:22.256+0000] {subprocess.py:106} INFO - 25/12/09 07:35:22 INFO BaseMetastoreCatalog: Table properties set at catalog level through catalog properties: {}
[2025-12-09T07:35:22.259+0000] {subprocess.py:106} INFO - 25/12/09 07:35:22 INFO BaseMetastoreCatalog: Table properties enforced at catalog level through catalog properties: {}
[2025-12-09T07:35:22.281+0000] {subprocess.py:106} INFO - 25/12/09 07:35:22 INFO BaseMetastoreTableOperations: Refreshing table metadata from new version: hdfs://dinhhoa-master:9000/user/ndh/warehouse/silver.db/it_jobs_clean/metadata/00042-9d1d7caf-757e-4ac7-88bf-6c9d2aab223e.metadata.json
[2025-12-09T07:35:22.466+0000] {subprocess.py:106} INFO - 25/12/09 07:35:22 INFO V2ScanRelationPushDown:
[2025-12-09T07:35:22.468+0000] {subprocess.py:106} INFO - Pushing operators to hive_catalog.bronze.it_jobs_raw
[2025-12-09T07:35:22.468+0000] {subprocess.py:106} INFO - Pushed Filters: date_posted IS NOT NULL, job_link IS NOT NULL, NOT (job_link = '')
[2025-12-09T07:35:22.469+0000] {subprocess.py:106} INFO - Post-Scan Filters: isnotnull(date_posted#4),isnotnull(upper(trim(company_name#1, None))),NOT (upper(trim(company_name#1, None)) = ),isnotnull(job_link#5),NOT (job_link#5 = ),isnotnull(initcap(trim(job_title#0, None))),NOT (initcap(trim(job_title#0, None)) = ),isnotnull(cast(date_posted#4 as date)),(size(split(trim(location#2, None),  - , -1), true) > 0),isnotnull(split(trim(location#2, None),  - , -1))
[2025-12-09T07:35:22.470+0000] {subprocess.py:106} INFO - 
[2025-12-09T07:35:22.478+0000] {subprocess.py:106} INFO - 25/12/09 07:35:22 INFO V2ScanRelationPushDown:
[2025-12-09T07:35:22.481+0000] {subprocess.py:106} INFO - Output: job_title#0, company_name#1, location#2, skills_required#3, date_posted#4, job_link#5, job_category#6, work_mode#7, crawl_date#8, date_only#9, ingest_time#10, source#11
[2025-12-09T07:35:22.487+0000] {subprocess.py:106} INFO - 
[2025-12-09T07:35:22.492+0000] {subprocess.py:106} INFO - 25/12/09 07:35:22 INFO SnapshotScan: Scanning table hive_catalog.bronze.it_jobs_raw snapshot 32859656416608901 created at 2025-12-09T07:27:55.461+00:00 with filter ((date_posted IS NOT NULL AND job_link IS NOT NULL) AND NOT (job_link = (hash-00000000)))
[2025-12-09T07:35:22.499+0000] {subprocess.py:106} INFO - 25/12/09 07:35:22 INFO BaseDistributedDataScan: Planning file tasks locally for table hive_catalog.bronze.it_jobs_raw
[2025-12-09T07:35:22.809+0000] {subprocess.py:106} INFO - 25/12/09 07:35:22 INFO BlockManagerInfo: Removed broadcast_11_piece0 on 65f44b4fd513:33131 in memory (size: 5.9 KiB, free: 434.3 MiB)
[2025-12-09T07:35:22.814+0000] {subprocess.py:106} INFO - 25/12/09 07:35:22 INFO BlockManagerInfo: Removed broadcast_11_piece0 on 172.30.0.9:45613 in memory (size: 5.9 KiB, free: 434.3 MiB)
[2025-12-09T07:35:22.857+0000] {subprocess.py:106} INFO - 25/12/09 07:35:22 INFO BlockManagerInfo: Removed broadcast_7_piece0 on 65f44b4fd513:33131 in memory (size: 29.8 KiB, free: 434.3 MiB)
[2025-12-09T07:35:22.863+0000] {subprocess.py:106} INFO - 25/12/09 07:35:22 INFO SparkPartitioningAwareScan: Reporting UnknownPartitioning with 11 partition(s) for table hive_catalog.bronze.it_jobs_raw
[2025-12-09T07:35:22.868+0000] {subprocess.py:106} INFO - 25/12/09 07:35:22 INFO BlockManagerInfo: Removed broadcast_8_piece0 on 65f44b4fd513:33131 in memory (size: 29.8 KiB, free: 434.4 MiB)
[2025-12-09T07:35:22.874+0000] {subprocess.py:106} INFO - 25/12/09 07:35:22 INFO BlockManagerInfo: Removed broadcast_8_piece0 on 172.30.0.9:45613 in memory (size: 29.8 KiB, free: 434.4 MiB)
[2025-12-09T07:35:22.910+0000] {subprocess.py:106} INFO - 25/12/09 07:35:22 INFO SparkWrite: Requesting 0 bytes advisory partition size for table silver.it_jobs_clean
[2025-12-09T07:35:22.911+0000] {subprocess.py:106} INFO - 25/12/09 07:35:22 INFO SparkWrite: Requesting UnspecifiedDistribution as write distribution for table silver.it_jobs_clean
[2025-12-09T07:35:22.914+0000] {subprocess.py:106} INFO - 25/12/09 07:35:22 INFO SparkWrite: Requesting [] as write ordering for table silver.it_jobs_clean
[2025-12-09T07:35:23.001+0000] {subprocess.py:106} INFO - 25/12/09 07:35:22 INFO MemoryStore: Block broadcast_12 stored as values in memory (estimated size 32.0 KiB, free 434.3 MiB)
[2025-12-09T07:35:23.011+0000] {subprocess.py:106} INFO - 25/12/09 07:35:23 INFO MemoryStore: Block broadcast_12_piece0 stored as bytes in memory (estimated size 29.8 KiB, free 434.3 MiB)
[2025-12-09T07:35:23.013+0000] {subprocess.py:106} INFO - 25/12/09 07:35:23 INFO BlockManagerInfo: Added broadcast_12_piece0 in memory on 65f44b4fd513:33131 (size: 29.8 KiB, free: 434.3 MiB)
[2025-12-09T07:35:23.027+0000] {subprocess.py:106} INFO - 25/12/09 07:35:23 INFO SparkContext: Created broadcast 12 from broadcast at SparkBatch.java:79
[2025-12-09T07:35:23.085+0000] {subprocess.py:106} INFO - 25/12/09 07:35:23 INFO MemoryStore: Block broadcast_13 stored as values in memory (estimated size 32.0 KiB, free 434.2 MiB)
[2025-12-09T07:35:23.120+0000] {subprocess.py:106} INFO - 25/12/09 07:35:23 INFO MemoryStore: Block broadcast_13_piece0 stored as bytes in memory (estimated size 29.8 KiB, free 434.2 MiB)
[2025-12-09T07:35:23.138+0000] {subprocess.py:106} INFO - 25/12/09 07:35:23 INFO BlockManagerInfo: Added broadcast_13_piece0 in memory on 65f44b4fd513:33131 (size: 29.8 KiB, free: 434.3 MiB)
[2025-12-09T07:35:23.144+0000] {subprocess.py:106} INFO - 25/12/09 07:35:23 INFO SparkContext: Created broadcast 13 from broadcast at SparkBatch.java:79
[2025-12-09T07:35:23.332+0000] {subprocess.py:106} INFO - 25/12/09 07:35:23 INFO BlockManagerInfo: Removed broadcast_3_piece0 on 172.30.0.9:45613 in memory (size: 29.8 KiB, free: 434.4 MiB)
[2025-12-09T07:35:23.334+0000] {subprocess.py:106} INFO - 25/12/09 07:35:23 INFO BlockManagerInfo: Removed broadcast_3_piece0 on 65f44b4fd513:33131 in memory (size: 29.8 KiB, free: 434.3 MiB)
[2025-12-09T07:35:23.601+0000] {subprocess.py:106} INFO - 25/12/09 07:35:23 INFO CodeGenerator: Code generated in 22.737376 ms
[2025-12-09T07:35:23.830+0000] {subprocess.py:106} INFO - 25/12/09 07:35:23 INFO CodeGenerator: Code generated in 121.838165 ms
[2025-12-09T07:35:23.899+0000] {subprocess.py:106} INFO - 25/12/09 07:35:23 INFO DAGScheduler: Registering RDD 32 (createOrReplace at <unknown>:0) as input to shuffle 5
[2025-12-09T07:35:23.900+0000] {subprocess.py:106} INFO - 25/12/09 07:35:23 INFO DAGScheduler: Got map stage job 8 (createOrReplace at <unknown>:0) with 11 output partitions
[2025-12-09T07:35:23.901+0000] {subprocess.py:106} INFO - 25/12/09 07:35:23 INFO DAGScheduler: Final stage: ShuffleMapStage 15 (createOrReplace at <unknown>:0)
[2025-12-09T07:35:23.902+0000] {subprocess.py:106} INFO - 25/12/09 07:35:23 INFO DAGScheduler: Parents of final stage: List()
[2025-12-09T07:35:23.907+0000] {subprocess.py:106} INFO - 25/12/09 07:35:23 INFO DAGScheduler: Missing parents: List()
[2025-12-09T07:35:23.909+0000] {subprocess.py:106} INFO - 25/12/09 07:35:23 INFO DAGScheduler: Submitting ShuffleMapStage 15 (MapPartitionsRDD[32] at createOrReplace at <unknown>:0), which has no missing parents
[2025-12-09T07:35:23.937+0000] {subprocess.py:106} INFO - 25/12/09 07:35:23 INFO MemoryStore: Block broadcast_14 stored as values in memory (estimated size 72.9 KiB, free 434.2 MiB)
[2025-12-09T07:35:23.952+0000] {subprocess.py:106} INFO - 25/12/09 07:35:23 INFO MemoryStore: Block broadcast_14_piece0 stored as bytes in memory (estimated size 27.1 KiB, free 434.2 MiB)
[2025-12-09T07:35:23.953+0000] {subprocess.py:106} INFO - 25/12/09 07:35:23 INFO BlockManagerInfo: Added broadcast_14_piece0 in memory on 65f44b4fd513:33131 (size: 27.1 KiB, free: 434.3 MiB)
[2025-12-09T07:35:23.954+0000] {subprocess.py:106} INFO - 25/12/09 07:35:23 INFO SparkContext: Created broadcast 14 from broadcast at DAGScheduler.scala:1585
[2025-12-09T07:35:23.955+0000] {subprocess.py:106} INFO - 25/12/09 07:35:23 INFO DAGScheduler: Submitting 11 missing tasks from ShuffleMapStage 15 (MapPartitionsRDD[32] at createOrReplace at <unknown>:0) (first 15 tasks are for partitions Vector(0, 1, 2, 3, 4, 5, 6, 7, 8, 9, 10))
[2025-12-09T07:35:23.957+0000] {subprocess.py:106} INFO - 25/12/09 07:35:23 INFO TaskSchedulerImpl: Adding task set 15.0 with 11 tasks resource profile 0
[2025-12-09T07:35:23.958+0000] {subprocess.py:106} INFO - 25/12/09 07:35:23 INFO TaskSetManager: Starting task 0.0 in stage 15.0 (TID 28) (172.30.0.9, executor 0, partition 0, ANY, 16851 bytes)
[2025-12-09T07:35:23.977+0000] {subprocess.py:106} INFO - 25/12/09 07:35:23 INFO BlockManagerInfo: Added broadcast_14_piece0 in memory on 172.30.0.9:45613 (size: 27.1 KiB, free: 434.4 MiB)
[2025-12-09T07:35:24.352+0000] {subprocess.py:106} INFO - 25/12/09 07:35:24 INFO BlockManagerInfo: Added broadcast_13_piece0 in memory on 172.30.0.9:45613 (size: 29.8 KiB, free: 434.3 MiB)
[2025-12-09T07:35:25.188+0000] {subprocess.py:106} INFO - 25/12/09 07:35:25 INFO TaskSetManager: Starting task 1.0 in stage 15.0 (TID 29) (172.30.0.9, executor 0, partition 1, ANY, 16861 bytes)
[2025-12-09T07:35:25.189+0000] {subprocess.py:106} INFO - 25/12/09 07:35:25 INFO TaskSetManager: Finished task 0.0 in stage 15.0 (TID 28) in 1230 ms on 172.30.0.9 (executor 0) (1/11)
[2025-12-09T07:35:25.556+0000] {subprocess.py:106} INFO - 25/12/09 07:35:25 INFO TaskSetManager: Starting task 2.0 in stage 15.0 (TID 30) (172.30.0.9, executor 0, partition 2, ANY, 16861 bytes)
[2025-12-09T07:35:25.557+0000] {subprocess.py:106} INFO - 25/12/09 07:35:25 INFO TaskSetManager: Finished task 1.0 in stage 15.0 (TID 29) in 369 ms on 172.30.0.9 (executor 0) (2/11)
[2025-12-09T07:35:26.040+0000] {subprocess.py:106} INFO - 25/12/09 07:35:26 INFO TaskSetManager: Starting task 3.0 in stage 15.0 (TID 31) (172.30.0.9, executor 0, partition 3, ANY, 16861 bytes)
[2025-12-09T07:35:26.041+0000] {subprocess.py:106} INFO - 25/12/09 07:35:26 INFO TaskSetManager: Finished task 2.0 in stage 15.0 (TID 30) in 484 ms on 172.30.0.9 (executor 0) (3/11)
[2025-12-09T07:35:26.433+0000] {subprocess.py:106} INFO - 25/12/09 07:35:26 INFO TaskSetManager: Starting task 4.0 in stage 15.0 (TID 32) (172.30.0.9, executor 0, partition 4, ANY, 16861 bytes)
[2025-12-09T07:35:26.438+0000] {subprocess.py:106} INFO - 25/12/09 07:35:26 INFO TaskSetManager: Finished task 3.0 in stage 15.0 (TID 31) in 394 ms on 172.30.0.9 (executor 0) (4/11)
[2025-12-09T07:35:26.874+0000] {subprocess.py:106} INFO - 25/12/09 07:35:26 INFO TaskSetManager: Starting task 5.0 in stage 15.0 (TID 33) (172.30.0.9, executor 0, partition 5, ANY, 16861 bytes)
[2025-12-09T07:35:26.875+0000] {subprocess.py:106} INFO - 25/12/09 07:35:26 INFO TaskSetManager: Finished task 4.0 in stage 15.0 (TID 32) in 444 ms on 172.30.0.9 (executor 0) (5/11)
[2025-12-09T07:35:27.282+0000] {subprocess.py:106} INFO - 25/12/09 07:35:27 INFO TaskSetManager: Starting task 6.0 in stage 15.0 (TID 34) (172.30.0.9, executor 0, partition 6, ANY, 16861 bytes)
[2025-12-09T07:35:27.283+0000] {subprocess.py:106} INFO - 25/12/09 07:35:27 INFO TaskSetManager: Finished task 5.0 in stage 15.0 (TID 33) in 410 ms on 172.30.0.9 (executor 0) (6/11)
[2025-12-09T07:35:27.630+0000] {subprocess.py:106} INFO - 25/12/09 07:35:27 INFO TaskSetManager: Starting task 7.0 in stage 15.0 (TID 35) (172.30.0.9, executor 0, partition 7, ANY, 16861 bytes)
[2025-12-09T07:35:27.631+0000] {subprocess.py:106} INFO - 25/12/09 07:35:27 INFO TaskSetManager: Finished task 6.0 in stage 15.0 (TID 34) in 348 ms on 172.30.0.9 (executor 0) (7/11)
[2025-12-09T07:35:28.034+0000] {subprocess.py:106} INFO - 25/12/09 07:35:28 INFO TaskSetManager: Starting task 8.0 in stage 15.0 (TID 36) (172.30.0.9, executor 0, partition 8, ANY, 16852 bytes)
[2025-12-09T07:35:28.035+0000] {subprocess.py:106} INFO - 25/12/09 07:35:28 INFO TaskSetManager: Finished task 7.0 in stage 15.0 (TID 35) in 405 ms on 172.30.0.9 (executor 0) (8/11)
[2025-12-09T07:35:28.439+0000] {subprocess.py:106} INFO - 25/12/09 07:35:28 INFO TaskSetManager: Starting task 9.0 in stage 15.0 (TID 37) (172.30.0.9, executor 0, partition 9, ANY, 16861 bytes)
[2025-12-09T07:35:28.440+0000] {subprocess.py:106} INFO - 25/12/09 07:35:28 INFO TaskSetManager: Finished task 8.0 in stage 15.0 (TID 36) in 404 ms on 172.30.0.9 (executor 0) (9/11)
[2025-12-09T07:35:28.890+0000] {subprocess.py:106} INFO - 25/12/09 07:35:28 INFO TaskSetManager: Starting task 10.0 in stage 15.0 (TID 38) (172.30.0.9, executor 0, partition 10, ANY, 15430 bytes)
[2025-12-09T07:35:28.890+0000] {subprocess.py:106} INFO - 25/12/09 07:35:28 INFO TaskSetManager: Finished task 9.0 in stage 15.0 (TID 37) in 454 ms on 172.30.0.9 (executor 0) (10/11)
[2025-12-09T07:35:29.010+0000] {subprocess.py:106} INFO - 25/12/09 07:35:29 INFO TaskSetManager: Finished task 10.0 in stage 15.0 (TID 38) in 122 ms on 172.30.0.9 (executor 0) (11/11)
[2025-12-09T07:35:29.011+0000] {subprocess.py:106} INFO - 25/12/09 07:35:29 INFO TaskSchedulerImpl: Removed TaskSet 15.0, whose tasks have all completed, from pool
[2025-12-09T07:35:29.012+0000] {subprocess.py:106} INFO - 25/12/09 07:35:29 INFO DAGScheduler: ShuffleMapStage 15 (createOrReplace at <unknown>:0) finished in 5.100 s
[2025-12-09T07:35:29.013+0000] {subprocess.py:106} INFO - 25/12/09 07:35:29 INFO DAGScheduler: looking for newly runnable stages
[2025-12-09T07:35:29.013+0000] {subprocess.py:106} INFO - 25/12/09 07:35:29 INFO DAGScheduler: running: Set()
[2025-12-09T07:35:29.014+0000] {subprocess.py:106} INFO - 25/12/09 07:35:29 INFO DAGScheduler: waiting: Set()
[2025-12-09T07:35:29.014+0000] {subprocess.py:106} INFO - 25/12/09 07:35:29 INFO DAGScheduler: failed: Set()
[2025-12-09T07:35:29.018+0000] {subprocess.py:106} INFO - 25/12/09 07:35:29 INFO ShufflePartitionsUtil: For shuffle(5), advisory target size: 67108864, actual target size 1048576, minimum partition size: 1048576
[2025-12-09T07:35:29.048+0000] {subprocess.py:106} INFO - 25/12/09 07:35:29 INFO CodeGenerator: Code generated in 9.365418 ms
[2025-12-09T07:35:29.072+0000] {subprocess.py:106} INFO - 25/12/09 07:35:29 INFO MemoryStore: Block broadcast_15 stored as values in memory (estimated size 32.0 KiB, free 434.2 MiB)
[2025-12-09T07:35:29.087+0000] {subprocess.py:106} INFO - 25/12/09 07:35:29 INFO MemoryStore: Block broadcast_15_piece0 stored as bytes in memory (estimated size 29.6 KiB, free 434.2 MiB)
[2025-12-09T07:35:29.092+0000] {subprocess.py:106} INFO - 25/12/09 07:35:29 INFO BlockManagerInfo: Added broadcast_15_piece0 in memory on 65f44b4fd513:33131 (size: 29.6 KiB, free: 434.3 MiB)
[2025-12-09T07:35:29.094+0000] {subprocess.py:106} INFO - 25/12/09 07:35:29 INFO BlockManagerInfo: Removed broadcast_14_piece0 on 65f44b4fd513:33131 in memory (size: 27.1 KiB, free: 434.3 MiB)
[2025-12-09T07:35:29.095+0000] {subprocess.py:106} INFO - 25/12/09 07:35:29 INFO SparkContext: Created broadcast 15 from broadcast at SparkWrite.java:193
[2025-12-09T07:35:29.095+0000] {subprocess.py:106} INFO - 25/12/09 07:35:29 INFO BlockManagerInfo: Removed broadcast_14_piece0 on 172.30.0.9:45613 in memory (size: 27.1 KiB, free: 434.4 MiB)
[2025-12-09T07:35:29.096+0000] {subprocess.py:106} INFO - 25/12/09 07:35:29 INFO AppendDataExec: Start processing data source write support: IcebergBatchWrite(table=silver.it_jobs_clean, format=PARQUET). The input RDD has 1 partitions.
[2025-12-09T07:35:29.110+0000] {subprocess.py:106} INFO - 25/12/09 07:35:29 INFO SparkContext: Starting job: createOrReplace at <unknown>:0
[2025-12-09T07:35:29.111+0000] {subprocess.py:106} INFO - 25/12/09 07:35:29 INFO DAGScheduler: Got job 9 (createOrReplace at <unknown>:0) with 1 output partitions
[2025-12-09T07:35:29.112+0000] {subprocess.py:106} INFO - 25/12/09 07:35:29 INFO DAGScheduler: Final stage: ResultStage 17 (createOrReplace at <unknown>:0)
[2025-12-09T07:35:29.113+0000] {subprocess.py:106} INFO - 25/12/09 07:35:29 INFO DAGScheduler: Parents of final stage: List(ShuffleMapStage 16)
[2025-12-09T07:35:29.113+0000] {subprocess.py:106} INFO - 25/12/09 07:35:29 INFO DAGScheduler: Missing parents: List()
[2025-12-09T07:35:29.114+0000] {subprocess.py:106} INFO - 25/12/09 07:35:29 INFO DAGScheduler: Submitting ResultStage 17 (MapPartitionsRDD[35] at createOrReplace at <unknown>:0), which has no missing parents
[2025-12-09T07:35:29.133+0000] {subprocess.py:106} INFO - 25/12/09 07:35:29 INFO MemoryStore: Block broadcast_16 stored as values in memory (estimated size 65.9 KiB, free 434.2 MiB)
[2025-12-09T07:35:29.135+0000] {subprocess.py:106} INFO - 25/12/09 07:35:29 INFO MemoryStore: Block broadcast_16_piece0 stored as bytes in memory (estimated size 26.8 KiB, free 434.1 MiB)
[2025-12-09T07:35:29.137+0000] {subprocess.py:106} INFO - 25/12/09 07:35:29 INFO BlockManagerInfo: Added broadcast_16_piece0 in memory on 65f44b4fd513:33131 (size: 26.8 KiB, free: 434.3 MiB)
[2025-12-09T07:35:29.138+0000] {subprocess.py:106} INFO - 25/12/09 07:35:29 INFO SparkContext: Created broadcast 16 from broadcast at DAGScheduler.scala:1585
[2025-12-09T07:35:29.139+0000] {subprocess.py:106} INFO - 25/12/09 07:35:29 INFO DAGScheduler: Submitting 1 missing tasks from ResultStage 17 (MapPartitionsRDD[35] at createOrReplace at <unknown>:0) (first 15 tasks are for partitions Vector(0))
[2025-12-09T07:35:29.140+0000] {subprocess.py:106} INFO - 25/12/09 07:35:29 INFO TaskSchedulerImpl: Adding task set 17.0 with 1 tasks resource profile 0
[2025-12-09T07:35:29.141+0000] {subprocess.py:106} INFO - 25/12/09 07:35:29 INFO TaskSetManager: Starting task 0.0 in stage 17.0 (TID 39) (172.30.0.9, executor 0, partition 0, NODE_LOCAL, 9331 bytes)
[2025-12-09T07:35:29.168+0000] {subprocess.py:106} INFO - 25/12/09 07:35:29 INFO BlockManagerInfo: Added broadcast_16_piece0 in memory on 172.30.0.9:45613 (size: 26.8 KiB, free: 434.3 MiB)
[2025-12-09T07:35:29.201+0000] {subprocess.py:106} INFO - 25/12/09 07:35:29 INFO MapOutputTrackerMasterEndpoint: Asked to send map output locations for shuffle 5 to 172.30.0.9:55864
[2025-12-09T07:35:29.514+0000] {subprocess.py:106} INFO - 25/12/09 07:35:29 INFO BlockManagerInfo: Added broadcast_15_piece0 in memory on 172.30.0.9:45613 (size: 29.6 KiB, free: 434.3 MiB)
[2025-12-09T07:35:30.325+0000] {subprocess.py:106} INFO - 25/12/09 07:35:30 INFO TaskSetManager: Finished task 0.0 in stage 17.0 (TID 39) in 1186 ms on 172.30.0.9 (executor 0) (1/1)
[2025-12-09T07:35:30.327+0000] {subprocess.py:106} INFO - 25/12/09 07:35:30 INFO TaskSchedulerImpl: Removed TaskSet 17.0, whose tasks have all completed, from pool
[2025-12-09T07:35:30.327+0000] {subprocess.py:106} INFO - 25/12/09 07:35:30 INFO DAGScheduler: ResultStage 17 (createOrReplace at <unknown>:0) finished in 1.204 s
[2025-12-09T07:35:30.328+0000] {subprocess.py:106} INFO - 25/12/09 07:35:30 INFO DAGScheduler: Job 9 is finished. Cancelling potential speculative or zombie tasks for this job
[2025-12-09T07:35:30.329+0000] {subprocess.py:106} INFO - 25/12/09 07:35:30 INFO TaskSchedulerImpl: Killing all running tasks in stage 17: Stage finished
[2025-12-09T07:35:30.329+0000] {subprocess.py:106} INFO - 25/12/09 07:35:30 INFO DAGScheduler: Job 9 finished: createOrReplace at <unknown>:0, took 1.219793 s
[2025-12-09T07:35:30.330+0000] {subprocess.py:106} INFO - 25/12/09 07:35:30 INFO AppendDataExec: Data source write support IcebergBatchWrite(table=silver.it_jobs_clean, format=PARQUET) is committing.
[2025-12-09T07:35:30.355+0000] {subprocess.py:106} INFO - 25/12/09 07:35:30 INFO SparkWrite: Committing append with 1 new data files to table silver.it_jobs_clean
[2025-12-09T07:35:30.664+0000] {subprocess.py:106} INFO - 25/12/09 07:35:30 INFO SnapshotProducer: Committed snapshot 5571664763668568860 (MergeAppend)
[2025-12-09T07:35:30.694+0000] {subprocess.py:106} INFO - 25/12/09 07:35:30 INFO LoggingMetricsReporter: Received metrics report: CommitReport{tableName=silver.it_jobs_clean, snapshotId=5571664763668568860, sequenceNumber=44, operation=append, commitMetrics=CommitMetricsResult{totalDuration=TimerResult{timeUnit=NANOSECONDS, totalDuration=PT0.328881882S, count=1}, attempts=CounterResult{unit=COUNT, value=1}, addedDataFiles=CounterResult{unit=COUNT, value=1}, removedDataFiles=null, totalDataFiles=CounterResult{unit=COUNT, value=1}, addedDeleteFiles=null, addedEqualityDeleteFiles=null, addedPositionalDeleteFiles=null, removedDeleteFiles=null, removedEqualityDeleteFiles=null, removedPositionalDeleteFiles=null, totalDeleteFiles=CounterResult{unit=COUNT, value=0}, addedRecords=CounterResult{unit=COUNT, value=6149}, removedRecords=null, totalRecords=CounterResult{unit=COUNT, value=6149}, addedFilesSizeInBytes=CounterResult{unit=BYTES, value=196049}, removedFilesSizeInBytes=null, totalFilesSizeInBytes=CounterResult{unit=BYTES, value=196049}, addedPositionalDeletes=null, removedPositionalDeletes=null, totalPositionalDeletes=CounterResult{unit=COUNT, value=0}, addedEqualityDeletes=null, removedEqualityDeletes=null, totalEqualityDeletes=CounterResult{unit=COUNT, value=0}}, metadata={engine-version=3.5.3, app-id=app-20251209073450-0003, engine-name=spark, iceberg-version=Apache Iceberg 1.6.1 (commit 8e9d59d299be42b0bca9461457cd1e95dbaad086)}}
[2025-12-09T07:35:30.694+0000] {subprocess.py:106} INFO - 25/12/09 07:35:30 INFO SparkWrite: Committed in 336 ms
[2025-12-09T07:35:30.695+0000] {subprocess.py:106} INFO - 25/12/09 07:35:30 INFO AppendDataExec: Data source write support IcebergBatchWrite(table=silver.it_jobs_clean, format=PARQUET) committed.
[2025-12-09T07:35:31.025+0000] {subprocess.py:106} INFO - 25/12/09 07:35:31 INFO BlockManagerInfo: Removed broadcast_16_piece0 on 65f44b4fd513:33131 in memory (size: 26.8 KiB, free: 434.3 MiB)
[2025-12-09T07:35:31.028+0000] {subprocess.py:106} INFO - 25/12/09 07:35:31 INFO BlockManagerInfo: Removed broadcast_16_piece0 on 172.30.0.9:45613 in memory (size: 26.8 KiB, free: 434.3 MiB)
[2025-12-09T07:35:31.037+0000] {subprocess.py:106} INFO - 25/12/09 07:35:31 INFO BlockManagerInfo: Removed broadcast_15_piece0 on 65f44b4fd513:33131 in memory (size: 29.6 KiB, free: 434.3 MiB)
[2025-12-09T07:35:31.040+0000] {subprocess.py:106} INFO - 25/12/09 07:35:31 INFO BlockManagerInfo: Removed broadcast_15_piece0 on 172.30.0.9:45613 in memory (size: 29.6 KiB, free: 434.4 MiB)
[2025-12-09T07:35:31.117+0000] {subprocess.py:106} INFO - 25/12/09 07:35:31 INFO HiveTableOperations: Committed to table hive_catalog.silver.it_jobs_clean with the new metadata location hdfs://dinhhoa-master:9000/user/ndh/warehouse/silver.db/it_jobs_clean/metadata/00043-5a7a6a16-7d49-4c79-9552-d56327457cc6.metadata.json
[2025-12-09T07:35:31.118+0000] {subprocess.py:106} INFO - 25/12/09 07:35:31 INFO BaseMetastoreTableOperations: Successfully committed to table hive_catalog.silver.it_jobs_clean in 399 ms
[2025-12-09T07:35:31.128+0000] {subprocess.py:106} INFO - >>> SUCCESS: Silver table has been fully overwritten and cleaned.
[2025-12-09T07:35:31.129+0000] {subprocess.py:106} INFO - 25/12/09 07:35:31 INFO SparkContext: SparkContext is stopping with exitCode 0.
[2025-12-09T07:35:31.144+0000] {subprocess.py:106} INFO - 25/12/09 07:35:31 INFO SparkUI: Stopped Spark web UI at http://65f44b4fd513:4040
[2025-12-09T07:35:31.153+0000] {subprocess.py:106} INFO - 25/12/09 07:35:31 INFO StandaloneSchedulerBackend: Shutting down all executors
[2025-12-09T07:35:31.155+0000] {subprocess.py:106} INFO - 25/12/09 07:35:31 INFO StandaloneSchedulerBackend$StandaloneDriverEndpoint: Asking each executor to shut down
[2025-12-09T07:35:31.193+0000] {subprocess.py:106} INFO - 25/12/09 07:35:31 INFO MapOutputTrackerMasterEndpoint: MapOutputTrackerMasterEndpoint stopped!
[2025-12-09T07:35:31.215+0000] {subprocess.py:106} INFO - 25/12/09 07:35:31 INFO MemoryStore: MemoryStore cleared
[2025-12-09T07:35:31.216+0000] {subprocess.py:106} INFO - 25/12/09 07:35:31 INFO BlockManager: BlockManager stopped
[2025-12-09T07:35:31.220+0000] {subprocess.py:106} INFO - 25/12/09 07:35:31 INFO BlockManagerMaster: BlockManagerMaster stopped
[2025-12-09T07:35:31.232+0000] {subprocess.py:106} INFO - 25/12/09 07:35:31 INFO OutputCommitCoordinator$OutputCommitCoordinatorEndpoint: OutputCommitCoordinator stopped!
[2025-12-09T07:35:31.259+0000] {subprocess.py:106} INFO - 25/12/09 07:35:31 INFO SparkContext: Successfully stopped SparkContext
[2025-12-09T07:35:31.743+0000] {subprocess.py:106} INFO - 25/12/09 07:35:31 INFO ShutdownHookManager: Shutdown hook called
[2025-12-09T07:35:31.743+0000] {subprocess.py:106} INFO - 25/12/09 07:35:31 INFO ShutdownHookManager: Deleting directory /tmp/spark-50fa6c07-4c7f-42d8-889a-87c9e414b9eb
[2025-12-09T07:35:31.746+0000] {subprocess.py:106} INFO - 25/12/09 07:35:31 INFO ShutdownHookManager: Deleting directory /tmp/spark-50fa6c07-4c7f-42d8-889a-87c9e414b9eb/pyspark-88c5a92b-e3d1-40aa-97a3-71cb67ec9e34
[2025-12-09T07:35:31.749+0000] {subprocess.py:106} INFO - 25/12/09 07:35:31 INFO ShutdownHookManager: Deleting directory /tmp/spark-f56d5f9e-e05f-4232-9f3e-e3683b8d5696
[2025-12-09T07:35:31.854+0000] {subprocess.py:110} INFO - Command exited with return code 0
[2025-12-09T07:35:31.940+0000] {taskinstance.py:341} INFO - ::group::Post task execution logs
[2025-12-09T07:35:31.941+0000] {taskinstance.py:353} INFO - Marking task as SUCCESS. dag_id=crawl_etl_itjob, task_id=clean_silver, run_id=scheduled__2025-12-08T02:00:00+00:00, execution_date=20251208T020000, start_date=20251209T073442, end_date=20251209T073531
[2025-12-09T07:35:32.068+0000] {local_task_job_runner.py:266} INFO - Task exited with return code 0
[2025-12-09T07:35:32.114+0000] {taskinstance.py:3901} INFO - 1 downstream tasks scheduled from follow-on schedule check
[2025-12-09T07:35:32.116+0000] {local_task_job_runner.py:245} INFO - ::endgroup::
