[2025-12-09T11:28:32.488+0000] {local_task_job_runner.py:123} INFO - ::group::Pre task execution logs
[2025-12-09T11:28:32.534+0000] {taskinstance.py:2614} INFO - Dependencies all met for dep_context=non-requeueable deps ti=<TaskInstance: crawl_etl_itjob.clean_silver scheduled__2025-12-08T02:00:00+00:00 [queued]>
[2025-12-09T11:28:32.547+0000] {taskinstance.py:2614} INFO - Dependencies all met for dep_context=requeueable deps ti=<TaskInstance: crawl_etl_itjob.clean_silver scheduled__2025-12-08T02:00:00+00:00 [queued]>
[2025-12-09T11:28:32.548+0000] {taskinstance.py:2867} INFO - Starting attempt 13 of 14
[2025-12-09T11:28:32.564+0000] {taskinstance.py:2890} INFO - Executing <Task(BashOperator): clean_silver> on 2025-12-08 02:00:00+00:00
[2025-12-09T11:28:32.569+0000] {standard_task_runner.py:72} INFO - Started process 175 to run task
[2025-12-09T11:28:32.574+0000] {standard_task_runner.py:104} INFO - Running: ['***', 'tasks', 'run', 'crawl_etl_itjob', 'clean_silver', 'scheduled__2025-12-08T02:00:00+00:00', '--job-id', '337', '--raw', '--subdir', 'DAGS_FOLDER/Crawl_ETL_ITJob.py', '--cfg-path', '/tmp/tmp1pg9xccc']
[2025-12-09T11:28:32.578+0000] {standard_task_runner.py:105} INFO - Job 337: Subtask clean_silver
[2025-12-09T11:28:32.607+0000] {warnings.py:109} WARNING - /home/***/.local/lib/python3.8/site-packages/***/settings.py:209: DeprecationWarning: The sql_alchemy_conn option in [core] has been moved to the sql_alchemy_conn option in [database] - the old setting has been used, but please update your config.
  SQL_ALCHEMY_CONN = conf.get("database", "SQL_ALCHEMY_CONN")

[2025-12-09T11:28:32.690+0000] {task_command.py:467} INFO - Running <TaskInstance: crawl_etl_itjob.clean_silver scheduled__2025-12-08T02:00:00+00:00 [running]> on host a1de7f96d4f1
[2025-12-09T11:28:32.691+0000] {warnings.py:109} WARNING - /home/***/.local/lib/python3.8/site-packages/***/settings.py:470: DeprecationWarning: The sql_alchemy_conn option in [core] has been moved to the sql_alchemy_conn option in [database] - the old setting has been used, but please update your config.
  if conf.get("database", "sql_alchemy_conn") == "none://":

[2025-12-09T11:28:32.858+0000] {taskinstance.py:3134} INFO - Exporting env vars: AIRFLOW_CTX_DAG_EMAIL='alert@datateam.local' AIRFLOW_CTX_DAG_OWNER='***' AIRFLOW_CTX_DAG_ID='crawl_etl_itjob' AIRFLOW_CTX_TASK_ID='clean_silver' AIRFLOW_CTX_EXECUTION_DATE='2025-12-08T02:00:00+00:00' AIRFLOW_CTX_TRY_NUMBER='13' AIRFLOW_CTX_DAG_RUN_ID='scheduled__2025-12-08T02:00:00+00:00'
[2025-12-09T11:28:32.860+0000] {taskinstance.py:732} INFO - ::endgroup::
[2025-12-09T11:28:32.881+0000] {subprocess.py:78} INFO - Tmp dir root location: /tmp
[2025-12-09T11:28:32.884+0000] {subprocess.py:88} INFO - Running command: ['/bin/bash', '-c', "\n        docker exec spark-submit bash -c '\n        /opt/spark/bin/spark-submit         --master spark://spark-master:7077         --deploy-mode client         --packages org.apache.iceberg:iceberg-spark-runtime-3.5_2.12:1.5.0         /opt/spark/scripts/Clean_Silver.py\n        '\n        "]
[2025-12-09T11:28:32.895+0000] {subprocess.py:99} INFO - Output:
[2025-12-09T11:28:35.394+0000] {subprocess.py:106} INFO - :: loading settings :: url = jar:file:/opt/spark/jars/ivy-2.5.1.jar!/org/apache/ivy/core/settings/ivysettings.xml
[2025-12-09T11:28:35.483+0000] {subprocess.py:106} INFO - Ivy Default Cache set to: /home/spark/.ivy2/cache
[2025-12-09T11:28:35.484+0000] {subprocess.py:106} INFO - The jars for the packages stored in: /home/spark/.ivy2/jars
[2025-12-09T11:28:35.488+0000] {subprocess.py:106} INFO - org.apache.iceberg#iceberg-spark-runtime-3.5_2.12 added as a dependency
[2025-12-09T11:28:35.489+0000] {subprocess.py:106} INFO - :: resolving dependencies :: org.apache.spark#spark-submit-parent-4137f1c6-de20-43cf-8e33-802b222a962a;1.0
[2025-12-09T11:28:35.489+0000] {subprocess.py:106} INFO - 	confs: [default]
[2025-12-09T11:28:35.610+0000] {subprocess.py:106} INFO - 	found org.apache.iceberg#iceberg-spark-runtime-3.5_2.12;1.5.0 in central
[2025-12-09T11:28:35.625+0000] {subprocess.py:106} INFO - :: resolution report :: resolve 132ms :: artifacts dl 4ms
[2025-12-09T11:28:35.629+0000] {subprocess.py:106} INFO - 	:: modules in use:
[2025-12-09T11:28:35.630+0000] {subprocess.py:106} INFO - 	org.apache.iceberg#iceberg-spark-runtime-3.5_2.12;1.5.0 from central in [default]
[2025-12-09T11:28:35.631+0000] {subprocess.py:106} INFO - 	---------------------------------------------------------------------
[2025-12-09T11:28:35.631+0000] {subprocess.py:106} INFO - 	|                  |            modules            ||   artifacts   |
[2025-12-09T11:28:35.632+0000] {subprocess.py:106} INFO - 	|       conf       | number| search|dwnlded|evicted|| number|dwnlded|
[2025-12-09T11:28:35.632+0000] {subprocess.py:106} INFO - 	---------------------------------------------------------------------
[2025-12-09T11:28:35.633+0000] {subprocess.py:106} INFO - 	|      default     |   1   |   0   |   0   |   0   ||   1   |   0   |
[2025-12-09T11:28:35.633+0000] {subprocess.py:106} INFO - 	---------------------------------------------------------------------
[2025-12-09T11:28:35.634+0000] {subprocess.py:106} INFO - :: retrieving :: org.apache.spark#spark-submit-parent-4137f1c6-de20-43cf-8e33-802b222a962a
[2025-12-09T11:28:35.634+0000] {subprocess.py:106} INFO - 	confs: [default]
[2025-12-09T11:28:35.635+0000] {subprocess.py:106} INFO - 	0 artifacts copied, 1 already retrieved (0kB/6ms)
[2025-12-09T11:28:35.920+0000] {subprocess.py:106} INFO - 25/12/09 11:28:35 WARN NativeCodeLoader: Unable to load native-hadoop library for your platform... using builtin-java classes where applicable
[2025-12-09T11:28:36.965+0000] {subprocess.py:106} INFO - 25/12/09 11:28:36 INFO SparkContext: Running Spark version 3.5.3
[2025-12-09T11:28:36.966+0000] {subprocess.py:106} INFO - 25/12/09 11:28:36 INFO SparkContext: OS info Linux, 6.6.87.2-microsoft-standard-WSL2, amd64
[2025-12-09T11:28:36.967+0000] {subprocess.py:106} INFO - 25/12/09 11:28:36 INFO SparkContext: Java version 11.0.24
[2025-12-09T11:28:36.995+0000] {subprocess.py:106} INFO - 25/12/09 11:28:36 INFO ResourceUtils: ==============================================================
[2025-12-09T11:28:36.995+0000] {subprocess.py:106} INFO - 25/12/09 11:28:36 INFO ResourceUtils: No custom resources configured for spark.driver.
[2025-12-09T11:28:36.996+0000] {subprocess.py:106} INFO - 25/12/09 11:28:36 INFO ResourceUtils: ==============================================================
[2025-12-09T11:28:36.997+0000] {subprocess.py:106} INFO - 25/12/09 11:28:36 INFO SparkContext: Submitted application: Silver_Array_Location_Optimization
[2025-12-09T11:28:37.026+0000] {subprocess.py:106} INFO - 25/12/09 11:28:37 INFO ResourceProfile: Default ResourceProfile created, executor resources: Map(memory -> name: memory, amount: 1024, script: , vendor: , offHeap -> name: offHeap, amount: 0, script: , vendor: ), task resources: Map(cpus -> name: cpus, amount: 1.0)
[2025-12-09T11:28:37.037+0000] {subprocess.py:106} INFO - 25/12/09 11:28:37 INFO ResourceProfile: Limiting resource is cpu
[2025-12-09T11:28:37.038+0000] {subprocess.py:106} INFO - 25/12/09 11:28:37 INFO ResourceProfileManager: Added ResourceProfile id: 0
[2025-12-09T11:28:37.122+0000] {subprocess.py:106} INFO - 25/12/09 11:28:37 INFO SecurityManager: Changing view acls to: spark
[2025-12-09T11:28:37.123+0000] {subprocess.py:106} INFO - 25/12/09 11:28:37 INFO SecurityManager: Changing modify acls to: spark
[2025-12-09T11:28:37.124+0000] {subprocess.py:106} INFO - 25/12/09 11:28:37 INFO SecurityManager: Changing view acls groups to:
[2025-12-09T11:28:37.126+0000] {subprocess.py:106} INFO - 25/12/09 11:28:37 INFO SecurityManager: Changing modify acls groups to:
[2025-12-09T11:28:37.132+0000] {subprocess.py:106} INFO - 25/12/09 11:28:37 INFO SecurityManager: SecurityManager: authentication disabled; ui acls disabled; users with view permissions: spark; groups with view permissions: EMPTY; users with modify permissions: spark; groups with modify permissions: EMPTY
[2025-12-09T11:28:37.509+0000] {subprocess.py:106} INFO - 25/12/09 11:28:37 INFO Utils: Successfully started service 'sparkDriver' on port 43947.
[2025-12-09T11:28:37.556+0000] {subprocess.py:106} INFO - 25/12/09 11:28:37 INFO SparkEnv: Registering MapOutputTracker
[2025-12-09T11:28:37.601+0000] {subprocess.py:106} INFO - 25/12/09 11:28:37 INFO SparkEnv: Registering BlockManagerMaster
[2025-12-09T11:28:37.627+0000] {subprocess.py:106} INFO - 25/12/09 11:28:37 INFO BlockManagerMasterEndpoint: Using org.apache.spark.storage.DefaultTopologyMapper for getting topology information
[2025-12-09T11:28:37.628+0000] {subprocess.py:106} INFO - 25/12/09 11:28:37 INFO BlockManagerMasterEndpoint: BlockManagerMasterEndpoint up
[2025-12-09T11:28:37.634+0000] {subprocess.py:106} INFO - 25/12/09 11:28:37 INFO SparkEnv: Registering BlockManagerMasterHeartbeat
[2025-12-09T11:28:37.679+0000] {subprocess.py:106} INFO - 25/12/09 11:28:37 INFO DiskBlockManager: Created local directory at /tmp/blockmgr-31d76b92-9f8b-4393-a2ce-6448a00182ae
[2025-12-09T11:28:37.700+0000] {subprocess.py:106} INFO - 25/12/09 11:28:37 INFO MemoryStore: MemoryStore started with capacity 434.4 MiB
[2025-12-09T11:28:37.722+0000] {subprocess.py:106} INFO - 25/12/09 11:28:37 INFO SparkEnv: Registering OutputCommitCoordinator
[2025-12-09T11:28:37.923+0000] {subprocess.py:106} INFO - 25/12/09 11:28:37 INFO JettyUtils: Start Jetty 0.0.0.0:4040 for SparkUI
[2025-12-09T11:28:37.993+0000] {subprocess.py:106} INFO - 25/12/09 11:28:37 WARN Utils: Service 'SparkUI' could not bind on port 4040. Attempting port 4041.
[2025-12-09T11:28:38.004+0000] {subprocess.py:106} INFO - 25/12/09 11:28:38 INFO Utils: Successfully started service 'SparkUI' on port 4041.
[2025-12-09T11:28:38.083+0000] {subprocess.py:106} INFO - 25/12/09 11:28:38 INFO SparkContext: Added JAR file:///home/spark/.ivy2/jars/org.apache.iceberg_iceberg-spark-runtime-3.5_2.12-1.5.0.jar at spark://65f44b4fd513:43947/jars/org.apache.iceberg_iceberg-spark-runtime-3.5_2.12-1.5.0.jar with timestamp 1765279716953
[2025-12-09T11:28:38.089+0000] {subprocess.py:106} INFO - 25/12/09 11:28:38 INFO SparkContext: Added file file:///home/spark/.ivy2/jars/org.apache.iceberg_iceberg-spark-runtime-3.5_2.12-1.5.0.jar at spark://65f44b4fd513:43947/files/org.apache.iceberg_iceberg-spark-runtime-3.5_2.12-1.5.0.jar with timestamp 1765279716953
[2025-12-09T11:28:38.091+0000] {subprocess.py:106} INFO - 25/12/09 11:28:38 INFO Utils: Copying /home/spark/.ivy2/jars/org.apache.iceberg_iceberg-spark-runtime-3.5_2.12-1.5.0.jar to /tmp/spark-294d9691-29e4-4c89-866a-1c4d71bf2a21/userFiles-5b924472-b3cf-4b64-b3d9-61d2a0fbbac6/org.apache.iceberg_iceberg-spark-runtime-3.5_2.12-1.5.0.jar
[2025-12-09T11:28:38.330+0000] {subprocess.py:106} INFO - 25/12/09 11:28:38 INFO StandaloneAppClient$ClientEndpoint: Connecting to master spark://spark-master:7077...
[2025-12-09T11:28:38.385+0000] {subprocess.py:106} INFO - 25/12/09 11:28:38 INFO TransportClientFactory: Successfully created connection to spark-master/172.30.0.6:7077 after 35 ms (0 ms spent in bootstraps)
[2025-12-09T11:28:38.495+0000] {subprocess.py:106} INFO - 25/12/09 11:28:38 INFO StandaloneSchedulerBackend: Connected to Spark cluster with app ID app-20251209112838-0011
[2025-12-09T11:28:38.507+0000] {subprocess.py:106} INFO - 25/12/09 11:28:38 INFO Utils: Successfully started service 'org.apache.spark.network.netty.NettyBlockTransferService' on port 42753.
[2025-12-09T11:28:38.508+0000] {subprocess.py:106} INFO - 25/12/09 11:28:38 INFO NettyBlockTransferService: Server created on 65f44b4fd513:42753
[2025-12-09T11:28:38.510+0000] {subprocess.py:106} INFO - 25/12/09 11:28:38 INFO BlockManager: Using org.apache.spark.storage.RandomBlockReplicationPolicy for block replication policy
[2025-12-09T11:28:38.518+0000] {subprocess.py:106} INFO - 25/12/09 11:28:38 INFO BlockManagerMaster: Registering BlockManager BlockManagerId(driver, 65f44b4fd513, 42753, None)
[2025-12-09T11:28:38.522+0000] {subprocess.py:106} INFO - 25/12/09 11:28:38 INFO BlockManagerMasterEndpoint: Registering block manager 65f44b4fd513:42753 with 434.4 MiB RAM, BlockManagerId(driver, 65f44b4fd513, 42753, None)
[2025-12-09T11:28:38.525+0000] {subprocess.py:106} INFO - 25/12/09 11:28:38 INFO BlockManagerMaster: Registered BlockManager BlockManagerId(driver, 65f44b4fd513, 42753, None)
[2025-12-09T11:28:38.526+0000] {subprocess.py:106} INFO - 25/12/09 11:28:38 INFO BlockManager: Initialized BlockManager: BlockManagerId(driver, 65f44b4fd513, 42753, None)
[2025-12-09T11:28:38.789+0000] {subprocess.py:106} INFO - 25/12/09 11:28:38 INFO StandaloneSchedulerBackend: SchedulerBackend is ready for scheduling beginning after reached minRegisteredResourcesRatio: 0.0
[2025-12-09T11:28:39.223+0000] {subprocess.py:106} INFO - 25/12/09 11:28:39 INFO SharedState: Setting hive.metastore.warehouse.dir ('null') to the value of spark.sql.warehouse.dir.
[2025-12-09T11:28:39.228+0000] {subprocess.py:106} INFO - 25/12/09 11:28:39 INFO SharedState: Warehouse path is 'file:/opt/spark/work-dir/spark-warehouse'.
[2025-12-09T11:28:41.588+0000] {subprocess.py:106} INFO - 25/12/09 11:28:41 INFO HiveConf: Found configuration file null
[2025-12-09T11:28:41.819+0000] {subprocess.py:106} INFO - 25/12/09 11:28:41 INFO metastore: Trying to connect to metastore with URI thrift://hive-metastore:9083
[2025-12-09T11:28:41.850+0000] {subprocess.py:106} INFO - 25/12/09 11:28:41 INFO metastore: Opened a connection to metastore, current connections: 1
[2025-12-09T11:28:41.901+0000] {subprocess.py:106} INFO - 25/12/09 11:28:41 INFO metastore: Connected to metastore.
[2025-12-09T11:28:42.249+0000] {subprocess.py:106} INFO - 25/12/09 11:28:42 INFO BaseMetastoreTableOperations: Refreshing table metadata from new version: hdfs://dinhhoa-master:9000/user/ndh/warehouse/silver.db/it_jobs_clean/metadata/00044-7000a88f-dfff-4ca0-87af-736c314facdd.metadata.json
[2025-12-09T11:28:42.815+0000] {local_task_job_runner.py:346} WARNING - State of this instance has been externally set to restarting. Terminating instance.
[2025-12-09T11:28:42.816+0000] {local_task_job_runner.py:245} INFO - ::endgroup::
[2025-12-09T11:28:42.818+0000] {process_utils.py:132} INFO - Sending 15 to group 175. PIDs of all processes in the group: [177, 178, 175]
[2025-12-09T11:28:42.819+0000] {process_utils.py:87} INFO - Sending the signal 15 to group 175
[2025-12-09T11:28:42.820+0000] {taskinstance.py:3094} ERROR - Received SIGTERM. Terminating subprocesses.
[2025-12-09T11:28:42.857+0000] {taskinstance.py:3095} ERROR - Stacktrace: 
  File "/home/***/.local/bin/***", line 8, in <module>
    sys.exit(main())
  File "/home/***/.local/lib/python3.8/site-packages/***/__main__.py", line 62, in main
    args.func(args)
  File "/home/***/.local/lib/python3.8/site-packages/***/cli/cli_config.py", line 49, in command
    return func(*args, **kwargs)
  File "/home/***/.local/lib/python3.8/site-packages/***/utils/cli.py", line 116, in wrapper
    return f(*args, **kwargs)
  File "/home/***/.local/lib/python3.8/site-packages/***/utils/providers_configuration_loader.py", line 55, in wrapped_function
    return func(*args, **kwargs)
  File "/home/***/.local/lib/python3.8/site-packages/***/cli/commands/celery_command.py", line 218, in worker
    run_command_with_daemon_option(
  File "/home/***/.local/lib/python3.8/site-packages/***/cli/commands/daemon_utils.py", line 86, in run_command_with_daemon_option
    callback()
  File "/home/***/.local/lib/python3.8/site-packages/***/cli/commands/celery_command.py", line 211, in run_celery_worker
    celery_app.worker_main(options)
  File "/home/***/.local/lib/python3.8/site-packages/celery/app/base.py", line 388, in worker_main
    self.start(argv=argv)
  File "/home/***/.local/lib/python3.8/site-packages/celery/app/base.py", line 368, in start
    celery.main(args=argv, standalone_mode=False)
  File "/home/***/.local/lib/python3.8/site-packages/click/core.py", line 1078, in main
    rv = self.invoke(ctx)
  File "/home/***/.local/lib/python3.8/site-packages/click/core.py", line 1688, in invoke
    return _process_result(sub_ctx.command.invoke(sub_ctx))
  File "/home/***/.local/lib/python3.8/site-packages/click/core.py", line 1434, in invoke
    return ctx.invoke(self.callback, **ctx.params)
  File "/home/***/.local/lib/python3.8/site-packages/click/core.py", line 783, in invoke
    return __callback(*args, **kwargs)
  File "/home/***/.local/lib/python3.8/site-packages/click/decorators.py", line 33, in new_func
    return f(get_current_context(), *args, **kwargs)
  File "/home/***/.local/lib/python3.8/site-packages/celery/bin/base.py", line 134, in caller
    return f(ctx, *args, **kwargs)
  File "/home/***/.local/lib/python3.8/site-packages/celery/bin/worker.py", line 356, in worker
    worker.start()
  File "/home/***/.local/lib/python3.8/site-packages/celery/worker/worker.py", line 202, in start
    self.blueprint.start(self)
  File "/home/***/.local/lib/python3.8/site-packages/celery/bootsteps.py", line 116, in start
    step.start(parent)
  File "/home/***/.local/lib/python3.8/site-packages/celery/bootsteps.py", line 365, in start
    return self.obj.start()
  File "/home/***/.local/lib/python3.8/site-packages/celery/concurrency/base.py", line 130, in start
    self.on_start()
  File "/home/***/.local/lib/python3.8/site-packages/celery/concurrency/prefork.py", line 109, in on_start
    P = self._pool = Pool(processes=self.limit,
  File "/home/***/.local/lib/python3.8/site-packages/celery/concurrency/asynpool.py", line 464, in __init__
    super().__init__(processes, *args, **kwargs)
  File "/home/***/.local/lib/python3.8/site-packages/billiard/pool.py", line 1045, in __init__
    self._create_worker_process(i)
  File "/home/***/.local/lib/python3.8/site-packages/celery/concurrency/asynpool.py", line 482, in _create_worker_process
    return super()._create_worker_process(i)
  File "/home/***/.local/lib/python3.8/site-packages/billiard/pool.py", line 1157, in _create_worker_process
    w.start()
  File "/home/***/.local/lib/python3.8/site-packages/billiard/process.py", line 120, in start
    self._popen = self._Popen(self)
  File "/home/***/.local/lib/python3.8/site-packages/billiard/context.py", line 331, in _Popen
    return Popen(process_obj)
  File "/home/***/.local/lib/python3.8/site-packages/billiard/popen_fork.py", line 22, in __init__
    self._launch(process_obj)
  File "/home/***/.local/lib/python3.8/site-packages/billiard/popen_fork.py", line 77, in _launch
    code = process_obj._bootstrap()
  File "/home/***/.local/lib/python3.8/site-packages/billiard/process.py", line 323, in _bootstrap
    self.run()
  File "/home/***/.local/lib/python3.8/site-packages/billiard/process.py", line 110, in run
    self._target(*self._args, **self._kwargs)
  File "/home/***/.local/lib/python3.8/site-packages/billiard/pool.py", line 291, in __call__
    sys.exit(self.workloop(pid=pid))
  File "/home/***/.local/lib/python3.8/site-packages/billiard/pool.py", line 361, in workloop
    result = (True, prepare_result(fun(*args, **kwargs)))
  File "/home/***/.local/lib/python3.8/site-packages/celery/app/trace.py", line 675, in fast_trace_task
    R, I, T, Rstr = tasks[task].__trace__(
  File "/home/***/.local/lib/python3.8/site-packages/celery/app/trace.py", line 477, in trace_task
    R = retval = fun(*args, **kwargs)
  File "/home/***/.local/lib/python3.8/site-packages/celery/app/trace.py", line 760, in __protected_call__
    return self.run(*args, **kwargs)
  File "/home/***/.local/lib/python3.8/site-packages/***/providers/celery/executors/celery_executor_utils.py", line 123, in execute_command
    _execute_in_fork(command_to_exec, celery_task_id)
  File "/home/***/.local/lib/python3.8/site-packages/***/providers/celery/executors/celery_executor_utils.py", line 157, in _execute_in_fork
    args.func(args)
  File "/home/***/.local/lib/python3.8/site-packages/***/cli/cli_config.py", line 49, in command
    return func(*args, **kwargs)
  File "/home/***/.local/lib/python3.8/site-packages/***/utils/cli.py", line 116, in wrapper
    return f(*args, **kwargs)
  File "/home/***/.local/lib/python3.8/site-packages/***/cli/commands/task_command.py", line 483, in task_run
    task_return_code = _run_task_by_selected_method(args, _dag, ti)
  File "/home/***/.local/lib/python3.8/site-packages/***/cli/commands/task_command.py", line 254, in _run_task_by_selected_method
    return _run_task_by_local_task_job(args, ti)
  File "/home/***/.local/lib/python3.8/site-packages/***/cli/commands/task_command.py", line 322, in _run_task_by_local_task_job
    ret = run_job(job=job_runner.job, execute_callable=job_runner._execute)
  File "/home/***/.local/lib/python3.8/site-packages/***/utils/session.py", line 97, in wrapper
    return func(*args, session=session, **kwargs)
  File "/home/***/.local/lib/python3.8/site-packages/***/jobs/job.py", line 421, in run_job
    return execute_job(job, execute_callable=execute_callable)
  File "/home/***/.local/lib/python3.8/site-packages/***/jobs/job.py", line 450, in execute_job
    ret = execute_callable()
  File "/home/***/.local/lib/python3.8/site-packages/***/jobs/local_task_job_runner.py", line 171, in _execute
    self.task_runner.start()
  File "/home/***/.local/lib/python3.8/site-packages/***/task/task_runner/standard_task_runner.py", line 55, in start
    self.process = self._start_by_fork()
  File "/home/***/.local/lib/python3.8/site-packages/***/task/task_runner/standard_task_runner.py", line 117, in _start_by_fork
    ret = args.func(args, dag=self.dag)
  File "/home/***/.local/lib/python3.8/site-packages/***/cli/cli_config.py", line 49, in command
    return func(*args, **kwargs)
  File "/home/***/.local/lib/python3.8/site-packages/***/utils/cli.py", line 116, in wrapper
    return f(*args, **kwargs)
  File "/home/***/.local/lib/python3.8/site-packages/***/cli/commands/task_command.py", line 483, in task_run
    task_return_code = _run_task_by_selected_method(args, _dag, ti)
  File "/home/***/.local/lib/python3.8/site-packages/***/cli/commands/task_command.py", line 256, in _run_task_by_selected_method
    return _run_raw_task(args, ti)
  File "/home/***/.local/lib/python3.8/site-packages/***/cli/commands/task_command.py", line 341, in _run_raw_task
    return ti._run_raw_task(
  File "/home/***/.local/lib/python3.8/site-packages/***/utils/session.py", line 97, in wrapper
    return func(*args, session=session, **kwargs)
  File "/home/***/.local/lib/python3.8/site-packages/***/models/taskinstance.py", line 3006, in _run_raw_task
    return _run_raw_task(
  File "/home/***/.local/lib/python3.8/site-packages/***/models/taskinstance.py", line 274, in _run_raw_task
    TaskInstance._execute_task_with_callbacks(
  File "/home/***/.local/lib/python3.8/site-packages/***/models/taskinstance.py", line 3161, in _execute_task_with_callbacks
    result = self._execute_task(context, task_orig)
  File "/home/***/.local/lib/python3.8/site-packages/***/models/taskinstance.py", line 3185, in _execute_task
    return _execute_task(self, context, task_orig)
  File "/home/***/.local/lib/python3.8/site-packages/***/models/taskinstance.py", line 763, in _execute_task
    result = _execute_callable(context=context, **execute_callable_kwargs)
  File "/home/***/.local/lib/python3.8/site-packages/***/models/taskinstance.py", line 734, in _execute_callable
    return ExecutionCallableRunner(
  File "/home/***/.local/lib/python3.8/site-packages/***/utils/operator_helpers.py", line 252, in run
    return self.func(*args, **kwargs)
  File "/home/***/.local/lib/python3.8/site-packages/***/models/baseoperator.py", line 424, in wrapper
    return func(self, *args, **kwargs)
  File "/home/***/.local/lib/python3.8/site-packages/***/operators/bash.py", line 257, in execute
    result = self._run_inline_command(bash_path=bash_path, env=env)
  File "/home/***/.local/lib/python3.8/site-packages/***/operators/bash.py", line 284, in _run_inline_command
    return self.subprocess_hook.run_command(
  File "/home/***/.local/lib/python3.8/site-packages/***/hooks/subprocess.py", line 104, in run_command
    for raw_line in iter(self.sub_process.stdout.readline, b""):
  File "/home/***/.local/lib/python3.8/site-packages/***/models/taskinstance.py", line 3095, in signal_handler
    self.log.error("Stacktrace: \n%s", "".join(traceback.format_stack()))

[2025-12-09T11:28:42.860+0000] {subprocess.py:117} INFO - Sending SIGTERM signal to process group
[2025-12-09T11:28:42.896+0000] {taskinstance.py:3313} ERROR - Task failed with exception
Traceback (most recent call last):
  File "/home/airflow/.local/lib/python3.8/site-packages/airflow/models/taskinstance.py", line 763, in _execute_task
    result = _execute_callable(context=context, **execute_callable_kwargs)
  File "/home/airflow/.local/lib/python3.8/site-packages/airflow/models/taskinstance.py", line 734, in _execute_callable
    return ExecutionCallableRunner(
  File "/home/airflow/.local/lib/python3.8/site-packages/airflow/utils/operator_helpers.py", line 252, in run
    return self.func(*args, **kwargs)
  File "/home/airflow/.local/lib/python3.8/site-packages/airflow/models/baseoperator.py", line 424, in wrapper
    return func(self, *args, **kwargs)
  File "/home/airflow/.local/lib/python3.8/site-packages/airflow/operators/bash.py", line 257, in execute
    result = self._run_inline_command(bash_path=bash_path, env=env)
  File "/home/airflow/.local/lib/python3.8/site-packages/airflow/operators/bash.py", line 284, in _run_inline_command
    return self.subprocess_hook.run_command(
  File "/home/airflow/.local/lib/python3.8/site-packages/airflow/hooks/subprocess.py", line 104, in run_command
    for raw_line in iter(self.sub_process.stdout.readline, b""):
  File "/home/airflow/.local/lib/python3.8/site-packages/airflow/models/taskinstance.py", line 3097, in signal_handler
    raise AirflowTaskTerminated("Task received SIGTERM signal")
airflow.exceptions.AirflowTaskTerminated: Task received SIGTERM signal
[2025-12-09T11:28:42.900+0000] {taskinstance.py:1226} INFO - Marking task as UP_FOR_RETRY. dag_id=crawl_etl_itjob, task_id=clean_silver, run_id=scheduled__2025-12-08T02:00:00+00:00, execution_date=20251208T020000, start_date=20251209T112832, end_date=20251209T112842
[2025-12-09T11:28:43.002+0000] {taskinstance.py:341} INFO - ::group::Post task execution logs
[2025-12-09T11:28:43.033+0000] {process_utils.py:80} INFO - Process psutil.Process(pid=175, status='terminated', exitcode=2, started='11:28:31') (175) terminated with exit code 2
[2025-12-09T11:28:43.035+0000] {process_utils.py:80} INFO - Process psutil.Process(pid=178, status='terminated', started='11:28:32') (178) terminated with exit code None
[2025-12-09T11:28:43.036+0000] {process_utils.py:80} INFO - Process psutil.Process(pid=177, status='terminated', started='11:28:32') (177) terminated with exit code None
