[2025-12-09T10:14:24.590+0000] {local_task_job_runner.py:123} INFO - ::group::Pre task execution logs
[2025-12-09T10:14:24.669+0000] {taskinstance.py:2614} INFO - Dependencies all met for dep_context=non-requeueable deps ti=<TaskInstance: crawl_etl_itjob.clean_silver scheduled__2025-12-08T02:00:00+00:00 [queued]>
[2025-12-09T10:14:24.685+0000] {taskinstance.py:2614} INFO - Dependencies all met for dep_context=requeueable deps ti=<TaskInstance: crawl_etl_itjob.clean_silver scheduled__2025-12-08T02:00:00+00:00 [queued]>
[2025-12-09T10:14:24.686+0000] {taskinstance.py:2867} INFO - Starting attempt 5 of 6
[2025-12-09T10:14:24.717+0000] {taskinstance.py:2890} INFO - Executing <Task(BashOperator): clean_silver> on 2025-12-08 02:00:00+00:00
[2025-12-09T10:14:24.723+0000] {standard_task_runner.py:72} INFO - Started process 187 to run task
[2025-12-09T10:14:24.731+0000] {standard_task_runner.py:104} INFO - Running: ['***', 'tasks', 'run', 'crawl_etl_itjob', 'clean_silver', 'scheduled__2025-12-08T02:00:00+00:00', '--job-id', '317', '--raw', '--subdir', 'DAGS_FOLDER/Crawl_ETL_ITJob.py', '--cfg-path', '/tmp/tmpuwit6bf6']
[2025-12-09T10:14:24.735+0000] {standard_task_runner.py:105} INFO - Job 317: Subtask clean_silver
[2025-12-09T10:14:24.778+0000] {warnings.py:109} WARNING - /home/***/.local/lib/python3.8/site-packages/***/settings.py:209: DeprecationWarning: The sql_alchemy_conn option in [core] has been moved to the sql_alchemy_conn option in [database] - the old setting has been used, but please update your config.
  SQL_ALCHEMY_CONN = conf.get("database", "SQL_ALCHEMY_CONN")

[2025-12-09T10:14:24.887+0000] {task_command.py:467} INFO - Running <TaskInstance: crawl_etl_itjob.clean_silver scheduled__2025-12-08T02:00:00+00:00 [running]> on host a1de7f96d4f1
[2025-12-09T10:14:24.888+0000] {warnings.py:109} WARNING - /home/***/.local/lib/python3.8/site-packages/***/settings.py:470: DeprecationWarning: The sql_alchemy_conn option in [core] has been moved to the sql_alchemy_conn option in [database] - the old setting has been used, but please update your config.
  if conf.get("database", "sql_alchemy_conn") == "none://":

[2025-12-09T10:14:25.089+0000] {taskinstance.py:3134} INFO - Exporting env vars: AIRFLOW_CTX_DAG_EMAIL='alert@datateam.local' AIRFLOW_CTX_DAG_OWNER='***' AIRFLOW_CTX_DAG_ID='crawl_etl_itjob' AIRFLOW_CTX_TASK_ID='clean_silver' AIRFLOW_CTX_EXECUTION_DATE='2025-12-08T02:00:00+00:00' AIRFLOW_CTX_TRY_NUMBER='5' AIRFLOW_CTX_DAG_RUN_ID='scheduled__2025-12-08T02:00:00+00:00'
[2025-12-09T10:14:25.092+0000] {taskinstance.py:732} INFO - ::endgroup::
[2025-12-09T10:14:25.166+0000] {subprocess.py:78} INFO - Tmp dir root location: /tmp
[2025-12-09T10:14:25.169+0000] {subprocess.py:88} INFO - Running command: ['/bin/bash', '-c', "\n        docker exec spark-submit bash -c '\n        /opt/spark/bin/spark-submit         --master spark://spark-master:7077         --deploy-mode client         --packages org.apache.iceberg:iceberg-spark-runtime-3.5_2.12:1.5.0         /opt/spark/scripts/Clean_Silver.py\n        '\n        "]
[2025-12-09T10:14:25.187+0000] {subprocess.py:99} INFO - Output:
[2025-12-09T10:14:28.722+0000] {subprocess.py:106} INFO - :: loading settings :: url = jar:file:/opt/spark/jars/ivy-2.5.1.jar!/org/apache/ivy/core/settings/ivysettings.xml
[2025-12-09T10:14:28.915+0000] {subprocess.py:106} INFO - Ivy Default Cache set to: /home/spark/.ivy2/cache
[2025-12-09T10:14:28.916+0000] {subprocess.py:106} INFO - The jars for the packages stored in: /home/spark/.ivy2/jars
[2025-12-09T10:14:28.924+0000] {subprocess.py:106} INFO - org.apache.iceberg#iceberg-spark-runtime-3.5_2.12 added as a dependency
[2025-12-09T10:14:28.927+0000] {subprocess.py:106} INFO - :: resolving dependencies :: org.apache.spark#spark-submit-parent-0c5d6a97-390b-4b8d-b547-c3ade15d4e6b;1.0
[2025-12-09T10:14:28.928+0000] {subprocess.py:106} INFO - 	confs: [default]
[2025-12-09T10:14:29.110+0000] {subprocess.py:106} INFO - 	found org.apache.iceberg#iceberg-spark-runtime-3.5_2.12;1.5.0 in central
[2025-12-09T10:14:29.129+0000] {subprocess.py:106} INFO - :: resolution report :: resolve 198ms :: artifacts dl 5ms
[2025-12-09T10:14:29.131+0000] {subprocess.py:106} INFO - 	:: modules in use:
[2025-12-09T10:14:29.131+0000] {subprocess.py:106} INFO - 	org.apache.iceberg#iceberg-spark-runtime-3.5_2.12;1.5.0 from central in [default]
[2025-12-09T10:14:29.132+0000] {subprocess.py:106} INFO - 	---------------------------------------------------------------------
[2025-12-09T10:14:29.133+0000] {subprocess.py:106} INFO - 	|                  |            modules            ||   artifacts   |
[2025-12-09T10:14:29.134+0000] {subprocess.py:106} INFO - 	|       conf       | number| search|dwnlded|evicted|| number|dwnlded|
[2025-12-09T10:14:29.135+0000] {subprocess.py:106} INFO - 	---------------------------------------------------------------------
[2025-12-09T10:14:29.135+0000] {subprocess.py:106} INFO - 	|      default     |   1   |   0   |   0   |   0   ||   1   |   0   |
[2025-12-09T10:14:29.136+0000] {subprocess.py:106} INFO - 	---------------------------------------------------------------------
[2025-12-09T10:14:29.137+0000] {subprocess.py:106} INFO - :: retrieving :: org.apache.spark#spark-submit-parent-0c5d6a97-390b-4b8d-b547-c3ade15d4e6b
[2025-12-09T10:14:29.137+0000] {subprocess.py:106} INFO - 	confs: [default]
[2025-12-09T10:14:29.142+0000] {subprocess.py:106} INFO - 	0 artifacts copied, 1 already retrieved (0kB/6ms)
[2025-12-09T10:14:29.439+0000] {subprocess.py:106} INFO - 25/12/09 10:14:29 WARN NativeCodeLoader: Unable to load native-hadoop library for your platform... using builtin-java classes where applicable
[2025-12-09T10:14:31.394+0000] {subprocess.py:106} INFO - 25/12/09 10:14:31 INFO SparkContext: Running Spark version 3.5.3
[2025-12-09T10:14:31.395+0000] {subprocess.py:106} INFO - 25/12/09 10:14:31 INFO SparkContext: OS info Linux, 6.6.87.2-microsoft-standard-WSL2, amd64
[2025-12-09T10:14:31.396+0000] {subprocess.py:106} INFO - 25/12/09 10:14:31 INFO SparkContext: Java version 11.0.24
[2025-12-09T10:14:31.429+0000] {subprocess.py:106} INFO - 25/12/09 10:14:31 INFO ResourceUtils: ==============================================================
[2025-12-09T10:14:31.430+0000] {subprocess.py:106} INFO - 25/12/09 10:14:31 INFO ResourceUtils: No custom resources configured for spark.driver.
[2025-12-09T10:14:31.430+0000] {subprocess.py:106} INFO - 25/12/09 10:14:31 INFO ResourceUtils: ==============================================================
[2025-12-09T10:14:31.431+0000] {subprocess.py:106} INFO - 25/12/09 10:14:31 INFO SparkContext: Submitted application: Silver_Fix_Keep_Original_Title
[2025-12-09T10:14:31.475+0000] {subprocess.py:106} INFO - 25/12/09 10:14:31 INFO ResourceProfile: Default ResourceProfile created, executor resources: Map(memory -> name: memory, amount: 1024, script: , vendor: , offHeap -> name: offHeap, amount: 0, script: , vendor: ), task resources: Map(cpus -> name: cpus, amount: 1.0)
[2025-12-09T10:14:31.510+0000] {subprocess.py:106} INFO - 25/12/09 10:14:31 INFO ResourceProfile: Limiting resource is cpu
[2025-12-09T10:14:31.511+0000] {subprocess.py:106} INFO - 25/12/09 10:14:31 INFO ResourceProfileManager: Added ResourceProfile id: 0
[2025-12-09T10:14:31.630+0000] {subprocess.py:106} INFO - 25/12/09 10:14:31 INFO SecurityManager: Changing view acls to: spark
[2025-12-09T10:14:31.632+0000] {subprocess.py:106} INFO - 25/12/09 10:14:31 INFO SecurityManager: Changing modify acls to: spark
[2025-12-09T10:14:31.635+0000] {subprocess.py:106} INFO - 25/12/09 10:14:31 INFO SecurityManager: Changing view acls groups to:
[2025-12-09T10:14:31.636+0000] {subprocess.py:106} INFO - 25/12/09 10:14:31 INFO SecurityManager: Changing modify acls groups to:
[2025-12-09T10:14:31.640+0000] {subprocess.py:106} INFO - 25/12/09 10:14:31 INFO SecurityManager: SecurityManager: authentication disabled; ui acls disabled; users with view permissions: spark; groups with view permissions: EMPTY; users with modify permissions: spark; groups with modify permissions: EMPTY
[2025-12-09T10:14:32.013+0000] {subprocess.py:106} INFO - 25/12/09 10:14:32 INFO Utils: Successfully started service 'sparkDriver' on port 43717.
[2025-12-09T10:14:32.086+0000] {subprocess.py:106} INFO - 25/12/09 10:14:32 INFO SparkEnv: Registering MapOutputTracker
[2025-12-09T10:14:32.156+0000] {subprocess.py:106} INFO - 25/12/09 10:14:32 INFO SparkEnv: Registering BlockManagerMaster
[2025-12-09T10:14:32.192+0000] {subprocess.py:106} INFO - 25/12/09 10:14:32 INFO BlockManagerMasterEndpoint: Using org.apache.spark.storage.DefaultTopologyMapper for getting topology information
[2025-12-09T10:14:32.193+0000] {subprocess.py:106} INFO - 25/12/09 10:14:32 INFO BlockManagerMasterEndpoint: BlockManagerMasterEndpoint up
[2025-12-09T10:14:32.204+0000] {subprocess.py:106} INFO - 25/12/09 10:14:32 INFO SparkEnv: Registering BlockManagerMasterHeartbeat
[2025-12-09T10:14:32.276+0000] {subprocess.py:106} INFO - 25/12/09 10:14:32 INFO DiskBlockManager: Created local directory at /tmp/blockmgr-564a5f65-6996-4e16-9009-df15aacd1738
[2025-12-09T10:14:32.303+0000] {subprocess.py:106} INFO - 25/12/09 10:14:32 INFO MemoryStore: MemoryStore started with capacity 434.4 MiB
[2025-12-09T10:14:32.330+0000] {subprocess.py:106} INFO - 25/12/09 10:14:32 INFO SparkEnv: Registering OutputCommitCoordinator
[2025-12-09T10:14:32.533+0000] {subprocess.py:106} INFO - 25/12/09 10:14:32 INFO JettyUtils: Start Jetty 0.0.0.0:4040 for SparkUI
[2025-12-09T10:14:32.616+0000] {subprocess.py:106} INFO - 25/12/09 10:14:32 INFO Utils: Successfully started service 'SparkUI' on port 4040.
[2025-12-09T10:14:32.669+0000] {subprocess.py:106} INFO - 25/12/09 10:14:32 INFO SparkContext: Added JAR file:///home/spark/.ivy2/jars/org.apache.iceberg_iceberg-spark-runtime-3.5_2.12-1.5.0.jar at spark://65f44b4fd513:43717/jars/org.apache.iceberg_iceberg-spark-runtime-3.5_2.12-1.5.0.jar with timestamp 1765275271380
[2025-12-09T10:14:32.675+0000] {subprocess.py:106} INFO - 25/12/09 10:14:32 INFO SparkContext: Added file file:///home/spark/.ivy2/jars/org.apache.iceberg_iceberg-spark-runtime-3.5_2.12-1.5.0.jar at spark://65f44b4fd513:43717/files/org.apache.iceberg_iceberg-spark-runtime-3.5_2.12-1.5.0.jar with timestamp 1765275271380
[2025-12-09T10:14:32.678+0000] {subprocess.py:106} INFO - 25/12/09 10:14:32 INFO Utils: Copying /home/spark/.ivy2/jars/org.apache.iceberg_iceberg-spark-runtime-3.5_2.12-1.5.0.jar to /tmp/spark-a28c6fb9-e02e-4165-b100-d3befdd71e4b/userFiles-2018fe9c-12ca-404c-8c8d-865eeb98c3ae/org.apache.iceberg_iceberg-spark-runtime-3.5_2.12-1.5.0.jar
[2025-12-09T10:14:33.001+0000] {subprocess.py:106} INFO - 25/12/09 10:14:32 INFO StandaloneAppClient$ClientEndpoint: Connecting to master spark://spark-master:7077...
[2025-12-09T10:14:33.072+0000] {subprocess.py:106} INFO - 25/12/09 10:14:33 INFO TransportClientFactory: Successfully created connection to spark-master/172.30.0.7:7077 after 43 ms (0 ms spent in bootstraps)
[2025-12-09T10:14:33.549+0000] {subprocess.py:106} INFO - 25/12/09 10:14:33 INFO StandaloneSchedulerBackend: Connected to Spark cluster with app ID app-20251209101433-0000
[2025-12-09T10:14:33.590+0000] {subprocess.py:106} INFO - 25/12/09 10:14:33 INFO Utils: Successfully started service 'org.apache.spark.network.netty.NettyBlockTransferService' on port 41595.
[2025-12-09T10:14:33.594+0000] {subprocess.py:106} INFO - 25/12/09 10:14:33 INFO NettyBlockTransferService: Server created on 65f44b4fd513:41595
[2025-12-09T10:14:33.596+0000] {subprocess.py:106} INFO - 25/12/09 10:14:33 INFO BlockManager: Using org.apache.spark.storage.RandomBlockReplicationPolicy for block replication policy
[2025-12-09T10:14:33.617+0000] {subprocess.py:106} INFO - 25/12/09 10:14:33 INFO BlockManagerMaster: Registering BlockManager BlockManagerId(driver, 65f44b4fd513, 41595, None)
[2025-12-09T10:14:33.632+0000] {subprocess.py:106} INFO - 25/12/09 10:14:33 INFO BlockManagerMasterEndpoint: Registering block manager 65f44b4fd513:41595 with 434.4 MiB RAM, BlockManagerId(driver, 65f44b4fd513, 41595, None)
[2025-12-09T10:14:33.637+0000] {subprocess.py:106} INFO - 25/12/09 10:14:33 INFO BlockManagerMaster: Registered BlockManager BlockManagerId(driver, 65f44b4fd513, 41595, None)
[2025-12-09T10:14:33.647+0000] {subprocess.py:106} INFO - 25/12/09 10:14:33 INFO BlockManager: Initialized BlockManager: BlockManagerId(driver, 65f44b4fd513, 41595, None)
[2025-12-09T10:14:33.665+0000] {subprocess.py:106} INFO - 25/12/09 10:14:33 INFO StandaloneAppClient$ClientEndpoint: Executor added: app-20251209101433-0000/0 on worker-20251209100953-172.30.0.9-32999 (172.30.0.9:32999) with 1 core(s)
[2025-12-09T10:14:33.669+0000] {subprocess.py:106} INFO - 25/12/09 10:14:33 INFO StandaloneSchedulerBackend: Granted executor ID app-20251209101433-0000/0 on hostPort 172.30.0.9:32999 with 1 core(s), 1024.0 MiB RAM
[2025-12-09T10:14:34.179+0000] {subprocess.py:106} INFO - 25/12/09 10:14:34 INFO StandaloneAppClient$ClientEndpoint: Executor updated: app-20251209101433-0000/0 is now RUNNING
[2025-12-09T10:14:34.238+0000] {subprocess.py:106} INFO - 25/12/09 10:14:34 INFO StandaloneSchedulerBackend: SchedulerBackend is ready for scheduling beginning after reached minRegisteredResourcesRatio: 0.0
[2025-12-09T10:14:35.268+0000] {subprocess.py:106} INFO - >>> READING BRONZE DATA...
[2025-12-09T10:14:35.405+0000] {subprocess.py:106} INFO - 25/12/09 10:14:35 INFO SharedState: Setting hive.metastore.warehouse.dir ('null') to the value of spark.sql.warehouse.dir.
[2025-12-09T10:14:35.413+0000] {subprocess.py:106} INFO - 25/12/09 10:14:35 INFO SharedState: Warehouse path is 'file:/opt/spark/work-dir/spark-warehouse'.
[2025-12-09T10:14:42.835+0000] {subprocess.py:106} INFO - 25/12/09 10:14:42 INFO HiveConf: Found configuration file null
[2025-12-09T10:14:43.711+0000] {subprocess.py:106} INFO - 25/12/09 10:14:43 INFO metastore: Trying to connect to metastore with URI thrift://hive-metastore:9083
[2025-12-09T10:14:43.796+0000] {subprocess.py:106} INFO - 25/12/09 10:14:43 INFO metastore: Opened a connection to metastore, current connections: 1
[2025-12-09T10:14:44.061+0000] {subprocess.py:106} INFO - 25/12/09 10:14:44 INFO metastore: Connected to metastore.
[2025-12-09T10:14:44.853+0000] {subprocess.py:106} INFO - 25/12/09 10:14:44 INFO StandaloneSchedulerBackend$StandaloneDriverEndpoint: Registered executor NettyRpcEndpointRef(spark-client://Executor) (172.30.0.9:51134) with ID 0,  ResourceProfileId 0
[2025-12-09T10:14:45.108+0000] {subprocess.py:106} INFO - 25/12/09 10:14:45 INFO BaseMetastoreTableOperations: Refreshing table metadata from new version: hdfs://dinhhoa-master:9000/user/ndh/warehouse/bronze.db/it_jobs_raw/metadata/00040-2bcd0012-2e93-43dc-9bc2-e6490c8c12d6.metadata.json
[2025-12-09T10:14:45.150+0000] {subprocess.py:106} INFO - 25/12/09 10:14:45 INFO BlockManagerMasterEndpoint: Registering block manager 172.30.0.9:40611 with 434.4 MiB RAM, BlockManagerId(0, 172.30.0.9, 40611, None)
[2025-12-09T10:14:47.959+0000] {subprocess.py:106} INFO - 25/12/09 10:14:47 INFO BaseMetastoreCatalog: Table loaded by catalog: hive_catalog.bronze.it_jobs_raw
[2025-12-09T10:14:51.198+0000] {subprocess.py:106} INFO - 25/12/09 10:14:51 INFO V2ScanRelationPushDown:
[2025-12-09T10:14:51.199+0000] {subprocess.py:106} INFO - Pushing operators to hive_catalog.bronze.it_jobs_raw
[2025-12-09T10:14:51.200+0000] {subprocess.py:106} INFO - Pushed Filters:
[2025-12-09T10:14:51.201+0000] {subprocess.py:106} INFO - Post-Scan Filters: (size(split(trim(location#2, None),  - , -1), true) > 0),isnotnull(split(trim(location#2, None),  - , -1))
[2025-12-09T10:14:51.202+0000] {subprocess.py:106} INFO - 
[2025-12-09T10:14:51.298+0000] {subprocess.py:106} INFO - 25/12/09 10:14:51 INFO V2ScanRelationPushDown:
[2025-12-09T10:14:51.299+0000] {subprocess.py:106} INFO - Output: location#2, job_link#5
[2025-12-09T10:14:51.300+0000] {subprocess.py:106} INFO - 
[2025-12-09T10:14:51.326+0000] {subprocess.py:106} INFO - 25/12/09 10:14:51 INFO SnapshotScan: Scanning table hive_catalog.bronze.it_jobs_raw snapshot 32859656416608901 created at 2025-12-09T07:27:55.461+00:00 with filter true
[2025-12-09T10:14:51.675+0000] {subprocess.py:106} INFO - 25/12/09 10:14:51 INFO BaseDistributedDataScan: Planning file tasks locally for table hive_catalog.bronze.it_jobs_raw
[2025-12-09T10:14:52.449+0000] {subprocess.py:106} INFO - 25/12/09 10:14:52 INFO SparkPartitioningAwareScan: Reporting UnknownPartitioning with 11 partition(s) for table hive_catalog.bronze.it_jobs_raw
[2025-12-09T10:14:53.110+0000] {subprocess.py:106} INFO - 25/12/09 10:14:53 INFO MemoryStore: Block broadcast_0 stored as values in memory (estimated size 32.0 KiB, free 434.4 MiB)
[2025-12-09T10:14:53.234+0000] {subprocess.py:106} INFO - 25/12/09 10:14:53 INFO MemoryStore: Block broadcast_0_piece0 stored as bytes in memory (estimated size 29.8 KiB, free 434.3 MiB)
[2025-12-09T10:14:53.239+0000] {subprocess.py:106} INFO - 25/12/09 10:14:53 INFO BlockManagerInfo: Added broadcast_0_piece0 in memory on 65f44b4fd513:41595 (size: 29.8 KiB, free: 434.4 MiB)
[2025-12-09T10:14:53.249+0000] {subprocess.py:106} INFO - 25/12/09 10:14:53 INFO SparkContext: Created broadcast 0 from broadcast at SparkBatch.java:79
[2025-12-09T10:14:53.633+0000] {subprocess.py:106} INFO - 25/12/09 10:14:53 INFO MemoryStore: Block broadcast_1 stored as values in memory (estimated size 32.0 KiB, free 434.3 MiB)
[2025-12-09T10:14:53.645+0000] {subprocess.py:106} INFO - 25/12/09 10:14:53 INFO MemoryStore: Block broadcast_1_piece0 stored as bytes in memory (estimated size 29.8 KiB, free 434.3 MiB)
[2025-12-09T10:14:53.646+0000] {subprocess.py:106} INFO - 25/12/09 10:14:53 INFO BlockManagerInfo: Added broadcast_1_piece0 in memory on 65f44b4fd513:41595 (size: 29.8 KiB, free: 434.3 MiB)
[2025-12-09T10:14:53.649+0000] {subprocess.py:106} INFO - 25/12/09 10:14:53 INFO SparkContext: Created broadcast 1 from broadcast at SparkBatch.java:79
[2025-12-09T10:14:55.421+0000] {subprocess.py:106} INFO - 25/12/09 10:14:55 INFO CodeGenerator: Code generated in 588.790129 ms
[2025-12-09T10:14:55.829+0000] {subprocess.py:106} INFO - 25/12/09 10:14:55 INFO DAGScheduler: Registering RDD 3 (count at <unknown>:0) as input to shuffle 0
[2025-12-09T10:14:55.843+0000] {subprocess.py:106} INFO - 25/12/09 10:14:55 INFO DAGScheduler: Got map stage job 0 (count at <unknown>:0) with 11 output partitions
[2025-12-09T10:14:55.845+0000] {subprocess.py:106} INFO - 25/12/09 10:14:55 INFO DAGScheduler: Final stage: ShuffleMapStage 0 (count at <unknown>:0)
[2025-12-09T10:14:55.845+0000] {subprocess.py:106} INFO - 25/12/09 10:14:55 INFO DAGScheduler: Parents of final stage: List()
[2025-12-09T10:14:55.849+0000] {subprocess.py:106} INFO - 25/12/09 10:14:55 INFO DAGScheduler: Missing parents: List()
[2025-12-09T10:14:55.857+0000] {subprocess.py:106} INFO - 25/12/09 10:14:55 INFO DAGScheduler: Submitting ShuffleMapStage 0 (MapPartitionsRDD[3] at count at <unknown>:0), which has no missing parents
[2025-12-09T10:14:55.947+0000] {subprocess.py:106} INFO - 25/12/09 10:14:55 INFO MemoryStore: Block broadcast_2 stored as values in memory (estimated size 49.4 KiB, free 434.2 MiB)
[2025-12-09T10:14:55.959+0000] {subprocess.py:106} INFO - 25/12/09 10:14:55 INFO MemoryStore: Block broadcast_2_piece0 stored as bytes in memory (estimated size 20.1 KiB, free 434.2 MiB)
[2025-12-09T10:14:55.963+0000] {subprocess.py:106} INFO - 25/12/09 10:14:55 INFO BlockManagerInfo: Added broadcast_2_piece0 in memory on 65f44b4fd513:41595 (size: 20.1 KiB, free: 434.3 MiB)
[2025-12-09T10:14:55.969+0000] {subprocess.py:106} INFO - 25/12/09 10:14:55 INFO SparkContext: Created broadcast 2 from broadcast at DAGScheduler.scala:1585
[2025-12-09T10:14:56.002+0000] {subprocess.py:106} INFO - 25/12/09 10:14:55 INFO DAGScheduler: Submitting 11 missing tasks from ShuffleMapStage 0 (MapPartitionsRDD[3] at count at <unknown>:0) (first 15 tasks are for partitions Vector(0, 1, 2, 3, 4, 5, 6, 7, 8, 9, 10))
[2025-12-09T10:14:56.005+0000] {subprocess.py:106} INFO - 25/12/09 10:14:56 INFO TaskSchedulerImpl: Adding task set 0.0 with 11 tasks resource profile 0
[2025-12-09T10:14:56.098+0000] {subprocess.py:106} INFO - 25/12/09 10:14:56 INFO TaskSetManager: Starting task 0.0 in stage 0.0 (TID 0) (172.30.0.9, executor 0, partition 0, ANY, 15471 bytes)
[2025-12-09T10:14:57.470+0000] {subprocess.py:106} INFO - 25/12/09 10:14:57 INFO BlockManagerInfo: Added broadcast_2_piece0 in memory on 172.30.0.9:40611 (size: 20.1 KiB, free: 434.4 MiB)
[2025-12-09T10:15:00.119+0000] {subprocess.py:106} INFO - 25/12/09 10:15:00 INFO BlockManagerInfo: Added broadcast_1_piece0 in memory on 172.30.0.9:40611 (size: 29.8 KiB, free: 434.4 MiB)
[2025-12-09T10:15:04.709+0000] {subprocess.py:106} INFO - 25/12/09 10:15:04 INFO TaskSetManager: Starting task 1.0 in stage 0.0 (TID 1) (172.30.0.9, executor 0, partition 1, ANY, 15470 bytes)
[2025-12-09T10:15:04.723+0000] {subprocess.py:106} INFO - 25/12/09 10:15:04 INFO TaskSetManager: Finished task 0.0 in stage 0.0 (TID 0) in 8676 ms on 172.30.0.9 (executor 0) (1/11)
[2025-12-09T10:15:05.408+0000] {subprocess.py:106} INFO - 25/12/09 10:15:05 INFO TaskSetManager: Starting task 2.0 in stage 0.0 (TID 2) (172.30.0.9, executor 0, partition 2, ANY, 15462 bytes)
[2025-12-09T10:15:05.415+0000] {subprocess.py:106} INFO - 25/12/09 10:15:05 INFO TaskSetManager: Finished task 1.0 in stage 0.0 (TID 1) in 704 ms on 172.30.0.9 (executor 0) (2/11)
[2025-12-09T10:15:05.920+0000] {subprocess.py:106} INFO - 25/12/09 10:15:05 INFO TaskSetManager: Starting task 3.0 in stage 0.0 (TID 3) (172.30.0.9, executor 0, partition 3, ANY, 15471 bytes)
[2025-12-09T10:15:05.927+0000] {subprocess.py:106} INFO - 25/12/09 10:15:05 INFO TaskSetManager: Finished task 2.0 in stage 0.0 (TID 2) in 518 ms on 172.30.0.9 (executor 0) (3/11)
[2025-12-09T10:15:06.519+0000] {subprocess.py:106} INFO - 25/12/09 10:15:06 INFO TaskSetManager: Starting task 4.0 in stage 0.0 (TID 4) (172.30.0.9, executor 0, partition 4, ANY, 15471 bytes)
[2025-12-09T10:15:06.522+0000] {subprocess.py:106} INFO - 25/12/09 10:15:06 INFO TaskSetManager: Finished task 3.0 in stage 0.0 (TID 3) in 600 ms on 172.30.0.9 (executor 0) (4/11)
[2025-12-09T10:15:07.082+0000] {subprocess.py:106} INFO - 25/12/09 10:15:07 INFO TaskSetManager: Starting task 5.0 in stage 0.0 (TID 5) (172.30.0.9, executor 0, partition 5, ANY, 15471 bytes)
[2025-12-09T10:15:07.084+0000] {subprocess.py:106} INFO - 25/12/09 10:15:07 INFO TaskSetManager: Finished task 4.0 in stage 0.0 (TID 4) in 565 ms on 172.30.0.9 (executor 0) (5/11)
[2025-12-09T10:15:07.640+0000] {subprocess.py:106} INFO - 25/12/09 10:15:07 INFO TaskSetManager: Starting task 6.0 in stage 0.0 (TID 6) (172.30.0.9, executor 0, partition 6, ANY, 15471 bytes)
[2025-12-09T10:15:07.643+0000] {subprocess.py:106} INFO - 25/12/09 10:15:07 INFO TaskSetManager: Finished task 5.0 in stage 0.0 (TID 5) in 558 ms on 172.30.0.9 (executor 0) (6/11)
[2025-12-09T10:15:08.034+0000] {subprocess.py:106} INFO - 25/12/09 10:15:08 INFO TaskSetManager: Starting task 7.0 in stage 0.0 (TID 7) (172.30.0.9, executor 0, partition 7, ANY, 15471 bytes)
[2025-12-09T10:15:08.036+0000] {subprocess.py:106} INFO - 25/12/09 10:15:08 INFO TaskSetManager: Finished task 6.0 in stage 0.0 (TID 6) in 401 ms on 172.30.0.9 (executor 0) (7/11)
[2025-12-09T10:15:08.485+0000] {subprocess.py:106} INFO - 25/12/09 10:15:08 INFO TaskSetManager: Starting task 8.0 in stage 0.0 (TID 8) (172.30.0.9, executor 0, partition 8, ANY, 15471 bytes)
[2025-12-09T10:15:08.487+0000] {subprocess.py:106} INFO - 25/12/09 10:15:08 INFO TaskSetManager: Finished task 7.0 in stage 0.0 (TID 7) in 449 ms on 172.30.0.9 (executor 0) (8/11)
[2025-12-09T10:15:09.146+0000] {subprocess.py:106} INFO - 25/12/09 10:15:09 INFO TaskSetManager: Starting task 9.0 in stage 0.0 (TID 9) (172.30.0.9, executor 0, partition 9, ANY, 15471 bytes)
[2025-12-09T10:15:09.149+0000] {subprocess.py:106} INFO - 25/12/09 10:15:09 INFO TaskSetManager: Finished task 8.0 in stage 0.0 (TID 8) in 639 ms on 172.30.0.9 (executor 0) (9/11)
[2025-12-09T10:15:09.784+0000] {subprocess.py:106} INFO - 25/12/09 10:15:09 INFO TaskSetManager: Starting task 10.0 in stage 0.0 (TID 10) (172.30.0.9, executor 0, partition 10, ANY, 14100 bytes)
[2025-12-09T10:15:09.788+0000] {subprocess.py:106} INFO - 25/12/09 10:15:09 INFO TaskSetManager: Finished task 9.0 in stage 0.0 (TID 9) in 662 ms on 172.30.0.9 (executor 0) (10/11)
[2025-12-09T10:15:09.923+0000] {subprocess.py:106} INFO - 25/12/09 10:15:09 INFO TaskSetManager: Finished task 10.0 in stage 0.0 (TID 10) in 151 ms on 172.30.0.9 (executor 0) (11/11)
[2025-12-09T10:15:09.927+0000] {subprocess.py:106} INFO - 25/12/09 10:15:09 INFO DAGScheduler: ShuffleMapStage 0 (count at <unknown>:0) finished in 14.018 s
[2025-12-09T10:15:09.931+0000] {subprocess.py:106} INFO - 25/12/09 10:15:09 INFO TaskSchedulerImpl: Removed TaskSet 0.0, whose tasks have all completed, from pool
[2025-12-09T10:15:09.934+0000] {subprocess.py:106} INFO - 25/12/09 10:15:09 INFO DAGScheduler: looking for newly runnable stages
[2025-12-09T10:15:09.939+0000] {subprocess.py:106} INFO - 25/12/09 10:15:09 INFO DAGScheduler: running: Set()
[2025-12-09T10:15:09.940+0000] {subprocess.py:106} INFO - 25/12/09 10:15:09 INFO DAGScheduler: waiting: Set()
[2025-12-09T10:15:09.940+0000] {subprocess.py:106} INFO - 25/12/09 10:15:09 INFO DAGScheduler: failed: Set()
[2025-12-09T10:15:10.027+0000] {subprocess.py:106} INFO - 25/12/09 10:15:10 INFO ShufflePartitionsUtil: For shuffle(0), advisory target size: 67108864, actual target size 1048576, minimum partition size: 1048576
[2025-12-09T10:15:10.172+0000] {subprocess.py:106} INFO - 25/12/09 10:15:10 INFO CodeGenerator: Code generated in 51.050748 ms
[2025-12-09T10:15:10.227+0000] {subprocess.py:106} INFO - 25/12/09 10:15:10 INFO DAGScheduler: Registering RDD 6 (count at <unknown>:0) as input to shuffle 1
[2025-12-09T10:15:10.228+0000] {subprocess.py:106} INFO - 25/12/09 10:15:10 INFO DAGScheduler: Got map stage job 1 (count at <unknown>:0) with 1 output partitions
[2025-12-09T10:15:10.228+0000] {subprocess.py:106} INFO - 25/12/09 10:15:10 INFO DAGScheduler: Final stage: ShuffleMapStage 2 (count at <unknown>:0)
[2025-12-09T10:15:10.229+0000] {subprocess.py:106} INFO - 25/12/09 10:15:10 INFO DAGScheduler: Parents of final stage: List(ShuffleMapStage 1)
[2025-12-09T10:15:10.231+0000] {subprocess.py:106} INFO - 25/12/09 10:15:10 INFO DAGScheduler: Missing parents: List()
[2025-12-09T10:15:10.232+0000] {subprocess.py:106} INFO - 25/12/09 10:15:10 INFO DAGScheduler: Submitting ShuffleMapStage 2 (MapPartitionsRDD[6] at count at <unknown>:0), which has no missing parents
[2025-12-09T10:15:10.256+0000] {subprocess.py:106} INFO - 25/12/09 10:15:10 INFO MemoryStore: Block broadcast_3 stored as values in memory (estimated size 52.1 KiB, free 434.2 MiB)
[2025-12-09T10:15:10.261+0000] {subprocess.py:106} INFO - 25/12/09 10:15:10 INFO MemoryStore: Block broadcast_3_piece0 stored as bytes in memory (estimated size 22.3 KiB, free 434.1 MiB)
[2025-12-09T10:15:10.262+0000] {subprocess.py:106} INFO - 25/12/09 10:15:10 INFO BlockManagerInfo: Added broadcast_3_piece0 in memory on 65f44b4fd513:41595 (size: 22.3 KiB, free: 434.3 MiB)
[2025-12-09T10:15:10.264+0000] {subprocess.py:106} INFO - 25/12/09 10:15:10 INFO SparkContext: Created broadcast 3 from broadcast at DAGScheduler.scala:1585
[2025-12-09T10:15:10.265+0000] {subprocess.py:106} INFO - 25/12/09 10:15:10 INFO DAGScheduler: Submitting 1 missing tasks from ShuffleMapStage 2 (MapPartitionsRDD[6] at count at <unknown>:0) (first 15 tasks are for partitions Vector(0))
[2025-12-09T10:15:10.266+0000] {subprocess.py:106} INFO - 25/12/09 10:15:10 INFO TaskSchedulerImpl: Adding task set 2.0 with 1 tasks resource profile 0
[2025-12-09T10:15:10.271+0000] {subprocess.py:106} INFO - 25/12/09 10:15:10 INFO TaskSetManager: Starting task 0.0 in stage 2.0 (TID 11) (172.30.0.9, executor 0, partition 0, NODE_LOCAL, 9320 bytes)
[2025-12-09T10:15:10.302+0000] {subprocess.py:106} INFO - 25/12/09 10:15:10 INFO BlockManagerInfo: Added broadcast_3_piece0 in memory on 172.30.0.9:40611 (size: 22.3 KiB, free: 434.3 MiB)
[2025-12-09T10:15:10.392+0000] {subprocess.py:106} INFO - 25/12/09 10:15:10 INFO MapOutputTrackerMasterEndpoint: Asked to send map output locations for shuffle 0 to 172.30.0.9:51134
[2025-12-09T10:15:10.535+0000] {subprocess.py:106} INFO - 25/12/09 10:15:10 INFO BlockManagerInfo: Removed broadcast_2_piece0 on 65f44b4fd513:41595 in memory (size: 20.1 KiB, free: 434.3 MiB)
[2025-12-09T10:15:10.552+0000] {subprocess.py:106} INFO - 25/12/09 10:15:10 INFO BlockManagerInfo: Removed broadcast_2_piece0 on 172.30.0.9:40611 in memory (size: 20.1 KiB, free: 434.3 MiB)
[2025-12-09T10:15:10.789+0000] {subprocess.py:106} INFO - 25/12/09 10:15:10 INFO TaskSetManager: Finished task 0.0 in stage 2.0 (TID 11) in 519 ms on 172.30.0.9 (executor 0) (1/1)
[2025-12-09T10:15:10.791+0000] {subprocess.py:106} INFO - 25/12/09 10:15:10 INFO TaskSchedulerImpl: Removed TaskSet 2.0, whose tasks have all completed, from pool
[2025-12-09T10:15:10.793+0000] {subprocess.py:106} INFO - 25/12/09 10:15:10 INFO DAGScheduler: ShuffleMapStage 2 (count at <unknown>:0) finished in 0.541 s
[2025-12-09T10:15:10.795+0000] {subprocess.py:106} INFO - 25/12/09 10:15:10 INFO DAGScheduler: looking for newly runnable stages
[2025-12-09T10:15:10.796+0000] {subprocess.py:106} INFO - 25/12/09 10:15:10 INFO DAGScheduler: running: Set()
[2025-12-09T10:15:10.797+0000] {subprocess.py:106} INFO - 25/12/09 10:15:10 INFO DAGScheduler: waiting: Set()
[2025-12-09T10:15:10.797+0000] {subprocess.py:106} INFO - 25/12/09 10:15:10 INFO DAGScheduler: failed: Set()
[2025-12-09T10:15:10.837+0000] {subprocess.py:106} INFO - 25/12/09 10:15:10 INFO CodeGenerator: Code generated in 17.497631 ms
[2025-12-09T10:15:10.898+0000] {subprocess.py:106} INFO - 25/12/09 10:15:10 INFO SparkContext: Starting job: count at <unknown>:0
[2025-12-09T10:15:10.905+0000] {subprocess.py:106} INFO - 25/12/09 10:15:10 INFO DAGScheduler: Got job 2 (count at <unknown>:0) with 1 output partitions
[2025-12-09T10:15:10.907+0000] {subprocess.py:106} INFO - 25/12/09 10:15:10 INFO DAGScheduler: Final stage: ResultStage 5 (count at <unknown>:0)
[2025-12-09T10:15:10.908+0000] {subprocess.py:106} INFO - 25/12/09 10:15:10 INFO DAGScheduler: Parents of final stage: List(ShuffleMapStage 4)
[2025-12-09T10:15:10.911+0000] {subprocess.py:106} INFO - 25/12/09 10:15:10 INFO DAGScheduler: Missing parents: List()
[2025-12-09T10:15:10.916+0000] {subprocess.py:106} INFO - 25/12/09 10:15:10 INFO DAGScheduler: Submitting ResultStage 5 (MapPartitionsRDD[9] at count at <unknown>:0), which has no missing parents
[2025-12-09T10:15:10.931+0000] {subprocess.py:106} INFO - 25/12/09 10:15:10 INFO MemoryStore: Block broadcast_4 stored as values in memory (estimated size 12.5 KiB, free 434.2 MiB)
[2025-12-09T10:15:10.936+0000] {subprocess.py:106} INFO - 25/12/09 10:15:10 INFO MemoryStore: Block broadcast_4_piece0 stored as bytes in memory (estimated size 5.9 KiB, free 434.2 MiB)
[2025-12-09T10:15:10.941+0000] {subprocess.py:106} INFO - 25/12/09 10:15:10 INFO BlockManagerInfo: Added broadcast_4_piece0 in memory on 65f44b4fd513:41595 (size: 5.9 KiB, free: 434.3 MiB)
[2025-12-09T10:15:10.946+0000] {subprocess.py:106} INFO - 25/12/09 10:15:10 INFO SparkContext: Created broadcast 4 from broadcast at DAGScheduler.scala:1585
[2025-12-09T10:15:10.950+0000] {subprocess.py:106} INFO - 25/12/09 10:15:10 INFO DAGScheduler: Submitting 1 missing tasks from ResultStage 5 (MapPartitionsRDD[9] at count at <unknown>:0) (first 15 tasks are for partitions Vector(0))
[2025-12-09T10:15:10.952+0000] {subprocess.py:106} INFO - 25/12/09 10:15:10 INFO TaskSchedulerImpl: Adding task set 5.0 with 1 tasks resource profile 0
[2025-12-09T10:15:10.958+0000] {subprocess.py:106} INFO - 25/12/09 10:15:10 INFO TaskSetManager: Starting task 0.0 in stage 5.0 (TID 12) (172.30.0.9, executor 0, partition 0, NODE_LOCAL, 9331 bytes)
[2025-12-09T10:15:11.024+0000] {subprocess.py:106} INFO - 25/12/09 10:15:11 INFO BlockManagerInfo: Added broadcast_4_piece0 in memory on 172.30.0.9:40611 (size: 5.9 KiB, free: 434.3 MiB)
[2025-12-09T10:15:11.220+0000] {subprocess.py:106} INFO - 25/12/09 10:15:11 INFO MapOutputTrackerMasterEndpoint: Asked to send map output locations for shuffle 1 to 172.30.0.9:51134
[2025-12-09T10:15:11.265+0000] {subprocess.py:106} INFO - 25/12/09 10:15:11 INFO TaskSetManager: Finished task 0.0 in stage 5.0 (TID 12) in 309 ms on 172.30.0.9 (executor 0) (1/1)
[2025-12-09T10:15:11.267+0000] {subprocess.py:106} INFO - 25/12/09 10:15:11 INFO TaskSchedulerImpl: Removed TaskSet 5.0, whose tasks have all completed, from pool
[2025-12-09T10:15:11.267+0000] {subprocess.py:106} INFO - 25/12/09 10:15:11 INFO DAGScheduler: ResultStage 5 (count at <unknown>:0) finished in 0.347 s
[2025-12-09T10:15:11.272+0000] {subprocess.py:106} INFO - 25/12/09 10:15:11 INFO DAGScheduler: Job 2 is finished. Cancelling potential speculative or zombie tasks for this job
[2025-12-09T10:15:11.277+0000] {subprocess.py:106} INFO - 25/12/09 10:15:11 INFO TaskSchedulerImpl: Killing all running tasks in stage 5: Stage finished
[2025-12-09T10:15:11.278+0000] {subprocess.py:106} INFO - 25/12/09 10:15:11 INFO DAGScheduler: Job 2 finished: count at <unknown>:0, took 0.378039 s
[2025-12-09T10:15:11.335+0000] {subprocess.py:106} INFO - >>> Overwriting Silver table with 6270 records (Original Titles)...
[2025-12-09T10:15:11.641+0000] {subprocess.py:106} INFO - 25/12/09 10:15:11 INFO BaseMetastoreTableOperations: Refreshing table metadata from new version: hdfs://dinhhoa-master:9000/user/ndh/warehouse/silver.db/it_jobs_clean/metadata/00043-5a7a6a16-7d49-4c79-9552-d56327457cc6.metadata.json
[2025-12-09T10:15:11.748+0000] {subprocess.py:106} INFO - 25/12/09 10:15:11 INFO BaseMetastoreCatalog: Table loaded by catalog: hive_catalog.silver.it_jobs_clean
[2025-12-09T10:15:11.762+0000] {subprocess.py:106} INFO - 25/12/09 10:15:11 INFO BaseMetastoreCatalog: Table properties set at catalog level through catalog properties: {}
[2025-12-09T10:15:11.763+0000] {subprocess.py:106} INFO - 25/12/09 10:15:11 INFO BaseMetastoreCatalog: Table properties enforced at catalog level through catalog properties: {}
[2025-12-09T10:15:11.788+0000] {subprocess.py:106} INFO - 25/12/09 10:15:11 INFO BaseMetastoreTableOperations: Refreshing table metadata from new version: hdfs://dinhhoa-master:9000/user/ndh/warehouse/silver.db/it_jobs_clean/metadata/00043-5a7a6a16-7d49-4c79-9552-d56327457cc6.metadata.json
[2025-12-09T10:15:11.939+0000] {subprocess.py:106} INFO - 25/12/09 10:15:11 INFO V2ScanRelationPushDown:
[2025-12-09T10:15:11.940+0000] {subprocess.py:106} INFO - Pushing operators to hive_catalog.bronze.it_jobs_raw
[2025-12-09T10:15:11.941+0000] {subprocess.py:106} INFO - Pushed Filters:
[2025-12-09T10:15:11.942+0000] {subprocess.py:106} INFO - Post-Scan Filters: (size(split(trim(location#2, None),  - , -1), true) > 0),isnotnull(split(trim(location#2, None),  - , -1))
[2025-12-09T10:15:11.942+0000] {subprocess.py:106} INFO - 
[2025-12-09T10:15:11.945+0000] {subprocess.py:106} INFO - 25/12/09 10:15:11 INFO V2ScanRelationPushDown:
[2025-12-09T10:15:11.946+0000] {subprocess.py:106} INFO - Output: job_title#0, company_name#1, location#2, skills_required#3, date_posted#4, job_link#5, job_category#6, work_mode#7, crawl_date#8, date_only#9, ingest_time#10, source#11
[2025-12-09T10:15:11.946+0000] {subprocess.py:106} INFO - 
[2025-12-09T10:15:11.949+0000] {subprocess.py:106} INFO - 25/12/09 10:15:11 INFO SnapshotScan: Scanning table hive_catalog.bronze.it_jobs_raw snapshot 32859656416608901 created at 2025-12-09T07:27:55.461+00:00 with filter true
[2025-12-09T10:15:11.950+0000] {subprocess.py:106} INFO - 25/12/09 10:15:11 INFO BaseDistributedDataScan: Planning file tasks locally for table hive_catalog.bronze.it_jobs_raw
[2025-12-09T10:15:12.447+0000] {subprocess.py:106} INFO - 25/12/09 10:15:12 INFO SparkPartitioningAwareScan: Reporting UnknownPartitioning with 11 partition(s) for table hive_catalog.bronze.it_jobs_raw
[2025-12-09T10:15:12.478+0000] {subprocess.py:106} INFO - 25/12/09 10:15:12 INFO SparkWrite: Requesting 0 bytes advisory partition size for table silver.it_jobs_clean
[2025-12-09T10:15:12.479+0000] {subprocess.py:106} INFO - 25/12/09 10:15:12 INFO SparkWrite: Requesting UnspecifiedDistribution as write distribution for table silver.it_jobs_clean
[2025-12-09T10:15:12.498+0000] {subprocess.py:106} INFO - 25/12/09 10:15:12 INFO SparkWrite: Requesting [] as write ordering for table silver.it_jobs_clean
[2025-12-09T10:15:12.616+0000] {subprocess.py:106} INFO - 25/12/09 10:15:12 INFO MemoryStore: Block broadcast_5 stored as values in memory (estimated size 32.0 KiB, free 434.2 MiB)
[2025-12-09T10:15:12.685+0000] {subprocess.py:106} INFO - 25/12/09 10:15:12 INFO MemoryStore: Block broadcast_5_piece0 stored as bytes in memory (estimated size 29.8 KiB, free 434.1 MiB)
[2025-12-09T10:15:12.687+0000] {subprocess.py:106} INFO - 25/12/09 10:15:12 INFO BlockManagerInfo: Added broadcast_5_piece0 in memory on 65f44b4fd513:41595 (size: 29.8 KiB, free: 434.3 MiB)
[2025-12-09T10:15:12.690+0000] {subprocess.py:106} INFO - 25/12/09 10:15:12 INFO SparkContext: Created broadcast 5 from broadcast at SparkBatch.java:79
[2025-12-09T10:15:12.703+0000] {subprocess.py:106} INFO - 25/12/09 10:15:12 INFO BlockManagerInfo: Removed broadcast_3_piece0 on 65f44b4fd513:41595 in memory (size: 22.3 KiB, free: 434.3 MiB)
[2025-12-09T10:15:12.715+0000] {subprocess.py:106} INFO - 25/12/09 10:15:12 INFO BlockManagerInfo: Removed broadcast_3_piece0 on 172.30.0.9:40611 in memory (size: 22.3 KiB, free: 434.4 MiB)
[2025-12-09T10:15:12.745+0000] {subprocess.py:106} INFO - 25/12/09 10:15:12 INFO BlockManagerInfo: Removed broadcast_4_piece0 on 65f44b4fd513:41595 in memory (size: 5.9 KiB, free: 434.3 MiB)
[2025-12-09T10:15:12.746+0000] {subprocess.py:106} INFO - 25/12/09 10:15:12 INFO BlockManagerInfo: Removed broadcast_4_piece0 on 172.30.0.9:40611 in memory (size: 5.9 KiB, free: 434.4 MiB)
[2025-12-09T10:15:12.822+0000] {subprocess.py:106} INFO - 25/12/09 10:15:12 INFO BlockManagerInfo: Removed broadcast_0_piece0 on 65f44b4fd513:41595 in memory (size: 29.8 KiB, free: 434.3 MiB)
[2025-12-09T10:15:12.856+0000] {subprocess.py:106} INFO - 25/12/09 10:15:12 INFO MemoryStore: Block broadcast_6 stored as values in memory (estimated size 32.0 KiB, free 434.2 MiB)
[2025-12-09T10:15:12.886+0000] {subprocess.py:106} INFO - 25/12/09 10:15:12 INFO MemoryStore: Block broadcast_6_piece0 stored as bytes in memory (estimated size 29.8 KiB, free 434.2 MiB)
[2025-12-09T10:15:12.888+0000] {subprocess.py:106} INFO - 25/12/09 10:15:12 INFO BlockManagerInfo: Added broadcast_6_piece0 in memory on 65f44b4fd513:41595 (size: 29.8 KiB, free: 434.3 MiB)
[2025-12-09T10:15:12.891+0000] {subprocess.py:106} INFO - 25/12/09 10:15:12 INFO SparkContext: Created broadcast 6 from broadcast at SparkBatch.java:79
[2025-12-09T10:15:13.051+0000] {subprocess.py:106} INFO - 25/12/09 10:15:13 INFO BlockManagerInfo: Removed broadcast_1_piece0 on 65f44b4fd513:41595 in memory (size: 29.8 KiB, free: 434.3 MiB)
[2025-12-09T10:15:13.081+0000] {subprocess.py:106} INFO - 25/12/09 10:15:13 INFO BlockManagerInfo: Removed broadcast_1_piece0 on 172.30.0.9:40611 in memory (size: 29.8 KiB, free: 434.4 MiB)
[2025-12-09T10:15:13.459+0000] {subprocess.py:106} INFO - 25/12/09 10:15:13 INFO CodeGenerator: Code generated in 46.986444 ms
[2025-12-09T10:15:13.657+0000] {subprocess.py:106} INFO - 25/12/09 10:15:13 INFO CodeGenerator: Code generated in 68.208492 ms
[2025-12-09T10:15:13.791+0000] {subprocess.py:106} INFO - 25/12/09 10:15:13 INFO DAGScheduler: Registering RDD 16 (createOrReplace at <unknown>:0) as input to shuffle 2
[2025-12-09T10:15:13.794+0000] {subprocess.py:106} INFO - 25/12/09 10:15:13 INFO DAGScheduler: Got map stage job 3 (createOrReplace at <unknown>:0) with 11 output partitions
[2025-12-09T10:15:13.796+0000] {subprocess.py:106} INFO - 25/12/09 10:15:13 INFO DAGScheduler: Final stage: ShuffleMapStage 6 (createOrReplace at <unknown>:0)
[2025-12-09T10:15:13.803+0000] {subprocess.py:106} INFO - 25/12/09 10:15:13 INFO DAGScheduler: Parents of final stage: List()
[2025-12-09T10:15:13.804+0000] {subprocess.py:106} INFO - 25/12/09 10:15:13 INFO DAGScheduler: Missing parents: List()
[2025-12-09T10:15:13.805+0000] {subprocess.py:106} INFO - 25/12/09 10:15:13 INFO DAGScheduler: Submitting ShuffleMapStage 6 (MapPartitionsRDD[16] at createOrReplace at <unknown>:0), which has no missing parents
[2025-12-09T10:15:13.845+0000] {subprocess.py:106} INFO - 25/12/09 10:15:13 INFO MemoryStore: Block broadcast_7 stored as values in memory (estimated size 63.0 KiB, free 434.2 MiB)
[2025-12-09T10:15:13.897+0000] {subprocess.py:106} INFO - 25/12/09 10:15:13 INFO MemoryStore: Block broadcast_7_piece0 stored as bytes in memory (estimated size 24.0 KiB, free 434.2 MiB)
[2025-12-09T10:15:13.899+0000] {subprocess.py:106} INFO - 25/12/09 10:15:13 INFO BlockManagerInfo: Added broadcast_7_piece0 in memory on 65f44b4fd513:41595 (size: 24.0 KiB, free: 434.3 MiB)
[2025-12-09T10:15:13.907+0000] {subprocess.py:106} INFO - 25/12/09 10:15:13 INFO SparkContext: Created broadcast 7 from broadcast at DAGScheduler.scala:1585
[2025-12-09T10:15:13.908+0000] {subprocess.py:106} INFO - 25/12/09 10:15:13 INFO DAGScheduler: Submitting 11 missing tasks from ShuffleMapStage 6 (MapPartitionsRDD[16] at createOrReplace at <unknown>:0) (first 15 tasks are for partitions Vector(0, 1, 2, 3, 4, 5, 6, 7, 8, 9, 10))
[2025-12-09T10:15:13.909+0000] {subprocess.py:106} INFO - 25/12/09 10:15:13 INFO TaskSchedulerImpl: Adding task set 6.0 with 11 tasks resource profile 0
[2025-12-09T10:15:13.916+0000] {subprocess.py:106} INFO - 25/12/09 10:15:13 INFO TaskSetManager: Starting task 0.0 in stage 6.0 (TID 13) (172.30.0.9, executor 0, partition 0, ANY, 16107 bytes)
[2025-12-09T10:15:14.003+0000] {subprocess.py:106} INFO - 25/12/09 10:15:14 INFO BlockManagerInfo: Added broadcast_7_piece0 in memory on 172.30.0.9:40611 (size: 24.0 KiB, free: 434.4 MiB)
[2025-12-09T10:15:15.085+0000] {subprocess.py:106} INFO - 25/12/09 10:15:14 INFO BlockManagerInfo: Added broadcast_6_piece0 in memory on 172.30.0.9:40611 (size: 29.8 KiB, free: 434.3 MiB)
[2025-12-09T10:15:17.192+0000] {subprocess.py:106} INFO - 25/12/09 10:15:16 INFO TaskSetManager: Starting task 1.0 in stage 6.0 (TID 14) (172.30.0.9, executor 0, partition 1, ANY, 16108 bytes)
[2025-12-09T10:15:17.205+0000] {subprocess.py:106} INFO - 25/12/09 10:15:16 INFO TaskSetManager: Finished task 0.0 in stage 6.0 (TID 13) in 2988 ms on 172.30.0.9 (executor 0) (1/11)
[2025-12-09T10:15:17.983+0000] {subprocess.py:106} INFO - 25/12/09 10:15:17 INFO TaskSetManager: Starting task 2.0 in stage 6.0 (TID 15) (172.30.0.9, executor 0, partition 2, ANY, 16108 bytes)
[2025-12-09T10:15:17.697+0000] {subprocess.py:106} INFO - 25/12/09 10:15:17 INFO TaskSetManager: Finished task 1.0 in stage 6.0 (TID 14) in 852 ms on 172.30.0.9 (executor 0) (2/11)
[2025-12-09T10:15:19.552+0000] {subprocess.py:106} INFO - 25/12/09 10:15:19 INFO TaskSetManager: Starting task 3.0 in stage 6.0 (TID 16) (172.30.0.9, executor 0, partition 3, ANY, 16108 bytes)
[2025-12-09T10:15:19.561+0000] {subprocess.py:106} INFO - 25/12/09 10:15:19 INFO TaskSetManager: Finished task 2.0 in stage 6.0 (TID 15) in 1284 ms on 172.30.0.9 (executor 0) (3/11)
[2025-12-09T10:15:20.220+0000] {subprocess.py:106} INFO - 25/12/09 10:15:20 INFO TaskSetManager: Starting task 4.0 in stage 6.0 (TID 17) (172.30.0.9, executor 0, partition 4, ANY, 16108 bytes)
[2025-12-09T10:15:20.221+0000] {subprocess.py:106} INFO - 25/12/09 10:15:20 INFO TaskSetManager: Finished task 3.0 in stage 6.0 (TID 16) in 1202 ms on 172.30.0.9 (executor 0) (4/11)
[2025-12-09T10:15:21.002+0000] {subprocess.py:106} INFO - 25/12/09 10:15:20 INFO TaskSetManager: Starting task 5.0 in stage 6.0 (TID 18) (172.30.0.9, executor 0, partition 5, ANY, 16108 bytes)
[2025-12-09T10:15:21.009+0000] {subprocess.py:106} INFO - 25/12/09 10:15:20 INFO TaskSetManager: Finished task 4.0 in stage 6.0 (TID 17) in 799 ms on 172.30.0.9 (executor 0) (5/11)
[2025-12-09T10:15:21.556+0000] {subprocess.py:106} INFO - 25/12/09 10:15:21 INFO TaskSetManager: Starting task 6.0 in stage 6.0 (TID 19) (172.30.0.9, executor 0, partition 6, ANY, 16108 bytes)
[2025-12-09T10:15:21.558+0000] {subprocess.py:106} INFO - 25/12/09 10:15:21 INFO TaskSetManager: Finished task 5.0 in stage 6.0 (TID 18) in 544 ms on 172.30.0.9 (executor 0) (6/11)
[2025-12-09T10:15:22.033+0000] {subprocess.py:106} INFO - 25/12/09 10:15:22 INFO TaskSetManager: Starting task 7.0 in stage 6.0 (TID 20) (172.30.0.9, executor 0, partition 7, ANY, 16108 bytes)
[2025-12-09T10:15:22.034+0000] {subprocess.py:106} INFO - 25/12/09 10:15:22 INFO TaskSetManager: Finished task 6.0 in stage 6.0 (TID 19) in 494 ms on 172.30.0.9 (executor 0) (7/11)
[2025-12-09T10:15:22.570+0000] {subprocess.py:106} INFO - 25/12/09 10:15:22 INFO TaskSetManager: Starting task 8.0 in stage 6.0 (TID 21) (172.30.0.9, executor 0, partition 8, ANY, 16108 bytes)
[2025-12-09T10:15:22.573+0000] {subprocess.py:106} INFO - 25/12/09 10:15:22 INFO TaskSetManager: Finished task 7.0 in stage 6.0 (TID 20) in 538 ms on 172.30.0.9 (executor 0) (8/11)
[2025-12-09T10:15:23.397+0000] {subprocess.py:106} INFO - 25/12/09 10:15:23 INFO TaskSetManager: Starting task 9.0 in stage 6.0 (TID 22) (172.30.0.9, executor 0, partition 9, ANY, 16108 bytes)
[2025-12-09T10:15:23.409+0000] {subprocess.py:106} INFO - 25/12/09 10:15:23 INFO TaskSetManager: Finished task 8.0 in stage 6.0 (TID 21) in 782 ms on 172.30.0.9 (executor 0) (9/11)
[2025-12-09T10:15:24.222+0000] {subprocess.py:106} INFO - 25/12/09 10:15:24 INFO TaskSetManager: Starting task 10.0 in stage 6.0 (TID 23) (172.30.0.9, executor 0, partition 10, ANY, 14737 bytes)
[2025-12-09T10:15:24.231+0000] {subprocess.py:106} INFO - 25/12/09 10:15:24 INFO TaskSetManager: Finished task 9.0 in stage 6.0 (TID 22) in 756 ms on 172.30.0.9 (executor 0) (10/11)
[2025-12-09T10:15:24.756+0000] {subprocess.py:106} INFO - 25/12/09 10:15:24 INFO TaskSetManager: Finished task 10.0 in stage 6.0 (TID 23) in 417 ms on 172.30.0.9 (executor 0) (11/11)
[2025-12-09T10:15:24.768+0000] {subprocess.py:106} INFO - 25/12/09 10:15:24 INFO TaskSchedulerImpl: Removed TaskSet 6.0, whose tasks have all completed, from pool
[2025-12-09T10:15:24.769+0000] {subprocess.py:106} INFO - 25/12/09 10:15:24 INFO DAGScheduler: ShuffleMapStage 6 (createOrReplace at <unknown>:0) finished in 10.713 s
[2025-12-09T10:15:24.770+0000] {subprocess.py:106} INFO - 25/12/09 10:15:24 INFO DAGScheduler: looking for newly runnable stages
[2025-12-09T10:15:24.771+0000] {subprocess.py:106} INFO - 25/12/09 10:15:24 INFO DAGScheduler: running: Set()
[2025-12-09T10:15:24.773+0000] {subprocess.py:106} INFO - 25/12/09 10:15:24 INFO DAGScheduler: waiting: Set()
[2025-12-09T10:15:24.775+0000] {subprocess.py:106} INFO - 25/12/09 10:15:24 INFO DAGScheduler: failed: Set()
[2025-12-09T10:15:24.776+0000] {subprocess.py:106} INFO - 25/12/09 10:15:24 INFO ShufflePartitionsUtil: For shuffle(2), advisory target size: 67108864, actual target size 1048576, minimum partition size: 1048576
[2025-12-09T10:15:24.776+0000] {subprocess.py:106} INFO - 25/12/09 10:15:24 INFO CodeGenerator: Code generated in 44.279499 ms
[2025-12-09T10:15:24.777+0000] {subprocess.py:106} INFO - 25/12/09 10:15:24 INFO MemoryStore: Block broadcast_8 stored as values in memory (estimated size 32.0 KiB, free 434.2 MiB)
[2025-12-09T10:15:24.817+0000] {subprocess.py:106} INFO - 25/12/09 10:15:24 INFO MemoryStore: Block broadcast_8_piece0 stored as bytes in memory (estimated size 29.6 KiB, free 434.1 MiB)
[2025-12-09T10:15:24.821+0000] {subprocess.py:106} INFO - 25/12/09 10:15:24 INFO BlockManagerInfo: Added broadcast_8_piece0 in memory on 65f44b4fd513:41595 (size: 29.6 KiB, free: 434.3 MiB)
[2025-12-09T10:15:24.823+0000] {subprocess.py:106} INFO - 25/12/09 10:15:24 INFO SparkContext: Created broadcast 8 from broadcast at SparkWrite.java:193
[2025-12-09T10:15:24.848+0000] {subprocess.py:106} INFO - 25/12/09 10:15:24 INFO BlockManagerInfo: Removed broadcast_7_piece0 on 172.30.0.9:40611 in memory (size: 24.0 KiB, free: 434.4 MiB)
[2025-12-09T10:15:24.849+0000] {subprocess.py:106} INFO - 25/12/09 10:15:24 INFO BlockManagerInfo: Removed broadcast_7_piece0 on 65f44b4fd513:41595 in memory (size: 24.0 KiB, free: 434.3 MiB)
[2025-12-09T10:15:24.851+0000] {subprocess.py:106} INFO - 25/12/09 10:15:24 INFO AppendDataExec: Start processing data source write support: IcebergBatchWrite(table=silver.it_jobs_clean, format=PARQUET). The input RDD has 1 partitions.
[2025-12-09T10:15:25.095+0000] {subprocess.py:106} INFO - 25/12/09 10:15:24 INFO SparkContext: Starting job: createOrReplace at <unknown>:0
[2025-12-09T10:15:25.107+0000] {subprocess.py:106} INFO - 25/12/09 10:15:24 INFO DAGScheduler: Got job 4 (createOrReplace at <unknown>:0) with 1 output partitions
[2025-12-09T10:15:25.108+0000] {subprocess.py:106} INFO - 25/12/09 10:15:24 INFO DAGScheduler: Final stage: ResultStage 8 (createOrReplace at <unknown>:0)
[2025-12-09T10:15:25.112+0000] {subprocess.py:106} INFO - 25/12/09 10:15:24 INFO DAGScheduler: Parents of final stage: List(ShuffleMapStage 7)
[2025-12-09T10:15:25.113+0000] {subprocess.py:106} INFO - 25/12/09 10:15:24 INFO DAGScheduler: Missing parents: List()
[2025-12-09T10:15:25.117+0000] {subprocess.py:106} INFO - 25/12/09 10:15:24 INFO DAGScheduler: Submitting ResultStage 8 (MapPartitionsRDD[19] at createOrReplace at <unknown>:0), which has no missing parents
[2025-12-09T10:15:25.119+0000] {subprocess.py:106} INFO - 25/12/09 10:15:25 INFO MemoryStore: Block broadcast_9 stored as values in memory (estimated size 62.6 KiB, free 434.2 MiB)
[2025-12-09T10:15:25.122+0000] {subprocess.py:106} INFO - 25/12/09 10:15:25 INFO MemoryStore: Block broadcast_9_piece0 stored as bytes in memory (estimated size 25.6 KiB, free 434.1 MiB)
[2025-12-09T10:15:25.127+0000] {subprocess.py:106} INFO - 25/12/09 10:15:25 INFO BlockManagerInfo: Added broadcast_9_piece0 in memory on 65f44b4fd513:41595 (size: 25.6 KiB, free: 434.3 MiB)
[2025-12-09T10:15:25.128+0000] {subprocess.py:106} INFO - 25/12/09 10:15:25 INFO SparkContext: Created broadcast 9 from broadcast at DAGScheduler.scala:1585
[2025-12-09T10:15:25.131+0000] {subprocess.py:106} INFO - 25/12/09 10:15:25 INFO DAGScheduler: Submitting 1 missing tasks from ResultStage 8 (MapPartitionsRDD[19] at createOrReplace at <unknown>:0) (first 15 tasks are for partitions Vector(0))
[2025-12-09T10:15:25.132+0000] {subprocess.py:106} INFO - 25/12/09 10:15:25 INFO TaskSchedulerImpl: Adding task set 8.0 with 1 tasks resource profile 0
[2025-12-09T10:15:25.136+0000] {subprocess.py:106} INFO - 25/12/09 10:15:25 INFO TaskSetManager: Starting task 0.0 in stage 8.0 (TID 24) (172.30.0.9, executor 0, partition 0, NODE_LOCAL, 9331 bytes)
[2025-12-09T10:15:25.263+0000] {subprocess.py:106} INFO - 25/12/09 10:15:25 INFO BlockManagerInfo: Added broadcast_9_piece0 in memory on 172.30.0.9:40611 (size: 25.6 KiB, free: 434.3 MiB)
[2025-12-09T10:15:25.677+0000] {subprocess.py:106} INFO - 25/12/09 10:15:25 INFO MapOutputTrackerMasterEndpoint: Asked to send map output locations for shuffle 2 to 172.30.0.9:51134
[2025-12-09T10:15:26.280+0000] {subprocess.py:106} INFO - 25/12/09 10:15:26 INFO BlockManagerInfo: Added broadcast_8_piece0 in memory on 172.30.0.9:40611 (size: 29.6 KiB, free: 434.3 MiB)
[2025-12-09T10:15:27.594+0000] {subprocess.py:106} INFO - 25/12/09 10:15:27 INFO TaskSetManager: Finished task 0.0 in stage 8.0 (TID 24) in 2449 ms on 172.30.0.9 (executor 0) (1/1)
[2025-12-09T10:15:27.602+0000] {subprocess.py:106} INFO - 25/12/09 10:15:27 INFO TaskSchedulerImpl: Removed TaskSet 8.0, whose tasks have all completed, from pool
[2025-12-09T10:15:27.603+0000] {subprocess.py:106} INFO - 25/12/09 10:15:27 INFO DAGScheduler: ResultStage 8 (createOrReplace at <unknown>:0) finished in 2.554 s
[2025-12-09T10:15:27.603+0000] {subprocess.py:106} INFO - 25/12/09 10:15:27 INFO DAGScheduler: Job 4 is finished. Cancelling potential speculative or zombie tasks for this job
[2025-12-09T10:15:27.604+0000] {subprocess.py:106} INFO - 25/12/09 10:15:27 INFO TaskSchedulerImpl: Killing all running tasks in stage 8: Stage finished
[2025-12-09T10:15:27.604+0000] {subprocess.py:106} INFO - 25/12/09 10:15:27 INFO DAGScheduler: Job 4 finished: createOrReplace at <unknown>:0, took 2.594438 s
[2025-12-09T10:15:27.611+0000] {subprocess.py:106} INFO - 25/12/09 10:15:27 INFO AppendDataExec: Data source write support IcebergBatchWrite(table=silver.it_jobs_clean, format=PARQUET) is committing.
[2025-12-09T10:15:27.613+0000] {subprocess.py:106} INFO - 25/12/09 10:15:27 INFO SparkWrite: Committing append with 1 new data files to table silver.it_jobs_clean
[2025-12-09T10:15:28.190+0000] {subprocess.py:106} INFO - 25/12/09 10:15:28 INFO SnapshotProducer: Committed snapshot 500712353588500339 (MergeAppend)
[2025-12-09T10:15:28.212+0000] {subprocess.py:106} INFO - 25/12/09 10:15:28 INFO LoggingMetricsReporter: Received metrics report: CommitReport{tableName=silver.it_jobs_clean, snapshotId=500712353588500339, sequenceNumber=45, operation=append, commitMetrics=CommitMetricsResult{totalDuration=TimerResult{timeUnit=NANOSECONDS, totalDuration=PT0.568483256S, count=1}, attempts=CounterResult{unit=COUNT, value=1}, addedDataFiles=CounterResult{unit=COUNT, value=1}, removedDataFiles=null, totalDataFiles=CounterResult{unit=COUNT, value=1}, addedDeleteFiles=null, addedEqualityDeleteFiles=null, addedPositionalDeleteFiles=null, removedDeleteFiles=null, removedEqualityDeleteFiles=null, removedPositionalDeleteFiles=null, totalDeleteFiles=CounterResult{unit=COUNT, value=0}, addedRecords=CounterResult{unit=COUNT, value=6270}, removedRecords=null, totalRecords=CounterResult{unit=COUNT, value=6270}, addedFilesSizeInBytes=CounterResult{unit=BYTES, value=198486}, removedFilesSizeInBytes=null, totalFilesSizeInBytes=CounterResult{unit=BYTES, value=198486}, addedPositionalDeletes=null, removedPositionalDeletes=null, totalPositionalDeletes=CounterResult{unit=COUNT, value=0}, addedEqualityDeletes=null, removedEqualityDeletes=null, totalEqualityDeletes=CounterResult{unit=COUNT, value=0}}, metadata={engine-version=3.5.3, app-id=app-20251209101433-0000, engine-name=spark, iceberg-version=Apache Iceberg 1.6.1 (commit 8e9d59d299be42b0bca9461457cd1e95dbaad086)}}
[2025-12-09T10:15:28.214+0000] {subprocess.py:106} INFO - 25/12/09 10:15:28 INFO SparkWrite: Committed in 591 ms
[2025-12-09T10:15:28.215+0000] {subprocess.py:106} INFO - 25/12/09 10:15:28 INFO AppendDataExec: Data source write support IcebergBatchWrite(table=silver.it_jobs_clean, format=PARQUET) committed.
[2025-12-09T10:15:29.294+0000] {subprocess.py:106} INFO - 25/12/09 10:15:29 INFO BlockManagerInfo: Removed broadcast_8_piece0 on 65f44b4fd513:41595 in memory (size: 29.6 KiB, free: 434.3 MiB)
[2025-12-09T10:15:29.296+0000] {subprocess.py:106} INFO - 25/12/09 10:15:29 INFO BlockManagerInfo: Removed broadcast_8_piece0 on 172.30.0.9:40611 in memory (size: 29.6 KiB, free: 434.3 MiB)
[2025-12-09T10:15:29.316+0000] {subprocess.py:106} INFO - 25/12/09 10:15:29 INFO BlockManagerInfo: Removed broadcast_9_piece0 on 65f44b4fd513:41595 in memory (size: 25.6 KiB, free: 434.3 MiB)
[2025-12-09T10:15:29.348+0000] {subprocess.py:106} INFO - 25/12/09 10:15:29 INFO BlockManagerInfo: Removed broadcast_9_piece0 on 172.30.0.9:40611 in memory (size: 25.6 KiB, free: 434.4 MiB)
[2025-12-09T10:15:29.969+0000] {subprocess.py:106} INFO - 25/12/09 10:15:29 INFO HiveTableOperations: Committed to table hive_catalog.silver.it_jobs_clean with the new metadata location hdfs://dinhhoa-master:9000/user/ndh/warehouse/silver.db/it_jobs_clean/metadata/00044-7000a88f-dfff-4ca0-87af-736c314facdd.metadata.json
[2025-12-09T10:15:29.973+0000] {subprocess.py:106} INFO - 25/12/09 10:15:29 INFO BaseMetastoreTableOperations: Successfully committed to table hive_catalog.silver.it_jobs_clean in 1665 ms
[2025-12-09T10:15:29.998+0000] {subprocess.py:106} INFO - >>> SUCCESS: Done.
[2025-12-09T10:15:30.000+0000] {subprocess.py:106} INFO - 25/12/09 10:15:29 INFO SparkContext: SparkContext is stopping with exitCode 0.
[2025-12-09T10:15:30.061+0000] {subprocess.py:106} INFO - 25/12/09 10:15:30 INFO SparkUI: Stopped Spark web UI at http://65f44b4fd513:4040
[2025-12-09T10:15:30.077+0000] {subprocess.py:106} INFO - 25/12/09 10:15:30 INFO StandaloneSchedulerBackend: Shutting down all executors
[2025-12-09T10:15:30.079+0000] {subprocess.py:106} INFO - 25/12/09 10:15:30 INFO StandaloneSchedulerBackend$StandaloneDriverEndpoint: Asking each executor to shut down
[2025-12-09T10:15:30.136+0000] {subprocess.py:106} INFO - 25/12/09 10:15:30 INFO MapOutputTrackerMasterEndpoint: MapOutputTrackerMasterEndpoint stopped!
[2025-12-09T10:15:30.253+0000] {subprocess.py:106} INFO - 25/12/09 10:15:30 INFO MemoryStore: MemoryStore cleared
[2025-12-09T10:15:30.256+0000] {subprocess.py:106} INFO - 25/12/09 10:15:30 INFO BlockManager: BlockManager stopped
[2025-12-09T10:15:30.271+0000] {subprocess.py:106} INFO - 25/12/09 10:15:30 INFO BlockManagerMaster: BlockManagerMaster stopped
[2025-12-09T10:15:30.289+0000] {subprocess.py:106} INFO - 25/12/09 10:15:30 INFO OutputCommitCoordinator$OutputCommitCoordinatorEndpoint: OutputCommitCoordinator stopped!
[2025-12-09T10:15:30.327+0000] {subprocess.py:106} INFO - 25/12/09 10:15:30 INFO SparkContext: Successfully stopped SparkContext
[2025-12-09T10:15:30.575+0000] {subprocess.py:106} INFO - 25/12/09 10:15:30 INFO ShutdownHookManager: Shutdown hook called
[2025-12-09T10:15:30.577+0000] {subprocess.py:106} INFO - 25/12/09 10:15:30 INFO ShutdownHookManager: Deleting directory /tmp/spark-a28c6fb9-e02e-4165-b100-d3befdd71e4b
[2025-12-09T10:15:30.585+0000] {subprocess.py:106} INFO - 25/12/09 10:15:30 INFO ShutdownHookManager: Deleting directory /tmp/spark-a28c6fb9-e02e-4165-b100-d3befdd71e4b/pyspark-6901552d-f030-453f-9e7e-8c884f6afd90
[2025-12-09T10:15:30.591+0000] {subprocess.py:106} INFO - 25/12/09 10:15:30 INFO ShutdownHookManager: Deleting directory /tmp/spark-0944315a-15b4-4fd9-b070-323ce8bb052b
[2025-12-09T10:15:30.875+0000] {subprocess.py:110} INFO - Command exited with return code 0
[2025-12-09T10:15:31.004+0000] {taskinstance.py:341} INFO - ::group::Post task execution logs
[2025-12-09T10:15:31.005+0000] {taskinstance.py:353} INFO - Marking task as SUCCESS. dag_id=crawl_etl_itjob, task_id=clean_silver, run_id=scheduled__2025-12-08T02:00:00+00:00, execution_date=20251208T020000, start_date=20251209T101424, end_date=20251209T101531
[2025-12-09T10:15:31.152+0000] {local_task_job_runner.py:266} INFO - Task exited with return code 0
[2025-12-09T10:15:31.253+0000] {taskinstance.py:3901} INFO - 1 downstream tasks scheduled from follow-on schedule check
[2025-12-09T10:15:31.256+0000] {local_task_job_runner.py:245} INFO - ::endgroup::
