[2025-11-22T15:57:16.025+0000] {local_task_job_runner.py:123} INFO - ::group::Pre task execution logs
[2025-11-22T15:57:16.059+0000] {taskinstance.py:2614} INFO - Dependencies all met for dep_context=non-requeueable deps ti=<TaskInstance: crawl_etl_itjob.clean_silver scheduled__2025-11-21T02:00:00+00:00 [queued]>
[2025-11-22T15:57:16.068+0000] {taskinstance.py:2614} INFO - Dependencies all met for dep_context=requeueable deps ti=<TaskInstance: crawl_etl_itjob.clean_silver scheduled__2025-11-21T02:00:00+00:00 [queued]>
[2025-11-22T15:57:16.069+0000] {taskinstance.py:2867} INFO - Starting attempt 1 of 2
[2025-11-22T15:57:16.080+0000] {taskinstance.py:2890} INFO - Executing <Task(BashOperator): clean_silver> on 2025-11-21 02:00:00+00:00
[2025-11-22T15:57:16.085+0000] {standard_task_runner.py:72} INFO - Started process 129 to run task
[2025-11-22T15:57:16.089+0000] {standard_task_runner.py:104} INFO - Running: ['***', 'tasks', 'run', 'crawl_etl_itjob', 'clean_silver', 'scheduled__2025-11-21T02:00:00+00:00', '--job-id', '201', '--raw', '--subdir', 'DAGS_FOLDER/Crawl_ETL_ITJob.py', '--cfg-path', '/tmp/tmp56dzf4po']
[2025-11-22T15:57:16.091+0000] {standard_task_runner.py:105} INFO - Job 201: Subtask clean_silver
[2025-11-22T15:57:16.113+0000] {warnings.py:109} WARNING - /home/***/.local/lib/python3.8/site-packages/***/settings.py:209: DeprecationWarning: The sql_alchemy_conn option in [core] has been moved to the sql_alchemy_conn option in [database] - the old setting has been used, but please update your config.
  SQL_ALCHEMY_CONN = conf.get("database", "SQL_ALCHEMY_CONN")

[2025-11-22T15:57:16.225+0000] {task_command.py:467} INFO - Running <TaskInstance: crawl_etl_itjob.clean_silver scheduled__2025-11-21T02:00:00+00:00 [running]> on host a1de7f96d4f1
[2025-11-22T15:57:16.227+0000] {warnings.py:109} WARNING - /home/***/.local/lib/python3.8/site-packages/***/settings.py:470: DeprecationWarning: The sql_alchemy_conn option in [core] has been moved to the sql_alchemy_conn option in [database] - the old setting has been used, but please update your config.
  if conf.get("database", "sql_alchemy_conn") == "none://":

[2025-11-22T15:57:16.481+0000] {taskinstance.py:3134} INFO - Exporting env vars: AIRFLOW_CTX_DAG_EMAIL='alert@datateam.local' AIRFLOW_CTX_DAG_OWNER='***' AIRFLOW_CTX_DAG_ID='crawl_etl_itjob' AIRFLOW_CTX_TASK_ID='clean_silver' AIRFLOW_CTX_EXECUTION_DATE='2025-11-21T02:00:00+00:00' AIRFLOW_CTX_TRY_NUMBER='1' AIRFLOW_CTX_DAG_RUN_ID='scheduled__2025-11-21T02:00:00+00:00'
[2025-11-22T15:57:16.482+0000] {taskinstance.py:732} INFO - ::endgroup::
[2025-11-22T15:57:16.493+0000] {subprocess.py:78} INFO - Tmp dir root location: /tmp
[2025-11-22T15:57:16.494+0000] {subprocess.py:88} INFO - Running command: ['/bin/bash', '-c', "\n        docker exec spark-submit bash -c '\n        /opt/spark/bin/spark-submit         --master spark://spark-master:7077         --deploy-mode client         --packages org.apache.iceberg:iceberg-spark-runtime-3.5_2.12:1.5.0         /opt/spark/scripts/Clean_Silver.py\n        '\n        "]
[2025-11-22T15:57:16.504+0000] {subprocess.py:99} INFO - Output:
[2025-11-22T15:57:18.265+0000] {subprocess.py:106} INFO - :: loading settings :: url = jar:file:/opt/spark/jars/ivy-2.5.1.jar!/org/apache/ivy/core/settings/ivysettings.xml
[2025-11-22T15:57:18.355+0000] {subprocess.py:106} INFO - Ivy Default Cache set to: /home/spark/.ivy2/cache
[2025-11-22T15:57:18.356+0000] {subprocess.py:106} INFO - The jars for the packages stored in: /home/spark/.ivy2/jars
[2025-11-22T15:57:18.363+0000] {subprocess.py:106} INFO - org.apache.iceberg#iceberg-spark-runtime-3.5_2.12 added as a dependency
[2025-11-22T15:57:18.364+0000] {subprocess.py:106} INFO - :: resolving dependencies :: org.apache.spark#spark-submit-parent-0cebb851-8bcd-4642-83af-ad7726a22b02;1.0
[2025-11-22T15:57:18.365+0000] {subprocess.py:106} INFO - 	confs: [default]
[2025-11-22T15:57:18.466+0000] {subprocess.py:106} INFO - 	found org.apache.iceberg#iceberg-spark-runtime-3.5_2.12;1.5.0 in central
[2025-11-22T15:57:18.487+0000] {subprocess.py:106} INFO - :: resolution report :: resolve 119ms :: artifacts dl 3ms
[2025-11-22T15:57:18.488+0000] {subprocess.py:106} INFO - 	:: modules in use:
[2025-11-22T15:57:18.489+0000] {subprocess.py:106} INFO - 	org.apache.iceberg#iceberg-spark-runtime-3.5_2.12;1.5.0 from central in [default]
[2025-11-22T15:57:18.489+0000] {subprocess.py:106} INFO - 	---------------------------------------------------------------------
[2025-11-22T15:57:18.490+0000] {subprocess.py:106} INFO - 	|                  |            modules            ||   artifacts   |
[2025-11-22T15:57:18.491+0000] {subprocess.py:106} INFO - 	|       conf       | number| search|dwnlded|evicted|| number|dwnlded|
[2025-11-22T15:57:18.491+0000] {subprocess.py:106} INFO - 	---------------------------------------------------------------------
[2025-11-22T15:57:18.492+0000] {subprocess.py:106} INFO - 	|      default     |   1   |   0   |   0   |   0   ||   1   |   0   |
[2025-11-22T15:57:18.492+0000] {subprocess.py:106} INFO - 	---------------------------------------------------------------------
[2025-11-22T15:57:18.493+0000] {subprocess.py:106} INFO - :: retrieving :: org.apache.spark#spark-submit-parent-0cebb851-8bcd-4642-83af-ad7726a22b02
[2025-11-22T15:57:18.493+0000] {subprocess.py:106} INFO - 	confs: [default]
[2025-11-22T15:57:18.496+0000] {subprocess.py:106} INFO - 	0 artifacts copied, 1 already retrieved (0kB/5ms)
[2025-11-22T15:57:18.686+0000] {subprocess.py:106} INFO - 25/11/22 15:57:18 WARN NativeCodeLoader: Unable to load native-hadoop library for your platform... using builtin-java classes where applicable
[2025-11-22T15:57:19.587+0000] {subprocess.py:106} INFO - 25/11/22 15:57:19 INFO SparkContext: Running Spark version 3.5.3
[2025-11-22T15:57:19.587+0000] {subprocess.py:106} INFO - 25/11/22 15:57:19 INFO SparkContext: OS info Linux, 6.6.87.2-microsoft-standard-WSL2, amd64
[2025-11-22T15:57:19.588+0000] {subprocess.py:106} INFO - 25/11/22 15:57:19 INFO SparkContext: Java version 11.0.24
[2025-11-22T15:57:19.611+0000] {subprocess.py:106} INFO - 25/11/22 15:57:19 INFO ResourceUtils: ==============================================================
[2025-11-22T15:57:19.611+0000] {subprocess.py:106} INFO - 25/11/22 15:57:19 INFO ResourceUtils: No custom resources configured for spark.driver.
[2025-11-22T15:57:19.612+0000] {subprocess.py:106} INFO - 25/11/22 15:57:19 INFO ResourceUtils: ==============================================================
[2025-11-22T15:57:19.612+0000] {subprocess.py:106} INFO - 25/11/22 15:57:19 INFO SparkContext: Submitted application: Clean_Silver_Hive_Iceberg
[2025-11-22T15:57:19.634+0000] {subprocess.py:106} INFO - 25/11/22 15:57:19 INFO ResourceProfile: Default ResourceProfile created, executor resources: Map(memory -> name: memory, amount: 1024, script: , vendor: , offHeap -> name: offHeap, amount: 0, script: , vendor: ), task resources: Map(cpus -> name: cpus, amount: 1.0)
[2025-11-22T15:57:19.645+0000] {subprocess.py:106} INFO - 25/11/22 15:57:19 INFO ResourceProfile: Limiting resource is cpu
[2025-11-22T15:57:19.646+0000] {subprocess.py:106} INFO - 25/11/22 15:57:19 INFO ResourceProfileManager: Added ResourceProfile id: 0
[2025-11-22T15:57:19.705+0000] {subprocess.py:106} INFO - 25/11/22 15:57:19 INFO SecurityManager: Changing view acls to: spark
[2025-11-22T15:57:19.706+0000] {subprocess.py:106} INFO - 25/11/22 15:57:19 INFO SecurityManager: Changing modify acls to: spark
[2025-11-22T15:57:19.707+0000] {subprocess.py:106} INFO - 25/11/22 15:57:19 INFO SecurityManager: Changing view acls groups to:
[2025-11-22T15:57:19.708+0000] {subprocess.py:106} INFO - 25/11/22 15:57:19 INFO SecurityManager: Changing modify acls groups to:
[2025-11-22T15:57:19.709+0000] {subprocess.py:106} INFO - 25/11/22 15:57:19 INFO SecurityManager: SecurityManager: authentication disabled; ui acls disabled; users with view permissions: spark; groups with view permissions: EMPTY; users with modify permissions: spark; groups with modify permissions: EMPTY
[2025-11-22T15:57:19.960+0000] {subprocess.py:106} INFO - 25/11/22 15:57:19 INFO Utils: Successfully started service 'sparkDriver' on port 32805.
[2025-11-22T15:57:19.988+0000] {subprocess.py:106} INFO - 25/11/22 15:57:19 INFO SparkEnv: Registering MapOutputTracker
[2025-11-22T15:57:20.025+0000] {subprocess.py:106} INFO - 25/11/22 15:57:20 INFO SparkEnv: Registering BlockManagerMaster
[2025-11-22T15:57:20.041+0000] {subprocess.py:106} INFO - 25/11/22 15:57:20 INFO BlockManagerMasterEndpoint: Using org.apache.spark.storage.DefaultTopologyMapper for getting topology information
[2025-11-22T15:57:20.042+0000] {subprocess.py:106} INFO - 25/11/22 15:57:20 INFO BlockManagerMasterEndpoint: BlockManagerMasterEndpoint up
[2025-11-22T15:57:20.046+0000] {subprocess.py:106} INFO - 25/11/22 15:57:20 INFO SparkEnv: Registering BlockManagerMasterHeartbeat
[2025-11-22T15:57:20.069+0000] {subprocess.py:106} INFO - 25/11/22 15:57:20 INFO DiskBlockManager: Created local directory at /tmp/blockmgr-fdb74937-67f3-4976-b81b-350f1d4f91e4
[2025-11-22T15:57:20.083+0000] {subprocess.py:106} INFO - 25/11/22 15:57:20 INFO MemoryStore: MemoryStore started with capacity 434.4 MiB
[2025-11-22T15:57:20.103+0000] {subprocess.py:106} INFO - 25/11/22 15:57:20 INFO SparkEnv: Registering OutputCommitCoordinator
[2025-11-22T15:57:20.255+0000] {subprocess.py:106} INFO - 25/11/22 15:57:20 INFO JettyUtils: Start Jetty 0.0.0.0:4040 for SparkUI
[2025-11-22T15:57:20.301+0000] {subprocess.py:106} INFO - 25/11/22 15:57:20 INFO Utils: Successfully started service 'SparkUI' on port 4040.
[2025-11-22T15:57:20.333+0000] {subprocess.py:106} INFO - 25/11/22 15:57:20 INFO SparkContext: Added JAR file:///home/spark/.ivy2/jars/org.apache.iceberg_iceberg-spark-runtime-3.5_2.12-1.5.0.jar at spark://68d0d8c522fe:32805/jars/org.apache.iceberg_iceberg-spark-runtime-3.5_2.12-1.5.0.jar with timestamp 1763827039577
[2025-11-22T15:57:20.337+0000] {subprocess.py:106} INFO - 25/11/22 15:57:20 INFO SparkContext: Added file file:///home/spark/.ivy2/jars/org.apache.iceberg_iceberg-spark-runtime-3.5_2.12-1.5.0.jar at spark://68d0d8c522fe:32805/files/org.apache.iceberg_iceberg-spark-runtime-3.5_2.12-1.5.0.jar with timestamp 1763827039577
[2025-11-22T15:57:20.339+0000] {subprocess.py:106} INFO - 25/11/22 15:57:20 INFO Utils: Copying /home/spark/.ivy2/jars/org.apache.iceberg_iceberg-spark-runtime-3.5_2.12-1.5.0.jar to /tmp/spark-4156591b-e24e-4210-ad70-d877bcc6a94b/userFiles-c0d3ebce-e3d7-405f-91b3-052fc2c153f8/org.apache.iceberg_iceberg-spark-runtime-3.5_2.12-1.5.0.jar
[2025-11-22T15:57:20.459+0000] {subprocess.py:106} INFO - 25/11/22 15:57:20 INFO StandaloneAppClient$ClientEndpoint: Connecting to master spark://spark-master:7077...
[2025-11-22T15:57:20.504+0000] {subprocess.py:106} INFO - 25/11/22 15:57:20 INFO TransportClientFactory: Successfully created connection to spark-master/172.30.0.6:7077 after 24 ms (0 ms spent in bootstraps)
[2025-11-22T15:57:20.582+0000] {subprocess.py:106} INFO - 25/11/22 15:57:20 INFO StandaloneSchedulerBackend: Connected to Spark cluster with app ID app-20251122155720-0004
[2025-11-22T15:57:20.588+0000] {subprocess.py:106} INFO - 25/11/22 15:57:20 INFO StandaloneAppClient$ClientEndpoint: Executor added: app-20251122155720-0004/0 on worker-20251122152716-172.30.0.8-36811 (172.30.0.8:36811) with 1 core(s)
[2025-11-22T15:57:20.589+0000] {subprocess.py:106} INFO - 25/11/22 15:57:20 INFO StandaloneSchedulerBackend: Granted executor ID app-20251122155720-0004/0 on hostPort 172.30.0.8:36811 with 1 core(s), 1024.0 MiB RAM
[2025-11-22T15:57:20.595+0000] {subprocess.py:106} INFO - 25/11/22 15:57:20 INFO Utils: Successfully started service 'org.apache.spark.network.netty.NettyBlockTransferService' on port 46365.
[2025-11-22T15:57:20.598+0000] {subprocess.py:106} INFO - 25/11/22 15:57:20 INFO NettyBlockTransferService: Server created on 68d0d8c522fe:46365
[2025-11-22T15:57:20.599+0000] {subprocess.py:106} INFO - 25/11/22 15:57:20 INFO BlockManager: Using org.apache.spark.storage.RandomBlockReplicationPolicy for block replication policy
[2025-11-22T15:57:20.607+0000] {subprocess.py:106} INFO - 25/11/22 15:57:20 INFO BlockManagerMaster: Registering BlockManager BlockManagerId(driver, 68d0d8c522fe, 46365, None)
[2025-11-22T15:57:20.612+0000] {subprocess.py:106} INFO - 25/11/22 15:57:20 INFO BlockManagerMasterEndpoint: Registering block manager 68d0d8c522fe:46365 with 434.4 MiB RAM, BlockManagerId(driver, 68d0d8c522fe, 46365, None)
[2025-11-22T15:57:20.616+0000] {subprocess.py:106} INFO - 25/11/22 15:57:20 INFO BlockManagerMaster: Registered BlockManager BlockManagerId(driver, 68d0d8c522fe, 46365, None)
[2025-11-22T15:57:20.618+0000] {subprocess.py:106} INFO - 25/11/22 15:57:20 INFO BlockManager: Initialized BlockManager: BlockManagerId(driver, 68d0d8c522fe, 46365, None)
[2025-11-22T15:57:20.632+0000] {subprocess.py:106} INFO - 25/11/22 15:57:20 INFO StandaloneAppClient$ClientEndpoint: Executor updated: app-20251122155720-0004/0 is now RUNNING
[2025-11-22T15:57:20.854+0000] {subprocess.py:106} INFO - 25/11/22 15:57:20 INFO StandaloneSchedulerBackend: SchedulerBackend is ready for scheduling beginning after reached minRegisteredResourcesRatio: 0.0
[2025-11-22T15:57:21.101+0000] {subprocess.py:106} INFO - 25/11/22 15:57:21 INFO SharedState: Setting hive.metastore.warehouse.dir ('null') to the value of spark.sql.warehouse.dir.
[2025-11-22T15:57:21.105+0000] {subprocess.py:106} INFO - 25/11/22 15:57:21 INFO SharedState: Warehouse path is 'file:/opt/spark/work-dir/spark-warehouse'.
[2025-11-22T15:57:22.882+0000] {subprocess.py:106} INFO - 25/11/22 15:57:22 INFO HiveConf: Found configuration file null
[2025-11-22T15:57:23.092+0000] {subprocess.py:106} INFO - 25/11/22 15:57:23 INFO metastore: Trying to connect to metastore with URI thrift://hive-metastore:9083
[2025-11-22T15:57:23.110+0000] {subprocess.py:106} INFO - 25/11/22 15:57:23 INFO metastore: Opened a connection to metastore, current connections: 1
[2025-11-22T15:57:23.130+0000] {subprocess.py:106} INFO - 25/11/22 15:57:23 INFO metastore: Connected to metastore.
[2025-11-22T15:57:23.364+0000] {subprocess.py:106} INFO - 25/11/22 15:57:23 INFO BaseMetastoreTableOperations: Refreshing table metadata from new version: hdfs://dinhhoa-master:9000/user/ndh/warehouse/bronze.db/it_jobs_raw/metadata/00024-6aaef4e8-9dd5-4326-9eac-9df676e7ff00.metadata.json
[2025-11-22T15:57:23.365+0000] {subprocess.py:106} INFO - 25/11/22 15:57:23 INFO StandaloneSchedulerBackend$StandaloneDriverEndpoint: Registered executor NettyRpcEndpointRef(spark-client://Executor) (172.30.0.8:59178) with ID 0,  ResourceProfileId 0
[2025-11-22T15:57:23.452+0000] {subprocess.py:106} INFO - 25/11/22 15:57:23 INFO BlockManagerMasterEndpoint: Registering block manager 172.30.0.8:41661 with 434.4 MiB RAM, BlockManagerId(0, 172.30.0.8, 41661, None)
[2025-11-22T15:57:24.114+0000] {subprocess.py:106} INFO - 25/11/22 15:57:24 INFO BaseMetastoreCatalog: Table loaded by catalog: hive_catalog.bronze.it_jobs_raw
[2025-11-22T15:57:24.831+0000] {subprocess.py:106} INFO - 25/11/22 15:57:24 INFO SnapshotScan: Scanning table hive_catalog.bronze.it_jobs_raw snapshot 6612441743271801087 created at 2025-11-22T15:57:14.059+00:00 with filter true
[2025-11-22T15:57:25.019+0000] {subprocess.py:106} INFO - 25/11/22 15:57:25 INFO BaseDistributedDataScan: Planning file tasks locally for table hive_catalog.bronze.it_jobs_raw
[2025-11-22T15:57:25.275+0000] {subprocess.py:106} INFO - 25/11/22 15:57:25 INFO V2ScanRelationPushDown:
[2025-11-22T15:57:25.276+0000] {subprocess.py:106} INFO - Pushing operators to hive_catalog.bronze.it_jobs_raw
[2025-11-22T15:57:25.280+0000] {subprocess.py:106} INFO - Pushed Aggregate Functions:
[2025-11-22T15:57:25.281+0000] {subprocess.py:106} INFO -  COUNT(*)
[2025-11-22T15:57:25.282+0000] {subprocess.py:106} INFO - Pushed Group by:
[2025-11-22T15:57:25.282+0000] {subprocess.py:106} INFO - 
[2025-11-22T15:57:25.282+0000] {subprocess.py:106} INFO - 
[2025-11-22T15:57:26.291+0000] {subprocess.py:106} INFO - 25/11/22 15:57:26 INFO CodeGenerator: Code generated in 241.968799 ms
[2025-11-22T15:57:26.312+0000] {subprocess.py:106} INFO - 25/11/22 15:57:26 INFO CodeGenerator: Code generated in 10.459966 ms
[2025-11-22T15:57:26.403+0000] {subprocess.py:106} INFO - 25/11/22 15:57:26 INFO DAGScheduler: Registering RDD 2 (count at <unknown>:0) as input to shuffle 0
[2025-11-22T15:57:26.408+0000] {subprocess.py:106} INFO - 25/11/22 15:57:26 INFO DAGScheduler: Got map stage job 0 (count at <unknown>:0) with 1 output partitions
[2025-11-22T15:57:26.409+0000] {subprocess.py:106} INFO - 25/11/22 15:57:26 INFO DAGScheduler: Final stage: ShuffleMapStage 0 (count at <unknown>:0)
[2025-11-22T15:57:26.409+0000] {subprocess.py:106} INFO - 25/11/22 15:57:26 INFO DAGScheduler: Parents of final stage: List()
[2025-11-22T15:57:26.411+0000] {subprocess.py:106} INFO - 25/11/22 15:57:26 INFO DAGScheduler: Missing parents: List()
[2025-11-22T15:57:26.416+0000] {subprocess.py:106} INFO - 25/11/22 15:57:26 INFO DAGScheduler: Submitting ShuffleMapStage 0 (MapPartitionsRDD[2] at count at <unknown>:0), which has no missing parents
[2025-11-22T15:57:26.502+0000] {subprocess.py:106} INFO - 25/11/22 15:57:26 INFO MemoryStore: Block broadcast_0 stored as values in memory (estimated size 12.6 KiB, free 434.4 MiB)
[2025-11-22T15:57:26.528+0000] {subprocess.py:106} INFO - 25/11/22 15:57:26 INFO MemoryStore: Block broadcast_0_piece0 stored as bytes in memory (estimated size 6.2 KiB, free 434.4 MiB)
[2025-11-22T15:57:26.530+0000] {subprocess.py:106} INFO - 25/11/22 15:57:26 INFO BlockManagerInfo: Added broadcast_0_piece0 in memory on 68d0d8c522fe:46365 (size: 6.2 KiB, free: 434.4 MiB)
[2025-11-22T15:57:26.534+0000] {subprocess.py:106} INFO - 25/11/22 15:57:26 INFO SparkContext: Created broadcast 0 from broadcast at DAGScheduler.scala:1585
[2025-11-22T15:57:26.550+0000] {subprocess.py:106} INFO - 25/11/22 15:57:26 INFO DAGScheduler: Submitting 1 missing tasks from ShuffleMapStage 0 (MapPartitionsRDD[2] at count at <unknown>:0) (first 15 tasks are for partitions Vector(0))
[2025-11-22T15:57:26.551+0000] {subprocess.py:106} INFO - 25/11/22 15:57:26 INFO TaskSchedulerImpl: Adding task set 0.0 with 1 tasks resource profile 0
[2025-11-22T15:57:26.579+0000] {subprocess.py:106} INFO - 25/11/22 15:57:26 INFO TaskSetManager: Starting task 0.0 in stage 0.0 (TID 0) (172.30.0.8, executor 0, partition 0, PROCESS_LOCAL, 9492 bytes)
[2025-11-22T15:57:26.789+0000] {subprocess.py:106} INFO - 25/11/22 15:57:26 INFO BlockManagerInfo: Added broadcast_0_piece0 in memory on 172.30.0.8:41661 (size: 6.2 KiB, free: 434.4 MiB)
[2025-11-22T15:57:27.430+0000] {subprocess.py:106} INFO - 25/11/22 15:57:27 INFO TaskSetManager: Finished task 0.0 in stage 0.0 (TID 0) in 864 ms on 172.30.0.8 (executor 0) (1/1)
[2025-11-22T15:57:27.432+0000] {subprocess.py:106} INFO - 25/11/22 15:57:27 INFO TaskSchedulerImpl: Removed TaskSet 0.0, whose tasks have all completed, from pool
[2025-11-22T15:57:27.439+0000] {subprocess.py:106} INFO - 25/11/22 15:57:27 INFO DAGScheduler: ShuffleMapStage 0 (count at <unknown>:0) finished in 1.012 s
[2025-11-22T15:57:27.440+0000] {subprocess.py:106} INFO - 25/11/22 15:57:27 INFO DAGScheduler: looking for newly runnable stages
[2025-11-22T15:57:27.441+0000] {subprocess.py:106} INFO - 25/11/22 15:57:27 INFO DAGScheduler: running: Set()
[2025-11-22T15:57:27.441+0000] {subprocess.py:106} INFO - 25/11/22 15:57:27 INFO DAGScheduler: waiting: Set()
[2025-11-22T15:57:27.442+0000] {subprocess.py:106} INFO - 25/11/22 15:57:27 INFO DAGScheduler: failed: Set()
[2025-11-22T15:57:27.483+0000] {subprocess.py:106} INFO - 25/11/22 15:57:27 INFO CodeGenerator: Code generated in 11.413596 ms
[2025-11-22T15:57:27.526+0000] {subprocess.py:106} INFO - 25/11/22 15:57:27 INFO SparkContext: Starting job: count at <unknown>:0
[2025-11-22T15:57:27.530+0000] {subprocess.py:106} INFO - 25/11/22 15:57:27 INFO DAGScheduler: Got job 1 (count at <unknown>:0) with 1 output partitions
[2025-11-22T15:57:27.531+0000] {subprocess.py:106} INFO - 25/11/22 15:57:27 INFO DAGScheduler: Final stage: ResultStage 2 (count at <unknown>:0)
[2025-11-22T15:57:27.532+0000] {subprocess.py:106} INFO - 25/11/22 15:57:27 INFO DAGScheduler: Parents of final stage: List(ShuffleMapStage 1)
[2025-11-22T15:57:27.533+0000] {subprocess.py:106} INFO - 25/11/22 15:57:27 INFO DAGScheduler: Missing parents: List()
[2025-11-22T15:57:27.536+0000] {subprocess.py:106} INFO - 25/11/22 15:57:27 INFO DAGScheduler: Submitting ResultStage 2 (MapPartitionsRDD[5] at count at <unknown>:0), which has no missing parents
[2025-11-22T15:57:27.548+0000] {subprocess.py:106} INFO - 25/11/22 15:57:27 INFO MemoryStore: Block broadcast_1 stored as values in memory (estimated size 13.7 KiB, free 434.4 MiB)
[2025-11-22T15:57:27.559+0000] {subprocess.py:106} INFO - 25/11/22 15:57:27 INFO MemoryStore: Block broadcast_1_piece0 stored as bytes in memory (estimated size 6.3 KiB, free 434.4 MiB)
[2025-11-22T15:57:27.559+0000] {subprocess.py:106} INFO - 25/11/22 15:57:27 INFO BlockManagerInfo: Added broadcast_1_piece0 in memory on 68d0d8c522fe:46365 (size: 6.3 KiB, free: 434.4 MiB)
[2025-11-22T15:57:27.560+0000] {subprocess.py:106} INFO - 25/11/22 15:57:27 INFO SparkContext: Created broadcast 1 from broadcast at DAGScheduler.scala:1585
[2025-11-22T15:57:27.563+0000] {subprocess.py:106} INFO - 25/11/22 15:57:27 INFO DAGScheduler: Submitting 1 missing tasks from ResultStage 2 (MapPartitionsRDD[5] at count at <unknown>:0) (first 15 tasks are for partitions Vector(0))
[2025-11-22T15:57:27.564+0000] {subprocess.py:106} INFO - 25/11/22 15:57:27 INFO TaskSchedulerImpl: Adding task set 2.0 with 1 tasks resource profile 0
[2025-11-22T15:57:27.569+0000] {subprocess.py:106} INFO - 25/11/22 15:57:27 INFO TaskSetManager: Starting task 0.0 in stage 2.0 (TID 1) (172.30.0.8, executor 0, partition 0, NODE_LOCAL, 9331 bytes)
[2025-11-22T15:57:27.590+0000] {subprocess.py:106} INFO - 25/11/22 15:57:27 INFO BlockManagerInfo: Added broadcast_1_piece0 in memory on 172.30.0.8:41661 (size: 6.3 KiB, free: 434.4 MiB)
[2025-11-22T15:57:27.648+0000] {subprocess.py:106} INFO - 25/11/22 15:57:27 INFO MapOutputTrackerMasterEndpoint: Asked to send map output locations for shuffle 0 to 172.30.0.8:59178
[2025-11-22T15:57:27.771+0000] {subprocess.py:106} INFO - 25/11/22 15:57:27 INFO TaskSetManager: Finished task 0.0 in stage 2.0 (TID 1) in 203 ms on 172.30.0.8 (executor 0) (1/1)
[2025-11-22T15:57:27.771+0000] {subprocess.py:106} INFO - 25/11/22 15:57:27 INFO TaskSchedulerImpl: Removed TaskSet 2.0, whose tasks have all completed, from pool
[2025-11-22T15:57:27.772+0000] {subprocess.py:106} INFO - 25/11/22 15:57:27 INFO DAGScheduler: ResultStage 2 (count at <unknown>:0) finished in 0.228 s
[2025-11-22T15:57:27.775+0000] {subprocess.py:106} INFO - 25/11/22 15:57:27 INFO DAGScheduler: Job 1 is finished. Cancelling potential speculative or zombie tasks for this job
[2025-11-22T15:57:27.776+0000] {subprocess.py:106} INFO - 25/11/22 15:57:27 INFO TaskSchedulerImpl: Killing all running tasks in stage 2: Stage finished
[2025-11-22T15:57:27.778+0000] {subprocess.py:106} INFO - 25/11/22 15:57:27 INFO DAGScheduler: Job 1 finished: count at <unknown>:0, took 0.251023 s
[2025-11-22T15:57:27.788+0000] {subprocess.py:106} INFO - 📦 Bronze record count: 4573
[2025-11-22T15:57:27.793+0000] {subprocess.py:106} INFO - root
[2025-11-22T15:57:27.793+0000] {subprocess.py:106} INFO -  |-- job_title: string (nullable = true)
[2025-11-22T15:57:27.794+0000] {subprocess.py:106} INFO -  |-- company_name: string (nullable = true)
[2025-11-22T15:57:27.794+0000] {subprocess.py:106} INFO -  |-- location: string (nullable = true)
[2025-11-22T15:57:27.794+0000] {subprocess.py:106} INFO -  |-- skills_required: string (nullable = true)
[2025-11-22T15:57:27.795+0000] {subprocess.py:106} INFO -  |-- date_posted: string (nullable = true)
[2025-11-22T15:57:27.795+0000] {subprocess.py:106} INFO -  |-- job_link: string (nullable = true)
[2025-11-22T15:57:27.796+0000] {subprocess.py:106} INFO -  |-- job_category: string (nullable = true)
[2025-11-22T15:57:27.796+0000] {subprocess.py:106} INFO -  |-- work_mode: string (nullable = true)
[2025-11-22T15:57:27.796+0000] {subprocess.py:106} INFO -  |-- crawl_date: string (nullable = true)
[2025-11-22T15:57:27.797+0000] {subprocess.py:106} INFO -  |-- date_only: string (nullable = true)
[2025-11-22T15:57:27.798+0000] {subprocess.py:106} INFO -  |-- ingest_time: timestamp (nullable = true)
[2025-11-22T15:57:27.798+0000] {subprocess.py:106} INFO -  |-- source: string (nullable = true)
[2025-11-22T15:57:27.799+0000] {subprocess.py:106} INFO - 
[2025-11-22T15:57:27.843+0000] {subprocess.py:106} INFO - 25/11/22 15:57:27 INFO BlockManagerInfo: Removed broadcast_0_piece0 on 68d0d8c522fe:46365 in memory (size: 6.2 KiB, free: 434.4 MiB)
[2025-11-22T15:57:27.850+0000] {subprocess.py:106} INFO - 25/11/22 15:57:27 INFO BlockManagerInfo: Removed broadcast_0_piece0 on 172.30.0.8:41661 in memory (size: 6.2 KiB, free: 434.4 MiB)
[2025-11-22T15:57:27.864+0000] {subprocess.py:106} INFO - 25/11/22 15:57:27 INFO BlockManagerInfo: Removed broadcast_1_piece0 on 68d0d8c522fe:46365 in memory (size: 6.3 KiB, free: 434.4 MiB)
[2025-11-22T15:57:27.866+0000] {subprocess.py:106} INFO - 25/11/22 15:57:27 INFO BlockManagerInfo: Removed broadcast_1_piece0 on 172.30.0.8:41661 in memory (size: 6.3 KiB, free: 434.4 MiB)
[2025-11-22T15:57:28.524+0000] {subprocess.py:106} INFO - 25/11/22 15:57:28 INFO BaseMetastoreTableOperations: Refreshing table metadata from new version: hdfs://dinhhoa-master:9000/user/ndh/warehouse/silver.db/it_jobs_clean/metadata/00025-5e762d12-a98a-475e-afde-71e23155261d.metadata.json
[2025-11-22T15:57:28.560+0000] {subprocess.py:106} INFO - 25/11/22 15:57:28 INFO BaseMetastoreCatalog: Table loaded by catalog: hive_catalog.silver.it_jobs_clean
[2025-11-22T15:57:28.567+0000] {subprocess.py:106} INFO - 25/11/22 15:57:28 INFO BaseMetastoreCatalog: Table properties set at catalog level through catalog properties: {}
[2025-11-22T15:57:28.569+0000] {subprocess.py:106} INFO - 25/11/22 15:57:28 INFO BaseMetastoreCatalog: Table properties enforced at catalog level through catalog properties: {}
[2025-11-22T15:57:28.583+0000] {subprocess.py:106} INFO - 25/11/22 15:57:28 INFO BaseMetastoreTableOperations: Refreshing table metadata from new version: hdfs://dinhhoa-master:9000/user/ndh/warehouse/silver.db/it_jobs_clean/metadata/00025-5e762d12-a98a-475e-afde-71e23155261d.metadata.json
[2025-11-22T15:57:28.846+0000] {subprocess.py:106} INFO - 25/11/22 15:57:28 INFO V2ScanRelationPushDown:
[2025-11-22T15:57:28.847+0000] {subprocess.py:106} INFO - Pushing operators to hive_catalog.bronze.it_jobs_raw
[2025-11-22T15:57:28.848+0000] {subprocess.py:106} INFO - Pushed Filters: date_posted IS NOT NULL, job_link IS NOT NULL, NOT (job_link = '')
[2025-11-22T15:57:28.849+0000] {subprocess.py:106} INFO - Post-Scan Filters: isnotnull(date_posted#4),isnotnull(upper(trim(company_name#1, None))),NOT (upper(trim(company_name#1, None)) = ),isnotnull(job_link#5),NOT (job_link#5 = ),isnotnull(initcap(trim(job_title#0, None))),NOT (initcap(trim(job_title#0, None)) = ),isnotnull(cast(date_posted#4 as date)),(size(split(trim(location#2, None),  - , -1), true) > 0),isnotnull(split(trim(location#2, None),  - , -1))
[2025-11-22T15:57:28.849+0000] {subprocess.py:106} INFO - 
[2025-11-22T15:57:28.885+0000] {subprocess.py:106} INFO - 25/11/22 15:57:28 INFO V2ScanRelationPushDown:
[2025-11-22T15:57:28.886+0000] {subprocess.py:106} INFO - Output: job_title#0, company_name#1, location#2, skills_required#3, date_posted#4, job_link#5, job_category#6, work_mode#7, crawl_date#8, date_only#9, ingest_time#10, source#11
[2025-11-22T15:57:28.886+0000] {subprocess.py:106} INFO - 
[2025-11-22T15:57:28.901+0000] {subprocess.py:106} INFO - 25/11/22 15:57:28 INFO SnapshotScan: Scanning table hive_catalog.bronze.it_jobs_raw snapshot 6612441743271801087 created at 2025-11-22T15:57:14.059+00:00 with filter ((date_posted IS NOT NULL AND job_link IS NOT NULL) AND NOT (job_link = (hash-00000000)))
[2025-11-22T15:57:28.913+0000] {subprocess.py:106} INFO - 25/11/22 15:57:28 INFO BaseDistributedDataScan: Planning file tasks locally for table hive_catalog.bronze.it_jobs_raw
[2025-11-22T15:57:29.096+0000] {subprocess.py:106} INFO - 25/11/22 15:57:29 INFO SparkPartitioningAwareScan: Reporting UnknownPartitioning with 7 partition(s) for table hive_catalog.bronze.it_jobs_raw
[2025-11-22T15:57:29.131+0000] {subprocess.py:106} INFO - 25/11/22 15:57:29 INFO SparkWrite: Requesting 0 bytes advisory partition size for table silver.it_jobs_clean
[2025-11-22T15:57:29.132+0000] {subprocess.py:106} INFO - 25/11/22 15:57:29 INFO SparkWrite: Requesting UnspecifiedDistribution as write distribution for table silver.it_jobs_clean
[2025-11-22T15:57:29.135+0000] {subprocess.py:106} INFO - 25/11/22 15:57:29 INFO SparkWrite: Requesting [] as write ordering for table silver.it_jobs_clean
[2025-11-22T15:57:29.233+0000] {subprocess.py:106} INFO - 25/11/22 15:57:29 INFO MemoryStore: Block broadcast_2 stored as values in memory (estimated size 32.0 KiB, free 434.4 MiB)
[2025-11-22T15:57:29.251+0000] {subprocess.py:106} INFO - 25/11/22 15:57:29 INFO MemoryStore: Block broadcast_2_piece0 stored as bytes in memory (estimated size 29.8 KiB, free 434.3 MiB)
[2025-11-22T15:57:29.253+0000] {subprocess.py:106} INFO - 25/11/22 15:57:29 INFO BlockManagerInfo: Added broadcast_2_piece0 in memory on 68d0d8c522fe:46365 (size: 29.8 KiB, free: 434.4 MiB)
[2025-11-22T15:57:29.254+0000] {subprocess.py:106} INFO - 25/11/22 15:57:29 INFO SparkContext: Created broadcast 2 from broadcast at SparkBatch.java:79
[2025-11-22T15:57:29.290+0000] {subprocess.py:106} INFO - 25/11/22 15:57:29 INFO MemoryStore: Block broadcast_3 stored as values in memory (estimated size 32.0 KiB, free 434.3 MiB)
[2025-11-22T15:57:29.301+0000] {subprocess.py:106} INFO - 25/11/22 15:57:29 INFO MemoryStore: Block broadcast_3_piece0 stored as bytes in memory (estimated size 29.8 KiB, free 434.3 MiB)
[2025-11-22T15:57:29.302+0000] {subprocess.py:106} INFO - 25/11/22 15:57:29 INFO BlockManagerInfo: Added broadcast_3_piece0 in memory on 68d0d8c522fe:46365 (size: 29.8 KiB, free: 434.3 MiB)
[2025-11-22T15:57:29.304+0000] {subprocess.py:106} INFO - 25/11/22 15:57:29 INFO SparkContext: Created broadcast 3 from broadcast at SparkBatch.java:79
[2025-11-22T15:57:29.463+0000] {subprocess.py:106} INFO - 25/11/22 15:57:29 INFO CodeGenerator: Code generated in 15.667457 ms
[2025-11-22T15:57:29.596+0000] {subprocess.py:106} INFO - 25/11/22 15:57:29 INFO CodeGenerator: Code generated in 70.150637 ms
[2025-11-22T15:57:29.686+0000] {subprocess.py:106} INFO - 25/11/22 15:57:29 INFO DAGScheduler: Registering RDD 12 (createOrReplace at <unknown>:0) as input to shuffle 1
[2025-11-22T15:57:29.687+0000] {subprocess.py:106} INFO - 25/11/22 15:57:29 INFO DAGScheduler: Got map stage job 2 (createOrReplace at <unknown>:0) with 7 output partitions
[2025-11-22T15:57:29.687+0000] {subprocess.py:106} INFO - 25/11/22 15:57:29 INFO DAGScheduler: Final stage: ShuffleMapStage 3 (createOrReplace at <unknown>:0)
[2025-11-22T15:57:29.688+0000] {subprocess.py:106} INFO - 25/11/22 15:57:29 INFO DAGScheduler: Parents of final stage: List()
[2025-11-22T15:57:29.689+0000] {subprocess.py:106} INFO - 25/11/22 15:57:29 INFO DAGScheduler: Missing parents: List()
[2025-11-22T15:57:29.691+0000] {subprocess.py:106} INFO - 25/11/22 15:57:29 INFO DAGScheduler: Submitting ShuffleMapStage 3 (MapPartitionsRDD[12] at createOrReplace at <unknown>:0), which has no missing parents
[2025-11-22T15:57:29.713+0000] {subprocess.py:106} INFO - 25/11/22 15:57:29 INFO MemoryStore: Block broadcast_4 stored as values in memory (estimated size 73.1 KiB, free 434.2 MiB)
[2025-11-22T15:57:29.724+0000] {subprocess.py:106} INFO - 25/11/22 15:57:29 INFO MemoryStore: Block broadcast_4_piece0 stored as bytes in memory (estimated size 27.0 KiB, free 434.2 MiB)
[2025-11-22T15:57:29.729+0000] {subprocess.py:106} INFO - 25/11/22 15:57:29 INFO BlockManagerInfo: Added broadcast_4_piece0 in memory on 68d0d8c522fe:46365 (size: 27.0 KiB, free: 434.3 MiB)
[2025-11-22T15:57:29.729+0000] {subprocess.py:106} INFO - 25/11/22 15:57:29 INFO SparkContext: Created broadcast 4 from broadcast at DAGScheduler.scala:1585
[2025-11-22T15:57:29.730+0000] {subprocess.py:106} INFO - 25/11/22 15:57:29 INFO DAGScheduler: Submitting 7 missing tasks from ShuffleMapStage 3 (MapPartitionsRDD[12] at createOrReplace at <unknown>:0) (first 15 tasks are for partitions Vector(0, 1, 2, 3, 4, 5, 6))
[2025-11-22T15:57:29.730+0000] {subprocess.py:106} INFO - 25/11/22 15:57:29 INFO TaskSchedulerImpl: Adding task set 3.0 with 7 tasks resource profile 0
[2025-11-22T15:57:29.749+0000] {subprocess.py:106} INFO - 25/11/22 15:57:29 INFO TaskSetManager: Starting task 0.0 in stage 3.0 (TID 2) (172.30.0.8, executor 0, partition 0, ANY, 16861 bytes)
[2025-11-22T15:57:30.060+0000] {subprocess.py:106} INFO - 25/11/22 15:57:30 INFO BlockManagerInfo: Added broadcast_4_piece0 in memory on 172.30.0.8:41661 (size: 27.0 KiB, free: 434.4 MiB)
[2025-11-22T15:57:30.622+0000] {subprocess.py:106} INFO - 25/11/22 15:57:30 INFO BlockManagerInfo: Added broadcast_3_piece0 in memory on 172.30.0.8:41661 (size: 29.8 KiB, free: 434.3 MiB)
[2025-11-22T15:57:33.451+0000] {subprocess.py:106} INFO - 25/11/22 15:57:33 INFO TaskSetManager: Starting task 1.0 in stage 3.0 (TID 3) (172.30.0.8, executor 0, partition 1, ANY, 16860 bytes)
[2025-11-22T15:57:33.452+0000] {subprocess.py:106} INFO - 25/11/22 15:57:33 INFO TaskSetManager: Finished task 0.0 in stage 3.0 (TID 2) in 3722 ms on 172.30.0.8 (executor 0) (1/7)
[2025-11-22T15:57:34.028+0000] {subprocess.py:106} INFO - 25/11/22 15:57:34 INFO TaskSetManager: Starting task 2.0 in stage 3.0 (TID 4) (172.30.0.8, executor 0, partition 2, ANY, 16861 bytes)
[2025-11-22T15:57:34.029+0000] {subprocess.py:106} INFO - 25/11/22 15:57:34 INFO TaskSetManager: Finished task 1.0 in stage 3.0 (TID 3) in 579 ms on 172.30.0.8 (executor 0) (2/7)
[2025-11-22T15:57:34.436+0000] {subprocess.py:106} INFO - 25/11/22 15:57:34 INFO TaskSetManager: Starting task 3.0 in stage 3.0 (TID 5) (172.30.0.8, executor 0, partition 3, ANY, 16861 bytes)
[2025-11-22T15:57:34.437+0000] {subprocess.py:106} INFO - 25/11/22 15:57:34 INFO TaskSetManager: Finished task 2.0 in stage 3.0 (TID 4) in 410 ms on 172.30.0.8 (executor 0) (3/7)
[2025-11-22T15:57:34.778+0000] {subprocess.py:106} INFO - 25/11/22 15:57:34 INFO TaskSetManager: Starting task 4.0 in stage 3.0 (TID 6) (172.30.0.8, executor 0, partition 4, ANY, 16861 bytes)
[2025-11-22T15:57:34.780+0000] {subprocess.py:106} INFO - 25/11/22 15:57:34 INFO TaskSetManager: Finished task 3.0 in stage 3.0 (TID 5) in 343 ms on 172.30.0.8 (executor 0) (4/7)
[2025-11-22T15:57:35.099+0000] {subprocess.py:106} INFO - 25/11/22 15:57:35 INFO TaskSetManager: Starting task 5.0 in stage 3.0 (TID 7) (172.30.0.8, executor 0, partition 5, ANY, 16861 bytes)
[2025-11-22T15:57:35.101+0000] {subprocess.py:106} INFO - 25/11/22 15:57:35 INFO TaskSetManager: Finished task 4.0 in stage 3.0 (TID 6) in 322 ms on 172.30.0.8 (executor 0) (5/7)
[2025-11-22T15:57:35.432+0000] {subprocess.py:106} INFO - 25/11/22 15:57:35 INFO TaskSetManager: Starting task 6.0 in stage 3.0 (TID 8) (172.30.0.8, executor 0, partition 6, ANY, 15430 bytes)
[2025-11-22T15:57:35.438+0000] {subprocess.py:106} INFO - 25/11/22 15:57:35 INFO TaskSetManager: Finished task 5.0 in stage 3.0 (TID 7) in 333 ms on 172.30.0.8 (executor 0) (6/7)
[2025-11-22T15:57:35.580+0000] {subprocess.py:106} INFO - 25/11/22 15:57:35 INFO TaskSetManager: Finished task 6.0 in stage 3.0 (TID 8) in 151 ms on 172.30.0.8 (executor 0) (7/7)
[2025-11-22T15:57:35.582+0000] {subprocess.py:106} INFO - 25/11/22 15:57:35 INFO TaskSchedulerImpl: Removed TaskSet 3.0, whose tasks have all completed, from pool
[2025-11-22T15:57:35.585+0000] {subprocess.py:106} INFO - 25/11/22 15:57:35 INFO DAGScheduler: ShuffleMapStage 3 (createOrReplace at <unknown>:0) finished in 5.888 s
[2025-11-22T15:57:35.586+0000] {subprocess.py:106} INFO - 25/11/22 15:57:35 INFO DAGScheduler: looking for newly runnable stages
[2025-11-22T15:57:35.587+0000] {subprocess.py:106} INFO - 25/11/22 15:57:35 INFO DAGScheduler: running: Set()
[2025-11-22T15:57:35.588+0000] {subprocess.py:106} INFO - 25/11/22 15:57:35 INFO DAGScheduler: waiting: Set()
[2025-11-22T15:57:35.588+0000] {subprocess.py:106} INFO - 25/11/22 15:57:35 INFO DAGScheduler: failed: Set()
[2025-11-22T15:57:35.599+0000] {subprocess.py:106} INFO - 25/11/22 15:57:35 INFO ShufflePartitionsUtil: For shuffle(1), advisory target size: 67108864, actual target size 1048576, minimum partition size: 1048576
[2025-11-22T15:57:35.647+0000] {subprocess.py:106} INFO - 25/11/22 15:57:35 INFO CodeGenerator: Code generated in 11.622008 ms
[2025-11-22T15:57:35.675+0000] {subprocess.py:106} INFO - 25/11/22 15:57:35 INFO MemoryStore: Block broadcast_5 stored as values in memory (estimated size 32.0 KiB, free 434.2 MiB)
[2025-11-22T15:57:35.689+0000] {subprocess.py:106} INFO - 25/11/22 15:57:35 INFO MemoryStore: Block broadcast_5_piece0 stored as bytes in memory (estimated size 29.6 KiB, free 434.1 MiB)
[2025-11-22T15:57:35.693+0000] {subprocess.py:106} INFO - 25/11/22 15:57:35 INFO BlockManagerInfo: Added broadcast_5_piece0 in memory on 68d0d8c522fe:46365 (size: 29.6 KiB, free: 434.3 MiB)
[2025-11-22T15:57:35.694+0000] {subprocess.py:106} INFO - 25/11/22 15:57:35 INFO BlockManagerInfo: Removed broadcast_4_piece0 on 68d0d8c522fe:46365 in memory (size: 27.0 KiB, free: 434.3 MiB)
[2025-11-22T15:57:35.698+0000] {subprocess.py:106} INFO - 25/11/22 15:57:35 INFO SparkContext: Created broadcast 5 from broadcast at SparkWrite.java:193
[2025-11-22T15:57:35.699+0000] {subprocess.py:106} INFO - 25/11/22 15:57:35 INFO AppendDataExec: Start processing data source write support: IcebergBatchWrite(table=silver.it_jobs_clean, format=PARQUET). The input RDD has 1 partitions.
[2025-11-22T15:57:35.700+0000] {subprocess.py:106} INFO - 25/11/22 15:57:35 INFO BlockManagerInfo: Removed broadcast_4_piece0 on 172.30.0.8:41661 in memory (size: 27.0 KiB, free: 434.4 MiB)
[2025-11-22T15:57:35.715+0000] {subprocess.py:106} INFO - 25/11/22 15:57:35 INFO SparkContext: Starting job: createOrReplace at <unknown>:0
[2025-11-22T15:57:35.716+0000] {subprocess.py:106} INFO - 25/11/22 15:57:35 INFO DAGScheduler: Got job 3 (createOrReplace at <unknown>:0) with 1 output partitions
[2025-11-22T15:57:35.717+0000] {subprocess.py:106} INFO - 25/11/22 15:57:35 INFO DAGScheduler: Final stage: ResultStage 5 (createOrReplace at <unknown>:0)
[2025-11-22T15:57:35.718+0000] {subprocess.py:106} INFO - 25/11/22 15:57:35 INFO DAGScheduler: Parents of final stage: List(ShuffleMapStage 4)
[2025-11-22T15:57:35.719+0000] {subprocess.py:106} INFO - 25/11/22 15:57:35 INFO DAGScheduler: Missing parents: List()
[2025-11-22T15:57:35.721+0000] {subprocess.py:106} INFO - 25/11/22 15:57:35 INFO DAGScheduler: Submitting ResultStage 5 (MapPartitionsRDD[15] at createOrReplace at <unknown>:0), which has no missing parents
[2025-11-22T15:57:35.752+0000] {subprocess.py:106} INFO - 25/11/22 15:57:35 INFO MemoryStore: Block broadcast_6 stored as values in memory (estimated size 66.5 KiB, free 434.2 MiB)
[2025-11-22T15:57:35.755+0000] {subprocess.py:106} INFO - 25/11/22 15:57:35 INFO MemoryStore: Block broadcast_6_piece0 stored as bytes in memory (estimated size 26.9 KiB, free 434.1 MiB)
[2025-11-22T15:57:35.756+0000] {subprocess.py:106} INFO - 25/11/22 15:57:35 INFO BlockManagerInfo: Added broadcast_6_piece0 in memory on 68d0d8c522fe:46365 (size: 26.9 KiB, free: 434.3 MiB)
[2025-11-22T15:57:35.757+0000] {subprocess.py:106} INFO - 25/11/22 15:57:35 INFO SparkContext: Created broadcast 6 from broadcast at DAGScheduler.scala:1585
[2025-11-22T15:57:35.759+0000] {subprocess.py:106} INFO - 25/11/22 15:57:35 INFO DAGScheduler: Submitting 1 missing tasks from ResultStage 5 (MapPartitionsRDD[15] at createOrReplace at <unknown>:0) (first 15 tasks are for partitions Vector(0))
[2025-11-22T15:57:35.760+0000] {subprocess.py:106} INFO - 25/11/22 15:57:35 INFO TaskSchedulerImpl: Adding task set 5.0 with 1 tasks resource profile 0
[2025-11-22T15:57:35.762+0000] {subprocess.py:106} INFO - 25/11/22 15:57:35 INFO TaskSetManager: Starting task 0.0 in stage 5.0 (TID 9) (172.30.0.8, executor 0, partition 0, NODE_LOCAL, 9331 bytes)
[2025-11-22T15:57:35.777+0000] {subprocess.py:106} INFO - 25/11/22 15:57:35 INFO BlockManagerInfo: Added broadcast_6_piece0 in memory on 172.30.0.8:41661 (size: 26.9 KiB, free: 434.3 MiB)
[2025-11-22T15:57:35.820+0000] {subprocess.py:106} INFO - 25/11/22 15:57:35 INFO MapOutputTrackerMasterEndpoint: Asked to send map output locations for shuffle 1 to 172.30.0.8:59178
[2025-11-22T15:57:36.044+0000] {subprocess.py:106} INFO - 25/11/22 15:57:36 INFO BlockManagerInfo: Added broadcast_5_piece0 in memory on 172.30.0.8:41661 (size: 29.6 KiB, free: 434.3 MiB)
[2025-11-22T15:57:36.732+0000] {subprocess.py:106} INFO - 25/11/22 15:57:36 INFO TaskSetManager: Finished task 0.0 in stage 5.0 (TID 9) in 966 ms on 172.30.0.8 (executor 0) (1/1)
[2025-11-22T15:57:36.737+0000] {subprocess.py:106} INFO - 25/11/22 15:57:36 INFO TaskSchedulerImpl: Removed TaskSet 5.0, whose tasks have all completed, from pool
[2025-11-22T15:57:36.738+0000] {subprocess.py:106} INFO - 25/11/22 15:57:36 INFO DAGScheduler: ResultStage 5 (createOrReplace at <unknown>:0) finished in 0.989 s
[2025-11-22T15:57:36.739+0000] {subprocess.py:106} INFO - 25/11/22 15:57:36 INFO DAGScheduler: Job 3 is finished. Cancelling potential speculative or zombie tasks for this job
[2025-11-22T15:57:36.739+0000] {subprocess.py:106} INFO - 25/11/22 15:57:36 INFO TaskSchedulerImpl: Killing all running tasks in stage 5: Stage finished
[2025-11-22T15:57:36.740+0000] {subprocess.py:106} INFO - 25/11/22 15:57:36 INFO DAGScheduler: Job 3 finished: createOrReplace at <unknown>:0, took 1.015607 s
[2025-11-22T15:57:36.740+0000] {subprocess.py:106} INFO - 25/11/22 15:57:36 INFO AppendDataExec: Data source write support IcebergBatchWrite(table=silver.it_jobs_clean, format=PARQUET) is committing.
[2025-11-22T15:57:36.759+0000] {subprocess.py:106} INFO - 25/11/22 15:57:36 INFO SparkWrite: Committing append with 1 new data files to table silver.it_jobs_clean
[2025-11-22T15:57:37.031+0000] {subprocess.py:106} INFO - 25/11/22 15:57:37 INFO SnapshotProducer: Committed snapshot 3979075823374257864 (MergeAppend)
[2025-11-22T15:57:37.056+0000] {subprocess.py:106} INFO - 25/11/22 15:57:37 INFO LoggingMetricsReporter: Received metrics report: CommitReport{tableName=silver.it_jobs_clean, snapshotId=3979075823374257864, sequenceNumber=27, operation=append, commitMetrics=CommitMetricsResult{totalDuration=TimerResult{timeUnit=NANOSECONDS, totalDuration=PT0.287773298S, count=1}, attempts=CounterResult{unit=COUNT, value=1}, addedDataFiles=CounterResult{unit=COUNT, value=1}, removedDataFiles=null, totalDataFiles=CounterResult{unit=COUNT, value=1}, addedDeleteFiles=null, addedEqualityDeleteFiles=null, addedPositionalDeleteFiles=null, removedDeleteFiles=null, removedEqualityDeleteFiles=null, removedPositionalDeleteFiles=null, totalDeleteFiles=CounterResult{unit=COUNT, value=0}, addedRecords=CounterResult{unit=COUNT, value=4467}, removedRecords=null, totalRecords=CounterResult{unit=COUNT, value=4467}, addedFilesSizeInBytes=CounterResult{unit=BYTES, value=147433}, removedFilesSizeInBytes=null, totalFilesSizeInBytes=CounterResult{unit=BYTES, value=147433}, addedPositionalDeletes=null, removedPositionalDeletes=null, totalPositionalDeletes=CounterResult{unit=COUNT, value=0}, addedEqualityDeletes=null, removedEqualityDeletes=null, totalEqualityDeletes=CounterResult{unit=COUNT, value=0}}, metadata={engine-version=3.5.3, app-id=app-20251122155720-0004, engine-name=spark, iceberg-version=Apache Iceberg 1.6.1 (commit 8e9d59d299be42b0bca9461457cd1e95dbaad086)}}
[2025-11-22T15:57:37.057+0000] {subprocess.py:106} INFO - 25/11/22 15:57:37 INFO SparkWrite: Committed in 295 ms
[2025-11-22T15:57:37.057+0000] {subprocess.py:106} INFO - 25/11/22 15:57:37 INFO AppendDataExec: Data source write support IcebergBatchWrite(table=silver.it_jobs_clean, format=PARQUET) committed.
[2025-11-22T15:57:37.286+0000] {subprocess.py:106} INFO - 25/11/22 15:57:37 INFO HiveTableOperations: Committed to table hive_catalog.silver.it_jobs_clean with the new metadata location hdfs://dinhhoa-master:9000/user/ndh/warehouse/silver.db/it_jobs_clean/metadata/00026-75833840-2741-4e7c-ab2d-0c40fc960f46.metadata.json
[2025-11-22T15:57:37.289+0000] {subprocess.py:106} INFO - 25/11/22 15:57:37 INFO BaseMetastoreTableOperations: Successfully committed to table hive_catalog.silver.it_jobs_clean in 216 ms
[2025-11-22T15:57:37.293+0000] {subprocess.py:106} INFO -  Cleaned data successfully written to Silver!
[2025-11-22T15:57:37.367+0000] {subprocess.py:106} INFO - 25/11/22 15:57:37 INFO V2ScanRelationPushDown:
[2025-11-22T15:57:37.368+0000] {subprocess.py:106} INFO - Pushing operators to hive_catalog.bronze.it_jobs_raw
[2025-11-22T15:57:37.369+0000] {subprocess.py:106} INFO - Pushed Filters: date_posted IS NOT NULL, job_link IS NOT NULL, NOT (job_link = '')
[2025-11-22T15:57:37.370+0000] {subprocess.py:106} INFO - Post-Scan Filters: isnotnull(date_posted#4),isnotnull(upper(trim(company_name#1, None))),NOT (upper(trim(company_name#1, None)) = ),isnotnull(job_link#5),NOT (job_link#5 = ),isnotnull(initcap(trim(job_title#0, None))),NOT (initcap(trim(job_title#0, None)) = ),isnotnull(cast(date_posted#4 as date)),(size(split(trim(location#2, None),  - , -1), true) > 0),isnotnull(split(trim(location#2, None),  - , -1))
[2025-11-22T15:57:37.370+0000] {subprocess.py:106} INFO - 
[2025-11-22T15:57:37.374+0000] {subprocess.py:106} INFO - 25/11/22 15:57:37 INFO V2ScanRelationPushDown:
[2025-11-22T15:57:37.374+0000] {subprocess.py:106} INFO - Output: job_title#0, company_name#1, location#2, date_posted#4, job_link#5
[2025-11-22T15:57:37.375+0000] {subprocess.py:106} INFO - 
[2025-11-22T15:57:37.376+0000] {subprocess.py:106} INFO - 25/11/22 15:57:37 INFO SnapshotScan: Scanning table hive_catalog.bronze.it_jobs_raw snapshot 6612441743271801087 created at 2025-11-22T15:57:14.059+00:00 with filter ((date_posted IS NOT NULL AND job_link IS NOT NULL) AND NOT (job_link = (hash-00000000)))
[2025-11-22T15:57:37.378+0000] {subprocess.py:106} INFO - 25/11/22 15:57:37 INFO BaseDistributedDataScan: Planning file tasks locally for table hive_catalog.bronze.it_jobs_raw
[2025-11-22T15:57:37.446+0000] {subprocess.py:106} INFO - 25/11/22 15:57:37 INFO BlockManagerInfo: Removed broadcast_6_piece0 on 68d0d8c522fe:46365 in memory (size: 26.9 KiB, free: 434.3 MiB)
[2025-11-22T15:57:37.449+0000] {subprocess.py:106} INFO - 25/11/22 15:57:37 INFO BlockManagerInfo: Removed broadcast_6_piece0 on 172.30.0.8:41661 in memory (size: 26.9 KiB, free: 434.3 MiB)
[2025-11-22T15:57:37.479+0000] {subprocess.py:106} INFO - 25/11/22 15:57:37 INFO BlockManagerInfo: Removed broadcast_5_piece0 on 68d0d8c522fe:46365 in memory (size: 29.6 KiB, free: 434.3 MiB)
[2025-11-22T15:57:37.490+0000] {subprocess.py:106} INFO - 25/11/22 15:57:37 INFO BlockManagerInfo: Removed broadcast_5_piece0 on 172.30.0.8:41661 in memory (size: 29.6 KiB, free: 434.4 MiB)
[2025-11-22T15:57:37.540+0000] {subprocess.py:106} INFO - 25/11/22 15:57:37 INFO SparkPartitioningAwareScan: Reporting UnknownPartitioning with 7 partition(s) for table hive_catalog.bronze.it_jobs_raw
[2025-11-22T15:57:37.555+0000] {subprocess.py:106} INFO - 25/11/22 15:57:37 INFO MemoryStore: Block broadcast_7 stored as values in memory (estimated size 32.0 KiB, free 434.2 MiB)
[2025-11-22T15:57:37.558+0000] {subprocess.py:106} INFO - 25/11/22 15:57:37 INFO MemoryStore: Block broadcast_7_piece0 stored as bytes in memory (estimated size 29.8 KiB, free 434.2 MiB)
[2025-11-22T15:57:37.559+0000] {subprocess.py:106} INFO - 25/11/22 15:57:37 INFO BlockManagerInfo: Added broadcast_7_piece0 in memory on 68d0d8c522fe:46365 (size: 29.8 KiB, free: 434.3 MiB)
[2025-11-22T15:57:37.560+0000] {subprocess.py:106} INFO - 25/11/22 15:57:37 INFO SparkContext: Created broadcast 7 from broadcast at SparkBatch.java:79
[2025-11-22T15:57:37.598+0000] {subprocess.py:106} INFO - 25/11/22 15:57:37 INFO MemoryStore: Block broadcast_8 stored as values in memory (estimated size 32.0 KiB, free 434.2 MiB)
[2025-11-22T15:57:37.609+0000] {subprocess.py:106} INFO - 25/11/22 15:57:37 INFO MemoryStore: Block broadcast_8_piece0 stored as bytes in memory (estimated size 29.8 KiB, free 434.2 MiB)
[2025-11-22T15:57:37.610+0000] {subprocess.py:106} INFO - 25/11/22 15:57:37 INFO BlockManagerInfo: Added broadcast_8_piece0 in memory on 68d0d8c522fe:46365 (size: 29.8 KiB, free: 434.3 MiB)
[2025-11-22T15:57:37.616+0000] {subprocess.py:106} INFO - 25/11/22 15:57:37 INFO SparkContext: Created broadcast 8 from broadcast at SparkBatch.java:79
[2025-11-22T15:57:37.812+0000] {subprocess.py:106} INFO - 25/11/22 15:57:37 INFO CodeGenerator: Code generated in 73.39831 ms
[2025-11-22T15:57:37.828+0000] {subprocess.py:106} INFO - 25/11/22 15:57:37 INFO DAGScheduler: Registering RDD 19 (count at <unknown>:0) as input to shuffle 2
[2025-11-22T15:57:37.829+0000] {subprocess.py:106} INFO - 25/11/22 15:57:37 INFO DAGScheduler: Got map stage job 4 (count at <unknown>:0) with 7 output partitions
[2025-11-22T15:57:37.830+0000] {subprocess.py:106} INFO - 25/11/22 15:57:37 INFO DAGScheduler: Final stage: ShuffleMapStage 6 (count at <unknown>:0)
[2025-11-22T15:57:37.831+0000] {subprocess.py:106} INFO - 25/11/22 15:57:37 INFO DAGScheduler: Parents of final stage: List()
[2025-11-22T15:57:37.832+0000] {subprocess.py:106} INFO - 25/11/22 15:57:37 INFO DAGScheduler: Missing parents: List()
[2025-11-22T15:57:37.832+0000] {subprocess.py:106} INFO - 25/11/22 15:57:37 INFO DAGScheduler: Submitting ShuffleMapStage 6 (MapPartitionsRDD[19] at count at <unknown>:0), which has no missing parents
[2025-11-22T15:57:37.838+0000] {subprocess.py:106} INFO - 25/11/22 15:57:37 INFO MemoryStore: Block broadcast_9 stored as values in memory (estimated size 56.9 KiB, free 434.1 MiB)
[2025-11-22T15:57:37.849+0000] {subprocess.py:106} INFO - 25/11/22 15:57:37 INFO MemoryStore: Block broadcast_9_piece0 stored as bytes in memory (estimated size 22.6 KiB, free 434.1 MiB)
[2025-11-22T15:57:37.851+0000] {subprocess.py:106} INFO - 25/11/22 15:57:37 INFO BlockManagerInfo: Added broadcast_9_piece0 in memory on 68d0d8c522fe:46365 (size: 22.6 KiB, free: 434.3 MiB)
[2025-11-22T15:57:37.852+0000] {subprocess.py:106} INFO - 25/11/22 15:57:37 INFO SparkContext: Created broadcast 9 from broadcast at DAGScheduler.scala:1585
[2025-11-22T15:57:37.852+0000] {subprocess.py:106} INFO - 25/11/22 15:57:37 INFO DAGScheduler: Submitting 7 missing tasks from ShuffleMapStage 6 (MapPartitionsRDD[19] at count at <unknown>:0) (first 15 tasks are for partitions Vector(0, 1, 2, 3, 4, 5, 6))
[2025-11-22T15:57:37.853+0000] {subprocess.py:106} INFO - 25/11/22 15:57:37 INFO TaskSchedulerImpl: Adding task set 6.0 with 7 tasks resource profile 0
[2025-11-22T15:57:37.855+0000] {subprocess.py:106} INFO - 25/11/22 15:57:37 INFO TaskSetManager: Starting task 0.0 in stage 6.0 (TID 10) (172.30.0.8, executor 0, partition 0, ANY, 16417 bytes)
[2025-11-22T15:57:37.873+0000] {subprocess.py:106} INFO - 25/11/22 15:57:37 INFO BlockManagerInfo: Added broadcast_9_piece0 in memory on 172.30.0.8:41661 (size: 22.6 KiB, free: 434.3 MiB)
[2025-11-22T15:57:37.917+0000] {subprocess.py:106} INFO - 25/11/22 15:57:37 INFO BlockManagerInfo: Removed broadcast_2_piece0 on 68d0d8c522fe:46365 in memory (size: 29.8 KiB, free: 434.3 MiB)
[2025-11-22T15:57:38.015+0000] {subprocess.py:106} INFO - 25/11/22 15:57:38 INFO BlockManagerInfo: Added broadcast_8_piece0 in memory on 172.30.0.8:41661 (size: 29.8 KiB, free: 434.3 MiB)
[2025-11-22T15:57:38.328+0000] {subprocess.py:106} INFO - 25/11/22 15:57:38 INFO TaskSetManager: Starting task 1.0 in stage 6.0 (TID 11) (172.30.0.8, executor 0, partition 1, ANY, 16416 bytes)
[2025-11-22T15:57:38.329+0000] {subprocess.py:106} INFO - 25/11/22 15:57:38 INFO TaskSetManager: Finished task 0.0 in stage 6.0 (TID 10) in 475 ms on 172.30.0.8 (executor 0) (1/7)
[2025-11-22T15:57:38.711+0000] {subprocess.py:106} INFO - 25/11/22 15:57:38 INFO TaskSetManager: Starting task 2.0 in stage 6.0 (TID 12) (172.30.0.8, executor 0, partition 2, ANY, 16408 bytes)
[2025-11-22T15:57:38.717+0000] {subprocess.py:106} INFO - 25/11/22 15:57:38 INFO TaskSetManager: Finished task 1.0 in stage 6.0 (TID 11) in 380 ms on 172.30.0.8 (executor 0) (2/7)
[2025-11-22T15:57:39.073+0000] {subprocess.py:106} INFO - 25/11/22 15:57:39 INFO TaskSetManager: Starting task 3.0 in stage 6.0 (TID 13) (172.30.0.8, executor 0, partition 3, ANY, 16417 bytes)
[2025-11-22T15:57:39.077+0000] {subprocess.py:106} INFO - 25/11/22 15:57:39 INFO TaskSetManager: Finished task 2.0 in stage 6.0 (TID 12) in 364 ms on 172.30.0.8 (executor 0) (3/7)
[2025-11-22T15:57:39.456+0000] {subprocess.py:106} INFO - 25/11/22 15:57:39 INFO TaskSetManager: Starting task 4.0 in stage 6.0 (TID 14) (172.30.0.8, executor 0, partition 4, ANY, 16417 bytes)
[2025-11-22T15:57:39.457+0000] {subprocess.py:106} INFO - 25/11/22 15:57:39 INFO TaskSetManager: Finished task 3.0 in stage 6.0 (TID 13) in 390 ms on 172.30.0.8 (executor 0) (4/7)
[2025-11-22T15:57:39.843+0000] {subprocess.py:106} INFO - 25/11/22 15:57:39 INFO TaskSetManager: Starting task 5.0 in stage 6.0 (TID 15) (172.30.0.8, executor 0, partition 5, ANY, 16417 bytes)
[2025-11-22T15:57:39.848+0000] {subprocess.py:106} INFO - 25/11/22 15:57:39 INFO TaskSetManager: Finished task 4.0 in stage 6.0 (TID 14) in 390 ms on 172.30.0.8 (executor 0) (5/7)
[2025-11-22T15:57:40.147+0000] {subprocess.py:106} INFO - 25/11/22 15:57:40 INFO TaskSetManager: Starting task 6.0 in stage 6.0 (TID 16) (172.30.0.8, executor 0, partition 6, ANY, 14986 bytes)
[2025-11-22T15:57:40.148+0000] {subprocess.py:106} INFO - 25/11/22 15:57:40 INFO TaskSetManager: Finished task 5.0 in stage 6.0 (TID 15) in 306 ms on 172.30.0.8 (executor 0) (6/7)
[2025-11-22T15:57:40.280+0000] {subprocess.py:106} INFO - 25/11/22 15:57:40 INFO TaskSetManager: Finished task 6.0 in stage 6.0 (TID 16) in 133 ms on 172.30.0.8 (executor 0) (7/7)
[2025-11-22T15:57:40.281+0000] {subprocess.py:106} INFO - 25/11/22 15:57:40 INFO TaskSchedulerImpl: Removed TaskSet 6.0, whose tasks have all completed, from pool
[2025-11-22T15:57:40.282+0000] {subprocess.py:106} INFO - 25/11/22 15:57:40 INFO DAGScheduler: ShuffleMapStage 6 (count at <unknown>:0) finished in 2.446 s
[2025-11-22T15:57:40.283+0000] {subprocess.py:106} INFO - 25/11/22 15:57:40 INFO DAGScheduler: looking for newly runnable stages
[2025-11-22T15:57:40.284+0000] {subprocess.py:106} INFO - 25/11/22 15:57:40 INFO DAGScheduler: running: Set()
[2025-11-22T15:57:40.284+0000] {subprocess.py:106} INFO - 25/11/22 15:57:40 INFO DAGScheduler: waiting: Set()
[2025-11-22T15:57:40.285+0000] {subprocess.py:106} INFO - 25/11/22 15:57:40 INFO DAGScheduler: failed: Set()
[2025-11-22T15:57:40.299+0000] {subprocess.py:106} INFO - 25/11/22 15:57:40 INFO ShufflePartitionsUtil: For shuffle(2), advisory target size: 67108864, actual target size 1048576, minimum partition size: 1048576
[2025-11-22T15:57:40.351+0000] {subprocess.py:106} INFO - 25/11/22 15:57:40 INFO CodeGenerator: Code generated in 30.501318 ms
[2025-11-22T15:57:40.372+0000] {subprocess.py:106} INFO - 25/11/22 15:57:40 INFO DAGScheduler: Registering RDD 22 (count at <unknown>:0) as input to shuffle 3
[2025-11-22T15:57:40.373+0000] {subprocess.py:106} INFO - 25/11/22 15:57:40 INFO DAGScheduler: Got map stage job 5 (count at <unknown>:0) with 1 output partitions
[2025-11-22T15:57:40.374+0000] {subprocess.py:106} INFO - 25/11/22 15:57:40 INFO DAGScheduler: Final stage: ShuffleMapStage 8 (count at <unknown>:0)
[2025-11-22T15:57:40.374+0000] {subprocess.py:106} INFO - 25/11/22 15:57:40 INFO DAGScheduler: Parents of final stage: List(ShuffleMapStage 7)
[2025-11-22T15:57:40.375+0000] {subprocess.py:106} INFO - 25/11/22 15:57:40 INFO DAGScheduler: Missing parents: List()
[2025-11-22T15:57:40.376+0000] {subprocess.py:106} INFO - 25/11/22 15:57:40 INFO DAGScheduler: Submitting ShuffleMapStage 8 (MapPartitionsRDD[22] at count at <unknown>:0), which has no missing parents
[2025-11-22T15:57:40.386+0000] {subprocess.py:106} INFO - 25/11/22 15:57:40 INFO MemoryStore: Block broadcast_10 stored as values in memory (estimated size 54.2 KiB, free 434.1 MiB)
[2025-11-22T15:57:40.397+0000] {subprocess.py:106} INFO - 25/11/22 15:57:40 INFO MemoryStore: Block broadcast_10_piece0 stored as bytes in memory (estimated size 23.5 KiB, free 434.1 MiB)
[2025-11-22T15:57:40.398+0000] {subprocess.py:106} INFO - 25/11/22 15:57:40 INFO BlockManagerInfo: Added broadcast_10_piece0 in memory on 68d0d8c522fe:46365 (size: 23.5 KiB, free: 434.3 MiB)
[2025-11-22T15:57:40.400+0000] {subprocess.py:106} INFO - 25/11/22 15:57:40 INFO SparkContext: Created broadcast 10 from broadcast at DAGScheduler.scala:1585
[2025-11-22T15:57:40.402+0000] {subprocess.py:106} INFO - 25/11/22 15:57:40 INFO BlockManagerInfo: Removed broadcast_9_piece0 on 68d0d8c522fe:46365 in memory (size: 22.6 KiB, free: 434.3 MiB)
[2025-11-22T15:57:40.403+0000] {subprocess.py:106} INFO - 25/11/22 15:57:40 INFO DAGScheduler: Submitting 1 missing tasks from ShuffleMapStage 8 (MapPartitionsRDD[22] at count at <unknown>:0) (first 15 tasks are for partitions Vector(0))
[2025-11-22T15:57:40.404+0000] {subprocess.py:106} INFO - 25/11/22 15:57:40 INFO TaskSchedulerImpl: Adding task set 8.0 with 1 tasks resource profile 0
[2025-11-22T15:57:40.406+0000] {subprocess.py:106} INFO - 25/11/22 15:57:40 INFO TaskSetManager: Starting task 0.0 in stage 8.0 (TID 17) (172.30.0.8, executor 0, partition 0, NODE_LOCAL, 9320 bytes)
[2025-11-22T15:57:40.410+0000] {subprocess.py:106} INFO - 25/11/22 15:57:40 INFO BlockManagerInfo: Removed broadcast_9_piece0 on 172.30.0.8:41661 in memory (size: 22.6 KiB, free: 434.3 MiB)
[2025-11-22T15:57:40.438+0000] {subprocess.py:106} INFO - 25/11/22 15:57:40 INFO BlockManagerInfo: Added broadcast_10_piece0 in memory on 172.30.0.8:41661 (size: 23.5 KiB, free: 434.3 MiB)
[2025-11-22T15:57:40.467+0000] {subprocess.py:106} INFO - 25/11/22 15:57:40 INFO MapOutputTrackerMasterEndpoint: Asked to send map output locations for shuffle 2 to 172.30.0.8:59178
[2025-11-22T15:57:40.555+0000] {subprocess.py:106} INFO - 25/11/22 15:57:40 INFO TaskSetManager: Finished task 0.0 in stage 8.0 (TID 17) in 151 ms on 172.30.0.8 (executor 0) (1/1)
[2025-11-22T15:57:40.556+0000] {subprocess.py:106} INFO - 25/11/22 15:57:40 INFO TaskSchedulerImpl: Removed TaskSet 8.0, whose tasks have all completed, from pool
[2025-11-22T15:57:40.557+0000] {subprocess.py:106} INFO - 25/11/22 15:57:40 INFO DAGScheduler: ShuffleMapStage 8 (count at <unknown>:0) finished in 0.173 s
[2025-11-22T15:57:40.557+0000] {subprocess.py:106} INFO - 25/11/22 15:57:40 INFO DAGScheduler: looking for newly runnable stages
[2025-11-22T15:57:40.559+0000] {subprocess.py:106} INFO - 25/11/22 15:57:40 INFO DAGScheduler: running: Set()
[2025-11-22T15:57:40.559+0000] {subprocess.py:106} INFO - 25/11/22 15:57:40 INFO DAGScheduler: waiting: Set()
[2025-11-22T15:57:40.560+0000] {subprocess.py:106} INFO - 25/11/22 15:57:40 INFO DAGScheduler: failed: Set()
[2025-11-22T15:57:40.582+0000] {subprocess.py:106} INFO - 25/11/22 15:57:40 INFO CodeGenerator: Code generated in 9.184174 ms
[2025-11-22T15:57:40.596+0000] {subprocess.py:106} INFO - 25/11/22 15:57:40 INFO SparkContext: Starting job: count at <unknown>:0
[2025-11-22T15:57:40.598+0000] {subprocess.py:106} INFO - 25/11/22 15:57:40 INFO DAGScheduler: Got job 6 (count at <unknown>:0) with 1 output partitions
[2025-11-22T15:57:40.602+0000] {subprocess.py:106} INFO - 25/11/22 15:57:40 INFO DAGScheduler: Final stage: ResultStage 11 (count at <unknown>:0)
[2025-11-22T15:57:40.602+0000] {subprocess.py:106} INFO - 25/11/22 15:57:40 INFO DAGScheduler: Parents of final stage: List(ShuffleMapStage 10)
[2025-11-22T15:57:40.603+0000] {subprocess.py:106} INFO - 25/11/22 15:57:40 INFO DAGScheduler: Missing parents: List()
[2025-11-22T15:57:40.604+0000] {subprocess.py:106} INFO - 25/11/22 15:57:40 INFO DAGScheduler: Submitting ResultStage 11 (MapPartitionsRDD[25] at count at <unknown>:0), which has no missing parents
[2025-11-22T15:57:40.605+0000] {subprocess.py:106} INFO - 25/11/22 15:57:40 INFO MemoryStore: Block broadcast_11 stored as values in memory (estimated size 12.5 KiB, free 434.1 MiB)
[2025-11-22T15:57:40.620+0000] {subprocess.py:106} INFO - 25/11/22 15:57:40 INFO MemoryStore: Block broadcast_11_piece0 stored as bytes in memory (estimated size 5.9 KiB, free 434.1 MiB)
[2025-11-22T15:57:40.622+0000] {subprocess.py:106} INFO - 25/11/22 15:57:40 INFO BlockManagerInfo: Added broadcast_11_piece0 in memory on 68d0d8c522fe:46365 (size: 5.9 KiB, free: 434.3 MiB)
[2025-11-22T15:57:40.627+0000] {subprocess.py:106} INFO - 25/11/22 15:57:40 INFO BlockManagerInfo: Removed broadcast_10_piece0 on 68d0d8c522fe:46365 in memory (size: 23.5 KiB, free: 434.3 MiB)
[2025-11-22T15:57:40.628+0000] {subprocess.py:106} INFO - 25/11/22 15:57:40 INFO SparkContext: Created broadcast 11 from broadcast at DAGScheduler.scala:1585
[2025-11-22T15:57:40.629+0000] {subprocess.py:106} INFO - 25/11/22 15:57:40 INFO BlockManagerInfo: Removed broadcast_10_piece0 on 172.30.0.8:41661 in memory (size: 23.5 KiB, free: 434.3 MiB)
[2025-11-22T15:57:40.630+0000] {subprocess.py:106} INFO - 25/11/22 15:57:40 INFO DAGScheduler: Submitting 1 missing tasks from ResultStage 11 (MapPartitionsRDD[25] at count at <unknown>:0) (first 15 tasks are for partitions Vector(0))
[2025-11-22T15:57:40.631+0000] {subprocess.py:106} INFO - 25/11/22 15:57:40 INFO TaskSchedulerImpl: Adding task set 11.0 with 1 tasks resource profile 0
[2025-11-22T15:57:40.634+0000] {subprocess.py:106} INFO - 25/11/22 15:57:40 INFO TaskSetManager: Starting task 0.0 in stage 11.0 (TID 18) (172.30.0.8, executor 0, partition 0, NODE_LOCAL, 9331 bytes)
[2025-11-22T15:57:40.657+0000] {subprocess.py:106} INFO - 25/11/22 15:57:40 INFO BlockManagerInfo: Added broadcast_11_piece0 in memory on 172.30.0.8:41661 (size: 5.9 KiB, free: 434.3 MiB)
[2025-11-22T15:57:40.664+0000] {subprocess.py:106} INFO - 25/11/22 15:57:40 INFO MapOutputTrackerMasterEndpoint: Asked to send map output locations for shuffle 3 to 172.30.0.8:59178
[2025-11-22T15:57:40.716+0000] {subprocess.py:106} INFO - 25/11/22 15:57:40 INFO TaskSetManager: Finished task 0.0 in stage 11.0 (TID 18) in 82 ms on 172.30.0.8 (executor 0) (1/1)
[2025-11-22T15:57:40.717+0000] {subprocess.py:106} INFO - 25/11/22 15:57:40 INFO TaskSchedulerImpl: Removed TaskSet 11.0, whose tasks have all completed, from pool
[2025-11-22T15:57:40.718+0000] {subprocess.py:106} INFO - 25/11/22 15:57:40 INFO DAGScheduler: ResultStage 11 (count at <unknown>:0) finished in 0.115 s
[2025-11-22T15:57:40.719+0000] {subprocess.py:106} INFO - 25/11/22 15:57:40 INFO DAGScheduler: Job 6 is finished. Cancelling potential speculative or zombie tasks for this job
[2025-11-22T15:57:40.720+0000] {subprocess.py:106} INFO - 25/11/22 15:57:40 INFO TaskSchedulerImpl: Killing all running tasks in stage 11: Stage finished
[2025-11-22T15:57:40.726+0000] {subprocess.py:106} INFO - 25/11/22 15:57:40 INFO DAGScheduler: Job 6 finished: count at <unknown>:0, took 0.121902 s
[2025-11-22T15:57:40.727+0000] {subprocess.py:106} INFO -  Record count after cleaning: 4467
[2025-11-22T15:57:40.728+0000] {subprocess.py:106} INFO - 25/11/22 15:57:40 INFO SparkContext: SparkContext is stopping with exitCode 0.
[2025-11-22T15:57:40.742+0000] {subprocess.py:106} INFO - 25/11/22 15:57:40 INFO SparkUI: Stopped Spark web UI at http://68d0d8c522fe:4040
[2025-11-22T15:57:40.751+0000] {subprocess.py:106} INFO - 25/11/22 15:57:40 INFO StandaloneSchedulerBackend: Shutting down all executors
[2025-11-22T15:57:40.753+0000] {subprocess.py:106} INFO - 25/11/22 15:57:40 INFO StandaloneSchedulerBackend$StandaloneDriverEndpoint: Asking each executor to shut down
[2025-11-22T15:57:40.786+0000] {subprocess.py:106} INFO - 25/11/22 15:57:40 INFO MapOutputTrackerMasterEndpoint: MapOutputTrackerMasterEndpoint stopped!
[2025-11-22T15:57:40.817+0000] {subprocess.py:106} INFO - 25/11/22 15:57:40 INFO MemoryStore: MemoryStore cleared
[2025-11-22T15:57:40.820+0000] {subprocess.py:106} INFO - 25/11/22 15:57:40 INFO BlockManager: BlockManager stopped
[2025-11-22T15:57:40.822+0000] {subprocess.py:106} INFO - 25/11/22 15:57:40 INFO BlockManagerMaster: BlockManagerMaster stopped
[2025-11-22T15:57:40.830+0000] {subprocess.py:106} INFO - 25/11/22 15:57:40 INFO OutputCommitCoordinator$OutputCommitCoordinatorEndpoint: OutputCommitCoordinator stopped!
[2025-11-22T15:57:40.854+0000] {subprocess.py:106} INFO - 25/11/22 15:57:40 INFO SparkContext: Successfully stopped SparkContext
[2025-11-22T15:57:41.312+0000] {subprocess.py:106} INFO - 25/11/22 15:57:41 INFO ShutdownHookManager: Shutdown hook called
[2025-11-22T15:57:41.317+0000] {subprocess.py:106} INFO - 25/11/22 15:57:41 INFO ShutdownHookManager: Deleting directory /tmp/spark-4156591b-e24e-4210-ad70-d877bcc6a94b
[2025-11-22T15:57:41.318+0000] {subprocess.py:106} INFO - 25/11/22 15:57:41 INFO ShutdownHookManager: Deleting directory /tmp/spark-f01d38d9-9643-4c7a-90a2-e139f07db19c
[2025-11-22T15:57:41.321+0000] {subprocess.py:106} INFO - 25/11/22 15:57:41 INFO ShutdownHookManager: Deleting directory /tmp/spark-4156591b-e24e-4210-ad70-d877bcc6a94b/pyspark-5ab9b20a-18a8-4fcc-8849-e8afda52db1d
[2025-11-22T15:57:41.403+0000] {subprocess.py:110} INFO - Command exited with return code 0
[2025-11-22T15:57:41.483+0000] {taskinstance.py:341} INFO - ::group::Post task execution logs
[2025-11-22T15:57:41.484+0000] {taskinstance.py:353} INFO - Marking task as SUCCESS. dag_id=crawl_etl_itjob, task_id=clean_silver, run_id=scheduled__2025-11-21T02:00:00+00:00, execution_date=20251121T020000, start_date=20251122T155716, end_date=20251122T155741
[2025-11-22T15:57:41.576+0000] {local_task_job_runner.py:266} INFO - Task exited with return code 0
[2025-11-22T15:57:41.621+0000] {taskinstance.py:3901} INFO - 1 downstream tasks scheduled from follow-on schedule check
[2025-11-22T15:57:41.623+0000] {local_task_job_runner.py:245} INFO - ::endgroup::
