[2025-10-18T07:30:52.880+0000] {local_task_job_runner.py:123} INFO - ::group::Pre task execution logs
[2025-10-18T07:30:52.937+0000] {taskinstance.py:2614} INFO - Dependencies all met for dep_context=non-requeueable deps ti=<TaskInstance: etl_datalake_hive_iceberg.load_bronze scheduled__2025-10-17T00:00:00+00:00 [queued]>
[2025-10-18T07:30:52.959+0000] {taskinstance.py:2614} INFO - Dependencies all met for dep_context=requeueable deps ti=<TaskInstance: etl_datalake_hive_iceberg.load_bronze scheduled__2025-10-17T00:00:00+00:00 [queued]>
[2025-10-18T07:30:52.961+0000] {taskinstance.py:2867} INFO - Starting attempt 1 of 2
[2025-10-18T07:30:52.988+0000] {taskinstance.py:2890} INFO - Executing <Task(BashOperator): load_bronze> on 2025-10-17 00:00:00+00:00
[2025-10-18T07:30:53.004+0000] {standard_task_runner.py:72} INFO - Started process 41 to run task
[2025-10-18T07:30:53.013+0000] {standard_task_runner.py:104} INFO - Running: ['***', 'tasks', 'run', 'etl_datalake_hive_iceberg', 'load_bronze', 'scheduled__2025-10-17T00:00:00+00:00', '--job-id', '42', '--raw', '--subdir', 'DAGS_FOLDER/etl_datalake_dag.py', '--cfg-path', '/tmp/tmpl58hq7gs']
[2025-10-18T07:30:53.016+0000] {standard_task_runner.py:105} INFO - Job 42: Subtask load_bronze
[2025-10-18T07:30:53.097+0000] {warnings.py:109} WARNING - /home/***/.local/lib/python3.8/site-packages/***/settings.py:209: DeprecationWarning: The sql_alchemy_conn option in [core] has been moved to the sql_alchemy_conn option in [database] - the old setting has been used, but please update your config.
  SQL_ALCHEMY_CONN = conf.get("database", "SQL_ALCHEMY_CONN")

[2025-10-18T07:30:53.295+0000] {task_command.py:467} INFO - Running <TaskInstance: etl_datalake_hive_iceberg.load_bronze scheduled__2025-10-17T00:00:00+00:00 [running]> on host 1432f256adfc
[2025-10-18T07:30:53.300+0000] {warnings.py:109} WARNING - /home/***/.local/lib/python3.8/site-packages/***/settings.py:470: DeprecationWarning: The sql_alchemy_conn option in [core] has been moved to the sql_alchemy_conn option in [database] - the old setting has been used, but please update your config.
  if conf.get("database", "sql_alchemy_conn") == "none://":

[2025-10-18T07:30:53.712+0000] {taskinstance.py:3134} INFO - Exporting env vars: AIRFLOW_CTX_DAG_EMAIL='alert@datateam.local' AIRFLOW_CTX_DAG_OWNER='***' AIRFLOW_CTX_DAG_ID='etl_datalake_hive_iceberg' AIRFLOW_CTX_TASK_ID='load_bronze' AIRFLOW_CTX_EXECUTION_DATE='2025-10-17T00:00:00+00:00' AIRFLOW_CTX_TRY_NUMBER='1' AIRFLOW_CTX_DAG_RUN_ID='scheduled__2025-10-17T00:00:00+00:00'
[2025-10-18T07:30:53.715+0000] {taskinstance.py:732} INFO - ::endgroup::
[2025-10-18T07:30:53.772+0000] {subprocess.py:78} INFO - Tmp dir root location: /tmp
[2025-10-18T07:30:53.777+0000] {subprocess.py:88} INFO - Running command: ['/bin/bash', '-c', '\n        docker exec spark-submit /opt/spark/bin/spark-submit         --master spark://spark-master:7077         --deploy-mode client         /opt/***/scripts/Load_Bronze.py\n        ']
[2025-10-18T07:30:53.809+0000] {subprocess.py:99} INFO - Output:
[2025-10-18T07:31:02.218+0000] {subprocess.py:106} INFO - 25/10/18 07:31:02 INFO SparkContext: Running Spark version 3.5.3
[2025-10-18T07:31:02.224+0000] {subprocess.py:106} INFO - 25/10/18 07:31:02 INFO SparkContext: OS info Linux, 6.6.87.2-microsoft-standard-WSL2, amd64
[2025-10-18T07:31:02.225+0000] {subprocess.py:106} INFO - 25/10/18 07:31:02 INFO SparkContext: Java version 11.0.24
[2025-10-18T07:31:02.340+0000] {subprocess.py:106} INFO - 25/10/18 07:31:02 WARN NativeCodeLoader: Unable to load native-hadoop library for your platform... using builtin-java classes where applicable
[2025-10-18T07:31:02.504+0000] {subprocess.py:106} INFO - 25/10/18 07:31:02 INFO ResourceUtils: ==============================================================
[2025-10-18T07:31:02.507+0000] {subprocess.py:106} INFO - 25/10/18 07:31:02 INFO ResourceUtils: No custom resources configured for spark.driver.
[2025-10-18T07:31:02.508+0000] {subprocess.py:106} INFO - 25/10/18 07:31:02 INFO ResourceUtils: ==============================================================
[2025-10-18T07:31:02.509+0000] {subprocess.py:106} INFO - 25/10/18 07:31:02 INFO SparkContext: Submitted application: Load_Bronze_Hive_Iceberg
[2025-10-18T07:31:02.556+0000] {subprocess.py:106} INFO - 25/10/18 07:31:02 INFO ResourceProfile: Default ResourceProfile created, executor resources: Map(memory -> name: memory, amount: 1024, script: , vendor: , offHeap -> name: offHeap, amount: 0, script: , vendor: ), task resources: Map(cpus -> name: cpus, amount: 1.0)
[2025-10-18T07:31:02.577+0000] {subprocess.py:106} INFO - 25/10/18 07:31:02 INFO ResourceProfile: Limiting resource is cpu
[2025-10-18T07:31:02.578+0000] {subprocess.py:106} INFO - 25/10/18 07:31:02 INFO ResourceProfileManager: Added ResourceProfile id: 0
[2025-10-18T07:31:02.702+0000] {subprocess.py:106} INFO - 25/10/18 07:31:02 INFO SecurityManager: Changing view acls to: spark
[2025-10-18T07:31:02.703+0000] {subprocess.py:106} INFO - 25/10/18 07:31:02 INFO SecurityManager: Changing modify acls to: spark
[2025-10-18T07:31:02.705+0000] {subprocess.py:106} INFO - 25/10/18 07:31:02 INFO SecurityManager: Changing view acls groups to:
[2025-10-18T07:31:02.708+0000] {subprocess.py:106} INFO - 25/10/18 07:31:02 INFO SecurityManager: Changing modify acls groups to:
[2025-10-18T07:31:02.709+0000] {subprocess.py:106} INFO - 25/10/18 07:31:02 INFO SecurityManager: SecurityManager: authentication disabled; ui acls disabled; users with view permissions: spark; groups with view permissions: EMPTY; users with modify permissions: spark; groups with modify permissions: EMPTY
[2025-10-18T07:31:03.327+0000] {subprocess.py:106} INFO - 25/10/18 07:31:03 INFO Utils: Successfully started service 'sparkDriver' on port 42993.
[2025-10-18T07:31:03.388+0000] {subprocess.py:106} INFO - 25/10/18 07:31:03 INFO SparkEnv: Registering MapOutputTracker
[2025-10-18T07:31:03.479+0000] {subprocess.py:106} INFO - 25/10/18 07:31:03 INFO SparkEnv: Registering BlockManagerMaster
[2025-10-18T07:31:03.517+0000] {subprocess.py:106} INFO - 25/10/18 07:31:03 INFO BlockManagerMasterEndpoint: Using org.apache.spark.storage.DefaultTopologyMapper for getting topology information
[2025-10-18T07:31:03.519+0000] {subprocess.py:106} INFO - 25/10/18 07:31:03 INFO BlockManagerMasterEndpoint: BlockManagerMasterEndpoint up
[2025-10-18T07:31:03.528+0000] {subprocess.py:106} INFO - 25/10/18 07:31:03 INFO SparkEnv: Registering BlockManagerMasterHeartbeat
[2025-10-18T07:31:03.592+0000] {subprocess.py:106} INFO - 25/10/18 07:31:03 INFO DiskBlockManager: Created local directory at /tmp/blockmgr-150bfed0-28ef-4b45-ae52-7e69e3601d06
[2025-10-18T07:31:03.628+0000] {subprocess.py:106} INFO - 25/10/18 07:31:03 INFO MemoryStore: MemoryStore started with capacity 434.4 MiB
[2025-10-18T07:31:03.665+0000] {subprocess.py:106} INFO - 25/10/18 07:31:03 INFO SparkEnv: Registering OutputCommitCoordinator
[2025-10-18T07:31:03.935+0000] {subprocess.py:106} INFO - 25/10/18 07:31:03 INFO JettyUtils: Start Jetty 0.0.0.0:4040 for SparkUI
[2025-10-18T07:31:04.080+0000] {subprocess.py:106} INFO - 25/10/18 07:31:04 INFO Utils: Successfully started service 'SparkUI' on port 4040.
[2025-10-18T07:31:04.383+0000] {subprocess.py:106} INFO - 25/10/18 07:31:04 INFO StandaloneAppClient$ClientEndpoint: Connecting to master spark://spark-master:7077...
[2025-10-18T07:31:04.500+0000] {subprocess.py:106} INFO - 25/10/18 07:31:04 INFO TransportClientFactory: Successfully created connection to spark-master/172.30.0.6:7077 after 66 ms (0 ms spent in bootstraps)
[2025-10-18T07:31:04.864+0000] {subprocess.py:106} INFO - 25/10/18 07:31:04 INFO StandaloneSchedulerBackend: Connected to Spark cluster with app ID app-20251018073104-0000
[2025-10-18T07:31:04.894+0000] {subprocess.py:106} INFO - 25/10/18 07:31:04 INFO Utils: Successfully started service 'org.apache.spark.network.netty.NettyBlockTransferService' on port 43381.
[2025-10-18T07:31:04.900+0000] {subprocess.py:106} INFO - 25/10/18 07:31:04 INFO NettyBlockTransferService: Server created on 5e29bbedee46:43381
[2025-10-18T07:31:04.910+0000] {subprocess.py:106} INFO - 25/10/18 07:31:04 INFO BlockManager: Using org.apache.spark.storage.RandomBlockReplicationPolicy for block replication policy
[2025-10-18T07:31:04.924+0000] {subprocess.py:106} INFO - 25/10/18 07:31:04 INFO BlockManagerMaster: Registering BlockManager BlockManagerId(driver, 5e29bbedee46, 43381, None)
[2025-10-18T07:31:04.933+0000] {subprocess.py:106} INFO - 25/10/18 07:31:04 INFO BlockManagerMasterEndpoint: Registering block manager 5e29bbedee46:43381 with 434.4 MiB RAM, BlockManagerId(driver, 5e29bbedee46, 43381, None)
[2025-10-18T07:31:04.937+0000] {subprocess.py:106} INFO - 25/10/18 07:31:04 INFO BlockManagerMaster: Registered BlockManager BlockManagerId(driver, 5e29bbedee46, 43381, None)
[2025-10-18T07:31:04.939+0000] {subprocess.py:106} INFO - 25/10/18 07:31:04 INFO BlockManager: Initialized BlockManager: BlockManagerId(driver, 5e29bbedee46, 43381, None)
[2025-10-18T07:31:04.965+0000] {subprocess.py:106} INFO - 25/10/18 07:31:04 INFO StandaloneAppClient$ClientEndpoint: Executor added: app-20251018073104-0000/0 on worker-20251018072942-172.30.0.8-42453 (172.30.0.8:42453) with 1 core(s)
[2025-10-18T07:31:04.979+0000] {subprocess.py:106} INFO - 25/10/18 07:31:04 INFO StandaloneSchedulerBackend: Granted executor ID app-20251018073104-0000/0 on hostPort 172.30.0.8:42453 with 1 core(s), 1024.0 MiB RAM
[2025-10-18T07:31:05.413+0000] {subprocess.py:106} INFO - 25/10/18 07:31:05 INFO StandaloneAppClient$ClientEndpoint: Executor updated: app-20251018073104-0000/0 is now RUNNING
[2025-10-18T07:31:05.508+0000] {subprocess.py:106} INFO - 25/10/18 07:31:05 INFO StandaloneSchedulerBackend: SchedulerBackend is ready for scheduling beginning after reached minRegisteredResourcesRatio: 0.0
[2025-10-18T07:31:06.444+0000] {subprocess.py:106} INFO - 25/10/18 07:31:06 INFO SharedState: Setting hive.metastore.warehouse.dir ('null') to the value of spark.sql.warehouse.dir.
[2025-10-18T07:31:06.480+0000] {subprocess.py:106} INFO - 25/10/18 07:31:06 INFO SharedState: Warehouse path is 'file:/opt/spark/work-dir/spark-warehouse'.
[2025-10-18T07:31:15.367+0000] {subprocess.py:106} INFO - 25/10/18 07:31:15 INFO StandaloneSchedulerBackend$StandaloneDriverEndpoint: Registered executor NettyRpcEndpointRef(spark-client://Executor) (172.30.0.8:56702) with ID 0,  ResourceProfileId 0
[2025-10-18T07:31:15.502+0000] {subprocess.py:106} INFO - 25/10/18 07:31:15 INFO InMemoryFileIndex: It took 300 ms to list leaf files for 1 paths.
[2025-10-18T07:31:15.564+0000] {subprocess.py:106} INFO - 25/10/18 07:31:15 INFO BlockManagerMasterEndpoint: Registering block manager 172.30.0.8:39971 with 434.4 MiB RAM, BlockManagerId(0, 172.30.0.8, 39971, None)
[2025-10-18T07:31:15.815+0000] {subprocess.py:106} INFO - 25/10/18 07:31:15 INFO MemoryStore: Block broadcast_0 stored as values in memory (estimated size 202.8 KiB, free 434.2 MiB)
[2025-10-18T07:31:15.913+0000] {subprocess.py:106} INFO - 25/10/18 07:31:15 INFO MemoryStore: Block broadcast_0_piece0 stored as bytes in memory (estimated size 35.1 KiB, free 434.2 MiB)
[2025-10-18T07:31:15.921+0000] {subprocess.py:106} INFO - 25/10/18 07:31:15 INFO BlockManagerInfo: Added broadcast_0_piece0 in memory on 5e29bbedee46:43381 (size: 35.1 KiB, free: 434.4 MiB)
[2025-10-18T07:31:15.927+0000] {subprocess.py:106} INFO - 25/10/18 07:31:15 INFO SparkContext: Created broadcast 0 from csv at <unknown>:0
[2025-10-18T07:31:16.816+0000] {subprocess.py:106} INFO - 25/10/18 07:31:16 INFO FileInputFormat: Total input files to process : 1
[2025-10-18T07:31:16.817+0000] {subprocess.py:106} INFO - 25/10/18 07:31:16 INFO FileInputFormat: Total input files to process : 1
[2025-10-18T07:31:16.972+0000] {subprocess.py:106} INFO - 25/10/18 07:31:16 INFO SparkContext: Starting job: csv at <unknown>:0
[2025-10-18T07:31:17.032+0000] {subprocess.py:106} INFO - 25/10/18 07:31:17 INFO DAGScheduler: Got job 0 (csv at <unknown>:0) with 1 output partitions
[2025-10-18T07:31:17.041+0000] {subprocess.py:106} INFO - 25/10/18 07:31:17 INFO DAGScheduler: Final stage: ResultStage 0 (csv at <unknown>:0)
[2025-10-18T07:31:17.044+0000] {subprocess.py:106} INFO - 25/10/18 07:31:17 INFO DAGScheduler: Parents of final stage: List()
[2025-10-18T07:31:17.045+0000] {subprocess.py:106} INFO - 25/10/18 07:31:17 INFO DAGScheduler: Missing parents: List()
[2025-10-18T07:31:17.059+0000] {subprocess.py:106} INFO - 25/10/18 07:31:17 INFO DAGScheduler: Submitting ResultStage 0 (MapPartitionsRDD[2] at csv at <unknown>:0), which has no missing parents
[2025-10-18T07:31:17.109+0000] {subprocess.py:106} INFO - 25/10/18 07:31:17 INFO MemoryStore: Block broadcast_1 stored as values in memory (estimated size 7.6 KiB, free 434.2 MiB)
[2025-10-18T07:31:17.122+0000] {subprocess.py:106} INFO - 25/10/18 07:31:17 INFO MemoryStore: Block broadcast_1_piece0 stored as bytes in memory (estimated size 4.4 KiB, free 434.2 MiB)
[2025-10-18T07:31:17.123+0000] {subprocess.py:106} INFO - 25/10/18 07:31:17 INFO BlockManagerInfo: Added broadcast_1_piece0 in memory on 5e29bbedee46:43381 (size: 4.4 KiB, free: 434.4 MiB)
[2025-10-18T07:31:17.129+0000] {subprocess.py:106} INFO - 25/10/18 07:31:17 INFO SparkContext: Created broadcast 1 from broadcast at DAGScheduler.scala:1585
[2025-10-18T07:31:17.161+0000] {subprocess.py:106} INFO - 25/10/18 07:31:17 INFO DAGScheduler: Submitting 1 missing tasks from ResultStage 0 (MapPartitionsRDD[2] at csv at <unknown>:0) (first 15 tasks are for partitions Vector(0))
[2025-10-18T07:31:17.162+0000] {subprocess.py:106} INFO - 25/10/18 07:31:17 INFO TaskSchedulerImpl: Adding task set 0.0 with 1 tasks resource profile 0
[2025-10-18T07:31:17.257+0000] {subprocess.py:106} INFO - 25/10/18 07:31:17 INFO TaskSetManager: Starting task 0.0 in stage 0.0 (TID 0) (172.30.0.8, executor 0, partition 0, PROCESS_LOCAL, 9174 bytes)
[2025-10-18T07:31:17.894+0000] {subprocess.py:106} INFO - 25/10/18 07:31:17 INFO BlockManagerInfo: Added broadcast_1_piece0 in memory on 172.30.0.8:39971 (size: 4.4 KiB, free: 434.4 MiB)
[2025-10-18T07:31:18.496+0000] {subprocess.py:106} INFO - 25/10/18 07:31:18 INFO BlockManagerInfo: Added broadcast_0_piece0 in memory on 172.30.0.8:39971 (size: 35.1 KiB, free: 434.4 MiB)
[2025-10-18T07:31:20.355+0000] {subprocess.py:106} INFO - 25/10/18 07:31:20 INFO TaskSetManager: Finished task 0.0 in stage 0.0 (TID 0) in 3143 ms on 172.30.0.8 (executor 0) (1/1)
[2025-10-18T07:31:20.358+0000] {subprocess.py:106} INFO - 25/10/18 07:31:20 INFO TaskSchedulerImpl: Removed TaskSet 0.0, whose tasks have all completed, from pool
[2025-10-18T07:31:20.370+0000] {subprocess.py:106} INFO - 25/10/18 07:31:20 INFO DAGScheduler: ResultStage 0 (csv at <unknown>:0) finished in 3.276 s
[2025-10-18T07:31:20.392+0000] {subprocess.py:106} INFO - 25/10/18 07:31:20 INFO DAGScheduler: Job 0 is finished. Cancelling potential speculative or zombie tasks for this job
[2025-10-18T07:31:20.396+0000] {subprocess.py:106} INFO - 25/10/18 07:31:20 INFO TaskSchedulerImpl: Killing all running tasks in stage 0: Stage finished
[2025-10-18T07:31:20.397+0000] {subprocess.py:106} INFO - 25/10/18 07:31:20 INFO DAGScheduler: Job 0 finished: csv at <unknown>:0, took 3.420372 s
[2025-10-18T07:31:20.500+0000] {subprocess.py:106} INFO - 25/10/18 07:31:20 INFO SparkContext: Starting job: csv at <unknown>:0
[2025-10-18T07:31:20.505+0000] {subprocess.py:106} INFO - 25/10/18 07:31:20 INFO DAGScheduler: Got job 1 (csv at <unknown>:0) with 1 output partitions
[2025-10-18T07:31:20.506+0000] {subprocess.py:106} INFO - 25/10/18 07:31:20 INFO DAGScheduler: Final stage: ResultStage 1 (csv at <unknown>:0)
[2025-10-18T07:31:20.507+0000] {subprocess.py:106} INFO - 25/10/18 07:31:20 INFO DAGScheduler: Parents of final stage: List()
[2025-10-18T07:31:20.508+0000] {subprocess.py:106} INFO - 25/10/18 07:31:20 INFO DAGScheduler: Missing parents: List()
[2025-10-18T07:31:20.517+0000] {subprocess.py:106} INFO - 25/10/18 07:31:20 INFO DAGScheduler: Submitting ResultStage 1 (MapPartitionsRDD[3] at csv at <unknown>:0), which has no missing parents
[2025-10-18T07:31:20.519+0000] {subprocess.py:106} INFO - 25/10/18 07:31:20 INFO MemoryStore: Block broadcast_2 stored as values in memory (estimated size 10.1 KiB, free 434.1 MiB)
[2025-10-18T07:31:20.575+0000] {subprocess.py:106} INFO - 25/10/18 07:31:20 INFO MemoryStore: Block broadcast_2_piece0 stored as bytes in memory (estimated size 5.4 KiB, free 434.1 MiB)
[2025-10-18T07:31:20.597+0000] {subprocess.py:106} INFO - 25/10/18 07:31:20 INFO BlockManagerInfo: Added broadcast_2_piece0 in memory on 5e29bbedee46:43381 (size: 5.4 KiB, free: 434.4 MiB)
[2025-10-18T07:31:20.600+0000] {subprocess.py:106} INFO - 25/10/18 07:31:20 INFO SparkContext: Created broadcast 2 from broadcast at DAGScheduler.scala:1585
[2025-10-18T07:31:20.601+0000] {subprocess.py:106} INFO - 25/10/18 07:31:20 INFO DAGScheduler: Submitting 1 missing tasks from ResultStage 1 (MapPartitionsRDD[3] at csv at <unknown>:0) (first 15 tasks are for partitions Vector(0))
[2025-10-18T07:31:20.610+0000] {subprocess.py:106} INFO - 25/10/18 07:31:20 INFO TaskSchedulerImpl: Adding task set 1.0 with 1 tasks resource profile 0
[2025-10-18T07:31:20.623+0000] {subprocess.py:106} INFO - 25/10/18 07:31:20 INFO TaskSetManager: Starting task 0.0 in stage 1.0 (TID 1) (172.30.0.8, executor 0, partition 0, PROCESS_LOCAL, 9174 bytes)
[2025-10-18T07:31:20.689+0000] {subprocess.py:106} INFO - 25/10/18 07:31:20 INFO BlockManagerInfo: Added broadcast_2_piece0 in memory on 172.30.0.8:39971 (size: 5.4 KiB, free: 434.4 MiB)
[2025-10-18T07:31:21.378+0000] {subprocess.py:106} INFO - 25/10/18 07:31:21 INFO TaskSetManager: Finished task 0.0 in stage 1.0 (TID 1) in 776 ms on 172.30.0.8 (executor 0) (1/1)
[2025-10-18T07:31:21.382+0000] {subprocess.py:106} INFO - 25/10/18 07:31:21 INFO TaskSchedulerImpl: Removed TaskSet 1.0, whose tasks have all completed, from pool
[2025-10-18T07:31:21.383+0000] {subprocess.py:106} INFO - 25/10/18 07:31:21 INFO DAGScheduler: ResultStage 1 (csv at <unknown>:0) finished in 0.871 s
[2025-10-18T07:31:21.383+0000] {subprocess.py:106} INFO - 25/10/18 07:31:21 INFO DAGScheduler: Job 1 is finished. Cancelling potential speculative or zombie tasks for this job
[2025-10-18T07:31:21.384+0000] {subprocess.py:106} INFO - 25/10/18 07:31:21 INFO TaskSchedulerImpl: Killing all running tasks in stage 1: Stage finished
[2025-10-18T07:31:21.385+0000] {subprocess.py:106} INFO - 25/10/18 07:31:21 INFO DAGScheduler: Job 1 finished: csv at <unknown>:0, took 0.892978 s
[2025-10-18T07:31:22.833+0000] {subprocess.py:106} INFO - 25/10/18 07:31:22 INFO BlockManagerInfo: Removed broadcast_1_piece0 on 5e29bbedee46:43381 in memory (size: 4.4 KiB, free: 434.4 MiB)
[2025-10-18T07:31:22.843+0000] {subprocess.py:106} INFO - 25/10/18 07:31:22 INFO BlockManagerInfo: Removed broadcast_1_piece0 on 172.30.0.8:39971 in memory (size: 4.4 KiB, free: 434.4 MiB)
[2025-10-18T07:31:22.880+0000] {subprocess.py:106} INFO - 25/10/18 07:31:22 INFO BlockManagerInfo: Removed broadcast_2_piece0 on 5e29bbedee46:43381 in memory (size: 5.4 KiB, free: 434.4 MiB)
[2025-10-18T07:31:22.884+0000] {subprocess.py:106} INFO - 25/10/18 07:31:22 INFO BlockManagerInfo: Removed broadcast_2_piece0 on 172.30.0.8:39971 in memory (size: 5.4 KiB, free: 434.4 MiB)
[2025-10-18T07:31:22.913+0000] {subprocess.py:106} INFO - 25/10/18 07:31:22 INFO BlockManagerInfo: Removed broadcast_0_piece0 on 172.30.0.8:39971 in memory (size: 35.1 KiB, free: 434.4 MiB)
[2025-10-18T07:31:22.924+0000] {subprocess.py:106} INFO - 25/10/18 07:31:22 INFO BlockManagerInfo: Removed broadcast_0_piece0 on 5e29bbedee46:43381 in memory (size: 35.1 KiB, free: 434.4 MiB)
[2025-10-18T07:31:24.418+0000] {subprocess.py:106} INFO - 25/10/18 07:31:24 INFO FileSourceStrategy: Pushed Filters:
[2025-10-18T07:31:24.420+0000] {subprocess.py:106} INFO - 25/10/18 07:31:24 INFO FileSourceStrategy: Post-Scan Filters:
[2025-10-18T07:31:25.425+0000] {subprocess.py:106} INFO - 25/10/18 07:31:25 INFO CodeGenerator: Code generated in 552.200527 ms
[2025-10-18T07:31:25.460+0000] {subprocess.py:106} INFO - 25/10/18 07:31:25 INFO MemoryStore: Block broadcast_3 stored as values in memory (estimated size 202.2 KiB, free 434.2 MiB)
[2025-10-18T07:31:25.490+0000] {subprocess.py:106} INFO - 25/10/18 07:31:25 INFO MemoryStore: Block broadcast_3_piece0 stored as bytes in memory (estimated size 34.9 KiB, free 434.2 MiB)
[2025-10-18T07:31:25.529+0000] {subprocess.py:106} INFO - 25/10/18 07:31:25 INFO BlockManagerInfo: Added broadcast_3_piece0 in memory on 5e29bbedee46:43381 (size: 34.9 KiB, free: 434.4 MiB)
[2025-10-18T07:31:25.533+0000] {subprocess.py:106} INFO - 25/10/18 07:31:25 INFO SparkContext: Created broadcast 3 from count at <unknown>:0
[2025-10-18T07:31:25.574+0000] {subprocess.py:106} INFO - 25/10/18 07:31:25 INFO FileSourceScanExec: Planning scan with bin packing, max size: 4194304 bytes, open cost is considered as scanning 4194304 bytes.
[2025-10-18T07:31:25.703+0000] {subprocess.py:106} INFO - 25/10/18 07:31:25 INFO DAGScheduler: Registering RDD 7 (count at <unknown>:0) as input to shuffle 0
[2025-10-18T07:31:25.711+0000] {subprocess.py:106} INFO - 25/10/18 07:31:25 INFO DAGScheduler: Got map stage job 2 (count at <unknown>:0) with 1 output partitions
[2025-10-18T07:31:25.714+0000] {subprocess.py:106} INFO - 25/10/18 07:31:25 INFO DAGScheduler: Final stage: ShuffleMapStage 2 (count at <unknown>:0)
[2025-10-18T07:31:25.716+0000] {subprocess.py:106} INFO - 25/10/18 07:31:25 INFO DAGScheduler: Parents of final stage: List()
[2025-10-18T07:31:25.720+0000] {subprocess.py:106} INFO - 25/10/18 07:31:25 INFO DAGScheduler: Missing parents: List()
[2025-10-18T07:31:25.724+0000] {subprocess.py:106} INFO - 25/10/18 07:31:25 INFO DAGScheduler: Submitting ShuffleMapStage 2 (MapPartitionsRDD[7] at count at <unknown>:0), which has no missing parents
[2025-10-18T07:31:25.792+0000] {subprocess.py:106} INFO - 25/10/18 07:31:25 INFO MemoryStore: Block broadcast_4 stored as values in memory (estimated size 18.2 KiB, free 434.2 MiB)
[2025-10-18T07:31:25.798+0000] {subprocess.py:106} INFO - 25/10/18 07:31:25 INFO MemoryStore: Block broadcast_4_piece0 stored as bytes in memory (estimated size 9.0 KiB, free 434.1 MiB)
[2025-10-18T07:31:25.801+0000] {subprocess.py:106} INFO - 25/10/18 07:31:25 INFO BlockManagerInfo: Added broadcast_4_piece0 in memory on 5e29bbedee46:43381 (size: 9.0 KiB, free: 434.4 MiB)
[2025-10-18T07:31:25.802+0000] {subprocess.py:106} INFO - 25/10/18 07:31:25 INFO SparkContext: Created broadcast 4 from broadcast at DAGScheduler.scala:1585
[2025-10-18T07:31:25.806+0000] {subprocess.py:106} INFO - 25/10/18 07:31:25 INFO DAGScheduler: Submitting 1 missing tasks from ShuffleMapStage 2 (MapPartitionsRDD[7] at count at <unknown>:0) (first 15 tasks are for partitions Vector(0))
[2025-10-18T07:31:25.806+0000] {subprocess.py:106} INFO - 25/10/18 07:31:25 INFO TaskSchedulerImpl: Adding task set 2.0 with 1 tasks resource profile 0
[2025-10-18T07:31:25.819+0000] {subprocess.py:106} INFO - 25/10/18 07:31:25 INFO TaskSetManager: Starting task 0.0 in stage 2.0 (TID 2) (172.30.0.8, executor 0, partition 0, ANY, 9634 bytes)
[2025-10-18T07:31:25.876+0000] {subprocess.py:106} INFO - 25/10/18 07:31:25 INFO BlockManagerInfo: Added broadcast_4_piece0 in memory on 172.30.0.8:39971 (size: 9.0 KiB, free: 434.4 MiB)
[2025-10-18T07:31:27.686+0000] {subprocess.py:106} INFO - 25/10/18 07:31:27 INFO BlockManagerInfo: Added broadcast_3_piece0 in memory on 172.30.0.8:39971 (size: 34.9 KiB, free: 434.4 MiB)
[2025-10-18T07:31:28.325+0000] {subprocess.py:106} INFO - 25/10/18 07:31:28 INFO TaskSetManager: Finished task 0.0 in stage 2.0 (TID 2) in 2507 ms on 172.30.0.8 (executor 0) (1/1)
[2025-10-18T07:31:28.344+0000] {subprocess.py:106} INFO - 25/10/18 07:31:28 INFO TaskSchedulerImpl: Removed TaskSet 2.0, whose tasks have all completed, from pool
[2025-10-18T07:31:28.356+0000] {subprocess.py:106} INFO - 25/10/18 07:31:28 INFO DAGScheduler: ShuffleMapStage 2 (count at <unknown>:0) finished in 2.591 s
[2025-10-18T07:31:28.363+0000] {subprocess.py:106} INFO - 25/10/18 07:31:28 INFO DAGScheduler: looking for newly runnable stages
[2025-10-18T07:31:28.366+0000] {subprocess.py:106} INFO - 25/10/18 07:31:28 INFO DAGScheduler: running: Set()
[2025-10-18T07:31:28.373+0000] {subprocess.py:106} INFO - 25/10/18 07:31:28 INFO DAGScheduler: waiting: Set()
[2025-10-18T07:31:28.375+0000] {subprocess.py:106} INFO - 25/10/18 07:31:28 INFO DAGScheduler: failed: Set()
[2025-10-18T07:31:28.563+0000] {subprocess.py:106} INFO - 25/10/18 07:31:28 INFO CodeGenerator: Code generated in 67.266908 ms
[2025-10-18T07:31:28.628+0000] {subprocess.py:106} INFO - 25/10/18 07:31:28 INFO SparkContext: Starting job: count at <unknown>:0
[2025-10-18T07:31:28.652+0000] {subprocess.py:106} INFO - 25/10/18 07:31:28 INFO DAGScheduler: Got job 3 (count at <unknown>:0) with 1 output partitions
[2025-10-18T07:31:28.665+0000] {subprocess.py:106} INFO - 25/10/18 07:31:28 INFO DAGScheduler: Final stage: ResultStage 4 (count at <unknown>:0)
[2025-10-18T07:31:28.672+0000] {subprocess.py:106} INFO - 25/10/18 07:31:28 INFO DAGScheduler: Parents of final stage: List(ShuffleMapStage 3)
[2025-10-18T07:31:28.682+0000] {subprocess.py:106} INFO - 25/10/18 07:31:28 INFO DAGScheduler: Missing parents: List()
[2025-10-18T07:31:28.693+0000] {subprocess.py:106} INFO - 25/10/18 07:31:28 INFO DAGScheduler: Submitting ResultStage 4 (MapPartitionsRDD[10] at count at <unknown>:0), which has no missing parents
[2025-10-18T07:31:28.698+0000] {subprocess.py:106} INFO - 25/10/18 07:31:28 INFO MemoryStore: Block broadcast_5 stored as values in memory (estimated size 12.5 KiB, free 434.1 MiB)
[2025-10-18T07:31:28.752+0000] {subprocess.py:106} INFO - 25/10/18 07:31:28 INFO MemoryStore: Block broadcast_5_piece0 stored as bytes in memory (estimated size 5.9 KiB, free 434.1 MiB)
[2025-10-18T07:31:28.757+0000] {subprocess.py:106} INFO - 25/10/18 07:31:28 INFO BlockManagerInfo: Added broadcast_5_piece0 in memory on 5e29bbedee46:43381 (size: 5.9 KiB, free: 434.4 MiB)
[2025-10-18T07:31:28.767+0000] {subprocess.py:106} INFO - 25/10/18 07:31:28 INFO SparkContext: Created broadcast 5 from broadcast at DAGScheduler.scala:1585
[2025-10-18T07:31:28.786+0000] {subprocess.py:106} INFO - 25/10/18 07:31:28 INFO DAGScheduler: Submitting 1 missing tasks from ResultStage 4 (MapPartitionsRDD[10] at count at <unknown>:0) (first 15 tasks are for partitions Vector(0))
[2025-10-18T07:31:28.795+0000] {subprocess.py:106} INFO - 25/10/18 07:31:28 INFO TaskSchedulerImpl: Adding task set 4.0 with 1 tasks resource profile 0
[2025-10-18T07:31:28.813+0000] {subprocess.py:106} INFO - 25/10/18 07:31:28 INFO TaskSetManager: Starting task 0.0 in stage 4.0 (TID 3) (172.30.0.8, executor 0, partition 0, NODE_LOCAL, 9003 bytes)
[2025-10-18T07:31:28.910+0000] {subprocess.py:106} INFO - 25/10/18 07:31:28 INFO BlockManagerInfo: Added broadcast_5_piece0 in memory on 172.30.0.8:39971 (size: 5.9 KiB, free: 434.4 MiB)
[2025-10-18T07:31:29.051+0000] {subprocess.py:106} INFO - 25/10/18 07:31:29 INFO MapOutputTrackerMasterEndpoint: Asked to send map output locations for shuffle 0 to 172.30.0.8:56702
[2025-10-18T07:31:29.565+0000] {subprocess.py:106} INFO - 25/10/18 07:31:29 INFO TaskSetManager: Finished task 0.0 in stage 4.0 (TID 3) in 809 ms on 172.30.0.8 (executor 0) (1/1)
[2025-10-18T07:31:29.567+0000] {subprocess.py:106} INFO - 25/10/18 07:31:29 INFO TaskSchedulerImpl: Removed TaskSet 4.0, whose tasks have all completed, from pool
[2025-10-18T07:31:29.571+0000] {subprocess.py:106} INFO - 25/10/18 07:31:29 INFO DAGScheduler: ResultStage 4 (count at <unknown>:0) finished in 0.890 s
[2025-10-18T07:31:29.571+0000] {subprocess.py:106} INFO - 25/10/18 07:31:29 INFO DAGScheduler: Job 3 is finished. Cancelling potential speculative or zombie tasks for this job
[2025-10-18T07:31:29.572+0000] {subprocess.py:106} INFO - 25/10/18 07:31:29 INFO TaskSchedulerImpl: Killing all running tasks in stage 4: Stage finished
[2025-10-18T07:31:29.586+0000] {subprocess.py:106} INFO - 25/10/18 07:31:29 INFO DAGScheduler: Job 3 finished: count at <unknown>:0, took 0.956636 s
[2025-10-18T07:31:29.597+0000] {subprocess.py:106} INFO -  Raw data loaded successfully: 1000 rows
[2025-10-18T07:31:29.607+0000] {subprocess.py:106} INFO - root
[2025-10-18T07:31:29.608+0000] {subprocess.py:106} INFO -  |-- customer_id: integer (nullable = true)
[2025-10-18T07:31:29.608+0000] {subprocess.py:106} INFO -  |-- order_date: date (nullable = true)
[2025-10-18T07:31:29.609+0000] {subprocess.py:106} INFO -  |-- product_id: integer (nullable = true)
[2025-10-18T07:31:29.609+0000] {subprocess.py:106} INFO -  |-- category_id: integer (nullable = true)
[2025-10-18T07:31:29.610+0000] {subprocess.py:106} INFO -  |-- category_name: string (nullable = true)
[2025-10-18T07:31:29.610+0000] {subprocess.py:106} INFO -  |-- product_name: string (nullable = true)
[2025-10-18T07:31:29.612+0000] {subprocess.py:106} INFO -  |-- quantity: integer (nullable = true)
[2025-10-18T07:31:29.613+0000] {subprocess.py:106} INFO -  |-- price: double (nullable = true)
[2025-10-18T07:31:29.621+0000] {subprocess.py:106} INFO -  |-- payment_method: string (nullable = true)
[2025-10-18T07:31:29.625+0000] {subprocess.py:106} INFO -  |-- city: string (nullable = true)
[2025-10-18T07:31:29.639+0000] {subprocess.py:106} INFO -  |-- review_score: double (nullable = true)
[2025-10-18T07:31:29.657+0000] {subprocess.py:106} INFO -  |-- gender: string (nullable = true)
[2025-10-18T07:31:29.662+0000] {subprocess.py:106} INFO -  |-- age: integer (nullable = true)
[2025-10-18T07:31:29.663+0000] {subprocess.py:106} INFO - 
[2025-10-18T07:31:30.151+0000] {subprocess.py:106} INFO - 25/10/18 07:31:30 INFO CatalogUtil: Loading custom FileIO implementation: org.apache.iceberg.hadoop.HadoopFileIO
[2025-10-18T07:31:30.551+0000] {subprocess.py:106} INFO - 25/10/18 07:31:30 INFO HiveConf: Found configuration file null
[2025-10-18T07:31:31.278+0000] {subprocess.py:106} INFO - 25/10/18 07:31:31 INFO metastore: Trying to connect to metastore with URI thrift://hive-metastore:9083
[2025-10-18T07:31:31.336+0000] {subprocess.py:106} INFO - 25/10/18 07:31:31 INFO metastore: Opened a connection to metastore, current connections: 1
[2025-10-18T07:31:31.465+0000] {subprocess.py:106} INFO - 25/10/18 07:31:31 INFO metastore: Connected to metastore.
[2025-10-18T07:31:32.979+0000] {subprocess.py:106} INFO - 25/10/18 07:31:32 INFO BaseMetastoreTableOperations: Refreshing table metadata from new version: hdfs://tuankiet170-master:9000/data_lake/warehouse/bronze.db/online_retail_raw/metadata/00000-c07125ff-1b39-4f7a-a1bc-aba211af87e7.metadata.json
[2025-10-18T07:31:33.092+0000] {subprocess.py:106} INFO - 25/10/18 07:31:33 INFO BlockManagerInfo: Removed broadcast_5_piece0 on 172.30.0.8:39971 in memory (size: 5.9 KiB, free: 434.4 MiB)
[2025-10-18T07:31:33.099+0000] {subprocess.py:106} INFO - 25/10/18 07:31:33 INFO BlockManagerInfo: Removed broadcast_5_piece0 on 5e29bbedee46:43381 in memory (size: 5.9 KiB, free: 434.4 MiB)
[2025-10-18T07:31:33.171+0000] {subprocess.py:106} INFO - 25/10/18 07:31:33 INFO BlockManagerInfo: Removed broadcast_3_piece0 on 5e29bbedee46:43381 in memory (size: 34.9 KiB, free: 434.4 MiB)
[2025-10-18T07:31:33.180+0000] {subprocess.py:106} INFO - 25/10/18 07:31:33 INFO BlockManagerInfo: Removed broadcast_3_piece0 on 172.30.0.8:39971 in memory (size: 34.9 KiB, free: 434.4 MiB)
[2025-10-18T07:31:33.202+0000] {subprocess.py:106} INFO - 25/10/18 07:31:33 INFO BlockManagerInfo: Removed broadcast_4_piece0 on 5e29bbedee46:43381 in memory (size: 9.0 KiB, free: 434.4 MiB)
[2025-10-18T07:31:33.207+0000] {subprocess.py:106} INFO - 25/10/18 07:31:33 INFO BlockManagerInfo: Removed broadcast_4_piece0 on 172.30.0.8:39971 in memory (size: 9.0 KiB, free: 434.4 MiB)
[2025-10-18T07:31:34.313+0000] {subprocess.py:106} INFO - 25/10/18 07:31:34 INFO BaseMetastoreCatalog: Table loaded by catalog: hive_catalog.bronze.online_retail_raw
[2025-10-18T07:31:39.904+0000] {subprocess.py:106} INFO - 25/10/18 07:31:39 INFO HiveCatalog: Dropped table: bronze.online_retail_raw
[2025-10-18T07:31:39.908+0000] {subprocess.py:106} INFO -  Old table dropped (if existed)
[2025-10-18T07:31:35.922+0000] {subprocess.py:106} INFO - 25/10/18 07:31:35 INFO BaseMetastoreCatalog: Table properties set at catalog level through catalog properties: {}
[2025-10-18T07:31:35.938+0000] {subprocess.py:106} INFO - 25/10/18 07:31:35 INFO BaseMetastoreCatalog: Table properties enforced at catalog level through catalog properties: {}
[2025-10-18T07:31:43.059+0000] {subprocess.py:106} INFO - 25/10/18 07:31:43 INFO SparkWrite: Requesting 0 bytes advisory partition size for table bronze.online_retail_raw
[2025-10-18T07:31:43.060+0000] {subprocess.py:106} INFO - 25/10/18 07:31:43 INFO SparkWrite: Requesting UnspecifiedDistribution as write distribution for table bronze.online_retail_raw
[2025-10-18T07:31:43.067+0000] {subprocess.py:106} INFO - 25/10/18 07:31:43 INFO SparkWrite: Requesting [] as write ordering for table bronze.online_retail_raw
[2025-10-18T07:31:43.085+0000] {subprocess.py:106} INFO - 25/10/18 07:31:43 INFO FileSourceStrategy: Pushed Filters:
[2025-10-18T07:31:43.086+0000] {subprocess.py:106} INFO - 25/10/18 07:31:43 INFO FileSourceStrategy: Post-Scan Filters:
[2025-10-18T07:31:43.102+0000] {subprocess.py:106} INFO - 25/10/18 07:31:43 INFO MemoryStore: Block broadcast_6 stored as values in memory (estimated size 202.2 KiB, free 434.2 MiB)
[2025-10-18T07:31:43.116+0000] {subprocess.py:106} INFO - 25/10/18 07:31:43 INFO MemoryStore: Block broadcast_6_piece0 stored as bytes in memory (estimated size 34.9 KiB, free 434.2 MiB)
[2025-10-18T07:31:43.121+0000] {subprocess.py:106} INFO - 25/10/18 07:31:43 INFO BlockManagerInfo: Added broadcast_6_piece0 in memory on 5e29bbedee46:43381 (size: 34.9 KiB, free: 434.4 MiB)
[2025-10-18T07:31:43.126+0000] {subprocess.py:106} INFO - 25/10/18 07:31:43 INFO SparkContext: Created broadcast 6 from create at <unknown>:0
[2025-10-18T07:31:43.127+0000] {subprocess.py:106} INFO - 25/10/18 07:31:43 INFO FileSourceScanExec: Planning scan with bin packing, max size: 4194304 bytes, open cost is considered as scanning 4194304 bytes.
[2025-10-18T07:31:43.146+0000] {subprocess.py:106} INFO - 25/10/18 07:31:43 INFO MemoryStore: Block broadcast_7 stored as values in memory (estimated size 32.0 KiB, free 434.1 MiB)
[2025-10-18T07:31:43.180+0000] {subprocess.py:106} INFO - 25/10/18 07:31:43 INFO MemoryStore: Block broadcast_7_piece0 stored as bytes in memory (estimated size 29.3 KiB, free 434.1 MiB)
[2025-10-18T07:31:43.182+0000] {subprocess.py:106} INFO - 25/10/18 07:31:43 INFO BlockManagerInfo: Added broadcast_7_piece0 in memory on 5e29bbedee46:43381 (size: 29.3 KiB, free: 434.3 MiB)
[2025-10-18T07:31:43.184+0000] {subprocess.py:106} INFO - 25/10/18 07:31:43 INFO SparkContext: Created broadcast 7 from broadcast at SparkWrite.java:193
[2025-10-18T07:31:43.187+0000] {subprocess.py:106} INFO - 25/10/18 07:31:43 INFO AppendDataExec: Start processing data source write support: IcebergBatchWrite(table=bronze.online_retail_raw, format=PARQUET). The input RDD has 1 partitions.
[2025-10-18T07:31:43.206+0000] {subprocess.py:106} INFO - 25/10/18 07:31:43 INFO SparkContext: Starting job: create at <unknown>:0
[2025-10-18T07:31:43.209+0000] {subprocess.py:106} INFO - 25/10/18 07:31:43 INFO DAGScheduler: Got job 4 (create at <unknown>:0) with 1 output partitions
[2025-10-18T07:31:43.210+0000] {subprocess.py:106} INFO - 25/10/18 07:31:43 INFO DAGScheduler: Final stage: ResultStage 5 (create at <unknown>:0)
[2025-10-18T07:31:43.211+0000] {subprocess.py:106} INFO - 25/10/18 07:31:43 INFO DAGScheduler: Parents of final stage: List()
[2025-10-18T07:31:43.212+0000] {subprocess.py:106} INFO - 25/10/18 07:31:43 INFO DAGScheduler: Missing parents: List()
[2025-10-18T07:31:43.213+0000] {subprocess.py:106} INFO - 25/10/18 07:31:43 INFO DAGScheduler: Submitting ResultStage 5 (MapPartitionsRDD[12] at create at <unknown>:0), which has no missing parents
[2025-10-18T07:31:43.216+0000] {subprocess.py:106} INFO - 25/10/18 07:31:43 INFO MemoryStore: Block broadcast_8 stored as values in memory (estimated size 15.2 KiB, free 434.1 MiB)
[2025-10-18T07:31:43.223+0000] {subprocess.py:106} INFO - 25/10/18 07:31:43 INFO MemoryStore: Block broadcast_8_piece0 stored as bytes in memory (estimated size 7.8 KiB, free 434.1 MiB)
[2025-10-18T07:31:43.227+0000] {subprocess.py:106} INFO - 25/10/18 07:31:43 INFO BlockManagerInfo: Added broadcast_8_piece0 in memory on 5e29bbedee46:43381 (size: 7.8 KiB, free: 434.3 MiB)
[2025-10-18T07:31:43.229+0000] {subprocess.py:106} INFO - 25/10/18 07:31:43 INFO SparkContext: Created broadcast 8 from broadcast at DAGScheduler.scala:1585
[2025-10-18T07:31:43.230+0000] {subprocess.py:106} INFO - 25/10/18 07:31:43 INFO DAGScheduler: Submitting 1 missing tasks from ResultStage 5 (MapPartitionsRDD[12] at create at <unknown>:0) (first 15 tasks are for partitions Vector(0))
[2025-10-18T07:31:43.230+0000] {subprocess.py:106} INFO - 25/10/18 07:31:43 INFO TaskSchedulerImpl: Adding task set 5.0 with 1 tasks resource profile 0
[2025-10-18T07:31:43.231+0000] {subprocess.py:106} INFO - 25/10/18 07:31:43 INFO TaskSetManager: Starting task 0.0 in stage 5.0 (TID 4) (172.30.0.8, executor 0, partition 0, ANY, 9645 bytes)
[2025-10-18T07:31:43.253+0000] {subprocess.py:106} INFO - 25/10/18 07:31:43 INFO BlockManagerInfo: Added broadcast_8_piece0 in memory on 172.30.0.8:39971 (size: 7.8 KiB, free: 434.4 MiB)
[2025-10-18T07:31:43.344+0000] {subprocess.py:106} INFO - 25/10/18 07:31:43 INFO BlockManagerInfo: Added broadcast_7_piece0 in memory on 172.30.0.8:39971 (size: 29.3 KiB, free: 434.4 MiB)
[2025-10-18T07:31:44.745+0000] {subprocess.py:106} INFO - 25/10/18 07:31:44 INFO BlockManagerInfo: Added broadcast_6_piece0 in memory on 172.30.0.8:39971 (size: 34.9 KiB, free: 434.3 MiB)
[2025-10-18T07:31:46.796+0000] {subprocess.py:106} INFO - 25/10/18 07:31:46 INFO TaskSetManager: Finished task 0.0 in stage 5.0 (TID 4) in 3557 ms on 172.30.0.8 (executor 0) (1/1)
[2025-10-18T07:31:46.798+0000] {subprocess.py:106} INFO - 25/10/18 07:31:46 INFO TaskSchedulerImpl: Removed TaskSet 5.0, whose tasks have all completed, from pool
[2025-10-18T07:31:46.806+0000] {subprocess.py:106} INFO - 25/10/18 07:31:46 INFO DAGScheduler: ResultStage 5 (create at <unknown>:0) finished in 3.575 s
[2025-10-18T07:31:46.807+0000] {subprocess.py:106} INFO - 25/10/18 07:31:46 INFO DAGScheduler: Job 4 is finished. Cancelling potential speculative or zombie tasks for this job
[2025-10-18T07:31:46.808+0000] {subprocess.py:106} INFO - 25/10/18 07:31:46 INFO TaskSchedulerImpl: Killing all running tasks in stage 5: Stage finished
[2025-10-18T07:31:46.809+0000] {subprocess.py:106} INFO - 25/10/18 07:31:46 INFO DAGScheduler: Job 4 finished: create at <unknown>:0, took 3.582764 s
[2025-10-18T07:31:46.810+0000] {subprocess.py:106} INFO - 25/10/18 07:31:46 INFO AppendDataExec: Data source write support IcebergBatchWrite(table=bronze.online_retail_raw, format=PARQUET) is committing.
[2025-10-18T07:31:46.869+0000] {subprocess.py:106} INFO - 25/10/18 07:31:46 INFO SparkWrite: Committing append with 1 new data files to table bronze.online_retail_raw
[2025-10-18T07:31:47.670+0000] {subprocess.py:106} INFO - 25/10/18 07:31:47 INFO SnapshotProducer: Committed snapshot 598950069468709548 (MergeAppend)
[2025-10-18T07:31:47.787+0000] {subprocess.py:106} INFO - 25/10/18 07:31:47 INFO LoggingMetricsReporter: Received metrics report: CommitReport{tableName=bronze.online_retail_raw, snapshotId=598950069468709548, sequenceNumber=1, operation=append, commitMetrics=CommitMetricsResult{totalDuration=TimerResult{timeUnit=NANOSECONDS, totalDuration=PT0.867032917S, count=1}, attempts=CounterResult{unit=COUNT, value=1}, addedDataFiles=CounterResult{unit=COUNT, value=1}, removedDataFiles=null, totalDataFiles=CounterResult{unit=COUNT, value=1}, addedDeleteFiles=null, addedEqualityDeleteFiles=null, addedPositionalDeleteFiles=null, removedDeleteFiles=null, removedEqualityDeleteFiles=null, removedPositionalDeleteFiles=null, totalDeleteFiles=CounterResult{unit=COUNT, value=0}, addedRecords=CounterResult{unit=COUNT, value=1000}, removedRecords=null, totalRecords=CounterResult{unit=COUNT, value=1000}, addedFilesSizeInBytes=CounterResult{unit=BYTES, value=24490}, removedFilesSizeInBytes=null, totalFilesSizeInBytes=CounterResult{unit=BYTES, value=24490}, addedPositionalDeletes=null, removedPositionalDeletes=null, totalPositionalDeletes=CounterResult{unit=COUNT, value=0}, addedEqualityDeletes=null, removedEqualityDeletes=null, totalEqualityDeletes=CounterResult{unit=COUNT, value=0}}, metadata={engine-version=3.5.3, app-id=app-20251018073104-0000, engine-name=spark, iceberg-version=Apache Iceberg 1.6.1 (commit 8e9d59d299be42b0bca9461457cd1e95dbaad086)}}
[2025-10-18T07:31:47.789+0000] {subprocess.py:106} INFO - 25/10/18 07:31:47 INFO SparkWrite: Committed in 920 ms
[2025-10-18T07:31:47.798+0000] {subprocess.py:106} INFO - 25/10/18 07:31:47 INFO AppendDataExec: Data source write support IcebergBatchWrite(table=bronze.online_retail_raw, format=PARQUET) committed.
[2025-10-18T07:31:49.520+0000] {subprocess.py:106} INFO - 25/10/18 07:31:49 INFO HiveTableOperations: Committed to table hive_catalog.bronze.online_retail_raw with the new metadata location hdfs://tuankiet170-master:9000/data_lake/warehouse/bronze.db/online_retail_raw/metadata/00000-0fb00935-7691-4fe3-8785-5d87a0bd511c.metadata.json
[2025-10-18T07:31:49.525+0000] {subprocess.py:106} INFO - 25/10/18 07:31:49 INFO BaseMetastoreTableOperations: Successfully committed to table hive_catalog.bronze.online_retail_raw in 1726 ms
[2025-10-18T07:31:49.527+0000] {subprocess.py:106} INFO -  Iceberg table created fresh: hive_catalog.bronze.online_retail_raw
[2025-10-18T07:31:50.063+0000] {subprocess.py:106} INFO - 25/10/18 07:31:50 INFO BlockManagerInfo: Removed broadcast_8_piece0 on 5e29bbedee46:43381 in memory (size: 7.8 KiB, free: 434.3 MiB)
[2025-10-18T07:31:50.064+0000] {subprocess.py:106} INFO - 25/10/18 07:31:50 INFO BlockManagerInfo: Removed broadcast_8_piece0 on 172.30.0.8:39971 in memory (size: 7.8 KiB, free: 434.3 MiB)
[2025-10-18T07:31:50.084+0000] {subprocess.py:106} INFO - 25/10/18 07:31:50 INFO BlockManagerInfo: Removed broadcast_7_piece0 on 5e29bbedee46:43381 in memory (size: 29.3 KiB, free: 434.4 MiB)
[2025-10-18T07:31:50.094+0000] {subprocess.py:106} INFO - 25/10/18 07:31:50 INFO BlockManagerInfo: Removed broadcast_7_piece0 on 172.30.0.8:39971 in memory (size: 29.3 KiB, free: 434.4 MiB)
[2025-10-18T07:31:50.107+0000] {subprocess.py:106} INFO - 25/10/18 07:31:50 INFO BlockManagerInfo: Removed broadcast_6_piece0 on 5e29bbedee46:43381 in memory (size: 34.9 KiB, free: 434.4 MiB)
[2025-10-18T07:31:50.108+0000] {subprocess.py:106} INFO - 25/10/18 07:31:50 INFO BlockManagerInfo: Removed broadcast_6_piece0 on 172.30.0.8:39971 in memory (size: 34.9 KiB, free: 434.4 MiB)
[2025-10-18T07:31:51.729+0000] {subprocess.py:106} INFO - 25/10/18 07:31:51 INFO CodeGenerator: Code generated in 98.808812 ms
[2025-10-18T07:31:51.921+0000] {subprocess.py:106} INFO - 25/10/18 07:31:51 INFO CodeGenerator: Code generated in 15.452464 ms
[2025-10-18T07:31:51.964+0000] {subprocess.py:106} INFO - 25/10/18 07:31:51 INFO CodeGenerator: Code generated in 17.211417 ms
[2025-10-18T07:31:51.988+0000] {subprocess.py:106} INFO - +---------+-----------------+-----------+
[2025-10-18T07:31:51.988+0000] {subprocess.py:106} INFO - |namespace|        tableName|isTemporary|
[2025-10-18T07:31:51.989+0000] {subprocess.py:106} INFO - +---------+-----------------+-----------+
[2025-10-18T07:31:51.990+0000] {subprocess.py:106} INFO - |   bronze|online_retail_raw|      false|
[2025-10-18T07:31:51.992+0000] {subprocess.py:106} INFO - +---------+-----------------+-----------+
[2025-10-18T07:31:51.993+0000] {subprocess.py:106} INFO - 
[2025-10-18T07:31:52.087+0000] {subprocess.py:106} INFO - 25/10/18 07:31:52 INFO BaseMetastoreTableOperations: Refreshing table metadata from new version: hdfs://tuankiet170-master:9000/data_lake/warehouse/bronze.db/online_retail_raw/metadata/00000-0fb00935-7691-4fe3-8785-5d87a0bd511c.metadata.json
[2025-10-18T07:31:52.127+0000] {subprocess.py:106} INFO - 25/10/18 07:31:52 INFO BaseMetastoreCatalog: Table loaded by catalog: hive_catalog.bronze.online_retail_raw
[2025-10-18T07:31:52.405+0000] {subprocess.py:106} INFO - 25/10/18 07:31:52 INFO V2ScanRelationPushDown:
[2025-10-18T07:31:52.406+0000] {subprocess.py:106} INFO - Output: customer_id#112, order_date#113, product_id#114, category_id#115, category_name#116, product_name#117, quantity#118, price#119, payment_method#120, city#121, review_score#122, gender#123, age#124
[2025-10-18T07:31:52.407+0000] {subprocess.py:106} INFO - 
[2025-10-18T07:31:52.438+0000] {subprocess.py:106} INFO - 25/10/18 07:31:52 INFO SnapshotScan: Scanning table hive_catalog.bronze.online_retail_raw snapshot 598950069468709548 created at 2025-10-18T07:31:47.653+00:00 with filter true
[2025-10-18T07:31:52.493+0000] {subprocess.py:106} INFO - 25/10/18 07:31:52 INFO BaseDistributedDataScan: Planning file tasks locally for table hive_catalog.bronze.online_retail_raw
[2025-10-18T07:31:52.650+0000] {subprocess.py:106} INFO - 25/10/18 07:31:52 INFO SparkPartitioningAwareScan: Reporting UnknownPartitioning with 1 partition(s) for table hive_catalog.bronze.online_retail_raw
[2025-10-18T07:31:52.689+0000] {subprocess.py:106} INFO - 25/10/18 07:31:52 INFO MemoryStore: Block broadcast_9 stored as values in memory (estimated size 32.0 KiB, free 434.4 MiB)
[2025-10-18T07:31:52.699+0000] {subprocess.py:106} INFO - 25/10/18 07:31:52 INFO MemoryStore: Block broadcast_9_piece0 stored as bytes in memory (estimated size 29.6 KiB, free 434.3 MiB)
[2025-10-18T07:31:52.703+0000] {subprocess.py:106} INFO - 25/10/18 07:31:52 INFO BlockManagerInfo: Added broadcast_9_piece0 in memory on 5e29bbedee46:43381 (size: 29.6 KiB, free: 434.4 MiB)
[2025-10-18T07:31:52.705+0000] {subprocess.py:106} INFO - 25/10/18 07:31:52 INFO SparkContext: Created broadcast 9 from broadcast at SparkBatch.java:79
[2025-10-18T07:31:52.746+0000] {subprocess.py:106} INFO - 25/10/18 07:31:52 INFO MemoryStore: Block broadcast_10 stored as values in memory (estimated size 32.0 KiB, free 434.3 MiB)
[2025-10-18T07:31:52.751+0000] {subprocess.py:106} INFO - 25/10/18 07:31:52 INFO MemoryStore: Block broadcast_10_piece0 stored as bytes in memory (estimated size 29.6 KiB, free 434.3 MiB)
[2025-10-18T07:31:52.753+0000] {subprocess.py:106} INFO - 25/10/18 07:31:52 INFO BlockManagerInfo: Added broadcast_10_piece0 in memory on 5e29bbedee46:43381 (size: 29.6 KiB, free: 434.3 MiB)
[2025-10-18T07:31:52.754+0000] {subprocess.py:106} INFO - 25/10/18 07:31:52 INFO SparkContext: Created broadcast 10 from broadcast at SparkBatch.java:79
[2025-10-18T07:31:52.980+0000] {subprocess.py:106} INFO - 25/10/18 07:31:52 INFO CodeGenerator: Code generated in 72.176849 ms
[2025-10-18T07:31:53.034+0000] {subprocess.py:106} INFO - 25/10/18 07:31:53 INFO SparkContext: Starting job: showString at <unknown>:0
[2025-10-18T07:31:53.039+0000] {subprocess.py:106} INFO - 25/10/18 07:31:53 INFO DAGScheduler: Got job 5 (showString at <unknown>:0) with 1 output partitions
[2025-10-18T07:31:53.041+0000] {subprocess.py:106} INFO - 25/10/18 07:31:53 INFO DAGScheduler: Final stage: ResultStage 6 (showString at <unknown>:0)
[2025-10-18T07:31:53.042+0000] {subprocess.py:106} INFO - 25/10/18 07:31:53 INFO DAGScheduler: Parents of final stage: List()
[2025-10-18T07:31:53.042+0000] {subprocess.py:106} INFO - 25/10/18 07:31:53 INFO DAGScheduler: Missing parents: List()
[2025-10-18T07:31:53.043+0000] {subprocess.py:106} INFO - 25/10/18 07:31:53 INFO DAGScheduler: Submitting ResultStage 6 (MapPartitionsRDD[16] at showString at <unknown>:0), which has no missing parents
[2025-10-18T07:31:53.051+0000] {subprocess.py:106} INFO - 25/10/18 07:31:53 INFO MemoryStore: Block broadcast_11 stored as values in memory (estimated size 21.7 KiB, free 434.3 MiB)
[2025-10-18T07:31:53.059+0000] {subprocess.py:106} INFO - 25/10/18 07:31:53 INFO MemoryStore: Block broadcast_11_piece0 stored as bytes in memory (estimated size 7.0 KiB, free 434.3 MiB)
[2025-10-18T07:31:53.063+0000] {subprocess.py:106} INFO - 25/10/18 07:31:53 INFO BlockManagerInfo: Added broadcast_11_piece0 in memory on 5e29bbedee46:43381 (size: 7.0 KiB, free: 434.3 MiB)
[2025-10-18T07:31:53.064+0000] {subprocess.py:106} INFO - 25/10/18 07:31:53 INFO SparkContext: Created broadcast 11 from broadcast at DAGScheduler.scala:1585
[2025-10-18T07:31:53.065+0000] {subprocess.py:106} INFO - 25/10/18 07:31:53 INFO DAGScheduler: Submitting 1 missing tasks from ResultStage 6 (MapPartitionsRDD[16] at showString at <unknown>:0) (first 15 tasks are for partitions Vector(0))
[2025-10-18T07:31:53.066+0000] {subprocess.py:106} INFO - 25/10/18 07:31:53 INFO TaskSchedulerImpl: Adding task set 6.0 with 1 tasks resource profile 0
[2025-10-18T07:31:53.098+0000] {subprocess.py:106} INFO - 25/10/18 07:31:53 INFO TaskSetManager: Starting task 0.0 in stage 6.0 (TID 5) (172.30.0.8, executor 0, partition 0, ANY, 14527 bytes)
[2025-10-18T07:31:53.190+0000] {subprocess.py:106} INFO - 25/10/18 07:31:53 INFO BlockManagerInfo: Added broadcast_11_piece0 in memory on 172.30.0.8:39971 (size: 7.0 KiB, free: 434.4 MiB)
[2025-10-18T07:31:53.396+0000] {subprocess.py:106} INFO - 25/10/18 07:31:53 INFO BlockManagerInfo: Added broadcast_10_piece0 in memory on 172.30.0.8:39971 (size: 29.6 KiB, free: 434.4 MiB)
[2025-10-18T07:31:54.340+0000] {subprocess.py:106} INFO - 25/10/18 07:31:54 INFO TaskSetManager: Finished task 0.0 in stage 6.0 (TID 5) in 1270 ms on 172.30.0.8 (executor 0) (1/1)
[2025-10-18T07:31:54.346+0000] {subprocess.py:106} INFO - 25/10/18 07:31:54 INFO TaskSchedulerImpl: Removed TaskSet 6.0, whose tasks have all completed, from pool
[2025-10-18T07:31:54.347+0000] {subprocess.py:106} INFO - 25/10/18 07:31:54 INFO DAGScheduler: ResultStage 6 (showString at <unknown>:0) finished in 1.298 s
[2025-10-18T07:31:54.349+0000] {subprocess.py:106} INFO - 25/10/18 07:31:54 INFO DAGScheduler: Job 5 is finished. Cancelling potential speculative or zombie tasks for this job
[2025-10-18T07:31:54.349+0000] {subprocess.py:106} INFO - 25/10/18 07:31:54 INFO TaskSchedulerImpl: Killing all running tasks in stage 6: Stage finished
[2025-10-18T07:31:54.350+0000] {subprocess.py:106} INFO - 25/10/18 07:31:54 INFO DAGScheduler: Job 5 finished: showString at <unknown>:0, took 1.308470 s
[2025-10-18T07:31:54.394+0000] {subprocess.py:106} INFO - 25/10/18 07:31:54 INFO CodeGenerator: Code generated in 32.409298 ms
[2025-10-18T07:31:54.396+0000] {subprocess.py:106} INFO - +-----------+----------+----------+-----------+------------------+------------+--------+------+--------------+--------------+------------+------+---+
[2025-10-18T07:31:54.398+0000] {subprocess.py:106} INFO - |customer_id|order_date|product_id|category_id|     category_name|product_name|quantity| price|payment_method|          city|review_score|gender|age|
[2025-10-18T07:31:54.399+0000] {subprocess.py:106} INFO - +-----------+----------+----------+-----------+------------------+------------+--------+------+--------------+--------------+------------+------+---+
[2025-10-18T07:31:54.400+0000] {subprocess.py:106} INFO - |      13542|2024-12-17|       784|         10|       Electronics|  Smartphone|       2|373.36|   Credit Card|New Oliviaberg|         1.0|     F| 56|
[2025-10-18T07:31:54.404+0000] {subprocess.py:106} INFO - |      23188|2024-06-01|       682|         50| Sports & Outdoors| Soccer Ball|       5|299.34|   Credit Card|  Port Matthew|        NULL|     M| 59|
[2025-10-18T07:31:54.408+0000] {subprocess.py:106} INFO - |      55098|2025-02-04|       684|         50| Sports & Outdoors|        Tent|       5|  23.0|   Credit Card|    West Sarah|         5.0|     F| 64|
[2025-10-18T07:31:54.410+0000] {subprocess.py:106} INFO - |      65208|2024-10-28|       204|         40|Books & Stationery|  Story Book|       2|230.11| Bank Transfer|Hernandezburgh|         5.0|     M| 34|
[2025-10-18T07:31:54.411+0000] {subprocess.py:106} INFO - |      63872|2024-05-10|       202|         20|           Fashion|       Skirt|       4|176.72|   Credit Card|  Jenkinshaven|         1.0|     F| 33|
[2025-10-18T07:31:54.412+0000] {subprocess.py:106} INFO - +-----------+----------+----------+-----------+------------------+------------+--------+------+--------------+--------------+------------+------+---+
[2025-10-18T07:31:54.413+0000] {subprocess.py:106} INFO - 
[2025-10-18T07:31:54.413+0000] {subprocess.py:106} INFO - 25/10/18 07:31:54 INFO SparkContext: SparkContext is stopping with exitCode 0.
[2025-10-18T07:31:54.431+0000] {subprocess.py:106} INFO - 25/10/18 07:31:54 INFO SparkUI: Stopped Spark web UI at http://5e29bbedee46:4040
[2025-10-18T07:31:54.441+0000] {subprocess.py:106} INFO - 25/10/18 07:31:54 INFO StandaloneSchedulerBackend: Shutting down all executors
[2025-10-18T07:31:54.444+0000] {subprocess.py:106} INFO - 25/10/18 07:31:54 INFO StandaloneSchedulerBackend$StandaloneDriverEndpoint: Asking each executor to shut down
[2025-10-18T07:31:54.507+0000] {subprocess.py:106} INFO - 25/10/18 07:31:54 INFO MapOutputTrackerMasterEndpoint: MapOutputTrackerMasterEndpoint stopped!
[2025-10-18T07:31:54.573+0000] {subprocess.py:106} INFO - 25/10/18 07:31:54 INFO MemoryStore: MemoryStore cleared
[2025-10-18T07:31:54.576+0000] {subprocess.py:106} INFO - 25/10/18 07:31:54 INFO BlockManager: BlockManager stopped
[2025-10-18T07:31:54.586+0000] {subprocess.py:106} INFO - 25/10/18 07:31:54 INFO BlockManagerMaster: BlockManagerMaster stopped
[2025-10-18T07:31:54.599+0000] {subprocess.py:106} INFO - 25/10/18 07:31:54 INFO OutputCommitCoordinator$OutputCommitCoordinatorEndpoint: OutputCommitCoordinator stopped!
[2025-10-18T07:31:54.629+0000] {subprocess.py:106} INFO - 25/10/18 07:31:54 INFO SparkContext: Successfully stopped SparkContext
[2025-10-18T07:31:55.103+0000] {subprocess.py:106} INFO - 25/10/18 07:31:55 INFO ShutdownHookManager: Shutdown hook called
[2025-10-18T07:31:55.104+0000] {subprocess.py:106} INFO - 25/10/18 07:31:55 INFO ShutdownHookManager: Deleting directory /tmp/spark-c206f232-61fb-4f5c-885b-db979c0cebe7/pyspark-d0e35ed9-ed7c-465a-980b-0c2de134ebbe
[2025-10-18T07:31:55.109+0000] {subprocess.py:106} INFO - 25/10/18 07:31:55 INFO ShutdownHookManager: Deleting directory /tmp/spark-3e506403-b4ea-4870-99e5-aa60bffcd32d
[2025-10-18T07:31:55.113+0000] {subprocess.py:106} INFO - 25/10/18 07:31:55 INFO ShutdownHookManager: Deleting directory /tmp/spark-c206f232-61fb-4f5c-885b-db979c0cebe7
[2025-10-18T07:31:55.241+0000] {subprocess.py:110} INFO - Command exited with return code 0
[2025-10-18T07:31:55.333+0000] {taskinstance.py:341} INFO - ::group::Post task execution logs
[2025-10-18T07:31:55.334+0000] {taskinstance.py:353} INFO - Marking task as SUCCESS. dag_id=etl_datalake_hive_iceberg, task_id=load_bronze, run_id=scheduled__2025-10-17T00:00:00+00:00, execution_date=20251017T000000, start_date=20251018T073052, end_date=20251018T073155
[2025-10-18T07:31:55.477+0000] {local_task_job_runner.py:266} INFO - Task exited with return code 0
[2025-10-18T07:31:55.584+0000] {taskinstance.py:3901} INFO - 1 downstream tasks scheduled from follow-on schedule check
[2025-10-18T07:31:55.592+0000] {local_task_job_runner.py:245} INFO - ::endgroup::
